2004 13 
1501 20 
1601 17 
1501 20 
1802 15 
1903 14 
1802 15 
2004 13 
1903 14 
1701 16 
1601 17 
1501 20 
1701 16 
1601 17 
1802 15 
1701 16 
1802 15 
1601 17 
1701 16 
1903 14 
2004 13 
1903 14 
2004 13 
1601 17 
1802 15 
1802 15 
1701 16 
1701 16 
1903 14 
1701 16 
1903 14 
1701 16 
1903 14 
1903 14 
1701 16 
1701 16 
1903 14 
1903 14 
1701 16 
1701 16 
1903 14 
1802 15 
1701 16 
1802 15 
1701 16 
1903 14 
1701 16 
1701 16 
1903 14 
1701 16 
1903 14 
1903 14 
1701 16 
1802 15 
1601 17 
1701 16 
1601 17 
1701 16 
1701 16 
1903 14 
1903 14 
1903 14 
1903 14 
2004 13 
1601 17 
1802 15 
1802 15 
1701 16 
1802 15 
1802 15 
1601 17 
1903 14 
1802 15 
1903 14 
1701 16 
1802 15 
1903 14 
1802 15 
1701 16 
1701 16 
1802 15 
1903 14 
1802 15 
2004 13 
1802 15 
2004 13 
1802 15 
1802 15 
2004 13 
1802 15 
1903 14 
1903 14 
1701 16 
1601 17 
1601 17 
1802 15 
1701 16 
2004 13 
1903 14 
2004 13 
