2003 11 
1700 16 
1701 14 
1700 16 
1801 13 
1902 12 
2003 11 
1902 12 
1801 13 
1902 12 
1801 13 
2003 11 
1902 12 
1801 13 
1701 14 
1701 14 
1700 16 
2003 11 
1801 13 
1902 12 
1700 16 
1902 12 
1902 12 
1700 16 
1902 12 
1701 14 
1801 13 
1801 13 
1700 16 
2003 11 
1801 13 
1902 12 
1700 16 
1700 16 
1801 13 
1902 12 
1700 16 
2003 11 
1902 12 
1902 12 
1902 12 
1801 13 
1701 14 
1801 13 
1902 12 
1801 13 
1902 12 
1701 14 
1700 16 
1700 16 
1700 16 
1801 13 
1902 12 
1801 13 
1700 16 
1801 13 
1801 13 
1801 13 
2003 11 
1700 16 
1700 16 
1801 13 
1700 16 
1801 13 
1700 16 
1801 13 
1701 14 
1902 12 
1801 13 
1700 16 
1902 12 
1700 16 
1902 12 
1700 16 
1801 13 
1801 13 
2003 11 
1902 12 
1700 16 
1700 16 
1801 13 
1902 12 
1700 16 
1700 16 
1700 16 
1701 14 
1902 12 
1801 13 
1801 13 
2003 11 
1902 12 
1902 12 
1700 16 
1701 14 
1902 12 
1801 13 
1902 12 
2003 11 
1801 13 
2003 11 
