1400 20 
1601 12 
1500 13 
1400 20 
1601 12 
1500 13 
1400 20 
1500 13 
1601 12 
1500 13 
1601 12 
1500 13 
1601 12 
1500 13 
1500 13 
1500 13 
1500 13 
1500 13 
1500 13 
1500 13 
1500 13 
1500 13 
1500 13 
1601 12 
1500 13 
1500 13 
1500 13 
1500 13 
1500 13 
1601 12 
1500 13 
1601 12 
1601 12 
1500 13 
1601 12 
1500 13 
1500 13 
1500 13 
1500 13 
1601 12 
1601 12 
1500 13 
1500 13 
1601 12 
1601 12 
1500 13 
1500 13 
1601 12 
1601 12 
1601 12 
1500 13 
1601 12 
1500 13 
1500 13 
1500 13 
1601 12 
1500 13 
1601 12 
1500 13 
1500 13 
1500 13 
1601 12 
1601 12 
1500 13 
1601 12 
1500 13 
1500 13 
1500 13 
1500 13 
1500 13 
1500 13 
1500 13 
1500 13 
1500 13 
1500 13 
1500 13 
1500 13 
1500 13 
1500 13 
1500 13 
1500 13 
1601 12 
1601 12 
1500 13 
1500 13 
1500 13 
1601 12 
1601 12 
1500 13 
1601 12 
1601 12 
1400 20 
1500 13 
1500 13 
1500 13 
1601 12 
1601 12 
1500 13 
1601 12 
1500 13 
