1803 14 
1500 18 
1803 14 
1601 16 
1702 15 
1702 15 
1500 18 
1600 17 
1601 16 
1702 15 
1600 17 
1500 18 
1702 15 
1600 17 
1803 14 
1601 16 
1600 17 
1601 16 
1803 14 
1803 14 
1803 14 
1803 14 
1601 16 
1803 14 
1601 16 
1803 14 
1601 16 
1702 15 
1803 14 
1601 16 
1500 18 
1600 17 
1600 17 
1601 16 
1500 18 
1601 16 
1500 18 
1601 16 
1500 18 
1601 16 
1803 14 
1500 18 
1500 18 
1601 16 
1601 16 
1601 16 
1601 16 
1601 16 
1601 16 
1601 16 
1702 15 
1601 16 
1803 14 
1600 17 
1601 16 
1601 16 
1500 18 
1500 18 
1500 18 
1702 15 
1803 14 
1702 15 
1601 16 
1803 14 
1803 14 
1600 17 
1601 16 
1601 16 
1702 15 
1702 15 
1803 14 
1601 16 
1601 16 
1500 18 
1702 15 
1803 14 
1702 15 
1803 14 
1803 14 
1702 15 
1601 16 
1601 16 
1601 16 
1500 18 
1702 15 
1601 16 
1600 17 
1702 15 
1601 16 
1803 14 
1702 15 
1702 15 
1601 16 
1702 15 
1702 15 
1601 16 
1500 18 
1601 16 
1601 16 
1702 15 
