1703 12 
1201 21 
1301 18 
1401 17 
1402 15 
1501 14 
1602 13 
1602 13 
1201 21 
1401 17 
1301 18 
1301 18 
1402 15 
1501 14 
1703 12 
1402 15 
1301 18 
1602 13 
1501 14 
1501 14 
1602 13 
1401 17 
1401 17 
1402 15 
1602 13 
1501 14 
1402 15 
1301 18 
1501 14 
1703 12 
1301 18 
1402 15 
1301 18 
1501 14 
1501 14 
1703 12 
1301 18 
1301 18 
1501 14 
1602 13 
1703 12 
1501 14 
1402 15 
1201 21 
1402 15 
1501 14 
1402 15 
1501 14 
1402 15 
1301 18 
1401 17 
1501 14 
1402 15 
1301 18 
1402 15 
1602 13 
1501 14 
1501 14 
1401 17 
1501 14 
1301 18 
1301 18 
1501 14 
1402 15 
1602 13 
1301 18 
1602 13 
1402 15 
1402 15 
1602 13 
1402 15 
1703 12 
1602 13 
1402 15 
1501 14 
1501 14 
1602 13 
1703 12 
1602 13 
1602 13 
1501 14 
1301 18 
1501 14 
1402 15 
1501 14 
1501 14 
1501 14 
1401 17 
1602 13 
1301 18 
1401 17 
1402 15 
1402 15 
1301 18 
1602 13 
1401 17 
1501 14 
1602 13 
1703 12 
1501 14 
