1300 22 
1702 15 
1400 19 
1300 22 
1400 19 
1500 17 
1601 16 
1702 15 
1500 17 
1601 16 
1300 22 
1500 17 
1400 19 
1400 19 
1601 16 
1702 15 
1500 17 
1601 16 
1702 15 
1500 17 
1601 16 
1500 17 
1500 17 
1400 19 
1702 15 
1500 17 
1601 16 
1500 17 
1601 16 
1500 17 
1601 16 
1702 15 
1702 15 
1601 16 
1601 16 
1601 16 
1500 17 
1601 16 
1601 16 
1702 15 
1702 15 
1500 17 
1300 22 
1500 17 
1300 22 
1702 15 
1601 16 
1702 15 
1702 15 
1500 17 
1500 17 
1702 15 
1702 15 
1400 19 
1500 17 
1500 17 
1500 17 
1300 22 
1601 16 
1500 17 
1601 16 
1601 16 
1601 16 
1400 19 
1400 19 
1500 17 
1500 17 
1601 16 
1400 19 
1601 16 
1601 16 
1601 16 
1500 17 
1500 17 
1500 17 
1601 16 
1601 16 
1601 16 
1601 16 
1702 15 
1702 15 
1601 16 
1702 15 
1702 15 
1601 16 
1500 17 
1601 16 
1500 17 
1300 22 
1300 22 
1702 15 
1702 15 
1702 15 
1601 16 
1601 16 
1400 19 
1500 17 
1500 17 
1601 16 
1601 16 
