1700 20 
2004 14 
2004 14 
1701 19 
1801 17 
1802 16 
1903 15 
1903 15 
1701 19 
1801 17 
1801 17 
1802 16 
1701 19 
1700 20 
1903 15 
1802 16 
1903 15 
1701 19 
1700 20 
1802 16 
1802 16 
1701 19 
1903 15 
1802 16 
2004 14 
1801 17 
1802 16 
1801 17 
1701 19 
1700 20 
1802 16 
1802 16 
1802 16 
1700 20 
1903 15 
1701 19 
1701 19 
2004 14 
1802 16 
1802 16 
1801 17 
1903 15 
1801 17 
1701 19 
1701 19 
1802 16 
1903 15 
1801 17 
1903 15 
2004 14 
1802 16 
1903 15 
1801 17 
1701 19 
1903 15 
1903 15 
1903 15 
2004 14 
1903 15 
1802 16 
2004 14 
2004 14 
1802 16 
1701 19 
1701 19 
1903 15 
1802 16 
1701 19 
1801 17 
1701 19 
1802 16 
1802 16 
1701 19 
1801 17 
1701 19 
1802 16 
1802 16 
1701 19 
1801 17 
1700 20 
1903 15 
1802 16 
1802 16 
1802 16 
1700 20 
1903 15 
1701 19 
2004 14 
1801 17 
1802 16 
2004 14 
1700 20 
1801 17 
1701 19 
1802 16 
1802 16 
1801 17 
1903 15 
1802 16 
1903 15 
