1600 13 
2003 9 
1902 10 
1902 10 
1801 11 
1700 12 
1801 11 
2003 9 
1700 12 
1700 12 
1801 11 
1600 13 
1801 11 
2003 9 
1902 10 
1902 10 
1700 12 
1600 13 
1902 10 
1902 10 
1902 10 
1700 12 
1700 12 
1700 12 
1801 11 
1700 12 
1801 11 
2003 9 
1902 10 
1801 11 
2003 9 
1902 10 
1902 10 
1801 11 
2003 9 
1902 10 
1801 11 
1801 11 
1700 12 
1902 10 
1902 10 
1700 12 
1700 12 
1600 13 
1801 11 
1801 11 
1600 13 
1600 13 
1902 10 
1700 12 
1902 10 
2003 9 
1801 11 
1700 12 
1801 11 
1902 10 
1700 12 
2003 9 
1700 12 
1902 10 
1600 13 
1902 10 
1801 11 
1801 11 
1801 11 
1700 12 
2003 9 
1801 11 
1801 11 
1801 11 
1700 12 
1801 11 
1902 10 
1600 13 
1902 10 
1801 11 
1902 10 
1902 10 
1801 11 
1801 11 
2003 9 
1902 10 
1700 12 
1600 13 
1801 11 
1700 12 
1801 11 
1801 11 
1700 12 
1801 11 
1700 12 
1902 10 
1902 10 
1902 10 
1700 12 
1902 10 
1902 10 
1700 12 
1902 10 
1902 10 
