1903 13 
1400 19 
1500 17 
1400 19 
1802 14 
1802 14 
1701 15 
1601 16 
1903 13 
1400 19 
1601 16 
1500 17 
1701 15 
1601 16 
1701 15 
1903 13 
1601 16 
1500 17 
1802 14 
1701 15 
1802 14 
1903 13 
1701 15 
1802 14 
1802 14 
1701 15 
1701 15 
1601 16 
1601 16 
1601 16 
1500 17 
1802 14 
1701 15 
1701 15 
1802 14 
1802 14 
1802 14 
1701 15 
1701 15 
1500 17 
1802 14 
1802 14 
1701 15 
1601 16 
1802 14 
1802 14 
1500 17 
1802 14 
1601 16 
1500 17 
1400 19 
1701 15 
1601 16 
1701 15 
1500 17 
1701 15 
1701 15 
1500 17 
1701 15 
1601 16 
1400 19 
1500 17 
1802 14 
1903 13 
1802 14 
1500 17 
1701 15 
1701 15 
1500 17 
1500 17 
1601 16 
1701 15 
1601 16 
1802 14 
1802 14 
1701 15 
1701 15 
1903 13 
1701 15 
1701 15 
1701 15 
1601 16 
1400 19 
1701 15 
1601 16 
1802 14 
1400 19 
1802 14 
1701 15 
1500 17 
1802 14 
1701 15 
1802 14 
1601 16 
1802 14 
1601 16 
1500 17 
1802 14 
1701 15 
1500 17 
