1702 12 
1400 16 
1702 12 
1601 13 
1500 14 
1601 13 
1500 14 
1401 15 
1500 14 
1601 13 
1500 14 
1401 15 
1702 12 
1601 13 
1401 15 
1400 16 
1401 15 
1400 16 
1601 13 
1601 13 
1500 14 
1601 13 
1702 12 
1601 13 
1601 13 
1500 14 
1601 13 
1500 14 
1702 12 
1500 14 
1400 16 
1401 15 
1500 14 
1601 13 
1702 12 
1601 13 
1401 15 
1400 16 
1601 13 
1401 15 
1500 14 
1601 13 
1601 13 
1400 16 
1601 13 
1401 15 
1400 16 
1601 13 
1702 12 
1702 12 
1601 13 
1500 14 
1601 13 
1601 13 
1401 15 
1601 13 
1500 14 
1601 13 
1601 13 
1500 14 
1500 14 
1500 14 
1500 14 
1401 15 
1702 12 
1500 14 
1601 13 
1601 13 
1401 15 
1601 13 
1400 16 
1601 13 
1500 14 
1400 16 
1500 14 
1601 13 
1601 13 
1401 15 
1601 13 
1601 13 
1400 16 
1401 15 
1500 14 
1401 15 
1601 13 
1702 12 
1500 14 
1601 13 
1401 15 
1401 15 
1601 13 
1500 14 
1500 14 
1400 16 
1601 13 
1500 14 
1500 14 
1401 15 
1401 15 
1601 13 
