Individual 0
E\D	1	2	3	4	5	6	7	8	9	10	11	12	13	14
A	D	D	D	D	D	-	-	-	-	-	-	D	D	D
B	-	-	D	D	D	D	D	-	-	D	D	D	-	-
C	D	D	D	D	D	-	-	D	D	D	-	-	-	D
D	D	D	D	-	-	D	D	D	D	D	-	-	-	-
E	D	D	D	-	-	-	-	D	D	D	-	-	D	D
F	D	D	-	-	D	D	D	D	-	-	D	D	-	-
G	D	D	D	-	-	D	D	D	-	-	D	D	-	-
H	-	-	-	D	D	-	-	D	D	-	-	D	D	D
Objective 0: 902
Objective 1: 13
Constr violation: 0


Individual 1
E\D	1	2	3	4	5	6	7	8	9	10	11	12	13	14
A	D	D	D	D	D	-	-	-	-	-	-	D	D	D
B	-	-	D	D	D	D	D	-	-	D	D	D	-	-
C	D	D	D	D	D	-	-	D	D	D	-	-	-	D
D	D	D	D	-	-	D	D	D	D	D	-	-	-	-
E	D	D	D	-	-	-	-	D	D	D	-	-	D	D
F	D	D	-	-	D	D	D	D	-	-	D	D	-	-
G	D	D	D	-	-	D	D	D	-	-	D	D	-	-
H	-	-	-	D	D	-	-	D	D	-	-	D	D	D
Objective 0: 902
Objective 1: 13
Constr violation: 0


Individual 2
E\D	1	2	3	4	5	6	7	8	9	10	11	12	13	14
A	D	D	D	D	D	-	-	-	-	-	-	D	D	D
B	-	-	D	D	D	D	D	-	-	D	D	D	-	-
C	D	D	D	D	D	-	-	D	D	D	-	-	-	-
D	D	D	D	-	-	D	D	D	D	D	-	-	-	-
E	-	-	D	D	D	-	-	D	D	D	-	-	D	D
F	D	D	-	-	D	D	D	D	-	-	D	D	-	-
G	D	D	D	-	-	D	D	D	-	-	D	D	-	-
H	D	D	-	-	-	-	-	D	D	-	-	D	D	D
Objective 0: 1002
Objective 1: 9
Constr violation: 0


Individual 3
E\D	1	2	3	4	5	6	7	8	9	10	11	12	13	14
A	D	D	D	D	D	-	-	-	-	-	-	D	D	D
B	-	-	D	D	D	D	D	-	-	D	D	D	-	-
C	D	D	D	D	D	-	-	D	D	D	-	-	-	D
D	D	D	D	-	-	D	D	D	D	D	-	-	-	-
E	D	D	D	-	-	-	-	D	D	D	-	-	D	D
F	D	D	-	-	D	D	D	D	-	-	D	D	-	-
G	D	D	D	-	-	D	D	D	-	-	D	D	-	-
H	-	-	-	D	D	-	-	D	D	-	-	D	D	D
Objective 0: 902
Objective 1: 13
Constr violation: 0


Individual 4
E\D	1	2	3	4	5	6	7	8	9	10	11	12	13	14
A	D	D	D	D	D	-	-	-	-	-	-	D	D	D
B	-	-	D	D	D	D	D	-	-	D	D	D	-	-
C	D	D	D	D	D	-	-	D	D	D	-	-	-	D
D	D	D	D	-	-	D	D	D	D	D	-	-	-	-
E	D	D	D	-	-	-	-	D	D	D	-	-	D	D
F	D	D	-	-	D	D	D	D	-	-	D	D	-	-
G	D	D	D	-	-	D	D	D	-	-	D	D	-	-
H	-	-	-	D	D	-	-	D	D	-	-	D	D	D
Objective 0: 902
Objective 1: 13
Constr violation: 0


Individual 5
E\D	1	2	3	4	5	6	7	8	9	10	11	12	13	14
A	D	D	D	D	D	-	-	-	-	-	-	D	D	D
B	-	-	D	D	D	D	D	-	-	D	D	D	-	-
C	D	D	D	D	D	-	-	D	D	D	-	-	-	D
D	D	D	D	-	-	D	D	D	D	D	-	-	-	-
E	D	D	D	-	-	-	-	D	D	D	-	-	D	D
F	D	D	-	-	D	D	D	D	-	-	D	D	-	-
G	D	D	D	-	-	D	D	D	-	-	D	D	-	-
H	-	-	-	D	D	-	-	D	D	-	-	D	D	D
Objective 0: 902
Objective 1: 13
Constr violation: 0


Individual 6
E\D	1	2	3	4	5	6	7	8	9	10	11	12	13	14
A	D	D	D	D	D	-	-	-	-	-	-	D	D	D
B	-	-	D	D	D	D	D	-	-	D	D	D	-	-
C	D	D	D	D	D	-	-	D	D	D	-	-	-	D
D	D	D	D	-	-	D	D	D	D	D	-	-	-	-
E	D	D	D	-	-	-	-	D	D	D	-	-	D	D
F	D	D	-	-	D	D	D	D	-	-	D	D	-	-
G	D	D	D	-	-	D	D	D	-	-	D	D	-	-
H	-	-	-	D	D	-	-	D	D	-	-	D	D	D
Objective 0: 902
Objective 1: 13
Constr violation: 0


Individual 7
E\D	1	2	3	4	5	6	7	8	9	10	11	12	13	14
A	D	D	D	D	D	-	-	-	-	-	-	D	D	D
B	-	-	D	D	D	D	D	-	-	D	D	D	-	-
C	D	D	D	D	D	-	-	D	D	D	-	-	-	D
D	D	D	D	-	-	D	D	D	D	D	-	-	-	-
E	D	D	D	-	-	-	-	D	D	D	-	-	D	D
F	D	D	-	-	D	D	D	D	-	-	D	D	-	-
G	D	D	D	-	-	D	D	D	-	-	D	D	-	-
H	-	-	-	D	D	-	-	D	D	-	-	D	D	D
Objective 0: 902
Objective 1: 13
Constr violation: 0


Individual 8
E\D	1	2	3	4	5	6	7	8	9	10	11	12	13	14
A	D	D	D	D	D	-	-	-	-	-	-	D	D	D
B	-	-	D	D	D	D	D	-	-	D	D	D	-	-
C	D	D	D	D	D	-	-	D	D	D	-	-	-	D
D	D	D	D	-	-	D	D	D	D	D	-	-	-	-
E	D	D	D	-	-	-	-	D	D	D	-	-	D	D
F	D	D	-	-	D	D	D	D	-	-	D	D	-	-
G	D	D	D	-	-	D	D	D	-	-	D	D	-	-
H	-	-	-	D	D	-	-	D	D	-	-	D	D	D
Objective 0: 902
Objective 1: 13
Constr violation: 0


Individual 9
E\D	1	2	3	4	5	6	7	8	9	10	11	12	13	14
A	D	D	D	D	D	-	-	-	-	-	-	D	D	D
B	-	-	D	D	D	D	D	-	-	D	D	D	-	-
C	D	D	D	D	D	-	-	D	D	D	-	-	-	D
D	D	D	D	-	-	D	D	D	D	D	-	-	-	-
E	D	D	D	-	-	-	-	D	D	D	-	-	D	D
F	D	D	-	-	D	D	D	D	-	-	D	D	-	-
G	D	D	D	-	-	D	D	D	-	-	D	D	-	-
H	-	-	-	D	D	-	-	D	D	-	-	D	D	D
Objective 0: 902
Objective 1: 13
Constr violation: 0


Individual 10
E\D	1	2	3	4	5	6	7	8	9	10	11	12	13	14
A	D	D	D	D	D	-	-	-	-	-	-	D	D	D
B	-	-	D	D	D	D	D	-	-	D	D	D	-	-
C	D	D	D	D	D	-	-	D	D	D	-	-	-	D
D	D	D	D	-	-	D	D	D	D	D	-	-	-	-
E	D	D	D	-	-	-	-	D	D	D	-	-	D	D
F	D	D	-	-	D	D	D	D	-	-	D	D	-	-
G	D	D	D	-	-	D	D	D	-	-	D	D	-	-
H	-	-	-	D	D	-	-	D	D	-	-	D	D	D
Objective 0: 902
Objective 1: 13
Constr violation: 0


Individual 11
E\D	1	2	3	4	5	6	7	8	9	10	11	12	13	14
A	D	D	D	D	D	-	-	-	-	-	-	D	D	D
B	-	-	D	D	D	D	D	-	-	D	D	D	-	-
C	D	D	D	D	D	-	-	D	D	D	-	-	-	D
D	D	D	D	-	-	D	D	D	D	D	-	-	-	-
E	D	D	D	-	-	-	-	D	D	D	-	-	D	D
F	D	D	-	-	D	D	D	D	-	-	D	D	-	-
G	D	D	D	-	-	D	D	D	-	-	D	D	-	-
H	-	-	-	D	D	-	-	D	D	-	-	D	D	D
Objective 0: 902
Objective 1: 13
Constr violation: 0


Individual 12
E\D	1	2	3	4	5	6	7	8	9	10	11	12	13	14
A	D	D	D	D	D	-	-	-	-	-	-	D	D	D
B	-	-	D	D	D	D	D	-	-	D	D	D	-	-
C	D	D	D	D	D	-	-	D	D	D	-	-	-	D
D	D	D	D	-	-	D	D	D	D	D	-	-	-	-
E	D	D	D	-	-	-	-	D	D	D	-	-	D	D
F	D	D	-	-	D	D	D	D	-	-	D	D	-	-
G	D	D	D	-	-	D	D	D	-	-	D	D	-	-
H	-	-	-	D	D	-	-	D	D	-	-	D	D	D
Objective 0: 902
Objective 1: 13
Constr violation: 0


Individual 13
E\D	1	2	3	4	5	6	7	8	9	10	11	12	13	14
A	D	D	D	D	D	-	-	-	-	-	-	D	D	D
B	-	-	D	D	D	D	D	-	-	D	D	D	-	-
C	D	D	D	D	D	-	-	D	D	D	-	-	-	D
D	D	D	D	-	-	D	D	D	D	D	-	-	-	-
E	D	D	D	-	-	-	-	D	D	D	-	-	D	D
F	D	D	-	-	D	D	D	D	-	-	D	D	-	-
G	D	D	D	-	-	D	D	D	-	-	D	D	-	-
H	-	-	-	D	D	-	-	D	D	-	-	D	D	D
Objective 0: 902
Objective 1: 13
Constr violation: 0


Individual 14
E\D	1	2	3	4	5	6	7	8	9	10	11	12	13	14
A	D	D	D	D	D	-	-	-	-	-	-	D	D	D
B	-	-	D	D	D	D	D	-	-	D	D	D	-	-
C	D	D	D	D	D	-	-	D	D	D	-	-	-	D
D	D	D	D	-	-	D	D	D	D	D	-	-	-	-
E	D	D	D	-	-	-	-	D	D	D	-	-	D	D
F	D	D	-	-	D	D	D	D	-	-	D	D	-	-
G	D	D	D	-	-	D	D	D	-	-	D	D	-	-
H	-	-	-	D	D	-	-	D	D	-	-	D	D	D
Objective 0: 902
Objective 1: 13
Constr violation: 0


Individual 15
E\D	1	2	3	4	5	6	7	8	9	10	11	12	13	14
A	D	D	D	D	D	-	-	-	-	-	-	D	D	D
B	-	-	D	D	D	D	D	-	-	D	D	D	-	-
C	D	D	D	D	D	-	-	D	D	D	-	-	-	D
D	D	D	D	-	-	D	D	D	D	D	-	-	-	-
E	D	D	D	-	-	-	-	D	D	D	-	-	D	D
F	D	D	-	-	D	D	D	D	-	-	D	D	-	-
G	D	D	D	-	-	D	D	D	-	-	D	D	-	-
H	-	-	-	D	D	-	-	D	D	-	-	D	D	D
Objective 0: 902
Objective 1: 13
Constr violation: 0


Individual 16
E\D	1	2	3	4	5	6	7	8	9	10	11	12	13	14
A	D	D	D	D	D	-	-	-	-	-	-	D	D	D
B	-	-	D	D	D	D	D	-	-	D	D	D	-	-
C	D	D	D	D	D	-	-	D	D	D	-	-	-	D
D	D	D	D	-	-	D	D	D	D	D	-	-	-	-
E	D	D	D	-	-	-	-	D	D	D	-	-	D	D
F	D	D	-	-	D	D	D	D	-	-	D	D	-	-
G	D	D	D	-	-	D	D	D	-	-	D	D	-	-
H	-	-	-	D	D	-	-	D	D	-	-	D	D	D
Objective 0: 902
Objective 1: 13
Constr violation: 0


Individual 17
E\D	1	2	3	4	5	6	7	8	9	10	11	12	13	14
A	D	D	D	D	D	-	-	-	-	-	-	D	D	D
B	-	-	D	D	D	D	D	-	-	D	D	D	-	-
C	D	D	D	D	D	-	-	D	D	D	-	-	-	D
D	D	D	D	-	-	D	D	D	D	D	-	-	-	-
E	D	D	D	-	-	-	-	D	D	D	-	-	D	D
F	D	D	-	-	D	D	D	D	-	-	D	D	-	-
G	D	D	D	-	-	D	D	D	-	-	D	D	-	-
H	-	-	-	D	D	-	-	D	D	-	-	D	D	D
Objective 0: 902
Objective 1: 13
Constr violation: 0


Individual 18
E\D	1	2	3	4	5	6	7	8	9	10	11	12	13	14
A	D	D	D	D	D	-	-	-	-	-	-	D	D	D
B	-	-	D	D	D	D	D	-	-	D	D	D	-	-
C	D	D	D	D	D	-	-	D	D	D	-	-	-	D
D	D	D	D	-	-	D	D	D	D	D	-	-	-	-
E	D	D	D	-	-	-	-	D	D	D	-	-	D	D
F	D	D	-	-	D	D	D	D	-	-	D	D	-	-
G	D	D	D	-	-	D	D	D	-	-	D	D	-	-
H	-	-	-	D	D	-	-	D	D	-	-	D	D	D
Objective 0: 902
Objective 1: 13
Constr violation: 0


Individual 19
E\D	1	2	3	4	5	6	7	8	9	10	11	12	13	14
A	D	D	D	D	D	-	-	-	-	-	-	D	D	D
B	-	-	D	D	D	D	D	-	-	D	D	D	-	-
C	D	D	D	D	D	-	-	D	D	D	-	-	-	D
D	D	D	D	-	-	D	D	D	D	D	-	-	-	-
E	D	D	D	-	-	-	-	D	D	D	-	-	D	D
F	D	D	-	-	D	D	D	D	-	-	D	D	-	-
G	D	D	D	-	-	D	D	D	-	-	D	D	-	-
H	-	-	-	D	D	-	-	D	D	-	-	D	D	D
Objective 0: 902
Objective 1: 13
Constr violation: 0


Individual 20
E\D	1	2	3	4	5	6	7	8	9	10	11	12	13	14
A	D	D	D	D	D	-	-	-	-	-	-	D	D	D
B	-	-	D	D	D	D	D	-	-	D	D	D	-	-
C	D	D	D	D	D	-	-	D	D	D	-	-	-	D
D	D	D	D	-	-	D	D	D	D	D	-	-	-	-
E	D	D	D	-	-	-	-	D	D	D	-	-	D	D
F	D	D	-	-	D	D	D	D	-	-	D	D	-	-
G	D	D	D	-	-	D	D	D	-	-	D	D	-	-
H	-	-	-	D	D	-	-	D	D	-	-	D	D	D
Objective 0: 902
Objective 1: 13
Constr violation: 0


Individual 21
E\D	1	2	3	4	5	6	7	8	9	10	11	12	13	14
A	D	D	D	D	D	-	-	-	-	-	-	D	D	D
B	-	-	D	D	D	D	D	-	-	D	D	D	-	-
C	D	D	D	D	D	-	-	D	D	D	-	-	-	D
D	D	D	D	-	-	D	D	D	D	D	-	-	-	-
E	D	D	D	-	-	-	-	D	D	D	-	-	D	D
F	D	D	-	-	D	D	D	D	-	-	D	D	-	-
G	D	D	D	-	-	D	D	D	-	-	D	D	-	-
H	-	-	-	D	D	-	-	D	D	-	-	D	D	D
Objective 0: 902
Objective 1: 13
Constr violation: 0


Individual 22
E\D	1	2	3	4	5	6	7	8	9	10	11	12	13	14
A	D	D	D	D	D	-	-	-	-	-	-	D	D	D
B	-	-	D	D	D	D	D	-	-	D	D	D	-	-
C	D	D	D	D	D	-	-	D	D	D	-	-	-	D
D	D	D	D	-	-	D	D	D	D	D	-	-	-	-
E	D	D	D	-	-	-	-	D	D	D	-	-	D	D
F	D	D	-	-	D	D	D	D	-	-	D	D	-	-
G	D	D	D	-	-	D	D	D	-	-	D	D	-	-
H	-	-	-	D	D	-	-	D	D	-	-	D	D	D
Objective 0: 902
Objective 1: 13
Constr violation: 0


Individual 23
E\D	1	2	3	4	5	6	7	8	9	10	11	12	13	14
A	D	D	D	D	D	-	-	-	-	-	-	D	D	D
B	-	-	D	D	D	D	D	-	-	D	D	D	-	-
C	D	D	D	D	D	-	-	D	D	D	-	-	-	D
D	D	D	D	-	-	D	D	D	D	D	-	-	-	-
E	D	D	D	-	-	-	-	D	D	D	-	-	D	D
F	D	D	-	-	D	D	D	D	-	-	D	D	-	-
G	D	D	D	-	-	D	D	D	-	-	D	D	-	-
H	-	-	-	D	D	-	-	D	D	-	-	D	D	D
Objective 0: 902
Objective 1: 13
Constr violation: 0


Individual 24
E\D	1	2	3	4	5	6	7	8	9	10	11	12	13	14
A	D	D	D	D	D	-	-	-	-	-	-	D	D	D
B	-	-	D	D	D	D	D	-	-	D	D	D	-	-
C	D	D	D	D	D	-	-	D	D	D	-	-	-	D
D	D	D	D	-	-	D	D	D	D	D	-	-	-	-
E	D	D	D	-	-	-	-	D	D	D	-	-	D	D
F	D	D	-	-	D	D	D	D	-	-	D	D	-	-
G	D	D	D	-	-	D	D	D	-	-	D	D	-	-
H	-	-	-	D	D	-	-	D	D	-	-	D	D	D
Objective 0: 902
Objective 1: 13
Constr violation: 0


Individual 25
E\D	1	2	3	4	5	6	7	8	9	10	11	12	13	14
A	D	D	D	D	D	-	-	-	-	-	-	D	D	D
B	-	-	D	D	D	D	D	-	-	D	D	D	-	-
C	D	D	D	D	D	-	-	D	D	D	-	-	-	D
D	D	D	D	-	-	D	D	D	D	D	-	-	-	-
E	D	D	D	-	-	-	-	D	D	D	-	-	D	D
F	D	D	-	-	D	D	D	D	-	-	D	D	-	-
G	D	D	D	-	-	D	D	D	-	-	D	D	-	-
H	-	-	-	D	D	-	-	D	D	-	-	D	D	D
Objective 0: 902
Objective 1: 13
Constr violation: 0


Individual 26
E\D	1	2	3	4	5	6	7	8	9	10	11	12	13	14
A	D	D	D	D	D	-	-	-	-	-	-	D	D	D
B	-	-	D	D	D	D	D	-	-	D	D	D	-	-
C	D	D	D	D	D	-	-	D	D	D	-	-	-	D
D	D	D	D	-	-	D	D	D	D	D	-	-	-	-
E	D	D	D	-	-	-	-	D	D	D	-	-	D	D
F	D	D	-	-	D	D	D	D	-	-	D	D	-	-
G	D	D	D	-	-	D	D	D	-	-	D	D	-	-
H	-	-	-	D	D	-	-	D	D	-	-	D	D	D
Objective 0: 902
Objective 1: 13
Constr violation: 0


Individual 27
E\D	1	2	3	4	5	6	7	8	9	10	11	12	13	14
A	D	D	D	D	D	-	-	-	-	-	-	D	D	D
B	-	-	D	D	D	D	D	-	-	D	D	D	-	-
C	D	D	D	D	D	-	-	D	D	D	-	-	-	D
D	D	D	D	-	-	D	D	D	D	D	-	-	-	-
E	D	D	D	-	-	-	-	D	D	D	-	-	D	D
F	D	D	-	-	D	D	D	D	-	-	D	D	-	-
G	D	D	D	-	-	D	D	D	-	-	D	D	-	-
H	-	-	-	D	D	-	-	D	D	-	-	D	D	D
Objective 0: 902
Objective 1: 13
Constr violation: 0


Individual 28
E\D	1	2	3	4	5	6	7	8	9	10	11	12	13	14
A	D	D	D	D	D	-	-	-	-	-	-	D	D	D
B	-	-	D	D	D	D	D	-	-	D	D	D	-	-
C	D	D	D	D	D	-	-	D	D	D	-	-	-	D
D	D	D	D	-	-	D	D	D	D	D	-	-	-	-
E	D	D	D	-	-	-	-	D	D	D	-	-	D	D
F	D	D	-	-	D	D	D	D	-	-	D	D	-	-
G	D	D	D	-	-	D	D	D	-	-	D	D	-	-
H	-	-	-	D	D	-	-	D	D	-	-	D	D	D
Objective 0: 902
Objective 1: 13
Constr violation: 0


Individual 29
E\D	1	2	3	4	5	6	7	8	9	10	11	12	13	14
A	D	D	D	D	D	-	-	-	-	-	-	D	D	D
B	-	-	D	D	D	D	D	-	-	D	D	D	-	-
C	D	D	D	D	D	-	-	D	D	D	-	-	-	D
D	D	D	D	-	-	D	D	D	D	D	-	-	-	-
E	D	D	D	-	-	-	-	D	D	D	-	-	D	D
F	D	D	-	-	D	D	D	D	-	-	D	D	-	-
G	D	D	D	-	-	D	D	D	-	-	D	D	-	-
H	-	-	-	D	D	-	-	D	D	-	-	D	D	D
Objective 0: 902
Objective 1: 13
Constr violation: 0


Individual 30
E\D	1	2	3	4	5	6	7	8	9	10	11	12	13	14
A	D	D	D	D	D	-	-	-	-	-	-	D	D	D
B	-	-	D	D	D	D	D	-	-	D	D	D	-	-
C	D	D	D	D	D	-	-	D	D	D	-	-	-	D
D	D	D	D	-	-	D	D	D	D	D	-	-	-	-
E	D	D	D	-	-	-	-	D	D	D	-	-	D	D
F	D	D	-	-	D	D	D	D	-	-	D	D	-	-
G	D	D	D	-	-	D	D	D	-	-	D	D	-	-
H	-	-	-	D	D	-	-	D	D	-	-	D	D	D
Objective 0: 902
Objective 1: 13
Constr violation: 0


Individual 31
E\D	1	2	3	4	5	6	7	8	9	10	11	12	13	14
A	D	D	D	D	D	-	-	-	-	-	-	D	D	D
B	-	-	D	D	D	D	D	-	-	D	D	D	-	-
C	D	D	D	D	D	-	-	D	D	D	-	-	-	D
D	D	D	D	-	-	D	D	D	D	D	-	-	-	-
E	D	D	D	-	-	-	-	D	D	D	-	-	D	D
F	D	D	-	-	D	D	D	D	-	-	D	D	-	-
G	D	D	D	-	-	D	D	D	-	-	D	D	-	-
H	-	-	-	D	D	-	-	D	D	-	-	D	D	D
Objective 0: 902
Objective 1: 13
Constr violation: 0


Individual 32
E\D	1	2	3	4	5	6	7	8	9	10	11	12	13	14
A	D	D	D	D	D	-	-	-	-	-	-	D	D	D
B	-	-	D	D	D	D	D	-	-	D	D	D	-	-
C	D	D	D	D	D	-	-	D	D	D	-	-	-	D
D	D	D	D	-	-	D	D	D	D	D	-	-	-	-
E	-	-	D	D	-	-	-	D	D	D	-	-	D	D
F	D	D	-	-	D	D	D	D	-	-	D	D	-	-
G	D	D	D	-	-	D	D	D	-	-	D	D	-	-
H	D	D	-	-	-	-	-	D	D	-	-	D	D	D
Objective 0: 1002
Objective 1: 10
Constr violation: 0


Individual 33
E\D	1	2	3	4	5	6	7	8	9	10	11	12	13	14
A	D	D	D	D	D	-	-	-	-	-	-	D	D	D
B	-	-	D	D	D	D	D	-	-	D	D	D	-	-
C	D	D	D	D	D	-	-	D	D	D	-	-	-	-
D	D	D	D	-	-	D	D	D	D	D	-	-	-	-
E	-	-	D	D	-	-	-	D	D	D	-	-	D	D
F	D	D	-	-	D	D	D	D	-	-	D	D	-	-
G	D	D	D	-	-	D	D	D	-	-	D	D	-	-
H	D	D	-	-	-	-	-	D	D	-	-	D	D	D
Objective 0: 1102
Objective 1: 9
Constr violation: 0


Individual 34
E\D	1	2	3	4	5	6	7	8	9	10	11	12	13	14
A	D	D	D	D	D	-	-	-	-	-	-	D	D	D
B	-	-	D	D	D	D	D	-	-	D	D	D	-	-
C	D	D	D	D	D	-	-	D	D	D	-	-	-	-
D	D	D	D	-	-	D	D	D	D	D	-	-	-	-
E	-	-	D	D	-	-	-	D	D	D	-	-	D	D
F	D	D	-	-	D	D	D	D	-	-	D	D	-	-
G	D	D	D	-	-	D	D	D	-	-	D	D	-	-
H	D	D	-	-	-	-	-	D	D	-	-	D	D	D
Objective 0: 1102
Objective 1: 9
Constr violation: 0


Individual 35
E\D	1	2	3	4	5	6	7	8	9	10	11	12	13	14
A	D	D	D	D	D	-	-	-	-	-	-	D	D	D
B	-	-	D	D	D	D	D	-	-	D	D	D	-	-
C	D	D	D	D	D	-	-	D	D	D	-	-	-	D
D	D	D	D	-	-	D	D	D	D	D	-	-	-	-
E	-	-	D	D	-	-	-	D	D	D	-	-	D	D
F	D	D	-	-	D	D	D	D	-	-	D	D	-	-
G	D	D	D	-	-	D	D	D	-	-	D	D	-	-
H	D	D	-	-	-	-	-	D	D	-	-	D	D	D
Objective 0: 1002
Objective 1: 10
Constr violation: 0


Individual 36
E\D	1	2	3	4	5	6	7	8	9	10	11	12	13	14
A	D	D	D	D	D	-	-	-	-	-	-	D	D	D
B	-	-	D	D	D	D	D	-	-	D	D	D	-	-
C	D	D	D	D	D	-	-	D	D	D	-	-	-	-
D	D	D	D	-	-	D	D	D	D	D	-	-	-	-
E	-	-	D	D	-	-	-	D	D	D	-	-	D	D
F	D	D	-	-	D	D	D	D	-	-	D	D	-	-
G	D	D	D	-	-	D	D	D	-	-	D	D	-	-
H	D	D	-	-	-	-	-	D	D	-	-	D	D	D
Objective 0: 1102
Objective 1: 9
Constr violation: 0


Individual 37
E\D	1	2	3	4	5	6	7	8	9	10	11	12	13	14
A	D	D	D	D	D	-	-	-	-	-	-	D	D	D
B	-	-	D	D	D	D	D	-	-	D	D	D	-	-
C	D	D	D	D	D	-	-	D	D	D	-	-	-	D
D	D	D	D	-	-	D	D	D	D	D	-	-	-	-
E	-	-	D	D	-	-	-	D	D	D	-	-	D	D
F	D	D	-	-	D	D	D	D	-	-	D	D	-	-
G	D	D	D	-	-	D	D	D	-	-	D	D	-	-
H	D	D	-	-	-	-	-	D	D	-	-	D	D	D
Objective 0: 1002
Objective 1: 10
Constr violation: 0


Individual 38
E\D	1	2	3	4	5	6	7	8	9	10	11	12	13	14
A	D	D	D	D	D	-	-	-	-	-	-	D	D	D
B	-	-	D	D	D	D	D	-	-	D	D	D	-	-
C	D	D	D	D	D	-	-	D	D	D	-	-	-	-
D	D	D	D	-	-	D	D	D	D	D	-	-	-	-
E	-	-	D	D	-	-	-	D	D	D	-	-	D	D
F	D	D	-	-	D	D	D	D	-	-	D	D	-	-
G	D	D	D	-	-	D	D	D	-	-	D	D	-	-
H	D	D	-	-	-	-	-	D	D	-	-	D	D	D
Objective 0: 1102
Objective 1: 9
Constr violation: 0


Individual 39
E\D	1	2	3	4	5	6	7	8	9	10	11	12	13	14
A	D	D	D	D	D	-	-	-	-	-	-	D	D	D
B	-	-	D	D	D	D	D	-	-	D	D	D	-	-
C	D	D	D	D	D	-	-	D	D	D	-	-	-	-
D	D	D	D	-	-	D	D	D	D	D	-	-	-	-
E	-	-	D	D	-	-	-	D	D	D	-	-	D	D
F	D	D	-	-	D	D	D	D	-	-	D	D	-	-
G	D	D	D	-	-	D	D	D	-	-	D	D	-	-
H	D	D	-	-	-	-	-	D	D	-	-	D	D	D
Objective 0: 1102
Objective 1: 9
Constr violation: 0


Individual 40
E\D	1	2	3	4	5	6	7	8	9	10	11	12	13	14
A	D	D	D	D	D	-	-	-	-	-	-	D	D	D
B	-	-	D	D	D	D	D	-	-	D	D	D	-	-
C	D	D	D	D	D	-	-	D	D	D	-	-	-	-
D	D	D	D	-	-	D	D	D	D	D	-	-	-	-
E	-	-	D	D	-	-	-	D	D	D	-	-	D	D
F	D	D	-	-	D	D	D	D	-	-	D	D	-	-
G	D	D	D	-	-	D	D	D	-	-	D	D	-	-
H	D	D	-	-	-	-	-	D	D	-	-	D	D	D
Objective 0: 1102
Objective 1: 9
Constr violation: 0


Individual 41
E\D	1	2	3	4	5	6	7	8	9	10	11	12	13	14
A	D	D	D	D	D	-	-	-	-	-	-	D	D	D
B	-	-	D	D	D	D	D	-	-	D	D	D	-	-
C	D	D	D	D	D	-	-	D	D	D	-	-	-	-
D	D	D	D	-	-	D	D	D	D	D	-	-	-	-
E	-	-	D	D	-	-	-	D	D	D	-	-	D	D
F	D	D	-	-	D	D	D	D	-	-	D	D	-	-
G	D	D	D	-	-	D	D	D	-	-	D	D	-	-
H	D	D	-	-	-	-	-	D	D	-	-	D	D	D
Objective 0: 1102
Objective 1: 9
Constr violation: 0


Individual 42
E\D	1	2	3	4	5	6	7	8	9	10	11	12	13	14
A	D	D	D	D	D	-	-	-	-	-	-	D	D	D
B	-	-	D	D	D	D	D	-	-	D	D	D	-	-
C	D	D	D	D	D	-	-	D	D	D	-	-	-	D
D	D	D	D	-	-	D	D	D	D	D	-	-	-	-
E	-	-	D	D	-	-	-	D	D	D	-	-	D	D
F	D	D	-	-	D	D	D	D	-	-	D	D	-	-
G	D	D	D	-	-	D	D	D	-	-	D	D	-	-
H	D	D	-	-	-	-	-	D	D	-	-	D	D	D
Objective 0: 1002
Objective 1: 10
Constr violation: 0


Individual 43
E\D	1	2	3	4	5	6	7	8	9	10	11	12	13	14
A	D	D	D	D	D	-	-	-	-	-	-	D	D	D
B	-	-	D	D	D	D	D	-	-	D	D	D	-	-
C	D	D	D	D	D	-	-	D	D	D	-	-	-	D
D	D	D	D	-	-	D	D	D	D	D	-	-	-	-
E	-	-	D	D	-	-	-	D	D	D	-	-	D	D
F	D	D	-	-	D	D	D	D	-	-	D	D	-	-
G	D	D	D	-	-	D	D	D	-	-	D	D	-	-
H	D	D	-	-	-	-	-	D	D	-	-	D	D	D
Objective 0: 1002
Objective 1: 10
Constr violation: 0


Individual 44
E\D	1	2	3	4	5	6	7	8	9	10	11	12	13	14
A	D	D	D	D	D	-	-	-	-	-	-	D	D	D
B	-	-	D	D	D	D	D	-	-	D	D	D	-	-
C	D	D	D	D	D	-	-	D	D	D	-	-	-	D
D	D	D	D	-	-	D	D	D	D	D	-	-	-	-
E	-	-	D	D	-	-	-	D	D	D	-	-	D	D
F	D	D	-	-	D	D	D	D	-	-	D	D	-	-
G	D	D	D	-	-	D	D	D	-	-	D	D	-	-
H	D	D	-	-	-	-	-	D	D	-	-	D	D	D
Objective 0: 1002
Objective 1: 10
Constr violation: 0


Individual 45
E\D	1	2	3	4	5	6	7	8	9	10	11	12	13	14
A	D	D	D	D	D	-	-	-	-	-	-	D	D	D
B	-	-	D	D	D	D	D	-	-	D	D	D	-	-
C	D	D	D	D	D	-	-	D	D	D	-	-	-	D
D	D	D	D	-	-	D	D	D	D	D	-	-	-	-
E	-	-	D	D	-	-	-	D	D	D	-	-	D	D
F	D	D	-	-	D	D	D	D	-	-	D	D	-	-
G	D	D	D	-	-	D	D	D	-	-	D	D	-	-
H	D	D	-	-	-	-	-	D	D	-	-	D	D	D
Objective 0: 1002
Objective 1: 10
Constr violation: 0


Individual 46
E\D	1	2	3	4	5	6	7	8	9	10	11	12	13	14
A	D	D	D	D	D	-	-	-	-	-	-	D	D	D
B	-	-	D	D	D	D	D	-	-	D	D	D	-	-
C	D	D	D	D	D	-	-	D	D	D	-	-	-	D
D	D	D	D	-	-	D	D	D	D	D	-	-	-	-
E	-	-	D	D	-	-	-	D	D	D	-	-	D	D
F	D	D	-	-	D	D	D	D	-	-	D	D	-	-
G	D	D	D	-	-	D	D	D	-	-	D	D	-	-
H	D	D	-	-	-	-	-	D	D	-	-	D	D	D
Objective 0: 1002
Objective 1: 10
Constr violation: 0


Individual 47
E\D	1	2	3	4	5	6	7	8	9	10	11	12	13	14
A	D	D	D	D	D	-	-	-	-	-	-	D	D	D
B	-	-	D	D	D	D	D	-	-	D	D	D	-	-
C	D	D	D	D	D	-	-	D	D	D	-	-	-	-
D	D	D	D	-	-	D	D	D	D	D	-	-	-	-
E	-	-	D	D	-	-	-	D	D	D	-	-	D	D
F	D	D	-	-	D	D	D	D	-	-	D	D	-	-
G	D	D	D	-	-	D	D	D	-	-	D	D	-	-
H	D	D	-	-	-	-	-	D	D	-	-	D	D	D
Objective 0: 1102
Objective 1: 9
Constr violation: 0


Individual 48
E\D	1	2	3	4	5	6	7	8	9	10	11	12	13	14
A	D	D	D	D	D	-	-	-	-	-	-	D	D	D
B	-	-	D	D	D	D	D	-	-	D	D	D	-	-
C	D	D	D	D	D	-	-	D	D	D	-	-	-	-
D	D	D	D	-	-	D	D	D	D	D	-	-	-	-
E	-	-	D	D	-	-	-	D	D	D	-	-	D	D
F	D	D	-	-	D	D	D	D	-	-	D	D	-	-
G	D	D	D	-	-	D	D	D	-	-	D	D	-	-
H	D	D	-	-	-	-	-	D	D	-	-	D	D	D
Objective 0: 1102
Objective 1: 9
Constr violation: 0


Individual 49
E\D	1	2	3	4	5	6	7	8	9	10	11	12	13	14
A	D	D	D	D	D	-	-	-	-	-	-	D	D	D
B	-	-	D	D	D	D	D	-	-	D	D	D	-	-
C	D	D	D	D	D	-	-	D	D	D	-	-	-	-
D	D	D	D	-	-	D	D	D	D	D	-	-	-	-
E	-	-	D	D	-	-	-	D	D	D	-	-	D	D
F	D	D	-	-	D	D	D	D	-	-	D	D	-	-
G	D	D	D	-	-	D	D	D	-	-	D	D	-	-
H	D	D	-	-	-	-	-	D	D	-	-	D	D	D
Objective 0: 1102
Objective 1: 9
Constr violation: 0


Individual 50
E\D	1	2	3	4	5	6	7	8	9	10	11	12	13	14
A	D	D	D	D	D	-	-	-	-	-	-	D	D	D
B	-	-	D	D	D	D	D	-	-	D	D	D	-	-
C	D	D	D	D	D	-	-	D	D	D	-	-	-	-
D	D	D	D	-	-	D	D	D	D	D	-	-	-	-
E	-	-	D	D	-	-	-	D	D	D	-	-	D	D
F	D	D	-	-	D	D	D	D	-	-	D	D	-	-
G	D	D	D	-	-	D	D	D	-	-	D	D	-	-
H	D	D	-	-	-	-	-	D	D	-	-	D	D	D
Objective 0: 1102
Objective 1: 9
Constr violation: 0


Individual 51
E\D	1	2	3	4	5	6	7	8	9	10	11	12	13	14
A	D	D	D	D	D	-	-	-	-	-	-	D	D	D
B	-	-	D	D	D	D	D	-	-	D	D	D	-	-
C	D	D	D	D	D	-	-	D	D	D	-	-	-	-
D	D	D	D	-	-	D	D	D	D	D	-	-	-	-
E	-	-	D	D	-	-	-	D	D	D	-	-	D	D
F	D	D	-	-	D	D	D	D	-	-	D	D	-	-
G	D	D	D	-	-	D	D	D	-	-	D	D	-	-
H	D	D	-	-	-	-	-	D	D	-	-	D	D	D
Objective 0: 1102
Objective 1: 9
Constr violation: 0


Individual 52
E\D	1	2	3	4	5	6	7	8	9	10	11	12	13	14
A	D	D	D	D	D	-	-	-	-	-	-	D	D	D
B	-	-	D	D	D	D	D	-	-	D	D	D	-	-
C	D	D	D	D	D	-	-	D	D	D	-	-	-	-
D	D	D	D	-	-	D	D	D	D	D	-	-	-	-
E	-	-	D	D	-	-	-	D	D	D	-	-	D	D
F	D	D	-	-	D	D	D	D	-	-	D	D	-	-
G	D	D	D	-	-	D	D	D	-	-	D	D	-	-
H	D	D	-	-	-	-	-	D	D	-	-	D	D	D
Objective 0: 1102
Objective 1: 9
Constr violation: 0


Individual 53
E\D	1	2	3	4	5	6	7	8	9	10	11	12	13	14
A	D	D	D	D	D	-	-	-	-	-	-	D	D	D
B	-	-	D	D	D	D	D	-	-	D	D	D	-	-
C	D	D	D	D	D	-	-	D	D	D	-	-	-	-
D	D	D	D	-	-	D	D	D	D	D	-	-	-	-
E	-	-	D	D	-	-	-	D	D	D	-	-	D	D
F	D	D	-	-	D	D	D	D	-	-	D	D	-	-
G	D	D	D	-	-	D	D	D	-	-	D	D	-	-
H	D	D	-	-	-	-	-	D	D	-	-	D	D	D
Objective 0: 1102
Objective 1: 9
Constr violation: 0


Individual 54
E\D	1	2	3	4	5	6	7	8	9	10	11	12	13	14
A	D	D	D	D	D	-	-	-	-	-	-	D	D	D
B	-	-	D	D	D	D	D	-	-	D	D	D	-	-
C	D	D	D	D	D	-	-	D	D	D	-	-	-	D
D	D	D	D	-	-	D	D	D	D	D	-	-	-	-
E	-	-	D	D	-	-	-	D	D	D	-	-	D	D
F	D	D	-	-	D	D	D	D	-	-	D	D	-	-
G	D	D	D	-	-	D	D	D	-	-	D	D	-	-
H	D	D	-	-	-	-	-	D	D	-	-	D	D	D
Objective 0: 1002
Objective 1: 10
Constr violation: 0


Individual 55
E\D	1	2	3	4	5	6	7	8	9	10	11	12	13	14
A	D	D	D	D	D	-	-	-	-	-	-	D	D	D
B	-	-	D	D	D	D	D	-	-	D	D	D	-	-
C	D	D	D	D	D	-	-	D	D	D	-	-	-	-
D	D	D	D	-	-	D	D	D	D	D	-	-	-	-
E	-	-	D	D	-	-	-	D	D	D	-	-	D	D
F	D	D	-	-	D	D	D	D	-	-	D	D	-	-
G	D	D	D	-	-	D	D	D	-	-	D	D	-	-
H	D	D	-	-	-	-	-	D	D	-	-	D	D	D
Objective 0: 1102
Objective 1: 9
Constr violation: 0


Individual 56
E\D	1	2	3	4	5	6	7	8	9	10	11	12	13	14
A	D	D	D	D	D	-	-	-	-	-	-	D	D	D
B	-	-	D	D	D	D	D	-	-	D	D	D	-	-
C	D	D	D	D	D	-	-	D	D	D	-	-	-	-
D	D	D	D	-	-	D	D	D	D	D	-	-	-	-
E	-	-	D	D	-	-	-	D	D	D	-	-	D	D
F	D	D	-	-	D	D	D	D	-	-	D	D	-	-
G	D	D	D	-	-	D	D	D	-	-	D	D	-	-
H	D	D	-	-	-	-	-	D	D	-	-	D	D	D
Objective 0: 1102
Objective 1: 9
Constr violation: 0


Individual 57
E\D	1	2	3	4	5	6	7	8	9	10	11	12	13	14
A	D	D	D	D	D	-	-	-	-	-	-	D	D	D
B	-	-	D	D	D	D	D	-	-	D	D	D	-	-
C	D	D	D	D	D	-	-	D	D	D	-	-	-	D
D	D	D	D	-	-	D	D	D	D	D	-	-	-	-
E	-	-	D	D	-	-	-	D	D	D	-	-	D	D
F	D	D	-	-	D	D	D	D	-	-	D	D	-	-
G	D	D	D	-	-	D	D	D	-	-	D	D	-	-
H	D	D	-	-	-	-	-	D	D	-	-	D	D	D
Objective 0: 1002
Objective 1: 10
Constr violation: 0


Individual 58
E\D	1	2	3	4	5	6	7	8	9	10	11	12	13	14
A	D	D	D	D	D	-	-	-	-	-	-	D	D	D
B	-	-	D	D	D	D	D	-	-	D	D	D	-	-
C	D	D	D	D	D	-	-	D	D	D	-	-	-	D
D	D	D	D	-	-	D	D	D	D	D	-	-	-	-
E	-	-	D	D	-	-	-	D	D	D	-	-	D	D
F	D	D	-	-	D	D	D	D	-	-	D	D	-	-
G	D	D	D	-	-	D	D	D	-	-	D	D	-	-
H	D	D	-	-	-	-	-	D	D	-	-	D	D	D
Objective 0: 1002
Objective 1: 10
Constr violation: 0


Individual 59
E\D	1	2	3	4	5	6	7	8	9	10	11	12	13	14
A	D	D	D	D	D	-	-	-	-	-	-	D	D	D
B	-	-	D	D	D	D	D	-	-	D	D	D	-	-
C	D	D	D	D	D	-	-	D	D	D	-	-	-	D
D	D	D	D	-	-	D	D	D	D	D	-	-	-	-
E	-	-	D	D	-	-	-	D	D	D	-	-	D	D
F	D	D	-	-	D	D	D	D	-	-	D	D	-	-
G	D	D	D	-	-	D	D	D	-	-	D	D	-	-
H	D	D	-	-	-	-	-	D	D	-	-	D	D	D
Objective 0: 1002
Objective 1: 10
Constr violation: 0


Individual 60
E\D	1	2	3	4	5	6	7	8	9	10	11	12	13	14
A	D	D	D	D	D	-	-	-	-	-	-	D	D	D
B	-	-	D	D	D	D	D	-	-	D	D	D	-	-
C	D	D	D	D	D	-	-	D	D	D	-	-	-	D
D	D	D	D	-	-	D	D	D	D	D	-	-	-	-
E	-	-	D	D	-	-	-	D	D	D	-	-	D	D
F	D	D	-	-	D	D	D	D	-	-	D	D	-	-
G	D	D	D	-	-	D	D	D	-	-	D	D	-	-
H	D	D	-	-	-	-	-	D	D	-	-	D	D	D
Objective 0: 1002
Objective 1: 10
Constr violation: 0


Individual 61
E\D	1	2	3	4	5	6	7	8	9	10	11	12	13	14
A	D	D	D	D	D	-	-	-	-	-	-	D	D	D
B	-	-	D	D	D	D	D	-	-	D	D	D	-	-
C	D	D	D	D	D	-	-	D	D	D	-	-	-	D
D	D	D	D	-	-	D	D	D	D	D	-	-	-	-
E	-	-	D	D	-	-	-	D	D	D	-	-	D	D
F	D	D	-	-	D	D	D	D	-	-	D	D	-	-
G	D	D	D	-	-	D	D	D	-	-	D	D	-	-
H	D	D	-	-	-	-	-	D	D	-	-	D	D	D
Objective 0: 1002
Objective 1: 10
Constr violation: 0


Individual 62
E\D	1	2	3	4	5	6	7	8	9	10	11	12	13	14
A	D	D	D	D	D	-	-	-	-	-	-	D	D	D
B	-	-	D	D	D	D	D	-	-	D	D	D	-	-
C	D	D	D	D	D	-	-	D	D	D	-	-	-	-
D	D	D	D	-	-	D	D	D	D	D	-	-	-	-
E	-	-	D	D	-	-	-	D	D	D	-	-	D	D
F	D	D	-	-	D	D	D	D	-	-	D	D	-	-
G	D	D	D	-	-	D	D	D	-	-	D	D	-	-
H	D	D	-	-	-	-	-	D	D	-	-	D	D	D
Objective 0: 1102
Objective 1: 9
Constr violation: 0


Individual 63
E\D	1	2	3	4	5	6	7	8	9	10	11	12	13	14
A	D	D	D	D	D	-	-	-	-	-	-	D	D	D
B	-	-	D	D	D	D	D	-	-	D	D	D	-	-
C	D	D	D	D	D	-	-	D	D	D	-	-	-	D
D	D	D	D	-	-	D	D	D	D	D	-	-	-	-
E	-	-	D	D	-	-	-	D	D	D	-	-	D	D
F	D	D	-	-	D	D	D	D	-	-	D	D	-	-
G	D	D	D	-	-	D	D	D	-	-	D	D	-	-
H	D	D	-	-	-	-	-	D	D	-	-	D	D	D
Objective 0: 1002
Objective 1: 10
Constr violation: 0


Individual 64
E\D	1	2	3	4	5	6	7	8	9	10	11	12	13	14
A	D	D	D	D	D	-	-	-	-	-	-	D	D	D
B	-	-	D	D	D	D	D	-	-	D	D	D	-	-
C	D	D	D	D	D	-	-	D	D	D	-	-	-	D
D	D	D	D	-	-	D	D	D	D	D	-	-	-	-
E	-	-	D	D	-	-	-	D	D	D	-	-	D	D
F	D	D	-	-	D	D	D	D	-	-	D	D	-	-
G	D	D	D	-	-	D	D	D	-	-	D	D	-	-
H	D	D	-	-	-	-	-	D	D	-	-	D	D	D
Objective 0: 1002
Objective 1: 10
Constr violation: 0


Individual 65
E\D	1	2	3	4	5	6	7	8	9	10	11	12	13	14
A	D	D	D	D	D	-	-	-	-	-	-	D	D	D
B	-	-	D	D	D	D	D	-	-	D	D	D	-	-
C	D	D	D	D	D	-	-	D	D	D	-	-	-	-
D	D	D	D	-	-	D	D	D	D	D	-	-	-	-
E	-	-	D	D	-	-	-	D	D	D	-	-	D	D
F	D	D	-	-	D	D	D	D	-	-	D	D	-	-
G	D	D	D	-	-	D	D	D	-	-	D	D	-	-
H	D	D	-	-	-	-	-	D	D	-	-	D	D	D
Objective 0: 1102
Objective 1: 9
Constr violation: 0


Individual 66
E\D	1	2	3	4	5	6	7	8	9	10	11	12	13	14
A	D	D	D	D	D	-	-	-	-	-	-	D	D	D
B	-	-	D	D	D	D	D	-	-	D	D	D	-	-
C	D	D	D	D	D	-	-	D	D	D	-	-	-	-
D	D	D	D	-	-	D	D	D	D	D	-	-	-	-
E	-	-	D	D	-	-	-	D	D	D	-	-	D	D
F	D	D	-	-	D	D	D	D	-	-	D	D	-	-
G	D	D	D	-	-	D	D	D	-	-	D	D	-	-
H	D	D	-	-	-	-	-	D	D	-	-	D	D	D
Objective 0: 1102
Objective 1: 9
Constr violation: 0


Individual 67
E\D	1	2	3	4	5	6	7	8	9	10	11	12	13	14
A	D	D	D	D	D	-	-	-	-	-	-	D	D	D
B	-	-	D	D	D	D	D	-	-	D	D	D	-	-
C	D	D	D	D	D	-	-	D	D	D	-	-	-	D
D	D	D	D	-	-	D	D	D	D	D	-	-	-	-
E	-	-	D	D	-	-	-	D	D	D	-	-	D	D
F	D	D	-	-	D	D	D	D	-	-	D	D	-	-
G	D	D	D	-	-	D	D	D	-	-	D	D	-	-
H	D	D	-	-	-	-	-	D	D	-	-	D	D	D
Objective 0: 1002
Objective 1: 10
Constr violation: 0


Individual 68
E\D	1	2	3	4	5	6	7	8	9	10	11	12	13	14
A	D	D	D	D	D	-	-	-	-	-	-	D	D	D
B	-	-	D	D	D	D	D	-	-	D	D	D	-	-
C	D	D	D	D	D	-	-	D	D	D	-	-	-	D
D	D	D	D	-	-	D	D	D	D	D	-	-	-	-
E	-	-	D	D	-	-	-	D	D	D	-	-	D	D
F	D	D	-	-	D	D	D	D	-	-	D	D	-	-
G	D	D	D	-	-	D	D	D	-	-	D	D	-	-
H	D	D	-	-	-	-	-	D	D	-	-	D	D	D
Objective 0: 1002
Objective 1: 10
Constr violation: 0


Individual 69
E\D	1	2	3	4	5	6	7	8	9	10	11	12	13	14
A	D	D	D	D	D	-	-	-	-	-	-	D	D	D
B	-	-	D	D	D	D	D	-	-	D	D	D	-	-
C	D	D	D	D	D	-	-	D	D	D	-	-	-	-
D	D	D	D	-	-	D	D	D	D	D	-	-	-	-
E	-	-	D	D	-	-	-	D	D	D	-	-	D	D
F	D	D	-	-	D	D	D	D	-	-	D	D	-	-
G	D	D	D	-	-	D	D	D	-	-	D	D	-	-
H	D	D	-	-	-	-	-	D	D	-	-	D	D	D
Objective 0: 1102
Objective 1: 9
Constr violation: 0


Individual 70
E\D	1	2	3	4	5	6	7	8	9	10	11	12	13	14
A	D	D	D	D	D	-	-	-	-	-	-	D	D	D
B	-	-	D	D	D	D	D	-	-	D	D	D	-	-
C	D	D	D	D	D	-	-	D	D	D	-	-	-	D
D	D	D	D	-	-	D	D	D	D	D	-	-	-	-
E	-	-	D	D	-	-	-	D	D	D	-	-	D	D
F	D	D	-	-	D	D	D	D	-	-	D	D	-	-
G	D	D	D	-	-	D	D	D	-	-	D	D	-	-
H	D	D	-	-	-	-	-	D	D	-	-	D	D	D
Objective 0: 1002
Objective 1: 10
Constr violation: 0


Individual 71
E\D	1	2	3	4	5	6	7	8	9	10	11	12	13	14
A	D	D	D	D	D	-	-	-	-	-	-	D	D	D
B	-	-	D	D	D	D	D	-	-	D	D	D	-	-
C	D	D	D	D	D	-	-	D	D	D	-	-	-	D
D	D	D	D	-	-	D	D	D	D	D	-	-	-	-
E	-	-	D	D	-	-	-	D	D	D	-	-	D	D
F	D	D	-	-	D	D	D	D	-	-	D	D	-	-
G	D	D	D	-	-	D	D	D	-	-	D	D	-	-
H	D	D	-	-	-	-	-	D	D	-	-	D	D	D
Objective 0: 1002
Objective 1: 10
Constr violation: 0


Individual 72
E\D	1	2	3	4	5	6	7	8	9	10	11	12	13	14
A	D	D	D	D	D	-	-	-	-	-	-	D	D	D
B	-	-	D	D	D	D	D	-	-	D	D	D	-	-
C	D	D	D	D	D	-	-	D	D	D	-	-	-	-
D	D	D	D	-	-	D	D	D	D	D	-	-	-	-
E	-	-	D	D	-	-	-	D	D	D	-	-	D	D
F	D	D	-	-	D	D	D	D	-	-	D	D	-	-
G	D	D	D	-	-	D	D	D	-	-	D	D	-	-
H	D	D	-	-	-	-	-	D	D	-	-	D	D	D
Objective 0: 1102
Objective 1: 9
Constr violation: 0


Individual 73
E\D	1	2	3	4	5	6	7	8	9	10	11	12	13	14
A	D	D	D	D	D	-	-	-	-	-	-	D	D	D
B	-	-	D	D	D	D	D	-	-	D	D	D	-	-
C	D	D	D	D	D	-	-	D	D	D	-	-	-	-
D	D	D	D	-	-	D	D	D	D	D	-	-	-	-
E	-	-	D	D	-	-	-	D	D	D	-	-	D	D
F	D	D	-	-	D	D	D	D	-	-	D	D	-	-
G	D	D	D	-	-	D	D	D	-	-	D	D	-	-
H	D	D	-	-	-	-	-	D	D	-	-	D	D	D
Objective 0: 1102
Objective 1: 9
Constr violation: 0


Individual 74
E\D	1	2	3	4	5	6	7	8	9	10	11	12	13	14
A	D	D	D	D	D	-	-	-	-	-	-	D	D	D
B	-	-	D	D	D	D	D	-	-	D	D	D	-	-
C	D	D	D	D	D	-	-	D	D	D	-	-	-	D
D	D	D	D	-	-	D	D	D	D	D	-	-	-	-
E	-	-	D	D	-	-	-	D	D	D	-	-	D	D
F	D	D	-	-	D	D	D	D	-	-	D	D	-	-
G	D	D	D	-	-	D	D	D	-	-	D	D	-	-
H	D	D	-	-	-	-	-	D	D	-	-	D	D	D
Objective 0: 1002
Objective 1: 10
Constr violation: 0


Individual 75
E\D	1	2	3	4	5	6	7	8	9	10	11	12	13	14
A	D	D	D	D	D	-	-	-	-	-	-	D	D	D
B	-	-	D	D	D	D	D	-	-	D	D	D	-	-
C	D	D	D	D	D	-	-	D	D	D	-	-	-	-
D	D	D	D	-	-	D	D	D	D	D	-	-	-	-
E	-	-	D	D	-	-	-	D	D	D	-	-	D	D
F	D	D	-	-	D	D	D	D	-	-	D	D	-	-
G	D	D	D	-	-	D	D	D	-	-	D	D	-	-
H	D	D	-	-	-	-	-	D	D	-	-	D	D	D
Objective 0: 1102
Objective 1: 9
Constr violation: 0


Individual 76
E\D	1	2	3	4	5	6	7	8	9	10	11	12	13	14
A	D	D	D	D	D	-	-	-	-	-	-	D	D	D
B	-	-	D	D	D	D	D	-	-	D	D	D	-	-
C	D	D	D	D	D	-	-	D	D	D	-	-	-	-
D	D	D	D	-	-	D	D	D	D	D	-	-	-	-
E	-	-	D	D	-	-	-	D	D	D	-	-	D	D
F	D	D	-	-	D	D	D	D	-	-	D	D	-	-
G	D	D	D	-	-	D	D	D	-	-	D	D	-	-
H	D	D	-	-	-	-	-	D	D	-	-	D	D	D
Objective 0: 1102
Objective 1: 9
Constr violation: 0


Individual 77
E\D	1	2	3	4	5	6	7	8	9	10	11	12	13	14
A	D	D	D	D	D	-	-	-	-	-	-	D	D	D
B	-	-	D	D	D	D	D	-	-	D	D	D	-	-
C	D	D	D	D	D	-	-	D	D	D	-	-	-	-
D	D	D	D	-	-	D	D	D	D	D	-	-	-	-
E	-	-	D	D	-	-	-	D	D	D	-	-	D	D
F	D	D	-	-	D	D	D	D	-	-	D	D	-	-
G	D	D	D	-	-	D	D	D	-	-	D	D	-	-
H	D	D	-	-	-	-	-	D	D	-	-	D	D	D
Objective 0: 1102
Objective 1: 9
Constr violation: 0


Individual 78
E\D	1	2	3	4	5	6	7	8	9	10	11	12	13	14
A	D	D	D	D	D	-	-	-	-	-	-	D	D	D
B	-	-	D	D	D	D	D	-	-	D	D	D	-	-
C	D	D	D	D	D	-	-	D	D	D	-	-	-	D
D	D	D	D	-	-	D	D	D	D	D	-	-	-	-
E	-	-	D	D	-	-	-	D	D	D	-	-	D	D
F	D	D	-	-	D	D	D	D	-	-	D	D	-	-
G	D	D	D	-	-	D	D	D	-	-	D	D	-	-
H	D	D	-	-	-	-	-	D	D	-	-	D	D	D
Objective 0: 1002
Objective 1: 10
Constr violation: 0


Individual 79
E\D	1	2	3	4	5	6	7	8	9	10	11	12	13	14
A	D	D	D	D	D	-	-	-	-	-	-	D	D	D
B	-	-	D	D	D	D	D	-	-	D	D	D	-	-
C	D	D	D	D	D	-	-	D	D	D	-	-	-	D
D	D	D	D	-	-	D	D	D	D	D	-	-	-	-
E	-	-	D	D	-	-	-	D	D	D	-	-	D	D
F	D	D	-	-	D	D	D	D	-	-	D	D	-	-
G	D	D	D	-	-	D	D	D	-	-	D	D	-	-
H	D	D	-	-	-	-	-	D	D	-	-	D	D	D
Objective 0: 1002
Objective 1: 10
Constr violation: 0


Individual 80
E\D	1	2	3	4	5	6	7	8	9	10	11	12	13	14
A	D	D	D	D	D	-	-	-	-	-	-	D	D	D
B	-	-	D	D	D	D	D	-	-	D	D	D	-	-
C	D	D	D	D	D	-	-	D	D	D	-	-	-	-
D	D	D	D	-	-	D	D	D	D	D	-	-	-	-
E	-	-	D	D	-	-	-	D	D	D	-	-	D	D
F	D	D	-	-	D	D	D	D	-	-	D	D	-	-
G	D	D	D	-	-	D	D	D	-	-	D	D	-	-
H	D	D	-	-	-	-	-	D	D	-	-	D	D	D
Objective 0: 1102
Objective 1: 9
Constr violation: 0


Individual 81
E\D	1	2	3	4	5	6	7	8	9	10	11	12	13	14
A	D	D	D	D	D	-	-	-	-	-	-	D	D	D
B	-	-	D	D	D	D	D	-	-	D	D	D	-	-
C	D	D	D	D	D	-	-	D	D	D	-	-	-	D
D	D	D	D	-	-	D	D	D	D	D	-	-	-	-
E	-	-	D	D	-	-	-	D	D	D	-	-	D	D
F	D	D	-	-	D	D	D	D	-	-	D	D	-	-
G	D	D	D	-	-	D	D	D	-	-	D	D	-	-
H	D	D	-	-	-	-	-	D	D	-	-	D	D	D
Objective 0: 1002
Objective 1: 10
Constr violation: 0


Individual 82
E\D	1	2	3	4	5	6	7	8	9	10	11	12	13	14
A	D	D	D	D	D	-	-	-	-	-	-	D	D	D
B	-	-	D	D	D	D	D	-	-	D	D	D	-	-
C	D	D	D	D	D	-	-	D	D	D	-	-	-	D
D	D	D	D	-	-	D	D	D	D	D	-	-	-	-
E	-	-	D	D	-	-	-	D	D	D	-	-	D	D
F	D	D	-	-	D	D	D	D	-	-	D	D	-	-
G	D	D	D	-	-	D	D	D	-	-	D	D	-	-
H	D	D	-	-	-	-	-	D	D	-	-	D	D	D
Objective 0: 1002
Objective 1: 10
Constr violation: 0


Individual 83
E\D	1	2	3	4	5	6	7	8	9	10	11	12	13	14
A	D	D	D	D	D	-	-	-	-	-	-	D	D	D
B	-	-	D	D	D	D	D	-	-	D	D	D	-	-
C	D	D	D	D	D	-	-	D	D	D	-	-	-	D
D	D	D	D	-	-	D	D	D	D	D	-	-	-	-
E	-	-	D	D	-	-	-	D	D	D	-	-	D	D
F	D	D	-	-	D	D	D	D	-	-	D	D	-	-
G	D	D	D	-	-	D	D	D	-	-	D	D	-	-
H	D	D	-	-	-	-	-	D	D	-	-	D	D	D
Objective 0: 1002
Objective 1: 10
Constr violation: 0


Individual 84
E\D	1	2	3	4	5	6	7	8	9	10	11	12	13	14
A	D	D	D	D	D	-	-	-	-	-	-	D	D	D
B	-	-	D	D	D	D	D	-	-	D	D	D	-	-
C	D	D	D	D	D	-	-	D	D	D	-	-	-	-
D	D	D	D	-	-	D	D	D	D	D	-	-	-	-
E	-	-	D	D	-	-	-	D	D	D	-	-	D	D
F	D	D	-	-	D	D	D	D	-	-	D	D	-	-
G	D	D	D	-	-	D	D	D	-	-	D	D	-	-
H	D	D	-	-	-	-	-	D	D	-	-	D	D	D
Objective 0: 1102
Objective 1: 9
Constr violation: 0


Individual 85
E\D	1	2	3	4	5	6	7	8	9	10	11	12	13	14
A	D	D	D	D	D	-	-	-	-	-	-	D	D	D
B	-	-	D	D	D	D	D	-	-	D	D	D	-	-
C	D	D	D	D	D	-	-	D	D	D	-	-	-	D
D	D	D	D	-	-	D	D	D	D	D	-	-	-	-
E	-	-	D	D	-	-	-	D	D	D	-	-	D	D
F	D	D	-	-	D	D	D	D	-	-	D	D	-	-
G	D	D	D	-	-	D	D	D	-	-	D	D	-	-
H	D	D	-	-	-	-	-	D	D	-	-	D	D	D
Objective 0: 1002
Objective 1: 10
Constr violation: 0


Individual 86
E\D	1	2	3	4	5	6	7	8	9	10	11	12	13	14
A	D	D	D	D	D	-	-	-	-	-	-	D	D	D
B	-	-	D	D	D	D	D	-	-	D	D	D	-	-
C	D	D	D	D	D	-	-	D	D	D	-	-	-	-
D	D	D	D	-	-	D	D	D	D	D	-	-	-	-
E	-	-	D	D	-	-	-	D	D	D	-	-	D	D
F	D	D	-	-	D	D	D	D	-	-	D	D	-	-
G	D	D	D	-	-	D	D	D	-	-	D	D	-	-
H	D	D	-	-	-	-	-	D	D	-	-	D	D	D
Objective 0: 1102
Objective 1: 9
Constr violation: 0


Individual 87
E\D	1	2	3	4	5	6	7	8	9	10	11	12	13	14
A	D	D	D	D	D	-	-	-	-	-	-	D	D	D
B	-	-	D	D	D	D	D	-	-	D	D	D	-	-
C	D	D	D	D	D	-	-	D	D	D	-	-	-	-
D	D	D	D	-	-	D	D	D	D	D	-	-	-	-
E	-	-	D	D	-	-	-	D	D	D	-	-	D	D
F	D	D	-	-	D	D	D	D	-	-	D	D	-	-
G	D	D	D	-	-	D	D	D	-	-	D	D	-	-
H	D	D	-	-	-	-	-	D	D	-	-	D	D	D
Objective 0: 1102
Objective 1: 9
Constr violation: 0


Individual 88
E\D	1	2	3	4	5	6	7	8	9	10	11	12	13	14
A	D	D	D	D	D	-	-	-	-	-	-	D	D	D
B	-	-	D	D	D	D	D	-	-	D	D	D	-	-
C	D	D	D	D	D	-	-	D	D	D	-	-	-	-
D	D	D	D	-	-	D	D	D	D	D	-	-	-	-
E	-	-	D	D	-	-	-	D	D	D	-	-	D	D
F	D	D	-	-	D	D	D	D	-	-	D	D	-	-
G	D	D	D	-	-	D	D	D	-	-	D	D	-	-
H	D	D	-	-	-	-	-	D	D	-	-	D	D	D
Objective 0: 1102
Objective 1: 9
Constr violation: 0


Individual 89
E\D	1	2	3	4	5	6	7	8	9	10	11	12	13	14
A	D	D	D	D	D	-	-	-	-	-	-	D	D	D
B	-	-	D	D	D	D	D	-	-	D	D	D	-	-
C	D	D	D	D	D	-	-	D	D	D	-	-	-	-
D	D	D	D	-	-	D	D	D	D	D	-	-	-	-
E	-	-	D	D	-	-	-	D	D	D	-	-	D	D
F	D	D	-	-	D	D	D	D	-	-	D	D	-	-
G	D	D	D	-	-	D	D	D	-	-	D	D	-	-
H	D	D	-	-	-	-	-	D	D	-	-	D	D	D
Objective 0: 1102
Objective 1: 9
Constr violation: 0


Individual 90
E\D	1	2	3	4	5	6	7	8	9	10	11	12	13	14
A	D	D	D	D	D	-	-	-	-	-	-	D	D	D
B	-	-	D	D	D	D	D	-	-	D	D	D	-	-
C	D	D	D	D	D	-	-	D	D	D	-	-	-	-
D	D	D	D	-	-	D	D	D	D	D	-	-	-	-
E	-	-	D	D	-	-	-	D	D	D	-	-	D	D
F	D	D	-	-	D	D	D	D	-	-	D	D	-	-
G	D	D	D	-	-	D	D	D	-	-	D	D	-	-
H	D	D	-	-	-	-	-	D	D	-	-	D	D	D
Objective 0: 1102
Objective 1: 9
Constr violation: 0


Individual 91
E\D	1	2	3	4	5	6	7	8	9	10	11	12	13	14
A	D	D	D	D	D	-	-	-	-	-	-	D	D	D
B	-	-	D	D	D	D	D	-	-	D	D	D	-	-
C	D	D	D	D	D	-	-	D	D	D	-	-	-	D
D	D	D	D	-	-	D	D	D	D	D	-	-	-	-
E	-	-	D	D	-	-	-	D	D	D	-	-	D	D
F	D	D	-	-	D	D	D	D	-	-	D	D	-	-
G	D	D	D	-	-	D	D	D	-	-	D	D	-	-
H	D	D	-	-	-	-	-	D	D	-	-	D	D	D
Objective 0: 1002
Objective 1: 10
Constr violation: 0


Individual 92
E\D	1	2	3	4	5	6	7	8	9	10	11	12	13	14
A	D	D	D	D	D	-	-	-	-	-	-	D	D	D
B	-	-	D	D	D	D	D	-	-	D	D	D	-	-
C	D	D	D	D	D	-	-	D	D	D	-	-	-	D
D	D	D	D	-	-	D	D	D	D	D	-	-	-	-
E	-	-	D	D	-	-	-	D	D	D	-	-	D	D
F	D	D	-	-	D	D	D	D	-	-	D	D	-	-
G	D	D	D	-	-	D	D	D	-	-	D	D	-	-
H	D	D	-	-	-	-	-	D	D	-	-	D	D	D
Objective 0: 1002
Objective 1: 10
Constr violation: 0


Individual 93
E\D	1	2	3	4	5	6	7	8	9	10	11	12	13	14
A	D	D	D	D	D	-	-	-	-	-	-	D	D	D
B	-	-	D	D	D	D	D	-	-	D	D	D	-	-
C	D	D	D	D	D	-	-	D	D	D	-	-	-	-
D	D	D	D	-	-	D	D	D	D	D	-	-	-	-
E	-	-	D	D	-	-	-	D	D	D	-	-	D	D
F	D	D	-	-	D	D	D	D	-	-	D	D	-	-
G	D	D	D	-	-	D	D	D	-	-	D	D	-	-
H	D	D	-	-	-	-	-	D	D	-	-	D	D	D
Objective 0: 1102
Objective 1: 9
Constr violation: 0


Individual 94
E\D	1	2	3	4	5	6	7	8	9	10	11	12	13	14
A	D	D	D	D	D	-	-	-	-	-	-	D	D	D
B	-	-	D	D	D	D	D	-	-	D	D	D	-	-
C	D	D	D	D	D	-	-	D	D	D	-	-	-	D
D	D	D	D	-	-	D	D	D	D	D	-	-	-	-
E	-	-	D	D	-	-	-	D	D	D	-	-	D	D
F	D	D	-	-	D	D	D	D	-	-	D	D	-	-
G	D	D	D	-	-	D	D	D	-	-	D	D	-	-
H	D	D	-	-	-	-	-	D	D	-	-	D	D	D
Objective 0: 1002
Objective 1: 10
Constr violation: 0


Individual 95
E\D	1	2	3	4	5	6	7	8	9	10	11	12	13	14
A	D	D	D	D	D	-	-	-	-	-	-	D	D	D
B	-	-	D	D	D	D	D	-	-	D	D	D	-	-
C	D	D	D	D	D	-	-	D	D	D	-	-	-	-
D	D	D	D	-	-	D	D	D	D	D	-	-	-	-
E	-	-	D	D	-	-	-	D	D	D	-	-	D	D
F	D	D	-	-	D	D	D	D	-	-	D	D	-	-
G	D	D	D	-	-	D	D	D	-	-	D	D	-	-
H	D	D	-	-	-	-	-	D	D	-	-	D	D	D
Objective 0: 1102
Objective 1: 9
Constr violation: 0


Individual 96
E\D	1	2	3	4	5	6	7	8	9	10	11	12	13	14
A	D	D	D	D	D	-	-	-	-	-	-	D	D	D
B	-	-	D	D	D	D	D	-	-	D	D	D	-	-
C	D	D	D	D	D	-	-	D	D	D	-	-	-	D
D	D	D	D	-	-	D	D	D	D	D	-	-	-	-
E	-	-	D	D	-	-	-	D	D	D	-	-	D	D
F	D	D	-	-	D	D	D	D	-	-	D	D	-	-
G	D	D	D	-	-	D	D	D	-	-	D	D	-	-
H	D	D	-	-	-	-	-	D	D	-	-	D	D	D
Objective 0: 1002
Objective 1: 10
Constr violation: 0


Individual 97
E\D	1	2	3	4	5	6	7	8	9	10	11	12	13	14
A	D	D	D	D	D	-	-	-	-	-	-	D	D	D
B	-	-	D	D	D	D	D	-	-	D	D	D	-	-
C	D	D	D	D	D	-	-	D	D	D	-	-	-	D
D	D	D	D	-	-	D	D	D	D	D	-	-	-	-
E	-	-	D	D	-	-	-	D	D	D	-	-	D	D
F	D	D	-	-	D	D	D	D	-	-	D	D	-	-
G	D	D	D	-	-	D	D	D	-	-	D	D	-	-
H	D	D	-	-	-	-	-	D	D	-	-	D	D	D
Objective 0: 1002
Objective 1: 10
Constr violation: 0


Individual 98
E\D	1	2	3	4	5	6	7	8	9	10	11	12	13	14
A	D	D	D	D	D	-	-	-	-	-	-	D	D	D
B	-	-	D	D	D	D	D	-	-	D	D	D	-	-
C	D	D	D	D	D	-	-	D	D	D	-	-	-	D
D	D	D	D	-	-	D	D	D	D	D	-	-	-	-
E	-	-	D	D	-	-	-	D	D	D	-	-	D	D
F	D	D	-	-	D	D	D	D	-	-	D	D	-	-
G	D	D	D	-	-	D	D	D	-	-	D	D	-	-
H	D	D	-	-	-	-	-	D	D	-	-	D	D	D
Objective 0: 1002
Objective 1: 10
Constr violation: 0


Individual 99
E\D	1	2	3	4	5	6	7	8	9	10	11	12	13	14
A	D	D	D	D	D	-	-	-	-	-	-	D	D	D
B	-	-	D	D	D	D	D	-	-	D	D	D	-	-
C	D	D	D	D	D	-	-	D	D	D	-	-	-	-
D	D	D	D	-	-	D	D	D	D	D	-	-	-	-
E	-	-	D	D	-	-	-	D	D	D	-	-	D	D
F	D	D	-	-	D	D	D	D	-	-	D	D	-	-
G	D	D	D	-	-	D	D	D	-	-	D	D	-	-
H	D	D	-	-	-	-	-	D	D	-	-	D	D	D
Objective 0: 1102
Objective 1: 9
Constr violation: 0


