902 13 
902 13 
1002 9 
902 13 
902 13 
902 13 
902 13 
902 13 
902 13 
902 13 
902 13 
902 13 
902 13 
902 13 
902 13 
902 13 
902 13 
902 13 
902 13 
902 13 
902 13 
902 13 
902 13 
902 13 
902 13 
902 13 
902 13 
902 13 
902 13 
902 13 
902 13 
902 13 
1002 10 
1102 9 
1102 9 
1002 10 
1102 9 
1002 10 
1102 9 
1102 9 
1102 9 
1102 9 
1002 10 
1002 10 
1002 10 
1002 10 
1002 10 
1102 9 
1102 9 
1102 9 
1102 9 
1102 9 
1102 9 
1102 9 
1002 10 
1102 9 
1102 9 
1002 10 
1002 10 
1002 10 
1002 10 
1002 10 
1102 9 
1002 10 
1002 10 
1102 9 
1102 9 
1002 10 
1002 10 
1102 9 
1002 10 
1002 10 
1102 9 
1102 9 
1002 10 
1102 9 
1102 9 
1102 9 
1002 10 
1002 10 
1102 9 
1002 10 
1002 10 
1002 10 
1102 9 
1002 10 
1102 9 
1102 9 
1102 9 
1102 9 
1102 9 
1002 10 
1002 10 
1102 9 
1002 10 
1102 9 
1002 10 
1002 10 
1002 10 
1102 9 
