Individual 0
1	2	3	4	5	6	7	8	9	10	11	12	13	14	15	16	17	18	19	20	21	22	23	24	25	26	27	28
E	E	E	E	E	-	-	E	E	E	-	-	-	-	E	E	-	-	E	E	E	-	-	E	E	E	E	E
E	E	E	-	-	E	E	E	E	-	-	-	-	-	E	E	E	E	E	-	-	E	E	-	-	E	E	E
-	-	E	E	E	E	-	E	E	L	L	L	-	-	E	L	L	L	-	-	E	L	L	L	L	-	-	E
L	L	L	L	-	-	E	E	-	-	E	E	-	-	E	L	L	-	-	E	L	L	L	L	-	-	-	-
-	-	E	E	E	E	E	-	-	-	E	E	-	-	E	E	E	E	E	-	-	-	-	-	E	E	E	E
L	L	L	L	L	-	-	E	L	L	L	-	-	-	-	E	E	E	-	-	L	L	-	-	E	L	L	L
L	L	-	-	-	L	L	-	-	L	L	L	-	-	E	E	E	E	L	-	-	E	L	L	-	-	E	L
E	E	E	E	E	-	-	-	L	L	L	-	E	E	L	-	-	L	L	-	-	L	L	L	L	L	-	-
E	L	L	L	-	-	E	L	L	L	-	-	-	-	-	L	L	L	L	-	E	E	E	E	E	-	-	-
L	L	-	-	E	E	L	L	-	-	E	L	L	L	L	-	-	E	E	-	-	-	E	L	L	L	-	-
-	E	E	E	E	-	-	-	E	E	E	-	-	-	-	E	E	E	E	-	-	-	E	E	E	E	E	E
E	E	E	-	-	-	-	E	E	E	E	E	E	-	-	-	-	-	E	E	E	E	E	E	-	-	-	E
-	-	-	L	L	-	-	-	E	E	L	L	L	-	-	-	E	E	L	L	L	-	-	-	L	L	L	L
E	E	E	E	E	E	-	-	-	E	E	E	E	E	-	-	-	E	E	E	E	E	-	-	-	-	-	-
-	-	-	E	E	E	E	L	-	-	-	-	-	E	L	L	L	L	L	-	-	-	E	E	E	E	L	L
-	E	E	L	L	L	L	-	-	-	-	E	E	E	E	E	-	-	-	E	E	E	E	E	-	-	-	-
Objective 0: 3413
Objective 1: 47
Constr violation: 0
Restrictions violated:
0 0 0 0 0 0 0 0 

Individual 1
1	2	3	4	5	6	7	8	9	10	11	12	13	14	15	16	17	18	19	20	21	22	23	24	25	26	27	28
E	E	E	E	E	-	-	E	E	E	-	-	-	-	E	E	-	-	E	E	E	-	-	E	E	E	E	E
E	E	E	-	-	E	E	E	E	-	-	-	-	-	E	E	E	E	E	-	-	E	E	-	-	E	E	E
-	-	E	E	E	E	-	E	E	L	L	L	-	-	E	L	L	L	-	-	E	L	L	L	L	-	-	E
-	-	-	L	L	L	L	L	-	-	E	E	-	-	E	E	E	E	-	-	-	L	L	-	-	L	L	L
-	-	E	E	E	E	E	-	-	-	E	E	-	-	E	E	E	E	E	-	-	-	-	-	E	E	E	E
L	L	L	L	L	-	-	E	L	L	L	-	-	-	-	E	E	E	-	-	L	L	-	-	E	L	L	L
L	L	-	-	-	L	L	-	-	L	L	L	-	-	E	E	E	E	L	-	-	E	L	L	-	-	E	L
E	E	E	E	E	-	-	E	E	E	-	-	E	E	L	-	-	L	L	-	-	L	L	L	L	L	-	-
E	L	L	L	-	-	E	L	L	L	-	-	-	-	-	L	L	L	L	-	E	E	E	E	E	-	-	-
-	-	-	E	E	L	L	L	-	-	L	L	L	L	L	-	-	E	L	-	-	E	E	E	L	-	-	-
-	E	E	E	E	-	-	-	E	E	E	-	-	-	-	E	E	E	E	-	-	-	E	E	E	E	E	E
E	E	E	-	-	-	-	E	E	E	E	E	E	-	-	-	-	-	E	E	E	E	E	E	-	-	-	E
-	-	-	L	L	L	L	-	-	-	E	E	E	E	E	L	-	-	-	L	L	L	L	L	L	-	-	-
E	E	E	E	E	E	-	-	-	E	E	E	E	E	-	-	-	E	E	E	E	E	-	-	-	-	-	-
-	-	-	E	E	E	E	L	-	-	-	-	-	E	L	L	L	L	L	-	-	-	E	E	E	E	L	L
E	E	E	E	E	E	-	-	-	-	-	E	E	E	E	E	-	-	-	E	E	E	E	E	-	-	-	-
Objective 0: 4221
Objective 1: 36
Constr violation: 0
Restrictions violated:
0 0 0 0 0 0 0 0 

Individual 2
1	2	3	4	5	6	7	8	9	10	11	12	13	14	15	16	17	18	19	20	21	22	23	24	25	26	27	28
E	E	E	E	E	-	-	E	E	E	-	-	-	-	E	E	-	-	E	E	E	-	-	E	E	E	E	E
E	E	E	-	-	E	E	E	E	-	-	-	-	-	E	E	E	E	E	-	-	E	E	-	-	E	E	E
-	-	E	E	E	E	-	E	E	L	L	L	-	-	E	L	L	L	-	-	E	L	L	L	L	-	-	E
-	-	-	L	L	L	L	L	-	-	E	E	-	-	E	E	E	E	-	-	-	L	L	-	-	L	L	L
-	-	E	E	E	E	E	-	-	-	E	E	-	-	E	E	E	E	E	-	-	-	-	-	E	E	E	E
L	L	L	L	L	-	-	E	L	L	L	-	-	-	-	E	E	E	-	-	L	L	-	-	E	L	L	L
L	L	-	-	-	L	L	-	-	L	L	L	-	-	E	E	E	E	L	-	-	E	L	L	-	-	E	L
E	E	E	E	E	-	-	E	E	E	-	-	E	E	L	-	-	L	L	-	-	L	L	L	L	L	-	-
E	L	L	L	-	-	E	L	L	L	-	-	-	-	-	L	L	L	L	-	E	E	E	E	E	-	-	-
L	L	-	-	E	E	L	L	-	-	E	L	L	L	L	-	-	E	E	-	-	-	E	L	L	L	-	-
-	E	E	E	E	-	-	-	E	E	E	-	-	-	-	E	E	E	E	-	-	-	E	E	E	E	E	E
E	E	E	-	-	-	-	E	E	E	E	E	E	-	-	-	-	-	E	E	E	E	E	E	-	-	-	E
-	-	-	L	L	L	L	-	-	-	E	E	E	E	E	L	-	-	-	L	L	L	L	L	L	-	-	-
E	E	E	E	E	E	-	-	-	E	E	E	E	E	-	-	-	E	E	E	E	E	-	-	-	-	-	-
-	-	-	E	E	E	E	L	-	-	-	-	-	E	L	L	L	L	L	-	-	-	E	E	E	E	L	L
E	E	E	E	E	E	-	-	-	-	-	E	E	E	E	E	-	-	-	E	E	E	E	E	-	-	-	-
Objective 0: 3818
Objective 1: 39
Constr violation: 0
Restrictions violated:
0 0 0 0 0 0 0 0 

Individual 3
1	2	3	4	5	6	7	8	9	10	11	12	13	14	15	16	17	18	19	20	21	22	23	24	25	26	27	28
E	E	E	E	E	-	-	E	E	E	-	-	-	-	E	E	-	-	E	E	E	-	-	E	E	E	E	E
E	E	E	-	-	E	E	E	E	-	-	-	-	-	E	E	E	E	E	-	-	E	E	-	-	E	E	E
-	-	E	E	E	E	-	E	E	L	L	L	-	-	E	L	L	L	-	-	E	L	L	L	L	-	-	E
L	L	L	L	-	-	E	E	-	-	E	E	-	-	E	L	L	-	-	E	L	L	L	L	-	-	-	-
-	-	E	E	E	E	E	-	-	-	E	E	-	-	E	E	E	E	E	-	-	-	-	-	E	E	E	E
L	L	L	L	L	-	-	E	L	L	L	-	-	-	-	E	E	E	-	-	L	L	-	-	E	L	L	L
L	L	-	-	-	L	L	-	-	L	L	L	-	-	E	E	E	E	L	-	-	E	L	L	-	-	E	L
E	E	E	E	E	-	-	-	L	L	L	-	E	E	L	-	-	L	L	-	-	L	L	L	L	L	-	-
E	L	L	L	-	-	E	L	L	L	-	-	-	-	-	L	L	L	L	-	E	E	E	E	E	-	-	-
L	L	-	-	E	E	L	L	-	-	E	L	L	L	L	-	-	E	E	-	-	-	E	L	L	L	-	-
-	E	E	E	E	-	-	-	E	E	E	-	-	-	-	E	E	E	E	-	-	-	E	E	E	E	E	E
E	E	E	-	-	-	-	E	E	E	E	E	E	-	-	-	-	-	E	E	E	E	E	E	-	-	-	E
-	-	-	L	L	-	-	-	E	E	L	L	L	-	-	-	E	E	L	L	L	-	-	-	L	L	L	L
E	E	E	E	E	E	-	-	-	E	E	E	E	E	-	-	-	E	E	E	E	E	-	-	-	-	-	-
-	-	-	E	E	E	E	L	-	-	-	-	-	E	L	L	L	L	L	-	-	-	E	E	E	E	L	L
-	E	E	L	L	L	L	-	-	-	-	E	E	E	E	E	-	-	-	E	E	E	E	E	-	-	-	-
Objective 0: 3413
Objective 1: 47
Constr violation: 0
Restrictions violated:
0 0 0 0 0 0 0 0 

Individual 4
1	2	3	4	5	6	7	8	9	10	11	12	13	14	15	16	17	18	19	20	21	22	23	24	25	26	27	28
E	E	E	E	E	-	-	E	E	E	-	-	-	-	E	E	-	-	E	E	E	-	-	E	E	E	E	E
E	E	E	-	-	E	E	E	E	-	-	-	-	-	E	E	E	E	E	-	-	E	E	-	-	E	E	E
-	-	E	E	E	E	-	E	E	L	L	L	-	-	E	L	L	L	-	-	E	L	L	L	L	-	-	E
L	L	L	L	-	-	E	E	-	-	E	E	-	-	E	L	L	-	-	E	L	L	L	L	-	-	-	-
-	-	E	E	E	E	E	-	-	-	E	E	-	-	E	E	E	E	E	-	-	-	-	-	E	E	E	E
L	L	L	L	L	-	-	E	L	L	L	-	-	-	-	E	E	E	-	-	L	L	-	-	E	L	L	L
L	L	-	-	-	L	L	-	-	L	L	L	-	-	E	E	E	E	L	-	-	E	L	L	-	-	E	L
E	E	E	E	E	-	-	-	L	L	L	-	E	E	L	-	-	L	L	-	-	L	L	L	L	L	-	-
E	L	L	L	-	-	E	L	L	L	-	-	-	-	-	L	L	L	L	-	E	E	E	E	E	-	-	-
L	L	-	-	E	E	L	L	-	-	E	L	L	L	L	-	-	E	E	-	-	-	E	L	L	L	-	-
-	E	E	E	E	-	-	-	E	E	E	-	-	-	-	E	E	E	E	-	-	-	E	E	E	E	E	E
E	E	E	-	-	-	-	E	E	E	E	E	E	-	-	-	-	-	E	E	E	E	E	E	-	-	-	E
-	-	-	L	L	-	-	-	E	E	L	L	L	-	-	-	E	E	L	L	L	-	-	-	L	L	L	L
E	E	E	E	E	E	-	-	-	E	E	E	E	E	-	-	-	E	E	E	E	E	-	-	-	-	-	-
-	-	-	E	E	E	E	L	-	-	-	-	-	E	L	L	L	L	L	-	-	-	E	E	E	E	L	L
E	E	E	E	E	E	-	-	-	-	-	E	E	E	E	E	-	-	-	E	E	E	E	E	-	-	-	-
Objective 0: 3615
Objective 1: 44
Constr violation: 0
Restrictions violated:
0 0 0 0 0 0 0 0 

Individual 5
1	2	3	4	5	6	7	8	9	10	11	12	13	14	15	16	17	18	19	20	21	22	23	24	25	26	27	28
E	E	E	E	E	-	-	E	E	E	-	-	-	-	E	E	-	-	E	E	E	-	-	E	E	E	E	E
E	E	E	-	-	E	E	E	E	-	-	-	-	-	E	E	E	E	E	-	-	E	E	-	-	E	E	E
-	-	E	E	E	E	-	E	E	L	L	L	-	-	E	L	L	L	-	-	E	L	L	L	L	-	-	E
-	-	-	L	L	L	L	L	-	-	E	E	-	-	E	E	E	E	-	-	-	L	L	-	-	L	L	L
-	-	E	E	E	E	E	-	-	-	E	E	-	-	E	E	E	E	E	-	-	-	-	-	E	E	E	E
L	L	L	L	L	-	-	E	L	L	L	-	-	-	-	E	E	E	-	-	L	L	-	-	E	L	L	L
L	L	-	-	-	L	L	-	-	L	L	L	-	-	E	E	E	E	L	-	-	E	L	L	-	-	E	L
E	E	E	E	E	-	-	E	E	E	-	-	E	E	L	-	-	L	L	-	-	L	L	L	L	L	-	-
E	L	L	L	-	-	E	L	L	L	-	-	-	-	-	L	L	L	L	-	E	E	E	E	E	-	-	-
-	-	E	E	L	-	-	L	L	L	L	L	-	-	-	-	-	-	E	E	E	E	E	-	-	L	L	L
-	E	E	E	E	-	-	-	E	E	E	-	-	-	-	E	E	E	E	-	-	-	E	E	E	E	E	E
E	E	E	-	-	-	-	E	E	E	E	E	E	-	-	-	-	-	E	E	E	E	E	E	-	-	-	E
-	-	-	L	L	L	L	-	-	-	E	E	E	E	E	L	-	-	-	L	L	L	L	L	L	-	-	-
E	E	E	E	E	E	-	-	-	E	E	E	E	E	-	-	-	E	E	E	E	E	-	-	-	-	-	-
-	-	-	E	E	E	E	L	-	-	-	-	-	E	L	L	L	L	L	-	-	-	E	E	E	E	L	L
E	E	E	E	E	E	-	-	-	-	-	E	E	E	E	E	-	-	-	E	E	E	E	E	-	-	-	-
Objective 0: 4120
Objective 1: 37
Constr violation: 0
Restrictions violated:
0 0 0 0 0 0 0 0 

Individual 6
1	2	3	4	5	6	7	8	9	10	11	12	13	14	15	16	17	18	19	20	21	22	23	24	25	26	27	28
E	E	E	E	E	-	-	E	E	E	-	-	-	-	E	E	-	-	E	E	E	-	-	E	E	E	E	E
E	E	E	-	-	E	E	E	E	-	-	-	-	-	E	E	E	E	E	-	-	E	E	-	-	E	E	E
-	-	E	E	E	E	-	E	E	L	L	L	-	-	E	L	L	L	-	-	E	L	L	L	L	-	-	E
-	-	-	L	L	L	L	L	-	-	E	E	-	-	E	E	E	E	-	-	-	L	L	-	-	L	L	L
-	-	E	E	E	E	E	-	-	-	E	E	-	-	E	E	E	E	E	-	-	-	-	-	E	E	E	E
L	L	L	L	L	-	-	E	L	L	L	-	-	-	-	E	E	E	-	-	L	L	-	-	E	L	L	L
L	L	-	-	-	L	L	-	-	L	L	L	-	-	E	E	E	E	L	-	-	E	L	L	-	-	E	L
E	E	E	E	E	-	-	E	E	E	-	-	E	E	L	-	-	L	L	-	-	L	L	L	L	L	-	-
E	L	L	L	-	-	E	L	L	L	-	-	-	-	-	L	L	L	L	-	E	E	E	E	E	-	-	-
L	L	-	-	E	E	L	L	-	-	E	L	L	L	L	-	-	E	E	-	-	-	E	L	L	L	-	-
-	E	E	E	E	-	-	-	E	E	E	-	-	-	-	E	E	E	E	-	-	-	E	E	E	E	E	E
E	E	E	-	-	-	-	E	E	E	E	E	E	-	-	-	-	-	E	E	E	E	E	E	-	-	-	E
-	-	-	L	L	L	L	-	-	-	E	E	E	E	E	L	-	-	-	L	L	L	L	L	L	-	-	-
E	E	E	E	E	E	-	-	-	E	E	E	E	E	-	-	-	E	E	E	E	E	-	-	-	-	-	-
-	-	-	-	-	E	L	L	L	L	L	-	-	-	E	L	L	L	L	L	-	-	-	E	E	E	E	L
E	E	E	E	E	E	-	-	-	-	-	E	E	E	E	E	-	-	-	E	E	E	E	E	-	-	-	-
Objective 0: 3718
Objective 1: 42
Constr violation: 0
Restrictions violated:
0 0 0 0 0 0 0 0 

Individual 7
1	2	3	4	5	6	7	8	9	10	11	12	13	14	15	16	17	18	19	20	21	22	23	24	25	26	27	28
E	E	E	E	E	-	-	E	E	E	-	-	-	-	E	E	-	-	E	E	E	-	-	E	E	E	E	E
E	E	E	-	-	E	E	E	E	-	-	-	-	-	E	E	E	E	E	-	-	E	E	-	-	E	E	E
-	-	E	E	E	E	-	E	E	L	L	L	-	-	E	L	L	L	-	-	E	L	L	L	L	-	-	E
-	-	-	L	L	L	L	L	-	-	E	E	-	-	E	E	E	E	-	-	-	L	L	-	-	L	L	L
-	-	E	E	E	E	E	-	-	-	E	E	-	-	E	E	E	E	E	-	-	-	-	-	E	E	E	E
L	L	L	L	L	-	-	E	L	L	L	-	-	-	-	E	E	E	-	-	L	L	-	-	E	L	L	L
L	L	-	-	-	L	L	-	-	L	L	L	-	-	E	E	E	E	L	-	-	E	L	L	-	-	E	L
E	E	E	E	E	-	-	E	E	E	-	-	E	E	L	-	-	L	L	-	-	L	L	L	L	L	-	-
E	L	L	L	-	-	E	L	L	L	-	-	-	-	-	L	L	L	L	-	E	E	E	E	E	-	-	-
L	L	-	-	E	E	L	L	-	-	E	L	L	L	L	-	-	E	E	-	-	-	E	L	L	L	-	-
-	E	E	E	E	-	-	-	E	E	E	-	-	-	-	E	E	E	E	-	-	-	E	E	E	E	E	E
E	E	E	-	-	-	-	E	E	E	E	E	E	-	-	-	-	-	E	E	E	E	E	E	-	-	-	E
-	-	-	L	L	L	L	-	-	-	E	E	E	E	E	L	-	-	-	L	L	L	L	L	L	-	-	-
E	E	E	E	E	E	-	-	-	E	E	E	E	E	-	-	-	E	E	E	E	E	-	-	-	-	-	-
-	-	-	E	E	E	E	L	-	-	-	-	-	E	L	L	L	L	L	-	-	-	E	E	E	E	L	L
E	E	E	E	E	E	-	-	-	-	-	E	E	E	E	E	-	-	-	E	E	E	E	E	-	-	-	-
Objective 0: 3818
Objective 1: 39
Constr violation: 0
Restrictions violated:
0 0 0 0 0 0 0 0 

Individual 8
1	2	3	4	5	6	7	8	9	10	11	12	13	14	15	16	17	18	19	20	21	22	23	24	25	26	27	28
E	E	E	E	E	-	-	E	E	E	-	-	-	-	E	E	-	-	E	E	E	-	-	E	E	E	E	E
E	E	E	-	-	E	E	E	E	-	-	-	-	-	E	E	E	E	E	-	-	E	E	-	-	E	E	E
-	-	E	E	E	E	-	E	E	L	L	L	-	-	E	L	L	L	-	-	E	L	L	L	L	-	-	E
L	L	L	L	-	-	E	E	-	-	E	E	-	-	E	L	L	-	-	E	L	L	L	L	-	-	-	-
-	-	E	E	E	E	E	-	-	-	E	E	-	-	E	E	E	E	E	-	-	-	-	-	E	E	E	E
L	L	L	L	L	-	-	E	L	L	L	-	-	-	-	E	E	E	-	-	L	L	-	-	E	L	L	L
L	L	-	-	-	L	L	-	-	L	L	L	-	-	E	E	E	E	L	-	-	E	L	L	-	-	E	L
E	E	E	E	E	-	-	-	L	L	L	-	E	E	L	-	-	L	L	-	-	L	L	L	L	L	-	-
E	L	L	L	-	-	E	L	L	L	-	-	-	-	-	L	L	L	L	-	E	E	E	E	E	-	-	-
L	L	-	-	E	E	L	L	-	-	E	L	L	L	L	-	-	E	E	-	-	-	E	L	L	L	-	-
-	E	E	E	E	-	-	-	E	E	E	-	-	-	-	E	E	E	E	-	-	-	E	E	E	E	E	E
E	E	E	-	-	-	-	E	E	E	E	E	E	-	-	-	-	-	E	E	E	E	E	E	-	-	-	E
-	-	-	L	L	-	-	-	E	E	L	L	L	-	-	-	E	E	L	L	L	-	-	-	L	L	L	L
E	E	E	E	E	E	-	-	-	E	E	E	E	E	-	-	-	E	E	E	E	E	-	-	-	-	-	-
-	-	-	E	E	E	E	L	-	-	-	-	-	E	L	L	L	L	L	-	-	-	E	E	E	E	L	L
E	E	E	E	E	E	-	-	-	-	-	E	E	E	E	E	-	-	-	E	E	E	E	E	-	-	-	-
Objective 0: 3615
Objective 1: 44
Constr violation: 0
Restrictions violated:
0 0 0 0 0 0 0 0 

Individual 9
1	2	3	4	5	6	7	8	9	10	11	12	13	14	15	16	17	18	19	20	21	22	23	24	25	26	27	28
E	E	E	E	E	-	-	E	E	E	-	-	-	-	E	E	-	-	E	E	E	-	-	E	E	E	E	E
E	E	E	-	-	E	E	E	E	-	-	-	-	-	E	E	E	E	E	-	-	E	E	-	-	E	E	E
-	-	E	E	E	E	-	E	E	L	L	L	-	-	E	L	L	L	-	-	E	L	L	L	L	-	-	E
-	-	-	L	L	L	L	L	-	-	E	E	-	-	E	E	E	E	-	-	-	L	L	-	-	L	L	L
-	-	E	E	E	E	E	-	-	-	E	E	-	-	E	E	E	E	E	-	-	-	-	-	E	E	E	E
L	L	L	L	L	-	-	E	L	L	L	-	-	-	-	E	E	E	-	-	L	L	-	-	E	L	L	L
L	L	-	-	-	L	L	-	-	L	L	L	-	-	E	E	E	E	L	-	-	E	L	L	-	-	E	L
E	E	E	E	E	-	-	E	E	E	-	-	E	E	L	-	-	L	L	-	-	L	L	L	L	L	-	-
E	L	L	L	-	-	E	L	L	L	-	-	-	-	-	L	L	L	L	-	E	E	E	E	E	-	-	-
-	-	E	E	L	-	-	L	L	L	L	L	-	-	-	-	-	-	E	E	E	E	E	-	-	L	L	L
-	E	E	E	E	-	-	-	E	E	E	-	-	-	-	E	E	E	E	-	-	-	E	E	E	E	E	E
E	E	E	-	-	-	-	E	E	E	E	E	E	-	-	-	-	-	E	E	E	E	E	E	-	-	-	E
-	-	-	L	L	L	L	-	-	-	E	E	E	E	E	L	-	-	-	L	L	L	L	L	L	-	-	-
E	E	E	E	E	E	-	-	-	E	E	E	E	E	-	-	-	E	E	E	E	E	-	-	-	-	-	-
-	-	-	E	E	E	E	L	-	-	-	-	-	E	L	L	L	L	L	-	-	-	E	E	E	E	L	L
E	E	E	E	E	E	-	-	-	-	-	E	E	E	E	E	-	-	-	E	E	E	E	E	-	-	-	-
Objective 0: 4120
Objective 1: 37
Constr violation: 0
Restrictions violated:
0 0 0 0 0 0 0 0 

Individual 10
1	2	3	4	5	6	7	8	9	10	11	12	13	14	15	16	17	18	19	20	21	22	23	24	25	26	27	28
E	E	E	E	E	-	-	E	E	E	-	-	-	-	E	E	-	-	E	E	E	-	-	E	E	E	E	E
E	E	E	-	-	E	E	E	E	-	-	-	-	-	E	E	E	E	E	-	-	E	E	-	-	E	E	E
-	-	E	E	E	E	-	E	E	L	L	L	-	-	E	L	L	L	-	-	E	L	L	L	L	-	-	E
-	-	-	L	L	L	L	L	-	-	E	E	-	-	E	E	E	E	-	-	-	L	L	-	-	L	L	L
-	-	E	E	E	E	E	-	-	-	E	E	-	-	E	E	E	E	E	-	-	-	-	-	E	E	E	E
L	L	L	L	L	-	-	E	L	L	L	-	-	-	-	E	E	E	-	-	L	L	-	-	E	L	L	L
L	L	-	-	-	L	L	-	-	L	L	L	-	-	E	E	E	E	L	-	-	E	L	L	-	-	E	L
E	E	E	E	E	-	-	E	E	E	-	-	E	E	L	-	-	L	L	-	-	L	L	L	L	L	-	-
E	L	L	L	-	-	E	L	L	L	-	-	-	-	-	L	L	L	L	-	E	E	E	E	E	-	-	-
L	L	-	-	E	E	L	L	-	-	E	L	L	L	L	-	-	E	E	-	-	-	E	L	L	L	-	-
-	E	E	E	E	-	-	-	E	E	E	-	-	-	-	E	E	E	E	-	-	-	E	E	E	E	E	E
E	E	E	-	-	-	-	E	E	E	E	E	E	-	-	-	-	-	E	E	E	E	E	E	-	-	-	E
-	-	-	L	L	L	L	-	-	-	E	E	E	E	E	L	-	-	-	L	L	L	L	L	L	-	-	-
E	E	E	E	E	E	-	-	-	E	E	E	E	E	-	-	-	E	E	E	E	E	-	-	-	-	-	-
-	-	-	-	-	E	L	L	L	L	L	-	-	-	E	L	L	L	L	L	-	-	-	E	E	E	E	L
E	E	E	E	E	E	-	-	-	-	-	E	E	E	E	E	-	-	-	E	E	E	E	E	-	-	-	-
Objective 0: 3718
Objective 1: 42
Constr violation: 0
Restrictions violated:
0 0 0 0 0 0 0 0 

Individual 11
1	2	3	4	5	6	7	8	9	10	11	12	13	14	15	16	17	18	19	20	21	22	23	24	25	26	27	28
E	E	E	E	E	-	-	E	E	E	-	-	-	-	E	E	-	-	E	E	E	-	-	E	E	E	E	E
E	E	E	-	-	E	E	E	E	-	-	-	-	-	E	E	E	E	E	-	-	E	E	-	-	E	E	E
-	-	E	E	E	E	-	E	E	L	L	L	-	-	E	L	L	L	-	-	E	L	L	L	L	-	-	E
-	-	-	L	L	L	L	L	-	-	E	E	-	-	E	E	E	E	-	-	-	L	L	-	-	L	L	L
-	-	E	E	E	E	E	-	-	-	E	E	-	-	E	E	E	E	E	-	-	-	-	-	E	E	E	E
L	L	L	L	L	-	-	E	L	L	L	-	-	-	-	E	E	E	-	-	L	L	-	-	E	L	L	L
L	L	-	-	-	L	L	-	-	L	L	L	-	-	E	E	E	E	L	-	-	E	L	L	-	-	E	L
E	E	E	E	E	-	-	E	E	E	-	-	E	E	L	-	-	L	L	-	-	L	L	L	L	L	-	-
E	L	L	L	-	-	E	L	L	L	-	-	-	-	-	L	L	L	L	-	E	E	E	E	E	-	-	-
-	-	E	E	L	-	-	L	L	L	L	L	-	-	-	-	-	-	E	E	E	E	E	-	-	L	L	L
-	E	E	E	E	-	-	-	E	E	E	-	-	-	-	E	E	E	E	-	-	-	E	E	E	E	E	E
E	E	E	-	-	-	-	E	E	E	E	E	E	-	-	-	-	-	E	E	E	E	E	E	-	-	-	E
-	-	-	L	L	L	L	-	-	-	E	E	E	E	E	L	-	-	-	L	L	L	L	L	L	-	-	-
E	E	E	E	E	E	-	-	-	E	E	E	E	E	-	-	-	E	E	E	E	E	-	-	-	-	-	-
-	-	-	E	E	E	E	L	-	-	-	-	-	E	L	L	L	L	L	-	-	-	E	E	E	E	L	L
E	E	E	E	E	E	-	-	-	-	-	E	E	E	E	E	-	-	-	E	E	E	E	E	-	-	-	-
Objective 0: 4120
Objective 1: 37
Constr violation: 0
Restrictions violated:
0 0 0 0 0 0 0 0 

Individual 12
1	2	3	4	5	6	7	8	9	10	11	12	13	14	15	16	17	18	19	20	21	22	23	24	25	26	27	28
E	E	E	E	E	-	-	E	E	E	-	-	-	-	E	E	-	-	E	E	E	-	-	E	E	E	E	E
E	E	E	-	-	E	E	E	E	-	-	-	-	-	E	E	E	E	E	-	-	E	E	-	-	E	E	E
-	-	E	E	E	E	-	E	E	L	L	L	-	-	E	L	L	L	-	-	E	L	L	L	L	-	-	E
L	L	L	L	-	-	E	E	-	-	E	E	-	-	E	L	L	-	-	E	L	L	L	L	-	-	-	-
-	-	E	E	E	E	E	-	-	-	E	E	-	-	E	E	E	E	E	-	-	-	-	-	E	E	E	E
L	L	L	L	L	-	-	E	L	L	L	-	-	-	-	E	E	E	-	-	L	L	-	-	E	L	L	L
L	L	-	-	-	L	L	-	-	L	L	L	-	-	E	E	E	E	L	-	-	E	L	L	-	-	E	L
E	E	E	E	E	-	-	-	L	L	L	-	E	E	L	-	-	L	L	-	-	L	L	L	L	L	-	-
E	L	L	L	-	-	E	L	L	L	-	-	-	-	-	L	L	L	L	-	E	E	E	E	E	-	-	-
L	L	-	-	E	E	L	L	-	-	E	L	L	L	L	-	-	E	E	-	-	-	E	L	L	L	-	-
-	E	E	E	E	-	-	-	E	E	E	-	-	-	-	E	E	E	E	-	-	-	E	E	E	E	E	E
E	E	E	-	-	-	-	E	E	E	E	E	E	-	-	-	-	-	E	E	E	E	E	E	-	-	-	E
-	-	-	L	L	-	-	-	E	E	L	L	L	-	-	-	E	E	L	L	L	-	-	-	L	L	L	L
E	E	E	E	E	E	-	-	-	E	E	E	E	E	-	-	-	E	E	E	E	E	-	-	-	-	-	-
-	-	-	E	E	E	E	L	-	-	-	-	-	E	L	L	L	L	L	-	-	-	E	E	E	E	L	L
E	E	E	E	E	E	-	-	-	-	-	E	E	E	E	E	-	-	-	E	E	E	E	E	-	-	-	-
Objective 0: 3615
Objective 1: 44
Constr violation: 0
Restrictions violated:
0 0 0 0 0 0 0 0 

Individual 13
1	2	3	4	5	6	7	8	9	10	11	12	13	14	15	16	17	18	19	20	21	22	23	24	25	26	27	28
E	E	E	E	E	-	-	E	E	E	-	-	-	-	E	E	-	-	E	E	E	-	-	E	E	E	E	E
E	E	E	-	-	E	E	E	E	-	-	-	-	-	E	E	E	E	E	-	-	E	E	-	-	E	E	E
-	-	E	E	E	E	-	E	E	L	L	L	-	-	E	L	L	L	-	-	E	L	L	L	L	-	-	E
-	-	-	L	L	L	L	L	-	-	E	E	-	-	E	E	E	E	-	-	-	L	L	-	-	L	L	L
-	-	E	E	E	E	E	-	-	-	E	E	-	-	E	E	E	E	E	-	-	-	-	-	E	E	E	E
L	L	L	L	L	-	-	E	L	L	L	-	-	-	-	E	E	E	-	-	L	L	-	-	E	L	L	L
L	L	-	-	-	L	L	-	-	L	L	L	-	-	E	E	E	E	L	-	-	E	L	L	-	-	E	L
E	E	E	E	E	-	-	E	E	E	-	-	E	E	L	-	-	L	L	-	-	L	L	L	L	L	-	-
E	L	L	L	-	-	E	L	L	L	-	-	-	-	-	L	L	L	L	-	E	E	E	E	E	-	-	-
L	L	-	-	E	E	L	L	-	-	E	L	L	L	L	-	-	E	E	-	-	-	E	L	L	L	-	-
-	E	E	E	E	-	-	-	E	E	E	-	-	-	-	E	E	E	E	-	-	-	E	E	E	E	E	E
E	E	E	-	-	-	-	E	E	E	E	E	E	-	-	-	-	-	E	E	E	E	E	E	-	-	-	E
-	-	-	L	L	L	L	-	-	-	E	E	E	E	E	L	-	-	-	L	L	L	L	L	L	-	-	-
E	E	E	E	E	E	-	-	-	E	E	E	E	E	-	-	-	E	E	E	E	E	-	-	-	-	-	-
-	-	-	-	-	E	L	L	L	L	L	-	-	-	E	L	L	L	L	L	-	-	-	E	E	E	E	L
E	E	E	E	E	E	-	-	-	-	-	E	E	E	E	E	-	-	-	E	E	E	E	E	-	-	-	-
Objective 0: 3718
Objective 1: 42
Constr violation: 0
Restrictions violated:
0 0 0 0 0 0 0 0 

Individual 14
1	2	3	4	5	6	7	8	9	10	11	12	13	14	15	16	17	18	19	20	21	22	23	24	25	26	27	28
E	E	E	E	E	-	-	E	E	E	-	-	-	-	E	E	-	-	E	E	E	-	-	E	E	E	E	E
E	E	E	-	-	E	E	E	E	-	-	-	-	-	E	E	E	E	E	-	-	E	E	-	-	E	E	E
-	-	E	E	E	E	-	E	E	L	L	L	-	-	E	L	L	L	-	-	E	L	L	L	L	-	-	E
-	-	-	L	L	L	L	L	-	-	E	E	-	-	E	E	E	E	-	-	-	L	L	-	-	L	L	L
-	-	E	E	E	E	E	-	-	-	E	E	-	-	E	E	E	E	E	-	-	-	-	-	E	E	E	E
L	L	L	L	L	-	-	E	L	L	L	-	-	-	-	E	E	E	-	-	L	L	-	-	E	L	L	L
L	L	-	-	-	L	L	-	-	L	L	L	-	-	E	E	E	E	L	-	-	E	L	L	-	-	E	L
E	E	E	E	E	-	-	E	E	E	-	-	E	E	L	-	-	L	L	-	-	L	L	L	L	L	-	-
E	L	L	L	-	-	E	L	L	L	-	-	-	-	-	L	L	L	L	-	E	E	E	E	E	-	-	-
L	L	-	-	E	E	L	L	-	-	E	L	L	L	L	-	-	E	E	-	-	-	E	L	L	L	-	-
-	E	E	E	E	-	-	-	E	E	E	-	-	-	-	E	E	E	E	-	-	-	E	E	E	E	E	E
E	E	E	-	-	-	-	E	E	E	E	E	E	-	-	-	-	-	E	E	E	E	E	E	-	-	-	E
-	-	-	L	L	L	L	-	-	-	E	E	E	E	E	L	-	-	-	L	L	L	L	L	L	-	-	-
E	E	E	E	E	E	-	-	-	E	E	E	E	E	-	-	-	E	E	E	E	E	-	-	-	-	-	-
-	-	-	-	-	E	L	L	L	L	L	-	-	-	E	L	L	L	L	L	-	-	-	E	E	E	E	L
E	E	E	E	E	E	-	-	-	-	-	E	E	E	E	E	-	-	-	E	E	E	E	E	-	-	-	-
Objective 0: 3718
Objective 1: 42
Constr violation: 0
Restrictions violated:
0 0 0 0 0 0 0 0 

Individual 15
1	2	3	4	5	6	7	8	9	10	11	12	13	14	15	16	17	18	19	20	21	22	23	24	25	26	27	28
E	E	E	E	E	-	-	E	E	E	-	-	-	-	E	E	-	-	E	E	E	-	-	E	E	E	E	E
E	E	E	-	-	E	E	E	E	-	-	-	-	-	E	E	E	E	E	-	-	E	E	-	-	E	E	E
-	-	E	E	E	E	-	E	E	L	L	L	-	-	E	L	L	L	-	-	E	L	L	L	L	-	-	E
-	-	-	L	L	L	L	L	-	-	E	E	-	-	E	E	E	E	-	-	-	L	L	-	-	L	L	L
-	-	E	E	E	E	E	-	-	-	E	E	-	-	E	E	E	E	E	-	-	-	-	-	E	E	E	E
L	L	L	L	L	-	-	E	L	L	L	-	-	-	-	E	E	E	-	-	L	L	-	-	E	L	L	L
L	L	-	-	-	L	L	-	-	L	L	L	-	-	E	E	E	E	L	-	-	E	L	L	-	-	E	L
E	E	E	E	E	-	-	E	E	E	-	-	E	E	L	-	-	L	L	-	-	L	L	L	L	L	-	-
E	L	L	L	-	-	E	L	L	L	-	-	-	-	-	L	L	L	L	-	E	E	E	E	E	-	-	-
L	L	-	-	E	E	L	L	-	-	E	L	L	L	L	-	-	E	E	-	-	-	E	L	L	L	-	-
-	E	E	E	E	-	-	-	E	E	E	-	-	-	-	E	E	E	E	-	-	-	E	E	E	E	E	E
E	E	E	-	-	-	-	E	E	E	E	E	E	-	-	-	-	-	E	E	E	E	E	E	-	-	-	E
-	-	-	L	L	L	L	-	-	-	E	E	E	E	E	L	-	-	-	L	L	L	L	L	L	-	-	-
E	E	E	E	E	E	-	-	-	E	E	E	E	E	-	-	-	E	E	E	E	E	-	-	-	-	-	-
-	-	-	E	E	E	E	L	-	-	-	-	-	E	L	L	L	L	L	-	-	-	E	E	E	E	L	L
E	E	E	E	E	E	-	-	-	-	-	E	E	E	E	E	-	-	-	E	E	E	E	E	-	-	-	-
Objective 0: 3818
Objective 1: 39
Constr violation: 0
Restrictions violated:
0 0 0 0 0 0 0 0 

Individual 16
1	2	3	4	5	6	7	8	9	10	11	12	13	14	15	16	17	18	19	20	21	22	23	24	25	26	27	28
E	E	E	E	E	-	-	E	E	E	-	-	-	-	E	E	-	-	E	E	E	-	-	E	E	E	E	E
E	E	E	-	-	E	E	E	E	-	-	-	-	-	E	E	E	E	E	-	-	E	E	-	-	E	E	E
-	-	E	E	E	E	-	E	E	L	L	L	-	-	E	L	L	L	-	-	E	L	L	L	L	-	-	E
-	-	-	L	L	L	L	L	-	-	E	E	-	-	E	E	E	E	-	-	-	L	L	-	-	L	L	L
-	-	E	E	E	E	E	-	-	-	E	E	-	-	E	E	E	E	E	-	-	-	-	-	E	E	E	E
L	L	L	L	L	-	-	E	L	L	L	-	-	-	-	E	E	E	-	-	L	L	-	-	E	L	L	L
L	L	-	-	-	L	L	-	-	L	L	L	-	-	E	E	E	E	L	-	-	E	L	L	-	-	E	L
E	E	E	E	E	-	-	E	E	E	-	-	E	E	L	-	-	L	L	-	-	L	L	L	L	L	-	-
E	L	L	L	-	-	E	L	L	L	-	-	-	-	-	L	L	L	L	-	E	E	E	E	E	-	-	-
-	-	-	E	E	L	L	L	-	-	L	L	L	L	L	-	-	E	L	-	-	E	E	E	L	-	-	-
-	E	E	E	E	-	-	-	E	E	E	-	-	-	-	E	E	E	E	-	-	-	E	E	E	E	E	E
E	E	E	-	-	-	-	E	E	E	E	E	E	-	-	-	-	-	E	E	E	E	E	E	-	-	-	E
-	-	-	L	L	L	L	-	-	-	E	E	E	E	E	L	-	-	-	L	L	L	L	L	L	-	-	-
E	E	E	E	E	E	-	-	-	E	E	E	E	E	-	-	-	E	E	E	E	E	-	-	-	-	-	-
-	-	-	E	E	E	E	L	-	-	-	-	-	E	L	L	L	L	L	-	-	-	E	E	E	E	L	L
E	E	E	E	E	E	-	-	-	-	-	E	E	E	E	E	-	-	-	E	E	E	E	E	-	-	-	-
Objective 0: 4221
Objective 1: 36
Constr violation: 0
Restrictions violated:
0 0 0 0 0 0 0 0 

Individual 17
1	2	3	4	5	6	7	8	9	10	11	12	13	14	15	16	17	18	19	20	21	22	23	24	25	26	27	28
E	E	E	E	E	-	-	E	E	E	-	-	-	-	E	E	-	-	E	E	E	-	-	E	E	E	E	E
E	E	E	-	-	E	E	E	E	-	-	-	-	-	E	E	E	E	E	-	-	E	E	-	-	E	E	E
-	-	E	E	E	E	-	E	E	L	L	L	-	-	E	L	L	L	-	-	E	L	L	L	L	-	-	E
-	-	-	L	L	L	L	L	-	-	E	E	-	-	E	E	E	E	-	-	-	L	L	-	-	L	L	L
-	-	E	E	E	E	E	-	-	-	E	E	-	-	E	E	E	E	E	-	-	-	-	-	E	E	E	E
L	L	L	L	L	-	-	E	L	L	L	-	-	-	-	E	E	E	-	-	L	L	-	-	E	L	L	L
L	L	-	-	-	L	L	-	-	L	L	L	-	-	E	E	E	E	L	-	-	E	L	L	-	-	E	L
E	E	E	E	E	-	-	E	E	E	-	-	E	E	L	-	-	L	L	-	-	L	L	L	L	L	-	-
E	L	L	L	-	-	E	L	L	L	-	-	-	-	-	L	L	L	L	-	E	E	E	E	E	-	-	-
L	L	-	-	E	E	L	L	-	-	E	L	L	L	L	-	-	E	E	-	-	-	E	L	L	L	-	-
-	E	E	E	E	-	-	-	E	E	E	-	-	-	-	E	E	E	E	-	-	-	E	E	E	E	E	E
E	E	E	-	-	-	-	E	E	E	E	E	E	-	-	-	-	-	E	E	E	E	E	E	-	-	-	E
-	-	-	L	L	L	L	-	-	-	E	E	E	E	E	L	-	-	-	L	L	L	L	L	L	-	-	-
E	E	E	E	E	E	-	-	-	E	E	E	E	E	-	-	-	E	E	E	E	E	-	-	-	-	-	-
-	-	-	-	-	E	L	L	L	L	L	-	-	-	E	L	L	L	L	L	-	-	-	E	E	E	E	L
E	E	E	E	E	E	-	-	-	-	-	E	E	E	E	E	-	-	-	E	E	E	E	E	-	-	-	-
Objective 0: 3718
Objective 1: 42
Constr violation: 0
Restrictions violated:
0 0 0 0 0 0 0 0 

Individual 18
1	2	3	4	5	6	7	8	9	10	11	12	13	14	15	16	17	18	19	20	21	22	23	24	25	26	27	28
E	E	E	E	E	-	-	E	E	E	-	-	-	-	E	E	-	-	E	E	E	-	-	E	E	E	E	E
E	E	E	-	-	E	E	E	E	-	-	-	-	-	E	E	E	E	E	-	-	E	E	-	-	E	E	E
-	-	E	E	E	E	-	E	E	L	L	L	-	-	E	L	L	L	-	-	E	L	L	L	L	-	-	E
-	-	-	L	L	L	L	L	-	-	E	E	-	-	E	E	E	E	-	-	-	L	L	-	-	L	L	L
-	-	E	E	E	E	E	-	-	-	E	E	-	-	E	E	E	E	E	-	-	-	-	-	E	E	E	E
L	L	L	L	L	-	-	E	L	L	L	-	-	-	-	E	E	E	-	-	L	L	-	-	E	L	L	L
L	L	-	-	-	L	L	-	-	L	L	L	-	-	E	E	E	E	L	-	-	E	L	L	-	-	E	L
E	E	E	E	E	-	-	E	E	E	-	-	E	E	L	-	-	L	L	-	-	L	L	L	L	L	-	-
E	L	L	L	-	-	E	L	L	L	-	-	-	-	-	L	L	L	L	-	E	E	E	E	E	-	-	-
-	-	E	E	L	-	-	L	L	L	L	L	-	-	-	-	-	-	E	E	E	E	E	-	-	L	L	L
-	E	E	E	E	-	-	-	E	E	E	-	-	-	-	E	E	E	E	-	-	-	E	E	E	E	E	E
E	E	E	-	-	-	-	E	E	E	E	E	E	-	-	-	-	-	E	E	E	E	E	E	-	-	-	E
-	-	-	L	L	L	L	-	-	-	E	E	E	E	E	L	-	-	-	L	L	L	L	L	L	-	-	-
E	E	E	E	E	E	-	-	-	E	E	E	E	E	-	-	-	E	E	E	E	E	-	-	-	-	-	-
-	-	-	E	E	E	E	L	-	-	-	-	-	E	L	L	L	L	L	-	-	-	E	E	E	E	L	L
E	E	E	E	E	E	-	-	-	-	-	E	E	E	E	E	-	-	-	E	E	E	E	E	-	-	-	-
Objective 0: 4120
Objective 1: 37
Constr violation: 0
Restrictions violated:
0 0 0 0 0 0 0 0 

Individual 19
1	2	3	4	5	6	7	8	9	10	11	12	13	14	15	16	17	18	19	20	21	22	23	24	25	26	27	28
E	E	E	E	E	-	-	E	E	E	-	-	-	-	E	E	-	-	E	E	E	-	-	E	E	E	E	E
E	E	E	-	-	E	E	E	E	-	-	-	-	-	E	E	E	E	E	-	-	E	E	-	-	E	E	E
-	-	E	E	E	E	-	E	E	L	L	L	-	-	E	L	L	L	-	-	E	L	L	L	L	-	-	E
-	-	-	L	L	L	L	L	-	-	E	E	-	-	E	E	E	E	-	-	-	L	L	-	-	L	L	L
-	-	E	E	E	E	E	-	-	-	E	E	-	-	E	E	E	E	E	-	-	-	-	-	E	E	E	E
L	L	L	L	L	-	-	E	L	L	L	-	-	-	-	E	E	E	-	-	L	L	-	-	E	L	L	L
L	L	-	-	-	L	L	-	-	L	L	L	-	-	E	E	E	E	L	-	-	E	L	L	-	-	E	L
E	E	E	E	E	-	-	E	E	E	-	-	E	E	L	-	-	L	L	-	-	L	L	L	L	L	-	-
E	L	L	L	-	-	E	L	L	L	-	-	-	-	-	L	L	L	L	-	E	E	E	E	E	-	-	-
L	L	-	-	E	E	L	L	-	-	E	L	L	L	L	-	-	E	E	-	-	-	E	L	L	L	-	-
-	E	E	E	E	-	-	-	E	E	E	-	-	-	-	E	E	E	E	-	-	-	E	E	E	E	E	E
E	E	E	-	-	-	-	E	E	E	E	E	E	-	-	-	-	-	E	E	E	E	E	E	-	-	-	E
-	-	-	L	L	L	L	-	-	-	E	E	E	E	E	L	-	-	-	L	L	L	L	L	L	-	-	-
E	E	E	E	E	E	-	-	-	E	E	E	E	E	-	-	-	E	E	E	E	E	-	-	-	-	-	-
-	-	-	-	-	E	L	L	L	L	L	-	-	-	E	L	L	L	L	L	-	-	-	E	E	E	E	L
E	E	E	E	E	E	-	-	-	-	-	E	E	E	E	E	-	-	-	E	E	E	E	E	-	-	-	-
Objective 0: 3718
Objective 1: 42
Constr violation: 0
Restrictions violated:
0 0 0 0 0 0 0 0 

