Individual 0
1	2	3	4	5	6	7	8	9	10	11	12	13	14	15	16	17	18	19	20	21	22	23	24	25	26	27	28
E	E	E	-	-	E	E	E	E	E	-	-	-	-	E	E	E	-	-	-	-	-	-	E	E	E	E	E
E	E	E	E	E	-	-	E	E	-	-	-	-	-	-	-	-	E	E	E	E	E	-	-	E	E	E	E
L	L	L	-	-	-	-	E	L	L	L	L	-	-	E	E	L	L	-	-	E	E	L	L	L	-	-	-
L	L	L	L	-	-	E	L	-	-	E	E	L	-	-	E	E	E	L	-	-	L	L	L	L	L	-	-
-	E	E	-	-	E	E	E	E	E	-	-	-	-	E	E	E	E	E	-	-	-	-	-	E	E	E	E
L	L	L	L	L	-	-	L	L	L	L	-	-	-	-	E	E	E	E	L	-	-	-	-	-	L	L	L
-	L	L	L	L	L	-	-	-	E	E	E	-	-	L	L	L	L	L	-	-	-	-	-	-	L	L	L
E	E	L	-	-	-	-	E	L	L	-	-	L	L	L	L	L	-	-	L	L	L	L	L	-	-	-	-
-	-	-	E	E	E	E	-	-	L	L	L	L	L	-	-	L	L	-	-	-	L	L	L	L	L	-	-
-	-	L	L	L	L	L	-	-	L	L	L	L	L	-	-	-	E	E	-	-	E	E	L	L	-	-	-
E	E	E	E	E	-	-	-	-	-	-	-	-	E	E	E	E	E	E	-	-	-	E	E	E	E	E	E
E	E	-	-	-	-	E	E	E	E	E	E	-	-	-	E	E	E	E	E	E	-	-	-	-	-	E	E
-	-	-	E	E	L	L	-	-	-	E	E	E	E	L	L	-	-	-	E	E	E	E	E	E	-	-	-
-	E	E	E	E	E	E	-	-	-	E	E	E	E	E	-	-	-	E	E	E	E	E	E	-	-	-	-
-	-	-	-	E	E	L	L	L	L	-	-	-	-	E	L	L	L	L	L	-	-	-	E	E	E	L	L
-	-	E	E	E	E	L	L	-	-	-	E	E	E	E	E	-	-	-	E	E	E	E	E	-	-	-	-
Objective 0: 2702
Objective 1: 43
Constr violation: -1
Restrictions violated:
1 0 0 0 0 0 0 0 

Individual 1
1	2	3	4	5	6	7	8	9	10	11	12	13	14	15	16	17	18	19	20	21	22	23	24	25	26	27	28
E	E	E	-	-	E	E	E	E	E	-	-	-	-	E	E	E	-	-	-	-	-	-	E	E	E	E	E
E	E	E	E	E	-	-	E	E	-	-	-	-	-	-	-	-	E	E	E	E	E	-	-	E	E	E	E
-	E	E	E	-	-	-	E	L	L	L	L	-	-	E	E	L	L	-	-	E	L	L	L	L	-	-	-
-	L	L	L	L	L	-	-	-	-	E	L	-	-	E	E	E	E	-	-	L	L	L	L	L	-	-	-
-	E	E	-	-	E	E	E	E	E	-	-	-	-	E	E	E	E	E	-	-	-	-	-	E	E	E	E
L	L	L	L	L	-	-	L	L	L	L	-	-	-	-	E	E	E	E	L	-	-	-	-	-	L	L	L
-	L	L	L	L	L	-	-	-	E	E	E	-	-	L	L	L	L	L	-	-	-	-	-	-	L	L	L
E	E	E	E	E	-	-	E	E	L	-	-	L	L	L	L	L	-	-	L	L	L	L	L	-	-	-	-
-	-	-	E	E	E	E	-	-	L	L	L	L	L	-	-	L	L	-	-	-	L	L	L	L	L	-	-
E	E	E	E	E	-	-	-	E	L	L	L	L	-	-	-	-	E	E	-	-	E	E	L	L	L	-	-
E	E	E	E	E	-	-	-	-	-	-	-	-	E	E	E	E	E	E	-	-	-	E	E	E	E	E	E
E	E	-	-	-	-	E	E	E	E	E	E	-	-	-	E	E	E	E	E	E	-	-	-	-	-	E	E
-	-	-	E	E	L	L	-	-	-	E	E	E	E	L	L	-	-	-	E	E	E	E	E	E	-	-	-
-	E	E	E	E	E	E	-	-	-	E	E	E	E	E	-	-	-	E	E	E	E	E	E	-	-	-	-
-	-	-	-	E	E	L	L	L	L	-	-	-	-	E	L	L	L	L	L	-	-	-	E	E	E	L	L
-	-	E	E	E	E	L	L	-	-	-	E	E	E	E	E	-	-	-	E	E	E	E	E	-	-	-	-
Objective 0: 3814
Objective 1: 26
Constr violation: -1
Restrictions violated:
1 0 0 0 0 0 0 0 

Individual 2
1	2	3	4	5	6	7	8	9	10	11	12	13	14	15	16	17	18	19	20	21	22	23	24	25	26	27	28
E	E	E	-	-	E	E	E	E	E	-	-	-	-	E	E	E	-	-	-	-	-	-	E	E	E	E	E
E	E	E	E	E	-	-	E	E	-	-	-	-	-	-	-	-	E	E	E	E	E	-	-	E	E	E	E
L	L	L	-	-	-	-	E	L	L	L	L	-	-	E	E	L	L	-	-	E	E	L	L	L	-	-	-
L	L	L	L	-	-	E	L	-	-	E	E	L	-	-	E	E	E	L	-	-	L	L	L	L	L	-	-
-	E	E	-	-	E	E	E	E	E	-	-	-	-	E	E	E	E	E	-	-	-	-	-	E	E	E	E
L	L	L	L	L	-	-	L	L	L	L	-	-	-	-	E	E	E	E	L	-	-	-	-	-	L	L	L
-	L	L	L	L	L	-	-	-	E	E	E	-	-	L	L	L	L	L	-	-	-	-	-	-	L	L	L
E	E	E	E	E	-	-	E	E	L	-	-	L	L	L	L	L	-	-	L	L	L	L	L	-	-	-	-
-	-	-	E	E	E	E	-	-	L	L	L	L	L	-	-	L	L	-	-	-	L	L	L	L	L	-	-
-	-	L	L	L	L	L	-	-	L	L	L	L	L	-	-	-	E	E	-	-	E	E	L	L	-	-	-
E	E	E	E	E	-	-	-	-	-	-	-	-	E	E	E	E	E	E	-	-	-	E	E	E	E	E	E
E	E	-	-	-	-	E	E	E	E	E	E	-	-	-	E	E	E	E	E	E	-	-	-	-	-	E	E
-	-	-	E	E	L	L	-	-	-	E	E	E	E	L	L	-	-	-	E	E	E	E	E	E	-	-	-
-	E	E	E	E	E	E	-	-	-	E	E	E	E	E	-	-	-	E	E	E	E	E	E	-	-	-	-
-	-	-	-	E	E	L	L	L	L	-	-	-	-	E	L	L	L	L	L	-	-	-	E	E	E	L	L
-	-	E	E	E	E	L	L	-	-	-	E	E	E	E	E	-	-	-	E	E	E	E	E	-	-	-	-
Objective 0: 2805
Objective 1: 41
Constr violation: -1
Restrictions violated:
1 0 0 0 0 0 0 0 

Individual 3
1	2	3	4	5	6	7	8	9	10	11	12	13	14	15	16	17	18	19	20	21	22	23	24	25	26	27	28
E	E	E	-	-	E	E	E	E	E	-	-	-	-	E	E	E	-	-	-	-	-	-	E	E	E	E	E
E	E	E	E	E	-	-	E	E	-	-	-	-	-	-	-	-	E	E	E	E	E	-	-	E	E	E	E
-	E	E	E	-	-	-	E	L	L	L	L	-	-	E	E	L	L	-	-	E	L	L	L	L	-	-	-
L	L	L	L	-	-	E	L	-	-	E	E	L	-	-	E	E	E	L	-	-	L	L	L	L	L	-	-
-	E	E	-	-	E	E	E	E	E	-	-	-	-	E	E	E	E	E	-	-	-	-	-	E	E	E	E
L	L	L	L	L	-	-	L	L	L	L	-	-	-	-	E	E	E	E	L	-	-	-	-	-	L	L	L
-	L	L	L	L	L	-	-	-	E	E	E	-	-	L	L	L	L	L	-	-	-	-	-	-	L	L	L
E	E	E	E	E	-	-	E	E	L	-	-	L	L	L	L	L	-	-	L	L	L	L	L	-	-	-	-
-	-	-	E	E	E	E	-	-	L	L	L	L	L	-	-	L	L	-	-	-	L	L	L	L	L	-	-
-	-	L	L	L	L	L	-	-	L	L	L	L	L	-	-	-	E	E	-	-	E	E	L	L	-	-	-
E	E	E	E	E	-	-	-	-	-	-	-	-	E	E	E	E	E	E	-	-	-	E	E	E	E	E	E
E	E	-	-	-	-	E	E	E	E	E	E	-	-	-	E	E	E	E	E	E	-	-	-	-	-	E	E
-	-	-	E	E	L	L	-	-	-	E	E	E	E	L	L	-	-	-	E	E	E	E	E	E	-	-	-
-	E	E	E	E	E	E	-	-	-	E	E	E	E	E	-	-	-	E	E	E	E	E	E	-	-	-	-
-	-	-	-	E	E	L	L	L	L	-	-	-	-	E	L	L	L	L	L	-	-	-	E	E	E	L	L
-	-	E	E	E	E	L	L	-	-	-	E	E	E	E	E	-	-	-	E	E	E	E	E	-	-	-	-
Objective 0: 3108
Objective 1: 38
Constr violation: -1
Restrictions violated:
1 0 0 0 0 0 0 0 

Individual 4
1	2	3	4	5	6	7	8	9	10	11	12	13	14	15	16	17	18	19	20	21	22	23	24	25	26	27	28
E	E	E	-	-	E	E	E	E	E	-	-	-	-	E	E	E	-	-	-	-	-	-	E	E	E	E	E
E	E	E	E	E	-	-	E	E	-	-	-	-	-	-	-	-	E	E	E	E	E	-	-	E	E	E	E
-	E	E	E	-	-	-	E	L	L	L	L	-	-	E	E	L	L	-	-	E	L	L	L	L	-	-	-
-	L	L	L	L	L	-	-	-	-	E	L	-	-	E	E	E	E	-	-	L	L	L	L	L	-	-	-
-	E	E	-	-	E	E	E	E	E	-	-	-	-	E	E	E	E	E	-	-	-	-	-	E	E	E	E
L	L	L	L	L	-	-	L	L	L	L	-	-	-	-	E	E	E	E	L	-	-	-	-	-	L	L	L
-	L	L	L	L	L	-	-	-	E	E	E	-	-	L	L	L	L	L	-	-	-	-	-	-	L	L	L
E	E	L	-	-	-	-	E	L	L	-	-	L	L	L	L	L	-	-	L	L	L	L	L	-	-	-	-
-	-	-	E	E	E	E	-	-	L	L	L	L	L	-	-	L	L	-	-	-	L	L	L	L	L	-	-
E	E	E	E	E	-	-	-	E	L	L	L	L	-	-	-	-	E	E	-	-	E	E	L	L	L	-	-
E	E	E	E	E	-	-	-	-	-	-	-	-	E	E	E	E	E	E	-	-	-	E	E	E	E	E	E
E	E	-	-	-	-	E	E	E	E	E	E	-	-	-	E	E	E	E	E	E	-	-	-	-	-	E	E
-	-	-	E	E	L	L	-	-	-	E	E	E	E	L	L	-	-	-	E	E	E	E	E	E	-	-	-
-	E	E	E	E	E	E	-	-	-	E	E	E	E	E	-	-	-	E	E	E	E	E	E	-	-	-	-
-	-	-	-	E	E	L	L	L	L	-	-	-	-	E	L	L	L	L	L	-	-	-	E	E	E	L	L
-	-	E	E	E	E	L	L	-	-	-	E	E	E	E	E	-	-	-	E	E	E	E	E	-	-	-	-
Objective 0: 3711
Objective 1: 28
Constr violation: -1
Restrictions violated:
1 0 0 0 0 0 0 0 

Individual 5
1	2	3	4	5	6	7	8	9	10	11	12	13	14	15	16	17	18	19	20	21	22	23	24	25	26	27	28
E	E	E	-	-	E	E	E	E	E	-	-	-	-	E	E	E	-	-	-	-	-	-	E	E	E	E	E
E	E	E	E	E	-	-	E	E	-	-	-	-	-	-	-	-	E	E	E	E	E	-	-	E	E	E	E
-	E	E	E	-	-	-	E	L	L	L	L	-	-	E	E	L	L	-	-	E	L	L	L	L	-	-	-
-	L	L	L	L	L	-	-	-	-	E	L	-	-	E	E	E	E	-	-	L	L	L	L	L	-	-	-
-	E	E	-	-	E	E	E	E	E	-	-	-	-	E	E	E	E	E	-	-	-	-	-	E	E	E	E
L	L	L	L	L	-	-	L	L	L	L	-	-	-	-	E	E	E	E	L	-	-	-	-	-	L	L	L
-	L	L	L	L	L	-	-	-	E	E	E	-	-	L	L	L	L	L	-	-	-	-	-	-	L	L	L
E	E	L	-	-	-	-	E	L	L	-	-	L	L	L	L	L	-	-	L	L	L	L	L	-	-	-	-
-	-	-	E	E	E	E	-	-	L	L	L	L	L	-	-	L	L	-	-	-	L	L	L	L	L	-	-
-	-	L	L	L	L	L	-	-	L	L	L	L	L	-	-	-	E	E	-	-	E	E	L	L	-	-	-
E	E	E	E	E	-	-	-	-	-	-	-	-	E	E	E	E	E	E	-	-	-	E	E	E	E	E	E
E	E	-	-	-	-	E	E	E	E	E	E	-	-	-	E	E	E	E	E	E	-	-	-	-	-	E	E
-	-	-	E	E	L	L	-	-	-	E	E	E	E	L	L	-	-	-	E	E	E	E	E	E	-	-	-
-	E	E	E	E	E	E	-	-	-	E	E	E	E	E	-	-	-	E	E	E	E	E	E	-	-	-	-
-	-	-	-	E	E	L	L	L	L	-	-	-	-	E	L	L	L	L	L	-	-	-	E	E	E	L	L
-	-	E	E	E	E	L	L	-	-	-	E	E	E	E	E	-	-	-	E	E	E	E	E	-	-	-	-
Objective 0: 3508
Objective 1: 32
Constr violation: -1
Restrictions violated:
1 0 0 0 0 0 0 0 

Individual 6
1	2	3	4	5	6	7	8	9	10	11	12	13	14	15	16	17	18	19	20	21	22	23	24	25	26	27	28
E	E	E	-	-	E	E	E	E	E	-	-	-	-	E	E	E	-	-	-	-	-	-	E	E	E	E	E
E	E	E	E	E	-	-	E	E	-	-	-	-	-	-	-	-	E	E	E	E	E	-	-	E	E	E	E
L	L	L	-	-	-	-	E	L	L	L	L	-	-	E	E	L	L	-	-	E	E	L	L	L	-	-	-
L	L	L	L	-	-	E	L	-	-	E	E	L	-	-	E	E	E	L	-	-	L	L	L	L	L	-	-
-	E	E	-	-	E	E	E	E	E	-	-	-	-	E	E	E	E	E	-	-	-	-	-	E	E	E	E
L	L	L	L	L	-	-	L	L	L	L	-	-	-	-	E	E	E	E	L	-	-	-	-	-	L	L	L
-	L	L	L	L	L	-	-	-	E	E	E	-	-	L	L	L	L	L	-	-	-	-	-	-	L	L	L
E	E	L	-	-	-	-	E	L	L	-	-	L	L	L	L	L	-	-	L	L	L	L	L	-	-	-	-
-	-	-	E	E	E	E	-	-	L	L	L	L	L	-	-	L	L	-	-	-	L	L	L	L	L	-	-
-	-	L	L	L	L	L	-	-	L	L	L	L	L	-	-	-	E	E	-	-	E	E	L	L	-	-	-
E	E	E	E	E	-	-	-	-	-	-	-	-	E	E	E	E	E	E	-	-	-	E	E	E	E	E	E
E	E	-	-	-	-	E	E	E	E	E	E	-	-	-	E	E	E	E	E	E	-	-	-	-	-	E	E
-	-	-	E	E	L	L	-	-	-	E	E	E	E	L	L	-	-	-	E	E	E	E	E	E	-	-	-
-	E	E	E	E	E	E	-	-	-	E	E	E	E	E	-	-	-	E	E	E	E	E	E	-	-	-	-
-	-	-	-	E	E	L	L	L	L	-	-	-	-	E	L	L	L	L	L	-	-	-	E	E	E	L	L
-	-	E	E	E	E	L	L	-	-	-	E	E	E	E	E	-	-	-	E	E	E	E	E	-	-	-	-
Objective 0: 2702
Objective 1: 43
Constr violation: -1
Restrictions violated:
1 0 0 0 0 0 0 0 

Individual 7
1	2	3	4	5	6	7	8	9	10	11	12	13	14	15	16	17	18	19	20	21	22	23	24	25	26	27	28
E	E	E	-	-	E	E	E	E	E	-	-	-	-	E	E	E	-	-	-	-	-	-	E	E	E	E	E
E	E	E	E	E	-	-	E	E	-	-	-	-	-	-	-	-	E	E	E	E	E	-	-	E	E	E	E
-	E	E	E	-	-	-	E	L	L	L	L	-	-	E	E	L	L	-	-	E	L	L	L	L	-	-	-
L	L	L	L	-	-	E	L	-	-	E	E	L	-	-	E	E	E	L	-	-	L	L	L	L	L	-	-
-	E	E	-	-	E	E	E	E	E	-	-	-	-	E	E	E	E	E	-	-	-	-	-	E	E	E	E
L	L	L	L	L	-	-	L	L	L	L	-	-	-	-	E	E	E	E	L	-	-	-	-	-	L	L	L
-	L	L	L	L	L	-	-	-	E	E	E	-	-	L	L	L	L	L	-	-	-	-	-	-	L	L	L
E	E	L	-	-	-	-	E	L	L	-	-	L	L	L	L	L	-	-	L	L	L	L	L	-	-	-	-
-	-	-	E	E	E	E	-	-	L	L	L	L	L	-	-	L	L	-	-	-	L	L	L	L	L	-	-
E	E	E	E	E	-	-	-	E	L	L	L	L	-	-	-	-	E	E	-	-	E	E	L	L	L	-	-
E	E	E	E	E	-	-	-	-	-	-	-	-	E	E	E	E	E	E	-	-	-	E	E	E	E	E	E
E	E	-	-	-	-	E	E	E	E	E	E	-	-	-	E	E	E	E	E	E	-	-	-	-	-	E	E
-	-	-	E	E	L	L	-	-	-	E	E	E	E	L	L	-	-	-	E	E	E	E	E	E	-	-	-
-	E	E	E	E	E	E	-	-	-	E	E	E	E	E	-	-	-	E	E	E	E	E	E	-	-	-	-
-	-	-	-	E	E	L	L	L	L	-	-	-	-	E	L	L	L	L	L	-	-	-	E	E	E	L	L
-	-	E	E	E	E	L	L	-	-	-	E	E	E	E	E	-	-	-	E	E	E	E	E	-	-	-	-
Objective 0: 3511
Objective 1: 36
Constr violation: -1
Restrictions violated:
1 0 0 0 0 0 0 0 

Individual 8
1	2	3	4	5	6	7	8	9	10	11	12	13	14	15	16	17	18	19	20	21	22	23	24	25	26	27	28
E	E	E	-	-	E	E	E	E	E	-	-	-	-	E	E	E	-	-	-	-	-	-	E	E	E	E	E
E	E	E	E	E	-	-	E	E	-	-	-	-	-	-	-	-	E	E	E	E	E	-	-	E	E	E	E
-	E	E	E	-	-	-	E	L	L	L	L	-	-	E	E	L	L	-	-	E	L	L	L	L	-	-	-
L	L	L	L	-	-	E	L	-	-	E	E	L	-	-	E	E	E	L	-	-	L	L	L	L	L	-	-
-	E	E	-	-	E	E	E	E	E	-	-	-	-	E	E	E	E	E	-	-	-	-	-	E	E	E	E
L	L	L	L	L	-	-	L	L	L	L	-	-	-	-	E	E	E	E	L	-	-	-	-	-	L	L	L
-	L	L	L	L	L	-	-	-	E	E	E	-	-	L	L	L	L	L	-	-	-	-	-	-	L	L	L
E	E	E	E	E	-	-	E	E	L	-	-	L	L	L	L	L	-	-	L	L	L	L	L	-	-	-	-
-	-	-	E	E	E	E	-	-	L	L	L	L	L	-	-	L	L	-	-	-	L	L	L	L	L	-	-
E	E	E	E	E	-	-	-	E	L	L	L	L	-	-	-	-	E	E	-	-	E	E	L	L	L	-	-
E	E	E	E	E	-	-	-	-	-	-	-	-	E	E	E	E	E	E	-	-	-	E	E	E	E	E	E
E	E	-	-	-	-	E	E	E	E	E	E	-	-	-	E	E	E	E	E	E	-	-	-	-	-	E	E
-	-	-	E	E	L	L	-	-	-	E	E	E	E	L	L	-	-	-	E	E	E	E	E	E	-	-	-
-	E	E	E	E	E	E	-	-	-	E	E	E	E	E	-	-	-	E	E	E	E	E	E	-	-	-	-
-	-	-	-	E	E	L	L	L	L	-	-	-	-	E	L	L	L	L	L	-	-	-	E	E	E	L	L
-	-	E	E	E	E	L	L	-	-	-	E	E	E	E	E	-	-	-	E	E	E	E	E	-	-	-	-
Objective 0: 3614
Objective 1: 34
Constr violation: -1
Restrictions violated:
1 0 0 0 0 0 0 0 

Individual 9
1	2	3	4	5	6	7	8	9	10	11	12	13	14	15	16	17	18	19	20	21	22	23	24	25	26	27	28
E	E	E	-	-	E	E	E	E	E	-	-	-	-	E	E	E	-	-	-	-	-	-	E	E	E	E	E
E	E	E	E	E	-	-	E	E	-	-	-	-	-	-	-	-	E	E	E	E	E	-	-	E	E	E	E
-	E	E	E	-	-	-	E	L	L	L	L	-	-	E	E	L	L	-	-	E	L	L	L	L	-	-	-
-	L	L	L	L	L	-	-	-	-	E	L	-	-	E	E	E	E	-	-	L	L	L	L	L	-	-	-
-	E	E	-	-	E	E	E	E	E	-	-	-	-	E	E	E	E	E	-	-	-	-	-	E	E	E	E
L	L	L	L	L	-	-	L	L	L	L	-	-	-	-	E	E	E	E	L	-	-	-	-	-	L	L	L
-	L	L	L	L	L	-	-	-	E	E	E	-	-	L	L	L	L	L	-	-	-	-	-	-	L	L	L
E	E	L	-	-	-	-	E	L	L	-	-	L	L	L	L	L	-	-	L	L	L	L	L	-	-	-	-
-	-	-	E	E	E	E	-	-	L	L	L	L	L	-	-	L	L	-	-	-	L	L	L	L	L	-	-
E	E	E	E	E	-	-	-	E	L	L	L	L	-	-	-	-	E	E	-	-	E	E	L	L	L	-	-
E	E	E	E	E	-	-	-	-	-	-	-	-	E	E	E	E	E	E	-	-	-	E	E	E	E	E	E
E	E	-	-	-	-	E	E	E	E	E	E	-	-	-	E	E	E	E	E	E	-	-	-	-	-	E	E
-	-	-	E	E	L	L	-	-	-	E	E	E	E	L	L	-	-	-	E	E	E	E	E	E	-	-	-
-	E	E	E	E	E	E	-	-	-	E	E	E	E	E	-	-	-	E	E	E	E	E	E	-	-	-	-
-	-	-	-	E	E	L	L	L	L	-	-	-	-	E	L	L	L	L	L	-	-	-	E	E	E	L	L
-	-	E	E	E	E	L	L	-	-	-	E	E	E	E	E	-	-	-	E	E	E	E	E	-	-	-	-
Objective 0: 3711
Objective 1: 28
Constr violation: -1
Restrictions violated:
1 0 0 0 0 0 0 0 

Individual 10
1	2	3	4	5	6	7	8	9	10	11	12	13	14	15	16	17	18	19	20	21	22	23	24	25	26	27	28
E	E	E	-	-	E	E	E	E	E	-	-	-	-	E	E	E	-	-	-	-	-	-	E	E	E	E	E
E	E	E	E	E	-	-	E	E	-	-	-	-	-	-	-	-	E	E	E	E	E	-	-	E	E	E	E
L	L	L	-	-	-	-	E	L	L	L	L	-	-	E	E	L	L	-	-	E	E	L	L	L	-	-	-
-	L	L	L	L	L	-	-	-	-	E	L	-	-	E	E	E	E	-	-	L	L	L	L	L	-	-	-
-	E	E	-	-	E	E	E	E	E	-	-	-	-	E	E	E	E	E	-	-	-	-	-	E	E	E	E
L	L	L	L	L	-	-	L	L	L	L	-	-	-	-	E	E	E	E	L	-	-	-	-	-	L	L	L
-	L	L	L	L	L	-	-	-	E	E	E	-	-	L	L	L	L	L	-	-	-	-	-	-	L	L	L
E	E	L	-	-	-	-	E	L	L	-	-	L	L	L	L	L	-	-	L	L	L	L	L	-	-	-	-
-	-	-	E	E	E	E	-	-	L	L	L	L	L	-	-	L	L	-	-	-	L	L	L	L	L	-	-
E	E	E	E	E	-	-	-	E	L	L	L	L	-	-	-	-	E	E	-	-	E	E	L	L	L	-	-
E	E	E	E	E	-	-	-	-	-	-	-	-	E	E	E	E	E	E	-	-	-	E	E	E	E	E	E
E	E	-	-	-	-	E	E	E	E	E	E	-	-	-	E	E	E	E	E	E	-	-	-	E	E	-	-
-	-	-	E	E	L	L	-	-	-	E	E	E	E	L	L	-	-	-	E	E	E	E	E	E	-	-	-
-	E	E	E	E	E	E	-	-	-	E	E	E	E	E	-	-	-	E	E	E	E	E	E	-	-	-	-
-	-	-	-	E	E	L	L	L	L	-	-	-	-	E	L	L	L	L	L	-	-	-	E	E	E	L	L
-	-	E	E	E	E	L	L	-	-	-	E	E	E	E	E	-	-	-	E	E	E	E	E	-	-	-	-
Objective 0: 3610
Objective 1: 31
Constr violation: -1
Restrictions violated:
1 0 0 0 0 0 0 0 

Individual 11
1	2	3	4	5	6	7	8	9	10	11	12	13	14	15	16	17	18	19	20	21	22	23	24	25	26	27	28
E	E	E	-	-	E	E	E	E	E	-	-	-	-	E	E	E	-	-	-	-	-	-	E	E	E	E	E
E	E	E	E	E	-	-	E	E	-	-	-	-	-	-	-	-	E	E	E	E	E	-	-	E	E	E	E
-	E	E	E	-	-	-	E	L	L	L	L	-	-	E	E	L	L	-	-	E	L	L	L	L	-	-	-
L	L	L	L	-	-	E	L	-	-	E	E	L	-	-	E	E	E	L	-	-	L	L	L	L	L	-	-
-	E	E	-	-	E	E	E	E	E	-	-	-	-	E	E	E	E	E	-	-	-	-	-	E	E	E	E
L	L	L	L	L	-	-	L	L	L	L	-	-	-	-	E	E	E	E	L	-	-	-	-	-	L	L	L
-	L	L	L	L	L	-	-	-	E	E	E	-	-	L	L	L	L	L	-	-	-	-	-	-	L	L	L
E	E	L	-	-	-	-	E	L	L	-	-	L	L	L	L	L	-	-	L	L	L	L	L	-	-	-	-
-	-	-	E	E	E	E	-	-	L	L	L	L	L	-	-	L	L	-	-	-	L	L	L	L	L	-	-
-	-	L	L	L	L	L	-	-	L	L	L	L	L	-	-	-	E	E	-	-	E	E	L	L	-	-	-
E	E	E	E	E	-	-	-	-	-	-	-	-	E	E	E	E	E	E	-	-	-	E	E	E	E	E	E
E	E	-	-	-	-	E	E	E	E	E	E	-	-	-	E	E	E	E	E	E	-	-	-	-	-	E	E
-	-	-	E	E	L	L	-	-	-	E	E	E	E	L	L	-	-	-	E	E	E	E	E	E	-	-	-
-	E	E	E	E	E	E	-	-	-	E	E	E	E	E	-	-	-	E	E	E	E	E	E	-	-	-	-
-	-	-	-	E	E	L	L	L	L	-	-	-	-	E	L	L	L	L	L	-	-	-	E	E	E	L	L
-	-	E	E	E	E	L	L	-	-	-	E	E	E	E	E	-	-	-	E	E	E	E	E	-	-	-	-
Objective 0: 3005
Objective 1: 40
Constr violation: -1
Restrictions violated:
1 0 0 0 0 0 0 0 

Individual 12
1	2	3	4	5	6	7	8	9	10	11	12	13	14	15	16	17	18	19	20	21	22	23	24	25	26	27	28
E	E	E	-	-	E	E	E	E	E	-	-	-	-	E	E	E	-	-	-	-	-	-	E	E	E	E	E
E	E	E	E	E	-	-	E	E	-	-	-	-	-	-	-	-	E	E	E	E	E	-	-	E	E	E	E
-	E	E	E	-	-	-	E	L	L	L	L	-	-	E	E	L	L	-	-	E	L	L	L	L	-	-	-
L	L	L	L	-	-	E	L	-	-	E	E	L	-	-	E	E	E	L	-	-	L	L	L	L	L	-	-
-	E	E	-	-	E	E	E	E	E	-	-	-	-	E	E	E	E	E	-	-	-	-	-	E	E	E	E
L	L	L	L	L	-	-	L	L	L	L	-	-	-	-	E	E	E	E	L	-	-	-	-	-	L	L	L
-	L	L	L	L	L	-	-	-	E	E	E	-	-	L	L	L	L	L	-	-	-	-	-	-	L	L	L
E	E	L	-	-	-	-	E	L	L	-	-	L	L	L	L	L	-	-	L	L	L	L	L	-	-	-	-
-	-	-	E	E	E	E	-	-	L	L	L	L	L	-	-	L	L	-	-	-	L	L	L	L	L	-	-
-	-	L	L	L	L	L	-	-	L	L	L	L	L	-	-	-	E	E	-	-	E	E	L	L	-	-	-
E	E	E	E	E	-	-	-	-	-	-	-	-	E	E	E	E	E	E	-	-	-	E	E	E	E	E	E
E	E	-	-	-	-	E	E	E	E	E	E	-	-	-	E	E	E	E	E	E	-	-	-	-	-	E	E
-	-	-	E	E	L	L	-	-	-	E	E	E	E	L	L	-	-	-	E	E	E	E	E	E	-	-	-
-	E	E	E	E	E	E	-	-	-	E	E	E	E	E	-	-	-	E	E	E	E	E	E	-	-	-	-
-	-	-	-	E	E	L	L	L	L	-	-	-	-	E	L	L	L	L	L	-	-	-	E	E	E	L	L
-	-	E	E	E	E	L	L	-	-	-	E	E	E	E	E	-	-	-	E	E	E	E	E	-	-	-	-
Objective 0: 3005
Objective 1: 40
Constr violation: -1
Restrictions violated:
1 0 0 0 0 0 0 0 

Individual 13
1	2	3	4	5	6	7	8	9	10	11	12	13	14	15	16	17	18	19	20	21	22	23	24	25	26	27	28
E	E	E	-	-	E	E	E	E	E	-	-	-	-	E	E	E	-	-	-	-	-	-	E	E	E	E	E
E	E	E	E	E	-	-	E	E	-	-	-	-	-	-	-	-	E	E	E	E	E	-	-	E	E	E	E
L	L	L	-	-	-	-	E	L	L	L	L	-	-	E	E	L	L	-	-	E	E	L	L	L	-	-	-
L	L	L	L	-	-	E	L	-	-	E	E	L	-	-	E	E	E	L	-	-	L	L	L	L	L	-	-
-	E	E	-	-	E	E	E	E	E	-	-	-	-	E	E	E	E	E	-	-	-	-	-	E	E	E	E
L	L	L	L	L	-	-	L	L	L	L	-	-	-	-	E	E	E	E	L	-	-	-	-	-	L	L	L
-	L	L	L	L	L	-	-	-	E	E	E	-	-	L	L	L	L	L	-	-	-	-	-	-	L	L	L
E	E	L	-	-	-	-	E	L	L	-	-	L	L	L	L	L	-	-	L	L	L	L	L	-	-	-	-
-	-	-	E	E	E	E	-	-	L	L	L	L	L	-	-	L	L	-	-	-	L	L	L	L	L	-	-
E	E	E	E	E	-	-	-	E	L	L	L	L	-	-	-	-	E	E	-	-	E	E	L	L	L	-	-
E	E	E	E	E	-	-	-	-	-	-	-	-	E	E	E	E	E	E	-	-	-	E	E	E	E	E	E
E	E	-	-	-	-	E	E	E	E	E	E	-	-	-	E	E	E	E	E	E	-	-	-	-	-	E	E
-	-	-	E	E	L	L	-	-	-	E	E	E	E	L	L	-	-	-	E	E	E	E	E	E	-	-	-
-	E	E	E	E	E	E	-	-	-	E	E	E	E	E	-	-	-	E	E	E	E	E	E	-	-	-	-
-	-	-	-	E	E	L	L	L	L	-	-	-	-	E	L	L	L	L	L	-	-	-	E	E	E	L	L
-	-	E	E	E	E	L	L	-	-	-	E	E	E	E	E	-	-	-	E	E	E	E	E	-	-	-	-
Objective 0: 3208
Objective 1: 39
Constr violation: -1
Restrictions violated:
1 0 0 0 0 0 0 0 

Individual 14
1	2	3	4	5	6	7	8	9	10	11	12	13	14	15	16	17	18	19	20	21	22	23	24	25	26	27	28
E	E	E	-	-	E	E	E	E	E	-	-	-	-	E	E	E	-	-	-	-	-	-	E	E	E	E	E
E	E	E	E	E	-	-	E	E	-	-	-	-	-	-	-	-	E	E	E	E	E	-	-	E	E	E	E
L	L	L	-	-	-	-	E	L	L	L	L	-	-	E	E	L	L	-	-	E	E	L	L	L	-	-	-
-	L	L	L	L	L	-	-	-	-	E	L	-	-	E	E	E	E	-	-	L	L	L	L	L	-	-	-
-	E	E	-	-	E	E	E	E	E	-	-	-	-	E	E	E	E	E	-	-	-	-	-	E	E	E	E
L	L	L	L	L	-	-	L	L	L	L	-	-	-	-	E	E	E	E	L	-	-	-	-	-	L	L	L
-	L	L	L	L	L	-	-	-	E	E	E	-	-	L	L	L	L	L	-	-	-	-	-	-	L	L	L
E	E	L	-	-	-	-	E	L	L	-	-	L	L	L	L	L	-	-	L	L	L	L	L	-	-	-	-
-	-	-	E	E	E	E	-	-	L	L	L	L	L	-	-	L	L	-	-	-	L	L	L	L	L	-	-
-	-	L	L	L	L	L	-	-	L	L	L	L	L	-	-	-	E	E	-	-	E	E	L	L	-	-	-
E	E	E	E	E	-	-	-	-	-	-	-	-	E	E	E	E	E	E	-	-	-	E	E	E	E	E	E
E	E	-	-	-	-	E	E	E	E	E	E	-	-	-	E	E	E	E	E	E	-	-	-	-	-	E	E
-	-	-	E	E	L	L	-	-	-	E	E	E	E	L	L	-	-	-	E	E	E	E	E	E	-	-	-
E	E	E	E	E	E	-	-	-	-	E	E	E	E	E	-	-	-	E	E	E	E	E	E	-	-	-	-
-	-	-	-	E	E	L	L	L	L	-	-	-	-	E	L	L	L	L	L	-	-	-	E	E	E	L	L
-	-	E	E	E	E	L	L	-	-	-	E	E	E	E	E	-	-	-	E	E	E	E	E	-	-	-	-
Objective 0: 3306
Objective 1: 35
Constr violation: -1
Restrictions violated:
1 0 0 0 0 0 0 0 

Individual 15
1	2	3	4	5	6	7	8	9	10	11	12	13	14	15	16	17	18	19	20	21	22	23	24	25	26	27	28
E	E	E	-	-	E	E	E	E	E	-	-	-	-	E	E	E	-	-	-	-	-	-	E	E	E	E	E
E	E	E	E	E	-	-	E	E	-	-	-	-	-	-	-	-	E	E	E	E	E	-	-	E	E	E	E
L	L	L	-	-	-	-	E	L	L	L	L	-	-	E	E	L	L	-	-	E	E	L	L	L	-	-	-
-	L	L	L	L	L	-	-	-	-	E	L	-	-	E	E	E	E	-	-	L	L	L	L	L	-	-	-
-	E	E	-	-	E	E	E	E	E	-	-	-	-	E	E	E	E	E	-	-	-	-	-	E	E	E	E
L	L	L	L	L	-	-	L	L	L	L	-	-	-	-	E	E	E	E	L	-	-	-	-	-	L	L	L
-	L	L	L	L	L	-	-	-	E	E	E	-	-	L	L	L	L	L	-	-	-	-	-	-	L	L	L
E	E	L	-	-	-	-	E	L	L	-	-	L	L	L	L	L	-	-	L	L	L	L	L	-	-	-	-
-	-	-	E	E	E	E	-	-	L	L	L	L	L	-	-	L	L	-	-	-	L	L	L	L	L	-	-
-	-	L	L	L	L	L	-	-	L	L	L	L	L	-	-	-	E	E	-	-	E	E	L	L	-	-	-
E	E	E	E	E	-	-	-	-	-	-	-	-	E	E	E	E	E	E	-	-	-	E	E	E	E	E	E
E	E	-	-	-	-	E	E	E	E	E	E	-	-	-	E	E	E	E	E	E	-	-	-	-	-	E	E
-	-	-	E	E	L	L	-	-	-	E	E	E	E	L	L	-	-	-	E	E	E	E	E	E	-	-	-
-	E	E	E	E	E	E	-	-	-	E	E	E	E	E	-	-	-	E	E	E	E	E	E	-	-	-	-
-	-	-	-	E	E	L	L	L	L	-	-	-	-	E	L	L	L	L	L	-	-	-	E	E	E	L	L
-	-	E	E	E	E	L	L	-	-	-	E	E	E	E	E	-	-	-	E	E	E	E	E	-	-	-	-
Objective 0: 3205
Objective 1: 35
Constr violation: -1
Restrictions violated:
1 0 0 0 0 0 0 0 

Individual 16
1	2	3	4	5	6	7	8	9	10	11	12	13	14	15	16	17	18	19	20	21	22	23	24	25	26	27	28
E	E	E	-	-	E	E	E	E	E	-	-	-	-	E	E	E	-	-	-	-	-	-	E	E	E	E	E
E	E	E	E	E	-	-	E	E	-	-	-	-	-	-	-	-	E	E	E	E	E	-	-	E	E	E	E
L	L	L	-	-	-	-	E	L	L	L	L	-	-	E	E	L	L	-	-	E	E	L	L	L	-	-	-
L	L	L	L	-	-	E	L	-	-	E	E	L	-	-	E	E	E	L	-	-	L	L	L	L	L	-	-
-	E	E	-	-	E	E	E	E	E	-	-	-	-	E	E	E	E	E	-	-	-	-	-	E	E	E	E
L	L	L	L	L	-	-	L	L	L	L	-	-	-	-	E	E	E	E	L	-	-	-	-	-	L	L	L
-	L	L	L	L	L	-	-	-	E	E	E	-	-	L	L	L	L	L	-	-	-	-	-	-	L	L	L
E	E	E	E	E	-	-	E	E	L	-	-	L	L	L	L	L	-	-	L	L	L	L	L	-	-	-	-
-	-	-	E	E	E	E	-	-	L	L	L	L	L	-	-	L	L	-	-	-	L	L	L	L	L	-	-
E	E	E	E	E	-	-	-	E	L	L	L	L	-	-	-	-	E	E	-	-	E	E	L	L	L	-	-
E	E	E	E	E	-	-	-	-	-	-	-	-	E	E	E	E	E	E	-	-	-	E	E	E	E	E	E
E	E	-	-	-	-	E	E	E	E	E	E	-	-	-	E	E	E	E	E	E	-	-	-	-	-	E	E
-	-	-	E	E	L	L	-	-	-	E	E	E	E	L	L	-	-	-	E	E	E	E	E	E	-	-	-
E	E	E	E	E	E	-	-	-	-	E	E	E	E	E	-	-	-	E	E	E	E	E	E	-	-	-	-
-	-	-	-	E	E	L	L	L	L	-	-	-	-	E	L	L	L	L	L	-	-	-	E	E	E	L	L
-	-	E	E	E	E	L	L	-	-	-	E	E	E	E	E	-	-	-	E	E	E	E	E	-	-	-	-
Objective 0: 3412
Objective 1: 37
Constr violation: -1
Restrictions violated:
1 0 0 0 0 0 0 0 

Individual 17
1	2	3	4	5	6	7	8	9	10	11	12	13	14	15	16	17	18	19	20	21	22	23	24	25	26	27	28
E	E	E	-	-	E	E	E	E	E	-	-	-	-	E	E	E	-	-	-	-	-	-	E	E	E	E	E
E	E	E	E	E	-	-	E	E	-	-	-	-	-	-	-	-	E	E	E	E	E	-	-	E	E	E	E
L	L	L	-	-	-	-	E	L	L	L	L	-	-	E	E	L	L	-	-	E	E	L	L	L	-	-	-
-	L	L	L	L	L	-	-	-	-	E	L	-	-	E	E	E	E	-	-	L	L	L	L	L	-	-	-
-	E	E	-	-	E	E	E	E	E	-	-	-	-	E	E	E	E	E	-	-	-	-	-	E	E	E	E
L	L	L	L	L	-	-	L	L	L	L	-	-	-	-	E	E	E	E	L	-	-	-	-	-	L	L	L
-	L	L	L	L	L	-	-	-	E	E	E	-	-	L	L	L	L	L	-	-	-	-	-	-	L	L	L
E	E	L	-	-	-	-	E	L	L	-	-	L	L	L	L	L	-	-	L	L	L	L	L	-	-	-	-
-	-	-	E	E	E	E	-	-	L	L	L	L	L	-	-	L	L	-	-	-	L	L	L	L	L	-	-
E	E	E	E	E	-	-	-	E	L	L	L	L	-	-	-	-	E	E	-	-	E	E	L	L	L	-	-
E	E	E	E	E	-	-	-	-	-	-	-	-	E	E	E	E	E	E	-	-	-	E	E	E	E	E	E
E	E	-	-	-	-	E	E	E	E	E	E	-	-	-	E	E	E	E	E	E	-	-	-	E	E	-	-
-	-	-	E	E	L	L	-	-	-	E	E	E	E	L	L	-	-	-	E	E	E	E	E	E	-	-	-
-	E	E	E	E	E	E	-	-	-	E	E	E	E	E	-	-	-	E	E	E	E	E	E	-	-	-	-
-	-	-	-	E	E	L	L	L	L	-	-	-	-	E	L	L	L	L	L	-	-	-	E	E	E	L	L
-	-	E	E	E	E	L	L	-	-	-	E	E	E	E	E	-	-	-	E	E	E	E	E	-	-	-	-
Objective 0: 3610
Objective 1: 31
Constr violation: -1
Restrictions violated:
1 0 0 0 0 0 0 0 

Individual 18
1	2	3	4	5	6	7	8	9	10	11	12	13	14	15	16	17	18	19	20	21	22	23	24	25	26	27	28
E	E	E	-	-	E	E	E	E	E	-	-	-	-	E	E	E	-	-	-	-	-	-	E	E	E	E	E
E	E	E	E	E	-	-	E	E	-	-	-	-	-	-	-	-	E	E	E	E	E	-	-	E	E	E	E
L	L	L	-	-	-	-	E	L	L	L	L	-	-	E	E	L	L	-	-	E	E	L	L	L	-	-	-
L	L	L	L	-	-	E	L	-	-	E	E	L	-	-	E	E	E	L	-	-	L	L	L	L	L	-	-
-	E	E	-	-	E	E	E	E	E	-	-	-	-	E	E	E	E	E	-	-	-	-	-	E	E	E	E
L	L	L	L	L	-	-	L	L	L	L	-	-	-	-	E	E	E	E	L	-	-	-	-	-	L	L	L
-	L	L	L	L	L	-	-	-	E	E	E	-	-	L	L	L	L	L	-	-	-	-	-	-	L	L	L
E	E	E	E	E	-	-	E	E	L	-	-	L	L	L	L	L	-	-	L	L	L	L	L	-	-	-	-
-	-	-	E	E	E	E	-	-	L	L	L	L	L	-	-	L	L	-	-	-	L	L	L	L	L	-	-
E	E	E	E	E	-	-	-	E	L	L	L	L	-	-	-	-	E	E	-	-	E	E	L	L	L	-	-
E	E	E	E	E	-	-	-	-	-	-	-	-	E	E	E	E	E	E	-	-	-	E	E	E	E	E	E
E	E	-	-	-	-	E	E	E	E	E	E	-	-	-	E	E	E	E	E	E	-	-	-	-	-	E	E
-	-	-	E	E	L	L	-	-	-	E	E	E	E	L	L	-	-	-	E	E	E	E	E	E	-	-	-
-	E	E	E	E	E	E	-	-	-	E	E	E	E	E	-	-	-	E	E	E	E	E	E	-	-	-	-
-	-	-	-	E	E	L	L	L	L	-	-	-	-	E	L	L	L	L	L	-	-	-	E	E	E	L	L
-	-	E	E	E	E	L	L	-	-	-	E	E	E	E	E	-	-	-	E	E	E	E	E	-	-	-	-
Objective 0: 3311
Objective 1: 37
Constr violation: -1
Restrictions violated:
1 0 0 0 0 0 0 0 

Individual 19
1	2	3	4	5	6	7	8	9	10	11	12	13	14	15	16	17	18	19	20	21	22	23	24	25	26	27	28
E	E	E	-	-	E	E	E	E	E	-	-	-	-	E	E	E	-	-	-	-	-	-	E	E	E	E	E
E	E	E	E	E	-	-	E	E	-	-	-	-	-	-	-	-	E	E	E	E	E	-	-	E	E	E	E
-	E	E	E	-	-	-	E	L	L	L	L	-	-	E	E	L	L	-	-	E	L	L	L	L	-	-	-
-	L	L	L	L	L	-	-	-	-	E	L	-	-	E	E	E	E	-	-	L	L	L	L	L	-	-	-
-	E	E	-	-	E	E	E	E	E	-	-	-	-	E	E	E	E	E	-	-	-	-	-	E	E	E	E
L	L	L	L	L	-	-	L	L	L	L	-	-	-	-	E	E	E	E	L	-	-	-	-	-	L	L	L
-	L	L	L	L	L	-	-	-	E	E	E	-	-	L	L	L	L	L	-	-	-	-	-	-	L	L	L
E	E	E	E	E	-	-	E	E	L	-	-	L	L	L	L	L	-	-	L	L	L	L	L	-	-	-	-
-	-	-	E	E	E	E	-	-	L	L	L	L	L	-	-	L	L	-	-	-	L	L	L	L	L	-	-
E	E	E	E	E	-	-	-	E	L	L	L	L	-	-	-	-	E	E	-	-	E	E	L	L	L	-	-
E	E	E	E	E	-	-	-	-	-	-	-	-	E	E	E	E	E	E	-	-	-	E	E	E	E	E	E
E	E	-	-	-	-	E	E	E	E	E	E	-	-	-	E	E	E	E	E	E	-	-	-	-	-	E	E
-	-	-	E	E	L	L	-	-	-	E	E	E	E	L	L	-	-	-	E	E	E	E	E	E	-	-	-
-	E	E	E	E	E	E	-	-	-	E	E	E	E	E	-	-	-	E	E	E	E	E	E	-	-	-	-
-	-	-	-	E	E	L	L	L	L	-	-	-	-	E	L	L	L	L	L	-	-	-	E	E	E	L	L
-	-	E	E	E	E	L	L	-	-	-	E	E	E	E	E	-	-	-	E	E	E	E	E	-	-	-	-
Objective 0: 3814
Objective 1: 26
Constr violation: -1
Restrictions violated:
1 0 0 0 0 0 0 0 

