Individual 0
1	2	3	4	5	6	7	8	9	10	11	12	13	14	15	16	17	18	19	20	21	22	23	24	25	26	27	28
-	-	E	E	E	E	E	-	-	E	E	E	-	-	E	E	E	-	-	-	-	-	-	E	E	E	E	E
E	E	E	-	-	-	E	E	E	-	-	-	-	-	E	E	E	E	E	-	-	E	E	-	-	E	E	E
E	E	E	L	-	-	-	E	E	L	L	L	-	-	-	-	-	E	L	-	-	E	E	L	-	-	E	L
L	L	L	L	L	-	-	-	-	-	E	E	-	-	E	E	E	E	-	-	-	-	-	E	L	L	L	L
-	-	E	E	E	E	E	-	-	E	E	E	-	-	E	E	E	E	E	-	-	-	-	-	E	E	E	E
E	L	-	-	-	-	-	L	L	L	L	-	-	-	E	L	-	-	E	L	L	L	-	-	E	E	L	L
L	L	L	L	-	-	-	-	-	L	L	L	L	-	-	E	L	L	L	-	-	E	E	E	E	L	-	-
E	E	E	-	-	-	-	E	E	L	L	-	E	E	E	L	L	-	-	E	E	L	L	L	-	-	-	-
E	L	-	-	E	E	E	E	L	-	-	-	L	L	L	L	L	-	-	-	-	-	E	E	E	E	-	-
L	L	L	L	L	-	-	E	E	L	L	-	-	-	-	-	-	-	L	L	-	-	-	L	L	L	L	L
E	E	E	E	-	-	E	E	E	E	-	-	-	-	-	E	E	E	E	-	-	-	E	E	E	E	E	E
E	E	E	E	-	-	-	E	E	E	E	E	-	-	-	E	E	E	E	E	E	-	-	-	-	-	-	E
-	-	-	E	E	L	L	-	-	-	E	E	E	L	L	L	-	-	-	E	E	E	E	L	L	-	-	-
E	E	E	E	E	E	-	-	-	E	E	E	E	E	-	-	-	E	E	E	E	E	-	-	-	-	-	-
-	-	-	-	E	E	E	L	L	L	-	-	-	L	L	L	L	L	L	-	-	-	E	E	L	L	L	L
E	E	L	L	-	-	-	-	-	E	E	E	E	E	E	-	-	-	E	L	L	L	-	-	-	E	E	E
Objective 0: 4519
Objective 1: 38
Constr violation: 0
Restrictions violated:
0 0 0 0 0 0 0 0 

Individual 1
1	2	3	4	5	6	7	8	9	10	11	12	13	14	15	16	17	18	19	20	21	22	23	24	25	26	27	28
-	-	E	E	E	E	E	-	-	E	E	E	-	-	E	E	E	-	-	-	-	-	-	E	E	E	E	E
E	E	E	-	-	E	E	E	E	-	-	-	-	-	E	E	E	E	E	-	-	E	E	-	-	E	E	E
E	E	L	L	L	-	-	L	L	L	L	-	-	-	-	-	L	L	L	L	L	-	-	-	-	-	E	L
L	L	-	-	E	L	L	-	-	-	E	E	-	-	E	E	E	E	-	-	-	-	-	E	L	L	L	L
-	-	E	E	E	E	E	-	-	E	E	E	-	-	E	E	E	E	E	-	-	-	-	-	E	E	E	E
E	E	E	L	-	-	-	L	L	L	L	-	-	-	E	L	-	-	E	L	L	L	-	-	E	E	L	L
E	E	L	-	-	E	L	-	-	E	L	L	-	-	-	-	L	L	L	-	-	E	L	L	L	L	-	-
E	E	E	-	-	-	-	E	E	L	L	-	E	E	E	L	L	-	-	E	E	L	L	L	-	-	-	-
L	L	L	L	-	-	E	L	-	-	E	E	L	-	-	E	E	L	-	-	-	E	E	E	E	-	-	-
L	L	L	L	L	-	-	E	E	L	L	-	-	-	-	E	E	E	L	L	-	-	-	L	L	L	L	L
-	-	-	E	E	-	-	-	E	E	E	E	E	-	-	-	E	E	E	E	E	-	-	-	E	E	E	E
E	E	E	E	-	-	-	E	E	E	E	E	-	-	-	E	E	E	E	E	E	-	-	-	-	-	-	E
-	-	-	E	E	L	L	-	-	-	E	E	E	L	L	L	-	-	-	E	E	E	E	L	L	-	-	-
-	-	-	E	E	E	E	E	E	-	-	-	E	E	E	E	-	-	-	E	E	E	E	E	E	-	-	-
-	-	-	-	E	E	E	L	L	L	-	-	-	L	L	L	L	L	L	-	-	-	E	E	L	L	L	L
L	L	L	L	L	-	-	-	L	L	-	-	-	L	L	-	-	-	E	L	L	L	L	-	-	-	E	E
Objective 0: 3409
Objective 1: 75
Constr violation: 0
Restrictions violated:
0 0 0 0 0 0 0 0 

Individual 2
1	2	3	4	5	6	7	8	9	10	11	12	13	14	15	16	17	18	19	20	21	22	23	24	25	26	27	28
-	-	E	E	E	E	E	-	-	E	E	E	-	-	E	E	E	-	-	-	-	-	-	E	E	E	E	E
E	E	E	-	-	E	E	E	E	-	-	-	-	-	E	E	E	E	E	-	-	E	E	-	-	E	E	E
E	E	L	L	L	-	-	L	L	L	L	-	-	-	-	-	L	L	L	L	L	-	-	-	-	-	E	L
L	L	-	-	E	L	L	-	-	-	E	E	-	-	E	E	E	E	-	-	-	-	-	E	L	L	L	L
-	-	E	E	E	E	E	-	-	E	E	E	-	-	E	E	E	E	E	-	-	-	-	-	E	E	E	E
E	L	-	-	-	-	-	L	L	L	L	-	-	-	E	L	-	-	E	L	L	L	-	-	E	E	L	L
E	E	L	-	-	E	L	-	-	E	L	L	-	-	-	-	L	L	L	-	-	E	L	L	L	L	-	-
E	E	E	-	-	-	-	E	E	L	L	-	E	E	E	L	L	-	-	E	E	L	L	L	-	-	-	-
L	L	L	L	-	-	E	L	-	-	E	E	L	-	-	E	E	L	-	-	-	E	E	E	E	-	-	-
L	L	L	L	L	-	-	E	E	L	L	-	-	-	-	E	E	E	L	L	-	-	-	L	L	L	L	L
E	E	E	E	-	-	E	E	E	E	-	-	-	-	-	E	E	E	E	-	-	-	E	E	E	E	E	E
E	E	E	E	-	-	-	E	E	E	E	E	-	-	-	E	E	E	E	E	E	-	-	-	-	-	-	E
-	-	-	E	E	L	L	-	-	-	E	E	E	L	L	L	-	-	-	E	E	E	E	L	L	-	-	-
-	-	-	E	E	E	E	E	E	-	-	-	E	E	E	E	-	-	-	E	E	E	E	E	E	-	-	-
-	-	-	-	E	E	E	L	L	L	-	-	-	L	L	L	L	L	L	-	-	-	E	E	L	L	L	L
E	E	L	L	-	-	-	-	-	E	E	E	E	E	E	-	-	-	E	L	L	L	-	-	-	E	E	E
Objective 0: 3813
Objective 1: 57
Constr violation: 0
Restrictions violated:
0 0 0 0 0 0 0 0 

Individual 3
1	2	3	4	5	6	7	8	9	10	11	12	13	14	15	16	17	18	19	20	21	22	23	24	25	26	27	28
-	-	E	E	E	E	E	-	-	E	E	E	-	-	E	E	E	-	-	-	-	-	-	E	E	E	E	E
E	E	E	-	-	E	E	E	E	-	-	-	-	-	E	E	E	E	E	-	-	E	E	-	-	E	E	E
E	E	L	L	L	-	-	L	L	L	L	-	-	-	-	-	L	L	L	L	L	-	-	-	-	-	E	L
L	L	-	-	E	L	L	-	-	-	E	E	-	-	E	E	E	E	-	-	-	-	-	E	L	L	L	L
-	-	E	E	E	E	E	-	-	E	E	E	-	-	E	E	E	E	E	-	-	-	-	-	E	E	E	E
E	E	E	L	-	-	-	L	L	L	L	-	-	-	E	L	-	-	E	L	L	L	-	-	E	E	L	L
E	E	L	-	-	E	L	-	-	E	E	E	E	L	-	-	L	L	L	-	-	E	L	L	L	L	-	-
E	E	E	-	-	-	-	E	E	L	L	-	E	E	E	L	L	-	-	L	L	L	L	L	-	-	-	-
L	L	L	L	-	-	E	L	-	-	E	E	L	-	-	E	E	L	-	-	-	E	E	E	E	-	-	-
L	L	L	L	L	-	-	E	E	L	L	-	-	-	-	E	E	E	L	L	-	-	-	L	L	L	L	L
E	E	E	E	-	-	E	E	E	E	-	-	-	-	-	E	E	E	E	-	-	-	E	E	E	E	E	E
E	E	E	E	-	-	-	E	E	E	E	E	-	-	-	E	E	E	E	E	E	-	-	-	-	-	-	E
-	-	-	E	E	L	L	-	-	-	E	E	E	L	L	L	-	-	-	E	E	E	E	L	L	-	-	-
-	-	-	E	E	E	E	E	E	-	-	-	E	E	E	E	-	-	-	E	E	E	E	E	E	-	-	-
-	-	-	-	E	E	E	L	L	L	-	-	-	L	L	L	L	L	L	-	-	-	E	E	L	L	L	L
L	L	L	L	L	-	-	-	L	L	-	-	-	L	L	-	-	-	E	L	L	L	L	-	-	-	E	E
Objective 0: 3513
Objective 1: 63
Constr violation: 0
Restrictions violated:
0 0 0 0 0 0 0 0 

Individual 4
1	2	3	4	5	6	7	8	9	10	11	12	13	14	15	16	17	18	19	20	21	22	23	24	25	26	27	28
-	-	E	E	E	E	E	-	-	E	E	E	-	-	E	E	E	-	-	-	-	-	-	E	E	E	E	E
E	E	E	-	-	E	E	E	E	-	-	-	-	-	E	E	E	E	E	-	-	E	E	-	-	E	E	E
E	E	E	L	-	-	-	E	E	L	L	L	-	-	-	-	-	E	L	-	-	E	E	L	-	-	E	L
L	L	L	L	L	-	-	-	-	-	E	E	-	-	E	E	E	E	-	-	-	-	-	E	L	L	L	L
-	-	E	E	E	E	E	-	-	E	E	E	-	-	E	E	E	E	E	-	-	-	-	-	E	E	E	E
E	L	-	-	-	-	-	L	L	L	L	-	-	-	E	L	-	-	E	L	L	L	-	-	E	E	L	L
L	L	L	L	-	-	-	-	-	L	L	L	L	-	-	E	L	L	L	-	-	E	E	E	E	L	-	-
E	E	E	-	-	-	-	E	E	L	L	-	E	E	E	L	L	-	-	E	E	L	L	L	-	-	-	-
E	L	-	-	E	E	E	E	L	-	-	-	L	L	L	L	L	-	-	-	-	-	E	E	E	E	-	-
L	L	L	L	L	-	-	E	E	L	L	-	-	-	-	-	-	-	L	L	-	-	-	L	L	L	L	L
E	E	E	E	-	-	E	E	E	E	-	-	-	-	-	E	E	E	E	-	-	-	E	E	E	E	E	E
E	E	E	E	-	-	-	E	E	E	E	E	-	-	-	E	E	E	E	E	E	-	-	-	-	-	-	E
-	-	-	E	E	L	L	-	-	-	E	E	E	L	L	L	-	-	-	E	E	E	E	L	L	-	-	-
E	E	E	E	E	E	-	-	-	E	E	E	E	E	-	-	-	E	E	E	E	E	-	-	-	-	-	-
-	-	-	-	E	E	E	L	L	L	-	-	-	L	L	L	L	L	L	-	-	-	E	E	L	L	L	L
E	E	L	L	-	-	-	-	-	E	E	E	E	E	E	-	-	-	E	L	L	L	-	-	-	E	E	E
Objective 0: 4419
Objective 1: 40
Constr violation: 0
Restrictions violated:
0 0 0 0 0 0 0 0 

Individual 5
1	2	3	4	5	6	7	8	9	10	11	12	13	14	15	16	17	18	19	20	21	22	23	24	25	26	27	28
-	-	E	E	E	E	E	-	-	E	E	E	-	-	E	E	E	-	-	-	-	-	-	E	E	E	E	E
E	E	E	-	-	E	E	E	E	-	-	-	-	-	E	E	E	E	E	-	-	E	E	-	-	E	E	E
E	E	L	L	L	-	-	L	L	L	L	-	-	-	-	-	L	L	L	L	L	-	-	-	-	-	E	L
L	L	-	-	E	L	L	-	-	-	E	E	-	-	E	E	E	E	-	-	-	-	-	E	L	L	L	L
-	-	E	E	E	E	E	-	-	E	E	E	-	-	E	E	E	E	E	-	-	-	-	-	E	E	E	E
E	E	E	L	-	-	-	L	L	L	L	-	-	-	E	L	-	-	E	L	L	L	-	-	E	E	L	L
E	E	L	-	-	E	L	-	-	E	L	L	-	-	-	-	L	L	L	-	-	E	L	L	L	L	-	-
E	E	E	-	-	-	-	E	E	L	L	-	E	E	E	L	L	-	-	E	E	L	L	L	-	-	-	-
L	L	L	L	-	-	E	L	-	-	E	E	L	-	-	E	E	L	-	-	-	E	E	E	E	-	-	-
L	L	L	L	L	-	-	E	E	L	L	-	-	-	-	E	E	E	L	L	-	-	-	L	L	L	L	L
E	E	E	E	-	-	E	E	E	E	-	-	-	-	-	E	E	E	E	-	-	-	E	E	E	E	E	E
E	E	E	E	-	-	-	E	E	E	E	E	-	-	-	E	E	E	E	E	E	-	-	-	-	-	-	E
-	-	-	E	E	L	L	-	-	-	E	E	E	L	L	L	-	-	-	E	E	E	E	L	L	-	-	-
-	-	-	E	E	E	E	E	E	-	-	-	E	E	E	E	-	-	-	E	E	E	E	E	E	-	-	-
-	-	-	-	E	E	E	L	L	L	-	-	-	L	L	L	L	L	L	-	-	-	E	E	L	L	L	L
L	L	L	L	L	-	-	-	L	L	-	-	-	L	L	-	-	-	E	L	L	L	L	-	-	-	E	E
Objective 0: 3410
Objective 1: 69
Constr violation: 0
Restrictions violated:
0 0 0 0 0 0 0 0 

Individual 6
1	2	3	4	5	6	7	8	9	10	11	12	13	14	15	16	17	18	19	20	21	22	23	24	25	26	27	28
-	-	E	E	E	E	E	-	-	E	E	E	-	-	E	E	E	-	-	-	-	-	-	E	E	E	E	E
E	E	E	-	-	-	E	E	E	-	-	-	-	-	E	E	E	E	E	-	-	E	E	-	-	E	E	E
E	E	L	L	L	-	-	L	L	L	L	-	-	-	-	-	L	L	L	L	L	-	-	-	-	-	E	L
L	L	L	L	L	-	-	-	-	-	E	E	-	-	E	E	E	E	-	-	-	-	-	E	L	L	L	L
-	-	E	E	E	E	E	-	-	E	E	E	-	-	E	E	E	E	E	-	-	-	-	-	E	E	E	E
E	L	-	-	-	-	-	L	L	L	L	-	-	-	E	L	-	-	E	L	L	L	-	-	E	E	L	L
L	L	L	L	-	-	-	-	-	L	L	L	L	-	-	E	L	L	L	-	-	E	E	E	E	L	-	-
E	E	E	-	-	-	-	E	E	L	L	-	E	E	E	L	L	-	-	E	E	L	L	L	-	-	-	-
E	L	-	-	E	E	E	E	L	-	-	-	L	L	L	L	L	-	-	-	-	-	E	E	E	E	-	-
L	L	L	L	L	-	-	E	E	L	L	-	-	-	-	E	E	E	L	L	-	-	-	L	L	L	L	L
E	E	E	E	-	-	E	E	E	E	-	-	-	-	-	E	E	E	E	-	-	-	E	E	E	E	E	E
E	E	E	E	-	-	-	E	E	E	E	E	-	-	-	E	E	E	E	E	E	-	-	-	-	-	-	E
-	-	-	E	E	L	L	-	-	-	E	E	E	L	L	L	-	-	-	E	E	E	E	L	L	-	-	-
E	E	E	E	E	E	-	-	-	E	E	E	E	E	-	-	-	E	E	E	E	E	-	-	-	-	-	-
-	-	-	-	E	E	E	L	L	L	-	-	-	L	L	L	L	L	L	-	-	-	E	E	L	L	L	L
E	E	L	L	-	-	-	-	-	E	E	E	E	E	E	-	-	-	E	L	L	L	-	-	-	E	E	E
Objective 0: 4116
Objective 1: 41
Constr violation: 0
Restrictions violated:
0 0 0 0 0 0 0 0 

Individual 7
1	2	3	4	5	6	7	8	9	10	11	12	13	14	15	16	17	18	19	20	21	22	23	24	25	26	27	28
-	-	E	E	E	E	E	-	-	E	E	E	-	-	E	E	E	-	-	-	-	-	-	E	E	E	E	E
E	E	E	-	-	E	E	E	E	-	-	-	-	-	E	E	E	E	E	-	-	E	E	-	-	E	E	E
E	E	L	L	L	-	-	L	L	L	L	-	-	-	-	-	L	L	L	L	L	-	-	-	-	-	E	L
L	L	L	L	L	-	-	-	-	-	E	E	-	-	E	E	E	E	-	-	-	-	-	E	L	L	L	L
-	-	E	E	E	E	E	-	-	E	E	E	-	-	E	E	E	E	E	-	-	-	-	-	E	E	E	E
E	L	-	-	-	-	-	L	L	L	L	-	-	-	E	L	-	-	E	L	L	L	-	-	E	E	L	L
E	E	L	-	-	E	L	-	-	E	L	L	-	-	-	-	L	L	L	-	-	E	L	L	L	L	-	-
E	E	E	-	-	-	-	E	E	L	L	-	E	E	E	L	L	-	-	E	E	L	L	L	-	-	-	-
L	L	L	L	-	-	E	L	-	-	E	E	L	-	-	E	E	L	-	-	-	E	E	E	E	-	-	-
L	L	L	L	L	-	-	E	E	L	L	-	-	-	-	E	E	E	L	L	-	-	-	L	L	L	L	L
E	E	E	E	-	-	E	E	E	E	-	-	-	-	-	E	E	E	E	-	-	-	E	E	E	E	E	E
E	E	E	E	-	-	-	E	E	E	E	E	-	-	-	E	E	E	E	E	E	-	-	-	-	-	-	E
-	-	-	E	E	L	L	-	-	-	E	E	E	L	L	L	-	-	-	E	E	E	E	L	L	-	-	-
-	-	-	E	E	E	E	E	E	-	-	-	E	E	E	E	-	-	-	E	E	E	E	E	E	-	-	-
-	-	-	-	E	E	E	L	L	L	-	-	-	L	L	L	L	L	L	-	-	-	E	E	L	L	L	L
E	E	L	L	-	-	-	-	-	E	E	E	E	E	E	-	-	-	E	L	L	L	-	-	-	E	E	E
Objective 0: 3914
Objective 1: 53
Constr violation: 0
Restrictions violated:
0 0 0 0 0 0 0 0 

Individual 8
1	2	3	4	5	6	7	8	9	10	11	12	13	14	15	16	17	18	19	20	21	22	23	24	25	26	27	28
-	-	E	E	E	E	E	-	-	E	E	E	-	-	E	E	E	-	-	-	-	-	-	E	E	E	E	E
E	E	E	-	-	E	E	E	E	-	-	-	-	-	E	E	E	E	E	-	-	E	E	-	-	E	E	E
E	E	L	L	L	-	-	L	L	L	L	-	-	-	-	-	L	L	L	L	L	-	-	-	-	-	E	L
L	L	-	-	E	L	L	-	-	-	E	E	-	-	E	E	E	E	-	-	-	-	-	E	L	L	L	L
-	-	E	E	E	E	E	-	-	E	E	E	-	-	E	E	E	E	E	-	-	-	-	-	E	E	E	E
E	L	-	-	-	-	-	L	L	L	L	-	-	-	E	L	-	-	E	L	L	L	-	-	E	E	L	L
E	E	L	-	-	E	L	-	-	E	L	L	-	-	-	-	L	L	L	-	-	E	L	L	L	L	-	-
E	E	E	-	-	-	-	E	E	L	L	-	E	E	E	L	L	-	-	E	E	L	L	L	-	-	-	-
L	L	L	L	-	-	E	L	-	-	E	E	L	-	-	E	E	L	-	-	-	E	E	E	E	-	-	-
L	L	L	L	L	-	-	E	E	L	L	-	-	-	-	E	E	E	L	L	-	-	-	L	L	L	L	L
E	E	E	E	-	-	E	E	E	E	-	-	-	-	-	E	E	E	E	-	-	-	E	E	E	E	E	E
E	E	E	E	-	-	-	E	E	E	E	E	-	-	-	E	E	E	E	E	E	-	-	-	-	-	-	E
-	-	-	E	E	L	L	-	-	-	E	E	E	L	L	L	-	-	-	E	E	E	E	L	L	-	-	-
-	-	-	E	E	E	E	E	E	-	-	-	E	E	E	E	-	-	-	E	E	E	E	E	E	-	-	-
-	-	-	-	E	E	E	L	L	L	-	-	-	L	L	L	L	L	L	-	-	-	E	E	L	L	L	L
E	E	L	L	-	-	-	-	-	E	E	E	E	E	E	-	-	-	E	L	L	L	-	-	-	E	E	E
Objective 0: 3813
Objective 1: 57
Constr violation: 0
Restrictions violated:
0 0 0 0 0 0 0 0 

Individual 9
1	2	3	4	5	6	7	8	9	10	11	12	13	14	15	16	17	18	19	20	21	22	23	24	25	26	27	28
-	-	E	E	E	E	E	-	-	E	E	E	-	-	E	E	E	-	-	-	-	-	-	E	E	E	E	E
E	E	E	-	-	-	E	E	E	-	-	-	-	-	E	E	E	E	E	-	-	E	E	-	-	E	E	E
E	E	L	L	L	-	-	L	L	L	L	-	-	-	-	-	L	L	L	L	L	-	-	-	-	-	E	L
L	L	-	-	E	L	L	-	-	-	E	E	-	-	E	E	E	E	-	-	-	-	-	E	L	L	L	L
-	-	E	E	E	E	E	-	-	E	E	E	-	-	E	E	E	E	E	-	-	-	-	-	E	E	E	E
E	L	-	-	-	-	-	L	L	L	L	-	-	-	E	L	-	-	E	L	L	L	-	-	E	E	L	L
L	L	L	L	-	-	-	-	-	L	L	L	L	-	-	E	L	L	L	-	-	E	E	E	E	L	-	-
E	E	E	-	-	-	-	E	E	L	L	-	E	E	E	L	L	-	-	E	E	L	L	L	-	-	-	-
E	L	-	-	E	E	E	E	L	-	-	-	L	L	L	L	L	-	-	-	-	-	E	E	E	E	-	-
L	L	L	L	L	-	-	E	E	L	L	-	-	-	-	E	E	E	L	L	-	-	-	L	L	L	L	L
E	E	E	E	-	-	E	E	E	E	-	-	-	-	-	E	E	E	E	-	-	-	E	E	E	E	E	E
E	E	E	E	-	-	-	E	E	E	E	E	-	-	-	E	E	E	E	E	E	-	-	-	-	-	-	E
-	-	-	E	E	L	L	-	-	-	E	E	E	L	L	L	-	-	-	E	E	E	E	L	L	-	-	-
E	E	E	E	E	E	-	-	-	E	E	E	E	E	-	-	-	E	E	E	E	E	-	-	-	-	-	-
-	-	-	-	E	E	E	L	L	L	-	-	-	L	L	L	L	L	L	-	-	-	E	E	L	L	L	L
E	E	L	L	-	-	-	-	-	E	E	E	E	E	E	-	-	-	E	L	L	L	-	-	-	E	E	E
Objective 0: 4015
Objective 1: 45
Constr violation: 0
Restrictions violated:
0 0 0 0 0 0 0 0 

Individual 10
1	2	3	4	5	6	7	8	9	10	11	12	13	14	15	16	17	18	19	20	21	22	23	24	25	26	27	28
-	-	E	E	E	E	E	-	-	E	E	E	-	-	E	E	E	-	-	-	-	-	-	E	E	E	E	E
E	E	E	-	-	E	E	E	E	-	-	-	-	-	E	E	E	E	E	-	-	E	E	-	-	E	E	E
E	E	L	L	L	-	-	L	L	L	L	-	-	-	-	-	L	L	L	L	L	-	-	-	-	-	E	L
L	L	-	-	E	L	L	-	-	-	E	E	-	-	E	E	E	E	-	-	-	-	-	E	L	L	L	L
-	-	E	E	E	E	E	-	-	E	E	E	-	-	E	E	E	E	E	-	-	-	-	-	E	E	E	E
E	E	E	L	-	-	-	L	L	L	L	-	-	-	E	L	-	-	E	L	L	L	-	-	E	E	L	L
E	E	L	-	-	E	L	-	-	E	E	E	E	L	-	-	L	L	L	-	-	E	L	L	L	L	-	-
E	E	E	-	-	-	-	E	E	L	L	-	E	E	E	L	L	-	-	L	L	L	L	L	-	-	-	-
L	L	L	L	-	-	E	L	-	-	E	E	L	-	-	E	E	L	-	-	-	E	E	E	E	-	-	-
L	L	L	L	L	-	-	E	E	L	L	-	-	-	-	E	E	E	L	L	-	-	-	L	L	L	L	L
E	E	E	E	-	-	E	E	E	E	-	-	-	-	-	E	E	E	E	-	-	-	E	E	E	E	E	E
E	E	E	E	-	-	-	E	E	E	E	E	-	-	-	E	E	E	E	E	E	-	-	-	-	-	-	E
-	-	-	E	E	L	L	-	-	-	E	E	E	L	L	L	-	-	-	E	E	E	E	L	L	-	-	-
-	-	-	E	E	E	E	E	E	-	-	-	E	E	E	E	-	-	-	E	E	E	E	E	E	-	-	-
-	-	-	-	E	E	E	L	L	L	-	-	-	L	L	L	L	L	L	-	-	-	E	E	L	L	L	L
L	L	L	L	L	-	-	-	L	L	-	-	-	L	L	-	-	-	E	L	L	L	L	-	-	-	E	E
Objective 0: 3513
Objective 1: 63
Constr violation: 0
Restrictions violated:
0 0 0 0 0 0 0 0 

Individual 11
1	2	3	4	5	6	7	8	9	10	11	12	13	14	15	16	17	18	19	20	21	22	23	24	25	26	27	28
-	-	E	E	E	E	E	-	-	E	E	E	-	-	E	E	E	-	-	-	-	-	-	E	E	E	E	E
E	E	E	-	-	E	E	E	E	-	-	-	-	-	E	E	E	E	E	-	-	E	E	-	-	E	E	E
E	E	L	L	L	-	-	L	L	L	L	-	-	-	-	-	L	L	L	L	L	-	-	-	-	-	E	L
L	L	-	-	E	L	L	-	-	-	E	E	-	-	E	E	E	E	-	-	-	-	-	E	L	L	L	L
-	-	E	E	E	E	E	-	-	E	E	E	-	-	E	E	E	E	E	-	-	-	-	-	E	E	E	E
E	L	-	-	-	-	-	L	L	L	L	-	-	-	E	L	-	-	E	L	L	L	-	-	E	E	L	L
L	L	L	L	-	-	-	-	-	L	L	L	L	-	-	E	L	L	L	-	-	E	E	E	E	L	-	-
E	E	E	-	-	-	-	E	E	L	L	-	E	E	E	L	L	-	-	E	E	L	L	L	-	-	-	-
E	L	-	-	E	E	E	E	L	-	-	-	L	L	L	L	L	-	-	-	-	-	E	E	E	E	-	-
L	L	L	L	L	-	-	E	E	L	L	-	-	-	-	E	E	E	L	L	-	-	-	L	L	L	L	L
E	E	E	E	-	-	E	E	E	E	-	-	-	-	-	E	E	E	E	-	-	-	E	E	E	E	E	E
E	E	E	E	-	-	-	E	E	E	E	E	-	-	-	E	E	E	E	E	E	-	-	-	-	-	-	E
-	-	-	E	E	L	L	-	-	-	E	E	E	L	L	L	-	-	-	E	E	E	E	L	L	-	-	-
E	E	E	E	E	E	-	-	-	E	E	E	E	E	-	-	-	E	E	E	E	E	-	-	-	-	-	-
-	-	-	-	E	E	E	L	L	L	-	-	-	L	L	L	L	L	L	-	-	-	E	E	L	L	L	L
E	E	L	L	-	-	-	-	-	E	E	E	E	E	E	-	-	-	E	L	L	L	-	-	-	E	E	E
Objective 0: 3915
Objective 1: 47
Constr violation: 0
Restrictions violated:
0 0 0 0 0 0 0 0 

Individual 12
1	2	3	4	5	6	7	8	9	10	11	12	13	14	15	16	17	18	19	20	21	22	23	24	25	26	27	28
-	-	E	E	E	E	E	-	-	E	E	E	-	-	E	E	E	-	-	-	-	-	-	E	E	E	E	E
E	E	E	-	-	E	E	E	E	-	-	-	-	-	E	E	E	E	E	-	-	E	E	-	-	E	E	E
E	E	L	L	L	-	-	L	L	L	L	-	-	-	-	-	L	L	L	L	L	-	-	-	-	-	E	L
L	L	-	-	E	L	L	-	-	-	E	E	-	-	E	E	E	E	-	-	-	-	-	E	L	L	L	L
-	-	E	E	E	E	E	-	-	E	E	E	-	-	E	E	E	E	E	-	-	-	-	-	E	E	E	E
E	L	-	-	-	-	-	L	L	L	L	-	-	-	E	L	-	-	E	L	L	L	-	-	E	E	L	L
L	L	L	L	-	-	-	-	-	L	L	L	L	-	-	E	L	L	L	-	-	E	E	E	E	L	-	-
E	E	E	-	-	-	-	E	E	L	L	-	E	E	E	L	L	-	-	E	E	L	L	L	-	-	-	-
E	L	-	-	E	E	E	E	L	-	-	-	L	L	L	L	L	-	-	-	-	-	E	E	E	E	-	-
L	L	L	L	L	-	-	E	E	L	L	-	-	-	-	E	E	E	L	L	-	-	-	L	L	L	L	L
E	E	E	E	-	-	E	E	E	E	-	-	-	-	-	E	E	E	E	-	-	-	E	E	E	E	E	E
E	E	E	E	-	-	-	E	E	E	E	E	-	-	-	E	E	E	E	E	E	-	-	-	-	-	-	E
-	-	-	E	E	L	L	-	-	-	E	E	E	L	L	L	-	-	-	E	E	E	E	L	L	-	-	-
E	E	E	E	E	E	-	-	-	E	E	E	E	E	-	-	-	E	E	E	E	E	-	-	-	-	-	-
-	-	-	-	E	E	E	L	L	L	-	-	-	L	L	L	L	L	L	-	-	-	E	E	L	L	L	L
E	E	L	L	-	-	-	-	-	E	E	E	E	E	E	-	-	-	E	L	L	L	-	-	-	E	E	E
Objective 0: 3915
Objective 1: 47
Constr violation: 0
Restrictions violated:
0 0 0 0 0 0 0 0 

Individual 13
1	2	3	4	5	6	7	8	9	10	11	12	13	14	15	16	17	18	19	20	21	22	23	24	25	26	27	28
-	-	E	E	E	E	E	-	-	E	E	E	-	-	E	E	E	-	-	-	-	-	-	E	E	E	E	E
E	E	E	-	-	-	E	E	E	-	-	-	-	-	E	E	E	E	E	-	-	E	E	-	-	E	E	E
E	E	L	L	L	-	-	L	L	L	L	-	-	-	-	-	L	L	L	L	L	-	-	-	-	-	E	L
L	L	L	L	L	-	-	-	-	-	E	E	-	-	E	E	E	E	-	-	-	-	-	E	L	L	L	L
-	-	E	E	E	E	E	-	-	E	E	E	-	-	E	E	E	E	E	-	-	-	-	-	E	E	E	E
E	L	-	-	-	-	-	L	L	L	L	-	-	-	E	L	-	-	E	L	L	L	-	-	E	E	L	L
L	L	L	L	-	-	-	-	-	L	L	L	L	-	-	E	L	L	L	-	-	E	E	E	E	L	-	-
E	E	E	-	-	-	-	E	E	L	L	-	E	E	E	L	L	-	-	E	E	L	L	L	-	-	-	-
E	L	-	-	E	E	E	E	L	-	-	-	L	L	L	L	L	-	-	-	-	-	E	E	E	E	-	-
L	L	L	L	L	-	-	E	E	L	L	-	-	-	-	E	E	E	L	L	-	-	-	L	L	L	L	L
E	E	E	E	-	-	E	E	E	E	-	-	-	-	-	E	E	E	E	-	-	-	E	E	E	E	E	E
E	E	E	E	-	-	-	E	E	E	E	E	-	-	-	E	E	E	E	E	E	-	-	-	-	-	-	E
-	-	-	E	E	L	L	-	-	-	E	E	E	L	L	L	-	-	-	E	E	E	E	L	L	-	-	-
E	E	E	E	E	E	-	-	-	E	E	E	E	E	-	-	-	E	E	E	E	E	-	-	-	-	-	-
-	-	-	-	E	E	E	L	L	L	-	-	-	L	L	L	L	L	L	-	-	-	E	E	L	L	L	L
E	E	L	L	-	-	-	-	-	E	E	E	E	E	E	-	-	-	E	L	L	L	-	-	-	E	E	E
Objective 0: 4116
Objective 1: 41
Constr violation: 0
Restrictions violated:
0 0 0 0 0 0 0 0 

Individual 14
1	2	3	4	5	6	7	8	9	10	11	12	13	14	15	16	17	18	19	20	21	22	23	24	25	26	27	28
-	-	E	E	E	E	E	-	-	E	E	E	-	-	E	E	E	-	-	-	-	-	-	E	E	E	E	E
E	E	E	-	-	-	E	E	E	-	-	-	-	-	E	E	E	E	E	-	-	E	E	-	-	E	E	E
E	E	L	L	L	-	-	L	L	L	L	-	-	-	-	-	L	L	L	L	L	-	-	-	-	-	E	L
L	L	-	-	E	L	L	-	-	-	E	E	-	-	E	E	E	E	-	-	-	-	-	E	L	L	L	L
-	-	E	E	E	E	E	-	-	E	E	E	-	-	E	E	E	E	E	-	-	-	-	-	E	E	E	E
E	E	E	L	-	-	-	L	L	L	L	-	-	-	E	L	-	-	E	L	L	L	-	-	E	E	L	L
E	E	L	-	-	E	L	-	-	E	L	L	-	-	-	-	L	L	L	-	-	E	L	L	L	L	-	-
E	E	E	-	-	-	-	E	E	L	L	-	E	E	E	L	L	-	-	E	E	L	L	L	-	-	-	-
L	L	L	L	-	-	E	L	-	-	E	E	L	-	-	E	E	L	-	-	-	E	E	E	E	-	-	-
L	L	L	L	L	-	-	E	E	L	L	-	-	-	-	E	E	E	L	L	-	-	-	L	L	L	L	L
E	E	E	E	-	-	E	E	E	E	-	-	-	-	-	E	E	E	E	-	-	-	E	E	E	E	E	E
E	E	E	E	-	-	-	E	E	E	E	E	-	-	-	E	E	E	E	E	E	-	-	-	-	-	-	E
-	-	-	E	E	L	L	-	-	-	E	E	E	L	L	L	-	-	-	E	E	E	E	L	L	-	-	-
-	-	-	E	E	E	E	E	E	-	-	-	E	E	E	E	-	-	-	E	E	E	E	E	E	-	-	-
-	-	-	-	E	E	E	L	L	L	-	-	-	L	L	L	L	L	L	-	-	-	E	E	L	L	L	L
L	L	L	L	L	-	-	-	L	L	-	-	-	L	L	-	-	-	E	L	L	L	L	-	-	-	E	E
Objective 0: 3510
Objective 1: 67
Constr violation: 0
Restrictions violated:
0 0 0 0 0 0 0 0 

Individual 15
1	2	3	4	5	6	7	8	9	10	11	12	13	14	15	16	17	18	19	20	21	22	23	24	25	26	27	28
-	-	E	E	E	E	E	-	-	E	E	E	-	-	E	E	E	-	-	-	-	-	-	E	E	E	E	E
E	E	E	-	-	E	E	E	E	-	-	-	-	-	E	E	E	E	E	-	-	E	E	-	-	E	E	E
E	E	L	L	L	-	-	L	L	L	L	-	-	-	-	-	L	L	L	L	L	-	-	-	-	-	E	L
L	L	L	L	L	-	-	-	-	-	E	E	-	-	E	E	E	E	-	-	-	-	-	E	L	L	L	L
-	-	E	E	E	E	E	-	-	E	E	E	-	-	E	E	E	E	E	-	-	-	-	-	E	E	E	E
E	L	-	-	-	-	-	L	L	L	L	-	-	-	E	L	-	-	E	L	L	L	-	-	E	E	L	L
L	L	L	L	-	-	-	-	-	L	L	L	L	-	-	E	L	L	L	-	-	E	E	E	E	L	-	-
E	E	E	-	-	-	-	E	E	L	L	-	E	E	E	L	L	-	-	E	E	L	L	L	-	-	-	-
E	L	-	-	E	E	E	E	L	-	-	-	L	L	L	L	L	-	-	-	-	-	E	E	E	E	-	-
L	L	L	L	L	-	-	E	E	L	L	-	-	-	-	E	E	E	L	L	-	-	-	L	L	L	L	L
E	E	E	E	-	-	E	E	E	E	-	-	-	-	-	E	E	E	E	-	-	-	E	E	E	E	E	E
E	E	E	E	-	-	-	E	E	E	E	E	-	-	-	E	E	E	E	E	E	-	-	-	-	-	-	E
-	-	-	E	E	L	L	-	-	-	E	E	E	L	L	L	-	-	-	E	E	E	E	L	L	-	-	-
E	E	E	E	E	E	-	-	-	E	E	E	E	E	-	-	-	E	E	E	E	E	-	-	-	-	-	-
-	-	-	-	E	E	E	L	L	L	-	-	-	L	L	L	L	L	L	-	-	-	E	E	L	L	L	L
E	E	L	L	-	-	-	-	-	E	E	E	E	E	E	-	-	-	E	L	L	L	-	-	-	E	E	E
Objective 0: 4016
Objective 1: 43
Constr violation: 0
Restrictions violated:
0 0 0 0 0 0 0 0 

Individual 16
1	2	3	4	5	6	7	8	9	10	11	12	13	14	15	16	17	18	19	20	21	22	23	24	25	26	27	28
-	-	E	E	E	E	E	-	-	E	E	E	-	-	E	E	E	-	-	-	-	-	-	E	E	E	E	E
E	E	E	-	-	E	E	E	E	-	-	-	-	-	E	E	E	E	E	-	-	E	E	-	-	E	E	E
E	E	E	L	-	-	-	E	E	L	L	L	-	-	-	-	-	E	L	-	-	E	E	L	-	-	E	L
L	L	L	L	L	-	-	-	-	-	E	E	-	-	E	E	E	E	-	-	-	-	-	E	L	L	L	L
-	-	E	E	E	E	E	-	-	E	E	E	-	-	E	E	E	E	E	-	-	-	-	-	E	E	E	E
E	L	-	-	-	-	-	L	L	L	L	-	-	-	E	L	-	-	E	L	L	L	-	-	E	E	L	L
L	L	L	L	-	-	-	-	-	L	L	L	L	-	-	E	L	L	L	-	-	E	E	E	E	L	-	-
E	E	E	-	-	-	-	E	E	L	L	-	E	E	E	L	L	-	-	E	E	L	L	L	-	-	-	-
E	L	-	-	E	E	E	E	L	-	-	-	L	L	L	L	L	-	-	-	-	-	E	E	E	E	-	-
L	L	L	L	L	-	-	E	E	L	L	-	-	-	-	-	-	-	L	L	-	-	-	L	L	L	L	L
E	E	E	E	-	-	E	E	E	E	-	-	-	-	-	E	E	E	E	-	-	-	E	E	E	E	E	E
E	E	E	E	-	-	-	E	E	E	E	E	-	-	-	E	E	E	E	E	E	-	-	-	-	-	-	E
-	-	-	E	E	L	L	-	-	-	E	E	E	L	L	L	-	-	-	E	E	E	E	L	L	-	-	-
E	E	E	E	E	E	-	-	-	E	E	E	E	E	-	-	-	E	E	E	E	E	-	-	-	-	-	-
-	-	-	-	E	E	E	L	L	L	-	-	-	L	L	L	L	L	L	-	-	-	E	E	L	L	L	L
E	E	L	L	-	-	-	-	-	E	E	E	E	E	E	-	-	-	E	L	L	L	-	-	-	E	E	E
Objective 0: 4419
Objective 1: 40
Constr violation: 0
Restrictions violated:
0 0 0 0 0 0 0 0 

Individual 17
1	2	3	4	5	6	7	8	9	10	11	12	13	14	15	16	17	18	19	20	21	22	23	24	25	26	27	28
-	-	E	E	E	E	E	-	-	E	E	E	-	-	E	E	E	-	-	-	-	-	-	E	E	E	E	E
E	E	E	-	-	-	E	E	E	-	-	-	-	-	E	E	E	E	E	-	-	E	E	-	-	E	E	E
E	E	L	L	L	-	-	L	L	L	L	-	-	-	-	-	L	L	L	L	L	-	-	-	-	-	E	L
L	L	-	-	E	L	L	-	-	-	E	E	-	-	E	E	E	E	-	-	-	-	-	E	L	L	L	L
-	-	E	E	E	E	E	-	-	E	E	E	-	-	E	E	E	E	E	-	-	-	-	-	E	E	E	E
E	E	E	L	-	-	-	L	L	L	L	-	-	-	E	L	-	-	E	L	L	L	-	-	E	E	L	L
E	E	L	-	-	E	L	-	-	E	L	L	-	-	-	-	L	L	L	-	-	E	L	L	L	L	-	-
E	E	E	-	-	-	-	E	E	L	L	-	E	E	E	L	L	-	-	E	E	L	L	L	-	-	-	-
L	L	L	L	-	-	E	L	-	-	E	E	L	-	-	E	E	L	-	-	-	E	E	E	E	-	-	-
L	L	L	L	L	-	-	E	E	L	L	-	-	-	-	E	E	E	L	L	-	-	-	L	L	L	L	L
E	E	E	E	-	-	E	E	E	E	-	-	-	-	-	E	E	E	E	-	-	-	E	E	E	E	E	E
E	E	E	E	-	-	-	E	E	E	E	E	-	-	-	E	E	E	E	E	E	-	-	-	-	-	-	E
-	-	-	E	E	L	L	-	-	-	E	E	E	L	L	L	-	-	-	E	E	E	E	L	L	-	-	-
-	-	-	E	E	E	E	E	E	-	-	-	E	E	E	E	-	-	-	E	E	E	E	E	E	-	-	-
-	-	-	-	E	E	E	L	L	L	-	-	-	L	L	L	L	L	L	-	-	-	E	E	L	L	L	L
L	L	L	L	L	-	-	-	L	L	-	-	-	L	L	-	-	-	E	L	L	L	L	-	-	-	E	E
Objective 0: 3510
Objective 1: 67
Constr violation: 0
Restrictions violated:
0 0 0 0 0 0 0 0 

Individual 18
1	2	3	4	5	6	7	8	9	10	11	12	13	14	15	16	17	18	19	20	21	22	23	24	25	26	27	28
-	-	E	E	E	E	E	-	-	E	E	E	-	-	E	E	E	-	-	-	-	-	-	E	E	E	E	E
E	E	E	-	-	E	E	E	E	-	-	-	-	-	E	E	E	E	E	-	-	E	E	-	-	E	E	E
E	E	L	L	L	-	-	L	L	L	L	-	-	-	-	-	L	L	L	L	L	-	-	-	-	-	E	L
L	L	L	L	L	-	-	-	-	-	E	E	-	-	E	E	E	E	-	-	-	-	-	E	L	L	L	L
-	-	E	E	E	E	E	-	-	E	E	E	-	-	E	E	E	E	E	-	-	-	-	-	E	E	E	E
E	L	-	-	-	-	-	L	L	L	L	-	-	-	E	L	-	-	E	L	L	L	-	-	E	E	L	L
E	E	L	-	-	E	L	-	-	E	L	L	-	-	-	-	L	L	L	-	-	E	L	L	L	L	-	-
E	E	E	-	-	-	-	E	E	L	L	-	E	E	E	L	L	-	-	E	E	L	L	L	-	-	-	-
L	L	L	L	-	-	E	L	-	-	E	E	L	-	-	E	E	L	-	-	-	E	E	E	E	-	-	-
L	L	L	L	L	-	-	E	E	L	L	-	-	-	-	E	E	E	L	L	-	-	-	L	L	L	L	L
E	E	E	E	-	-	E	E	E	E	-	-	-	-	-	E	E	E	E	-	-	-	E	E	E	E	E	E
E	E	E	E	-	-	-	E	E	E	E	E	-	-	-	E	E	E	E	E	E	-	-	-	-	-	-	E
-	-	-	E	E	L	L	-	-	-	E	E	E	L	L	L	-	-	-	E	E	E	E	L	L	-	-	-
-	-	-	E	E	E	E	E	E	-	-	-	E	E	E	E	-	-	-	E	E	E	E	E	E	-	-	-
-	-	-	-	E	E	E	L	L	L	-	-	-	L	L	L	L	L	L	-	-	-	E	E	L	L	L	L
E	E	L	L	-	-	-	-	-	E	E	E	E	E	E	-	-	-	E	L	L	L	-	-	-	E	E	E
Objective 0: 3914
Objective 1: 53
Constr violation: 0
Restrictions violated:
0 0 0 0 0 0 0 0 

Individual 19
1	2	3	4	5	6	7	8	9	10	11	12	13	14	15	16	17	18	19	20	21	22	23	24	25	26	27	28
-	-	E	E	E	E	E	-	-	E	E	E	-	-	E	E	E	-	-	-	-	-	-	E	E	E	E	E
E	E	E	-	-	E	E	E	E	-	-	-	-	-	E	E	E	E	E	-	-	E	E	-	-	E	E	E
E	E	L	L	L	-	-	L	L	L	L	-	-	-	-	-	L	L	L	L	L	-	-	-	-	-	E	L
L	L	L	L	L	-	-	-	-	-	E	E	-	-	E	E	E	E	-	-	-	-	-	E	L	L	L	L
-	-	E	E	E	E	E	-	-	E	E	E	-	-	E	E	E	E	E	-	-	-	-	-	E	E	E	E
E	L	-	-	-	-	-	L	L	L	L	-	-	-	E	L	-	-	E	L	L	L	-	-	E	E	L	L
L	L	L	L	-	-	-	-	-	L	L	L	L	-	-	E	L	L	L	-	-	E	E	E	E	L	-	-
E	E	E	-	-	-	-	E	E	L	L	-	E	E	E	L	L	-	-	E	E	L	L	L	-	-	-	-
E	L	-	-	E	E	E	E	L	-	-	-	L	L	L	L	L	-	-	-	-	-	E	E	E	E	-	-
L	L	L	L	L	-	-	E	E	L	L	-	-	-	-	E	E	E	L	L	-	-	-	L	L	L	L	L
E	E	E	E	-	-	E	E	E	E	-	-	-	-	-	E	E	E	E	-	-	-	E	E	E	E	E	E
E	E	E	E	-	-	-	E	E	E	E	E	-	-	-	E	E	E	E	E	E	-	-	-	-	-	-	E
-	-	-	E	E	L	L	-	-	-	E	E	E	L	L	L	-	-	-	E	E	E	E	L	L	-	-	-
E	E	E	E	E	E	-	-	-	E	E	E	E	E	-	-	-	E	E	E	E	E	-	-	-	-	-	-
-	-	-	-	E	E	E	L	L	L	-	-	-	L	L	L	L	L	L	-	-	-	E	E	L	L	L	L
E	E	L	L	-	-	-	-	-	E	E	E	E	E	E	-	-	-	E	L	L	L	-	-	-	E	E	E
Objective 0: 4016
Objective 1: 43
Constr violation: 0
Restrictions violated:
0 0 0 0 0 0 0 0 

