Individual 0
1	2	3	4	5	6	7	8	9	10	11	12	13	14	15	16	17	18	19	20	21	22	23	24	25	26	27	28
-	-	E	E	E	E	-	-	E	E	E	E	-	-	E	E	E	-	-	-	-	-	-	E	E	E	E	E
E	E	E	-	-	-	E	E	E	-	-	-	-	-	E	E	E	E	E	-	-	E	E	-	-	E	E	E
L	L	L	L	-	-	-	L	L	L	L	L	-	-	-	-	-	E	E	L	L	-	-	E	E	E	E	E
L	L	L	L	L	-	-	-	-	-	L	L	L	-	-	E	E	E	E	-	-	-	L	L	L	L	L	-
E	E	E	E	-	E	E	E	E	E	-	-	E	E	E	E	E	-	-	-	-	-	-	-	E	E	-	-
L	L	L	-	-	-	E	L	L	L	L	-	-	-	E	E	L	L	L	-	-	L	L	L	L	-	-	-
-	-	-	L	L	L	L	L	-	-	E	L	L	-	-	E	L	L	L	-	-	L	L	L	L	-	-	-
E	E	L	-	-	-	-	E	L	L	-	-	L	L	L	L	L	-	-	L	L	L	L	L	-	-	-	-
L	L	L	-	-	-	E	E	E	E	-	-	-	-	L	L	L	L	-	-	-	-	-	L	L	L	L	L
-	E	L	L	L	-	-	-	E	L	L	L	-	-	-	-	-	E	E	E	L	L	-	-	-	L	L	L
E	E	E	-	-	-	-	E	E	E	E	E	E	-	-	-	E	E	E	E	E	E	-	-	-	-	E	E
-	-	-	E	E	E	E	E	-	-	-	E	E	E	E	E	E	-	-	-	E	E	E	E	E	-	-	-
-	-	-	E	E	E	E	-	-	-	E	E	E	E	E	E	-	-	-	E	E	E	E	E	E	-	-	-
-	E	E	E	E	E	-	-	-	E	E	E	E	E	-	-	-	E	E	E	E	E	E	-	-	-	-	-
-	-	-	-	E	L	L	L	L	L	-	-	-	L	L	L	L	L	L	-	-	-	-	E	E	E	L	L
-	E	E	E	E	E	L	-	-	-	-	E	E	E	E	L	-	-	-	E	E	E	E	E	-	-	-	-
Objective 0: 2802
Objective 1: 46
Constr violation: -1
Restrictions violated:
0 0 0 1 0 0 0 0 

Individual 1
1	2	3	4	5	6	7	8	9	10	11	12	13	14	15	16	17	18	19	20	21	22	23	24	25	26	27	28
-	-	E	E	E	E	-	-	E	E	E	E	-	-	E	E	E	-	-	-	-	-	-	E	E	E	E	E
E	E	E	-	-	-	E	E	E	-	-	-	-	-	E	E	E	E	E	-	-	E	E	-	-	E	E	E
-	E	E	L	L	-	-	-	E	L	L	L	L	-	-	-	E	E	E	-	-	-	-	-	E	E	E	E
-	L	L	L	L	L	-	-	-	-	E	L	L	-	-	E	E	E	E	-	-	L	L	L	L	L	-	-
-	-	E	E	E	E	E	-	-	-	-	-	E	E	E	E	E	-	-	-	-	-	-	-	E	E	-	-
L	L	L	-	-	-	E	L	L	L	L	-	-	-	E	E	L	L	L	-	-	L	L	L	L	-	-	-
-	-	-	L	L	L	L	L	-	-	E	L	L	-	-	E	L	L	L	-	-	L	L	L	L	-	-	-
E	E	E	-	-	-	-	L	L	L	-	-	L	L	L	L	L	-	-	L	L	L	L	L	-	-	-	-
L	L	L	-	-	-	E	E	E	E	-	-	-	-	L	L	L	L	-	-	-	-	-	L	L	L	L	L
E	E	E	E	E	-	-	E	E	E	L	L	-	-	-	-	-	E	E	E	L	-	-	-	-	L	L	L
E	E	E	E	-	-	-	-	E	E	E	E	E	E	-	-	-	-	-	-	E	E	E	E	E	E	-	-
-	-	-	E	E	E	E	E	-	-	-	E	E	E	E	E	E	-	-	-	E	E	E	E	E	-	-	-
-	-	-	E	E	E	E	-	-	-	E	E	E	E	E	E	-	-	-	E	E	E	E	E	E	-	-	-
-	E	E	E	E	E	-	-	-	E	E	E	E	E	-	-	-	E	E	E	E	E	E	-	-	-	-	-
-	-	-	-	E	L	L	L	L	L	-	-	-	L	L	L	L	L	L	-	-	-	-	E	E	E	L	L
-	E	E	E	E	E	L	-	-	-	-	E	E	E	E	L	-	-	-	E	E	E	E	E	-	-	-	-
Objective 0: 4412
Objective 1: 16
Constr violation: -1
Restrictions violated:
0 0 0 0 0 0 0 1 

Individual 2
1	2	3	4	5	6	7	8	9	10	11	12	13	14	15	16	17	18	19	20	21	22	23	24	25	26	27	28
-	-	E	E	E	E	-	-	E	E	E	E	-	-	E	E	E	-	-	-	-	-	-	E	E	E	E	E
E	E	E	-	-	-	E	E	E	-	-	-	-	-	E	E	E	E	E	-	-	E	E	-	-	E	E	E
L	L	L	L	-	-	-	L	L	L	L	L	-	-	-	-	-	E	E	L	L	-	-	E	E	E	E	E
-	L	L	L	L	L	-	-	-	-	E	L	L	-	-	E	E	E	E	-	-	L	L	L	L	L	-	-
-	-	E	E	E	E	E	-	-	-	-	-	E	E	E	E	E	-	-	-	-	-	-	-	E	E	-	-
L	L	L	-	-	-	E	L	L	L	L	-	-	-	E	E	L	L	L	-	-	L	L	L	L	-	-	-
-	-	-	L	L	L	L	L	-	-	E	L	L	-	-	E	L	L	L	-	-	L	L	L	L	-	-	-
E	E	L	-	-	-	-	E	L	L	-	-	L	L	L	L	L	-	-	L	L	L	L	L	-	-	-	-
L	L	L	-	-	-	E	E	E	E	-	-	-	-	L	L	L	L	-	-	-	-	-	L	L	L	L	L
-	E	L	L	L	-	-	-	E	L	L	L	-	-	-	-	-	E	E	E	L	L	-	-	-	L	L	L
E	E	E	-	-	-	-	E	E	E	E	E	E	-	-	-	E	E	E	E	E	E	-	-	-	-	E	E
-	-	-	E	E	E	E	E	-	-	-	E	E	E	E	E	E	-	-	-	E	E	E	E	E	-	-	-
-	-	-	E	E	E	E	-	-	-	E	E	E	E	E	E	-	-	-	E	E	E	E	E	E	-	-	-
-	E	E	E	E	E	-	-	-	E	E	E	E	E	-	-	-	E	E	E	E	E	E	-	-	-	-	-
-	-	-	-	E	L	L	L	L	L	-	-	-	L	L	L	L	L	L	-	-	-	-	E	E	E	L	L
-	E	E	E	E	E	L	-	-	-	-	E	E	E	E	L	-	-	-	E	E	E	E	E	-	-	-	-
Objective 0: 3404
Objective 1: 36
Constr violation: -1
Restrictions violated:
0 0 0 0 0 0 0 1 

Individual 3
1	2	3	4	5	6	7	8	9	10	11	12	13	14	15	16	17	18	19	20	21	22	23	24	25	26	27	28
-	-	E	E	E	E	-	-	E	E	E	E	-	-	E	E	E	-	-	-	-	-	-	E	E	E	E	E
E	E	E	-	-	-	E	E	E	-	-	-	-	-	E	E	E	E	E	-	-	E	E	-	-	E	E	E
L	L	L	L	-	-	-	L	L	L	L	L	-	-	-	-	-	E	E	L	L	-	-	E	E	E	E	E
-	L	L	L	L	L	-	-	-	-	E	L	L	-	-	E	E	E	E	-	-	L	L	L	L	L	-	-
E	E	E	E	-	E	E	E	E	E	-	-	E	E	E	E	E	-	-	-	-	-	-	-	E	E	-	-
L	L	L	-	-	-	E	L	L	L	L	-	-	-	E	E	L	L	L	-	-	L	L	L	L	-	-	-
-	-	-	L	L	L	L	L	-	-	E	L	L	-	-	E	L	L	L	-	-	L	L	L	L	-	-	-
E	E	L	-	-	-	-	E	L	L	-	-	L	L	L	L	L	-	-	L	L	L	L	L	-	-	-	-
L	L	L	-	-	-	E	E	E	E	-	-	-	-	L	L	L	L	-	-	-	-	-	L	L	L	L	L
-	E	L	L	L	-	-	-	E	L	L	L	-	-	-	-	-	E	E	E	L	L	-	-	-	L	L	L
E	E	E	-	-	-	-	E	E	E	E	E	E	-	-	-	E	E	E	E	E	E	-	-	-	-	E	E
-	-	-	E	E	E	E	E	-	-	-	E	E	E	E	E	E	-	-	-	E	E	E	E	E	-	-	-
-	-	-	E	E	E	E	-	-	-	E	E	E	E	E	E	-	-	-	E	E	E	E	E	E	-	-	-
-	E	E	E	E	E	-	-	-	E	E	E	E	E	-	-	-	E	E	E	E	E	E	-	-	-	-	-
-	-	-	-	E	L	L	L	L	L	-	-	-	L	L	L	L	L	L	-	-	-	-	E	E	E	L	L
-	E	E	E	E	E	L	-	-	-	-	E	E	E	E	L	-	-	-	E	E	E	E	E	-	-	-	-
Objective 0: 3004
Objective 1: 39
Constr violation: -1
Restrictions violated:
0 0 0 1 0 0 0 0 

Individual 4
1	2	3	4	5	6	7	8	9	10	11	12	13	14	15	16	17	18	19	20	21	22	23	24	25	26	27	28
-	-	E	E	E	E	-	-	E	E	E	E	-	-	E	E	E	-	-	-	-	-	-	E	E	E	E	E
E	E	E	-	-	-	E	E	E	-	-	-	-	-	E	E	E	E	E	-	-	E	E	-	-	E	E	E
L	L	L	L	-	-	-	L	L	L	L	L	-	-	-	-	-	E	E	L	L	-	-	E	E	E	E	E
-	L	L	L	L	L	-	-	-	-	E	L	L	-	-	E	E	E	E	-	-	L	L	L	L	L	-	-
-	-	E	E	E	E	E	-	-	-	-	-	E	E	E	E	E	-	-	-	-	-	-	-	E	E	-	-
L	L	L	-	-	-	E	L	L	L	L	-	-	-	E	E	L	L	L	-	-	L	L	L	L	-	-	-
-	-	-	L	L	L	L	L	-	-	E	L	L	-	-	E	L	L	L	-	-	L	L	L	L	-	-	-
E	E	L	-	-	-	-	E	L	L	-	-	L	L	L	L	L	-	-	L	L	L	L	L	-	-	-	-
L	L	L	-	-	-	E	E	E	E	-	-	-	-	L	L	L	L	-	-	-	-	-	L	L	L	L	L
E	E	E	E	E	-	-	E	E	E	L	L	-	-	-	-	-	E	E	E	L	-	-	-	-	L	L	L
E	E	E	-	-	-	-	E	E	E	E	E	E	-	-	-	E	E	E	E	E	E	-	-	-	-	E	E
-	-	-	E	E	E	E	E	-	-	-	E	E	E	E	E	E	-	-	-	E	E	E	E	E	-	-	-
-	-	-	E	E	E	E	-	-	-	E	E	E	E	E	E	-	-	-	E	E	E	E	E	E	-	-	-
-	E	E	E	E	E	-	-	-	E	E	E	E	E	-	-	-	E	E	E	E	E	E	-	-	-	-	-
-	-	-	-	E	L	L	L	L	L	-	-	-	L	L	L	L	L	L	-	-	-	-	E	E	E	L	L
-	E	E	E	E	E	L	-	-	-	-	E	E	E	E	L	-	-	-	E	E	E	E	E	-	-	-	-
Objective 0: 3506
Objective 1: 33
Constr violation: -1
Restrictions violated:
0 0 0 0 0 0 0 1 

Individual 5
1	2	3	4	5	6	7	8	9	10	11	12	13	14	15	16	17	18	19	20	21	22	23	24	25	26	27	28
-	-	E	E	E	E	-	-	E	E	E	E	-	-	E	E	E	-	-	-	-	-	-	E	E	E	E	E
E	E	E	-	-	-	E	E	E	-	-	-	-	-	E	E	E	E	E	-	-	E	E	-	-	E	E	E
L	L	L	L	-	-	-	L	L	L	L	L	-	-	-	-	-	E	E	L	L	-	-	E	E	E	E	E
-	L	L	L	L	L	-	-	-	-	E	L	L	-	-	E	E	E	E	-	-	L	L	L	L	L	-	-
E	E	E	E	-	E	E	E	E	E	-	-	E	E	E	E	E	-	-	-	-	-	-	-	E	E	-	-
L	L	L	-	-	-	E	L	L	L	L	-	-	-	E	E	L	L	L	-	-	L	L	L	L	-	-	-
-	-	-	L	L	L	L	L	-	-	E	L	L	-	-	E	L	L	L	-	-	L	L	L	L	-	-	-
E	E	E	-	-	-	-	L	L	L	-	-	L	L	L	L	L	-	-	L	L	L	L	L	-	-	-	-
L	L	L	-	-	-	E	E	E	E	-	-	-	-	L	L	L	L	-	-	-	-	-	L	L	L	L	L
E	E	E	E	E	-	-	E	E	E	L	L	-	-	-	-	-	E	E	E	L	-	-	-	-	L	L	L
E	E	E	-	-	-	-	E	E	E	E	E	E	-	-	-	E	E	E	E	E	E	-	-	-	-	E	E
-	-	-	E	E	E	E	E	-	-	-	E	E	E	E	E	E	-	-	-	E	E	E	E	E	-	-	-
-	-	-	E	E	E	E	-	-	-	E	E	E	E	E	E	-	-	-	E	E	E	E	E	E	-	-	-
-	E	E	E	E	E	-	-	-	E	E	E	E	E	-	-	-	E	E	E	E	E	E	-	-	-	-	-
-	-	-	-	E	L	L	L	L	L	-	-	-	L	L	L	L	L	L	-	-	-	-	E	E	E	L	L
-	E	E	E	E	E	L	-	-	-	-	E	E	E	E	L	-	-	-	E	E	E	E	E	-	-	-	-
Objective 0: 3207
Objective 1: 34
Constr violation: -1
Restrictions violated:
0 0 0 1 0 0 0 0 

Individual 6
1	2	3	4	5	6	7	8	9	10	11	12	13	14	15	16	17	18	19	20	21	22	23	24	25	26	27	28
-	-	E	E	E	E	-	-	E	E	E	E	-	-	E	E	E	-	-	-	-	-	-	E	E	E	E	E
E	E	E	-	-	-	E	E	E	-	-	-	-	-	E	E	E	E	E	-	-	E	E	-	-	E	E	E
L	L	L	L	-	-	-	L	L	L	L	L	-	-	-	-	-	E	E	L	L	-	-	E	E	E	E	E
L	L	L	L	L	-	-	-	-	-	L	L	L	-	-	E	E	E	E	-	-	-	L	L	L	L	L	-
-	-	E	E	E	E	E	-	-	-	-	-	E	E	E	E	E	-	-	-	-	-	-	-	E	E	-	-
L	L	L	-	-	-	E	L	L	L	L	-	-	-	E	E	L	L	L	-	-	L	L	L	L	-	-	-
-	-	-	L	L	L	L	L	-	-	E	L	L	-	-	E	L	L	L	-	-	L	L	L	L	-	-	-
E	E	L	-	-	-	-	E	L	L	-	-	L	L	L	L	L	-	-	L	L	L	L	L	-	-	-	-
L	L	L	-	-	-	E	E	E	E	-	-	-	-	L	L	L	L	-	-	-	-	-	L	L	L	L	L
-	E	L	L	L	-	-	-	E	L	L	L	-	-	-	-	-	E	E	E	L	L	-	-	-	L	L	L
E	E	E	-	-	-	-	E	E	E	E	E	E	-	-	-	E	E	E	E	E	E	-	-	-	-	E	E
-	-	-	E	E	E	E	E	-	-	-	E	E	E	E	E	E	-	-	-	E	E	E	E	E	-	-	-
-	-	-	E	E	E	E	-	-	-	E	E	E	E	E	E	-	-	-	E	E	E	E	E	E	-	-	-
-	E	E	E	E	E	-	-	-	E	E	E	E	E	-	-	-	E	E	E	E	E	E	-	-	-	-	-
-	-	-	-	E	L	L	L	L	L	-	-	-	L	L	L	L	L	L	-	-	-	-	E	E	E	L	L
-	E	E	E	E	E	L	-	-	-	-	E	E	E	E	L	-	-	-	E	E	E	E	E	-	-	-	-
Objective 0: 3202
Objective 1: 43
Constr violation: -1
Restrictions violated:
0 0 0 0 0 0 0 1 

Individual 7
1	2	3	4	5	6	7	8	9	10	11	12	13	14	15	16	17	18	19	20	21	22	23	24	25	26	27	28
-	-	E	E	E	E	-	-	E	E	E	E	-	-	E	E	E	-	-	-	-	-	-	E	E	E	E	E
E	E	E	-	-	-	E	E	E	-	-	-	-	-	E	E	E	E	E	-	-	E	E	-	-	E	E	E
L	L	L	L	-	-	-	L	L	L	L	L	-	-	-	-	-	E	E	L	L	-	-	E	E	E	E	E
L	L	L	L	L	-	-	-	-	-	L	L	L	-	-	E	E	E	E	-	-	-	L	L	L	L	L	-
-	-	E	E	E	E	E	-	-	-	-	-	E	E	E	E	E	-	-	-	-	-	-	-	E	E	-	-
L	L	L	-	-	-	E	L	L	L	L	-	-	-	E	E	L	L	L	-	-	L	L	L	L	-	-	-
-	-	-	L	L	L	L	L	-	-	E	L	L	-	-	E	L	L	L	-	-	L	L	L	L	-	-	-
E	E	E	-	-	-	-	L	L	L	-	-	L	L	L	L	L	-	-	L	L	L	L	L	-	-	-	-
L	L	L	-	-	-	E	E	E	E	-	-	-	-	L	L	L	L	-	-	-	-	-	L	L	L	L	L
E	E	E	E	E	-	-	E	E	E	L	L	-	-	-	-	-	E	E	E	L	-	-	-	-	L	L	L
E	E	E	E	-	-	-	-	E	E	E	E	E	E	-	-	-	-	-	-	E	E	E	E	E	E	-	-
-	-	-	E	E	E	E	E	-	-	-	E	E	E	E	E	E	-	-	-	E	E	E	E	E	-	-	-
-	-	-	E	E	E	E	-	-	-	E	E	E	E	E	E	-	-	-	E	E	E	E	E	E	-	-	-
-	E	E	E	E	E	-	-	-	E	E	E	E	E	-	-	-	E	E	E	E	E	E	-	-	-	-	-
-	-	-	-	E	L	L	L	L	L	-	-	-	L	L	L	L	L	L	-	-	-	-	E	E	E	L	L
-	E	E	E	E	E	L	-	-	-	-	E	E	E	E	L	-	-	-	E	E	E	E	E	-	-	-	-
Objective 0: 4212
Objective 1: 26
Constr violation: -1
Restrictions violated:
0 0 0 0 0 0 0 1 

Individual 8
1	2	3	4	5	6	7	8	9	10	11	12	13	14	15	16	17	18	19	20	21	22	23	24	25	26	27	28
-	-	E	E	E	E	-	-	E	E	E	E	-	-	E	E	E	-	-	-	-	-	-	E	E	E	E	E
E	E	E	-	-	-	E	E	E	-	-	-	-	-	E	E	E	E	E	-	-	E	E	-	-	E	E	E
-	E	E	L	L	-	-	-	E	L	L	L	L	-	-	-	E	E	E	-	-	-	-	-	E	E	E	E
L	L	L	L	L	-	-	-	-	-	L	L	L	-	-	E	E	E	E	-	-	-	L	L	L	L	L	-
E	E	E	E	-	E	E	E	E	E	-	-	E	E	E	E	E	-	-	-	-	-	-	-	E	E	-	-
L	L	L	-	-	-	E	L	L	L	L	-	-	-	E	E	L	L	L	-	-	L	L	L	L	-	-	-
-	-	-	L	L	L	L	L	-	-	E	L	L	-	-	E	L	L	L	-	-	L	L	L	L	-	-	-
E	E	E	-	-	-	-	L	L	L	-	-	L	L	L	L	L	-	-	L	L	L	L	L	-	-	-	-
L	L	L	-	-	-	E	E	E	E	-	-	-	-	L	L	L	L	-	-	-	-	-	L	L	L	L	L
-	E	L	L	L	-	-	-	E	L	L	L	-	-	-	-	-	E	E	E	L	L	-	-	-	L	L	L
E	E	E	-	-	-	-	E	E	E	E	E	E	-	-	-	E	E	E	E	E	E	-	-	-	-	E	E
-	-	-	E	E	E	E	E	-	-	-	E	E	E	E	E	E	-	-	-	E	E	E	E	E	-	-	-
-	-	-	E	E	E	E	-	-	-	E	E	E	E	E	E	-	-	-	E	E	E	E	E	E	-	-	-
-	E	E	E	E	E	-	-	-	E	E	E	E	E	-	-	-	E	E	E	E	E	E	-	-	-	-	-
-	-	-	-	E	L	L	L	L	L	-	-	-	L	L	L	L	L	L	-	-	-	-	E	E	E	L	L
-	E	E	E	E	E	L	-	-	-	-	E	E	E	E	L	-	-	-	E	E	E	E	E	-	-	-	-
Objective 0: 3608
Objective 1: 41
Constr violation: -1
Restrictions violated:
0 0 0 1 0 0 0 0 

Individual 9
1	2	3	4	5	6	7	8	9	10	11	12	13	14	15	16	17	18	19	20	21	22	23	24	25	26	27	28
-	-	E	E	E	E	-	-	E	E	E	E	-	-	E	E	E	-	-	-	-	-	-	E	E	E	E	E
E	E	E	-	-	-	E	E	E	-	-	-	-	-	E	E	E	E	E	-	-	E	E	-	-	E	E	E
L	L	L	L	-	-	-	L	L	L	L	L	-	-	-	-	-	E	E	L	L	-	-	E	E	E	E	E
L	L	L	L	L	-	-	-	-	-	L	L	L	-	-	E	E	E	E	-	-	-	L	L	L	L	L	-
-	-	E	E	E	E	E	-	-	-	-	-	E	E	E	E	E	-	-	-	-	-	-	-	E	E	-	-
L	L	L	-	-	-	E	L	L	L	L	-	-	-	E	E	L	L	L	-	-	L	L	L	L	-	-	-
-	-	-	L	L	L	L	L	-	-	E	L	L	-	-	E	L	L	L	-	-	L	L	L	L	-	-	-
E	E	E	-	-	-	-	L	L	L	-	-	L	L	L	L	L	-	-	L	L	L	L	L	-	-	-	-
L	L	L	-	-	-	E	E	E	E	-	-	-	-	L	L	L	L	-	-	-	-	-	L	L	L	L	L
-	E	L	L	L	-	-	-	E	L	L	L	-	-	-	-	-	E	E	E	L	L	-	-	-	L	L	L
E	E	E	E	-	-	-	-	E	E	E	E	E	E	-	-	-	-	-	-	E	E	E	E	E	E	-	-
-	-	-	E	E	E	E	E	-	-	-	E	E	E	E	E	E	-	-	-	E	E	E	E	E	-	-	-
-	-	-	E	E	E	E	-	-	-	E	E	E	E	E	E	-	-	-	E	E	E	E	E	E	-	-	-
-	E	E	E	E	E	-	-	-	E	E	E	E	E	-	-	-	E	E	E	E	E	E	-	-	-	-	-
-	-	-	-	E	L	L	L	L	L	-	-	-	L	L	L	L	L	L	-	-	-	-	E	E	E	L	L
-	E	E	E	E	E	L	-	-	-	-	E	E	E	E	L	-	-	-	E	E	E	E	E	-	-	-	-
Objective 0: 4009
Objective 1: 29
Constr violation: -1
Restrictions violated:
0 0 0 0 0 0 0 1 

Individual 10
1	2	3	4	5	6	7	8	9	10	11	12	13	14	15	16	17	18	19	20	21	22	23	24	25	26	27	28
-	-	E	E	E	E	-	-	E	E	E	E	-	-	E	E	E	-	-	-	-	-	-	E	E	E	E	E
E	E	E	-	-	-	E	E	E	-	-	-	-	-	E	E	E	E	E	-	-	E	E	-	-	E	E	E
L	L	L	L	-	-	-	L	L	L	L	L	-	-	-	-	-	E	E	L	L	-	-	E	E	E	E	E
-	L	L	L	L	L	-	-	-	-	E	L	L	-	-	E	E	E	E	-	-	L	L	L	L	L	-	-
-	-	E	E	E	E	E	-	-	-	-	-	E	E	E	E	E	-	-	-	-	-	-	-	E	E	-	-
L	L	L	-	-	-	E	L	L	L	L	-	-	-	E	E	L	L	L	-	-	L	L	L	L	-	-	-
-	-	-	L	L	L	L	L	-	-	E	L	L	-	-	E	L	L	L	-	-	L	L	L	L	-	-	-
E	E	E	-	-	-	-	L	L	L	-	-	L	L	L	L	L	-	-	L	L	L	L	L	-	-	-	-
L	L	L	-	-	-	E	E	E	E	-	-	-	-	L	L	L	L	-	-	-	-	-	L	L	L	L	L
E	E	E	E	E	-	-	E	E	E	L	L	-	-	-	-	-	E	E	E	L	-	-	-	-	L	L	L
E	E	E	-	-	-	-	E	E	E	E	E	E	-	-	-	E	E	E	E	E	E	-	-	-	-	E	E
-	-	-	E	E	E	E	E	-	-	-	E	E	E	E	E	E	-	-	-	E	E	E	E	E	-	-	-
-	-	-	E	E	E	E	-	-	-	E	E	E	E	E	E	-	-	-	E	E	E	E	E	E	-	-	-
-	E	E	E	E	E	-	-	-	E	E	E	E	E	-	-	-	E	E	E	E	E	E	-	-	-	-	-
-	-	-	-	E	L	L	L	L	L	-	-	-	L	L	L	L	L	L	-	-	-	-	E	E	E	L	L
-	E	E	E	E	E	L	-	-	-	-	E	E	E	E	L	-	-	-	E	E	E	E	E	-	-	-	-
Objective 0: 3708
Objective 1: 31
Constr violation: -1
Restrictions violated:
0 0 0 0 0 0 0 1 

Individual 11
1	2	3	4	5	6	7	8	9	10	11	12	13	14	15	16	17	18	19	20	21	22	23	24	25	26	27	28
-	-	E	E	E	E	-	-	E	E	E	E	-	-	E	E	E	-	-	-	-	-	-	E	E	E	E	E
E	E	E	-	-	-	E	E	E	-	-	-	-	-	E	E	E	E	E	-	-	E	E	-	-	E	E	E
L	L	L	L	-	-	-	L	L	L	L	L	-	-	-	-	-	E	E	L	L	-	-	E	E	E	E	E
L	L	L	L	L	-	-	-	-	-	L	L	L	-	-	E	E	E	E	-	-	-	L	L	L	L	L	-
E	E	E	E	-	E	E	E	E	E	-	-	E	E	E	E	E	-	-	-	-	-	-	-	E	E	-	-
L	L	L	-	-	-	E	L	L	L	L	-	-	-	E	E	L	L	L	-	-	L	L	L	L	-	-	-
-	-	-	L	L	L	L	L	-	-	E	L	L	-	-	E	L	L	L	-	-	L	L	L	L	-	-	-
E	E	L	-	-	-	-	E	L	L	-	-	L	L	L	L	L	-	-	L	L	L	L	L	-	-	-	-
L	L	L	-	-	-	E	E	E	E	-	-	-	-	L	L	L	L	-	-	-	-	-	L	L	L	L	L
E	E	E	E	E	-	-	E	E	E	L	L	-	-	-	-	-	E	E	E	L	-	-	-	-	L	L	L
E	E	E	-	-	-	-	E	E	E	E	E	E	-	-	-	E	E	E	E	E	E	-	-	-	-	E	E
-	-	-	E	E	E	E	E	-	-	-	E	E	E	E	E	E	-	-	-	E	E	E	E	E	-	-	-
-	-	-	E	E	E	E	-	-	-	E	E	E	E	E	E	-	-	-	E	E	E	E	E	E	-	-	-
-	E	E	E	E	E	-	-	-	E	E	E	E	E	-	-	-	E	E	E	E	E	E	-	-	-	-	-
-	-	-	-	E	L	L	L	L	L	-	-	-	L	L	L	L	L	L	-	-	-	-	E	E	E	L	L
-	E	E	E	E	E	L	-	-	-	-	E	E	E	E	L	-	-	-	E	E	E	E	E	-	-	-	-
Objective 0: 3005
Objective 1: 43
Constr violation: -1
Restrictions violated:
0 0 0 1 0 0 0 0 

Individual 12
1	2	3	4	5	6	7	8	9	10	11	12	13	14	15	16	17	18	19	20	21	22	23	24	25	26	27	28
-	-	E	E	E	E	-	-	E	E	E	E	-	-	E	E	E	-	-	-	-	-	-	E	E	E	E	E
E	E	E	-	-	-	E	E	E	-	-	-	-	-	E	E	E	E	E	-	-	E	E	-	-	E	E	E
-	E	E	L	L	-	-	-	E	L	L	L	L	-	-	-	E	E	E	-	-	-	-	-	E	E	E	E
L	L	L	L	L	-	-	-	-	-	L	L	L	-	-	E	E	E	E	-	-	-	L	L	L	L	L	-
E	E	E	E	-	E	E	E	E	E	-	-	E	E	E	E	E	-	-	-	-	-	-	-	E	E	-	-
L	L	L	-	-	-	E	L	L	L	L	-	-	-	E	E	L	L	L	-	-	L	L	L	L	-	-	-
-	-	-	L	L	L	L	L	-	-	E	L	L	-	-	E	L	L	L	-	-	L	L	L	L	-	-	-
E	E	L	-	-	-	-	E	L	L	-	-	L	L	L	L	L	-	-	L	L	L	L	L	-	-	-	-
L	L	L	-	-	-	E	E	E	E	-	-	-	-	L	L	L	L	-	-	-	-	-	L	L	L	L	L
-	E	L	L	L	-	-	-	E	L	L	L	-	-	-	-	-	E	E	E	L	L	-	-	-	L	L	L
E	E	E	E	-	-	-	-	E	E	E	E	E	E	-	-	-	-	-	-	E	E	E	E	E	E	-	-
-	-	-	E	E	E	E	E	-	-	-	E	E	E	E	E	E	-	-	-	E	E	E	E	E	-	-	-
-	-	-	E	E	E	E	-	-	-	E	E	E	E	E	E	-	-	-	E	E	E	E	E	E	-	-	-
-	E	E	E	E	E	-	-	-	E	E	E	E	E	-	-	-	E	E	E	E	E	E	-	-	-	-	-
-	-	-	-	E	L	L	L	L	L	-	-	-	L	L	L	L	L	L	-	-	-	-	E	E	E	L	L
-	E	E	E	E	E	L	-	-	-	-	E	E	E	E	L	-	-	-	E	E	E	E	E	-	-	-	-
Objective 0: 3910
Objective 1: 31
Constr violation: -1
Restrictions violated:
0 0 0 1 0 0 0 0 

Individual 13
1	2	3	4	5	6	7	8	9	10	11	12	13	14	15	16	17	18	19	20	21	22	23	24	25	26	27	28
-	-	E	E	E	E	-	-	E	E	E	E	-	-	E	E	E	-	-	-	-	-	-	E	E	E	E	E
E	E	E	-	-	-	E	E	E	-	-	-	-	-	E	E	E	E	E	-	-	E	E	-	-	E	E	E
-	E	E	L	L	-	-	-	E	L	L	L	L	-	-	-	E	E	E	-	-	-	-	-	E	E	E	E
-	L	L	L	L	L	-	-	-	-	E	L	L	-	-	E	E	E	E	-	-	L	L	L	L	L	-	-
E	E	E	E	-	E	E	E	E	E	-	-	E	E	E	E	E	-	-	-	-	-	-	-	E	E	-	-
L	L	L	-	-	-	E	L	L	L	L	-	-	-	E	E	L	L	L	-	-	L	L	L	L	-	-	-
-	-	-	L	L	L	L	L	-	-	E	L	L	-	-	E	L	L	L	-	-	L	L	L	L	-	-	-
E	E	L	-	-	-	-	E	L	L	-	-	L	L	L	L	L	-	-	L	L	L	L	L	-	-	-	-
L	L	L	-	-	-	E	E	E	E	-	-	-	-	L	L	L	L	-	-	-	-	-	L	L	L	L	L
E	E	E	E	E	-	-	E	E	E	L	L	-	-	-	-	-	E	E	E	L	-	-	-	-	L	L	L
E	E	E	E	-	-	-	-	E	E	E	E	E	E	-	-	-	-	-	-	E	E	E	E	E	E	-	-
-	-	-	E	E	E	E	E	-	-	-	E	E	E	E	E	E	-	-	-	E	E	E	E	E	-	-	-
-	-	-	E	E	E	E	-	-	-	E	E	E	E	E	E	-	-	-	E	E	E	E	E	E	-	-	-
-	E	E	E	E	E	-	-	-	E	E	E	E	E	-	-	-	E	E	E	E	E	E	-	-	-	-	-
-	-	-	-	E	L	L	L	L	L	-	-	-	L	L	L	L	L	L	-	-	-	-	E	E	E	L	L
-	E	E	E	E	E	L	-	-	-	-	E	E	E	E	L	-	-	-	E	E	E	E	E	-	-	-	-
Objective 0: 4012
Objective 1: 21
Constr violation: -1
Restrictions violated:
0 0 0 1 0 0 0 0 

Individual 14
1	2	3	4	5	6	7	8	9	10	11	12	13	14	15	16	17	18	19	20	21	22	23	24	25	26	27	28
-	-	E	E	E	E	-	-	E	E	E	E	-	-	E	E	E	-	-	-	-	-	-	E	E	E	E	E
E	E	E	-	-	-	E	E	E	-	-	-	-	-	E	E	E	E	E	-	-	E	E	-	-	E	E	E
L	L	L	L	-	-	-	L	L	L	L	L	-	-	-	-	-	E	E	L	L	-	-	E	E	E	E	E
-	L	L	L	L	L	-	-	-	-	E	L	L	-	-	E	E	E	E	-	-	L	L	L	L	L	-	-
E	E	E	E	-	E	E	E	E	E	-	-	E	E	E	E	E	-	-	-	-	-	-	-	E	E	-	-
L	L	L	-	-	-	E	L	L	L	L	-	-	-	E	E	L	L	L	-	-	L	L	L	L	-	-	-
-	-	-	L	L	L	L	L	-	-	E	L	L	-	-	E	L	L	L	-	-	L	L	L	L	-	-	-
E	E	L	-	-	-	-	E	L	L	-	-	L	L	L	L	L	-	-	L	L	L	L	L	-	-	-	-
L	L	L	-	-	-	E	E	E	E	-	-	-	-	L	L	L	L	-	-	-	-	-	L	L	L	L	L
-	E	L	L	L	-	-	-	E	L	L	L	-	-	-	-	-	E	E	E	L	L	-	-	-	L	L	L
E	E	E	E	-	-	-	-	E	E	E	E	E	E	-	-	-	-	-	-	E	E	E	E	E	E	-	-
-	-	-	E	E	E	E	E	-	-	-	E	E	E	E	E	E	-	-	-	E	E	E	E	E	-	-	-
-	-	-	E	E	E	E	-	-	-	E	E	E	E	E	E	-	-	-	E	E	E	E	E	E	-	-	-
-	E	E	E	E	E	-	-	-	E	E	E	E	E	-	-	-	E	E	E	E	E	E	-	-	-	-	-
-	-	-	-	E	L	L	L	L	L	-	-	-	L	L	L	L	L	L	-	-	-	-	E	E	E	L	L
-	E	E	E	E	E	L	-	-	-	-	E	E	E	E	L	-	-	-	E	E	E	E	E	-	-	-	-
Objective 0: 3609
Objective 1: 27
Constr violation: -1
Restrictions violated:
0 0 0 1 0 0 0 0 

Individual 15
1	2	3	4	5	6	7	8	9	10	11	12	13	14	15	16	17	18	19	20	21	22	23	24	25	26	27	28
-	-	E	E	E	E	-	-	E	E	E	E	-	-	E	E	E	-	-	-	-	-	-	E	E	E	E	E
E	E	E	-	-	-	E	E	E	-	-	-	-	-	E	E	E	E	E	-	-	E	E	-	-	E	E	E
L	L	L	L	-	-	-	L	L	L	L	L	-	-	-	-	-	E	E	L	L	-	-	E	E	E	E	E
-	L	L	L	L	L	-	-	-	-	E	L	L	-	-	E	E	E	E	-	-	L	L	L	L	L	-	-
E	E	E	E	-	E	E	E	E	E	-	-	E	E	E	E	E	-	-	-	-	-	-	-	E	E	-	-
L	L	L	-	-	-	E	L	L	L	L	-	-	-	E	E	L	L	L	-	-	L	L	L	L	-	-	-
-	-	-	L	L	L	L	L	-	-	E	L	L	-	-	E	L	L	L	-	-	L	L	L	L	-	-	-
E	E	E	-	-	-	-	L	L	L	-	-	L	L	L	L	L	-	-	L	L	L	L	L	-	-	-	-
L	L	L	-	-	-	E	E	E	E	-	-	-	-	L	L	L	L	-	-	-	-	-	L	L	L	L	L
E	E	E	E	E	-	-	E	E	E	L	L	-	-	-	-	-	E	E	E	L	-	-	-	-	L	L	L
E	E	E	E	-	-	-	-	E	E	E	E	E	E	-	-	-	-	-	-	E	E	E	E	E	E	-	-
-	-	-	E	E	E	E	E	-	-	-	E	E	E	E	E	E	-	-	-	E	E	E	E	E	-	-	-
-	-	-	E	E	E	E	-	-	-	E	E	E	E	E	E	-	-	-	E	E	E	E	E	E	-	-	-
-	E	E	E	E	E	-	-	-	E	E	E	E	E	-	-	-	E	E	E	E	E	E	-	-	-	-	-
-	-	-	-	E	L	L	L	L	L	-	-	-	L	L	L	L	L	L	-	-	-	-	E	E	E	L	L
-	E	E	E	E	E	L	-	-	-	-	E	E	E	E	L	-	-	-	E	E	E	E	E	-	-	-	-
Objective 0: 3812
Objective 1: 22
Constr violation: -1
Restrictions violated:
0 0 0 1 0 0 0 0 

Individual 16
1	2	3	4	5	6	7	8	9	10	11	12	13	14	15	16	17	18	19	20	21	22	23	24	25	26	27	28
-	-	E	E	E	E	-	-	E	E	E	E	-	-	E	E	E	-	-	-	-	-	-	E	E	E	E	E
E	E	E	-	-	-	E	E	E	-	-	-	-	-	E	E	E	E	E	-	-	E	E	-	-	E	E	E
-	E	E	L	L	-	-	-	E	L	L	L	L	-	-	-	E	E	E	-	-	-	-	-	E	E	E	E
-	L	L	L	L	L	-	-	-	-	E	L	L	-	-	E	E	E	E	-	-	L	L	L	L	L	-	-
E	E	E	E	-	E	E	E	E	E	-	-	E	E	E	E	E	-	-	-	-	-	-	-	E	E	-	-
L	L	L	-	-	-	E	L	L	L	L	-	-	-	E	E	L	L	L	-	-	L	L	L	L	-	-	-
-	-	-	L	L	L	L	L	-	-	E	L	L	-	-	E	L	L	L	-	-	L	L	L	L	-	-	-
E	E	L	-	-	-	-	E	L	L	-	-	L	L	L	L	L	-	-	L	L	L	L	L	-	-	-	-
L	L	L	-	-	-	E	E	E	E	-	-	-	-	L	L	L	L	-	-	-	-	-	L	L	L	L	L
-	E	L	L	L	-	-	-	E	L	L	L	-	-	-	-	-	E	E	E	L	L	-	-	-	L	L	L
E	E	E	E	-	-	-	-	E	E	E	E	E	E	-	-	-	-	-	-	E	E	E	E	E	E	-	-
-	-	-	E	E	E	E	E	-	-	-	E	E	E	E	E	E	-	-	-	E	E	E	E	E	-	-	-
-	-	-	E	E	E	E	-	-	-	E	E	E	E	E	E	-	-	-	E	E	E	E	E	E	-	-	-
-	E	E	E	E	E	-	-	-	E	E	E	E	E	-	-	-	E	E	E	E	E	E	-	-	-	-	-
-	-	-	-	E	L	L	L	L	L	-	-	-	L	L	L	L	L	L	-	-	-	-	E	E	E	L	L
-	E	E	E	E	E	L	-	-	-	-	E	E	E	E	L	-	-	-	E	E	E	E	E	-	-	-	-
Objective 0: 4112
Objective 1: 24
Constr violation: -1
Restrictions violated:
0 0 0 1 0 0 0 0 

Individual 17
1	2	3	4	5	6	7	8	9	10	11	12	13	14	15	16	17	18	19	20	21	22	23	24	25	26	27	28
-	-	E	E	E	E	-	-	E	E	E	E	-	-	E	E	E	-	-	-	-	-	-	E	E	E	E	E
E	E	E	-	-	-	E	E	E	-	-	-	-	-	E	E	E	E	E	-	-	E	E	-	-	E	E	E
-	E	E	L	L	-	-	-	E	L	L	L	L	-	-	-	E	E	E	-	-	-	-	-	E	E	E	E
-	L	L	L	L	L	-	-	-	-	E	L	L	-	-	E	E	E	E	-	-	L	L	L	L	L	-	-
E	E	E	E	-	E	E	E	E	E	-	-	E	E	E	E	E	-	-	-	-	-	-	-	E	E	-	-
L	L	L	-	-	-	E	L	L	L	L	-	-	-	E	E	L	L	L	-	-	L	L	L	L	-	-	-
-	-	-	L	L	L	L	L	-	-	E	L	L	-	-	E	L	L	L	-	-	L	L	L	L	-	-	-
E	E	L	-	-	-	-	E	L	L	-	-	L	L	L	L	L	-	-	L	L	L	L	L	-	-	-	-
L	L	L	-	-	-	E	E	E	E	-	-	-	-	L	L	L	L	-	-	-	-	-	L	L	L	L	L
-	E	L	L	L	-	-	-	E	L	L	L	-	-	-	-	-	E	E	E	L	L	-	-	-	L	L	L
E	E	E	E	-	-	-	-	E	E	E	E	E	E	-	-	-	-	-	-	E	E	E	E	E	E	-	-
-	-	-	E	E	E	E	E	-	-	-	E	E	E	E	E	E	-	-	-	E	E	E	E	E	-	-	-
-	-	-	E	E	E	E	-	-	-	E	E	E	E	E	E	-	-	-	E	E	E	E	E	E	-	-	-
-	E	E	E	E	E	-	-	-	E	E	E	E	E	-	-	-	E	E	E	E	E	E	-	-	-	-	-
-	-	-	-	E	L	L	L	L	L	-	-	-	L	L	L	L	L	L	-	-	-	-	E	E	E	L	L
-	E	E	E	E	E	L	-	-	-	-	E	E	E	E	L	-	-	-	E	E	E	E	E	-	-	-	-
Objective 0: 4112
Objective 1: 24
Constr violation: -1
Restrictions violated:
0 0 0 1 0 0 0 0 

Individual 18
1	2	3	4	5	6	7	8	9	10	11	12	13	14	15	16	17	18	19	20	21	22	23	24	25	26	27	28
-	-	E	E	E	E	-	-	E	E	E	E	-	-	E	E	E	-	-	-	-	-	-	E	E	E	E	E
E	E	E	-	-	-	E	E	E	-	-	-	-	-	E	E	E	E	E	-	-	E	E	-	-	E	E	E
L	L	L	L	-	-	-	L	L	L	L	L	-	-	-	-	-	E	E	L	L	-	-	E	E	E	E	E
-	L	L	L	L	L	-	-	-	-	E	L	L	-	-	E	E	E	E	-	-	L	L	L	L	L	-	-
-	-	E	E	E	E	E	-	-	-	-	-	E	E	E	E	E	-	-	-	-	-	-	-	E	E	-	-
L	L	L	-	-	-	E	L	L	L	L	-	-	-	E	E	L	L	L	-	-	L	L	L	L	-	-	-
-	-	-	L	L	L	L	L	-	-	E	L	L	-	-	E	L	L	L	-	-	L	L	L	L	-	-	-
E	E	E	-	-	-	-	L	L	L	-	-	L	L	L	L	L	-	-	L	L	L	L	L	-	-	-	-
L	L	L	-	-	-	E	E	E	E	-	-	-	-	L	L	L	L	-	-	-	-	-	L	L	L	L	L
E	E	E	E	E	-	-	E	E	E	L	L	-	-	-	-	-	E	E	E	L	-	-	-	-	L	L	L
E	E	E	E	-	-	-	-	E	E	E	E	E	E	-	-	-	-	-	-	E	E	E	E	E	E	-	-
-	-	-	E	E	E	E	E	-	-	-	E	E	E	E	E	E	-	-	-	E	E	E	E	E	-	-	-
-	-	-	E	E	E	E	-	-	-	E	E	E	E	E	E	-	-	-	E	E	E	E	E	E	-	-	-
-	E	E	E	E	E	-	-	-	E	E	E	E	E	-	-	-	E	E	E	E	E	E	-	-	-	-	-
-	-	-	-	E	L	L	L	L	L	-	-	-	L	L	L	L	L	L	-	-	-	-	E	E	E	L	L
-	E	E	E	E	E	L	-	-	-	-	E	E	E	E	L	-	-	-	E	E	E	E	E	-	-	-	-
Objective 0: 4313
Objective 1: 19
Constr violation: -1
Restrictions violated:
0 0 0 0 0 0 0 1 

Individual 19
1	2	3	4	5	6	7	8	9	10	11	12	13	14	15	16	17	18	19	20	21	22	23	24	25	26	27	28
-	-	E	E	E	E	-	-	E	E	E	E	-	-	E	E	E	-	-	-	-	-	-	E	E	E	E	E
E	E	E	-	-	-	E	E	E	-	-	-	-	-	E	E	E	E	E	-	-	E	E	-	-	E	E	E
L	L	L	L	-	-	-	L	L	L	L	L	-	-	-	-	-	E	E	L	L	-	-	E	E	E	E	E
L	L	L	L	L	-	-	-	-	-	L	L	L	-	-	E	E	E	E	-	-	-	L	L	L	L	L	-
E	E	E	E	-	E	E	E	E	E	-	-	E	E	E	E	E	-	-	-	-	-	-	-	E	E	-	-
L	L	L	-	-	-	E	L	L	L	L	-	-	-	E	E	L	L	L	-	-	L	L	L	L	-	-	-
-	-	-	L	L	L	L	L	-	-	E	L	L	-	-	E	L	L	L	-	-	L	L	L	L	-	-	-
E	E	L	-	-	-	-	E	L	L	-	-	L	L	L	L	L	-	-	L	L	L	L	L	-	-	-	-
L	L	L	-	-	-	E	E	E	E	-	-	-	-	L	L	L	L	-	-	-	-	-	L	L	L	L	L
-	E	L	L	L	-	-	-	E	L	L	L	-	-	-	-	-	E	E	E	L	L	-	-	-	L	L	L
E	E	E	-	-	-	-	E	E	E	E	E	E	-	-	-	E	E	E	E	E	E	-	-	-	-	E	E
-	-	-	E	E	E	E	E	-	-	-	E	E	E	E	E	E	-	-	-	E	E	E	E	E	-	-	-
-	-	-	E	E	E	E	-	-	-	E	E	E	E	E	E	-	-	-	E	E	E	E	E	E	-	-	-
-	E	E	E	E	E	-	-	-	E	E	E	E	E	-	-	-	E	E	E	E	E	E	-	-	-	-	-
-	-	-	-	E	L	L	L	L	L	-	-	-	L	L	L	L	L	L	-	-	-	-	E	E	E	L	L
-	E	E	E	E	E	L	-	-	-	-	E	E	E	E	L	-	-	-	E	E	E	E	E	-	-	-	-
Objective 0: 2802
Objective 1: 46
Constr violation: -1
Restrictions violated:
0 0 0 1 0 0 0 0 

