Individual 0
1	2	3	4	5	6	7	8	9	10	11	12	13	14	15	16	17	18	19	20	21	22	23	24	25	26	27	28
E	E	E	E	E	-	-	-	E	E	-	-	E	E	E	E	E	-	-	-	-	-	-	E	E	E	E	E
-	-	-	-	-	-	E	E	E	-	-	-	-	-	-	E	E	E	E	-	-	E	E	-	-	E	E	E
-	-	E	L	-	-	-	E	E	L	L	L	-	-	-	-	E	E	E	E	E	-	-	E	E	E	E	E
-	L	L	L	L	L	-	-	-	-	E	E	-	-	E	E	E	E	L	-	-	L	L	L	L	L	-	-
-	-	E	E	E	E	E	-	-	-	E	E	-	-	E	E	E	E	E	-	-	-	-	-	E	E	E	E
L	L	L	-	-	E	E	E	L	L	-	-	-	-	E	E	E	E	L	-	-	L	L	-	-	-	L	L
L	L	L	-	-	-	-	-	-	E	L	L	L	-	-	L	L	L	L	-	-	-	E	L	L	L	L	-
E	E	E	-	-	-	-	E	E	E	-	-	L	L	L	L	L	-	-	L	L	L	L	L	-	-	-	-
L	L	L	-	-	E	E	E	L	L	-	-	-	-	L	L	L	L	-	-	-	-	-	L	L	L	L	L
-	E	E	E	-	-	E	L	L	L	L	-	-	L	L	-	-	L	L	-	-	E	E	E	E	L	-	-
E	E	E	E	E	-	-	-	E	E	-	-	-	-	-	E	E	E	E	-	-	-	E	E	E	E	E	E
E	E	E	E	E	E	-	-	-	E	E	E	E	E	-	-	-	E	E	E	E	E	-	-	-	-	-	-
-	-	L	L	L	L	L	-	-	-	E	E	E	E	E	E	-	-	-	-	E	E	E	E	E	E	-	-
E	E	E	E	E	-	-	-	E	E	E	E	E	E	-	-	-	-	E	E	E	E	E	E	-	-	-	-
-	-	-	-	E	E	L	L	L	L	-	-	-	E	E	L	L	L	L	-	-	-	E	E	E	E	E	E
-	E	E	E	E	E	-	-	-	-	E	E	E	E	E	E	-	-	-	E	E	E	E	E	E	-	-	-
Objective 0: 4218
Objective 1: 20
Constr violation: -1
Restrictions violated:
0 0 0 0 0 0 0 1 

Individual 1
1	2	3	4	5	6	7	8	9	10	11	12	13	14	15	16	17	18	19	20	21	22	23	24	25	26	27	28
E	E	E	E	E	-	-	-	E	E	-	-	E	E	E	E	E	-	-	-	-	-	-	E	E	E	E	E
-	-	-	-	E	E	E	E	E	-	-	E	E	E	E	-	-	E	E	E	E	E	-	-	-	E	E	E
L	L	L	L	-	-	-	E	E	L	L	L	-	-	-	-	-	E	E	L	L	-	-	E	E	E	E	E
-	-	-	L	L	L	L	L	-	-	L	L	L	-	-	E	E	E	E	-	-	L	L	L	L	-	-	-
-	-	-	E	E	E	E	E	-	-	E	E	-	-	E	E	E	E	E	-	-	-	-	-	E	E	E	E
L	L	L	-	-	E	E	E	L	L	-	-	-	-	E	E	E	E	L	-	-	L	L	-	-	-	L	L
L	L	L	-	-	-	-	-	-	E	L	L	L	-	-	L	L	L	L	-	-	-	E	L	L	L	L	-
E	E	E	-	-	-	-	E	E	E	-	-	L	L	L	L	L	-	-	L	L	L	L	L	-	-	-	-
L	L	L	-	-	E	E	E	L	L	-	-	-	-	L	L	L	L	-	-	-	-	-	L	L	L	L	L
-	E	E	E	-	-	E	L	L	L	L	-	-	L	L	-	-	L	L	-	-	E	E	E	E	L	-	-
E	E	E	E	E	-	-	-	E	E	-	-	-	-	-	E	E	E	E	-	-	-	E	E	E	E	E	E
E	E	E	E	E	E	-	-	-	E	E	E	E	E	-	-	-	E	E	E	E	E	-	-	-	-	-	-
-	-	L	L	L	L	L	-	-	-	E	E	E	E	E	E	-	-	-	E	E	E	L	L	-	-	-	-
E	E	E	E	E	-	-	-	E	E	E	E	E	E	-	-	-	-	E	E	E	E	E	E	-	-	-	-
-	-	-	-	E	E	E	L	L	L	-	-	-	-	-	E	L	L	L	L	L	-	-	-	L	L	L	L
-	E	L	L	L	L	L	-	-	-	E	E	E	E	E	E	-	-	-	E	E	E	E	E	E	-	-	-
Objective 0: 2302
Objective 1: 53
Constr violation: -1
Restrictions violated:
0 0 0 0 0 0 1 0 

Individual 2
1	2	3	4	5	6	7	8	9	10	11	12	13	14	15	16	17	18	19	20	21	22	23	24	25	26	27	28
E	E	E	E	E	-	-	-	E	E	-	-	E	E	E	E	E	-	-	-	-	-	-	E	E	E	E	E
-	-	-	-	E	E	E	E	E	-	-	E	E	E	E	-	-	E	E	E	E	E	-	-	-	E	E	E
-	-	E	L	-	-	-	E	E	L	L	L	-	-	-	-	E	E	E	E	E	-	-	E	E	E	E	E
-	-	-	L	L	L	L	L	-	-	L	L	L	-	-	E	E	E	E	-	-	L	L	L	L	-	-	-
-	-	E	E	E	E	E	-	-	-	E	E	-	-	E	E	E	E	E	-	-	-	-	-	E	E	E	E
L	L	L	-	-	E	E	E	L	L	-	-	-	-	E	E	E	E	L	-	-	L	L	-	-	-	L	L
L	L	L	-	-	-	-	-	-	E	L	L	L	-	-	L	L	L	L	-	-	-	E	L	L	L	L	-
E	E	E	-	-	-	-	E	E	E	-	-	L	L	L	L	L	-	-	L	L	L	L	L	-	-	-	-
L	L	L	-	-	E	E	E	L	L	-	-	-	-	L	L	L	L	-	-	-	-	-	L	L	L	L	L
-	E	E	E	-	-	E	L	L	L	L	-	-	L	L	-	-	L	L	-	-	E	E	E	E	L	-	-
E	E	E	E	E	-	-	-	E	E	-	-	-	-	-	E	E	E	E	-	-	-	E	E	E	E	E	E
E	E	E	E	E	E	-	-	-	E	E	E	E	E	-	-	-	E	E	E	E	E	-	-	-	-	-	-
-	-	L	L	L	L	L	-	-	-	E	E	E	E	E	E	-	-	-	-	E	E	E	E	E	E	-	-
E	E	E	E	E	-	-	-	E	E	E	E	E	E	-	-	-	-	E	E	E	E	E	E	-	-	-	-
-	-	-	-	E	E	E	L	L	L	-	-	-	-	-	E	L	L	L	L	L	-	-	-	L	L	L	L
-	E	E	E	E	E	-	-	-	-	E	E	E	E	E	E	-	-	-	E	E	E	E	E	E	-	-	-
Objective 0: 3412
Objective 1: 41
Constr violation: -1
Restrictions violated:
0 0 0 0 0 0 1 0 

Individual 3
1	2	3	4	5	6	7	8	9	10	11	12	13	14	15	16	17	18	19	20	21	22	23	24	25	26	27	28
E	E	E	E	E	-	-	-	E	E	-	-	E	E	E	E	E	-	-	-	-	-	-	E	E	E	E	E
-	-	-	-	E	E	E	E	E	-	-	E	E	E	E	-	-	E	E	E	E	E	-	-	-	E	E	E
-	-	E	L	-	-	-	E	E	L	L	L	-	-	-	-	E	E	E	E	E	-	-	E	E	E	E	E
-	L	L	L	L	L	-	-	-	-	E	E	-	-	E	E	E	E	L	-	-	L	L	L	L	L	-	-
-	-	-	E	E	E	E	E	-	-	E	E	-	-	E	E	E	E	E	-	-	-	-	-	E	E	E	E
L	L	L	-	-	E	E	E	L	L	-	-	-	-	E	E	E	E	L	-	-	L	L	-	-	-	L	L
L	L	L	-	-	-	-	-	-	E	L	L	L	-	-	L	L	L	L	-	-	-	E	L	L	L	L	-
E	E	E	-	-	-	-	E	E	E	-	-	L	L	L	L	L	-	-	L	L	L	L	L	-	-	-	-
L	L	L	-	-	E	E	E	L	L	-	-	-	-	L	L	L	L	-	-	-	-	-	L	L	L	L	L
-	E	E	E	-	-	E	L	L	L	L	-	-	L	L	-	-	L	L	-	-	E	E	E	E	L	-	-
E	E	E	E	E	-	-	-	E	E	-	-	-	-	-	E	E	E	E	-	-	-	E	E	E	E	E	E
E	E	E	E	E	E	-	-	-	E	E	E	E	E	-	-	-	E	E	E	E	E	-	-	-	-	-	-
-	-	L	L	L	L	L	-	-	-	E	E	E	E	E	E	-	-	-	E	E	E	L	L	-	-	-	-
E	E	E	E	E	-	-	-	E	E	E	E	E	E	-	-	-	-	E	E	E	E	E	E	-	-	-	-
-	-	-	-	E	E	L	L	L	L	-	-	-	E	E	L	L	L	L	-	-	-	E	E	E	E	E	E
-	E	L	L	L	L	L	-	-	-	E	E	E	E	E	E	-	-	-	E	E	E	E	E	E	-	-	-
Objective 0: 3112
Objective 1: 37
Constr violation: -1
Restrictions violated:
0 0 0 0 0 0 1 0 

Individual 4
1	2	3	4	5	6	7	8	9	10	11	12	13	14	15	16	17	18	19	20	21	22	23	24	25	26	27	28
E	E	E	E	E	-	-	-	E	E	-	-	E	E	E	E	E	-	-	-	-	-	-	E	E	E	E	E
-	-	-	-	E	E	E	E	E	-	-	E	E	E	E	-	-	E	E	E	E	E	-	-	-	E	E	E
-	-	E	L	-	-	-	E	E	L	L	L	-	-	-	-	E	E	E	E	E	-	-	E	E	E	E	E
-	L	L	L	L	L	-	-	-	-	E	E	-	-	E	E	E	E	L	-	-	L	L	L	L	L	-	-
-	-	-	E	E	E	E	E	-	-	E	E	-	-	E	E	E	E	E	-	-	-	-	-	E	E	E	E
L	L	L	-	-	E	E	E	L	L	-	-	-	-	E	E	E	E	L	-	-	L	L	-	-	-	L	L
L	L	L	-	-	-	-	-	-	E	L	L	L	-	-	L	L	L	L	-	-	-	E	L	L	L	L	-
E	E	E	-	-	-	-	E	E	E	-	-	L	L	L	L	L	-	-	L	L	L	L	L	-	-	-	-
L	L	L	-	-	E	E	E	L	L	-	-	-	-	L	L	L	L	-	-	-	-	-	L	L	L	L	L
-	E	E	E	-	-	E	L	L	L	L	-	-	L	L	-	-	L	L	-	-	E	E	E	E	L	-	-
E	E	E	E	E	-	-	-	E	E	-	-	-	-	-	E	E	E	E	-	-	-	E	E	E	E	E	E
E	E	E	E	E	E	-	-	-	E	E	E	E	E	-	-	-	E	E	E	E	E	-	-	-	-	-	-
-	-	L	L	L	L	L	-	-	-	E	E	E	E	E	E	-	-	-	E	E	E	L	L	-	-	-	-
E	E	E	E	E	-	-	-	E	E	E	E	E	E	-	-	-	-	E	E	E	E	E	E	-	-	-	-
-	-	-	-	E	E	L	L	L	L	-	-	-	E	E	L	L	L	L	-	-	-	E	E	E	E	E	E
-	E	E	E	E	E	-	-	-	-	E	E	E	E	E	E	-	-	-	E	E	E	E	E	E	-	-	-
Objective 0: 3616
Objective 1: 33
Constr violation: -1
Restrictions violated:
0 0 0 0 0 0 1 0 

Individual 5
1	2	3	4	5	6	7	8	9	10	11	12	13	14	15	16	17	18	19	20	21	22	23	24	25	26	27	28
E	E	E	E	E	-	-	-	E	E	-	-	E	E	E	E	E	-	-	-	-	-	-	E	E	E	E	E
-	-	-	-	E	E	E	E	E	-	-	E	E	E	E	-	-	E	E	E	E	E	-	-	-	E	E	E
-	-	E	L	-	-	-	E	E	L	L	L	-	-	-	-	E	E	E	E	E	-	-	E	E	E	E	E
-	-	-	L	L	L	L	L	-	-	L	L	L	-	-	E	E	E	E	-	-	L	L	L	L	-	-	-
-	-	-	E	E	E	E	E	-	-	E	E	-	-	E	E	E	E	E	-	-	-	-	-	E	E	E	E
L	L	L	-	-	E	E	E	L	L	-	-	-	-	E	E	E	E	L	-	-	L	L	-	-	-	L	L
L	L	L	-	-	-	-	-	-	E	L	L	L	-	-	L	L	L	L	-	-	-	E	L	L	L	L	-
E	E	E	-	-	-	-	E	E	E	-	-	L	L	L	L	L	-	-	L	L	L	L	L	-	-	-	-
L	L	L	-	-	E	E	E	L	L	-	-	-	-	L	L	L	L	-	-	-	-	-	L	L	L	L	L
-	E	E	E	-	-	E	L	L	L	L	-	-	L	L	-	-	L	L	-	-	E	E	E	E	L	-	-
E	E	E	E	E	-	-	-	E	E	-	-	-	-	-	E	E	E	E	-	-	-	E	E	E	E	E	E
E	E	E	E	E	E	-	-	-	E	E	E	E	E	-	-	-	E	E	E	E	E	-	-	-	-	-	-
-	-	L	L	L	L	L	-	-	-	E	E	E	E	E	E	-	-	-	E	E	E	L	L	-	-	-	-
E	E	E	E	E	-	-	-	E	E	E	E	E	E	-	-	-	-	E	E	E	E	E	E	-	-	-	-
-	-	-	-	E	E	E	L	L	L	-	-	-	-	-	E	L	L	L	L	L	-	-	-	L	L	L	L
-	E	L	L	L	L	L	-	-	-	E	E	E	E	E	E	-	-	-	E	E	E	E	E	E	-	-	-
Objective 0: 2503
Objective 1: 50
Constr violation: -1
Restrictions violated:
0 0 0 0 0 0 1 0 

Individual 6
1	2	3	4	5	6	7	8	9	10	11	12	13	14	15	16	17	18	19	20	21	22	23	24	25	26	27	28
E	E	E	E	E	-	-	-	E	E	-	-	E	E	E	E	E	-	-	-	-	-	-	E	E	E	E	E
-	-	-	-	-	-	E	E	E	-	-	-	-	-	-	E	E	E	E	-	-	E	E	-	-	E	E	E
-	-	E	L	-	-	-	E	E	L	L	L	-	-	-	-	E	E	E	E	E	-	-	E	E	E	E	E
-	L	L	L	L	L	-	-	-	-	E	E	-	-	E	E	E	E	L	-	-	L	L	L	L	L	-	-
-	-	-	E	E	E	E	E	-	-	E	E	-	-	E	E	E	E	E	-	-	-	-	-	E	E	E	E
L	L	L	-	-	E	E	E	L	L	-	-	-	-	E	E	E	E	L	-	-	L	L	-	-	-	L	L
L	L	L	-	-	-	-	-	-	E	L	L	L	-	-	L	L	L	L	-	-	-	E	L	L	L	L	-
E	E	E	-	-	-	-	E	E	E	-	-	L	L	L	L	L	-	-	L	L	L	L	L	-	-	-	-
L	L	L	-	-	E	E	E	L	L	-	-	-	-	L	L	L	L	-	-	-	-	-	L	L	L	L	L
-	E	E	E	-	-	E	L	L	L	L	-	-	L	L	-	-	L	L	-	-	E	E	E	E	L	-	-
E	E	E	E	E	-	-	-	E	E	-	-	-	-	-	E	E	E	E	-	-	-	E	E	E	E	E	E
E	E	E	E	E	E	-	-	-	E	E	E	E	E	-	-	-	E	E	E	E	E	-	-	-	-	-	-
-	-	L	L	L	L	L	-	-	-	E	E	E	E	E	E	-	-	-	-	E	E	E	E	E	E	-	-
E	E	E	E	E	-	-	-	E	E	E	E	E	E	-	-	-	-	E	E	E	E	E	E	-	-	-	-
-	-	-	-	E	E	L	L	L	L	-	-	-	E	E	L	L	L	L	-	-	-	E	E	E	E	E	E
-	E	L	L	L	L	L	-	-	-	E	E	E	E	E	E	-	-	-	E	E	E	E	E	E	-	-	-
Objective 0: 3815
Objective 1: 27
Constr violation: -1
Restrictions violated:
0 0 0 0 0 0 0 1 

Individual 7
1	2	3	4	5	6	7	8	9	10	11	12	13	14	15	16	17	18	19	20	21	22	23	24	25	26	27	28
E	E	E	E	E	-	-	-	E	E	-	-	E	E	E	E	E	-	-	-	-	-	-	E	E	E	E	E
-	-	-	-	E	E	E	E	E	-	-	E	E	E	E	-	-	E	E	E	E	E	-	-	-	E	E	E
L	L	L	L	-	-	-	E	E	L	L	L	-	-	-	-	-	E	E	L	L	-	-	E	E	E	E	E
-	-	-	L	L	L	L	L	-	-	L	L	L	-	-	E	E	E	E	-	-	L	L	L	L	-	-	-
-	-	-	E	E	E	E	E	-	-	E	E	-	-	E	E	E	E	E	-	-	-	-	-	E	E	E	E
L	L	L	-	-	E	E	E	L	L	-	-	-	-	E	E	E	E	L	-	-	L	L	-	-	-	L	L
L	L	L	-	-	-	-	-	-	E	L	L	L	-	-	L	L	L	L	-	-	-	E	L	L	L	L	-
E	E	E	-	-	-	-	E	E	E	-	-	L	L	L	L	L	-	-	L	L	L	L	L	-	-	-	-
L	L	L	-	-	E	E	E	L	L	-	-	-	-	L	L	L	L	-	-	-	-	-	L	L	L	L	L
-	E	E	E	-	-	E	L	L	L	L	-	-	L	L	-	-	L	L	-	-	E	E	E	E	L	-	-
E	E	E	E	E	-	-	-	E	E	-	-	-	-	-	E	E	E	E	-	-	-	E	E	E	E	E	E
E	E	E	E	E	E	-	-	-	E	E	E	E	E	-	-	-	E	E	E	E	E	-	-	-	-	-	-
-	-	L	L	L	L	L	-	-	-	E	E	E	E	E	E	-	-	-	-	E	E	E	E	E	E	-	-
E	E	E	E	E	-	-	-	E	E	E	E	E	E	-	-	-	-	E	E	E	E	E	E	-	-	-	-
-	-	-	-	E	E	E	L	L	L	-	-	-	-	-	E	L	L	L	L	L	-	-	-	L	L	L	L
-	E	L	L	L	L	L	-	-	-	E	E	E	E	E	E	-	-	-	E	E	E	E	E	E	-	-	-
Objective 0: 2606
Objective 1: 51
Constr violation: -1
Restrictions violated:
0 0 0 0 0 0 1 0 

Individual 8
1	2	3	4	5	6	7	8	9	10	11	12	13	14	15	16	17	18	19	20	21	22	23	24	25	26	27	28
E	E	E	E	E	-	-	-	E	E	-	-	E	E	E	E	E	-	-	-	-	-	-	E	E	E	E	E
-	-	-	-	E	E	E	E	E	-	-	E	E	E	E	-	-	E	E	E	E	E	-	-	-	E	E	E
-	-	E	L	-	-	-	E	E	L	L	L	-	-	-	-	E	E	E	E	E	-	-	E	E	E	E	E
-	-	-	L	L	L	L	L	-	-	L	L	L	-	-	E	E	E	E	-	-	L	L	L	L	-	-	-
-	-	E	E	E	E	E	-	-	-	E	E	-	-	E	E	E	E	E	-	-	-	-	-	E	E	E	E
L	L	L	-	-	E	E	E	L	L	-	-	-	-	E	E	E	E	L	-	-	L	L	-	-	-	L	L
L	L	L	-	-	-	-	-	-	E	L	L	L	-	-	L	L	L	L	-	-	-	E	L	L	L	L	-
E	E	E	-	-	-	-	E	E	E	-	-	L	L	L	L	L	-	-	L	L	L	L	L	-	-	-	-
L	L	L	-	-	E	E	E	L	L	-	-	-	-	L	L	L	L	-	-	-	-	-	L	L	L	L	L
-	E	E	E	-	-	E	L	L	L	L	-	-	L	L	-	-	L	L	-	-	E	E	E	E	L	-	-
E	E	E	E	E	-	-	-	E	E	-	-	-	-	-	E	E	E	E	-	-	-	E	E	E	E	E	E
E	E	E	E	E	E	-	-	-	E	E	E	E	E	-	-	-	E	E	E	E	E	-	-	-	-	-	-
-	-	L	L	L	L	L	-	-	-	E	E	E	E	E	E	-	-	-	-	E	E	E	E	E	E	-	-
E	E	E	E	E	-	-	-	E	E	E	E	E	E	-	-	-	-	E	E	E	E	E	E	-	-	-	-
-	-	-	-	E	E	L	L	L	L	-	-	-	E	E	L	L	L	L	-	-	-	E	E	E	E	E	E
-	E	L	L	L	L	L	-	-	-	E	E	E	E	E	E	-	-	-	E	E	E	E	E	E	-	-	-
Objective 0: 3213
Objective 1: 41
Constr violation: -1
Restrictions violated:
0 0 0 0 0 0 1 0 

Individual 9
1	2	3	4	5	6	7	8	9	10	11	12	13	14	15	16	17	18	19	20	21	22	23	24	25	26	27	28
E	E	E	E	E	-	-	-	E	E	-	-	E	E	E	E	E	-	-	-	-	-	-	E	E	E	E	E
-	-	-	-	E	E	E	E	E	-	-	E	E	E	E	-	-	E	E	E	E	E	-	-	-	E	E	E
-	-	E	L	-	-	-	E	E	L	L	L	-	-	-	-	E	E	E	E	E	-	-	E	E	E	E	E
-	L	L	L	L	L	-	-	-	-	E	E	-	-	E	E	E	E	L	-	-	L	L	L	L	L	-	-
-	-	E	E	E	E	E	-	-	-	E	E	-	-	E	E	E	E	E	-	-	-	-	-	E	E	E	E
L	L	L	-	-	E	E	E	L	L	-	-	-	-	E	E	E	E	L	-	-	L	L	-	-	-	L	L
L	L	L	-	-	-	-	-	-	E	L	L	L	-	-	L	L	L	L	-	-	-	E	L	L	L	L	-
E	E	E	-	-	-	-	E	E	E	-	-	L	L	L	L	L	-	-	L	L	L	L	L	-	-	-	-
L	L	L	-	-	E	E	E	L	L	-	-	-	-	L	L	L	L	-	-	-	-	-	L	L	L	L	L
-	E	E	E	-	-	E	L	L	L	L	-	-	L	L	-	-	L	L	-	-	E	E	E	E	L	-	-
E	E	E	E	E	-	-	-	E	E	-	-	-	-	-	E	E	E	E	-	-	-	E	E	E	E	E	E
E	E	E	E	E	E	-	-	-	E	E	E	E	E	-	-	-	E	E	E	E	E	-	-	-	-	-	-
-	-	L	L	L	L	L	-	-	-	E	E	E	E	E	E	-	-	-	-	E	E	E	E	E	E	-	-
E	E	E	E	E	-	-	-	E	E	E	E	E	E	-	-	-	-	E	E	E	E	E	E	-	-	-	-
-	-	-	-	E	E	L	L	L	L	-	-	-	E	E	L	L	L	L	-	-	-	E	E	E	E	E	E
-	E	E	E	E	E	-	-	-	-	E	E	E	E	E	E	-	-	-	E	E	E	E	E	E	-	-	-
Objective 0: 4021
Objective 1: 28
Constr violation: -1
Restrictions violated:
0 0 0 0 0 0 1 0 

Individual 10
1	2	3	4	5	6	7	8	9	10	11	12	13	14	15	16	17	18	19	20	21	22	23	24	25	26	27	28
E	E	E	E	E	-	-	-	E	E	-	-	E	E	E	E	E	-	-	-	-	-	-	E	E	E	E	E
-	-	-	-	E	E	E	E	E	-	-	E	E	E	E	-	-	E	E	E	E	E	-	-	-	E	E	E
-	-	E	L	-	-	-	E	E	L	L	L	-	-	-	-	E	E	E	E	E	-	-	E	E	E	E	E
-	-	-	L	L	L	L	L	-	-	L	L	L	-	-	E	E	E	E	-	-	L	L	L	L	-	-	-
-	-	E	E	E	E	E	-	-	-	E	E	-	-	E	E	E	E	E	-	-	-	-	-	E	E	E	E
L	L	L	-	-	E	E	E	L	L	-	-	-	-	E	E	E	E	L	-	-	L	L	-	-	-	L	L
L	L	L	-	-	-	-	-	-	E	L	L	L	-	-	L	L	L	L	-	-	-	E	L	L	L	L	-
E	E	E	-	-	-	-	E	E	E	-	-	L	L	L	L	L	-	-	L	L	L	L	L	-	-	-	-
L	L	L	-	-	E	E	E	L	L	-	-	-	-	L	L	L	L	-	-	-	-	-	L	L	L	L	L
-	E	E	E	-	-	E	L	L	L	L	-	-	L	L	-	-	L	L	-	-	E	E	E	E	L	-	-
E	E	E	E	E	-	-	-	E	E	-	-	-	-	-	E	E	E	E	-	-	-	E	E	E	E	E	E
E	E	E	E	E	E	-	-	-	E	E	E	E	E	-	-	-	E	E	E	E	E	-	-	-	-	-	-
-	-	L	L	L	L	L	-	-	-	E	E	E	E	E	E	-	-	-	E	E	E	L	L	-	-	-	-
E	E	E	E	E	-	-	-	E	E	E	E	E	E	-	-	-	-	E	E	E	E	E	E	-	-	-	-
-	-	-	-	E	E	E	L	L	L	-	-	-	-	-	E	L	L	L	L	L	-	-	-	L	L	L	L
-	E	L	L	L	L	L	-	-	-	E	E	E	E	E	E	-	-	-	E	E	E	E	E	E	-	-	-
Objective 0: 2604
Objective 1: 47
Constr violation: -1
Restrictions violated:
0 0 0 0 0 0 1 0 

Individual 11
1	2	3	4	5	6	7	8	9	10	11	12	13	14	15	16	17	18	19	20	21	22	23	24	25	26	27	28
E	E	E	E	E	-	-	-	E	E	-	-	E	E	E	E	E	-	-	-	-	-	-	E	E	E	E	E
-	-	-	-	E	E	E	E	E	-	-	E	E	E	E	-	-	E	E	E	E	E	-	-	-	E	E	E
L	L	L	L	-	-	-	E	E	L	L	L	-	-	-	-	-	E	E	L	L	-	-	E	E	E	E	E
-	-	-	L	L	L	L	L	-	-	L	L	L	-	-	E	E	E	E	-	-	L	L	L	L	-	-	-
-	-	E	E	E	E	E	-	-	-	E	E	-	-	E	E	E	E	E	-	-	-	-	-	E	E	E	E
L	L	L	-	-	E	E	E	L	L	-	-	-	-	E	E	E	E	L	-	-	L	L	-	-	-	L	L
L	L	L	-	-	-	-	-	-	E	L	L	L	-	-	L	L	L	L	-	-	-	E	L	L	L	L	-
E	E	E	-	-	-	-	E	E	E	-	-	L	L	L	L	L	-	-	L	L	L	L	L	-	-	-	-
L	L	L	-	-	E	E	E	L	L	-	-	-	-	L	L	L	L	-	-	-	-	-	L	L	L	L	L
-	E	E	E	-	-	E	L	L	L	L	-	-	L	L	-	-	L	L	-	-	E	E	E	E	L	-	-
E	E	E	E	E	-	-	-	E	E	-	-	-	-	-	E	E	E	E	-	-	-	E	E	E	E	E	E
E	E	E	E	E	E	-	-	-	E	E	E	E	E	-	-	-	E	E	E	E	E	-	-	-	-	-	-
-	-	L	L	L	L	L	-	-	-	E	E	E	E	E	E	-	-	-	-	E	E	E	E	E	E	-	-
E	E	E	E	E	-	-	-	E	E	E	E	E	E	-	-	-	-	E	E	E	E	E	E	-	-	-	-
-	-	-	-	E	E	E	L	L	L	-	-	-	-	-	E	L	L	L	L	L	-	-	-	L	L	L	L
-	E	E	E	E	E	-	-	-	-	E	E	E	E	E	E	-	-	-	E	E	E	E	E	E	-	-	-
Objective 0: 3211
Objective 1: 44
Constr violation: -1
Restrictions violated:
0 0 0 0 0 0 1 0 

Individual 12
1	2	3	4	5	6	7	8	9	10	11	12	13	14	15	16	17	18	19	20	21	22	23	24	25	26	27	28
E	E	E	E	E	-	-	-	E	E	-	-	E	E	E	E	E	-	-	-	-	-	-	E	E	E	E	E
-	-	-	-	-	-	E	E	E	-	-	-	-	-	-	E	E	E	E	-	-	E	E	-	-	E	E	E
L	L	L	L	-	-	-	E	E	L	L	L	-	-	-	-	-	E	E	L	L	-	-	E	E	E	E	E
-	-	-	L	L	L	L	L	-	-	L	L	L	-	-	E	E	E	E	-	-	L	L	L	L	-	-	-
-	-	E	E	E	E	E	-	-	-	E	E	-	-	E	E	E	E	E	-	-	-	-	-	E	E	E	E
L	L	L	-	-	E	E	E	L	L	-	-	-	-	E	E	E	E	L	-	-	L	L	-	-	-	L	L
L	L	L	-	-	-	-	-	-	E	L	L	L	-	-	L	L	L	L	-	-	-	E	L	L	L	L	-
E	E	E	-	-	-	-	E	E	E	-	-	L	L	L	L	L	-	-	L	L	L	L	L	-	-	-	-
L	L	L	-	-	E	E	E	L	L	-	-	-	-	L	L	L	L	-	-	-	-	-	L	L	L	L	L
-	E	E	E	-	-	E	L	L	L	L	-	-	L	L	-	-	L	L	-	-	E	E	E	E	L	-	-
E	E	E	E	E	-	-	-	E	E	-	-	-	-	-	E	E	E	E	-	-	-	E	E	E	E	E	E
E	E	E	E	E	E	-	-	-	E	E	E	E	E	-	-	-	E	E	E	E	E	-	-	-	-	-	-
-	-	L	L	L	L	L	-	-	-	E	E	E	E	E	E	-	-	-	-	E	E	E	E	E	E	-	-
E	E	E	E	E	-	-	-	E	E	E	E	E	E	-	-	-	-	E	E	E	E	E	E	-	-	-	-
-	-	-	-	E	E	E	L	L	L	-	-	-	-	-	E	L	L	L	L	L	-	-	-	L	L	L	L
-	E	E	E	E	E	-	-	-	-	E	E	E	E	E	E	-	-	-	E	E	E	E	E	E	-	-	-
Objective 0: 3711
Objective 1: 36
Constr violation: -1
Restrictions violated:
0 0 0 0 0 0 0 1 

Individual 13
1	2	3	4	5	6	7	8	9	10	11	12	13	14	15	16	17	18	19	20	21	22	23	24	25	26	27	28
E	E	E	E	E	-	-	-	E	E	-	-	E	E	E	E	E	-	-	-	-	-	-	E	E	E	E	E
-	-	-	-	E	E	E	E	E	-	-	E	E	E	E	-	-	E	E	E	E	E	-	-	-	E	E	E
L	L	L	L	-	-	-	E	E	L	L	L	-	-	-	-	-	E	E	L	L	-	-	E	E	E	E	E
-	-	-	L	L	L	L	L	-	-	L	L	L	-	-	E	E	E	E	-	-	L	L	L	L	-	-	-
-	-	-	E	E	E	E	E	-	-	E	E	-	-	E	E	E	E	E	-	-	-	-	-	E	E	E	E
L	L	L	-	-	E	E	E	L	L	-	-	-	-	E	E	E	E	L	-	-	L	L	-	-	-	L	L
L	L	L	-	-	-	-	-	-	E	L	L	L	-	-	L	L	L	L	-	-	-	E	L	L	L	L	-
E	E	E	-	-	-	-	E	E	E	-	-	L	L	L	L	L	-	-	L	L	L	L	L	-	-	-	-
L	L	L	-	-	E	E	E	L	L	-	-	-	-	L	L	L	L	-	-	-	-	-	L	L	L	L	L
-	E	E	E	-	-	E	L	L	L	L	-	-	L	L	-	-	L	L	-	-	E	E	E	E	L	-	-
E	E	E	E	E	-	-	-	E	E	-	-	-	-	-	E	E	E	E	-	-	-	E	E	E	E	E	E
E	E	E	E	E	E	-	-	-	E	E	E	E	E	-	-	-	E	E	E	E	E	-	-	-	-	-	-
-	-	L	L	L	L	L	-	-	-	E	E	E	E	E	E	-	-	-	E	E	E	L	L	-	-	-	-
E	E	E	E	E	-	-	-	E	E	E	E	E	E	-	-	-	-	E	E	E	E	E	E	-	-	-	-
-	-	-	-	E	E	E	L	L	L	-	-	-	-	-	E	L	L	L	L	L	-	-	-	L	L	L	L
-	E	L	L	L	L	L	-	-	-	E	E	E	E	E	E	-	-	-	E	E	E	E	E	E	-	-	-
Objective 0: 2302
Objective 1: 53
Constr violation: -1
Restrictions violated:
0 0 0 0 0 0 1 0 

Individual 14
1	2	3	4	5	6	7	8	9	10	11	12	13	14	15	16	17	18	19	20	21	22	23	24	25	26	27	28
E	E	E	E	E	-	-	-	E	E	-	-	E	E	E	E	E	-	-	-	-	-	-	E	E	E	E	E
-	-	-	-	-	-	E	E	E	-	-	-	-	-	-	E	E	E	E	-	-	E	E	-	-	E	E	E
-	-	E	L	-	-	-	E	E	L	L	L	-	-	-	-	E	E	E	E	E	-	-	E	E	E	E	E
-	L	L	L	L	L	-	-	-	-	E	E	-	-	E	E	E	E	L	-	-	L	L	L	L	L	-	-
-	-	-	E	E	E	E	E	-	-	E	E	-	-	E	E	E	E	E	-	-	-	-	-	E	E	E	E
L	L	L	-	-	E	E	E	L	L	-	-	-	-	E	E	E	E	L	-	-	L	L	-	-	-	L	L
L	L	L	-	-	-	-	-	-	E	L	L	L	-	-	L	L	L	L	-	-	-	E	L	L	L	L	-
E	E	E	-	-	-	-	E	E	E	-	-	L	L	L	L	L	-	-	L	L	L	L	L	-	-	-	-
L	L	L	-	-	E	E	E	L	L	-	-	-	-	L	L	L	L	-	-	-	-	-	L	L	L	L	L
-	E	E	E	-	-	E	L	L	L	L	-	-	L	L	-	-	L	L	-	-	E	E	E	E	L	-	-
E	E	E	E	E	-	-	-	E	E	-	-	-	-	-	E	E	E	E	-	-	-	E	E	E	E	E	E
E	E	E	E	E	E	-	-	-	E	E	E	E	E	-	-	-	E	E	E	E	E	-	-	-	-	-	-
-	-	L	L	L	L	L	-	-	-	E	E	E	E	E	E	-	-	-	-	E	E	E	E	E	E	-	-
E	E	E	E	E	-	-	-	E	E	E	E	E	E	-	-	-	-	E	E	E	E	E	E	-	-	-	-
-	-	-	-	E	E	L	L	L	L	-	-	-	E	E	L	L	L	L	-	-	-	E	E	E	E	E	E
-	E	E	E	E	E	-	-	-	-	E	E	E	E	E	E	-	-	-	E	E	E	E	E	E	-	-	-
Objective 0: 4117
Objective 1: 23
Constr violation: -1
Restrictions violated:
0 0 0 0 0 0 0 1 

Individual 15
1	2	3	4	5	6	7	8	9	10	11	12	13	14	15	16	17	18	19	20	21	22	23	24	25	26	27	28
E	E	E	E	E	-	-	-	E	E	-	-	E	E	E	E	E	-	-	-	-	-	-	E	E	E	E	E
-	-	-	-	E	E	E	E	E	-	-	E	E	E	E	-	-	E	E	E	E	E	-	-	-	E	E	E
L	L	L	L	-	-	-	E	E	L	L	L	-	-	-	-	-	E	E	L	L	-	-	E	E	E	E	E
-	L	L	L	L	L	-	-	-	-	E	E	-	-	E	E	E	E	L	-	-	L	L	L	L	L	-	-
-	-	E	E	E	E	E	-	-	-	E	E	-	-	E	E	E	E	E	-	-	-	-	-	E	E	E	E
L	L	L	-	-	E	E	E	L	L	-	-	-	-	E	E	E	E	L	-	-	L	L	-	-	-	L	L
L	L	L	-	-	-	-	-	-	E	L	L	L	-	-	L	L	L	L	-	-	-	E	L	L	L	L	-
E	E	E	-	-	-	-	E	E	E	-	-	L	L	L	L	L	-	-	L	L	L	L	L	-	-	-	-
L	L	L	-	-	E	E	E	L	L	-	-	-	-	L	L	L	L	-	-	-	-	-	L	L	L	L	L
-	E	E	E	-	-	E	L	L	L	L	-	-	L	L	-	-	L	L	-	-	E	E	E	E	L	-	-
E	E	E	E	E	-	-	-	E	E	-	-	-	-	-	E	E	E	E	-	-	-	E	E	E	E	E	E
E	E	E	E	E	E	-	-	-	E	E	E	E	E	-	-	-	E	E	E	E	E	-	-	-	-	-	-
-	-	L	L	L	L	L	-	-	-	E	E	E	E	E	E	-	-	-	-	E	E	E	E	E	E	-	-
E	E	E	E	E	-	-	-	E	E	E	E	E	E	-	-	-	-	E	E	E	E	E	E	-	-	-	-
-	-	-	-	E	E	L	L	L	L	-	-	-	E	E	L	L	L	L	-	-	-	E	E	E	E	E	E
-	E	E	E	E	E	-	-	-	-	E	E	E	E	E	E	-	-	-	E	E	E	E	E	E	-	-	-
Objective 0: 3921
Objective 1: 31
Constr violation: -1
Restrictions violated:
0 0 0 0 0 0 1 0 

Individual 16
1	2	3	4	5	6	7	8	9	10	11	12	13	14	15	16	17	18	19	20	21	22	23	24	25	26	27	28
E	E	E	E	E	-	-	-	E	E	-	-	E	E	E	E	E	-	-	-	-	-	-	E	E	E	E	E
-	-	-	-	E	E	E	E	E	-	-	E	E	E	E	-	-	E	E	E	E	E	-	-	-	E	E	E
-	-	E	L	-	-	-	E	E	L	L	L	-	-	-	-	E	E	E	E	E	-	-	E	E	E	E	E
-	L	L	L	L	L	-	-	-	-	E	E	-	-	E	E	E	E	L	-	-	L	L	L	L	L	-	-
-	-	E	E	E	E	E	-	-	-	E	E	-	-	E	E	E	E	E	-	-	-	-	-	E	E	E	E
L	L	L	-	-	E	E	E	L	L	-	-	-	-	E	E	E	E	L	-	-	L	L	-	-	-	L	L
L	L	L	-	-	-	-	-	-	E	L	L	L	-	-	L	L	L	L	-	-	-	E	L	L	L	L	-
E	E	E	-	-	-	-	E	E	E	-	-	L	L	L	L	L	-	-	L	L	L	L	L	-	-	-	-
L	L	L	-	-	E	E	E	L	L	-	-	-	-	L	L	L	L	-	-	-	-	-	L	L	L	L	L
-	E	E	E	-	-	E	L	L	L	L	-	-	L	L	-	-	L	L	-	-	E	E	E	E	L	-	-
E	E	E	E	E	-	-	-	E	E	-	-	-	-	-	E	E	E	E	-	-	-	E	E	E	E	E	E
E	E	E	E	E	E	-	-	-	E	E	E	E	E	-	-	-	E	E	E	E	E	-	-	-	-	-	-
-	-	L	L	L	L	L	-	-	-	E	E	E	E	E	E	-	-	-	E	E	E	L	L	-	-	-	-
E	E	E	E	E	-	-	-	E	E	E	E	E	E	-	-	-	-	E	E	E	E	E	E	-	-	-	-
-	-	-	-	E	E	L	L	L	L	-	-	-	E	E	L	L	L	L	-	-	-	E	E	E	E	E	E
-	E	E	E	E	E	-	-	-	-	E	E	E	E	E	E	-	-	-	E	E	E	E	E	E	-	-	-
Objective 0: 3717
Objective 1: 30
Constr violation: -1
Restrictions violated:
0 0 0 0 0 0 1 0 

Individual 17
1	2	3	4	5	6	7	8	9	10	11	12	13	14	15	16	17	18	19	20	21	22	23	24	25	26	27	28
E	E	E	E	E	-	-	-	E	E	-	-	E	E	E	E	E	-	-	-	-	-	-	E	E	E	E	E
-	-	-	-	-	-	E	E	E	-	-	-	-	-	-	E	E	E	E	-	-	E	E	-	-	E	E	E
-	-	E	L	-	-	-	E	E	L	L	L	-	-	-	-	E	E	E	E	E	-	-	E	E	E	E	E
-	L	L	L	L	L	-	-	-	-	E	E	-	-	E	E	E	E	L	-	-	L	L	L	L	L	-	-
-	-	E	E	E	E	E	-	-	-	E	E	-	-	E	E	E	E	E	-	-	-	-	-	E	E	E	E
L	L	L	-	-	E	E	E	L	L	-	-	-	-	E	E	E	E	L	-	-	L	L	-	-	-	L	L
L	L	L	-	-	-	-	-	-	E	L	L	L	-	-	L	L	L	L	-	-	-	E	L	L	L	L	-
E	E	E	-	-	-	-	E	E	E	-	-	L	L	L	L	L	-	-	L	L	L	L	L	-	-	-	-
L	L	L	-	-	E	E	E	L	L	-	-	-	-	L	L	L	L	-	-	-	-	-	L	L	L	L	L
-	E	E	E	-	-	E	L	L	L	L	-	-	L	L	-	-	L	L	-	-	E	E	E	E	L	-	-
E	E	E	E	E	-	-	-	E	E	-	-	-	-	-	E	E	E	E	-	-	-	E	E	E	E	E	E
E	E	E	E	E	E	-	-	-	E	E	E	E	E	-	-	-	E	E	E	E	E	-	-	-	-	-	-
-	-	L	L	L	L	L	-	-	-	E	E	E	E	E	E	-	-	-	E	E	E	L	L	-	-	-	-
E	E	E	E	E	-	-	-	E	E	E	E	E	E	-	-	-	-	E	E	E	E	E	E	-	-	-	-
-	-	-	-	E	E	L	L	L	L	-	-	-	E	E	L	L	L	L	-	-	-	E	E	E	E	E	E
-	E	E	E	E	E	-	-	-	-	E	E	E	E	E	E	-	-	-	E	E	E	E	E	E	-	-	-
Objective 0: 3914
Objective 1: 22
Constr violation: -1
Restrictions violated:
0 0 0 0 0 0 0 1 

Individual 18
1	2	3	4	5	6	7	8	9	10	11	12	13	14	15	16	17	18	19	20	21	22	23	24	25	26	27	28
E	E	E	E	E	-	-	-	E	E	-	-	E	E	E	E	E	-	-	-	-	-	-	E	E	E	E	E
-	-	-	-	E	E	E	E	E	-	-	E	E	E	E	-	-	E	E	E	E	E	-	-	-	E	E	E
-	-	E	L	-	-	-	E	E	L	L	L	-	-	-	-	E	E	E	E	E	-	-	E	E	E	E	E
-	-	-	L	L	L	L	L	-	-	L	L	L	-	-	E	E	E	E	-	-	L	L	L	L	-	-	-
-	-	E	E	E	E	E	-	-	-	E	E	-	-	E	E	E	E	E	-	-	-	-	-	E	E	E	E
L	L	L	-	-	E	E	E	L	L	-	-	-	-	E	E	E	E	L	-	-	L	L	-	-	-	L	L
L	L	L	-	-	-	-	-	-	E	L	L	L	-	-	L	L	L	L	-	-	-	E	L	L	L	L	-
E	E	E	-	-	-	-	E	E	E	-	-	L	L	L	L	L	-	-	L	L	L	L	L	-	-	-	-
L	L	L	-	-	E	E	E	L	L	-	-	-	-	L	L	L	L	-	-	-	-	-	L	L	L	L	L
-	E	E	E	-	-	E	L	L	L	L	-	-	L	L	-	-	L	L	-	-	E	E	E	E	L	-	-
E	E	E	E	E	-	-	-	E	E	-	-	-	-	-	E	E	E	E	-	-	-	E	E	E	E	E	E
E	E	E	E	E	E	-	-	-	E	E	E	E	E	-	-	-	E	E	E	E	E	-	-	-	-	-	-
-	-	L	L	L	L	L	-	-	-	E	E	E	E	E	E	-	-	-	-	E	E	E	E	E	E	-	-
E	E	E	E	E	-	-	-	E	E	E	E	E	E	-	-	-	-	E	E	E	E	E	E	-	-	-	-
-	-	-	-	E	E	E	L	L	L	-	-	-	-	-	E	L	L	L	L	L	-	-	-	L	L	L	L
-	E	L	L	L	L	L	-	-	-	E	E	E	E	E	E	-	-	-	E	E	E	E	E	E	-	-	-
Objective 0: 2908
Objective 1: 45
Constr violation: -1
Restrictions violated:
0 0 0 0 0 0 1 0 

Individual 19
1	2	3	4	5	6	7	8	9	10	11	12	13	14	15	16	17	18	19	20	21	22	23	24	25	26	27	28
E	E	E	E	E	-	-	-	E	E	-	-	E	E	E	E	E	-	-	-	-	-	-	E	E	E	E	E
-	-	-	-	E	E	E	E	E	-	-	E	E	E	E	-	-	E	E	E	E	E	-	-	-	E	E	E
-	-	E	L	-	-	-	E	E	L	L	L	-	-	-	-	E	E	E	E	E	-	-	E	E	E	E	E
-	-	-	L	L	L	L	L	-	-	L	L	L	-	-	E	E	E	E	-	-	L	L	L	L	-	-	-
-	-	-	E	E	E	E	E	-	-	E	E	-	-	E	E	E	E	E	-	-	-	-	-	E	E	E	E
L	L	L	-	-	E	E	E	L	L	-	-	-	-	E	E	E	E	L	-	-	L	L	-	-	-	L	L
L	L	L	-	-	-	-	-	-	E	L	L	L	-	-	L	L	L	L	-	-	-	E	L	L	L	L	-
E	E	E	-	-	-	-	E	E	E	-	-	L	L	L	L	L	-	-	L	L	L	L	L	-	-	-	-
L	L	L	-	-	E	E	E	L	L	-	-	-	-	L	L	L	L	-	-	-	-	-	L	L	L	L	L
-	E	E	E	-	-	E	L	L	L	L	-	-	L	L	-	-	L	L	-	-	E	E	E	E	L	-	-
E	E	E	E	E	-	-	-	E	E	-	-	-	-	-	E	E	E	E	-	-	-	E	E	E	E	E	E
E	E	E	E	E	E	-	-	-	E	E	E	E	E	-	-	-	E	E	E	E	E	-	-	-	-	-	-
-	-	L	L	L	L	L	-	-	-	E	E	E	E	E	E	-	-	-	E	E	E	L	L	-	-	-	-
E	E	E	E	E	-	-	-	E	E	E	E	E	E	-	-	-	-	E	E	E	E	E	E	-	-	-	-
-	-	-	-	E	E	L	L	L	L	-	-	-	E	E	L	L	L	L	-	-	-	E	E	E	E	E	E
-	E	L	L	L	L	L	-	-	-	E	E	E	E	E	E	-	-	-	E	E	E	E	E	E	-	-	-
Objective 0: 2808
Objective 1: 46
Constr violation: -1
Restrictions violated:
0 0 0 0 0 0 1 0 

