Individual 0
1	2	3	4	5	6	7	8	9	10	11	12	13	14	15	16	17	18	19	20	21	22	23	24	25	26	27	28
E	E	E	-	-	E	E	E	E	E	-	-	-	-	E	E	E	-	-	-	-	-	-	E	E	E	E	E
-	E	E	E	E	-	-	-	-	-	-	-	-	-	-	-	-	E	E	E	E	E	-	-	-	-	E	E
L	L	L	-	-	-	-	E	E	L	L	L	-	-	-	-	L	L	L	L	L	-	-	E	E	E	E	E
L	L	L	-	-	L	L	L	L	-	-	-	-	-	E	E	E	E	E	-	-	L	L	L	L	L	-	-
-	-	-	-	E	E	E	E	E	-	-	-	-	-	E	E	E	E	E	-	-	-	-	-	-	-	-	-
L	L	L	L	-	-	E	L	L	L	L	-	-	-	-	E	E	E	L	-	-	L	L	-	-	L	L	L
E	L	L	L	-	-	E	L	-	-	E	L	-	-	E	E	L	L	L	-	-	-	-	L	L	L	L	L
E	E	L	L	L	-	-	E	E	L	-	-	L	L	L	L	L	-	-	L	L	L	L	L	-	-	-	-
-	-	-	E	E	E	E	-	-	E	L	L	-	-	L	L	L	L	-	-	E	L	L	L	L	-	-	-
L	L	L	L	L	-	-	L	L	L	L	L	-	-	-	-	-	E	E	E	-	-	-	E	E	L	L	L
E	E	E	E	E	-	-	-	-	-	-	E	E	E	E	E	E	-	-	-	-	E	E	E	E	E	E	-
E	E	E	E	-	-	-	E	E	E	E	E	E	-	-	-	E	E	E	E	E	E	-	-	-	-	-	-
-	-	-	E	L	L	L	-	-	-	E	E	E	E	L	L	-	-	-	E	E	E	E	L	L	-	-	-
-	E	E	E	E	-	-	-	E	E	E	E	E	E	-	-	-	E	E	E	E	E	E	-	-	-	-	-
-	-	-	-	E	E	E	E	L	L	-	-	-	E	E	L	L	L	L	-	-	-	E	E	E	E	E	E
-	E	E	E	E	E	L	-	-	-	E	E	E	E	E	E	-	-	-	E	E	E	E	E	E	-	-	-
Objective 0: 3003
Objective 1: 49
Constr violation: -2
Restrictions violated:
0 0 0 0 0 0 0 2 

Individual 1
1	2	3	4	5	6	7	8	9	10	11	12	13	14	15	16	17	18	19	20	21	22	23	24	25	26	27	28
E	E	E	-	-	E	E	E	E	E	-	-	-	-	E	E	E	-	-	-	-	-	-	E	E	E	E	E
-	-	-	-	-	-	-	-	-	-	-	-	-	-	-	-	-	-	E	E	E	E	-	-	-	E	E	E
-	-	E	E	-	-	-	E	E	L	L	L	-	-	-	L	L	L	L	L	-	-	-	E	E	E	E	E
L	L	L	-	-	L	L	L	L	-	-	-	-	-	E	E	E	E	E	-	-	L	L	L	L	L	-	-
-	-	E	E	E	E	E	-	-	-	-	-	E	E	E	E	E	-	-	-	-	-	-	-	-	-	-	-
L	L	L	L	-	-	E	L	L	L	L	-	-	-	-	E	E	E	L	-	-	L	L	-	-	L	L	L
E	L	L	L	-	-	E	L	-	-	E	L	-	-	E	E	L	L	L	-	-	-	-	L	L	L	L	L
E	E	E	-	-	-	-	E	E	L	-	-	L	L	L	L	L	-	-	L	L	L	L	L	-	-	-	-
-	-	-	E	E	E	E	-	-	E	L	L	-	-	L	L	L	L	-	-	E	L	L	L	L	-	-	-
E	E	E	E	E	-	-	E	E	L	L	L	-	-	-	-	-	E	E	E	-	-	E	L	L	L	L	-
E	E	E	E	E	-	-	-	-	-	-	E	E	E	E	E	E	-	-	-	-	E	E	E	E	E	E	-
E	E	E	E	-	-	-	E	E	E	E	E	E	-	-	-	E	E	E	E	E	E	-	-	-	-	-	-
-	-	E	L	L	L	-	-	-	E	E	E	E	E	L	-	-	-	-	-	-	E	E	E	E	E	L	-
-	E	E	E	E	-	-	-	E	E	E	E	E	E	-	-	-	E	E	E	E	E	E	-	-	-	-	-
-	-	-	-	E	E	E	E	L	L	-	-	-	E	E	L	L	L	L	-	-	-	E	E	E	E	E	E
-	E	E	E	E	E	L	-	-	-	E	E	E	E	E	E	-	-	-	E	E	E	E	E	E	-	-	-
Objective 0: 4511
Objective 1: 18
Constr violation: -2
Restrictions violated:
0 0 0 0 0 0 0 2 

Individual 2
1	2	3	4	5	6	7	8	9	10	11	12	13	14	15	16	17	18	19	20	21	22	23	24	25	26	27	28
E	E	E	-	-	E	E	E	E	E	-	-	-	-	E	E	E	-	-	-	-	-	-	E	E	E	E	E
-	E	E	E	E	-	-	-	-	-	-	-	-	-	-	-	-	E	E	E	E	E	-	-	-	-	E	E
L	L	L	-	-	-	-	E	E	L	L	L	-	-	-	-	L	L	L	L	L	-	-	E	E	E	E	E
L	L	L	-	-	L	L	L	L	-	-	-	-	-	E	E	E	E	E	-	-	L	L	L	L	L	-	-
-	-	E	E	E	E	E	-	-	-	-	-	E	E	E	E	E	-	-	-	-	-	-	-	-	-	-	-
L	L	L	L	-	-	E	L	L	L	L	-	-	-	-	E	E	E	L	-	-	L	L	-	-	L	L	L
E	L	L	L	-	-	E	L	-	-	E	L	-	-	E	E	L	L	L	-	-	-	-	L	L	L	L	L
E	E	E	-	-	-	-	E	E	L	-	-	L	L	L	L	L	-	-	L	L	L	L	L	-	-	-	-
-	-	-	E	E	E	E	-	-	E	L	L	-	-	L	L	L	L	-	-	E	L	L	L	L	-	-	-
L	L	L	L	L	-	-	L	L	L	L	L	-	-	-	-	-	E	E	E	-	-	-	E	E	L	L	L
E	E	E	E	E	-	-	-	-	-	-	E	E	E	E	E	E	-	-	-	-	E	E	E	E	E	E	-
E	E	E	E	-	-	-	E	E	E	E	E	E	-	-	-	E	E	E	E	E	E	-	-	-	-	-	-
-	-	-	E	L	L	L	-	-	-	E	E	E	E	L	L	-	-	-	E	E	E	E	L	L	-	-	-
-	E	E	E	E	-	-	-	E	E	E	E	E	E	-	-	-	E	E	E	E	E	E	-	-	-	-	-
-	-	-	-	E	E	E	E	L	L	-	-	-	E	E	L	L	L	L	-	-	-	E	E	E	E	E	E
-	E	E	E	E	E	L	-	-	-	E	E	E	E	E	E	-	-	-	E	E	E	E	E	E	-	-	-
Objective 0: 3506
Objective 1: 31
Constr violation: -2
Restrictions violated:
0 0 0 0 0 0 0 2 

Individual 3
1	2	3	4	5	6	7	8	9	10	11	12	13	14	15	16	17	18	19	20	21	22	23	24	25	26	27	28
E	E	E	-	-	E	E	E	E	E	-	-	-	-	E	E	E	-	-	-	-	-	-	E	E	E	E	E
-	E	E	E	E	-	-	-	-	-	-	-	-	-	-	-	-	E	E	E	E	E	-	-	-	-	E	E
L	L	L	-	-	-	-	E	E	L	L	L	-	-	-	-	L	L	L	L	L	-	-	E	E	E	E	E
L	L	L	-	-	L	L	L	L	-	-	-	-	-	E	E	E	E	E	-	-	L	L	L	L	L	-	-
-	-	-	-	E	E	E	E	E	-	-	-	-	-	E	E	E	E	E	-	-	-	-	-	-	-	-	-
L	L	L	L	-	-	E	L	L	L	L	-	-	-	-	E	E	E	L	-	-	L	L	-	-	L	L	L
E	L	L	L	-	-	E	L	-	-	E	L	-	-	E	E	L	L	L	-	-	-	-	L	L	L	L	L
E	E	E	-	-	-	-	E	E	L	-	-	L	L	L	L	L	-	-	L	L	L	L	L	-	-	-	-
-	-	-	E	E	E	E	-	-	E	L	L	-	-	L	L	L	L	-	-	E	L	L	L	L	-	-	-
L	L	L	L	L	-	-	L	L	L	L	L	-	-	-	-	-	E	E	E	-	-	-	E	E	L	L	L
E	E	E	E	E	-	-	-	-	-	-	E	E	E	E	E	E	-	-	-	-	E	E	E	E	E	E	-
E	E	E	E	-	-	-	E	E	E	E	E	E	-	-	-	E	E	E	E	E	E	-	-	-	-	-	-
-	-	-	E	L	L	L	-	-	-	E	E	E	E	L	L	-	-	-	E	E	E	E	L	L	-	-	-
-	E	E	E	E	-	-	-	E	E	E	E	E	E	-	-	-	E	E	E	E	E	E	-	-	-	-	-
-	-	-	-	E	E	E	E	L	L	-	-	-	E	E	L	L	L	L	-	-	-	E	E	E	E	E	E
-	E	E	E	E	E	L	-	-	-	E	E	E	E	E	E	-	-	-	E	E	E	E	E	E	-	-	-
Objective 0: 3304
Objective 1: 43
Constr violation: -2
Restrictions violated:
0 0 0 0 0 0 0 2 

Individual 4
1	2	3	4	5	6	7	8	9	10	11	12	13	14	15	16	17	18	19	20	21	22	23	24	25	26	27	28
E	E	E	-	-	E	E	E	E	E	-	-	-	-	E	E	E	-	-	-	-	-	-	E	E	E	E	E
-	E	E	E	E	-	-	-	-	-	-	-	-	-	-	-	-	E	E	E	E	E	-	-	-	-	E	E
L	L	L	-	-	-	-	E	E	L	L	L	-	-	-	-	L	L	L	L	L	-	-	E	E	E	E	E
L	L	L	-	-	L	L	L	L	-	-	-	-	-	E	E	E	E	E	-	-	L	L	L	L	L	-	-
-	-	-	-	E	E	E	E	E	-	-	-	-	-	E	E	E	E	E	-	-	-	-	-	-	-	-	-
L	L	L	L	-	-	E	L	L	L	L	-	-	-	-	E	E	E	L	-	-	L	L	-	-	L	L	L
E	L	L	L	-	-	E	L	-	-	E	L	-	-	E	E	L	L	L	-	-	-	-	L	L	L	L	L
E	E	L	L	L	-	-	E	E	L	-	-	L	L	L	L	L	-	-	L	L	L	L	L	-	-	-	-
-	-	-	E	E	E	E	-	-	E	L	L	-	-	L	L	L	L	-	-	E	L	L	L	L	-	-	-
E	E	L	L	-	-	-	L	L	L	L	L	-	-	-	-	-	E	E	E	-	-	-	E	E	L	L	L
E	E	E	E	E	-	-	-	-	-	-	E	E	E	E	E	E	-	-	-	-	E	E	E	E	E	E	-
E	E	E	E	-	-	-	E	E	E	E	E	E	-	-	-	E	E	E	E	E	E	-	-	-	-	-	-
-	-	-	E	L	L	L	-	-	-	E	E	E	E	L	L	-	-	-	E	E	E	E	L	L	-	-	-
-	E	E	E	E	-	-	-	E	E	E	E	E	E	-	-	-	E	E	E	E	E	E	-	-	-	-	-
-	-	-	-	E	E	E	E	L	L	-	-	-	E	E	L	L	L	L	-	-	-	E	E	E	E	E	E
-	E	E	E	E	E	L	-	-	-	E	E	E	E	E	E	-	-	-	E	E	E	E	E	E	-	-	-
Objective 0: 3204
Objective 1: 48
Constr violation: -2
Restrictions violated:
0 0 0 0 0 0 0 2 

Individual 5
1	2	3	4	5	6	7	8	9	10	11	12	13	14	15	16	17	18	19	20	21	22	23	24	25	26	27	28
E	E	E	-	-	E	E	E	E	E	-	-	-	-	E	E	E	-	-	-	-	-	-	E	E	E	E	E
-	-	-	-	-	-	-	-	-	-	-	-	-	-	-	-	-	-	E	E	E	E	-	-	-	E	E	E
L	L	L	-	-	-	-	E	E	L	L	L	-	-	-	-	L	L	L	L	L	-	-	E	E	E	E	E
L	L	L	-	-	L	L	L	L	-	-	-	-	-	E	E	E	E	E	-	-	L	L	L	L	L	-	-
-	-	-	-	E	E	E	E	E	-	-	-	-	-	E	E	E	E	E	-	-	-	-	-	-	-	-	-
L	L	L	L	-	-	E	L	L	L	L	-	-	-	-	E	E	E	L	-	-	L	L	-	-	L	L	L
E	L	L	L	-	-	E	L	-	-	E	L	-	-	E	E	L	L	L	-	-	-	-	L	L	L	L	L
E	E	L	L	L	-	-	E	E	L	-	-	L	L	L	L	L	-	-	L	L	L	L	L	-	-	-	-
-	-	-	E	E	E	E	-	-	E	L	L	-	-	L	L	L	L	-	-	E	L	L	L	L	-	-	-
E	E	E	E	E	-	-	E	E	L	L	L	-	-	-	-	-	E	E	E	-	-	E	L	L	L	L	-
E	E	E	E	E	-	-	-	-	-	-	E	E	E	E	E	E	-	-	-	-	E	E	E	E	E	E	-
E	E	E	E	-	-	-	E	E	E	E	E	E	-	-	-	E	E	E	E	E	E	-	-	-	-	-	-
-	-	E	L	L	L	-	-	-	E	E	E	E	E	L	-	-	-	-	-	-	E	E	E	E	E	L	-
-	E	E	E	E	-	-	-	E	E	E	E	E	E	-	-	-	E	E	E	E	E	E	-	-	-	-	-
-	-	-	-	E	E	E	E	L	L	-	-	-	E	E	L	L	L	L	-	-	-	E	E	E	E	E	E
-	E	E	E	E	E	L	-	-	-	E	E	E	E	E	E	-	-	-	E	E	E	E	E	E	-	-	-
Objective 0: 3908
Objective 1: 39
Constr violation: -2
Restrictions violated:
0 0 0 0 0 0 0 2 

Individual 6
1	2	3	4	5	6	7	8	9	10	11	12	13	14	15	16	17	18	19	20	21	22	23	24	25	26	27	28
E	E	E	-	-	E	E	E	E	E	-	-	-	-	E	E	E	-	-	-	-	-	-	E	E	E	E	E
-	-	-	-	-	-	-	-	-	-	-	-	-	-	-	-	-	-	E	E	E	E	-	-	-	E	E	E
L	L	L	-	-	-	-	E	E	L	L	L	-	-	-	-	L	L	L	L	L	-	-	E	E	E	E	E
L	L	L	-	-	L	L	L	L	-	-	-	-	-	E	E	E	E	E	-	-	L	L	L	L	L	-	-
-	-	E	E	E	E	E	-	-	-	-	-	E	E	E	E	E	-	-	-	-	-	-	-	-	-	-	-
L	L	L	L	-	-	E	L	L	L	L	-	-	-	-	E	E	E	L	-	-	L	L	-	-	L	L	L
E	L	L	L	-	-	E	L	-	-	E	L	-	-	E	E	L	L	L	-	-	-	-	L	L	L	L	L
E	E	E	-	-	-	-	E	E	L	-	-	L	L	L	L	L	-	-	L	L	L	L	L	-	-	-	-
-	-	-	E	E	E	E	-	-	E	L	L	-	-	L	L	L	L	-	-	E	L	L	L	L	-	-	-
E	E	E	E	E	-	-	E	E	L	L	L	-	-	-	-	-	E	E	E	-	-	E	L	L	L	L	-
E	E	E	E	E	-	-	-	-	-	-	E	E	E	E	E	E	-	-	-	-	E	E	E	E	E	E	-
E	E	E	E	-	-	-	E	E	E	E	E	E	-	-	-	E	E	E	E	E	E	-	-	-	-	-	-
-	-	E	L	L	L	-	-	-	E	E	E	E	E	L	-	-	-	-	-	-	E	E	E	E	E	L	-
-	E	E	E	E	-	-	-	E	E	E	E	E	E	-	-	-	E	E	E	E	E	E	-	-	-	-	-
-	-	-	-	E	E	E	E	L	L	-	-	-	E	E	L	L	L	L	-	-	-	E	E	E	E	E	E
-	E	E	E	E	E	L	-	-	-	E	E	E	E	E	E	-	-	-	E	E	E	E	E	E	-	-	-
Objective 0: 4209
Objective 1: 21
Constr violation: -2
Restrictions violated:
0 0 0 0 0 0 0 2 

Individual 7
1	2	3	4	5	6	7	8	9	10	11	12	13	14	15	16	17	18	19	20	21	22	23	24	25	26	27	28
E	E	E	-	-	E	E	E	E	E	-	-	-	-	E	E	E	-	-	-	-	-	-	E	E	E	E	E
-	E	E	E	E	-	-	-	-	-	-	-	-	-	-	-	-	E	E	E	E	E	-	-	-	-	E	E
L	L	L	-	-	-	-	E	E	L	L	L	-	-	-	-	L	L	L	L	L	-	-	E	E	E	E	E
L	L	L	-	-	L	L	L	L	-	-	-	-	-	E	E	E	E	E	-	-	L	L	L	L	L	-	-
-	-	-	-	E	E	E	E	E	-	-	-	-	-	E	E	E	E	E	-	-	-	-	-	-	-	-	-
L	L	L	L	-	-	E	L	L	L	L	-	-	-	-	E	E	E	L	-	-	L	L	-	-	L	L	L
E	L	L	L	-	-	E	L	-	-	E	L	-	-	E	E	L	L	L	-	-	-	-	L	L	L	L	L
E	E	E	-	-	-	-	E	E	L	-	-	L	L	L	L	L	-	-	L	L	L	L	L	-	-	-	-
-	-	-	E	E	E	E	-	-	E	L	L	-	-	L	L	L	L	-	-	E	L	L	L	L	-	-	-
L	L	L	L	L	-	-	L	L	L	L	L	-	-	-	-	-	E	E	E	-	-	-	E	E	L	L	L
E	E	E	E	E	-	-	-	-	-	-	E	E	E	E	E	E	-	-	-	-	E	E	E	E	E	E	-
E	E	E	E	-	-	-	E	E	E	E	E	E	-	-	-	E	E	E	E	E	E	-	-	-	-	-	-
-	-	E	L	L	L	-	-	-	E	E	E	E	E	L	-	-	-	-	-	-	E	E	E	E	E	L	-
-	E	E	E	E	-	-	-	E	E	E	E	E	E	-	-	-	E	E	E	E	E	E	-	-	-	-	-
-	-	-	-	E	E	E	E	L	L	-	-	-	E	E	L	L	L	L	-	-	-	E	E	E	E	E	E
-	E	E	E	E	E	L	-	-	-	E	E	E	E	E	E	-	-	-	E	E	E	E	E	E	-	-	-
Objective 0: 3607
Objective 1: 41
Constr violation: -2
Restrictions violated:
0 0 0 0 0 0 0 2 

Individual 8
1	2	3	4	5	6	7	8	9	10	11	12	13	14	15	16	17	18	19	20	21	22	23	24	25	26	27	28
E	E	E	-	-	E	E	E	E	E	-	-	-	-	E	E	E	-	-	-	-	-	-	E	E	E	E	E
-	-	-	-	-	-	-	-	-	-	-	-	-	-	-	-	-	-	E	E	E	E	-	-	-	E	E	E
L	L	L	-	-	-	-	E	E	L	L	L	-	-	-	-	L	L	L	L	L	-	-	E	E	E	E	E
L	L	L	-	-	L	L	L	L	-	-	-	-	-	E	E	E	E	E	-	-	L	L	L	L	L	-	-
-	-	E	E	E	E	E	-	-	-	-	-	E	E	E	E	E	-	-	-	-	-	-	-	-	-	-	-
L	L	L	L	-	-	E	L	L	L	L	-	-	-	-	E	E	E	L	-	-	L	L	-	-	L	L	L
E	L	L	L	-	-	E	L	-	-	E	L	-	-	E	E	L	L	L	-	-	-	-	L	L	L	L	L
E	E	E	-	-	-	-	E	E	L	-	-	L	L	L	L	L	-	-	L	L	L	L	L	-	-	-	-
-	-	-	E	E	E	E	-	-	E	L	L	-	-	L	L	L	L	-	-	E	L	L	L	L	-	-	-
E	E	E	E	E	-	-	E	E	L	L	L	-	-	-	-	-	E	E	E	-	-	E	L	L	L	L	-
E	E	E	E	E	-	-	-	-	-	-	E	E	E	E	E	E	-	-	-	-	E	E	E	E	E	E	-
E	E	E	E	-	-	-	E	E	E	E	E	E	-	-	-	E	E	E	E	E	E	-	-	-	-	-	-
-	-	-	E	L	L	L	-	-	-	E	E	E	E	L	L	-	-	-	E	E	E	E	L	L	-	-	-
-	E	E	E	E	-	-	-	E	E	E	E	E	E	-	-	-	E	E	E	E	E	E	-	-	-	-	-
-	-	-	-	E	E	E	E	L	L	-	-	-	E	E	L	L	L	L	-	-	-	E	E	E	E	E	E
-	E	E	E	E	E	L	-	-	-	E	E	E	E	E	E	-	-	-	E	E	E	E	E	E	-	-	-
Objective 0: 4310
Objective 1: 23
Constr violation: -2
Restrictions violated:
0 0 0 0 0 0 0 2 

Individual 9
1	2	3	4	5	6	7	8	9	10	11	12	13	14	15	16	17	18	19	20	21	22	23	24	25	26	27	28
E	E	E	-	-	E	E	E	E	E	-	-	-	-	E	E	E	-	-	-	-	-	-	E	E	E	E	E
-	E	E	E	E	-	-	-	-	-	-	-	-	-	-	-	-	E	E	E	E	E	-	-	-	-	E	E
L	L	L	-	-	-	-	E	E	L	L	L	-	-	-	-	L	L	L	L	L	-	-	E	E	E	E	E
L	L	L	-	-	L	L	L	L	-	-	-	-	-	E	E	E	E	E	-	-	L	L	L	L	L	-	-
-	-	-	-	E	E	E	E	E	-	-	-	-	-	E	E	E	E	E	-	-	-	-	-	-	-	-	-
L	L	L	L	-	-	E	L	L	L	L	-	-	-	-	E	E	E	L	-	-	L	L	-	-	L	L	L
E	L	L	L	-	-	E	L	-	-	E	L	-	-	E	E	L	L	L	-	-	-	-	L	L	L	L	L
E	E	L	L	L	-	-	E	E	L	-	-	L	L	L	L	L	-	-	L	L	L	L	L	-	-	-	-
-	-	-	E	E	E	E	-	-	E	L	L	-	-	L	L	L	L	-	-	E	L	L	L	L	-	-	-
E	E	E	E	E	-	-	L	L	L	L	L	-	-	-	-	-	E	E	E	-	-	E	L	L	L	L	-
E	E	E	E	E	-	-	-	-	-	-	E	E	E	E	E	E	-	-	-	-	E	E	E	E	E	E	-
E	E	E	E	-	-	-	E	E	E	E	E	E	-	-	-	E	E	E	E	E	E	-	-	-	-	-	-
-	-	-	E	L	L	L	-	-	-	E	E	E	E	L	L	-	-	-	E	E	E	E	L	L	-	-	-
-	E	E	E	E	-	-	-	E	E	E	E	E	E	-	-	-	E	E	E	E	E	E	-	-	-	-	-
-	-	-	-	E	E	E	E	L	L	-	-	-	E	E	L	L	L	L	-	-	-	E	E	E	E	E	E
-	E	E	E	E	E	L	-	-	-	E	E	E	E	E	E	-	-	-	E	E	E	E	E	E	-	-	-
Objective 0: 3710
Objective 1: 45
Constr violation: -2
Restrictions violated:
0 0 0 0 0 0 0 2 

Individual 10
1	2	3	4	5	6	7	8	9	10	11	12	13	14	15	16	17	18	19	20	21	22	23	24	25	26	27	28
E	E	E	-	-	E	E	E	E	E	-	-	-	-	E	E	E	-	-	-	-	-	-	E	E	E	E	E
-	-	-	-	-	-	-	-	-	-	-	-	-	-	-	-	-	-	E	E	E	E	-	-	-	E	E	E
L	L	L	-	-	-	-	E	E	L	L	L	-	-	-	-	L	L	L	L	L	-	-	E	E	E	E	E
L	L	L	-	-	L	L	L	L	-	-	-	-	-	E	E	E	E	E	-	-	L	L	L	L	L	-	-
-	-	E	E	E	E	E	-	-	-	-	-	E	E	E	E	E	-	-	-	-	-	-	-	-	-	-	-
L	L	L	L	-	-	E	L	L	L	L	-	-	-	-	E	E	E	L	-	-	L	L	-	-	L	L	L
E	L	L	L	-	-	E	L	-	-	E	L	-	-	E	E	E	L	L	-	-	-	-	L	L	L	L	L
E	E	E	-	-	-	-	E	E	L	-	-	L	L	L	L	L	-	-	L	L	L	L	L	-	-	-	-
-	-	-	E	E	E	E	-	-	E	L	L	-	-	L	L	L	L	-	-	E	L	L	L	L	-	-	-
E	E	E	E	E	-	-	E	E	L	L	L	-	-	-	-	-	E	E	E	-	-	E	L	L	L	L	-
E	E	E	E	E	-	-	-	-	-	-	E	E	E	E	E	E	-	-	-	-	E	E	E	E	E	E	-
E	E	E	E	-	-	-	E	E	E	E	E	E	-	-	-	E	E	E	E	E	E	-	-	-	-	-	-
-	-	-	E	L	L	L	-	-	-	E	E	E	E	L	L	-	-	-	E	E	E	E	L	L	-	-	-
-	E	E	E	E	-	-	-	E	E	E	E	E	E	-	-	-	E	E	E	E	E	E	-	-	-	-	-
-	-	-	-	E	E	E	E	L	L	-	-	-	E	E	L	L	L	L	-	-	-	E	E	E	E	E	E
-	E	E	E	E	E	L	-	-	-	E	E	E	E	E	E	-	-	-	E	E	E	E	E	E	-	-	-
Objective 0: 4411
Objective 1: 23
Constr violation: -2
Restrictions violated:
0 0 0 0 0 0 0 2 

Individual 11
1	2	3	4	5	6	7	8	9	10	11	12	13	14	15	16	17	18	19	20	21	22	23	24	25	26	27	28
E	E	E	-	-	E	E	E	E	E	-	-	-	-	E	E	E	-	-	-	-	-	-	E	E	E	E	E
-	E	E	E	E	-	-	-	-	-	-	-	-	-	-	-	-	E	E	E	E	E	-	-	-	-	E	E
L	L	L	-	-	-	-	E	E	L	L	L	-	-	-	-	E	L	L	L	L	-	-	E	E	E	E	E
L	L	L	-	-	L	L	L	L	-	-	-	-	-	E	E	E	E	E	-	-	L	L	L	L	L	-	-
-	-	-	-	E	E	E	E	E	-	-	-	-	-	E	E	E	E	E	-	-	-	-	-	-	-	-	-
L	L	L	L	-	-	E	L	L	L	L	-	-	-	-	E	E	E	L	-	-	L	L	-	-	L	L	L
E	L	L	L	-	-	E	L	-	-	E	L	-	-	E	E	L	L	L	-	-	-	-	L	L	L	L	L
E	E	L	L	L	-	-	E	E	L	-	-	L	L	L	L	L	-	-	L	L	L	L	L	-	-	-	-
-	-	-	E	E	E	E	-	-	E	L	L	-	-	L	L	L	L	-	-	E	L	L	L	L	-	-	-
L	L	L	L	L	-	-	L	L	L	L	L	-	-	-	-	-	E	E	E	-	-	-	E	E	L	L	L
E	E	E	E	E	-	-	-	-	-	-	E	E	E	E	E	E	-	-	-	-	E	E	E	E	E	E	-
E	E	E	E	-	-	-	E	E	E	E	E	E	-	-	-	E	E	E	E	E	E	-	-	-	-	-	-
-	-	E	L	L	L	-	-	-	E	E	E	E	E	L	-	-	-	-	-	-	E	E	E	E	E	L	-
-	E	E	E	E	-	-	-	E	E	E	E	E	E	-	-	-	E	E	E	E	E	E	-	-	-	-	-
-	-	-	-	E	E	E	E	L	L	-	-	-	E	E	L	L	L	L	-	-	-	E	E	E	E	E	E
-	E	E	E	E	E	L	-	-	-	E	E	E	E	E	E	-	-	-	E	E	E	E	E	E	-	-	-
Objective 0: 3508
Objective 1: 47
Constr violation: -2
Restrictions violated:
0 0 0 0 0 0 0 2 

Individual 12
1	2	3	4	5	6	7	8	9	10	11	12	13	14	15	16	17	18	19	20	21	22	23	24	25	26	27	28
E	E	E	-	-	E	E	E	E	E	-	-	-	-	E	E	E	-	-	-	-	-	-	E	E	E	E	E
-	-	-	-	-	-	-	-	-	-	-	-	-	-	-	-	-	-	E	E	E	E	-	-	-	E	E	E
-	-	E	E	-	-	-	E	E	L	L	L	-	-	-	L	L	L	L	L	-	-	-	E	E	E	E	E
L	L	L	-	-	L	L	L	L	-	-	-	-	-	E	E	E	E	E	-	-	L	L	L	L	L	-	-
-	-	E	E	E	E	E	-	-	-	-	-	E	E	E	E	E	-	-	-	-	-	-	-	-	-	-	-
L	L	L	L	-	-	E	L	L	L	L	-	-	-	-	E	E	E	L	-	-	L	L	-	-	L	L	L
E	L	L	L	-	-	E	L	-	-	E	L	-	-	E	E	E	L	L	-	-	-	-	L	L	L	L	L
E	E	E	-	-	-	-	E	E	L	-	-	L	L	L	L	L	-	-	L	L	L	L	L	-	-	-	-
-	-	-	E	E	E	E	-	-	E	L	L	-	-	L	L	L	L	-	-	E	L	L	L	L	-	-	-
L	L	L	L	L	-	-	L	L	L	L	L	-	-	-	-	-	E	E	E	-	-	-	E	E	L	L	L
E	E	E	E	E	-	-	-	-	-	-	E	E	E	E	E	E	-	-	-	-	E	E	E	E	E	E	-
E	E	E	E	-	-	-	E	E	E	E	E	E	-	-	-	E	E	E	E	E	E	-	-	-	-	-	-
-	-	-	E	L	L	L	-	-	-	E	E	E	E	L	L	-	-	-	E	E	E	E	L	L	-	-	-
-	E	E	E	E	-	-	-	E	E	E	E	E	E	-	-	-	E	E	E	E	E	E	-	-	-	-	-
-	-	-	-	E	E	E	E	L	L	-	-	-	E	E	L	L	L	L	-	-	-	E	E	E	E	E	E
-	E	E	E	E	E	L	-	-	-	E	E	E	E	E	E	-	-	-	E	E	E	E	E	E	-	-	-
Objective 0: 4208
Objective 1: 24
Constr violation: -2
Restrictions violated:
0 0 0 0 0 0 0 2 

Individual 13
1	2	3	4	5	6	7	8	9	10	11	12	13	14	15	16	17	18	19	20	21	22	23	24	25	26	27	28
E	E	E	-	-	E	E	E	E	E	-	-	-	-	E	E	E	-	-	-	-	-	-	E	E	E	E	E
-	-	-	-	-	-	-	-	-	-	-	-	-	-	-	-	-	-	E	E	E	E	-	-	-	E	E	E
L	L	L	-	-	-	-	E	E	L	L	L	-	-	-	-	L	L	L	L	L	-	-	E	E	E	E	E
L	L	L	-	-	L	L	L	L	-	-	-	-	-	E	E	E	E	E	-	-	L	L	L	L	L	-	-
-	-	E	E	E	E	E	-	-	-	-	-	E	E	E	E	E	-	-	-	-	-	-	-	-	-	-	-
L	L	L	L	-	-	E	L	L	L	L	-	-	-	-	E	E	E	L	-	-	L	L	-	-	L	L	L
E	L	L	L	-	-	E	L	-	-	E	L	-	-	E	E	L	L	L	-	-	-	-	L	L	L	L	L
E	E	L	L	L	-	-	E	E	L	-	-	L	L	L	L	L	-	-	L	L	L	L	L	-	-	-	-
-	-	-	E	E	E	E	-	-	E	L	L	-	-	L	L	L	L	-	-	E	L	L	L	L	-	-	-
E	E	E	E	E	-	-	E	E	L	L	L	-	-	-	-	-	E	E	E	-	-	E	L	L	L	L	-
E	E	E	E	E	-	-	-	-	-	-	E	E	E	E	E	E	-	-	-	-	E	E	E	E	E	E	-
E	E	E	E	-	-	-	E	E	E	E	E	E	-	-	-	E	E	E	E	E	E	-	-	-	-	-	-
-	-	E	L	L	L	-	-	-	E	E	E	E	E	L	-	-	-	-	-	-	E	E	E	E	E	L	-
-	E	E	E	E	-	-	-	E	E	E	E	E	E	-	-	-	E	E	E	E	E	E	-	-	-	-	-
-	-	-	-	E	E	E	E	L	L	-	-	-	E	E	L	L	L	L	-	-	-	E	E	E	E	E	E
-	E	E	E	E	E	L	-	-	-	E	E	E	E	E	E	-	-	-	E	E	E	E	E	E	-	-	-
Objective 0: 3908
Objective 1: 27
Constr violation: -2
Restrictions violated:
0 0 0 0 0 0 0 2 

Individual 14
1	2	3	4	5	6	7	8	9	10	11	12	13	14	15	16	17	18	19	20	21	22	23	24	25	26	27	28
E	E	E	-	-	E	E	E	E	E	-	-	-	-	E	E	E	-	-	-	-	-	-	E	E	E	E	E
-	-	-	-	-	-	-	-	-	-	-	-	-	-	-	-	-	-	E	E	E	E	-	-	-	E	E	E
-	-	E	E	-	-	-	E	E	L	L	L	-	-	-	L	L	L	L	L	-	-	-	E	E	E	E	E
L	L	L	-	-	L	L	L	L	-	-	-	-	-	E	E	E	E	E	-	-	L	L	L	L	L	-	-
-	-	-	-	E	E	E	E	E	-	-	-	-	-	E	E	E	E	E	-	-	-	-	-	-	-	-	-
L	L	L	L	-	-	E	L	L	L	L	-	-	-	-	E	E	E	L	-	-	L	L	-	-	L	L	L
E	L	L	L	-	-	E	L	-	-	E	L	-	-	E	E	E	L	L	-	-	-	-	L	L	L	L	L
E	E	E	-	-	-	-	E	E	L	-	-	L	L	L	L	L	-	-	L	L	L	L	L	-	-	-	-
-	-	-	E	E	E	E	-	-	E	L	L	-	-	L	L	L	L	-	-	E	L	L	L	L	-	-	-
L	L	L	L	L	-	-	L	L	L	L	L	-	-	-	-	-	E	E	E	-	-	-	E	E	L	L	L
E	E	E	E	E	-	-	-	-	-	-	E	E	E	E	E	E	-	-	-	-	E	E	E	E	E	E	-
E	E	E	E	-	-	-	E	E	E	E	E	E	-	-	-	E	E	E	E	E	E	-	-	-	-	-	-
-	-	-	E	L	L	L	-	-	-	E	E	E	E	L	L	-	-	-	E	E	E	E	L	L	-	-	-
-	E	E	E	E	-	-	-	E	E	E	E	E	E	-	-	-	E	E	E	E	E	E	-	-	-	-	-
-	-	-	-	E	E	E	E	L	L	-	-	-	E	E	L	L	L	L	-	-	-	E	E	E	E	E	E
-	E	E	E	E	E	L	-	-	-	E	E	E	E	E	E	-	-	-	E	E	E	E	E	E	-	-	-
Objective 0: 4006
Objective 1: 36
Constr violation: -2
Restrictions violated:
0 0 0 0 0 0 0 2 

Individual 15
1	2	3	4	5	6	7	8	9	10	11	12	13	14	15	16	17	18	19	20	21	22	23	24	25	26	27	28
E	E	E	-	-	E	E	E	E	E	-	-	-	-	E	E	E	-	-	-	-	-	-	E	E	E	E	E
-	-	-	-	-	-	-	-	-	-	-	-	-	-	-	-	-	-	E	E	E	E	-	-	-	E	E	E
L	L	L	-	-	-	-	E	E	L	L	L	-	-	-	-	L	L	L	L	L	-	-	E	E	E	E	E
L	L	L	-	-	L	L	L	L	-	-	-	-	-	E	E	E	E	E	-	-	L	L	L	L	L	-	-
-	-	E	E	E	E	E	-	-	-	-	-	E	E	E	E	E	-	-	-	-	-	-	-	-	-	-	-
L	L	L	L	-	-	E	L	L	L	L	-	-	-	-	E	E	E	L	-	-	L	L	-	-	L	L	L
E	L	L	L	-	-	E	L	-	-	E	L	-	-	E	E	E	L	L	-	-	-	-	L	L	L	L	L
E	E	L	L	L	-	-	E	E	L	-	-	L	L	L	L	L	-	-	L	L	L	L	L	-	-	-	-
-	-	-	E	E	E	E	-	-	E	L	L	-	-	L	L	L	L	-	-	E	L	L	L	L	-	-	-
L	L	L	L	L	-	-	L	L	L	L	L	-	-	-	-	-	E	E	E	-	-	-	E	E	L	L	L
E	E	E	E	E	-	-	-	-	-	-	E	E	E	E	E	E	-	-	-	-	E	E	E	E	E	E	-
E	E	E	E	-	-	-	E	E	E	E	E	E	-	-	-	E	E	E	E	E	E	-	-	-	-	-	-
-	-	-	E	L	L	L	-	-	-	E	E	E	E	L	L	-	-	-	E	E	E	E	L	L	-	-	-
-	E	E	E	E	-	-	-	E	E	E	E	E	E	-	-	-	E	E	E	E	E	E	-	-	-	-	-
-	-	-	-	E	E	E	E	L	L	-	-	-	E	E	L	L	L	L	-	-	-	E	E	E	E	E	E
-	E	E	E	E	E	L	-	-	-	E	E	E	E	E	E	-	-	-	E	E	E	E	E	E	-	-	-
Objective 0: 3605
Objective 1: 33
Constr violation: -2
Restrictions violated:
0 0 0 0 0 0 0 2 

Individual 16
1	2	3	4	5	6	7	8	9	10	11	12	13	14	15	16	17	18	19	20	21	22	23	24	25	26	27	28
E	E	E	-	-	E	E	E	E	E	-	-	-	-	E	E	E	-	-	-	-	-	-	E	E	E	E	E
-	-	-	-	-	-	-	-	-	-	-	-	-	-	-	-	-	-	E	E	E	E	-	-	-	E	E	E
L	L	L	-	-	-	-	E	E	L	L	L	-	-	-	-	L	L	L	L	L	-	-	E	E	E	E	E
L	L	L	-	-	L	L	L	L	-	-	-	-	-	E	E	E	E	E	-	-	L	L	L	L	L	-	-
-	-	-	-	E	E	E	E	E	-	-	-	-	-	E	E	E	E	E	-	-	-	-	-	-	-	-	-
L	L	L	L	-	-	E	L	L	L	L	-	-	-	-	E	E	E	L	-	-	L	L	-	-	L	L	L
E	L	L	L	-	-	E	L	-	-	E	L	-	-	E	E	L	L	L	-	-	-	-	L	L	L	L	L
E	E	L	L	L	-	-	E	E	L	-	-	L	L	L	L	L	-	-	L	L	L	L	L	-	-	-	-
-	-	-	E	E	E	E	-	-	E	L	L	-	-	L	L	L	L	-	-	E	L	L	L	L	-	-	-
L	L	L	L	L	-	-	L	L	L	L	L	-	-	-	-	-	E	E	E	-	-	-	E	E	L	L	L
E	E	E	E	E	-	-	-	-	-	-	E	E	E	E	E	E	-	-	-	-	E	E	E	E	E	E	-
E	E	E	E	-	-	-	E	E	E	E	E	E	-	-	-	E	E	E	E	E	E	-	-	-	-	-	-
-	-	-	E	L	L	L	-	-	-	E	E	E	E	L	L	-	-	-	E	E	E	E	L	L	-	-	-
-	E	E	E	E	-	-	-	E	E	E	E	E	E	-	-	-	E	E	E	E	E	E	-	-	-	-	-
-	-	-	-	E	E	E	E	L	L	-	-	-	E	E	L	L	L	L	-	-	-	E	E	E	E	E	E
-	E	E	E	E	E	L	-	-	-	E	E	E	E	E	E	-	-	-	E	E	E	E	E	E	-	-	-
Objective 0: 3302
Objective 1: 45
Constr violation: -2
Restrictions violated:
0 0 0 0 0 0 0 2 

Individual 17
1	2	3	4	5	6	7	8	9	10	11	12	13	14	15	16	17	18	19	20	21	22	23	24	25	26	27	28
E	E	E	-	-	E	E	E	E	E	-	-	-	-	E	E	E	-	-	-	-	-	-	E	E	E	E	E
-	-	-	-	-	-	-	-	-	-	-	-	-	-	-	-	-	-	E	E	E	E	-	-	-	E	E	E
L	L	L	-	-	-	-	E	E	L	L	L	-	-	-	-	L	L	L	L	L	-	-	E	E	E	E	E
L	L	L	-	-	L	L	L	L	-	-	-	-	-	E	E	E	E	E	-	-	L	L	L	L	L	-	-
-	-	E	E	E	E	E	-	-	-	-	-	E	E	E	E	E	-	-	-	-	-	-	-	-	-	-	-
L	L	L	L	-	-	E	L	L	L	L	-	-	-	-	E	E	E	L	-	-	L	L	-	-	L	L	L
E	L	L	L	-	-	E	L	-	-	E	L	-	-	E	E	E	L	L	-	-	-	-	L	L	L	L	L
E	E	L	L	L	-	-	E	E	L	-	-	L	L	L	L	L	-	-	L	L	L	L	L	-	-	-	-
-	-	-	E	E	E	E	-	-	E	L	L	-	-	L	L	L	L	-	-	E	L	L	L	L	-	-	-
E	E	E	E	E	-	-	E	E	L	L	L	-	-	-	-	-	E	E	E	-	-	E	L	L	L	L	-
E	E	E	E	E	-	-	-	-	-	-	E	E	E	E	E	E	-	-	-	-	E	E	E	E	E	E	-
E	E	E	E	-	-	-	E	E	E	E	E	E	-	-	-	E	E	E	E	E	E	-	-	-	-	-	-
-	-	-	E	L	L	L	-	-	-	E	E	E	E	L	L	-	-	-	E	E	E	E	L	L	-	-	-
-	E	E	E	E	-	-	-	E	E	E	E	E	E	-	-	-	E	E	E	E	E	E	-	-	-	-	-
-	-	-	-	E	E	E	E	L	L	-	-	-	E	E	L	L	L	L	-	-	-	E	E	E	E	E	E
-	E	E	E	E	E	L	-	-	-	E	E	E	E	E	E	-	-	-	E	E	E	E	E	E	-	-	-
Objective 0: 4110
Objective 1: 29
Constr violation: -2
Restrictions violated:
0 0 0 0 0 0 0 2 

Individual 18
1	2	3	4	5	6	7	8	9	10	11	12	13	14	15	16	17	18	19	20	21	22	23	24	25	26	27	28
E	E	E	-	-	E	E	E	E	E	-	-	-	-	E	E	E	-	-	-	-	-	-	E	E	E	E	E
-	-	-	-	-	-	-	-	-	-	-	-	-	-	-	-	-	-	E	E	E	E	-	-	-	E	E	E
L	L	L	-	-	-	-	E	E	L	L	L	-	-	-	-	L	L	L	L	L	-	-	E	E	E	E	E
L	L	L	-	-	L	L	L	L	-	-	-	-	-	E	E	E	E	E	-	-	L	L	L	L	L	-	-
-	-	E	E	E	E	E	-	-	-	-	-	E	E	E	E	E	-	-	-	-	-	-	-	-	-	-	-
L	L	L	L	-	-	E	L	L	L	L	-	-	-	-	E	E	E	L	-	-	L	L	-	-	L	L	L
E	L	L	L	-	-	E	L	-	-	E	L	-	-	E	E	L	L	L	-	-	-	-	L	L	L	L	L
E	E	E	-	-	-	-	E	E	L	-	-	L	L	L	L	L	-	-	L	L	L	L	L	-	-	-	-
-	-	-	E	E	E	E	-	-	E	L	L	-	-	L	L	L	L	-	-	E	L	L	L	L	-	-	-
L	L	L	L	L	-	-	L	L	L	L	L	-	-	-	-	-	E	E	E	-	-	-	E	E	L	L	L
E	E	E	E	E	-	-	-	-	-	-	E	E	E	E	E	E	-	-	-	-	E	E	E	E	E	E	-
E	E	E	E	-	-	-	E	E	E	E	E	E	-	-	-	E	E	E	E	E	E	-	-	-	-	-	-
-	-	-	E	L	L	L	-	-	-	E	E	E	E	L	L	-	-	-	E	E	E	E	L	L	-	-	-
-	E	E	E	E	-	-	-	E	E	E	E	E	E	-	-	-	E	E	E	E	E	E	-	-	-	-	-
-	-	-	-	E	E	E	E	L	L	-	-	-	E	E	L	L	L	L	-	-	-	E	E	E	E	E	E
-	E	E	E	E	E	L	-	-	-	E	E	E	E	E	E	-	-	-	E	E	E	E	E	E	-	-	-
Objective 0: 3805
Objective 1: 27
Constr violation: -2
Restrictions violated:
0 0 0 0 0 0 0 2 

Individual 19
1	2	3	4	5	6	7	8	9	10	11	12	13	14	15	16	17	18	19	20	21	22	23	24	25	26	27	28
E	E	E	-	-	E	E	E	E	E	-	-	-	-	E	E	E	-	-	-	-	-	-	E	E	E	E	E
-	-	-	-	-	-	-	-	-	-	-	-	-	-	-	-	-	-	E	E	E	E	-	-	-	E	E	E
-	-	E	E	-	-	-	E	E	L	L	L	-	-	-	L	L	L	L	L	-	-	-	E	E	E	E	E
L	L	L	-	-	L	L	L	L	-	-	-	-	-	E	E	E	E	E	-	-	L	L	L	L	L	-	-
-	-	-	-	E	E	E	E	E	-	-	-	-	-	E	E	E	E	E	-	-	-	-	-	-	-	-	-
L	L	L	L	-	-	E	L	L	L	L	-	-	-	-	E	E	E	L	-	-	L	L	-	-	L	L	L
E	L	L	L	-	-	E	L	-	-	E	L	-	-	E	E	E	L	L	-	-	-	-	L	L	L	L	L
E	E	E	-	-	-	-	E	E	L	-	-	L	L	L	L	L	-	-	L	L	L	L	L	-	-	-	-
-	-	-	E	E	E	E	-	-	E	L	L	-	-	L	L	L	L	-	-	E	L	L	L	L	-	-	-
L	L	L	L	L	-	-	L	L	L	L	L	-	-	-	-	-	E	E	E	-	-	-	E	E	L	L	L
E	E	E	E	E	-	-	-	-	-	-	E	E	E	E	E	E	-	-	-	-	E	E	E	E	E	E	-
E	E	E	E	-	-	-	E	E	E	E	E	E	-	-	-	E	E	E	E	E	E	-	-	-	-	-	-
-	-	-	E	L	L	L	-	-	-	E	E	E	E	L	L	-	-	-	E	E	E	E	L	L	-	-	-
-	E	E	E	E	-	-	-	E	E	E	E	E	E	-	-	-	E	E	E	E	E	E	-	-	-	-	-
-	-	-	-	E	E	E	E	L	L	-	-	-	E	E	L	L	L	L	-	-	-	E	E	E	E	E	E
-	E	E	E	E	E	L	-	-	-	E	E	E	E	E	E	-	-	-	E	E	E	E	E	E	-	-	-
Objective 0: 4006
Objective 1: 36
Constr violation: -2
Restrictions violated:
0 0 0 0 0 0 0 2 

