Individual 0
1	2	3	4	5	6	7	8	9	10	11	12	13	14	15	16	17	18	19	20	21	22	23	24	25	26	27	28
-	-	E	E	E	-	-	E	E	E	-	-	E	E	E	E	E	-	-	-	-	-	-	E	E	E	E	E
E	E	-	-	-	E	E	E	E	-	-	-	-	-	E	E	E	E	E	-	-	E	E	-	-	E	E	E
E	E	L	L	L	-	-	E	L	L	L	L	-	-	E	L	L	-	-	E	E	-	-	L	L	-	-	-
L	L	L	L	-	-	L	L	-	-	E	L	-	-	E	E	L	-	-	-	E	L	L	L	L	-	-	-
-	-	E	E	E	E	E	-	-	E	E	E	-	-	E	E	E	E	-	-	-	-	-	-	E	E	E	E
E	E	L	-	-	-	E	L	L	L	L	-	-	-	E	E	L	-	-	L	L	L	-	-	E	L	-	-
L	L	L	L	-	-	E	E	-	-	E	L	L	L	-	-	E	E	L	-	-	-	L	L	L	-	-	-
L	L	L	L	-	-	-	E	L	L	-	-	-	-	E	L	-	-	-	L	L	L	L	L	-	-	E	E
-	-	E	E	E	-	-	-	E	E	L	-	-	L	L	L	L	L	-	-	E	L	L	L	L	-	-	-
L	L	L	L	L	-	-	E	E	L	L	-	-	-	-	-	-	L	L	L	L	-	-	E	E	E	E	E
-	E	E	E	E	E	-	-	-	E	E	E	E	-	-	-	E	E	E	-	-	-	E	E	E	E	E	E
E	E	E	-	-	-	-	E	E	E	E	E	E	-	-	-	E	E	E	E	E	E	-	-	-	-	-	E
-	-	-	E	L	L	-	L	-	E	E	E	E	-	-	-	E	L	L	-	-	-	E	E	E	L	L	L
-	E	E	E	E	-	-	-	E	E	E	E	E	E	-	-	-	-	E	E	E	E	E	E	-	-	E	E
E	L	-	-	-	-	E	L	L	L	-	-	-	E	L	L	L	L	L	-	-	-	E	E	E	E	L	L
E	E	E	E	E	-	-	-	-	-	E	E	E	E	E	-	-	-	E	E	E	E	E	-	-	-	E	L
Objective 0: 4319
Objective 1: 45
Constr violation: 0
Restrictions violated:
0 0 0 0 0 0 0 0 

Individual 1
1	2	3	4	5	6	7	8	9	10	11	12	13	14	15	16	17	18	19	20	21	22	23	24	25	26	27	28
E	E	E	E	E	-	-	E	E	E	-	-	E	E	E	E	E	-	-	E	E	E	-	-	-	-	-	-
E	E	-	-	E	E	E	E	E	-	-	-	-	-	E	E	E	E	E	-	-	E	E	-	-	-	E	E
E	E	L	L	L	-	-	E	L	L	L	L	-	-	E	L	L	-	-	E	E	-	-	L	L	-	-	-
L	L	L	L	-	-	L	L	-	-	E	L	-	-	E	E	E	L	L	-	-	-	-	-	L	L	L	L
-	-	E	E	E	E	E	-	-	E	E	E	-	-	E	E	E	E	-	-	-	-	-	-	E	E	E	E
E	E	L	-	-	-	E	L	L	L	L	-	-	-	E	E	L	-	-	L	L	L	-	-	E	L	-	-
-	-	L	L	L	L	L	-	-	-	E	E	-	-	-	E	E	E	E	-	-	E	L	L	-	-	E	L
L	L	L	L	-	-	-	E	L	L	-	-	E	E	E	E	-	-	-	E	E	L	L	L	-	-	-	-
-	-	E	E	E	-	-	-	E	E	L	-	-	L	L	L	L	L	-	-	E	L	L	L	L	-	-	-
L	L	L	L	L	-	-	E	E	L	L	-	-	-	-	-	-	L	L	L	L	-	-	E	E	E	E	E
E	E	-	-	-	-	-	-	E	E	E	E	E	E	-	-	-	E	E	E	-	-	-	E	E	E	E	E
E	E	E	E	E	E	-	-	-	E	E	E	E	E	-	-	-	-	E	E	E	E	E	E	-	-	-	-
-	-	-	E	E	E	L	-	-	-	E	L	-	-	-	E	E	E	L	L	-	-	-	L	L	L	L	L
-	E	E	E	E	-	-	-	E	E	E	E	E	E	-	-	-	-	E	E	E	E	E	E	-	-	E	E
E	L	-	-	-	-	E	L	L	L	-	-	-	E	L	L	L	L	L	-	-	-	E	E	E	E	L	L
L	L	-	-	-	L	L	-	-	-	E	E	E	L	L	L	-	-	-	-	-	-	E	E	L	L	L	L
Objective 0: 3208
Objective 1: 80
Constr violation: 0
Restrictions violated:
0 0 0 0 0 0 0 0 

Individual 2
1	2	3	4	5	6	7	8	9	10	11	12	13	14	15	16	17	18	19	20	21	22	23	24	25	26	27	28
E	E	E	E	E	-	-	E	E	E	-	-	E	E	E	E	E	-	-	E	E	E	-	-	-	-	-	-
E	E	-	-	E	E	E	E	E	-	-	-	-	-	E	E	E	E	E	-	-	E	E	-	-	-	E	E
E	E	L	L	L	-	-	E	L	L	L	L	-	-	E	L	L	-	-	E	E	-	-	L	L	-	-	-
L	L	L	L	-	-	L	L	-	-	E	L	-	-	E	E	E	L	L	-	-	-	-	-	L	L	L	L
-	-	E	E	E	E	E	-	-	E	E	E	-	-	E	E	E	E	-	-	-	-	-	-	E	E	E	E
E	E	L	-	-	-	E	L	L	L	L	-	-	-	E	E	L	-	-	L	L	L	-	-	E	L	-	-
-	-	L	L	L	L	L	-	-	-	E	E	-	-	-	E	E	E	E	-	-	E	L	L	-	-	E	L
L	L	L	L	-	-	-	E	L	L	-	-	-	-	E	L	-	-	-	L	L	L	L	L	-	-	E	E
-	-	E	E	E	-	-	-	E	E	L	-	-	L	L	L	L	L	-	-	E	L	L	L	L	-	-	-
L	L	L	L	L	-	-	E	E	L	L	-	-	-	-	-	-	L	L	L	L	-	-	E	E	E	E	E
E	E	-	-	-	-	-	-	E	E	E	E	E	E	-	-	-	E	E	E	-	-	-	E	E	E	E	E
E	E	E	-	-	-	-	E	E	E	E	E	E	-	-	-	E	E	E	E	E	E	-	-	-	-	-	E
-	-	-	E	E	E	L	-	-	-	-	-	E	L	L	L	L	L	-	-	-	-	E	E	E	L	L	L
-	E	E	E	E	-	-	-	E	E	E	E	E	E	-	-	-	-	E	E	E	E	E	E	-	-	E	E
E	L	-	-	-	-	E	L	L	L	-	-	-	E	L	L	L	L	L	-	-	-	E	E	E	E	L	L
E	E	E	E	E	-	-	-	-	-	E	E	E	E	E	-	-	-	E	E	E	E	E	-	-	-	E	L
Objective 0: 3713
Objective 1: 56
Constr violation: 0
Restrictions violated:
0 0 0 0 0 0 0 0 

Individual 3
1	2	3	4	5	6	7	8	9	10	11	12	13	14	15	16	17	18	19	20	21	22	23	24	25	26	27	28
E	E	E	E	E	-	-	E	E	E	-	-	E	E	E	E	E	-	-	E	E	E	-	-	-	-	-	-
E	E	-	-	E	E	E	E	E	-	-	-	-	-	E	E	E	E	E	-	-	E	E	-	-	-	E	E
E	E	L	L	L	-	-	E	L	L	L	L	-	-	E	L	L	-	-	E	E	-	-	L	L	-	-	-
L	L	L	L	-	-	L	L	-	-	E	L	-	-	E	E	L	-	-	-	-	E	L	-	-	E	L	L
-	-	E	E	E	E	E	-	-	E	E	E	-	-	E	E	E	E	-	-	-	-	-	-	E	E	E	E
E	E	L	-	-	-	E	L	L	L	L	-	-	-	E	E	L	-	-	L	L	L	-	-	E	L	-	-
-	-	L	L	L	L	L	-	-	-	E	E	-	-	-	E	E	E	E	-	-	E	L	L	-	-	E	L
L	L	L	L	-	-	-	E	L	L	-	-	-	-	E	L	-	-	-	L	L	L	L	L	-	-	E	E
-	-	E	E	E	-	-	-	E	E	L	-	-	L	L	L	L	L	-	-	E	L	L	L	L	-	-	-
L	L	L	L	L	-	-	E	E	L	L	-	-	-	-	-	-	L	L	L	L	-	-	E	E	E	E	E
-	E	E	E	E	E	-	-	-	E	E	E	E	-	-	-	E	E	E	-	-	-	E	E	E	E	E	E
E	E	E	-	-	-	-	E	E	E	E	E	E	-	-	-	E	E	E	E	E	E	-	-	-	-	-	E
-	-	-	E	E	E	L	-	-	-	E	L	-	-	-	E	E	E	L	L	-	-	-	L	L	L	L	L
-	E	E	E	E	-	-	-	E	E	E	E	E	E	-	-	-	-	E	E	E	E	E	E	-	-	E	E
E	L	-	-	-	-	E	L	L	L	-	-	-	E	L	L	L	L	L	-	-	-	E	E	E	E	L	L
L	L	-	-	-	L	L	-	-	-	E	E	E	L	L	L	-	-	-	-	-	-	E	E	L	L	L	L
Objective 0: 3510
Objective 1: 67
Constr violation: 0
Restrictions violated:
0 0 0 0 0 0 0 0 

Individual 4
1	2	3	4	5	6	7	8	9	10	11	12	13	14	15	16	17	18	19	20	21	22	23	24	25	26	27	28
E	E	E	E	E	-	-	E	E	E	-	-	E	E	E	E	E	-	-	E	E	E	-	-	-	-	-	-
E	E	-	-	-	E	E	E	E	-	-	-	-	-	E	E	E	E	E	-	-	E	E	-	-	E	E	E
E	E	L	L	L	-	-	E	L	L	L	L	-	-	E	L	L	-	-	E	E	-	-	L	L	-	-	-
L	L	L	L	-	-	L	L	-	-	E	L	-	-	E	E	L	-	-	-	E	L	L	L	L	-	-	-
-	-	E	E	E	E	E	-	-	E	E	E	-	-	E	E	E	E	-	-	-	-	-	-	E	E	E	E
E	E	L	-	-	-	E	L	L	L	L	-	-	-	E	E	L	-	-	L	L	L	-	-	E	L	-	-
L	L	L	L	-	-	E	E	-	-	E	L	L	L	-	-	E	E	L	-	-	-	L	L	L	-	-	-
L	L	L	L	-	-	-	E	L	L	-	-	-	-	E	L	-	-	-	L	L	L	L	L	-	-	E	E
-	-	E	E	E	-	-	-	E	E	L	-	-	L	L	L	L	L	-	-	E	L	L	L	L	-	-	-
L	L	L	L	L	-	-	E	E	L	L	-	-	-	-	-	-	L	L	L	L	-	-	E	E	E	E	E
-	E	E	E	E	E	-	-	-	E	E	E	E	-	-	-	E	E	E	-	-	-	E	E	E	E	E	E
E	E	E	-	-	-	-	E	E	E	E	E	E	-	-	-	E	E	E	E	E	E	-	-	-	-	-	E
-	-	-	E	L	L	-	L	-	E	E	E	E	-	-	-	E	L	L	-	-	-	E	E	E	L	L	L
-	E	E	E	E	-	-	-	E	E	E	E	E	E	-	-	-	-	E	E	E	E	E	E	-	-	E	E
E	L	-	-	-	-	E	L	L	L	-	-	-	E	L	L	L	L	L	-	-	-	E	E	E	E	L	L
E	E	E	E	E	-	-	-	-	-	E	E	E	E	E	-	-	-	E	E	E	E	E	-	-	-	E	L
Objective 0: 4218
Objective 1: 46
Constr violation: 0
Restrictions violated:
0 0 0 0 0 0 0 0 

Individual 5
1	2	3	4	5	6	7	8	9	10	11	12	13	14	15	16	17	18	19	20	21	22	23	24	25	26	27	28
E	E	E	E	E	-	-	E	E	E	-	-	E	E	E	E	E	-	-	E	E	E	-	-	-	-	-	-
E	E	-	-	E	E	E	E	E	-	-	-	-	-	E	E	E	E	E	-	-	E	E	-	-	-	E	E
E	E	L	L	L	-	-	E	L	L	L	L	-	-	E	L	L	-	-	E	E	-	-	L	L	-	-	-
L	L	L	L	-	-	L	L	-	-	E	L	-	-	E	E	L	-	-	-	E	L	L	L	L	-	-	-
-	-	E	E	E	E	E	-	-	E	E	E	-	-	E	E	E	E	-	-	-	-	-	-	E	E	E	E
E	E	L	-	-	-	E	L	L	L	L	-	-	-	E	E	L	-	-	L	L	L	-	-	E	L	-	-
-	-	L	L	L	L	L	-	-	-	E	E	-	-	-	E	E	E	E	-	-	E	L	L	-	-	E	L
L	L	L	L	-	-	-	E	L	L	-	-	-	-	E	L	-	-	-	L	L	L	L	L	-	-	E	E
-	-	E	E	E	-	-	-	E	E	L	-	-	L	L	L	L	L	-	-	E	L	L	L	L	-	-	-
L	L	L	L	L	-	-	E	E	L	L	-	-	-	-	-	-	L	L	L	L	-	-	E	E	E	E	E
-	E	E	E	E	E	-	-	-	E	E	E	E	-	-	-	E	E	E	-	-	-	E	E	E	E	E	E
E	E	E	-	-	-	-	E	E	E	E	E	E	-	-	-	E	E	E	E	E	E	-	-	-	-	-	E
-	-	-	E	E	E	L	-	-	-	-	-	E	L	L	L	L	L	-	-	-	-	E	E	E	L	L	L
-	E	E	E	E	-	-	-	E	E	E	E	E	E	-	-	-	-	E	E	E	E	E	E	-	-	E	E
E	L	-	-	-	-	E	L	L	L	-	-	-	E	L	L	L	L	L	-	-	-	E	E	E	E	L	L
L	L	-	-	-	L	L	-	-	-	E	E	E	L	L	L	-	-	-	-	-	-	E	E	L	L	L	L
Objective 0: 3611
Objective 1: 63
Constr violation: 0
Restrictions violated:
0 0 0 0 0 0 0 0 

Individual 6
1	2	3	4	5	6	7	8	9	10	11	12	13	14	15	16	17	18	19	20	21	22	23	24	25	26	27	28
E	E	E	E	E	-	-	E	E	E	-	-	E	E	E	E	E	-	-	E	E	E	-	-	-	-	-	-
E	E	-	-	E	E	E	E	E	-	-	-	-	-	E	E	E	E	E	-	-	E	E	-	-	-	E	E
E	E	L	L	L	-	-	E	L	L	L	L	-	-	E	L	L	-	-	E	E	-	-	L	L	-	-	-
L	L	L	L	-	-	L	L	-	-	E	L	-	-	E	E	E	L	L	-	-	-	-	-	L	L	L	L
-	-	E	E	E	E	E	-	-	E	E	E	-	-	E	E	E	E	-	-	-	-	-	-	E	E	E	E
E	E	L	-	-	-	E	L	L	L	L	-	-	-	E	E	L	-	-	L	L	L	-	-	E	L	-	-
-	-	L	L	L	L	L	-	-	-	E	E	-	-	-	E	E	E	E	-	-	E	L	L	-	-	E	L
L	L	L	L	-	-	-	E	L	L	-	-	-	-	E	L	-	-	-	L	L	L	L	L	-	-	E	E
-	-	E	E	E	-	-	-	E	E	L	-	-	L	L	L	L	L	-	-	E	L	L	L	L	-	-	-
L	L	L	L	L	-	-	E	E	L	L	-	-	-	-	-	-	L	L	L	L	-	-	E	E	E	E	E
E	E	-	-	-	-	-	-	E	E	E	E	E	E	-	-	-	E	E	E	-	-	-	E	E	E	E	E
E	E	E	E	E	E	-	-	-	E	E	E	E	E	-	-	-	-	E	E	E	E	E	E	-	-	-	-
-	-	-	E	E	E	L	-	-	-	E	L	-	-	-	E	E	E	L	L	-	-	-	L	L	L	L	L
-	E	E	E	E	-	-	-	E	E	E	E	E	E	-	-	-	-	E	E	E	E	E	E	-	-	E	E
E	L	-	-	-	-	E	L	L	L	-	-	-	E	L	L	L	L	L	-	-	-	E	E	E	E	L	L
L	L	-	-	-	L	L	-	-	-	E	E	E	L	L	L	-	-	-	-	-	-	E	E	L	L	L	L
Objective 0: 3309
Objective 1: 74
Constr violation: 0
Restrictions violated:
0 0 0 0 0 0 0 0 

Individual 7
1	2	3	4	5	6	7	8	9	10	11	12	13	14	15	16	17	18	19	20	21	22	23	24	25	26	27	28
-	-	E	E	E	-	-	E	E	E	-	-	E	E	E	E	E	-	-	-	-	-	-	E	E	E	E	E
E	E	-	-	-	E	E	E	E	-	-	-	-	-	E	E	E	E	E	-	-	E	E	-	-	E	E	E
E	E	L	L	L	-	-	E	L	L	L	L	-	-	E	L	L	-	-	E	E	-	-	L	L	-	-	-
L	L	L	L	-	-	L	L	-	-	E	L	-	-	E	E	E	L	L	-	-	-	-	-	L	L	L	L
-	-	E	E	E	E	E	-	-	E	E	E	-	-	E	E	E	E	-	-	-	-	-	-	E	E	E	E
E	E	L	-	-	-	E	L	L	L	L	-	-	-	E	E	L	-	-	L	L	L	-	-	E	L	-	-
-	-	L	L	L	L	L	-	-	-	E	E	-	-	-	E	E	E	E	-	-	E	L	L	-	-	E	L
L	L	L	L	-	-	-	E	L	L	-	-	-	-	E	L	-	-	-	L	L	L	L	L	-	-	E	E
-	-	E	E	E	-	-	-	E	E	L	-	-	L	L	L	L	L	-	-	E	L	L	L	L	-	-	-
L	L	L	L	L	-	-	E	E	L	L	-	-	-	-	-	-	L	L	L	L	-	-	E	E	E	E	E
-	E	E	E	E	E	-	-	-	E	E	E	E	-	-	-	E	E	E	-	-	-	E	E	E	E	E	E
E	E	E	-	-	-	-	E	E	E	E	E	E	-	-	-	E	E	E	E	E	E	-	-	-	-	-	E
-	-	-	E	E	E	L	-	-	-	-	E	E	E	E	E	L	-	-	-	-	-	L	L	L	L	L	L
-	E	E	E	E	-	-	-	E	E	E	E	E	E	-	-	-	-	E	E	E	E	E	E	-	-	E	E
E	L	-	-	-	-	E	L	L	L	-	-	-	E	L	L	L	L	L	-	-	-	E	E	E	E	L	L
E	E	E	E	E	-	-	-	-	-	E	E	E	E	E	-	-	-	E	E	E	E	E	-	-	-	E	L
Objective 0: 3916
Objective 1: 50
Constr violation: 0
Restrictions violated:
0 0 0 0 0 0 0 0 

Individual 8
1	2	3	4	5	6	7	8	9	10	11	12	13	14	15	16	17	18	19	20	21	22	23	24	25	26	27	28
E	E	E	E	E	-	-	E	E	E	-	-	E	E	E	E	E	-	-	E	E	E	-	-	-	-	-	-
E	E	-	-	E	E	E	E	E	-	-	-	-	-	E	E	E	E	E	-	-	E	E	-	-	-	E	E
E	E	L	L	L	-	-	E	L	L	L	L	-	-	E	L	L	-	-	E	E	-	-	L	L	-	-	-
L	L	L	L	-	-	L	L	-	-	E	L	-	-	E	E	E	L	L	-	-	-	-	-	L	L	L	L
-	-	E	E	E	E	E	-	-	E	E	E	-	-	E	E	E	E	-	-	-	-	-	-	E	E	E	E
E	E	L	-	-	-	E	L	L	L	L	-	-	-	E	E	L	-	-	L	L	L	-	-	E	L	-	-
-	-	L	L	L	L	L	-	-	-	E	E	-	-	-	E	E	E	E	-	-	E	L	L	-	-	E	L
L	L	L	L	-	-	-	E	L	L	-	-	-	-	E	L	-	-	-	L	L	L	L	L	-	-	E	E
-	-	E	E	E	-	-	-	E	E	L	-	-	L	L	L	L	L	-	-	E	L	L	L	L	-	-	-
L	L	L	L	L	-	-	E	E	L	L	-	-	-	-	-	-	L	L	L	L	-	-	E	E	E	E	E
E	E	-	-	-	-	-	-	E	E	E	E	E	E	-	-	-	E	E	E	-	-	-	E	E	E	E	E
E	E	E	E	E	E	-	-	-	E	E	E	E	E	-	-	-	-	E	E	E	E	E	E	-	-	-	-
-	-	-	E	E	E	L	-	-	-	-	E	E	E	E	E	L	-	-	-	-	-	L	L	L	L	L	L
-	E	E	E	E	-	-	-	E	E	E	E	E	E	-	-	-	-	E	E	E	E	E	E	-	-	E	E
E	L	-	-	-	-	E	L	L	L	-	-	-	E	L	L	L	L	L	-	-	-	E	E	E	E	L	L
L	L	-	-	-	L	L	-	-	-	E	E	E	L	L	L	-	-	-	-	-	-	E	E	L	L	L	L
Objective 0: 3410
Objective 1: 72
Constr violation: 0
Restrictions violated:
0 0 0 0 0 0 0 0 

Individual 9
1	2	3	4	5	6	7	8	9	10	11	12	13	14	15	16	17	18	19	20	21	22	23	24	25	26	27	28
E	E	E	E	E	-	-	E	E	E	-	-	E	E	E	E	E	-	-	E	E	E	-	-	-	-	-	-
E	E	-	-	-	E	E	E	E	-	-	-	-	-	E	E	E	E	E	-	-	E	E	-	-	E	E	E
E	E	L	L	L	-	-	E	L	L	L	L	-	-	E	L	L	-	-	E	E	-	-	L	L	-	-	-
L	L	L	L	-	-	L	L	-	-	E	L	-	-	E	E	E	L	L	-	-	-	-	-	L	L	L	L
-	-	E	E	E	E	E	-	-	E	E	E	-	-	E	E	E	E	-	-	-	-	-	-	E	E	E	E
E	E	L	-	-	-	E	L	L	L	L	-	-	-	E	E	L	-	-	L	L	L	-	-	E	L	-	-
-	-	L	L	L	L	L	-	-	-	E	E	-	-	-	E	E	E	E	-	-	E	L	L	-	-	E	L
L	L	L	L	-	-	-	E	L	L	-	-	-	-	E	L	-	-	-	L	L	L	L	L	-	-	E	E
-	-	E	E	E	-	-	-	E	E	L	-	-	L	L	L	L	L	-	-	E	L	L	L	L	-	-	-
L	L	L	L	L	-	-	E	E	L	L	-	-	-	-	-	-	L	L	L	L	-	-	E	E	E	E	E
-	E	E	E	E	E	-	-	-	E	E	E	E	-	-	-	E	E	E	-	-	-	E	E	E	E	E	E
E	E	E	-	-	-	-	E	E	E	E	E	E	-	-	-	E	E	E	E	E	E	-	-	-	-	-	E
-	-	-	E	E	E	L	-	-	-	-	E	E	E	E	E	L	-	-	-	-	-	L	L	L	L	L	L
-	E	E	E	E	-	-	-	E	E	E	E	E	E	-	-	-	-	E	E	E	E	E	E	-	-	E	E
E	L	-	-	-	-	E	L	L	L	-	-	-	E	L	L	L	L	L	-	-	-	E	E	E	E	L	L
E	E	E	E	E	-	-	-	-	-	E	E	E	E	E	-	-	-	E	E	E	E	E	-	-	-	E	L
Objective 0: 3815
Objective 1: 51
Constr violation: 0
Restrictions violated:
0 0 0 0 0 0 0 0 

Individual 10
1	2	3	4	5	6	7	8	9	10	11	12	13	14	15	16	17	18	19	20	21	22	23	24	25	26	27	28
E	E	E	E	E	-	-	E	E	E	-	-	E	E	E	E	E	-	-	E	E	E	-	-	-	-	-	-
E	E	-	-	E	E	E	E	E	-	-	-	-	-	E	E	E	E	E	-	-	E	E	-	-	-	E	E
E	E	L	L	L	-	-	E	L	L	L	L	-	-	E	L	L	-	-	E	E	-	-	L	L	-	-	-
L	L	L	L	-	-	L	L	-	-	E	L	-	-	E	E	E	L	L	-	-	-	-	-	L	L	L	L
-	-	E	E	E	E	E	-	-	E	E	E	-	-	E	E	E	E	-	-	-	-	-	-	E	E	E	E
E	E	L	-	-	-	E	L	L	L	L	-	-	-	E	E	L	-	-	L	L	L	-	-	E	L	-	-
-	-	L	L	L	L	L	-	-	-	E	E	-	-	-	E	E	E	E	-	-	E	L	L	-	-	E	L
L	L	L	L	-	-	-	E	L	L	-	-	-	-	E	L	-	-	-	L	L	L	L	L	-	-	E	E
-	-	E	E	E	-	-	-	E	E	L	-	-	L	L	L	L	L	-	-	E	L	L	L	L	-	-	-
L	L	L	L	L	-	-	E	E	L	L	-	-	-	-	-	-	L	L	L	L	-	-	E	E	E	E	E
-	E	E	E	E	E	-	-	-	E	E	E	E	-	-	-	E	E	E	-	-	-	E	E	E	E	E	E
E	E	E	-	-	-	-	E	E	E	E	E	E	-	-	-	E	E	E	E	E	E	-	-	-	-	-	E
-	-	-	E	E	E	L	-	-	-	-	E	E	E	E	E	L	-	-	-	-	-	L	L	L	L	L	L
-	E	E	E	E	-	-	-	E	E	E	E	E	E	-	-	-	-	E	E	E	E	E	E	-	-	E	E
E	L	-	-	-	-	E	L	L	L	-	-	-	E	L	L	L	L	L	-	-	-	E	E	E	E	L	L
L	L	-	-	-	L	L	-	-	-	E	E	E	L	L	L	-	-	-	-	-	-	E	E	L	L	L	L
Objective 0: 3511
Objective 1: 65
Constr violation: 0
Restrictions violated:
0 0 0 0 0 0 0 0 

Individual 11
1	2	3	4	5	6	7	8	9	10	11	12	13	14	15	16	17	18	19	20	21	22	23	24	25	26	27	28
E	E	E	E	E	-	-	E	E	E	-	-	E	E	E	E	E	-	-	E	E	E	-	-	-	-	-	-
E	E	-	-	-	E	E	E	E	-	-	-	-	-	E	E	E	E	E	-	-	E	E	-	-	E	E	E
E	E	L	L	L	-	-	E	L	L	L	L	-	-	E	L	L	-	-	E	E	-	-	L	L	-	-	-
L	L	L	L	-	-	L	L	-	-	E	L	-	-	E	E	E	L	L	-	-	-	-	-	L	L	L	L
-	-	E	E	E	E	E	-	-	E	E	E	-	-	E	E	E	E	-	-	-	-	-	-	E	E	E	E
E	E	L	-	-	-	E	L	L	L	L	-	-	-	E	E	L	-	-	L	L	L	-	-	E	L	-	-
-	-	L	L	L	L	L	-	-	-	E	E	-	-	-	E	E	E	E	-	-	E	L	L	-	-	E	L
L	L	L	L	-	-	-	E	L	L	-	-	-	-	E	L	-	-	-	L	L	L	L	L	-	-	E	E
-	-	E	E	E	-	-	-	E	E	L	-	-	L	L	L	L	L	-	-	E	L	L	L	L	-	-	-
L	L	L	L	L	-	-	E	E	L	L	-	-	-	-	-	-	L	L	L	L	-	-	E	E	E	E	E
E	E	-	-	-	-	-	-	E	E	E	E	E	E	-	-	-	E	E	E	-	-	-	E	E	E	E	E
E	E	E	-	-	-	-	E	E	E	E	E	E	-	-	-	E	E	E	E	E	E	-	-	-	-	-	E
-	-	-	E	E	E	L	-	-	-	-	E	E	E	E	E	L	-	-	-	-	-	L	L	L	L	L	L
-	E	E	E	E	-	-	-	E	E	E	E	E	E	-	-	-	-	E	E	E	E	E	E	-	-	E	E
E	L	-	-	-	-	E	L	L	L	-	-	-	E	L	L	L	L	L	-	-	-	E	E	E	E	L	L
E	E	E	E	E	-	-	-	-	-	E	E	E	E	E	-	-	-	E	E	E	E	E	-	-	-	E	L
Objective 0: 3814
Objective 1: 54
Constr violation: 0
Restrictions violated:
0 0 0 0 0 0 0 0 

Individual 12
1	2	3	4	5	6	7	8	9	10	11	12	13	14	15	16	17	18	19	20	21	22	23	24	25	26	27	28
-	-	E	E	E	-	-	E	E	E	-	-	E	E	E	E	E	-	-	-	-	-	-	E	E	E	E	E
E	E	-	-	-	E	E	E	E	-	-	-	-	-	E	E	E	E	E	-	-	E	E	-	-	E	E	E
E	E	L	L	L	-	-	E	L	L	L	L	-	-	E	L	L	-	-	E	E	-	-	L	L	-	-	-
L	L	L	L	-	-	L	L	-	-	E	L	-	-	E	E	E	L	L	-	-	-	-	-	L	L	L	L
-	-	E	E	E	E	E	-	-	E	E	E	-	-	E	E	E	E	-	-	-	-	-	-	E	E	E	E
E	E	L	-	-	-	E	L	L	L	L	-	-	-	E	E	L	-	-	L	L	L	-	-	E	L	-	-
-	-	L	L	L	L	L	-	-	-	E	E	-	-	-	E	E	E	E	-	-	E	L	L	-	-	E	L
L	L	L	L	-	-	-	E	L	L	-	-	-	-	E	L	-	-	-	L	L	L	L	L	-	-	E	E
-	-	E	E	E	-	-	-	E	E	L	-	-	L	L	L	L	L	-	-	E	L	L	L	L	-	-	-
L	L	L	L	L	-	-	E	E	L	L	-	-	-	-	-	-	L	L	L	L	-	-	E	E	E	E	E
E	E	-	-	-	-	-	-	E	E	E	E	E	E	-	-	-	E	E	E	-	-	-	E	E	E	E	E
E	E	E	E	E	E	-	-	-	E	E	E	E	E	-	-	-	-	E	E	E	E	E	E	-	-	-	-
-	-	-	E	E	E	L	-	-	-	E	L	-	-	-	E	E	E	L	L	-	-	-	L	L	L	L	L
-	E	E	E	E	-	-	-	E	E	E	E	E	E	-	-	-	-	E	E	E	E	E	E	-	-	E	E
E	L	-	-	-	-	E	L	L	L	-	-	-	E	L	L	L	L	L	-	-	-	E	E	E	E	L	L
E	E	E	E	E	-	-	-	-	-	E	E	E	E	E	-	-	-	E	E	E	E	E	-	-	-	E	L
Objective 0: 3613
Objective 1: 59
Constr violation: 0
Restrictions violated:
0 0 0 0 0 0 0 0 

Individual 13
1	2	3	4	5	6	7	8	9	10	11	12	13	14	15	16	17	18	19	20	21	22	23	24	25	26	27	28
E	E	E	E	E	-	-	E	E	E	-	-	E	E	E	E	E	-	-	E	E	E	-	-	-	-	-	-
E	E	-	-	E	E	E	E	E	-	-	-	-	-	E	E	E	E	E	-	-	E	E	-	-	-	E	E
E	E	L	L	L	-	-	E	L	L	L	L	-	-	E	L	L	-	-	E	E	-	-	L	L	-	-	-
L	L	L	L	-	-	L	L	-	-	E	L	-	-	E	E	E	L	L	-	-	-	-	-	L	L	L	L
-	-	E	E	E	E	E	-	-	E	E	E	-	-	E	E	E	E	-	-	-	-	-	-	E	E	E	E
E	E	L	-	-	-	E	L	L	L	L	-	-	-	E	E	L	-	-	L	L	L	-	-	E	L	-	-
-	-	L	L	L	L	L	-	-	-	E	E	-	-	-	E	E	E	E	-	-	E	L	L	-	-	E	L
L	L	L	L	-	-	-	E	L	L	-	-	-	-	E	L	-	-	-	L	L	L	L	L	-	-	E	E
-	-	E	E	E	-	-	-	E	E	L	-	-	L	L	L	L	L	-	-	E	L	L	L	L	-	-	-
L	L	L	L	L	-	-	E	E	L	L	-	-	-	-	-	-	L	L	L	L	-	-	E	E	E	E	E
E	E	-	-	-	-	-	-	E	E	E	E	E	E	-	-	-	E	E	E	-	-	-	E	E	E	E	E
E	E	E	E	E	E	-	-	-	E	E	E	E	E	-	-	-	-	E	E	E	E	E	E	-	-	-	-
-	-	-	E	E	E	L	-	-	-	E	L	-	-	-	E	E	E	L	L	-	-	-	L	L	L	L	L
-	E	E	E	E	-	-	-	E	E	E	E	E	E	-	-	-	-	E	E	E	E	E	E	-	-	E	E
E	L	-	-	-	-	E	L	L	L	-	-	-	E	L	L	L	L	L	-	-	-	E	E	E	E	L	L
L	L	-	-	-	L	L	-	-	-	E	E	E	L	L	L	-	-	-	-	-	-	E	E	L	L	L	L
Objective 0: 3309
Objective 1: 74
Constr violation: 0
Restrictions violated:
0 0 0 0 0 0 0 0 

Individual 14
1	2	3	4	5	6	7	8	9	10	11	12	13	14	15	16	17	18	19	20	21	22	23	24	25	26	27	28
E	E	E	E	E	-	-	E	E	E	-	-	E	E	E	E	E	-	-	E	E	E	-	-	-	-	-	-
E	E	-	-	E	E	E	E	E	-	-	-	-	-	E	E	E	E	E	-	-	E	E	-	-	-	E	E
E	E	L	L	L	-	-	E	L	L	L	L	-	-	E	L	L	-	-	E	E	-	-	L	L	-	-	-
L	L	L	L	-	-	L	L	-	-	E	L	-	-	E	E	E	L	L	-	-	-	-	-	L	L	L	L
-	-	E	E	E	E	E	-	-	E	E	E	-	-	E	E	E	E	-	-	-	-	-	-	E	E	E	E
E	E	L	-	-	-	E	L	L	L	L	-	-	-	E	E	L	-	-	L	L	L	-	-	E	L	-	-
-	-	L	L	L	L	L	-	-	-	E	E	-	-	-	E	E	E	E	-	-	E	L	L	-	-	E	L
L	L	L	L	-	-	-	E	L	L	-	-	-	-	E	L	-	-	-	L	L	L	L	L	-	-	E	E
-	-	E	E	E	-	-	-	E	E	L	-	-	L	L	L	L	L	-	-	E	L	L	L	L	-	-	-
L	L	L	L	L	-	-	E	E	L	L	-	-	-	-	-	-	L	L	L	L	-	-	E	E	E	E	E
E	E	-	-	-	-	-	-	E	E	E	E	E	E	-	-	-	E	E	E	-	-	-	E	E	E	E	E
E	E	E	E	E	E	-	-	-	E	E	E	E	E	-	-	-	-	E	E	E	E	E	E	-	-	-	-
-	-	-	E	E	E	L	-	-	-	-	E	E	E	E	E	L	-	-	-	-	-	L	L	L	L	L	L
-	E	E	E	E	-	-	-	E	E	E	E	E	E	-	-	-	-	E	E	E	E	E	E	-	-	E	E
E	L	-	-	-	-	E	L	L	L	-	-	-	E	L	L	L	L	L	-	-	-	E	E	E	E	L	L
L	L	-	-	-	L	L	-	-	-	E	E	E	L	L	L	-	-	-	-	-	-	E	E	L	L	L	L
Objective 0: 3410
Objective 1: 72
Constr violation: 0
Restrictions violated:
0 0 0 0 0 0 0 0 

Individual 15
1	2	3	4	5	6	7	8	9	10	11	12	13	14	15	16	17	18	19	20	21	22	23	24	25	26	27	28
-	-	E	E	E	-	-	E	E	E	-	-	E	E	E	E	E	-	-	-	-	-	-	E	E	E	E	E
E	E	-	-	-	E	E	E	E	-	-	-	-	-	E	E	E	E	E	-	-	E	E	-	-	E	E	E
E	E	L	L	L	-	-	E	L	L	L	L	-	-	E	L	L	-	-	E	E	-	-	L	L	-	-	-
L	L	L	L	-	-	L	L	-	-	E	L	-	-	E	E	L	-	-	-	E	L	L	L	L	-	-	-
-	-	E	E	E	E	E	-	-	E	E	E	-	-	E	E	E	E	-	-	-	-	-	-	E	E	E	E
E	E	L	-	-	-	E	L	L	L	L	-	-	-	E	E	L	-	-	L	L	L	-	-	E	L	-	-
-	-	L	L	L	L	L	-	-	-	E	E	-	-	-	E	E	E	E	-	-	E	L	L	-	-	E	L
L	L	L	L	-	-	-	E	L	L	-	-	-	-	E	L	-	-	-	L	L	L	L	L	-	-	E	E
-	-	E	E	E	-	-	-	E	E	L	-	-	L	L	L	L	L	-	-	E	L	L	L	L	-	-	-
L	L	L	L	L	-	-	E	E	L	L	-	-	-	-	-	-	L	L	L	L	-	-	E	E	E	E	E
-	E	E	E	E	E	-	-	-	E	E	E	E	-	-	-	E	E	E	-	-	-	E	E	E	E	E	E
E	E	E	-	-	-	-	E	E	E	E	E	E	-	-	-	E	E	E	E	E	E	-	-	-	-	-	E
-	-	-	E	E	E	L	-	-	-	-	-	E	L	L	L	L	L	-	-	-	-	E	E	E	L	L	L
-	E	E	E	E	-	-	-	E	E	E	E	E	E	-	-	-	-	E	E	E	E	E	E	-	-	E	E
E	L	-	-	-	-	E	L	L	L	-	-	-	E	L	L	L	L	L	-	-	-	E	E	E	E	L	L
E	E	E	E	E	-	-	-	-	-	E	E	E	E	E	-	-	-	E	E	E	E	E	-	-	-	E	L
Objective 0: 4117
Objective 1: 48
Constr violation: 0
Restrictions violated:
0 0 0 0 0 0 0 0 

Individual 16
1	2	3	4	5	6	7	8	9	10	11	12	13	14	15	16	17	18	19	20	21	22	23	24	25	26	27	28
-	-	E	E	E	-	-	E	E	E	-	-	E	E	E	E	E	-	-	-	-	-	-	E	E	E	E	E
E	E	-	-	-	E	E	E	E	-	-	-	-	-	E	E	E	E	E	-	-	E	E	-	-	E	E	E
E	E	L	L	L	-	-	E	L	L	L	L	-	-	E	L	L	-	-	E	E	-	-	L	L	-	-	-
L	L	L	L	-	-	L	L	-	-	E	L	-	-	E	E	L	-	-	-	E	L	L	L	L	-	-	-
-	-	E	E	E	E	E	-	-	E	E	E	-	-	E	E	E	E	-	-	-	-	-	-	E	E	E	E
E	E	L	-	-	-	E	L	L	L	L	-	-	-	E	E	L	-	-	L	L	L	-	-	E	L	-	-
-	-	L	L	L	L	L	-	-	-	E	E	-	-	-	E	E	E	E	-	-	E	L	L	-	-	E	L
L	L	L	L	-	-	-	E	L	L	-	-	-	-	E	L	-	-	-	L	L	L	L	L	-	-	E	E
-	-	E	E	E	-	-	-	E	E	L	-	-	L	L	L	L	L	-	-	E	L	L	L	L	-	-	-
L	L	L	L	L	-	-	E	E	L	L	-	-	-	-	-	-	L	L	L	L	-	-	E	E	E	E	E
-	E	E	E	E	E	-	-	-	E	E	E	E	-	-	-	E	E	E	-	-	-	E	E	E	E	E	E
E	E	E	-	-	-	-	E	E	E	E	E	E	-	-	-	E	E	E	E	E	E	-	-	-	-	-	E
-	-	-	E	E	E	L	-	-	-	-	-	E	L	L	L	L	L	-	-	-	-	E	E	E	L	L	L
-	E	E	E	E	-	-	-	E	E	E	E	E	E	-	-	-	-	E	E	E	E	E	E	-	-	E	E
E	L	-	-	-	-	E	L	L	L	-	-	-	E	L	L	L	L	L	-	-	-	E	E	E	E	L	L
E	E	E	E	E	-	-	-	-	-	E	E	E	E	E	-	-	-	E	E	E	E	E	-	-	-	E	L
Objective 0: 4117
Objective 1: 48
Constr violation: 0
Restrictions violated:
0 0 0 0 0 0 0 0 

Individual 17
1	2	3	4	5	6	7	8	9	10	11	12	13	14	15	16	17	18	19	20	21	22	23	24	25	26	27	28
E	E	E	E	E	-	-	E	E	E	-	-	E	E	E	E	E	-	-	E	E	E	-	-	-	-	-	-
E	E	-	-	-	E	E	E	E	-	-	-	-	-	E	E	E	E	E	-	-	E	E	-	-	E	E	E
E	E	L	L	L	-	-	E	L	L	L	L	-	-	E	L	L	-	-	E	E	-	-	L	L	-	-	-
L	L	L	L	-	-	L	L	-	-	E	L	-	-	E	E	L	-	-	-	E	L	L	L	L	-	-	-
-	-	E	E	E	E	E	-	-	E	E	E	-	-	E	E	E	E	-	-	-	-	-	-	E	E	E	E
E	E	L	-	-	-	E	L	L	L	L	-	-	-	E	E	L	-	-	L	L	L	-	-	E	L	-	-
-	-	L	L	L	L	L	-	-	-	E	E	-	-	-	E	E	E	E	-	-	E	L	L	-	-	E	L
L	L	L	L	-	-	-	E	L	L	-	-	-	-	E	L	-	-	-	L	L	L	L	L	-	-	E	E
-	-	E	E	E	-	-	-	E	E	L	-	-	L	L	L	L	L	-	-	E	L	L	L	L	-	-	-
L	L	L	L	L	-	-	E	E	L	L	-	-	-	-	-	-	L	L	L	L	-	-	E	E	E	E	E
-	E	E	E	E	E	-	-	-	E	E	E	E	-	-	-	E	E	E	-	-	-	E	E	E	E	E	E
E	E	E	-	-	-	-	E	E	E	E	E	E	-	-	-	E	E	E	E	E	E	-	-	-	-	-	E
-	-	-	E	E	E	L	-	-	-	-	-	E	L	L	L	L	L	-	-	-	-	E	E	E	L	L	L
-	E	E	E	E	-	-	-	E	E	E	E	E	E	-	-	-	-	E	E	E	E	E	E	-	-	E	E
E	L	-	-	-	-	E	L	L	L	-	-	-	E	L	L	L	L	L	-	-	-	E	E	E	E	L	L
E	E	E	E	E	-	-	-	-	-	E	E	E	E	E	-	-	-	E	E	E	E	E	-	-	-	E	L
Objective 0: 4016
Objective 1: 49
Constr violation: 0
Restrictions violated:
0 0 0 0 0 0 0 0 

Individual 18
1	2	3	4	5	6	7	8	9	10	11	12	13	14	15	16	17	18	19	20	21	22	23	24	25	26	27	28
E	E	E	E	E	-	-	E	E	E	-	-	E	E	E	E	E	-	-	E	E	E	-	-	-	-	-	-
E	E	-	-	-	E	E	E	E	-	-	-	-	-	E	E	E	E	E	-	-	E	E	-	-	E	E	E
E	E	L	L	L	-	-	E	L	L	L	L	-	-	E	L	L	-	-	E	E	-	-	L	L	-	-	-
L	L	L	L	-	-	L	L	-	-	E	L	-	-	E	E	L	-	-	-	E	L	L	L	L	-	-	-
-	-	E	E	E	E	E	-	-	E	E	E	-	-	E	E	E	E	-	-	-	-	-	-	E	E	E	E
E	E	L	-	-	-	E	L	L	L	L	-	-	-	E	E	L	-	-	L	L	L	-	-	E	L	-	-
-	-	L	L	L	L	L	-	-	-	E	E	-	-	-	E	E	E	E	-	-	E	L	L	-	-	E	L
L	L	L	L	-	-	-	E	L	L	-	-	-	-	E	L	-	-	-	L	L	L	L	L	-	-	E	E
-	-	E	E	E	-	-	-	E	E	L	-	-	L	L	L	L	L	-	-	E	L	L	L	L	-	-	-
L	L	L	L	L	-	-	E	E	L	L	-	-	-	-	-	-	L	L	L	L	-	-	E	E	E	E	E
-	E	E	E	E	E	-	-	-	E	E	E	E	-	-	-	E	E	E	-	-	-	E	E	E	E	E	E
E	E	E	-	-	-	-	E	E	E	E	E	E	-	-	-	E	E	E	E	E	E	-	-	-	-	-	E
-	-	-	E	E	E	L	-	-	-	-	-	E	L	L	L	L	L	-	-	-	-	E	E	E	L	L	L
-	E	E	E	E	-	-	-	E	E	E	E	E	E	-	-	-	-	E	E	E	E	E	E	-	-	E	E
E	L	-	-	-	-	E	L	L	L	-	-	-	E	L	L	L	L	L	-	-	-	E	E	E	E	L	L
E	E	E	E	E	-	-	-	-	-	E	E	E	E	E	-	-	-	E	E	E	E	E	-	-	-	E	L
Objective 0: 4016
Objective 1: 49
Constr violation: 0
Restrictions violated:
0 0 0 0 0 0 0 0 

Individual 19
1	2	3	4	5	6	7	8	9	10	11	12	13	14	15	16	17	18	19	20	21	22	23	24	25	26	27	28
-	-	E	E	E	-	-	E	E	E	-	-	E	E	E	E	E	-	-	-	-	-	-	E	E	E	E	E
E	E	-	-	-	E	E	E	E	-	-	-	-	-	E	E	E	E	E	-	-	E	E	-	-	E	E	E
E	E	L	L	L	-	-	E	L	L	L	L	-	-	E	L	L	-	-	E	E	-	-	L	L	-	-	-
L	L	L	L	-	-	L	L	-	-	E	L	-	-	E	E	E	L	L	-	-	-	-	-	L	L	L	L
-	-	E	E	E	E	E	-	-	E	E	E	-	-	E	E	E	E	-	-	-	-	-	-	E	E	E	E
E	E	L	-	-	-	E	L	L	L	L	-	-	-	E	E	L	-	-	L	L	L	-	-	E	L	-	-
-	-	L	L	L	L	L	-	-	-	E	E	-	-	-	E	E	E	E	-	-	E	L	L	-	-	E	L
L	L	L	L	-	-	-	E	L	L	-	-	-	-	E	L	-	-	-	L	L	L	L	L	-	-	E	E
-	-	E	E	E	-	-	-	E	E	L	-	-	L	L	L	L	L	-	-	E	L	L	L	L	-	-	-
L	L	L	L	L	-	-	E	E	L	L	-	-	-	-	-	-	L	L	L	L	-	-	E	E	E	E	E
E	E	-	-	-	-	-	-	E	E	E	E	E	E	-	-	-	E	E	E	-	-	-	E	E	E	E	E
E	E	E	E	E	E	-	-	-	E	E	E	E	E	-	-	-	-	E	E	E	E	E	E	-	-	-	-
-	-	-	E	E	E	L	-	-	-	E	L	-	-	-	E	E	E	L	L	-	-	-	L	L	L	L	L
-	E	E	E	E	-	-	-	E	E	E	E	E	E	-	-	-	-	E	E	E	E	E	E	-	-	E	E
E	L	-	-	-	-	E	L	L	L	-	-	-	E	L	L	L	L	L	-	-	-	E	E	E	E	L	L
E	E	E	E	E	-	-	-	-	-	E	E	E	E	E	-	-	-	E	E	E	E	E	-	-	-	E	L
Objective 0: 3613
Objective 1: 59
Constr violation: 0
Restrictions violated:
0 0 0 0 0 0 0 0 

