5428 105 
5022 119 
5427 106 
5226 109 
5327 108 
5124 113 
5327 108 
5125 112 
5225 110 
5024 115 
5022 119 
5023 116 
5125 112 
5427 106 
5124 113 
5327 108 
5225 110 
5024 115 
5024 115 
5124 113 
5327 108 
5226 109 
5125 112 
5226 109 
5428 105 
5225 110 
5023 116 
5428 105 
5125 112 
5124 113 
5226 109 
5427 106 
5023 116 
5225 110 
5023 116 
5427 106 
5327 108 
5125 112 
5327 108 
5225 110 
5225 110 
5428 105 
5427 106 
5327 108 
5124 113 
5327 108 
5226 109 
5427 106 
5125 112 
5124 113 
5225 110 
5428 105 
5225 110 
5428 105 
5124 113 
5427 106 
5226 109 
5225 110 
5124 113 
5427 106 
5225 110 
5125 112 
5124 113 
5427 106 
5024 115 
5023 116 
5125 112 
5125 112 
5125 112 
5024 115 
5327 108 
5327 108 
5225 110 
5023 116 
5428 105 
5125 112 
5427 106 
5427 106 
5225 110 
5225 110 
5125 112 
5022 119 
5428 105 
5125 112 
5023 116 
5327 108 
5427 106 
5428 105 
5226 109 
5023 116 
5226 109 
5226 109 
5125 112 
5124 113 
5427 106 
5225 110 
5327 108 
5125 112 
5226 109 
5125 112 
