5835 96 
6543 82 
6442 83 
6139 85 
5937 93 
6037 88 
6139 85 
5835 96 
6037 88 
5937 93 
5835 96 
5937 93 
6139 85 
6037 88 
6139 85 
6442 83 
6442 83 
6543 82 
5937 93 
6037 88 
6442 83 
6543 82 
5937 93 
6139 85 
6543 82 
6139 85 
5937 93 
6037 88 
5937 93 
5937 93 
6139 85 
5937 93 
5835 96 
5937 93 
5937 93 
6139 85 
5835 96 
6139 85 
6139 85 
6037 88 
5835 96 
6139 85 
5937 93 
5835 96 
5835 96 
5937 93 
6139 85 
6139 85 
6442 83 
6139 85 
5937 93 
6037 88 
5835 96 
6442 83 
5937 93 
5937 93 
5937 93 
5937 93 
6037 88 
6442 83 
6139 85 
6442 83 
5937 93 
6442 83 
6139 85 
6139 85 
6139 85 
6139 85 
6139 85 
6139 85 
6543 82 
6139 85 
6139 85 
6543 82 
6139 85 
6442 83 
6543 82 
5937 93 
6139 85 
6139 85 
6037 88 
5937 93 
5937 93 
6139 85 
6139 85 
5937 93 
6139 85 
5937 93 
6543 82 
5937 93 
6139 85 
5937 93 
6139 85 
5937 93 
5937 93 
6442 83 
5937 93 
5835 96 
6139 85 
6442 83 
