2803 39 
3107 31 
2805 34 
3006 33 
2804 35 
2803 39 
3106 32 
3006 33 
3006 33 
2805 34 
3006 33 
2804 35 
3106 32 
3106 32 
2805 34 
3107 31 
2803 39 
3107 31 
2805 34 
2804 35 
3106 32 
2804 35 
3107 31 
2805 34 
2805 34 
3006 33 
3106 32 
3006 33 
2803 39 
2804 35 
2804 35 
2805 34 
3006 33 
2804 35 
2805 34 
2804 35 
2803 39 
2804 35 
2804 35 
3107 31 
2804 35 
3107 31 
3006 33 
2804 35 
2803 39 
3006 33 
2804 35 
2803 39 
3106 32 
3107 31 
2804 35 
3006 33 
2804 35 
2803 39 
2803 39 
2805 34 
2805 34 
2803 39 
3106 32 
3106 32 
3006 33 
3107 31 
3107 31 
2803 39 
2805 34 
2803 39 
3107 31 
2805 34 
2804 35 
2805 34 
3106 32 
2805 34 
3106 32 
3106 32 
2805 34 
2804 35 
3006 33 
2805 34 
3107 31 
2805 34 
2805 34 
3107 31 
3106 32 
2805 34 
2805 34 
2803 39 
2803 39 
2805 34 
2805 34 
2805 34 
3107 31 
2805 34 
3006 33 
2805 34 
2805 34 
2805 34 
3107 31 
3107 31 
2805 34 
3006 33 
