10767 264 
11070 253 
10868 255 
11070 253 
10867 257 
10768 262 
10867 257 
10768 262 
10868 255 
10768 262 
10867 257 
11070 253 
10767 264 
10868 255 
10768 262 
10867 257 
10767 264 
10868 255 
10867 257 
10868 255 
10868 255 
10868 255 
10768 262 
10867 257 
10767 264 
10868 255 
10767 264 
10768 262 
10767 264 
10868 255 
10768 262 
10767 264 
10867 257 
10767 264 
10768 262 
10868 255 
10868 255 
10867 257 
10768 262 
10768 262 
10868 255 
10868 255 
10767 264 
10868 255 
10768 262 
10868 255 
10768 262 
11070 253 
10767 264 
10867 257 
10868 255 
10767 264 
10868 255 
10767 264 
10767 264 
10867 257 
10867 257 
10768 262 
10868 255 
10868 255 
10768 262 
10868 255 
10767 264 
10868 255 
10868 255 
10768 262 
10867 257 
10768 262 
10767 264 
10768 262 
10868 255 
10868 255 
10767 264 
10767 264 
10768 262 
10768 262 
10868 255 
10868 255 
10868 255 
10868 255 
11070 253 
10868 255 
10768 262 
10868 255 
10768 262 
10867 257 
10768 262 
10868 255 
10867 257 
10767 264 
10767 264 
10767 264 
10767 264 
10768 262 
10868 255 
10868 255 
10767 264 
10868 255 
10867 257 
10868 255 
