Individual 0
1	2	3	4	5	6	7	8	9	10	11	12	13	14
E	E	E	E	-	-	-	-	-	E	L	L	L	L
E	E	E	E	L	-	-	-	-	E	E	E	E	E
L	-	-	E	E	E	E	E	-	-	-	E	E	E
-	E	E	E	E	L	-	-	E	E	E	E	L	-
-	-	L	L	-	-	L	L	L	-	-	-	L	L
E	E	E	E	-	-	E	E	E	L	-	-	-	-
-	-	-	L	L	L	L	L	-	-	E	L	L	L
E	E	L	-	E	E	E	E	E	-	-	E	E	-
-	-	-	E	E	E	-	E	L	L	L	L	-	-
L	L	L	L	-	E	E	-	-	L	L	L	-	-
L	-	E	L	L	-	-	-	-	-	-	-	-	-
-	-	-	-	-	-	-	-	L	L	L	L	-	-
-	-	-	-	-	-	L	L	E	L	L	-	-	-
L	-	-	-	-	E	E	E	E	-	-	-	-	-
Objective 0: 1913
Objective 1: 56
Constr violation: -12
Restrictions violated:
0 2 0 4 0 2 4 0 

Individual 1
1	2	3	4	5	6	7	8	9	10	11	12	13	14
L	-	-	-	E	E	L	L	-	E	L	L	-	-
-	-	E	E	E	L	-	-	-	L	L	L	L	L
E	-	E	E	E	E	E	L	L	-	-	L	L	L
E	-	-	E	E	E	E	-	-	E	E	-	-	E
-	L	L	L	L	L	-	L	L	L	L	-	-	-
L	L	-	-	E	L	L	L	L	-	-	E	E	E
E	-	-	E	E	E	E	E	-	E	E	E	L	-
E	L	-	E	E	E	E	-	E	E	E	L	-	-
L	L	L	L	L	-	-	-	E	E	E	L	L	-
-	E	L	L	-	-	E	E	E	E	L	L	-	-
-	-	-	E	L	L	L	L	-	-	-	-	-	-
-	-	-	-	-	E	L	L	L	-	-	-	-	-
-	-	-	-	-	-	-	E	L	L	L	L	-	-
E	E	L	L	-	E	E	E	E	E	E	L	-	-
Objective 0: 2223
Objective 1: 63
Constr violation: -23
Restrictions violated:
0 2 0 5 1 10 5 0 

Individual 2
1	2	3	4	5	6	7	8	9	10	11	12	13	14
E	E	E	-	-	-	-	E	E	E	-	L	L	L
-	-	E	E	E	E	E	-	-	E	E	E	L	-
E	-	L	L	L	L	L	-	E	E	E	E	-	-
-	E	E	E	E	E	-	E	E	E	-	-	-	-
L	L	L	L	L	L	L	-	-	L	L	L	-	-
E	E	E	E	L	-	-	E	E	L	L	-	-	-
L	L	L	L	L	-	-	-	-	-	E	E	E	E
E	L	L	L	-	-	E	L	L	L	L	-	-	-
-	E	E	E	L	L	-	-	E	E	L	L	-	-
L	L	L	L	L	-	-	-	E	E	E	E	E	-
-	-	-	-	L	L	L	L	L	-	-	-	-	-
L	-	-	L	L	L	E	E	-	L	L	L	-	-
-	-	-	-	E	E	E	L	L	-	-	-	-	-
-	-	-	-	-	E	E	L	L	-	E	-	-	-
Objective 0: 1819
Objective 1: 54
Constr violation: -16
Restrictions violated:
0 2 1 4 0 8 1 0 

Individual 3
1	2	3	4	5	6	7	8	9	10	11	12	13	14
L	L	L	L	-	L	E	E	E	L	-	-	-	-
L	L	-	-	-	E	E	L	L	-	-	E	E	L
E	-	-	E	E	-	-	L	E	E	E	E	E	-
-	E	E	E	E	E	-	-	E	E	E	-	-	-
-	-	-	L	L	L	L	L	-	-	L	L	L	L
E	E	-	-	E	E	E	-	-	E	E	E	E	E
L	L	L	L	L	-	-	L	L	L	-	-	L	L
E	E	L	-	-	-	-	E	E	E	E	L	-	-
-	-	E	E	E	E	E	-	E	E	E	-	-	-
E	L	L	-	-	L	L	-	E	E	E	L	-	-
-	-	E	L	L	L	L	-	-	-	-	-	-	-
L	L	L	L	L	-	-	-	-	-	-	-	-	-
-	-	-	-	-	E	E	E	E	E	-	-	-	-
-	-	-	-	-	-	-	-	-	-	L	L	L	L
Objective 0: 2012
Objective 1: 59
Constr violation: -8
Restrictions violated:
0 1 2 1 1 0 3 0 

Individual 4
1	2	3	4	5	6	7	8	9	10	11	12	13	14
E	L	-	-	-	E	L	L	L	L	-	-	E	L
-	-	E	L	L	-	-	-	E	E	E	E	E	-
L	-	E	E	E	E	-	E	E	E	E	L	-	-
E	E	E	E	-	-	E	E	E	E	E	-	-	-
-	-	L	L	L	-	-	L	L	L	L	-	-	L
L	-	-	E	E	L	L	-	-	E	E	E	E	L
L	L	L	L	L	-	-	-	-	E	L	L	L	L
E	E	E	L	-	-	-	-	-	-	E	E	E	E
-	-	-	E	E	L	-	-	E	E	E	E	L	-
E	E	L	L	-	-	-	-	E	E	E	E	L	L
-	-	-	-	-	-	-	E	L	L	L	-	-	-
-	-	-	-	-	-	-	-	-	-	E	L	L	L
-	-	-	-	-	-	-	-	-	-	E	E	E	L
-	-	E	E	L	-	-	-	-	-	-	-	-	E
Objective 0: 2215
Objective 1: 49
Constr violation: -6
Restrictions violated:
0 2 0 1 0 0 3 0 

Individual 5
1	2	3	4	5	6	7	8	9	10	11	12	13	14
E	E	E	L	-	E	E	-	-	-	E	L	L	L
L	-	E	E	L	E	E	L	L	L	-	-	L	L
E	E	E	-	E	E	L	L	-	-	E	L	L	-
-	E	E	E	E	E	-	-	E	E	E	E	E	-
L	-	-	L	L	L	L	-	-	L	L	L	-	-
L	-	-	-	E	E	E	E	L	-	E	L	-	-
E	L	E	L	-	-	E	L	-	-	L	L	-	-
E	L	L	L	-	-	-	-	E	E	E	E	E	-
-	L	L	L	L	L	-	-	E	E	E	E	-	-
-	E	L	L	L	L	-	-	-	E	E	E	E	-
-	L	L	-	-	-	-	E	L	-	-	-	-	-
-	-	-	-	-	-	-	E	L	L	-	-	-	L
-	-	-	-	-	E	E	E	L	-	L	-	-	-
-	-	L	-	L	L	-	-	-	L	-	-	-	-
Objective 0: 1713
Objective 1: 69
Constr violation: -15
Restrictions violated:
0 2 2 2 3 2 4 0 

Individual 6
1	2	3	4	5	6	7	8	9	10	11	12	13	14
E	E	L	L	-	-	-	-	E	E	L	L	L	-
-	E	E	E	E	L	-	-	E	E	E	E	E	-
L	-	-	E	L	-	-	L	L	-	L	L	L	L
E	E	E	L	-	-	-	E	E	E	E	E	L	-
L	-	-	E	L	-	-	-	-	L	L	L	L	L
L	-	-	-	E	L	L	-	E	E	E	E	-	-
E	L	E	E	E	-	-	-	-	E	L	L	L	L
E	E	-	E	L	L	L	-	-	-	E	L	L	L
-	L	L	L	-	-	-	-	-	E	E	E	E	L
L	L	L	L	-	E	E	L	L	-	L	L	-	-
-	-	-	-	-	-	E	L	L	L	-	-	-	-
E	L	L	L	-	-	-	-	L	-	-	-	-	-
-	-	-	E	L	L	L	-	-	-	-	-	-	-
E	E	E	-	-	-	-	-	-	-	-	-	-	E
Objective 0: 2216
Objective 1: 50
Constr violation: -10
Restrictions violated:
0 4 1 3 0 0 2 0 

Individual 7
1	2	3	4	5	6	7	8	9	10	11	12	13	14
-	L	L	L	-	E	E	L	L	-	-	E	E	E
L	L	-	E	E	E	E	L	-	-	E	E	L	-
E	L	-	-	-	L	L	L	L	-	-	E	E	L
E	E	E	-	-	-	-	E	E	E	E	E	-	E
-	L	L	L	L	-	-	-	-	L	L	L	L	L
E	E	E	-	-	E	L	L	L	L	-	-	-	-
-	E	L	L	-	L	L	L	L	L	-	-	-	-
E	L	L	-	-	-	E	E	E	E	L	-	-	-
-	E	L	L	-	-	E	E	E	-	-	E	E	L
L	L	L	L	-	-	-	-	-	E	E	E	L	L
L	-	-	-	L	E	L	-	-	-	-	-	-	L
-	L	-	-	L	L	L	-	-	E	E	L	-	-
E	-	-	-	-	-	-	-	-	E	L	L	-	-
-	-	E	E	L	L	L	-	-	-	-	-	-	-
Objective 0: 1511
Objective 1: 59
Constr violation: -14
Restrictions violated:
0 2 0 2 0 5 5 0 

Individual 8
1	2	3	4	5	6	7	8	9	10	11	12	13	14
L	L	L	-	-	-	-	-	-	E	E	E	E	E
E	E	-	E	L	L	-	-	L	L	L	L	L	-
L	L	L	-	-	E	E	E	E	E	-	-	-	-
-	E	E	E	E	-	-	E	E	E	E	L	-	-
-	E	L	L	L	-	-	-	-	L	L	L	L	L
E	L	-	-	E	E	E	L	-	-	E	L	L	L
-	-	-	E	E	E	E	E	-	-	E	E	L	L
E	E	E	L	-	-	-	E	E	L	L	L	-	-
-	E	E	E	-	E	E	E	E	E	-	-	-	-
E	L	L	L	-	-	E	E	E	E	L	L	-	-
E	-	-	-	-	E	E	L	L	L	E	E	L	L
-	-	E	E	L	L	-	-	-	-	L	-	-	-
-	-	-	L	-	L	L	L	-	-	-	-	-	-
-	-	-	-	-	-	-	-	-	-	E	E	E	L
Objective 0: 2219
Objective 1: 64
Constr violation: -21
Restrictions violated:
0 6 1 2 3 5 4 0 

Individual 9
1	2	3	4	5	6	7	8	9	10	11	12	13	14
E	E	E	L	-	E	L	L	L	-	E	E	-	-
E	E	L	L	L	-	-	-	E	E	E	E	L	-
L	L	L	-	L	L	L	L	L	-	-	-	L	L
-	E	E	E	-	-	E	E	E	E	E	-	E	E
-	-	L	L	L	L	-	-	-	L	L	L	L	L
L	-	-	E	E	-	-	E	E	E	L	-	-	-
E	E	L	L	-	-	-	E	L	L	-	E	E	L
E	E	E	L	-	-	-	E	E	L	L	L	-	-
-	-	-	E	L	L	-	-	L	L	L	L	-	-
-	-	L	L	L	L	L	-	L	L	L	L	L	-
L	L	L	-	-	L	L	-	-	-	-	-	-	-
-	L	-	-	-	-	-	-	-	-	E	L	L	-
-	-	-	E	E	-	-	-	-	E	E	-	-	-
-	-	-	-	-	-	-	-	-	E	L	L	L	L
Objective 0: 2014
Objective 1: 56
Constr violation: -8
Restrictions violated:
0 1 0 2 0 1 4 0 

Individual 10
1	2	3	4	5	6	7	8	9	10	11	12	13	14
E	E	E	-	-	E	E	E	L	L	-	-	-	-
-	E	E	E	E	-	-	E	L	L	-	-	E	L
L	-	-	E	E	E	E	-	E	E	L	L	-	-
-	-	E	E	E	E	E	-	E	E	E	E	L	-
-	E	L	L	L	L	-	-	E	L	L	L	-	-
E	L	-	-	E	E	E	L	L	-	-	-	-	-
E	L	L	-	-	E	E	E	E	E	-	-	-	-
E	E	-	-	E	L	L	L	L	-	-	-	E	L
-	E	E	E	L	-	-	-	-	E	E	E	E	L
-	-	E	E	L	L	L	-	E	E	E	L	L	-
-	-	L	L	L	L	-	-	-	L	-	-	-	-
-	-	-	-	-	E	L	L	L	-	-	-	-	-
-	-	-	L	-	-	-	-	E	E	L	L	-	-
-	-	-	-	-	-	-	-	E	E	E	E	-	-
Objective 0: 2112
Objective 1: 65
Constr violation: -6
Restrictions violated:
0 2 0 2 0 0 2 0 

Individual 11
1	2	3	4	5	6	7	8	9	10	11	12	13	14
-	-	-	E	E	L	L	-	-	E	E	L	L	L
E	L	-	E	L	L	L	L	-	-	-	E	E	L
L	L	-	-	-	-	-	E	E	E	E	E	-	-
E	E	E	E	-	E	E	E	E	E	-	-	-	-
L	L	-	L	L	L	L	L	L	-	-	-	-	-
E	-	-	E	L	L	L	-	E	E	E	-	-	-
L	-	E	E	E	E	E	-	-	E	E	L	-	-
E	E	-	-	-	E	E	L	L	-	-	E	E	L
E	L	L	L	-	-	-	-	E	E	L	L	L	-
L	L	-	E	L	L	L	-	L	L	L	L	-	-
-	-	-	-	-	-	-	-	-	-	L	L	L	L
-	-	E	L	L	L	-	-	-	L	-	-	-	-
-	-	E	E	-	-	-	L	L	L	-	-	-	-
-	-	-	L	L	L	E	E	-	-	-	E	E	E
Objective 0: 1912
Objective 1: 59
Constr violation: -13
Restrictions violated:
0 0 0 5 1 3 4 0 

Individual 12
1	2	3	4	5	6	7	8	9	10	11	12	13	14
E	E	L	L	-	-	-	-	E	L	L	-	E	E
-	-	-	E	E	E	L	-	-	E	L	L	L	L
L	-	E	E	L	-	E	E	E	L	L	-	-	-
E	-	-	E	E	E	E	-	-	-	E	E	E	-
L	-	-	L	L	L	L	L	-	L	L	L	-	-
-	E	L	L	L	-	-	-	E	E	E	E	L	L
-	-	E	L	L	L	L	-	-	-	E	E	E	E
E	E	E	E	-	-	-	E	L	E	L	-	-	L
-	L	L	L	-	-	E	E	L	L	L	-	-	-
-	L	L	L	L	-	-	-	E	E	E	L	L	L
-	-	-	-	-	-	L	L	L	L	-	-	-	-
-	-	-	-	-	E	L	L	L	-	-	-	-	-
L	L	L	L	-	-	-	-	-	-	-	-	-	-
-	-	E	E	E	-	-	E	-	-	-	-	-	-
Objective 0: 1810
Objective 1: 52
Constr violation: -7
Restrictions violated:
0 1 1 3 0 0 2 0 

Individual 13
1	2	3	4	5	6	7	8	9	10	11	12	13	14
E	E	E	E	E	L	-	-	L	L	L	-	-	-
E	-	-	E	E	-	-	E	E	E	E	E	E	-
L	-	-	E	E	E	L	-	-	-	-	E	E	E
E	E	E	E	-	E	E	E	-	-	E	E	E	-
L	-	-	L	L	L	L	L	-	-	-	L	L	L
L	-	-	E	E	-	-	E	E	E	L	L	-	-
-	L	L	L	L	L	-	-	-	E	E	E	L	L
E	E	E	-	-	-	E	E	E	E	E	-	-	-
-	E	E	-	-	L	L	-	E	E	E	-	-	-
E	E	E	L	L	-	-	-	-	-	E	E	E	L
-	-	-	L	L	L	L	L	-	-	-	-	-	-
-	-	L	L	L	L	-	-	-	-	-	L	-	-
-	-	-	-	-	-	L	L	L	L	L	-	-	-
-	-	-	-	L	L	L	-	-	-	-	L	L	-
Objective 0: 2517
Objective 1: 56
Constr violation: -8
Restrictions violated:
0 0 0 3 1 0 4 0 

Individual 14
1	2	3	4	5	6	7	8	9	10	11	12	13	14
E	E	E	E	L	L	-	-	E	L	L	-	-	-
E	-	E	E	L	-	-	-	E	E	E	E	E	-
-	-	E	E	L	L	L	L	-	-	L	L	L	L
-	-	-	-	E	E	E	E	-	E	E	E	E	-
-	-	L	L	L	-	-	-	-	E	L	L	L	L
E	E	E	E	-	E	E	L	L	L	-	-	-	-
L	-	-	E	E	E	L	L	-	-	-	E	E	E
E	E	E	L	-	E	E	E	E	L	-	-	-	-
-	E	E	-	-	E	L	L	L	L	L	-	-	-
L	L	-	E	E	E	E	E	-	-	E	L	-	-
-	-	L	L	L	L	L	-	-	-	-	-	-	-
-	-	-	-	-	E	L	L	-	-	L	-	-	-
-	E	E	-	-	-	-	-	-	-	-	L	L	L
-	-	-	-	-	E	E	E	L	L	-	-	-	-
Objective 0: 2417
Objective 1: 75
Constr violation: -11
Restrictions violated:
0 2 0 5 1 1 2 0 

Individual 15
1	2	3	4	5	6	7	8	9	10	11	12	13	14
E	E	L	L	-	E	E	-	-	-	E	L	L	L
-	E	E	E	E	-	-	L	L	L	L	-	-	E
L	-	-	E	L	-	-	L	L	L	L	L	-	-
E	-	-	E	E	E	E	E	E	-	-	-	-	-
-	L	L	L	L	L	-	-	-	E	L	L	L	L
E	L	-	-	E	E	E	L	L	-	-	-	-	-
E	L	-	-	E	L	L	-	-	-	E	L	-	-
-	E	E	L	-	E	E	L	-	-	E	E	E	L
-	E	E	L	L	-	E	E	L	L	-	-	-	-
L	-	-	E	L	L	L	L	E	L	L	L	-	-
-	-	E	L	L	L	L	-	-	-	-	-	-	-
-	-	-	-	-	-	-	E	L	L	L	-	-	-
-	-	E	E	L	-	-	L	L	L	-	E	E	E
-	-	E	L	L	L	-	-	-	-	-	L	-	-
Objective 0: 2519
Objective 1: 64
Constr violation: -17
Restrictions violated:
0 3 0 2 1 8 3 0 

Individual 16
1	2	3	4	5	6	7	8	9	10	11	12	13	14
E	E	E	L	-	E	L	L	L	L	-	-	-	-
-	L	L	L	L	L	-	-	E	E	E	E	E	-
-	-	-	E	E	L	L	L	-	-	L	L	L	L
-	-	E	E	E	E	-	E	E	E	E	-	-	-
L	-	-	L	L	L	L	L	-	-	L	L	-	-
E	E	E	E	E	-	E	E	E	L	-	-	-	-
-	-	E	E	E	L	-	-	-	E	L	L	L	L
L	L	L	-	-	-	L	L	L	E	L	-	-	-
-	E	E	L	-	-	-	-	-	E	E	E	E	L
E	E	E	L	-	-	-	-	E	E	E	E	E	E
-	-	-	-	L	L	L	L	-	L	-	-	-	-
-	E	E	E	L	-	-	-	-	L	L	L	L	L
-	-	-	E	E	L	L	-	-	-	-	-	-	-
-	E	E	L	L	-	-	-	-	-	-	-	-	-
Objective 0: 2420
Objective 1: 50
Constr violation: -12
Restrictions violated:
0 2 1 2 0 4 3 0 

Individual 17
1	2	3	4	5	6	7	8	9	10	11	12	13	14
L	L	-	E	E	L	L	-	E	L	L	L	-	-
E	-	-	-	E	E	E	E	L	-	-	E	E	E
E	L	L	-	E	E	E	L	-	-	E	L	L	-
-	-	E	E	L	-	-	E	E	E	E	-	E	E
-	L	L	L	-	-	L	L	L	L	L	-	-	-
E	E	E	L	L	-	-	E	E	E	E	-	-	-
E	E	E	L	L	-	E	L	-	-	L	L	-	-
L	L	-	-	E	E	L	-	-	-	E	E	E	L
-	-	E	E	E	E	L	-	-	E	E	E	L	-
-	E	E	E	E	L	-	-	-	E	E	L	-	-
-	L	L	L	L	L	-	-	-	-	-	-	-	-
-	L	L	-	L	L	-	L	-	-	E	L	L	-
-	-	-	-	E	E	E	E	-	-	-	-	-	-
-	E	-	E	L	L	L	-	-	-	-	-	-	-
Objective 0: 2219
Objective 1: 62
Constr violation: -13
Restrictions violated:
0 2 0 2 0 4 5 0 

Individual 18
1	2	3	4	5	6	7	8	9	10	11	12	13	14
L	-	-	-	E	E	L	L	L	-	-	E	L	L
-	E	E	E	-	E	L	L	L	L	-	-	-	-
E	E	L	L	L	-	-	L	L	L	-	-	E	E
-	-	-	E	E	E	E	E	-	-	E	E	-	-
L	-	L	L	L	-	-	-	L	L	L	-	-	L
L	L	-	-	E	E	E	E	E	E	-	-	-	-
E	L	-	-	E	E	E	L	-	L	L	L	-	-
E	E	L	-	-	-	-	-	E	E	E	E	L	-
-	E	E	E	E	L	-	-	E	E	E	L	-	-
E	E	E	E	L	-	-	-	-	L	L	L	L	L
-	L	-	-	-	-	E	L	L	-	-	-	-	-
-	L	L	L	L	L	-	-	-	-	E	L	L	L
E	-	-	-	-	-	-	-	-	-	E	E	L	-
-	-	-	-	-	-	-	E	E	E	E	-	-	-
Objective 0: 2015
Objective 1: 58
Constr violation: -13
Restrictions violated:
0 2 0 3 1 5 2 0 

Individual 19
1	2	3	4	5	6	7	8	9	10	11	12	13	14
E	E	-	L	L	L	-	-	E	E	L	L	L	-
-	E	L	L	-	E	L	L	L	L	-	-	-	-
E	L	-	-	E	E	E	E	-	-	-	E	E	L
E	E	E	E	-	E	E	E	-	-	E	E	-	-
-	E	L	L	L	-	-	-	L	L	L	L	L	-
L	L	-	-	E	E	E	L	-	-	E	L	L	-
-	-	E	L	L	L	L	-	-	-	-	E	E	E
E	E	L	-	-	E	L	L	L	L	-	-	-	-
-	E	E	E	E	E	-	-	E	E	E	E	-	-
-	-	-	E	E	L	L	L	-	-	E	E	L	L
-	-	-	-	-	-	L	L	-	-	-	-	L	L
-	L	-	L	L	-	-	L	L	L	L	-	L	L
-	-	-	-	-	-	-	-	-	-	L	L	L	L
-	-	-	-	-	-	-	-	E	L	L	L	-	-
Objective 0: 2018
Objective 1: 61
Constr violation: -14
Restrictions violated:
0 0 0 2 0 6 6 0 

Individual 20
1	2	3	4	5	6	7	8	9	10	11	12	13	14
E	E	L	-	-	E	E	E	E	L	-	-	-	E
-	E	E	L	-	-	-	-	-	E	E	E	E	L
L	L	L	L	L	-	-	-	-	-	E	E	E	L
E	E	-	-	-	E	E	-	E	E	E	E	L	-
-	-	L	L	L	-	-	-	L	L	L	L	L	-
L	-	-	E	E	E	E	-	-	E	L	L	L	L
E	E	E	E	L	-	-	L	L	-	-	-	E	E
E	E	E	-	-	-	-	-	E	E	E	L	-	-
-	-	-	E	E	E	E	E	-	-	-	-	E	E
-	-	-	E	E	E	E	E	L	-	L	L	L	L
-	-	-	-	E	L	L	L	L	-	-	-	-	-
-	-	-	-	-	-	L	L	L	-	L	-	-	-
-	-	-	-	L	-	-	E	E	E	E	-	-	-
-	-	L	-	-	-	-	L	L	-	L	-	-	-
Objective 0: 2211
Objective 1: 66
Constr violation: -7
Restrictions violated:
0 1 0 2 0 0 4 0 

Individual 21
1	2	3	4	5	6	7	8	9	10	11	12	13	14
E	E	L	-	-	-	-	-	L	L	L	L	L	-
E	L	-	-	E	E	E	E	E	-	-	-	E	L
E	L	-	E	L	L	-	-	E	E	L	-	-	-
E	E	E	E	-	-	-	E	E	E	-	-	E	E
L	-	-	-	L	L	L	L	L	L	-	-	-	-
-	L	L	L	L	-	-	E	E	-	E	E	L	L
-	E	E	E	E	E	-	-	-	E	E	E	L	L
L	-	-	-	L	L	L	-	-	E	E	E	E	L
-	-	L	L	-	-	-	-	E	E	-	L	L	L
L	L	E	E	-	-	-	-	E	E	E	E	E	E
-	-	-	-	E	L	L	L	L	-	-	-	-	-
-	-	-	L	-	-	-	-	-	-	L	L	L	-
-	E	-	-	-	-	-	-	-	-	E	L	L	-
-	-	-	-	-	-	-	-	-	E	E	E	L	-
Objective 0: 2313
Objective 1: 48
Constr violation: -9
Restrictions violated:
0 1 1 3 1 0 3 0 

Individual 22
1	2	3	4	5	6	7	8	9	10	11	12	13	14
E	L	L	-	-	-	E	E	E	L	L	-	-	-
E	E	E	E	L	L	-	-	L	L	L	-	-	-
L	-	L	L	L	L	L	-	-	-	-	E	E	L
E	E	E	E	E	-	-	-	E	E	E	E	-	-
-	E	L	L	L	L	-	-	L	L	L	L	-	-
E	E	E	L	L	-	-	-	-	E	E	E	E	E
E	E	E	E	E	-	-	-	-	L	L	L	L	L
L	L	-	-	E	L	-	E	E	E	E	E	-	-
-	L	L	-	-	E	L	-	-	E	E	E	E	L
L	L	L	L	-	-	E	L	L	-	-	E	E	E
-	-	-	-	-	E	L	L	L	L	-	-	-	-
-	E	L	L	L	L	-	-	-	-	-	-	-	-
-	-	-	-	-	-	-	L	L	L	L	L	-	-
-	L	L	L	L	-	-	-	-	L	L	L	L	L
Objective 0: 2019
Objective 1: 64
Constr violation: -11
Restrictions violated:
0 1 0 2 0 5 3 0 

Individual 23
1	2	3	4	5	6	7	8	9	10	11	12	13	14
L	-	-	-	E	E	E	L	L	-	-	E	E	E
-	E	L	L	-	-	-	-	-	E	L	L	L	L
E	E	-	-	L	L	-	-	E	E	L	L	-	-
E	E	E	E	E	E	-	-	E	E	E	-	-	-
-	-	L	L	L	L	L	-	-	-	L	L	L	L
E	E	-	-	L	L	L	L	L	-	E	L	-	-
L	L	L	L	-	-	E	E	L	-	-	-	-	-
-	E	L	L	-	-	-	E	L	L	-	E	E	E
-	-	E	E	L	L	L	-	-	-	E	E	E	E
E	L	L	L	L	-	-	-	E	E	L	L	L	-
-	-	E	-	-	E	L	-	-	-	L	L	-	-
L	-	-	-	-	E	L	L	L	-	L	L	-	-
L	L	L	L	-	-	-	-	-	-	-	-	-	-
-	-	-	E	E	E	L	L	-	-	-	-	-	-
Objective 0: 1813
Objective 1: 52
Constr violation: -14
Restrictions violated:
0 2 0 2 1 6 3 0 

Individual 24
1	2	3	4	5	6	7	8	9	10	11	12	13	14
E	E	L	L	-	E	E	E	E	E	-	-	-	E
-	L	L	L	L	-	-	E	E	E	E	L	-	-
E	E	E	-	-	E	E	E	-	-	E	E	E	E
-	E	E	E	E	-	-	E	E	E	E	E	-	-
-	L	L	L	L	-	-	-	E	L	L	L	L	-
-	E	E	-	-	L	L	L	L	L	-	-	-	-
L	-	-	E	E	E	E	L	-	E	L	L	L	-
E	E	E	-	E	L	L	L	L	-	-	-	-	-
-	E	E	E	L	L	-	-	-	E	E	L	-	-
L	L	L	L	-	E	E	E	-	-	E	L	-	-
-	L	-	-	-	E	L	L	L	-	-	-	-	-
-	-	-	-	-	-	-	-	-	L	L	L	L	-
E	E	E	-	-	-	-	-	-	-	L	-	-	-
-	-	-	-	-	L	-	L	L	L	-	-	-	-
Objective 0: 2315
Objective 1: 61
Constr violation: -6
Restrictions violated:
0 1 0 2 0 0 3 0 

Individual 25
1	2	3	4	5	6	7	8	9	10	11	12	13	14
-	L	L	-	-	E	E	L	-	-	E	E	L	L
L	L	L	L	L	-	-	E	E	L	L	L	-	-
L	L	L	-	-	E	E	E	E	L	-	-	E	E
E	E	E	E	L	-	-	-	E	E	E	-	E	E
L	L	L	L	L	-	-	-	L	L	L	L	L	-
E	-	-	E	L	L	-	-	L	L	L	L	-	-
-	-	L	L	L	L	L	L	-	E	E	E	-	-
E	E	E	E	-	-	-	-	L	L	L	L	L	-
-	E	E	E	E	E	-	L	L	L	-	-	-	-
-	E	E	E	L	L	L	L	L	-	L	L	L	L
-	-	-	-	-	-	-	-	-	L	-	L	L	L
-	L	L	-	-	-	-	-	-	-	-	L	L	L
-	-	-	-	-	E	-	-	E	E	E	L	-	-
-	-	-	-	-	-	-	-	E	E	L	L	-	-
Objective 0: 2420
Objective 1: 50
Constr violation: -12
Restrictions violated:
0 1 0 3 3 2 3 0 

Individual 26
1	2	3	4	5	6	7	8	9	10	11	12	13	14
E	E	L	L	-	-	-	-	-	E	E	E	E	L
-	E	L	L	-	E	E	E	L	L	-	-	-	-
L	L	L	L	L	-	-	E	E	E	E	E	-	-
-	E	E	L	-	-	E	E	E	E	E	-	-	-
L	L	L	L	L	L	-	-	L	L	L	-	-	-
-	L	L	L	L	-	-	-	E	E	E	E	L	-
E	E	E	L	-	E	L	L	L	-	-	-	-	-
E	L	-	-	E	E	L	L	-	-	L	L	L	-
-	-	-	E	E	E	E	L	-	-	E	L	L	L
E	E	E	L	L	-	-	-	E	L	L	L	L	-
-	L	-	-	L	L	L	L	-	-	-	-	-	-
-	L	L	-	-	L	L	L	-	-	-	-	-	-
-	-	-	-	-	-	E	E	E	E	L	-	-	-
-	-	-	E	E	L	-	-	-	E	-	-	-	-
Objective 0: 2416
Objective 1: 65
Constr violation: -7
Restrictions violated:
0 1 0 4 0 0 2 0 

Individual 27
1	2	3	4	5	6	7	8	9	10	11	12	13	14
E	L	L	L	-	E	L	L	-	-	E	E	-	-
-	L	L	L	L	L	-	E	L	L	L	-	-	-
E	-	E	E	E	E	E	-	E	E	L	-	-	-
-	-	E	E	E	E	-	-	E	E	E	E	E	-
L	L	-	-	L	L	L	L	-	-	L	L	L	L
-	E	E	L	L	-	-	E	L	L	L	L	-	-
L	-	-	L	L	L	L	L	-	E	E	E	E	-
E	L	L	-	-	-	L	L	L	L	L	-	-	-
-	E	L	L	L	-	-	E	L	-	-	-	E	L
-	E	E	E	E	-	-	-	-	E	E	E	E	E
L	-	-	L	L	L	L	-	-	-	-	-	-	-
-	E	E	L	L	-	-	-	-	-	-	-	-	L
-	-	-	-	-	-	-	E	L	L	-	E	L	-
-	-	-	-	-	-	-	-	-	-	L	L	L	L
Objective 0: 2214
Objective 1: 54
Constr violation: -5
Restrictions violated:
0 1 0 2 0 0 2 0 

Individual 28
1	2	3	4	5	6	7	8	9	10	11	12	13	14
E	E	L	L	-	L	L	E	L	L	-	-	-	-
-	L	L	L	-	-	-	E	E	E	-	-	E	L
L	-	-	E	E	E	L	-	-	L	L	L	L	-
E	-	-	E	E	E	E	-	-	E	E	E	E	-
-	E	L	L	L	L	-	-	L	L	L	L	-	-
E	L	L	-	L	L	L	L	L	-	-	-	-	-
L	E	E	L	-	-	L	L	L	L	-	-	-	-
E	E	L	L	-	-	E	E	E	E	E	L	-	-
-	-	-	E	E	E	E	L	-	E	E	-	-	-
L	-	-	-	E	E	E	E	E	-	E	E	E	E
-	-	-	-	L	-	L	L	-	-	L	-	-	-
-	-	-	E	L	L	-	-	-	-	L	-	-	-
L	-	E	-	-	-	-	E	L	L	E	E	E	L
-	-	E	E	E	E	L	-	-	-	-	-	-	-
Objective 0: 1709
Objective 1: 60
Constr violation: -13
Restrictions violated:
0 1 3 2 1 4 2 0 

Individual 29
1	2	3	4	5	6	7	8	9	10	11	12	13	14
E	-	-	-	E	E	L	L	L	-	-	E	E	E
E	E	E	L	-	-	E	E	E	L	L	-	-	-
L	L	L	-	E	E	E	E	E	-	-	-	-	-
-	E	E	E	E	E	-	-	E	E	E	E	-	-
-	-	L	L	L	L	L	-	-	L	L	-	-	-
E	E	E	E	-	-	-	-	E	E	E	L	L	-
L	-	-	-	E	E	E	L	-	-	E	E	L	L
-	E	L	-	-	-	-	-	E	E	E	E	E	-
-	-	E	E	E	L	-	-	E	E	L	-	-	E
E	E	E	L	L	-	E	E	L	-	E	L	-	-
E	E	E	E	-	-	-	-	-	-	L	L	L	L
-	-	-	-	E	L	L	-	L	-	-	-	-	-
-	-	-	-	-	E	E	-	L	L	L	-	-	-
-	-	-	E	-	-	-	-	-	-	-	E	E	L
Objective 0: 2216
Objective 1: 74
Constr violation: -14
Restrictions violated:
0 5 0 2 0 4 3 0 

Individual 30
1	2	3	4	5	6	7	8	9	10	11	12	13	14
-	-	-	-	E	E	L	L	L	-	-	E	E	E
-	L	L	L	L	L	-	E	L	L	-	-	-	-
L	-	E	E	L	L	-	-	E	E	E	L	-	-
E	E	E	E	-	-	-	E	E	E	E	E	L	-
-	-	L	L	L	L	L	-	-	E	L	L	-	-
-	-	E	E	E	E	-	L	L	L	L	L	E	E
L	L	-	-	-	E	L	L	-	-	E	E	E	L
E	E	L	E	E	L	L	L	-	-	E	E	-	-
-	L	L	L	L	L	-	L	L	L	-	-	-	-
E	E	E	E	E	-	-	-	E	E	E	E	L	-
L	-	L	L	-	-	L	-	-	-	-	-	-	-
E	L	L	L	-	L	-	-	-	-	-	-	-	-
L	L	L	-	-	-	-	-	-	-	L	-	-	-
-	-	-	-	E	E	E	E	-	-	-	-	-	E
Objective 0: 1912
Objective 1: 67
Constr violation: -14
Restrictions violated:
0 2 1 4 1 2 4 0 

Individual 31
1	2	3	4	5	6	7	8	9	10	11	12	13	14
E	E	L	-	-	-	-	E	L	L	L	L	-	-
E	E	E	L	L	L	-	-	E	E	E	L	-	-
-	-	-	E	E	E	L	L	-	-	E	E	E	L
-	-	-	-	E	E	E	E	E	-	E	E	E	-
-	L	L	L	L	-	-	-	-	E	L	L	L	L
-	E	E	E	L	-	-	E	L	L	L	L	-	-
E	L	L	-	-	E	E	E	L	-	-	-	L	L
E	E	E	E	-	-	-	-	E	E	L	L	L	-
-	E	L	L	-	-	-	E	L	L	L	-	-	E
-	E	L	L	L	L	-	-	-	E	L	L	L	-
-	-	L	-	E	E	L	L	-	-	-	-	-	-
-	L	L	L	-	-	-	-	L	L	-	-	-	-
-	-	-	-	E	L	L	L	-	-	-	-	L	L
-	E	E	L	-	-	-	-	E	-	-	-	-	-
Objective 0: 2418
Objective 1: 52
Constr violation: -10
Restrictions violated:
0 2 0 2 0 2 4 0 

Individual 32
1	2	3	4	5	6	7	8	9	10	11	12	13	14
E	L	L	L	-	E	E	E	-	E	E	E	-	-
-	L	L	L	-	E	E	E	L	L	-	-	-	-
L	L	L	-	E	E	L	L	L	-	-	E	L	-
-	-	E	E	E	E	E	-	E	E	E	E	-	-
-	E	L	L	L	L	-	-	-	L	L	L	L	L
E	L	L	-	-	E	E	L	L	L	-	-	-	-
L	-	-	E	E	E	E	L	-	-	L	L	-	-
E	E	L	-	-	-	-	-	E	E	L	L	L	-
-	-	E	E	L	L	L	-	-	-	E	E	E	E
-	-	E	E	L	L	-	-	-	L	L	L	L	L
-	-	-	L	L	L	-	-	-	-	-	-	E	L
-	E	E	L	L	L	-	-	-	-	-	-	-	-
-	E	L	-	E	E	-	-	-	-	-	-	-	-
-	E	E	E	-	-	-	-	L	-	-	-	-	-
Objective 0: 1811
Objective 1: 70
Constr violation: -9
Restrictions violated:
0 2 0 3 0 0 4 0 

Individual 33
1	2	3	4	5	6	7	8	9	10	11	12	13	14
E	L	-	E	E	E	E	-	-	-	E	L	L	L
L	-	-	E	E	E	L	-	-	L	L	L	-	-
E	-	E	E	E	-	-	L	L	-	-	E	L	L
-	E	E	-	-	-	-	E	E	E	E	E	-	-
-	L	L	L	L	L	L	-	-	L	L	L	-	-
L	-	-	E	E	E	E	L	-	-	E	L	L	L
E	L	E	E	E	-	-	E	E	L	-	E	E	-
L	L	L	L	-	-	E	E	L	E	L	-	-	-
-	L	L	L	L	-	-	E	E	E	-	-	E	E
E	E	E	E	E	-	L	L	-	E	L	L	L	L
L	-	-	-	-	-	E	L	L	-	-	-	-	-
-	-	L	L	-	-	-	L	L	L	-	-	-	-
-	-	-	-	-	-	-	L	L	L	E	L	-	-
-	-	-	-	-	L	L	-	E	E	E	-	-	-
Objective 0: 2217
Objective 1: 64
Constr violation: -12
Restrictions violated:
0 1 3 2 0 3 3 0 

Individual 34
1	2	3	4	5	6	7	8	9	10	11	12	13	14
L	L	L	L	-	-	-	E	L	L	-	-	E	L
L	L	-	E	E	E	E	-	E	E	E	-	-	-
L	L	-	-	-	-	E	E	E	E	E	L	-	-
E	-	-	E	E	E	E	-	E	E	E	E	E	-
L	L	-	L	L	L	L	L	-	-	-	L	L	L
E	-	-	E	E	E	E	L	-	-	L	L	L	-
E	-	-	-	E	E	L	L	L	L	-	L	L	L
E	E	E	L	-	E	L	L	L	L	-	-	-	-
-	E	E	E	E	E	-	-	L	L	-	-	E	L
-	E	E	E	E	L	-	-	E	L	L	L	-	-
-	-	E	L	L	-	-	-	-	-	-	-	-	L
-	L	L	L	-	-	-	-	-	E	L	-	-	-
-	-	-	-	-	-	-	-	E	E	E	E	E	-
-	-	-	-	-	L	L	L	-	-	-	-	E	E
Objective 0: 1811
Objective 1: 63
Constr violation: -10
Restrictions violated:
0 2 0 2 1 0 5 0 

Individual 35
1	2	3	4	5	6	7	8	9	10	11	12	13	14
E	E	L	E	E	E	E	L	L	-	-	-	-	-
E	E	-	-	E	E	E	E	-	-	E	E	L	L
L	-	-	E	L	-	-	-	L	L	E	E	L	-
-	-	E	E	E	E	E	-	-	E	E	E	L	-
-	-	L	L	L	L	L	-	L	L	L	L	-	-
E	L	L	L	-	E	E	E	E	L	-	-	-	-
E	L	L	L	-	E	E	E	L	-	-	-	-	-
-	L	L	L	-	E	E	E	E	E	-	-	E	L
E	E	E	E	L	-	-	-	E	L	L	L	L	-
-	E	L	-	-	E	L	-	-	E	E	E	L	L
L	L	L	L	-	-	-	-	-	-	-	-	-	-
-	L	-	-	-	E	L	L	-	-	-	-	-	-
-	-	E	E	E	E	-	-	-	-	-	-	-	-
-	-	-	E	E	E	E	-	-	-	-	L	-	-
Objective 0: 2115
Objective 1: 77
Constr violation: -10
Restrictions violated:
0 1 1 5 0 0 3 0 

Individual 36
1	2	3	4	5	6	7	8	9	10	11	12	13	14
E	L	L	L	-	-	-	E	L	L	-	-	L	L
-	-	E	E	E	L	-	-	-	E	E	E	E	L
L	-	-	L	L	L	L	-	E	E	L	L	-	-
-	E	E	E	E	E	E	L	E	E	E	L	L	-
-	E	L	L	-	-	-	-	E	L	L	L	L	-
E	E	L	E	L	-	E	-	-	-	E	E	L	L
L	-	-	E	L	L	L	-	-	-	E	L	L	L
L	L	-	E	E	E	L	L	L	-	-	-	L	L
-	-	L	L	L	L	-	-	E	L	E	E	-	-
E	E	E	L	L	-	-	-	L	L	L	L	-	-
L	-	L	L	L	L	-	E	L	L	L	L	-	L
E	L	L	L	L	-	-	-	-	-	-	-	-	-
-	-	-	-	-	-	-	-	E	E	E	E	E	-
E	E	E	E	-	-	-	-	-	-	-	-	-	-
Objective 0: 1718
Objective 1: 54
Constr violation: -32
Restrictions violated:
0 5 3 3 6 11 4 0 

Individual 37
1	2	3	4	5	6	7	8	9	10	11	12	13	14
E	E	E	L	-	E	E	E	E	L	-	-	-	-
-	-	E	E	L	L	L	-	E	E	E	-	-	-
L	L	L	-	L	L	-	E	E	L	L	L	-	-
E	E	E	E	-	-	-	-	-	E	E	E	E	E
-	L	L	L	L	-	-	-	L	L	L	L	L	-
-	E	E	E	E	L	-	-	E	L	L	L	-	-
-	E	E	L	L	-	-	E	E	E	-	E	E	E
E	E	E	-	-	-	E	E	L	L	L	-	-	-
-	E	E	L	L	-	-	-	E	E	E	E	L	-
E	-	-	E	E	L	L	L	-	E	L	L	-	-
-	-	-	-	E	L	L	L	L	-	-	-	-	-
-	-	-	-	-	E	E	E	-	-	E	L	L	L
-	-	-	-	-	L	L	L	L	L	-	-	-	-
-	-	E	-	E	E	L	-	-	-	-	L	-	-
Objective 0: 2622
Objective 1: 49
Constr violation: -13
Restrictions violated:
0 5 0 4 0 3 1 0 

Individual 38
1	2	3	4	5	6	7	8	9	10	11	12	13	14
E	E	E	L	-	-	-	E	E	L	L	L	-	-
-	-	E	E	E	E	E	-	E	E	L	L	-	-
L	L	-	-	-	-	-	-	-	E	E	E	L	L
E	E	E	E	-	-	-	E	E	E	E	-	E	E
-	-	L	L	L	L	L	-	-	-	-	-	L	L
E	E	E	E	E	-	-	-	-	-	E	L	L	L
-	-	E	E	E	L	L	-	-	-	E	L	L	L
E	E	E	L	-	-	L	E	E	L	L	-	-	-
-	E	L	L	-	-	E	E	E	E	-	-	-	-
-	-	E	L	L	L	-	-	-	L	L	L	L	L
-	-	-	-	E	E	L	L	L	-	-	-	-	-
-	-	E	E	L	L	L	-	-	-	-	-	-	-
-	-	-	-	-	-	-	-	-	-	E	E	E	E
-	-	-	-	-	-	-	-	-	E	L	L	-	L
Objective 0: 2817
Objective 1: 55
Constr violation: -7
Restrictions violated:
0 2 1 1 0 0 3 0 

Individual 39
1	2	3	4	5	6	7	8	9	10	11	12	13	14
-	E	E	-	-	L	L	-	-	E	E	E	L	L
-	-	E	E	L	L	-	-	E	E	L	L	L	-
L	L	L	L	L	-	-	-	E	E	E	E	L	-
E	E	E	E	-	-	E	E	-	E	E	E	L	-
-	-	L	L	L	L	-	-	-	L	L	L	L	L
-	E	E	E	L	-	-	-	E	L	L	L	L	-
-	E	L	E	E	E	-	-	-	-	E	L	-	-
E	E	L	L	-	-	-	-	-	L	L	L	L	L
-	-	-	E	E	E	L	-	-	E	L	L	L	L
E	L	-	-	E	E	L	-	L	L	L	L	L	-
-	-	L	L	L	L	L	-	-	-	-	-	-	-
-	L	L	L	-	-	-	-	E	L	-	-	-	-
-	-	-	-	-	-	-	L	-	-	-	E	L	L
E	L	L	-	-	L	-	-	-	E	E	E	E	L
Objective 0: 2525
Objective 1: 56
Constr violation: -15
Restrictions violated:
0 1 1 2 0 5 6 0 

Individual 40
1	2	3	4	5	6	7	8	9	10	11	12	13	14
E	L	L	-	E	E	E	E	E	-	-	-	-	-
E	E	E	L	L	-	-	L	L	L	-	-	E	L
L	L	-	-	-	-	E	L	L	E	E	-	-	-
E	E	E	E	-	-	E	E	E	E	L	-	-	-
-	E	L	L	L	-	-	-	L	L	-	-	E	L
-	L	L	L	L	L	-	-	-	E	E	E	E	-
-	-	E	E	L	L	L	-	-	E	E	E	L	L
L	L	L	L	-	-	-	E	E	L	L	L	-	-
-	-	E	E	L	L	-	-	E	L	L	L	L	-
-	-	E	E	E	E	E	-	-	-	-	E	E	E
-	E	L	L	L	-	-	-	-	-	-	-	-	-
E	L	L	L	-	L	-	-	-	-	-	-	-	-
-	-	-	-	-	-	-	-	E	E	E	E	-	E
-	-	E	E	E	E	-	-	-	-	-	-	-	-
Objective 0: 1910
Objective 1: 69
Constr violation: -11
Restrictions violated:
0 4 1 2 0 0 4 0 

Individual 41
1	2	3	4	5	6	7	8	9	10	11	12	13	14
E	L	-	E	E	E	E	-	-	L	L	L	-	-
-	E	E	L	L	L	-	-	L	L	L	L	L	-
E	-	L	L	L	L	L	L	L	L	L	L	L	L
E	-	-	E	E	-	E	E	E	E	E	-	-	-
-	E	L	L	L	-	L	L	L	L	L	-	-	-
E	-	-	E	E	L	L	L	-	-	-	E	L	-
L	L	L	L	-	E	E	E	L	L	-	-	-	-
-	E	E	L	-	L	L	L	-	-	E	L	L	L
-	E	E	L	L	-	-	-	E	E	E	E	L	-
-	E	L	L	-	-	E	E	L	-	E	E	E	L
-	L	L	L	L	-	-	-	-	-	-	-	-	-
-	-	-	-	-	-	-	-	-	E	L	L	L	-
-	-	-	-	E	E	E	E	E	-	-	-	-	-
-	-	-	-	-	L	L	L	E	E	-	-	-	-
Objective 0: 2117
Objective 1: 62
Constr violation: -19
Restrictions violated:
0 1 1 3 6 3 5 0 

Individual 42
1	2	3	4	5	6	7	8	9	10	11	12	13	14
L	-	-	-	E	L	L	L	-	-	E	E	E	E
E	L	L	L	-	-	-	-	E	E	E	L	L	-
E	-	-	E	E	L	-	-	-	L	L	L	L	L
E	E	L	-	-	E	E	E	-	-	E	E	L	-
-	E	E	L	L	-	-	L	L	L	L	-	-	L
-	-	E	E	E	E	L	-	E	E	L	L	-	-
-	-	L	L	L	L	L	-	-	-	-	L	L	L
L	L	-	-	E	L	L	-	-	E	E	L	-	-
-	L	L	L	L	-	E	E	L	L	-	-	-	-
E	-	-	E	E	E	L	L	-	-	-	-	E	L
-	-	-	-	L	L	L	L	L	-	-	-	-	-
-	L	L	L	L	L	-	-	-	-	-	-	-	-
-	E	L	-	-	-	-	-	-	-	E	E	-	-
-	-	-	-	-	-	-	E	E	E	-	-	E	-
Objective 0: 2011
Objective 1: 59
Constr violation: -9
Restrictions violated:
0 2 0 3 0 0 4 0 

Individual 43
1	2	3	4	5	6	7	8	9	10	11	12	13	14
E	L	-	-	E	E	L	L	-	-	-	L	L	L
-	E	E	E	E	E	L	-	-	E	E	E	L	-
E	E	-	-	-	-	-	-	E	E	E	E	L	-
-	-	E	E	E	E	E	-	-	E	E	-	-	-
-	L	L	L	L	-	-	L	L	L	L	L	-	L
E	-	-	E	E	E	-	-	E	E	E	-	-	-
E	E	E	E	-	E	L	L	L	L	-	-	-	-
E	E	L	L	-	-	-	E	E	E	L	L	-	-
E	L	L	L	L	-	-	-	E	E	E	L	L	-
L	-	-	E	E	E	L	L	-	-	-	L	L	L
-	-	-	-	-	-	-	-	-	-	E	L	L	L
-	-	-	L	-	-	-	E	L	L	-	-	-	-
-	-	-	-	-	-	-	L	L	L	L	L	-	-
-	-	-	E	E	E	E	E	-	-	-	-	-	-
Objective 0: 3121
Objective 1: 64
Constr violation: -8
Restrictions violated:
0 2 0 3 0 0 3 0 

Individual 44
1	2	3	4	5	6	7	8	9	10	11	12	13	14
E	E	E	E	-	-	-	E	E	L	L	L	-	-
-	E	L	L	-	-	E	E	E	E	-	-	L	L
L	-	-	-	-	E	E	E	E	E	-	-	L	L
E	E	E	E	-	-	E	E	E	-	E	E	L	-
-	E	L	L	L	L	L	-	-	E	L	L	-	-
L	L	L	L	-	-	E	E	L	L	L	-	-	-
E	E	E	E	-	-	L	L	-	-	-	-	L	L
L	L	L	L	-	-	-	E	L	-	-	L	L	L
-	-	E	E	E	E	-	-	L	L	L	L	L	-
L	-	-	E	E	L	E	E	L	-	E	E	-	-
L	-	-	-	E	-	L	L	-	-	-	-	-	-
-	L	-	-	-	-	-	-	L	-	-	L	L	-
-	-	-	-	-	-	E	-	E	L	L	L	-	-
-	E	-	E	L	L	L	-	-	-	-	-	-	-
Objective 0: 2415
Objective 1: 64
Constr violation: -8
Restrictions violated:
0 2 1 1 0 0 4 0 

Individual 45
1	2	3	4	5	6	7	8	9	10	11	12	13	14
L	-	-	E	E	L	L	L	-	-	E	E	E	L
E	E	-	L	L	L	L	-	L	L	L	L	-	-
E	E	L	-	-	-	E	E	E	E	E	-	-	-
-	E	E	E	E	E	-	E	E	E	-	-	-	-
-	E	L	L	-	-	L	L	L	L	L	L	-	-
-	E	E	E	-	-	E	E	L	-	-	E	E	L
-	-	-	E	E	L	L	L	-	-	E	E	E	E
E	L	L	L	-	E	L	L	L	L	L	-	-	-
-	E	E	-	-	E	L	L	L	-	-	-	E	L
E	L	L	L	L	-	-	-	-	E	E	E	L	L
-	-	L	L	L	L	-	-	-	-	-	-	L	-
-	-	-	-	L	L	-	-	-	E	L	-	-	-
-	-	-	-	-	E	-	-	E	L	L	L	-	-
-	-	-	-	E	E	E	L	L	-	-	-	-	-
Objective 0: 1912
Objective 1: 71
Constr violation: -10
Restrictions violated:
0 1 0 2 2 1 4 0 

Individual 46
1	2	3	4	5	6	7	8	9	10	11	12	13	14
E	L	-	E	E	L	-	-	E	E	E	E	L	-
-	E	L	L	L	-	-	-	-	E	L	L	L	L
L	-	E	E	E	E	E	-	L	L	L	L	-	-
-	E	E	L	-	-	-	E	E	E	E	E	-	-
L	L	-	L	L	L	L	L	-	-	-	-	L	L
E	L	L	L	L	-	-	-	-	E	E	E	L	L
-	L	L	-	-	E	E	E	-	E	E	E	E	E
E	E	E	-	-	-	E	E	E	L	L	-	-	-
E	E	E	L	L	-	-	-	E	L	L	L	L	-
E	-	-	E	L	L	L	L	L	-	-	-	E	E
L	L	L	-	-	-	E	E	L	L	-	-	-	-
-	E	L	L	L	-	L	-	-	-	-	-	-	-
-	-	L	L	L	L	-	-	E	E	E	E	L	L
L	-	-	E	L	L	-	E	E	L	L	L	-	-
Objective 0: 1723
Objective 1: 57
Constr violation: -30
Restrictions violated:
0 4 0 2 0 19 5 0 

Individual 47
1	2	3	4	5	6	7	8	9	10	11	12	13	14
E	L	L	L	-	E	E	E	E	E	-	-	-	-
-	E	E	E	L	L	L	L	-	-	E	E	-	-
E	-	-	E	E	L	L	-	-	-	E	L	L	L
-	E	E	E	E	-	-	-	E	E	E	E	E	E
-	E	L	L	L	L	-	L	L	L	L	L	-	-
-	E	L	L	L	-	-	E	E	E	-	L	L	-
E	E	E	L	L	-	-	E	E	E	-	-	E	E
L	-	E	E	L	L	L	L	L	-	-	-	L	L
-	E	E	L	L	L	-	-	L	L	L	L	-	-
E	L	-	-	-	E	E	L	L	-	E	E	E	L
-	-	-	-	-	-	-	-	L	-	L	L	L	-
-	L	L	-	-	L	L	L	-	-	-	-	-	-
L	L	-	-	E	-	-	-	-	-	-	-	E	-
E	-	-	-	-	-	-	-	-	E	L	L	L	L
Objective 0: 1917
Objective 1: 61
Constr violation: -12
Restrictions violated:
0 0 0 6 1 2 3 0 

Individual 48
1	2	3	4	5	6	7	8	9	10	11	12	13	14
L	L	L	-	-	-	-	L	L	-	L	L	L	-
-	E	E	E	E	L	L	-	-	-	E	L	L	L
E	E	E	-	E	L	L	L	-	L	L	L	-	-
E	E	-	-	-	-	E	E	E	E	E	E	L	-
-	E	L	L	-	-	L	L	L	L	L	-	-	-
-	L	L	L	L	L	-	E	L	L	L	-	-	-
L	L	-	-	-	L	L	L	-	-	L	L	L	L
E	E	E	L	-	-	-	E	E	E	E	L	-	-
-	-	L	L	L	L	-	-	-	L	L	L	L	L
L	L	L	-	-	L	L	-	-	E	L	L	-	-
-	E	L	L	L	-	-	-	-	-	-	-	-	-
E	E	E	L	-	-	-	-	-	-	-	L	L	L
-	-	E	-	-	E	E	E	-	-	-	E	L	L
-	-	-	-	-	-	E	E	E	E	E	-	-	-
Objective 0: 2320
Objective 1: 38
Constr violation: -16
Restrictions violated:
0 3 0 3 1 5 4 0 

Individual 49
1	2	3	4	5	6	7	8	9	10	11	12	13	14
E	E	L	-	-	-	-	-	-	L	L	L	L	L
-	-	E	E	L	L	L	-	E	L	L	L	-	-
-	-	L	L	L	L	L	-	-	E	L	L	L	L
E	E	E	E	E	-	-	E	E	E	E	-	-	-
L	-	-	L	L	-	-	-	L	L	L	L	L	-
E	L	L	-	E	E	E	E	L	-	-	L	-	-
E	L	L	-	E	E	E	E	L	-	-	-	-	-
L	L	L	L	-	E	E	-	E	L	L	-	-	-
-	L	L	L	L	L	-	-	E	E	E	E	-	-
-	E	E	E	E	-	-	-	-	E	E	E	L	L
L	-	L	-	E	E	L	-	-	-	-	-	-	-
L	L	-	L	L	-	-	-	-	-	-	-	-	-
-	-	-	-	-	E	E	E	L	-	E	-	-	-
-	-	E	E	E	E	E	-	-	-	-	-	-	-
Objective 0: 1913
Objective 1: 76
Constr violation: -7
Restrictions violated:
0 1 0 5 0 0 1 0 

Individual 50
1	2	3	4	5	6	7	8	9	10	11	12	13	14
E	E	E	E	E	-	E	E	E	E	E	-	-	-
E	E	L	L	L	-	E	E	E	E	-	L	L	-
L	L	-	E	L	L	L	L	E	E	E	L	-	-
E	E	L	L	E	E	-	E	E	L	-	L	L	-
E	E	E	L	L	-	E	E	E	E	L	E	L	E
E	E	E	L	L	E	-	E	L	L	E	E	E	L
E	L	L	E	L	L	L	L	L	L	L	-	-	-
E	E	L	E	L	L	E	L	-	L	L	L	L	L
E	E	E	L	L	E	-	E	L	L	-	-	-	-
E	E	-	E	E	E	L	L	L	-	-	-	-	-
L	E	E	L	L	L	L	L	E	L	-	E	L	L
L	L	L	L	E	E	-	E	L	L	L	L	L	L
E	E	E	E	E	E	E	L	L	L	-	E	L	-
E	E	E	L	L	E	L	L	E	L	E	E	-	-
Objective 0: 1453
Objective 1: 40
Constr violation: -143
Restrictions violated:
0 19 15 20 20 62 7 0 

Individual 51
1	2	3	4	5	6	7	8	9	10	11	12	13	14
E	E	L	E	E	E	E	E	-	E	E	-	-	-
E	E	L	E	L	L	L	L	L	L	L	-	-	-
E	E	E	L	L	-	E	E	E	L	E	E	-	L
E	E	L	L	-	E	E	L	L	E	E	-	E	-
L	L	L	L	-	L	L	L	L	L	E	E	-	L
E	-	E	L	L	L	-	L	E	L	L	-	-	-
E	E	L	L	E	E	E	E	L	E	E	-	E	E
E	E	L	L	L	E	L	L	L	L	L	L	L	-
E	E	E	E	L	E	-	E	L	L	L	-	-	-
E	L	L	L	L	L	-	E	E	L	-	-	E	L
L	E	E	L	L	-	E	L	L	E	E	L	L	L
E	L	L	L	E	E	L	L	L	E	L	L	-	-
E	E	E	E	E	E	E	E	E	-	-	-	E	L
E	E	E	E	L	-	E	E	E	L	L	-	-	E
Objective 0: 1049
Objective 1: 53
Constr violation: -146
Restrictions violated:
0 15 12 22 27 62 8 0 

Individual 52
1	2	3	4	5	6	7	8	9	10	11	12	13	14
E	E	E	-	E	E	E	E	E	E	E	E	L	-
E	-	E	E	L	L	-	E	E	E	L	L	L	-
L	E	E	E	E	-	E	E	E	E	L	-	-	-
L	L	E	E	E	E	L	-	E	E	L	L	-	-
E	E	-	E	L	L	E	E	E	E	E	L	-	-
E	-	E	E	E	E	E	E	E	L	L	E	E	L
E	E	E	E	E	-	E	L	L	L	L	-	-	-
E	E	E	E	E	E	E	E	E	E	E	E	-	-
E	E	E	L	L	L	L	-	L	-	-	-	E	L
E	E	E	L	L	E	E	-	L	L	-	-	-	-
L	L	L	L	L	-	E	E	L	L	L	-	-	L
E	E	E	L	L	E	E	L	-	E	E	E	-	-
E	E	-	E	E	L	E	E	L	-	-	-	E	E
E	E	E	E	E	E	E	E	E	-	E	E	L	L
Objective 0: 1854
Objective 1: 60
Constr violation: -134
Restrictions violated:
0 21 7 15 24 60 7 0 

Individual 53
1	2	3	4	5	6	7	8	9	10	11	12	13	14
E	E	L	-	L	L	-	L	L	L	L	-	-	E
E	E	E	L	L	L	L	L	-	E	L	L	E	-
L	L	L	-	E	L	L	-	E	-	E	L	-	-
E	E	-	E	E	L	E	L	L	-	-	-	L	-
E	E	E	-	E	E	E	E	E	-	E	L	L	L
L	L	L	L	E	E	L	L	L	L	L	L	L	L
E	E	L	L	E	L	L	L	-	L	L	-	-	-
E	E	E	E	E	L	L	L	E	-	E	L	L	-
L	L	L	L	L	-	E	E	E	-	E	E	E	E
L	-	E	E	L	E	E	E	L	L	-	-	E	E
E	E	E	L	L	L	L	L	L	E	E	E	L	-
E	L	L	L	L	E	L	L	L	E	-	-	E	L
L	L	L	L	L	L	L	L	E	E	L	L	-	-
E	L	L	-	E	E	E	E	E	E	-	-	-	L
Objective 0: 744
Objective 1: 44
Constr violation: -137
Restrictions violated:
0 21 9 21 21 55 10 0 

Individual 54
1	2	3	4	5	6	7	8	9	10	11	12	13	14
E	L	L	L	L	L	-	E	E	E	E	L	E	E
E	E	L	L	-	E	E	E	E	-	E	E	E	-
E	E	E	E	E	E	E	L	L	L	E	L	L	L
E	L	L	L	-	L	L	L	L	E	E	E	L	L
E	E	E	E	-	E	L	L	L	-	L	L	-	-
E	E	E	E	L	E	E	E	E	E	-	E	-	L
E	L	L	L	-	L	L	L	L	-	-	-	L	-
L	L	-	E	E	L	L	L	L	E	E	E	L	-
L	L	L	E	E	-	E	E	E	L	E	L	L	-
E	E	E	L	-	L	L	L	E	E	E	-	-	-
E	E	E	L	L	-	E	E	E	L	-	E	L	-
E	L	L	L	E	E	-	E	L	L	L	L	-	-
E	L	L	L	E	L	L	L	L	E	E	E	E	L
L	L	L	L	L	L	L	-	E	E	E	E	E	-
Objective 0: 852
Objective 1: 52
Constr violation: -151
Restrictions violated:
0 23 10 19 25 63 11 0 

Individual 55
1	2	3	4	5	6	7	8	9	10	11	12	13	14
E	L	L	L	L	L	E	E	E	E	L	L	L	L
E	L	L	E	E	E	L	L	-	E	E	L	L	-
L	E	E	E	E	E	E	-	E	E	E	E	E	L
E	E	E	E	L	L	L	L	-	E	-	E	E	L
L	L	L	L	E	E	E	E	L	L	L	L	-	-
E	E	E	E	L	-	E	E	L	L	L	-	-	-
L	L	L	L	-	E	E	-	E	L	E	E	E	E
E	E	E	L	L	-	E	-	L	L	-	E	E	E
E	E	E	E	E	E	E	E	L	L	L	L	-	-
E	L	L	E	E	L	L	-	E	E	L	L	L	-
E	L	L	L	E	E	L	-	E	E	E	E	-	-
E	E	E	E	L	L	L	L	L	L	E	E	E	L
E	E	E	E	L	-	E	E	L	L	E	E	L	-
L	L	L	L	L	E	L	L	L	E	E	L	L	-
Objective 0: 352
Objective 1: 60
Constr violation: -166
Restrictions violated:
0 21 11 23 31 70 10 0 

Individual 56
1	2	3	4	5	6	7	8	9	10	11	12	13	14
L	L	L	E	E	L	-	E	L	E	E	L	L	-
L	L	L	L	L	L	L	E	E	L	L	-	-	-
E	E	E	E	L	E	E	E	E	E	L	L	L	L
E	E	E	L	L	E	E	E	E	E	L	L	L	-
E	L	L	L	L	L	E	E	E	E	-	-	E	E
E	E	E	E	E	-	L	E	-	E	E	E	E	-
E	-	E	E	E	-	E	E	-	E	E	E	-	-
E	E	L	L	E	E	E	E	-	E	L	-	-	-
E	L	L	L	L	E	E	L	E	L	L	-	E	E
E	E	E	E	E	E	E	-	L	L	L	-	-	E
E	E	L	-	E	E	L	L	L	E	E	E	E	L
E	E	E	E	E	E	L	L	E	L	E	E	L	-
L	L	L	E	-	L	L	L	L	-	-	-	-	-
E	E	E	E	E	L	L	L	-	E	L	L	-	E
Objective 0: 647
Objective 1: 59
Constr violation: -160
Restrictions violated:
0 26 13 13 37 62 9 0 

Individual 57
1	2	3	4	5	6	7	8	9	10	11	12	13	14
L	L	-	L	L	L	E	E	E	L	L	-	-	-
E	E	E	L	E	E	E	L	E	E	E	L	-	-
E	L	L	L	E	E	E	E	E	L	L	L	L	L
L	L	L	L	-	L	L	L	L	L	L	L	-	-
L	L	-	L	L	L	-	E	E	L	L	L	-	-
E	L	L	-	E	E	E	E	L	-	E	E	-	-
L	L	L	E	E	E	-	E	E	E	E	E	-	-
E	E	E	L	-	L	L	L	L	-	E	E	L	L
L	L	L	-	E	E	E	-	E	E	E	E	L	-
E	E	L	E	L	L	L	L	-	L	-	L	L	L
E	E	E	L	-	E	E	E	L	L	L	L	L	L
E	E	E	E	E	E	L	L	L	L	-	-	E	E
E	E	L	E	E	E	-	E	E	E	E	E	-	-
E	L	L	L	L	E	E	L	L	-	-	-	-	-
Objective 0: 948
Objective 1: 73
Constr violation: -142
Restrictions violated:
0 25 8 15 26 62 6 0 

Individual 58
1	2	3	4	5	6	7	8	9	10	11	12	13	14
E	L	L	L	E	E	E	E	E	L	-	L	L	L
E	E	E	E	E	L	L	L	L	L	-	E	E	-
E	L	L	L	L	L	L	-	L	L	L	L	L	-
E	E	E	L	L	L	E	E	E	L	L	-	-	-
E	E	L	L	L	-	E	E	E	E	L	-	-	-
E	E	E	L	L	E	L	L	L	L	-	E	-	-
E	E	E	E	E	E	L	E	E	E	E	L	L	-
E	E	E	E	L	L	L	L	L	L	-	L	L	L
E	E	E	E	-	E	L	L	L	-	-	E	L	-
E	E	E	L	L	E	L	L	L	L	-	E	E	E
E	E	E	E	L	E	E	L	L	L	-	-	-	-
L	E	E	E	L	E	E	E	L	L	-	L	-	-
E	L	E	L	L	L	L	E	L	L	L	L	L	L
L	L	L	L	L	E	E	L	L	E	L	E	-	L
Objective 0: 1561
Objective 1: 69
Constr violation: -156
Restrictions violated:
0 20 12 18 29 68 9 0 

Individual 59
1	2	3	4	5	6	7	8	9	10	11	12	13	14
E	E	L	L	-	E	L	L	E	L	L	-	-	-
E	E	E	L	L	L	E	E	E	E	E	-	-	E
E	-	E	E	E	E	L	E	L	L	-	-	-	E
E	E	L	-	E	E	-	E	E	E	L	-	L	L
E	E	E	E	L	E	E	-	L	L	L	L	E	L
E	L	L	L	L	-	E	L	E	E	E	E	E	-
L	L	-	E	E	E	-	E	E	L	L	L	L	L
E	L	L	L	L	L	L	L	L	E	E	E	-	-
E	E	E	E	L	L	L	-	E	E	E	-	L	L
L	L	E	E	E	E	E	E	E	E	-	E	E	L
E	L	L	-	E	E	E	L	L	-	E	E	L	-
E	E	L	L	E	L	L	L	L	L	L	-	E	E
L	L	L	L	L	E	E	L	L	L	-	-	-	-
E	E	E	E	E	L	-	E	L	L	E	E	L	-
Objective 0: 245
Objective 1: 61
Constr violation: -142
Restrictions violated:
0 19 11 16 25 60 11 0 

Individual 60
1	2	3	4	5	6	7	8	9	10	11	12	13	14
E	E	L	L	L	L	L	L	-	E	-	-	-	-
E	E	E	E	E	E	E	L	E	L	L	L	L	-
L	L	L	L	-	L	L	L	E	E	E	E	E	-
E	E	E	E	E	-	E	E	E	E	L	-	-	-
E	L	L	E	E	L	L	L	-	E	L	-	-	-
E	E	E	L	L	-	E	E	E	L	L	-	-	E
E	L	L	E	L	L	L	L	-	E	E	E	L	L
E	E	L	L	-	L	L	-	E	E	L	-	L	L
E	E	E	E	L	-	L	L	L	L	L	-	-	-
L	L	L	E	L	L	L	L	E	E	E	E	E	-
E	E	L	-	E	E	E	-	E	E	E	E	E	L
L	L	L	L	L	-	L	L	-	E	L	L	L	L
E	L	L	L	-	E	E	E	L	L	-	L	L	-
E	E	E	E	L	E	L	L	L	L	L	-	-	L
Objective 0: 947
Objective 1: 45
Constr violation: -123
Restrictions violated:
0 15 6 16 18 58 10 0 

Individual 61
1	2	3	4	5	6	7	8	9	10	11	12	13	14
E	E	-	E	E	E	L	-	E	E	E	L	L	-
L	E	E	L	L	L	L	-	E	E	L	-	-	-
E	L	L	-	E	E	E	L	L	L	E	E	E	L
E	E	E	E	L	-	E	-	L	L	E	L	L	-
E	E	L	E	E	E	E	L	E	E	-	-	L	L
E	E	L	L	-	E	L	L	L	L	E	E	E	-
L	L	L	L	L	-	E	L	L	-	-	L	L	L
E	E	L	L	L	E	E	L	L	L	-	-	-	-
E	E	-	E	L	L	L	L	L	L	L	L	L	-
E	L	L	L	-	E	E	E	E	L	-	L	-	-
L	L	L	L	-	E	L	L	L	-	E	E	E	-
E	E	E	E	L	E	E	E	-	E	E	L	L	-
E	L	-	E	E	L	L	E	E	L	L	-	E	L
E	E	E	-	L	L	E	L	-	E	E	L	-	-
Objective 0: 744
Objective 1: 43
Constr violation: -128
Restrictions violated:
0 22 8 18 17 54 9 0 

Individual 62
1	2	3	4	5	6	7	8	9	10	11	12	13	14
E	E	E	L	L	-	L	L	L	E	E	E	L	-
E	E	E	E	E	L	-	E	E	E	L	-	-	-
L	L	L	-	E	E	E	-	E	E	-	E	L	-
L	L	-	E	E	E	E	L	-	L	L	L	-	-
E	E	E	L	-	E	E	E	E	E	L	L	L	-
E	E	L	E	E	L	L	L	-	E	E	-	-	-
L	L	E	L	L	L	-	L	L	L	L	L	-	-
E	L	L	L	E	L	L	-	E	E	E	E	L	-
L	L	L	L	L	L	L	L	E	E	L	L	E	-
E	E	E	L	E	L	L	L	L	-	-	-	-	-
E	L	L	L	L	-	E	E	L	E	L	E	E	E
E	E	E	L	E	E	E	L	-	E	E	-	-	-
E	E	E	E	E	E	E	E	L	L	L	L	L	-
E	L	L	L	-	L	L	L	L	-	-	-	-	-
Objective 0: 1448
Objective 1: 60
Constr violation: -147
Restrictions violated:
0 27 10 17 25 61 7 0 

Individual 63
1	2	3	4	5	6	7	8	9	10	11	12	13	14
E	E	L	L	L	L	L	L	E	L	L	L	L	-
L	L	-	E	E	E	E	E	L	L	L	L	-	-
E	E	-	E	E	L	L	L	E	L	L	L	L	-
L	L	L	-	E	E	E	E	E	-	L	L	L	L
E	E	E	E	E	E	L	-	E	E	L	L	L	-
E	E	E	L	L	-	E	E	E	L	L	-	-	-
E	E	E	E	E	-	E	E	E	E	E	-	-	L
E	L	-	L	L	L	L	L	E	E	E	E	E	L
L	L	L	E	E	L	L	-	E	L	L	L	-	-
E	E	E	E	L	L	-	E	E	E	-	E	E	-
E	E	E	-	E	E	E	E	E	-	E	L	-	-
E	E	-	E	E	E	E	L	-	E	L	L	-	-
E	E	L	L	L	L	L	-	E	E	E	E	E	-
E	E	E	E	E	L	L	L	L	L	-	-	-	-
Objective 0: 1554
Objective 1: 61
Constr violation: -148
Restrictions violated:
0 28 4 18 23 67 8 0 

Individual 64
1	2	3	4	5	6	7	8	9	10	11	12	13	14
E	E	L	L	L	-	E	L	L	L	-	-	-	-
E	E	E	L	E	E	E	E	L	L	L	-	-	-
L	-	E	E	L	L	L	-	L	L	L	L	L	-
L	L	L	L	L	E	E	L	L	L	L	L	-	-
E	L	L	L	L	L	E	-	E	E	L	-	E	-
E	E	E	E	L	L	E	E	L	L	-	E	E	-
E	L	L	-	L	L	L	L	E	E	-	E	E	L
E	E	E	-	L	L	L	L	L	E	L	L	E	-
E	E	L	L	-	L	L	L	L	L	E	-	-	-
L	E	E	L	L	L	-	E	E	L	L	L	L	-
E	L	L	L	-	L	L	L	L	L	-	E	E	L
L	L	L	L	L	-	L	E	E	E	L	-	E	L
E	E	L	L	L	L	L	L	L	E	E	L	-	-
E	E	L	L	-	L	L	L	L	L	-	-	-	-
Objective 0: 1755
Objective 1: 43
Constr violation: -145
Restrictions violated:
0 22 11 17 25 62 8 0 

Individual 65
1	2	3	4	5	6	7	8	9	10	11	12	13	14
E	E	E	E	L	-	E	E	E	L	-	-	-	E
L	L	L	L	L	-	L	L	-	E	E	L	E	-
E	-	E	E	L	L	L	-	E	E	L	L	-	-
E	E	E	L	E	L	-	E	E	E	L	-	E	-
E	E	L	L	E	E	E	-	L	L	L	L	-	-
E	E	L	L	L	E	E	E	-	L	L	L	L	-
L	-	L	L	E	E	E	L	L	L	L	E	-	-
E	L	L	L	-	E	E	L	L	L	-	-	-	-
E	E	E	L	L	-	L	L	E	L	L	-	-	-
E	E	L	L	E	E	E	L	L	L	E	L	L	-
L	L	L	L	L	-	E	E	E	E	L	-	-	-
L	L	L	L	E	L	L	-	L	L	L	L	-	-
E	E	L	E	E	L	E	L	L	-	E	E	E	E
E	L	L	E	E	E	L	L	L	E	L	L	L	-
Objective 0: 1348
Objective 1: 59
Constr violation: -121
Restrictions violated:
0 12 14 16 14 59 6 0 

Individual 66
1	2	3	4	5	6	7	8	9	10	11	12	13	14
L	L	L	L	L	E	E	E	E	L	-	E	E	L
E	L	L	L	E	L	E	E	-	E	L	L	-	-
L	L	-	E	L	L	L	L	-	L	L	L	L	-
E	E	L	-	E	L	L	L	L	-	E	L	-	-
E	E	E	L	L	-	E	E	L	L	L	-	-	-
E	L	-	E	L	E	L	L	L	L	E	L	L	L
E	L	-	E	E	E	E	E	-	L	E	E	L	-
L	L	L	L	L	E	E	E	E	-	-	E	E	E
E	L	L	-	E	E	E	E	-	E	E	L	L	-
L	L	E	E	L	L	L	-	E	L	L	-	-	-
E	E	L	L	L	-	E	L	L	L	L	-	-	-
E	E	E	E	E	-	E	E	E	E	E	E	-	-
E	E	-	L	L	L	L	L	L	-	E	E	E	E
E	-	E	E	L	L	L	E	L	L	L	-	-	E
Objective 0: 744
Objective 1: 72
Constr violation: -124
Restrictions violated:
0 23 9 16 10 58 8 0 

Individual 67
1	2	3	4	5	6	7	8	9	10	11	12	13	14
E	E	E	L	E	L	L	-	E	E	E	E	E	-
E	E	L	E	E	L	L	L	E	-	E	L	L	L
E	L	-	L	-	L	L	L	L	L	-	-	-	-
E	E	L	L	L	L	-	L	L	L	-	-	-	-
E	E	L	L	-	E	E	E	E	E	E	L	-	E
E	E	E	E	L	E	E	E	E	E	L	L	L	-
E	E	E	E	E	L	L	L	-	E	E	E	-	-
E	E	E	E	-	E	E	E	E	-	L	L	L	-
E	L	L	L	-	E	E	E	L	E	E	E	E	E
L	-	L	L	L	L	L	L	L	L	-	-	-	-
L	L	L	-	E	E	E	E	E	-	L	L	L	-
L	L	E	E	E	E	E	-	L	L	L	L	-	-
E	L	L	-	E	E	E	E	E	L	L	-	-	-
E	L	L	E	E	E	E	L	-	E	L	-	-	-
Objective 0: 943
Objective 1: 58
Constr violation: -133
Restrictions violated:
0 23 6 17 22 58 7 0 

Individual 68
1	2	3	4	5	6	7	8	9	10	11	12	13	14
L	L	L	L	L	E	E	E	E	E	E	E	L	-
E	E	E	E	E	E	E	L	L	E	L	L	L	L
E	-	L	L	L	E	E	E	E	E	E	L	L	L
E	E	E	E	E	-	E	E	L	E	L	L	L	-
E	L	L	L	-	L	L	L	L	L	-	E	E	-
E	L	L	L	L	E	E	E	E	-	E	L	-	-
L	L	L	E	E	L	L	L	-	E	E	L	L	-
L	L	L	L	L	E	L	L	-	E	L	-	-	-
E	E	E	L	L	E	E	L	L	-	-	E	E	L
E	E	E	E	E	-	E	E	E	L	E	L	L	L
L	L	L	L	-	E	L	L	L	-	E	E	E	-
E	E	E	-	E	E	L	L	L	E	E	-	L	L
L	L	-	E	L	L	L	-	L	L	L	L	L	-
L	E	E	L	E	L	L	L	L	L	L	L	L	-
Objective 0: 653
Objective 1: 53
Constr violation: -146
Restrictions violated:
0 15 12 12 32 64 11 0 

Individual 69
1	2	3	4	5	6	7	8	9	10	11	12	13	14
E	L	L	-	L	-	L	E	L	E	L	-	-	-
L	L	L	L	-	E	E	E	E	E	E	L	L	-
E	L	L	L	L	L	L	E	E	E	-	L	L	L
L	L	L	L	E	E	E	L	L	-	-	-	-	-
E	E	E	E	E	E	E	E	-	E	E	L	L	L
L	L	L	L	-	E	E	E	E	E	-	E	E	L
E	E	L	L	L	-	E	L	L	L	L	L	-	-
L	L	L	L	E	-	E	E	E	E	E	-	-	-
E	E	E	L	E	E	E	L	-	L	L	L	L	L
L	L	L	E	E	E	E	-	L	L	L	L	-	-
L	L	E	L	-	E	E	E	E	-	L	L	L	-
E	L	-	E	E	-	E	E	E	L	E	-	-	-
E	E	L	L	L	-	E	L	L	-	L	-	E	L
E	E	L	L	-	E	E	L	L	-	E	L	L	L
Objective 0: 1653
Objective 1: 58
Constr violation: -131
Restrictions violated:
0 26 9 18 14 56 8 0 

Individual 70
1	2	3	4	5	6	7	8	9	10	11	12	13	14
E	E	E	L	-	E	E	-	E	L	L	L	-	-
E	E	E	-	E	E	E	E	-	E	E	L	L	-
E	L	L	L	-	E	L	L	L	L	-	-	-	-
E	E	L	L	L	E	E	L	L	L	-	-	-	-
E	E	-	L	L	L	L	L	E	E	L	L	L	-
E	L	L	L	L	E	E	E	E	E	E	L	-	-
E	E	E	L	L	-	E	E	E	E	E	-	E	E
E	E	E	E	E	E	E	E	-	E	E	E	-	-
L	L	L	L	E	E	L	L	L	-	E	L	L	L
E	E	E	E	E	-	E	E	E	E	L	-	-	-
E	L	L	L	-	E	L	L	-	E	L	L	L	-
E	E	E	E	L	-	E	E	E	E	E	E	E	E
E	E	L	L	-	L	L	L	-	E	E	L	L	-
E	E	L	L	L	L	L	L	-	L	L	-	-	-
Objective 0: 1753
Objective 1: 57
Constr violation: -133
Restrictions violated:
0 22 4 18 24 58 7 0 

Individual 71
1	2	3	4	5	6	7	8	9	10	11	12	13	14
E	L	-	E	E	L	L	L	-	L	L	L	L	-
L	L	L	L	L	E	E	E	-	E	E	L	-	-
E	E	L	E	E	L	L	L	E	E	L	L	-	-
L	L	L	L	-	L	E	E	E	E	E	E	E	L
E	E	E	L	-	E	L	L	L	L	-	L	-	-
E	L	L	L	L	-	E	E	L	L	-	E	L	-
L	L	L	-	L	-	E	L	L	L	E	-	-	-
E	E	E	E	L	-	E	E	E	E	E	-	E	-
E	E	L	E	E	E	E	E	E	-	L	-	-	L
E	E	-	E	E	E	-	E	L	L	L	L	-	-
E	L	L	L	E	L	-	E	E	E	E	L	-	-
E	L	L	L	L	L	L	E	E	E	L	L	E	L
E	E	L	L	L	E	L	L	L	-	E	E	E	-
L	-	E	-	L	L	L	L	L	L	L	-	-	-
Objective 0: 943
Objective 1: 47
Constr violation: -140
Restrictions violated:
0 20 10 29 19 55 7 0 

Individual 72
1	2	3	4	5	6	7	8	9	10	11	12	13	14
E	E	E	L	L	-	E	E	E	E	L	-	E	E
E	L	L	L	E	E	E	L	-	L	L	-	E	-
E	E	E	-	E	E	E	L	L	L	L	L	-	L
E	E	E	E	E	E	E	E	E	E	E	E	-	-
E	L	L	E	L	-	L	L	L	E	L	-	-	-
E	L	L	L	L	E	E	E	L	L	L	L	L	-
E	E	E	E	L	L	L	L	-	L	L	L	E	L
E	E	E	E	E	-	E	L	L	L	-	-	L	L
L	L	L	L	L	-	L	L	L	L	-	L	L	L
E	L	L	-	E	E	E	E	E	-	E	E	E	-
E	E	E	E	E	E	E	E	L	L	E	L	-	-
E	L	L	-	E	L	-	E	E	E	E	L	-	-
L	L	L	L	E	E	L	E	E	-	E	L	L	-
L	L	L	-	E	E	L	L	L	-	E	E	E	E
Objective 0: 1053
Objective 1: 59
Constr violation: -140
Restrictions violated:
0 17 8 18 26 61 10 0 

Individual 73
1	2	3	4	5	6	7	8	9	10	11	12	13	14
L	L	L	L	L	L	L	L	-	E	L	L	L	-
E	L	L	L	L	-	E	E	E	E	E	E	E	-
E	E	E	E	L	L	L	L	-	E	L	L	-	-
E	E	E	L	-	E	L	-	E	E	E	E	E	-
E	L	-	E	E	E	E	L	E	E	E	L	L	-
E	E	L	L	L	-	E	E	E	L	-	E	-	-
E	E	E	L	E	E	E	E	-	E	E	E	L	L
L	L	L	E	E	E	E	-	E	L	-	E	L	-
L	L	L	L	L	-	L	L	L	-	E	L	L	-
E	E	E	L	L	L	L	E	L	L	-	-	-	-
L	L	L	E	E	L	E	E	E	L	-	-	-	-
E	E	E	E	E	E	L	L	L	E	L	L	-	E
E	L	E	E	E	E	L	L	-	E	E	E	E	-
E	E	E	L	E	E	E	E	E	E	-	-	-	-
Objective 0: 1351
Objective 1: 48
Constr violation: -142
Restrictions violated:
0 22 8 19 21 64 8 0 

Individual 74
1	2	3	4	5	6	7	8	9	10	11	12	13	14
E	E	E	L	E	E	E	E	E	E	E	L	-	-
E	E	L	L	E	E	-	E	E	L	L	L	-	-
E	E	E	E	E	L	L	L	-	E	E	L	L	-
E	E	E	L	L	E	L	L	L	L	L	L	L	-
L	L	L	L	-	L	L	-	L	L	L	L	-	-
E	E	L	L	E	L	L	E	L	L	-	E	E	E
E	E	L	E	E	L	L	-	E	-	E	L	-	-
L	L	L	L	L	-	E	E	E	E	L	L	-	-
E	E	E	E	E	E	E	E	E	E	E	L	L	L
L	L	L	L	L	-	E	E	L	L	L	-	-	-
E	E	E	E	L	-	E	E	L	E	E	E	L	-
E	E	L	E	L	E	E	E	E	E	-	E	E	-
E	L	L	L	E	E	E	L	L	-	-	-	-	-
E	E	E	E	-	E	E	E	E	-	E	-	-	-
Objective 0: 1149
Objective 1: 57
Constr violation: -161
Restrictions violated:
0 27 10 18 33 68 5 0 

Individual 75
1	2	3	4	5	6	7	8	9	10	11	12	13	14
E	E	E	L	L	L	L	L	-	E	E	E	E	-
L	L	L	L	-	E	E	E	E	E	-	-	L	L
E	-	E	E	E	E	E	E	E	-	E	E	E	E
E	E	E	E	-	L	-	L	L	L	-	E	L	L
E	E	L	L	-	E	L	L	-	L	L	L	L	-
E	E	E	E	E	E	E	L	-	E	L	L	L	-
E	E	E	E	E	L	L	L	L	L	-	L	L	-
E	E	E	E	E	-	L	L	L	L	L	-	-	-
E	E	L	-	L	L	-	L	L	-	E	-	-	-
E	E	L	L	L	L	L	L	L	E	L	L	L	L
E	E	E	L	-	L	L	L	L	E	E	E	E	L
L	L	L	L	-	E	E	E	E	-	E	E	L	L
E	E	E	L	L	L	L	L	L	-	E	E	-	-
E	L	L	E	E	L	L	L	-	L	L	L	L	L
Objective 0: 950
Objective 1: 48
Constr violation: -132
Restrictions violated:
0 20 3 24 18 56 11 0 

Individual 76
1	2	3	4	5	6	7	8	9	10	11	12	13	14
E	E	E	E	E	L	L	L	-	E	L	-	-	-
E	E	L	L	L	-	L	L	L	L	L	-	-	-
E	E	E	E	L	E	E	L	-	E	E	L	-	-
E	E	E	-	E	E	E	L	L	-	E	E	E	-
E	E	L	L	L	L	L	L	L	L	-	E	L	-
L	L	L	L	E	E	-	E	E	E	-	E	L	L
E	E	L	L	L	E	E	E	E	L	-	L	L	-
L	E	L	L	L	L	-	E	-	E	L	-	L	-
L	L	L	L	L	E	L	L	L	L	E	E	E	-
E	E	E	L	-	E	E	E	-	E	L	L	L	L
E	E	-	E	E	E	E	L	E	E	E	E	L	E
E	E	E	E	L	-	E	E	E	E	-	-	-	-
E	E	E	E	L	-	E	E	E	L	L	-	E	L
E	E	E	E	E	E	-	E	E	L	L	L	E	E
Objective 0: 1151
Objective 1: 51
Constr violation: -139
Restrictions violated:
0 21 9 21 21 58 9 0 

Individual 77
1	2	3	4	5	6	7	8	9	10	11	12	13	14
E	E	-	E	E	E	L	L	E	L	L	-	-	-
E	-	E	E	L	L	L	E	L	L	-	-	-	-
E	L	L	L	L	-	L	L	-	E	-	-	-	-
E	L	L	L	E	L	L	L	-	L	L	L	L	L
L	L	L	L	L	E	L	L	-	L	-	-	-	-
L	L	L	L	E	E	L	-	E	E	E	E	L	-
E	L	L	L	L	E	E	E	E	E	L	-	L	-
L	L	L	-	E	E	E	L	-	E	E	E	-	-
E	L	L	L	L	L	L	-	L	L	E	L	L	-
L	L	L	L	L	L	L	L	L	L	E	E	L	E
E	L	L	L	E	E	E	L	L	-	E	E	E	-
E	L	L	L	E	E	E	E	-	E	E	E	L	L
E	E	E	L	E	E	L	L	L	-	L	-	L	-
E	E	E	L	L	L	E	E	E	E	-	-	E	L
Objective 0: 1452
Objective 1: 48
Constr violation: -150
Restrictions violated:
0 25 12 20 23 61 9 0 

Individual 78
1	2	3	4	5	6	7	8	9	10	11	12	13	14
E	E	L	L	-	L	L	L	L	L	-	-	-	-
E	E	E	L	-	L	-	E	E	E	E	E	E	L
E	L	L	-	E	E	L	L	-	E	E	E	L	L
E	E	L	L	E	E	L	-	E	E	L	-	-	-
E	L	L	L	-	E	-	E	E	L	L	L	-	-
L	L	-	L	L	L	E	E	L	L	-	E	E	-
E	E	L	L	L	E	E	E	E	-	-	-	-	L
E	E	E	L	L	-	L	L	L	L	-	E	L	-
E	E	E	-	E	E	L	L	L	-	L	L	-	-
E	E	L	L	L	L	L	L	L	E	E	L	L	L
E	E	L	E	L	L	L	-	E	E	E	-	-	-
E	E	E	L	-	E	L	E	E	E	E	-	-	-
E	L	L	L	-	L	L	L	L	L	-	E	L	L
L	L	L	L	E	E	L	L	L	L	-	E	E	E
Objective 0: 1247
Objective 1: 58
Constr violation: -126
Restrictions violated:
0 21 7 20 15 55 8 0 

Individual 79
1	2	3	4	5	6	7	8	9	10	11	12	13	14
E	E	E	L	-	E	L	L	E	L	L	E	L	-
L	L	L	L	E	E	L	E	L	-	-	L	L	-
E	L	L	-	L	L	L	E	L	L	L	L	-	-
E	E	E	E	E	-	E	E	L	L	L	-	L	L
L	L	L	L	E	L	L	L	L	E	E	E	E	L
L	L	E	L	L	L	L	-	L	L	L	-	-	-
E	L	L	L	L	-	E	L	L	-	L	L	L	L
E	E	E	E	-	L	L	L	L	L	-	E	E	E
L	L	L	-	E	E	E	E	E	E	E	E	-	-
E	E	E	L	L	-	L	L	L	L	L	L	L	-
E	L	L	L	-	L	L	-	E	E	E	-	E	E
E	E	L	L	-	L	E	E	E	L	E	E	L	L
E	L	-	E	E	E	E	E	E	L	L	L	E	E
E	E	E	E	L	-	E	E	E	E	L	E	E	L
Objective 0: 552
Objective 1: 40
Constr violation: -148
Restrictions violated:
0 22 12 11 26 66 11 0 

Individual 80
1	2	3	4	5	6	7	8	9	10	11	12	13	14
L	L	L	L	E	L	L	L	L	-	-	-	-	-
L	L	L	L	-	E	E	E	E	L	L	-	E	L
L	L	L	L	-	E	E	E	L	E	E	E	E	L
E	-	L	L	L	L	L	-	E	E	E	E	E	-
L	L	L	L	-	E	L	L	L	L	-	E	E	L
E	E	E	-	E	E	E	L	E	E	E	E	L	-
L	L	L	E	E	E	E	L	L	-	L	L	L	-
E	-	E	E	E	E	L	-	E	L	L	-	-	-
E	L	-	E	-	E	E	-	E	L	L	-	-	-
E	E	E	L	E	L	-	E	E	E	E	E	-	-
E	E	L	-	E	E	L	L	L	E	L	L	L	-
L	L	L	E	E	E	L	-	E	E	-	-	-	-
E	L	L	L	L	-	E	-	E	E	E	L	L	L
E	E	L	-	E	E	L	L	L	-	E	E	L	-
Objective 0: 1144
Objective 1: 69
Constr violation: -132
Restrictions violated:
0 17 7 27 16 57 8 0 

Individual 81
1	2	3	4	5	6	7	8	9	10	11	12	13	14
E	E	E	E	L	-	E	L	L	L	L	-	-	-
L	L	L	L	E	L	L	L	E	E	E	L	-	-
E	E	E	L	-	E	E	L	L	L	L	L	-	-
E	E	E	L	L	-	E	E	L	L	L	-	-	-
E	E	E	L	E	L	L	L	L	-	E	L	L	-
E	L	L	-	E	E	E	E	-	E	E	E	E	L
E	E	E	-	E	E	-	E	E	E	E	L	-	-
L	L	L	L	-	E	E	-	E	E	L	L	L	-
E	E	E	E	L	E	E	E	E	E	-	E	E	L
L	L	-	E	E	E	L	L	L	L	-	-	-	-
E	E	L	L	E	E	-	E	E	L	L	L	L	L
L	L	L	L	-	E	E	L	L	L	L	L	L	L
E	E	E	E	E	E	E	E	E	L	L	-	-	-
E	E	E	-	E	L	L	-	E	-	E	E	E	E
Objective 0: 1451
Objective 1: 51
Constr violation: -129
Restrictions violated:
0 16 5 21 22 59 6 0 

Individual 82
1	2	3	4	5	6	7	8	9	10	11	12	13	14
E	E	E	E	-	L	L	L	L	L	L	L	-	-
L	L	L	L	-	E	E	-	E	E	L	L	L	-
E	L	L	L	L	-	E	L	L	L	L	-	-	-
E	L	L	L	L	-	E	E	E	L	-	E	L	-
E	E	E	E	E	E	L	L	E	L	L	L	-	-
E	E	L	L	L	E	E	L	L	-	L	-	E	E
E	L	L	L	L	-	E	E	E	L	L	-	-	E
L	L	L	L	L	E	E	L	E	E	E	L	E	-
L	L	-	E	E	-	E	L	L	L	L	E	-	-
L	L	L	L	L	-	E	E	E	L	-	E	E	L
E	E	L	-	L	L	L	L	E	L	L	-	L	L
E	E	L	L	L	-	E	E	E	L	L	-	-	-
L	L	L	L	-	E	E	E	E	L	E	L	L	-
L	L	L	L	-	E	E	E	E	E	E	E	L	L
Objective 0: 1856
Objective 1: 57
Constr violation: -135
Restrictions violated:
0 19 8 25 18 57 8 0 

Individual 83
1	2	3	4	5	6	7	8	9	10	11	12	13	14
E	L	L	L	L	-	E	L	L	L	L	E	L	-
E	-	E	E	L	L	L	E	E	E	E	L	-	-
E	E	L	-	E	E	E	E	L	E	E	L	L	-
L	L	L	L	L	E	E	E	E	L	-	-	E	L
E	E	L	L	E	E	E	L	L	E	E	E	E	-
E	E	E	L	L	L	E	E	L	L	E	-	L	L
L	L	L	E	E	E	L	E	E	L	L	-	-	-
E	L	L	L	-	E	E	L	-	E	E	E	L	-
E	L	E	E	E	L	L	L	L	L	L	L	L	-
E	E	L	-	E	E	E	E	E	E	E	E	L	-
E	E	E	E	E	E	E	E	-	E	E	E	-	L
E	E	E	-	L	-	E	E	E	L	-	E	E	L
L	L	L	L	L	-	E	E	E	L	L	E	-	-
E	E	L	E	E	E	-	E	E	E	L	L	-	L
Objective 0: 1157
Objective 1: 59
Constr violation: -183
Restrictions violated:
0 32 13 13 40 74 11 0 

Individual 84
1	2	3	4	5	6	7	8	9	10	11	12	13	14
E	-	E	E	E	E	E	L	-	E	L	L	L	L
L	L	L	L	L	L	L	L	-	E	E	E	E	L
E	E	L	-	E	E	L	L	L	E	E	L	L	-
E	L	L	E	L	L	L	-	L	-	-	-	-	E
E	L	L	L	-	L	L	E	E	E	E	E	-	-
E	E	E	L	L	-	E	L	L	L	L	-	-	-
E	E	E	L	-	E	L	L	E	L	L	L	-	-
E	E	E	E	L	E	E	L	L	L	-	E	E	L
E	E	E	E	E	-	L	L	L	L	L	-	-	-
E	E	E	L	L	L	L	L	L	L	L	L	L	-
L	L	L	L	E	L	-	L	L	L	-	-	-	-
E	E	E	L	E	E	L	L	E	E	L	L	E	E
L	L	L	L	L	-	E	L	L	E	L	L	L	-
E	L	-	E	E	E	E	-	E	L	L	L	-	-
Objective 0: 1352
Objective 1: 51
Constr violation: -139
Restrictions violated:
0 21 10 18 19 63 8 0 

Individual 85
1	2	3	4	5	6	7	8	9	10	11	12	13	14
L	L	L	-	E	E	L	L	L	E	E	E	L	-
L	-	E	E	L	L	L	-	E	E	L	L	L	-
L	L	L	L	L	L	L	E	E	L	L	E	E	-
E	E	-	E	L	L	L	L	-	E	E	E	E	-
E	E	E	L	L	L	L	L	-	E	L	L	-	-
E	E	E	E	L	-	E	E	E	L	E	E	E	E
E	E	L	L	-	E	E	E	E	-	E	E	E	L
L	-	L	L	L	L	L	E	E	E	E	E	L	-
L	-	E	E	L	E	E	E	L	L	E	E	-	-
E	L	L	L	-	E	L	E	E	L	-	L	L	-
E	E	-	L	L	E	E	-	E	E	L	L	L	-
E	E	L	L	L	-	E	L	-	E	E	L	-	-
E	E	L	L	L	-	E	E	-	E	E	E	E	-
L	L	L	L	L	L	L	L	E	E	L	-	-	-
Objective 0: 1355
Objective 1: 56
Constr violation: -143
Restrictions violated:
0 17 9 18 22 68 9 0 

Individual 86
1	2	3	4	5	6	7	8	9	10	11	12	13	14
L	L	L	L	-	E	E	L	L	L	-	-	L	-
E	E	E	E	E	-	E	E	L	L	-	-	L	L
E	E	E	E	E	E	-	E	L	-	-	L	L	-
E	L	-	E	E	E	L	L	E	E	E	L	-	-
E	E	E	E	E	-	E	E	E	E	L	-	-	-
E	E	-	E	L	L	L	L	E	L	L	E	E	-
L	L	L	E	E	L	L	-	L	L	E	E	E	-
E	E	E	E	L	E	E	L	L	L	-	-	E	E
E	E	L	E	E	L	L	L	-	E	E	E	E	E
E	E	L	L	L	E	E	E	E	E	-	-	-	-
L	L	L	E	L	L	L	L	E	E	-	L	E	-
L	L	-	E	E	E	E	L	-	E	E	E	L	-
L	L	L	L	L	E	E	E	-	E	E	-	-	-
E	E	E	L	-	E	E	E	E	L	-	E	-	-
Objective 0: 945
Objective 1: 57
Constr violation: -136
Restrictions violated:
0 23 12 17 20 55 9 0 

Individual 87
1	2	3	4	5	6	7	8	9	10	11	12	13	14
L	-	L	L	L	-	L	L	L	L	-	E	L	-
E	L	L	-	E	E	E	E	E	E	E	-	E	L
L	L	-	L	L	L	L	L	E	L	L	L	L	L
L	-	E	L	L	E	E	E	E	E	-	-	E	E
E	E	E	E	E	E	E	E	E	-	-	E	L	L
E	E	E	E	L	-	L	E	L	L	L	-	-	-
E	E	E	E	L	-	E	L	L	-	E	E	L	-
L	L	L	L	E	E	L	L	L	-	E	L	L	-
E	L	L	L	L	-	E	E	E	E	E	E	L	L
E	E	E	E	E	-	E	L	L	L	L	-	L	-
E	E	E	L	L	E	E	L	L	L	E	L	L	L
E	E	E	L	-	E	E	L	L	L	E	E	E	-
E	-	E	E	L	L	-	L	L	-	L	L	L	L
L	E	E	L	L	L	-	E	E	E	L	L	-	E
Objective 0: 854
Objective 1: 53
Constr violation: -152
Restrictions violated:
0 24 7 24 23 61 13 0 

Individual 88
1	2	3	4	5	6	7	8	9	10	11	12	13	14
E	L	L	L	L	E	E	E	-	E	L	-	-	-
E	E	L	L	L	-	L	L	E	L	L	L	E	L
E	E	L	L	-	E	E	-	E	E	L	L	L	-
E	E	E	-	L	L	L	L	-	E	E	E	E	E
E	E	L	-	E	E	E	E	E	-	L	-	-	E
E	E	L	L	-	E	E	E	L	L	L	L	-	-
E	E	E	L	-	E	E	L	L	L	-	E	L	L
E	L	L	L	L	-	E	E	E	E	L	L	-	-
E	E	E	E	-	E	E	E	L	L	L	L	-	-
L	L	L	L	L	-	E	E	L	L	-	-	-	E
L	L	-	E	E	L	L	-	E	E	E	L	L	-
L	E	E	L	L	-	E	E	E	E	-	-	-	-
L	L	E	E	E	E	E	E	E	E	-	E	E	E
L	L	L	L	L	L	L	L	E	E	-	E	E	E
Objective 0: 1450
Objective 1: 72
Constr violation: -130
Restrictions violated:
0 21 6 26 12 56 9 0 

Individual 89
1	2	3	4	5	6	7	8	9	10	11	12	13	14
E	E	L	L	L	E	-	L	L	L	L	L	-	E
E	E	E	L	L	-	E	E	E	E	L	L	L	L
L	L	L	L	E	E	E	E	E	E	L	-	-	-
L	L	L	L	E	E	E	L	L	E	E	L	E	-
E	E	L	L	L	L	E	L	L	L	-	-	E	L
E	E	E	E	E	E	E	L	L	-	L	L	L	-
E	E	L	L	L	-	E	E	L	L	L	-	E	E
E	E	E	L	L	L	E	E	-	L	L	-	-	-
L	-	E	E	L	L	L	L	L	L	L	-	L	L
E	E	E	L	L	-	E	E	-	L	L	L	-	-
E	E	E	E	E	E	-	E	E	L	L	-	-	-
L	-	L	L	-	E	L	L	L	L	-	E	L	-
E	L	L	L	L	E	L	L	L	L	L	-	E	-
E	E	-	L	L	L	E	L	L	L	L	-	-	E
Objective 0: 1656
Objective 1: 58
Constr violation: -143
Restrictions violated:
0 19 7 17 27 64 9 0 

Individual 90
1	2	3	4	5	6	7	8	9	10	11	12	13	14
E	L	E	E	E	E	L	E	E	E	-	-	-	-
E	L	L	L	L	-	E	E	E	L	L	E	E	E
E	-	E	E	E	L	E	E	E	L	L	-	L	-
L	L	L	L	L	L	E	E	L	L	E	L	L	-
L	L	L	L	-	E	E	E	L	-	E	E	E	E
E	L	L	L	L	-	E	L	L	L	L	-	E	-
E	E	E	L	L	-	E	E	E	-	L	-	-	-
L	L	L	E	L	L	-	E	E	L	L	L	-	-
E	E	E	E	E	E	E	E	E	E	-	-	E	L
E	E	-	E	L	L	L	-	E	L	L	L	-	-
E	L	L	L	L	L	L	L	L	-	L	L	-	E
E	L	L	L	L	-	L	L	-	L	L	-	-	-
E	L	L	E	E	-	E	E	E	L	-	L	-	-
E	L	L	E	E	E	L	-	E	L	-	E	L	L
Objective 0: 1348
Objective 1: 63
Constr violation: -130
Restrictions violated:
0 19 8 18 19 59 7 0 

Individual 91
1	2	3	4	5	6	7	8	9	10	11	12	13	14
E	E	E	E	E	-	E	E	E	-	E	E	L	L
E	E	L	L	-	E	E	E	E	L	-	-	E	E
L	L	L	L	-	L	E	E	L	L	-	-	-	-
L	E	E	E	E	L	E	L	L	E	E	L	L	L
E	E	L	E	E	L	L	L	-	E	E	E	L	L
L	L	E	E	E	L	L	-	L	L	L	-	E	L
L	L	L	-	E	L	L	L	L	E	L	L	L	L
E	L	L	E	L	L	L	L	-	L	-	-	E	-
L	L	L	L	L	L	E	L	L	L	L	-	-	-
E	E	L	L	L	E	-	L	L	L	L	L	E	E
E	E	-	E	E	E	E	E	L	-	-	E	L	-
E	E	L	-	E	L	-	E	E	E	E	E	E	E
L	L	L	L	E	L	L	-	E	E	E	E	-	-
E	E	E	L	-	E	E	E	E	-	E	E	L	-
Objective 0: 545
Objective 1: 48
Constr violation: -154
Restrictions violated:
0 29 10 25 20 59 11 0 

Individual 92
1	2	3	4	5	6	7	8	9	10	11	12	13	14
E	L	L	L	L	-	E	L	L	L	L	-	-	-
E	E	-	E	E	-	E	-	E	L	L	E	E	E
E	E	E	E	L	E	L	L	L	L	-	E	L	-
E	E	L	L	-	E	E	L	-	E	E	E	L	-
E	E	L	L	E	E	L	L	L	L	-	-	L	-
L	E	E	E	L	L	E	E	E	E	L	E	E	-
L	-	E	E	-	L	-	E	E	E	E	-	L	L
E	-	E	E	L	L	L	E	E	L	-	-	-	-
L	L	L	L	L	E	E	E	E	E	-	-	E	L
E	E	E	L	-	E	E	E	E	L	-	-	-	-
L	L	L	L	L	-	E	L	L	-	E	L	L	-
L	L	L	L	L	L	L	L	E	L	L	-	-	L
E	E	E	L	L	L	-	L	L	L	L	L	-	-
E	E	E	E	E	E	E	L	L	L	L	L	L	-
Objective 0: 944
Objective 1: 45
Constr violation: -133
Restrictions violated:
0 9 9 26 25 55 9 0 

Individual 93
1	2	3	4	5	6	7	8	9	10	11	12	13	14
E	E	E	E	E	-	L	L	L	L	E	L	L	-
E	L	L	L	-	L	-	E	E	L	L	L	-	-
L	L	-	L	L	L	-	E	L	L	L	-	L	-
L	-	E	E	E	L	E	E	-	L	L	L	L	-
L	L	-	L	L	L	E	L	E	L	L	L	-	L
L	L	L	L	-	L	-	E	E	L	-	-	-	-
L	L	L	-	E	E	E	E	L	-	L	-	-	-
L	L	L	-	E	E	E	E	E	-	L	L	-	-
L	L	L	L	-	E	L	E	E	E	L	-	-	L
E	L	L	L	L	L	E	L	-	E	L	L	L	L
E	E	E	L	L	E	L	L	E	E	L	L	-	-
E	E	E	L	E	L	L	L	L	E	E	E	L	L
E	E	E	L	-	E	E	E	E	L	E	E	L	-
E	E	L	E	E	E	E	-	E	L	E	E	-	-
Objective 0: 1250
Objective 1: 44
Constr violation: -138
Restrictions violated:
0 18 12 25 19 57 7 0 

Individual 94
1	2	3	4	5	6	7	8	9	10	11	12	13	14
E	E	-	E	L	L	L	E	E	-	E	E	L	L
E	L	E	E	E	L	-	L	L	L	-	E	E	E
E	E	E	L	L	L	E	E	E	E	E	-	-	-
E	L	L	L	L	E	E	L	L	L	L	E	L	-
E	E	E	E	L	-	E	E	L	L	L	-	-	-
E	E	L	-	L	L	L	L	L	-	E	E	L	L
L	L	L	L	L	-	L	L	L	L	L	-	-	-
E	E	E	E	E	-	L	L	L	L	-	E	E	-
L	L	L	L	E	-	L	L	-	E	E	L	-	-
E	L	L	L	L	E	E	E	E	L	L	-	-	-
E	L	L	L	L	-	E	E	E	E	E	-	L	L
E	E	E	E	E	-	E	L	L	L	-	E	E	-
E	-	E	E	L	L	E	E	E	E	E	E	E	-
E	L	-	L	L	L	L	-	L	L	L	E	L	-
Objective 0: 1552
Objective 1: 61
Constr violation: -135
Restrictions violated:
0 26 9 20 14 58 8 0 

Individual 95
1	2	3	4	5	6	7	8	9	10	11	12	13	14
E	E	E	E	E	L	-	E	-	L	L	L	L	-
E	E	E	E	L	L	L	L	-	E	E	E	E	E
L	L	L	L	L	L	L	E	E	E	E	L	-	E
E	E	E	E	E	L	E	E	E	L	L	-	-	-
L	L	L	L	-	E	E	E	L	-	-	-	-	-
E	E	L	L	E	L	L	L	-	E	E	E	L	L
E	L	L	L	L	E	L	L	L	L	E	L	L	-
L	L	L	L	L	-	E	E	E	E	E	E	E	L
E	E	E	E	-	L	L	-	E	E	E	E	E	-
E	E	L	L	-	L	L	L	L	-	L	L	L	L
L	L	L	L	L	L	-	E	E	E	E	L	L	-
E	L	L	L	L	L	-	L	L	L	-	E	E	E
E	E	E	L	-	E	E	E	E	L	-	E	E	-
E	E	L	L	L	-	E	L	L	L	L	-	-	-
Objective 0: 850
Objective 1: 58
Constr violation: -137
Restrictions violated:
0 14 5 19 22 67 10 0 

Individual 96
1	2	3	4	5	6	7	8	9	10	11	12	13	14
E	L	-	E	E	E	E	L	L	L	L	-	-	-
E	E	-	E	L	L	L	E	L	L	L	L	-	-
E	E	E	E	E	E	E	-	E	E	E	L	E	E
L	L	L	L	-	E	E	L	L	E	E	E	E	L
E	E	E	-	E	E	E	L	L	L	-	E	E	-
E	L	L	L	L	L	L	L	L	-	L	L	L	L
L	L	L	L	L	-	L	L	L	L	E	E	E	E
L	L	L	L	E	E	E	E	L	E	E	L	L	-
L	L	L	L	E	L	L	E	E	E	E	L	-	-
E	E	E	E	-	L	L	L	L	-	L	-	L	-
E	E	L	L	-	E	E	E	E	-	E	L	-	-
E	E	E	L	-	L	L	-	E	E	E	L	L	-
E	E	E	L	L	-	E	E	E	L	-	-	-	-
L	L	L	L	L	-	E	E	L	L	E	E	E	L
Objective 0: 646
Objective 1: 52
Constr violation: -149
Restrictions violated:
0 25 9 17 26 63 9 0 

Individual 97
1	2	3	4	5	6	7	8	9	10	11	12	13	14
E	E	E	L	L	L	-	E	L	L	L	-	-	E
E	L	L	E	E	E	E	E	-	E	E	L	-	-
E	E	L	L	L	-	L	L	L	L	E	E	E	L
E	E	L	L	L	-	L	L	L	L	L	E	E	L
L	-	E	E	E	E	L	L	E	E	E	E	E	-
L	L	-	E	E	L	L	E	L	E	L	L	L	-
E	E	E	L	E	E	L	L	E	E	E	-	-	-
E	E	E	L	L	-	E	E	E	E	E	-	-	-
E	L	L	L	L	L	L	L	L	-	-	L	L	-
E	E	E	L	L	E	L	L	L	E	E	L	-	-
E	E	L	-	L	L	-	E	E	E	L	-	-	-
E	E	L	L	E	E	L	-	E	E	E	L	L	-
L	L	-	E	E	E	L	-	E	E	L	L	L	L
E	L	L	L	L	-	L	-	E	E	E	E	-	-
Objective 0: 1554
Objective 1: 48
Constr violation: -156
Restrictions violated:
0 30 11 17 26 64 8 0 

Individual 98
1	2	3	4	5	6	7	8	9	10	11	12	13	14
E	L	L	L	E	E	E	E	-	E	L	-	-	-
L	L	-	E	E	L	L	E	E	E	E	-	-	-
E	E	E	E	L	-	E	E	E	E	L	L	L	-
E	L	E	L	L	L	L	E	E	E	L	-	E	E
E	L	L	L	L	E	E	E	E	L	E	-	-	-
E	E	E	E	E	-	L	L	L	L	-	-	-	-
E	E	L	-	L	L	L	L	-	E	L	L	-	-
E	L	L	-	L	L	L	L	-	E	E	-	E	E
L	L	E	-	E	E	E	-	L	L	L	L	-	-
E	E	E	E	L	-	E	E	E	L	-	-	-	-
E	E	L	L	L	L	-	E	E	E	L	L	L	-
E	E	E	E	E	E	L	-	E	L	L	L	L	-
E	E	E	L	-	L	L	L	L	L	-	E	L	L
E	L	L	L	L	-	E	E	L	L	-	E	L	L
Objective 0: 1346
Objective 1: 63
Constr violation: -120
Restrictions violated:
0 23 7 16 16 52 6 0 

Individual 99
1	2	3	4	5	6	7	8	9	10	11	12	13	14
E	E	E	L	-	E	L	L	L	L	-	-	-	-
E	L	L	L	-	E	E	E	L	L	-	-	-	L
E	E	L	-	E	E	L	L	L	E	E	E	-	-
E	E	L	L	L	-	E	L	L	-	-	-	-	-
E	E	L	L	L	E	L	L	E	E	E	E	L	-
L	-	E	L	L	L	L	L	L	E	L	-	-	-
L	L	L	L	-	E	-	E	E	L	L	L	L	-
L	L	L	L	L	L	L	-	E	L	E	L	-	-
L	L	L	L	E	E	E	E	L	E	L	L	L	-
E	L	-	E	E	L	L	L	-	E	E	L	L	L
E	L	L	L	L	-	L	L	L	L	L	E	-	-
E	E	L	-	E	E	L	E	L	L	L	L	-	-
L	L	L	L	-	E	E	E	L	-	E	E	L	-
E	L	L	L	L	-	E	E	E	E	L	-	-	-
Objective 0: 1851
Objective 1: 39
Constr violation: -131
Restrictions violated:
0 18 9 14 24 60 6 0 

