Individual 0
1	2	3	4	5	6	7	8	9	10	11	12	13	14
L	L	-	-	E	L	L	L	L	-	-	-	-	-
-	-	E	E	L	-	-	E	E	E	E	-	-	E
L	L	L	-	E	L	L	-	-	E	E	E	-	-
E	E	E	E	-	-	E	E	E	E	E	-	-	-
-	L	L	L	-	-	-	L	L	L	-	-	L	L
-	-	L	L	L	L	L	-	-	-	E	E	-	-
E	E	L	-	-	-	-	-	-	-	L	L	L	L
E	E	L	-	-	E	E	E	E	L	-	-	-	-
-	-	L	L	L	-	-	-	L	L	-	-	E	E
E	L	L	L	L	-	-	-	-	-	L	L	L	L
L	-	-	-	-	L	L	L	L	-	-	-	-	-
L	-	-	-	-	-	-	-	-	-	L	L	L	-
-	-	-	E	E	L	L	-	-	-	-	-	-	-
-	E	E	-	-	-	-	-	E	E	-	-	-	-
Objective 0: 1702
Objective 1: 19
Constr violation: 0
Restrictions violated:
0 0 0 0 0 0 0 0 

Individual 1
1	2	3	4	5	6	7	8	9	10	11	12	13	14
E	E	L	-	-	L	L	L	L	L	-	-	-	-
-	-	E	E	L	-	-	E	E	E	E	-	-	E
L	L	L	-	E	L	L	-	-	E	E	E	-	-
-	E	E	E	E	-	-	E	E	E	E	-	-	E
-	-	-	L	L	-	-	L	L	L	-	-	L	L
-	-	L	L	L	L	L	-	-	-	E	E	-	-
E	E	L	-	-	L	L	L	-	-	L	L	-	-
E	E	L	-	-	E	E	E	E	L	-	-	-	-
-	-	L	L	L	-	-	-	L	L	-	-	E	E
E	L	L	L	L	-	-	-	-	-	L	L	L	L
-	L	-	-	-	-	-	L	L	L	-	-	-	-
L	-	-	-	-	-	-	-	-	-	L	L	L	-
-	-	-	-	L	L	L	L	-	-	-	-	-	-
-	E	E	-	-	-	-	-	E	E	-	-	-	-
Objective 0: 2007
Objective 1: 14
Constr violation: 0
Restrictions violated:
0 0 0 0 0 0 0 0 

Individual 2
1	2	3	4	5	6	7	8	9	10	11	12	13	14
E	E	L	-	-	L	L	L	L	L	-	-	-	-
-	-	E	E	L	-	-	E	E	E	E	-	-	E
L	L	L	-	E	L	L	-	-	E	E	E	-	-
-	E	E	E	E	-	-	E	E	E	E	-	-	E
-	-	-	L	L	-	-	L	L	L	-	-	L	L
-	-	L	L	L	L	L	-	-	-	E	E	-	-
E	E	L	-	-	L	L	L	-	-	L	L	-	-
E	E	L	-	-	E	E	E	E	L	-	-	-	-
-	-	L	L	L	-	-	-	L	L	-	-	E	E
E	L	L	L	L	-	-	-	-	-	L	L	L	L
-	L	-	-	-	-	-	L	L	L	-	-	-	-
L	-	-	-	-	-	-	-	-	-	L	L	L	-
-	-	-	-	L	L	L	L	-	-	-	-	-	-
-	E	E	-	-	-	-	-	E	E	-	-	-	-
Objective 0: 2007
Objective 1: 14
Constr violation: 0
Restrictions violated:
0 0 0 0 0 0 0 0 

Individual 3
1	2	3	4	5	6	7	8	9	10	11	12	13	14
L	L	-	-	E	L	L	L	L	-	-	-	-	-
-	-	E	E	L	-	-	E	E	E	E	-	-	E
L	L	L	-	E	L	L	-	-	E	E	E	-	-
E	E	E	E	-	-	E	E	E	E	E	-	-	-
-	-	L	L	L	-	-	L	L	L	-	-	L	L
-	-	L	L	L	L	L	-	-	-	E	E	-	-
E	E	L	-	-	L	L	L	-	-	L	L	-	-
E	E	L	-	-	E	E	E	E	L	-	-	-	-
-	-	L	L	L	-	-	-	L	L	-	-	E	E
E	L	L	L	L	-	-	-	-	-	L	L	L	L
-	L	-	-	-	-	-	L	L	L	-	-	-	-
L	-	-	-	-	-	-	-	-	-	L	L	L	-
-	-	-	-	L	L	L	L	-	-	-	-	-	-
-	E	E	-	-	-	-	-	E	E	-	-	-	-
Objective 0: 1906
Objective 1: 15
Constr violation: 0
Restrictions violated:
0 0 0 0 0 0 0 0 

Individual 4
1	2	3	4	5	6	7	8	9	10	11	12	13	14
E	E	L	-	-	L	L	L	L	L	-	-	-	-
-	-	E	E	L	-	-	E	E	E	E	-	-	E
L	L	L	-	E	L	L	-	-	E	E	E	-	-
-	E	E	E	E	-	-	E	E	E	E	-	-	E
-	-	-	L	L	-	-	L	L	L	-	-	L	L
-	-	L	L	L	L	L	-	-	-	E	E	-	-
E	E	L	-	-	L	L	L	-	-	L	L	-	-
E	E	L	-	-	E	E	E	E	L	-	-	-	-
-	-	L	L	L	-	-	-	L	L	-	-	E	E
E	L	L	L	L	-	-	-	-	-	L	L	L	L
-	L	-	-	-	-	-	L	L	L	-	-	-	-
L	-	-	-	-	-	-	-	-	-	L	L	L	-
-	-	-	E	E	L	L	-	-	-	-	-	-	-
-	E	E	-	-	-	-	-	E	E	-	-	-	-
Objective 0: 1805
Objective 1: 16
Constr violation: 0
Restrictions violated:
0 0 0 0 0 0 0 0 

Individual 5
1	2	3	4	5	6	7	8	9	10	11	12	13	14
E	E	L	-	-	L	L	L	L	L	-	-	-	-
-	-	E	E	L	-	-	E	E	E	E	-	-	E
L	L	L	-	E	L	L	-	-	E	E	E	-	-
-	E	E	E	E	-	-	E	E	E	E	-	-	E
-	-	-	L	L	-	-	L	L	L	-	-	L	L
-	-	L	L	L	L	L	-	-	-	E	E	-	-
E	E	L	-	-	L	L	L	-	-	L	L	-	-
E	E	L	-	-	E	E	E	E	L	-	-	-	-
-	-	L	L	L	-	-	-	L	L	-	-	E	E
E	L	L	L	L	-	-	-	-	-	L	L	L	L
-	L	-	-	-	-	-	L	L	L	-	-	-	-
L	-	-	-	-	-	-	-	-	-	L	L	L	-
-	-	-	E	E	L	L	-	-	-	-	-	-	-
-	E	E	-	-	-	-	-	E	E	-	-	-	-
Objective 0: 1805
Objective 1: 16
Constr violation: 0
Restrictions violated:
0 0 0 0 0 0 0 0 

Individual 6
1	2	3	4	5	6	7	8	9	10	11	12	13	14
L	L	-	-	E	L	L	L	L	-	-	-	-	-
-	-	E	E	L	-	-	E	E	E	E	-	-	E
L	L	L	-	E	L	L	-	-	E	E	E	-	-
E	E	E	E	-	-	E	E	E	E	E	-	-	-
-	-	L	L	L	-	-	L	L	L	-	-	L	L
-	-	L	L	L	L	L	-	-	-	E	E	-	-
E	E	L	-	-	L	L	L	-	-	L	L	-	-
E	E	L	-	-	E	E	E	E	L	-	-	-	-
-	-	L	L	L	-	-	-	L	L	-	-	E	E
E	L	L	L	L	-	-	-	-	-	L	L	L	L
-	L	-	-	-	-	-	L	L	L	-	-	-	-
L	-	-	-	-	-	-	-	-	-	L	L	L	-
-	-	-	E	E	L	L	-	-	-	-	-	-	-
-	E	E	-	-	-	-	-	E	E	-	-	-	-
Objective 0: 1704
Objective 1: 17
Constr violation: 0
Restrictions violated:
0 0 0 0 0 0 0 0 

Individual 7
1	2	3	4	5	6	7	8	9	10	11	12	13	14
L	L	-	-	E	L	L	L	L	-	-	-	-	-
-	-	E	E	L	-	-	E	E	E	E	-	-	E
L	L	L	-	E	L	L	-	-	E	E	E	-	-
E	E	E	E	-	-	E	E	E	E	E	-	-	-
-	-	L	L	L	-	-	L	L	L	-	-	L	L
-	-	L	L	L	L	L	-	-	-	E	E	-	-
E	E	L	-	-	L	L	L	-	-	L	L	-	-
E	E	L	-	-	E	E	E	E	L	-	-	-	-
-	-	L	L	-	-	-	L	L	L	-	-	E	E
E	L	L	L	L	-	-	-	-	-	L	L	L	L
-	L	-	-	-	-	-	L	L	L	-	-	-	-
L	-	-	-	-	-	-	-	-	-	L	L	L	-
-	-	-	-	L	L	L	L	-	-	-	-	-	-
-	E	E	-	-	-	-	-	E	E	-	-	-	-
Objective 0: 1906
Objective 1: 15
Constr violation: 0
Restrictions violated:
0 0 0 0 0 0 0 0 

Individual 8
1	2	3	4	5	6	7	8	9	10	11	12	13	14
L	L	-	-	E	L	L	L	L	-	-	-	-	-
-	-	E	E	L	-	-	E	E	E	E	-	-	E
L	L	L	-	E	L	L	-	-	E	E	E	-	-
E	E	E	E	-	-	E	E	E	E	E	-	-	-
-	L	L	L	-	-	-	L	L	L	-	-	L	L
-	-	L	L	L	L	L	-	-	-	E	E	-	-
E	E	L	-	-	L	L	L	-	-	L	L	-	-
E	E	L	-	-	E	E	E	E	L	-	-	-	-
-	-	L	L	L	-	-	-	L	L	-	-	E	E
E	L	L	L	L	-	-	-	-	-	L	L	L	L
-	L	-	-	-	-	-	L	L	L	-	-	-	-
L	-	-	-	-	-	-	-	-	-	L	L	L	-
-	-	-	E	E	L	L	-	-	-	-	-	-	-
-	E	E	-	-	-	-	-	E	E	-	-	-	-
Objective 0: 1703
Objective 1: 18
Constr violation: 0
Restrictions violated:
0 0 0 0 0 0 0 0 

Individual 9
1	2	3	4	5	6	7	8	9	10	11	12	13	14
L	L	-	-	E	L	L	L	L	-	-	-	-	-
-	-	E	E	L	-	-	E	E	E	E	-	-	E
L	L	L	-	E	L	L	-	-	E	E	E	-	-
E	E	E	E	-	-	E	E	E	E	E	-	-	-
-	-	L	L	L	-	-	L	L	L	-	-	L	L
-	-	L	L	L	L	L	-	-	-	E	E	-	-
E	E	L	-	-	L	L	L	-	-	L	L	-	-
E	E	L	-	-	E	E	E	E	L	-	-	-	-
-	-	L	L	L	-	-	-	L	L	-	-	E	E
E	L	L	L	L	-	-	-	-	-	L	L	L	L
-	L	-	-	-	-	-	L	L	L	-	-	-	-
L	-	-	-	-	-	-	-	-	-	L	L	L	-
-	-	-	E	E	L	L	-	-	-	-	-	-	-
-	E	E	-	-	-	-	-	E	E	-	-	-	-
Objective 0: 1704
Objective 1: 17
Constr violation: 0
Restrictions violated:
0 0 0 0 0 0 0 0 

Individual 10
1	2	3	4	5	6	7	8	9	10	11	12	13	14
L	L	-	-	E	L	L	L	L	-	-	-	-	-
-	-	E	E	L	-	-	E	E	E	E	-	-	E
L	L	L	-	E	L	L	-	-	E	E	E	-	-
E	E	E	E	-	-	E	E	E	E	E	-	-	-
-	L	L	L	-	-	-	L	L	L	-	-	L	L
-	-	L	L	L	L	L	-	-	-	E	E	-	-
E	E	L	-	-	-	-	-	-	-	L	L	L	L
E	E	L	-	-	E	E	E	E	L	-	-	-	-
-	-	L	L	L	-	-	-	L	L	-	-	E	E
E	L	L	L	L	-	-	-	-	-	L	L	L	L
L	-	-	-	-	L	L	L	L	-	-	-	-	-
L	-	-	-	-	-	-	-	-	-	L	L	L	-
-	-	-	E	E	L	L	-	-	-	-	-	-	-
-	E	E	-	-	-	-	-	E	E	-	-	-	-
Objective 0: 1702
Objective 1: 19
Constr violation: 0
Restrictions violated:
0 0 0 0 0 0 0 0 

Individual 11
1	2	3	4	5	6	7	8	9	10	11	12	13	14
L	L	-	-	E	L	L	L	L	-	-	-	-	-
-	-	E	E	L	-	-	E	E	E	E	-	-	E
L	L	L	-	E	L	L	-	-	E	E	E	-	-
E	E	E	E	-	-	E	E	E	E	E	-	-	-
-	L	L	L	-	-	-	L	L	L	-	-	L	L
-	-	L	L	L	L	L	-	-	-	E	E	-	-
E	E	L	-	-	L	L	L	-	-	L	L	-	-
E	E	L	-	-	E	E	E	E	L	-	-	-	-
-	-	L	L	L	-	-	-	L	L	-	-	E	E
E	L	L	L	L	-	-	-	-	-	L	L	L	L
-	L	-	-	-	-	-	L	L	L	-	-	-	-
L	-	-	-	-	-	-	-	-	-	L	L	L	-
-	-	-	E	E	L	L	-	-	-	-	-	-	-
-	E	E	-	-	-	-	-	E	E	-	-	-	-
Objective 0: 1703
Objective 1: 18
Constr violation: 0
Restrictions violated:
0 0 0 0 0 0 0 0 

Individual 12
1	2	3	4	5	6	7	8	9	10	11	12	13	14
L	L	-	-	E	L	L	L	L	-	-	-	-	-
-	-	E	E	L	-	-	E	E	E	E	-	-	E
L	L	L	-	E	L	L	-	-	E	E	E	-	-
E	E	E	E	-	-	E	E	E	E	E	-	-	-
-	-	L	L	L	-	-	L	L	L	-	-	L	L
-	-	L	L	L	L	L	-	-	-	E	E	-	-
E	E	L	-	-	L	L	L	-	-	L	L	-	-
E	E	L	-	-	E	E	E	E	L	-	-	-	-
-	-	L	L	L	-	-	-	L	L	-	-	E	E
E	L	L	L	L	-	-	-	-	-	L	L	L	L
-	L	-	-	-	-	-	L	L	L	-	-	-	-
L	-	-	-	-	-	-	-	-	-	L	L	L	-
-	-	-	-	L	L	L	L	-	-	-	-	-	-
-	E	E	-	-	-	-	-	E	E	-	-	-	-
Objective 0: 1906
Objective 1: 15
Constr violation: 0
Restrictions violated:
0 0 0 0 0 0 0 0 

Individual 13
1	2	3	4	5	6	7	8	9	10	11	12	13	14
L	L	-	-	E	L	L	L	L	-	-	-	-	-
-	-	E	E	L	-	-	E	E	E	E	-	-	E
L	L	L	-	E	L	L	-	-	E	E	E	-	-
E	E	E	E	-	-	E	E	E	E	E	-	-	-
-	-	L	L	L	-	-	L	L	L	-	-	L	L
-	-	L	L	L	L	L	-	-	-	E	E	-	-
E	E	L	-	-	L	L	L	-	-	L	L	-	-
E	E	L	-	-	E	E	E	E	L	-	-	-	-
-	-	L	L	L	-	-	-	L	L	-	-	E	E
E	L	L	L	L	-	-	-	-	-	L	L	L	L
-	L	-	-	-	-	-	L	L	L	-	-	-	-
L	-	-	-	-	-	-	-	-	-	L	L	L	-
-	-	-	E	E	L	L	-	-	-	-	-	-	-
-	E	E	-	-	-	-	-	E	E	-	-	-	-
Objective 0: 1704
Objective 1: 17
Constr violation: 0
Restrictions violated:
0 0 0 0 0 0 0 0 

Individual 14
1	2	3	4	5	6	7	8	9	10	11	12	13	14
E	E	L	-	-	L	L	L	L	L	-	-	-	-
-	-	E	E	L	-	-	E	E	E	E	-	-	E
L	L	L	-	E	L	L	-	-	E	E	E	-	-
-	E	E	E	E	-	-	E	E	E	E	-	-	E
-	-	-	L	L	-	-	L	L	L	-	-	L	L
-	-	L	L	L	L	L	-	-	-	E	E	-	-
E	E	L	-	-	L	L	L	-	-	L	L	-	-
E	E	L	-	-	E	E	E	E	L	-	-	-	-
-	-	L	L	L	-	-	-	L	L	-	-	E	E
E	L	L	L	L	-	-	-	-	-	L	L	L	L
-	L	-	-	-	-	-	L	L	L	-	-	-	-
L	-	-	-	-	-	-	-	-	-	L	L	L	-
-	-	-	E	E	L	L	-	-	-	-	-	-	-
-	E	E	-	-	-	-	-	E	E	-	-	-	-
Objective 0: 1805
Objective 1: 16
Constr violation: 0
Restrictions violated:
0 0 0 0 0 0 0 0 

Individual 15
1	2	3	4	5	6	7	8	9	10	11	12	13	14
E	E	L	-	-	L	L	L	L	L	-	-	-	-
-	-	E	E	L	-	-	E	E	E	E	-	-	E
L	L	L	-	E	L	L	-	-	E	E	E	-	-
-	E	E	E	E	-	-	E	E	E	E	-	-	E
-	-	-	L	L	-	-	L	L	L	-	-	L	L
-	-	L	L	L	L	L	-	-	-	E	E	-	-
E	E	L	-	-	L	L	L	-	-	L	L	-	-
E	E	L	-	-	E	E	E	E	L	-	-	-	-
-	-	L	L	L	-	-	-	L	L	-	-	E	E
E	L	L	L	L	-	-	-	-	-	L	L	L	L
-	L	-	-	-	-	-	L	L	L	-	-	-	-
L	-	-	-	-	-	-	-	-	-	L	L	L	-
-	-	-	E	E	L	L	-	-	-	-	-	-	-
-	E	E	-	-	-	-	-	E	E	-	-	-	-
Objective 0: 1805
Objective 1: 16
Constr violation: 0
Restrictions violated:
0 0 0 0 0 0 0 0 

Individual 16
1	2	3	4	5	6	7	8	9	10	11	12	13	14
L	L	-	-	E	L	L	L	L	-	-	-	-	-
-	-	E	E	L	-	-	E	E	E	E	-	-	E
L	L	L	-	E	L	L	-	-	E	E	E	-	-
E	E	E	E	-	-	E	E	E	E	E	-	-	-
-	L	L	L	-	-	-	L	L	L	-	-	L	L
-	-	L	L	L	L	L	-	-	-	E	E	-	-
E	E	L	-	-	L	L	L	-	-	L	L	-	-
E	E	L	-	-	E	E	E	E	L	-	-	-	-
-	-	L	L	L	-	-	-	L	L	-	-	E	E
E	L	L	L	L	-	-	-	-	-	L	L	L	L
-	L	-	-	-	-	-	L	L	L	-	-	-	-
L	-	-	-	-	-	-	-	-	-	L	L	L	-
-	-	-	E	E	L	L	-	-	-	-	-	-	-
-	E	E	-	-	-	-	-	E	E	-	-	-	-
Objective 0: 1703
Objective 1: 18
Constr violation: 0
Restrictions violated:
0 0 0 0 0 0 0 0 

Individual 17
1	2	3	4	5	6	7	8	9	10	11	12	13	14
L	L	-	-	E	L	L	L	L	-	-	-	-	-
-	-	E	E	L	-	-	E	E	E	E	-	-	E
L	L	L	-	E	L	L	-	-	E	E	E	-	-
E	E	E	E	-	-	E	E	E	E	E	-	-	-
-	-	L	L	L	-	-	L	L	L	-	-	L	L
-	-	L	L	L	L	L	-	-	-	E	E	-	-
E	E	L	-	-	L	L	L	-	-	L	L	-	-
E	E	L	-	-	E	E	E	E	L	-	-	-	-
-	-	L	L	L	-	-	-	L	L	-	-	E	E
E	L	L	L	L	-	-	-	-	-	L	L	L	L
-	L	-	-	-	-	-	L	L	L	-	-	-	-
L	-	-	-	-	-	-	-	-	-	L	L	L	-
-	-	-	E	E	L	L	-	-	-	-	-	-	-
-	E	E	-	-	-	-	-	E	E	-	-	-	-
Objective 0: 1704
Objective 1: 17
Constr violation: 0
Restrictions violated:
0 0 0 0 0 0 0 0 

Individual 18
1	2	3	4	5	6	7	8	9	10	11	12	13	14
L	L	-	-	E	L	L	L	L	-	-	-	-	-
-	-	E	E	L	-	-	E	E	E	E	-	-	E
L	L	L	-	E	L	L	-	-	E	E	E	-	-
E	E	E	E	-	-	E	E	E	E	E	-	-	-
-	-	L	L	L	-	-	L	L	L	-	-	L	L
-	-	L	L	L	L	L	-	-	-	E	E	-	-
E	E	L	-	-	L	L	L	-	-	L	L	-	-
E	E	L	-	-	E	E	E	E	L	-	-	-	-
-	-	L	L	L	-	-	-	L	L	-	-	E	E
E	L	L	L	L	-	-	-	-	-	L	L	L	L
-	L	-	-	-	-	-	L	L	L	-	-	-	-
L	-	-	-	-	-	-	-	-	-	L	L	L	-
-	-	-	E	E	L	L	-	-	-	-	-	-	-
-	E	E	-	-	-	-	-	E	E	-	-	-	-
Objective 0: 1704
Objective 1: 17
Constr violation: 0
Restrictions violated:
0 0 0 0 0 0 0 0 

Individual 19
1	2	3	4	5	6	7	8	9	10	11	12	13	14
L	L	-	-	E	L	L	L	L	-	-	-	-	-
-	-	E	E	L	-	-	E	E	E	E	-	-	E
L	L	L	-	E	L	L	-	-	E	E	E	-	-
E	E	E	E	-	-	E	E	E	E	E	-	-	-
-	-	L	L	L	-	-	L	L	L	-	-	L	L
-	-	L	L	L	L	L	-	-	-	E	E	-	-
E	E	L	-	-	L	L	L	-	-	L	L	-	-
E	E	L	-	-	E	E	E	E	L	-	-	-	-
-	-	L	L	L	-	-	-	L	L	-	-	E	E
E	L	L	L	L	-	-	-	-	-	L	L	L	L
-	L	-	-	-	-	-	L	L	L	-	-	-	-
L	-	-	-	-	-	-	-	-	-	L	L	L	-
-	-	-	E	E	L	L	-	-	-	-	-	-	-
-	E	E	-	-	-	-	-	E	E	-	-	-	-
Objective 0: 1704
Objective 1: 17
Constr violation: 0
Restrictions violated:
0 0 0 0 0 0 0 0 

