1702 13 
1500 21 
1600 15 
1501 20 
1601 14 
1702 13 
1501 20 
1600 15 
1501 20 
1600 15 
1601 14 
1601 14 
1702 13 
1601 14 
1600 15 
1500 21 
1601 14 
1600 15 
1601 14 
1501 20 
1601 14 
1600 15 
1601 14 
1600 15 
1600 15 
1500 21 
1500 21 
1601 14 
1600 15 
1501 20 
1600 15 
1601 14 
1601 14 
1601 14 
1600 15 
1601 14 
1600 15 
1600 15 
1501 20 
1601 14 
1600 15 
1601 14 
1600 15 
1600 15 
1702 13 
1702 13 
1501 20 
1601 14 
1600 15 
1601 14 
1702 13 
1600 15 
1601 14 
1600 15 
1601 14 
1600 15 
1500 21 
1600 15 
1501 20 
1600 15 
1600 15 
1601 14 
1600 15 
1500 21 
1600 15 
1601 14 
1600 15 
1601 14 
1601 14 
1600 15 
1601 14 
1601 14 
1600 15 
1601 14 
1500 21 
1702 13 
1501 20 
1600 15 
1601 14 
1501 20 
1702 13 
1600 15 
1600 15 
1501 20 
1702 13 
1702 13 
1601 14 
1601 14 
1702 13 
1601 14 
1601 14 
1601 14 
1600 15 
1601 14 
1600 15 
1601 14 
1501 20 
1601 14 
1600 15 
1600 15 
