1600 17 
1901 13 
1700 15 
1600 17 
1901 13 
1800 14 
1700 15 
1600 17 
1800 14 
1700 15 
1800 14 
1700 15 
1901 13 
1800 14 
1600 17 
1901 13 
1800 14 
1600 17 
1600 17 
1700 15 
1600 17 
1800 14 
1700 15 
1600 17 
1901 13 
1700 15 
1901 13 
1800 14 
1800 14 
1600 17 
1600 17 
1901 13 
1600 17 
1600 17 
1800 14 
1800 14 
1700 15 
1901 13 
1600 17 
1800 14 
1600 17 
1800 14 
1600 17 
1700 15 
1700 15 
1901 13 
1600 17 
1800 14 
1600 17 
1700 15 
1700 15 
1600 17 
1800 14 
1901 13 
1700 15 
1800 14 
1800 14 
1800 14 
1700 15 
1700 15 
1700 15 
1700 15 
1700 15 
1800 14 
1700 15 
1700 15 
1600 17 
1600 17 
1800 14 
1800 14 
1600 17 
1800 14 
1700 15 
1600 17 
1700 15 
1700 15 
1800 14 
1800 14 
1800 14 
1800 14 
1700 15 
1800 14 
1600 17 
1901 13 
1600 17 
1600 17 
1800 14 
1901 13 
1700 15 
1800 14 
1700 15 
1700 15 
1700 15 
1700 15 
1800 14 
1700 15 
1700 15 
1600 17 
1600 17 
1600 17 
