1500 27 
2104 13 
1600 20 
1500 27 
1600 20 
1801 16 
2003 14 
1902 15 
1902 15 
2104 13 
2003 14 
1801 16 
1700 19 
1701 17 
1600 20 
1500 27 
1700 19 
1701 17 
2003 14 
1700 19 
1701 17 
2104 13 
1801 16 
1902 15 
2003 14 
1801 16 
1902 15 
1700 19 
1701 17 
1600 20 
2104 13 
1500 27 
1700 19 
2003 14 
1500 27 
1600 20 
1801 16 
1700 19 
1801 16 
1801 16 
1600 20 
2003 14 
1801 16 
1700 19 
2104 13 
1700 19 
1902 15 
1801 16 
1902 15 
2003 14 
1700 19 
2003 14 
2104 13 
1801 16 
1700 19 
1700 19 
2003 14 
1701 17 
1700 19 
1801 16 
2104 13 
1801 16 
1902 15 
1700 19 
1700 19 
2003 14 
1801 16 
1801 16 
2003 14 
1902 15 
2003 14 
1701 17 
1801 16 
1700 19 
1500 27 
1701 17 
1600 20 
1902 15 
1801 16 
1700 19 
2003 14 
1701 17 
1902 15 
1500 27 
1500 27 
1600 20 
1700 19 
1700 19 
1801 16 
1500 27 
1500 27 
1701 17 
1700 19 
2003 14 
1902 15 
1801 16 
1902 15 
1902 15 
1700 19 
1700 19 
