1702 10 
1300 14 
1300 14 
1400 13 
1702 10 
1501 12 
1601 11 
1601 11 
1400 13 
1702 10 
1601 11 
1400 13 
1501 12 
1501 12 
1501 12 
1400 13 
1601 11 
1601 11 
1601 11 
1400 13 
1601 11 
1400 13 
1400 13 
1601 11 
1400 13 
1601 11 
1501 12 
1300 14 
1400 13 
1400 13 
1601 11 
1601 11 
1601 11 
1400 13 
1400 13 
1702 10 
1601 11 
1400 13 
1501 12 
1400 13 
1400 13 
1601 11 
1400 13 
1400 13 
1300 14 
1300 14 
1601 11 
1300 14 
1400 13 
1300 14 
1300 14 
1400 13 
1400 13 
1601 11 
1400 13 
1400 13 
1601 11 
1601 11 
1501 12 
1601 11 
1601 11 
1400 13 
1601 11 
1300 14 
1702 10 
1400 13 
1601 11 
1501 12 
1501 12 
1501 12 
1400 13 
1601 11 
1702 10 
1501 12 
1300 14 
1601 11 
1400 13 
1400 13 
1601 11 
1400 13 
1601 11 
1601 11 
1400 13 
1400 13 
1400 13 
1400 13 
1400 13 
1400 13 
1300 14 
1601 11 
1501 12 
1601 11 
1601 11 
1400 13 
1702 10 
1601 11 
1601 11 
1501 12 
1400 13 
1501 12 
