1501 24 
1901 18 
1601 23 
1801 19 
1800 20 
1501 24 
1700 21 
1901 18 
1700 21 
1602 22 
1602 22 
1801 19 
1800 20 
1501 24 
1700 21 
1901 18 
1801 19 
1602 22 
1700 21 
1800 20 
1601 23 
1601 23 
1801 19 
1800 20 
1501 24 
1501 24 
1501 24 
1602 22 
1801 19 
1501 24 
1501 24 
1700 21 
1700 21 
1801 19 
1601 23 
1700 21 
1801 19 
1501 24 
1801 19 
1602 22 
1801 19 
1700 21 
1700 21 
1601 23 
1700 21 
1700 21 
1801 19 
1800 20 
1602 22 
1801 19 
1801 19 
1700 21 
1801 19 
1602 22 
1800 20 
1801 19 
1801 19 
1801 19 
1700 21 
1801 19 
1601 23 
1602 22 
1801 19 
1602 22 
1501 24 
1602 22 
1602 22 
1801 19 
1800 20 
1602 22 
1801 19 
1700 21 
1700 21 
1602 22 
1602 22 
1800 20 
1700 21 
1801 19 
1700 21 
1700 21 
1801 19 
1501 24 
1602 22 
1602 22 
1601 23 
1501 24 
1602 22 
1700 21 
1501 24 
1901 18 
1700 21 
1801 19 
1501 24 
1700 21 
1501 24 
1800 20 
1501 24 
1601 23 
1800 20 
1602 22 
