1904 12 
1400 19 
1803 13 
1501 16 
1602 15 
1904 12 
1702 14 
1803 13 
1602 15 
1702 14 
1500 17 
1401 18 
1500 17 
1702 14 
1401 18 
1803 13 
1401 18 
1501 16 
1500 17 
1501 16 
1904 12 
1400 19 
1602 15 
1602 15 
1702 14 
1500 17 
1400 19 
1501 16 
1401 18 
1400 19 
1501 16 
1602 15 
1500 17 
1501 16 
1400 19 
1400 19 
1400 19 
1501 16 
1501 16 
1400 19 
1401 18 
1602 15 
1501 16 
1400 19 
1500 17 
1500 17 
1500 17 
1501 16 
1602 15 
1400 19 
1501 16 
1501 16 
1501 16 
1501 16 
1401 18 
1501 16 
1501 16 
1401 18 
1401 18 
1400 19 
1400 19 
1501 16 
1401 18 
1501 16 
1602 15 
1803 13 
1501 16 
1500 17 
1500 17 
1500 17 
1500 17 
1500 17 
1803 13 
1501 16 
1500 17 
1401 18 
1500 17 
1602 15 
1500 17 
1501 16 
1501 16 
1401 18 
1401 18 
1803 13 
1501 16 
1501 16 
1401 18 
1803 13 
1904 12 
1500 17 
1401 18 
1401 18 
1500 17 
1501 16 
1500 17 
1401 18 
1500 17 
1500 17 
1904 12 
1501 16 
