1904 13 
1401 20 
1501 18 
1501 18 
1401 20 
1601 16 
1702 15 
1803 14 
1702 15 
1601 16 
1803 14 
1904 13 
1501 18 
1501 18 
1401 20 
1601 16 
1803 14 
1702 15 
1702 15 
1601 16 
1803 14 
1904 13 
1601 16 
1803 14 
1601 16 
1601 16 
1803 14 
1501 18 
1601 16 
1501 18 
1401 20 
1601 16 
1601 16 
1803 14 
1501 18 
1401 20 
1501 18 
1601 16 
1803 14 
1601 16 
1601 16 
1601 16 
1501 18 
1904 13 
1601 16 
1702 15 
1702 15 
1904 13 
1401 20 
1601 16 
1702 15 
1803 14 
1601 16 
1401 20 
1702 15 
1803 14 
1401 20 
1803 14 
1904 13 
1401 20 
1501 18 
1702 15 
1601 16 
1601 16 
1904 13 
1401 20 
1501 18 
1803 14 
1803 14 
1803 14 
1601 16 
1803 14 
1803 14 
1601 16 
1803 14 
1803 14 
1501 18 
1601 16 
1601 16 
1702 15 
1601 16 
1501 18 
1601 16 
1601 16 
1501 18 
1803 14 
1601 16 
1601 16 
1803 14 
1702 15 
1702 15 
1702 15 
1401 20 
1803 14 
1601 16 
1702 15 
1702 15 
1501 18 
1702 15 
1601 16 
