1700 16 
1802 14 
1701 15 
1802 14 
1701 15 
1700 16 
1701 15 
1802 14 
1701 15 
1700 16 
1701 15 
1802 14 
1701 15 
1701 15 
1701 15 
1701 15 
1701 15 
1701 15 
1701 15 
1701 15 
1701 15 
1700 16 
1700 16 
1802 14 
1701 15 
1802 14 
1700 16 
1701 15 
1701 15 
1701 15 
1701 15 
1701 15 
1701 15 
1701 15 
1701 15 
1802 14 
1701 15 
1701 15 
1701 15 
1701 15 
1701 15 
1802 14 
1802 14 
1701 15 
1701 15 
1701 15 
1701 15 
1701 15 
1701 15 
1701 15 
1701 15 
1701 15 
1802 14 
1701 15 
1701 15 
1802 14 
1701 15 
1701 15 
1701 15 
1701 15 
1802 14 
1700 16 
1701 15 
1701 15 
1802 14 
1700 16 
1701 15 
1701 15 
1701 15 
1802 14 
1701 15 
1701 15 
1701 15 
1802 14 
1701 15 
1701 15 
1802 14 
1802 14 
1802 14 
1701 15 
1701 15 
1701 15 
1701 15 
1701 15 
1802 14 
1701 15 
1701 15 
1802 14 
1701 15 
1701 15 
1802 14 
1701 15 
1701 15 
1701 15 
1701 15 
1700 16 
1701 15 
1701 15 
1701 15 
1802 14 
