1700 15 
2002 12 
2002 12 
1901 13 
1800 14 
1901 13 
1700 15 
1901 13 
1800 14 
1800 14 
1700 15 
1800 14 
1901 13 
2002 12 
1800 14 
1901 13 
1800 14 
1800 14 
2002 12 
1901 13 
1901 13 
1800 14 
1800 14 
1901 13 
1800 14 
1901 13 
1901 13 
1901 13 
1800 14 
1901 13 
1901 13 
1800 14 
1800 14 
1800 14 
1700 15 
2002 12 
1800 14 
1800 14 
1901 13 
1901 13 
1901 13 
1901 13 
1901 13 
1800 14 
1901 13 
1901 13 
1901 13 
1901 13 
2002 12 
1901 13 
1800 14 
1901 13 
1901 13 
1800 14 
1800 14 
1800 14 
1800 14 
2002 12 
1901 13 
1800 14 
1800 14 
1800 14 
1901 13 
1800 14 
1901 13 
1901 13 
1800 14 
2002 12 
1901 13 
1901 13 
1700 15 
1800 14 
1800 14 
1901 13 
1800 14 
2002 12 
1800 14 
2002 12 
1800 14 
1800 14 
1800 14 
1800 14 
1800 14 
1800 14 
1800 14 
1800 14 
1800 14 
1901 13 
1800 14 
1800 14 
1901 13 
1800 14 
2002 12 
1901 13 
1901 13 
1901 13 
1901 13 
1901 13 
1901 13 
1800 14 
