1802 20 
1400 31 
1702 22 
1602 23 
1401 30 
1702 22 
1802 20 
1500 28 
1601 24 
1502 25 
1500 28 
1500 28 
1501 26 
1401 30 
1802 20 
1502 25 
1602 23 
1502 25 
1601 24 
1400 31 
1702 22 
1601 24 
1501 26 
1500 28 
1601 24 
1401 30 
1501 26 
1501 26 
1400 31 
1601 24 
1501 26 
1500 28 
1501 26 
1602 23 
1500 28 
1601 24 
1502 25 
1601 24 
1501 26 
1502 25 
1601 24 
1500 28 
1401 30 
1501 26 
1602 23 
1502 25 
1802 20 
1502 25 
1601 24 
1500 28 
1401 30 
1502 25 
1502 25 
1501 26 
1501 26 
1502 25 
1501 26 
1500 28 
1501 26 
1602 23 
1501 26 
1400 31 
1401 30 
1502 25 
1502 25 
1601 24 
1602 23 
1500 28 
1401 30 
1602 23 
1501 26 
1500 28 
1400 31 
1802 20 
1400 31 
1702 22 
1401 30 
1401 30 
1401 30 
1401 30 
1502 25 
1500 28 
1500 28 
1802 20 
1501 26 
1401 30 
1500 28 
1400 31 
1802 20 
1602 23 
1601 24 
1802 20 
1602 23 
1702 22 
1500 28 
1501 26 
1602 23 
1702 22 
1501 26 
1501 26 
