1701 13 
1500 15 
1701 13 
1600 14 
1500 15 
1701 13 
1600 14 
1600 14 
1600 14 
1500 15 
1500 15 
1500 15 
1500 15 
1701 13 
1600 14 
1600 14 
1600 14 
1600 14 
1600 14 
1600 14 
1500 15 
1500 15 
1701 13 
1600 14 
1500 15 
1701 13 
1600 14 
1600 14 
1500 15 
1600 14 
1600 14 
1600 14 
1701 13 
1701 13 
1600 14 
1701 13 
1701 13 
1600 14 
1600 14 
1701 13 
1500 15 
1500 15 
1701 13 
1701 13 
1500 15 
1600 14 
1701 13 
1600 14 
1600 14 
1500 15 
1701 13 
1600 14 
1701 13 
1500 15 
1600 14 
1600 14 
1600 14 
1600 14 
1500 15 
1600 14 
1600 14 
1600 14 
1600 14 
1701 13 
1600 14 
1600 14 
1600 14 
1600 14 
1701 13 
1600 14 
1500 15 
1500 15 
1600 14 
1701 13 
1600 14 
1500 15 
1600 14 
1701 13 
1600 14 
1500 15 
1600 14 
1701 13 
1600 14 
1600 14 
1600 14 
1600 14 
1600 14 
1600 14 
1500 15 
1701 13 
1701 13 
1600 14 
1600 14 
1600 14 
1500 15 
1600 14 
1600 14 
1701 13 
1701 13 
1500 15 
