4523 52 
4422 54 
4422 54 
4523 52 
4523 52 
4422 54 
4422 54 
4523 52 
4422 54 
4523 52 
4523 52 
4422 54 
4523 52 
4523 52 
4422 54 
4422 54 
4523 52 
4523 52 
4422 54 
4422 54 
4422 54 
4523 52 
4422 54 
4523 52 
4422 54 
4422 54 
4523 52 
4422 54 
4422 54 
4422 54 
4422 54 
4523 52 
4523 52 
4422 54 
4422 54 
4422 54 
4523 52 
4523 52 
4523 52 
4422 54 
4422 54 
4523 52 
4422 54 
4422 54 
4422 54 
4422 54 
4422 54 
4422 54 
4422 54 
4523 52 
4422 54 
4422 54 
4523 52 
4422 54 
4523 52 
4523 52 
4523 52 
4422 54 
4523 52 
4422 54 
4523 52 
4422 54 
4422 54 
4523 52 
4523 52 
4422 54 
4523 52 
4422 54 
4523 52 
4422 54 
4422 54 
4422 54 
4523 52 
4422 54 
4422 54 
4523 52 
4422 54 
4422 54 
4422 54 
4523 52 
4523 52 
4523 52 
4422 54 
4422 54 
4422 54 
4422 54 
4523 52 
4523 52 
4523 52 
4523 52 
4422 54 
4422 54 
4422 54 
4523 52 
4422 54 
4523 52 
4422 54 
4523 52 
4523 52 
4422 54 
