4117 43 
3814 50 
3915 46 
4117 43 
3814 50 
3815 47 
3915 46 
4017 44 
4017 44 
3815 47 
4017 44 
3815 47 
3915 46 
4017 44 
3815 47 
3814 50 
4017 44 
3815 47 
3814 50 
3915 46 
3915 46 
4117 43 
3915 46 
3815 47 
3814 50 
3815 47 
3814 50 
3815 47 
3815 47 
3815 47 
4017 44 
4017 44 
4017 44 
3814 50 
3815 47 
3815 47 
3815 47 
3815 47 
3815 47 
3814 50 
3815 47 
4017 44 
3815 47 
4017 44 
3814 50 
3815 47 
3814 50 
4017 44 
3815 47 
3814 50 
4017 44 
4117 43 
4117 43 
4017 44 
3915 46 
3915 46 
3814 50 
3815 47 
3814 50 
3814 50 
3814 50 
3815 47 
3815 47 
4017 44 
3815 47 
3814 50 
3815 47 
3815 47 
4017 44 
3915 46 
3815 47 
3814 50 
3815 47 
3815 47 
3815 47 
3814 50 
4117 43 
4117 43 
3814 50 
4017 44 
4017 44 
3915 46 
4017 44 
3815 47 
3814 50 
4017 44 
4017 44 
4017 44 
3814 50 
4017 44 
4117 43 
3815 47 
3814 50 
3814 50 
3815 47 
3815 47 
4017 44 
4017 44 
3814 50 
3815 47 
