4011 39 
4010 42 
4010 42 
4010 42 
4011 39 
4011 39 
4011 39 
4010 42 
4011 39 
4010 42 
4011 39 
4011 39 
4010 42 
4010 42 
4011 39 
4010 42 
4010 42 
4010 42 
4010 42 
4011 39 
4010 42 
4011 39 
4010 42 
4010 42 
4011 39 
4010 42 
4011 39 
4010 42 
4010 42 
4010 42 
4011 39 
4011 39 
4011 39 
4010 42 
4010 42 
4011 39 
4011 39 
4010 42 
4010 42 
4010 42 
4010 42 
4011 39 
4011 39 
4011 39 
4011 39 
4011 39 
4011 39 
4010 42 
4010 42 
4011 39 
4010 42 
4011 39 
4011 39 
4011 39 
4010 42 
4010 42 
4010 42 
4011 39 
4011 39 
4011 39 
4010 42 
4011 39 
4010 42 
4011 39 
4010 42 
4011 39 
4010 42 
4010 42 
4011 39 
4011 39 
4010 42 
4011 39 
4011 39 
4011 39 
4010 42 
4011 39 
4011 39 
4011 39 
4011 39 
4011 39 
4010 42 
4011 39 
4011 39 
4010 42 
4011 39 
4011 39 
4010 42 
4011 39 
4010 42 
4010 42 
4010 42 
4011 39 
4010 42 
4010 42 
4011 39 
4010 42 
4011 39 
4011 39 
4010 42 
4011 39 
