4115 50 
4114 53 
4115 50 
4115 50 
4114 53 
4114 53 
4114 53 
4114 53 
4114 53 
4114 53 
4114 53 
4115 50 
4115 50 
4114 53 
4114 53 
4114 53 
4114 53 
4114 53 
4115 50 
4115 50 
4115 50 
4114 53 
4114 53 
4115 50 
4115 50 
4114 53 
4115 50 
4114 53 
4114 53 
4115 50 
4114 53 
4114 53 
4114 53 
4115 50 
4114 53 
4114 53 
4115 50 
4115 50 
4115 50 
4115 50 
4115 50 
4114 53 
4114 53 
4114 53 
4115 50 
4114 53 
4115 50 
4114 53 
4114 53 
4115 50 
4114 53 
4114 53 
4114 53 
4114 53 
4115 50 
4114 53 
4115 50 
4114 53 
4115 50 
4115 50 
4115 50 
4115 50 
4114 53 
4115 50 
4114 53 
4115 50 
4115 50 
4114 53 
4115 50 
4115 50 
4114 53 
4114 53 
4115 50 
4114 53 
4114 53 
4115 50 
4114 53 
4114 53 
4115 50 
4114 53 
4114 53 
4114 53 
4115 50 
4114 53 
4114 53 
4114 53 
4115 50 
4114 53 
4115 50 
4115 50 
4114 53 
4114 53 
4114 53 
4114 53 
4114 53 
4115 50 
4114 53 
4115 50 
4114 53 
4114 53 
