3510 40 
3409 43 
3510 40 
3510 40 
3409 43 
3409 43 
3409 43 
3409 43 
3409 43 
3409 43 
3409 43 
3510 40 
3409 43 
3409 43 
3510 40 
3409 43 
3409 43 
3510 40 
3409 43 
3409 43 
3409 43 
3510 40 
3409 43 
3409 43 
3510 40 
3510 40 
3409 43 
3510 40 
3409 43 
3409 43 
3409 43 
3409 43 
3510 40 
3409 43 
3409 43 
3409 43 
3510 40 
3510 40 
3510 40 
3510 40 
3409 43 
3409 43 
3510 40 
3409 43 
3510 40 
3409 43 
3409 43 
3409 43 
3409 43 
3409 43 
3409 43 
3409 43 
3510 40 
3409 43 
3409 43 
3510 40 
3409 43 
3409 43 
3409 43 
3510 40 
3409 43 
3510 40 
3409 43 
3409 43 
3409 43 
3409 43 
3409 43 
3409 43 
3409 43 
3409 43 
3409 43 
3409 43 
3409 43 
3510 40 
3409 43 
3409 43 
3409 43 
3510 40 
3409 43 
3510 40 
3409 43 
3409 43 
3510 40 
3409 43 
3409 43 
3409 43 
3409 43 
3409 43 
3510 40 
3409 43 
3510 40 
3409 43 
3409 43 
3409 43 
3409 43 
3510 40 
3510 40 
3510 40 
3409 43 
3409 43 
