3713 39 
3712 40 
3713 39 
3712 40 
3713 39 
3712 40 
3713 39 
3713 39 
3712 40 
3713 39 
3713 39 
3713 39 
3713 39 
3712 40 
3712 40 
3713 39 
3712 40 
3712 40 
3713 39 
3712 40 
3713 39 
3713 39 
3712 40 
3713 39 
3712 40 
3712 40 
3713 39 
3713 39 
3713 39 
3712 40 
3713 39 
3712 40 
3713 39 
3713 39 
3713 39 
3712 40 
3713 39 
3713 39 
3713 39 
3713 39 
3713 39 
3713 39 
3713 39 
3713 39 
3713 39 
3713 39 
3713 39 
3712 40 
3712 40 
3712 40 
3712 40 
3713 39 
3713 39 
3712 40 
3713 39 
3713 39 
3713 39 
3713 39 
3712 40 
3713 39 
3713 39 
3713 39 
3713 39 
3713 39 
3712 40 
3713 39 
3713 39 
3713 39 
3713 39 
3713 39 
3713 39 
3713 39 
3713 39 
3713 39 
3713 39 
3713 39 
3713 39 
3713 39 
3712 40 
3712 40 
3713 39 
3713 39 
3713 39 
3713 39 
3713 39 
3713 39 
3712 40 
3712 40 
3713 39 
3712 40 
3713 39 
3713 39 
3712 40 
3713 39 
3713 39 
3713 39 
3713 39 
3712 40 
3713 39 
3712 40 
