4317 49 
4215 54 
4216 51 
4317 49 
4216 51 
4215 54 
4216 51 
4317 49 
4215 54 
4216 51 
4216 51 
4215 54 
4317 49 
4216 51 
4317 49 
4216 51 
4216 51 
4216 51 
4216 51 
4216 51 
4317 49 
4317 49 
4216 51 
4216 51 
4216 51 
4317 49 
4216 51 
4317 49 
4216 51 
4317 49 
4216 51 
4216 51 
4216 51 
4216 51 
4216 51 
4216 51 
4317 49 
4216 51 
4216 51 
4216 51 
4317 49 
4216 51 
4216 51 
4216 51 
4216 51 
4216 51 
4216 51 
4215 54 
4216 51 
4216 51 
4216 51 
4216 51 
4317 49 
4216 51 
4216 51 
4317 49 
4216 51 
4216 51 
4216 51 
4216 51 
4216 51 
4216 51 
4216 51 
4216 51 
4216 51 
4317 49 
4216 51 
4216 51 
4216 51 
4216 51 
4216 51 
4216 51 
4216 51 
4216 51 
4216 51 
4216 51 
4216 51 
4216 51 
4216 51 
4216 51 
4216 51 
4215 54 
4216 51 
4317 49 
4215 54 
4216 51 
4216 51 
4216 51 
4215 54 
4317 49 
4216 51 
4216 51 
4216 51 
4317 49 
4216 51 
4216 51 
4216 51 
4216 51 
4216 51 
4215 54 
