4421 61 
4626 56 
4626 56 
4422 59 
4524 57 
4524 57 
4422 59 
4524 57 
4422 59 
4421 61 
4524 57 
4626 56 
4422 59 
4421 61 
4524 57 
4524 57 
4524 57 
4524 57 
4626 56 
4626 56 
4524 57 
4524 57 
4524 57 
4524 57 
4524 57 
4421 61 
4626 56 
4524 57 
4422 59 
4524 57 
4524 57 
4524 57 
4626 56 
4524 57 
4421 61 
4524 57 
4524 57 
4524 57 
4524 57 
4626 56 
4524 57 
4524 57 
4626 56 
4524 57 
4626 56 
4524 57 
4422 59 
4524 57 
4524 57 
4524 57 
4422 59 
4524 57 
4524 57 
4524 57 
4524 57 
4524 57 
4421 61 
4524 57 
4421 61 
4524 57 
4524 57 
4626 56 
4422 59 
4524 57 
4524 57 
4524 57 
4524 57 
4524 57 
4524 57 
4524 57 
4524 57 
4422 59 
4524 57 
4422 59 
4524 57 
4422 59 
4524 57 
4524 57 
4626 56 
4524 57 
4626 56 
4524 57 
4422 59 
4524 57 
4524 57 
4524 57 
4524 57 
4524 57 
4524 57 
4422 59 
4422 59 
4524 57 
4524 57 
4626 56 
4626 56 
4421 61 
4626 56 
4422 59 
4421 61 
4524 57 
