Individual 0
1	2	3	4	5	6	7	8	9	10	11	12	13	14	15	16	17	18	19	20	21	22	23	24	25	26	27	28
E	E	D	-	-	E	E	E	E	D	-	-	-	E	E	D	D	D	-	-	-	D	D	D	-	-	-	-
L	L	L	L	L	-	-	L	L	L	L	-	-	-	L	L	-	-	L	L	L	L	L	-	-	-	L	L
D	L	-	-	-	L	L	L	L	L	-	-	-	-	D	D	L	L	L	-	-	-	-	-	D	D	L	L
-	E	E	E	E	E	E	D	-	-	E	E	D	D	-	-	E	E	D	-	-	-	E	D	D	D	-	-
E	D	D	D	L	-	-	E	D	L	-	-	E	D	D	L	-	-	E	E	D	L	-	-	-	-	-	-
E	E	E	L	L	-	-	-	E	E	-	-	-	-	-	-	-	L	L	L	L	-	-	E	E	L	L	L
E	E	E	E	-	-	-	-	-	-	E	E	E	E	E	-	-	E	E	-	-	E	E	L	L	-	-	E
L	L	L	-	-	L	L	L	-	-	-	L	L	-	-	L	L	L	L	-	-	L	L	L	L	-	-	-
D	D	D	D	D	-	-	D	D	-	-	D	D	D	D	-	-	-	D	D	-	-	-	D	D	D	-	-
-	-	-	E	E	E	L	-	-	E	L	L	L	-	-	-	E	E	E	-	-	E	E	E	E	E	-	-
D	L	L	L	L	-	-	-	D	L	L	L	L	L	-	-	-	-	-	-	D	D	D	D	L	-	-	-
D	D	L	L	-	-	-	E	E	D	D	-	-	-	E	D	L	-	-	-	E	E	L	-	-	-	E	E
D	L	-	-	-	-	-	E	L	L	L	L	-	-	-	E	D	D	L	L	L	-	-	-	E	E	D	D
E	E	D	L	L	-	-	-	-	E	D	D	D	L	L	-	-	-	-	E	E	E	E	D	-	-	-	-
-	-	-	E	D	D	D	D	D	-	-	-	-	-	D	L	L	L	-	-	-	-	E	E	E	E	L	L
-	-	L	-	-	-	-	-	D	D	-	-	-	D	-	-	E	-	-	-	-	E	D	-	-	-	-	-
-	-	-	E	-	-	-	-	-	E	E	-	-	-	E	E	-	-	D	-	-	-	-	-	-	-	-	E
L	-	-	-	E	E	-	-	-	D	L	-	-	-	-	-	D	-	-	-	-	-	E	E	L	-	-	-
Objective 0: 5623
Objective 1: 89
Constr violation: 0
Restrictions violated:
0 0 0 0 0 0 0 0 

Individual 1
1	2	3	4	5	6	7	8	9	10	11	12	13	14	15	16	17	18	19	20	21	22	23	24	25	26	27	28
E	E	D	-	-	E	E	E	E	D	-	-	-	E	E	D	D	D	-	-	-	D	D	D	-	-	-	-
L	L	L	L	L	-	-	L	L	L	L	-	-	-	L	L	-	-	L	L	L	L	L	-	-	-	L	L
L	L	L	L	-	-	-	D	L	L	-	-	D	L	L	-	-	-	D	D	D	L	-	-	D	L	-	-
-	E	E	E	E	E	E	D	-	-	E	E	D	D	-	-	E	E	D	-	-	-	E	D	D	D	-	-
E	D	D	D	L	-	-	-	D	D	-	-	E	D	L	L	-	-	E	D	D	D	L	-	-	-	-	-
E	E	E	L	L	-	-	-	E	E	-	-	-	-	-	-	-	L	L	L	L	-	-	E	E	L	L	L
-	-	E	E	E	E	E	-	-	E	E	E	E	L	-	-	-	E	L	-	-	-	L	L	L	L	-	-
L	L	L	-	-	L	L	L	-	-	-	L	L	-	-	L	L	L	L	-	-	L	L	L	L	-	-	-
-	D	D	D	D	-	-	D	D	D	D	-	-	D	D	D	D	-	-	-	-	-	-	D	D	D	D	-
-	-	L	L	L	L	L	-	-	-	L	L	L	L	-	-	E	L	-	-	-	E	E	E	E	E	-	-
D	D	D	L	L	-	-	-	D	L	L	L	L	L	-	-	-	-	-	-	D	D	D	D	L	-	-	-
D	D	L	L	-	-	-	E	E	D	D	-	-	-	E	D	L	-	-	-	E	E	L	-	-	-	E	E
D	L	-	-	-	-	-	E	L	L	L	L	-	-	-	E	D	D	L	L	L	-	-	-	E	E	D	D
-	E	E	E	D	-	-	-	-	E	E	E	E	D	D	-	-	-	E	E	E	D	D	D	-	-	-	-
-	-	-	E	D	D	D	D	D	-	-	-	-	-	D	L	L	L	-	-	-	-	E	E	E	E	L	L
-	-	L	-	-	-	-	-	D	D	-	-	-	E	-	-	E	-	-	-	-	E	D	-	-	-	-	-
-	-	-	E	-	-	-	-	-	E	E	-	-	-	E	E	-	-	D	-	-	-	-	-	-	-	-	E
L	-	-	L	L	-	-	-	-	-	E	L	-	-	-	-	-	-	-	-	-	-	-	D	L	L	-	-
Objective 0: 6430
Objective 1: 58
Constr violation: 0
Restrictions violated:
0 0 0 0 0 0 0 0 

Individual 2
1	2	3	4	5	6	7	8	9	10	11	12	13	14	15	16	17	18	19	20	21	22	23	24	25	26	27	28
E	E	D	-	-	E	E	E	E	D	-	-	-	E	E	D	D	D	-	-	-	D	D	D	-	-	-	-
L	L	L	L	L	-	-	L	L	L	L	-	-	-	L	L	-	-	L	L	L	L	L	-	-	-	L	L
D	L	-	-	-	L	L	L	L	L	-	-	-	-	D	D	L	L	L	-	-	-	-	-	D	D	L	L
-	E	E	E	E	E	E	D	-	-	E	E	D	D	-	-	E	E	D	-	-	-	E	D	D	D	-	-
E	D	D	D	L	-	-	E	D	L	-	-	E	D	D	L	-	-	E	E	D	L	-	-	-	-	-	-
E	E	E	L	L	-	-	-	E	E	-	-	-	-	-	-	-	L	L	L	L	-	-	E	E	L	L	L
E	E	E	E	-	-	-	-	-	-	E	E	E	E	E	-	-	E	E	-	-	E	E	L	L	-	-	E
L	L	L	-	-	L	L	L	-	-	-	L	L	-	-	L	L	L	L	-	-	L	L	L	L	-	-	-
D	D	D	D	D	-	-	D	D	-	-	D	D	D	D	-	-	-	D	D	-	-	-	D	D	D	-	-
-	-	-	E	E	E	L	-	-	E	L	L	L	-	-	-	E	E	E	-	-	E	E	E	E	E	-	-
D	L	L	L	L	-	-	-	D	L	L	L	L	L	-	-	-	-	-	-	D	D	D	D	L	-	-	-
D	D	L	L	-	-	-	E	E	D	D	-	-	-	E	D	L	-	-	-	E	E	L	-	-	-	E	E
D	L	-	-	-	-	-	E	L	L	L	L	-	-	-	E	D	D	L	L	L	-	-	-	E	E	D	D
E	E	D	L	L	-	-	-	-	E	D	D	D	L	L	-	-	-	-	E	E	E	E	D	-	-	-	-
-	-	-	E	D	D	D	D	D	-	-	-	-	-	D	L	L	L	-	-	-	-	E	E	E	E	L	L
-	-	L	-	-	-	-	-	D	D	-	-	-	D	-	-	E	-	-	-	-	E	D	-	-	-	-	-
-	-	-	E	-	-	-	-	-	E	E	-	-	-	E	E	-	-	D	-	-	-	-	-	-	-	-	E
L	-	-	-	E	E	-	-	-	D	L	-	-	-	-	-	D	-	-	-	-	-	E	E	L	-	-	-
Objective 0: 5623
Objective 1: 89
Constr violation: 0
Restrictions violated:
0 0 0 0 0 0 0 0 

Individual 3
1	2	3	4	5	6	7	8	9	10	11	12	13	14	15	16	17	18	19	20	21	22	23	24	25	26	27	28
E	E	D	-	-	E	E	E	E	D	-	-	-	E	E	D	D	D	-	-	-	D	D	D	-	-	-	-
L	L	L	L	L	-	-	L	L	L	L	-	-	-	L	L	-	-	L	L	L	L	L	-	-	L	L	L
L	L	L	L	-	-	-	D	L	L	-	-	D	L	L	-	-	-	D	D	D	L	-	-	D	L	-	-
-	E	E	E	E	E	E	D	-	-	E	E	D	D	-	-	E	E	D	-	-	-	E	D	D	D	-	-
E	D	D	D	L	-	-	E	D	L	-	-	E	D	D	L	-	-	E	E	D	L	-	-	-	-	-	-
E	E	E	L	L	-	-	-	E	E	-	-	-	-	-	-	-	L	L	L	L	-	-	E	E	L	L	L
-	-	E	E	E	E	E	-	-	E	E	E	E	L	-	-	-	E	L	-	-	-	L	L	L	L	-	-
L	L	L	-	-	L	L	L	-	-	-	L	L	-	-	L	L	L	L	-	-	L	L	L	L	-	-	-
-	D	D	D	D	-	-	D	D	D	D	-	-	D	D	D	D	-	-	-	-	-	-	D	D	D	D	-
-	-	L	L	L	L	L	-	-	-	L	L	L	L	-	-	E	L	-	-	-	E	E	E	E	E	-	-
D	D	D	L	L	-	-	-	D	L	L	L	L	L	-	-	-	-	-	-	D	D	D	D	L	-	-	-
D	D	L	L	-	-	-	E	E	D	D	-	-	-	E	D	L	-	-	-	E	E	L	-	-	-	E	E
D	L	-	-	-	-	-	E	L	L	L	L	-	-	-	E	D	D	L	L	L	-	-	-	E	E	D	D
-	E	E	E	D	-	-	-	-	E	E	E	E	D	D	-	-	-	E	E	E	D	D	D	-	-	-	-
-	-	-	E	D	D	D	D	D	-	-	-	-	-	D	L	L	L	-	-	-	-	E	E	E	E	L	L
-	-	E	L	-	-	-	L	-	-	-	-	-	-	-	-	-	-	-	-	-	D	D	D	-	-	E	D
-	-	-	E	-	-	-	-	-	E	E	-	-	-	E	E	-	-	D	-	-	-	-	-	-	-	-	E
L	-	-	-	E	E	-	-	-	D	L	-	-	-	-	-	D	-	-	-	-	-	E	E	L	-	-	-
Objective 0: 5725
Objective 1: 68
Constr violation: 0
Restrictions violated:
0 0 0 0 0 0 0 0 

Individual 4
1	2	3	4	5	6	7	8	9	10	11	12	13	14	15	16	17	18	19	20	21	22	23	24	25	26	27	28
E	E	D	-	-	E	E	E	E	D	-	-	-	E	E	D	D	D	-	-	-	D	D	D	-	-	-	-
L	L	L	L	L	-	-	L	L	L	L	-	-	-	L	L	-	-	L	L	L	L	L	-	-	L	L	L
L	L	L	L	-	-	-	D	L	L	-	-	D	L	L	-	-	-	D	D	D	L	-	-	D	L	-	-
-	E	E	E	E	E	E	D	-	-	E	E	D	D	-	-	E	E	D	-	-	-	E	D	D	D	-	-
E	D	D	D	L	-	-	-	D	D	-	-	E	D	L	L	-	-	E	D	D	D	L	-	-	-	-	-
E	E	E	L	L	-	-	-	E	E	-	-	-	-	-	-	-	L	L	L	L	-	-	E	E	L	L	L
-	-	E	E	E	E	E	-	-	E	E	E	E	L	-	-	-	E	L	-	-	-	L	L	L	L	-	-
L	L	L	-	-	L	L	L	-	-	-	L	L	-	-	L	L	L	L	-	-	L	L	L	L	-	-	-
-	D	D	D	D	-	-	D	D	D	D	-	-	D	D	D	D	-	-	-	-	-	-	D	D	D	D	-
-	-	L	L	L	L	L	-	-	-	L	L	L	L	-	-	E	L	-	-	-	E	E	E	E	E	-	-
D	D	D	L	L	-	-	-	D	L	L	L	L	L	-	-	-	-	-	-	D	D	D	D	L	-	-	-
D	D	L	L	-	-	-	E	E	D	D	-	-	-	E	D	L	-	-	-	E	E	L	-	-	-	E	E
D	L	-	-	-	-	-	E	L	L	L	L	-	-	-	E	D	D	L	L	L	-	-	-	E	E	D	D
-	E	E	E	D	-	-	-	-	E	E	E	E	D	D	-	-	-	E	E	E	D	D	D	-	-	-	-
-	-	-	E	D	D	D	D	D	-	-	-	-	-	D	L	L	L	-	-	-	-	E	E	E	E	L	L
-	-	L	-	-	-	-	-	D	D	-	-	-	E	-	-	E	-	-	-	-	E	D	-	-	-	-	-
-	-	-	E	-	-	-	-	-	E	E	-	-	-	E	E	-	-	D	-	-	-	-	-	-	-	-	E
L	-	-	-	E	E	-	-	-	D	L	-	-	-	-	-	D	-	-	-	-	-	E	E	L	-	-	-
Objective 0: 5926
Objective 1: 63
Constr violation: 0
Restrictions violated:
0 0 0 0 0 0 0 0 

Individual 5
1	2	3	4	5	6	7	8	9	10	11	12	13	14	15	16	17	18	19	20	21	22	23	24	25	26	27	28
E	E	D	-	-	E	E	E	E	D	-	-	-	E	E	D	D	D	-	-	-	D	D	D	-	-	-	-
L	L	L	L	L	-	-	L	L	L	L	-	-	-	L	L	-	-	L	L	L	L	L	-	-	-	L	L
L	L	L	L	-	-	-	D	L	L	-	-	D	L	L	-	-	-	D	D	D	L	-	-	D	L	-	-
-	E	E	E	E	E	E	D	-	-	E	E	D	D	-	-	E	E	D	-	-	-	E	D	D	D	-	-
E	D	D	D	L	-	-	E	D	L	-	-	E	D	D	L	-	-	E	E	D	L	-	-	-	-	-	-
E	E	E	L	L	-	-	-	E	E	-	-	-	-	-	-	-	L	L	L	L	-	-	E	E	L	L	L
-	-	E	E	E	E	E	-	-	E	E	E	E	L	-	-	-	E	L	-	-	-	L	L	L	L	-	-
L	L	L	-	-	L	L	L	-	-	-	L	L	-	-	L	L	L	L	-	-	L	L	L	L	-	-	-
-	D	D	D	D	-	-	D	D	D	D	-	-	D	D	D	D	-	-	-	-	-	-	D	D	D	D	-
-	-	L	L	L	L	L	-	-	-	L	L	L	L	-	-	E	L	-	-	-	E	E	E	E	E	-	-
D	D	D	L	L	-	-	-	D	L	L	L	L	L	-	-	-	-	-	-	D	D	D	D	L	-	-	-
D	D	L	L	-	-	-	E	E	D	D	-	-	-	E	D	L	-	-	-	E	E	L	-	-	-	E	E
D	L	-	-	-	-	-	E	L	L	L	L	-	-	-	E	D	D	L	L	L	-	-	-	E	E	D	D
-	E	E	E	D	-	-	-	-	E	E	E	E	D	D	-	-	-	E	E	E	D	D	D	-	-	-	-
-	-	-	E	D	D	D	D	D	-	-	-	-	-	D	L	L	L	-	-	-	-	E	E	E	E	L	L
-	-	L	-	-	-	-	-	D	D	-	-	-	E	-	-	E	-	-	-	-	E	D	-	-	-	-	-
-	-	-	E	-	-	-	-	-	E	E	-	-	-	E	E	-	-	D	-	-	-	-	-	-	-	-	E
L	-	-	L	L	-	-	-	-	-	E	L	-	-	-	-	-	-	-	-	-	-	-	D	L	L	-	-
Objective 0: 6329
Objective 1: 59
Constr violation: 0
Restrictions violated:
0 0 0 0 0 0 0 0 

Individual 6
1	2	3	4	5	6	7	8	9	10	11	12	13	14	15	16	17	18	19	20	21	22	23	24	25	26	27	28
E	E	D	-	-	E	E	E	E	D	-	-	-	E	E	D	D	D	-	-	-	D	D	D	-	-	-	-
L	L	L	L	L	-	-	L	L	L	L	-	-	-	L	L	-	-	L	L	L	L	L	-	-	-	L	L
L	L	L	L	-	-	-	D	L	L	-	-	D	L	L	-	-	-	D	D	D	L	-	-	D	L	-	-
-	E	E	E	E	E	E	D	-	-	E	E	D	D	-	-	E	E	D	-	-	-	E	D	D	D	-	-
E	D	D	D	L	-	-	E	D	L	-	-	E	D	D	L	-	-	E	E	D	L	-	-	-	-	-	-
E	E	E	L	L	-	-	-	E	E	-	-	-	-	-	-	-	L	L	L	L	-	-	E	E	L	L	L
-	-	E	E	E	E	E	-	-	E	E	E	E	L	-	-	-	E	L	-	-	-	L	L	L	L	-	-
L	L	L	-	-	L	L	L	-	-	-	L	L	-	-	L	L	L	L	-	-	L	L	L	L	-	-	-
-	D	D	D	D	-	-	D	D	D	D	-	-	D	D	D	D	-	-	-	-	-	-	D	D	D	D	-
-	-	L	L	L	L	L	-	-	-	L	L	L	L	-	-	E	L	-	-	-	E	E	E	E	E	-	-
D	D	D	L	L	-	-	-	D	L	L	L	L	L	-	-	-	-	-	-	D	D	D	D	L	-	-	-
D	D	L	L	-	-	-	E	E	D	D	-	-	-	E	D	L	-	-	-	E	E	L	-	-	-	E	E
D	L	-	-	-	-	-	E	L	L	L	L	-	-	-	E	D	D	L	L	L	-	-	-	E	E	D	D
-	E	E	E	D	-	-	-	-	E	E	E	E	D	D	-	-	-	E	E	E	D	D	D	-	-	-	-
-	-	-	E	D	D	D	D	D	-	-	-	-	-	D	L	L	L	-	-	-	-	E	E	E	E	L	L
-	-	L	-	-	-	-	-	D	D	-	-	-	E	-	-	E	-	-	-	-	E	D	-	-	-	-	-
-	-	-	E	-	-	-	-	-	E	E	-	-	-	E	E	-	-	D	-	-	-	-	-	-	-	-	E
L	-	-	-	E	E	-	-	-	D	L	-	-	-	-	-	D	-	-	-	-	-	E	E	L	-	-	-
Objective 0: 5825
Objective 1: 64
Constr violation: 0
Restrictions violated:
0 0 0 0 0 0 0 0 

Individual 7
1	2	3	4	5	6	7	8	9	10	11	12	13	14	15	16	17	18	19	20	21	22	23	24	25	26	27	28
E	E	D	-	-	E	E	E	E	D	-	-	-	E	E	D	D	D	-	-	-	D	D	D	-	-	-	-
L	L	L	L	L	-	-	L	L	L	L	-	-	-	L	L	-	-	L	L	L	L	L	-	-	-	L	L
L	L	L	L	-	-	-	D	L	L	-	-	D	L	L	-	-	-	D	D	D	L	-	-	D	L	-	-
-	E	E	E	E	E	E	D	-	-	E	E	D	D	-	-	E	E	D	-	-	-	E	D	D	D	-	-
E	D	D	D	L	-	-	E	D	L	-	-	E	D	D	L	-	-	E	E	D	L	-	-	-	-	-	-
E	E	E	L	L	-	-	-	E	E	-	-	-	-	-	-	-	L	L	L	L	-	-	E	E	L	L	L
-	-	E	E	E	E	E	-	-	E	E	E	E	L	-	-	-	E	L	-	-	-	L	L	L	L	-	-
L	L	L	-	-	L	L	L	-	-	-	L	L	-	-	L	L	L	L	-	-	L	L	L	L	-	-	-
-	D	D	D	D	-	-	D	D	D	D	-	-	D	D	D	D	-	-	-	-	-	-	D	D	D	D	-
-	-	L	L	L	L	L	-	-	-	L	L	L	L	-	-	E	L	-	-	-	E	E	E	E	E	-	-
D	D	D	L	L	-	-	-	D	L	L	L	L	L	-	-	-	-	-	-	D	D	D	D	L	-	-	-
D	D	L	L	-	-	-	E	E	D	D	-	-	-	E	D	L	-	-	-	E	E	L	-	-	-	E	E
D	L	-	-	-	-	-	E	L	L	L	L	-	-	-	E	D	D	L	L	L	-	-	-	E	E	D	D
-	E	E	E	D	-	-	-	-	E	E	E	E	D	D	-	-	-	E	E	E	D	D	D	-	-	-	-
-	-	-	E	D	D	D	D	D	-	-	-	-	-	D	L	L	L	-	-	-	-	E	E	E	E	L	L
-	-	L	-	-	-	-	-	D	D	-	-	-	E	-	-	E	-	-	-	-	E	D	-	-	-	-	-
-	-	-	E	-	-	-	-	-	E	E	-	-	-	E	E	-	-	D	-	-	-	-	-	-	-	-	E
L	-	-	L	L	-	-	-	-	-	E	L	-	-	-	-	-	-	-	-	-	-	-	D	L	L	-	-
Objective 0: 6329
Objective 1: 59
Constr violation: 0
Restrictions violated:
0 0 0 0 0 0 0 0 

Individual 8
1	2	3	4	5	6	7	8	9	10	11	12	13	14	15	16	17	18	19	20	21	22	23	24	25	26	27	28
E	E	D	-	-	E	E	E	E	D	-	-	-	E	E	D	D	D	-	-	-	D	D	D	-	-	-	-
L	L	L	L	L	-	-	L	L	L	L	-	-	-	L	L	-	-	L	L	L	L	L	-	-	-	L	L
L	L	L	L	-	-	-	D	L	L	-	-	D	L	L	-	-	-	D	D	D	L	-	-	D	L	-	-
-	E	E	E	E	E	E	D	-	-	E	E	D	D	-	-	E	E	D	-	-	-	E	D	D	D	-	-
E	D	D	D	L	-	-	E	D	L	-	-	E	D	D	L	-	-	E	E	D	L	-	-	-	-	-	-
E	E	E	L	L	-	-	-	E	E	-	-	-	-	-	-	-	L	L	L	L	-	-	E	E	L	L	L
-	-	E	E	E	E	E	-	-	E	E	E	E	L	-	-	-	E	L	-	-	-	L	L	L	L	-	-
L	L	L	-	-	L	L	L	-	-	-	L	L	-	-	L	L	L	L	-	-	L	L	L	L	-	-	-
-	D	D	D	D	-	-	D	D	D	D	-	-	D	D	D	D	-	-	-	-	-	-	D	D	D	D	-
-	-	L	L	L	L	L	-	-	-	L	L	L	L	-	-	E	L	-	-	-	E	E	E	E	E	-	-
D	D	D	L	L	-	-	-	D	L	L	L	L	L	-	-	-	-	-	-	D	D	D	D	L	-	-	-
D	D	L	L	-	-	-	E	E	D	D	-	-	-	E	D	L	-	-	-	E	E	L	-	-	-	E	E
D	L	-	-	-	-	-	E	L	L	L	L	-	-	-	E	D	D	L	L	L	-	-	-	E	E	D	D
-	E	E	E	D	-	-	-	-	E	E	E	E	D	D	-	-	-	E	E	E	D	D	D	-	-	-	-
-	-	-	E	D	D	D	D	D	-	-	-	-	-	D	L	L	L	-	-	-	-	E	E	E	E	L	L
-	-	L	-	-	-	-	-	D	D	-	-	-	E	-	-	E	-	-	-	-	E	D	-	-	-	-	-
-	-	-	E	-	-	-	-	-	E	E	-	-	-	E	E	-	-	D	-	-	-	-	-	-	-	-	E
L	-	-	-	E	E	-	-	-	D	L	-	-	-	-	-	D	-	-	-	-	-	E	E	L	-	-	-
Objective 0: 5825
Objective 1: 64
Constr violation: 0
Restrictions violated:
0 0 0 0 0 0 0 0 

Individual 9
1	2	3	4	5	6	7	8	9	10	11	12	13	14	15	16	17	18	19	20	21	22	23	24	25	26	27	28
E	E	D	-	-	E	E	E	E	D	-	-	-	E	E	D	D	D	-	-	-	D	D	D	-	-	-	-
L	L	L	L	L	-	-	L	L	L	L	-	-	-	L	L	-	-	L	L	L	L	L	-	-	L	L	L
L	L	L	L	-	-	-	D	L	L	-	-	D	L	L	-	-	-	D	D	D	L	-	-	D	L	-	-
-	E	E	E	E	E	E	D	-	-	E	E	D	D	-	-	E	E	D	-	-	-	E	D	D	D	-	-
E	D	D	D	L	-	-	E	D	L	-	-	E	D	D	L	-	-	E	E	D	L	-	-	-	-	-	-
E	E	E	L	L	-	-	-	E	E	-	-	-	-	-	-	-	L	L	L	L	-	-	E	E	L	L	L
-	-	E	E	E	E	E	-	-	E	E	E	E	L	-	-	-	E	L	-	-	-	L	L	L	L	-	-
L	L	L	-	-	L	L	L	-	-	-	L	L	-	-	L	L	L	L	-	-	L	L	L	L	-	-	-
-	D	D	D	D	-	-	D	D	D	D	-	-	D	D	D	D	-	-	-	-	-	-	D	D	D	D	-
-	-	L	L	L	L	L	-	-	-	L	L	L	L	-	-	E	L	-	-	-	E	E	E	E	E	-	-
D	D	D	L	L	-	-	-	D	L	L	L	L	L	-	-	-	-	-	-	D	D	D	D	L	-	-	-
D	D	L	L	-	-	-	E	E	D	D	-	-	-	E	D	L	-	-	-	E	E	L	-	-	-	E	E
D	L	-	-	-	-	-	E	L	L	L	L	-	-	-	E	D	D	L	L	L	-	-	-	E	E	D	D
-	E	E	E	D	-	-	-	-	E	E	E	E	D	D	-	-	-	E	E	E	D	D	D	-	-	-	-
-	-	-	E	D	D	D	D	D	-	-	-	-	-	D	L	L	L	-	-	-	-	E	E	E	E	L	L
-	-	E	L	-	-	-	L	-	-	-	-	-	-	-	-	-	-	-	-	-	D	D	D	-	-	E	D
-	-	-	E	-	-	-	-	-	E	E	-	-	-	E	E	-	-	D	-	-	-	-	-	-	-	-	E
L	-	-	-	E	E	-	-	-	D	L	-	-	-	-	-	D	-	-	-	-	-	E	E	L	-	-	-
Objective 0: 5725
Objective 1: 68
Constr violation: 0
Restrictions violated:
0 0 0 0 0 0 0 0 

Individual 10
1	2	3	4	5	6	7	8	9	10	11	12	13	14	15	16	17	18	19	20	21	22	23	24	25	26	27	28
E	E	D	-	-	E	E	E	E	D	-	-	-	E	E	D	D	D	-	-	-	D	D	D	-	-	-	-
L	L	L	L	L	-	-	L	L	L	L	-	-	-	L	L	-	-	L	L	L	L	L	-	-	-	L	L
L	L	L	L	-	-	-	D	L	L	-	-	D	L	L	-	-	-	D	D	D	L	-	-	D	L	-	-
-	E	E	E	E	E	E	D	-	-	E	E	D	D	-	-	E	E	D	-	-	-	E	D	D	D	-	-
E	D	D	D	L	-	-	E	D	L	-	-	E	D	D	L	-	-	E	E	D	L	-	-	-	-	-	-
E	E	E	L	L	-	-	-	E	E	-	-	-	-	-	-	-	L	L	L	L	-	-	E	E	L	L	L
-	-	E	E	E	E	E	-	-	E	E	E	E	L	-	-	-	E	L	-	-	-	L	L	L	L	-	-
L	L	L	-	-	L	L	L	-	-	-	L	L	-	-	L	L	L	L	-	-	L	L	L	L	-	-	-
-	D	D	D	D	-	-	D	D	D	D	-	-	D	D	D	D	-	-	-	-	-	-	D	D	D	D	-
-	-	L	L	L	L	L	-	-	-	L	L	L	L	-	-	E	L	-	-	-	E	E	E	E	E	-	-
D	D	D	L	L	-	-	-	D	L	L	L	L	L	-	-	-	-	-	-	D	D	D	D	L	-	-	-
D	D	L	L	-	-	-	E	E	D	D	-	-	-	E	D	L	-	-	-	E	E	L	-	-	-	E	E
D	L	-	-	-	-	-	E	L	L	L	L	-	-	-	E	D	D	L	L	L	-	-	-	E	E	D	D
-	E	E	E	D	-	-	-	-	E	E	E	E	D	D	-	-	-	E	E	E	D	D	D	-	-	-	-
-	-	-	E	D	D	D	D	D	-	-	-	-	-	D	L	L	L	-	-	-	-	E	E	E	E	L	L
-	-	L	-	-	-	-	-	D	D	-	-	-	E	-	-	E	-	-	-	-	E	D	-	-	-	-	-
-	-	-	E	-	-	-	-	-	E	E	-	-	-	E	E	-	-	D	-	-	-	-	-	-	-	-	E
L	-	-	L	L	-	-	-	-	-	E	L	-	-	-	-	-	-	-	-	-	-	-	D	L	L	-	-
Objective 0: 6329
Objective 1: 59
Constr violation: 0
Restrictions violated:
0 0 0 0 0 0 0 0 

Individual 11
1	2	3	4	5	6	7	8	9	10	11	12	13	14	15	16	17	18	19	20	21	22	23	24	25	26	27	28
E	E	D	-	-	E	E	E	E	D	-	-	-	E	E	D	D	D	-	-	-	D	D	D	-	-	-	-
L	L	L	L	L	-	-	L	L	L	L	-	-	-	L	L	-	-	L	L	L	L	L	-	-	L	L	L
L	L	L	L	-	-	-	D	L	L	-	-	D	L	L	-	-	-	D	D	D	L	-	-	D	L	-	-
-	E	E	E	E	E	E	D	-	-	E	E	D	D	-	-	E	E	D	-	-	-	E	D	D	D	-	-
E	D	D	D	L	-	-	E	D	L	-	-	E	D	D	L	-	-	E	E	D	L	-	-	-	-	-	-
E	E	E	L	L	-	-	-	E	E	-	-	-	-	-	-	-	L	L	L	L	-	-	E	E	L	L	L
-	-	E	E	E	E	E	-	-	E	E	E	E	L	-	-	-	E	L	-	-	-	L	L	L	L	-	-
L	L	L	-	-	L	L	L	-	-	-	L	L	-	-	L	L	L	L	-	-	L	L	L	L	-	-	-
-	D	D	D	D	-	-	D	D	D	D	-	-	D	D	D	D	-	-	-	-	-	-	D	D	D	D	-
-	-	L	L	L	L	L	-	-	-	L	L	L	L	-	-	E	L	-	-	-	E	E	E	E	E	-	-
D	D	D	L	L	-	-	-	D	L	L	L	L	L	-	-	-	-	-	-	D	D	D	D	L	-	-	-
D	D	L	L	-	-	-	E	E	D	D	-	-	-	E	D	L	-	-	-	E	E	L	-	-	-	E	E
D	L	-	-	-	-	-	E	L	L	L	L	-	-	-	E	D	D	L	L	L	-	-	-	E	E	D	D
-	E	E	E	D	-	-	-	-	E	E	E	E	D	D	-	-	-	E	E	E	D	D	D	-	-	-	-
-	-	-	E	D	D	D	D	D	-	-	-	-	-	D	L	L	L	-	-	-	-	E	E	E	E	L	L
-	-	E	L	-	-	-	L	-	-	-	-	-	-	-	-	-	-	-	-	-	D	D	D	-	-	E	D
-	-	-	E	-	-	-	-	-	E	E	-	-	-	E	E	-	-	D	-	-	-	-	-	-	-	-	E
L	-	-	-	E	E	-	-	-	D	L	-	-	-	-	-	D	-	-	-	-	-	E	E	L	-	-	-
Objective 0: 5725
Objective 1: 68
Constr violation: 0
Restrictions violated:
0 0 0 0 0 0 0 0 

Individual 12
1	2	3	4	5	6	7	8	9	10	11	12	13	14	15	16	17	18	19	20	21	22	23	24	25	26	27	28
E	E	D	-	-	E	E	E	E	D	-	-	-	E	E	D	D	D	-	-	-	D	D	D	-	-	-	-
L	L	L	L	L	-	-	L	L	L	L	-	-	-	L	L	-	-	L	L	L	L	L	-	-	-	L	L
L	L	L	L	-	-	-	D	L	L	-	-	D	L	L	-	-	-	D	D	D	L	-	-	D	L	-	-
-	E	E	E	E	E	E	D	-	-	E	E	D	D	-	-	E	E	D	-	-	-	E	D	D	D	-	-
E	D	D	D	L	-	-	-	D	D	-	-	E	D	L	L	-	-	E	D	D	D	L	-	-	-	-	-
E	E	E	L	L	-	-	-	E	E	-	-	-	-	-	-	-	L	L	L	L	-	-	E	E	L	L	L
-	-	E	E	E	E	E	-	-	E	E	E	E	L	-	-	-	E	L	-	-	-	L	L	L	L	-	-
L	L	L	-	-	L	L	L	-	-	-	L	L	-	-	L	L	L	L	-	-	L	L	L	L	-	-	-
-	D	D	D	D	-	-	D	D	D	D	-	-	D	D	D	D	-	-	-	-	-	-	D	D	D	D	-
-	-	L	L	L	L	L	-	-	-	L	L	L	L	-	-	E	L	-	-	-	E	E	E	E	E	-	-
D	D	D	L	L	-	-	-	D	L	L	L	L	L	-	-	-	-	-	-	D	D	D	D	L	-	-	-
D	D	L	L	-	-	-	E	E	D	D	-	-	-	E	D	L	-	-	-	E	E	L	-	-	-	E	E
D	L	-	-	-	-	-	E	L	L	L	L	-	-	-	E	D	D	L	L	L	-	-	-	E	E	D	D
-	E	E	E	D	-	-	-	-	E	E	E	E	D	D	-	-	-	E	E	E	D	D	D	-	-	-	-
-	-	-	E	D	D	D	D	D	-	-	-	-	-	D	L	L	L	-	-	-	-	E	E	E	E	L	L
-	-	L	-	-	-	-	-	D	D	-	-	-	E	-	-	E	-	-	-	-	E	D	-	-	-	-	-
-	-	-	E	-	-	-	-	-	E	E	-	-	-	E	E	-	-	D	-	-	-	-	-	-	-	-	E
L	-	-	-	E	E	-	-	-	D	L	-	-	-	-	-	D	-	-	-	-	-	E	E	L	-	-	-
Objective 0: 5926
Objective 1: 63
Constr violation: 0
Restrictions violated:
0 0 0 0 0 0 0 0 

Individual 13
1	2	3	4	5	6	7	8	9	10	11	12	13	14	15	16	17	18	19	20	21	22	23	24	25	26	27	28
E	E	D	-	-	E	E	E	E	D	-	-	-	E	E	D	D	D	-	-	-	D	D	D	-	-	-	-
L	L	L	L	L	-	-	L	L	L	L	-	-	-	L	L	-	-	L	L	L	L	L	-	-	L	L	L
L	L	L	L	-	-	-	D	L	L	-	-	D	L	L	-	-	-	D	D	D	L	-	-	D	L	-	-
-	E	E	E	E	E	E	D	-	-	E	E	D	D	-	-	E	E	D	-	-	-	E	D	D	D	-	-
E	D	D	D	L	-	-	E	D	L	-	-	E	D	D	L	-	-	E	E	D	L	-	-	-	-	-	-
E	E	E	L	L	-	-	-	E	E	-	-	-	-	-	-	-	L	L	L	L	-	-	E	E	L	L	L
-	-	E	E	E	E	E	-	-	E	E	E	E	L	-	-	-	E	L	-	-	-	L	L	L	L	-	-
L	L	L	-	-	L	L	L	-	-	-	L	L	-	-	L	L	L	L	-	-	L	L	L	L	-	-	-
-	D	D	D	D	-	-	D	D	D	D	-	-	D	D	D	D	-	-	-	-	-	-	D	D	D	D	-
-	-	L	L	L	L	L	-	-	-	L	L	L	L	-	-	E	L	-	-	-	E	E	E	E	E	-	-
D	D	D	L	L	-	-	-	D	L	L	L	L	L	-	-	-	-	-	-	D	D	D	D	L	-	-	-
D	D	L	L	-	-	-	E	E	D	D	-	-	-	E	D	L	-	-	-	E	E	L	-	-	-	E	E
D	L	-	-	-	-	-	E	L	L	L	L	-	-	-	E	D	D	L	L	L	-	-	-	E	E	D	D
-	E	E	E	D	-	-	-	-	E	E	E	E	D	D	-	-	-	E	E	E	D	D	D	-	-	-	-
-	-	-	E	D	D	D	D	D	-	-	-	-	-	D	L	L	L	-	-	-	-	E	E	E	E	L	L
-	-	E	L	-	-	-	L	-	-	-	-	-	-	-	-	-	-	-	-	-	D	D	D	-	-	E	D
-	-	-	E	-	-	-	-	-	E	E	-	-	-	E	E	-	-	D	-	-	-	-	-	-	-	-	E
L	-	-	-	E	E	-	-	-	D	L	-	-	-	-	-	D	-	-	-	-	-	E	E	L	-	-	-
Objective 0: 5725
Objective 1: 68
Constr violation: 0
Restrictions violated:
0 0 0 0 0 0 0 0 

Individual 14
1	2	3	4	5	6	7	8	9	10	11	12	13	14	15	16	17	18	19	20	21	22	23	24	25	26	27	28
E	E	D	-	-	E	E	E	E	D	-	-	-	E	E	D	D	D	-	-	-	D	D	D	-	-	-	-
L	L	L	L	L	-	-	L	L	L	L	-	-	-	L	L	-	-	L	L	L	L	L	-	-	-	L	L
L	L	L	L	-	-	-	D	L	L	-	-	D	L	L	-	-	-	D	D	D	L	-	-	D	L	-	-
-	E	E	E	E	E	E	D	-	-	E	E	D	D	-	-	E	E	D	-	-	-	E	D	D	D	-	-
E	D	D	D	L	-	-	-	D	D	-	-	E	D	L	L	-	-	E	D	D	D	L	-	-	-	-	-
E	E	E	L	L	-	-	-	E	E	-	-	-	-	-	-	-	L	L	L	L	-	-	E	E	L	L	L
-	-	E	E	E	E	E	-	-	E	E	E	E	L	-	-	-	E	L	-	-	-	L	L	L	L	-	-
L	L	L	-	-	L	L	L	-	-	-	L	L	-	-	L	L	L	L	-	-	L	L	L	L	-	-	-
-	D	D	D	D	-	-	D	D	D	D	-	-	D	D	D	D	-	-	-	-	-	-	D	D	D	D	-
-	-	L	L	L	L	L	-	-	-	L	L	L	L	-	-	E	L	-	-	-	E	E	E	E	E	-	-
D	D	D	L	L	-	-	-	D	L	L	L	L	L	-	-	-	-	-	-	D	D	D	D	L	-	-	-
D	D	L	L	-	-	-	E	E	D	D	-	-	-	E	D	L	-	-	-	E	E	L	-	-	-	E	E
D	L	-	-	-	-	-	E	L	L	L	L	-	-	-	E	D	D	L	L	L	-	-	-	E	E	D	D
-	E	E	E	D	-	-	-	-	E	E	E	E	D	D	-	-	-	E	E	E	D	D	D	-	-	-	-
-	-	-	E	D	D	D	D	D	-	-	-	-	-	D	L	L	L	-	-	-	-	E	E	E	E	L	L
-	-	L	-	-	-	-	-	D	D	-	-	-	E	-	-	E	-	-	-	-	E	D	-	-	-	-	-
-	-	-	E	-	-	-	-	-	E	E	-	-	-	E	E	-	-	D	-	-	-	-	-	-	-	-	E
L	-	-	L	L	-	-	-	-	-	E	L	-	-	-	-	-	-	-	-	-	-	-	D	L	L	-	-
Objective 0: 6430
Objective 1: 58
Constr violation: 0
Restrictions violated:
0 0 0 0 0 0 0 0 

Individual 15
1	2	3	4	5	6	7	8	9	10	11	12	13	14	15	16	17	18	19	20	21	22	23	24	25	26	27	28
E	E	D	-	-	E	E	E	E	D	-	-	-	E	E	D	D	D	-	-	-	D	D	D	-	-	-	-
L	L	L	L	L	-	-	L	L	L	L	-	-	-	L	L	-	-	L	L	L	L	L	-	-	-	L	L
L	L	L	L	-	-	-	D	L	L	-	-	D	L	L	-	-	-	D	D	D	L	-	-	D	L	-	-
-	E	E	E	E	E	E	D	-	-	E	E	D	D	-	-	E	E	D	-	-	-	E	D	D	D	-	-
E	D	D	D	L	-	-	-	D	D	-	-	E	D	L	L	-	-	E	D	D	D	L	-	-	-	-	-
E	E	E	L	L	-	-	-	E	E	-	-	-	-	-	-	-	L	L	L	L	-	-	E	E	L	L	L
-	-	E	E	E	E	E	-	-	E	E	E	E	L	-	-	-	E	L	-	-	-	L	L	L	L	-	-
L	L	L	-	-	L	L	L	-	-	-	L	L	-	-	L	L	L	L	-	-	L	L	L	L	-	-	-
-	D	D	D	D	-	-	D	D	D	D	-	-	D	D	D	D	-	-	-	-	-	-	D	D	D	D	-
-	-	L	L	L	L	L	-	-	-	L	L	L	L	-	-	E	L	-	-	-	E	E	E	E	E	-	-
D	D	D	L	L	-	-	-	D	L	L	L	L	L	-	-	-	-	-	-	D	D	D	D	L	-	-	-
D	D	L	L	-	-	-	E	E	D	D	-	-	-	E	D	L	-	-	-	E	E	L	-	-	-	E	E
D	L	-	-	-	-	-	E	L	L	L	L	-	-	-	E	D	D	L	L	L	-	-	-	E	E	D	D
-	E	E	E	D	-	-	-	-	E	E	E	E	D	D	-	-	-	E	E	E	D	D	D	-	-	-	-
-	-	-	E	D	D	D	D	D	-	-	-	-	-	D	L	L	L	-	-	-	-	E	E	E	E	L	L
-	-	L	-	-	-	-	-	D	D	-	-	-	E	-	-	E	-	-	-	-	E	D	-	-	-	-	-
-	-	-	E	-	-	-	-	-	E	E	-	-	-	E	E	-	-	D	-	-	-	-	-	-	-	-	E
L	-	-	-	E	E	-	-	-	D	L	-	-	-	-	-	D	-	-	-	-	-	E	E	L	-	-	-
Objective 0: 5926
Objective 1: 63
Constr violation: 0
Restrictions violated:
0 0 0 0 0 0 0 0 

Individual 16
1	2	3	4	5	6	7	8	9	10	11	12	13	14	15	16	17	18	19	20	21	22	23	24	25	26	27	28
E	E	D	-	-	E	E	E	E	D	-	-	-	E	E	D	D	D	-	-	-	D	D	D	-	-	-	-
L	L	L	L	L	-	-	L	L	L	L	-	-	-	L	L	-	-	L	L	L	L	L	-	-	-	L	L
L	L	L	L	-	-	-	D	L	L	-	-	D	L	L	-	-	-	D	D	D	L	-	-	D	L	-	-
-	E	E	E	E	E	E	D	-	-	E	E	D	D	-	-	E	E	D	-	-	-	E	D	D	D	-	-
E	D	D	D	L	-	-	E	D	L	-	-	E	D	D	L	-	-	E	E	D	L	-	-	-	-	-	-
E	E	E	L	L	-	-	-	E	E	-	-	-	-	-	-	-	L	L	L	L	-	-	E	E	L	L	L
-	-	E	E	E	E	E	-	-	E	E	E	E	L	-	-	-	E	L	-	-	-	L	L	L	L	-	-
L	L	L	-	-	L	L	L	-	-	-	L	L	-	-	L	L	L	L	-	-	L	L	L	L	-	-	-
-	D	D	D	D	-	-	D	D	D	D	-	-	D	D	D	D	-	-	-	-	-	-	D	D	D	D	-
-	-	L	L	L	L	L	-	-	-	L	L	L	L	-	-	E	L	-	-	-	E	E	E	E	E	-	-
D	D	D	L	L	-	-	-	D	L	L	L	L	L	-	-	-	-	-	-	D	D	D	D	L	-	-	-
D	D	L	L	-	-	-	E	E	D	D	-	-	-	E	D	L	-	-	-	E	E	L	-	-	-	E	E
D	L	-	-	-	-	-	E	L	L	L	L	-	-	-	E	D	D	L	L	L	-	-	-	E	E	D	D
-	E	E	E	D	-	-	-	-	E	E	E	E	D	D	-	-	-	E	E	E	D	D	D	-	-	-	-
-	-	-	E	D	D	D	D	D	-	-	-	-	-	D	L	L	L	-	-	-	-	E	E	E	E	L	L
-	-	L	-	-	-	-	-	D	D	-	-	-	E	-	-	E	-	-	-	-	E	D	-	-	-	-	-
-	-	-	E	-	-	-	-	-	E	E	-	-	-	E	E	-	-	D	-	-	-	-	-	-	-	-	E
L	-	-	L	L	-	-	-	-	-	E	L	-	-	-	-	-	-	-	-	-	-	-	D	L	L	-	-
Objective 0: 6329
Objective 1: 59
Constr violation: 0
Restrictions violated:
0 0 0 0 0 0 0 0 

Individual 17
1	2	3	4	5	6	7	8	9	10	11	12	13	14	15	16	17	18	19	20	21	22	23	24	25	26	27	28
E	E	D	-	-	E	E	E	E	D	-	-	-	E	E	D	D	D	-	-	-	D	D	D	-	-	-	-
L	L	L	L	L	-	-	L	L	L	L	-	-	-	L	L	-	-	L	L	L	L	L	-	-	-	L	L
L	L	L	L	-	-	-	D	L	L	-	-	D	L	L	-	-	-	D	D	D	L	-	-	D	L	-	-
-	E	E	E	E	E	E	D	-	-	E	E	D	D	-	-	E	E	D	-	-	-	E	D	D	D	-	-
E	D	D	D	L	-	-	E	D	L	-	-	E	D	D	L	-	-	E	E	D	L	-	-	-	-	-	-
E	E	E	L	L	-	-	-	E	E	-	-	-	-	-	-	-	L	L	L	L	-	-	E	E	L	L	L
-	-	E	E	E	E	E	-	-	E	E	E	E	L	-	-	-	E	L	-	-	-	L	L	L	L	-	-
L	L	L	-	-	L	L	L	-	-	-	L	L	-	-	L	L	L	L	-	-	L	L	L	L	-	-	-
-	D	D	D	D	-	-	D	D	D	D	-	-	D	D	D	D	-	-	-	-	-	-	D	D	D	D	-
-	-	L	L	L	L	L	-	-	-	L	L	L	L	-	-	E	L	-	-	-	E	E	E	E	E	-	-
D	D	D	L	L	-	-	-	D	L	L	L	L	L	-	-	-	-	-	-	D	D	D	D	L	-	-	-
D	D	L	L	-	-	-	E	E	D	D	-	-	-	E	D	L	-	-	-	E	E	L	-	-	-	E	E
D	L	-	-	-	-	-	E	L	L	L	L	-	-	-	E	D	D	L	L	L	-	-	-	E	E	D	D
-	E	E	E	D	-	-	-	-	E	E	E	E	D	D	-	-	-	E	E	E	D	D	D	-	-	-	-
-	-	-	E	D	D	D	D	D	-	-	-	-	-	D	L	L	L	-	-	-	-	E	E	E	E	L	L
-	-	L	-	-	-	-	-	D	D	-	-	-	E	-	-	E	-	-	-	-	E	D	-	-	-	-	-
-	-	-	E	-	-	-	-	-	E	E	-	-	-	E	E	-	-	D	-	-	-	-	-	-	-	-	E
L	-	-	-	E	E	-	-	-	D	L	-	-	-	-	-	D	-	-	-	-	-	E	E	L	-	-	-
Objective 0: 5825
Objective 1: 64
Constr violation: 0
Restrictions violated:
0 0 0 0 0 0 0 0 

Individual 18
1	2	3	4	5	6	7	8	9	10	11	12	13	14	15	16	17	18	19	20	21	22	23	24	25	26	27	28
E	E	D	-	-	E	E	E	E	D	-	-	-	E	E	D	D	D	-	-	-	D	D	D	-	-	-	-
L	L	L	L	L	-	-	L	L	L	L	-	-	-	L	L	-	-	L	L	L	L	L	-	-	-	L	L
L	L	L	L	-	-	-	D	L	L	-	-	D	L	L	-	-	-	D	D	D	L	-	-	D	L	-	-
-	E	E	E	E	E	E	D	-	-	E	E	D	D	-	-	E	E	D	-	-	-	E	D	D	D	-	-
E	D	D	D	L	-	-	E	D	L	-	-	E	D	D	L	-	-	E	E	D	L	-	-	-	-	-	-
E	E	E	L	L	-	-	-	E	E	-	-	-	-	-	-	-	L	L	L	L	-	-	E	E	L	L	L
-	-	E	E	E	E	E	-	-	E	E	E	E	L	-	-	-	E	L	-	-	-	L	L	L	L	-	-
L	L	L	-	-	L	L	L	-	-	-	L	L	-	-	L	L	L	L	-	-	L	L	L	L	-	-	-
-	D	D	D	D	-	-	D	D	D	D	-	-	D	D	D	D	-	-	-	-	-	-	D	D	D	D	-
-	-	L	L	L	L	L	-	-	-	L	L	L	L	-	-	E	L	-	-	-	E	E	E	E	E	-	-
D	D	D	L	L	-	-	-	D	L	L	L	L	L	-	-	-	-	-	-	D	D	D	D	L	-	-	-
D	D	L	L	-	-	-	E	E	D	D	-	-	-	E	D	L	-	-	-	E	E	L	-	-	-	E	E
D	L	-	-	-	-	-	E	L	L	L	L	-	-	-	E	D	D	L	L	L	-	-	-	E	E	D	D
-	E	E	E	D	-	-	-	-	E	E	E	E	D	D	-	-	-	E	E	E	D	D	D	-	-	-	-
-	-	-	E	D	D	D	D	D	-	-	-	-	-	D	L	L	L	-	-	-	-	E	E	E	E	L	L
-	-	L	-	-	-	-	-	D	D	-	-	-	E	-	-	E	-	-	-	-	E	D	-	-	-	-	-
-	-	-	E	-	-	-	-	-	E	E	-	-	-	E	E	-	-	D	-	-	-	-	-	-	-	-	E
L	-	-	L	L	-	-	-	-	-	E	L	-	-	-	-	-	-	-	-	-	-	-	D	L	L	-	-
Objective 0: 6329
Objective 1: 59
Constr violation: 0
Restrictions violated:
0 0 0 0 0 0 0 0 

Individual 19
1	2	3	4	5	6	7	8	9	10	11	12	13	14	15	16	17	18	19	20	21	22	23	24	25	26	27	28
E	E	D	-	-	E	E	E	E	D	-	-	-	E	E	D	D	D	-	-	-	D	D	D	-	-	-	-
L	L	L	L	L	-	-	L	L	L	L	-	-	-	L	L	-	-	L	L	L	L	L	-	-	-	L	L
L	L	L	L	-	-	-	D	L	L	-	-	D	L	L	-	-	-	D	D	D	L	-	-	D	L	-	-
-	E	E	E	E	E	E	D	-	-	E	E	D	D	-	-	E	E	D	-	-	-	E	D	D	D	-	-
E	D	D	D	L	-	-	-	D	D	-	-	E	D	L	L	-	-	E	D	D	D	L	-	-	-	-	-
E	E	E	L	L	-	-	-	E	E	-	-	-	-	-	-	-	L	L	L	L	-	-	E	E	L	L	L
-	-	E	E	E	E	E	-	-	E	E	E	E	L	-	-	-	E	L	-	-	-	L	L	L	L	-	-
L	L	L	-	-	L	L	L	-	-	-	L	L	-	-	L	L	L	L	-	-	L	L	L	L	-	-	-
-	D	D	D	D	-	-	D	D	D	D	-	-	D	D	D	D	-	-	-	-	-	-	D	D	D	D	-
-	-	L	L	L	L	L	-	-	-	L	L	L	L	-	-	E	L	-	-	-	E	E	E	E	E	-	-
D	D	D	L	L	-	-	-	D	L	L	L	L	L	-	-	-	-	-	-	D	D	D	D	L	-	-	-
D	D	L	L	-	-	-	E	E	D	D	-	-	-	E	D	L	-	-	-	E	E	L	-	-	-	E	E
D	L	-	-	-	-	-	E	L	L	L	L	-	-	-	E	D	D	L	L	L	-	-	-	E	E	D	D
-	E	E	E	D	-	-	-	-	E	E	E	E	D	D	-	-	-	E	E	E	D	D	D	-	-	-	-
-	-	-	E	D	D	D	D	D	-	-	-	-	-	D	L	L	L	-	-	-	-	E	E	E	E	L	L
-	-	L	-	-	-	-	-	D	D	-	-	-	E	-	-	E	-	-	-	-	E	D	-	-	-	-	-
-	-	-	E	-	-	-	-	-	E	E	-	-	-	E	E	-	-	D	-	-	-	-	-	-	-	-	E
L	-	-	-	E	E	-	-	-	D	L	-	-	-	-	-	D	-	-	-	-	-	E	E	L	-	-	-
Objective 0: 5926
Objective 1: 63
Constr violation: 0
Restrictions violated:
0 0 0 0 0 0 0 0 

