Individual 0
1	2	3	4	5	6	7	8	9	10	11	12	13	14	15	16	17	18	19	20	21	22	23	24	25	26	27	28
E	E	E	-	-	E	E	E	D	D	-	-	E	E	E	D	D	-	-	-	-	D	D	D	-	-	-	-
L	L	L	L	L	-	-	-	L	L	-	-	L	L	L	L	L	-	-	L	L	L	L	-	-	-	-	-
-	D	D	D	D	-	-	L	L	L	L	L	-	-	-	-	-	D	D	D	D	D	-	-	D	D	D	D
E	D	D	-	-	-	-	E	E	E	-	-	D	D	D	D	D	-	-	E	E	E	E	D	-	-	-	-
D	D	D	D	D	-	-	-	D	D	D	D	L	-	-	-	-	-	D	D	L	L	-	-	E	L	-	-
-	-	L	L	L	-	-	E	E	L	L	-	-	-	-	-	E	E	E	L	L	-	-	E	L	L	L	L
-	-	-	E	E	E	E	-	-	E	E	E	E	L	-	-	E	E	L	-	-	L	L	L	L	-	-	-
-	-	L	L	L	L	L	-	-	-	L	L	L	-	-	L	L	L	L	-	-	-	L	L	L	L	-	-
D	D	D	D	D	-	-	-	-	-	-	D	D	D	D	-	-	-	-	-	-	-	-	D	D	D	D	-
E	E	L	L	L	-	-	-	-	E	E	E	L	L	-	-	E	L	L	-	-	-	-	E	E	E	E	E
-	-	L	L	L	L	L	L	-	-	-	-	-	-	-	-	-	D	D	D	D	D	-	-	-	-	-	-
-	-	-	-	E	D	D	D	D	L	-	-	-	-	E	D	L	L	L	-	-	-	E	E	E	E	E	D
D	L	-	-	-	-	-	-	-	E	E	E	E	D	D	-	-	-	-	-	-	E	D	-	-	-	E	E
-	E	E	E	E	E	D	-	-	-	D	D	D	D	L	L	-	-	-	-	-	E	E	D	L	-	-	-
-	-	E	E	D	D	L	L	-	-	-	E	E	L	L	L	L	-	-	-	-	D	D	D	D	-	-	-
-	-	-	-	-	D	D	D	D	L	-	-	-	-	E	E	L	-	-	-	-	-	-	-	-	-	-	-
-	E	E	E	D	-	-	-	-	-	-	-	-	-	-	-	-	-	-	-	-	-	-	E	E	E	D	D
-	-	-	-	-	-	-	E	E	L	-	-	-	-	-	E	E	-	-	E	E	E	E	-	-	-	-	-
Objective 0: 4304
Objective 1: 49
Constr violation: -4
Restrictions violated:
1 0 0 0 0 0 0 3 

Individual 1
1	2	3	4	5	6	7	8	9	10	11	12	13	14	15	16	17	18	19	20	21	22	23	24	25	26	27	28
E	E	E	-	-	E	E	E	D	D	-	-	E	E	E	D	D	-	-	-	-	D	D	D	-	-	-	-
L	L	L	L	L	-	-	-	L	L	-	-	L	L	L	L	L	-	-	L	L	L	L	-	-	-	-	-
-	D	D	D	D	-	-	L	L	L	L	L	-	-	-	-	-	D	D	D	D	D	-	-	D	D	D	D
E	D	D	-	-	-	-	E	E	E	-	-	D	D	D	D	D	-	-	E	E	E	E	D	-	-	-	-
L	L	L	L	-	-	-	-	D	D	D	D	D	-	-	-	E	E	E	L	L	-	-	-	E	E	-	-
-	-	L	L	L	-	-	E	E	L	L	-	-	-	-	-	E	E	E	L	L	-	-	E	L	L	L	L
-	-	-	E	E	E	E	-	-	E	E	E	E	L	-	-	E	E	L	-	-	L	L	L	L	-	-	-
-	-	L	L	L	L	L	-	-	-	L	L	L	-	-	L	L	L	L	-	-	-	L	L	L	L	-	-
D	D	D	D	D	-	-	-	-	-	-	D	D	D	D	-	-	-	-	-	-	-	-	D	D	D	D	-
E	E	L	L	L	-	-	-	-	E	E	L	L	L	-	-	E	L	L	-	-	-	-	E	E	E	E	E
-	-	L	L	L	L	L	L	-	-	-	-	-	-	-	-	-	D	D	D	D	D	-	-	-	-	-	-
D	D	-	-	-	-	E	D	D	D	D	-	-	-	E	D	L	L	-	-	-	-	E	E	E	D	D	-
-	-	-	D	L	-	-	-	E	E	E	E	E	E	-	-	-	-	-	-	-	-	-	-	E	E	E	D
-	E	E	E	E	E	D	-	-	-	D	D	D	D	L	L	-	-	-	-	-	E	E	D	L	-	-	-
-	-	D	D	D	D	D	D	-	-	-	E	E	L	L	L	L	-	-	-	-	D	D	D	D	-	-	-
-	-	-	-	-	-	D	D	D	D	L	-	-	-	E	E	L	-	-	-	-	-	-	-	-	-	-	-
-	E	E	E	D	-	-	-	-	-	-	-	-	-	-	-	-	-	-	-	-	-	-	E	E	E	D	D
-	-	-	-	-	-	-	-	-	L	L	L	-	-	-	E	E	E	L	-	-	E	D	-	-	-	-	-
Objective 0: 6020
Objective 1: 34
Constr violation: -4
Restrictions violated:
1 0 0 0 0 0 0 3 

Individual 2
1	2	3	4	5	6	7	8	9	10	11	12	13	14	15	16	17	18	19	20	21	22	23	24	25	26	27	28
E	E	E	-	-	E	E	E	D	D	-	-	E	E	E	D	D	-	-	-	-	D	D	D	-	-	-	-
L	L	L	L	L	-	-	-	L	L	-	-	L	L	L	L	L	-	-	L	L	L	L	-	-	-	-	-
-	D	D	D	D	-	-	L	L	L	L	L	-	-	-	-	-	D	D	D	D	D	-	-	D	D	D	D
E	D	D	-	-	-	-	E	E	E	-	-	D	D	D	D	D	-	-	E	E	E	E	D	-	-	-	-
D	D	D	D	D	-	-	-	D	D	D	D	L	-	-	-	-	-	D	D	L	L	-	-	E	L	-	-
-	-	L	L	L	-	-	E	E	L	L	-	-	-	-	-	E	E	E	L	L	-	-	E	L	L	L	L
-	-	-	E	E	E	E	-	-	E	E	E	E	L	-	-	E	E	L	-	-	L	L	L	L	-	-	-
-	-	L	L	L	L	L	-	-	-	L	L	L	-	-	L	L	L	L	-	-	-	L	L	L	L	-	-
D	D	D	D	D	-	-	-	-	-	-	D	D	D	D	-	-	-	-	-	-	-	-	D	D	D	D	-
E	E	L	L	L	-	-	-	-	E	E	E	L	L	-	-	E	L	L	-	-	-	-	E	E	E	E	E
-	-	L	L	L	L	L	L	-	-	-	-	-	-	-	-	-	D	D	D	D	D	-	-	-	-	-	-
-	-	-	-	E	D	D	D	D	L	-	-	-	-	E	D	L	L	L	-	-	-	E	E	E	E	E	D
D	L	-	-	-	-	-	-	-	E	E	E	E	D	D	-	-	-	-	-	-	E	D	-	-	-	E	E
-	E	E	E	E	E	D	-	-	-	D	D	D	D	L	L	-	-	-	-	-	E	E	D	L	-	-	-
-	-	D	D	D	D	D	D	-	-	-	E	E	L	L	L	L	-	-	-	-	D	D	D	D	-	-	-
-	-	-	-	-	D	D	D	D	L	-	-	-	-	E	E	L	-	-	-	-	-	-	-	-	-	-	-
-	E	E	E	D	-	-	-	-	-	-	-	-	-	-	-	-	-	-	-	-	-	-	E	E	E	D	D
-	-	-	-	-	-	-	E	E	L	-	-	-	-	-	E	E	-	-	E	E	E	E	-	-	-	-	-
Objective 0: 4607
Objective 1: 48
Constr violation: -4
Restrictions violated:
1 0 0 0 0 0 0 3 

Individual 3
1	2	3	4	5	6	7	8	9	10	11	12	13	14	15	16	17	18	19	20	21	22	23	24	25	26	27	28
E	E	E	-	-	E	E	E	D	D	-	-	E	E	E	D	D	-	-	-	-	D	D	D	-	-	-	-
L	L	L	L	L	-	-	-	L	L	-	-	L	L	L	L	L	-	-	L	L	L	L	-	-	-	-	-
-	D	D	D	D	-	-	L	L	L	L	L	-	-	-	-	-	D	D	D	D	D	-	-	D	D	D	D
E	D	D	-	-	-	-	E	E	E	-	-	D	D	D	D	D	-	-	E	E	E	E	D	-	-	-	-
D	D	D	D	D	-	-	-	D	D	D	D	L	-	-	-	-	-	D	D	L	L	-	-	E	L	-	-
-	-	L	L	L	-	-	E	E	L	L	-	-	-	-	-	E	E	E	L	L	-	-	E	L	L	L	L
-	-	-	E	E	E	E	-	-	E	E	E	E	L	-	-	E	E	L	-	-	L	L	L	L	-	-	-
-	-	L	L	L	L	L	-	-	-	L	L	L	-	-	L	L	L	L	-	-	-	L	L	L	L	-	-
D	D	D	D	D	-	-	-	-	-	-	D	D	D	D	-	-	-	-	-	-	-	-	D	D	D	D	-
E	E	L	L	L	-	-	-	-	E	E	L	L	L	-	-	E	L	L	-	-	-	-	E	E	E	E	E
-	-	L	L	L	L	L	L	-	-	-	-	-	-	-	-	-	D	D	D	D	D	-	-	-	-	-	-
D	D	-	-	-	-	E	D	D	D	D	-	-	-	E	D	L	L	-	-	-	-	E	E	E	D	D	-
-	-	-	D	L	-	-	-	E	E	E	E	E	E	-	-	-	-	-	-	-	-	-	-	E	E	E	D
-	E	E	E	E	E	D	-	-	-	D	D	D	D	L	L	-	-	-	-	-	E	E	D	L	-	-	-
-	-	D	D	D	D	D	D	-	-	-	E	E	L	L	L	L	-	-	-	-	D	D	D	D	-	-	-
-	-	-	-	-	D	D	D	D	L	-	-	-	-	E	E	L	-	-	-	-	-	-	-	-	-	-	-
-	E	E	E	D	-	-	-	-	-	-	-	-	-	-	-	-	-	-	-	-	-	-	E	E	E	D	D
-	-	-	-	-	-	-	-	-	L	L	L	-	-	-	E	E	E	L	-	-	E	D	-	-	-	-	-
Objective 0: 5717
Objective 1: 38
Constr violation: -4
Restrictions violated:
1 0 0 0 0 0 0 3 

Individual 4
1	2	3	4	5	6	7	8	9	10	11	12	13	14	15	16	17	18	19	20	21	22	23	24	25	26	27	28
E	E	E	-	-	E	E	E	D	D	-	-	E	E	E	D	D	-	-	-	-	D	D	D	-	-	-	-
L	L	L	L	L	-	-	-	L	L	-	-	L	L	L	L	L	-	-	L	L	L	L	-	-	-	-	-
-	D	D	D	D	-	-	L	L	L	L	L	-	-	-	-	-	D	D	D	D	D	-	-	D	D	D	D
E	D	D	-	-	-	-	E	E	E	-	-	D	D	D	D	D	-	-	E	E	E	E	D	-	-	-	-
L	L	L	L	-	-	-	-	D	D	D	D	D	-	-	-	E	E	E	L	L	-	-	-	E	E	-	-
-	-	L	L	L	-	-	E	E	L	L	-	-	-	-	-	E	E	E	L	L	-	-	E	L	L	L	L
-	-	-	E	E	E	E	-	-	E	E	E	E	L	-	-	E	E	L	-	-	L	L	L	L	-	-	-
-	-	L	L	L	L	L	-	-	-	L	L	L	-	-	L	L	L	L	-	-	-	L	L	L	L	-	-
D	D	D	D	D	-	-	-	-	-	-	D	D	D	D	-	-	-	-	-	-	-	-	D	D	D	D	-
E	E	L	L	L	-	-	-	-	E	E	L	L	L	-	-	E	L	L	-	-	-	-	E	E	E	E	E
-	-	L	L	L	L	L	L	-	-	-	-	-	-	-	-	-	D	D	D	D	D	-	-	-	-	-	-
-	-	-	-	E	D	D	D	D	L	-	-	-	-	E	D	L	L	L	-	-	-	E	E	E	E	E	D
D	L	-	-	-	-	-	-	-	E	E	E	E	D	D	-	-	-	-	-	-	E	D	-	-	-	E	E
-	E	E	E	E	E	D	-	-	-	D	D	D	D	L	L	-	-	-	-	-	E	E	D	L	-	-	-
-	-	D	D	D	D	D	D	-	-	-	E	E	L	L	L	L	-	-	-	-	D	D	D	D	-	-	-
-	-	-	-	-	D	D	D	D	L	-	-	-	-	E	E	L	-	-	-	-	-	-	-	-	-	-	-
-	E	E	E	D	-	-	-	-	-	-	-	-	-	-	-	-	-	-	-	-	-	-	E	E	E	D	D
-	-	-	-	-	-	-	-	-	L	L	L	-	-	-	E	E	E	L	-	-	E	D	-	-	-	-	-
Objective 0: 5415
Objective 1: 40
Constr violation: -4
Restrictions violated:
1 0 0 0 0 0 0 3 

Individual 5
1	2	3	4	5	6	7	8	9	10	11	12	13	14	15	16	17	18	19	20	21	22	23	24	25	26	27	28
E	E	E	-	-	E	E	E	D	D	-	-	E	E	E	D	D	-	-	-	-	D	D	D	-	-	-	-
L	L	L	L	L	-	-	-	L	L	-	-	L	L	L	L	L	-	-	L	L	L	L	-	-	-	-	-
-	D	D	D	D	-	-	L	L	L	L	L	-	-	-	-	-	D	D	D	D	D	-	-	D	D	D	D
E	D	D	-	-	-	-	E	E	E	-	-	D	D	D	D	D	-	-	E	E	E	E	D	-	-	-	-
L	L	L	L	-	-	-	-	D	D	D	D	D	-	-	-	E	E	E	L	L	-	-	-	E	E	-	-
-	-	L	L	L	-	-	E	E	L	L	-	-	-	-	-	E	E	E	L	L	-	-	E	L	L	L	L
-	-	-	E	E	E	E	-	-	E	E	E	E	L	-	-	E	E	L	-	-	L	L	L	L	-	-	-
-	-	L	L	L	L	L	-	-	-	L	L	L	-	-	L	L	L	L	-	-	-	L	L	L	L	-	-
D	D	D	D	D	-	-	-	-	-	-	D	D	D	D	-	-	-	-	-	-	-	-	D	D	D	D	-
E	E	L	L	L	-	-	-	-	E	E	L	L	L	-	-	E	L	L	-	-	-	-	E	E	E	E	E
-	-	L	L	L	L	L	L	-	-	-	-	-	-	-	-	-	D	D	D	D	D	-	-	-	-	-	-
-	-	-	-	E	D	D	D	D	L	-	-	-	-	E	D	L	L	L	-	-	-	E	E	E	E	E	D
-	-	-	D	L	-	-	-	E	E	E	E	E	E	-	-	-	-	-	-	-	-	-	-	E	E	E	D
-	E	E	E	E	E	D	-	-	-	D	D	D	D	L	L	-	-	-	-	-	E	E	D	L	-	-	-
-	-	D	D	D	D	D	D	-	-	-	E	E	L	L	L	L	-	-	-	-	D	D	D	D	-	-	-
-	-	-	-	-	-	D	D	D	D	L	-	-	-	E	E	L	-	-	-	-	-	-	-	-	-	-	-
-	E	E	E	D	-	-	-	-	-	-	-	-	-	-	-	-	-	-	-	-	-	-	E	E	E	D	D
-	-	-	-	-	-	-	-	-	L	L	L	-	-	-	E	E	E	L	-	-	E	D	-	-	-	-	-
Objective 0: 5819
Objective 1: 36
Constr violation: -4
Restrictions violated:
1 0 0 0 0 0 0 3 

Individual 6
1	2	3	4	5	6	7	8	9	10	11	12	13	14	15	16	17	18	19	20	21	22	23	24	25	26	27	28
E	E	E	-	-	E	E	E	D	D	-	-	E	E	E	D	D	-	-	-	-	D	D	D	-	-	-	-
L	L	L	L	L	-	-	-	L	L	-	-	L	L	L	L	L	-	-	L	L	L	L	-	-	-	-	-
-	D	D	D	D	-	-	L	L	L	L	L	-	-	-	-	-	D	D	D	D	D	-	-	D	D	D	D
E	D	D	-	-	-	-	E	E	E	-	-	D	D	D	D	D	-	-	E	E	E	E	D	-	-	-	-
L	L	L	L	-	-	-	-	D	D	D	D	D	-	-	-	E	E	E	L	L	-	-	-	E	E	-	-
-	-	L	L	L	-	-	E	E	L	L	-	-	-	-	-	E	E	E	L	L	-	-	E	L	L	L	L
-	-	-	E	E	E	E	-	-	E	E	E	E	L	-	-	E	E	L	-	-	L	L	L	L	-	-	-
-	-	L	L	L	L	L	-	-	-	L	L	L	-	-	L	L	L	L	-	-	-	L	L	L	L	-	-
D	D	D	D	D	-	-	-	-	-	-	D	D	D	D	-	-	-	-	-	-	-	-	D	D	D	D	-
E	E	L	L	L	-	-	-	-	E	E	L	L	L	-	-	E	L	L	-	-	-	-	E	E	E	E	E
-	-	L	L	L	L	L	L	-	-	-	-	-	-	-	-	-	D	D	D	D	D	-	-	-	-	-	-
-	-	-	-	E	D	D	D	D	L	-	-	-	-	E	D	L	L	L	-	-	-	E	E	E	E	E	D
-	-	-	D	L	-	-	-	E	E	E	E	E	E	-	-	-	-	-	-	-	-	-	-	E	E	E	D
-	E	E	E	E	E	D	-	-	-	D	D	D	D	L	L	-	-	-	-	-	E	E	D	L	-	-	-
-	-	E	E	D	D	L	L	-	-	-	E	E	L	L	L	L	-	-	-	-	D	D	D	D	-	-	-
-	-	-	-	-	-	D	D	D	D	L	-	-	-	E	E	L	-	-	-	-	-	-	-	-	-	-	-
-	E	E	E	D	-	-	-	-	-	-	-	-	-	-	-	-	-	-	-	-	-	-	E	E	E	D	D
-	-	-	-	-	-	-	-	-	L	L	L	-	-	-	E	E	E	L	-	-	E	D	-	-	-	-	-
Objective 0: 5617
Objective 1: 37
Constr violation: -4
Restrictions violated:
1 0 0 0 0 0 0 3 

Individual 7
1	2	3	4	5	6	7	8	9	10	11	12	13	14	15	16	17	18	19	20	21	22	23	24	25	26	27	28
E	E	E	-	-	E	E	E	D	D	-	-	E	E	E	D	D	-	-	-	-	D	D	D	-	-	-	-
L	L	L	L	L	-	-	-	L	L	-	-	L	L	L	L	L	-	-	L	L	L	L	-	-	-	-	-
-	D	D	D	D	-	-	L	L	L	L	L	-	-	-	-	-	D	D	D	D	D	-	-	D	D	D	D
E	D	D	-	-	-	-	E	E	E	-	-	D	D	D	D	D	-	-	E	E	E	E	D	-	-	-	-
D	D	D	D	D	-	-	-	D	D	D	D	L	-	-	-	-	-	D	D	L	L	-	-	E	L	-	-
-	-	L	L	L	-	-	E	E	L	L	-	-	-	-	-	E	E	E	L	L	-	-	E	L	L	L	L
-	-	-	E	E	E	E	-	-	E	E	E	E	L	-	-	E	E	L	-	-	L	L	L	L	-	-	-
-	-	L	L	L	L	L	-	-	-	L	L	L	-	-	L	L	L	L	-	-	-	L	L	L	L	-	-
D	D	D	D	D	-	-	-	-	-	-	D	D	D	D	-	-	-	-	-	-	-	-	D	D	D	D	-
E	E	L	L	L	-	-	-	-	E	E	L	L	L	-	-	E	L	L	-	-	-	-	E	E	E	E	E
-	-	L	L	L	L	L	L	-	-	-	-	-	-	-	-	-	D	D	D	D	D	-	-	-	-	-	-
D	D	-	-	-	-	E	D	D	D	D	-	-	-	E	D	L	L	-	-	-	-	E	E	E	D	D	-
-	-	-	D	L	-	-	-	E	E	E	E	E	E	-	-	-	-	-	-	-	-	-	-	E	E	E	D
-	E	E	E	E	E	D	-	-	-	D	D	D	D	L	L	-	-	-	-	-	E	E	D	L	-	-	-
-	-	E	E	D	D	L	L	-	-	-	E	E	L	L	L	L	-	-	-	-	D	D	D	D	-	-	-
-	-	-	-	-	D	D	D	D	L	-	-	-	-	E	E	L	-	-	-	-	-	-	-	-	-	-	-
-	E	E	E	D	-	-	-	-	-	-	-	-	-	-	-	-	-	-	-	-	-	-	E	E	E	D	D
-	-	-	-	-	-	-	E	E	L	-	-	-	-	-	E	E	-	-	E	E	E	E	-	-	-	-	-
Objective 0: 5313
Objective 1: 42
Constr violation: -4
Restrictions violated:
1 0 0 0 0 0 0 3 

Individual 8
1	2	3	4	5	6	7	8	9	10	11	12	13	14	15	16	17	18	19	20	21	22	23	24	25	26	27	28
E	E	E	-	-	E	E	E	D	D	-	-	E	E	E	D	D	-	-	-	-	D	D	D	-	-	-	-
L	L	L	L	L	-	-	-	L	L	-	-	L	L	L	L	L	-	-	L	L	L	L	-	-	-	-	-
-	D	D	D	D	-	-	L	L	L	L	L	-	-	-	-	-	D	D	D	D	D	-	-	D	D	D	D
E	D	D	-	-	-	-	E	E	E	-	-	D	D	D	D	D	-	-	E	E	E	E	D	-	-	-	-
D	D	D	D	D	-	-	-	D	D	D	D	L	-	-	-	-	-	D	D	L	L	-	-	E	L	-	-
-	-	L	L	L	-	-	E	E	L	L	-	-	-	-	-	E	E	E	L	L	-	-	E	L	L	L	L
-	-	-	E	E	E	E	-	-	E	E	E	E	L	-	-	E	E	L	-	-	L	L	L	L	-	-	-
-	-	L	L	L	L	L	-	-	-	L	L	L	-	-	L	L	L	L	-	-	-	L	L	L	L	-	-
D	D	D	D	D	-	-	-	-	-	-	D	D	D	D	-	-	-	-	-	-	-	-	D	D	D	D	-
E	E	L	L	L	-	-	-	-	E	E	L	L	L	-	-	E	L	L	-	-	-	-	E	E	E	E	E
-	-	L	L	L	L	L	L	-	-	-	-	-	-	-	-	-	D	D	D	D	D	-	-	-	-	-	-
-	-	-	-	E	D	D	D	D	L	-	-	-	-	E	D	L	L	L	-	-	-	E	E	E	E	E	D
D	L	-	-	-	-	-	-	-	E	E	E	E	D	D	-	-	-	-	-	-	E	D	-	-	-	E	E
-	E	E	E	E	E	D	-	-	-	D	D	D	D	L	L	-	-	-	-	-	E	E	D	L	-	-	-
-	-	D	D	D	D	D	D	-	-	-	E	E	L	L	L	L	-	-	-	-	D	D	D	D	-	-	-
-	-	-	-	-	D	D	D	D	L	-	-	-	-	E	E	L	-	-	-	-	-	-	-	-	-	-	-
-	E	E	E	D	-	-	-	-	-	-	-	-	-	-	-	-	-	-	-	-	-	-	E	E	E	D	D
-	-	-	-	-	-	-	-	-	L	L	L	-	-	-	E	E	E	L	-	-	E	D	-	-	-	-	-
Objective 0: 5112
Objective 1: 42
Constr violation: -4
Restrictions violated:
1 0 0 0 0 0 0 3 

Individual 9
1	2	3	4	5	6	7	8	9	10	11	12	13	14	15	16	17	18	19	20	21	22	23	24	25	26	27	28
E	E	E	-	-	E	E	E	D	D	-	-	E	E	E	D	D	-	-	-	-	D	D	D	-	-	-	-
L	L	L	L	L	-	-	-	L	L	-	-	L	L	L	L	L	-	-	L	L	L	L	-	-	-	-	-
-	D	D	D	D	-	-	L	L	L	L	L	-	-	-	-	-	D	D	D	D	D	-	-	D	D	D	D
E	D	D	-	-	-	-	E	E	E	-	-	D	D	D	D	D	-	-	E	E	E	E	D	-	-	-	-
D	D	D	D	D	-	-	-	D	D	D	D	L	-	-	-	-	-	D	D	L	L	-	-	E	L	-	-
-	-	L	L	L	-	-	E	E	L	L	-	-	-	-	-	E	E	E	L	L	-	-	E	L	L	L	L
-	-	-	E	E	E	E	-	-	E	E	E	E	L	-	-	E	E	L	-	-	L	L	L	L	-	-	-
-	-	L	L	L	L	L	-	-	-	L	L	L	-	-	L	L	L	L	-	-	-	L	L	L	L	-	-
D	D	D	D	D	-	-	-	-	-	-	D	D	D	D	-	-	-	-	-	-	-	-	D	D	D	D	-
E	E	L	L	L	-	-	-	-	E	E	E	L	L	-	-	E	L	L	-	-	-	-	E	E	E	E	E
-	-	L	L	L	L	L	L	-	-	-	-	-	-	-	-	-	D	D	D	D	D	-	-	-	-	-	-
-	-	-	-	E	D	D	D	D	L	-	-	-	-	E	D	L	L	L	-	-	-	E	E	E	E	E	D
D	L	-	-	-	-	-	-	-	E	E	E	E	D	D	-	-	-	-	-	-	E	D	-	-	-	E	E
-	E	E	E	E	E	D	-	-	-	D	D	D	D	L	L	-	-	-	-	-	E	E	D	L	-	-	-
-	-	D	D	D	D	D	D	-	-	-	E	E	L	L	L	L	-	-	-	-	D	D	D	D	-	-	-
-	-	-	-	-	D	D	D	D	L	-	-	-	-	E	E	L	-	-	-	-	-	-	-	-	-	-	-
-	E	E	E	D	-	-	-	-	-	-	-	-	-	-	-	-	-	-	-	-	-	-	E	E	E	D	D
-	-	-	-	-	-	-	-	-	L	L	L	-	-	-	E	E	E	L	-	-	E	D	-	-	-	-	-
Objective 0: 5011
Objective 1: 45
Constr violation: -4
Restrictions violated:
1 0 0 0 0 0 0 3 

Individual 10
1	2	3	4	5	6	7	8	9	10	11	12	13	14	15	16	17	18	19	20	21	22	23	24	25	26	27	28
E	E	E	-	-	E	E	E	D	D	-	-	E	E	E	D	D	-	-	-	-	D	D	D	-	-	-	-
L	L	L	L	L	-	-	-	L	L	-	-	L	L	L	L	L	-	-	L	L	L	L	-	-	-	-	-
-	D	D	D	D	-	-	L	L	L	L	L	-	-	-	-	-	D	D	D	D	D	-	-	D	D	D	D
E	D	D	-	-	-	-	E	E	E	-	-	D	D	D	D	D	-	-	E	E	E	E	D	-	-	-	-
D	D	D	D	D	-	-	-	D	D	D	D	L	-	-	-	-	-	D	D	L	L	-	-	E	L	-	-
-	-	L	L	L	-	-	E	E	L	L	-	-	-	-	-	E	E	E	L	L	-	-	E	L	L	L	L
-	-	-	E	E	E	E	-	-	E	E	E	E	L	-	-	E	E	L	-	-	L	L	L	L	-	-	-
-	-	L	L	L	L	L	-	-	-	L	L	L	-	-	L	L	L	L	-	-	-	L	L	L	L	-	-
D	D	D	D	D	-	-	-	-	-	-	D	D	D	D	-	-	-	-	-	-	-	-	D	D	D	D	-
E	E	L	L	L	-	-	-	-	E	E	E	L	L	-	-	E	L	L	-	-	-	-	E	E	E	E	E
-	-	L	L	L	L	L	L	-	-	-	-	-	-	-	-	-	D	D	D	D	D	-	-	-	-	-	-
-	-	-	-	E	D	D	D	D	L	-	-	-	-	E	D	L	L	L	-	-	-	E	E	E	E	E	D
-	-	-	D	L	-	-	-	E	E	E	E	E	E	-	-	-	-	-	-	-	-	-	-	E	E	E	D
-	E	E	E	E	E	D	-	-	-	D	D	D	D	L	L	-	-	-	-	-	E	E	D	L	-	-	-
-	-	E	E	D	D	L	L	-	-	-	E	E	L	L	L	L	-	-	-	-	D	D	D	D	-	-	-
-	-	-	-	-	D	D	D	D	L	-	-	-	-	E	E	L	-	-	-	-	-	-	-	-	-	-	-
-	E	E	E	D	-	-	-	-	-	-	-	-	-	-	-	-	-	-	-	-	-	-	E	E	E	D	D
-	-	-	-	-	-	-	E	E	L	-	-	-	-	-	E	E	-	-	E	E	E	E	-	-	-	-	-
Objective 0: 4809
Objective 1: 47
Constr violation: -4
Restrictions violated:
1 0 0 0 0 0 0 3 

Individual 11
1	2	3	4	5	6	7	8	9	10	11	12	13	14	15	16	17	18	19	20	21	22	23	24	25	26	27	28
E	E	E	-	-	E	E	E	D	D	-	-	E	E	E	D	D	-	-	-	-	D	D	D	-	-	-	-
L	L	L	L	L	-	-	-	L	L	-	-	L	L	L	L	L	-	-	L	L	L	L	-	-	-	-	-
-	D	D	D	D	-	-	L	L	L	L	L	-	-	-	-	-	D	D	D	D	D	-	-	D	D	D	D
E	D	D	-	-	-	-	E	E	E	-	-	D	D	D	D	D	-	-	E	E	E	E	D	-	-	-	-
D	D	D	D	D	-	-	-	D	D	D	D	L	-	-	-	-	-	D	D	L	L	-	-	E	L	-	-
-	-	L	L	L	-	-	E	E	L	L	-	-	-	-	-	E	E	E	L	L	-	-	E	L	L	L	L
-	-	-	E	E	E	E	-	-	E	E	E	E	L	-	-	E	E	L	-	-	L	L	L	L	-	-	-
-	-	L	L	L	L	L	-	-	-	L	L	L	-	-	L	L	L	L	-	-	-	L	L	L	L	-	-
D	D	D	D	D	-	-	-	-	-	-	D	D	D	D	-	-	-	-	-	-	-	-	D	D	D	D	-
E	E	L	L	L	-	-	-	-	E	E	E	L	L	-	-	E	L	L	-	-	-	-	E	E	E	E	E
-	-	L	L	L	L	L	L	-	-	-	-	-	-	-	-	-	D	D	D	D	D	-	-	-	-	-	-
-	-	-	-	E	D	D	D	D	L	-	-	-	-	E	D	L	L	L	-	-	-	E	E	E	E	E	D
-	-	-	D	L	-	-	-	E	E	E	E	E	E	-	-	-	-	-	-	-	-	-	-	E	E	E	D
-	E	E	E	E	E	D	-	-	-	D	D	D	D	L	L	-	-	-	-	-	E	E	D	L	-	-	-
-	-	E	E	D	D	L	L	-	-	-	E	E	L	L	L	L	-	-	-	-	D	D	D	D	-	-	-
-	-	-	-	-	D	D	D	D	L	-	-	-	-	E	E	L	-	-	-	-	-	-	-	-	-	-	-
-	E	E	E	D	-	-	-	-	-	-	-	-	-	-	-	-	-	-	-	-	-	-	E	E	E	D	D
-	-	-	-	-	-	-	E	E	L	-	-	-	-	-	E	E	-	-	E	E	E	E	-	-	-	-	-
Objective 0: 4809
Objective 1: 47
Constr violation: -4
Restrictions violated:
1 0 0 0 0 0 0 3 

Individual 12
1	2	3	4	5	6	7	8	9	10	11	12	13	14	15	16	17	18	19	20	21	22	23	24	25	26	27	28
E	E	E	-	-	E	E	E	D	D	-	-	E	E	E	D	D	-	-	-	-	D	D	D	-	-	-	-
L	L	L	L	L	-	-	-	L	L	-	-	L	L	L	L	L	-	-	L	L	L	L	-	-	-	-	-
-	D	D	D	D	-	-	L	L	L	L	L	-	-	-	-	-	D	D	D	D	D	-	-	D	D	D	D
E	D	D	-	-	-	-	E	E	E	-	-	D	D	D	D	D	-	-	E	E	E	E	D	-	-	-	-
D	D	D	D	D	-	-	-	D	D	D	D	L	-	-	-	-	-	D	D	L	L	-	-	E	L	-	-
-	-	L	L	L	-	-	E	E	L	L	-	-	-	-	-	E	E	E	L	L	-	-	E	L	L	L	L
-	-	-	E	E	E	E	-	-	E	E	E	E	L	-	-	E	E	L	-	-	L	L	L	L	-	-	-
-	-	L	L	L	L	L	-	-	-	L	L	L	-	-	L	L	L	L	-	-	-	L	L	L	L	-	-
D	D	D	D	D	-	-	-	-	-	-	D	D	D	D	-	-	-	-	-	-	-	-	D	D	D	D	-
E	E	L	L	L	-	-	-	-	E	E	E	L	L	-	-	E	L	L	-	-	-	-	E	E	E	E	E
-	-	L	L	L	L	L	L	-	-	-	-	-	-	-	-	-	D	D	D	D	D	-	-	-	-	-	-
-	-	-	-	E	D	D	D	D	L	-	-	-	-	E	D	L	L	L	-	-	-	E	E	E	E	E	D
D	L	-	-	-	-	-	-	-	E	E	E	E	D	D	-	-	-	-	-	-	E	D	-	-	-	E	E
-	E	E	E	E	E	D	-	-	-	D	D	D	D	L	L	-	-	-	-	-	E	E	D	L	-	-	-
-	-	E	E	D	D	L	L	-	-	-	E	E	L	L	L	L	-	-	-	-	D	D	D	D	-	-	-
-	-	-	-	-	D	D	D	D	L	-	-	-	-	E	E	L	-	-	-	-	-	-	-	-	-	-	-
-	E	E	E	D	-	-	-	-	-	-	-	-	-	-	-	-	-	-	-	-	-	-	E	E	E	D	D
-	-	-	-	-	-	-	E	E	L	-	-	-	-	-	E	E	-	-	E	E	E	E	-	-	-	-	-
Objective 0: 4304
Objective 1: 49
Constr violation: -4
Restrictions violated:
1 0 0 0 0 0 0 3 

Individual 13
1	2	3	4	5	6	7	8	9	10	11	12	13	14	15	16	17	18	19	20	21	22	23	24	25	26	27	28
E	E	E	-	-	E	E	E	D	D	-	-	E	E	E	D	D	-	-	-	-	D	D	D	-	-	-	-
L	L	L	L	L	-	-	-	L	L	-	-	L	L	L	L	L	-	-	L	L	L	L	-	-	-	-	-
-	D	D	D	D	-	-	L	L	L	L	L	-	-	-	-	-	D	D	D	D	D	-	-	D	D	D	D
E	D	D	-	-	-	-	E	E	E	-	-	D	D	D	D	D	-	-	E	E	E	E	D	-	-	-	-
L	L	L	L	-	-	-	-	D	D	D	D	D	-	-	-	E	E	E	L	L	-	-	-	E	E	-	-
-	-	L	L	L	-	-	E	E	L	L	-	-	-	-	-	E	E	E	L	L	-	-	E	L	L	L	L
-	-	-	E	E	E	E	-	-	E	E	E	E	L	-	-	E	E	L	-	-	L	L	L	L	-	-	-
-	-	L	L	L	L	L	-	-	-	L	L	L	-	-	L	L	L	L	-	-	-	L	L	L	L	-	-
D	D	D	D	D	-	-	-	-	-	-	D	D	D	D	-	-	-	-	-	-	-	-	D	D	D	D	-
E	E	L	L	L	-	-	-	-	E	E	L	L	L	-	-	E	L	L	-	-	-	-	E	E	E	E	E
-	-	L	L	L	L	L	L	-	-	-	-	-	-	-	-	-	D	D	D	D	D	-	-	-	-	-	-
D	D	-	-	-	-	E	D	D	D	D	-	-	-	E	D	L	L	-	-	-	-	E	E	E	D	D	-
-	-	-	D	L	-	-	-	E	E	E	E	E	E	-	-	-	-	-	-	-	-	-	-	E	E	E	D
-	E	E	E	E	E	D	-	-	-	D	D	D	D	L	L	-	-	-	-	-	E	E	D	L	-	-	-
-	-	D	D	D	D	D	D	-	-	-	E	E	L	L	L	L	-	-	-	-	D	D	D	D	-	-	-
-	-	-	-	-	-	D	D	D	D	L	-	-	-	E	E	L	-	-	-	-	-	-	-	-	-	-	-
-	E	E	E	D	-	-	-	-	-	-	-	-	-	-	-	-	-	-	-	-	-	-	E	E	E	D	D
-	-	-	-	-	-	-	-	-	L	L	L	-	-	-	E	E	E	L	-	-	E	D	-	-	-	-	-
Objective 0: 6020
Objective 1: 34
Constr violation: -4
Restrictions violated:
1 0 0 0 0 0 0 3 

Individual 14
1	2	3	4	5	6	7	8	9	10	11	12	13	14	15	16	17	18	19	20	21	22	23	24	25	26	27	28
E	E	E	-	-	E	E	E	D	D	-	-	E	E	E	D	D	-	-	-	-	D	D	D	-	-	-	-
L	L	L	L	L	-	-	-	L	L	-	-	L	L	L	L	L	-	-	L	L	L	L	-	-	-	-	-
-	D	D	D	D	-	-	L	L	L	L	L	-	-	-	-	-	D	D	D	D	D	-	-	D	D	D	D
E	D	D	-	-	-	-	E	E	E	-	-	D	D	D	D	D	-	-	E	E	E	E	D	-	-	-	-
D	D	D	D	D	-	-	-	D	D	D	D	L	-	-	-	-	-	D	D	L	L	-	-	E	L	-	-
-	-	L	L	L	-	-	E	E	L	L	-	-	-	-	-	E	E	E	L	L	-	-	E	L	L	L	L
-	-	-	E	E	E	E	-	-	E	E	E	E	L	-	-	E	E	L	-	-	L	L	L	L	-	-	-
-	-	L	L	L	L	L	-	-	-	L	L	L	-	-	L	L	L	L	-	-	-	L	L	L	L	-	-
D	D	D	D	D	-	-	-	-	-	-	D	D	D	D	-	-	-	-	-	-	-	-	D	D	D	D	-
E	E	L	L	L	-	-	-	-	E	E	L	L	L	-	-	E	L	L	-	-	-	-	E	E	E	E	E
-	-	L	L	L	L	L	L	-	-	-	-	-	-	-	-	-	D	D	D	D	D	-	-	-	-	-	-
D	D	-	-	-	-	E	D	D	D	D	-	-	-	E	D	L	L	-	-	-	-	E	E	E	D	D	-
-	-	-	D	L	-	-	-	E	E	E	E	E	E	-	-	-	-	-	-	-	-	-	-	E	E	E	D
-	E	E	E	E	E	D	-	-	-	D	D	D	D	L	L	-	-	-	-	-	E	E	D	L	-	-	-
-	-	D	D	D	D	D	D	-	-	-	E	E	L	L	L	L	-	-	-	-	D	D	D	D	-	-	-
-	-	-	-	-	D	D	D	D	L	-	-	-	-	E	E	L	-	-	-	-	-	-	-	-	-	-	-
-	E	E	E	D	-	-	-	-	-	-	-	-	-	-	-	-	-	-	-	-	-	-	E	E	E	D	D
-	-	-	-	-	-	-	E	E	L	-	-	-	-	-	E	E	-	-	E	E	E	E	-	-	-	-	-
Objective 0: 5515
Objective 1: 41
Constr violation: -4
Restrictions violated:
1 0 0 0 0 0 0 3 

Individual 15
1	2	3	4	5	6	7	8	9	10	11	12	13	14	15	16	17	18	19	20	21	22	23	24	25	26	27	28
E	E	E	-	-	E	E	E	D	D	-	-	E	E	E	D	D	-	-	-	-	D	D	D	-	-	-	-
L	L	L	L	L	-	-	-	L	L	-	-	L	L	L	L	L	-	-	L	L	L	L	-	-	-	-	-
-	D	D	D	D	-	-	L	L	L	L	L	-	-	-	-	-	D	D	D	D	D	-	-	D	D	D	D
E	D	D	-	-	-	-	E	E	E	-	-	D	D	D	D	D	-	-	E	E	E	E	D	-	-	-	-
L	L	L	L	-	-	-	-	D	D	D	D	D	-	-	-	E	E	E	L	L	-	-	-	E	E	-	-
-	-	L	L	L	-	-	E	E	L	L	-	-	-	-	-	E	E	E	L	L	-	-	E	L	L	L	L
-	-	-	E	E	E	E	-	-	E	E	E	E	L	-	-	E	E	L	-	-	L	L	L	L	-	-	-
-	-	L	L	L	L	L	-	-	-	L	L	L	-	-	L	L	L	L	-	-	-	L	L	L	L	-	-
D	D	D	D	D	-	-	-	-	-	-	D	D	D	D	-	-	-	-	-	-	-	-	D	D	D	D	-
E	E	L	L	L	-	-	-	-	E	E	L	L	L	-	-	E	L	L	-	-	-	-	E	E	E	E	E
-	-	L	L	L	L	L	L	-	-	-	-	-	-	-	-	-	D	D	D	D	D	-	-	-	-	-	-
D	D	-	-	-	-	E	D	D	D	D	-	-	-	E	D	L	L	-	-	-	-	E	E	E	D	D	-
D	L	-	-	-	-	-	-	-	E	E	E	E	D	D	-	-	-	-	-	-	E	D	-	-	-	E	E
-	E	E	E	E	E	D	-	-	-	D	D	D	D	L	L	-	-	-	-	-	E	E	D	L	-	-	-
-	-	D	D	D	D	D	D	-	-	-	E	E	L	L	L	L	-	-	-	-	D	D	D	D	-	-	-
-	-	-	-	-	-	D	D	D	D	L	-	-	-	E	E	L	-	-	-	-	-	-	-	-	-	-	-
-	E	E	E	D	-	-	-	-	-	-	-	-	-	-	-	-	-	-	-	-	-	-	E	E	E	D	D
-	-	-	-	-	-	-	-	-	L	L	L	-	-	-	E	E	E	L	-	-	E	D	-	-	-	-	-
Objective 0: 5818
Objective 1: 36
Constr violation: -4
Restrictions violated:
1 0 0 0 0 0 0 3 

Individual 16
1	2	3	4	5	6	7	8	9	10	11	12	13	14	15	16	17	18	19	20	21	22	23	24	25	26	27	28
E	E	E	-	-	E	E	E	D	D	-	-	E	E	E	D	D	-	-	-	-	D	D	D	-	-	-	-
L	L	L	L	L	-	-	-	L	L	-	-	L	L	L	L	L	-	-	L	L	L	L	-	-	-	-	-
-	D	D	D	D	-	-	L	L	L	L	L	-	-	-	-	-	D	D	D	D	D	-	-	D	D	D	D
E	D	D	-	-	-	-	E	E	E	-	-	D	D	D	D	D	-	-	E	E	E	E	D	-	-	-	-
D	D	D	D	D	-	-	-	D	D	D	D	L	-	-	-	-	-	D	D	L	L	-	-	E	L	-	-
-	-	L	L	L	-	-	E	E	L	L	-	-	-	-	-	E	E	E	L	L	-	-	E	L	L	L	L
-	-	-	E	E	E	E	-	-	E	E	E	E	L	-	-	E	E	L	-	-	L	L	L	L	-	-	-
-	-	L	L	L	L	L	-	-	-	L	L	L	-	-	L	L	L	L	-	-	-	L	L	L	L	-	-
D	D	D	D	D	-	-	-	-	-	-	D	D	D	D	-	-	-	-	-	-	-	-	D	D	D	D	-
E	E	L	L	L	-	-	-	-	E	E	E	L	L	-	-	E	L	L	-	-	-	-	E	E	E	E	E
-	-	L	L	L	L	L	L	-	-	-	-	-	-	-	-	-	D	D	D	D	D	-	-	-	-	-	-
D	D	-	-	-	-	E	D	D	D	D	-	-	-	E	D	L	L	-	-	-	-	E	E	E	D	D	-
-	-	-	D	L	-	-	-	E	E	E	E	E	E	-	-	-	-	-	-	-	-	-	-	E	E	E	D
-	E	E	E	E	E	D	-	-	-	D	D	D	D	L	L	-	-	-	-	-	E	E	D	L	-	-	-
-	-	E	E	D	D	L	L	-	-	-	E	E	L	L	L	L	-	-	-	-	D	D	D	D	-	-	-
-	-	-	-	-	-	D	D	D	D	L	-	-	-	E	E	L	-	-	-	-	-	-	-	-	-	-	-
-	E	E	E	D	-	-	-	-	-	-	-	-	-	-	-	-	-	-	-	-	-	-	E	E	E	D	D
-	-	-	-	-	-	-	E	E	L	-	-	-	-	-	E	E	-	-	E	E	E	E	-	-	-	-	-
Objective 0: 5414
Objective 1: 43
Constr violation: -4
Restrictions violated:
1 0 0 0 0 0 0 3 

Individual 17
1	2	3	4	5	6	7	8	9	10	11	12	13	14	15	16	17	18	19	20	21	22	23	24	25	26	27	28
E	E	E	-	-	E	E	E	D	D	-	-	E	E	E	D	D	-	-	-	-	D	D	D	-	-	-	-
L	L	L	L	L	-	-	-	L	L	-	-	L	L	L	L	L	-	-	L	L	L	L	-	-	-	-	-
-	D	D	D	D	-	-	L	L	L	L	L	-	-	-	-	-	D	D	D	D	D	-	-	D	D	D	D
E	D	D	-	-	-	-	E	E	E	-	-	D	D	D	D	D	-	-	E	E	E	E	D	-	-	-	-
D	D	D	D	D	-	-	-	D	D	D	D	L	-	-	-	-	-	D	D	L	L	-	-	E	L	-	-
-	-	L	L	L	-	-	E	E	L	L	-	-	-	-	-	E	E	E	L	L	-	-	E	L	L	L	L
-	-	-	E	E	E	E	-	-	E	E	E	E	L	-	-	E	E	L	-	-	L	L	L	L	-	-	-
-	-	L	L	L	L	L	-	-	-	L	L	L	-	-	L	L	L	L	-	-	-	L	L	L	L	-	-
D	D	D	D	D	-	-	-	-	-	-	D	D	D	D	-	-	-	-	-	-	-	-	D	D	D	D	-
E	E	L	L	L	-	-	-	-	E	E	E	L	L	-	-	E	L	L	-	-	-	-	E	E	E	E	E
-	-	L	L	L	L	L	L	-	-	-	-	-	-	-	-	-	D	D	D	D	D	-	-	-	-	-	-
-	-	-	-	E	D	D	D	D	L	-	-	-	-	E	D	L	L	L	-	-	-	E	E	E	E	E	D
D	L	-	-	-	-	-	-	-	E	E	E	E	D	D	-	-	-	-	-	-	E	D	-	-	-	E	E
-	E	E	E	E	E	D	-	-	-	D	D	D	D	L	L	-	-	-	-	-	E	E	D	L	-	-	-
-	-	E	E	D	D	L	L	-	-	-	E	E	L	L	L	L	-	-	-	-	D	D	D	D	-	-	-
-	-	-	-	-	-	D	D	D	D	L	-	-	-	E	E	L	-	-	-	-	-	-	-	-	-	-	-
-	E	E	E	D	-	-	-	-	-	-	-	-	-	-	-	-	-	-	-	-	-	-	E	E	E	D	D
-	-	-	-	-	-	-	-	-	L	L	L	-	-	-	E	E	E	L	-	-	E	D	-	-	-	-	-
Objective 0: 4910
Objective 1: 44
Constr violation: -4
Restrictions violated:
1 0 0 0 0 0 0 3 

Individual 18
1	2	3	4	5	6	7	8	9	10	11	12	13	14	15	16	17	18	19	20	21	22	23	24	25	26	27	28
E	E	E	-	-	E	E	E	D	D	-	-	E	E	E	D	D	-	-	-	-	D	D	D	-	-	-	-
L	L	L	L	L	-	-	-	L	L	-	-	L	L	L	L	L	-	-	L	L	L	L	-	-	-	-	-
-	D	D	D	D	-	-	L	L	L	L	L	-	-	-	-	-	D	D	D	D	D	-	-	D	D	D	D
E	D	D	-	-	-	-	E	E	E	-	-	D	D	D	D	D	-	-	E	E	E	E	D	-	-	-	-
D	D	D	D	D	-	-	-	D	D	D	D	L	-	-	-	-	-	D	D	L	L	-	-	E	L	-	-
-	-	L	L	L	-	-	E	E	L	L	-	-	-	-	-	E	E	E	L	L	-	-	E	L	L	L	L
-	-	-	E	E	E	E	-	-	E	E	E	E	L	-	-	E	E	L	-	-	L	L	L	L	-	-	-
-	-	L	L	L	L	L	-	-	-	L	L	L	-	-	L	L	L	L	-	-	-	L	L	L	L	-	-
D	D	D	D	D	-	-	-	-	-	-	D	D	D	D	-	-	-	-	-	-	-	-	D	D	D	D	-
E	E	L	L	L	-	-	-	-	E	E	E	L	L	-	-	E	L	L	-	-	-	-	E	E	E	E	E
-	-	L	L	L	L	L	L	-	-	-	-	-	-	-	-	-	D	D	D	D	D	-	-	-	-	-	-
-	-	-	-	E	D	D	D	D	L	-	-	-	-	E	D	L	L	L	-	-	-	E	E	E	E	E	D
D	L	-	-	-	-	-	-	-	E	E	E	E	D	D	-	-	-	-	-	-	E	D	-	-	-	E	E
-	E	E	E	E	E	D	-	-	-	D	D	D	D	L	L	-	-	-	-	-	E	E	D	L	-	-	-
-	-	E	E	D	D	L	L	-	-	-	E	E	L	L	L	L	-	-	-	-	D	D	D	D	-	-	-
-	-	-	-	-	-	D	D	D	D	L	-	-	-	E	E	L	-	-	-	-	-	-	-	-	-	-	-
-	E	E	E	D	-	-	-	-	-	-	-	-	-	-	-	-	-	-	-	-	-	-	E	E	E	D	D
-	-	-	-	-	-	-	-	-	L	L	L	-	-	-	E	E	E	L	-	-	E	D	-	-	-	-	-
Objective 0: 4910
Objective 1: 44
Constr violation: -4
Restrictions violated:
1 0 0 0 0 0 0 3 

Individual 19
1	2	3	4	5	6	7	8	9	10	11	12	13	14	15	16	17	18	19	20	21	22	23	24	25	26	27	28
E	E	E	-	-	E	E	E	D	D	-	-	E	E	E	D	D	-	-	-	-	D	D	D	-	-	-	-
L	L	L	L	L	-	-	-	L	L	-	-	L	L	L	L	L	-	-	L	L	L	L	-	-	-	-	-
-	D	D	D	D	-	-	L	L	L	L	L	-	-	-	-	-	D	D	D	D	D	-	-	D	D	D	D
E	D	D	-	-	-	-	E	E	E	-	-	D	D	D	D	D	-	-	E	E	E	E	D	-	-	-	-
D	D	D	D	D	-	-	-	D	D	D	D	L	-	-	-	-	-	D	D	L	L	-	-	E	L	-	-
-	-	L	L	L	-	-	E	E	L	L	-	-	-	-	-	E	E	E	L	L	-	-	E	L	L	L	L
-	-	-	E	E	E	E	-	-	E	E	E	E	L	-	-	E	E	L	-	-	L	L	L	L	-	-	-
-	-	L	L	L	L	L	-	-	-	L	L	L	-	-	L	L	L	L	-	-	-	L	L	L	L	-	-
D	D	D	D	D	-	-	-	-	-	-	D	D	D	D	-	-	-	-	-	-	-	-	D	D	D	D	-
E	E	L	L	L	-	-	-	-	E	E	L	L	L	-	-	E	L	L	-	-	-	-	E	E	E	E	E
-	-	L	L	L	L	L	L	-	-	-	-	-	-	-	-	-	D	D	D	D	D	-	-	-	-	-	-
D	D	-	-	-	-	E	D	D	D	D	-	-	-	E	D	L	L	-	-	-	-	E	E	E	D	D	-
-	-	-	D	L	-	-	-	E	E	E	E	E	E	-	-	-	-	-	-	-	-	-	-	E	E	E	D
-	E	E	E	E	E	D	-	-	-	D	D	D	D	L	L	-	-	-	-	-	E	E	D	L	-	-	-
-	-	D	D	D	D	D	D	-	-	-	E	E	L	L	L	L	-	-	-	-	D	D	D	D	-	-	-
-	-	-	-	-	D	D	D	D	L	-	-	-	-	E	E	L	-	-	-	-	-	-	-	-	-	-	-
-	E	E	E	D	-	-	-	-	-	-	-	-	-	-	-	-	-	-	-	-	-	-	E	E	E	D	D
-	-	-	-	-	-	-	E	E	L	-	-	-	-	-	E	E	-	-	E	E	E	E	-	-	-	-	-
Objective 0: 5515
Objective 1: 41
Constr violation: -4
Restrictions violated:
1 0 0 0 0 0 0 3 

