Individual 0
1	2	3	4	5	6	7	8	9	10	11	12	13	14	15	16	17	18	19	20	21	22	23	24	25	26	27	28
E	E	E	-	-	E	E	E	E	E	-	-	-	-	E	E	D	-	-	-	E	D	D	D	D	-	-	-
L	L	L	L	L	-	-	-	L	L	L	L	L	-	-	L	L	-	-	L	L	L	L	L	-	-	-	-
L	L	L	-	-	L	L	L	L	L	-	-	-	-	D	D	D	D	D	-	-	-	-	-	-	D	D	D
-	E	E	E	-	-	D	D	D	-	-	E	D	D	D	D	-	-	-	-	-	E	E	D	D	D	-	-
E	L	L	L	-	-	-	E	D	D	D	D	-	-	-	-	E	E	E	D	D	-	-	-	-	E	D	-
L	L	L	L	L	-	-	-	-	L	L	-	-	-	-	-	E	E	E	L	-	-	-	E	E	E	L	L
L	L	-	-	E	E	E	E	E	-	-	E	E	E	L	L	-	-	-	-	-	L	L	L	L	-	-	-
-	-	L	L	L	L	L	-	-	-	L	L	L	-	-	L	L	L	L	-	-	-	L	L	L	L	-	-
D	D	D	D	D	-	-	D	D	-	-	-	-	D	D	D	D	-	-	-	-	-	D	D	D	D	D	-
L	L	L	L	L	-	-	-	-	L	L	L	L	L	-	-	E	L	L	L	L	-	-	E	L	-	-	-
-	-	D	L	L	L	L	L	-	-	-	D	L	L	L	-	-	-	D	D	D	D	D	L	-	-	-	-
-	-	-	-	-	E	E	E	E	D	D	-	-	-	E	L	L	L	L	-	-	-	E	E	E	D	D	D
E	E	E	E	L	-	-	-	E	E	E	E	E	D	-	-	-	D	D	D	L	L	-	-	-	-	-	-
-	E	E	E	E	-	-	-	-	E	E	E	E	D	D	-	-	-	E	E	E	E	E	E	-	-	-	-
-	-	-	D	D	D	L	L	-	-	-	E	D	L	L	L	L	-	-	-	-	D	D	D	L	L	-	-
E	D	D	D	-	-	D	D	D	D	-	-	-	-	-	-	-	-	-	-	-	-	E	-	-	-	-	-
-	-	D	D	D	-	-	-	-	-	-	-	-	-	E	E	-	-	-	-	-	-	-	-	E	E	E	E
-	-	-	-	-	-	-	-	-	-	E	L	L	L	-	-	-	-	-	-	-	E	E	D	D	-	-	-
Objective 0: 5626
Objective 1: 27
Constr violation: -2
Restrictions violated:
1 0 0 0 0 0 1 0 

Individual 1
1	2	3	4	5	6	7	8	9	10	11	12	13	14	15	16	17	18	19	20	21	22	23	24	25	26	27	28
E	E	E	-	-	E	E	E	E	E	-	-	-	-	E	E	D	-	-	-	E	D	D	D	D	-	-	-
L	L	L	L	L	-	-	-	L	L	L	L	L	-	-	L	L	-	-	L	L	L	L	L	-	-	-	-
L	L	L	-	-	L	L	L	L	L	-	-	-	-	D	D	D	D	D	-	-	-	-	-	-	D	D	D
-	E	E	E	-	-	D	D	D	-	-	E	D	D	D	D	-	-	-	-	-	E	E	D	D	D	-	-
D	D	D	D	D	-	-	E	D	D	D	D	-	-	-	E	E	E	E	E	-	-	-	-	-	E	L	-
L	L	L	L	L	-	-	-	-	L	L	-	-	-	-	-	E	E	E	L	-	-	-	E	E	E	L	L
E	L	-	-	E	E	E	E	E	-	-	E	E	E	L	-	-	E	L	-	-	E	E	L	L	L	-	-
-	-	-	L	L	L	L	L	-	-	L	L	L	-	-	L	L	L	L	-	-	L	L	L	L	-	-	-
D	D	D	D	D	-	-	D	D	D	-	-	D	D	D	D	D	-	-	D	D	D	D	D	-	-	-	-
L	L	L	L	L	-	-	-	-	L	L	L	L	L	-	-	E	L	L	L	L	-	-	E	L	-	-	-
-	-	D	D	D	D	L	L	-	-	-	D	L	L	L	-	-	-	D	D	D	D	D	L	-	-	-	-
-	-	-	-	-	E	E	E	E	E	D	-	-	-	E	L	L	L	L	-	-	-	E	E	E	E	E	D
E	E	E	E	L	-	-	-	E	E	E	E	E	D	-	-	-	D	D	D	L	L	-	-	-	-	-	-
-	E	E	E	E	-	-	-	-	E	E	E	E	D	D	-	-	-	E	E	E	E	E	E	-	-	-	-
-	-	E	E	D	D	L	-	-	-	-	E	D	L	L	L	L	-	-	-	-	D	D	D	L	L	-	-
D	D	L	-	-	D	D	D	D	L	-	-	-	-	-	-	-	-	-	-	-	-	E	-	-	-	-	-
D	D	D	-	-	-	-	-	-	-	-	-	-	-	E	-	-	-	-	-	-	-	-	-	E	E	E	E
-	-	-	-	-	-	-	-	-	-	E	D	L	L	L	-	-	-	-	-	-	E	E	D	D	-	-	-
Objective 0: 3914
Objective 1: 54
Constr violation: -2
Restrictions violated:
1 0 0 0 0 0 1 0 

Individual 2
1	2	3	4	5	6	7	8	9	10	11	12	13	14	15	16	17	18	19	20	21	22	23	24	25	26	27	28
E	E	E	-	-	E	E	E	E	E	-	-	-	-	E	E	D	-	-	-	E	D	D	D	D	-	-	-
L	L	L	L	L	-	-	-	L	L	L	L	L	-	-	L	L	-	-	L	L	L	L	L	-	-	-	-
L	L	L	-	-	L	L	L	L	L	-	-	-	-	D	D	D	D	D	-	-	-	-	-	-	D	D	D
-	E	E	E	-	-	D	D	D	-	-	E	D	D	D	D	-	-	-	-	-	E	E	D	D	D	-	-
E	L	L	L	-	-	-	E	D	D	D	D	-	-	-	-	E	E	E	D	D	-	-	-	-	E	D	-
L	L	L	L	L	-	-	-	-	L	L	-	-	-	-	-	E	E	E	L	-	-	-	E	E	E	L	L
L	L	-	-	E	E	E	E	E	-	-	E	E	E	L	L	-	-	-	-	-	L	L	L	L	-	-	-
-	-	L	L	L	L	L	-	-	-	L	L	L	-	-	L	L	L	L	-	-	-	L	L	L	L	-	-
D	D	D	D	D	-	-	D	D	-	-	-	-	D	D	D	D	-	-	-	-	-	D	D	D	D	D	-
L	L	L	L	L	-	-	-	-	L	L	L	L	L	-	-	E	L	L	L	L	-	-	E	L	-	-	-
-	-	D	D	D	D	L	L	-	-	-	D	L	L	L	-	-	-	D	D	D	D	D	L	-	-	-	-
-	-	-	-	-	E	E	E	E	D	D	-	-	-	E	L	L	L	L	-	-	-	E	E	E	D	D	D
E	E	E	E	L	-	-	-	E	E	E	E	E	D	-	-	-	D	D	D	L	L	-	-	-	-	-	-
-	E	E	E	E	-	-	-	-	E	E	E	E	D	D	-	-	-	E	E	E	E	E	E	-	-	-	-
-	-	-	D	D	D	L	L	-	-	-	E	D	L	L	L	L	-	-	-	-	D	D	D	L	L	-	-
E	D	D	D	-	-	D	D	D	D	-	-	-	-	-	-	-	-	-	-	-	-	E	-	-	-	-	-
-	-	D	D	D	-	-	-	-	-	-	-	-	-	E	E	-	-	-	-	-	-	-	-	E	E	E	E
-	-	-	-	-	-	-	-	-	-	E	L	L	L	-	-	-	-	-	-	-	E	E	D	D	-	-	-
Objective 0: 5424
Objective 1: 30
Constr violation: -2
Restrictions violated:
1 0 0 0 0 0 1 0 

Individual 3
1	2	3	4	5	6	7	8	9	10	11	12	13	14	15	16	17	18	19	20	21	22	23	24	25	26	27	28
E	E	E	-	-	E	E	E	E	E	-	-	-	-	E	E	D	-	-	-	E	D	D	D	D	-	-	-
L	L	L	L	L	-	-	-	L	L	L	L	L	-	-	L	L	-	-	L	L	L	L	L	-	-	-	-
L	L	L	-	-	L	L	L	L	L	-	-	-	-	D	D	D	D	D	-	-	-	-	-	-	D	D	D
-	E	E	E	-	-	D	D	D	-	-	E	D	D	D	D	-	-	-	-	-	E	E	D	D	D	-	-
D	D	D	D	D	-	-	E	D	D	D	D	-	-	-	E	E	E	E	E	-	-	-	-	-	E	L	-
L	L	L	L	L	-	-	-	-	L	L	-	-	-	-	-	E	E	E	L	-	-	-	E	E	E	L	L
L	L	-	-	E	E	E	E	E	-	-	E	E	E	L	L	-	-	-	-	-	L	L	L	L	-	-	-
-	-	-	L	L	L	L	L	-	-	L	L	L	-	-	L	L	L	L	-	-	L	L	L	L	-	-	-
D	D	D	D	D	-	-	D	D	-	-	-	-	D	D	D	D	-	-	-	-	-	D	D	D	D	D	-
L	L	L	L	L	-	-	-	-	L	L	L	L	L	-	-	E	L	L	L	L	-	-	E	L	-	-	-
-	-	D	D	D	D	L	L	-	-	-	D	L	L	L	-	-	-	D	D	D	D	D	L	-	-	-	-
-	-	-	-	-	E	E	E	E	E	D	-	-	-	E	L	L	L	L	-	-	-	E	E	E	E	E	D
E	E	E	E	L	-	-	-	E	E	E	E	E	D	-	-	-	D	D	D	L	L	-	-	-	-	-	-
-	E	E	E	E	-	-	-	-	E	E	E	E	D	D	-	-	-	E	E	E	E	E	E	-	-	-	-
-	-	E	E	D	D	L	-	-	-	-	E	D	L	L	L	L	-	-	-	-	D	D	D	L	L	-	-
D	D	L	-	-	D	D	D	D	L	-	-	-	-	-	-	-	-	-	-	-	-	E	-	-	-	-	-
D	D	D	-	-	-	-	-	-	-	-	-	-	-	E	-	-	-	-	-	-	-	-	-	E	E	E	E
-	-	-	-	-	-	-	-	-	-	E	L	L	L	-	-	-	-	-	-	-	E	E	D	D	-	-	-
Objective 0: 4919
Objective 1: 40
Constr violation: -2
Restrictions violated:
1 0 0 0 0 0 1 0 

Individual 4
1	2	3	4	5	6	7	8	9	10	11	12	13	14	15	16	17	18	19	20	21	22	23	24	25	26	27	28
E	E	E	-	-	E	E	E	E	E	-	-	-	-	E	E	D	-	-	-	E	D	D	D	D	-	-	-
L	L	L	L	L	-	-	-	L	L	L	L	L	-	-	L	L	-	-	L	L	L	L	L	-	-	-	-
L	L	L	-	-	L	L	L	L	L	-	-	-	-	D	D	D	D	D	-	-	-	-	-	-	D	D	D
-	E	E	E	-	-	D	D	D	-	-	E	D	D	D	D	-	-	-	-	-	E	E	D	D	D	-	-
D	D	D	D	D	-	-	E	D	D	D	D	-	-	-	E	E	E	E	E	-	-	-	-	-	E	L	-
L	L	L	L	L	-	-	-	-	L	L	-	-	-	-	-	E	E	E	L	-	-	-	E	E	E	L	L
L	L	-	-	E	E	E	E	E	-	-	E	E	E	L	L	-	-	-	-	-	L	L	L	L	-	-	-
-	-	-	L	L	L	L	L	-	-	L	L	L	-	-	L	L	L	L	-	-	L	L	L	L	-	-	-
D	D	D	D	D	-	-	D	D	D	-	-	D	D	D	D	D	-	-	D	D	D	D	D	-	-	-	-
L	L	L	L	L	-	-	-	-	L	L	L	L	L	-	-	E	L	L	L	L	-	-	E	L	-	-	-
-	-	D	D	D	D	L	L	-	-	-	D	L	L	L	-	-	-	D	D	D	D	D	L	-	-	-	-
-	-	-	-	-	E	E	E	E	E	D	-	-	-	E	L	L	L	L	-	-	-	E	E	E	E	E	D
E	E	E	E	L	-	-	-	E	E	E	E	E	D	-	-	-	D	D	D	L	L	-	-	-	-	-	-
-	E	E	E	E	-	-	-	-	E	E	E	E	D	D	-	-	-	E	E	E	E	E	E	-	-	-	-
-	-	E	E	D	D	L	-	-	-	-	E	D	L	L	L	L	-	-	-	-	D	D	D	L	L	-	-
D	D	L	-	-	D	D	D	D	L	-	-	-	-	-	-	-	-	-	-	-	-	E	-	-	-	-	-
D	D	D	-	-	-	-	-	-	-	-	-	-	-	E	-	-	-	-	-	-	-	-	-	E	E	E	E
-	-	-	-	-	-	-	-	-	-	E	L	L	L	-	-	-	-	-	-	-	E	E	D	D	-	-	-
Objective 0: 4517
Objective 1: 46
Constr violation: -2
Restrictions violated:
1 0 0 0 0 0 1 0 

Individual 5
1	2	3	4	5	6	7	8	9	10	11	12	13	14	15	16	17	18	19	20	21	22	23	24	25	26	27	28
E	E	E	-	-	E	E	E	E	E	-	-	-	-	E	E	D	-	-	-	E	D	D	D	D	-	-	-
L	L	L	L	L	-	-	-	L	L	L	L	L	-	-	L	L	-	-	L	L	L	L	L	-	-	-	-
L	L	L	-	-	L	L	L	L	L	-	-	-	-	D	D	D	D	D	-	-	-	-	-	-	D	D	D
-	E	E	E	-	-	D	D	D	-	-	E	D	D	D	D	-	-	-	-	-	E	E	D	D	D	-	-
E	L	L	L	-	-	-	E	D	D	D	D	-	-	-	-	E	E	E	D	D	-	-	-	-	E	D	-
L	L	L	L	L	-	-	-	-	L	L	-	-	-	-	-	E	E	E	L	-	-	-	E	E	E	L	L
L	L	-	-	E	E	E	E	E	-	-	E	E	E	L	L	-	-	-	-	-	L	L	L	L	-	-	-
-	-	L	L	L	L	L	-	-	-	L	L	L	-	-	L	L	L	L	-	-	-	L	L	L	L	-	-
D	D	D	D	D	-	-	D	D	-	-	-	-	D	D	D	D	-	-	-	-	-	D	D	D	D	D	-
L	L	L	L	L	-	-	-	-	L	L	L	L	L	-	-	E	L	L	L	L	-	-	E	L	-	-	-
-	-	D	D	D	D	L	L	-	-	-	D	L	L	L	-	-	-	D	D	D	D	D	L	-	-	-	-
-	-	-	-	-	E	E	E	E	E	D	-	-	-	E	L	L	L	L	-	-	-	E	E	E	E	E	D
E	E	E	E	L	-	-	-	E	E	E	E	E	D	-	-	-	D	D	D	L	L	-	-	-	-	-	-
-	E	E	E	E	-	-	-	-	E	E	E	E	D	D	-	-	-	E	E	E	E	E	E	-	-	-	-
-	-	E	E	D	D	L	-	-	-	-	E	D	L	L	L	L	-	-	-	-	D	D	D	L	L	-	-
E	D	D	D	-	-	D	D	D	D	-	-	-	-	-	-	-	-	-	-	-	-	E	-	-	-	-	-
-	-	D	D	D	-	-	-	-	-	-	-	-	-	E	E	-	-	-	-	-	-	-	-	E	E	E	E
-	-	-	-	-	-	-	-	-	-	E	L	L	L	-	-	-	-	-	-	-	E	E	D	D	-	-	-
Objective 0: 5323
Objective 1: 32
Constr violation: -2
Restrictions violated:
1 0 0 0 0 0 1 0 

Individual 6
1	2	3	4	5	6	7	8	9	10	11	12	13	14	15	16	17	18	19	20	21	22	23	24	25	26	27	28
E	E	E	-	-	E	E	E	E	E	-	-	-	-	E	E	D	-	-	-	E	D	D	D	D	-	-	-
L	L	L	L	L	-	-	-	L	L	L	L	L	-	-	L	L	-	-	L	L	L	L	L	-	-	-	-
L	L	L	-	-	L	L	L	L	L	-	-	-	-	D	D	D	D	D	-	-	-	-	-	-	D	D	D
-	E	E	E	-	-	D	D	D	-	-	E	D	D	D	D	-	-	-	-	-	E	E	D	D	D	-	-
E	L	L	L	-	-	-	E	D	D	D	D	-	-	-	-	E	E	E	D	D	-	-	-	-	E	D	-
L	L	L	L	L	-	-	-	-	L	L	-	-	-	-	-	E	E	E	L	-	-	-	E	E	E	L	L
L	L	-	-	E	E	E	E	E	-	-	E	E	E	L	L	-	-	-	-	-	L	L	L	L	-	-	-
-	-	L	L	L	L	L	-	-	-	L	L	L	-	-	L	L	L	L	-	-	-	L	L	L	L	-	-
D	D	D	D	D	-	-	D	D	-	-	-	-	D	D	D	D	-	-	-	-	-	D	D	D	D	D	-
L	L	L	L	L	-	-	-	-	L	L	L	L	L	-	-	E	L	L	L	L	-	-	E	L	-	-	-
-	-	D	L	L	L	L	L	-	-	-	D	L	L	L	-	-	-	D	D	D	D	D	L	-	-	-	-
-	-	-	-	-	E	E	E	E	E	D	-	-	-	E	L	L	L	L	-	-	-	E	E	E	E	E	D
E	E	E	E	L	-	-	-	E	E	E	E	E	D	-	-	-	D	D	D	L	L	-	-	-	-	-	-
-	E	E	E	E	-	-	-	-	E	E	E	E	D	D	-	-	-	E	E	E	E	E	E	-	-	-	-
-	-	-	D	D	D	L	L	-	-	-	E	D	L	L	L	L	-	-	-	-	D	D	D	L	L	-	-
E	D	D	D	-	-	D	D	D	D	-	-	-	-	-	-	-	-	-	-	-	-	E	-	-	-	-	-
-	-	D	D	D	-	-	-	-	-	-	-	-	-	E	E	-	-	-	-	-	-	-	-	E	E	E	E
-	-	-	-	-	-	-	-	-	-	E	L	L	L	-	-	-	-	-	-	-	E	E	D	D	-	-	-
Objective 0: 5525
Objective 1: 28
Constr violation: -2
Restrictions violated:
1 0 0 0 0 0 1 0 

Individual 7
1	2	3	4	5	6	7	8	9	10	11	12	13	14	15	16	17	18	19	20	21	22	23	24	25	26	27	28
E	E	E	-	-	E	E	E	E	E	-	-	-	-	E	E	D	-	-	-	E	D	D	D	D	-	-	-
L	L	L	L	L	-	-	-	L	L	L	L	L	-	-	L	L	-	-	L	L	L	L	L	-	-	-	-
L	L	L	-	-	L	L	L	L	L	-	-	-	-	D	D	D	D	D	-	-	-	-	-	-	D	D	D
-	E	E	E	-	-	D	D	D	-	-	E	D	D	D	D	-	-	-	-	-	E	E	D	D	D	-	-
D	D	D	D	D	-	-	E	D	D	D	D	-	-	-	E	E	E	E	E	-	-	-	-	-	E	L	-
L	L	L	L	L	-	-	-	-	L	L	-	-	-	-	-	E	E	E	L	-	-	-	E	E	E	L	L
L	L	-	-	E	E	E	E	E	-	-	E	E	E	L	L	-	-	-	-	-	L	L	L	L	-	-	-
-	-	L	L	L	L	L	-	-	-	L	L	L	-	-	L	L	L	L	-	-	-	L	L	L	L	-	-
D	D	D	D	D	-	-	D	D	D	-	-	D	D	D	D	D	-	-	D	D	D	D	D	-	-	-	-
L	L	L	L	L	-	-	-	-	L	L	L	L	L	-	-	E	L	L	L	L	-	-	E	L	-	-	-
-	-	D	D	D	D	L	L	-	-	-	D	L	L	L	-	-	-	D	D	D	D	D	L	-	-	-	-
-	-	-	-	-	E	E	E	E	E	D	-	-	-	E	L	L	L	L	-	-	-	E	E	E	E	E	D
E	E	E	E	L	-	-	-	E	E	E	E	E	D	-	-	-	D	D	D	L	L	-	-	-	-	-	-
-	E	E	E	E	-	-	-	-	E	E	E	E	D	D	-	-	-	E	E	E	E	E	E	-	-	-	-
-	-	E	E	D	D	L	-	-	-	-	E	D	L	L	L	L	-	-	-	-	D	D	D	L	L	-	-
D	D	L	-	-	D	D	D	D	L	-	-	-	-	-	-	-	-	-	-	-	-	E	-	-	-	-	-
D	D	D	-	-	-	-	-	-	-	-	-	-	-	E	-	-	-	-	-	-	-	-	-	E	E	E	E
-	-	-	-	-	-	-	-	-	-	E	D	L	L	L	-	-	-	-	-	-	E	E	D	D	-	-	-
Objective 0: 4316
Objective 1: 47
Constr violation: -2
Restrictions violated:
1 0 0 0 0 0 1 0 

Individual 8
1	2	3	4	5	6	7	8	9	10	11	12	13	14	15	16	17	18	19	20	21	22	23	24	25	26	27	28
E	E	E	-	-	E	E	E	E	E	-	-	-	-	E	E	D	-	-	-	E	D	D	D	D	-	-	-
L	L	L	L	L	-	-	-	L	L	L	L	L	-	-	L	L	-	-	L	L	L	L	L	-	-	-	-
L	L	L	-	-	L	L	L	L	L	-	-	-	-	D	D	D	D	D	-	-	-	-	-	-	D	D	D
-	E	E	E	-	-	D	D	D	-	-	E	D	D	D	D	-	-	-	-	-	E	E	D	D	D	-	-
D	D	D	D	D	-	-	E	D	D	D	D	-	-	-	E	E	E	E	E	-	-	-	-	-	E	L	-
L	L	L	L	L	-	-	-	-	L	L	-	-	-	-	-	E	E	E	L	-	-	-	E	E	E	L	L
E	L	-	-	E	E	E	E	E	-	-	E	E	E	L	-	-	E	L	-	-	E	E	L	L	L	-	-
-	-	L	L	L	L	L	-	-	-	L	L	L	-	-	L	L	L	L	-	-	-	L	L	L	L	-	-
D	D	D	D	D	-	-	D	D	-	-	-	-	D	D	D	D	-	-	-	-	-	D	D	D	D	D	-
L	L	L	L	L	-	-	-	-	L	L	L	L	L	-	-	E	L	L	L	L	-	-	E	L	-	-	-
-	-	D	D	D	D	L	L	-	-	-	D	L	L	L	-	-	-	D	D	D	D	D	L	-	-	-	-
-	-	-	-	-	E	E	E	E	E	D	-	-	-	E	L	L	L	L	-	-	-	E	E	E	E	E	D
E	E	E	E	L	-	-	-	E	E	E	E	E	D	-	-	-	D	D	D	L	L	-	-	-	-	-	-
-	E	E	E	E	-	-	-	-	E	E	E	E	D	D	-	-	-	E	E	E	E	E	E	-	-	-	-
-	-	E	E	D	D	L	-	-	-	-	E	D	L	L	L	L	-	-	-	-	D	D	D	L	L	-	-
D	D	L	-	-	D	D	D	D	L	-	-	-	-	-	-	-	-	-	-	-	-	E	-	-	-	-	-
D	D	D	-	-	-	-	-	-	-	-	-	-	-	E	-	-	-	-	-	-	-	-	-	E	E	E	E
-	-	-	-	-	-	-	-	-	-	E	L	L	L	-	-	-	-	-	-	-	E	E	D	D	-	-	-
Objective 0: 4719
Objective 1: 43
Constr violation: -2
Restrictions violated:
1 0 0 0 0 0 1 0 

Individual 9
1	2	3	4	5	6	7	8	9	10	11	12	13	14	15	16	17	18	19	20	21	22	23	24	25	26	27	28
E	E	E	-	-	E	E	E	E	E	-	-	-	-	E	E	D	-	-	-	E	D	D	D	D	-	-	-
L	L	L	L	L	-	-	-	L	L	L	L	L	-	-	L	L	-	-	L	L	L	L	L	-	-	-	-
L	L	L	-	-	L	L	L	L	L	-	-	-	-	D	D	D	D	D	-	-	-	-	-	-	D	D	D
-	E	E	E	-	-	D	D	D	-	-	E	D	D	D	D	-	-	-	-	-	E	E	D	D	D	-	-
D	D	D	D	D	-	-	E	D	D	D	D	-	-	-	E	E	E	E	E	-	-	-	-	-	E	L	-
L	L	L	L	L	-	-	-	-	L	L	-	-	-	-	-	E	E	E	L	-	-	-	E	E	E	L	L
E	L	-	-	E	E	E	E	E	-	-	E	E	E	L	-	-	E	L	-	-	E	E	L	L	L	-	-
-	-	-	L	L	L	L	L	-	-	L	L	L	-	-	L	L	L	L	-	-	L	L	L	L	-	-	-
D	D	D	D	D	-	-	D	D	D	-	-	D	D	D	D	D	-	-	D	D	D	D	D	-	-	-	-
L	L	L	L	L	-	-	-	-	L	L	L	L	L	-	-	E	L	L	L	L	-	-	E	L	-	-	-
-	-	D	D	D	D	L	L	-	-	-	D	L	L	L	-	-	-	D	D	D	D	D	L	-	-	-	-
-	-	-	-	-	E	E	E	E	E	D	-	-	-	E	L	L	L	L	-	-	-	E	E	E	E	E	D
E	E	E	E	L	-	-	-	E	E	E	E	E	D	-	-	-	D	D	D	L	L	-	-	-	-	-	-
-	E	E	E	E	-	-	-	-	E	E	E	E	D	D	-	-	-	E	E	E	E	E	E	-	-	-	-
-	-	E	E	D	D	L	-	-	-	-	E	D	L	L	L	L	-	-	-	-	D	D	D	L	L	-	-
D	D	L	-	-	D	D	D	D	L	-	-	-	-	-	-	-	-	-	-	-	-	E	-	-	-	-	-
D	D	D	-	-	-	-	-	-	-	-	-	-	-	E	-	-	-	-	-	-	-	-	-	E	E	E	E
-	-	-	-	-	-	-	-	-	-	E	L	L	L	-	-	-	-	-	-	-	E	E	D	D	-	-	-
Objective 0: 4115
Objective 1: 51
Constr violation: -2
Restrictions violated:
1 0 0 0 0 0 1 0 

Individual 10
1	2	3	4	5	6	7	8	9	10	11	12	13	14	15	16	17	18	19	20	21	22	23	24	25	26	27	28
E	E	E	-	-	E	E	E	E	E	-	-	-	-	E	E	D	-	-	-	E	D	D	D	D	-	-	-
L	L	L	L	L	-	-	-	L	L	L	L	L	-	-	L	L	-	-	L	L	L	L	L	-	-	-	-
L	L	L	-	-	L	L	L	L	L	-	-	-	-	D	D	D	D	D	-	-	-	-	-	-	D	D	D
-	E	E	E	-	-	D	D	D	-	-	E	D	D	D	D	-	-	-	-	-	E	E	D	D	D	-	-
D	D	D	D	D	-	-	E	D	D	D	D	-	-	-	E	E	E	E	E	-	-	-	-	-	E	L	-
L	L	L	L	L	-	-	-	-	L	L	-	-	-	-	-	E	E	E	L	-	-	-	E	E	E	L	L
L	L	-	-	E	E	E	E	E	-	-	E	E	E	L	L	-	-	-	-	-	L	L	L	L	-	-	-
-	-	-	L	L	L	L	L	-	-	L	L	L	-	-	L	L	L	L	-	-	L	L	L	L	-	-	-
D	D	D	D	D	-	-	D	D	D	-	-	D	D	D	D	D	-	-	D	D	D	D	D	-	-	-	-
L	L	L	L	L	-	-	-	-	L	L	L	L	L	-	-	E	L	L	L	L	-	-	E	L	-	-	-
-	-	D	D	D	D	L	L	-	-	-	D	L	L	L	-	-	-	D	D	D	D	D	L	-	-	-	-
-	-	-	-	-	E	E	E	E	E	D	-	-	-	E	L	L	L	L	-	-	-	E	E	E	E	E	D
E	E	E	E	L	-	-	-	E	E	E	E	E	D	-	-	-	D	D	D	L	L	-	-	-	-	-	-
-	E	E	E	E	-	-	-	-	E	E	E	E	D	D	-	-	-	E	E	E	E	E	E	-	-	-	-
-	-	-	D	D	D	L	L	-	-	-	E	D	L	L	L	L	-	-	-	-	D	D	D	L	L	-	-
D	D	L	-	-	D	D	D	D	L	-	-	-	-	-	-	-	-	-	-	-	-	E	-	-	-	-	-
D	D	D	-	-	-	-	-	-	-	-	-	-	-	E	-	-	-	-	-	-	-	-	-	E	E	E	E
-	-	-	-	-	-	-	-	-	-	E	L	L	L	-	-	-	-	-	-	-	E	E	D	D	-	-	-
Objective 0: 4618
Objective 1: 45
Constr violation: -2
Restrictions violated:
1 0 0 0 0 0 1 0 

Individual 11
1	2	3	4	5	6	7	8	9	10	11	12	13	14	15	16	17	18	19	20	21	22	23	24	25	26	27	28
E	E	E	-	-	E	E	E	E	E	-	-	-	-	E	E	D	-	-	-	E	D	D	D	D	-	-	-
L	L	L	L	L	-	-	-	L	L	L	L	L	-	-	L	L	-	-	L	L	L	L	L	-	-	-	-
L	L	L	-	-	L	L	L	L	L	-	-	-	-	D	D	D	D	D	-	-	-	-	-	-	D	D	D
-	E	E	E	-	-	D	D	D	-	-	E	D	D	D	D	-	-	-	-	-	E	E	D	D	D	-	-
E	L	L	L	-	-	-	E	D	D	D	D	-	-	-	-	E	E	E	D	D	-	-	-	-	E	D	-
L	L	L	L	L	-	-	-	-	L	L	-	-	-	-	-	E	E	E	L	-	-	-	E	E	E	L	L
E	L	-	-	E	E	E	E	E	-	-	E	E	E	L	-	-	E	L	-	-	E	E	L	L	L	-	-
-	-	L	L	L	L	L	-	-	-	L	L	L	-	-	L	L	L	L	-	-	-	L	L	L	L	-	-
D	D	D	D	D	-	-	D	D	-	-	-	-	D	D	D	D	-	-	-	-	-	D	D	D	D	D	-
L	L	L	L	L	-	-	-	-	L	L	L	L	L	-	-	E	L	L	L	L	-	-	E	L	-	-	-
-	-	D	D	D	D	L	L	-	-	-	D	L	L	L	-	-	-	D	D	D	D	D	L	-	-	-	-
-	-	-	-	-	E	E	E	E	E	D	-	-	-	E	L	L	L	L	-	-	-	E	E	E	E	E	D
E	E	E	E	L	-	-	-	E	E	E	E	E	D	-	-	-	D	D	D	L	L	-	-	-	-	-	-
-	E	E	E	E	-	-	-	-	E	E	E	E	D	D	-	-	-	E	E	E	E	E	E	-	-	-	-
-	-	E	E	D	D	L	-	-	-	-	E	D	L	L	L	L	-	-	-	-	D	D	D	L	L	-	-
D	D	L	-	-	D	D	D	D	L	-	-	-	-	-	-	-	-	-	-	-	-	E	-	-	-	-	-
-	-	D	D	D	-	-	-	-	-	-	-	-	-	E	E	-	-	-	-	-	-	-	-	E	E	E	E
-	-	-	-	-	-	-	-	-	-	E	L	L	L	-	-	-	-	-	-	-	E	E	D	D	-	-	-
Objective 0: 5123
Objective 1: 39
Constr violation: -2
Restrictions violated:
1 0 0 0 0 0 1 0 

Individual 12
1	2	3	4	5	6	7	8	9	10	11	12	13	14	15	16	17	18	19	20	21	22	23	24	25	26	27	28
E	E	E	-	-	E	E	E	E	E	-	-	-	-	E	E	D	-	-	-	E	D	D	D	D	-	-	-
L	L	L	L	L	-	-	-	L	L	L	L	L	-	-	L	L	-	-	L	L	L	L	L	-	-	-	-
L	L	L	-	-	L	L	L	L	L	-	-	-	-	D	D	D	D	D	-	-	-	-	-	-	D	D	D
-	E	E	E	-	-	D	D	D	-	-	E	D	D	D	D	-	-	-	-	-	E	E	D	D	D	-	-
E	L	L	L	-	-	-	E	D	D	D	D	-	-	-	-	E	E	E	D	D	-	-	-	-	E	D	-
L	L	L	L	L	-	-	-	-	L	L	-	-	-	-	-	E	E	E	L	-	-	-	E	E	E	L	L
L	L	-	-	E	E	E	E	E	-	-	E	E	E	L	L	-	-	-	-	-	L	L	L	L	-	-	-
-	-	L	L	L	L	L	-	-	-	L	L	L	-	-	L	L	L	L	-	-	-	L	L	L	L	-	-
D	D	D	D	D	-	-	D	D	-	-	-	-	D	D	D	D	-	-	-	-	-	D	D	D	D	D	-
L	L	L	L	L	-	-	-	-	L	L	L	L	L	-	-	E	L	L	L	L	-	-	E	L	-	-	-
-	-	D	D	D	D	L	L	-	-	-	D	L	L	L	-	-	-	D	D	D	D	D	L	-	-	-	-
-	-	-	-	-	E	E	E	E	E	D	-	-	-	E	L	L	L	L	-	-	-	E	E	E	E	E	D
E	E	E	E	L	-	-	-	E	E	E	E	E	D	-	-	-	D	D	D	L	L	-	-	-	-	-	-
-	E	E	E	E	-	-	-	-	E	E	E	E	D	D	-	-	-	E	E	E	E	E	E	-	-	-	-
-	-	-	D	D	D	L	L	-	-	-	E	D	L	L	L	L	-	-	-	-	D	D	D	L	L	-	-
D	D	L	-	-	D	D	D	D	L	-	-	-	-	-	-	-	-	-	-	-	-	E	-	-	-	-	-
D	D	D	-	-	-	-	-	-	-	-	-	-	-	E	-	-	-	-	-	-	-	-	-	E	E	E	E
-	-	-	-	-	-	-	-	-	-	E	L	L	L	-	-	-	-	-	-	-	E	E	D	D	-	-	-
Objective 0: 5221
Objective 1: 36
Constr violation: -2
Restrictions violated:
1 0 0 0 0 0 1 0 

Individual 13
1	2	3	4	5	6	7	8	9	10	11	12	13	14	15	16	17	18	19	20	21	22	23	24	25	26	27	28
E	E	E	-	-	E	E	E	E	E	-	-	-	-	E	E	D	-	-	-	E	D	D	D	D	-	-	-
L	L	L	L	L	-	-	-	L	L	L	L	L	-	-	L	L	-	-	L	L	L	L	L	-	-	-	-
L	L	L	-	-	L	L	L	L	L	-	-	-	-	D	D	D	D	D	-	-	-	-	-	-	D	D	D
-	E	E	E	-	-	D	D	D	-	-	E	D	D	D	D	-	-	-	-	-	E	E	D	D	D	-	-
D	D	D	D	D	-	-	E	D	D	D	D	-	-	-	E	E	E	E	E	-	-	-	-	-	E	L	-
L	L	L	L	L	-	-	-	-	L	L	-	-	-	-	-	E	E	E	L	-	-	-	E	E	E	L	L
L	L	-	-	E	E	E	E	E	-	-	E	E	E	L	L	-	-	-	-	-	L	L	L	L	-	-	-
-	-	L	L	L	L	L	-	-	-	L	L	L	-	-	L	L	L	L	-	-	-	L	L	L	L	-	-
D	D	D	D	D	-	-	D	D	-	-	-	-	D	D	D	D	-	-	-	-	-	D	D	D	D	D	-
L	L	L	L	L	-	-	-	-	L	L	L	L	L	-	-	E	L	L	L	L	-	-	E	L	-	-	-
-	-	D	D	D	D	L	L	-	-	-	D	L	L	L	-	-	-	D	D	D	D	D	L	-	-	-	-
-	-	-	-	-	E	E	E	E	E	D	-	-	-	E	L	L	L	L	-	-	-	E	E	E	E	E	D
E	E	E	E	L	-	-	-	E	E	E	E	E	D	-	-	-	D	D	D	L	L	-	-	-	-	-	-
-	E	E	E	E	-	-	-	-	E	E	E	E	D	D	-	-	-	E	E	E	E	E	E	-	-	-	-
-	-	E	E	D	D	L	-	-	-	-	E	D	L	L	L	L	-	-	-	-	D	D	D	L	L	-	-
D	D	L	-	-	D	D	D	D	L	-	-	-	-	-	-	-	-	-	-	-	-	E	-	-	-	-	-
-	-	D	D	D	-	-	-	-	-	-	-	-	-	E	E	-	-	-	-	-	-	-	-	E	E	E	E
-	-	-	-	-	-	-	-	-	-	E	L	L	L	-	-	-	-	-	-	-	E	E	D	D	-	-	-
Objective 0: 5021
Objective 1: 35
Constr violation: -2
Restrictions violated:
1 0 0 0 0 0 1 0 

Individual 14
1	2	3	4	5	6	7	8	9	10	11	12	13	14	15	16	17	18	19	20	21	22	23	24	25	26	27	28
E	E	E	-	-	E	E	E	E	E	-	-	-	-	E	E	D	-	-	-	E	D	D	D	D	-	-	-
L	L	L	L	L	-	-	-	L	L	L	L	L	-	-	L	L	-	-	L	L	L	L	L	-	-	-	-
L	L	L	-	-	L	L	L	L	L	-	-	-	-	D	D	D	D	D	-	-	-	-	-	-	D	D	D
-	E	E	E	-	-	D	D	D	-	-	E	D	D	D	D	-	-	-	-	-	E	E	D	D	D	-	-
D	D	D	D	D	-	-	E	D	D	D	D	-	-	-	E	E	E	E	E	-	-	-	-	-	E	L	-
L	L	L	L	L	-	-	-	-	L	L	-	-	-	-	-	E	E	E	L	-	-	-	E	E	E	L	L
L	L	-	-	E	E	E	E	E	-	-	E	E	E	L	L	-	-	-	-	-	L	L	L	L	-	-	-
-	-	-	L	L	L	L	L	-	-	L	L	L	-	-	L	L	L	L	-	-	L	L	L	L	-	-	-
D	D	D	D	D	-	-	D	D	D	-	-	D	D	D	D	D	-	-	D	D	D	D	D	-	-	-	-
L	L	L	L	L	-	-	-	-	L	L	L	L	L	-	-	E	L	L	L	L	-	-	E	L	-	-	-
-	-	D	D	D	D	L	L	-	-	-	D	L	L	L	-	-	-	D	D	D	D	D	L	-	-	-	-
-	-	-	-	-	E	E	E	E	E	D	-	-	-	E	L	L	L	L	-	-	-	E	E	E	E	E	D
E	E	E	E	L	-	-	-	E	E	E	E	E	D	-	-	-	D	D	D	L	L	-	-	-	-	-	-
-	E	E	E	E	-	-	-	-	E	E	E	E	D	D	-	-	-	E	E	E	E	E	E	-	-	-	-
-	-	-	D	D	D	L	L	-	-	-	E	D	L	L	L	L	-	-	-	-	D	D	D	L	L	-	-
E	D	D	D	-	-	D	D	D	D	-	-	-	-	-	-	-	-	-	-	-	-	E	-	-	-	-	-
D	D	D	-	-	-	-	-	-	-	-	-	-	-	E	-	-	-	-	-	-	-	-	-	E	E	E	E
-	-	-	-	-	-	-	-	-	-	E	L	L	L	-	-	-	-	-	-	-	E	E	D	D	-	-	-
Objective 0: 4921
Objective 1: 43
Constr violation: -2
Restrictions violated:
1 0 0 0 0 0 1 0 

Individual 15
1	2	3	4	5	6	7	8	9	10	11	12	13	14	15	16	17	18	19	20	21	22	23	24	25	26	27	28
E	E	E	-	-	E	E	E	E	E	-	-	-	-	E	E	D	-	-	-	E	D	D	D	D	-	-	-
L	L	L	L	L	-	-	-	L	L	L	L	L	-	-	L	L	-	-	L	L	L	L	L	-	-	-	-
L	L	L	-	-	L	L	L	L	L	-	-	-	-	D	D	D	D	D	-	-	-	-	-	-	D	D	D
-	E	E	E	-	-	D	D	D	-	-	E	D	D	D	D	-	-	-	-	-	E	E	D	D	D	-	-
D	D	D	D	D	-	-	E	D	D	D	D	-	-	-	E	E	E	E	E	-	-	-	-	-	E	L	-
L	L	L	L	L	-	-	-	-	L	L	-	-	-	-	-	E	E	E	L	-	-	-	E	E	E	L	L
L	L	-	-	E	E	E	E	E	-	-	E	E	E	L	L	-	-	-	-	-	L	L	L	L	-	-	-
-	-	-	L	L	L	L	L	-	-	L	L	L	-	-	L	L	L	L	-	-	L	L	L	L	-	-	-
D	D	D	D	D	-	-	D	D	D	-	-	D	D	D	D	D	-	-	D	D	D	D	D	-	-	-	-
L	L	L	L	L	-	-	-	-	L	L	L	L	L	-	-	E	L	L	L	L	-	-	E	L	-	-	-
-	-	D	D	D	D	L	L	-	-	-	D	L	L	L	-	-	-	D	D	D	D	D	L	-	-	-	-
-	-	-	-	-	E	E	E	E	E	D	-	-	-	E	L	L	L	L	-	-	-	E	E	E	E	E	D
E	E	E	E	L	-	-	-	E	E	E	E	E	D	-	-	-	D	D	D	L	L	-	-	-	-	-	-
-	E	E	E	E	-	-	-	-	E	E	E	E	D	D	-	-	-	E	E	E	E	E	E	-	-	-	-
-	-	E	E	D	D	L	-	-	-	-	E	D	L	L	L	L	-	-	-	-	D	D	D	L	L	-	-
D	D	L	-	-	D	D	D	D	L	-	-	-	-	-	-	-	-	-	-	-	-	E	-	-	-	-	-
D	D	D	-	-	-	-	-	-	-	-	-	-	-	E	-	-	-	-	-	-	-	-	-	E	E	E	E
-	-	-	-	-	-	-	-	-	-	E	D	L	L	L	-	-	-	-	-	-	E	E	D	D	-	-	-
Objective 0: 4316
Objective 1: 49
Constr violation: -2
Restrictions violated:
1 0 0 0 0 0 1 0 

Individual 16
1	2	3	4	5	6	7	8	9	10	11	12	13	14	15	16	17	18	19	20	21	22	23	24	25	26	27	28
E	E	E	-	-	E	E	E	E	E	-	-	-	-	E	E	D	-	-	-	E	D	D	D	D	-	-	-
L	L	L	L	L	-	-	-	L	L	L	L	L	-	-	L	L	-	-	L	L	L	L	L	-	-	-	-
L	L	L	-	-	L	L	L	L	L	-	-	-	-	D	D	D	D	D	-	-	-	-	-	-	D	D	D
-	E	E	E	-	-	D	D	D	-	-	E	D	D	D	D	-	-	-	-	-	E	E	D	D	D	-	-
E	L	L	L	-	-	-	E	D	D	D	D	-	-	-	-	E	E	E	D	D	-	-	-	-	E	D	-
L	L	L	L	L	-	-	-	-	L	L	-	-	-	-	-	E	E	E	L	-	-	-	E	E	E	L	L
L	L	-	-	E	E	E	E	E	-	-	E	E	E	L	L	-	-	-	-	-	L	L	L	L	-	-	-
-	-	L	L	L	L	L	-	-	-	L	L	L	-	-	L	L	L	L	-	-	-	L	L	L	L	-	-
D	D	D	D	D	-	-	D	D	-	-	-	-	D	D	D	D	-	-	-	-	-	D	D	D	D	D	-
L	L	L	L	L	-	-	-	-	L	L	L	L	L	-	-	E	L	L	L	L	-	-	E	L	-	-	-
-	-	D	D	D	D	L	L	-	-	-	D	L	L	L	-	-	-	D	D	D	D	D	L	-	-	-	-
-	-	-	-	-	E	E	E	E	E	D	-	-	-	E	L	L	L	L	-	-	-	E	E	E	E	E	D
E	E	E	E	L	-	-	-	E	E	E	E	E	D	-	-	-	D	D	D	L	L	-	-	-	-	-	-
-	E	E	E	E	-	-	-	-	E	E	E	E	D	D	-	-	-	E	E	E	E	E	E	-	-	-	-
-	-	E	E	D	D	L	-	-	-	-	E	D	L	L	L	L	-	-	-	-	D	D	D	L	L	-	-
D	D	L	-	-	D	D	D	D	L	-	-	-	-	-	-	-	-	-	-	-	-	E	-	-	-	-	-
D	D	D	-	-	-	-	-	-	-	-	-	-	-	E	-	-	-	-	-	-	-	-	-	E	E	E	E
-	-	-	-	-	-	-	-	-	-	E	L	L	L	-	-	-	-	-	-	-	E	E	D	D	-	-	-
Objective 0: 5322
Objective 1: 37
Constr violation: -2
Restrictions violated:
1 0 0 0 0 0 1 0 

Individual 17
1	2	3	4	5	6	7	8	9	10	11	12	13	14	15	16	17	18	19	20	21	22	23	24	25	26	27	28
E	E	E	-	-	E	E	E	E	E	-	-	-	-	E	E	D	-	-	-	E	D	D	D	D	-	-	-
L	L	L	L	L	-	-	-	L	L	L	L	L	-	-	L	L	-	-	L	L	L	L	L	-	-	-	-
L	L	L	-	-	L	L	L	L	L	-	-	-	-	D	D	D	D	D	-	-	-	-	-	-	D	D	D
-	E	E	E	-	-	D	D	D	-	-	E	D	D	D	D	-	-	-	-	-	E	E	D	D	D	-	-
D	D	D	D	D	-	-	E	D	D	D	D	-	-	-	E	E	E	E	E	-	-	-	-	-	E	L	-
L	L	L	L	L	-	-	-	-	L	L	-	-	-	-	-	E	E	E	L	-	-	-	E	E	E	L	L
E	L	-	-	E	E	E	E	E	-	-	E	E	E	L	-	-	E	L	-	-	E	E	L	L	L	-	-
-	-	L	L	L	L	L	-	-	-	L	L	L	-	-	L	L	L	L	-	-	-	L	L	L	L	-	-
D	D	D	D	D	-	-	D	D	D	-	-	D	D	D	D	D	-	-	D	D	D	D	D	-	-	-	-
L	L	L	L	L	-	-	-	-	L	L	L	L	L	-	-	E	L	L	L	L	-	-	E	L	-	-	-
-	-	D	D	D	D	L	L	-	-	-	D	L	L	L	-	-	-	D	D	D	D	D	L	-	-	-	-
-	-	-	-	-	E	E	E	E	E	D	-	-	-	E	L	L	L	L	-	-	-	E	E	E	E	E	D
E	E	E	E	L	-	-	-	E	E	E	E	E	D	-	-	-	D	D	D	L	L	-	-	-	-	-	-
-	E	E	E	E	-	-	-	-	E	E	E	E	D	D	-	-	-	E	E	E	E	E	E	-	-	-	-
-	-	E	E	D	D	L	-	-	-	-	E	D	L	L	L	L	-	-	-	-	D	D	D	L	L	-	-
D	D	L	-	-	D	D	D	D	L	-	-	-	-	-	-	-	-	-	-	-	-	E	-	-	-	-	-
D	D	D	-	-	-	-	-	-	-	-	-	-	-	E	-	-	-	-	-	-	-	-	-	E	E	E	E
-	-	-	-	-	-	-	-	-	-	E	D	L	L	L	-	-	-	-	-	-	E	E	D	D	-	-	-
Objective 0: 4116
Objective 1: 52
Constr violation: -2
Restrictions violated:
1 0 0 0 0 0 1 0 

Individual 18
1	2	3	4	5	6	7	8	9	10	11	12	13	14	15	16	17	18	19	20	21	22	23	24	25	26	27	28
E	E	E	-	-	E	E	E	E	E	-	-	-	-	E	E	D	-	-	-	E	D	D	D	D	-	-	-
L	L	L	L	L	-	-	-	L	L	L	L	L	-	-	L	L	-	-	L	L	L	L	L	-	-	-	-
L	L	L	-	-	L	L	L	L	L	-	-	-	-	D	D	D	D	D	-	-	-	-	-	-	D	D	D
-	E	E	E	-	-	D	D	D	-	-	E	D	D	D	D	-	-	-	-	-	E	E	D	D	D	-	-
D	D	D	D	D	-	-	E	D	D	D	D	-	-	-	E	E	E	E	E	-	-	-	-	-	E	L	-
L	L	L	L	L	-	-	-	-	L	L	-	-	-	-	-	E	E	E	L	-	-	-	E	E	E	L	L
E	L	-	-	E	E	E	E	E	-	-	E	E	E	L	-	-	E	L	-	-	E	E	L	L	L	-	-
-	-	-	L	L	L	L	L	-	-	L	L	L	-	-	L	L	L	L	-	-	L	L	L	L	-	-	-
D	D	D	D	D	-	-	D	D	D	-	-	D	D	D	D	D	-	-	D	D	D	D	D	-	-	-	-
L	L	L	L	L	-	-	-	-	L	L	L	L	L	-	-	E	L	L	L	L	-	-	E	L	-	-	-
-	-	D	D	D	D	L	L	-	-	-	D	L	L	L	-	-	-	D	D	D	D	D	L	-	-	-	-
-	-	-	-	-	E	E	E	E	E	D	-	-	-	E	L	L	L	L	-	-	-	E	E	E	E	E	D
E	E	E	E	L	-	-	-	E	E	E	E	E	D	-	-	-	D	D	D	L	L	-	-	-	-	-	-
-	E	E	E	E	-	-	-	-	E	E	E	E	D	D	-	-	-	E	E	E	E	E	E	-	-	-	-
-	-	E	E	D	D	L	-	-	-	-	E	D	L	L	L	L	-	-	-	-	D	D	D	L	L	-	-
D	D	L	-	-	D	D	D	D	L	-	-	-	-	-	-	-	-	-	-	-	-	E	-	-	-	-	-
D	D	D	-	-	-	-	-	-	-	-	-	-	-	E	-	-	-	-	-	-	-	-	-	E	E	E	E
-	-	-	-	-	-	-	-	-	-	E	D	L	L	L	-	-	-	-	-	-	E	E	D	D	-	-	-
Objective 0: 3914
Objective 1: 54
Constr violation: -2
Restrictions violated:
1 0 0 0 0 0 1 0 

Individual 19
1	2	3	4	5	6	7	8	9	10	11	12	13	14	15	16	17	18	19	20	21	22	23	24	25	26	27	28
E	E	E	-	-	E	E	E	E	E	-	-	-	-	E	E	D	-	-	-	E	D	D	D	D	-	-	-
L	L	L	L	L	-	-	-	L	L	L	L	L	-	-	L	L	-	-	L	L	L	L	L	-	-	-	-
L	L	L	-	-	L	L	L	L	L	-	-	-	-	D	D	D	D	D	-	-	-	-	-	-	D	D	D
-	E	E	E	-	-	D	D	D	-	-	E	D	D	D	D	-	-	-	-	-	E	E	D	D	D	-	-
D	D	D	D	D	-	-	E	D	D	D	D	-	-	-	E	E	E	E	E	-	-	-	-	-	E	L	-
L	L	L	L	L	-	-	-	-	L	L	-	-	-	-	-	E	E	E	L	-	-	-	E	E	E	L	L
E	L	-	-	E	E	E	E	E	-	-	E	E	E	L	-	-	E	L	-	-	E	E	L	L	L	-	-
-	-	-	L	L	L	L	L	-	-	L	L	L	-	-	L	L	L	L	-	-	L	L	L	L	-	-	-
D	D	D	D	D	-	-	D	D	D	-	-	D	D	D	D	D	-	-	D	D	D	D	D	-	-	-	-
L	L	L	L	L	-	-	-	-	L	L	L	L	L	-	-	E	L	L	L	L	-	-	E	L	-	-	-
-	-	D	D	D	D	L	L	-	-	-	D	L	L	L	-	-	-	D	D	D	D	D	L	-	-	-	-
-	-	-	-	-	E	E	E	E	E	D	-	-	-	E	L	L	L	L	-	-	-	E	E	E	E	E	D
E	E	E	E	L	-	-	-	E	E	E	E	E	D	-	-	-	D	D	D	L	L	-	-	-	-	-	-
-	E	E	E	E	-	-	-	-	E	E	E	E	D	D	-	-	-	E	E	E	E	E	E	-	-	-	-
-	-	-	D	D	D	L	L	-	-	-	E	D	L	L	L	L	-	-	-	-	D	D	D	L	L	-	-
D	D	L	-	-	D	D	D	D	L	-	-	-	-	-	-	-	-	-	-	-	-	E	-	-	-	-	-
D	D	D	-	-	-	-	-	-	-	-	-	-	-	E	-	-	-	-	-	-	-	-	-	E	E	E	E
-	-	-	-	-	-	-	-	-	-	E	L	L	L	-	-	-	-	-	-	-	E	E	D	D	-	-	-
Objective 0: 4216
Objective 1: 50
Constr violation: -2
Restrictions violated:
1 0 0 0 0 0 1 0 

