Individual 0
1	2	3	4	5	6	7	8	9	10	11	12	13	14	15	16	17	18	19	20	21	22	23	24	25	26	27	28
E	E	E	E	E	-	-	D	D	-	-	E	E	E	D	D	-	-	-	-	-	-	-	D	D	D	D	D
L	L	L	L	-	-	L	L	-	-	L	L	L	L	L	-	-	-	L	L	L	L	L	-	-	-	-	-
D	D	L	-	-	D	L	L	L	L	-	-	-	-	D	D	D	D	D	-	-	-	-	-	D	D	D	D
D	D	D	D	-	-	-	-	E	E	D	D	D	-	-	E	D	-	-	E	E	D	D	D	-	-	-	-
-	E	D	D	D	D	-	-	D	D	D	D	D	-	-	E	E	D	L	-	-	E	E	-	-	-	-	-
L	L	L	L	L	-	-	E	E	L	-	-	-	E	E	L	L	-	-	-	-	E	E	E	E	-	-	-
-	-	E	E	E	E	-	-	E	E	E	E	E	-	-	-	-	E	E	-	-	L	L	L	L	L	-	-
L	L	L	L	L	-	-	-	-	-	L	L	L	-	-	L	L	L	L	-	-	-	L	L	L	L	L	-
D	D	D	D	D	-	-	-	D	D	-	-	D	D	D	D	D	-	-	-	-	-	D	D	D	D	D	-
E	L	L	L	L	-	-	-	-	L	L	L	-	-	-	-	E	L	L	-	-	-	-	E	E	E	E	E
-	-	L	L	L	L	L	L	-	-	-	D	L	L	L	-	-	-	-	D	L	L	L	L	L	-	-	-
D	L	-	-	-	-	-	E	E	D	D	-	-	-	E	E	E	E	E	-	-	-	E	E	E	E	E	E
E	E	E	E	D	-	-	-	E	E	E	E	E	L	-	-	-	-	D	D	D	D	L	-	-	-	-	-
-	E	E	E	L	-	-	-	-	E	E	E	E	D	L	-	-	-	E	E	E	E	E	D	-	-	-	-
-	-	-	D	D	D	D	D	L	-	-	-	-	-	E	L	L	L	L	-	-	-	D	D	L	L	L	L
-	-	-	-	-	E	E	E	D	D	-	-	-	-	D	L	L	-	-	-	-	L	-	-	-	-	-	-
-	-	-	-	E	E	D	D	-	-	-	-	-	-	-	-	-	-	-	-	-	E	E	E	E	E	-	-
-	D	-	-	-	-	-	-	-	E	E	L	-	-	-	-	E	E	D	L	L	-	-	-	-	-	-	-
Objective 0: 5125
Objective 1: 28
Constr violation: -3
Restrictions violated:
1 0 0 0 0 0 2 0 

Individual 1
1	2	3	4	5	6	7	8	9	10	11	12	13	14	15	16	17	18	19	20	21	22	23	24	25	26	27	28
E	E	E	E	E	-	-	D	D	-	-	E	E	E	D	D	-	-	-	-	-	-	-	D	D	D	D	D
L	L	-	-	L	L	L	L	-	-	L	L	L	L	L	-	-	-	L	L	L	L	L	-	-	-	L	L
D	D	L	-	-	D	L	L	L	L	-	-	-	-	D	D	D	D	D	-	-	-	-	-	D	D	D	D
D	D	D	D	-	-	-	-	E	E	D	D	D	-	-	E	D	-	-	E	E	D	D	D	-	-	-	-
-	E	D	D	D	D	-	-	D	D	D	D	D	-	-	E	E	D	L	-	-	E	E	-	-	-	-	-
L	L	L	L	L	-	-	E	E	L	-	-	-	E	E	L	L	-	-	-	-	E	E	E	E	-	-	-
L	L	L	L	-	-	-	-	E	E	E	E	E	-	-	-	-	E	E	-	-	-	E	L	L	L	L	-
L	L	L	L	L	-	-	-	-	-	L	L	L	-	-	L	L	L	L	-	-	-	-	L	L	L	L	L
-	D	D	D	D	D	-	-	D	D	-	-	D	D	D	D	D	-	-	-	-	D	D	D	D	-	-	-
E	E	E	E	E	-	-	-	-	L	L	L	-	-	-	-	L	L	L	L	L	-	-	E	E	E	E	E
-	-	L	L	L	L	L	L	-	-	-	D	L	L	L	-	-	-	-	D	L	L	L	L	L	-	-	-
D	D	D	-	-	-	D	D	L	L	-	-	-	-	E	E	E	E	E	-	-	-	E	E	E	D	D	L
E	E	E	E	D	-	-	-	E	E	E	E	E	L	-	-	-	-	D	D	D	D	L	-	-	-	-	-
-	E	E	E	L	-	-	-	-	E	E	E	E	D	L	-	-	-	E	E	E	E	E	D	-	-	-	-
-	-	-	E	E	E	E	E	-	-	-	-	-	-	E	L	L	L	L	-	-	-	D	D	L	L	L	L
-	-	-	-	-	E	E	E	D	L	-	-	-	-	D	L	L	-	-	-	-	L	-	-	-	-	-	-
-	-	-	-	E	E	D	D	-	-	-	-	-	-	-	-	-	-	-	-	-	E	E	E	E	E	-	-
-	-	-	-	D	-	-	E	D	L	-	-	-	-	-	-	-	-	E	D	D	D	-	-	-	-	-	-
Objective 0: 3612
Objective 1: 57
Constr violation: -3
Restrictions violated:
1 0 0 0 0 0 2 0 

Individual 2
1	2	3	4	5	6	7	8	9	10	11	12	13	14	15	16	17	18	19	20	21	22	23	24	25	26	27	28
E	E	E	E	E	-	-	D	D	-	-	E	E	E	D	D	-	-	-	-	-	-	-	D	D	D	D	D
L	L	-	-	L	L	L	L	-	-	L	L	L	L	L	-	-	-	L	L	L	L	L	-	-	-	L	L
D	D	L	-	-	D	L	L	L	L	-	-	-	-	D	D	D	D	D	-	-	-	-	-	D	D	D	D
D	D	D	D	-	-	-	-	E	E	D	D	D	-	-	E	D	-	-	E	E	D	D	D	-	-	-	-
-	E	D	D	D	D	-	-	D	D	D	D	D	-	-	E	E	D	L	-	-	E	E	-	-	-	-	-
L	L	L	L	L	-	-	E	E	L	-	-	-	E	E	L	L	-	-	-	-	E	E	E	E	-	-	-
L	L	L	L	-	-	-	-	E	E	E	E	E	-	-	-	-	E	E	-	-	-	E	L	L	L	L	-
L	L	L	L	L	-	-	-	-	-	L	L	L	-	-	L	L	L	L	-	-	-	-	L	L	L	L	L
-	D	D	D	D	D	-	-	D	D	-	-	D	D	D	D	D	-	-	-	-	D	D	D	D	-	-	-
E	E	E	E	E	-	-	-	-	L	L	L	-	-	-	-	L	L	L	L	L	-	-	E	E	E	E	E
-	-	L	L	L	L	L	L	-	-	-	D	L	L	L	-	-	-	-	D	L	L	L	L	L	-	-	-
D	D	D	-	-	-	D	D	L	L	-	-	-	-	E	E	E	E	E	-	-	-	E	E	E	D	D	L
E	E	E	E	D	-	-	-	E	E	E	E	E	L	-	-	-	-	D	D	D	D	L	-	-	-	-	-
-	E	E	E	L	-	-	-	-	E	E	E	E	D	L	-	-	-	E	E	E	E	E	D	-	-	-	-
-	-	-	D	D	D	D	D	L	-	-	-	-	-	E	L	L	L	L	-	-	-	D	D	L	L	L	L
-	-	-	-	-	E	E	E	D	L	-	-	-	-	D	L	L	-	-	-	-	L	-	-	-	-	-	-
-	-	-	-	E	E	D	D	-	-	-	-	-	-	-	-	-	-	-	-	-	E	E	E	E	E	-	-
-	-	-	-	D	-	-	E	D	L	-	-	-	-	-	-	-	-	E	D	D	D	-	-	-	-	-	-
Objective 0: 3815
Objective 1: 55
Constr violation: -3
Restrictions violated:
1 0 0 0 0 0 2 0 

Individual 3
1	2	3	4	5	6	7	8	9	10	11	12	13	14	15	16	17	18	19	20	21	22	23	24	25	26	27	28
E	E	E	E	E	-	-	D	D	-	-	E	E	E	D	D	-	-	-	-	-	-	-	D	D	D	D	D
L	L	-	-	L	L	L	L	-	-	L	L	L	L	L	-	-	-	L	L	L	L	L	-	-	-	L	L
D	D	L	-	-	D	L	L	L	L	-	-	-	-	D	D	D	D	D	-	-	-	-	-	D	D	D	D
D	D	D	D	-	-	-	-	E	E	D	D	D	-	-	E	D	-	-	E	E	D	D	D	-	-	-	-
-	E	D	D	D	D	-	-	D	D	D	D	D	-	-	E	E	D	L	-	-	E	E	-	-	-	-	-
L	L	L	L	L	-	-	E	E	L	-	-	-	E	E	L	L	-	-	-	-	E	E	E	E	-	-	-
L	L	L	L	-	-	-	-	E	E	E	E	E	-	-	-	-	E	E	-	-	-	E	L	L	L	L	-
L	L	L	L	L	-	-	-	-	-	L	L	L	-	-	L	L	L	L	-	-	-	L	L	L	L	L	-
D	D	D	D	D	-	-	-	D	D	-	-	D	D	D	D	D	-	-	-	-	-	D	D	D	D	D	-
E	L	L	L	L	-	-	-	-	L	L	L	-	-	-	-	E	L	L	-	-	-	-	E	E	E	E	E
-	-	L	L	L	L	L	L	-	-	-	D	L	L	L	-	-	-	-	D	L	L	L	L	L	-	-	-
D	D	D	-	-	-	D	D	L	L	-	-	-	-	E	E	E	E	E	-	-	-	E	E	E	D	D	L
E	E	E	E	D	-	-	-	E	E	E	E	E	L	-	-	-	-	D	D	D	D	L	-	-	-	-	-
-	E	E	E	L	-	-	-	-	E	E	E	E	D	L	-	-	-	E	E	E	E	E	D	-	-	-	-
-	-	-	D	D	D	D	D	L	-	-	-	-	-	E	L	L	L	L	-	-	-	D	D	L	L	L	L
-	-	-	-	-	E	E	E	D	D	-	-	-	-	D	L	L	-	-	-	-	L	-	-	-	-	-	-
-	-	-	-	E	E	D	D	-	-	-	-	-	-	-	-	-	-	-	-	-	E	E	E	E	E	-	-
-	-	-	-	D	-	-	E	D	L	-	-	-	-	-	-	-	-	E	D	D	D	-	-	-	-	-	-
Objective 0: 4420
Objective 1: 41
Constr violation: -3
Restrictions violated:
1 0 0 0 0 0 2 0 

Individual 4
1	2	3	4	5	6	7	8	9	10	11	12	13	14	15	16	17	18	19	20	21	22	23	24	25	26	27	28
E	E	E	E	E	-	-	D	D	-	-	E	E	E	D	D	-	-	-	-	-	-	-	D	D	D	D	D
L	L	-	-	L	L	L	L	-	-	L	L	L	L	L	-	-	-	L	L	L	L	L	-	-	-	L	L
D	D	L	-	-	D	L	L	L	L	-	-	-	-	D	D	D	D	D	-	-	-	-	-	D	D	D	D
D	D	D	D	-	-	-	-	E	E	D	D	D	-	-	E	D	-	-	E	E	D	D	D	-	-	-	-
-	E	D	D	D	D	-	-	D	D	D	D	D	-	-	E	E	D	L	-	-	E	E	-	-	-	-	-
L	L	L	L	L	-	-	E	E	L	-	-	-	E	E	L	L	-	-	-	-	E	E	E	E	-	-	-
-	-	E	E	E	E	-	-	E	E	E	E	E	-	-	-	-	E	E	-	-	L	L	L	L	L	-	-
L	L	L	L	L	-	-	-	-	-	L	L	L	-	-	L	L	L	L	-	-	-	-	L	L	L	L	L
-	D	D	D	D	D	-	-	D	D	-	-	D	D	D	D	D	-	-	-	-	D	D	D	D	-	-	-
E	E	E	E	E	-	-	-	-	L	L	L	-	-	-	-	L	L	L	L	L	-	-	E	E	E	E	E
-	-	L	L	L	L	L	L	-	-	-	D	L	L	L	-	-	-	-	D	L	L	L	L	L	-	-	-
D	L	-	-	-	-	-	E	E	D	D	-	-	-	E	E	E	E	E	-	-	-	E	E	E	E	E	E
E	E	E	E	D	-	-	-	E	E	E	E	E	L	-	-	-	-	D	D	D	D	L	-	-	-	-	-
-	E	E	E	L	-	-	-	-	E	E	E	E	D	L	-	-	-	E	E	E	E	E	D	-	-	-	-
-	-	-	D	D	D	D	D	L	-	-	-	-	-	E	L	L	L	L	-	-	-	D	D	L	L	L	L
-	-	-	-	-	E	E	E	D	D	-	-	-	-	D	L	L	-	-	-	-	L	-	-	-	-	-	-
-	-	-	-	E	E	D	D	-	-	-	-	-	-	-	-	-	-	-	-	-	E	E	E	E	E	-	-
-	-	-	-	D	-	-	E	D	L	-	-	-	-	-	-	-	-	E	D	D	D	-	-	-	-	-	-
Objective 0: 4521
Objective 1: 45
Constr violation: -3
Restrictions violated:
1 0 0 0 0 0 2 0 

Individual 5
1	2	3	4	5	6	7	8	9	10	11	12	13	14	15	16	17	18	19	20	21	22	23	24	25	26	27	28
E	E	E	E	E	-	-	D	D	-	-	E	E	E	D	D	-	-	-	-	-	-	-	D	D	D	D	D
L	L	-	-	L	L	L	L	-	-	L	L	L	L	L	-	-	-	L	L	L	L	L	-	-	-	L	L
D	D	L	-	-	D	L	L	L	L	-	-	-	-	D	D	D	D	D	-	-	-	-	-	D	D	D	D
D	D	D	D	-	-	-	-	E	E	D	D	D	-	-	E	D	-	-	E	E	D	D	D	-	-	-	-
-	E	D	D	D	D	-	-	D	D	D	D	D	-	-	E	E	D	L	-	-	E	E	-	-	-	-	-
L	L	L	L	L	-	-	E	E	L	-	-	-	E	E	L	L	-	-	-	-	E	E	E	E	-	-	-
-	-	E	E	E	E	-	-	E	E	E	E	E	-	-	-	-	E	E	-	-	L	L	L	L	L	-	-
L	L	L	L	L	-	-	-	-	-	L	L	L	-	-	L	L	L	L	-	-	-	L	L	L	L	L	-
D	D	D	D	D	-	-	-	D	D	-	-	D	D	D	D	D	-	-	-	-	-	D	D	D	D	D	-
E	L	L	L	L	-	-	-	-	L	L	L	-	-	-	-	E	L	L	-	-	-	-	E	E	E	E	E
-	-	L	L	L	L	L	L	-	-	-	D	L	L	L	-	-	-	-	D	L	L	L	L	L	-	-	-
D	L	-	-	-	-	-	E	E	D	D	-	-	-	E	E	E	E	E	-	-	-	E	E	E	E	E	E
E	E	E	E	D	-	-	-	E	E	E	E	E	L	-	-	-	-	D	D	D	D	L	-	-	-	-	-
-	E	E	E	L	-	-	-	-	E	E	E	E	D	L	-	-	-	E	E	E	E	E	D	-	-	-	-
-	-	-	D	D	D	D	D	L	-	-	-	-	-	E	L	L	L	L	-	-	-	D	D	L	L	L	L
-	-	-	-	-	E	E	E	D	D	-	-	-	-	D	L	L	-	-	-	-	L	-	-	-	-	-	-
-	-	-	-	E	E	D	D	-	-	-	-	-	-	-	-	-	-	-	-	-	E	E	E	E	E	-	-
-	D	-	-	-	-	-	-	-	E	E	L	-	-	-	-	E	E	D	L	L	-	-	-	-	-	-	-
Objective 0: 4824
Objective 1: 30
Constr violation: -3
Restrictions violated:
1 0 0 0 0 0 2 0 

Individual 6
1	2	3	4	5	6	7	8	9	10	11	12	13	14	15	16	17	18	19	20	21	22	23	24	25	26	27	28
E	E	E	E	E	-	-	D	D	-	-	E	E	E	D	D	-	-	-	-	-	-	-	D	D	D	D	D
L	L	-	-	L	L	L	L	-	-	L	L	L	L	L	-	-	-	L	L	L	L	L	-	-	-	L	L
D	D	L	-	-	D	L	L	L	L	-	-	-	-	D	D	D	D	D	-	-	-	-	-	D	D	D	D
D	D	D	D	-	-	-	-	E	E	D	D	D	-	-	E	D	-	-	E	E	D	D	D	-	-	-	-
-	E	D	D	D	D	-	-	D	D	D	D	D	-	-	E	E	D	L	-	-	E	E	-	-	-	-	-
L	L	L	L	L	-	-	E	E	L	-	-	-	E	E	L	L	-	-	-	-	E	E	E	E	-	-	-
-	-	E	E	E	E	-	-	E	E	E	E	E	-	-	-	-	E	E	-	-	L	L	L	L	L	-	-
L	L	L	L	L	-	-	-	-	-	L	L	L	-	-	L	L	L	L	-	-	-	L	L	L	L	L	-
-	D	D	D	D	D	-	-	D	D	-	-	D	D	D	D	D	-	-	-	-	D	D	D	D	-	-	-
E	E	E	E	E	-	-	-	-	L	L	L	-	-	-	-	L	L	L	L	L	-	-	E	E	E	E	E
-	-	L	L	L	L	L	L	-	-	-	D	L	L	L	-	-	-	-	D	L	L	L	L	L	-	-	-
D	L	-	-	-	-	-	E	E	D	D	-	-	-	E	E	E	E	E	-	-	-	E	E	E	E	E	E
E	E	E	E	D	-	-	-	E	E	E	E	E	L	-	-	-	-	D	D	D	D	L	-	-	-	-	-
-	E	E	E	L	-	-	-	-	E	E	E	E	D	L	-	-	-	E	E	E	E	E	D	-	-	-	-
-	-	-	D	D	D	D	D	L	-	-	-	-	-	E	L	L	L	L	-	-	-	D	D	L	L	L	L
-	-	-	-	-	E	E	E	D	D	-	-	-	-	D	L	L	-	-	-	-	L	-	-	-	-	-	-
-	-	-	-	E	E	D	D	-	-	-	-	-	-	-	-	-	-	-	-	-	E	E	E	E	E	-	-
-	-	-	-	D	-	-	E	D	L	-	-	-	-	-	-	-	-	E	D	D	D	-	-	-	-	-	-
Objective 0: 4622
Objective 1: 44
Constr violation: -3
Restrictions violated:
1 0 0 0 0 0 2 0 

Individual 7
1	2	3	4	5	6	7	8	9	10	11	12	13	14	15	16	17	18	19	20	21	22	23	24	25	26	27	28
E	E	E	E	E	-	-	D	D	-	-	E	E	E	D	D	-	-	-	-	-	-	-	D	D	D	D	D
L	L	-	-	L	L	L	L	-	-	L	L	L	L	L	-	-	-	L	L	L	L	L	-	-	-	L	L
D	D	L	-	-	D	L	L	L	L	-	-	-	-	D	D	D	D	D	-	-	-	-	-	D	D	D	D
D	D	D	D	-	-	-	-	E	E	D	D	D	-	-	E	D	-	-	E	E	D	D	D	-	-	-	-
-	E	D	D	D	D	-	-	D	D	D	D	D	-	-	E	E	D	L	-	-	E	E	-	-	-	-	-
L	L	L	L	L	-	-	E	E	L	-	-	-	E	E	L	L	-	-	-	-	E	E	E	E	-	-	-
L	L	L	L	-	-	-	-	E	E	E	E	E	-	-	-	-	E	E	-	-	-	E	L	L	L	L	-
L	L	L	L	L	-	-	-	-	-	L	L	L	-	-	L	L	L	L	-	-	-	L	L	L	L	L	-
D	D	D	D	D	-	-	-	D	D	-	-	D	D	D	D	D	-	-	-	-	-	D	D	D	D	D	-
E	L	L	L	L	-	-	-	-	L	L	L	-	-	-	-	E	L	L	-	-	-	-	E	E	E	E	E
-	-	L	L	L	L	L	L	-	-	-	D	L	L	L	-	-	-	-	D	L	L	L	L	L	-	-	-
D	L	-	-	-	-	-	E	E	D	D	-	-	-	E	E	E	E	E	-	-	-	E	E	E	E	E	E
E	E	E	E	D	-	-	-	E	E	E	E	E	L	-	-	-	-	D	D	D	D	L	-	-	-	-	-
-	E	E	E	L	-	-	-	-	E	E	E	E	D	L	-	-	-	E	E	E	E	E	D	-	-	-	-
-	-	-	D	D	D	D	D	L	-	-	-	-	-	E	L	L	L	L	-	-	-	D	D	L	L	L	L
-	-	-	-	-	E	E	E	D	D	-	-	-	-	D	L	L	-	-	-	-	L	-	-	-	-	-	-
-	-	-	-	E	E	D	D	-	-	-	-	-	-	-	-	-	-	-	-	-	E	E	E	E	E	-	-
-	-	-	-	D	-	-	E	D	L	-	-	-	-	-	-	-	-	E	D	D	D	-	-	-	-	-	-
Objective 0: 4722
Objective 1: 37
Constr violation: -3
Restrictions violated:
1 0 0 0 0 0 2 0 

Individual 8
1	2	3	4	5	6	7	8	9	10	11	12	13	14	15	16	17	18	19	20	21	22	23	24	25	26	27	28
E	E	E	E	E	-	-	D	D	-	-	E	E	E	D	D	-	-	-	-	-	-	-	D	D	D	D	D
L	L	-	-	L	L	L	L	-	-	L	L	L	L	L	-	-	-	L	L	L	L	L	-	-	-	L	L
D	D	L	-	-	D	L	L	L	L	-	-	-	-	D	D	D	D	D	-	-	-	-	-	D	D	D	D
D	D	D	D	-	-	-	-	E	E	D	D	D	-	-	E	D	-	-	E	E	D	D	D	-	-	-	-
-	E	D	D	D	D	-	-	D	D	D	D	D	-	-	E	E	D	L	-	-	E	E	-	-	-	-	-
L	L	L	L	L	-	-	E	E	L	-	-	-	E	E	L	L	-	-	-	-	E	E	E	E	-	-	-
L	L	L	L	-	-	-	-	E	E	E	E	E	-	-	-	-	E	E	-	-	-	E	L	L	L	L	-
L	L	L	L	L	-	-	-	-	-	L	L	L	-	-	L	L	L	L	-	-	-	-	L	L	L	L	L
-	D	D	D	D	D	-	-	D	D	-	-	D	D	D	D	D	-	-	-	-	D	D	D	D	-	-	-
E	E	E	E	E	-	-	-	-	L	L	L	-	-	-	-	L	L	L	L	L	-	-	E	E	E	E	E
-	-	L	L	L	L	L	L	-	-	-	D	L	L	L	-	-	-	-	D	L	L	L	L	L	-	-	-
D	D	D	-	-	-	D	D	L	L	-	-	-	-	E	E	E	E	E	-	-	-	E	E	E	D	D	L
E	E	E	E	D	-	-	-	E	E	E	E	E	L	-	-	-	-	D	D	D	D	L	-	-	-	-	-
-	E	E	E	L	-	-	-	-	E	E	E	E	D	L	-	-	-	E	E	E	E	E	D	-	-	-	-
-	-	-	E	E	E	E	E	-	-	-	-	-	-	E	L	L	L	L	-	-	-	D	D	L	L	L	L
-	-	-	-	-	E	E	E	D	L	-	-	-	-	D	L	L	-	-	-	-	L	-	-	-	-	-	-
-	-	-	-	E	E	D	D	-	-	-	-	-	-	-	-	-	-	-	-	-	E	E	E	E	E	-	-
-	-	-	-	D	-	-	E	D	L	-	-	-	-	-	-	-	-	E	D	D	D	-	-	-	-	-	-
Objective 0: 3612
Objective 1: 57
Constr violation: -3
Restrictions violated:
1 0 0 0 0 0 2 0 

Individual 9
1	2	3	4	5	6	7	8	9	10	11	12	13	14	15	16	17	18	19	20	21	22	23	24	25	26	27	28
E	E	E	E	E	-	-	D	D	-	-	E	E	E	D	D	-	-	-	-	-	-	-	D	D	D	D	D
L	L	-	-	L	L	L	L	-	-	L	L	L	L	L	-	-	-	L	L	L	L	L	-	-	-	L	L
D	D	L	-	-	D	L	L	L	L	-	-	-	-	D	D	D	D	D	-	-	-	-	-	D	D	D	D
D	D	D	D	-	-	-	-	E	E	D	D	D	-	-	E	D	-	-	E	E	D	D	D	-	-	-	-
-	E	D	D	D	D	-	-	D	D	D	D	D	-	-	E	E	D	L	-	-	E	E	-	-	-	-	-
L	L	L	L	L	-	-	E	E	L	-	-	-	E	E	L	L	-	-	-	-	E	E	E	E	-	-	-
-	-	E	E	E	E	-	-	E	E	E	E	E	-	-	-	-	E	E	-	-	L	L	L	L	L	-	-
L	L	L	L	L	-	-	-	-	-	L	L	L	-	-	L	L	L	L	-	-	-	L	L	L	L	L	-
-	D	D	D	D	D	-	-	D	D	-	-	D	D	D	D	D	-	-	-	-	D	D	D	D	-	-	-
E	E	E	E	E	-	-	-	-	L	L	L	-	-	-	-	L	L	L	L	L	-	-	E	E	E	E	E
-	-	L	L	L	L	L	L	-	-	-	D	L	L	L	-	-	-	-	D	L	L	L	L	L	-	-	-
D	D	D	-	-	-	D	D	L	L	-	-	-	-	E	E	E	E	E	-	-	-	E	E	E	D	D	L
E	E	E	E	D	-	-	-	E	E	E	E	E	L	-	-	-	-	D	D	D	D	L	-	-	-	-	-
-	E	E	E	L	-	-	-	-	E	E	E	E	D	L	-	-	-	E	E	E	E	E	D	-	-	-	-
-	-	-	E	E	E	E	E	-	-	-	-	-	-	E	L	L	L	L	-	-	-	D	D	L	L	L	L
-	-	-	-	-	E	E	E	D	L	-	-	-	-	D	L	L	-	-	-	-	L	-	-	-	-	-	-
-	-	-	-	E	E	D	D	-	-	-	-	-	-	-	-	-	-	-	-	-	E	E	E	E	E	-	-
-	-	-	-	D	-	-	E	D	L	-	-	-	-	-	-	-	-	E	D	D	D	-	-	-	-	-	-
Objective 0: 4218
Objective 1: 52
Constr violation: -3
Restrictions violated:
1 0 0 0 0 0 2 0 

Individual 10
1	2	3	4	5	6	7	8	9	10	11	12	13	14	15	16	17	18	19	20	21	22	23	24	25	26	27	28
E	E	E	E	E	-	-	D	D	-	-	E	E	E	D	D	-	-	-	-	-	-	-	D	D	D	D	D
L	L	-	-	L	L	L	L	-	-	L	L	L	L	L	-	-	-	L	L	L	L	L	-	-	-	L	L
D	D	L	-	-	D	L	L	L	L	-	-	-	-	D	D	D	D	D	-	-	-	-	-	D	D	D	D
D	D	D	D	-	-	-	-	E	E	D	D	D	-	-	E	D	-	-	E	E	D	D	D	-	-	-	-
-	E	D	D	D	D	-	-	D	D	D	D	D	-	-	E	E	D	L	-	-	E	E	-	-	-	-	-
L	L	L	L	L	-	-	E	E	L	-	-	-	E	E	L	L	-	-	-	-	E	E	E	E	-	-	-
L	L	L	L	-	-	-	-	E	E	E	E	E	-	-	-	-	E	E	-	-	-	E	L	L	L	L	-
L	L	L	L	L	-	-	-	-	-	L	L	L	-	-	L	L	L	L	-	-	-	-	L	L	L	L	L
-	D	D	D	D	D	-	-	D	D	-	-	D	D	D	D	D	-	-	-	-	D	D	D	D	-	-	-
E	E	E	E	E	-	-	-	-	L	L	L	-	-	-	-	L	L	L	L	L	-	-	E	E	E	E	E
-	-	L	L	L	L	L	L	-	-	-	D	L	L	L	-	-	-	-	D	L	L	L	L	L	-	-	-
D	D	D	-	-	-	D	D	L	L	-	-	-	-	E	E	E	E	E	-	-	-	E	E	E	D	D	L
E	E	E	E	D	-	-	-	E	E	E	E	E	L	-	-	-	-	D	D	D	D	L	-	-	-	-	-
-	E	E	E	L	-	-	-	-	E	E	E	E	D	L	-	-	-	E	E	E	E	E	D	-	-	-	-
-	-	-	D	D	D	D	D	L	-	-	-	-	-	E	L	L	L	L	-	-	-	D	D	L	L	L	L
-	-	-	-	-	E	E	E	D	D	-	-	-	-	D	L	L	-	-	-	-	L	-	-	-	-	-	-
-	-	-	-	E	E	D	D	-	-	-	-	-	-	-	-	-	-	-	-	-	E	E	E	E	E	-	-
-	-	-	-	D	-	-	E	D	L	-	-	-	-	-	-	-	-	E	D	D	D	-	-	-	-	-	-
Objective 0: 3916
Objective 1: 53
Constr violation: -3
Restrictions violated:
1 0 0 0 0 0 2 0 

Individual 11
1	2	3	4	5	6	7	8	9	10	11	12	13	14	15	16	17	18	19	20	21	22	23	24	25	26	27	28
E	E	E	E	E	-	-	D	D	-	-	E	E	E	D	D	-	-	-	-	-	-	-	D	D	D	D	D
L	L	-	-	L	L	L	L	-	-	L	L	L	L	L	-	-	-	L	L	L	L	L	-	-	-	L	L
D	D	L	-	-	D	L	L	L	L	-	-	-	-	D	D	D	D	D	-	-	-	-	-	D	D	D	D
D	D	D	D	-	-	-	-	E	E	D	D	D	-	-	E	D	-	-	E	E	D	D	D	-	-	-	-
-	E	D	D	D	D	-	-	D	D	D	D	D	-	-	E	E	D	L	-	-	E	E	-	-	-	-	-
L	L	L	L	L	-	-	E	E	L	-	-	-	E	E	L	L	-	-	-	-	E	E	E	E	-	-	-
L	L	L	L	-	-	-	-	E	E	E	E	E	-	-	-	-	E	E	-	-	-	E	L	L	L	L	-
L	L	L	L	L	-	-	-	-	-	L	L	L	-	-	L	L	L	L	-	-	-	L	L	L	L	L	-
-	D	D	D	D	D	-	-	D	D	-	-	D	D	D	D	D	-	-	-	-	D	D	D	D	-	-	-
E	E	E	E	E	-	-	-	-	L	L	L	-	-	-	-	L	L	L	L	L	-	-	E	E	E	E	E
-	-	L	L	L	L	L	L	-	-	-	D	L	L	L	-	-	-	-	D	L	L	L	L	L	-	-	-
D	L	-	-	-	-	-	E	E	D	D	-	-	-	E	E	E	E	E	-	-	-	E	E	E	E	E	E
E	E	E	E	D	-	-	-	E	E	E	E	E	L	-	-	-	-	D	D	D	D	L	-	-	-	-	-
-	E	E	E	L	-	-	-	-	E	E	E	E	D	L	-	-	-	E	E	E	E	E	D	-	-	-	-
-	-	-	D	D	D	D	D	L	-	-	-	-	-	E	L	L	L	L	-	-	-	D	D	L	L	L	L
-	-	-	-	-	E	E	E	D	D	-	-	-	-	D	L	L	-	-	-	-	L	-	-	-	-	-	-
-	-	-	-	E	E	D	D	-	-	-	-	-	-	-	-	-	-	-	-	-	E	E	E	E	E	-	-
-	-	-	-	D	-	-	E	D	L	-	-	-	-	-	-	-	-	E	D	D	D	-	-	-	-	-	-
Objective 0: 4319
Objective 1: 48
Constr violation: -3
Restrictions violated:
1 0 0 0 0 0 2 0 

Individual 12
1	2	3	4	5	6	7	8	9	10	11	12	13	14	15	16	17	18	19	20	21	22	23	24	25	26	27	28
E	E	E	E	E	-	-	D	D	-	-	E	E	E	D	D	-	-	-	-	-	-	-	D	D	D	D	D
L	L	-	-	L	L	L	L	-	-	L	L	L	L	L	-	-	-	L	L	L	L	L	-	-	-	L	L
D	D	L	-	-	D	L	L	L	L	-	-	-	-	D	D	D	D	D	-	-	-	-	-	D	D	D	D
D	D	D	D	-	-	-	-	E	E	D	D	D	-	-	E	D	-	-	E	E	D	D	D	-	-	-	-
-	E	D	D	D	D	-	-	D	D	D	D	D	-	-	E	E	D	L	-	-	E	E	-	-	-	-	-
L	L	L	L	L	-	-	E	E	L	-	-	-	E	E	L	L	-	-	-	-	E	E	E	E	-	-	-
L	L	L	L	-	-	-	-	E	E	E	E	E	-	-	-	-	E	E	-	-	-	E	L	L	L	L	-
L	L	L	L	L	-	-	-	-	-	L	L	L	-	-	L	L	L	L	-	-	-	L	L	L	L	L	-
-	D	D	D	D	D	-	-	D	D	-	-	D	D	D	D	D	-	-	-	-	D	D	D	D	-	-	-
E	E	E	E	E	-	-	-	-	L	L	L	-	-	-	-	L	L	L	L	L	-	-	E	E	E	E	E
-	-	L	L	L	L	L	L	-	-	-	D	L	L	L	-	-	-	-	D	L	L	L	L	L	-	-	-
D	L	-	-	-	-	-	E	E	D	D	-	-	-	E	E	E	E	E	-	-	-	E	E	E	E	E	E
E	E	E	E	D	-	-	-	E	E	E	E	E	L	-	-	-	-	D	D	D	D	L	-	-	-	-	-
-	E	E	E	L	-	-	-	-	E	E	E	E	D	L	-	-	-	E	E	E	E	E	D	-	-	-	-
-	-	-	D	D	D	D	D	L	-	-	-	-	-	E	L	L	L	L	-	-	-	D	D	L	L	L	L
-	-	-	-	-	E	E	E	D	D	-	-	-	-	D	L	L	-	-	-	-	L	-	-	-	-	-	-
-	-	-	-	E	E	D	D	-	-	-	-	-	-	-	-	-	-	-	-	-	E	E	E	E	E	-	-
-	-	-	-	D	-	-	E	D	L	-	-	-	-	-	-	-	-	E	D	D	D	-	-	-	-	-	-
Objective 0: 4319
Objective 1: 48
Constr violation: -3
Restrictions violated:
1 0 0 0 0 0 2 0 

Individual 13
1	2	3	4	5	6	7	8	9	10	11	12	13	14	15	16	17	18	19	20	21	22	23	24	25	26	27	28
E	E	E	E	E	-	-	D	D	-	-	E	E	E	D	D	-	-	-	-	-	-	-	D	D	D	D	D
L	L	-	-	L	L	L	L	-	-	L	L	L	L	L	-	-	-	L	L	L	L	L	-	-	-	L	L
D	D	L	-	-	D	L	L	L	L	-	-	-	-	D	D	D	D	D	-	-	-	-	-	D	D	D	D
D	D	D	D	-	-	-	-	E	E	D	D	D	-	-	E	D	-	-	E	E	D	D	D	-	-	-	-
-	E	D	D	D	D	-	-	D	D	D	D	D	-	-	E	E	D	L	-	-	E	E	-	-	-	-	-
L	L	L	L	L	-	-	E	E	L	-	-	-	E	E	L	L	-	-	-	-	E	E	E	E	-	-	-
-	-	E	E	E	E	-	-	E	E	E	E	E	-	-	-	-	E	E	-	-	L	L	L	L	L	-	-
L	L	L	L	L	-	-	-	-	-	L	L	L	-	-	L	L	L	L	-	-	-	L	L	L	L	L	-
D	D	D	D	D	-	-	-	D	D	-	-	D	D	D	D	D	-	-	-	-	-	D	D	D	D	D	-
E	L	L	L	L	-	-	-	-	L	L	L	-	-	-	-	E	L	L	-	-	-	-	E	E	E	E	E
-	-	L	L	L	L	L	L	-	-	-	D	L	L	L	-	-	-	-	D	L	L	L	L	L	-	-	-
D	L	-	-	-	-	-	E	E	D	D	-	-	-	E	E	E	E	E	-	-	-	E	E	E	E	E	E
E	E	E	E	D	-	-	-	E	E	E	E	E	L	-	-	-	-	D	D	D	D	L	-	-	-	-	-
-	E	E	E	L	-	-	-	-	E	E	E	E	D	L	-	-	-	E	E	E	E	E	D	-	-	-	-
-	-	-	D	D	D	D	D	L	-	-	-	-	-	E	L	L	L	L	-	-	-	D	D	L	L	L	L
-	-	-	-	-	E	E	E	D	D	-	-	-	-	D	L	L	-	-	-	-	L	-	-	-	-	-	-
-	-	-	-	E	E	D	D	-	-	-	-	-	-	-	-	-	-	-	-	-	E	E	E	E	E	-	-
-	-	-	-	D	-	-	E	D	L	-	-	-	-	-	-	-	-	E	D	D	D	-	-	-	-	-	-
Objective 0: 4621
Objective 1: 33
Constr violation: -3
Restrictions violated:
1 0 0 0 0 0 2 0 

Individual 14
1	2	3	4	5	6	7	8	9	10	11	12	13	14	15	16	17	18	19	20	21	22	23	24	25	26	27	28
E	E	E	E	E	-	-	D	D	-	-	E	E	E	D	D	-	-	-	-	-	-	-	D	D	D	D	D
L	L	-	-	L	L	L	L	-	-	L	L	L	L	L	-	-	-	L	L	L	L	L	-	-	-	L	L
D	D	L	-	-	D	L	L	L	L	-	-	-	-	D	D	D	D	D	-	-	-	-	-	D	D	D	D
D	D	D	D	-	-	-	-	E	E	D	D	D	-	-	E	D	-	-	E	E	D	D	D	-	-	-	-
-	E	D	D	D	D	-	-	D	D	D	D	D	-	-	E	E	D	L	-	-	E	E	-	-	-	-	-
L	L	L	L	L	-	-	E	E	L	-	-	-	E	E	L	L	-	-	-	-	E	E	E	E	-	-	-
L	L	L	L	-	-	-	-	E	E	E	E	E	-	-	-	-	E	E	-	-	-	E	L	L	L	L	-
L	L	L	L	L	-	-	-	-	-	L	L	L	-	-	L	L	L	L	-	-	-	-	L	L	L	L	L
-	D	D	D	D	D	-	-	D	D	-	-	D	D	D	D	D	-	-	-	-	D	D	D	D	-	-	-
E	E	E	E	E	-	-	-	-	L	L	L	-	-	-	-	L	L	L	L	L	-	-	E	E	E	E	E
-	-	L	L	L	L	L	L	-	-	-	D	L	L	L	-	-	-	-	D	L	L	L	L	L	-	-	-
D	L	-	-	-	-	-	E	E	D	D	-	-	-	E	E	E	E	E	-	-	-	E	E	E	E	E	E
E	E	E	E	D	-	-	-	E	E	E	E	E	L	-	-	-	-	D	D	D	D	L	-	-	-	-	-
-	E	E	E	L	-	-	-	-	E	E	E	E	D	L	-	-	-	E	E	E	E	E	D	-	-	-	-
-	-	-	D	D	D	D	D	L	-	-	-	-	-	E	L	L	L	L	-	-	-	D	D	L	L	L	L
-	-	-	-	-	E	E	E	D	L	-	-	-	-	D	L	L	-	-	-	-	L	-	-	-	-	-	-
-	-	-	-	E	E	D	D	-	-	-	-	-	-	-	-	-	-	-	-	-	E	E	E	E	E	-	-
-	-	-	-	D	-	-	E	D	L	-	-	-	-	-	-	-	-	E	D	D	D	-	-	-	-	-	-
Objective 0: 4117
Objective 1: 51
Constr violation: -3
Restrictions violated:
1 0 0 0 0 0 2 0 

Individual 15
1	2	3	4	5	6	7	8	9	10	11	12	13	14	15	16	17	18	19	20	21	22	23	24	25	26	27	28
E	E	E	E	E	-	-	D	D	-	-	E	E	E	D	D	-	-	-	-	-	-	-	D	D	D	D	D
L	L	-	-	L	L	L	L	-	-	L	L	L	L	L	-	-	-	L	L	L	L	L	-	-	-	L	L
D	D	L	-	-	D	L	L	L	L	-	-	-	-	D	D	D	D	D	-	-	-	-	-	D	D	D	D
D	D	D	D	-	-	-	-	E	E	D	D	D	-	-	E	D	-	-	E	E	D	D	D	-	-	-	-
-	E	D	D	D	D	-	-	D	D	D	D	D	-	-	E	E	D	L	-	-	E	E	-	-	-	-	-
L	L	L	L	L	-	-	E	E	L	-	-	-	E	E	L	L	-	-	-	-	E	E	E	E	-	-	-
-	-	E	E	E	E	-	-	E	E	E	E	E	-	-	-	-	E	E	-	-	L	L	L	L	L	-	-
L	L	L	L	L	-	-	-	-	-	L	L	L	-	-	L	L	L	L	-	-	-	L	L	L	L	L	-
D	D	D	D	D	-	-	-	D	D	-	-	D	D	D	D	D	-	-	-	-	-	D	D	D	D	D	-
E	E	E	E	E	-	-	-	-	L	L	L	-	-	-	-	L	L	L	L	L	-	-	E	E	E	E	E
-	-	L	L	L	L	L	L	-	-	-	D	L	L	L	-	-	-	-	D	L	L	L	L	L	-	-	-
D	L	-	-	-	-	-	E	E	D	D	-	-	-	E	E	E	E	E	-	-	-	E	E	E	E	E	E
E	E	E	E	D	-	-	-	E	E	E	E	E	L	-	-	-	-	D	D	D	D	L	-	-	-	-	-
-	E	E	E	L	-	-	-	-	E	E	E	E	D	L	-	-	-	E	E	E	E	E	D	-	-	-	-
-	-	-	D	D	D	D	D	L	-	-	-	-	-	E	L	L	L	L	-	-	-	D	D	L	L	L	L
-	-	-	-	-	E	E	E	D	D	-	-	-	-	D	L	L	-	-	-	-	L	-	-	-	-	-	-
-	-	-	-	E	E	D	D	-	-	-	-	-	-	-	-	-	-	-	-	-	E	E	E	E	E	-	-
-	D	-	-	-	-	-	-	-	E	E	L	-	-	-	-	E	E	D	L	L	-	-	-	-	-	-	-
Objective 0: 4826
Objective 1: 39
Constr violation: -3
Restrictions violated:
1 0 0 0 0 0 2 0 

Individual 16
1	2	3	4	5	6	7	8	9	10	11	12	13	14	15	16	17	18	19	20	21	22	23	24	25	26	27	28
E	E	E	E	E	-	-	D	D	-	-	E	E	E	D	D	-	-	-	-	-	-	-	D	D	D	D	D
L	L	-	-	L	L	L	L	-	-	L	L	L	L	L	-	-	-	L	L	L	L	L	-	-	-	L	L
D	D	L	-	-	D	L	L	L	L	-	-	-	-	D	D	D	D	D	-	-	-	-	-	D	D	D	D
D	D	D	D	-	-	-	-	E	E	D	D	D	-	-	E	D	-	-	E	E	D	D	D	-	-	-	-
-	E	D	D	D	D	-	-	D	D	D	D	D	-	-	E	E	D	L	-	-	E	E	-	-	-	-	-
L	L	L	L	L	-	-	E	E	L	-	-	-	E	E	L	L	-	-	-	-	E	E	E	E	-	-	-
L	L	L	L	-	-	-	-	E	E	E	E	E	-	-	-	-	E	E	-	-	-	E	L	L	L	L	-
L	L	L	L	L	-	-	-	-	-	L	L	L	-	-	L	L	L	L	-	-	-	-	L	L	L	L	L
-	D	D	D	D	D	-	-	D	D	-	-	D	D	D	D	D	-	-	-	-	D	D	D	D	-	-	-
E	E	E	E	E	-	-	-	-	L	L	L	-	-	-	-	L	L	L	L	L	-	-	E	E	E	E	E
-	-	L	L	L	L	L	L	-	-	-	D	L	L	L	-	-	-	-	D	L	L	L	L	L	-	-	-
D	L	-	-	-	-	-	E	E	D	D	-	-	-	E	E	E	E	E	-	-	-	E	E	E	E	E	E
E	E	E	E	D	-	-	-	E	E	E	E	E	L	-	-	-	-	D	D	D	D	L	-	-	-	-	-
-	E	E	E	L	-	-	-	-	E	E	E	E	D	L	-	-	-	E	E	E	E	E	D	-	-	-	-
-	-	-	D	D	D	D	D	L	-	-	-	-	-	E	L	L	L	L	-	-	-	D	D	L	L	L	L
-	-	-	-	-	E	E	E	D	L	-	-	-	-	D	L	L	-	-	-	-	L	-	-	-	-	-	-
-	-	-	-	E	E	D	D	-	-	-	-	-	-	-	-	-	-	-	-	-	E	E	E	E	E	-	-
-	-	-	-	D	-	-	E	D	L	-	-	-	-	-	-	-	-	E	D	D	D	-	-	-	-	-	-
Objective 0: 4117
Objective 1: 51
Constr violation: -3
Restrictions violated:
1 0 0 0 0 0 2 0 

Individual 17
1	2	3	4	5	6	7	8	9	10	11	12	13	14	15	16	17	18	19	20	21	22	23	24	25	26	27	28
E	E	E	E	E	-	-	D	D	-	-	E	E	E	D	D	-	-	-	-	-	-	-	D	D	D	D	D
L	L	L	L	-	-	L	L	-	-	L	L	L	L	L	-	-	-	L	L	L	L	L	-	-	-	-	-
D	D	L	-	-	D	L	L	L	L	-	-	-	-	D	D	D	D	D	-	-	-	-	-	D	D	D	D
D	D	D	D	-	-	-	-	E	E	D	D	D	-	-	E	D	-	-	E	E	D	D	D	-	-	-	-
-	E	D	D	D	D	-	-	D	D	D	D	D	-	-	E	E	D	L	-	-	E	E	-	-	-	-	-
L	L	L	L	L	-	-	E	E	L	-	-	-	E	E	L	L	-	-	-	-	E	E	E	E	-	-	-
-	-	E	E	E	E	-	-	E	E	E	E	E	-	-	-	-	E	E	-	-	L	L	L	L	L	-	-
L	L	L	L	L	-	-	-	-	-	L	L	L	-	-	L	L	L	L	-	-	-	L	L	L	L	L	-
D	D	D	D	D	-	-	-	D	D	-	-	D	D	D	D	D	-	-	-	-	-	D	D	D	D	D	-
E	L	L	L	L	-	-	-	-	L	L	L	-	-	-	-	E	L	L	-	-	-	-	E	E	E	E	E
-	-	L	L	L	L	L	L	-	-	-	D	L	L	L	-	-	-	-	D	L	L	L	L	L	-	-	-
D	L	-	-	-	-	-	E	E	D	D	-	-	-	E	E	E	E	E	-	-	-	E	E	E	E	E	E
E	E	E	E	D	-	-	-	E	E	E	E	E	L	-	-	-	-	D	D	D	D	L	-	-	-	-	-
-	E	E	E	L	-	-	-	-	E	E	E	E	D	L	-	-	-	E	E	E	E	E	D	-	-	-	-
-	-	-	D	D	D	D	D	L	-	-	-	-	-	E	L	L	L	L	-	-	-	D	D	L	L	L	L
-	-	-	-	-	E	E	E	D	D	-	-	-	-	D	L	L	-	-	-	-	L	-	-	-	-	-	-
-	-	-	-	E	E	D	D	-	-	-	-	-	-	-	-	-	-	-	-	-	E	E	E	E	E	-	-
-	D	-	-	-	-	-	-	-	E	E	L	-	-	-	-	E	E	D	L	L	-	-	-	-	-	-	-
Objective 0: 5125
Objective 1: 28
Constr violation: -3
Restrictions violated:
1 0 0 0 0 0 2 0 

Individual 18
1	2	3	4	5	6	7	8	9	10	11	12	13	14	15	16	17	18	19	20	21	22	23	24	25	26	27	28
E	E	E	E	E	-	-	D	D	-	-	E	E	E	D	D	-	-	-	-	-	-	-	D	D	D	D	D
L	L	L	L	-	-	L	L	-	-	L	L	L	L	L	-	-	-	L	L	L	L	L	-	-	-	-	-
D	D	L	-	-	D	L	L	L	L	-	-	-	-	D	D	D	D	D	-	-	-	-	-	D	D	D	D
D	D	D	D	-	-	-	-	E	E	D	D	D	-	-	E	D	-	-	E	E	D	D	D	-	-	-	-
-	E	D	D	D	D	-	-	D	D	D	D	D	-	-	E	E	D	L	-	-	E	E	-	-	-	-	-
L	L	L	L	L	-	-	E	E	L	-	-	-	E	E	L	L	-	-	-	-	E	E	E	E	-	-	-
L	L	L	L	-	-	-	-	E	E	E	E	E	-	-	-	-	E	E	-	-	-	E	L	L	L	L	-
L	L	L	L	L	-	-	-	-	-	L	L	L	-	-	L	L	L	L	-	-	-	L	L	L	L	L	-
D	D	D	D	D	-	-	-	D	D	-	-	D	D	D	D	D	-	-	-	-	-	D	D	D	D	D	-
E	L	L	L	L	-	-	-	-	L	L	L	-	-	-	-	E	L	L	-	-	-	-	E	E	E	E	E
-	-	L	L	L	L	L	L	-	-	-	D	L	L	L	-	-	-	-	D	L	L	L	L	L	-	-	-
D	L	-	-	-	-	-	E	E	D	D	-	-	-	E	E	E	E	E	-	-	-	E	E	E	E	E	E
E	E	E	E	D	-	-	-	E	E	E	E	E	L	-	-	-	-	D	D	D	D	L	-	-	-	-	-
-	E	E	E	L	-	-	-	-	E	E	E	E	D	L	-	-	-	E	E	E	E	E	D	-	-	-	-
-	-	-	D	D	D	D	D	L	-	-	-	-	-	E	L	L	L	L	-	-	-	D	D	L	L	L	L
-	-	-	-	-	E	E	E	D	D	-	-	-	-	D	L	L	-	-	-	-	L	-	-	-	-	-	-
-	-	-	-	E	E	D	D	-	-	-	-	-	-	-	-	-	-	-	-	-	E	E	E	E	E	-	-
-	-	-	-	D	-	-	E	D	L	-	-	-	-	-	-	-	-	E	D	D	D	-	-	-	-	-	-
Objective 0: 5023
Objective 1: 35
Constr violation: -3
Restrictions violated:
1 0 0 0 0 0 2 0 

Individual 19
1	2	3	4	5	6	7	8	9	10	11	12	13	14	15	16	17	18	19	20	21	22	23	24	25	26	27	28
E	E	E	E	E	-	-	D	D	-	-	E	E	E	D	D	-	-	-	-	-	-	-	D	D	D	D	D
L	L	L	L	-	-	L	L	-	-	L	L	L	L	L	-	-	-	L	L	L	L	L	-	-	-	-	-
D	D	L	-	-	D	L	L	L	L	-	-	-	-	D	D	D	D	D	-	-	-	-	-	D	D	D	D
D	D	D	D	-	-	-	-	E	E	D	D	D	-	-	E	D	-	-	E	E	D	D	D	-	-	-	-
-	E	D	D	D	D	-	-	D	D	D	D	D	-	-	E	E	D	L	-	-	E	E	-	-	-	-	-
L	L	L	L	L	-	-	E	E	L	-	-	-	E	E	L	L	-	-	-	-	E	E	E	E	-	-	-
-	-	E	E	E	E	-	-	E	E	E	E	E	-	-	-	-	E	E	-	-	L	L	L	L	L	-	-
L	L	L	L	L	-	-	-	-	-	L	L	L	-	-	L	L	L	L	-	-	-	L	L	L	L	L	-
D	D	D	D	D	-	-	-	D	D	-	-	D	D	D	D	D	-	-	-	-	-	D	D	D	D	D	-
E	E	E	E	E	-	-	-	-	L	L	L	-	-	-	-	L	L	L	L	L	-	-	E	E	E	E	E
-	-	L	L	L	L	L	L	-	-	-	D	L	L	L	-	-	-	-	D	L	L	L	L	L	-	-	-
D	L	-	-	-	-	-	E	E	D	D	-	-	-	E	E	E	E	E	-	-	-	E	E	E	E	E	E
E	E	E	E	D	-	-	-	E	E	E	E	E	L	-	-	-	-	D	D	D	D	L	-	-	-	-	-
-	E	E	E	L	-	-	-	-	E	E	E	E	D	L	-	-	-	E	E	E	E	E	D	-	-	-	-
-	-	-	D	D	D	D	D	L	-	-	-	-	-	E	L	L	L	L	-	-	-	D	D	L	L	L	L
-	-	-	-	-	E	E	E	D	D	-	-	-	-	D	L	L	-	-	-	-	L	-	-	-	-	-	-
-	-	-	-	E	E	D	D	-	-	-	-	-	-	-	-	-	-	-	-	-	E	E	E	E	E	-	-
-	-	-	-	D	-	-	E	D	L	-	-	-	-	-	-	-	-	E	D	D	D	-	-	-	-	-	-
Objective 0: 4722
Objective 1: 40
Constr violation: -3
Restrictions violated:
1 0 0 0 0 0 2 0 

