Individual 0
1	2	3	4	5	6	7	8	9	10	11	12	13	14	15	16	17	18	19	20	21	22	23	24	25	26	27	28
E	E	E	E	E	-	-	-	-	E	D	-	-	E	D	D	D	D	-	-	D	D	D	D	D	-	-	-
L	L	L	L	L	-	-	L	L	L	L	-	-	-	L	L	-	-	L	L	L	L	L	-	-	-	L	L
D	D	D	-	-	L	L	L	L	L	-	-	-	-	D	D	D	D	D	-	-	-	-	-	-	D	D	D
E	D	D	D	-	-	-	E	E	-	-	E	D	D	D	D	-	-	-	E	E	D	D	D	-	-	-	-
L	L	L	-	-	-	-	E	D	D	D	D	-	-	E	E	E	E	D	-	-	-	-	-	E	E	E	-
-	E	L	L	L	-	-	E	E	L	-	-	-	E	E	L	L	-	-	-	-	-	E	E	L	L	L	-
-	-	E	E	E	E	L	-	-	E	E	E	E	L	-	-	-	E	E	-	-	L	L	L	L	-	-	-
-	-	L	L	L	L	L	-	-	-	L	L	-	-	L	L	L	L	L	-	-	-	L	L	L	L	L	-
D	D	D	D	D	-	-	D	D	-	-	-	D	D	D	D	D	-	-	-	-	-	-	D	D	D	D	-
-	E	L	L	L	-	-	L	L	L	L	L	-	-	-	-	E	L	L	L	L	-	-	-	-	-	E	E
D	D	D	L	L	-	-	-	-	L	L	L	L	L	-	-	-	-	L	L	L	L	L	L	-	-	-	-
-	-	-	-	-	D	D	D	D	D	D	-	-	-	E	E	E	E	E	-	-	-	E	E	E	E	D	D
D	D	-	-	-	-	E	E	E	E	E	E	-	-	-	L	L	L	L	-	-	-	-	-	E	E	E	D
E	E	E	E	E	-	-	-	-	-	E	E	D	D	L	-	-	-	E	E	E	E	E	D	-	-	-	-
-	-	-	D	D	D	D	D	-	-	-	E	L	L	L	L	L	-	-	-	-	D	D	D	L	L	-	-
L	-	-	-	-	-	-	-	D	D	D	D	-	-	-	-	-	-	E	E	D	D	-	-	-	-	-	-
-	-	-	E	E	D	D	D	-	-	-	-	-	-	E	E	-	-	-	-	-	-	-	-	E	E	-	-
-	-	-	L	-	-	-	-	-	E	L	L	L	L	-	-	-	-	-	-	-	E	E	E	-	-	-	-
Objective 0: 4922
Objective 1: 18
Constr violation: 0
Restrictions violated:
0 0 0 0 0 0 0 0 

Individual 1
1	2	3	4	5	6	7	8	9	10	11	12	13	14	15	16	17	18	19	20	21	22	23	24	25	26	27	28
E	E	E	E	E	-	-	-	-	E	D	-	-	E	D	D	D	D	-	-	D	D	D	D	D	-	-	-
L	L	L	L	L	-	-	L	L	L	L	-	-	-	L	L	-	-	L	L	L	L	L	-	-	-	L	L
D	D	D	-	-	L	L	L	L	L	-	-	-	-	D	D	D	D	D	-	-	-	-	-	-	D	D	D
E	D	D	D	-	-	-	E	E	-	-	E	D	D	D	D	-	-	-	E	E	D	D	D	-	-	-	-
L	L	L	-	-	E	E	E	D	D	-	-	-	-	E	E	D	D	D	-	-	-	-	-	E	D	D	-
-	E	L	L	L	-	-	E	E	L	-	-	-	E	E	L	L	-	-	-	-	-	E	E	L	L	L	-
-	-	E	E	E	E	L	-	-	E	E	E	E	L	-	-	-	E	E	-	-	L	L	L	L	-	-	-
-	-	L	L	L	L	L	-	-	-	L	L	-	-	L	L	L	L	L	-	-	-	-	L	L	L	L	L
D	D	D	D	D	-	-	D	D	-	-	-	D	D	D	D	D	-	-	-	-	-	-	D	D	D	D	-
-	E	L	L	L	-	-	L	L	L	L	L	-	-	-	-	E	L	L	L	L	-	-	-	E	E	E	E
D	D	D	L	L	-	-	-	-	L	L	L	L	L	-	-	-	-	L	L	L	L	L	L	-	-	-	-
-	-	-	-	D	D	D	D	D	L	-	-	-	-	E	E	E	E	E	-	-	-	E	E	E	E	E	D
D	D	-	-	-	-	E	E	E	E	E	E	-	-	-	L	L	L	L	-	-	-	-	-	E	E	E	D
E	E	E	E	E	-	-	-	-	-	E	E	D	D	L	-	-	-	E	E	E	E	E	D	-	-	-	-
-	-	-	D	D	D	D	D	-	-	-	E	L	L	L	L	L	-	-	-	-	D	D	D	L	L	-	-
L	-	-	-	-	-	-	-	D	D	D	D	-	-	-	-	-	-	E	E	D	D	-	-	-	-	-	-
-	-	E	E	D	D	D	-	-	-	-	-	-	-	E	E	-	-	-	-	-	E	E	-	-	-	-	-
L	-	-	-	-	-	-	-	-	E	E	D	L	L	-	-	-	-	-	-	-	E	E	E	-	-	-	-
Objective 0: 4015
Objective 1: 32
Constr violation: 0
Restrictions violated:
0 0 0 0 0 0 0 0 

Individual 2
1	2	3	4	5	6	7	8	9	10	11	12	13	14	15	16	17	18	19	20	21	22	23	24	25	26	27	28
E	E	E	E	E	-	-	-	-	E	D	-	-	E	D	D	D	D	-	-	D	D	D	D	D	-	-	-
L	L	L	L	L	-	-	L	L	L	L	-	-	-	L	L	-	-	L	L	L	L	L	-	-	-	L	L
D	D	D	-	-	L	L	L	L	L	-	-	-	-	D	D	D	D	D	-	-	-	-	-	-	D	D	D
E	D	D	D	-	-	-	E	E	-	-	E	D	D	D	D	-	-	-	E	E	D	D	D	-	-	-	-
L	L	L	-	-	E	E	E	D	D	-	-	-	-	E	E	D	D	D	-	-	-	-	-	E	D	D	-
-	E	L	L	L	-	-	E	E	L	-	-	-	E	E	L	L	-	-	-	-	-	E	E	L	L	L	-
-	-	E	E	E	E	L	-	-	E	E	E	E	L	-	-	-	E	E	-	-	L	L	L	L	-	-	-
-	-	L	L	L	L	L	-	-	-	L	L	-	-	L	L	L	L	L	-	-	-	-	L	L	L	L	L
D	D	D	D	D	-	-	D	D	-	-	-	D	D	D	D	D	-	-	-	-	-	-	D	D	D	D	-
-	E	L	L	L	-	-	L	L	L	L	L	-	-	-	-	E	L	L	L	L	-	-	-	E	E	E	E
D	D	D	L	L	-	-	-	-	L	L	L	L	L	-	-	-	-	L	L	L	L	L	L	-	-	-	-
-	-	-	-	D	D	D	D	D	L	-	-	-	-	E	E	E	E	E	-	-	-	E	E	E	E	E	D
D	D	-	-	-	-	E	E	E	E	E	E	-	-	-	L	L	L	L	-	-	-	-	-	E	E	E	D
E	E	E	E	E	-	-	-	-	-	E	E	D	D	L	-	-	-	E	E	E	E	E	D	-	-	-	-
-	-	-	D	D	D	D	D	-	-	-	E	L	L	L	L	L	-	-	-	-	D	D	D	L	L	-	-
L	-	-	-	-	-	-	-	D	D	D	D	-	-	-	-	-	-	E	E	D	D	-	-	-	-	-	-
-	-	E	E	D	D	D	-	-	-	-	-	-	-	E	E	-	-	-	-	-	E	E	-	-	-	-	-
L	-	-	-	-	-	-	-	-	E	L	L	L	L	-	-	-	-	-	-	-	E	E	E	-	-	-	-
Objective 0: 4116
Objective 1: 29
Constr violation: 0
Restrictions violated:
0 0 0 0 0 0 0 0 

Individual 3
1	2	3	4	5	6	7	8	9	10	11	12	13	14	15	16	17	18	19	20	21	22	23	24	25	26	27	28
E	E	E	E	E	-	-	-	-	E	D	-	-	E	D	D	D	D	-	-	D	D	D	D	D	-	-	-
L	L	L	L	L	-	-	L	L	L	L	-	-	-	L	L	-	-	L	L	L	L	L	-	-	-	L	L
D	D	D	-	-	L	L	L	L	L	-	-	-	-	D	D	D	D	D	-	-	-	-	-	-	D	D	D
E	D	D	D	-	-	-	E	E	-	-	E	D	D	D	D	-	-	-	E	E	D	D	D	-	-	-	-
L	L	L	-	-	E	E	E	D	D	-	-	-	-	E	E	D	D	D	-	-	-	-	-	E	D	D	-
-	E	L	L	L	-	-	E	E	L	-	-	-	E	E	L	L	-	-	-	-	-	E	E	L	L	L	-
-	-	E	E	E	E	L	-	-	E	E	E	E	L	-	-	-	E	E	-	-	L	L	L	L	-	-	-
-	-	L	L	L	L	L	-	-	-	L	L	-	-	L	L	L	L	L	-	-	-	-	L	L	L	L	L
D	D	D	D	D	-	-	D	D	-	-	-	D	D	D	D	D	-	-	-	-	-	-	D	D	D	D	-
-	E	L	L	L	-	-	L	L	L	L	L	-	-	-	-	E	L	L	L	L	-	-	-	E	E	E	E
D	D	D	L	L	-	-	-	-	L	L	L	L	L	-	-	-	-	L	L	L	L	L	L	-	-	-	-
-	-	-	-	D	D	D	D	D	L	-	-	-	-	E	E	E	E	E	-	-	-	E	E	E	E	E	D
D	D	-	-	-	-	E	E	E	E	E	E	-	-	-	L	L	L	L	-	-	-	-	-	E	E	E	D
E	E	E	E	E	-	-	-	-	-	E	E	D	D	L	-	-	-	E	E	E	E	E	D	-	-	-	-
-	-	-	D	D	D	D	D	-	-	-	E	L	L	L	L	L	-	-	-	-	D	D	D	L	L	-	-
L	-	-	-	-	-	-	-	D	D	D	D	-	-	-	-	-	-	E	E	D	D	-	-	-	-	-	-
-	-	E	E	D	D	D	-	-	-	-	-	-	-	E	E	-	-	-	-	-	E	E	-	-	-	-	-
L	-	-	-	-	-	-	-	-	E	E	D	L	L	-	-	-	-	-	-	-	E	E	E	-	-	-	-
Objective 0: 4015
Objective 1: 32
Constr violation: 0
Restrictions violated:
0 0 0 0 0 0 0 0 

Individual 4
1	2	3	4	5	6	7	8	9	10	11	12	13	14	15	16	17	18	19	20	21	22	23	24	25	26	27	28
E	E	E	E	E	-	-	-	-	E	D	-	-	E	D	D	D	D	-	-	D	D	D	D	D	-	-	-
L	L	L	L	L	-	-	L	L	L	L	-	-	-	L	L	-	-	L	L	L	L	L	-	-	-	L	L
D	D	D	-	-	L	L	L	L	L	-	-	-	-	D	D	D	D	D	-	-	-	-	-	-	D	D	D
E	D	D	D	-	-	-	E	E	-	-	E	D	D	D	D	-	-	-	E	E	D	D	D	-	-	-	-
L	L	L	-	-	E	E	E	D	D	-	-	-	-	E	E	D	D	D	-	-	-	-	-	E	D	D	-
-	E	L	L	L	-	-	E	E	L	-	-	-	E	E	L	L	-	-	-	-	-	E	E	L	L	L	-
-	-	E	E	E	E	L	-	-	E	E	E	E	L	-	-	-	E	E	-	-	L	L	L	L	-	-	-
-	-	L	L	L	L	L	-	-	-	L	L	-	-	L	L	L	L	L	-	-	-	-	L	L	L	L	L
D	D	D	D	D	-	-	D	D	-	-	-	D	D	D	D	D	-	-	-	-	-	-	D	D	D	D	-
-	E	L	L	L	-	-	L	L	L	L	L	-	-	-	-	E	L	L	L	L	-	-	-	-	-	E	E
D	D	D	L	L	-	-	-	-	L	L	L	L	L	-	-	-	-	L	L	L	L	L	L	-	-	-	-
-	-	-	-	D	D	D	D	D	L	-	-	-	-	E	E	E	E	E	-	-	-	E	E	E	E	E	D
D	D	-	-	-	-	E	E	E	E	E	E	-	-	-	L	L	L	L	-	-	-	-	-	E	E	E	D
E	E	E	E	E	-	-	-	-	-	E	E	D	D	L	-	-	-	E	E	E	E	E	D	-	-	-	-
-	-	-	D	D	D	D	D	-	-	-	E	L	L	L	L	L	-	-	-	-	D	D	D	L	L	-	-
L	-	-	-	-	-	-	-	D	D	D	D	-	-	-	-	-	-	E	E	D	D	-	-	-	-	-	-
-	-	E	E	D	D	D	-	-	-	-	-	-	-	E	E	-	-	-	-	-	-	-	-	E	E	-	-
L	-	-	-	-	-	-	-	-	E	L	L	L	L	-	-	-	-	-	-	-	E	E	E	-	-	-	-
Objective 0: 4316
Objective 1: 26
Constr violation: 0
Restrictions violated:
0 0 0 0 0 0 0 0 

Individual 5
1	2	3	4	5	6	7	8	9	10	11	12	13	14	15	16	17	18	19	20	21	22	23	24	25	26	27	28
E	E	E	E	E	-	-	-	-	E	D	-	-	E	D	D	D	D	-	-	D	D	D	D	D	-	-	-
L	L	L	L	L	-	-	L	L	L	L	-	-	-	L	L	-	-	L	L	L	L	L	-	-	-	L	L
D	D	D	-	-	L	L	L	L	L	-	-	-	-	D	D	D	D	D	-	-	-	-	-	-	D	D	D
E	D	D	D	-	-	-	E	E	-	-	E	D	D	D	D	-	-	-	E	E	D	D	D	-	-	-	-
L	L	L	-	-	E	E	E	D	D	-	-	-	-	E	E	D	D	D	-	-	-	-	-	E	D	D	-
-	E	L	L	L	-	-	E	E	L	-	-	-	E	E	L	L	-	-	-	-	-	E	E	L	L	L	-
-	-	E	E	E	E	L	-	-	E	E	E	E	L	-	-	-	E	E	-	-	L	L	L	L	-	-	-
-	-	L	L	L	L	L	-	-	-	L	L	-	-	L	L	L	L	L	-	-	-	-	L	L	L	L	L
D	D	D	D	D	-	-	D	D	-	-	-	D	D	D	D	D	-	-	-	-	-	-	D	D	D	D	-
-	E	L	L	L	-	-	L	L	L	L	L	-	-	-	-	E	L	L	L	L	-	-	-	-	-	E	E
D	D	D	L	L	-	-	-	-	L	L	L	L	L	-	-	-	-	L	L	L	L	L	L	-	-	-	-
-	-	-	-	D	D	D	D	D	L	-	-	-	-	E	E	E	E	E	-	-	-	E	E	E	E	E	D
D	D	-	-	-	-	E	E	E	E	E	E	-	-	-	L	L	L	L	-	-	-	-	-	E	E	E	D
E	E	E	E	E	-	-	-	-	-	E	E	D	D	L	-	-	-	E	E	E	E	E	D	-	-	-	-
-	-	-	D	D	D	D	D	-	-	-	E	L	L	L	L	L	-	-	-	-	D	D	D	L	L	-	-
L	-	-	-	-	-	-	-	D	D	D	D	-	-	-	-	-	-	E	E	D	D	-	-	-	-	-	-
-	-	E	E	D	D	D	-	-	-	-	-	-	-	E	E	-	-	-	-	-	-	-	-	E	E	-	-
-	-	-	L	-	-	-	-	-	E	L	L	L	L	-	-	-	-	-	-	-	E	E	E	-	-	-	-
Objective 0: 4417
Objective 1: 24
Constr violation: 0
Restrictions violated:
0 0 0 0 0 0 0 0 

Individual 6
1	2	3	4	5	6	7	8	9	10	11	12	13	14	15	16	17	18	19	20	21	22	23	24	25	26	27	28
E	E	E	E	E	-	-	-	-	E	D	-	-	E	D	D	D	D	-	-	D	D	D	D	D	-	-	-
L	L	L	L	L	-	-	L	L	L	L	-	-	-	L	L	-	-	L	L	L	L	L	-	-	-	L	L
D	D	D	-	-	L	L	L	L	L	-	-	-	-	D	D	D	D	D	-	-	-	-	-	-	D	D	D
E	D	D	D	-	-	-	E	E	-	-	E	D	D	D	D	-	-	-	E	E	D	D	D	-	-	-	-
L	L	L	-	-	-	-	E	D	D	D	D	-	-	E	E	E	E	D	-	-	-	-	-	E	E	E	-
-	E	L	L	L	-	-	E	E	L	-	-	-	E	E	L	L	-	-	-	-	-	E	E	L	L	L	-
-	-	E	E	E	E	L	-	-	E	E	E	E	L	-	-	-	E	E	-	-	L	L	L	L	-	-	-
-	-	L	L	L	L	L	-	-	-	L	L	-	-	L	L	L	L	L	-	-	-	-	L	L	L	L	L
D	D	D	D	D	-	-	D	D	-	-	-	D	D	D	D	D	-	-	-	-	-	-	D	D	D	D	-
-	E	L	L	L	-	-	L	L	L	L	L	-	-	-	-	E	L	L	L	L	-	-	-	-	-	E	E
D	D	D	L	L	-	-	-	-	L	L	L	L	L	-	-	-	-	L	L	L	L	L	L	-	-	-	-
-	-	-	-	D	D	D	D	D	L	-	-	-	-	E	E	E	E	E	-	-	-	E	E	E	E	E	D
D	D	-	-	-	-	E	E	E	E	E	E	-	-	-	L	L	L	L	-	-	-	-	-	E	E	E	D
E	E	E	E	E	-	-	-	-	-	E	E	D	D	L	-	-	-	E	E	E	E	E	D	-	-	-	-
-	-	-	D	D	D	D	D	-	-	-	E	L	L	L	L	L	-	-	-	-	D	D	D	L	L	-	-
L	-	-	-	-	-	-	-	D	D	D	D	-	-	-	-	-	-	E	E	D	D	-	-	-	-	-	-
-	-	E	E	D	D	D	-	-	-	-	-	-	-	E	E	-	-	-	-	-	-	-	-	E	E	-	-
-	-	-	L	-	-	-	-	-	E	L	L	L	L	-	-	-	-	-	-	-	E	E	E	-	-	-	-
Objective 0: 4518
Objective 1: 22
Constr violation: 0
Restrictions violated:
0 0 0 0 0 0 0 0 

Individual 7
1	2	3	4	5	6	7	8	9	10	11	12	13	14	15	16	17	18	19	20	21	22	23	24	25	26	27	28
E	E	E	E	E	-	-	-	-	E	D	-	-	E	D	D	D	D	-	-	D	D	D	D	D	-	-	-
L	L	L	L	L	-	-	L	L	L	L	-	-	-	L	L	-	-	L	L	L	L	L	-	-	-	L	L
D	D	D	-	-	L	L	L	L	L	-	-	-	-	D	D	D	D	D	-	-	-	-	-	-	D	D	D
E	D	D	D	-	-	-	E	E	-	-	E	D	D	D	D	-	-	-	E	E	D	D	D	-	-	-	-
L	L	L	-	-	E	E	E	D	D	-	-	-	-	E	E	D	D	D	-	-	-	-	-	E	D	D	-
-	E	L	L	L	-	-	E	E	L	-	-	-	E	E	L	L	-	-	-	-	-	E	E	L	L	L	-
-	-	E	E	E	E	L	-	-	E	E	E	E	L	-	-	-	E	E	-	-	L	L	L	L	-	-	-
-	-	L	L	L	L	L	-	-	-	L	L	-	-	L	L	L	L	L	-	-	-	-	L	L	L	L	L
D	D	D	D	D	-	-	D	D	-	-	-	D	D	D	D	D	-	-	-	-	-	-	D	D	D	D	-
-	E	L	L	L	-	-	L	L	L	L	L	-	-	-	-	E	L	L	L	L	-	-	-	E	E	E	E
D	D	D	L	L	-	-	-	-	L	L	L	L	L	-	-	-	-	L	L	L	L	L	L	-	-	-	-
-	-	-	-	D	D	D	D	D	L	-	-	-	-	E	E	E	E	E	-	-	-	E	E	E	E	E	D
D	D	-	-	-	-	E	E	E	E	E	E	-	-	-	L	L	L	L	-	-	-	-	-	E	E	E	D
E	E	E	E	E	-	-	-	-	-	E	E	D	D	L	-	-	-	E	E	E	E	E	D	-	-	-	-
-	-	-	D	D	D	D	D	-	-	-	E	L	L	L	L	L	-	-	-	-	D	D	D	L	L	-	-
L	-	-	-	-	-	-	-	D	D	D	D	-	-	-	-	-	-	E	E	D	D	-	-	-	-	-	-
-	-	E	E	D	D	D	-	-	-	-	-	-	-	E	E	-	-	-	-	-	E	E	-	-	-	-	-
L	-	-	-	-	-	-	-	-	E	L	L	L	L	-	-	-	-	-	-	-	E	E	E	-	-	-	-
Objective 0: 4116
Objective 1: 29
Constr violation: 0
Restrictions violated:
0 0 0 0 0 0 0 0 

Individual 8
1	2	3	4	5	6	7	8	9	10	11	12	13	14	15	16	17	18	19	20	21	22	23	24	25	26	27	28
E	E	E	E	E	-	-	-	-	E	D	-	-	E	D	D	D	D	-	-	D	D	D	D	D	-	-	-
L	L	L	L	L	-	-	L	L	L	L	-	-	-	L	L	-	-	L	L	L	L	L	-	-	-	L	L
D	D	D	-	-	L	L	L	L	L	-	-	-	-	D	D	D	D	D	-	-	-	-	-	-	D	D	D
E	D	D	D	-	-	-	E	E	-	-	E	D	D	D	D	-	-	-	E	E	D	D	D	-	-	-	-
L	L	L	-	-	E	E	E	D	D	-	-	-	-	E	E	D	D	D	-	-	-	-	-	E	D	D	-
-	E	L	L	L	-	-	E	E	L	-	-	-	E	E	L	L	-	-	-	-	-	E	E	L	L	L	-
-	-	E	E	E	E	L	-	-	E	E	E	E	L	-	-	-	E	E	-	-	L	L	L	L	-	-	-
-	-	L	L	L	L	L	-	-	-	L	L	-	-	L	L	L	L	L	-	-	-	-	L	L	L	L	L
D	D	D	D	D	-	-	D	D	-	-	-	D	D	D	D	D	-	-	-	-	-	-	D	D	D	D	-
-	E	L	L	L	-	-	L	L	L	L	L	-	-	-	-	E	L	L	L	L	-	-	-	E	E	E	E
D	D	D	L	L	-	-	-	-	L	L	L	L	L	-	-	-	-	L	L	L	L	L	L	-	-	-	-
-	-	-	-	D	D	D	D	D	L	-	-	-	-	E	E	E	E	E	-	-	-	E	E	E	E	E	D
D	D	-	-	-	-	E	E	E	E	E	E	-	-	-	L	L	L	L	-	-	-	-	-	E	E	E	D
E	E	E	E	E	-	-	-	-	-	E	E	D	D	L	-	-	-	E	E	E	E	E	D	-	-	-	-
-	-	-	D	D	D	D	D	-	-	-	E	L	L	L	L	L	-	-	-	-	D	D	D	L	L	-	-
L	-	-	-	-	-	-	-	D	D	D	D	-	-	-	-	-	-	E	E	D	D	-	-	-	-	-	-
-	-	E	E	D	D	D	-	-	-	-	-	-	-	E	E	-	-	-	-	-	E	E	-	-	-	-	-
-	-	-	L	-	-	-	-	-	E	L	L	L	L	-	-	-	-	-	-	-	E	E	E	-	-	-	-
Objective 0: 4217
Objective 1: 27
Constr violation: 0
Restrictions violated:
0 0 0 0 0 0 0 0 

Individual 9
1	2	3	4	5	6	7	8	9	10	11	12	13	14	15	16	17	18	19	20	21	22	23	24	25	26	27	28
E	E	E	E	E	-	-	-	-	E	D	-	-	E	D	D	D	D	-	-	D	D	D	D	D	-	-	-
L	L	L	L	L	-	-	L	L	L	L	-	-	-	L	L	-	-	L	L	L	L	L	-	-	-	L	L
D	D	D	-	-	L	L	L	L	L	-	-	-	-	D	D	D	D	D	-	-	-	-	-	-	D	D	D
E	D	D	D	-	-	-	E	E	-	-	E	D	D	D	D	-	-	-	E	E	D	D	D	-	-	-	-
L	L	L	-	-	-	-	E	D	D	D	D	-	-	E	E	E	E	D	-	-	-	-	-	E	E	E	-
-	E	L	L	L	-	-	E	E	L	-	-	-	E	E	L	L	-	-	-	-	-	E	E	L	L	L	-
-	-	E	E	E	E	L	-	-	E	E	E	E	L	-	-	-	E	E	-	-	L	L	L	L	-	-	-
-	-	L	L	L	L	L	-	-	-	L	L	-	-	L	L	L	L	L	-	-	-	-	L	L	L	L	L
D	D	D	D	D	-	-	D	D	-	-	-	D	D	D	D	D	-	-	-	-	-	-	D	D	D	D	-
-	E	L	L	L	-	-	L	L	L	L	L	-	-	-	-	E	L	L	L	L	-	-	-	-	-	E	E
D	D	D	L	L	-	-	-	-	L	L	L	L	L	-	-	-	-	L	L	L	L	L	L	-	-	-	-
-	-	-	-	-	D	D	D	D	D	D	-	-	-	E	E	E	E	E	-	-	-	E	E	E	E	D	D
D	D	-	-	-	-	E	E	E	E	E	E	-	-	-	L	L	L	L	-	-	-	-	-	E	E	E	D
E	E	E	E	E	-	-	-	-	-	E	E	D	D	L	-	-	-	E	E	E	E	E	D	-	-	-	-
-	-	-	D	D	D	D	D	-	-	-	E	L	L	L	L	L	-	-	-	-	D	D	D	L	L	-	-
L	-	-	-	-	-	-	-	D	D	D	D	-	-	-	-	-	-	E	E	D	D	-	-	-	-	-	-
-	-	-	E	E	D	D	D	-	-	-	-	-	-	E	E	-	-	-	-	-	-	-	-	E	E	-	-
-	-	-	L	-	-	-	-	-	E	L	L	L	L	-	-	-	-	-	-	-	E	E	E	-	-	-	-
Objective 0: 4821
Objective 1: 19
Constr violation: 0
Restrictions violated:
0 0 0 0 0 0 0 0 

Individual 10
1	2	3	4	5	6	7	8	9	10	11	12	13	14	15	16	17	18	19	20	21	22	23	24	25	26	27	28
E	E	E	E	E	-	-	-	-	E	D	-	-	E	D	D	D	D	-	-	D	D	D	D	D	-	-	-
L	L	L	L	L	-	-	L	L	L	L	-	-	-	L	L	-	-	L	L	L	L	L	-	-	-	L	L
D	D	D	-	-	L	L	L	L	L	-	-	-	-	D	D	D	D	D	-	-	-	-	-	-	D	D	D
E	D	D	D	-	-	-	E	E	-	-	E	D	D	D	D	-	-	-	E	E	D	D	D	-	-	-	-
L	L	L	-	-	-	-	E	D	D	D	D	-	-	E	E	E	E	D	-	-	-	-	-	E	E	E	-
-	E	L	L	L	-	-	E	E	L	-	-	-	E	E	L	L	-	-	-	-	-	E	E	L	L	L	-
-	-	E	E	E	E	L	-	-	E	E	E	E	L	-	-	-	E	E	-	-	L	L	L	L	-	-	-
-	-	L	L	L	L	L	-	-	-	L	L	-	-	L	L	L	L	L	-	-	-	-	L	L	L	L	L
D	D	D	D	D	-	-	D	D	-	-	-	D	D	D	D	D	-	-	-	-	-	-	D	D	D	D	-
-	E	L	L	L	-	-	L	L	L	L	L	-	-	-	-	E	L	L	L	L	-	-	-	-	-	E	E
D	D	D	L	L	-	-	-	-	L	L	L	L	L	-	-	-	-	L	L	L	L	L	L	-	-	-	-
-	-	-	-	D	D	D	D	D	L	-	-	-	-	E	E	E	E	E	-	-	-	E	E	E	E	E	D
D	D	-	-	-	-	E	E	E	E	E	E	-	-	-	L	L	L	L	-	-	-	-	-	E	E	E	D
E	E	E	E	E	-	-	-	-	-	E	E	D	D	L	-	-	-	E	E	E	E	E	D	-	-	-	-
-	-	-	D	D	D	D	D	-	-	-	E	L	L	L	L	L	-	-	-	-	D	D	D	L	L	-	-
L	-	-	-	-	-	-	-	D	D	D	D	-	-	-	-	-	-	E	E	D	D	-	-	-	-	-	-
-	-	-	E	E	D	D	D	-	-	-	-	-	-	E	E	-	-	-	-	-	-	-	-	E	E	-	-
-	-	-	L	-	-	-	-	-	E	L	L	L	L	-	-	-	-	-	-	-	E	E	E	-	-	-	-
Objective 0: 4619
Objective 1: 21
Constr violation: 0
Restrictions violated:
0 0 0 0 0 0 0 0 

Individual 11
1	2	3	4	5	6	7	8	9	10	11	12	13	14	15	16	17	18	19	20	21	22	23	24	25	26	27	28
E	E	E	E	E	-	-	-	-	E	D	-	-	E	D	D	D	D	-	-	D	D	D	D	D	-	-	-
L	L	L	L	L	-	-	L	L	L	L	-	-	-	L	L	-	-	L	L	L	L	L	-	-	-	L	L
D	D	D	-	-	L	L	L	L	L	-	-	-	-	D	D	D	D	D	-	-	-	-	-	-	D	D	D
E	D	D	D	-	-	-	E	E	-	-	E	D	D	D	D	-	-	-	E	E	D	D	D	-	-	-	-
L	L	L	-	-	-	-	E	D	D	D	D	-	-	E	E	E	E	D	-	-	-	-	-	E	E	E	-
-	E	L	L	L	-	-	E	E	L	-	-	-	E	E	L	L	-	-	-	-	-	E	E	L	L	L	-
-	-	E	E	E	E	L	-	-	E	E	E	E	L	-	-	-	E	E	-	-	L	L	L	L	-	-	-
-	-	L	L	L	L	L	-	-	-	L	L	-	-	L	L	L	L	L	-	-	-	L	L	L	L	L	-
D	D	D	D	D	-	-	D	D	-	-	-	D	D	D	D	D	-	-	-	-	-	-	D	D	D	D	-
-	E	L	L	L	-	-	L	L	L	L	L	-	-	-	-	E	L	L	L	L	-	-	-	-	-	E	E
D	D	D	L	L	-	-	-	-	L	L	L	L	L	-	-	-	-	L	L	L	L	L	L	-	-	-	-
-	-	-	-	D	D	D	D	D	L	-	-	-	-	E	E	E	E	E	-	-	-	E	E	E	E	E	D
D	D	-	-	-	-	E	E	E	E	E	E	-	-	-	L	L	L	L	-	-	-	-	-	E	E	E	D
E	E	E	E	E	-	-	-	-	-	E	E	D	D	L	-	-	-	E	E	E	E	E	D	-	-	-	-
-	-	-	D	D	D	D	D	-	-	-	E	L	L	L	L	L	-	-	-	-	D	D	D	L	L	-	-
L	-	-	-	-	-	-	-	D	D	D	D	-	-	-	-	-	-	E	E	D	D	-	-	-	-	-	-
-	-	-	E	E	D	D	D	-	-	-	-	-	-	E	E	-	-	-	-	-	-	-	-	E	E	-	-
-	-	-	L	-	-	-	-	-	E	L	L	L	L	-	-	-	-	-	-	-	E	E	E	-	-	-	-
Objective 0: 4720
Objective 1: 20
Constr violation: 0
Restrictions violated:
0 0 0 0 0 0 0 0 

Individual 12
1	2	3	4	5	6	7	8	9	10	11	12	13	14	15	16	17	18	19	20	21	22	23	24	25	26	27	28
E	E	E	E	E	-	-	-	-	E	D	-	-	E	D	D	D	D	-	-	D	D	D	D	D	-	-	-
L	L	L	L	L	-	-	L	L	L	L	-	-	-	L	L	-	-	L	L	L	L	L	-	-	-	L	L
D	D	D	-	-	L	L	L	L	L	-	-	-	-	D	D	D	D	D	-	-	-	-	-	-	D	D	D
E	D	D	D	-	-	-	E	E	-	-	E	D	D	D	D	-	-	-	E	E	D	D	D	-	-	-	-
L	L	L	-	-	-	-	E	D	D	D	D	-	-	E	E	E	E	D	-	-	-	-	-	E	E	E	-
-	E	L	L	L	-	-	E	E	L	-	-	-	E	E	L	L	-	-	-	-	-	E	E	L	L	L	-
-	-	E	E	E	E	L	-	-	E	E	E	E	L	-	-	-	E	E	-	-	L	L	L	L	-	-	-
-	-	L	L	L	L	L	-	-	-	L	L	-	-	L	L	L	L	L	-	-	-	-	L	L	L	L	L
D	D	D	D	D	-	-	D	D	-	-	-	D	D	D	D	D	-	-	-	-	-	-	D	D	D	D	-
-	E	L	L	L	-	-	L	L	L	L	L	-	-	-	-	E	L	L	L	L	-	-	-	-	-	E	E
D	D	D	L	L	-	-	-	-	L	L	L	L	L	-	-	-	-	L	L	L	L	L	L	-	-	-	-
-	-	-	-	-	D	D	D	D	D	D	-	-	-	E	E	E	E	E	-	-	-	E	E	E	E	D	D
D	D	-	-	-	-	E	E	E	E	E	E	-	-	-	L	L	L	L	-	-	-	-	-	E	E	E	D
E	E	E	E	E	-	-	-	-	-	E	E	D	D	L	-	-	-	E	E	E	E	E	D	-	-	-	-
-	-	-	D	D	D	D	D	-	-	-	E	L	L	L	L	L	-	-	-	-	D	D	D	L	L	-	-
L	-	-	-	-	-	-	-	D	D	D	D	-	-	-	-	-	-	E	E	D	D	-	-	-	-	-	-
-	-	-	E	E	D	D	D	-	-	-	-	-	-	E	E	-	-	-	-	-	-	-	-	E	E	-	-
-	-	-	L	-	-	-	-	-	E	L	L	L	L	-	-	-	-	-	-	-	E	E	E	-	-	-	-
Objective 0: 4821
Objective 1: 19
Constr violation: 0
Restrictions violated:
0 0 0 0 0 0 0 0 

Individual 13
1	2	3	4	5	6	7	8	9	10	11	12	13	14	15	16	17	18	19	20	21	22	23	24	25	26	27	28
E	E	E	E	E	-	-	-	-	E	D	-	-	E	D	D	D	D	-	-	D	D	D	D	D	-	-	-
L	L	L	L	L	-	-	L	L	L	L	-	-	-	L	L	-	-	L	L	L	L	L	-	-	-	L	L
D	D	D	-	-	L	L	L	L	L	-	-	-	-	D	D	D	D	D	-	-	-	-	-	-	D	D	D
E	D	D	D	-	-	-	E	E	-	-	E	D	D	D	D	-	-	-	E	E	D	D	D	-	-	-	-
L	L	L	-	-	-	-	E	D	D	D	D	-	-	E	E	E	E	D	-	-	-	-	-	E	E	E	-
-	E	L	L	L	-	-	E	E	L	-	-	-	E	E	L	L	-	-	-	-	-	E	E	L	L	L	-
-	-	E	E	E	E	L	-	-	E	E	E	E	L	-	-	-	E	E	-	-	L	L	L	L	-	-	-
-	-	L	L	L	L	L	-	-	-	L	L	-	-	L	L	L	L	L	-	-	-	L	L	L	L	L	-
D	D	D	D	D	-	-	D	D	-	-	-	D	D	D	D	D	-	-	-	-	-	-	D	D	D	D	-
-	E	L	L	L	-	-	L	L	L	L	L	-	-	-	-	E	L	L	L	L	-	-	-	-	-	E	E
D	D	D	L	L	-	-	-	-	L	L	L	L	L	-	-	-	-	L	L	L	L	L	L	-	-	-	-
-	-	-	-	D	D	D	D	D	L	-	-	-	-	E	E	E	E	E	-	-	-	E	E	E	E	E	D
D	D	-	-	-	-	E	E	E	E	E	E	-	-	-	L	L	L	L	-	-	-	-	-	E	E	E	D
E	E	E	E	E	-	-	-	-	-	E	E	D	D	L	-	-	-	E	E	E	E	E	D	-	-	-	-
-	-	-	D	D	D	D	D	-	-	-	E	L	L	L	L	L	-	-	-	-	D	D	D	L	L	-	-
L	-	-	-	-	-	-	-	D	D	D	D	-	-	-	-	-	-	E	E	D	D	-	-	-	-	-	-
-	-	-	E	E	D	D	D	-	-	-	-	-	-	E	E	-	-	-	-	-	-	-	-	E	E	-	-
-	-	-	L	-	-	-	-	-	E	L	L	L	L	-	-	-	-	-	-	-	E	E	E	-	-	-	-
Objective 0: 4720
Objective 1: 20
Constr violation: 0
Restrictions violated:
0 0 0 0 0 0 0 0 

Individual 14
1	2	3	4	5	6	7	8	9	10	11	12	13	14	15	16	17	18	19	20	21	22	23	24	25	26	27	28
E	E	E	E	E	-	-	-	-	E	D	-	-	E	D	D	D	D	-	-	D	D	D	D	D	-	-	-
L	L	L	L	L	-	-	L	L	L	L	-	-	-	L	L	-	-	L	L	L	L	L	-	-	-	L	L
D	D	D	-	-	L	L	L	L	L	-	-	-	-	D	D	D	D	D	-	-	-	-	-	-	D	D	D
E	D	D	D	-	-	-	E	E	-	-	E	D	D	D	D	-	-	-	E	E	D	D	D	-	-	-	-
L	L	L	-	-	-	-	E	D	D	D	D	-	-	E	E	E	E	D	-	-	-	-	-	E	E	E	-
-	E	L	L	L	-	-	E	E	L	-	-	-	E	E	L	L	-	-	-	-	-	E	E	L	L	L	-
-	-	E	E	E	E	L	-	-	E	E	E	E	L	-	-	-	E	E	-	-	L	L	L	L	-	-	-
-	-	L	L	L	L	L	-	-	-	L	L	-	-	L	L	L	L	L	-	-	-	-	L	L	L	L	L
D	D	D	D	D	-	-	D	D	-	-	-	D	D	D	D	D	-	-	-	-	-	-	D	D	D	D	-
-	E	L	L	L	-	-	L	L	L	L	L	-	-	-	-	E	L	L	L	L	-	-	-	-	-	E	E
D	D	D	L	L	-	-	-	-	L	L	L	L	L	-	-	-	-	L	L	L	L	L	L	-	-	-	-
-	-	-	-	D	D	D	D	D	L	-	-	-	-	E	E	E	E	E	-	-	-	E	E	E	E	E	D
D	D	-	-	-	-	E	E	E	E	E	E	-	-	-	L	L	L	L	-	-	-	-	-	E	E	E	D
E	E	E	E	E	-	-	-	-	-	E	E	D	D	L	-	-	-	E	E	E	E	E	D	-	-	-	-
-	-	-	D	D	D	D	D	-	-	-	E	L	L	L	L	L	-	-	-	-	D	D	D	L	L	-	-
L	-	-	-	-	-	-	-	D	D	D	D	-	-	-	-	-	-	E	E	D	D	-	-	-	-	-	-
-	-	-	E	E	D	D	D	-	-	-	-	-	-	E	E	-	-	-	-	-	-	-	-	E	E	-	-
-	-	-	L	-	-	-	-	-	E	L	L	L	L	-	-	-	-	-	-	-	E	E	E	-	-	-	-
Objective 0: 4619
Objective 1: 21
Constr violation: 0
Restrictions violated:
0 0 0 0 0 0 0 0 

Individual 15
1	2	3	4	5	6	7	8	9	10	11	12	13	14	15	16	17	18	19	20	21	22	23	24	25	26	27	28
E	E	E	E	E	-	-	-	-	E	D	-	-	E	D	D	D	D	-	-	D	D	D	D	D	-	-	-
L	L	L	L	L	-	-	L	L	L	L	-	-	-	L	L	-	-	L	L	L	L	L	-	-	-	L	L
D	D	D	-	-	L	L	L	L	L	-	-	-	-	D	D	D	D	D	-	-	-	-	-	-	D	D	D
E	D	D	D	-	-	-	E	E	-	-	E	D	D	D	D	-	-	-	E	E	D	D	D	-	-	-	-
L	L	L	-	-	E	E	E	D	D	-	-	-	-	E	E	D	D	D	-	-	-	-	-	E	D	D	-
-	E	L	L	L	-	-	E	E	L	-	-	-	E	E	L	L	-	-	-	-	-	E	E	L	L	L	-
-	-	E	E	E	E	L	-	-	E	E	E	E	L	-	-	-	E	E	-	-	L	L	L	L	-	-	-
-	-	L	L	L	L	L	-	-	-	L	L	-	-	L	L	L	L	L	-	-	-	-	L	L	L	L	L
D	D	D	D	D	-	-	D	D	-	-	-	D	D	D	D	D	-	-	-	-	-	-	D	D	D	D	-
-	E	L	L	L	-	-	L	L	L	L	L	-	-	-	-	E	L	L	L	L	-	-	-	E	E	E	E
D	D	D	L	L	-	-	-	-	L	L	L	L	L	-	-	-	-	L	L	L	L	L	L	-	-	-	-
-	-	-	-	D	D	D	D	D	L	-	-	-	-	E	E	E	E	E	-	-	-	E	E	E	E	E	D
D	D	-	-	-	-	E	E	E	E	E	E	-	-	-	L	L	L	L	-	-	-	-	-	E	E	E	D
E	E	E	E	E	-	-	-	-	-	E	E	D	D	L	-	-	-	E	E	E	E	E	D	-	-	-	-
-	-	-	D	D	D	D	D	-	-	-	E	L	L	L	L	L	-	-	-	-	D	D	D	L	L	-	-
L	-	-	-	-	-	-	-	D	D	D	D	-	-	-	-	-	-	E	E	D	D	-	-	-	-	-	-
-	-	E	E	D	D	D	-	-	-	-	-	-	-	E	E	-	-	-	-	-	E	E	-	-	-	-	-
-	-	-	L	-	-	-	-	-	E	L	L	L	L	-	-	-	-	-	-	-	E	E	E	-	-	-	-
Objective 0: 4217
Objective 1: 27
Constr violation: 0
Restrictions violated:
0 0 0 0 0 0 0 0 

Individual 16
1	2	3	4	5	6	7	8	9	10	11	12	13	14	15	16	17	18	19	20	21	22	23	24	25	26	27	28
E	E	E	E	E	-	-	-	-	E	D	-	-	E	D	D	D	D	-	-	D	D	D	D	D	-	-	-
L	L	L	L	L	-	-	L	L	L	L	-	-	-	L	L	-	-	L	L	L	L	L	-	-	-	L	L
D	D	D	-	-	L	L	L	L	L	-	-	-	-	D	D	D	D	D	-	-	-	-	-	-	D	D	D
E	D	D	D	-	-	-	E	E	-	-	E	D	D	D	D	-	-	-	E	E	D	D	D	-	-	-	-
L	L	L	-	-	E	E	E	D	D	-	-	-	-	E	E	D	D	D	-	-	-	-	-	E	D	D	-
-	E	L	L	L	-	-	E	E	L	-	-	-	E	E	L	L	-	-	-	-	-	E	E	L	L	L	-
-	-	E	E	E	E	L	-	-	E	E	E	E	L	-	-	-	E	E	-	-	L	L	L	L	-	-	-
-	-	L	L	L	L	L	-	-	-	L	L	-	-	L	L	L	L	L	-	-	-	-	L	L	L	L	L
D	D	D	D	D	-	-	D	D	-	-	-	D	D	D	D	D	-	-	-	-	-	-	D	D	D	D	-
-	E	L	L	L	-	-	L	L	L	L	L	-	-	-	-	E	L	L	L	L	-	-	-	-	-	E	E
D	D	D	L	L	-	-	-	-	L	L	L	L	L	-	-	-	-	L	L	L	L	L	L	-	-	-	-
-	-	-	-	D	D	D	D	D	L	-	-	-	-	E	E	E	E	E	-	-	-	E	E	E	E	E	D
D	D	-	-	-	-	E	E	E	E	E	E	-	-	-	L	L	L	L	-	-	-	-	-	E	E	E	D
E	E	E	E	E	-	-	-	-	-	E	E	D	D	L	-	-	-	E	E	E	E	E	D	-	-	-	-
-	-	-	D	D	D	D	D	-	-	-	E	L	L	L	L	L	-	-	-	-	D	D	D	L	L	-	-
L	-	-	-	-	-	-	-	D	D	D	D	-	-	-	-	-	-	E	E	D	D	-	-	-	-	-	-
-	-	E	E	D	D	D	-	-	-	-	-	-	-	E	E	-	-	-	-	-	-	-	-	E	E	-	-
-	-	-	L	-	-	-	-	-	E	L	L	L	L	-	-	-	-	-	-	-	E	E	E	-	-	-	-
Objective 0: 4417
Objective 1: 24
Constr violation: 0
Restrictions violated:
0 0 0 0 0 0 0 0 

Individual 17
1	2	3	4	5	6	7	8	9	10	11	12	13	14	15	16	17	18	19	20	21	22	23	24	25	26	27	28
E	E	E	E	E	-	-	-	-	E	D	-	-	E	D	D	D	D	-	-	D	D	D	D	D	-	-	-
L	L	L	L	L	-	-	L	L	L	L	-	-	-	L	L	-	-	L	L	L	L	L	-	-	-	L	L
D	D	D	-	-	L	L	L	L	L	-	-	-	-	D	D	D	D	D	-	-	-	-	-	-	D	D	D
E	D	D	D	-	-	-	E	E	-	-	E	D	D	D	D	-	-	-	E	E	D	D	D	-	-	-	-
L	L	L	-	-	-	-	E	D	D	D	D	-	-	E	E	E	E	D	-	-	-	-	-	E	E	E	-
-	E	L	L	L	-	-	E	E	L	-	-	-	E	E	L	L	-	-	-	-	-	E	E	L	L	L	-
-	-	E	E	E	E	L	-	-	E	E	E	E	L	-	-	-	E	E	-	-	L	L	L	L	-	-	-
-	-	L	L	L	L	L	-	-	-	L	L	-	-	L	L	L	L	L	-	-	-	-	L	L	L	L	L
D	D	D	D	D	-	-	D	D	-	-	-	D	D	D	D	D	-	-	-	-	-	-	D	D	D	D	-
-	E	L	L	L	-	-	L	L	L	L	L	-	-	-	-	E	L	L	L	L	-	-	-	E	E	E	E
D	D	D	L	L	-	-	-	-	L	L	L	L	L	-	-	-	-	L	L	L	L	L	L	-	-	-	-
-	-	-	-	D	D	D	D	D	L	-	-	-	-	E	E	E	E	E	-	-	-	E	E	E	E	E	D
D	D	-	-	-	-	E	E	E	E	E	E	-	-	-	L	L	L	L	-	-	-	-	-	E	E	E	D
E	E	E	E	E	-	-	-	-	-	E	E	D	D	L	-	-	-	E	E	E	E	E	D	-	-	-	-
-	-	-	D	D	D	D	D	-	-	-	E	L	L	L	L	L	-	-	-	-	D	D	D	L	L	-	-
L	-	-	-	-	-	-	-	D	D	D	D	-	-	-	-	-	-	E	E	D	D	-	-	-	-	-	-
-	-	E	E	D	D	D	-	-	-	-	-	-	-	E	E	-	-	-	-	-	E	E	-	-	-	-	-
-	-	-	L	-	-	-	-	-	E	L	L	L	L	-	-	-	-	-	-	-	E	E	E	-	-	-	-
Objective 0: 4318
Objective 1: 25
Constr violation: 0
Restrictions violated:
0 0 0 0 0 0 0 0 

Individual 18
1	2	3	4	5	6	7	8	9	10	11	12	13	14	15	16	17	18	19	20	21	22	23	24	25	26	27	28
E	E	E	E	E	-	-	-	-	E	D	-	-	E	D	D	D	D	-	-	D	D	D	D	D	-	-	-
L	L	L	L	L	-	-	L	L	L	L	-	-	-	L	L	-	-	L	L	L	L	L	-	-	-	L	L
D	D	D	-	-	L	L	L	L	L	-	-	-	-	D	D	D	D	D	-	-	-	-	-	-	D	D	D
E	D	D	D	-	-	-	E	E	-	-	E	D	D	D	D	-	-	-	E	E	D	D	D	-	-	-	-
L	L	L	-	-	-	-	E	D	D	D	D	-	-	E	E	E	E	D	-	-	-	-	-	E	E	E	-
-	E	L	L	L	-	-	E	E	L	-	-	-	E	E	L	L	-	-	-	-	-	E	E	L	L	L	-
-	-	E	E	E	E	L	-	-	E	E	E	E	L	-	-	-	E	E	-	-	L	L	L	L	-	-	-
-	-	L	L	L	L	L	-	-	-	L	L	-	-	L	L	L	L	L	-	-	-	-	L	L	L	L	L
D	D	D	D	D	-	-	D	D	-	-	-	D	D	D	D	D	-	-	-	-	-	-	D	D	D	D	-
-	E	L	L	L	-	-	L	L	L	L	L	-	-	-	-	E	L	L	L	L	-	-	-	-	-	E	E
D	D	D	L	L	-	-	-	-	L	L	L	L	L	-	-	-	-	L	L	L	L	L	L	-	-	-	-
-	-	-	-	D	D	D	D	D	L	-	-	-	-	E	E	E	E	E	-	-	-	E	E	E	E	E	D
D	D	-	-	-	-	E	E	E	E	E	E	-	-	-	L	L	L	L	-	-	-	-	-	E	E	E	D
E	E	E	E	E	-	-	-	-	-	E	E	D	D	L	-	-	-	E	E	E	E	E	D	-	-	-	-
-	-	-	D	D	D	D	D	-	-	-	E	L	L	L	L	L	-	-	-	-	D	D	D	L	L	-	-
L	-	-	-	-	-	-	-	D	D	D	D	-	-	-	-	-	-	E	E	D	D	-	-	-	-	-	-
-	-	E	E	D	D	D	-	-	-	-	-	-	-	E	E	-	-	-	-	-	-	-	-	E	E	-	-
-	-	-	L	-	-	-	-	-	E	L	L	L	L	-	-	-	-	-	-	-	E	E	E	-	-	-	-
Objective 0: 4518
Objective 1: 22
Constr violation: 0
Restrictions violated:
0 0 0 0 0 0 0 0 

Individual 19
1	2	3	4	5	6	7	8	9	10	11	12	13	14	15	16	17	18	19	20	21	22	23	24	25	26	27	28
E	E	E	E	E	-	-	-	-	E	D	-	-	E	D	D	D	D	-	-	D	D	D	D	D	-	-	-
L	L	L	L	L	-	-	L	L	L	L	-	-	-	L	L	-	-	L	L	L	L	L	-	-	-	L	L
D	D	D	-	-	L	L	L	L	L	-	-	-	-	D	D	D	D	D	-	-	-	-	-	-	D	D	D
E	D	D	D	-	-	-	E	E	-	-	E	D	D	D	D	-	-	-	E	E	D	D	D	-	-	-	-
L	L	L	-	-	-	-	E	D	D	D	D	-	-	E	E	E	E	D	-	-	-	-	-	E	E	E	-
-	E	L	L	L	-	-	E	E	L	-	-	-	E	E	L	L	-	-	-	-	-	E	E	L	L	L	-
-	-	E	E	E	E	L	-	-	E	E	E	E	L	-	-	-	E	E	-	-	L	L	L	L	-	-	-
-	-	L	L	L	L	L	-	-	-	L	L	-	-	L	L	L	L	L	-	-	-	-	L	L	L	L	L
D	D	D	D	D	-	-	D	D	-	-	-	D	D	D	D	D	-	-	-	-	-	-	D	D	D	D	-
-	E	L	L	L	-	-	L	L	L	L	L	-	-	-	-	E	L	L	L	L	-	-	-	E	E	E	E
D	D	D	L	L	-	-	-	-	L	L	L	L	L	-	-	-	-	L	L	L	L	L	L	-	-	-	-
-	-	-	-	D	D	D	D	D	L	-	-	-	-	E	E	E	E	E	-	-	-	E	E	E	E	E	D
D	D	-	-	-	-	E	E	E	E	E	E	-	-	-	L	L	L	L	-	-	-	-	-	E	E	E	D
E	E	E	E	E	-	-	-	-	-	E	E	D	D	L	-	-	-	E	E	E	E	E	D	-	-	-	-
-	-	-	D	D	D	D	D	-	-	-	E	L	L	L	L	L	-	-	-	-	D	D	D	L	L	-	-
L	-	-	-	-	-	-	-	D	D	D	D	-	-	-	-	-	-	E	E	D	D	-	-	-	-	-	-
-	-	E	E	D	D	D	-	-	-	-	-	-	-	E	E	-	-	-	-	-	E	E	-	-	-	-	-
-	-	-	L	-	-	-	-	-	E	L	L	L	L	-	-	-	-	-	-	-	E	E	E	-	-	-	-
Objective 0: 4318
Objective 1: 25
Constr violation: 0
Restrictions violated:
0 0 0 0 0 0 0 0 

