Individual 0
1	2	3	4	5	6	7	8	9	10	11	12	13	14	15	16	17	18	19	20	21	22	23	24	25	26	27	28
E	E	E	E	D	-	-	-	E	E	E	E	E	-	-	E	D	-	-	-	-	D	D	D	-	-	E	E
L	L	L	L	L	-	-	-	L	L	L	-	-	-	L	L	-	-	L	L	L	L	L	-	-	-	L	L
L	L	L	L	-	-	L	L	L	L	L	-	-	-	-	D	D	D	D	-	-	-	-	-	D	D	L	L
E	E	E	-	-	-	-	D	D	D	-	-	D	D	D	D	D	-	-	E	E	-	-	E	E	D	-	-
E	E	E	L	L	-	-	E	D	D	D	D	-	-	D	L	-	-	E	E	L	L	L	-	-	-	-	-
L	L	L	L	L	-	-	-	E	L	L	-	-	E	E	L	L	-	-	-	-	L	L	-	-	-	E	E
E	E	E	E	-	-	E	L	-	-	E	E	E	L	L	-	-	L	L	-	-	L	L	L	-	-	-	-
-	-	-	-	L	L	L	L	-	-	L	L	-	-	L	L	L	L	L	-	-	-	-	L	L	L	L	L
D	D	D	D	D	-	-	D	D	D	D	-	-	D	D	D	-	-	D	D	-	-	-	D	D	-	-	-
E	E	L	L	-	-	-	-	E	E	L	L	L	-	-	-	E	L	L	-	-	-	E	E	L	L	-	-
D	D	D	L	L	-	-	-	D	D	D	D	D	D	-	-	-	D	D	D	D	D	L	-	-	-	-	-
D	D	L	L	-	-	-	E	E	D	D	-	-	-	E	E	L	-	-	-	-	-	E	E	E	E	E	D
D	D	-	-	-	E	E	E	E	E	E	-	-	-	D	L	L	L	L	-	-	-	-	-	-	E	E	E
E	E	E	E	E	-	-	-	-	-	E	E	D	D	L	-	-	-	E	E	E	E	D	L	-	-	-	-
-	-	-	E	D	-	-	-	D	D	D	L	L	L	-	-	-	L	L	-	-	-	D	D	L	L	L	L
-	-	-	D	-	-	-	E	D	-	-	D	L	L	L	-	-	-	-	-	-	-	E	-	-	-	-	-
-	-	-	-	-	-	-	D	-	-	E	-	-	-	E	E	-	-	-	-	-	E	E	E	-	-	-	E
-	-	D	L	L	-	-	-	-	-	E	L	L	-	-	-	E	L	-	-	-	-	-	-	D	-	-	-
Objective 0: 7143
Objective 1: 40
Constr violation: 0
Restrictions violated:
0 0 0 0 0 0 0 0 

Individual 1
1	2	3	4	5	6	7	8	9	10	11	12	13	14	15	16	17	18	19	20	21	22	23	24	25	26	27	28
E	E	E	E	D	-	-	-	E	E	E	E	E	-	-	E	D	-	-	-	-	D	D	D	-	-	E	E
L	L	L	L	L	-	-	-	L	L	L	-	-	-	L	L	-	-	L	L	L	L	L	-	-	-	L	L
L	L	L	L	-	-	L	L	L	L	L	-	-	-	-	D	D	D	D	-	-	-	-	-	D	D	L	L
E	E	E	E	-	-	-	-	D	D	-	-	D	D	D	D	D	-	-	E	E	-	-	E	E	D	-	-
D	D	-	-	E	E	L	-	-	E	E	E	-	-	E	L	L	-	-	E	E	E	-	-	E	E	-	-
L	L	L	L	L	-	-	-	E	L	L	-	-	E	E	L	L	-	-	-	-	L	L	-	-	-	E	E
E	E	E	E	-	-	E	L	-	-	E	E	E	L	L	-	-	L	L	-	-	L	L	L	-	-	-	-
-	-	-	-	L	L	L	L	-	-	L	L	-	-	L	L	L	L	L	-	-	-	-	L	L	L	L	L
-	-	D	D	D	-	-	D	D	D	D	D	-	-	D	D	D	-	-	D	D	-	-	D	D	D	-	-
L	L	-	-	E	E	E	E	L	-	-	E	E	L	-	-	E	E	E	-	-	E	E	E	E	-	-	-
D	D	D	L	L	-	-	-	D	D	D	D	D	D	-	-	-	D	D	D	D	D	L	-	-	-	-	-
D	D	L	L	-	-	-	E	E	D	D	-	-	-	E	E	L	-	-	-	-	-	E	E	E	E	E	D
D	D	-	-	-	E	E	E	E	E	E	-	-	-	D	L	L	L	L	-	-	-	-	-	-	E	E	E
E	E	E	E	E	-	-	-	-	-	E	E	D	D	L	-	-	-	E	E	E	E	D	L	-	-	-	-
-	-	-	-	E	D	D	D	D	L	-	-	-	-	-	E	E	E	E	-	-	-	D	D	L	L	L	L
-	-	-	D	-	-	-	E	D	-	-	D	L	L	L	-	-	-	-	-	-	-	E	-	-	-	-	-
-	-	-	D	-	-	D	-	-	E	D	-	-	-	-	-	-	E	D	-	-	E	E	D	-	-	-	-
-	-	D	L	L	-	-	-	-	-	E	L	L	-	-	-	E	L	-	-	-	-	-	-	D	-	-	-
Objective 0: 5427
Objective 1: 72
Constr violation: 0
Restrictions violated:
0 0 0 0 0 0 0 0 

Individual 2
1	2	3	4	5	6	7	8	9	10	11	12	13	14	15	16	17	18	19	20	21	22	23	24	25	26	27	28
E	E	E	E	D	-	-	-	E	E	E	E	E	-	-	-	E	D	D	-	-	D	D	D	-	-	E	E
L	L	L	L	L	-	-	-	L	L	L	-	-	-	L	L	-	-	L	L	L	L	L	-	-	-	L	L
L	L	L	L	-	-	L	L	L	L	L	-	-	-	-	D	D	D	D	-	-	-	-	-	D	D	L	L
E	E	E	-	-	-	-	D	D	D	-	-	D	D	D	D	D	-	-	E	E	-	-	E	E	D	-	-
D	D	D	L	-	-	-	E	E	-	-	D	D	D	D	-	-	E	E	E	D	D	-	-	E	E	-	-
L	L	L	L	L	-	-	-	E	L	L	-	-	E	E	L	L	-	-	-	-	L	L	-	-	-	E	E
E	E	E	E	-	-	E	L	-	-	E	E	E	L	L	-	-	L	L	-	-	L	L	L	-	-	-	-
-	-	-	-	L	L	L	L	-	-	L	L	-	-	L	L	L	L	L	-	-	-	-	L	L	L	L	L
D	D	D	D	D	-	-	D	D	D	D	-	-	D	D	D	-	-	D	D	-	-	-	D	D	-	-	-
E	E	L	L	-	-	-	-	E	E	L	L	L	-	-	-	E	L	L	-	-	-	E	E	L	L	-	-
D	D	D	L	L	-	-	-	D	D	D	D	-	-	-	-	-	-	D	D	D	D	-	-	-	D	D	L
D	D	L	L	-	-	-	E	E	D	D	-	-	-	E	E	L	-	-	-	-	-	E	E	E	E	E	D
D	D	-	-	-	E	E	E	E	E	E	-	-	-	D	L	L	L	L	-	-	-	-	-	-	E	E	E
E	E	E	E	E	-	-	-	-	-	E	E	D	D	L	-	-	-	E	E	E	E	D	L	-	-	-	-
-	-	-	E	D	-	-	-	D	D	D	L	L	L	-	-	-	L	L	-	-	-	D	D	L	L	L	L
-	-	-	D	-	-	-	E	D	-	-	D	L	L	L	-	-	-	-	-	-	-	E	-	-	-	-	-
-	-	-	-	-	-	-	D	-	-	E	-	-	-	E	E	-	-	-	-	-	E	E	E	-	-	-	E
-	-	D	L	L	-	-	-	-	-	E	L	L	-	-	-	E	L	-	-	-	-	-	-	D	-	-	-
Objective 0: 6637
Objective 1: 42
Constr violation: 0
Restrictions violated:
0 0 0 0 0 0 0 0 

Individual 3
1	2	3	4	5	6	7	8	9	10	11	12	13	14	15	16	17	18	19	20	21	22	23	24	25	26	27	28
E	E	E	E	D	-	-	-	E	E	E	E	E	-	-	-	E	D	D	-	-	D	D	D	-	-	E	E
L	L	L	L	L	-	-	-	L	L	L	-	-	-	L	L	-	-	L	L	L	L	L	-	-	-	L	L
L	L	L	L	-	-	L	L	L	L	L	-	-	-	-	D	D	D	D	-	-	-	-	-	D	D	L	L
E	E	E	E	-	-	-	-	D	D	-	-	D	D	D	D	D	-	-	E	E	-	-	E	E	D	-	-
D	D	D	L	-	-	-	E	E	-	-	D	D	D	D	-	-	E	E	E	D	D	-	-	E	E	-	-
L	L	L	L	L	-	-	-	E	L	L	-	-	E	E	L	L	-	-	-	-	L	L	-	-	-	E	E
E	E	E	E	-	-	E	L	-	-	E	E	E	L	L	-	-	L	L	-	-	L	L	L	-	-	-	-
-	-	-	-	L	L	L	L	-	-	L	L	-	-	L	L	L	L	L	-	-	-	-	L	L	L	L	L
D	D	D	D	D	-	-	D	D	D	D	-	-	D	D	D	-	-	D	D	-	-	-	D	D	-	-	-
E	E	L	L	-	-	-	-	E	E	L	L	L	-	-	-	E	L	L	-	-	-	E	E	L	L	-	-
D	D	D	L	L	-	-	-	D	D	D	D	-	-	-	-	-	-	D	D	D	D	-	-	-	D	D	L
D	D	L	L	-	-	-	E	E	D	D	-	-	-	E	E	L	-	-	-	-	-	E	E	E	E	E	D
D	D	-	-	-	E	E	E	E	E	E	-	-	-	D	L	L	L	L	-	-	-	-	-	-	E	E	E
E	E	E	E	E	-	-	-	-	-	E	E	D	D	L	-	-	-	E	E	E	E	D	L	-	-	-	-
-	-	-	-	E	D	D	D	D	L	-	-	-	-	-	E	E	E	E	-	-	-	D	D	L	L	L	L
-	-	-	D	-	-	-	E	D	-	-	D	L	L	L	-	-	-	-	-	-	-	E	-	-	-	-	-
-	-	-	-	-	-	-	D	-	-	E	-	-	-	E	E	-	-	-	-	-	E	E	E	-	-	-	E
-	-	D	L	L	-	-	-	-	-	E	L	L	-	-	-	E	L	-	-	-	-	-	-	D	-	-	-
Objective 0: 6233
Objective 1: 46
Constr violation: 0
Restrictions violated:
0 0 0 0 0 0 0 0 

Individual 4
1	2	3	4	5	6	7	8	9	10	11	12	13	14	15	16	17	18	19	20	21	22	23	24	25	26	27	28
E	E	E	E	D	-	-	-	E	E	E	E	E	-	-	E	D	-	-	-	-	D	D	D	-	-	E	E
L	L	L	L	L	-	-	-	L	L	L	-	-	-	L	L	-	-	L	L	L	L	L	-	-	-	L	L
L	L	L	L	-	-	L	L	L	L	L	-	-	-	-	D	D	D	D	-	-	-	-	-	D	D	L	L
E	E	E	E	-	-	-	-	D	D	-	-	D	D	D	D	D	-	-	E	E	-	-	E	E	D	-	-
D	D	-	-	E	E	L	-	-	E	E	E	-	-	E	L	L	-	-	E	E	E	-	-	E	E	-	-
L	L	L	L	L	-	-	-	E	L	L	-	-	E	E	L	L	-	-	-	-	L	L	-	-	-	E	E
E	E	E	E	-	-	E	L	-	-	E	E	E	L	L	-	-	L	L	-	-	L	L	L	-	-	-	-
-	-	-	-	L	L	L	L	-	-	L	L	-	-	L	L	L	L	L	-	-	-	-	L	L	L	L	L
-	-	D	D	D	-	-	D	D	D	D	D	-	-	D	D	D	-	-	D	D	-	-	D	D	D	-	-
E	E	L	L	-	-	E	E	-	-	-	L	L	L	-	-	E	E	L	-	-	E	E	L	L	-	-	-
D	D	D	L	L	-	-	-	D	D	D	D	D	D	-	-	-	D	D	D	D	D	L	-	-	-	-	-
D	D	L	L	-	-	-	E	E	D	D	-	-	-	E	E	L	-	-	-	-	-	E	E	E	E	E	D
D	D	-	-	-	E	E	E	E	E	E	-	-	-	D	L	L	L	L	-	-	-	-	-	-	E	E	E
E	E	E	E	E	-	-	-	-	-	E	E	D	D	L	-	-	-	E	E	E	E	D	L	-	-	-	-
-	-	-	-	E	D	D	D	D	L	-	-	-	-	-	E	E	E	E	-	-	-	D	D	L	L	L	L
-	-	-	D	-	-	-	E	D	-	-	D	L	L	L	-	-	-	-	-	-	-	E	-	-	-	-	-
-	-	-	-	-	-	-	D	-	-	E	-	-	-	E	E	-	-	-	-	-	E	E	E	-	-	-	E
-	-	D	L	L	-	-	-	-	E	E	-	-	-	-	-	E	L	-	-	-	-	-	-	D	-	-	-
Objective 0: 5929
Objective 1: 55
Constr violation: 0
Restrictions violated:
0 0 0 0 0 0 0 0 

Individual 5
1	2	3	4	5	6	7	8	9	10	11	12	13	14	15	16	17	18	19	20	21	22	23	24	25	26	27	28
E	E	E	E	D	-	-	-	E	E	E	E	E	-	-	-	E	D	D	-	-	D	D	D	-	-	E	E
L	L	L	L	L	-	-	-	L	L	L	-	-	-	L	L	-	-	L	L	L	L	L	-	-	-	L	L
L	L	L	L	-	-	L	L	L	L	L	-	-	-	-	D	D	D	D	-	-	-	-	-	D	D	L	L
E	E	E	E	-	-	-	-	D	D	-	-	D	D	D	D	D	-	-	E	E	-	-	E	E	D	-	-
D	D	-	-	E	E	L	-	-	E	E	E	-	-	E	L	L	-	-	E	E	E	-	-	E	E	-	-
L	L	L	L	L	-	-	-	E	L	L	-	-	E	E	L	L	-	-	-	-	L	L	-	-	-	E	E
E	E	E	E	-	-	E	L	-	-	E	E	E	L	L	-	-	L	L	-	-	L	L	L	-	-	-	-
-	-	-	-	L	L	L	L	-	-	L	L	-	-	L	L	L	L	L	-	-	-	-	L	L	L	L	L
-	-	D	D	D	-	-	D	D	D	D	D	-	-	D	D	D	-	-	D	D	-	-	D	D	D	-	-
L	L	-	-	E	E	E	E	L	-	-	E	E	L	-	-	E	E	E	-	-	E	E	E	E	-	-	-
D	D	D	L	L	-	-	-	D	D	D	D	D	D	-	-	-	D	D	D	D	D	L	-	-	-	-	-
D	D	L	L	-	-	-	E	E	D	D	-	-	-	E	E	L	-	-	-	-	-	E	E	E	E	E	D
D	D	-	-	-	E	E	E	E	E	E	-	-	-	D	L	L	L	L	-	-	-	-	-	-	E	E	E
E	E	E	E	E	-	-	-	-	-	E	E	D	D	L	-	-	-	E	E	E	E	D	L	-	-	-	-
-	-	-	-	E	D	D	D	D	L	-	-	-	-	-	E	E	E	E	-	-	-	D	D	L	L	L	L
-	-	-	D	-	-	-	E	D	-	-	D	L	L	L	-	-	-	-	-	-	-	E	-	-	-	-	-
-	-	-	-	-	-	-	D	-	-	E	-	-	-	E	E	-	-	-	-	-	E	E	E	-	-	-	E
-	-	D	L	L	-	-	-	-	-	E	L	L	-	-	-	E	L	-	-	-	-	-	-	D	-	-	-
Objective 0: 5527
Objective 1: 66
Constr violation: 0
Restrictions violated:
0 0 0 0 0 0 0 0 

Individual 6
1	2	3	4	5	6	7	8	9	10	11	12	13	14	15	16	17	18	19	20	21	22	23	24	25	26	27	28
E	E	E	E	D	-	-	-	E	E	E	E	E	-	-	E	D	-	-	-	-	D	D	D	-	-	E	E
L	L	L	L	L	-	-	-	L	L	L	-	-	-	L	L	-	-	L	L	L	L	L	-	-	-	L	L
L	L	L	L	-	-	L	L	L	L	L	-	-	-	-	D	D	D	D	-	-	-	-	-	D	D	L	L
E	E	E	E	-	-	-	-	D	D	-	-	D	D	D	D	D	-	-	E	E	-	-	E	E	D	-	-
D	D	-	-	E	E	L	-	-	E	E	E	-	-	E	L	L	-	-	E	E	E	-	-	E	E	-	-
L	L	L	L	L	-	-	-	E	L	L	-	-	E	E	L	L	-	-	-	-	L	L	-	-	-	E	E
E	E	E	E	-	-	E	L	-	-	E	E	E	L	L	-	-	L	L	-	-	L	L	L	-	-	-	-
-	-	-	-	L	L	L	L	-	-	L	L	-	-	L	L	L	L	L	-	-	-	-	L	L	L	L	L
-	-	D	D	D	-	-	D	D	D	D	D	-	-	D	D	D	-	-	D	D	-	-	D	D	D	-	-
L	L	-	-	E	E	E	E	L	-	-	E	E	L	-	-	E	E	E	-	-	E	E	E	E	-	-	-
D	D	D	L	L	-	-	-	D	D	D	D	D	D	-	-	-	D	D	D	D	D	L	-	-	-	-	-
D	D	L	L	-	-	-	E	E	D	D	-	-	-	E	E	L	-	-	-	-	-	E	E	E	E	E	D
D	D	-	-	-	E	E	E	E	E	E	-	-	-	D	L	L	L	L	-	-	-	-	-	-	E	E	E
E	E	E	E	E	-	-	-	-	-	E	E	D	D	L	-	-	-	E	E	E	E	D	L	-	-	-	-
-	-	-	-	E	D	D	D	D	L	-	-	-	-	-	E	E	E	E	-	-	-	D	D	L	L	L	L
-	-	-	D	-	-	-	E	D	-	-	D	L	L	L	-	-	-	-	-	-	-	E	-	-	-	-	-
-	-	-	D	-	-	D	-	-	E	D	-	-	-	-	-	-	E	D	-	-	E	E	D	-	-	-	-
-	-	D	L	L	-	-	-	-	-	E	L	L	-	-	-	E	L	-	-	-	-	-	-	D	-	-	-
Objective 0: 5427
Objective 1: 72
Constr violation: 0
Restrictions violated:
0 0 0 0 0 0 0 0 

Individual 7
1	2	3	4	5	6	7	8	9	10	11	12	13	14	15	16	17	18	19	20	21	22	23	24	25	26	27	28
E	E	E	E	D	-	-	-	E	E	E	E	E	-	-	-	E	D	D	-	-	D	D	D	-	-	E	E
L	L	L	L	L	-	-	-	L	L	L	-	-	-	L	L	-	-	L	L	L	L	L	-	-	-	L	L
L	L	L	L	-	-	L	L	L	L	L	-	-	-	-	D	D	D	D	-	-	-	-	-	D	D	L	L
E	E	E	E	-	-	-	-	D	D	-	-	D	D	D	D	D	-	-	E	E	-	-	E	E	D	-	-
D	D	-	-	E	E	L	-	-	E	E	E	-	-	E	L	L	-	-	E	E	E	-	-	E	E	-	-
L	L	L	L	L	-	-	-	E	L	L	-	-	E	E	L	L	-	-	-	-	L	L	-	-	-	E	E
E	E	E	E	-	-	E	L	-	-	E	E	E	L	L	-	-	L	L	-	-	L	L	L	-	-	-	-
L	L	-	-	L	L	L	L	L	-	-	L	L	-	-	L	L	L	L	-	-	-	L	L	L	L	-	-
-	-	D	D	D	-	-	D	D	D	D	D	-	-	D	D	D	-	-	D	D	-	-	D	D	D	-	-
E	E	L	L	-	-	E	E	-	-	-	L	L	L	-	-	E	E	L	-	-	E	E	L	L	-	-	-
D	D	D	L	L	-	-	-	D	D	D	D	D	D	-	-	-	D	D	D	D	D	L	-	-	-	-	-
D	D	L	L	-	-	-	E	E	D	D	-	-	-	E	E	L	-	-	-	-	-	E	E	E	E	E	D
D	D	-	-	-	E	E	E	E	E	E	-	-	-	D	L	L	L	L	-	-	-	-	-	-	E	E	E
E	E	E	E	E	-	-	-	-	-	E	E	D	D	L	-	-	-	E	E	E	E	D	L	-	-	-	-
-	-	-	-	E	D	D	D	D	L	-	-	-	-	-	E	E	E	E	-	-	-	D	D	L	L	L	L
-	-	-	D	-	-	-	E	D	-	-	D	L	L	L	-	-	-	-	-	-	-	E	-	-	-	-	-
-	-	-	-	-	-	-	D	-	-	E	-	-	-	E	E	-	-	-	-	-	E	E	E	-	-	-	E
-	-	D	L	L	-	-	-	-	-	E	L	L	-	-	-	E	L	-	-	-	-	-	-	D	-	-	-
Objective 0: 5931
Objective 1: 51
Constr violation: 0
Restrictions violated:
0 0 0 0 0 0 0 0 

Individual 8
1	2	3	4	5	6	7	8	9	10	11	12	13	14	15	16	17	18	19	20	21	22	23	24	25	26	27	28
E	E	E	E	D	-	-	-	E	E	E	E	E	-	-	-	E	D	D	-	-	D	D	D	-	-	E	E
L	L	L	L	L	-	-	-	L	L	L	-	-	-	L	L	-	-	L	L	L	L	L	-	-	-	L	L
L	L	L	L	-	-	L	L	L	L	L	-	-	-	-	D	D	D	D	-	-	-	-	-	D	D	L	L
E	E	E	E	-	-	-	-	D	D	-	-	D	D	D	D	D	-	-	E	E	-	-	E	E	D	-	-
D	D	-	-	E	E	L	-	-	E	E	E	-	-	E	L	L	-	-	E	E	E	-	-	E	E	-	-
L	L	L	L	L	-	-	-	E	L	L	-	-	E	E	L	L	-	-	-	-	L	L	-	-	-	E	E
E	E	E	E	-	-	E	L	-	-	E	E	E	L	L	-	-	L	L	-	-	L	L	L	-	-	-	-
-	-	-	-	L	L	L	L	-	-	L	L	-	-	L	L	L	L	L	-	-	-	-	L	L	L	L	L
D	D	D	D	D	-	-	D	D	D	D	-	-	D	D	D	-	-	D	D	-	-	-	D	D	-	-	-
E	E	L	L	-	-	E	E	-	-	-	L	L	L	-	-	E	E	L	-	-	E	E	L	L	-	-	-
D	D	D	L	L	-	-	-	D	D	D	D	D	D	-	-	-	D	D	D	D	D	L	-	-	-	-	-
D	D	L	L	-	-	-	E	E	D	D	-	-	-	E	E	L	-	-	-	-	-	E	E	E	E	E	D
D	D	-	-	-	E	E	E	E	E	E	-	-	-	D	L	L	L	L	-	-	-	-	-	-	E	E	E
E	E	E	E	E	-	-	-	-	-	E	E	D	D	L	-	-	-	E	E	E	E	D	L	-	-	-	-
-	-	-	-	E	D	D	D	D	L	-	-	-	-	-	E	E	E	E	-	-	-	D	D	L	L	L	L
-	-	-	D	-	-	-	E	D	-	-	D	L	L	L	-	-	-	-	-	-	-	E	-	-	-	-	-
-	-	-	-	-	-	-	D	-	-	E	-	-	-	E	E	-	-	-	-	-	E	E	E	-	-	-	E
-	-	D	L	L	-	-	-	-	-	E	L	L	-	-	-	E	L	-	-	-	-	-	-	D	-	-	-
Objective 0: 6031
Objective 1: 50
Constr violation: 0
Restrictions violated:
0 0 0 0 0 0 0 0 

Individual 9
1	2	3	4	5	6	7	8	9	10	11	12	13	14	15	16	17	18	19	20	21	22	23	24	25	26	27	28
E	E	E	E	D	-	-	-	E	E	E	E	E	-	-	-	E	D	D	-	-	D	D	D	-	-	E	E
L	L	L	L	L	-	-	-	L	L	L	-	-	-	L	L	-	-	L	L	L	L	L	-	-	-	L	L
L	L	L	L	-	-	L	L	L	L	L	-	-	-	-	D	D	D	D	-	-	-	-	-	D	D	L	L
E	E	E	E	-	-	-	-	D	D	-	-	D	D	D	D	D	-	-	E	E	-	-	E	E	D	-	-
D	D	D	L	-	-	-	E	E	-	-	D	D	D	D	-	-	E	E	E	D	D	-	-	E	E	-	-
L	L	L	L	L	-	-	-	E	L	L	-	-	E	E	L	L	-	-	-	-	L	L	-	-	-	E	E
E	E	E	E	-	-	E	L	-	-	E	E	E	L	L	-	-	L	L	-	-	L	L	L	-	-	-	-
-	-	-	-	L	L	L	L	-	-	L	L	-	-	L	L	L	L	L	-	-	-	-	L	L	L	L	L
D	D	D	D	D	-	-	D	D	D	D	-	-	D	D	D	-	-	D	D	-	-	-	D	D	-	-	-
L	L	-	-	E	E	E	E	L	-	-	E	E	L	-	-	E	E	E	-	-	E	E	E	E	-	-	-
D	D	D	L	L	-	-	-	D	D	D	D	-	-	-	-	-	-	D	D	D	D	-	-	-	D	D	L
D	D	L	L	-	-	-	E	E	D	D	-	-	-	E	E	L	-	-	-	-	-	E	E	E	E	E	D
D	D	-	-	-	E	E	E	E	E	E	-	-	-	D	L	L	L	L	-	-	-	-	-	-	E	E	E
E	E	E	E	E	-	-	-	-	-	E	E	D	D	L	-	-	-	E	E	E	E	D	L	-	-	-	-
-	-	-	-	E	D	D	D	D	L	-	-	-	-	-	E	E	E	E	-	-	-	D	D	L	L	L	L
-	-	-	D	-	-	-	E	D	-	-	D	L	L	L	-	-	-	-	-	-	-	E	-	-	-	-	-
-	-	-	-	-	-	-	D	-	-	E	-	-	-	E	E	-	-	-	-	-	E	E	E	-	-	-	E
-	-	D	L	L	-	-	-	-	-	E	L	L	-	-	-	E	L	-	-	-	-	-	-	D	-	-	-
Objective 0: 5729
Objective 1: 62
Constr violation: 0
Restrictions violated:
0 0 0 0 0 0 0 0 

Individual 10
1	2	3	4	5	6	7	8	9	10	11	12	13	14	15	16	17	18	19	20	21	22	23	24	25	26	27	28
E	E	E	E	D	-	-	-	E	E	E	E	E	-	-	E	D	-	-	-	-	D	D	D	-	-	E	E
L	L	L	L	L	-	-	-	L	L	L	-	-	-	L	L	-	-	L	L	L	L	L	-	-	-	L	L
L	L	L	L	-	-	L	L	L	L	L	-	-	-	-	D	D	D	D	-	-	-	-	-	D	D	L	L
E	E	E	E	-	-	-	-	D	D	-	-	D	D	D	D	D	-	-	E	E	-	-	E	E	D	-	-
D	D	-	-	E	E	L	-	-	E	E	E	-	-	E	L	L	-	-	E	E	E	-	-	E	E	-	-
L	L	L	L	L	-	-	-	E	L	L	-	-	E	E	L	L	-	-	-	-	L	L	-	-	-	E	E
E	E	E	E	-	-	E	L	-	-	E	E	E	L	L	-	-	L	L	-	-	L	L	L	-	-	-	-
-	-	-	-	L	L	L	L	-	-	L	L	-	-	L	L	L	L	L	-	-	-	-	L	L	L	L	L
-	-	D	D	D	-	-	D	D	D	D	D	-	-	D	D	D	-	-	D	D	-	-	D	D	D	-	-
E	E	L	L	-	-	E	E	-	-	-	L	L	L	-	-	E	E	L	-	-	E	E	L	L	-	-	-
D	D	D	L	L	-	-	-	D	D	D	D	D	D	-	-	-	D	D	D	D	D	L	-	-	-	-	-
D	D	L	L	-	-	-	E	E	D	D	-	-	-	E	E	L	-	-	-	-	-	E	E	E	E	E	D
D	D	-	-	-	E	E	E	E	E	E	-	-	-	D	L	L	L	L	-	-	-	-	-	-	E	E	E
E	E	E	E	E	-	-	-	-	-	E	E	D	D	L	-	-	-	E	E	E	E	D	L	-	-	-	-
-	-	-	-	E	D	D	D	D	L	-	-	-	-	-	E	E	E	E	-	-	-	D	D	L	L	L	L
-	-	-	D	-	-	-	E	D	-	-	D	L	L	L	-	-	-	-	-	-	-	E	-	-	-	-	-
-	-	-	D	-	-	D	-	-	E	D	-	-	-	-	-	-	E	D	-	-	E	E	D	-	-	-	-
-	-	D	L	L	-	-	-	-	-	E	L	L	-	-	-	E	L	-	-	-	-	-	-	D	-	-	-
Objective 0: 5830
Objective 1: 58
Constr violation: 0
Restrictions violated:
0 0 0 0 0 0 0 0 

Individual 11
1	2	3	4	5	6	7	8	9	10	11	12	13	14	15	16	17	18	19	20	21	22	23	24	25	26	27	28
E	E	E	E	D	-	-	-	E	E	E	E	E	-	-	-	E	D	D	-	-	D	D	D	-	-	E	E
L	L	L	L	L	-	-	-	L	L	L	-	-	-	L	L	-	-	L	L	L	L	L	-	-	-	L	L
L	L	L	L	-	-	L	L	L	L	L	-	-	-	-	D	D	D	D	-	-	-	-	-	D	D	L	L
E	E	E	-	-	-	-	D	D	D	-	-	D	D	D	D	D	-	-	E	E	-	-	E	E	D	-	-
D	D	D	L	-	-	-	E	E	-	-	D	D	D	D	-	-	E	E	E	D	D	-	-	E	E	-	-
L	L	L	L	L	-	-	-	E	L	L	-	-	E	E	L	L	-	-	-	-	L	L	-	-	-	E	E
E	E	E	E	-	-	E	L	-	-	E	E	E	L	L	-	-	L	L	-	-	L	L	L	-	-	-	-
-	-	-	-	L	L	L	L	-	-	L	L	-	-	L	L	L	L	L	-	-	-	-	L	L	L	L	L
D	D	D	D	D	-	-	D	D	D	D	-	-	D	D	D	-	-	D	D	-	-	-	D	D	-	-	-
E	E	L	L	-	-	E	E	-	-	-	L	L	L	-	-	E	E	L	-	-	E	E	L	L	-	-	-
D	D	D	L	L	-	-	-	D	D	D	D	-	-	-	-	-	-	D	D	D	D	-	-	-	D	D	L
D	D	L	L	-	-	-	E	E	D	D	-	-	-	E	E	L	-	-	-	-	-	E	E	E	E	E	D
D	D	-	-	-	E	E	E	E	E	E	-	-	-	D	L	L	L	L	-	-	-	-	-	-	E	E	E
E	E	E	E	E	-	-	-	-	-	E	E	D	D	L	-	-	-	E	E	E	E	D	L	-	-	-	-
-	-	-	E	D	-	-	-	D	D	D	L	L	L	-	-	-	L	L	-	-	-	D	D	L	L	L	L
-	-	-	D	-	-	-	E	D	-	-	D	L	L	L	-	-	-	-	-	-	-	E	-	-	-	-	-
-	-	-	-	-	-	-	D	-	-	E	-	-	-	E	E	-	-	-	-	-	E	E	E	-	-	-	E
-	-	D	L	L	-	-	-	-	-	E	L	L	-	-	-	E	L	-	-	-	-	-	-	D	-	-	-
Objective 0: 6435
Objective 1: 44
Constr violation: 0
Restrictions violated:
0 0 0 0 0 0 0 0 

Individual 12
1	2	3	4	5	6	7	8	9	10	11	12	13	14	15	16	17	18	19	20	21	22	23	24	25	26	27	28
E	E	E	E	D	-	-	-	E	E	E	E	E	-	-	E	D	-	-	-	-	D	D	D	-	-	E	E
L	L	L	L	L	-	-	-	L	L	L	-	-	-	L	L	-	-	L	L	L	L	L	-	-	-	L	L
L	L	L	L	-	-	L	L	L	L	L	-	-	-	-	D	D	D	D	-	-	-	-	-	D	D	L	L
E	E	E	E	-	-	-	-	D	D	-	-	D	D	D	D	D	-	-	E	E	-	-	E	E	D	-	-
D	D	-	-	E	E	L	-	-	E	E	E	-	-	E	L	L	-	-	E	E	E	-	-	E	E	-	-
L	L	L	L	L	-	-	-	E	L	L	-	-	E	E	L	L	-	-	-	-	L	L	-	-	-	E	E
E	E	E	E	-	-	E	L	-	-	E	E	E	L	L	-	-	L	L	-	-	L	L	L	-	-	-	-
-	-	-	-	L	L	L	L	-	-	L	L	-	-	L	L	L	L	L	-	-	-	-	L	L	L	L	L
-	-	D	D	D	-	-	D	D	D	D	D	-	-	D	D	D	-	-	D	D	-	-	D	D	D	-	-
E	E	L	L	-	-	E	E	-	-	-	L	L	L	-	-	E	E	L	-	-	E	E	L	L	-	-	-
D	D	D	L	L	-	-	-	D	D	D	D	D	D	-	-	-	D	D	D	D	D	L	-	-	-	-	-
D	D	L	L	-	-	-	E	E	D	D	-	-	-	E	E	L	-	-	-	-	-	E	E	E	E	E	D
D	D	-	-	-	E	E	E	E	E	E	-	-	-	D	L	L	L	L	-	-	-	-	-	-	E	E	E
E	E	E	E	E	-	-	-	-	-	E	E	D	D	L	-	-	-	E	E	E	E	D	L	-	-	-	-
-	-	-	-	E	D	D	D	D	L	-	-	-	-	-	E	E	E	E	-	-	-	D	D	L	L	L	L
-	-	-	D	-	-	-	E	D	-	-	D	L	L	L	-	-	-	-	-	-	-	E	-	-	-	-	-
-	-	-	D	-	-	D	-	-	E	D	-	-	-	-	-	-	E	D	-	-	E	E	D	-	-	-	-
-	-	D	L	L	-	-	-	-	-	E	L	L	-	-	-	E	L	-	-	-	-	-	-	D	-	-	-
Objective 0: 5830
Objective 1: 58
Constr violation: 0
Restrictions violated:
0 0 0 0 0 0 0 0 

Individual 13
1	2	3	4	5	6	7	8	9	10	11	12	13	14	15	16	17	18	19	20	21	22	23	24	25	26	27	28
E	E	E	E	D	-	-	-	E	E	E	E	E	-	-	-	E	D	D	-	-	D	D	D	-	-	E	E
L	L	L	L	L	-	-	-	L	L	L	-	-	-	L	L	-	-	L	L	L	L	L	-	-	-	L	L
L	L	L	L	-	-	L	L	L	L	L	-	-	-	-	D	D	D	D	-	-	-	-	-	D	D	L	L
E	E	E	E	-	-	-	-	D	D	-	-	D	D	D	D	D	-	-	E	E	-	-	E	E	D	-	-
D	D	-	-	E	E	L	-	-	E	E	E	-	-	E	L	L	-	-	E	E	E	-	-	E	E	-	-
L	L	L	L	L	-	-	-	E	L	L	-	-	E	E	L	L	-	-	-	-	L	L	-	-	-	E	E
E	E	E	E	-	-	E	L	-	-	E	E	E	L	L	-	-	L	L	-	-	L	L	L	-	-	-	-
-	-	-	-	L	L	L	L	-	-	L	L	-	-	L	L	L	L	L	-	-	-	-	L	L	L	L	L
D	D	D	D	D	-	-	D	D	D	D	-	-	D	D	D	-	-	D	D	-	-	-	D	D	-	-	-
L	L	-	-	E	E	E	E	L	-	-	E	E	L	-	-	E	E	E	-	-	E	E	E	E	-	-	-
D	D	D	L	L	-	-	-	D	D	D	D	D	D	-	-	-	D	D	D	D	D	L	-	-	-	-	-
D	D	L	L	-	-	-	E	E	D	D	-	-	-	E	E	L	-	-	-	-	-	E	E	E	E	E	D
D	D	-	-	-	E	E	E	E	E	E	-	-	-	D	L	L	L	L	-	-	-	-	-	-	E	E	E
E	E	E	E	E	-	-	-	-	-	E	E	D	D	L	-	-	-	E	E	E	E	D	L	-	-	-	-
-	-	-	-	E	D	D	D	D	L	-	-	-	-	-	E	E	E	E	-	-	-	D	D	L	L	L	L
-	-	-	D	-	-	-	E	D	-	-	D	L	L	L	-	-	-	-	-	-	-	E	-	-	-	-	-
-	-	-	-	-	-	-	D	-	-	E	-	-	-	E	E	-	-	-	-	-	E	E	E	-	-	-	E
-	-	D	L	L	-	-	-	-	-	E	L	L	-	-	-	E	L	-	-	-	-	-	-	D	-	-	-
Objective 0: 5628
Objective 1: 64
Constr violation: 0
Restrictions violated:
0 0 0 0 0 0 0 0 

Individual 14
1	2	3	4	5	6	7	8	9	10	11	12	13	14	15	16	17	18	19	20	21	22	23	24	25	26	27	28
E	E	E	E	D	-	-	-	E	E	E	E	E	-	-	-	E	D	D	-	-	D	D	D	-	-	E	E
L	L	L	L	L	-	-	-	L	L	L	-	-	-	L	L	-	-	L	L	L	L	L	-	-	-	L	L
L	L	L	L	-	-	L	L	L	L	L	-	-	-	-	D	D	D	D	-	-	-	-	-	D	D	L	L
E	E	E	E	-	-	-	-	D	D	-	-	D	D	D	D	D	-	-	E	E	-	-	E	E	D	-	-
D	D	D	L	-	-	-	E	E	-	-	D	D	D	D	-	-	E	E	E	D	D	-	-	E	E	-	-
L	L	L	L	L	-	-	-	E	L	L	-	-	E	E	L	L	-	-	-	-	L	L	-	-	-	E	E
E	E	E	E	-	-	E	L	-	-	E	E	E	L	L	-	-	L	L	-	-	L	L	L	-	-	-	-
-	-	-	-	L	L	L	L	-	-	L	L	-	-	L	L	L	L	L	-	-	-	-	L	L	L	L	L
D	D	D	D	D	-	-	D	D	D	D	-	-	D	D	D	-	-	D	D	-	-	-	D	D	-	-	-
E	E	L	L	-	-	E	E	-	-	-	L	L	L	-	-	E	E	L	-	-	E	E	L	L	-	-	-
D	D	D	L	L	-	-	-	D	D	D	D	-	-	-	-	-	-	D	D	D	D	-	-	-	D	D	L
D	D	L	L	-	-	-	E	E	D	D	-	-	-	E	E	L	-	-	-	-	-	E	E	E	E	E	D
D	D	-	-	-	E	E	E	E	E	E	-	-	-	D	L	L	L	L	-	-	-	-	-	-	E	E	E
E	E	E	E	E	-	-	-	-	-	E	E	D	D	L	-	-	-	E	E	E	E	D	L	-	-	-	-
-	-	-	-	E	D	D	D	D	L	-	-	-	-	-	E	E	E	E	-	-	-	D	D	L	L	L	L
-	-	-	D	-	-	-	E	D	-	-	D	L	L	L	-	-	-	-	-	-	-	E	-	-	-	-	-
-	-	-	-	-	-	-	D	-	-	E	-	-	-	E	E	-	-	-	-	-	E	E	E	-	-	-	E
-	-	D	L	L	-	-	-	-	-	E	L	L	-	-	-	E	L	-	-	-	-	-	-	D	-	-	-
Objective 0: 6132
Objective 1: 48
Constr violation: 0
Restrictions violated:
0 0 0 0 0 0 0 0 

Individual 15
1	2	3	4	5	6	7	8	9	10	11	12	13	14	15	16	17	18	19	20	21	22	23	24	25	26	27	28
E	E	E	E	D	-	-	-	E	E	E	E	E	-	-	-	E	D	D	-	-	D	D	D	-	-	E	E
L	L	L	L	L	-	-	-	L	L	L	-	-	-	L	L	-	-	L	L	L	L	L	-	-	-	L	L
L	L	L	L	-	-	L	L	L	L	L	-	-	-	-	D	D	D	D	-	-	-	-	-	D	D	L	L
E	E	E	E	-	-	-	-	D	D	-	-	D	D	D	D	D	-	-	E	E	-	-	E	E	D	-	-
D	D	-	-	E	E	L	-	-	E	E	E	-	-	E	L	L	-	-	E	E	E	-	-	E	E	-	-
L	L	L	L	L	-	-	-	E	L	L	-	-	E	E	L	L	-	-	-	-	L	L	-	-	-	E	E
E	E	E	E	-	-	E	L	-	-	E	E	E	L	L	-	-	L	L	-	-	L	L	L	-	-	-	-
-	-	-	-	L	L	L	L	-	-	L	L	-	-	L	L	L	L	L	-	-	-	-	L	L	L	L	L
-	-	D	D	D	-	-	D	D	D	D	D	-	-	D	D	D	-	-	D	D	-	-	D	D	D	-	-
L	L	-	-	E	E	E	E	L	-	-	E	E	L	-	-	E	E	E	-	-	E	E	E	E	-	-	-
D	D	D	L	L	-	-	-	D	D	D	D	D	D	-	-	-	D	D	D	D	D	L	-	-	-	-	-
D	D	L	L	-	-	-	E	E	D	D	-	-	-	E	E	L	-	-	-	-	-	E	E	E	E	E	D
D	D	-	-	-	E	E	E	E	E	E	-	-	-	D	L	L	L	L	-	-	-	-	-	-	E	E	E
E	E	E	E	E	-	-	-	-	-	E	E	D	D	L	-	-	-	E	E	E	E	D	L	-	-	-	-
-	-	-	-	E	D	D	D	D	L	-	-	-	-	-	E	E	E	E	-	-	-	D	D	L	L	L	L
-	-	-	D	-	-	-	E	D	-	-	D	L	L	L	-	-	-	-	-	-	-	E	-	-	-	-	-
-	-	-	-	-	-	-	D	-	-	E	-	-	-	E	E	-	-	-	-	-	E	E	E	-	-	-	E
-	-	D	L	L	-	-	-	-	-	E	L	L	-	-	-	E	L	-	-	-	-	-	-	D	-	-	-
Objective 0: 5527
Objective 1: 66
Constr violation: 0
Restrictions violated:
0 0 0 0 0 0 0 0 

Individual 16
1	2	3	4	5	6	7	8	9	10	11	12	13	14	15	16	17	18	19	20	21	22	23	24	25	26	27	28
E	E	E	E	D	-	-	-	E	E	E	E	E	-	-	-	E	D	D	-	-	D	D	D	-	-	E	E
L	L	L	L	L	-	-	-	L	L	L	-	-	-	L	L	-	-	L	L	L	L	L	-	-	-	L	L
L	L	L	L	-	-	L	L	L	L	L	-	-	-	-	D	D	D	D	-	-	-	-	-	D	D	L	L
E	E	E	E	-	-	-	-	D	D	-	-	D	D	D	D	D	-	-	E	E	-	-	E	E	D	-	-
D	D	-	-	E	E	L	-	-	E	E	E	-	-	E	L	L	-	-	E	E	E	-	-	E	E	-	-
L	L	L	L	L	-	-	-	E	L	L	-	-	E	E	L	L	-	-	-	-	L	L	-	-	-	E	E
E	E	E	E	-	-	E	L	-	-	E	E	E	L	L	-	-	L	L	-	-	L	L	L	-	-	-	-
-	-	-	-	L	L	L	L	-	-	L	L	-	-	L	L	L	L	L	-	-	-	-	L	L	L	L	L
D	D	D	D	D	-	-	D	D	D	D	-	-	D	D	D	-	-	D	D	-	-	-	D	D	-	-	-
L	L	-	-	E	E	E	E	L	-	-	E	E	L	-	-	E	E	E	-	-	E	E	E	E	-	-	-
D	D	D	L	L	-	-	-	D	D	D	D	D	D	-	-	-	D	D	D	D	D	L	-	-	-	-	-
D	D	L	L	-	-	-	E	E	D	D	-	-	-	E	E	L	-	-	-	-	-	E	E	E	E	E	D
D	D	-	-	-	E	E	E	E	E	E	-	-	-	D	L	L	L	L	-	-	-	-	-	-	E	E	E
E	E	E	E	E	-	-	-	-	-	E	E	D	D	L	-	-	-	E	E	E	E	D	L	-	-	-	-
-	-	-	-	E	D	D	D	D	L	-	-	-	-	-	E	E	E	E	-	-	-	D	D	L	L	L	L
-	-	-	D	-	-	-	E	D	-	-	D	L	L	L	-	-	-	-	-	-	-	E	-	-	-	-	-
-	-	-	-	-	-	-	D	-	-	E	-	-	-	E	E	-	-	-	-	-	E	E	E	-	-	-	E
-	-	D	L	L	-	-	-	-	-	E	L	L	-	-	-	E	L	-	-	-	-	-	-	D	-	-	-
Objective 0: 5628
Objective 1: 64
Constr violation: 0
Restrictions violated:
0 0 0 0 0 0 0 0 

Individual 17
1	2	3	4	5	6	7	8	9	10	11	12	13	14	15	16	17	18	19	20	21	22	23	24	25	26	27	28
E	E	E	E	D	-	-	-	E	E	E	E	E	-	-	-	E	D	D	-	-	D	D	D	-	-	E	E
L	L	L	L	L	-	-	-	L	L	L	-	-	-	L	L	-	-	L	L	L	L	L	-	-	-	L	L
L	L	L	L	-	-	L	L	L	L	L	-	-	-	-	D	D	D	D	-	-	-	-	-	D	D	L	L
E	E	E	E	-	-	-	-	D	D	-	-	D	D	D	D	D	-	-	E	E	-	-	E	E	D	-	-
D	D	D	L	-	-	-	E	E	-	-	D	D	D	D	-	-	E	E	E	D	D	-	-	E	E	-	-
L	L	L	L	L	-	-	-	E	L	L	-	-	E	E	L	L	-	-	-	-	L	L	-	-	-	E	E
E	E	E	E	-	-	E	L	-	-	E	E	E	L	L	-	-	L	L	-	-	L	L	L	-	-	-	-
-	-	-	-	L	L	L	L	-	-	L	L	-	-	L	L	L	L	L	-	-	-	-	L	L	L	L	L
D	D	D	D	D	-	-	D	D	D	D	-	-	D	D	D	-	-	D	D	-	-	-	D	D	-	-	-
E	E	L	L	-	-	E	E	-	-	-	L	L	L	-	-	E	E	L	-	-	E	E	L	L	-	-	-
D	D	D	L	L	-	-	-	D	D	D	D	-	-	-	-	-	-	D	D	D	D	-	-	-	D	D	L
D	D	L	L	-	-	-	E	E	D	D	-	-	-	E	E	L	-	-	-	-	-	E	E	E	E	E	D
D	D	-	-	-	E	E	E	E	E	E	-	-	-	D	L	L	L	L	-	-	-	-	-	-	E	E	E
E	E	E	E	E	-	-	-	-	-	E	E	D	D	L	-	-	-	E	E	E	E	D	L	-	-	-	-
-	-	-	-	E	D	D	D	D	L	-	-	-	-	-	E	E	E	E	-	-	-	D	D	L	L	L	L
-	-	-	D	-	-	-	E	D	-	-	D	L	L	L	-	-	-	-	-	-	-	E	-	-	-	-	-
-	-	-	-	-	-	-	D	-	-	E	-	-	-	E	E	-	-	-	-	-	E	E	E	-	-	-	E
-	-	D	L	L	-	-	-	-	-	E	L	L	-	-	-	E	L	-	-	-	-	-	-	D	-	-	-
Objective 0: 6132
Objective 1: 48
Constr violation: 0
Restrictions violated:
0 0 0 0 0 0 0 0 

Individual 18
1	2	3	4	5	6	7	8	9	10	11	12	13	14	15	16	17	18	19	20	21	22	23	24	25	26	27	28
E	E	E	E	D	-	-	-	E	E	E	E	E	-	-	-	E	D	D	-	-	D	D	D	-	-	E	E
L	L	L	L	L	-	-	-	L	L	L	-	-	-	L	L	-	-	L	L	L	L	L	-	-	-	L	L
L	L	L	L	-	-	L	L	L	L	L	-	-	-	-	D	D	D	D	-	-	-	-	-	D	D	L	L
E	E	E	-	-	-	-	D	D	D	-	-	D	D	D	D	D	-	-	E	E	-	-	E	E	D	-	-
D	D	D	L	-	-	-	E	E	-	-	D	D	D	D	-	-	E	E	E	D	D	-	-	E	E	-	-
L	L	L	L	L	-	-	-	E	L	L	-	-	E	E	L	L	-	-	-	-	L	L	-	-	-	E	E
E	E	E	E	-	-	E	L	-	-	E	E	E	L	L	-	-	L	L	-	-	L	L	L	-	-	-	-
-	-	-	-	L	L	L	L	-	-	L	L	-	-	L	L	L	L	L	-	-	-	-	L	L	L	L	L
D	D	D	D	D	-	-	D	D	D	D	-	-	D	D	D	-	-	D	D	-	-	-	D	D	-	-	-
E	E	L	L	-	-	E	E	-	-	-	L	L	L	-	-	E	E	L	-	-	E	E	L	L	-	-	-
D	D	D	L	L	-	-	-	D	D	D	D	-	-	-	-	-	-	D	D	D	D	-	-	-	D	D	L
D	D	L	L	-	-	-	E	E	D	D	-	-	-	E	E	L	-	-	-	-	-	E	E	E	E	E	D
D	D	-	-	-	E	E	E	E	E	E	-	-	-	D	L	L	L	L	-	-	-	-	-	-	E	E	E
E	E	E	E	E	-	-	-	-	-	E	E	D	D	L	-	-	-	E	E	E	E	D	L	-	-	-	-
-	-	-	E	D	-	-	-	D	D	D	L	L	L	-	-	-	L	L	-	-	-	D	D	L	L	L	L
-	-	-	D	-	-	-	E	D	-	-	D	L	L	L	-	-	-	-	-	-	-	E	-	-	-	-	-
-	-	-	-	-	-	-	D	-	-	E	-	-	-	E	E	-	-	-	-	-	E	E	E	-	-	-	E
-	-	D	L	L	-	-	-	-	-	E	L	L	-	-	-	E	L	-	-	-	-	-	-	D	-	-	-
Objective 0: 6435
Objective 1: 44
Constr violation: 0
Restrictions violated:
0 0 0 0 0 0 0 0 

Individual 19
1	2	3	4	5	6	7	8	9	10	11	12	13	14	15	16	17	18	19	20	21	22	23	24	25	26	27	28
E	E	E	E	D	-	-	-	E	E	E	E	E	-	-	-	E	D	D	-	-	D	D	D	-	-	E	E
L	L	L	L	L	-	-	-	L	L	L	-	-	-	L	L	-	-	L	L	L	L	L	-	-	-	L	L
L	L	L	L	-	-	L	L	L	L	L	-	-	-	-	D	D	D	D	-	-	-	-	-	D	D	L	L
E	E	E	-	-	-	-	D	D	D	-	-	D	D	D	D	D	-	-	E	E	-	-	E	E	D	-	-
D	D	D	L	-	-	-	E	E	-	-	D	D	D	D	-	-	E	E	E	D	D	-	-	E	E	-	-
L	L	L	L	L	-	-	-	E	L	L	-	-	E	E	L	L	-	-	-	-	L	L	-	-	-	E	E
E	E	E	E	-	-	E	L	-	-	E	E	E	L	L	-	-	L	L	-	-	L	L	L	-	-	-	-
-	-	-	-	L	L	L	L	-	-	L	L	-	-	L	L	L	L	L	-	-	-	-	L	L	L	L	L
D	D	D	D	D	-	-	D	D	D	D	-	-	D	D	D	-	-	D	D	-	-	-	D	D	-	-	-
E	E	L	L	-	-	E	E	-	-	-	L	L	L	-	-	E	E	L	-	-	E	E	L	L	-	-	-
D	D	D	L	L	-	-	-	D	D	D	D	-	-	-	-	-	-	D	D	D	D	-	-	-	D	D	L
D	D	L	L	-	-	-	E	E	D	D	-	-	-	E	E	L	-	-	-	-	-	E	E	E	E	E	D
D	D	-	-	-	E	E	E	E	E	E	-	-	-	D	L	L	L	L	-	-	-	-	-	-	E	E	E
E	E	E	E	E	-	-	-	-	-	E	E	D	D	L	-	-	-	E	E	E	E	D	L	-	-	-	-
-	-	-	E	D	-	-	-	D	D	D	L	L	L	-	-	-	L	L	-	-	-	D	D	L	L	L	L
-	-	-	D	-	-	-	E	D	-	-	D	L	L	L	-	-	-	-	-	-	-	E	-	-	-	-	-
-	-	-	-	-	-	-	D	-	-	E	-	-	-	E	E	-	-	-	-	-	E	E	E	-	-	-	E
-	-	D	L	L	-	-	-	-	-	E	L	L	-	-	-	E	L	-	-	-	-	-	-	D	-	-	-
Objective 0: 6435
Objective 1: 44
Constr violation: 0
Restrictions violated:
0 0 0 0 0 0 0 0 

