Individual 0
1	2	3	4	5	6	7	8	9	10	11	12	13	14	15	16	17	18	19	20	21	22	23	24	25	26	27	28
E	E	E	E	E	-	-	E	D	-	-	-	E	E	E	E	D	-	-	-	D	D	D	D	-	-	-	-
L	L	L	L	L	-	-	L	L	L	L	L	-	-	-	-	-	-	L	L	L	L	L	-	-	-	L	L
D	D	D	D	D	-	-	L	L	L	-	-	-	-	-	-	-	D	D	D	D	L	-	-	-	D	D	D
D	D	D	-	-	-	E	E	E	E	-	-	-	-	E	D	D	D	D	-	-	-	-	-	E	E	E	D
D	D	D	D	D	-	-	-	D	D	D	D	-	-	-	-	E	E	E	E	E	-	-	-	E	E	L	-
E	E	L	L	L	-	-	E	L	L	-	-	-	L	L	L	L	-	-	-	-	-	-	-	L	L	L	L
-	E	E	E	E	E	-	-	E	E	E	E	E	-	-	-	-	E	E	-	-	L	L	L	L	-	-	-
-	-	L	L	L	L	L	-	-	-	L	L	-	-	L	L	L	L	L	-	-	-	L	L	L	L	L	-
-	-	-	D	D	-	-	-	-	-	-	D	D	D	D	D	-	-	-	-	-	-	-	D	D	D	D	-
L	L	L	L	L	-	-	-	-	E	E	E	L	L	-	-	E	L	L	L	L	-	-	-	E	E	-	-
-	D	D	L	L	L	L	-	-	-	D	D	D	D	D	-	-	-	-	-	-	D	D	D	D	L	-	-
D	D	L	-	-	-	-	D	D	L	L	-	-	-	E	E	E	E	L	L	-	-	-	E	E	E	D	D
-	-	-	E	E	E	E	D	-	-	-	E	E	D	D	L	L	-	-	-	-	E	E	E	D	L	-	-
E	E	E	E	-	-	-	E	E	E	E	E	-	-	-	-	-	-	E	E	E	E	E	-	-	-	D	D
-	-	E	D	D	D	D	L	-	-	-	E	L	L	L	L	L	-	-	-	-	D	D	D	L	-	-	-
-	-	-	-	-	-	-	-	D	D	-	-	-	-	-	-	-	-	E	-	-	E	E	D	-	-	E	E
-	-	-	-	E	E	D	D	-	-	-	-	-	-	E	E	-	-	-	-	-	E	E	E	-	-	-	-
-	-	-	-	D	-	-	-	-	-	-	-	E	E	D	D	L	-	-	-	-	-	E	E	-	-	-	-
Objective 0: 4310
Objective 1: 36
Constr violation: -2
Restrictions violated:
1 0 0 0 0 0 0 1 

Individual 1
1	2	3	4	5	6	7	8	9	10	11	12	13	14	15	16	17	18	19	20	21	22	23	24	25	26	27	28
E	E	E	E	E	-	-	E	D	-	-	-	E	E	E	E	D	-	-	-	D	D	D	D	-	-	-	-
L	L	L	L	L	-	-	L	L	L	L	L	-	-	-	-	-	-	L	L	L	L	L	-	-	-	L	L
D	D	D	D	D	-	-	L	L	L	-	-	-	-	-	-	-	D	D	D	D	L	-	-	-	D	D	D
D	D	D	-	-	-	E	E	E	E	-	-	-	-	E	D	D	D	D	-	-	-	-	-	E	E	E	D
L	L	L	L	-	-	-	-	D	D	D	D	-	-	-	-	E	E	E	E	E	-	-	-	E	E	L	-
E	E	L	L	L	-	-	E	L	L	-	-	-	L	L	L	L	-	-	-	-	-	-	-	L	L	L	L
-	E	E	E	E	E	-	-	E	E	E	E	E	-	-	-	-	E	E	-	-	L	L	L	L	-	-	-
-	-	L	L	L	L	L	-	-	-	L	L	-	-	L	L	L	L	L	-	-	-	L	L	L	L	L	-
-	-	-	D	D	-	-	-	-	-	-	D	D	D	D	D	-	-	-	-	-	-	-	D	D	D	D	-
L	L	L	L	L	-	-	-	E	E	E	L	L	-	-	-	E	L	L	L	L	-	-	-	E	E	-	-
-	D	D	L	L	L	L	-	-	-	D	D	D	D	D	-	-	-	-	-	-	D	D	D	D	L	-	-
D	D	L	-	-	-	-	D	D	D	D	-	-	-	E	E	E	E	L	L	-	-	-	E	E	E	D	D
-	-	-	E	E	E	E	D	-	-	-	E	E	D	D	L	L	-	-	-	-	E	E	E	D	L	-	-
E	E	E	E	-	-	-	E	E	E	E	E	-	-	-	-	-	-	E	E	E	E	E	-	-	-	D	D
-	-	E	D	D	D	D	L	-	-	-	E	L	L	L	L	L	-	-	-	-	D	D	D	L	-	-	-
-	-	-	-	-	-	-	-	D	D	-	-	-	-	-	-	-	-	E	-	-	E	E	D	-	-	E	E
-	-	-	-	E	E	D	D	-	-	-	-	-	-	E	E	-	-	-	-	-	-	-	E	E	E	-	-
D	D	D	L	-	-	-	-	-	-	L	L	L	L	L	-	-	-	-	-	-	-	-	-	-	-	-	-
Objective 0: 5320
Objective 1: 22
Constr violation: -2
Restrictions violated:
1 0 0 0 0 0 0 1 

Individual 2
1	2	3	4	5	6	7	8	9	10	11	12	13	14	15	16	17	18	19	20	21	22	23	24	25	26	27	28
E	E	E	E	E	-	-	E	D	-	-	-	E	E	E	E	D	-	-	-	D	D	D	D	-	-	-	-
L	L	L	L	L	-	-	L	L	L	L	L	-	-	-	-	-	-	L	L	L	L	L	-	-	-	L	L
D	D	D	D	D	-	-	L	L	L	-	-	-	-	-	-	-	D	D	D	D	L	-	-	-	D	D	D
D	D	D	-	-	-	E	E	E	E	-	-	-	-	E	D	D	D	D	-	-	-	-	-	E	E	E	D
L	L	L	L	-	-	-	-	D	D	D	D	-	-	-	-	E	E	E	E	E	-	-	-	E	E	L	-
E	E	L	L	L	-	-	E	L	L	-	-	-	L	L	L	L	-	-	-	-	-	-	-	L	L	L	L
-	E	E	E	E	E	-	-	E	E	E	E	E	-	-	-	-	E	E	-	-	L	L	L	L	-	-	-
-	-	L	L	L	L	L	-	-	-	L	L	-	-	L	L	L	L	L	-	-	-	L	L	L	L	L	-
-	-	-	D	D	-	-	-	-	-	-	D	D	D	D	D	-	-	-	-	-	-	-	D	D	D	D	-
L	L	L	L	L	-	-	-	E	E	E	L	L	-	-	-	E	L	L	L	L	-	-	-	E	E	-	-
-	D	D	L	L	L	L	-	-	-	D	D	D	D	D	-	-	-	-	-	-	D	D	D	D	L	-	-
D	D	L	-	-	-	-	D	D	D	D	-	-	-	E	E	E	E	L	L	-	-	-	E	E	E	D	D
-	-	-	E	E	E	E	D	-	-	-	E	E	D	D	L	L	-	-	-	-	E	E	E	D	L	-	-
E	E	E	E	-	-	-	E	E	E	E	E	-	-	-	-	-	-	E	E	E	E	E	-	-	-	D	D
-	-	E	D	D	D	D	L	-	-	-	E	L	L	L	L	L	-	-	-	-	D	D	D	L	-	-	-
-	-	-	-	-	-	-	-	D	D	L	-	-	-	-	-	-	-	E	-	-	E	E	D	-	-	E	E
-	-	-	-	E	E	D	D	-	-	-	-	-	-	E	E	-	-	-	-	-	E	E	E	-	-	-	-
-	-	-	-	D	-	-	-	-	-	-	-	E	E	D	D	L	-	-	-	-	-	E	E	-	-	-	-
Objective 0: 4815
Objective 1: 30
Constr violation: -2
Restrictions violated:
1 0 0 0 0 0 0 1 

Individual 3
1	2	3	4	5	6	7	8	9	10	11	12	13	14	15	16	17	18	19	20	21	22	23	24	25	26	27	28
E	E	E	E	E	-	-	E	D	-	-	-	E	E	E	E	D	-	-	-	D	D	D	D	-	-	-	-
L	L	L	L	L	-	-	L	L	L	L	L	-	-	-	-	-	-	L	L	L	L	L	-	-	-	L	L
D	D	D	D	D	-	-	L	L	L	-	-	-	-	-	-	-	D	D	D	D	L	-	-	-	D	D	D
D	D	D	-	-	-	E	E	E	E	-	-	-	-	E	D	D	D	D	-	-	-	-	-	E	E	E	D
D	D	D	D	D	-	-	-	D	D	D	D	-	-	-	-	E	E	E	E	E	-	-	-	E	E	L	-
E	E	L	L	L	-	-	E	L	L	-	-	-	L	L	L	L	-	-	-	-	-	-	-	L	L	L	L
-	E	E	E	E	E	-	-	E	E	E	E	E	-	-	-	-	E	E	-	-	L	L	L	L	-	-	-
-	-	L	L	L	L	L	-	-	-	L	L	-	-	L	L	L	L	L	-	-	-	L	L	L	L	L	-
-	-	-	D	D	-	-	-	-	-	-	D	D	D	D	D	-	-	-	-	-	-	-	D	D	D	D	-
L	L	L	L	L	-	-	-	E	E	E	L	L	-	-	-	E	L	L	L	L	-	-	-	E	E	-	-
-	D	D	L	L	L	L	-	-	-	D	D	D	D	D	-	-	-	-	-	-	D	D	D	D	L	-	-
D	D	L	-	-	-	-	D	D	L	L	-	-	-	E	E	E	E	L	L	-	-	-	E	E	E	D	D
-	-	-	E	E	E	E	D	-	-	-	E	E	D	D	L	L	-	-	-	-	E	E	E	D	L	-	-
E	E	E	E	-	-	-	E	E	E	E	E	-	-	-	-	-	-	E	E	E	E	E	-	-	-	D	D
-	-	E	D	D	D	D	L	-	-	-	E	D	L	L	L	L	-	-	-	-	D	D	D	L	-	-	-
-	-	-	-	-	-	-	-	D	D	L	-	-	-	-	-	-	-	E	-	-	E	E	D	-	-	E	E
-	-	-	-	E	E	D	D	-	-	-	-	-	-	E	E	-	-	-	-	-	E	E	E	-	-	-	-
-	-	-	-	D	-	-	-	-	-	-	-	E	E	D	D	L	-	-	-	-	-	E	E	-	-	-	-
Objective 0: 4513
Objective 1: 33
Constr violation: -2
Restrictions violated:
1 0 0 0 0 0 0 1 

Individual 4
1	2	3	4	5	6	7	8	9	10	11	12	13	14	15	16	17	18	19	20	21	22	23	24	25	26	27	28
E	E	E	E	E	-	-	E	D	-	-	-	E	E	E	E	D	-	-	-	D	D	D	D	-	-	-	-
L	L	L	L	L	-	-	L	L	L	L	L	-	-	-	-	-	-	L	L	L	L	L	-	-	-	L	L
D	D	D	D	D	-	-	L	L	L	-	-	-	-	-	-	-	D	D	D	D	L	-	-	-	D	D	D
D	D	D	-	-	-	E	E	E	E	-	-	-	-	E	D	D	D	D	-	-	-	-	-	E	E	E	D
D	D	D	D	D	-	-	-	D	D	D	D	-	-	-	-	E	E	E	E	E	-	-	-	E	E	L	-
E	E	L	L	L	-	-	E	L	L	-	-	-	L	L	L	L	-	-	-	-	-	-	-	L	L	L	L
-	E	E	E	E	E	-	-	E	E	E	E	E	-	-	-	-	E	E	-	-	L	L	L	L	-	-	-
-	-	L	L	L	L	L	-	-	-	L	L	-	-	L	L	L	L	L	-	-	-	L	L	L	L	L	-
-	-	-	D	D	-	-	-	-	-	-	D	D	D	D	D	-	-	-	-	-	-	-	D	D	D	D	-
L	L	L	L	L	-	-	-	E	E	E	L	L	-	-	-	E	L	L	L	L	-	-	-	E	E	-	-
-	D	D	L	L	L	L	-	-	-	D	D	D	D	D	-	-	-	-	-	-	D	D	D	D	L	-	-
D	D	L	-	-	-	-	D	D	D	D	-	-	-	E	E	E	E	L	L	-	-	-	E	E	E	D	D
-	-	-	E	E	E	E	D	-	-	-	E	E	D	D	L	L	-	-	-	-	E	E	E	D	L	-	-
E	E	E	E	-	-	-	E	E	E	E	E	-	-	-	-	-	-	E	E	E	E	E	-	-	-	D	D
-	-	E	D	D	D	D	L	-	-	-	E	L	L	L	L	L	-	-	-	-	D	D	D	L	-	-	-
-	-	-	-	-	-	-	-	D	D	L	-	-	-	-	-	-	-	E	-	-	E	E	D	-	-	E	E
-	-	-	-	E	E	D	D	-	-	-	-	-	-	E	E	-	-	-	-	-	E	E	E	-	-	-	-
D	D	D	L	-	-	-	-	-	-	L	L	L	L	L	-	-	-	-	-	-	-	-	-	-	-	-	-
Objective 0: 5120
Objective 1: 26
Constr violation: -2
Restrictions violated:
1 0 0 0 0 0 0 1 

Individual 5
1	2	3	4	5	6	7	8	9	10	11	12	13	14	15	16	17	18	19	20	21	22	23	24	25	26	27	28
E	E	E	E	E	-	-	E	D	-	-	-	E	E	E	E	D	-	-	-	D	D	D	D	-	-	-	-
L	L	L	L	L	-	-	L	L	L	L	L	-	-	-	-	-	-	L	L	L	L	L	-	-	-	L	L
D	D	D	D	D	-	-	L	L	L	-	-	-	-	-	-	-	D	D	D	D	L	-	-	-	D	D	D
D	D	D	-	-	-	E	E	E	E	-	-	-	-	E	D	D	D	D	-	-	-	-	-	E	E	E	D
D	D	D	D	D	-	-	-	D	D	D	D	-	-	-	-	E	E	E	E	E	-	-	-	E	E	L	-
E	E	L	L	L	-	-	E	L	L	-	-	-	L	L	L	L	-	-	-	-	-	-	-	L	L	L	L
-	E	E	E	E	E	-	-	E	E	E	E	E	-	-	-	-	E	E	-	-	L	L	L	L	-	-	-
-	-	L	L	L	L	L	-	-	-	L	L	-	-	L	L	L	L	L	-	-	-	L	L	L	L	L	-
-	-	-	D	D	-	-	-	-	-	-	D	D	D	D	D	-	-	-	-	-	-	-	D	D	D	D	-
L	L	L	L	L	-	-	-	E	E	E	L	L	-	-	-	E	L	L	L	L	-	-	-	E	E	-	-
-	D	D	L	L	L	L	-	-	-	D	D	D	D	D	-	-	-	-	-	-	D	D	D	D	L	-	-
D	D	L	-	-	-	-	D	D	L	L	-	-	-	E	E	E	E	L	L	-	-	-	E	E	E	D	D
-	-	-	E	E	E	E	D	-	-	-	E	E	D	D	L	L	-	-	-	-	E	E	E	D	L	-	-
E	E	E	E	-	-	-	E	E	E	E	E	-	-	-	-	-	-	E	E	E	E	E	-	-	-	D	D
-	-	E	D	D	D	D	L	-	-	-	E	L	L	L	L	L	-	-	-	-	D	D	D	L	-	-	-
-	-	-	-	-	-	-	-	D	D	L	-	-	-	-	-	-	-	E	-	-	E	E	D	-	-	E	E
-	-	-	-	E	E	D	D	-	-	-	-	-	-	E	E	-	-	-	-	-	-	-	E	E	E	-	-
D	D	D	L	-	-	-	-	-	-	L	L	L	L	L	-	-	-	-	-	-	-	-	-	-	-	-	-
Objective 0: 5221
Objective 1: 25
Constr violation: -2
Restrictions violated:
1 0 0 0 0 0 0 1 

Individual 6
1	2	3	4	5	6	7	8	9	10	11	12	13	14	15	16	17	18	19	20	21	22	23	24	25	26	27	28
E	E	E	E	E	-	-	E	D	-	-	-	E	E	E	E	D	-	-	-	D	D	D	D	-	-	-	-
L	L	L	L	L	-	-	L	L	L	L	L	-	-	-	-	-	-	L	L	L	L	L	-	-	-	L	L
D	D	D	D	D	-	-	L	L	L	-	-	-	-	-	-	-	D	D	D	D	L	-	-	-	D	D	D
D	D	D	-	-	-	E	E	E	E	-	-	-	-	E	D	D	D	D	-	-	-	-	-	E	E	E	D
L	L	L	L	-	-	-	-	D	D	D	D	-	-	-	-	E	E	E	E	E	-	-	-	E	E	L	-
E	E	L	L	L	-	-	E	L	L	-	-	-	L	L	L	L	-	-	-	-	-	-	-	L	L	L	L
-	E	E	E	E	E	-	-	E	E	E	E	E	-	-	-	-	E	E	-	-	L	L	L	L	-	-	-
-	-	L	L	L	L	L	-	-	-	L	L	-	-	L	L	L	L	L	-	-	-	L	L	L	L	L	-
-	-	-	D	D	-	-	-	-	-	-	D	D	D	D	D	-	-	-	-	-	-	-	D	D	D	D	-
L	L	L	L	L	-	-	-	-	E	E	E	L	L	-	-	E	L	L	L	L	-	-	-	E	E	-	-
-	D	D	L	L	L	L	-	-	-	D	D	D	D	D	-	-	-	-	-	-	D	D	D	D	L	-	-
D	D	L	-	-	-	-	D	D	L	L	-	-	-	E	E	E	E	L	L	-	-	-	E	E	E	D	D
-	-	-	E	E	E	E	D	-	-	-	E	E	D	D	L	L	-	-	-	-	E	E	E	D	L	-	-
E	E	E	E	-	-	-	E	E	E	E	E	-	-	-	-	-	-	E	E	E	E	E	-	-	-	D	D
-	-	E	D	D	D	D	L	-	-	-	E	L	L	L	L	L	-	-	-	-	D	D	D	L	-	-	-
-	-	-	-	-	-	-	-	D	D	-	-	-	-	-	-	-	-	E	-	-	E	E	D	-	-	E	E
-	-	-	-	E	E	D	D	-	-	-	-	-	-	E	E	-	-	-	-	-	E	E	E	-	-	-	-
-	-	-	-	D	-	-	-	-	-	-	-	E	E	D	D	L	-	-	-	-	-	E	E	-	-	-	-
Objective 0: 4511
Objective 1: 35
Constr violation: -2
Restrictions violated:
1 0 0 0 0 0 0 1 

Individual 7
1	2	3	4	5	6	7	8	9	10	11	12	13	14	15	16	17	18	19	20	21	22	23	24	25	26	27	28
E	E	E	E	E	-	-	E	D	-	-	-	E	E	E	E	D	-	-	-	D	D	D	D	-	-	-	-
L	L	L	L	L	-	-	L	L	L	L	L	-	-	-	-	-	-	L	L	L	L	L	-	-	-	L	L
D	D	D	D	D	-	-	L	L	L	-	-	-	-	-	-	-	D	D	D	D	L	-	-	-	D	D	D
D	D	D	-	-	-	E	E	E	E	-	-	-	-	E	D	D	D	D	-	-	-	-	-	E	E	E	D
D	D	D	D	D	-	-	-	D	D	D	D	-	-	-	-	E	E	E	E	E	-	-	-	E	E	L	-
E	E	L	L	L	-	-	E	L	L	-	-	-	L	L	L	L	-	-	-	-	-	-	-	L	L	L	L
-	E	E	E	E	E	-	-	E	E	E	E	E	-	-	-	-	E	E	-	-	L	L	L	L	-	-	-
-	-	L	L	L	L	L	-	-	-	L	L	-	-	L	L	L	L	L	-	-	-	L	L	L	L	L	-
-	-	-	D	D	-	-	-	-	-	-	D	D	D	D	D	-	-	-	-	-	-	-	D	D	D	D	-
L	L	L	L	L	-	-	-	-	E	E	E	L	L	-	-	E	L	L	L	L	-	-	-	E	E	-	-
-	D	D	L	L	L	L	-	-	-	D	D	D	D	D	-	-	-	-	-	-	D	D	D	D	L	-	-
D	D	L	-	-	-	-	D	D	L	L	-	-	-	E	E	E	E	L	L	-	-	-	E	E	E	D	D
-	-	-	E	E	E	E	D	-	-	-	E	E	D	D	L	L	-	-	-	-	E	E	E	D	L	-	-
E	E	E	E	-	-	-	E	E	E	E	E	-	-	-	-	-	-	E	E	E	E	E	-	-	-	D	D
-	-	E	D	D	D	D	L	-	-	-	E	L	L	L	L	L	-	-	-	-	D	D	D	L	-	-	-
-	-	-	-	-	-	-	-	D	D	-	-	-	-	-	-	-	-	E	-	-	E	E	D	-	-	E	E
-	-	-	-	E	E	D	D	-	-	-	-	-	-	E	E	-	-	-	-	-	-	-	E	E	E	-	-
D	D	D	L	-	-	-	-	-	-	L	L	L	L	L	-	-	-	-	-	-	-	-	-	-	-	-	-
Objective 0: 5018
Objective 1: 28
Constr violation: -2
Restrictions violated:
1 0 0 0 0 0 0 1 

Individual 8
1	2	3	4	5	6	7	8	9	10	11	12	13	14	15	16	17	18	19	20	21	22	23	24	25	26	27	28
E	E	E	E	E	-	-	E	D	-	-	-	E	E	E	E	D	-	-	-	D	D	D	D	-	-	-	-
L	L	L	L	L	-	-	L	L	L	L	L	-	-	-	-	-	-	L	L	L	L	L	-	-	-	L	L
D	D	D	D	D	-	-	L	L	L	-	-	-	-	-	-	-	D	D	D	D	L	-	-	-	D	D	D
D	D	D	-	-	-	E	E	E	E	-	-	-	-	E	D	D	D	D	-	-	-	-	-	E	E	E	D
L	L	L	L	-	-	-	-	D	D	D	D	-	-	-	-	E	E	E	E	E	-	-	-	E	E	L	-
E	E	L	L	L	-	-	E	L	L	-	-	-	L	L	L	L	-	-	-	-	-	-	-	L	L	L	L
-	E	E	E	E	E	-	-	E	E	E	E	E	-	-	-	-	E	E	-	-	L	L	L	L	-	-	-
-	-	L	L	L	L	L	-	-	-	L	L	-	-	L	L	L	L	L	-	-	-	L	L	L	L	L	-
-	-	-	D	D	-	-	-	-	-	-	D	D	D	D	D	-	-	-	-	-	-	-	D	D	D	D	-
L	L	L	L	L	-	-	-	E	E	E	L	L	-	-	-	E	L	L	L	L	-	-	-	E	E	-	-
-	D	D	L	L	L	L	-	-	-	D	D	D	D	D	-	-	-	-	-	-	D	D	D	D	L	-	-
D	D	L	-	-	-	-	D	D	D	D	-	-	-	E	E	E	E	L	L	-	-	-	E	E	E	D	D
-	-	-	E	E	E	E	D	-	-	-	E	E	D	D	L	L	-	-	-	-	E	E	E	D	L	-	-
E	E	E	E	-	-	-	E	E	E	E	E	-	-	-	-	-	-	E	E	E	E	E	-	-	-	D	D
-	-	E	D	D	D	D	L	-	-	-	E	L	L	L	L	L	-	-	-	-	D	D	D	L	-	-	-
-	-	-	-	-	-	-	-	D	D	-	-	-	-	-	-	-	-	E	-	-	E	E	D	-	-	E	E
-	-	-	-	E	E	D	D	-	-	-	-	-	-	E	E	-	-	-	-	-	E	E	E	-	-	-	-
-	-	-	-	D	-	-	-	-	-	-	-	E	E	D	D	L	-	-	-	-	-	E	E	-	-	-	-
Objective 0: 4915
Objective 1: 30
Constr violation: -2
Restrictions violated:
1 0 0 0 0 0 0 1 

Individual 9
1	2	3	4	5	6	7	8	9	10	11	12	13	14	15	16	17	18	19	20	21	22	23	24	25	26	27	28
E	E	E	E	E	-	-	E	D	-	-	-	E	E	E	E	D	-	-	-	D	D	D	D	-	-	-	-
L	L	L	L	L	-	-	L	L	L	L	L	-	-	-	-	-	-	L	L	L	L	L	-	-	-	L	L
D	D	D	D	D	-	-	L	L	L	-	-	-	-	-	-	-	D	D	D	D	L	-	-	-	D	D	D
D	D	D	-	-	-	E	E	E	E	-	-	-	-	E	D	D	D	D	-	-	-	-	-	E	E	E	D
L	L	L	L	-	-	-	-	D	D	D	D	-	-	-	-	E	E	E	E	E	-	-	-	E	E	L	-
E	E	L	L	L	-	-	E	L	L	-	-	-	L	L	L	L	-	-	-	-	-	-	-	L	L	L	L
-	E	E	E	E	E	-	-	E	E	E	E	E	-	-	-	-	E	E	-	-	L	L	L	L	-	-	-
-	-	L	L	L	L	L	-	-	-	L	L	-	-	L	L	L	L	L	-	-	-	L	L	L	L	L	-
-	-	-	D	D	-	-	-	-	-	-	D	D	D	D	D	-	-	-	-	-	-	-	D	D	D	D	-
L	L	L	L	L	-	-	-	E	E	E	L	L	-	-	-	E	L	L	L	L	-	-	-	E	E	-	-
-	D	D	L	L	L	L	-	-	-	D	D	D	D	D	-	-	-	-	-	-	D	D	D	D	L	-	-
D	D	L	-	-	-	-	D	D	D	D	-	-	-	E	E	E	E	L	L	-	-	-	E	E	E	D	D
-	-	-	E	E	E	E	D	-	-	-	E	E	D	D	L	L	-	-	-	-	E	E	E	D	L	-	-
E	E	E	E	-	-	-	E	E	E	E	E	-	-	-	-	-	-	E	E	E	E	E	-	-	-	D	D
-	-	E	D	D	D	D	L	-	-	-	E	L	L	L	L	L	-	-	-	-	D	D	D	L	-	-	-
-	-	-	-	-	-	-	-	D	D	-	-	-	-	-	-	-	-	E	-	-	E	E	D	-	-	E	E
-	-	-	-	E	E	D	D	-	-	-	-	-	-	E	E	-	-	-	-	-	-	-	E	E	E	-	-
-	-	-	-	D	-	-	-	-	-	-	-	E	E	D	D	L	-	-	-	-	-	E	E	-	-	-	-
Objective 0: 5117
Objective 1: 27
Constr violation: -2
Restrictions violated:
1 0 0 0 0 0 0 1 

Individual 10
1	2	3	4	5	6	7	8	9	10	11	12	13	14	15	16	17	18	19	20	21	22	23	24	25	26	27	28
E	E	E	E	E	-	-	E	D	-	-	-	E	E	E	E	D	-	-	-	D	D	D	D	-	-	-	-
L	L	L	L	L	-	-	L	L	L	L	L	-	-	-	-	-	-	L	L	L	L	L	-	-	-	L	L
D	D	D	D	D	-	-	L	L	L	-	-	-	-	-	-	-	D	D	D	D	L	-	-	-	D	D	D
D	D	D	-	-	-	E	E	E	E	-	-	-	-	E	D	D	D	D	-	-	-	-	-	E	E	E	D
L	L	L	L	-	-	-	-	D	D	D	D	-	-	-	-	E	E	E	E	E	-	-	-	E	E	L	-
E	E	L	L	L	-	-	E	L	L	-	-	-	L	L	L	L	-	-	-	-	-	-	-	L	L	L	L
-	E	E	E	E	E	-	-	E	E	E	E	E	-	-	-	-	E	E	-	-	L	L	L	L	-	-	-
-	-	L	L	L	L	L	-	-	-	L	L	-	-	L	L	L	L	L	-	-	-	L	L	L	L	L	-
-	-	-	D	D	-	-	-	-	-	-	D	D	D	D	D	-	-	-	-	-	-	-	D	D	D	D	-
L	L	L	L	L	-	-	-	-	E	E	E	L	L	-	-	E	L	L	L	L	-	-	-	E	E	-	-
-	D	D	L	L	L	L	-	-	-	D	D	D	D	D	-	-	-	-	-	-	D	D	D	D	L	-	-
D	D	L	-	-	-	-	D	D	L	L	-	-	-	E	E	E	E	L	L	-	-	-	E	E	E	D	D
-	-	-	E	E	E	E	D	-	-	-	E	E	D	D	L	L	-	-	-	-	E	E	E	D	L	-	-
E	E	E	E	-	-	-	E	E	E	E	E	-	-	-	-	-	-	E	E	E	E	E	-	-	-	D	D
-	-	E	D	D	D	D	L	-	-	-	E	L	L	L	L	L	-	-	-	-	D	D	D	L	-	-	-
-	-	-	-	-	-	-	-	D	D	-	-	-	-	-	-	-	-	E	-	-	E	E	D	-	-	E	E
-	-	-	-	E	E	D	D	-	-	-	-	-	-	E	E	-	-	-	-	-	-	-	E	E	E	-	-
-	-	-	-	D	-	-	-	-	-	-	-	E	E	D	D	L	-	-	-	-	-	E	E	-	-	-	-
Objective 0: 4713
Objective 1: 32
Constr violation: -2
Restrictions violated:
1 0 0 0 0 0 0 1 

Individual 11
1	2	3	4	5	6	7	8	9	10	11	12	13	14	15	16	17	18	19	20	21	22	23	24	25	26	27	28
E	E	E	E	E	-	-	E	D	-	-	-	E	E	E	E	D	-	-	-	D	D	D	D	-	-	-	-
L	L	L	L	L	-	-	L	L	L	L	L	-	-	-	-	-	-	L	L	L	L	L	-	-	-	L	L
D	D	D	D	D	-	-	L	L	L	-	-	-	-	-	-	-	D	D	D	D	L	-	-	-	D	D	D
D	D	D	-	-	-	E	E	E	E	-	-	-	-	E	D	D	D	D	-	-	-	-	-	E	E	E	D
D	D	D	D	D	-	-	-	D	D	D	D	-	-	-	-	E	E	E	E	E	-	-	-	E	E	L	-
E	E	L	L	L	-	-	E	L	L	-	-	-	L	L	L	L	-	-	-	-	-	-	-	L	L	L	L
-	E	E	E	E	E	-	-	E	E	E	E	E	-	-	-	-	E	E	-	-	L	L	L	L	-	-	-
-	-	L	L	L	L	L	-	-	-	L	L	-	-	L	L	L	L	L	-	-	-	L	L	L	L	L	-
-	-	-	D	D	-	-	-	-	-	-	D	D	D	D	D	-	-	-	-	-	-	-	D	D	D	D	-
L	L	L	L	L	-	-	-	-	E	E	E	L	L	-	-	E	L	L	L	L	-	-	-	E	E	-	-
-	D	D	L	L	L	L	-	-	-	D	D	D	D	D	-	-	-	-	-	-	D	D	D	D	L	-	-
D	D	L	-	-	-	-	D	D	D	D	-	-	-	E	E	E	E	L	L	-	-	-	E	E	E	D	D
-	-	-	E	E	E	E	D	-	-	-	E	E	D	D	L	L	-	-	-	-	E	E	E	D	L	-	-
E	E	E	E	-	-	-	E	E	E	E	E	-	-	-	-	-	-	E	E	E	E	E	-	-	-	D	D
-	-	E	D	D	D	D	L	-	-	-	E	L	L	L	L	L	-	-	-	-	D	D	D	L	-	-	-
-	-	-	-	-	-	-	-	D	D	L	-	-	-	-	-	-	-	E	-	-	E	E	D	-	-	E	E
-	-	-	-	E	E	D	D	-	-	-	-	-	-	E	E	-	-	-	-	-	E	E	E	-	-	-	-
-	-	-	-	D	-	-	-	-	-	-	-	E	E	D	D	L	-	-	-	-	-	E	E	-	-	-	-
Objective 0: 4412
Objective 1: 34
Constr violation: -2
Restrictions violated:
1 0 0 0 0 0 0 1 

Individual 12
1	2	3	4	5	6	7	8	9	10	11	12	13	14	15	16	17	18	19	20	21	22	23	24	25	26	27	28
E	E	E	E	E	-	-	E	D	-	-	-	E	E	E	E	D	-	-	-	D	D	D	D	-	-	-	-
L	L	L	L	L	-	-	L	L	L	L	L	-	-	-	-	-	-	L	L	L	L	L	-	-	-	L	L
D	D	D	D	D	-	-	L	L	L	-	-	-	-	-	-	-	D	D	D	D	L	-	-	-	D	D	D
D	D	D	-	-	-	E	E	E	E	-	-	-	-	E	D	D	D	D	-	-	-	-	-	E	E	E	D
D	D	D	D	D	-	-	-	D	D	D	D	-	-	-	-	E	E	E	E	E	-	-	-	E	E	L	-
E	E	L	L	L	-	-	E	L	L	-	-	-	L	L	L	L	-	-	-	-	-	-	-	L	L	L	L
-	E	E	E	E	E	-	-	E	E	E	E	E	-	-	-	-	E	E	-	-	L	L	L	L	-	-	-
-	-	L	L	L	L	L	-	-	-	L	L	-	-	L	L	L	L	L	-	-	-	L	L	L	L	L	-
-	-	-	D	D	-	-	-	-	-	-	D	D	D	D	D	-	-	-	-	-	-	-	D	D	D	D	-
L	L	L	L	L	-	-	-	E	E	E	L	L	-	-	-	E	L	L	L	L	-	-	-	E	E	-	-
-	D	D	L	L	L	L	-	-	-	D	D	D	D	D	-	-	-	-	-	-	D	D	D	D	L	-	-
D	D	L	-	-	-	-	D	D	D	D	-	-	-	E	E	E	E	L	L	-	-	-	E	E	E	D	D
-	-	-	E	E	E	E	D	-	-	-	E	E	D	D	L	L	-	-	-	-	E	E	E	D	L	-	-
E	E	E	E	-	-	-	E	E	E	E	E	-	-	-	-	-	-	E	E	E	E	E	-	-	-	D	D
-	-	E	D	D	D	D	L	-	-	-	E	L	L	L	L	L	-	-	-	-	D	D	D	L	-	-	-
-	-	-	-	-	-	-	-	D	D	L	-	-	-	-	-	-	-	E	-	-	E	E	D	-	-	E	E
-	-	-	-	E	E	D	D	-	-	-	-	-	-	E	E	-	-	-	-	-	E	E	E	-	-	-	-
-	-	-	-	D	-	-	-	-	-	-	-	E	E	D	D	L	-	-	-	-	-	E	E	-	-	-	-
Objective 0: 4614
Objective 1: 31
Constr violation: -2
Restrictions violated:
1 0 0 0 0 0 0 1 

Individual 13
1	2	3	4	5	6	7	8	9	10	11	12	13	14	15	16	17	18	19	20	21	22	23	24	25	26	27	28
E	E	E	E	E	-	-	E	D	-	-	-	E	E	E	E	D	-	-	-	D	D	D	D	-	-	-	-
L	L	L	L	L	-	-	L	L	L	L	L	-	-	-	-	-	-	L	L	L	L	L	-	-	-	L	L
D	D	D	D	D	-	-	L	L	L	-	-	-	-	-	-	-	D	D	D	D	L	-	-	-	D	D	D
D	D	D	-	-	-	E	E	E	E	-	-	-	-	E	D	D	D	D	-	-	-	-	-	E	E	E	D
L	L	L	L	-	-	-	-	D	D	D	D	-	-	-	-	E	E	E	E	E	-	-	-	E	E	L	-
E	E	L	L	L	-	-	E	L	L	-	-	-	L	L	L	L	-	-	-	-	-	-	-	L	L	L	L
-	E	E	E	E	E	-	-	E	E	E	E	E	-	-	-	-	E	E	-	-	L	L	L	L	-	-	-
-	-	L	L	L	L	L	-	-	-	L	L	-	-	L	L	L	L	L	-	-	-	L	L	L	L	L	-
-	-	-	D	D	-	-	-	-	-	-	D	D	D	D	D	-	-	-	-	-	-	-	D	D	D	D	-
L	L	L	L	L	-	-	-	E	E	E	L	L	-	-	-	E	L	L	L	L	-	-	-	E	E	-	-
-	D	D	L	L	L	L	-	-	-	D	D	D	D	D	-	-	-	-	-	-	D	D	D	D	L	-	-
D	D	L	-	-	-	-	D	D	L	L	-	-	-	E	E	E	E	L	L	-	-	-	E	E	E	D	D
-	-	-	E	E	E	E	D	-	-	-	E	E	D	D	L	L	-	-	-	-	E	E	E	D	L	-	-
E	E	E	E	-	-	-	E	E	E	E	E	-	-	-	-	-	-	E	E	E	E	E	-	-	-	D	D
-	-	E	D	D	D	D	L	-	-	-	E	L	L	L	L	L	-	-	-	-	D	D	D	L	-	-	-
-	-	-	-	-	-	-	-	D	D	-	-	-	-	-	-	-	-	E	-	-	E	E	D	-	-	E	E
-	-	-	-	E	E	D	D	-	-	-	-	-	-	E	E	-	-	-	-	-	E	E	E	-	-	-	-
D	D	D	L	-	-	-	-	-	-	L	L	L	L	L	-	-	-	-	-	-	-	-	-	-	-	-	-
Objective 0: 5017
Objective 1: 27
Constr violation: -2
Restrictions violated:
1 0 0 0 0 0 0 1 

Individual 14
1	2	3	4	5	6	7	8	9	10	11	12	13	14	15	16	17	18	19	20	21	22	23	24	25	26	27	28
E	E	E	E	E	-	-	E	D	-	-	-	E	E	E	E	D	-	-	-	D	D	D	D	-	-	-	-
L	L	L	L	L	-	-	L	L	L	L	L	-	-	-	-	-	-	L	L	L	L	L	-	-	-	L	L
D	D	D	D	D	-	-	L	L	L	-	-	-	-	-	-	-	D	D	D	D	L	-	-	-	D	D	D
D	D	D	-	-	-	E	E	E	E	-	-	-	-	E	D	D	D	D	-	-	-	-	-	E	E	E	D
L	L	L	L	-	-	-	-	D	D	D	D	-	-	-	-	E	E	E	E	E	-	-	-	E	E	L	-
E	E	L	L	L	-	-	E	L	L	-	-	-	L	L	L	L	-	-	-	-	-	-	-	L	L	L	L
-	E	E	E	E	E	-	-	E	E	E	E	E	-	-	-	-	E	E	-	-	L	L	L	L	-	-	-
-	-	L	L	L	L	L	-	-	-	L	L	-	-	L	L	L	L	L	-	-	-	L	L	L	L	L	-
-	-	-	D	D	-	-	-	-	-	-	D	D	D	D	D	-	-	-	-	-	-	-	D	D	D	D	-
L	L	L	L	L	-	-	-	-	E	E	E	L	L	-	-	E	L	L	L	L	-	-	-	E	E	-	-
-	D	D	L	L	L	L	-	-	-	D	D	D	D	D	-	-	-	-	-	-	D	D	D	D	L	-	-
D	D	L	-	-	-	-	D	D	L	L	-	-	-	E	E	E	E	L	L	-	-	-	E	E	E	D	D
-	-	-	E	E	E	E	D	-	-	-	E	E	D	D	L	L	-	-	-	-	E	E	E	D	L	-	-
E	E	E	E	-	-	-	E	E	E	E	E	-	-	-	-	-	-	E	E	E	E	E	-	-	-	D	D
-	-	E	D	D	D	D	L	-	-	-	E	L	L	L	L	L	-	-	-	-	D	D	D	L	-	-	-
-	-	-	-	-	-	-	-	D	D	-	-	-	-	-	-	-	-	E	-	-	E	E	D	-	-	E	E
-	-	-	-	E	E	D	D	-	-	-	-	-	-	E	E	-	-	-	-	-	-	-	E	E	E	-	-
-	-	-	-	D	-	-	-	-	-	-	-	E	E	D	D	L	-	-	-	-	-	E	E	-	-	-	-
Objective 0: 4713
Objective 1: 32
Constr violation: -2
Restrictions violated:
1 0 0 0 0 0 0 1 

Individual 15
1	2	3	4	5	6	7	8	9	10	11	12	13	14	15	16	17	18	19	20	21	22	23	24	25	26	27	28
E	E	E	E	E	-	-	E	D	-	-	-	E	E	E	E	D	-	-	-	D	D	D	D	-	-	-	-
L	L	L	L	L	-	-	L	L	L	L	L	-	-	-	-	-	-	L	L	L	L	L	-	-	-	L	L
D	D	D	D	D	-	-	L	L	L	-	-	-	-	-	-	-	D	D	D	D	L	-	-	-	D	D	D
D	D	D	-	-	-	E	E	E	E	-	-	-	-	E	D	D	D	D	-	-	-	-	-	E	E	E	D
D	D	D	D	D	-	-	-	D	D	D	D	-	-	-	-	E	E	E	E	E	-	-	-	E	E	L	-
E	E	L	L	L	-	-	E	L	L	-	-	-	L	L	L	L	-	-	-	-	-	-	-	L	L	L	L
-	E	E	E	E	E	-	-	E	E	E	E	E	-	-	-	-	E	E	-	-	L	L	L	L	-	-	-
-	-	L	L	L	L	L	-	-	-	L	L	-	-	L	L	L	L	L	-	-	-	L	L	L	L	L	-
-	-	-	D	D	-	-	-	-	-	-	D	D	D	D	D	-	-	-	-	-	-	-	D	D	D	D	-
L	L	L	L	L	-	-	-	-	E	E	E	L	L	-	-	E	L	L	L	L	-	-	-	E	E	-	-
-	D	D	L	L	L	L	-	-	-	D	D	D	D	D	-	-	-	-	-	-	D	D	D	D	L	-	-
D	D	L	-	-	-	-	D	D	D	D	-	-	-	E	E	E	E	L	L	-	-	-	E	E	E	D	D
-	-	-	E	E	E	E	D	-	-	-	E	E	D	D	L	L	-	-	-	-	E	E	E	D	L	-	-
E	E	E	E	-	-	-	E	E	E	E	E	-	-	-	-	-	-	E	E	E	E	E	-	-	-	D	D
-	-	E	D	D	D	D	L	-	-	-	E	L	L	L	L	L	-	-	-	-	D	D	D	L	-	-	-
-	-	-	-	-	-	-	-	D	D	L	-	-	-	-	-	-	-	E	-	-	E	E	D	-	-	E	E
-	-	-	-	E	E	D	D	-	-	-	-	-	-	E	E	-	-	-	-	-	E	E	E	-	-	-	-
-	-	-	-	D	-	-	-	-	-	-	-	E	E	D	D	L	-	-	-	-	-	E	E	-	-	-	-
Objective 0: 4412
Objective 1: 34
Constr violation: -2
Restrictions violated:
1 0 0 0 0 0 0 1 

Individual 16
1	2	3	4	5	6	7	8	9	10	11	12	13	14	15	16	17	18	19	20	21	22	23	24	25	26	27	28
E	E	E	E	E	-	-	E	D	-	-	-	E	E	E	E	D	-	-	-	D	D	D	D	-	-	-	-
L	L	L	L	L	-	-	L	L	L	L	L	-	-	-	-	-	-	L	L	L	L	L	-	-	-	L	L
D	D	D	D	D	-	-	L	L	L	-	-	-	-	-	-	-	D	D	D	D	L	-	-	-	D	D	D
D	D	D	-	-	-	E	E	E	E	-	-	-	-	E	D	D	D	D	-	-	-	-	-	E	E	E	D
D	D	D	D	D	-	-	-	D	D	D	D	-	-	-	-	E	E	E	E	E	-	-	-	E	E	L	-
E	E	L	L	L	-	-	E	L	L	-	-	-	L	L	L	L	-	-	-	-	-	-	-	L	L	L	L
-	E	E	E	E	E	-	-	E	E	E	E	E	-	-	-	-	E	E	-	-	L	L	L	L	-	-	-
-	-	L	L	L	L	L	-	-	-	L	L	-	-	L	L	L	L	L	-	-	-	L	L	L	L	L	-
-	-	-	D	D	-	-	-	-	-	-	D	D	D	D	D	-	-	-	-	-	-	-	D	D	D	D	-
L	L	L	L	L	-	-	-	-	E	E	E	L	L	-	-	E	L	L	L	L	-	-	-	E	E	-	-
-	D	D	L	L	L	L	-	-	-	D	D	D	D	D	-	-	-	-	-	-	D	D	D	D	L	-	-
D	D	L	-	-	-	-	D	D	D	D	-	-	-	E	E	E	E	L	L	-	-	-	E	E	E	D	D
-	-	-	E	E	E	E	D	-	-	-	E	E	D	D	L	L	-	-	-	-	E	E	E	D	L	-	-
E	E	E	E	-	-	-	E	E	E	E	E	-	-	-	-	-	-	E	E	E	E	E	-	-	-	D	D
-	-	E	D	D	D	D	L	-	-	-	E	L	L	L	L	L	-	-	-	-	D	D	D	L	-	-	-
-	-	-	-	-	-	-	-	D	D	L	-	-	-	-	-	-	-	E	-	-	E	E	D	-	-	E	E
-	-	-	-	E	E	D	D	-	-	-	-	-	-	E	E	-	-	-	-	-	E	E	E	-	-	-	-
D	D	D	L	-	-	-	-	-	-	L	L	L	L	L	-	-	-	-	-	-	-	-	-	-	-	-	-
Objective 0: 4918
Objective 1: 29
Constr violation: -2
Restrictions violated:
1 0 0 0 0 0 0 1 

Individual 17
1	2	3	4	5	6	7	8	9	10	11	12	13	14	15	16	17	18	19	20	21	22	23	24	25	26	27	28
E	E	E	E	E	-	-	E	D	-	-	-	E	E	E	E	D	-	-	-	D	D	D	D	-	-	-	-
L	L	L	L	L	-	-	L	L	L	L	L	-	-	-	-	-	-	L	L	L	L	L	-	-	-	L	L
D	D	D	D	D	-	-	L	L	L	-	-	-	-	-	-	-	D	D	D	D	L	-	-	-	D	D	D
D	D	D	-	-	-	E	E	E	E	-	-	-	-	E	D	D	D	D	-	-	-	-	-	E	E	E	D
L	L	L	L	-	-	-	-	D	D	D	D	-	-	-	-	E	E	E	E	E	-	-	-	E	E	L	-
E	E	L	L	L	-	-	E	L	L	-	-	-	L	L	L	L	-	-	-	-	-	-	-	L	L	L	L
-	E	E	E	E	E	-	-	E	E	E	E	E	-	-	-	-	E	E	-	-	L	L	L	L	-	-	-
-	-	L	L	L	L	L	-	-	-	L	L	-	-	L	L	L	L	L	-	-	-	L	L	L	L	L	-
-	-	-	D	D	-	-	-	-	-	-	D	D	D	D	D	-	-	-	-	-	-	-	D	D	D	D	-
L	L	L	L	L	-	-	-	E	E	E	L	L	-	-	-	E	L	L	L	L	-	-	-	E	E	-	-
-	D	D	L	L	L	L	-	-	-	D	D	D	D	D	-	-	-	-	-	-	D	D	D	D	L	-	-
D	D	L	-	-	-	-	D	D	L	L	-	-	-	E	E	E	E	L	L	-	-	-	E	E	E	D	D
-	-	-	E	E	E	E	D	-	-	-	E	E	D	D	L	L	-	-	-	-	E	E	E	D	L	-	-
E	E	E	E	-	-	-	E	E	E	E	E	-	-	-	-	-	-	E	E	E	E	E	-	-	-	D	D
-	-	E	D	D	D	D	L	-	-	-	E	L	L	L	L	L	-	-	-	-	D	D	D	L	-	-	-
-	-	-	-	-	-	-	-	D	D	-	-	-	-	-	-	-	-	E	-	-	E	E	D	-	-	E	E
-	-	-	-	E	E	D	D	-	-	-	-	-	-	E	E	-	-	-	-	-	-	-	E	E	E	-	-
D	D	D	L	-	-	-	-	-	-	L	L	L	L	L	-	-	-	-	-	-	-	-	-	-	-	-	-
Objective 0: 5219
Objective 1: 24
Constr violation: -2
Restrictions violated:
1 0 0 0 0 0 0 1 

Individual 18
1	2	3	4	5	6	7	8	9	10	11	12	13	14	15	16	17	18	19	20	21	22	23	24	25	26	27	28
E	E	E	E	E	-	-	E	D	-	-	-	E	E	E	E	D	-	-	-	D	D	D	D	-	-	-	-
L	L	L	L	L	-	-	L	L	L	L	L	-	-	-	-	-	-	L	L	L	L	L	-	-	-	L	L
D	D	D	D	D	-	-	L	L	L	-	-	-	-	-	-	-	D	D	D	D	L	-	-	-	D	D	D
D	D	D	-	-	-	E	E	E	E	-	-	-	-	E	D	D	D	D	-	-	-	-	-	E	E	E	D
D	D	D	D	D	-	-	-	D	D	D	D	-	-	-	-	E	E	E	E	E	-	-	-	E	E	L	-
E	E	L	L	L	-	-	E	L	L	-	-	-	L	L	L	L	-	-	-	-	-	-	-	L	L	L	L
-	E	E	E	E	E	-	-	E	E	E	E	E	-	-	-	-	E	E	-	-	L	L	L	L	-	-	-
-	-	L	L	L	L	L	-	-	-	L	L	-	-	L	L	L	L	L	-	-	-	L	L	L	L	L	-
-	-	-	D	D	-	-	-	-	-	-	D	D	D	D	D	-	-	-	-	-	-	-	D	D	D	D	-
L	L	L	L	L	-	-	-	E	E	E	L	L	-	-	-	E	L	L	L	L	-	-	-	E	E	-	-
-	D	D	L	L	L	L	-	-	-	D	D	D	D	D	-	-	-	-	-	-	D	D	D	D	L	-	-
D	D	L	-	-	-	-	D	D	D	D	-	-	-	E	E	E	E	L	L	-	-	-	E	E	E	D	D
-	-	-	E	E	E	E	D	-	-	-	E	E	D	D	L	L	-	-	-	-	E	E	E	D	L	-	-
E	E	E	E	-	-	-	E	E	E	E	E	-	-	-	-	-	-	E	E	E	E	E	-	-	-	D	D
-	-	E	D	D	D	D	L	-	-	-	E	L	L	L	L	L	-	-	-	-	D	D	D	L	-	-	-
-	-	-	-	-	-	-	-	D	D	L	-	-	-	-	-	-	-	E	-	-	E	E	D	-	-	E	E
-	-	-	-	E	E	D	D	-	-	-	-	-	-	E	E	-	-	-	-	-	E	E	E	-	-	-	-
-	-	-	-	D	-	-	-	-	-	-	-	E	E	D	D	L	-	-	-	-	-	E	E	-	-	-	-
Objective 0: 4614
Objective 1: 31
Constr violation: -2
Restrictions violated:
1 0 0 0 0 0 0 1 

Individual 19
1	2	3	4	5	6	7	8	9	10	11	12	13	14	15	16	17	18	19	20	21	22	23	24	25	26	27	28
E	E	E	E	E	-	-	E	D	-	-	-	E	E	E	E	D	-	-	-	D	D	D	D	-	-	-	-
L	L	L	L	L	-	-	L	L	L	L	L	-	-	-	-	-	-	L	L	L	L	L	-	-	-	L	L
D	D	D	D	D	-	-	L	L	L	-	-	-	-	-	-	-	D	D	D	D	L	-	-	-	D	D	D
D	D	D	-	-	-	E	E	E	E	-	-	-	-	E	D	D	D	D	-	-	-	-	-	E	E	E	D
L	L	L	L	-	-	-	-	D	D	D	D	-	-	-	-	E	E	E	E	E	-	-	-	E	E	L	-
E	E	L	L	L	-	-	E	L	L	-	-	-	L	L	L	L	-	-	-	-	-	-	-	L	L	L	L
-	E	E	E	E	E	-	-	E	E	E	E	E	-	-	-	-	E	E	-	-	L	L	L	L	-	-	-
-	-	L	L	L	L	L	-	-	-	L	L	-	-	L	L	L	L	L	-	-	-	L	L	L	L	L	-
-	-	-	D	D	-	-	-	-	-	-	D	D	D	D	D	-	-	-	-	-	-	-	D	D	D	D	-
L	L	L	L	L	-	-	-	E	E	E	L	L	-	-	-	E	L	L	L	L	-	-	-	E	E	-	-
-	D	D	L	L	L	L	-	-	-	D	D	D	D	D	-	-	-	-	-	-	D	D	D	D	L	-	-
D	D	L	-	-	-	-	D	D	L	L	-	-	-	E	E	E	E	L	L	-	-	-	E	E	E	D	D
-	-	-	E	E	E	E	D	-	-	-	E	E	D	D	L	L	-	-	-	-	E	E	E	D	L	-	-
E	E	E	E	-	-	-	E	E	E	E	E	-	-	-	-	-	-	E	E	E	E	E	-	-	-	D	D
-	-	E	D	D	D	D	L	-	-	-	E	L	L	L	L	L	-	-	-	-	D	D	D	L	-	-	-
-	-	-	-	-	-	-	-	D	D	-	-	-	-	-	-	-	-	E	-	-	E	E	D	-	-	E	E
-	-	-	-	E	E	D	D	-	-	-	-	-	-	E	E	-	-	-	-	-	-	-	E	E	E	-	-
D	D	D	L	-	-	-	-	-	-	L	L	L	L	L	-	-	-	-	-	-	-	-	-	-	-	-	-
Objective 0: 5219
Objective 1: 24
Constr violation: -2
Restrictions violated:
1 0 0 0 0 0 0 1 

