Individual 0
1	2	3	4	5	6	7	8	9	10	11	12	13	14	15	16	17	18	19	20	21	22	23	24	25	26	27	28
-	L	L	L	L	-	-	L	L	-	-	-	L	L	L	-	-	E	E	E	L	-	-	E	E	L	-	-
E	E	E	E	-	-	-	E	E	E	-	-	E	E	E	E	-	-	-	E	E	-	-	E	E	E	-	-
-	-	E	E	E	E	-	-	-	-	E	E	L	L	-	E	L	L	L	-	-	L	L	L	L	L	-	-
L	L	-	-	-	-	-	E	E	E	E	E	-	-	E	L	L	-	-	E	E	E	-	-	-	E	E	E
E	E	E	E	E	-	-	-	L	L	L	L	L	-	-	E	E	-	-	-	-	E	E	E	E	L	L	-
L	L	-	-	L	L	L	L	-	-	L	L	-	-	L	L	-	-	L	L	-	-	L	L	L	L	-	-
E	E	L	L	-	-	L	L	L	L	L	-	-	-	-	E	L	L	L	-	-	E	E	E	L	E	E	E
L	L	L	L	L	-	-	E	E	E	L	-	-	L	L	L	-	-	-	-	-	-	-	E	E	E	E	E
-	-	E	L	L	-	-	L	L	-	-	E	E	L	-	-	E	E	L	-	-	-	-	E	E	L	L	L
E	L	L	-	-	-	E	E	E	L	L	-	-	-	E	E	E	E	E	-	-	-	-	-	-	L	L	L
Objective 0: 3414
Objective 1: 51
Constr violation: 0
Restrictions violated:
0 0 0 0 0 0 0 0 

Individual 1
1	2	3	4	5	6	7	8	9	10	11	12	13	14	15	16	17	18	19	20	21	22	23	24	25	26	27	28
-	L	L	L	L	-	-	L	L	-	-	-	L	L	L	-	-	E	E	E	L	-	-	E	E	L	-	-
E	E	E	E	-	-	-	E	E	E	-	-	E	E	E	E	-	-	-	E	E	-	-	E	E	E	-	-
E	E	E	E	E	-	-	E	E	L	L	-	-	-	-	E	E	L	-	-	-	-	-	E	E	E	E	L
L	L	-	-	-	-	-	E	E	E	E	E	-	-	E	L	L	-	-	E	E	E	-	-	-	E	E	E
E	E	E	E	E	-	-	-	L	L	L	L	L	-	-	E	E	-	-	-	-	E	E	E	E	L	L	-
L	L	-	-	L	L	L	L	-	-	L	L	-	-	L	L	-	-	L	L	-	-	L	L	L	L	-	-
E	E	L	L	-	-	L	L	L	L	L	-	-	-	-	E	L	L	L	-	-	E	E	E	L	E	E	E
L	L	L	L	L	-	-	-	E	E	-	-	E	E	L	-	-	E	L	L	L	-	-	E	L	-	-	-
E	E	E	L	L	-	-	-	-	L	L	L	L	L	-	-	L	L	-	-	-	E	E	E	E	-	-	-
L	L	L	L	L	-	-	E	E	E	L	-	-	-	-	-	E	E	E	E	E	-	-	-	-	E	E	E
Objective 0: 4224
Objective 1: 20
Constr violation: 0
Restrictions violated:
0 0 0 0 0 0 0 0 

Individual 2
1	2	3	4	5	6	7	8	9	10	11	12	13	14	15	16	17	18	19	20	21	22	23	24	25	26	27	28
-	L	L	L	L	-	-	L	L	-	-	-	L	L	L	-	-	E	E	E	L	-	-	E	E	L	-	-
E	E	E	E	-	-	-	E	E	E	-	-	E	E	E	E	-	-	-	E	E	-	-	E	E	E	-	-
E	E	E	E	E	-	-	E	E	L	L	-	-	-	-	E	E	L	-	-	-	-	-	E	E	E	E	L
L	L	-	-	-	-	-	E	E	E	E	E	-	-	E	L	L	-	-	E	E	E	-	-	-	E	E	E
E	E	E	E	E	-	-	-	L	L	L	L	L	-	-	E	E	-	-	-	-	E	E	E	E	L	L	-
L	L	-	-	L	L	L	L	-	-	L	L	-	-	L	L	-	-	L	L	-	-	L	L	L	L	-	-
E	E	L	L	-	-	L	L	L	L	L	-	-	-	-	E	L	L	L	-	-	E	E	E	L	E	E	E
L	L	L	L	L	-	-	-	E	E	-	-	E	E	L	-	-	E	L	L	L	-	-	E	L	-	-	-
E	E	E	L	L	-	-	-	-	L	L	L	L	L	-	-	L	L	-	-	-	E	E	E	E	-	-	-
E	L	L	-	-	-	E	E	E	L	L	-	-	-	E	E	E	E	E	-	-	-	-	-	-	L	L	L
Objective 0: 4122
Objective 1: 23
Constr violation: 0
Restrictions violated:
0 0 0 0 0 0 0 0 

Individual 3
1	2	3	4	5	6	7	8	9	10	11	12	13	14	15	16	17	18	19	20	21	22	23	24	25	26	27	28
-	L	L	L	L	-	-	L	L	-	-	-	L	L	L	-	-	E	E	E	L	-	-	E	E	L	-	-
E	E	E	E	-	-	-	E	E	E	-	-	E	E	E	E	-	-	-	E	E	-	-	E	E	E	-	-
-	E	E	E	E	E	-	-	-	-	E	E	L	L	-	E	L	L	L	-	-	L	L	L	L	L	-	-
L	L	-	-	-	-	-	E	E	E	E	E	-	-	E	L	L	-	-	E	E	E	-	-	-	E	E	E
E	E	E	E	E	-	-	-	L	L	L	L	L	-	-	E	E	-	-	-	-	E	E	E	E	L	L	-
L	L	-	-	L	L	L	L	-	-	L	L	-	-	L	L	-	-	L	L	-	-	L	L	L	L	-	-
E	E	L	L	-	-	L	L	L	L	L	-	-	-	-	E	L	L	L	-	-	E	E	E	L	E	E	E
L	L	L	L	L	-	-	-	E	E	-	-	E	E	L	-	-	E	L	L	L	-	-	E	L	-	-	-
E	E	E	L	L	-	-	-	-	L	L	L	L	L	-	-	L	L	-	-	-	E	E	E	E	-	-	-
L	L	L	L	L	-	-	E	E	E	L	-	-	-	-	-	E	E	E	E	E	-	-	-	-	E	E	E
Objective 0: 3820
Objective 1: 28
Constr violation: 0
Restrictions violated:
0 0 0 0 0 0 0 0 

Individual 4
1	2	3	4	5	6	7	8	9	10	11	12	13	14	15	16	17	18	19	20	21	22	23	24	25	26	27	28
-	L	L	L	L	-	-	L	L	-	-	-	L	L	L	-	-	E	E	E	L	-	-	E	E	L	-	-
E	E	E	E	-	-	-	E	E	E	-	-	E	E	E	E	-	-	-	E	E	-	-	E	E	E	-	-
-	E	E	E	E	E	-	-	-	-	E	E	L	L	-	E	L	L	L	-	-	L	L	L	L	L	-	-
L	L	-	-	-	-	-	E	E	E	E	E	-	-	E	L	L	-	-	E	E	E	-	-	-	E	E	E
E	E	E	E	E	-	-	-	L	L	L	L	L	-	-	E	E	-	-	-	-	E	E	E	E	L	L	-
L	L	-	-	L	L	L	L	-	-	L	L	-	-	L	L	-	-	L	L	-	-	L	L	L	L	-	-
E	E	L	L	-	-	L	L	L	L	L	-	-	-	-	E	L	L	L	-	-	E	E	E	L	E	E	E
L	L	L	L	L	-	-	E	E	E	L	-	-	L	L	L	-	-	-	-	-	-	-	E	E	E	E	E
-	-	E	L	L	-	-	L	L	-	-	E	E	L	-	-	E	E	L	-	-	-	-	E	E	L	L	L
E	E	E	L	-	-	-	-	E	E	L	L	-	-	E	E	E	-	-	L	L	-	-	-	-	E	L	L
Objective 0: 3516
Objective 1: 45
Constr violation: 0
Restrictions violated:
0 0 0 0 0 0 0 0 

Individual 5
1	2	3	4	5	6	7	8	9	10	11	12	13	14	15	16	17	18	19	20	21	22	23	24	25	26	27	28
-	L	L	L	L	-	-	L	L	-	-	-	L	L	L	-	-	E	E	E	L	-	-	E	E	L	-	-
E	E	E	E	-	-	-	E	E	E	-	-	E	E	E	E	-	-	-	E	E	-	-	E	E	E	-	-
-	-	E	E	E	E	-	-	-	-	E	E	L	L	-	E	L	L	L	-	-	L	L	L	L	L	-	-
L	L	-	-	-	-	-	E	E	E	E	E	-	-	E	L	L	-	-	E	E	E	-	-	-	E	E	E
E	E	E	E	E	-	-	-	L	L	L	L	L	-	-	E	E	-	-	-	-	E	E	E	E	L	L	-
L	L	-	-	L	L	L	L	-	-	L	L	-	-	L	L	-	-	L	L	-	-	L	L	L	L	-	-
E	E	L	L	-	-	L	L	L	L	L	-	-	-	-	E	L	L	L	-	-	E	E	E	L	E	E	E
L	L	L	L	L	-	-	-	E	E	-	-	E	E	L	-	-	E	L	L	L	-	-	E	L	-	-	-
E	E	E	L	L	-	-	-	-	L	L	L	L	L	-	-	L	L	-	-	-	E	E	E	E	-	-	-
E	L	L	-	-	-	E	E	E	L	L	-	-	-	E	E	E	E	E	-	-	-	-	-	-	L	L	L
Objective 0: 3616
Objective 1: 34
Constr violation: 0
Restrictions violated:
0 0 0 0 0 0 0 0 

Individual 6
1	2	3	4	5	6	7	8	9	10	11	12	13	14	15	16	17	18	19	20	21	22	23	24	25	26	27	28
-	L	L	L	L	-	-	L	L	-	-	-	L	L	L	-	-	E	E	E	L	-	-	E	E	L	-	-
E	E	E	E	-	-	-	E	E	E	-	-	E	E	E	E	-	-	-	E	E	-	-	E	E	E	-	-
-	E	E	E	E	E	-	-	-	-	E	E	L	L	-	E	L	L	L	-	-	L	L	L	L	L	-	-
L	L	-	-	-	-	-	E	E	E	E	E	-	-	E	L	L	-	-	E	E	E	-	-	-	E	E	E
E	E	E	E	E	-	-	-	L	L	L	L	L	-	-	E	E	-	-	-	-	E	E	E	E	L	L	-
L	L	-	-	L	L	L	L	-	-	L	L	-	-	L	L	-	-	L	L	-	-	L	L	L	L	-	-
E	E	L	L	-	-	L	L	L	L	L	-	-	-	-	E	L	L	L	-	-	E	E	E	L	E	E	E
L	L	L	L	L	-	-	-	E	E	-	-	E	E	L	-	-	E	L	L	L	-	-	E	L	-	-	-
E	E	E	L	L	-	-	-	-	L	L	L	L	L	-	-	L	L	-	-	-	E	E	E	E	-	-	-
L	L	L	L	L	-	-	E	E	E	L	-	-	-	-	-	E	E	E	E	E	-	-	-	-	E	E	E
Objective 0: 3820
Objective 1: 28
Constr violation: 0
Restrictions violated:
0 0 0 0 0 0 0 0 

Individual 7
1	2	3	4	5	6	7	8	9	10	11	12	13	14	15	16	17	18	19	20	21	22	23	24	25	26	27	28
-	L	L	L	L	-	-	L	L	-	-	-	L	L	L	-	-	E	E	E	L	-	-	E	E	L	-	-
E	E	E	E	-	-	-	E	E	E	-	-	E	E	E	E	-	-	-	E	E	-	-	E	E	E	-	-
-	E	E	E	E	E	-	-	-	-	E	E	L	L	-	E	L	L	L	-	-	L	L	L	L	L	-	-
L	L	-	-	-	-	-	E	E	E	E	E	-	-	E	L	L	-	-	E	E	E	-	-	-	E	E	E
E	E	E	E	E	-	-	-	L	L	L	L	L	-	-	E	E	-	-	-	-	E	E	E	E	L	L	-
L	L	-	-	L	L	L	L	-	-	L	L	-	-	L	L	-	-	L	L	-	-	L	L	L	L	-	-
E	E	L	L	-	-	L	L	L	L	L	-	-	-	-	E	L	L	L	-	-	E	E	E	L	E	E	E
L	L	L	L	L	-	-	-	E	E	-	-	E	E	L	-	-	E	L	L	L	-	-	E	L	-	-	-
E	E	E	L	L	-	-	-	-	L	L	L	L	L	-	-	L	L	-	-	-	E	E	E	E	-	-	-
E	L	L	-	-	-	E	E	E	L	L	-	-	-	E	E	E	E	E	-	-	-	-	-	-	L	L	L
Objective 0: 3617
Objective 1: 31
Constr violation: 0
Restrictions violated:
0 0 0 0 0 0 0 0 

Individual 8
1	2	3	4	5	6	7	8	9	10	11	12	13	14	15	16	17	18	19	20	21	22	23	24	25	26	27	28
-	L	L	L	L	-	-	L	L	-	-	-	L	L	L	-	-	E	E	E	L	-	-	E	E	L	-	-
E	E	E	E	-	-	-	E	E	E	-	-	E	E	E	E	-	-	-	E	E	-	-	E	E	E	-	-
-	E	E	E	E	E	-	-	-	-	E	E	L	L	-	E	L	L	L	-	-	L	L	L	L	L	-	-
L	L	-	-	-	-	-	E	E	E	E	E	-	-	E	L	L	-	-	E	E	E	-	-	-	E	E	E
E	E	E	E	E	-	-	-	L	L	L	L	L	-	-	E	E	-	-	-	-	E	E	E	E	L	L	-
L	L	-	-	L	L	L	L	-	-	L	L	-	-	L	L	-	-	L	L	-	-	L	L	L	L	-	-
E	E	L	L	-	-	L	L	L	L	L	-	-	-	-	E	L	L	L	-	-	E	E	E	L	E	E	E
L	L	L	L	L	-	-	E	E	E	L	-	-	L	L	L	-	-	-	-	-	-	-	E	E	E	E	E
-	-	E	L	L	-	-	L	L	-	-	E	E	L	-	-	E	E	L	-	-	-	-	E	E	L	L	L
E	L	L	-	-	-	E	E	E	L	L	-	-	-	E	E	E	E	E	-	-	-	-	-	-	L	L	L
Objective 0: 3415
Objective 1: 48
Constr violation: 0
Restrictions violated:
0 0 0 0 0 0 0 0 

Individual 9
1	2	3	4	5	6	7	8	9	10	11	12	13	14	15	16	17	18	19	20	21	22	23	24	25	26	27	28
-	L	L	L	L	-	-	L	L	-	-	-	L	L	L	-	-	E	E	E	L	-	-	E	E	L	-	-
E	E	E	E	-	-	-	E	E	E	-	-	E	E	E	E	-	-	-	E	E	-	-	E	E	E	-	-
E	E	E	E	E	-	-	E	E	L	L	-	-	-	-	E	E	L	-	-	-	-	-	E	E	E	E	L
L	L	-	-	-	-	-	E	E	E	E	E	-	-	E	L	L	-	-	E	E	E	-	-	-	E	E	E
E	E	E	E	E	-	-	-	L	L	L	L	L	-	-	E	E	-	-	-	-	E	E	E	E	L	L	-
L	L	-	-	L	L	L	L	-	-	L	L	-	-	L	L	-	-	L	L	-	-	L	L	L	L	-	-
E	E	L	L	-	-	L	L	L	L	L	-	-	-	-	E	L	L	L	-	-	E	E	E	L	E	E	E
L	L	L	L	L	-	-	-	E	E	-	-	E	E	L	-	-	E	L	L	L	-	-	E	L	-	-	-
E	E	E	L	L	-	-	-	-	L	L	L	L	L	-	-	L	L	-	-	-	E	E	E	E	-	-	-
E	L	L	-	-	-	E	E	E	L	L	-	-	-	E	E	E	E	E	-	-	-	-	-	-	L	L	L
Objective 0: 4122
Objective 1: 23
Constr violation: 0
Restrictions violated:
0 0 0 0 0 0 0 0 

Individual 10
1	2	3	4	5	6	7	8	9	10	11	12	13	14	15	16	17	18	19	20	21	22	23	24	25	26	27	28
-	L	L	L	L	-	-	L	L	-	-	-	L	L	L	-	-	E	E	E	L	-	-	E	E	L	-	-
E	E	E	E	-	-	-	E	E	E	-	-	E	E	E	E	-	-	-	E	E	-	-	E	E	E	-	-
E	E	E	E	E	-	-	E	E	L	L	-	-	-	-	E	E	L	-	-	-	-	-	E	E	E	E	L
L	L	-	-	-	-	-	E	E	E	E	E	-	-	E	L	L	-	-	E	E	E	-	-	-	E	E	E
E	E	E	E	E	-	-	-	L	L	L	L	L	-	-	E	E	-	-	-	-	E	E	E	E	L	L	-
L	L	-	-	L	L	L	L	-	-	L	L	-	-	L	L	-	-	L	L	-	-	L	L	L	L	-	-
E	E	L	L	-	-	L	L	L	L	L	-	-	-	-	E	L	L	L	-	-	E	E	E	L	E	E	E
L	L	L	L	L	-	-	-	E	E	-	-	E	E	L	-	-	E	L	L	L	-	-	E	L	-	-	-
E	E	E	L	L	-	-	-	-	L	L	L	L	L	-	-	L	L	-	-	-	E	E	E	E	-	-	-
L	L	L	L	L	-	-	E	E	E	L	-	-	-	-	-	E	E	E	E	E	-	-	-	-	E	E	E
Objective 0: 4224
Objective 1: 20
Constr violation: 0
Restrictions violated:
0 0 0 0 0 0 0 0 

Individual 11
1	2	3	4	5	6	7	8	9	10	11	12	13	14	15	16	17	18	19	20	21	22	23	24	25	26	27	28
-	L	L	L	L	-	-	L	L	-	-	-	L	L	L	-	-	E	E	E	L	-	-	E	E	L	-	-
E	E	E	E	-	-	-	E	E	E	-	-	E	E	E	E	-	-	-	E	E	-	-	E	E	E	-	-
-	E	E	E	E	E	-	-	-	-	E	E	L	L	-	E	L	L	L	-	-	L	L	L	L	L	-	-
L	L	-	-	-	-	-	E	E	E	E	E	-	-	E	L	L	-	-	E	E	E	-	-	-	E	E	E
E	E	E	E	E	-	-	-	L	L	L	L	L	-	-	E	E	-	-	-	-	E	E	E	E	L	L	-
L	L	-	-	L	L	L	L	-	-	L	L	-	-	L	L	-	-	L	L	-	-	L	L	L	L	-	-
E	E	L	L	-	-	L	L	L	L	L	-	-	-	-	E	L	L	L	-	-	E	E	E	L	E	E	E
L	L	L	L	L	-	-	E	E	E	L	-	-	L	L	L	-	-	-	-	-	-	-	E	E	E	E	E
-	-	E	L	L	-	-	L	L	-	-	E	E	L	-	-	E	E	L	-	-	-	-	E	E	L	L	L
E	E	E	L	-	-	-	-	E	E	L	L	-	-	E	E	E	-	-	L	L	-	-	-	-	E	L	L
Objective 0: 3516
Objective 1: 45
Constr violation: 0
Restrictions violated:
0 0 0 0 0 0 0 0 

