Individual 0
1	2	3	4	5	6	7	8	9	10	11	12	13	14	15	16	17	18	19	20	21	22	23	24	25	26	27	28
L	L	L	L	-	-	-	E	E	E	-	-	L	L	L	-	-	-	E	L	L	-	-	L	L	L	-	-
E	E	E	E	E	-	-	-	-	E	E	-	-	E	E	-	-	E	E	-	-	E	E	-	-	E	E	E
E	E	E	-	-	-	E	L	L	-	-	E	E	-	-	-	L	L	L	-	-	E	E	E	L	L	-	-
E	-	-	E	L	L	L	-	-	E	L	-	-	-	E	E	E	E	E	-	-	E	E	-	-	L	L	-
E	-	-	E	L	-	-	E	E	E	L	-	-	E	L	-	-	E	E	-	-	E	E	-	-	E	L	L
-	L	L	L	L	-	-	-	-	L	L	-	-	L	L	L	-	-	L	L	L	L	-	-	L	L	L	-
E	-	-	E	E	L	L	-	-	E	L	-	-	-	E	E	E	L	-	-	E	E	E	L	L	-	-	-
-	E	E	L	L	-	-	E	L	L	-	-	E	L	L	L	L	-	-	-	-	-	L	L	-	-	E	E
L	L	L	L	L	-	-	-	E	E	E	-	-	E	E	E	E	E	-	-	-	L	L	-	-	E	E	-
L	L	L	L	-	-	-	E	E	E	E	E	-	-	-	E	E	E	E	L	-	-	-	-	-	E	E	E
Objective 0: 4626
Objective 1: 88
Constr violation: -1
Restrictions violated:
0 0 0 0 0 0 1 0 

Individual 1
1	2	3	4	5	6	7	8	9	10	11	12	13	14	15	16	17	18	19	20	21	22	23	24	25	26	27	28
L	L	L	L	-	-	-	E	E	E	-	-	L	L	L	-	-	-	E	L	L	-	-	L	L	L	-	-
E	E	E	E	E	-	-	E	E	E	E	-	-	E	E	-	-	E	E	-	-	E	E	-	-	E	E	E
E	E	E	-	-	-	E	L	L	-	-	E	E	-	-	-	L	L	L	-	-	E	E	E	L	L	-	-
E	-	-	E	L	L	L	-	-	E	L	-	-	-	E	E	E	E	E	-	-	E	E	-	-	L	L	-
E	-	-	E	L	-	-	E	E	E	L	-	-	E	L	-	-	E	E	-	-	E	E	-	-	E	L	L
-	L	L	L	L	-	-	-	-	L	L	-	-	L	L	L	-	-	-	-	-	-	-	-	L	L	L	-
E	-	-	E	E	L	L	-	-	E	L	-	-	-	E	E	E	L	-	-	E	E	E	L	L	-	-	-
-	L	L	L	L	-	-	E	L	L	-	-	E	L	L	L	L	-	-	-	-	-	L	L	-	-	E	E
L	L	L	L	L	-	-	-	E	E	E	-	-	E	E	E	E	E	-	-	-	L	L	-	-	E	E	-
L	L	L	L	-	-	-	E	E	E	E	E	-	-	-	E	E	E	E	L	-	-	-	-	-	-	E	E
Objective 0: 5330
Objective 1: 80
Constr violation: -1
Restrictions violated:
0 0 0 0 0 0 0 1 

Individual 2
1	2	3	4	5	6	7	8	9	10	11	12	13	14	15	16	17	18	19	20	21	22	23	24	25	26	27	28
L	L	L	L	-	-	-	E	E	E	-	-	L	L	L	-	-	-	E	L	L	-	-	L	L	L	-	-
E	E	E	E	E	-	-	E	E	E	E	-	-	E	E	-	-	E	E	-	-	E	E	-	-	E	E	E
E	E	E	-	-	-	E	L	L	-	-	E	E	-	-	-	L	L	L	-	-	E	E	E	L	L	-	-
E	-	-	E	L	L	L	-	-	E	L	-	-	-	E	E	E	E	E	-	-	E	E	-	-	L	L	-
E	-	-	E	L	-	-	E	E	E	L	-	-	E	L	-	-	E	E	-	-	E	E	-	-	E	L	L
-	L	L	L	L	-	-	-	-	L	L	-	-	L	L	-	-	-	-	-	-	-	-	-	-	L	L	-
E	-	-	E	E	L	L	-	-	E	L	-	-	-	E	E	E	L	-	-	E	E	E	L	L	-	-	-
E	L	L	L	L	-	-	E	L	L	-	-	-	-	E	E	E	E	E	-	-	-	L	L	-	-	E	L
L	L	L	L	L	-	-	-	E	E	E	-	-	E	E	E	E	E	-	-	-	L	L	-	-	E	E	-
L	L	L	L	-	-	-	E	E	E	E	E	-	-	-	E	E	E	E	L	-	-	-	-	-	-	E	E
Objective 0: 6036
Objective 1: 83
Constr violation: -1
Restrictions violated:
0 0 0 0 0 0 0 1 

Individual 3
1	2	3	4	5	6	7	8	9	10	11	12	13	14	15	16	17	18	19	20	21	22	23	24	25	26	27	28
L	L	L	L	-	-	-	E	E	E	-	-	L	L	L	-	-	-	E	L	L	-	-	L	L	L	-	-
E	E	E	E	E	-	-	E	E	E	E	-	-	E	E	-	-	E	E	-	-	E	E	-	-	E	E	E
E	E	E	-	-	-	E	L	L	-	-	E	E	-	-	-	L	L	L	-	-	E	E	E	L	L	-	-
E	-	-	E	L	L	L	-	-	E	L	-	-	-	E	E	E	E	E	-	-	E	E	-	-	L	L	-
E	-	-	E	L	-	-	E	E	E	L	-	-	E	L	-	-	E	E	-	-	E	E	-	-	E	L	L
-	L	L	L	L	-	-	-	-	L	L	-	-	L	L	L	-	-	-	-	-	-	-	-	L	L	L	-
E	-	-	E	E	L	L	-	-	E	L	-	-	-	E	E	E	L	-	-	E	E	E	L	L	-	-	-
E	L	L	L	L	-	-	E	L	L	-	-	E	L	L	L	L	-	-	-	-	-	L	L	-	-	E	E
L	L	L	L	L	-	-	-	E	E	E	-	-	E	E	E	E	E	-	-	-	L	L	-	-	E	E	-
L	L	L	L	-	-	-	E	E	E	E	E	-	-	-	E	E	E	E	L	-	-	-	-	-	E	E	E
Objective 0: 5231
Objective 1: 80
Constr violation: -1
Restrictions violated:
0 0 0 0 0 0 0 1 

Individual 4
1	2	3	4	5	6	7	8	9	10	11	12	13	14	15	16	17	18	19	20	21	22	23	24	25	26	27	28
L	L	L	L	-	-	-	E	E	E	-	-	L	L	L	-	-	-	E	L	L	-	-	L	L	L	-	-
E	E	E	E	E	-	-	-	-	E	E	-	-	E	E	-	-	E	E	-	-	E	E	-	-	E	E	E
E	E	E	-	-	-	E	L	L	-	-	E	E	-	-	-	L	L	L	-	-	E	E	E	L	L	-	-
E	-	-	E	L	L	L	-	-	E	L	-	-	-	E	E	E	E	E	-	-	E	E	-	-	L	L	-
E	-	-	E	L	-	-	E	E	E	L	-	-	E	L	-	-	E	E	-	-	E	E	-	-	E	L	L
-	L	L	L	L	-	-	-	-	L	L	L	L	L	-	-	-	-	L	L	L	L	L	-	-	L	L	-
E	-	-	E	E	L	L	-	-	E	L	-	-	-	E	E	E	L	-	-	E	E	E	L	L	-	-	-
-	L	L	L	L	-	-	E	L	L	-	-	-	-	E	E	E	E	E	-	-	-	L	L	-	-	E	E
L	L	L	L	L	-	-	-	E	E	E	-	-	E	E	E	E	E	-	-	-	L	L	-	-	E	E	-
L	L	L	L	-	-	-	E	E	E	E	E	-	-	-	E	E	E	E	L	-	-	-	-	-	E	E	E
Objective 0: 5333
Objective 1: 94
Constr violation: -1
Restrictions violated:
0 0 0 0 0 0 1 0 

Individual 5
1	2	3	4	5	6	7	8	9	10	11	12	13	14	15	16	17	18	19	20	21	22	23	24	25	26	27	28
L	L	L	L	-	-	-	E	E	E	-	-	L	L	L	-	-	-	E	L	L	-	-	L	L	L	-	-
E	E	E	E	E	-	-	-	-	E	E	-	-	E	E	-	-	E	E	-	-	E	E	-	-	E	E	E
E	E	E	-	-	-	E	L	L	-	-	E	E	-	-	-	L	L	L	-	-	E	E	E	L	L	-	-
E	-	-	E	L	L	L	-	-	E	L	-	-	-	E	E	E	E	E	-	-	E	E	-	-	L	L	-
E	-	-	E	L	-	-	E	E	E	L	-	-	E	L	-	-	E	E	-	-	E	E	-	-	E	L	L
-	L	L	L	L	-	-	-	-	L	L	L	L	L	-	-	-	-	L	L	L	L	-	-	L	L	L	-
E	-	-	E	E	L	L	-	-	E	L	-	-	-	E	E	E	L	-	-	E	E	E	L	L	-	-	-
E	E	E	L	L	-	-	E	L	L	-	-	E	L	L	L	L	-	-	-	-	-	L	L	-	-	E	E
L	L	L	L	L	-	-	-	E	E	E	-	-	E	E	E	E	E	-	-	-	L	L	-	-	E	E	-
L	L	L	L	-	-	-	E	E	E	E	E	-	-	-	E	E	E	E	L	-	-	-	-	-	E	E	E
Objective 0: 4627
Objective 1: 94
Constr violation: -1
Restrictions violated:
0 0 0 0 0 0 1 0 

Individual 6
1	2	3	4	5	6	7	8	9	10	11	12	13	14	15	16	17	18	19	20	21	22	23	24	25	26	27	28
L	L	L	L	-	-	-	E	E	E	-	-	L	L	L	-	-	-	E	L	L	-	-	L	L	L	-	-
E	E	E	E	E	-	-	E	E	E	E	-	-	E	E	-	-	E	E	-	-	E	E	-	-	E	E	E
E	E	E	-	-	-	E	L	L	-	-	E	E	-	-	-	L	L	L	-	-	E	E	E	L	L	-	-
E	-	-	E	L	L	L	-	-	E	L	-	-	-	E	E	E	E	E	-	-	E	E	-	-	L	L	-
E	-	-	E	L	-	-	E	E	E	L	-	-	E	L	-	-	E	E	-	-	E	E	-	-	E	L	L
-	L	L	L	L	-	-	-	-	L	L	-	-	L	L	L	-	-	-	-	-	L	L	-	-	L	L	-
E	-	-	E	E	L	L	-	-	E	L	-	-	-	E	E	E	L	-	-	E	E	E	L	L	-	-	-
-	E	E	L	L	-	-	E	L	L	-	-	-	-	E	E	E	E	E	-	-	-	L	L	-	-	E	E
L	L	L	L	L	-	-	-	E	E	E	-	-	E	E	E	E	E	-	-	-	L	L	-	-	E	E	-
L	L	L	L	-	-	-	E	E	E	E	E	-	-	-	E	E	E	E	L	-	-	-	-	-	E	E	E
Objective 0: 5433
Objective 1: 82
Constr violation: -1
Restrictions violated:
0 0 0 0 0 0 0 1 

Individual 7
1	2	3	4	5	6	7	8	9	10	11	12	13	14	15	16	17	18	19	20	21	22	23	24	25	26	27	28
L	L	L	L	-	-	-	E	E	E	-	-	L	L	L	-	-	-	E	L	L	-	-	L	L	L	-	-
E	E	E	E	E	-	-	-	-	E	E	-	-	E	E	-	-	E	E	-	-	E	E	E	-	-	E	E
E	E	E	-	-	-	E	L	L	-	-	E	E	-	-	-	L	L	L	-	-	E	E	E	L	L	-	-
E	-	-	E	L	L	L	-	-	E	L	-	-	-	E	E	E	E	E	-	-	E	E	-	-	L	L	-
E	-	-	E	L	-	-	E	E	E	L	-	-	E	L	-	-	E	E	-	-	E	E	-	-	E	L	L
-	L	L	L	L	-	-	-	-	L	L	L	L	L	-	-	-	-	L	L	L	L	L	-	-	L	L	-
E	-	-	E	E	L	L	-	-	E	L	-	-	-	E	E	E	L	-	-	E	E	E	L	L	-	-	-
E	L	L	L	L	-	-	E	L	L	-	-	-	-	E	E	E	E	E	-	-	-	L	L	-	-	E	L
L	L	L	L	L	-	-	-	E	E	E	-	-	E	E	E	E	E	-	-	-	L	L	-	-	E	E	-
L	L	L	L	-	-	-	E	E	E	E	E	-	-	-	E	E	E	E	L	-	-	-	-	-	-	E	E
Objective 0: 5535
Objective 1: 96
Constr violation: -1
Restrictions violated:
0 0 0 0 0 0 1 0 

Individual 8
1	2	3	4	5	6	7	8	9	10	11	12	13	14	15	16	17	18	19	20	21	22	23	24	25	26	27	28
L	L	L	L	-	-	-	E	E	E	-	-	L	L	L	-	-	-	E	L	L	-	-	L	L	L	-	-
E	E	E	E	E	-	-	E	E	E	E	-	-	E	E	-	-	E	E	-	-	E	E	E	-	-	E	E
E	E	E	-	-	-	E	L	L	-	-	E	E	-	-	-	L	L	L	-	-	E	E	E	L	L	-	-
E	-	-	E	L	L	L	-	-	E	L	-	-	-	E	E	E	E	E	-	-	E	E	-	-	L	L	-
E	-	-	E	L	-	-	E	E	E	L	-	-	E	L	-	-	E	E	-	-	E	E	-	-	E	L	L
-	L	L	L	L	-	-	-	-	L	L	L	L	L	-	-	-	-	L	L	L	L	L	-	-	L	L	-
E	-	-	E	E	L	L	-	-	E	L	-	-	-	E	E	E	L	-	-	E	E	E	L	L	-	-	-
E	E	E	L	L	-	-	E	L	L	-	-	E	L	L	L	L	-	-	-	-	-	L	L	-	-	E	E
L	L	L	L	L	-	-	-	E	E	E	-	-	E	E	E	E	E	-	-	-	L	L	-	-	E	E	-
L	L	L	L	-	-	-	E	E	E	E	E	-	-	-	E	E	E	E	L	-	-	-	-	-	E	E	E
Objective 0: 4730
Objective 1: 92
Constr violation: -1
Restrictions violated:
0 0 0 0 0 0 1 0 

Individual 9
1	2	3	4	5	6	7	8	9	10	11	12	13	14	15	16	17	18	19	20	21	22	23	24	25	26	27	28
L	L	L	L	-	-	-	E	E	E	-	-	L	L	L	-	-	-	E	L	L	-	-	L	L	L	-	-
E	E	E	E	E	-	-	E	E	E	E	-	-	E	E	-	-	E	E	-	-	E	E	-	-	E	E	E
E	E	E	-	-	-	E	L	L	-	-	E	E	-	-	-	L	L	L	-	-	E	E	E	L	L	-	-
E	-	-	E	L	L	L	-	-	E	L	-	-	-	E	E	E	E	E	-	-	E	E	-	-	L	L	-
E	-	-	E	L	-	-	E	E	E	L	-	-	E	L	-	-	E	E	-	-	E	E	-	-	E	L	L
-	L	L	L	L	-	-	-	-	L	L	L	L	L	-	-	-	-	L	L	L	L	L	-	-	L	L	-
E	-	-	E	E	L	L	-	-	E	L	-	-	-	E	E	E	L	-	-	E	E	E	L	L	-	-	-
E	L	L	L	L	-	-	E	L	L	-	-	-	-	E	E	E	E	E	-	-	-	L	L	-	-	E	L
L	L	L	L	L	-	-	-	E	E	E	-	-	E	E	E	E	E	-	-	-	L	L	-	-	E	E	-
L	L	L	L	-	-	-	E	E	E	E	E	-	-	-	E	E	E	E	L	-	-	-	-	-	-	E	E
Objective 0: 5537
Objective 1: 90
Constr violation: -1
Restrictions violated:
0 0 0 0 0 0 1 0 

Individual 10
1	2	3	4	5	6	7	8	9	10	11	12	13	14	15	16	17	18	19	20	21	22	23	24	25	26	27	28
L	L	L	L	-	-	-	E	E	E	-	-	L	L	L	-	-	-	E	L	L	-	-	L	L	L	-	-
E	E	E	E	E	-	-	E	E	E	E	-	-	E	E	-	-	E	E	-	-	E	E	E	-	-	E	E
E	E	E	-	-	-	E	L	L	-	-	E	E	-	-	-	L	L	L	-	-	E	E	E	L	L	-	-
E	-	-	E	L	L	L	-	-	E	L	-	-	-	E	E	E	E	E	-	-	E	E	-	-	L	L	-
E	-	-	E	L	-	-	E	E	E	L	-	-	E	L	-	-	E	E	-	-	E	E	-	-	E	L	L
-	L	L	L	L	-	-	-	-	L	L	L	L	L	-	-	-	-	L	L	L	L	L	-	-	L	L	-
E	-	-	E	E	L	L	-	-	E	L	-	-	-	E	E	E	L	-	-	E	E	E	L	L	-	-	-
E	L	L	L	L	-	-	E	L	L	-	-	-	-	E	E	E	E	E	-	-	-	L	L	-	-	E	L
L	L	L	L	L	-	-	-	E	E	E	-	-	E	E	E	E	E	-	-	-	L	L	-	-	E	E	-
L	L	L	L	-	-	-	E	E	E	E	E	-	-	-	E	E	E	E	L	-	-	-	-	-	E	E	E
Objective 0: 5437
Objective 1: 92
Constr violation: -1
Restrictions violated:
0 0 0 0 0 0 1 0 

Individual 11
1	2	3	4	5	6	7	8	9	10	11	12	13	14	15	16	17	18	19	20	21	22	23	24	25	26	27	28
L	L	L	L	-	-	-	E	E	E	-	-	L	L	L	-	-	-	E	L	L	-	-	L	L	L	-	-
E	E	E	E	E	-	-	-	-	E	E	-	-	E	E	-	-	E	E	-	-	E	E	E	-	-	E	E
E	E	E	-	-	-	E	L	L	-	-	E	E	-	-	-	L	L	L	-	-	E	E	E	L	L	-	-
E	-	-	E	L	L	L	-	-	E	L	-	-	-	E	E	E	E	E	-	-	E	E	-	-	L	L	-
E	-	-	E	L	-	-	E	E	E	L	-	-	E	L	-	-	E	E	-	-	E	E	-	-	E	L	L
-	L	L	L	L	-	-	-	-	L	L	-	-	L	L	-	-	-	-	-	-	-	-	-	-	L	L	-
E	-	-	E	E	L	L	-	-	E	L	-	-	-	E	E	E	L	-	-	E	E	E	L	L	-	-	-
-	E	E	L	L	-	-	E	L	L	-	-	E	L	L	L	L	-	-	-	-	-	L	L	-	-	E	L
L	L	L	L	L	-	-	-	E	E	E	-	-	E	E	E	E	E	-	-	-	L	L	-	-	E	E	-
L	L	L	L	-	-	-	E	E	E	E	E	-	-	-	E	E	E	E	L	-	-	-	-	-	-	E	E
Objective 0: 5427
Objective 1: 89
Constr violation: -1
Restrictions violated:
0 0 0 0 0 0 0 1 

Individual 12
1	2	3	4	5	6	7	8	9	10	11	12	13	14	15	16	17	18	19	20	21	22	23	24	25	26	27	28
L	L	L	L	-	-	-	E	E	E	-	-	L	L	L	-	-	-	E	L	L	-	-	L	L	L	-	-
E	E	E	E	E	-	-	E	E	E	E	-	-	E	E	-	-	E	E	-	-	E	E	-	-	-	E	E
E	E	E	-	-	-	E	L	L	-	-	E	E	-	-	-	L	L	L	-	-	E	E	E	L	L	-	-
E	-	-	E	L	L	L	-	-	E	L	-	-	-	E	E	E	E	E	-	-	E	E	-	-	L	L	-
E	-	-	E	L	-	-	E	E	E	L	-	-	E	L	-	-	E	E	-	-	E	E	-	-	E	L	L
-	L	L	L	L	-	-	-	-	L	L	-	-	L	L	-	-	-	-	-	-	-	-	-	-	L	L	-
E	-	-	E	E	L	L	-	-	E	L	-	-	-	E	E	E	L	-	-	E	E	E	L	L	-	-	-
E	L	L	L	L	-	-	E	L	L	-	-	-	-	E	E	E	E	E	-	-	-	L	L	-	-	E	L
L	L	L	L	L	-	-	-	E	E	E	-	-	E	E	E	E	E	-	-	-	L	L	-	-	E	E	-
L	L	L	L	-	-	-	E	E	E	E	E	-	-	-	E	E	E	E	L	-	-	-	-	-	-	E	E
Objective 0: 6136
Objective 1: 85
Constr violation: -1
Restrictions violated:
0 0 0 0 0 0 0 1 

Individual 13
1	2	3	4	5	6	7	8	9	10	11	12	13	14	15	16	17	18	19	20	21	22	23	24	25	26	27	28
L	L	L	L	-	-	-	E	E	E	-	-	L	L	L	-	-	-	E	L	L	-	-	L	L	L	-	-
E	E	E	E	E	-	-	E	E	E	E	-	-	E	E	-	-	E	E	-	-	E	E	-	-	E	E	E
E	E	E	-	-	-	E	L	L	-	-	E	E	-	-	-	L	L	L	-	-	E	E	E	L	L	-	-
E	-	-	E	L	L	L	-	-	E	L	-	-	-	E	E	E	E	E	-	-	E	E	-	-	L	L	-
E	-	-	E	L	-	-	E	E	E	L	-	-	E	L	-	-	E	E	-	-	E	E	-	-	E	L	L
-	L	L	L	L	-	-	-	-	L	L	-	-	L	L	L	-	-	L	L	L	L	-	-	L	L	L	-
E	-	-	E	E	L	L	-	-	E	L	-	-	-	E	E	E	L	-	-	E	E	E	L	L	-	-	-
E	L	L	L	L	-	-	E	L	L	-	-	E	L	L	L	L	-	-	-	-	-	L	L	-	-	E	E
L	L	L	L	L	-	-	-	E	E	E	-	-	E	E	E	E	E	-	-	-	L	L	-	-	E	E	-
L	L	L	L	-	-	-	E	E	E	E	E	-	-	-	E	E	E	E	L	-	-	-	-	-	E	E	E
Objective 0: 4831
Objective 1: 84
Constr violation: -1
Restrictions violated:
0 0 0 0 0 0 1 0 

Individual 14
1	2	3	4	5	6	7	8	9	10	11	12	13	14	15	16	17	18	19	20	21	22	23	24	25	26	27	28
L	L	L	L	-	-	-	E	E	E	-	-	L	L	L	-	-	-	E	L	L	-	-	L	L	L	-	-
E	E	E	E	E	-	-	-	E	E	E	-	-	E	E	-	-	E	E	-	-	E	E	-	-	E	E	E
E	E	E	-	-	-	E	L	L	-	-	E	E	-	-	-	L	L	L	-	-	E	E	E	L	L	-	-
E	-	-	E	L	L	L	-	-	E	L	-	-	-	E	E	E	E	E	-	-	E	E	-	-	L	L	-
E	-	-	E	L	-	-	E	E	E	L	-	-	E	L	-	-	E	E	-	-	E	E	-	-	E	L	L
-	L	L	L	L	-	-	-	-	L	L	-	-	L	L	L	-	-	L	L	L	L	-	-	L	L	L	-
E	-	-	E	E	L	L	-	-	E	L	-	-	-	E	E	E	L	-	-	E	E	E	L	L	-	-	-
E	L	L	L	L	-	-	E	L	L	-	-	E	L	L	L	L	-	-	-	-	-	L	L	-	-	E	E
L	L	L	L	L	-	-	-	E	E	E	-	-	E	E	E	E	E	-	-	-	L	L	-	-	E	E	-
L	L	L	L	-	-	-	E	E	E	E	E	-	-	-	E	E	E	E	L	-	-	-	-	-	E	E	E
Objective 0: 4830
Objective 1: 86
Constr violation: -1
Restrictions violated:
0 0 0 0 0 0 1 0 

Individual 15
1	2	3	4	5	6	7	8	9	10	11	12	13	14	15	16	17	18	19	20	21	22	23	24	25	26	27	28
L	L	L	L	-	-	-	E	E	E	-	-	L	L	L	-	-	-	E	L	L	-	-	L	L	L	-	-
E	E	E	E	E	-	-	-	-	E	E	-	-	E	E	-	-	E	E	-	-	E	E	E	-	-	E	E
E	E	E	-	-	-	E	L	L	-	-	E	E	-	-	-	L	L	L	-	-	E	E	E	L	L	-	-
E	-	-	E	L	L	L	-	-	E	L	-	-	-	E	E	E	E	E	-	-	E	E	-	-	L	L	-
E	-	-	E	L	-	-	E	E	E	L	-	-	E	L	-	-	E	E	-	-	E	E	-	-	E	L	L
-	L	L	L	L	-	-	-	-	L	L	L	L	L	-	-	-	-	L	L	L	L	-	-	L	L	L	-
E	-	-	E	E	L	L	-	-	E	L	-	-	-	E	E	E	L	-	-	E	E	E	L	L	-	-	-
-	E	E	L	L	-	-	E	L	L	-	-	E	L	L	L	L	-	-	-	-	-	L	L	-	-	E	L
L	L	L	L	L	-	-	-	E	E	E	-	-	E	E	E	E	E	-	-	-	L	L	-	-	E	E	-
L	L	L	L	-	-	-	E	E	E	E	E	-	-	-	E	E	E	E	L	-	-	-	-	-	-	E	E
Objective 0: 4827
Objective 1: 96
Constr violation: -1
Restrictions violated:
0 0 0 0 0 0 1 0 

Individual 16
1	2	3	4	5	6	7	8	9	10	11	12	13	14	15	16	17	18	19	20	21	22	23	24	25	26	27	28
L	L	L	L	-	-	-	E	E	E	-	-	L	L	L	-	-	-	E	L	L	-	-	L	L	L	-	-
E	E	E	E	E	-	-	E	E	E	E	-	-	E	E	-	-	E	E	-	-	E	E	-	-	E	E	E
E	E	E	-	-	-	E	L	L	-	-	E	E	-	-	-	L	L	L	-	-	E	E	E	L	L	-	-
E	-	-	E	L	L	L	-	-	E	L	-	-	-	E	E	E	E	E	-	-	E	E	-	-	L	L	-
E	-	-	E	L	-	-	E	E	E	L	-	-	E	L	-	-	E	E	-	-	E	E	-	-	E	L	L
-	L	L	L	L	-	-	-	-	L	L	L	L	L	-	-	-	-	L	L	L	L	-	-	L	L	L	-
E	-	-	E	E	L	L	-	-	E	L	-	-	-	E	E	E	L	-	-	E	E	E	L	L	-	-	-
E	E	E	L	L	-	-	E	L	L	-	-	E	L	L	L	L	-	-	-	-	-	L	L	-	-	E	E
L	L	L	L	L	-	-	-	E	E	E	-	-	E	E	E	E	E	-	-	-	L	L	-	-	E	E	-
L	L	L	L	-	-	-	E	E	E	E	E	-	-	-	E	E	E	E	L	-	-	-	-	-	E	E	E
Objective 0: 4629
Objective 1: 90
Constr violation: -1
Restrictions violated:
0 0 0 0 0 0 1 0 

Individual 17
1	2	3	4	5	6	7	8	9	10	11	12	13	14	15	16	17	18	19	20	21	22	23	24	25	26	27	28
L	L	L	L	-	-	-	E	E	E	-	-	L	L	L	-	-	-	E	L	L	-	-	L	L	L	-	-
E	E	E	E	E	-	-	E	E	E	E	-	-	E	E	-	-	E	E	-	-	E	E	-	-	E	E	E
E	E	E	-	-	-	E	L	L	-	-	E	E	-	-	-	L	L	L	-	-	E	E	E	L	L	-	-
E	-	-	E	L	L	L	-	-	E	L	-	-	-	E	E	E	E	E	-	-	E	E	-	-	L	L	-
E	-	-	E	L	-	-	E	E	E	L	-	-	E	L	-	-	E	E	-	-	E	E	-	-	E	L	L
-	L	L	L	L	-	-	-	-	L	L	L	L	L	-	-	-	-	L	L	L	L	L	-	-	L	L	-
E	-	-	E	E	L	L	-	-	E	L	-	-	-	E	E	E	L	-	-	E	E	E	L	L	-	-	-
E	E	E	L	L	-	-	E	L	L	-	-	E	L	L	L	L	-	-	-	-	-	L	L	-	-	E	E
L	L	L	L	L	-	-	-	E	E	E	-	-	E	E	E	E	E	-	-	-	L	L	-	-	E	E	-
L	L	L	L	-	-	-	E	E	E	E	E	-	-	-	E	E	E	E	L	-	-	-	-	-	E	E	E
Objective 0: 4730
Objective 1: 90
Constr violation: -1
Restrictions violated:
0 0 0 0 0 0 1 0 

Individual 18
1	2	3	4	5	6	7	8	9	10	11	12	13	14	15	16	17	18	19	20	21	22	23	24	25	26	27	28
L	L	L	L	-	-	-	E	E	E	-	-	L	L	L	-	-	-	E	L	L	-	-	L	L	L	-	-
E	E	E	E	E	-	-	E	E	E	E	-	-	E	E	-	-	E	E	-	-	E	E	E	-	-	E	E
E	E	E	-	-	-	E	L	L	-	-	E	E	-	-	-	L	L	L	-	-	E	E	E	L	L	-	-
E	-	-	E	L	L	L	-	-	E	L	-	-	-	E	E	E	E	E	-	-	E	E	-	-	L	L	-
E	-	-	E	L	-	-	E	E	E	L	-	-	E	L	-	-	E	E	-	-	E	E	-	-	E	L	L
-	L	L	L	L	-	-	-	-	L	L	-	-	L	L	-	-	-	-	-	-	L	L	-	-	L	L	-
E	-	-	E	E	L	L	-	-	E	L	-	-	-	E	E	E	L	-	-	E	E	E	L	L	-	-	-
E	L	L	L	L	-	-	E	L	L	-	-	-	-	E	E	E	E	E	-	-	-	L	L	-	-	E	L
L	L	L	L	L	-	-	-	E	E	E	-	-	E	E	E	E	E	-	-	-	L	L	-	-	E	E	-
L	L	L	L	-	-	-	E	E	E	E	E	-	-	-	E	E	E	E	L	-	-	-	-	-	-	E	E
Objective 0: 5937
Objective 1: 87
Constr violation: -1
Restrictions violated:
0 0 0 0 0 0 0 1 

Individual 19
1	2	3	4	5	6	7	8	9	10	11	12	13	14	15	16	17	18	19	20	21	22	23	24	25	26	27	28
L	L	L	L	-	-	-	E	E	E	-	-	L	L	L	-	-	-	E	L	L	-	-	L	L	L	-	-
E	E	E	E	E	-	-	-	-	E	E	-	-	E	E	-	-	E	E	-	-	E	E	-	-	E	E	E
E	E	E	-	-	-	E	L	L	-	-	E	E	-	-	-	L	L	L	-	-	E	E	E	L	L	-	-
E	-	-	E	L	L	L	-	-	E	L	-	-	-	E	E	E	E	E	-	-	E	E	-	-	L	L	-
E	-	-	E	L	-	-	E	E	E	L	-	-	E	L	-	-	E	E	-	-	E	E	-	-	E	L	L
-	L	L	L	L	-	-	-	-	L	L	L	L	L	-	-	-	-	L	L	L	L	-	-	L	L	L	-
E	-	-	E	E	L	L	-	-	E	L	-	-	-	E	E	E	L	-	-	E	E	E	L	L	-	-	-
-	E	E	L	L	-	-	E	L	L	-	-	E	L	L	L	L	-	-	-	-	-	L	L	-	-	E	E
L	L	L	L	L	-	-	-	E	E	E	-	-	E	E	E	E	E	-	-	-	L	L	-	-	E	E	-
L	L	L	L	-	-	-	E	E	E	E	E	-	-	-	E	E	E	E	L	-	-	-	-	-	-	E	E
Objective 0: 4726
Objective 1: 94
Constr violation: -1
Restrictions violated:
0 0 0 0 0 0 1 0 

Individual 20
1	2	3	4	5	6	7	8	9	10	11	12	13	14	15	16	17	18	19	20	21	22	23	24	25	26	27	28
L	L	L	L	-	-	-	E	E	E	-	-	L	L	L	-	-	-	E	L	L	-	-	L	L	L	-	-
E	E	E	E	E	-	-	-	-	E	E	-	-	E	E	-	-	E	E	-	-	E	E	-	-	E	E	E
E	E	E	-	-	-	E	L	L	-	-	E	E	-	-	-	L	L	L	-	-	E	E	E	L	L	-	-
E	-	-	E	L	L	L	-	-	E	L	-	-	-	E	E	E	E	E	-	-	E	E	-	-	L	L	-
E	-	-	E	L	-	-	E	E	E	L	-	-	E	L	-	-	E	E	-	-	E	E	-	-	E	L	L
-	L	L	L	L	-	-	-	-	L	L	L	L	L	-	-	-	-	L	L	L	L	-	-	L	L	L	-
E	-	-	E	E	L	L	-	-	E	L	-	-	-	E	E	E	L	-	-	E	E	E	L	L	-	-	-
-	L	L	L	L	-	-	E	L	L	-	-	E	L	L	L	L	-	-	-	-	-	L	L	-	-	E	E
L	L	L	L	L	-	-	-	E	E	E	-	-	E	E	E	E	E	-	-	-	L	L	-	-	E	E	-
L	L	L	L	-	-	-	E	E	E	E	E	-	-	-	E	E	E	E	L	-	-	-	-	-	-	E	E
Objective 0: 4928
Objective 1: 94
Constr violation: -1
Restrictions violated:
0 0 0 0 0 0 1 0 

Individual 21
1	2	3	4	5	6	7	8	9	10	11	12	13	14	15	16	17	18	19	20	21	22	23	24	25	26	27	28
L	L	L	L	-	-	-	E	E	E	-	-	L	L	L	-	-	-	E	L	L	-	-	L	L	L	-	-
E	E	E	E	E	-	-	-	-	E	E	-	-	E	E	-	-	E	E	-	-	E	E	-	-	E	E	E
E	E	E	-	-	-	E	L	L	-	-	E	E	-	-	-	L	L	L	-	-	E	E	E	L	L	-	-
E	-	-	E	L	L	L	-	-	E	L	-	-	-	E	E	E	E	E	-	-	E	E	-	-	L	L	-
E	-	-	E	L	-	-	E	E	E	L	-	-	E	L	-	-	E	E	-	-	E	E	-	-	E	L	L
-	L	L	L	L	-	-	-	-	L	L	-	-	L	L	-	-	-	-	-	-	-	-	-	-	L	L	-
E	-	-	E	E	L	L	-	-	E	L	-	-	-	E	E	E	L	-	-	E	E	E	L	L	-	-	-
E	L	L	L	L	-	-	E	L	L	-	-	-	-	E	E	E	E	E	-	-	-	L	L	-	-	E	L
L	L	L	L	L	-	-	-	E	E	E	-	-	E	E	E	E	E	-	-	-	L	L	-	-	E	E	-
L	L	L	L	-	-	-	E	E	E	E	E	-	-	-	E	E	E	E	L	-	-	-	-	-	-	E	E
Objective 0: 6034
Objective 1: 87
Constr violation: -1
Restrictions violated:
0 0 0 0 0 0 0 1 

Individual 22
1	2	3	4	5	6	7	8	9	10	11	12	13	14	15	16	17	18	19	20	21	22	23	24	25	26	27	28
L	L	L	L	-	-	-	E	E	E	-	-	L	L	L	-	-	-	E	L	L	-	-	L	L	L	-	-
E	E	E	E	E	-	-	E	E	E	E	-	-	E	E	-	-	E	E	-	-	E	E	-	-	-	E	E
E	E	E	-	-	-	E	L	L	-	-	E	E	-	-	-	L	L	L	-	-	E	E	E	L	L	-	-
E	-	-	E	L	L	L	-	-	E	L	-	-	-	E	E	E	E	E	-	-	E	E	-	-	L	L	-
E	-	-	E	L	-	-	E	E	E	L	-	-	E	L	-	-	E	E	-	-	E	E	-	-	E	L	L
-	L	L	L	L	-	-	-	-	L	L	-	-	L	L	-	-	-	-	-	-	-	-	-	-	L	L	-
E	-	-	E	E	L	L	-	-	E	L	-	-	-	E	E	E	L	-	-	E	E	E	L	L	-	-	-
E	E	E	L	L	-	-	E	L	L	-	-	-	-	E	E	E	E	E	-	-	-	L	L	-	-	E	E
L	L	L	L	L	-	-	-	E	E	E	-	-	E	E	E	E	E	-	-	-	L	L	-	-	E	E	-
L	L	L	L	-	-	-	E	E	E	E	E	-	-	-	E	E	E	E	L	-	-	-	-	-	-	E	E
Objective 0: 5833
Objective 1: 85
Constr violation: -1
Restrictions violated:
0 0 0 0 0 0 0 1 

Individual 23
1	2	3	4	5	6	7	8	9	10	11	12	13	14	15	16	17	18	19	20	21	22	23	24	25	26	27	28
L	L	L	L	-	-	-	E	E	E	-	-	L	L	L	-	-	-	E	L	L	-	-	L	L	L	-	-
E	E	E	E	E	-	-	-	-	E	E	-	-	E	E	-	-	E	E	-	-	E	E	-	-	E	E	E
E	E	E	-	-	-	E	L	L	-	-	E	E	-	-	-	L	L	L	-	-	E	E	E	L	L	-	-
E	-	-	E	L	L	L	-	-	E	L	-	-	-	E	E	E	E	E	-	-	E	E	-	-	L	L	-
E	-	-	E	L	-	-	E	E	E	L	-	-	E	L	-	-	E	E	-	-	E	E	-	-	E	L	L
-	L	L	L	L	-	-	-	-	L	L	-	-	L	L	L	-	-	-	-	-	-	-	-	-	L	L	-
E	-	-	E	E	L	L	-	-	E	L	-	-	-	E	E	E	L	-	-	E	E	E	L	L	-	-	-
E	L	L	L	L	-	-	E	L	L	-	-	E	L	L	L	L	-	-	-	-	-	L	L	-	-	E	L
L	L	L	L	L	-	-	-	E	E	E	-	-	E	E	E	E	E	-	-	-	L	L	-	-	E	E	-
L	L	L	L	-	-	-	E	E	E	E	E	-	-	-	E	E	E	E	L	-	-	-	-	-	-	E	E
Objective 0: 5530
Objective 1: 84
Constr violation: -1
Restrictions violated:
0 0 0 0 0 0 0 1 

Individual 24
1	2	3	4	5	6	7	8	9	10	11	12	13	14	15	16	17	18	19	20	21	22	23	24	25	26	27	28
L	L	L	L	-	-	-	E	E	E	-	-	L	L	L	-	-	-	E	L	L	-	-	L	L	L	-	-
E	E	E	E	E	-	-	E	E	E	E	-	-	E	E	-	-	E	E	-	-	E	E	-	-	-	E	E
E	E	E	-	-	-	E	L	L	-	-	E	E	-	-	-	L	L	L	-	-	E	E	E	L	L	-	-
E	-	-	E	L	L	L	-	-	E	L	-	-	-	E	E	E	E	E	-	-	E	E	-	-	L	L	-
E	-	-	E	L	-	-	E	E	E	L	-	-	E	L	-	-	E	E	-	-	E	E	-	-	E	L	L
-	L	L	L	L	-	-	-	-	L	L	-	-	L	L	L	-	-	-	-	-	L	L	-	-	L	L	-
E	-	-	E	E	L	L	-	-	E	L	-	-	-	E	E	E	L	-	-	E	E	E	L	L	-	-	-
-	E	E	L	L	-	-	E	L	L	-	-	E	L	L	L	L	-	-	-	-	-	L	L	-	-	E	E
L	L	L	L	L	-	-	-	E	E	E	-	-	E	E	E	E	E	-	-	-	L	L	-	-	E	E	-
L	L	L	L	-	-	-	E	E	E	E	E	-	-	-	E	E	E	E	L	-	-	-	-	-	-	E	E
Objective 0: 5229
Objective 1: 84
Constr violation: -1
Restrictions violated:
0 0 0 0 0 0 0 1 

Individual 25
1	2	3	4	5	6	7	8	9	10	11	12	13	14	15	16	17	18	19	20	21	22	23	24	25	26	27	28
L	L	L	L	-	-	-	E	E	E	-	-	L	L	L	-	-	-	E	L	L	-	-	L	L	L	-	-
E	E	E	E	E	-	-	E	E	E	E	-	-	E	E	-	-	E	E	-	-	E	E	E	-	-	E	E
E	E	E	-	-	-	E	L	L	-	-	E	E	-	-	-	L	L	L	-	-	E	E	E	L	L	-	-
E	-	-	E	L	L	L	-	-	E	L	-	-	-	E	E	E	E	E	-	-	E	E	-	-	L	L	-
E	-	-	E	L	-	-	E	E	E	L	-	-	E	L	-	-	E	E	-	-	E	E	-	-	E	L	L
-	L	L	L	L	-	-	-	-	L	L	-	-	L	L	L	-	-	L	L	L	L	L	-	-	L	L	-
E	-	-	E	E	L	L	-	-	E	L	-	-	-	E	E	E	L	-	-	E	E	E	L	L	-	-	-
E	L	L	L	L	-	-	E	L	L	-	-	E	L	L	L	L	-	-	-	-	-	L	L	-	-	E	L
L	L	L	L	L	-	-	-	E	E	E	-	-	E	E	E	E	E	-	-	-	L	L	-	-	E	E	-
L	L	L	L	-	-	-	E	E	E	E	E	-	-	-	E	E	E	E	L	-	-	-	-	-	-	E	E
Objective 0: 5133
Objective 1: 86
Constr violation: -1
Restrictions violated:
0 0 0 0 0 0 1 0 

Individual 26
1	2	3	4	5	6	7	8	9	10	11	12	13	14	15	16	17	18	19	20	21	22	23	24	25	26	27	28
L	L	L	L	-	-	-	E	E	E	-	-	L	L	L	-	-	-	E	L	L	-	-	L	L	L	-	-
E	E	E	E	E	-	-	E	E	E	E	-	-	E	E	-	-	E	E	-	-	E	E	-	-	E	E	E
E	E	E	-	-	-	E	L	L	-	-	E	E	-	-	-	L	L	L	-	-	E	E	E	L	L	-	-
E	-	-	E	L	L	L	-	-	E	L	-	-	-	E	E	E	E	E	-	-	E	E	-	-	L	L	-
E	-	-	E	L	-	-	E	E	E	L	-	-	E	L	-	-	E	E	-	-	E	E	-	-	E	L	L
-	L	L	L	L	-	-	-	-	L	L	-	-	L	L	L	-	-	-	-	-	L	L	-	-	L	L	-
E	-	-	E	E	L	L	-	-	E	L	-	-	-	E	E	E	L	-	-	E	E	E	L	L	-	-	-
E	L	L	L	L	-	-	E	L	L	-	-	E	L	L	L	L	-	-	-	-	-	L	L	-	-	E	E
L	L	L	L	L	-	-	-	E	E	E	-	-	E	E	E	E	E	-	-	-	L	L	-	-	E	E	-
L	L	L	L	-	-	-	E	E	E	E	E	-	-	-	E	E	E	E	L	-	-	-	-	-	-	E	E
Objective 0: 5332
Objective 1: 82
Constr violation: -1
Restrictions violated:
0 0 0 0 0 0 0 1 

Individual 27
1	2	3	4	5	6	7	8	9	10	11	12	13	14	15	16	17	18	19	20	21	22	23	24	25	26	27	28
L	L	L	L	-	-	-	E	E	E	-	-	L	L	L	-	-	-	E	L	L	-	-	L	L	L	-	-
E	E	E	E	E	-	-	E	E	E	E	-	-	E	E	-	-	E	E	-	-	E	E	E	-	-	E	E
E	E	E	-	-	-	E	L	L	-	-	E	E	-	-	-	L	L	L	-	-	E	E	E	L	L	-	-
E	-	-	E	L	L	L	-	-	E	L	-	-	-	E	E	E	E	E	-	-	E	E	-	-	L	L	-
E	-	-	E	L	-	-	E	E	E	L	-	-	E	L	-	-	E	E	-	-	E	E	-	-	E	L	L
-	L	L	L	L	-	-	-	-	L	L	-	-	L	L	-	-	-	-	-	-	L	L	-	-	L	L	-
E	-	-	E	E	L	L	-	-	E	L	-	-	-	E	E	E	L	-	-	E	E	E	L	L	-	-	-
E	L	L	L	L	-	-	E	L	L	-	-	-	-	E	E	E	E	E	-	-	-	L	L	-	-	E	L
L	L	L	L	L	-	-	-	E	E	E	-	-	E	E	E	E	E	-	-	-	L	L	-	-	E	E	-
L	L	L	L	-	-	-	E	E	E	E	E	-	-	-	E	E	E	E	L	-	-	-	-	-	E	E	E
Objective 0: 5837
Objective 1: 87
Constr violation: -1
Restrictions violated:
0 0 0 0 0 0 0 1 

Individual 28
1	2	3	4	5	6	7	8	9	10	11	12	13	14	15	16	17	18	19	20	21	22	23	24	25	26	27	28
L	L	L	L	-	-	-	E	E	E	-	-	L	L	L	-	-	-	E	L	L	-	-	L	L	L	-	-
E	E	E	E	E	-	-	-	-	E	E	-	-	E	E	-	-	E	E	-	-	E	E	-	-	E	E	E
E	E	E	-	-	-	E	L	L	-	-	E	E	-	-	-	L	L	L	-	-	E	E	E	L	L	-	-
E	-	-	E	L	L	L	-	-	E	L	-	-	-	E	E	E	E	E	-	-	E	E	-	-	L	L	-
E	-	-	E	L	-	-	E	E	E	L	-	-	E	L	-	-	E	E	-	-	E	E	-	-	E	L	L
-	L	L	L	L	-	-	-	-	L	L	-	-	L	L	-	-	-	-	-	-	-	-	-	-	L	L	-
E	-	-	E	E	L	L	-	-	E	L	-	-	-	E	E	E	L	-	-	E	E	E	L	L	-	-	-
-	E	E	L	L	-	-	E	L	L	-	-	-	-	E	E	E	E	E	-	-	-	L	L	-	-	E	L
L	L	L	L	L	-	-	-	E	E	E	-	-	E	E	E	E	E	-	-	-	L	L	-	-	E	E	-
L	L	L	L	-	-	-	E	E	E	E	E	-	-	-	E	E	E	E	L	-	-	-	-	-	-	E	E
Objective 0: 5831
Objective 1: 87
Constr violation: -1
Restrictions violated:
0 0 0 0 0 0 0 1 

Individual 29
1	2	3	4	5	6	7	8	9	10	11	12	13	14	15	16	17	18	19	20	21	22	23	24	25	26	27	28
L	L	L	L	-	-	-	E	E	E	-	-	L	L	L	-	-	-	E	L	L	-	-	L	L	L	-	-
E	E	E	E	E	-	-	-	-	E	E	-	-	E	E	-	-	E	E	-	-	E	E	E	-	-	E	E
E	E	E	-	-	-	E	L	L	-	-	E	E	-	-	-	L	L	L	-	-	E	E	E	L	L	-	-
E	-	-	E	L	L	L	-	-	E	L	-	-	-	E	E	E	E	E	-	-	E	E	-	-	L	L	-
E	-	-	E	L	-	-	E	E	E	L	-	-	E	L	-	-	E	E	-	-	E	E	-	-	E	L	L
-	L	L	L	L	-	-	-	-	L	L	-	-	L	L	-	-	-	-	-	-	-	-	-	-	L	L	-
E	-	-	E	E	L	L	-	-	E	L	-	-	-	E	E	E	L	-	-	E	E	E	L	L	-	-	-
-	E	E	L	L	-	-	E	L	L	-	-	E	L	L	L	L	-	-	-	-	-	L	L	-	-	E	L
L	L	L	L	L	-	-	-	E	E	E	-	-	E	E	E	E	E	-	-	-	L	L	-	-	E	E	-
L	L	L	L	-	-	-	E	E	E	E	E	-	-	-	E	E	E	E	L	-	-	-	-	-	-	E	E
Objective 0: 5427
Objective 1: 89
Constr violation: -1
Restrictions violated:
0 0 0 0 0 0 0 1 

Individual 30
1	2	3	4	5	6	7	8	9	10	11	12	13	14	15	16	17	18	19	20	21	22	23	24	25	26	27	28
L	L	L	L	-	-	-	E	E	E	-	-	L	L	L	-	-	-	E	L	L	-	-	L	L	L	-	-
E	E	E	E	E	-	-	-	-	E	E	-	-	E	E	-	-	E	E	-	-	E	E	E	-	-	E	E
E	E	E	-	-	-	E	L	L	-	-	E	E	-	-	-	L	L	L	-	-	E	E	E	L	L	-	-
E	-	-	E	L	L	L	-	-	E	L	-	-	-	E	E	E	E	E	-	-	E	E	-	-	L	L	-
E	-	-	E	L	-	-	E	E	E	L	-	-	E	L	-	-	E	E	-	-	E	E	-	-	E	L	L
-	L	L	L	L	-	-	-	-	L	L	-	-	L	L	-	-	-	-	-	-	L	L	-	-	L	L	-
E	-	-	E	E	L	L	-	-	E	L	-	-	-	E	E	E	L	-	-	E	E	E	L	L	-	-	-
-	E	E	L	L	-	-	E	L	L	-	-	-	-	E	E	E	E	E	-	-	-	L	L	-	-	E	L
L	L	L	L	L	-	-	-	E	E	E	-	-	E	E	E	E	E	-	-	-	L	L	-	-	E	E	-
L	L	L	L	-	-	-	E	E	E	E	E	-	-	-	E	E	E	E	L	-	-	-	-	-	-	E	E
Objective 0: 5732
Objective 1: 91
Constr violation: -1
Restrictions violated:
0 0 0 0 0 0 0 1 

Individual 31
1	2	3	4	5	6	7	8	9	10	11	12	13	14	15	16	17	18	19	20	21	22	23	24	25	26	27	28
L	L	L	L	-	-	-	E	E	E	-	-	L	L	L	-	-	-	E	L	L	-	-	L	L	L	-	-
E	E	E	E	E	-	-	E	E	E	E	-	-	E	E	-	-	E	E	-	-	E	E	E	-	-	E	E
E	E	E	-	-	-	E	L	L	-	-	E	E	-	-	-	L	L	L	-	-	E	E	E	L	L	-	-
E	-	-	E	L	L	L	-	-	E	L	-	-	-	E	E	E	E	E	-	-	E	E	-	-	L	L	-
E	-	-	E	L	-	-	E	E	E	L	-	-	E	L	-	-	E	E	-	-	E	E	-	-	E	L	L
-	L	L	L	L	-	-	-	-	L	L	-	-	L	L	-	-	-	-	-	-	-	-	-	-	L	L	-
E	-	-	E	E	L	L	-	-	E	L	-	-	-	E	E	E	L	-	-	E	E	E	L	L	-	-	-
-	L	L	L	L	-	-	E	L	L	-	-	-	-	E	E	E	E	E	-	-	-	L	L	-	-	E	L
L	L	L	L	L	-	-	-	E	E	E	-	-	E	E	E	E	E	-	-	-	L	L	-	-	E	E	-
L	L	L	L	-	-	-	E	E	E	E	E	-	-	-	E	E	E	E	L	-	-	-	-	-	E	E	E
Objective 0: 5935
Objective 1: 85
Constr violation: -1
Restrictions violated:
0 0 0 0 0 0 0 1 

Individual 32
1	2	3	4	5	6	7	8	9	10	11	12	13	14	15	16	17	18	19	20	21	22	23	24	25	26	27	28
L	L	L	L	-	-	-	E	E	E	-	-	L	L	L	-	-	-	E	L	L	-	-	L	L	L	-	-
E	E	E	E	E	-	-	E	E	E	E	-	-	E	E	-	-	E	E	-	-	E	E	E	-	-	E	E
E	E	E	-	-	-	E	L	L	-	-	E	E	-	-	-	L	L	L	-	-	E	E	E	L	L	-	-
E	-	-	E	L	L	L	-	-	E	L	-	-	-	E	E	E	E	E	-	-	E	E	-	-	L	L	-
E	-	-	E	L	-	-	E	E	E	L	-	-	E	L	-	-	E	E	-	-	E	E	-	-	E	L	L
-	L	L	L	L	-	-	-	-	L	L	-	-	L	L	-	-	-	-	-	-	L	L	-	-	L	L	-
E	-	-	E	E	L	L	-	-	E	L	-	-	-	E	E	E	L	-	-	E	E	E	L	L	-	-	-
-	L	L	L	L	-	-	E	L	L	-	-	-	-	E	E	E	E	E	-	-	-	L	L	-	-	E	L
L	L	L	L	L	-	-	-	E	E	E	-	-	E	E	E	E	E	-	-	-	L	L	-	-	E	E	-
L	L	L	L	-	-	-	E	E	E	E	E	-	-	-	E	E	E	E	L	-	-	-	-	-	-	E	E
Objective 0: 5936
Objective 1: 87
Constr violation: -1
Restrictions violated:
0 0 0 0 0 0 0 1 

Individual 33
1	2	3	4	5	6	7	8	9	10	11	12	13	14	15	16	17	18	19	20	21	22	23	24	25	26	27	28
L	L	L	L	-	-	-	E	E	E	-	-	L	L	L	-	-	-	E	L	L	-	-	L	L	L	-	-
E	E	E	E	E	-	-	E	E	E	E	-	-	E	E	-	-	E	E	-	-	E	E	E	-	-	E	E
E	E	E	-	-	-	E	L	L	-	-	E	E	-	-	-	L	L	L	-	-	E	E	E	L	L	-	-
E	-	-	E	L	L	L	-	-	E	L	-	-	-	E	E	E	E	E	-	-	E	E	-	-	L	L	-
E	-	-	E	L	-	-	E	E	E	L	-	-	E	L	-	-	E	E	-	-	E	E	-	-	E	L	L
-	L	L	L	L	-	-	-	-	L	L	-	-	L	L	L	-	-	L	L	L	L	L	-	-	L	L	-
E	-	-	E	E	L	L	-	-	E	L	-	-	-	E	E	E	L	-	-	E	E	E	L	L	-	-	-
E	L	L	L	L	-	-	E	L	L	-	-	E	L	L	L	L	-	-	-	-	-	L	L	-	-	E	E
L	L	L	L	L	-	-	-	E	E	E	-	-	E	E	E	E	E	-	-	-	L	L	-	-	E	E	-
L	L	L	L	-	-	-	E	E	E	E	E	-	-	-	E	E	E	E	L	-	-	-	-	-	E	E	E
Objective 0: 4932
Objective 1: 86
Constr violation: -1
Restrictions violated:
0 0 0 0 0 0 1 0 

Individual 34
1	2	3	4	5	6	7	8	9	10	11	12	13	14	15	16	17	18	19	20	21	22	23	24	25	26	27	28
L	L	L	L	-	-	-	E	E	E	-	-	L	L	L	-	-	-	E	L	L	-	-	L	L	L	-	-
E	E	E	E	E	-	-	-	-	E	E	-	-	E	E	-	-	E	E	-	-	E	E	-	-	E	E	E
E	E	E	-	-	-	E	L	L	-	-	E	E	-	-	-	L	L	L	-	-	E	E	E	L	L	-	-
E	-	-	E	L	L	L	-	-	E	L	-	-	-	E	E	E	E	E	-	-	E	E	-	-	L	L	-
E	-	-	E	L	-	-	E	E	E	L	-	-	E	L	-	-	E	E	-	-	E	E	-	-	E	L	L
-	L	L	L	L	-	-	-	-	L	L	-	-	L	L	L	-	-	-	-	-	-	-	-	L	L	L	-
E	-	-	E	E	L	L	-	-	E	L	-	-	-	E	E	E	L	-	-	E	E	E	L	L	-	-	-
-	E	E	L	L	-	-	E	L	L	-	-	E	L	L	L	L	-	-	-	-	-	L	L	-	-	E	E
L	L	L	L	L	-	-	-	E	E	E	-	-	E	E	E	E	E	-	-	-	L	L	-	-	E	E	-
L	L	L	L	-	-	-	E	E	E	E	E	-	-	-	E	E	E	E	L	-	-	-	-	-	E	E	E
Objective 0: 5026
Objective 1: 84
Constr violation: -1
Restrictions violated:
0 0 0 0 0 0 0 1 

Individual 35
1	2	3	4	5	6	7	8	9	10	11	12	13	14	15	16	17	18	19	20	21	22	23	24	25	26	27	28
L	L	L	L	-	-	-	E	E	E	-	-	L	L	L	-	-	-	E	L	L	-	-	L	L	L	-	-
E	E	E	E	E	-	-	E	E	E	E	-	-	E	E	-	-	E	E	-	-	E	E	E	-	-	E	E
E	E	E	-	-	-	E	L	L	-	-	E	E	-	-	-	L	L	L	-	-	E	E	E	L	L	-	-
E	-	-	E	L	L	L	-	-	E	L	-	-	-	E	E	E	E	E	-	-	E	E	-	-	L	L	-
E	-	-	E	L	-	-	E	E	E	L	-	-	E	L	-	-	E	E	-	-	E	E	-	-	E	L	L
-	L	L	L	L	-	-	-	-	L	L	-	-	L	L	L	-	-	L	L	L	L	L	-	-	L	L	-
E	-	-	E	E	L	L	-	-	E	L	-	-	-	E	E	E	L	-	-	E	E	E	L	L	-	-	-
E	L	L	L	L	-	-	E	L	L	-	-	E	L	L	L	L	-	-	-	-	-	L	L	-	-	E	L
L	L	L	L	L	-	-	-	E	E	E	-	-	E	E	E	E	E	-	-	-	L	L	-	-	E	E	-
L	L	L	L	-	-	-	E	E	E	E	E	-	-	-	E	E	E	E	L	-	-	-	-	-	E	E	E
Objective 0: 5033
Objective 1: 86
Constr violation: -1
Restrictions violated:
0 0 0 0 0 0 1 0 

Individual 36
1	2	3	4	5	6	7	8	9	10	11	12	13	14	15	16	17	18	19	20	21	22	23	24	25	26	27	28
L	L	L	L	-	-	-	E	E	E	-	-	L	L	L	-	-	-	E	L	L	-	-	L	L	L	-	-
E	E	E	E	E	-	-	E	E	E	E	-	-	E	E	-	-	E	E	-	-	E	E	-	-	-	E	E
E	E	E	-	-	-	E	L	L	-	-	E	E	-	-	-	L	L	L	-	-	E	E	E	L	L	-	-
E	-	-	E	L	L	L	-	-	E	L	-	-	-	E	E	E	E	E	-	-	E	E	-	-	L	L	-
E	-	-	E	L	-	-	E	E	E	L	-	-	E	L	-	-	E	E	-	-	E	E	-	-	E	L	L
-	L	L	L	L	-	-	-	-	L	L	L	L	L	-	-	-	-	L	L	L	L	L	-	-	L	L	-
E	-	-	E	E	L	L	-	-	E	L	-	-	-	E	E	E	L	-	-	E	E	E	L	L	-	-	-
E	L	L	L	L	-	-	E	L	L	-	-	-	-	E	E	E	E	E	-	-	-	L	L	-	-	E	L
L	L	L	L	L	-	-	-	E	E	E	-	-	E	E	E	E	E	-	-	-	L	L	-	-	E	E	-
L	L	L	L	-	-	-	E	E	E	E	E	-	-	-	E	E	E	E	L	-	-	-	-	-	-	E	E
Objective 0: 5637
Objective 1: 92
Constr violation: -1
Restrictions violated:
0 0 0 0 0 0 1 0 

Individual 37
1	2	3	4	5	6	7	8	9	10	11	12	13	14	15	16	17	18	19	20	21	22	23	24	25	26	27	28
L	L	L	L	-	-	-	E	E	E	-	-	L	L	L	-	-	-	E	L	L	-	-	L	L	L	-	-
E	E	E	E	E	-	-	-	-	E	E	-	-	E	E	-	-	E	E	-	-	E	E	-	-	E	E	E
E	E	E	-	-	-	E	L	L	-	-	E	E	-	-	-	L	L	L	-	-	E	E	E	L	L	-	-
E	-	-	E	L	L	L	-	-	E	L	-	-	-	E	E	E	E	E	-	-	E	E	-	-	L	L	-
E	-	-	E	L	-	-	E	E	E	L	-	-	E	L	-	-	E	E	-	-	E	E	-	-	E	L	L
-	L	L	L	L	-	-	-	-	L	L	-	-	L	L	-	-	-	-	-	-	-	-	-	-	L	L	-
E	-	-	E	E	L	L	-	-	E	L	-	-	-	E	E	E	L	-	-	E	E	E	L	L	-	-	-
-	L	L	L	L	-	-	E	L	L	-	-	-	-	E	E	E	E	E	-	-	-	L	L	-	-	E	E
L	L	L	L	L	-	-	-	E	E	E	-	-	E	E	E	E	E	-	-	-	L	L	-	-	E	E	-
L	L	L	L	-	-	-	E	E	E	E	E	-	-	-	E	E	E	E	L	-	-	-	-	-	-	E	E
Objective 0: 5932
Objective 1: 87
Constr violation: -1
Restrictions violated:
0 0 0 0 0 0 0 1 

Individual 38
1	2	3	4	5	6	7	8	9	10	11	12	13	14	15	16	17	18	19	20	21	22	23	24	25	26	27	28
L	L	L	L	-	-	-	E	E	E	-	-	L	L	L	-	-	-	E	L	L	-	-	L	L	L	-	-
E	E	E	E	E	-	-	-	-	E	E	-	-	E	E	-	-	E	E	-	-	E	E	E	-	-	E	E
E	E	E	-	-	-	E	L	L	-	-	E	E	-	-	-	L	L	L	-	-	E	E	E	L	L	-	-
E	-	-	E	L	L	L	-	-	E	L	-	-	-	E	E	E	E	E	-	-	E	E	-	-	L	L	-
E	-	-	E	L	-	-	E	E	E	L	-	-	E	L	-	-	E	E	-	-	E	E	-	-	E	L	L
-	L	L	L	L	-	-	-	-	L	L	-	-	L	L	-	-	-	-	-	-	L	L	-	-	L	L	-
E	-	-	E	E	L	L	-	-	E	L	-	-	-	E	E	E	L	-	-	E	E	E	L	L	-	-	-
-	E	E	L	L	-	-	E	L	L	-	-	-	-	E	E	E	E	E	-	-	-	L	L	-	-	E	L
L	L	L	L	L	-	-	-	E	E	E	-	-	E	E	E	E	E	-	-	-	L	L	-	-	E	E	-
L	L	L	L	-	-	-	E	E	E	E	E	-	-	-	E	E	E	E	L	-	-	-	-	-	-	E	E
Objective 0: 5732
Objective 1: 91
Constr violation: -1
Restrictions violated:
0 0 0 0 0 0 0 1 

Individual 39
1	2	3	4	5	6	7	8	9	10	11	12	13	14	15	16	17	18	19	20	21	22	23	24	25	26	27	28
L	L	L	L	-	-	-	E	E	E	-	-	L	L	L	-	-	-	E	L	L	-	-	L	L	L	-	-
E	E	E	E	E	-	-	E	E	E	E	-	-	E	E	-	-	E	E	-	-	E	E	-	-	E	E	E
E	E	E	-	-	-	E	L	L	-	-	E	E	-	-	-	L	L	L	-	-	E	E	E	L	L	-	-
E	-	-	E	L	L	L	-	-	E	L	-	-	-	E	E	E	E	E	-	-	E	E	-	-	L	L	-
E	-	-	E	L	-	-	E	E	E	L	-	-	E	L	-	-	E	E	-	-	E	E	-	-	E	L	L
-	L	L	L	L	-	-	-	-	L	L	L	L	L	-	-	-	-	L	L	L	L	L	-	-	L	L	-
E	-	-	E	E	L	L	-	-	E	L	-	-	-	E	E	E	L	-	-	E	E	E	L	L	-	-	-
E	L	L	L	L	-	-	E	L	L	-	-	-	-	E	E	E	E	E	-	-	-	L	L	-	-	E	L
L	L	L	L	L	-	-	-	E	E	E	-	-	E	E	E	E	E	-	-	-	L	L	-	-	E	E	-
L	L	L	L	-	-	-	E	E	E	E	E	-	-	-	E	E	E	E	L	-	-	-	-	-	-	E	E
Objective 0: 5537
Objective 1: 90
Constr violation: -1
Restrictions violated:
0 0 0 0 0 0 1 0 

Individual 40
1	2	3	4	5	6	7	8	9	10	11	12	13	14	15	16	17	18	19	20	21	22	23	24	25	26	27	28
L	L	L	L	-	-	-	E	E	E	-	-	L	L	L	-	-	-	E	L	L	-	-	L	L	L	-	-
E	E	E	E	E	-	-	E	E	E	E	-	-	E	E	-	-	E	E	-	-	E	E	-	-	E	E	E
E	E	E	-	-	-	E	L	L	-	-	E	E	-	-	-	L	L	L	-	-	E	E	E	L	L	-	-
E	-	-	E	L	L	L	-	-	E	L	-	-	-	E	E	E	E	E	-	-	E	E	-	-	L	L	-
E	-	-	E	L	-	-	E	E	E	L	-	-	E	L	-	-	E	E	-	-	E	E	-	-	E	L	L
-	L	L	L	L	-	-	-	-	L	L	-	-	L	L	-	-	-	-	-	-	-	-	-	-	L	L	-
E	-	-	E	E	L	L	-	-	E	L	-	-	-	E	E	E	L	-	-	E	E	E	L	L	-	-	-
-	E	E	L	L	-	-	E	L	L	-	-	-	-	E	E	E	E	E	-	-	-	L	L	-	-	E	E
L	L	L	L	L	-	-	-	E	E	E	-	-	E	E	E	E	E	-	-	-	L	L	-	-	E	E	-
L	L	L	L	-	-	-	E	E	E	E	E	-	-	-	E	E	E	E	L	-	-	-	-	-	-	E	E
Objective 0: 5732
Objective 1: 83
Constr violation: -1
Restrictions violated:
0 0 0 0 0 0 0 1 

Individual 41
1	2	3	4	5	6	7	8	9	10	11	12	13	14	15	16	17	18	19	20	21	22	23	24	25	26	27	28
L	L	L	L	-	-	-	E	E	E	-	-	L	L	L	-	-	-	E	L	L	-	-	L	L	L	-	-
E	E	E	E	E	-	-	-	-	E	E	-	-	E	E	-	-	E	E	-	-	E	E	-	-	E	E	E
E	E	E	-	-	-	E	L	L	-	-	E	E	-	-	-	L	L	L	-	-	E	E	E	L	L	-	-
E	-	-	E	L	L	L	-	-	E	L	-	-	-	E	E	E	E	E	-	-	E	E	-	-	L	L	-
E	-	-	E	L	-	-	E	E	E	L	-	-	E	L	-	-	E	E	-	-	E	E	-	-	E	L	L
-	L	L	L	L	-	-	-	-	L	L	-	-	L	L	L	-	-	L	L	L	L	-	-	L	L	L	-
E	-	-	E	E	L	L	-	-	E	L	-	-	-	E	E	E	L	-	-	E	E	E	L	L	-	-	-
E	E	E	L	L	-	-	E	L	L	-	-	-	-	E	E	E	E	E	-	-	-	L	L	-	-	E	E
L	L	L	L	L	-	-	-	E	E	E	-	-	E	E	E	E	E	-	-	-	L	L	-	-	E	E	-
L	L	L	L	-	-	-	E	E	E	E	E	-	-	-	E	E	E	E	L	-	-	-	-	-	E	E	E
Objective 0: 5031
Objective 1: 88
Constr violation: -1
Restrictions violated:
0 0 0 0 0 0 1 0 

Individual 42
1	2	3	4	5	6	7	8	9	10	11	12	13	14	15	16	17	18	19	20	21	22	23	24	25	26	27	28
L	L	L	L	-	-	-	E	E	E	-	-	L	L	L	-	-	-	E	L	L	-	-	L	L	L	-	-
E	E	E	E	E	-	-	E	E	E	E	-	-	E	E	-	-	E	E	-	-	E	E	E	-	-	E	E
E	E	E	-	-	-	E	L	L	-	-	E	E	-	-	-	L	L	L	-	-	E	E	E	L	L	-	-
E	-	-	E	L	L	L	-	-	E	L	-	-	-	E	E	E	E	E	-	-	E	E	-	-	L	L	-
E	-	-	E	L	-	-	E	E	E	L	-	-	E	L	-	-	E	E	-	-	E	E	-	-	E	L	L
-	L	L	L	L	-	-	-	-	L	L	-	-	L	L	L	-	-	-	-	-	L	L	-	-	L	L	-
E	-	-	E	E	L	L	-	-	E	L	-	-	-	E	E	E	L	-	-	E	E	E	L	L	-	-	-
E	L	L	L	L	-	-	E	L	L	-	-	-	-	E	E	E	E	E	-	-	-	L	L	-	-	E	L
L	L	L	L	L	-	-	-	E	E	E	-	-	E	E	E	E	E	-	-	-	L	L	-	-	E	E	-
L	L	L	L	-	-	-	E	E	E	E	E	-	-	-	E	E	E	E	L	-	-	-	-	-	E	E	E
Objective 0: 5737
Objective 1: 84
Constr violation: -1
Restrictions violated:
0 0 0 0 0 0 0 1 

Individual 43
1	2	3	4	5	6	7	8	9	10	11	12	13	14	15	16	17	18	19	20	21	22	23	24	25	26	27	28
L	L	L	L	-	-	-	E	E	E	-	-	L	L	L	-	-	-	E	L	L	-	-	L	L	L	-	-
E	E	E	E	E	-	-	-	-	E	E	-	-	E	E	-	-	E	E	-	-	E	E	-	-	E	E	E
E	E	E	-	-	-	E	L	L	-	-	E	E	-	-	-	L	L	L	-	-	E	E	E	L	L	-	-
E	-	-	E	L	L	L	-	-	E	L	-	-	-	E	E	E	E	E	-	-	E	E	-	-	L	L	-
E	-	-	E	L	-	-	E	E	E	L	-	-	E	L	-	-	E	E	-	-	E	E	-	-	E	L	L
-	L	L	L	L	-	-	-	-	L	L	-	-	L	L	-	-	-	-	-	-	-	-	-	-	L	L	-
E	-	-	E	E	L	L	-	-	E	L	-	-	-	E	E	E	L	-	-	E	E	E	L	L	-	-	-
-	E	E	L	L	-	-	E	L	L	-	-	-	-	E	E	E	E	E	-	-	-	L	L	-	-	E	L
L	L	L	L	L	-	-	-	E	E	E	-	-	E	E	E	E	E	-	-	-	L	L	-	-	E	E	-
L	L	L	L	-	-	-	E	E	E	E	E	-	-	-	E	E	E	E	L	-	-	-	-	-	-	E	E
Objective 0: 5831
Objective 1: 87
Constr violation: -1
Restrictions violated:
0 0 0 0 0 0 0 1 

Individual 44
1	2	3	4	5	6	7	8	9	10	11	12	13	14	15	16	17	18	19	20	21	22	23	24	25	26	27	28
L	L	L	L	-	-	-	E	E	E	-	-	L	L	L	-	-	-	E	L	L	-	-	L	L	L	-	-
E	E	E	E	E	-	-	-	-	E	E	-	-	E	E	-	-	E	E	-	-	E	E	-	-	E	E	E
E	E	E	-	-	-	E	L	L	-	-	E	E	-	-	-	L	L	L	-	-	E	E	E	L	L	-	-
E	-	-	E	L	L	L	-	-	E	L	-	-	-	E	E	E	E	E	-	-	E	E	-	-	L	L	-
E	-	-	E	L	-	-	E	E	E	L	-	-	E	L	-	-	E	E	-	-	E	E	-	-	E	L	L
-	L	L	L	L	-	-	-	-	L	L	-	-	L	L	L	-	-	-	-	-	-	-	-	L	L	L	-
E	-	-	E	E	L	L	-	-	E	L	-	-	-	E	E	E	L	-	-	E	E	E	L	L	-	-	-
-	E	E	L	L	-	-	E	L	L	-	-	E	L	L	L	L	-	-	-	-	-	L	L	-	-	E	E
L	L	L	L	L	-	-	-	E	E	E	-	-	E	E	E	E	E	-	-	-	L	L	-	-	E	E	-
L	L	L	L	-	-	-	E	E	E	E	E	-	-	-	E	E	E	E	L	-	-	-	-	-	-	E	E
Objective 0: 5126
Objective 1: 84
Constr violation: -1
Restrictions violated:
0 0 0 0 0 0 0 1 

Individual 45
1	2	3	4	5	6	7	8	9	10	11	12	13	14	15	16	17	18	19	20	21	22	23	24	25	26	27	28
L	L	L	L	-	-	-	E	E	E	-	-	L	L	L	-	-	-	E	L	L	-	-	L	L	L	-	-
E	E	E	E	E	-	-	-	-	E	E	-	-	E	E	-	-	E	E	-	-	E	E	-	-	E	E	E
E	E	E	-	-	-	E	L	L	-	-	E	E	-	-	-	L	L	L	-	-	E	E	E	L	L	-	-
E	-	-	E	L	L	L	-	-	E	L	-	-	-	E	E	E	E	E	-	-	E	E	-	-	L	L	-
E	-	-	E	L	-	-	E	E	E	L	-	-	E	L	-	-	E	E	-	-	E	E	-	-	E	L	L
-	L	L	L	L	-	-	-	-	L	L	-	-	L	L	-	-	-	-	-	-	-	-	-	-	L	L	-
E	-	-	E	E	L	L	-	-	E	L	-	-	-	E	E	E	L	-	-	E	E	E	L	L	-	-	-
-	E	E	L	L	-	-	E	L	L	-	-	-	-	E	E	E	E	E	-	-	-	L	L	-	-	E	E
L	L	L	L	L	-	-	-	E	E	E	-	-	E	E	E	E	E	-	-	-	L	L	-	-	E	E	-
L	L	L	L	-	-	-	E	E	E	E	E	-	-	-	E	E	E	E	L	-	-	-	-	-	-	E	E
Objective 0: 5730
Objective 1: 87
Constr violation: -1
Restrictions violated:
0 0 0 0 0 0 0 1 

Individual 46
1	2	3	4	5	6	7	8	9	10	11	12	13	14	15	16	17	18	19	20	21	22	23	24	25	26	27	28
L	L	L	L	-	-	-	E	E	E	-	-	L	L	L	-	-	-	E	L	L	-	-	L	L	L	-	-
E	E	E	E	E	-	-	-	-	E	E	-	-	E	E	-	-	E	E	-	-	E	E	E	-	-	E	E
E	E	E	-	-	-	E	L	L	-	-	E	E	-	-	-	L	L	L	-	-	E	E	E	L	L	-	-
E	-	-	E	L	L	L	-	-	E	L	-	-	-	E	E	E	E	E	-	-	E	E	-	-	L	L	-
E	-	-	E	L	-	-	E	E	E	L	-	-	E	L	-	-	E	E	-	-	E	E	-	-	E	L	L
-	L	L	L	L	-	-	-	-	L	L	-	-	L	L	-	-	-	-	-	-	-	-	-	-	L	L	-
E	-	-	E	E	L	L	-	-	E	L	-	-	-	E	E	E	L	-	-	E	E	E	L	L	-	-	-
-	L	L	L	L	-	-	E	L	L	-	-	E	L	L	L	L	-	-	-	-	-	L	L	-	-	E	E
L	L	L	L	L	-	-	-	E	E	E	-	-	E	E	E	E	E	-	-	-	L	L	-	-	E	E	-
L	L	L	L	-	-	-	E	E	E	E	E	-	-	-	E	E	E	E	L	-	-	-	-	-	-	E	E
Objective 0: 5528
Objective 1: 89
Constr violation: -1
Restrictions violated:
0 0 0 0 0 0 0 1 

Individual 47
1	2	3	4	5	6	7	8	9	10	11	12	13	14	15	16	17	18	19	20	21	22	23	24	25	26	27	28
L	L	L	L	-	-	-	E	E	E	-	-	L	L	L	-	-	-	E	L	L	-	-	L	L	L	-	-
E	E	E	E	E	-	-	E	E	E	E	-	-	E	E	-	-	E	E	-	-	E	E	E	-	-	E	E
E	E	E	-	-	-	E	L	L	-	-	E	E	-	-	-	L	L	L	-	-	E	E	E	L	L	-	-
E	-	-	E	L	L	L	-	-	E	L	-	-	-	E	E	E	E	E	-	-	E	E	-	-	L	L	-
E	-	-	E	L	-	-	E	E	E	L	-	-	E	L	-	-	E	E	-	-	E	E	-	-	E	L	L
-	L	L	L	L	-	-	-	-	L	L	L	L	L	-	-	-	-	L	L	L	L	L	-	-	L	L	-
E	-	-	E	E	L	L	-	-	E	L	-	-	-	E	E	E	L	-	-	E	E	E	L	L	-	-	-
E	L	L	L	L	-	-	E	L	L	-	-	-	-	E	E	E	E	E	-	-	-	L	L	-	-	E	E
L	L	L	L	L	-	-	-	E	E	E	-	-	E	E	E	E	E	-	-	-	L	L	-	-	E	E	-
L	L	L	L	-	-	-	E	E	E	E	E	-	-	-	E	E	E	E	L	-	-	-	-	-	E	E	E
Objective 0: 5336
Objective 1: 92
Constr violation: -1
Restrictions violated:
0 0 0 0 0 0 1 0 

Individual 48
1	2	3	4	5	6	7	8	9	10	11	12	13	14	15	16	17	18	19	20	21	22	23	24	25	26	27	28
L	L	L	L	-	-	-	E	E	E	-	-	L	L	L	-	-	-	E	L	L	-	-	L	L	L	-	-
E	E	E	E	E	-	-	-	-	E	E	-	-	E	E	-	-	E	E	-	-	E	E	E	-	-	E	E
E	E	E	-	-	-	E	L	L	-	-	E	E	-	-	-	L	L	L	-	-	E	E	E	L	L	-	-
E	-	-	E	L	L	L	-	-	E	L	-	-	-	E	E	E	E	E	-	-	E	E	-	-	L	L	-
E	-	-	E	L	-	-	E	E	E	L	-	-	E	L	-	-	E	E	-	-	E	E	-	-	E	L	L
-	L	L	L	L	-	-	-	-	L	L	-	-	L	L	-	-	-	-	-	-	-	-	-	-	L	L	-
E	-	-	E	E	L	L	-	-	E	L	-	-	-	E	E	E	L	-	-	E	E	E	L	L	-	-	-
-	L	L	L	L	-	-	E	L	L	-	-	E	L	L	L	L	-	-	-	-	-	L	L	-	-	E	L
L	L	L	L	L	-	-	-	E	E	E	-	-	E	E	E	E	E	-	-	-	L	L	-	-	E	E	-
L	L	L	L	-	-	-	E	E	E	E	E	-	-	-	E	E	E	E	L	-	-	-	-	-	-	E	E
Objective 0: 5629
Objective 1: 89
Constr violation: -1
Restrictions violated:
0 0 0 0 0 0 0 1 

Individual 49
1	2	3	4	5	6	7	8	9	10	11	12	13	14	15	16	17	18	19	20	21	22	23	24	25	26	27	28
L	L	L	L	-	-	-	E	E	E	-	-	L	L	L	-	-	-	E	L	L	-	-	L	L	L	-	-
E	E	E	E	E	-	-	-	-	E	E	-	-	E	E	-	-	E	E	-	-	E	E	-	-	E	E	E
E	E	E	-	-	-	E	L	L	-	-	E	E	-	-	-	L	L	L	-	-	E	E	E	L	L	-	-
E	-	-	E	L	L	L	-	-	E	L	-	-	-	E	E	E	E	E	-	-	E	E	-	-	L	L	-
E	-	-	E	L	-	-	E	E	E	L	-	-	E	L	-	-	E	E	-	-	E	E	-	-	E	L	L
-	L	L	L	L	-	-	-	-	L	L	-	-	L	L	-	-	-	-	-	-	-	-	-	-	L	L	-
E	-	-	E	E	L	L	-	-	E	L	-	-	-	E	E	E	L	-	-	E	E	E	L	L	-	-	-
-	E	E	L	L	-	-	E	L	L	-	-	E	L	L	L	L	-	-	-	-	-	L	L	-	-	E	E
L	L	L	L	L	-	-	-	E	E	E	-	-	E	E	E	E	E	-	-	-	L	L	-	-	E	E	-
L	L	L	L	-	-	-	E	E	E	E	E	-	-	-	E	E	E	E	L	-	-	-	-	-	E	E	E
Objective 0: 5226
Objective 1: 87
Constr violation: -1
Restrictions violated:
0 0 0 0 0 0 0 1 

Individual 50
1	2	3	4	5	6	7	8	9	10	11	12	13	14	15	16	17	18	19	20	21	22	23	24	25	26	27	28
L	L	L	L	-	-	-	E	E	E	-	-	L	L	L	-	-	-	E	L	L	-	-	L	L	L	-	-
E	E	E	E	E	-	-	E	E	E	E	-	-	E	E	-	-	E	E	-	-	E	E	E	-	-	E	E
E	E	E	-	-	-	E	L	L	-	-	E	E	-	-	-	L	L	L	-	-	E	E	E	L	L	-	-
E	-	-	E	L	L	L	-	-	E	L	-	-	-	E	E	E	E	E	-	-	E	E	-	-	L	L	-
E	-	-	E	L	-	-	E	E	E	L	-	-	E	L	-	-	E	E	-	-	E	E	-	-	E	L	L
-	L	L	L	L	-	-	-	-	L	L	L	L	L	-	-	-	-	L	L	L	L	L	-	-	L	L	-
E	-	-	E	E	L	L	-	-	E	L	-	-	-	E	E	E	L	-	-	E	E	E	L	L	-	-	-
E	E	E	L	L	-	-	E	L	L	-	-	-	-	E	E	E	E	E	-	-	-	L	L	-	-	E	E
L	L	L	L	L	-	-	-	E	E	E	-	-	E	E	E	E	E	-	-	-	L	L	-	-	E	E	-
L	L	L	L	-	-	-	E	E	E	E	E	-	-	-	E	E	E	E	L	-	-	-	-	-	E	E	E
Objective 0: 5134
Objective 1: 92
Constr violation: -1
Restrictions violated:
0 0 0 0 0 0 1 0 

Individual 51
1	2	3	4	5	6	7	8	9	10	11	12	13	14	15	16	17	18	19	20	21	22	23	24	25	26	27	28
L	L	L	L	-	-	-	E	E	E	-	-	L	L	L	-	-	-	E	L	L	-	-	L	L	L	-	-
E	E	E	E	E	-	-	E	E	E	E	-	-	E	E	-	-	E	E	-	-	E	E	-	-	E	E	E
E	E	E	-	-	-	E	L	L	-	-	E	E	-	-	-	L	L	L	-	-	E	E	E	L	L	-	-
E	-	-	E	L	L	L	-	-	E	L	-	-	-	E	E	E	E	E	-	-	E	E	-	-	L	L	-
E	-	-	E	L	-	-	E	E	E	L	-	-	E	L	-	-	E	E	-	-	E	E	-	-	E	L	L
-	L	L	L	L	-	-	-	-	L	L	L	L	L	-	-	-	-	L	L	L	L	-	-	L	L	L	-
E	-	-	E	E	L	L	-	-	E	L	-	-	-	E	E	E	L	-	-	E	E	E	L	L	-	-	-
E	L	L	L	L	-	-	E	L	L	-	-	-	-	E	E	E	E	E	-	-	-	L	L	-	-	E	E
L	L	L	L	L	-	-	-	E	E	E	-	-	E	E	E	E	E	-	-	-	L	L	-	-	E	E	-
L	L	L	L	-	-	-	E	E	E	E	E	-	-	-	E	E	E	E	L	-	-	-	-	-	E	E	E
Objective 0: 5235
Objective 1: 90
Constr violation: -1
Restrictions violated:
0 0 0 0 0 0 1 0 

Individual 52
1	2	3	4	5	6	7	8	9	10	11	12	13	14	15	16	17	18	19	20	21	22	23	24	25	26	27	28
L	L	L	L	-	-	-	E	E	E	-	-	L	L	L	-	-	-	E	L	L	-	-	L	L	L	-	-
E	E	E	E	E	-	-	-	-	E	E	-	-	E	E	-	-	E	E	-	-	E	E	-	-	E	E	E
E	E	E	-	-	-	E	L	L	-	-	E	E	-	-	-	L	L	L	-	-	E	E	E	L	L	-	-
E	-	-	E	L	L	L	-	-	E	L	-	-	-	E	E	E	E	E	-	-	E	E	-	-	L	L	-
E	-	-	E	L	-	-	E	E	E	L	-	-	E	L	-	-	E	E	-	-	E	E	-	-	E	L	L
-	L	L	L	L	-	-	-	-	L	L	-	-	L	L	-	-	-	-	-	-	-	-	-	-	L	L	-
E	-	-	E	E	L	L	-	-	E	L	-	-	-	E	E	E	L	-	-	E	E	E	L	L	-	-	-
-	E	E	L	L	-	-	E	L	L	-	-	E	L	L	L	L	-	-	-	-	-	L	L	-	-	E	E
L	L	L	L	L	-	-	-	E	E	E	-	-	E	E	E	E	E	-	-	-	L	L	-	-	E	E	-
L	L	L	L	-	-	-	E	E	E	E	E	-	-	-	E	E	E	E	L	-	-	-	-	-	-	E	E
Objective 0: 5326
Objective 1: 87
Constr violation: -1
Restrictions violated:
0 0 0 0 0 0 0 1 

Individual 53
1	2	3	4	5	6	7	8	9	10	11	12	13	14	15	16	17	18	19	20	21	22	23	24	25	26	27	28
L	L	L	L	-	-	-	E	E	E	-	-	L	L	L	-	-	-	E	L	L	-	-	L	L	L	-	-
E	E	E	E	E	-	-	-	E	E	E	-	-	E	E	-	-	E	E	-	-	E	E	E	-	-	E	E
E	E	E	-	-	-	E	L	L	-	-	E	E	-	-	-	L	L	L	-	-	E	E	E	L	L	-	-
E	-	-	E	L	L	L	-	-	E	L	-	-	-	E	E	E	E	E	-	-	E	E	-	-	L	L	-
E	-	-	E	L	-	-	E	E	E	L	-	-	E	L	-	-	E	E	-	-	E	E	-	-	E	L	L
-	L	L	L	L	-	-	-	-	L	L	L	L	L	-	-	-	-	L	L	L	L	-	-	L	L	L	-
E	-	-	E	E	L	L	-	-	E	L	-	-	-	E	E	E	L	-	-	E	E	E	L	L	-	-	-
-	E	E	L	L	-	-	E	L	L	-	-	E	L	L	L	L	-	-	-	-	-	L	L	-	-	E	E
L	L	L	L	L	-	-	-	E	E	E	-	-	E	E	E	E	E	-	-	-	L	L	-	-	E	E	-
L	L	L	L	-	-	-	E	E	E	E	E	-	-	-	E	E	E	E	L	-	-	-	-	-	-	E	E
Objective 0: 4727
Objective 1: 94
Constr violation: -1
Restrictions violated:
0 0 0 0 0 0 1 0 

Individual 54
1	2	3	4	5	6	7	8	9	10	11	12	13	14	15	16	17	18	19	20	21	22	23	24	25	26	27	28
L	L	L	L	-	-	-	E	E	E	-	-	L	L	L	-	-	-	E	L	L	-	-	L	L	L	-	-
E	E	E	E	E	-	-	E	E	E	E	-	-	E	E	-	-	E	E	-	-	E	E	-	-	E	E	E
E	E	E	-	-	-	E	L	L	-	-	E	E	-	-	-	L	L	L	-	-	E	E	E	L	L	-	-
E	-	-	E	L	L	L	-	-	E	L	-	-	-	E	E	E	E	E	-	-	E	E	-	-	L	L	-
E	-	-	E	L	-	-	E	E	E	L	-	-	E	L	-	-	E	E	-	-	E	E	-	-	E	L	L
-	L	L	L	L	-	-	-	-	L	L	-	-	L	L	L	-	-	-	-	-	L	L	-	-	L	L	-
E	-	-	E	E	L	L	-	-	E	L	-	-	-	E	E	E	L	-	-	E	E	E	L	L	-	-	-
E	E	E	L	L	-	-	E	L	L	-	-	-	-	E	E	E	E	E	-	-	-	L	L	-	-	E	E
L	L	L	L	L	-	-	-	E	E	E	-	-	E	E	E	E	E	-	-	-	L	L	-	-	E	E	-
L	L	L	L	-	-	-	E	E	E	E	E	-	-	-	E	E	E	E	L	-	-	-	-	-	E	E	E
Objective 0: 5434
Objective 1: 82
Constr violation: -1
Restrictions violated:
0 0 0 0 0 0 0 1 

Individual 55
1	2	3	4	5	6	7	8	9	10	11	12	13	14	15	16	17	18	19	20	21	22	23	24	25	26	27	28
L	L	L	L	-	-	-	E	E	E	-	-	L	L	L	-	-	-	E	L	L	-	-	L	L	L	-	-
E	E	E	E	E	-	-	E	E	E	E	-	-	E	E	-	-	E	E	-	-	E	E	-	-	E	E	E
E	E	E	-	-	-	E	L	L	-	-	E	E	-	-	-	L	L	L	-	-	E	E	E	L	L	-	-
E	-	-	E	L	L	L	-	-	E	L	-	-	-	E	E	E	E	E	-	-	E	E	-	-	L	L	-
E	-	-	E	L	-	-	E	E	E	L	-	-	E	L	-	-	E	E	-	-	E	E	-	-	E	L	L
-	L	L	L	L	-	-	-	-	L	L	L	L	L	-	-	-	-	L	L	L	L	L	-	-	L	L	-
E	-	-	E	E	L	L	-	-	E	L	-	-	-	E	E	E	L	-	-	E	E	E	L	L	-	-	-
E	E	E	L	L	-	-	E	L	L	-	-	E	L	L	L	L	-	-	-	-	-	L	L	-	-	E	E
L	L	L	L	L	-	-	-	E	E	E	-	-	E	E	E	E	E	-	-	-	L	L	-	-	E	E	-
L	L	L	L	-	-	-	E	E	E	E	E	-	-	-	E	E	E	E	L	-	-	-	-	-	E	E	E
Objective 0: 4730
Objective 1: 90
Constr violation: -1
Restrictions violated:
0 0 0 0 0 0 1 0 

Individual 56
1	2	3	4	5	6	7	8	9	10	11	12	13	14	15	16	17	18	19	20	21	22	23	24	25	26	27	28
L	L	L	L	-	-	-	E	E	E	-	-	L	L	L	-	-	-	E	L	L	-	-	L	L	L	-	-
E	E	E	E	E	-	-	-	-	E	E	-	-	E	E	-	-	E	E	-	-	E	E	-	-	E	E	E
E	E	E	-	-	-	E	L	L	-	-	E	E	-	-	-	L	L	L	-	-	E	E	E	L	L	-	-
E	-	-	E	L	L	L	-	-	E	L	-	-	-	E	E	E	E	E	-	-	E	E	-	-	L	L	-
E	-	-	E	L	-	-	E	E	E	L	-	-	E	L	-	-	E	E	-	-	E	E	-	-	E	L	L
-	L	L	L	L	-	-	-	-	L	L	L	L	L	-	-	-	-	L	L	L	L	-	-	L	L	L	-
E	-	-	E	E	L	L	-	-	E	L	-	-	-	E	E	E	L	-	-	E	E	E	L	L	-	-	-
E	L	L	L	L	-	-	E	L	L	-	-	-	-	E	E	E	E	E	-	-	-	L	L	-	-	E	E
L	L	L	L	L	-	-	-	E	E	E	-	-	E	E	E	E	E	-	-	-	L	L	-	-	E	E	-
L	L	L	L	-	-	-	E	E	E	E	E	-	-	-	E	E	E	E	L	-	-	-	-	-	E	E	E
Objective 0: 5233
Objective 1: 94
Constr violation: -1
Restrictions violated:
0 0 0 0 0 0 1 0 

Individual 57
1	2	3	4	5	6	7	8	9	10	11	12	13	14	15	16	17	18	19	20	21	22	23	24	25	26	27	28
L	L	L	L	-	-	-	E	E	E	-	-	L	L	L	-	-	-	E	L	L	-	-	L	L	L	-	-
E	E	E	E	E	-	-	E	E	E	E	-	-	E	E	-	-	E	E	-	-	E	E	-	-	E	E	E
E	E	E	-	-	-	E	L	L	-	-	E	E	-	-	-	L	L	L	-	-	E	E	E	L	L	-	-
E	-	-	E	L	L	L	-	-	E	L	-	-	-	E	E	E	E	E	-	-	E	E	-	-	L	L	-
E	-	-	E	L	-	-	E	E	E	L	-	-	E	L	-	-	E	E	-	-	E	E	-	-	E	L	L
-	L	L	L	L	-	-	-	-	L	L	-	-	L	L	-	-	-	-	-	-	-	-	-	-	L	L	-
E	-	-	E	E	L	L	-	-	E	L	-	-	-	E	E	E	L	-	-	E	E	E	L	L	-	-	-
-	E	E	L	L	-	-	E	L	L	-	-	E	L	L	L	L	-	-	-	-	-	L	L	-	-	E	E
L	L	L	L	L	-	-	-	E	E	E	-	-	E	E	E	E	E	-	-	-	L	L	-	-	E	E	-
L	L	L	L	-	-	-	E	E	E	E	E	-	-	-	E	E	E	E	L	-	-	-	-	-	E	E	E
Objective 0: 5228
Objective 1: 83
Constr violation: -1
Restrictions violated:
0 0 0 0 0 0 0 1 

Individual 58
1	2	3	4	5	6	7	8	9	10	11	12	13	14	15	16	17	18	19	20	21	22	23	24	25	26	27	28
L	L	L	L	-	-	-	E	E	E	-	-	L	L	L	-	-	-	E	L	L	-	-	L	L	L	-	-
E	E	E	E	E	-	-	-	-	E	E	-	-	E	E	-	-	E	E	-	-	E	E	-	-	E	E	E
E	E	E	-	-	-	E	L	L	-	-	E	E	-	-	-	L	L	L	-	-	E	E	E	L	L	-	-
E	-	-	E	L	L	L	-	-	E	L	-	-	-	E	E	E	E	E	-	-	E	E	-	-	L	L	-
E	-	-	E	L	-	-	E	E	E	L	-	-	E	L	-	-	E	E	-	-	E	E	-	-	E	L	L
-	L	L	L	L	-	-	-	-	L	L	-	-	L	L	L	-	-	-	-	-	-	-	-	L	L	L	-
E	-	-	E	E	L	L	-	-	E	L	-	-	-	E	E	E	L	-	-	E	E	E	L	L	-	-	-
E	E	E	L	L	-	-	E	L	L	-	-	E	L	L	L	L	-	-	-	-	-	L	L	-	-	E	E
L	L	L	L	L	-	-	-	E	E	E	-	-	E	E	E	E	E	-	-	-	L	L	-	-	E	E	-
L	L	L	L	-	-	-	E	E	E	E	E	-	-	-	E	E	E	E	L	-	-	-	-	-	E	E	E
Objective 0: 5027
Objective 1: 84
Constr violation: -1
Restrictions violated:
0 0 0 0 0 0 0 1 

Individual 59
1	2	3	4	5	6	7	8	9	10	11	12	13	14	15	16	17	18	19	20	21	22	23	24	25	26	27	28
L	L	L	L	-	-	-	E	E	E	-	-	L	L	L	-	-	-	E	L	L	-	-	L	L	L	-	-
E	E	E	E	E	-	-	-	-	E	E	-	-	E	E	-	-	E	E	-	-	E	E	-	-	E	E	E
E	E	E	-	-	-	E	L	L	-	-	E	E	-	-	-	L	L	L	-	-	E	E	E	L	L	-	-
E	-	-	E	L	L	L	-	-	E	L	-	-	-	E	E	E	E	E	-	-	E	E	-	-	L	L	-
E	-	-	E	L	-	-	E	E	E	L	-	-	E	L	-	-	E	E	-	-	E	E	-	-	E	L	L
-	L	L	L	L	-	-	-	-	L	L	-	-	L	L	L	-	-	L	L	L	L	L	-	-	L	L	-
E	-	-	E	E	L	L	-	-	E	L	-	-	-	E	E	E	L	-	-	E	E	E	L	L	-	-	-
E	L	L	L	L	-	-	E	L	L	-	-	E	L	L	L	L	-	-	-	-	-	L	L	-	-	E	L
L	L	L	L	L	-	-	-	E	E	E	-	-	E	E	E	E	E	-	-	-	L	L	-	-	E	E	-
L	L	L	L	-	-	-	E	E	E	E	E	-	-	-	E	E	E	E	L	-	-	-	-	-	-	E	E
Objective 0: 5131
Objective 1: 88
Constr violation: -1
Restrictions violated:
0 0 0 0 0 0 1 0 

Individual 60
1	2	3	4	5	6	7	8	9	10	11	12	13	14	15	16	17	18	19	20	21	22	23	24	25	26	27	28
L	L	L	L	-	-	-	E	E	E	-	-	L	L	L	-	-	-	E	L	L	-	-	L	L	L	-	-
E	E	E	E	E	-	-	E	E	E	E	-	-	E	E	-	-	E	E	-	-	E	E	-	-	E	E	E
E	E	E	-	-	-	E	L	L	-	-	E	E	-	-	-	L	L	L	-	-	E	E	E	L	L	-	-
E	-	-	E	L	L	L	-	-	E	L	-	-	-	E	E	E	E	E	-	-	E	E	-	-	L	L	-
E	-	-	E	L	-	-	E	E	E	L	-	-	E	L	-	-	E	E	-	-	E	E	-	-	E	L	L
-	L	L	L	L	-	-	-	-	L	L	-	-	L	L	-	-	-	-	-	-	-	-	-	-	L	L	-
E	-	-	E	E	L	L	-	-	E	L	-	-	-	E	E	E	L	-	-	E	E	E	L	L	-	-	-
E	E	E	L	L	-	-	E	L	L	-	-	-	-	E	E	E	E	E	-	-	-	L	L	-	-	E	L
L	L	L	L	L	-	-	-	E	E	E	-	-	E	E	E	E	E	-	-	-	L	L	-	-	E	E	-
L	L	L	L	-	-	-	E	E	E	E	E	-	-	-	E	E	E	E	L	-	-	-	-	-	-	E	E
Objective 0: 5834
Objective 1: 83
Constr violation: -1
Restrictions violated:
0 0 0 0 0 0 0 1 

Individual 61
1	2	3	4	5	6	7	8	9	10	11	12	13	14	15	16	17	18	19	20	21	22	23	24	25	26	27	28
L	L	L	L	-	-	-	E	E	E	-	-	L	L	L	-	-	-	E	L	L	-	-	L	L	L	-	-
E	E	E	E	E	-	-	-	E	E	E	-	-	E	E	-	-	E	E	-	-	E	E	E	-	-	E	E
E	E	E	-	-	-	E	L	L	-	-	E	E	-	-	-	L	L	L	-	-	E	E	E	L	L	-	-
E	-	-	E	L	L	L	-	-	E	L	-	-	-	E	E	E	E	E	-	-	E	E	-	-	L	L	-
E	-	-	E	L	-	-	E	E	E	L	-	-	E	L	-	-	E	E	-	-	E	E	-	-	E	L	L
-	L	L	L	L	-	-	-	-	L	L	-	-	L	L	L	-	-	-	-	-	L	L	-	-	L	L	-
E	-	-	E	E	L	L	-	-	E	L	-	-	-	E	E	E	L	-	-	E	E	E	L	L	-	-	-
E	L	L	L	L	-	-	E	L	L	-	-	-	-	E	E	E	E	E	-	-	-	L	L	-	-	E	E
L	L	L	L	L	-	-	-	E	E	E	-	-	E	E	E	E	E	-	-	-	L	L	-	-	E	E	-
L	L	L	L	-	-	-	E	E	E	E	E	-	-	-	E	E	E	E	L	-	-	-	-	-	E	E	E
Objective 0: 5635
Objective 1: 86
Constr violation: -1
Restrictions violated:
0 0 0 0 0 0 0 1 

Individual 62
1	2	3	4	5	6	7	8	9	10	11	12	13	14	15	16	17	18	19	20	21	22	23	24	25	26	27	28
L	L	L	L	-	-	-	E	E	E	-	-	L	L	L	-	-	-	E	L	L	-	-	L	L	L	-	-
E	E	E	E	E	-	-	-	-	E	E	-	-	E	E	-	-	E	E	-	-	E	E	-	-	E	E	E
E	E	E	-	-	-	E	L	L	-	-	E	E	-	-	-	L	L	L	-	-	E	E	E	L	L	-	-
E	-	-	E	L	L	L	-	-	E	L	-	-	-	E	E	E	E	E	-	-	E	E	-	-	L	L	-
E	-	-	E	L	-	-	E	E	E	L	-	-	E	L	-	-	E	E	-	-	E	E	-	-	E	L	L
-	L	L	L	L	-	-	-	-	L	L	-	-	L	L	-	-	-	-	-	-	-	-	-	-	L	L	-
E	-	-	E	E	L	L	-	-	E	L	-	-	-	E	E	E	L	-	-	E	E	E	L	L	-	-	-
E	L	L	L	L	-	-	E	L	L	-	-	-	-	E	E	E	E	E	-	-	-	L	L	-	-	E	E
L	L	L	L	L	-	-	-	E	E	E	-	-	E	E	E	E	E	-	-	-	L	L	-	-	E	E	-
L	L	L	L	-	-	-	E	E	E	E	E	-	-	-	E	E	E	E	L	-	-	-	-	-	-	E	E
Objective 0: 5933
Objective 1: 87
Constr violation: -1
Restrictions violated:
0 0 0 0 0 0 0 1 

Individual 63
1	2	3	4	5	6	7	8	9	10	11	12	13	14	15	16	17	18	19	20	21	22	23	24	25	26	27	28
L	L	L	L	-	-	-	E	E	E	-	-	L	L	L	-	-	-	E	L	L	-	-	L	L	L	-	-
E	E	E	E	E	-	-	-	-	E	E	-	-	E	E	-	-	E	E	-	-	E	E	-	-	E	E	E
E	E	E	-	-	-	E	L	L	-	-	E	E	-	-	-	L	L	L	-	-	E	E	E	L	L	-	-
E	-	-	E	L	L	L	-	-	E	L	-	-	-	E	E	E	E	E	-	-	E	E	-	-	L	L	-
E	-	-	E	L	-	-	E	E	E	L	-	-	E	L	-	-	E	E	-	-	E	E	-	-	E	L	L
-	L	L	L	L	-	-	-	-	L	L	-	-	L	L	L	-	-	L	L	L	L	-	-	L	L	L	-
E	-	-	E	E	L	L	-	-	E	L	-	-	-	E	E	E	L	-	-	E	E	E	L	L	-	-	-
E	L	L	L	L	-	-	E	L	L	-	-	E	L	L	L	L	-	-	-	-	-	L	L	-	-	E	E
L	L	L	L	L	-	-	-	E	E	E	-	-	E	E	E	E	E	-	-	-	L	L	-	-	E	E	-
L	L	L	L	-	-	-	E	E	E	E	E	-	-	-	E	E	E	E	L	-	-	-	-	-	-	E	E
Objective 0: 4929
Objective 1: 88
Constr violation: -1
Restrictions violated:
0 0 0 0 0 0 1 0 

Individual 64
1	2	3	4	5	6	7	8	9	10	11	12	13	14	15	16	17	18	19	20	21	22	23	24	25	26	27	28
L	L	L	L	-	-	-	E	E	E	-	-	L	L	L	-	-	-	E	L	L	-	-	L	L	L	-	-
E	E	E	E	E	-	-	E	E	E	E	-	-	E	E	-	-	E	E	-	-	E	E	-	-	E	E	E
E	E	E	-	-	-	E	L	L	-	-	E	E	-	-	-	L	L	L	-	-	E	E	E	L	L	-	-
E	-	-	E	L	L	L	-	-	E	L	-	-	-	E	E	E	E	E	-	-	E	E	-	-	L	L	-
E	-	-	E	L	-	-	E	E	E	L	-	-	E	L	-	-	E	E	-	-	E	E	-	-	E	L	L
-	L	L	L	L	-	-	-	-	L	L	-	-	L	L	L	-	-	-	-	-	-	-	-	L	L	L	-
E	-	-	E	E	L	L	-	-	E	L	-	-	-	E	E	E	L	-	-	E	E	E	L	L	-	-	-
-	E	E	L	L	-	-	E	L	L	-	-	-	-	E	E	E	E	E	-	-	-	L	L	-	-	E	L
L	L	L	L	L	-	-	-	E	E	E	-	-	E	E	E	E	E	-	-	-	L	L	-	-	E	E	-
L	L	L	L	-	-	-	E	E	E	E	E	-	-	-	E	E	E	E	L	-	-	-	-	-	-	E	E
Objective 0: 5633
Objective 1: 80
Constr violation: -1
Restrictions violated:
0 0 0 0 0 0 0 1 

Individual 65
1	2	3	4	5	6	7	8	9	10	11	12	13	14	15	16	17	18	19	20	21	22	23	24	25	26	27	28
L	L	L	L	-	-	-	E	E	E	-	-	L	L	L	-	-	-	E	L	L	-	-	L	L	L	-	-
E	E	E	E	E	-	-	E	E	E	E	-	-	E	E	-	-	E	E	-	-	E	E	E	-	-	E	E
E	E	E	-	-	-	E	L	L	-	-	E	E	-	-	-	L	L	L	-	-	E	E	E	L	L	-	-
E	-	-	E	L	L	L	-	-	E	L	-	-	-	E	E	E	E	E	-	-	E	E	-	-	L	L	-
E	-	-	E	L	-	-	E	E	E	L	-	-	E	L	-	-	E	E	-	-	E	E	-	-	E	L	L
-	L	L	L	L	-	-	-	-	L	L	-	-	L	L	L	-	-	-	-	-	-	-	-	L	L	L	-
E	-	-	E	E	L	L	-	-	E	L	-	-	-	E	E	E	L	-	-	E	E	E	L	L	-	-	-
-	E	E	L	L	-	-	E	L	L	-	-	-	-	E	E	E	E	E	-	-	-	L	L	-	-	E	L
L	L	L	L	L	-	-	-	E	E	E	-	-	E	E	E	E	E	-	-	-	L	L	-	-	E	E	-
L	L	L	L	-	-	-	E	E	E	E	E	-	-	-	E	E	E	E	L	-	-	-	-	-	E	E	E
Objective 0: 5533
Objective 1: 82
Constr violation: -1
Restrictions violated:
0 0 0 0 0 0 0 1 

Individual 66
1	2	3	4	5	6	7	8	9	10	11	12	13	14	15	16	17	18	19	20	21	22	23	24	25	26	27	28
L	L	L	L	-	-	-	E	E	E	-	-	L	L	L	-	-	-	E	L	L	-	-	L	L	L	-	-
E	E	E	E	E	-	-	E	E	E	E	-	-	E	E	-	-	E	E	-	-	E	E	-	-	-	E	E
E	E	E	-	-	-	E	L	L	-	-	E	E	-	-	-	L	L	L	-	-	E	E	E	L	L	-	-
E	-	-	E	L	L	L	-	-	E	L	-	-	-	E	E	E	E	E	-	-	E	E	-	-	L	L	-
E	-	-	E	L	-	-	E	E	E	L	-	-	E	L	-	-	E	E	-	-	E	E	-	-	E	L	L
-	L	L	L	L	-	-	-	-	L	L	-	-	L	L	L	-	-	-	-	-	L	L	-	-	L	L	-
E	-	-	E	E	L	L	-	-	E	L	-	-	-	E	E	E	L	-	-	E	E	E	L	L	-	-	-
-	E	E	L	L	-	-	E	L	L	-	-	E	L	L	L	L	-	-	-	-	-	L	L	-	-	E	E
L	L	L	L	L	-	-	-	E	E	E	-	-	E	E	E	E	E	-	-	-	L	L	-	-	E	E	-
L	L	L	L	-	-	-	E	E	E	E	E	-	-	-	E	E	E	E	L	-	-	-	-	-	E	E	E
Objective 0: 5129
Objective 1: 84
Constr violation: -1
Restrictions violated:
0 0 0 0 0 0 0 1 

Individual 67
1	2	3	4	5	6	7	8	9	10	11	12	13	14	15	16	17	18	19	20	21	22	23	24	25	26	27	28
L	L	L	L	-	-	-	E	E	E	-	-	L	L	L	-	-	-	E	L	L	-	-	L	L	L	-	-
E	E	E	E	E	-	-	-	-	E	E	-	-	E	E	-	-	E	E	-	-	E	E	-	-	E	E	E
E	E	E	-	-	-	E	L	L	-	-	E	E	-	-	-	L	L	L	-	-	E	E	E	L	L	-	-
E	-	-	E	L	L	L	-	-	E	L	-	-	-	E	E	E	E	E	-	-	E	E	-	-	L	L	-
E	-	-	E	L	-	-	E	E	E	L	-	-	E	L	-	-	E	E	-	-	E	E	-	-	E	L	L
-	L	L	L	L	-	-	-	-	L	L	-	-	L	L	-	-	-	-	-	-	-	-	-	-	L	L	-
E	-	-	E	E	L	L	-	-	E	L	-	-	-	E	E	E	L	-	-	E	E	E	L	L	-	-	-
-	E	E	L	L	-	-	E	L	L	-	-	-	-	E	E	E	E	E	-	-	-	L	L	-	-	E	E
L	L	L	L	L	-	-	-	E	E	E	-	-	E	E	E	E	E	-	-	-	L	L	-	-	E	E	-
L	L	L	L	-	-	-	E	E	E	E	E	-	-	-	E	E	E	E	L	-	-	-	-	-	-	E	E
Objective 0: 5730
Objective 1: 87
Constr violation: -1
Restrictions violated:
0 0 0 0 0 0 0 1 

Individual 68
1	2	3	4	5	6	7	8	9	10	11	12	13	14	15	16	17	18	19	20	21	22	23	24	25	26	27	28
L	L	L	L	-	-	-	E	E	E	-	-	L	L	L	-	-	-	E	L	L	-	-	L	L	L	-	-
E	E	E	E	E	-	-	E	E	E	E	-	-	E	E	-	-	E	E	-	-	E	E	-	-	E	E	E
E	E	E	-	-	-	E	L	L	-	-	E	E	-	-	-	L	L	L	-	-	E	E	E	L	L	-	-
E	-	-	E	L	L	L	-	-	E	L	-	-	-	E	E	E	E	E	-	-	E	E	-	-	L	L	-
E	-	-	E	L	-	-	E	E	E	L	-	-	E	L	-	-	E	E	-	-	E	E	-	-	E	L	L
-	L	L	L	L	-	-	-	-	L	L	-	-	L	L	-	-	-	-	-	-	-	-	-	-	L	L	-
E	-	-	E	E	L	L	-	-	E	L	-	-	-	E	E	E	L	-	-	E	E	E	L	L	-	-	-
-	E	E	L	L	-	-	E	L	L	-	-	E	L	L	L	L	-	-	-	-	-	L	L	-	-	E	E
L	L	L	L	L	-	-	-	E	E	E	-	-	E	E	E	E	E	-	-	-	L	L	-	-	E	E	-
L	L	L	L	-	-	-	E	E	E	E	E	-	-	-	E	E	E	E	L	-	-	-	-	-	-	E	E
Objective 0: 5328
Objective 1: 83
Constr violation: -1
Restrictions violated:
0 0 0 0 0 0 0 1 

Individual 69
1	2	3	4	5	6	7	8	9	10	11	12	13	14	15	16	17	18	19	20	21	22	23	24	25	26	27	28
L	L	L	L	-	-	-	E	E	E	-	-	L	L	L	-	-	-	E	L	L	-	-	L	L	L	-	-
E	E	E	E	E	-	-	E	E	E	E	-	-	E	E	-	-	E	E	-	-	E	E	E	-	-	E	E
E	E	E	-	-	-	E	L	L	-	-	E	E	-	-	-	L	L	L	-	-	E	E	E	L	L	-	-
E	-	-	E	L	L	L	-	-	E	L	-	-	-	E	E	E	E	E	-	-	E	E	-	-	L	L	-
E	-	-	E	L	-	-	E	E	E	L	-	-	E	L	-	-	E	E	-	-	E	E	-	-	E	L	L
-	L	L	L	L	-	-	-	-	L	L	-	-	L	L	-	-	-	-	-	-	-	-	-	-	L	L	-
E	-	-	E	E	L	L	-	-	E	L	-	-	-	E	E	E	L	-	-	E	E	E	L	L	-	-	-
-	E	E	L	L	-	-	E	L	L	-	-	E	L	L	L	L	-	-	-	-	-	L	L	-	-	E	L
L	L	L	L	L	-	-	-	E	E	E	-	-	E	E	E	E	E	-	-	-	L	L	-	-	E	E	-
L	L	L	L	-	-	-	E	E	E	E	E	-	-	-	E	E	E	E	L	-	-	-	-	-	-	E	E
Objective 0: 5429
Objective 1: 85
Constr violation: -1
Restrictions violated:
0 0 0 0 0 0 0 1 

Individual 70
1	2	3	4	5	6	7	8	9	10	11	12	13	14	15	16	17	18	19	20	21	22	23	24	25	26	27	28
L	L	L	L	-	-	-	E	E	E	-	-	L	L	L	-	-	-	E	L	L	-	-	L	L	L	-	-
E	E	E	E	E	-	-	E	E	E	E	-	-	E	E	-	-	E	E	-	-	E	E	-	-	-	E	E
E	E	E	-	-	-	E	L	L	-	-	E	E	-	-	-	L	L	L	-	-	E	E	E	L	L	-	-
E	-	-	E	L	L	L	-	-	E	L	-	-	-	E	E	E	E	E	-	-	E	E	-	-	L	L	-
E	-	-	E	L	-	-	E	E	E	L	-	-	E	L	-	-	E	E	-	-	E	E	-	-	E	L	L
-	L	L	L	L	-	-	-	-	L	L	-	-	L	L	-	-	-	-	-	-	-	-	-	-	L	L	-
E	-	-	E	E	L	L	-	-	E	L	-	-	-	E	E	E	L	-	-	E	E	E	L	L	-	-	-
E	L	L	L	L	-	-	E	L	L	-	-	E	L	L	L	L	-	-	-	-	-	L	L	-	-	E	E
L	L	L	L	L	-	-	-	E	E	E	-	-	E	E	E	E	E	-	-	-	L	L	-	-	E	E	-
L	L	L	L	-	-	-	E	E	E	E	E	-	-	-	E	E	E	E	L	-	-	-	-	-	-	E	E
Objective 0: 5631
Objective 1: 85
Constr violation: -1
Restrictions violated:
0 0 0 0 0 0 0 1 

Individual 71
1	2	3	4	5	6	7	8	9	10	11	12	13	14	15	16	17	18	19	20	21	22	23	24	25	26	27	28
L	L	L	L	-	-	-	E	E	E	-	-	L	L	L	-	-	-	E	L	L	-	-	L	L	L	-	-
E	E	E	E	E	-	-	E	E	E	E	-	-	E	E	-	-	E	E	-	-	E	E	E	-	-	E	E
E	E	E	-	-	-	E	L	L	-	-	E	E	-	-	-	L	L	L	-	-	E	E	E	L	L	-	-
E	-	-	E	L	L	L	-	-	E	L	-	-	-	E	E	E	E	E	-	-	E	E	-	-	L	L	-
E	-	-	E	L	-	-	E	E	E	L	-	-	E	L	-	-	E	E	-	-	E	E	-	-	E	L	L
-	L	L	L	L	-	-	-	-	L	L	-	-	L	L	L	-	-	-	-	-	L	L	-	-	L	L	-
E	-	-	E	E	L	L	-	-	E	L	-	-	-	E	E	E	L	-	-	E	E	E	L	L	-	-	-
-	E	E	L	L	-	-	E	L	L	-	-	E	L	L	L	L	-	-	-	-	-	L	L	-	-	E	E
L	L	L	L	L	-	-	-	E	E	E	-	-	E	E	E	E	E	-	-	-	L	L	-	-	E	E	-
L	L	L	L	-	-	-	E	E	E	E	E	-	-	-	E	E	E	E	L	-	-	-	-	-	E	E	E
Objective 0: 5029
Objective 1: 84
Constr violation: -1
Restrictions violated:
0 0 0 0 0 0 0 1 

Individual 72
1	2	3	4	5	6	7	8	9	10	11	12	13	14	15	16	17	18	19	20	21	22	23	24	25	26	27	28
L	L	L	L	-	-	-	E	E	E	-	-	L	L	L	-	-	-	E	L	L	-	-	L	L	L	-	-
E	E	E	E	E	-	-	E	E	E	E	-	-	E	E	-	-	E	E	-	-	E	E	-	-	E	E	E
E	E	E	-	-	-	E	L	L	-	-	E	E	-	-	-	L	L	L	-	-	E	E	E	L	L	-	-
E	-	-	E	L	L	L	-	-	E	L	-	-	-	E	E	E	E	E	-	-	E	E	-	-	L	L	-
E	-	-	E	L	-	-	E	E	E	L	-	-	E	L	-	-	E	E	-	-	E	E	-	-	E	L	L
-	L	L	L	L	-	-	-	-	L	L	-	-	L	L	-	-	-	-	-	-	-	-	-	-	L	L	-
E	-	-	E	E	L	L	-	-	E	L	-	-	-	E	E	E	L	-	-	E	E	E	L	L	-	-	-
-	E	E	L	L	-	-	E	L	L	-	-	E	L	L	L	L	-	-	-	-	-	L	L	-	-	E	E
L	L	L	L	L	-	-	-	E	E	E	-	-	E	E	E	E	E	-	-	-	L	L	-	-	E	E	-
L	L	L	L	-	-	-	E	E	E	E	E	-	-	-	E	E	E	E	L	-	-	-	-	-	-	E	E
Objective 0: 5328
Objective 1: 83
Constr violation: -1
Restrictions violated:
0 0 0 0 0 0 0 1 

Individual 73
1	2	3	4	5	6	7	8	9	10	11	12	13	14	15	16	17	18	19	20	21	22	23	24	25	26	27	28
L	L	L	L	-	-	-	E	E	E	-	-	L	L	L	-	-	-	E	L	L	-	-	L	L	L	-	-
E	E	E	E	E	-	-	E	E	E	E	-	-	E	E	-	-	E	E	-	-	E	E	-	-	E	E	E
E	E	E	-	-	-	E	L	L	-	-	E	E	-	-	-	L	L	L	-	-	E	E	E	L	L	-	-
E	-	-	E	L	L	L	-	-	E	L	-	-	-	E	E	E	E	E	-	-	E	E	-	-	L	L	-
E	-	-	E	L	-	-	E	E	E	L	-	-	E	L	-	-	E	E	-	-	E	E	-	-	E	L	L
-	L	L	L	L	-	-	-	-	L	L	-	-	L	L	L	-	-	-	-	-	-	-	-	L	L	L	-
E	-	-	E	E	L	L	-	-	E	L	-	-	-	E	E	E	L	-	-	E	E	E	L	L	-	-	-
E	L	L	L	L	-	-	E	L	L	-	-	E	L	L	L	L	-	-	-	-	-	L	L	-	-	E	E
L	L	L	L	L	-	-	-	E	E	E	-	-	E	E	E	E	E	-	-	-	L	L	-	-	E	E	-
L	L	L	L	-	-	-	E	E	E	E	E	-	-	-	E	E	E	E	L	-	-	-	-	-	E	E	E
Objective 0: 5231
Objective 1: 80
Constr violation: -1
Restrictions violated:
0 0 0 0 0 0 0 1 

Individual 74
1	2	3	4	5	6	7	8	9	10	11	12	13	14	15	16	17	18	19	20	21	22	23	24	25	26	27	28
L	L	L	L	-	-	-	E	E	E	-	-	L	L	L	-	-	-	E	L	L	-	-	L	L	L	-	-
E	E	E	E	E	-	-	E	E	E	E	-	-	E	E	-	-	E	E	-	-	E	E	E	-	-	E	E
E	E	E	-	-	-	E	L	L	-	-	E	E	-	-	-	L	L	L	-	-	E	E	E	L	L	-	-
E	-	-	E	L	L	L	-	-	E	L	-	-	-	E	E	E	E	E	-	-	E	E	-	-	L	L	-
E	-	-	E	L	-	-	E	E	E	L	-	-	E	L	-	-	E	E	-	-	E	E	-	-	E	L	L
-	L	L	L	L	-	-	-	-	L	L	-	-	L	L	-	-	-	-	-	-	L	L	-	-	L	L	-
E	-	-	E	E	L	L	-	-	E	L	-	-	-	E	E	E	L	-	-	E	E	E	L	L	-	-	-
E	L	L	L	L	-	-	E	L	L	-	-	-	-	E	E	E	E	E	-	-	-	L	L	-	-	E	E
L	L	L	L	L	-	-	-	E	E	E	-	-	E	E	E	E	E	-	-	-	L	L	-	-	E	E	-
L	L	L	L	-	-	-	E	E	E	E	E	-	-	-	E	E	E	E	L	-	-	-	-	-	E	E	E
Objective 0: 5736
Objective 1: 87
Constr violation: -1
Restrictions violated:
0 0 0 0 0 0 0 1 

Individual 75
1	2	3	4	5	6	7	8	9	10	11	12	13	14	15	16	17	18	19	20	21	22	23	24	25	26	27	28
L	L	L	L	-	-	-	E	E	E	-	-	L	L	L	-	-	-	E	L	L	-	-	L	L	L	-	-
E	E	E	E	E	-	-	-	-	E	E	-	-	E	E	-	-	E	E	-	-	E	E	-	-	E	E	E
E	E	E	-	-	-	E	L	L	-	-	E	E	-	-	-	L	L	L	-	-	E	E	E	L	L	-	-
E	-	-	E	L	L	L	-	-	E	L	-	-	-	E	E	E	E	E	-	-	E	E	-	-	L	L	-
E	-	-	E	L	-	-	E	E	E	L	-	-	E	L	-	-	E	E	-	-	E	E	-	-	E	L	L
-	L	L	L	L	-	-	-	-	L	L	L	L	L	-	-	-	-	L	L	L	L	L	-	-	L	L	-
E	-	-	E	E	L	L	-	-	E	L	-	-	-	E	E	E	L	-	-	E	E	E	L	L	-	-	-
-	L	L	L	L	-	-	E	L	L	-	-	-	-	E	E	E	E	E	-	-	-	L	L	-	-	E	E
L	L	L	L	L	-	-	-	E	E	E	-	-	E	E	E	E	E	-	-	-	L	L	-	-	E	E	-
L	L	L	L	-	-	-	E	E	E	E	E	-	-	-	E	E	E	E	L	-	-	-	-	-	E	E	E
Objective 0: 5333
Objective 1: 94
Constr violation: -1
Restrictions violated:
0 0 0 0 0 0 1 0 

Individual 76
1	2	3	4	5	6	7	8	9	10	11	12	13	14	15	16	17	18	19	20	21	22	23	24	25	26	27	28
L	L	L	L	-	-	-	E	E	E	-	-	L	L	L	-	-	-	E	L	L	-	-	L	L	L	-	-
E	E	E	E	E	-	-	E	E	E	E	-	-	E	E	-	-	E	E	-	-	E	E	-	-	-	E	E
E	E	E	-	-	-	E	L	L	-	-	E	E	-	-	-	L	L	L	-	-	E	E	E	L	L	-	-
E	-	-	E	L	L	L	-	-	E	L	-	-	-	E	E	E	E	E	-	-	E	E	-	-	L	L	-
E	-	-	E	L	-	-	E	E	E	L	-	-	E	L	-	-	E	E	-	-	E	E	-	-	E	L	L
-	L	L	L	L	-	-	-	-	L	L	-	-	L	L	-	-	-	-	-	-	-	-	-	-	L	L	-
E	-	-	E	E	L	L	-	-	E	L	-	-	-	E	E	E	L	-	-	E	E	E	L	L	-	-	-
-	L	L	L	L	-	-	E	L	L	-	-	-	-	E	E	E	E	E	-	-	-	L	L	-	-	E	E
L	L	L	L	L	-	-	-	E	E	E	-	-	E	E	E	E	E	-	-	-	L	L	-	-	E	E	-
L	L	L	L	-	-	-	E	E	E	E	E	-	-	-	E	E	E	E	L	-	-	-	-	-	-	E	E
Objective 0: 6034
Objective 1: 85
Constr violation: -1
Restrictions violated:
0 0 0 0 0 0 0 1 

Individual 77
1	2	3	4	5	6	7	8	9	10	11	12	13	14	15	16	17	18	19	20	21	22	23	24	25	26	27	28
L	L	L	L	-	-	-	E	E	E	-	-	L	L	L	-	-	-	E	L	L	-	-	L	L	L	-	-
E	E	E	E	E	-	-	E	E	E	E	-	-	E	E	-	-	E	E	-	-	E	E	-	-	E	E	E
E	E	E	-	-	-	E	L	L	-	-	E	E	-	-	-	L	L	L	-	-	E	E	E	L	L	-	-
E	-	-	E	L	L	L	-	-	E	L	-	-	-	E	E	E	E	E	-	-	E	E	-	-	L	L	-
E	-	-	E	L	-	-	E	E	E	L	-	-	E	L	-	-	E	E	-	-	E	E	-	-	E	L	L
-	L	L	L	L	-	-	-	-	L	L	-	-	L	L	L	-	-	-	-	-	-	-	-	L	L	L	-
E	-	-	E	E	L	L	-	-	E	L	-	-	-	E	E	E	L	-	-	E	E	E	L	L	-	-	-
E	L	L	L	L	-	-	E	L	L	-	-	-	-	E	E	E	E	E	-	-	-	L	L	-	-	E	L
L	L	L	L	L	-	-	-	E	E	E	-	-	E	E	E	E	E	-	-	-	L	L	-	-	E	E	-
L	L	L	L	-	-	-	E	E	E	E	E	-	-	-	E	E	E	E	L	-	-	-	-	-	-	E	E
Objective 0: 5836
Objective 1: 80
Constr violation: -1
Restrictions violated:
0 0 0 0 0 0 0 1 

Individual 78
1	2	3	4	5	6	7	8	9	10	11	12	13	14	15	16	17	18	19	20	21	22	23	24	25	26	27	28
L	L	L	L	-	-	-	E	E	E	-	-	L	L	L	-	-	-	E	L	L	-	-	L	L	L	-	-
E	E	E	E	E	-	-	-	-	E	E	-	-	E	E	-	-	E	E	-	-	E	E	E	-	-	E	E
E	E	E	-	-	-	E	L	L	-	-	E	E	-	-	-	L	L	L	-	-	E	E	E	L	L	-	-
E	-	-	E	L	L	L	-	-	E	L	-	-	-	E	E	E	E	E	-	-	E	E	-	-	L	L	-
E	-	-	E	L	-	-	E	E	E	L	-	-	E	L	-	-	E	E	-	-	E	E	-	-	E	L	L
-	L	L	L	L	-	-	-	-	L	L	-	-	L	L	-	-	-	-	-	-	-	-	-	-	L	L	-
E	-	-	E	E	L	L	-	-	E	L	-	-	-	E	E	E	L	-	-	E	E	E	L	L	-	-	-
-	L	L	L	L	-	-	E	L	L	-	-	E	L	L	L	L	-	-	-	-	-	L	L	-	-	E	E
L	L	L	L	L	-	-	-	E	E	E	-	-	E	E	E	E	E	-	-	-	L	L	-	-	E	E	-
L	L	L	L	-	-	-	E	E	E	E	E	-	-	-	E	E	E	E	L	-	-	-	-	-	E	E	E
Objective 0: 5428
Objective 1: 89
Constr violation: -1
Restrictions violated:
0 0 0 0 0 0 0 1 

Individual 79
1	2	3	4	5	6	7	8	9	10	11	12	13	14	15	16	17	18	19	20	21	22	23	24	25	26	27	28
L	L	L	L	-	-	-	E	E	E	-	-	L	L	L	-	-	-	E	L	L	-	-	L	L	L	-	-
E	E	E	E	E	-	-	-	-	E	E	-	-	E	E	-	-	E	E	-	-	E	E	-	-	E	E	E
E	E	E	-	-	-	E	L	L	-	-	E	E	-	-	-	L	L	L	-	-	E	E	E	L	L	-	-
E	-	-	E	L	L	L	-	-	E	L	-	-	-	E	E	E	E	E	-	-	E	E	-	-	L	L	-
E	-	-	E	L	-	-	E	E	E	L	-	-	E	L	-	-	E	E	-	-	E	E	-	-	E	L	L
-	L	L	L	L	-	-	-	-	L	L	-	-	L	L	-	-	-	-	-	-	-	-	-	-	L	L	-
E	-	-	E	E	L	L	-	-	E	L	-	-	-	E	E	E	L	-	-	E	E	E	L	L	-	-	-
-	E	E	L	L	-	-	E	L	L	-	-	E	L	L	L	L	-	-	-	-	-	L	L	-	-	E	E
L	L	L	L	L	-	-	-	E	E	E	-	-	E	E	E	E	E	-	-	-	L	L	-	-	E	E	-
L	L	L	L	-	-	-	E	E	E	E	E	-	-	-	E	E	E	E	L	-	-	-	-	-	E	E	E
Objective 0: 5226
Objective 1: 87
Constr violation: -1
Restrictions violated:
0 0 0 0 0 0 0 1 

Individual 80
1	2	3	4	5	6	7	8	9	10	11	12	13	14	15	16	17	18	19	20	21	22	23	24	25	26	27	28
L	L	L	L	-	-	-	E	E	E	-	-	L	L	L	-	-	-	E	L	L	-	-	L	L	L	-	-
E	E	E	E	E	-	-	E	E	E	E	-	-	E	E	-	-	E	E	-	-	E	E	-	-	E	E	E
E	E	E	-	-	-	E	L	L	-	-	E	E	-	-	-	L	L	L	-	-	E	E	E	L	L	-	-
E	-	-	E	L	L	L	-	-	E	L	-	-	-	E	E	E	E	E	-	-	E	E	-	-	L	L	-
E	-	-	E	L	-	-	E	E	E	L	-	-	E	L	-	-	E	E	-	-	E	E	-	-	E	L	L
-	L	L	L	L	-	-	-	-	L	L	-	-	L	L	-	-	-	-	-	-	-	-	-	-	L	L	-
E	-	-	E	E	L	L	-	-	E	L	-	-	-	E	E	E	L	-	-	E	E	E	L	L	-	-	-
E	E	E	L	L	-	-	E	L	L	-	-	-	-	E	E	E	E	E	-	-	-	L	L	-	-	E	L
L	L	L	L	L	-	-	-	E	E	E	-	-	E	E	E	E	E	-	-	-	L	L	-	-	E	E	-
L	L	L	L	-	-	-	E	E	E	E	E	-	-	-	E	E	E	E	L	-	-	-	-	-	E	E	E
Objective 0: 5734
Objective 1: 83
Constr violation: -1
Restrictions violated:
0 0 0 0 0 0 0 1 

Individual 81
1	2	3	4	5	6	7	8	9	10	11	12	13	14	15	16	17	18	19	20	21	22	23	24	25	26	27	28
L	L	L	L	-	-	-	E	E	E	-	-	L	L	L	-	-	-	E	L	L	-	-	L	L	L	-	-
E	E	E	E	E	-	-	-	-	E	E	-	-	E	E	-	-	E	E	-	-	E	E	-	-	E	E	E
E	E	E	-	-	-	E	L	L	-	-	E	E	-	-	-	L	L	L	-	-	E	E	E	L	L	-	-
E	-	-	E	L	L	L	-	-	E	L	-	-	-	E	E	E	E	E	-	-	E	E	-	-	L	L	-
E	-	-	E	L	-	-	E	E	E	L	-	-	E	L	-	-	E	E	-	-	E	E	-	-	E	L	L
-	L	L	L	L	-	-	-	-	L	L	-	-	L	L	L	-	-	-	-	-	-	-	-	L	L	L	-
E	-	-	E	E	L	L	-	-	E	L	-	-	-	E	E	E	L	-	-	E	E	E	L	L	-	-	-
-	E	E	L	L	-	-	E	L	L	-	-	-	-	E	E	E	E	E	-	-	-	L	L	-	-	E	L
L	L	L	L	L	-	-	-	E	E	E	-	-	E	E	E	E	E	-	-	-	L	L	-	-	E	E	-
L	L	L	L	-	-	-	E	E	E	E	E	-	-	-	E	E	E	E	L	-	-	-	-	-	-	E	E
Objective 0: 5631
Objective 1: 84
Constr violation: -1
Restrictions violated:
0 0 0 0 0 0 0 1 

Individual 82
1	2	3	4	5	6	7	8	9	10	11	12	13	14	15	16	17	18	19	20	21	22	23	24	25	26	27	28
L	L	L	L	-	-	-	E	E	E	-	-	L	L	L	-	-	-	E	L	L	-	-	L	L	L	-	-
E	E	E	E	E	-	-	-	-	E	E	-	-	E	E	-	-	E	E	-	-	E	E	-	-	E	E	E
E	E	E	-	-	-	E	L	L	-	-	E	E	-	-	-	L	L	L	-	-	E	E	E	L	L	-	-
E	-	-	E	L	L	L	-	-	E	L	-	-	-	E	E	E	E	E	-	-	E	E	-	-	L	L	-
E	-	-	E	L	-	-	E	E	E	L	-	-	E	L	-	-	E	E	-	-	E	E	-	-	E	L	L
-	L	L	L	L	-	-	-	-	L	L	-	-	L	L	L	-	-	L	L	L	L	L	-	-	L	L	-
E	-	-	E	E	L	L	-	-	E	L	-	-	-	E	E	E	L	-	-	E	E	E	L	L	-	-	-
E	L	L	L	L	-	-	E	L	L	-	-	E	L	L	L	L	-	-	-	-	-	L	L	-	-	E	L
L	L	L	L	L	-	-	-	E	E	E	-	-	E	E	E	E	E	-	-	-	L	L	-	-	E	E	-
L	L	L	L	-	-	-	E	E	E	E	E	-	-	-	E	E	E	E	L	-	-	-	-	-	E	E	E
Objective 0: 5031
Objective 1: 88
Constr violation: -1
Restrictions violated:
0 0 0 0 0 0 1 0 

Individual 83
1	2	3	4	5	6	7	8	9	10	11	12	13	14	15	16	17	18	19	20	21	22	23	24	25	26	27	28
L	L	L	L	-	-	-	E	E	E	-	-	L	L	L	-	-	-	E	L	L	-	-	L	L	L	-	-
E	E	E	E	E	-	-	E	E	E	E	-	-	E	E	-	-	E	E	-	-	E	E	-	-	E	E	E
E	E	E	-	-	-	E	L	L	-	-	E	E	-	-	-	L	L	L	-	-	E	E	E	L	L	-	-
E	-	-	E	L	L	L	-	-	E	L	-	-	-	E	E	E	E	E	-	-	E	E	-	-	L	L	-
E	-	-	E	L	-	-	E	E	E	L	-	-	E	L	-	-	E	E	-	-	E	E	-	-	E	L	L
-	L	L	L	L	-	-	-	-	L	L	L	L	L	-	-	-	-	L	L	L	L	-	-	L	L	L	-
E	-	-	E	E	L	L	-	-	E	L	-	-	-	E	E	E	L	-	-	E	E	E	L	L	-	-	-
E	L	L	L	L	-	-	E	L	L	-	-	-	-	E	E	E	E	E	-	-	-	L	L	-	-	E	E
L	L	L	L	L	-	-	-	E	E	E	-	-	E	E	E	E	E	-	-	-	L	L	-	-	E	E	-
L	L	L	L	-	-	-	E	E	E	E	E	-	-	-	E	E	E	E	L	-	-	-	-	-	-	E	E
Objective 0: 5335
Objective 1: 90
Constr violation: -1
Restrictions violated:
0 0 0 0 0 0 1 0 

Individual 84
1	2	3	4	5	6	7	8	9	10	11	12	13	14	15	16	17	18	19	20	21	22	23	24	25	26	27	28
L	L	L	L	-	-	-	E	E	E	-	-	L	L	L	-	-	-	E	L	L	-	-	L	L	L	-	-
E	E	E	E	E	-	-	E	E	E	E	-	-	E	E	-	-	E	E	-	-	E	E	-	-	E	E	E
E	E	E	-	-	-	E	L	L	-	-	E	E	-	-	-	L	L	L	-	-	E	E	E	L	L	-	-
E	-	-	E	L	L	L	-	-	E	L	-	-	-	E	E	E	E	E	-	-	E	E	-	-	L	L	-
E	-	-	E	L	-	-	E	E	E	L	-	-	E	L	-	-	E	E	-	-	E	E	-	-	E	L	L
-	L	L	L	L	-	-	-	-	L	L	-	-	L	L	L	-	-	-	-	-	-	-	-	L	L	L	-
E	-	-	E	E	L	L	-	-	E	L	-	-	-	E	E	E	L	-	-	E	E	E	L	L	-	-	-
-	E	E	L	L	-	-	E	L	L	-	-	E	L	L	L	L	-	-	-	-	-	L	L	-	-	E	E
L	L	L	L	L	-	-	-	E	E	E	-	-	E	E	E	E	E	-	-	-	L	L	-	-	E	E	-
L	L	L	L	-	-	-	E	E	E	E	E	-	-	-	E	E	E	E	L	-	-	-	-	-	-	E	E
Objective 0: 5128
Objective 1: 80
Constr violation: -1
Restrictions violated:
0 0 0 0 0 0 0 1 

Individual 85
1	2	3	4	5	6	7	8	9	10	11	12	13	14	15	16	17	18	19	20	21	22	23	24	25	26	27	28
L	L	L	L	-	-	-	E	E	E	-	-	L	L	L	-	-	-	E	L	L	-	-	L	L	L	-	-
E	E	E	E	E	-	-	E	E	E	E	-	-	E	E	-	-	E	E	-	-	E	E	-	-	E	E	E
E	E	E	-	-	-	E	L	L	-	-	E	E	-	-	-	L	L	L	-	-	E	E	E	L	L	-	-
E	-	-	E	L	L	L	-	-	E	L	-	-	-	E	E	E	E	E	-	-	E	E	-	-	L	L	-
E	-	-	E	L	-	-	E	E	E	L	-	-	E	L	-	-	E	E	-	-	E	E	-	-	E	L	L
-	L	L	L	L	-	-	-	-	L	L	L	L	L	-	-	-	-	L	L	L	L	-	-	L	L	L	-
E	-	-	E	E	L	L	-	-	E	L	-	-	-	E	E	E	L	-	-	E	E	E	L	L	-	-	-
E	L	L	L	L	-	-	E	L	L	-	-	-	-	E	E	E	E	E	-	-	-	L	L	-	-	E	L
L	L	L	L	L	-	-	-	E	E	E	-	-	E	E	E	E	E	-	-	-	L	L	-	-	E	E	-
L	L	L	L	-	-	-	E	E	E	E	E	-	-	-	E	E	E	E	L	-	-	-	-	-	-	E	E
Objective 0: 5436
Objective 1: 90
Constr violation: -1
Restrictions violated:
0 0 0 0 0 0 1 0 

Individual 86
1	2	3	4	5	6	7	8	9	10	11	12	13	14	15	16	17	18	19	20	21	22	23	24	25	26	27	28
L	L	L	L	-	-	-	E	E	E	-	-	L	L	L	-	-	-	E	L	L	-	-	L	L	L	-	-
E	E	E	E	E	-	-	E	E	E	E	-	-	E	E	-	-	E	E	-	-	E	E	-	-	E	E	E
E	E	E	-	-	-	E	L	L	-	-	E	E	-	-	-	L	L	L	-	-	E	E	E	L	L	-	-
E	-	-	E	L	L	L	-	-	E	L	-	-	-	E	E	E	E	E	-	-	E	E	-	-	L	L	-
E	-	-	E	L	-	-	E	E	E	L	-	-	E	L	-	-	E	E	-	-	E	E	-	-	E	L	L
-	L	L	L	L	-	-	-	-	L	L	-	-	L	L	L	-	-	-	-	-	-	-	-	L	L	L	-
E	-	-	E	E	L	L	-	-	E	L	-	-	-	E	E	E	L	-	-	E	E	E	L	L	-	-	-
-	L	L	L	L	-	-	E	L	L	-	-	E	L	L	L	L	-	-	-	-	-	L	L	-	-	E	E
L	L	L	L	L	-	-	-	E	E	E	-	-	E	E	E	E	E	-	-	-	L	L	-	-	E	E	-
L	L	L	L	-	-	-	E	E	E	E	E	-	-	-	E	E	E	E	L	-	-	-	-	-	-	E	E
Objective 0: 5330
Objective 1: 80
Constr violation: -1
Restrictions violated:
0 0 0 0 0 0 0 1 

Individual 87
1	2	3	4	5	6	7	8	9	10	11	12	13	14	15	16	17	18	19	20	21	22	23	24	25	26	27	28
L	L	L	L	-	-	-	E	E	E	-	-	L	L	L	-	-	-	E	L	L	-	-	L	L	L	-	-
E	E	E	E	E	-	-	E	E	E	E	-	-	E	E	-	-	E	E	-	-	E	E	E	-	-	E	E
E	E	E	-	-	-	E	L	L	-	-	E	E	-	-	-	L	L	L	-	-	E	E	E	L	L	-	-
E	-	-	E	L	L	L	-	-	E	L	-	-	-	E	E	E	E	E	-	-	E	E	-	-	L	L	-
E	-	-	E	L	-	-	E	E	E	L	-	-	E	L	-	-	E	E	-	-	E	E	-	-	E	L	L
-	L	L	L	L	-	-	-	-	L	L	-	-	L	L	L	-	-	L	L	L	L	-	-	L	L	L	-
E	-	-	E	E	L	L	-	-	E	L	-	-	-	E	E	E	L	-	-	E	E	E	L	L	-	-	-
-	E	E	L	L	-	-	E	L	L	-	-	E	L	L	L	L	-	-	-	-	-	L	L	-	-	E	E
L	L	L	L	L	-	-	-	E	E	E	-	-	E	E	E	E	E	-	-	-	L	L	-	-	E	E	-
L	L	L	L	-	-	-	E	E	E	E	E	-	-	-	E	E	E	E	L	-	-	-	-	-	E	E	E
Objective 0: 4628
Objective 1: 86
Constr violation: -1
Restrictions violated:
0 0 0 0 0 0 1 0 

Individual 88
1	2	3	4	5	6	7	8	9	10	11	12	13	14	15	16	17	18	19	20	21	22	23	24	25	26	27	28
L	L	L	L	-	-	-	E	E	E	-	-	L	L	L	-	-	-	E	L	L	-	-	L	L	L	-	-
E	E	E	E	E	-	-	-	-	E	E	-	-	E	E	-	-	E	E	-	-	E	E	-	-	E	E	E
E	E	E	-	-	-	E	L	L	-	-	E	E	-	-	-	L	L	L	-	-	E	E	E	L	L	-	-
E	-	-	E	L	L	L	-	-	E	L	-	-	-	E	E	E	E	E	-	-	E	E	-	-	L	L	-
E	-	-	E	L	-	-	E	E	E	L	-	-	E	L	-	-	E	E	-	-	E	E	-	-	E	L	L
-	L	L	L	L	-	-	-	-	L	L	-	-	L	L	-	-	-	-	-	-	-	-	-	-	L	L	-
E	-	-	E	E	L	L	-	-	E	L	-	-	-	E	E	E	L	-	-	E	E	E	L	L	-	-	-
-	E	E	L	L	-	-	E	L	L	-	-	E	L	L	L	L	-	-	-	-	-	L	L	-	-	E	E
L	L	L	L	L	-	-	-	E	E	E	-	-	E	E	E	E	E	-	-	-	L	L	-	-	E	E	-
L	L	L	L	-	-	-	E	E	E	E	E	-	-	-	E	E	E	E	L	-	-	-	-	-	-	E	E
Objective 0: 5326
Objective 1: 87
Constr violation: -1
Restrictions violated:
0 0 0 0 0 0 0 1 

Individual 89
1	2	3	4	5	6	7	8	9	10	11	12	13	14	15	16	17	18	19	20	21	22	23	24	25	26	27	28
L	L	L	L	-	-	-	E	E	E	-	-	L	L	L	-	-	-	E	L	L	-	-	L	L	L	-	-
E	E	E	E	E	-	-	-	-	E	E	-	-	E	E	-	-	E	E	-	-	E	E	E	-	-	E	E
E	E	E	-	-	-	E	L	L	-	-	E	E	-	-	-	L	L	L	-	-	E	E	E	L	L	-	-
E	-	-	E	L	L	L	-	-	E	L	-	-	-	E	E	E	E	E	-	-	E	E	-	-	L	L	-
E	-	-	E	L	-	-	E	E	E	L	-	-	E	L	-	-	E	E	-	-	E	E	-	-	E	L	L
-	L	L	L	L	-	-	-	-	L	L	-	-	L	L	-	-	-	-	-	-	L	L	-	-	L	L	-
E	-	-	E	E	L	L	-	-	E	L	-	-	-	E	E	E	L	-	-	E	E	E	L	L	-	-	-
-	E	E	L	L	-	-	E	L	L	-	-	-	-	E	E	E	E	E	-	-	-	L	L	-	-	E	L
L	L	L	L	L	-	-	-	E	E	E	-	-	E	E	E	E	E	-	-	-	L	L	-	-	E	E	-
L	L	L	L	-	-	-	E	E	E	E	E	-	-	-	E	E	E	E	L	-	-	-	-	-	-	E	E
Objective 0: 5732
Objective 1: 91
Constr violation: -1
Restrictions violated:
0 0 0 0 0 0 0 1 

Individual 90
1	2	3	4	5	6	7	8	9	10	11	12	13	14	15	16	17	18	19	20	21	22	23	24	25	26	27	28
L	L	L	L	-	-	-	E	E	E	-	-	L	L	L	-	-	-	E	L	L	-	-	L	L	L	-	-
E	E	E	E	E	-	-	-	-	E	E	-	-	E	E	-	-	E	E	-	-	E	E	E	-	-	E	E
E	E	E	-	-	-	E	L	L	-	-	E	E	-	-	-	L	L	L	-	-	E	E	E	L	L	-	-
E	-	-	E	L	L	L	-	-	E	L	-	-	-	E	E	E	E	E	-	-	E	E	-	-	L	L	-
E	-	-	E	L	-	-	E	E	E	L	-	-	E	L	-	-	E	E	-	-	E	E	-	-	E	L	L
-	L	L	L	L	-	-	-	-	L	L	-	-	L	L	-	-	-	-	-	-	-	-	-	-	L	L	-
E	-	-	E	E	L	L	-	-	E	L	-	-	-	E	E	E	L	-	-	E	E	E	L	L	-	-	-
-	L	L	L	L	-	-	E	L	L	-	-	E	L	L	L	L	-	-	-	-	-	L	L	-	-	E	L
L	L	L	L	L	-	-	-	E	E	E	-	-	E	E	E	E	E	-	-	-	L	L	-	-	E	E	-
L	L	L	L	-	-	-	E	E	E	E	E	-	-	-	E	E	E	E	L	-	-	-	-	-	-	E	E
Objective 0: 5629
Objective 1: 89
Constr violation: -1
Restrictions violated:
0 0 0 0 0 0 0 1 

Individual 91
1	2	3	4	5	6	7	8	9	10	11	12	13	14	15	16	17	18	19	20	21	22	23	24	25	26	27	28
L	L	L	L	-	-	-	E	E	E	-	-	L	L	L	-	-	-	E	L	L	-	-	L	L	L	-	-
E	E	E	E	E	-	-	E	E	E	E	-	-	E	E	-	-	E	E	-	-	E	E	E	-	-	E	E
E	E	E	-	-	-	E	L	L	-	-	E	E	-	-	-	L	L	L	-	-	E	E	E	L	L	-	-
E	-	-	E	L	L	L	-	-	E	L	-	-	-	E	E	E	E	E	-	-	E	E	-	-	L	L	-
E	-	-	E	L	-	-	E	E	E	L	-	-	E	L	-	-	E	E	-	-	E	E	-	-	E	L	L
-	L	L	L	L	-	-	-	-	L	L	-	-	L	L	L	-	-	-	-	-	L	L	-	-	L	L	-
E	-	-	E	E	L	L	-	-	E	L	-	-	-	E	E	E	L	-	-	E	E	E	L	L	-	-	-
-	E	E	L	L	-	-	E	L	L	-	-	E	L	L	L	L	-	-	-	-	-	L	L	-	-	E	E
L	L	L	L	L	-	-	-	E	E	E	-	-	E	E	E	E	E	-	-	-	L	L	-	-	E	E	-
L	L	L	L	-	-	-	E	E	E	E	E	-	-	-	E	E	E	E	L	-	-	-	-	-	E	E	E
Objective 0: 5029
Objective 1: 84
Constr violation: -1
Restrictions violated:
0 0 0 0 0 0 0 1 

Individual 92
1	2	3	4	5	6	7	8	9	10	11	12	13	14	15	16	17	18	19	20	21	22	23	24	25	26	27	28
L	L	L	L	-	-	-	E	E	E	-	-	L	L	L	-	-	-	E	L	L	-	-	L	L	L	-	-
E	E	E	E	E	-	-	-	-	E	E	-	-	E	E	-	-	E	E	-	-	E	E	E	-	-	E	E
E	E	E	-	-	-	E	L	L	-	-	E	E	-	-	-	L	L	L	-	-	E	E	E	L	L	-	-
E	-	-	E	L	L	L	-	-	E	L	-	-	-	E	E	E	E	E	-	-	E	E	-	-	L	L	-
E	-	-	E	L	-	-	E	E	E	L	-	-	E	L	-	-	E	E	-	-	E	E	-	-	E	L	L
-	L	L	L	L	-	-	-	-	L	L	-	-	L	L	L	-	-	-	-	-	L	L	-	-	L	L	-
E	-	-	E	E	L	L	-	-	E	L	-	-	-	E	E	E	L	-	-	E	E	E	L	L	-	-	-
-	E	E	L	L	-	-	E	L	L	-	-	-	-	E	E	E	E	E	-	-	-	L	L	-	-	E	L
L	L	L	L	L	-	-	-	E	E	E	-	-	E	E	E	E	E	-	-	-	L	L	-	-	E	E	-
L	L	L	L	-	-	-	E	E	E	E	E	-	-	-	E	E	E	E	L	-	-	-	-	-	E	E	E
Objective 0: 5532
Objective 1: 88
Constr violation: -1
Restrictions violated:
0 0 0 0 0 0 0 1 

Individual 93
1	2	3	4	5	6	7	8	9	10	11	12	13	14	15	16	17	18	19	20	21	22	23	24	25	26	27	28
L	L	L	L	-	-	-	E	E	E	-	-	L	L	L	-	-	-	E	L	L	-	-	L	L	L	-	-
E	E	E	E	E	-	-	E	E	E	E	-	-	E	E	-	-	E	E	-	-	E	E	-	-	E	E	E
E	E	E	-	-	-	E	L	L	-	-	E	E	-	-	-	L	L	L	-	-	E	E	E	L	L	-	-
E	-	-	E	L	L	L	-	-	E	L	-	-	-	E	E	E	E	E	-	-	E	E	-	-	L	L	-
E	-	-	E	L	-	-	E	E	E	L	-	-	E	L	-	-	E	E	-	-	E	E	-	-	E	L	L
-	L	L	L	L	-	-	-	-	L	L	-	-	L	L	L	-	-	-	-	-	-	-	-	L	L	L	-
E	-	-	E	E	L	L	-	-	E	L	-	-	-	E	E	E	L	-	-	E	E	E	L	L	-	-	-
E	L	L	L	L	-	-	E	L	L	-	-	E	L	L	L	L	-	-	-	-	-	L	L	-	-	E	L
L	L	L	L	L	-	-	-	E	E	E	-	-	E	E	E	E	E	-	-	-	L	L	-	-	E	E	-
L	L	L	L	-	-	-	E	E	E	E	E	-	-	-	E	E	E	E	L	-	-	-	-	-	-	E	E
Objective 0: 5432
Objective 1: 80
Constr violation: -1
Restrictions violated:
0 0 0 0 0 0 0 1 

Individual 94
1	2	3	4	5	6	7	8	9	10	11	12	13	14	15	16	17	18	19	20	21	22	23	24	25	26	27	28
L	L	L	L	-	-	-	E	E	E	-	-	L	L	L	-	-	-	E	L	L	-	-	L	L	L	-	-
E	E	E	E	E	-	-	-	-	E	E	-	-	E	E	-	-	E	E	-	-	E	E	-	-	E	E	E
E	E	E	-	-	-	E	L	L	-	-	E	E	-	-	-	L	L	L	-	-	E	E	E	L	L	-	-
E	-	-	E	L	L	L	-	-	E	L	-	-	-	E	E	E	E	E	-	-	E	E	-	-	L	L	-
E	-	-	E	L	-	-	E	E	E	L	-	-	E	L	-	-	E	E	-	-	E	E	-	-	E	L	L
-	L	L	L	L	-	-	-	-	L	L	L	L	L	-	-	-	-	L	L	L	L	-	-	L	L	L	-
E	-	-	E	E	L	L	-	-	E	L	-	-	-	E	E	E	L	-	-	E	E	E	L	L	-	-	-
E	E	E	L	L	-	-	E	L	L	-	-	-	-	E	E	E	E	E	-	-	-	L	L	-	-	E	E
L	L	L	L	L	-	-	-	E	E	E	-	-	E	E	E	E	E	-	-	-	L	L	-	-	E	E	-
L	L	L	L	-	-	-	E	E	E	E	E	-	-	-	E	E	E	E	L	-	-	-	-	-	E	E	E
Objective 0: 5031
Objective 1: 94
Constr violation: -1
Restrictions violated:
0 0 0 0 0 0 1 0 

Individual 95
1	2	3	4	5	6	7	8	9	10	11	12	13	14	15	16	17	18	19	20	21	22	23	24	25	26	27	28
L	L	L	L	-	-	-	E	E	E	-	-	L	L	L	-	-	-	E	L	L	-	-	L	L	L	-	-
E	E	E	E	E	-	-	-	-	E	E	-	-	E	E	-	-	E	E	-	-	E	E	-	-	E	E	E
E	E	E	-	-	-	E	L	L	-	-	E	E	-	-	-	L	L	L	-	-	E	E	E	L	L	-	-
E	-	-	E	L	L	L	-	-	E	L	-	-	-	E	E	E	E	E	-	-	E	E	-	-	L	L	-
E	-	-	E	L	-	-	E	E	E	L	-	-	E	L	-	-	E	E	-	-	E	E	-	-	E	L	L
-	L	L	L	L	-	-	-	-	L	L	-	-	L	L	-	-	-	-	-	-	-	-	-	-	L	L	-
E	-	-	E	E	L	L	-	-	E	L	-	-	-	E	E	E	L	-	-	E	E	E	L	L	-	-	-
E	E	E	L	L	-	-	E	L	L	-	-	-	-	E	E	E	E	E	-	-	-	L	L	-	-	E	L
L	L	L	L	L	-	-	-	E	E	E	-	-	E	E	E	E	E	-	-	-	L	L	-	-	E	E	-
L	L	L	L	-	-	-	E	E	E	E	E	-	-	-	E	E	E	E	L	-	-	-	-	-	-	E	E
Objective 0: 5832
Objective 1: 87
Constr violation: -1
Restrictions violated:
0 0 0 0 0 0 0 1 

Individual 96
1	2	3	4	5	6	7	8	9	10	11	12	13	14	15	16	17	18	19	20	21	22	23	24	25	26	27	28
L	L	L	L	-	-	-	E	E	E	-	-	L	L	L	-	-	-	E	L	L	-	-	L	L	L	-	-
E	E	E	E	E	-	-	E	E	E	E	-	-	E	E	-	-	E	E	-	-	E	E	-	-	E	E	E
E	E	E	-	-	-	E	L	L	-	-	E	E	-	-	-	L	L	L	-	-	E	E	E	L	L	-	-
E	-	-	E	L	L	L	-	-	E	L	-	-	-	E	E	E	E	E	-	-	E	E	-	-	L	L	-
E	-	-	E	L	-	-	E	E	E	L	-	-	E	L	-	-	E	E	-	-	E	E	-	-	E	L	L
-	L	L	L	L	-	-	-	-	L	L	L	L	L	-	-	-	-	L	L	L	L	-	-	L	L	L	-
E	-	-	E	E	L	L	-	-	E	L	-	-	-	E	E	E	L	-	-	E	E	E	L	L	-	-	-
-	L	L	L	L	-	-	E	L	L	-	-	E	L	L	L	L	-	-	-	-	-	L	L	-	-	E	E
L	L	L	L	L	-	-	-	E	E	E	-	-	E	E	E	E	E	-	-	-	L	L	-	-	E	E	-
L	L	L	L	-	-	-	E	E	E	E	E	-	-	-	E	E	E	E	L	-	-	-	-	-	-	E	E
Objective 0: 4930
Objective 1: 90
Constr violation: -1
Restrictions violated:
0 0 0 0 0 0 1 0 

Individual 97
1	2	3	4	5	6	7	8	9	10	11	12	13	14	15	16	17	18	19	20	21	22	23	24	25	26	27	28
L	L	L	L	-	-	-	E	E	E	-	-	L	L	L	-	-	-	E	L	L	-	-	L	L	L	-	-
E	E	E	E	E	-	-	E	E	E	E	-	-	E	E	-	-	E	E	-	-	E	E	-	-	E	E	E
E	E	E	-	-	-	E	L	L	-	-	E	E	-	-	-	L	L	L	-	-	E	E	E	L	L	-	-
E	-	-	E	L	L	L	-	-	E	L	-	-	-	E	E	E	E	E	-	-	E	E	-	-	L	L	-
E	-	-	E	L	-	-	E	E	E	L	-	-	E	L	-	-	E	E	-	-	E	E	-	-	E	L	L
-	L	L	L	L	-	-	-	-	L	L	-	-	L	L	L	-	-	-	-	-	L	L	-	-	L	L	-
E	-	-	E	E	L	L	-	-	E	L	-	-	-	E	E	E	L	-	-	E	E	E	L	L	-	-	-
E	E	E	L	L	-	-	E	L	L	-	-	E	L	L	L	L	-	-	-	-	-	L	L	-	-	E	E
L	L	L	L	L	-	-	-	E	E	E	-	-	E	E	E	E	E	-	-	-	L	L	-	-	E	E	-
L	L	L	L	-	-	-	E	E	E	E	E	-	-	-	E	E	E	E	L	-	-	-	-	-	-	E	E
Objective 0: 5130
Objective 1: 82
Constr violation: -1
Restrictions violated:
0 0 0 0 0 0 0 1 

Individual 98
1	2	3	4	5	6	7	8	9	10	11	12	13	14	15	16	17	18	19	20	21	22	23	24	25	26	27	28
L	L	L	L	-	-	-	E	E	E	-	-	L	L	L	-	-	-	E	L	L	-	-	L	L	L	-	-
E	E	E	E	E	-	-	-	-	E	E	-	-	E	E	-	-	E	E	-	-	E	E	E	-	-	E	E
E	E	E	-	-	-	E	L	L	-	-	E	E	-	-	-	L	L	L	-	-	E	E	E	L	L	-	-
E	-	-	E	L	L	L	-	-	E	L	-	-	-	E	E	E	E	E	-	-	E	E	-	-	L	L	-
E	-	-	E	L	-	-	E	E	E	L	-	-	E	L	-	-	E	E	-	-	E	E	-	-	E	L	L
-	L	L	L	L	-	-	-	-	L	L	L	L	L	-	-	-	-	L	L	L	L	L	-	-	L	L	-
E	-	-	E	E	L	L	-	-	E	L	-	-	-	E	E	E	L	-	-	E	E	E	L	L	-	-	-
E	L	L	L	L	-	-	E	L	L	-	-	-	-	E	E	E	E	E	-	-	-	L	L	-	-	E	L
L	L	L	L	L	-	-	-	E	E	E	-	-	E	E	E	E	E	-	-	-	L	L	-	-	E	E	-
L	L	L	L	-	-	-	E	E	E	E	E	-	-	-	E	E	E	E	L	-	-	-	-	-	-	E	E
Objective 0: 5535
Objective 1: 96
Constr violation: -1
Restrictions violated:
0 0 0 0 0 0 1 0 

Individual 99
1	2	3	4	5	6	7	8	9	10	11	12	13	14	15	16	17	18	19	20	21	22	23	24	25	26	27	28
L	L	L	L	-	-	-	E	E	E	-	-	L	L	L	-	-	-	E	L	L	-	-	L	L	L	-	-
E	E	E	E	E	-	-	E	E	E	E	-	-	E	E	-	-	E	E	-	-	E	E	-	-	E	E	E
E	E	E	-	-	-	E	L	L	-	-	E	E	-	-	-	L	L	L	-	-	E	E	E	L	L	-	-
E	-	-	E	L	L	L	-	-	E	L	-	-	-	E	E	E	E	E	-	-	E	E	-	-	L	L	-
E	-	-	E	L	-	-	E	E	E	L	-	-	E	L	-	-	E	E	-	-	E	E	-	-	E	L	L
-	L	L	L	L	-	-	-	-	L	L	-	-	L	L	-	-	-	-	-	-	-	-	-	-	L	L	-
E	-	-	E	E	L	L	-	-	E	L	-	-	-	E	E	E	L	-	-	E	E	E	L	L	-	-	-
E	L	L	L	L	-	-	E	L	L	-	-	-	-	E	E	E	E	E	-	-	-	L	L	-	-	E	L
L	L	L	L	L	-	-	-	E	E	E	-	-	E	E	E	E	E	-	-	-	L	L	-	-	E	E	-
L	L	L	L	-	-	-	E	E	E	E	E	-	-	-	E	E	E	E	L	-	-	-	-	-	-	E	E
Objective 0: 6036
Objective 1: 83
Constr violation: -1
Restrictions violated:
0 0 0 0 0 0 0 1 

