Individual 0
1	2	3	4	5	6	7	8	9	10	11	12	13	14	15	16	17	18	19	20	21	22	23	24	25	26	27	28
E	E	E	E	E	-	-	-	L	L	L	L	-	-	L	L	-	-	-	E	E	E	E	L	-	-	E	E
E	E	E	E	E	-	-	E	E	E	-	-	E	E	E	E	-	-	-	-	E	E	E	E	E	-	-	-
E	E	E	E	E	-	-	E	L	L	L	L	-	-	-	L	L	-	-	-	-	E	E	E	E	L	-	-
E	-	-	-	E	L	-	-	E	L	L	L	-	-	E	L	L	L	-	-	-	-	-	E	E	L	L	L
E	E	E	E	E	-	-	E	L	L	-	-	L	L	-	-	-	E	L	-	-	E	L	-	-	E	E	E
L	L	-	-	-	-	-	-	-	L	L	-	-	L	L	-	-	-	-	-	-	-	-	-	-	-	-	-
-	E	E	E	L	L	-	-	E	L	L	L	-	-	-	L	L	L	L	L	-	-	E	L	L	-	-	-
E	E	E	E	E	-	-	L	L	-	-	-	E	L	L	-	-	L	L	L	L	-	-	L	L	L	-	-
E	E	E	E	-	-	-	L	L	L	-	-	L	L	-	-	E	E	L	-	-	E	L	L	L	-	-	L
L	L	L	-	-	-	-	E	E	L	L	L	-	-	-	-	E	E	E	L	-	-	E	L	-	-	E	E
Objective 0: 6844
Objective 1: 60
Constr violation: -1
Restrictions violated:
0 0 0 0 0 0 0 1 

Individual 1
1	2	3	4	5	6	7	8	9	10	11	12	13	14	15	16	17	18	19	20	21	22	23	24	25	26	27	28
L	-	-	E	E	-	-	-	E	E	E	E	-	-	L	L	L	-	-	E	E	E	E	E	-	-	E	E
-	E	E	E	E	-	-	E	E	E	-	-	E	E	E	E	-	-	-	-	E	E	E	E	E	-	-	-
E	-	-	E	E	L	-	-	L	L	L	L	L	-	-	L	L	-	-	-	-	E	E	E	E	L	-	-
E	-	-	-	E	L	-	-	E	L	L	L	-	-	E	L	L	L	-	-	-	-	-	E	E	L	L	L
E	L	L	L	L	-	-	E	L	L	-	-	L	L	-	-	-	E	L	-	-	E	L	-	-	E	E	E
L	L	L	L	L	-	-	-	-	L	L	-	-	L	L	-	-	-	-	L	L	L	-	-	L	L	-	-
-	E	E	E	L	L	-	-	E	E	-	-	-	-	E	L	L	L	L	-	-	-	E	L	L	-	-	L
-	E	E	E	E	-	-	L	L	-	-	-	E	L	L	-	-	L	L	L	L	-	-	L	L	L	-	-
-	E	E	E	-	-	L	L	-	-	E	E	-	-	E	E	E	E	L	-	-	-	-	E	E	E	E	-
L	L	L	-	-	-	-	E	E	L	L	L	-	-	-	-	E	E	E	L	-	-	E	L	-	-	E	E
Objective 0: 4220
Objective 1: 102
Constr violation: -1
Restrictions violated:
0 0 0 0 0 0 0 1 

Individual 2
1	2	3	4	5	6	7	8	9	10	11	12	13	14	15	16	17	18	19	20	21	22	23	24	25	26	27	28
L	-	-	E	E	-	-	-	L	L	L	L	-	-	L	L	-	-	-	E	E	E	E	E	-	-	E	E
E	E	E	E	E	-	-	E	E	E	-	-	E	E	E	E	-	-	-	-	E	E	E	E	E	-	-	-
E	E	E	E	E	-	-	E	L	L	L	L	-	-	-	-	E	E	-	-	-	E	E	E	E	L	-	-
E	-	-	-	E	L	-	-	E	L	L	L	-	-	E	L	L	L	-	-	-	-	-	E	E	L	L	L
E	E	E	E	E	-	-	E	L	L	-	-	L	L	-	-	-	E	L	-	-	E	L	-	-	E	E	-
L	L	-	-	-	-	-	-	-	L	L	-	-	-	-	-	-	-	-	-	-	-	-	-	-	-	-	-
-	E	E	E	L	L	-	-	E	L	L	L	-	-	-	L	L	L	L	-	-	-	E	L	L	-	-	-
-	E	E	E	E	-	-	L	L	-	-	-	E	L	L	-	-	L	L	L	L	-	-	L	L	L	-	-
-	E	E	E	-	-	-	L	L	L	-	-	L	L	-	-	E	E	L	-	-	E	L	L	L	-	-	L
L	L	L	-	-	-	-	E	E	L	L	L	-	-	-	-	E	E	E	L	-	-	E	L	-	-	E	E
Objective 0: 7038
Objective 1: 74
Constr violation: -1
Restrictions violated:
0 0 0 0 0 0 0 1 

Individual 3
1	2	3	4	5	6	7	8	9	10	11	12	13	14	15	16	17	18	19	20	21	22	23	24	25	26	27	28
E	E	E	E	E	-	-	-	L	L	L	L	-	-	L	L	-	-	-	E	E	E	E	L	-	-	E	E
E	E	E	E	E	-	-	E	E	E	-	-	E	E	E	E	-	-	-	-	E	E	E	E	E	-	-	-
E	E	E	E	E	-	-	E	L	L	L	L	-	-	-	-	E	E	-	-	-	E	E	E	E	L	-	-
E	-	-	-	E	L	-	-	E	L	L	L	-	-	E	L	L	L	-	-	-	-	-	E	E	L	L	L
E	E	E	E	E	-	-	E	L	L	-	-	L	L	-	-	-	E	L	-	-	E	L	-	-	E	E	E
L	L	L	L	L	-	-	-	-	L	L	-	-	L	L	-	-	-	L	L	-	-	L	L	-	-	-	-
-	E	E	E	L	L	-	-	E	L	L	L	-	-	-	L	L	L	L	-	-	-	E	L	L	-	-	L
E	E	E	E	E	-	-	L	L	-	-	-	E	L	L	-	-	L	L	L	L	-	-	L	L	L	-	-
E	E	E	E	-	-	-	L	L	L	-	-	L	L	-	-	E	E	L	-	-	E	L	L	L	-	-	L
L	L	L	-	-	-	-	E	E	L	L	L	-	-	-	-	E	E	E	L	-	-	E	L	-	-	E	E
Objective 0: 6649
Objective 1: 67
Constr violation: -1
Restrictions violated:
0 0 0 0 0 0 0 1 

Individual 4
1	2	3	4	5	6	7	8	9	10	11	12	13	14	15	16	17	18	19	20	21	22	23	24	25	26	27	28
L	-	-	E	E	-	-	-	L	L	L	L	-	-	L	L	-	-	-	E	E	E	E	L	-	-	E	E
-	E	E	E	E	-	-	E	E	E	-	-	E	E	E	E	-	-	-	-	E	E	E	E	E	-	-	-
E	-	-	E	E	L	-	-	L	L	L	L	L	-	-	L	L	-	-	-	-	E	E	E	E	L	-	-
E	-	-	-	E	L	-	-	E	L	L	L	-	-	E	L	L	L	-	-	-	-	-	E	E	L	L	L
E	E	E	E	E	-	-	E	L	L	-	-	L	L	-	-	-	E	L	-	-	E	L	-	-	E	E	-
L	L	-	-	-	-	-	-	-	L	L	-	-	-	-	-	-	-	-	-	-	-	-	-	-	-	-	-
-	E	E	E	L	L	-	-	E	L	L	L	-	-	-	L	L	L	L	-	-	-	E	L	L	-	-	-
-	E	E	E	E	-	-	L	L	-	-	-	E	L	L	-	-	L	L	L	L	-	-	L	L	L	-	-
-	E	E	E	-	-	L	L	-	-	E	E	-	-	E	E	E	E	L	-	-	-	-	E	E	E	E	-
L	L	L	-	-	-	-	E	E	L	L	L	-	-	-	-	E	E	E	L	-	-	E	L	-	-	E	E
Objective 0: 6329
Objective 1: 84
Constr violation: -1
Restrictions violated:
0 0 0 0 0 0 0 1 

Individual 5
1	2	3	4	5	6	7	8	9	10	11	12	13	14	15	16	17	18	19	20	21	22	23	24	25	26	27	28
L	-	-	E	E	-	-	-	E	E	E	E	-	-	L	L	-	-	-	E	E	E	E	E	-	-	E	E
-	E	E	E	E	-	-	E	E	E	-	-	E	E	E	E	-	-	-	-	E	E	E	E	E	-	-	-
E	-	-	E	E	L	-	-	L	L	L	L	L	-	-	L	L	-	-	-	-	E	E	E	E	L	-	-
E	-	-	-	E	L	-	-	E	L	L	L	-	-	E	L	L	L	-	-	-	-	-	E	E	L	L	L
E	E	E	E	E	-	-	E	L	L	-	-	L	L	-	-	-	E	L	-	-	E	L	-	-	E	E	-
L	L	-	-	-	-	-	-	-	L	L	-	-	-	-	-	-	-	-	-	-	-	-	-	-	-	-	-
-	E	E	E	L	L	-	-	E	L	L	L	-	-	-	L	L	L	L	-	-	-	E	L	L	-	-	-
-	E	E	E	E	-	-	L	L	-	-	-	E	L	L	-	-	L	L	L	L	-	-	L	L	L	-	-
-	E	E	E	-	-	L	L	-	-	E	E	-	-	E	E	E	E	L	-	-	-	-	E	E	E	E	-
L	L	L	-	-	-	-	E	E	L	L	L	-	-	-	-	E	E	E	L	-	-	E	L	-	-	E	E
Objective 0: 5925
Objective 1: 87
Constr violation: -1
Restrictions violated:
0 0 0 0 0 0 0 1 

Individual 6
1	2	3	4	5	6	7	8	9	10	11	12	13	14	15	16	17	18	19	20	21	22	23	24	25	26	27	28
E	-	-	E	E	-	-	E	E	E	E	E	-	-	L	L	L	-	-	E	E	E	E	E	-	-	E	E
E	E	E	E	E	-	-	E	E	E	-	-	E	E	E	E	-	-	-	-	E	E	E	E	E	-	-	-
E	E	E	E	E	-	-	-	L	L	L	L	L	-	-	L	L	-	-	-	-	E	E	E	E	L	-	-
E	-	-	-	E	L	-	-	E	L	L	L	-	-	E	L	L	L	-	-	-	-	-	E	E	L	L	L
E	E	E	E	E	-	-	E	L	L	-	-	L	L	-	-	-	E	L	-	-	E	L	-	-	E	E	E
L	L	L	L	L	-	-	-	-	L	L	-	-	L	L	-	-	-	L	L	L	-	L	L	L	L	-	-
-	E	E	E	L	L	-	-	E	L	L	L	-	-	E	L	L	L	L	-	-	-	E	L	L	-	-	L
E	E	E	E	E	-	-	L	L	-	-	-	E	L	L	-	-	L	L	L	L	-	-	L	L	L	-	-
E	E	E	E	-	-	L	L	L	L	-	-	-	-	E	E	E	E	L	-	-	E	L	L	L	-	-	L
L	L	L	-	-	-	-	E	E	L	L	L	-	-	-	-	E	E	E	L	-	-	E	L	-	-	E	E
Objective 0: 5442
Objective 1: 77
Constr violation: -1
Restrictions violated:
0 0 0 1 0 0 0 0 

Individual 7
1	2	3	4	5	6	7	8	9	10	11	12	13	14	15	16	17	18	19	20	21	22	23	24	25	26	27	28
L	-	-	E	E	-	-	-	L	L	L	L	-	-	L	L	-	-	-	E	E	E	E	L	-	-	E	E
-	E	E	E	E	-	-	E	E	E	-	-	E	E	E	E	-	-	-	-	E	E	E	E	E	-	-	-
E	-	-	E	E	L	-	-	L	L	L	L	L	-	-	L	L	-	-	-	-	E	E	E	E	L	-	-
E	-	-	-	E	L	-	-	E	L	L	L	-	-	E	L	L	L	-	-	-	-	-	E	E	L	L	L
E	E	E	E	E	-	-	E	L	L	-	-	L	L	-	-	-	E	L	-	-	E	L	-	-	E	E	-
L	L	-	-	-	-	-	-	-	L	L	-	-	-	-	-	-	-	-	-	-	-	-	-	-	-	-	-
-	E	E	E	L	L	-	-	E	L	L	L	-	-	-	L	L	L	L	-	-	-	E	L	L	-	-	-
-	E	E	E	E	-	-	L	L	-	-	-	E	L	L	-	-	L	L	L	L	-	-	L	L	L	-	-
-	E	E	E	-	-	-	L	L	L	-	-	L	L	-	-	E	E	L	-	-	E	L	L	L	-	-	L
L	L	L	-	-	-	-	E	E	L	L	L	-	-	-	-	E	E	E	L	-	-	E	L	-	-	E	E
Objective 0: 6834
Objective 1: 80
Constr violation: -1
Restrictions violated:
0 0 0 0 0 0 0 1 

Individual 8
1	2	3	4	5	6	7	8	9	10	11	12	13	14	15	16	17	18	19	20	21	22	23	24	25	26	27	28
E	E	E	E	E	-	-	-	L	L	L	L	-	-	L	L	-	-	-	E	E	E	E	L	-	-	E	E
E	E	E	E	E	-	-	E	E	E	-	-	E	E	E	E	-	-	-	-	E	E	E	E	E	-	-	-
E	E	E	E	E	-	-	E	L	L	L	L	-	-	-	-	E	E	-	-	-	E	E	E	E	L	-	-
E	-	-	-	E	L	-	-	E	L	L	L	-	-	E	L	L	L	-	-	-	-	-	E	E	L	L	L
E	E	E	E	E	-	-	E	L	L	-	-	L	L	-	-	-	E	L	-	-	E	L	-	-	E	E	-
L	L	L	-	-	-	-	-	-	L	L	-	-	L	L	-	-	-	L	L	-	-	L	L	-	-	-	-
-	E	E	E	L	L	-	-	E	L	L	L	-	-	E	L	L	L	L	-	-	-	E	L	L	-	-	L
E	E	E	E	E	-	-	L	L	-	-	-	E	L	L	-	-	L	L	L	L	-	-	L	L	L	-	-
E	E	E	E	-	-	-	L	L	L	-	-	L	L	-	-	E	E	L	-	-	E	L	L	L	-	-	L
L	L	L	-	-	-	-	E	E	L	L	L	-	-	-	-	E	E	E	L	-	-	E	L	-	-	E	E
Objective 0: 6849
Objective 1: 65
Constr violation: -1
Restrictions violated:
0 0 0 0 0 0 0 1 

Individual 9
1	2	3	4	5	6	7	8	9	10	11	12	13	14	15	16	17	18	19	20	21	22	23	24	25	26	27	28
E	E	E	E	E	-	-	-	L	L	L	L	-	-	L	L	-	-	-	E	E	E	E	L	-	-	E	E
E	E	E	E	E	-	-	E	E	E	-	-	E	E	E	E	-	-	-	-	E	E	E	E	E	-	-	-
E	E	E	E	E	-	-	E	L	L	L	L	-	-	-	-	E	E	-	-	-	E	E	E	E	L	-	-
E	-	-	-	E	L	-	-	E	L	L	L	-	-	E	L	L	L	-	-	-	-	-	E	E	L	L	L
E	E	E	E	E	-	-	E	L	L	-	-	L	L	-	-	-	E	L	-	-	E	L	-	-	E	E	-
L	L	L	L	L	-	-	-	-	L	L	-	-	L	L	-	-	-	L	L	-	-	L	L	L	L	-	-
-	E	E	E	L	L	-	-	E	L	L	L	-	-	E	L	L	L	L	-	-	-	E	L	L	-	-	L
E	E	E	E	E	-	-	L	L	-	-	-	E	L	L	-	-	L	L	L	L	-	-	L	L	L	-	-
E	E	E	E	-	-	-	L	L	L	-	-	L	L	-	-	E	E	L	-	-	E	L	L	L	-	-	L
L	L	L	-	-	-	-	E	E	L	L	L	-	-	-	-	E	E	E	L	-	-	E	L	-	-	E	E
Objective 0: 6449
Objective 1: 67
Constr violation: -1
Restrictions violated:
0 0 0 0 0 0 0 1 

Individual 10
1	2	3	4	5	6	7	8	9	10	11	12	13	14	15	16	17	18	19	20	21	22	23	24	25	26	27	28
L	-	-	E	E	-	-	E	E	E	E	E	-	-	L	L	L	-	-	E	E	E	E	E	-	-	E	E
E	E	E	E	E	-	-	E	E	E	-	-	E	E	E	E	-	-	-	-	E	E	E	E	E	-	-	-
E	E	E	E	E	-	-	-	L	L	L	L	L	-	-	L	L	-	-	-	-	E	E	E	E	L	-	-
E	-	-	-	E	L	-	-	E	L	L	L	-	-	E	L	L	L	-	-	-	-	-	E	E	L	L	L
E	L	L	L	L	-	-	E	L	L	-	-	L	L	-	-	-	E	L	-	-	E	L	-	-	E	E	E
L	L	L	L	L	-	-	-	-	L	L	-	-	L	L	-	-	-	L	L	L	-	L	L	L	L	-	-
-	E	E	E	L	L	-	-	E	E	L	L	-	-	E	L	L	L	L	-	-	-	E	L	L	-	-	L
E	E	E	E	E	-	-	L	L	-	-	-	E	L	L	-	-	L	L	L	L	-	-	L	L	L	-	-
E	E	E	E	-	-	L	L	-	-	E	E	-	-	E	E	E	E	L	-	-	-	-	E	E	E	E	L
L	L	L	-	-	-	-	E	E	L	L	L	-	-	-	-	E	E	E	L	-	-	E	L	-	-	E	E
Objective 0: 4331
Objective 1: 89
Constr violation: -1
Restrictions violated:
0 0 0 1 0 0 0 0 

Individual 11
1	2	3	4	5	6	7	8	9	10	11	12	13	14	15	16	17	18	19	20	21	22	23	24	25	26	27	28
L	-	-	E	E	-	-	-	E	E	E	L	-	-	L	L	-	-	-	E	E	E	E	L	-	-	E	E
-	E	E	E	E	-	-	E	E	E	-	-	E	E	E	E	-	-	-	-	E	E	E	E	E	-	-	-
E	-	-	E	E	L	-	-	L	L	L	L	L	-	-	L	L	-	-	-	-	E	E	E	E	L	-	-
E	-	-	-	E	L	-	-	E	L	L	L	-	-	E	L	L	L	-	-	-	-	-	E	E	L	L	L
E	E	E	E	E	-	-	E	L	L	-	-	L	L	-	-	-	E	L	-	-	E	L	-	-	E	E	-
L	L	-	-	-	-	-	-	-	L	L	-	-	-	-	-	-	-	-	-	-	-	-	-	-	-	-	-
-	E	E	E	L	L	-	-	E	L	L	L	-	-	-	L	L	L	L	-	-	-	E	L	L	-	-	-
-	E	E	E	E	-	-	L	L	-	-	-	E	L	L	-	-	L	L	L	L	-	-	L	L	L	-	-
-	E	E	E	-	-	-	L	L	L	-	-	L	L	-	-	E	E	L	-	-	E	L	L	L	-	-	L
L	L	L	-	-	-	-	E	E	L	L	L	-	-	-	-	E	E	E	L	-	-	E	L	-	-	E	E
Objective 0: 6632
Objective 1: 82
Constr violation: -1
Restrictions violated:
0 0 0 0 0 0 0 1 

Individual 12
1	2	3	4	5	6	7	8	9	10	11	12	13	14	15	16	17	18	19	20	21	22	23	24	25	26	27	28
L	-	-	E	E	-	-	E	E	E	E	E	-	-	L	L	L	-	-	E	E	E	E	E	-	-	E	E
E	E	E	E	E	-	-	E	E	E	-	-	E	E	E	E	-	-	-	-	E	E	E	E	E	-	-	-
E	E	E	E	E	-	-	-	L	L	L	L	L	-	-	L	L	-	-	-	-	E	E	E	E	L	-	-
E	-	-	-	E	L	-	-	E	L	L	L	-	-	E	L	L	L	-	-	-	-	-	E	E	L	L	L
E	L	L	L	L	-	-	E	L	L	-	-	L	L	-	-	-	E	L	-	-	E	L	-	-	E	E	E
L	L	L	L	L	-	-	-	-	L	L	-	-	L	L	-	-	-	L	L	L	-	L	L	L	L	-	-
-	E	E	E	L	L	-	-	E	L	L	L	-	-	E	L	L	L	L	-	-	-	E	L	L	-	-	L
E	E	E	E	E	-	-	L	L	-	-	-	E	L	L	-	-	L	L	L	L	-	-	L	L	L	-	-
E	E	E	E	-	-	L	L	L	L	-	-	-	-	E	E	E	E	L	-	-	-	-	E	E	E	E	L
L	L	L	-	-	-	-	E	E	L	L	L	-	-	-	-	E	E	E	L	-	-	E	L	-	-	E	E
Objective 0: 4634
Objective 1: 86
Constr violation: -1
Restrictions violated:
0 0 0 1 0 0 0 0 

Individual 13
1	2	3	4	5	6	7	8	9	10	11	12	13	14	15	16	17	18	19	20	21	22	23	24	25	26	27	28
L	-	-	E	E	-	-	-	E	E	E	E	-	-	L	L	-	-	-	E	E	E	E	E	-	-	E	E
-	E	E	E	E	-	-	E	E	E	-	-	E	E	E	E	-	-	-	-	E	E	E	E	E	-	-	-
E	-	-	E	E	L	-	-	L	L	L	L	L	-	-	L	L	-	-	-	-	E	E	E	E	L	-	-
E	-	-	-	E	L	-	-	E	L	L	L	-	-	E	L	L	L	-	-	-	-	-	E	E	L	L	L
E	L	L	L	L	-	-	E	L	L	-	-	L	L	-	-	-	E	L	-	-	E	L	-	-	E	E	-
L	L	L	L	L	-	-	-	-	L	L	-	-	-	-	-	-	-	-	-	-	-	-	-	-	-	-	-
-	E	E	E	L	L	-	-	E	E	-	-	-	-	E	L	L	L	L	-	-	-	E	L	L	-	-	L
-	E	E	E	E	-	-	L	L	-	-	-	E	L	L	-	-	L	L	L	L	-	-	L	L	L	-	-
-	E	E	E	-	-	L	L	-	-	E	E	-	-	E	E	E	E	L	-	-	-	-	E	E	E	E	-
L	L	L	-	-	-	-	E	E	L	L	L	-	-	-	-	E	E	E	L	-	-	E	L	-	-	E	E
Objective 0: 5120
Objective 1: 104
Constr violation: -1
Restrictions violated:
0 0 0 0 0 0 0 1 

Individual 14
1	2	3	4	5	6	7	8	9	10	11	12	13	14	15	16	17	18	19	20	21	22	23	24	25	26	27	28
L	-	-	E	E	-	-	-	E	E	E	E	-	-	L	L	-	-	-	E	E	E	E	E	-	-	E	E
-	E	E	E	E	-	-	E	E	E	-	-	E	E	E	E	-	-	-	-	E	E	E	E	E	-	-	-
E	-	-	E	E	L	-	-	L	L	L	L	L	-	-	L	L	-	-	-	-	E	E	E	E	L	-	-
E	-	-	-	E	L	-	-	E	L	L	L	-	-	E	L	L	L	-	-	-	-	-	E	E	L	L	L
E	L	L	L	L	-	-	E	L	L	-	-	L	L	-	-	-	E	L	-	-	E	L	-	-	E	E	-
L	L	-	-	-	-	-	-	-	L	L	-	-	-	-	-	-	-	-	L	L	L	-	-	L	L	-	-
-	E	E	E	L	L	-	-	E	E	-	-	-	-	E	L	L	L	L	-	-	-	E	L	L	-	-	L
-	E	E	E	E	-	-	L	L	-	-	-	E	L	L	-	-	L	L	L	L	-	-	L	L	L	-	-
-	E	E	E	-	-	L	L	-	-	E	E	-	-	E	E	E	E	L	-	-	-	-	E	E	E	E	-
L	L	L	-	-	-	-	E	E	L	L	L	-	-	-	-	E	E	E	L	-	-	E	L	-	-	E	E
Objective 0: 4920
Objective 1: 106
Constr violation: -1
Restrictions violated:
0 0 0 0 0 0 0 1 

Individual 15
1	2	3	4	5	6	7	8	9	10	11	12	13	14	15	16	17	18	19	20	21	22	23	24	25	26	27	28
E	E	E	E	E	-	-	-	L	L	L	L	-	-	L	L	-	-	-	E	E	E	E	L	-	-	E	E
E	E	E	E	E	-	-	E	E	E	-	-	E	E	E	E	-	-	-	-	E	E	E	E	E	-	-	-
E	E	E	E	E	-	-	E	L	L	L	L	-	-	-	-	E	E	-	-	-	E	E	E	E	L	-	-
E	-	-	-	E	L	-	-	E	L	L	L	-	-	E	L	L	L	-	-	-	-	-	E	E	L	L	L
E	L	L	L	L	-	-	E	L	L	-	-	L	L	-	-	-	E	L	-	-	E	L	-	-	E	E	E
L	L	L	L	L	-	-	-	-	L	L	-	-	L	L	-	-	-	L	L	L	-	L	L	L	L	-	-
-	E	E	E	L	L	-	-	E	E	L	L	-	-	E	L	L	L	L	-	-	-	E	L	L	-	-	L
E	E	E	E	E	-	-	L	L	-	-	-	E	L	L	-	-	L	L	L	L	-	-	L	L	L	-	-
E	E	E	E	-	-	L	L	-	-	E	E	-	-	E	E	E	E	L	-	-	-	-	E	E	E	E	L
L	L	L	-	-	-	-	E	E	L	L	L	-	-	-	-	E	E	E	L	-	-	E	L	-	-	E	E
Objective 0: 5139
Objective 1: 85
Constr violation: -1
Restrictions violated:
0 0 0 1 0 0 0 0 

Individual 16
1	2	3	4	5	6	7	8	9	10	11	12	13	14	15	16	17	18	19	20	21	22	23	24	25	26	27	28
L	-	-	E	E	-	-	E	E	E	E	E	-	-	L	L	L	-	-	E	E	E	E	E	-	-	E	E
E	E	E	E	E	-	-	E	E	E	-	-	E	E	E	E	-	-	-	-	E	E	E	E	E	-	-	-
E	E	E	E	E	-	-	E	L	L	L	L	-	-	-	-	E	E	-	-	-	E	E	E	E	L	-	-
E	-	-	-	E	L	-	-	E	L	L	L	-	-	E	L	L	L	-	-	-	-	-	E	E	L	L	L
E	L	L	L	L	-	-	E	L	L	-	-	L	L	-	-	-	E	L	-	-	E	L	-	-	E	E	E
L	L	L	L	L	-	-	-	-	L	L	-	-	L	L	-	-	-	L	L	L	-	L	L	L	L	-	-
-	E	E	E	L	L	-	-	E	L	L	L	-	-	E	L	L	L	L	-	-	-	E	L	L	-	-	L
E	E	E	E	E	-	-	L	L	-	-	-	E	L	L	-	-	L	L	L	L	-	-	L	L	L	-	-
E	E	E	E	-	-	L	L	L	L	-	-	-	-	E	E	E	E	L	-	-	-	-	E	E	E	E	L
L	L	L	-	-	-	-	E	E	L	L	L	-	-	-	-	E	E	E	L	-	-	E	L	-	-	E	E
Objective 0: 4836
Objective 1: 85
Constr violation: -1
Restrictions violated:
0 0 0 1 0 0 0 0 

Individual 17
1	2	3	4	5	6	7	8	9	10	11	12	13	14	15	16	17	18	19	20	21	22	23	24	25	26	27	28
E	E	E	E	E	-	-	-	L	L	L	L	-	-	L	L	-	-	-	E	E	E	E	L	-	-	E	E
E	E	E	E	E	-	-	E	E	E	-	-	E	E	E	E	-	-	-	-	E	E	E	E	E	-	-	-
E	E	E	E	E	-	-	E	L	L	L	L	-	-	-	-	E	E	-	-	-	E	E	E	E	L	-	-
E	-	-	-	E	L	-	-	E	L	L	L	-	-	E	L	L	L	-	-	-	-	-	E	E	L	L	L
E	E	E	E	E	-	-	E	L	L	-	-	L	L	-	-	-	E	L	-	-	E	L	-	-	E	E	-
L	L	L	L	L	-	-	-	-	L	L	-	-	L	L	-	-	-	L	L	-	-	L	L	-	-	-	-
-	E	E	E	L	L	-	-	E	L	L	L	-	-	E	L	L	L	L	-	-	-	E	L	L	-	-	L
E	E	E	E	E	-	-	L	L	-	-	-	E	L	L	-	-	L	L	L	L	-	-	L	L	L	-	-
E	E	E	E	-	-	L	L	L	L	-	-	-	-	E	E	E	E	L	-	-	E	L	L	L	-	-	L
L	L	L	-	-	-	-	E	E	L	L	L	-	-	-	-	E	E	E	L	-	-	E	L	-	-	E	E
Objective 0: 6549
Objective 1: 71
Constr violation: -1
Restrictions violated:
0 0 0 0 0 0 0 1 

Individual 18
1	2	3	4	5	6	7	8	9	10	11	12	13	14	15	16	17	18	19	20	21	22	23	24	25	26	27	28
E	E	E	E	E	-	-	-	L	L	L	L	-	-	L	L	-	-	-	E	E	E	E	E	-	-	E	E
E	E	E	E	E	-	-	E	E	E	-	-	E	E	E	E	-	-	-	-	E	E	E	E	E	-	-	-
E	E	E	E	E	-	-	E	L	L	L	L	-	-	-	-	E	E	-	-	-	E	E	E	E	L	-	-
E	-	-	-	E	L	-	-	E	L	L	L	-	-	E	L	L	L	-	-	-	-	-	E	E	L	L	L
E	E	E	E	E	-	-	E	L	L	-	-	L	L	-	-	-	E	L	-	-	E	L	-	-	E	E	E
L	L	L	L	L	-	-	-	-	L	L	-	-	L	L	-	-	-	L	L	L	-	L	L	L	L	-	-
-	E	E	E	L	L	-	-	E	L	L	L	-	-	E	L	L	L	L	-	-	-	E	L	L	-	-	L
E	E	E	E	E	-	-	L	L	-	-	-	E	L	L	-	-	L	L	L	L	-	-	L	L	L	-	-
E	E	E	E	-	-	L	L	L	L	-	-	-	-	E	E	E	E	L	-	-	E	L	L	L	-	-	L
L	L	L	-	-	-	-	E	E	L	L	L	-	-	-	-	E	E	E	L	-	-	E	L	-	-	E	E
Objective 0: 6048
Objective 1: 74
Constr violation: -1
Restrictions violated:
0 0 0 1 0 0 0 0 

Individual 19
1	2	3	4	5	6	7	8	9	10	11	12	13	14	15	16	17	18	19	20	21	22	23	24	25	26	27	28
E	E	E	E	E	-	-	-	L	L	L	L	-	-	L	L	-	-	-	E	E	E	E	L	-	-	E	E
E	E	E	E	E	-	-	E	E	E	-	-	E	E	E	E	-	-	-	-	E	E	E	E	E	-	-	-
E	E	E	E	E	-	-	E	L	L	L	L	-	-	-	L	L	-	-	-	-	E	E	E	E	L	-	-
E	-	-	-	E	L	-	-	E	L	L	L	-	-	E	L	L	L	-	-	-	-	-	E	E	L	L	L
E	L	L	L	L	-	-	E	L	L	-	-	L	L	-	-	-	E	L	-	-	E	L	-	-	E	E	E
L	L	L	L	L	-	-	-	-	L	L	-	-	L	L	-	-	-	L	L	L	-	L	L	L	L	-	-
-	E	E	E	L	L	-	-	E	L	L	L	-	-	E	L	L	L	L	-	-	-	E	L	L	-	-	L
E	E	E	E	E	-	-	L	L	-	-	-	E	L	L	-	-	L	L	L	L	-	-	L	L	L	-	-
E	E	E	E	-	-	L	L	L	L	-	-	-	-	E	E	E	E	L	-	-	-	-	E	E	E	E	L
L	L	L	-	-	-	-	E	E	L	L	L	-	-	-	-	E	E	E	L	-	-	E	L	-	-	E	E
Objective 0: 5341
Objective 1: 80
Constr violation: -1
Restrictions violated:
0 0 0 1 0 0 0 0 

Individual 20
1	2	3	4	5	6	7	8	9	10	11	12	13	14	15	16	17	18	19	20	21	22	23	24	25	26	27	28
L	-	-	E	E	-	-	-	E	E	E	E	-	-	L	L	-	-	-	E	E	E	E	E	-	-	E	E
-	E	E	E	E	-	-	E	E	E	-	-	E	E	E	E	-	-	-	-	E	E	E	E	E	-	-	-
E	-	-	E	E	L	-	-	L	L	L	L	L	-	-	L	L	-	-	-	-	E	E	E	E	L	-	-
E	-	-	-	E	L	-	-	E	L	L	L	-	-	E	L	L	L	-	-	-	-	-	E	E	L	L	L
E	E	E	E	E	-	-	E	L	L	-	-	L	L	-	-	-	E	L	-	-	E	L	-	-	E	E	-
L	L	-	-	-	-	-	-	-	L	L	-	-	-	-	-	-	-	-	-	-	-	-	-	-	-	-	-
-	E	E	E	L	L	-	-	E	L	L	L	-	-	-	L	L	L	L	-	-	-	E	L	L	-	-	-
-	E	E	E	E	-	-	L	L	-	-	-	E	L	L	-	-	L	L	L	L	-	-	L	L	L	-	-
-	E	E	E	-	-	-	L	L	L	-	-	L	L	-	-	E	E	L	-	-	E	L	L	L	-	-	L
L	L	L	-	-	-	-	E	E	L	L	L	-	-	-	-	E	E	E	L	-	-	E	L	-	-	E	E
Objective 0: 6430
Objective 1: 83
Constr violation: -1
Restrictions violated:
0 0 0 0 0 0 0 1 

Individual 21
1	2	3	4	5	6	7	8	9	10	11	12	13	14	15	16	17	18	19	20	21	22	23	24	25	26	27	28
L	-	-	E	E	-	-	-	L	L	L	L	-	-	L	L	-	-	-	E	E	E	E	L	-	-	E	E
-	E	E	E	E	-	-	E	E	E	-	-	E	E	E	E	-	-	-	-	E	E	E	E	E	-	-	-
E	-	-	E	E	L	-	-	L	L	L	L	L	-	-	L	L	-	-	-	-	E	E	E	E	L	-	-
E	-	-	-	E	L	-	-	E	L	L	L	-	-	E	L	L	L	-	-	-	-	-	E	E	L	L	L
E	E	E	L	L	-	-	E	L	L	-	-	L	L	-	-	-	E	L	-	-	E	L	-	-	E	E	-
L	L	-	-	-	-	-	-	-	L	L	-	-	-	-	-	-	-	-	-	-	-	-	-	-	-	-	-
-	E	E	E	L	L	-	-	E	E	-	-	-	-	E	L	L	L	L	-	-	-	E	L	L	-	-	L
-	E	E	E	E	-	-	L	L	-	-	-	E	L	L	-	-	L	L	L	L	-	-	L	L	L	-	-
-	E	E	E	-	-	L	L	-	-	E	E	-	-	E	E	E	E	L	-	-	-	-	E	E	E	E	-
L	L	L	-	-	-	-	E	E	L	L	L	-	-	-	-	E	E	E	L	-	-	E	L	-	-	E	E
Objective 0: 6026
Objective 1: 96
Constr violation: -1
Restrictions violated:
0 0 0 0 0 0 0 1 

Individual 22
1	2	3	4	5	6	7	8	9	10	11	12	13	14	15	16	17	18	19	20	21	22	23	24	25	26	27	28
L	-	-	E	E	-	-	-	E	E	E	E	-	-	L	L	-	-	-	E	E	E	E	E	-	-	E	E
-	E	E	E	E	-	-	E	E	E	-	-	E	E	E	E	-	-	-	-	E	E	E	E	E	-	-	-
E	-	-	E	E	L	-	-	L	L	L	L	L	-	-	L	L	-	-	-	-	E	E	E	E	L	-	-
E	-	-	-	E	L	-	-	E	L	L	L	-	-	E	L	L	L	-	-	-	-	-	E	E	L	L	L
E	L	L	L	L	-	-	E	L	L	-	-	L	L	-	-	-	E	L	-	-	E	L	-	-	E	E	-
L	L	-	-	-	-	-	-	-	L	L	-	-	-	-	-	-	-	-	-	-	-	-	-	-	-	-	-
-	E	E	E	L	L	-	-	E	E	-	-	-	-	E	L	L	L	L	-	-	-	E	L	L	-	-	L
-	E	E	E	E	-	-	L	L	-	-	-	E	L	L	-	-	L	L	L	L	-	-	L	L	L	-	-
-	E	E	E	-	-	L	L	-	-	E	E	-	-	E	E	E	E	L	-	-	-	-	E	E	E	E	-
L	L	L	-	-	-	-	E	E	L	L	L	-	-	-	-	E	E	E	L	-	-	E	L	-	-	E	E
Objective 0: 5420
Objective 1: 102
Constr violation: -1
Restrictions violated:
0 0 0 0 0 0 0 1 

Individual 23
1	2	3	4	5	6	7	8	9	10	11	12	13	14	15	16	17	18	19	20	21	22	23	24	25	26	27	28
L	-	-	E	E	-	-	-	E	E	E	L	-	-	L	L	-	-	-	E	E	E	E	L	-	-	E	E
-	E	E	E	E	-	-	E	E	E	-	-	E	E	E	E	-	-	-	-	E	E	E	E	E	-	-	-
E	-	-	E	E	L	-	-	L	L	L	L	L	-	-	L	L	-	-	-	-	E	E	E	E	L	-	-
E	-	-	-	E	L	-	-	E	L	L	L	-	-	E	L	L	L	-	-	-	-	-	E	E	L	L	L
E	L	L	L	L	-	-	E	L	L	-	-	L	L	-	-	-	E	L	-	-	E	L	-	-	E	E	-
L	L	-	-	-	-	-	-	-	L	L	-	-	-	-	-	-	-	-	-	-	-	-	-	-	-	-	-
-	E	E	E	L	L	-	-	E	L	L	L	-	-	-	L	L	L	L	-	-	-	E	L	L	-	-	-
-	E	E	E	E	-	-	L	L	-	-	-	E	L	L	-	-	L	L	L	L	-	-	L	L	L	-	-
-	E	E	E	-	-	-	L	L	L	-	-	L	L	-	-	E	E	L	-	-	E	L	L	L	-	-	L
L	L	L	-	-	-	-	E	E	L	L	L	-	-	-	-	E	E	E	L	-	-	E	L	-	-	E	E
Objective 0: 6228
Objective 1: 91
Constr violation: -1
Restrictions violated:
0 0 0 0 0 0 0 1 

Individual 24
1	2	3	4	5	6	7	8	9	10	11	12	13	14	15	16	17	18	19	20	21	22	23	24	25	26	27	28
E	E	E	E	E	-	-	-	L	L	L	L	-	-	L	L	-	-	-	E	E	E	E	L	-	-	E	E
E	E	E	E	E	-	-	E	E	E	-	-	E	E	E	E	-	-	-	-	E	E	E	E	E	-	-	-
E	E	E	E	E	-	-	E	L	L	L	L	-	-	-	-	E	E	-	-	-	E	E	E	E	L	-	-
E	-	-	-	E	L	-	-	E	L	L	L	-	-	E	L	L	L	-	-	-	-	-	E	E	L	L	L
E	E	E	E	E	-	-	E	L	L	-	-	L	L	-	-	-	E	L	-	-	E	L	-	-	E	E	E
L	L	L	L	L	-	-	-	-	L	L	-	-	L	L	-	-	-	L	L	L	-	L	L	L	L	-	-
-	E	E	E	L	L	-	-	E	E	L	L	-	-	E	L	L	L	L	-	-	-	E	L	L	-	-	L
E	E	E	E	E	-	-	L	L	-	-	-	E	L	L	-	-	L	L	L	L	-	-	L	L	L	-	-
E	E	E	E	-	-	L	L	-	-	E	E	-	-	E	E	E	E	L	-	-	-	-	E	E	E	E	L
L	L	L	-	-	-	-	E	E	L	L	L	-	-	-	-	E	E	E	L	-	-	E	L	-	-	E	E
Objective 0: 5543
Objective 1: 76
Constr violation: -1
Restrictions violated:
0 0 0 1 0 0 0 0 

Individual 25
1	2	3	4	5	6	7	8	9	10	11	12	13	14	15	16	17	18	19	20	21	22	23	24	25	26	27	28
L	-	-	E	E	-	-	-	E	E	E	E	-	-	L	L	-	-	-	E	E	E	E	E	-	-	E	E
-	E	E	E	E	-	-	E	E	E	-	-	E	E	E	E	-	-	-	-	E	E	E	E	E	-	-	-
E	-	-	E	E	L	-	-	L	L	L	L	L	-	-	L	L	-	-	-	-	E	E	E	E	L	-	-
E	-	-	-	E	L	-	-	E	L	L	L	-	-	E	L	L	L	-	-	-	-	-	E	E	L	L	L
E	L	L	L	L	-	-	E	L	L	-	-	L	L	-	-	-	E	L	-	-	E	L	-	-	E	E	-
L	L	-	-	-	-	-	-	-	L	L	-	-	-	-	-	-	-	-	-	-	-	-	-	-	-	-	-
-	E	E	E	L	L	-	-	E	L	L	L	-	-	-	L	L	L	L	-	-	-	E	L	L	-	-	-
-	E	E	E	E	-	-	L	L	-	-	-	E	L	L	-	-	L	L	L	L	-	-	L	L	L	-	-
-	E	E	E	-	-	L	L	-	-	E	E	-	-	E	E	E	E	L	-	-	-	-	E	E	E	E	-
L	L	L	-	-	-	-	E	E	L	L	L	-	-	-	-	E	E	E	L	-	-	E	L	-	-	E	E
Objective 0: 5521
Objective 1: 96
Constr violation: -1
Restrictions violated:
0 0 0 0 0 0 0 1 

Individual 26
1	2	3	4	5	6	7	8	9	10	11	12	13	14	15	16	17	18	19	20	21	22	23	24	25	26	27	28
L	-	-	E	E	-	-	-	E	E	E	E	-	-	L	L	-	-	-	E	E	E	E	E	-	-	E	E
-	E	E	E	E	-	-	E	E	E	-	-	E	E	E	E	-	-	-	-	E	E	E	E	E	-	-	-
E	-	-	E	E	L	-	-	L	L	L	L	L	-	-	L	L	-	-	-	-	E	E	E	E	L	-	-
E	-	-	-	E	L	-	-	E	L	L	L	-	-	E	L	L	L	-	-	-	-	-	E	E	L	L	L
E	L	L	L	L	-	-	E	L	L	-	-	L	L	-	-	-	E	L	-	-	E	L	-	-	E	E	-
L	L	-	-	-	-	-	-	-	L	L	-	-	-	-	-	-	-	-	-	-	-	-	-	-	-	-	-
-	E	E	E	L	L	-	-	E	E	-	-	-	-	E	L	L	L	L	-	-	-	E	L	L	-	-	L
E	E	E	E	E	-	-	L	L	-	-	-	E	L	L	-	-	L	L	L	L	-	-	L	L	L	-	-
E	E	E	E	-	-	L	L	L	L	-	-	-	-	E	E	E	E	L	-	-	E	L	L	L	-	-	L
L	L	L	-	-	-	-	E	E	L	L	L	-	-	-	-	E	E	E	L	-	-	E	L	-	-	E	E
Objective 0: 5827
Objective 1: 100
Constr violation: -1
Restrictions violated:
0 0 0 0 0 0 0 1 

Individual 27
1	2	3	4	5	6	7	8	9	10	11	12	13	14	15	16	17	18	19	20	21	22	23	24	25	26	27	28
E	E	E	E	E	-	-	-	L	L	L	L	-	-	L	L	-	-	-	E	E	E	E	E	-	-	E	E
E	E	E	E	E	-	-	E	E	E	-	-	E	E	E	E	-	-	-	-	E	E	E	E	E	-	-	-
E	E	E	E	E	-	-	E	L	L	L	L	-	-	-	L	L	-	-	-	-	E	E	E	E	L	-	-
E	-	-	-	E	L	-	-	E	L	L	L	-	-	E	L	L	L	-	-	-	-	-	E	E	L	L	L
E	E	E	E	E	-	-	E	L	L	-	-	L	L	-	-	-	E	L	-	-	E	L	-	-	E	E	E
L	L	-	-	-	-	-	-	-	L	L	-	-	L	L	-	-	-	-	-	-	-	-	-	-	-	-	-
-	E	E	E	L	L	-	-	E	L	L	L	-	-	-	L	L	L	L	L	-	-	E	L	L	-	-	-
E	E	E	E	E	-	-	L	L	-	-	-	E	L	L	-	-	L	L	L	L	-	-	L	L	L	-	-
E	E	E	E	-	-	-	L	L	L	-	-	L	L	-	-	E	E	L	-	-	E	L	L	L	-	-	L
L	L	L	-	-	-	-	E	E	L	L	L	-	-	-	-	E	E	E	L	-	-	E	L	-	-	E	E
Objective 0: 6743
Objective 1: 61
Constr violation: -1
Restrictions violated:
0 0 0 0 0 0 0 1 

Individual 28
1	2	3	4	5	6	7	8	9	10	11	12	13	14	15	16	17	18	19	20	21	22	23	24	25	26	27	28
E	-	-	E	E	-	-	E	E	E	E	E	-	-	L	L	L	-	-	E	E	E	E	L	-	-	E	E
E	E	E	E	E	-	-	E	E	E	-	-	E	E	E	E	-	-	-	-	E	E	E	E	E	-	-	-
E	E	E	E	E	-	-	E	L	L	L	L	-	-	-	L	L	-	-	-	-	E	E	E	E	L	-	-
E	-	-	-	E	L	-	-	E	L	L	L	-	-	E	L	L	L	-	-	-	-	-	E	E	L	L	L
E	E	E	E	E	-	-	E	L	L	-	-	L	L	-	-	-	E	L	-	-	E	L	-	-	E	E	-
L	L	-	-	-	-	-	-	-	L	L	-	-	L	L	-	-	-	-	-	-	-	-	-	-	-	-	-
-	E	E	E	L	L	-	-	E	L	L	L	-	-	-	L	L	L	L	L	-	-	E	L	L	-	-	-
E	E	E	E	E	-	-	L	L	-	-	-	E	L	L	-	-	L	L	L	L	-	-	L	L	L	-	-
E	E	E	E	-	-	-	L	L	L	-	-	L	L	-	-	E	E	L	-	-	E	L	L	L	-	-	L
L	L	L	-	-	-	-	E	E	L	L	L	-	-	-	-	E	E	E	L	-	-	E	L	-	-	E	E
Objective 0: 6540
Objective 1: 62
Constr violation: -1
Restrictions violated:
0 0 0 0 0 0 0 1 

Individual 29
1	2	3	4	5	6	7	8	9	10	11	12	13	14	15	16	17	18	19	20	21	22	23	24	25	26	27	28
E	E	E	E	E	-	-	-	L	L	L	L	-	-	L	L	-	-	-	E	E	E	E	L	-	-	E	E
E	E	E	E	E	-	-	E	E	E	-	-	E	E	E	E	-	-	-	-	E	E	E	E	E	-	-	-
E	-	-	E	E	L	-	-	L	L	L	L	L	-	-	L	L	-	-	-	-	E	E	E	E	L	-	-
E	-	-	-	E	L	-	-	E	L	L	L	-	-	E	L	L	L	-	-	-	-	-	E	E	L	L	L
E	E	E	L	L	-	-	E	L	L	-	-	L	L	-	-	-	E	L	-	-	E	L	-	-	E	E	-
L	L	-	-	-	-	-	-	-	L	L	-	-	-	-	-	-	-	-	-	-	-	-	-	-	-	-	-
-	E	E	E	L	L	-	-	E	E	-	-	-	-	E	L	L	L	L	-	-	-	E	L	L	-	-	L
-	E	E	E	E	-	-	L	L	-	-	-	E	L	L	-	-	L	L	L	L	-	-	L	L	L	-	-
E	E	E	E	-	-	-	L	L	L	-	-	L	L	-	-	E	E	L	-	-	E	L	L	L	-	-	L
L	L	L	-	-	-	-	E	E	L	L	L	-	-	-	-	E	E	E	L	-	-	E	L	-	-	E	E
Objective 0: 6535
Objective 1: 90
Constr violation: -1
Restrictions violated:
0 0 0 0 0 0 0 1 

Individual 30
1	2	3	4	5	6	7	8	9	10	11	12	13	14	15	16	17	18	19	20	21	22	23	24	25	26	27	28
L	-	-	E	E	-	-	-	E	E	E	L	-	-	L	L	-	-	-	E	E	E	E	L	-	-	E	E
-	E	E	E	E	-	-	E	E	E	-	-	E	E	E	E	-	-	-	-	E	E	E	E	E	-	-	-
E	-	-	E	E	L	-	-	L	L	L	L	L	-	-	L	L	-	-	-	-	E	E	E	E	L	-	-
E	-	-	-	E	L	-	-	E	L	L	L	-	-	E	L	L	L	-	-	-	-	-	E	E	L	L	L
E	L	L	L	L	-	-	E	L	L	-	-	L	L	-	-	-	E	L	-	-	E	L	-	-	E	E	-
L	L	-	-	-	-	-	-	-	L	L	-	-	-	-	-	-	-	-	L	L	L	-	-	L	L	-	-
-	E	E	E	L	L	-	-	E	E	-	-	-	-	E	L	L	L	L	-	-	-	E	L	L	-	-	L
-	E	E	E	E	-	-	L	L	-	-	-	E	L	L	-	-	L	L	L	L	-	-	L	L	L	-	-
-	E	E	E	-	-	L	L	-	-	E	E	-	-	E	E	E	E	L	-	-	-	-	E	E	E	E	-
L	L	L	-	-	-	-	E	E	L	L	L	-	-	-	-	E	E	E	L	-	-	E	L	-	-	E	E
Objective 0: 5122
Objective 1: 105
Constr violation: -1
Restrictions violated:
0 0 0 0 0 0 0 1 

Individual 31
1	2	3	4	5	6	7	8	9	10	11	12	13	14	15	16	17	18	19	20	21	22	23	24	25	26	27	28
L	-	-	E	E	-	-	-	E	E	E	E	-	-	L	L	-	-	-	E	E	E	E	E	-	-	E	E
-	E	E	E	E	-	-	E	E	E	-	-	E	E	E	E	-	-	-	-	E	E	E	E	E	-	-	-
E	E	E	E	E	-	-	E	L	L	L	L	-	-	-	-	E	E	-	-	-	E	E	E	E	L	-	-
E	-	-	-	E	L	-	-	E	L	L	L	-	-	E	L	L	L	-	-	-	-	-	E	E	L	L	L
E	E	E	E	E	-	-	E	L	L	-	-	L	L	-	-	-	E	L	-	-	E	L	-	-	E	E	E
L	L	L	L	L	-	-	-	-	L	L	-	-	L	L	-	-	-	L	L	L	-	L	L	L	L	-	-
-	E	E	E	L	L	-	-	E	E	L	L	-	-	E	L	L	L	L	-	-	-	E	L	L	-	-	L
E	E	E	E	E	-	-	L	L	-	-	-	E	L	L	-	-	L	L	L	L	-	-	L	L	L	-	-
E	E	E	E	-	-	L	L	-	-	E	E	-	-	E	E	E	E	L	-	-	-	-	E	E	E	E	L
L	L	L	-	-	-	-	E	E	L	L	L	-	-	-	-	E	E	E	L	-	-	E	L	-	-	E	E
Objective 0: 5035
Objective 1: 79
Constr violation: -1
Restrictions violated:
0 0 0 1 0 0 0 0 

Individual 32
1	2	3	4	5	6	7	8	9	10	11	12	13	14	15	16	17	18	19	20	21	22	23	24	25	26	27	28
L	-	-	E	E	-	-	-	L	L	L	L	-	-	L	L	-	-	-	E	E	E	E	L	-	-	E	E
-	E	E	E	E	-	-	E	E	E	-	-	E	E	E	E	-	-	-	-	E	E	E	E	E	-	-	-
E	-	-	E	E	L	-	-	L	L	L	L	L	-	-	L	L	-	-	-	-	E	E	E	E	L	-	-
E	-	-	-	E	L	-	-	E	L	L	L	-	-	E	L	L	L	-	-	-	-	-	E	E	L	L	L
E	E	E	E	E	-	-	E	L	L	-	-	L	L	-	-	-	E	L	-	-	E	L	-	-	E	E	-
L	L	-	-	-	-	-	-	-	L	L	-	-	L	L	-	-	-	-	-	-	-	-	-	-	-	-	-
-	E	E	E	L	L	-	-	E	L	L	L	-	-	-	L	L	L	L	L	-	-	E	L	L	-	-	-
E	E	E	E	E	-	-	L	L	-	-	-	E	L	L	-	-	L	L	L	L	-	-	L	L	L	-	-
E	E	E	E	-	-	-	L	L	L	-	-	L	L	-	-	E	E	L	-	-	E	L	L	L	-	-	L
L	L	L	-	-	-	-	E	E	L	L	L	-	-	-	-	E	E	E	L	-	-	E	L	-	-	E	E
Objective 0: 6637
Objective 1: 69
Constr violation: -1
Restrictions violated:
0 0 0 0 0 0 0 1 

Individual 33
1	2	3	4	5	6	7	8	9	10	11	12	13	14	15	16	17	18	19	20	21	22	23	24	25	26	27	28
L	-	-	E	E	-	-	-	E	E	E	E	-	-	L	L	-	-	-	E	E	E	E	E	-	-	E	E
E	E	E	E	E	-	-	E	E	E	-	-	E	E	E	E	-	-	-	-	E	E	E	E	E	-	-	-
E	E	E	E	E	-	-	-	L	L	L	L	L	-	-	L	L	-	-	-	-	E	E	E	E	L	-	-
E	-	-	-	E	L	-	-	E	L	L	L	-	-	E	L	L	L	-	-	-	-	-	E	E	L	L	L
E	E	E	E	E	-	-	E	L	L	-	-	L	L	-	-	-	E	L	-	-	E	L	-	-	E	E	E
L	L	L	L	L	-	-	-	-	L	L	-	-	L	L	-	-	-	L	L	L	-	L	L	L	L	-	-
-	E	E	E	L	L	-	-	E	L	L	L	-	-	E	L	L	L	L	-	-	-	E	L	L	-	-	L
-	E	E	E	E	-	-	L	L	-	-	-	E	L	L	-	-	L	L	L	L	-	-	L	L	L	-	-
-	E	E	E	-	-	-	L	L	L	-	-	L	L	-	-	E	E	L	-	-	E	L	L	L	-	-	L
L	L	L	-	-	-	-	E	E	L	L	L	-	-	-	-	E	E	E	L	-	-	E	L	-	-	E	E
Objective 0: 5538
Objective 1: 75
Constr violation: -1
Restrictions violated:
0 0 0 1 0 0 0 0 

Individual 34
1	2	3	4	5	6	7	8	9	10	11	12	13	14	15	16	17	18	19	20	21	22	23	24	25	26	27	28
L	-	-	E	E	-	-	E	E	E	E	E	-	-	L	L	L	-	-	E	E	E	E	E	-	-	E	E
E	E	E	E	E	-	-	E	E	E	-	-	E	E	E	E	-	-	-	-	E	E	E	E	E	-	-	-
E	-	-	E	E	L	-	-	L	L	L	L	L	-	-	L	L	-	-	-	-	E	E	E	E	L	-	-
E	-	-	-	E	L	-	-	E	L	L	L	-	-	E	L	L	L	-	-	-	-	-	E	E	L	L	L
E	L	L	L	L	-	-	E	L	L	-	-	L	L	-	-	-	E	L	-	-	E	L	-	-	E	E	E
L	L	L	L	L	-	-	-	-	L	L	-	-	L	L	-	-	-	L	L	L	-	L	L	L	L	-	-
-	E	E	E	L	L	-	-	E	E	L	L	-	-	E	L	L	L	L	-	-	-	E	L	L	-	-	L
E	E	E	E	E	-	-	L	L	-	-	-	E	L	L	-	-	L	L	L	L	-	-	L	L	L	-	-
E	E	E	E	-	-	L	L	-	-	E	E	-	-	E	E	E	E	L	-	-	-	-	E	E	E	E	L
L	L	L	-	-	-	-	E	E	L	L	L	-	-	-	-	E	E	E	L	-	-	E	L	-	-	E	E
Objective 0: 4229
Objective 1: 95
Constr violation: -1
Restrictions violated:
0 0 0 1 0 0 0 0 

Individual 35
1	2	3	4	5	6	7	8	9	10	11	12	13	14	15	16	17	18	19	20	21	22	23	24	25	26	27	28
E	E	E	E	E	-	-	-	L	L	L	L	-	-	L	L	-	-	-	E	E	E	E	L	-	-	E	E
E	E	E	E	E	-	-	E	E	E	-	-	E	E	E	E	-	-	-	-	E	E	E	E	E	-	-	-
E	E	E	E	E	-	-	-	L	L	L	L	L	-	-	L	L	-	-	-	-	E	E	E	E	L	-	-
E	-	-	-	E	L	-	-	E	L	L	L	-	-	E	L	L	L	-	-	-	-	-	E	E	L	L	L
E	L	L	L	L	-	-	E	L	L	-	-	L	L	-	-	-	E	L	-	-	E	L	-	-	E	E	E
L	L	L	L	L	-	-	-	-	L	L	-	-	L	L	-	-	-	L	L	L	-	L	L	L	L	-	-
-	E	E	E	L	L	-	-	E	E	L	L	-	-	E	L	L	L	L	-	-	-	E	L	L	-	-	L
E	E	E	E	E	-	-	L	L	-	-	-	E	L	L	-	-	L	L	L	L	-	-	L	L	L	-	-
E	E	E	E	-	-	L	L	-	-	E	E	-	-	E	E	E	E	L	-	-	E	L	L	L	-	-	L
L	L	L	-	-	-	-	E	E	L	L	L	-	-	-	-	E	E	E	L	-	-	E	L	-	-	E	E
Objective 0: 5240
Objective 1: 86
Constr violation: -1
Restrictions violated:
0 0 0 1 0 0 0 0 

Individual 36
1	2	3	4	5	6	7	8	9	10	11	12	13	14	15	16	17	18	19	20	21	22	23	24	25	26	27	28
L	-	-	E	E	-	-	-	E	E	E	E	-	-	L	L	L	-	-	E	E	E	E	E	-	-	E	E
-	E	E	E	E	-	-	E	E	E	-	-	E	E	E	E	-	-	-	-	E	E	E	E	E	-	-	-
E	-	-	E	E	L	-	-	L	L	L	L	L	-	-	L	L	-	-	-	-	E	E	E	E	L	-	-
E	-	-	-	E	L	-	-	E	L	L	L	-	-	E	L	L	L	-	-	-	-	-	E	E	L	L	L
E	L	L	L	L	-	-	E	L	L	-	-	L	L	-	-	-	E	L	-	-	E	L	-	-	E	E	-
L	L	L	L	L	-	-	-	-	L	L	-	-	-	-	-	-	-	-	-	-	-	-	-	-	-	-	-
-	E	E	E	L	L	-	-	E	E	-	-	-	-	E	L	L	L	L	-	-	-	E	L	L	-	-	L
-	E	E	E	E	-	-	L	L	-	-	-	E	L	L	-	-	L	L	L	L	-	-	L	L	L	-	-
-	E	E	E	-	-	L	L	-	-	E	E	-	-	E	E	E	E	L	-	-	-	-	E	E	E	E	-
L	L	L	-	-	-	-	E	E	L	L	L	-	-	-	-	E	E	E	L	-	-	E	L	-	-	E	E
Objective 0: 5020
Objective 1: 104
Constr violation: -1
Restrictions violated:
0 0 0 0 0 0 0 1 

Individual 37
1	2	3	4	5	6	7	8	9	10	11	12	13	14	15	16	17	18	19	20	21	22	23	24	25	26	27	28
L	-	-	E	E	-	-	-	E	E	E	E	-	-	L	L	L	-	-	E	E	E	E	E	-	-	E	E
-	E	E	E	E	-	-	E	E	E	-	-	E	E	E	E	-	-	-	-	E	E	E	E	E	-	-	-
E	-	-	E	E	L	-	-	L	L	L	L	L	-	-	L	L	-	-	-	-	E	E	E	E	L	-	-
E	-	-	-	E	L	-	-	E	L	L	L	-	-	E	L	L	L	-	-	-	-	-	E	E	L	L	L
E	L	L	L	L	-	-	E	L	L	-	-	L	L	-	-	-	E	L	-	-	E	L	-	-	E	E	-
L	L	L	L	L	-	-	-	-	L	L	-	-	-	-	-	-	-	-	L	L	L	-	-	L	L	-	-
-	E	E	E	L	L	-	-	E	E	-	-	-	-	E	L	L	L	L	-	-	-	E	L	L	-	-	L
-	E	E	E	E	-	-	L	L	-	-	-	E	L	L	-	-	L	L	L	L	-	-	L	L	L	-	-
-	E	E	E	-	-	L	L	-	-	E	E	-	-	E	E	E	E	L	-	-	-	-	E	E	E	E	-
L	L	L	-	-	-	-	E	E	L	L	L	-	-	-	-	E	E	E	L	-	-	E	L	-	-	E	E
Objective 0: 4520
Objective 1: 108
Constr violation: -1
Restrictions violated:
0 0 0 0 0 0 0 1 

Individual 38
1	2	3	4	5	6	7	8	9	10	11	12	13	14	15	16	17	18	19	20	21	22	23	24	25	26	27	28
L	-	-	E	E	-	-	-	E	E	E	E	-	-	L	L	-	-	-	E	E	E	E	E	-	-	E	E
-	E	E	E	E	-	-	E	E	E	-	-	E	E	E	E	-	-	-	-	E	E	E	E	E	-	-	-
E	-	-	E	E	L	-	-	L	L	L	L	L	-	-	L	L	-	-	-	-	E	E	E	E	L	-	-
E	-	-	-	E	L	-	-	E	L	L	L	-	-	E	L	L	L	-	-	-	-	-	E	E	L	L	L
E	L	L	L	L	-	-	E	L	L	-	-	L	L	-	-	-	E	L	-	-	E	L	-	-	E	E	-
L	L	L	L	L	-	-	-	-	L	L	-	-	L	L	-	-	-	-	L	L	L	-	-	L	L	-	-
-	E	E	E	L	L	-	-	E	E	-	-	-	-	E	L	L	L	L	-	-	-	E	L	L	-	-	L
-	E	E	E	E	-	-	L	L	-	-	-	E	L	L	-	-	L	L	L	L	-	-	L	L	L	-	-
-	E	E	E	-	-	L	L	-	-	E	E	-	-	E	E	E	E	L	-	-	-	-	E	E	E	E	-
L	L	L	-	-	-	-	E	E	L	L	L	-	-	-	-	E	E	E	L	-	-	E	L	-	-	E	E
Objective 0: 4420
Objective 1: 102
Constr violation: -1
Restrictions violated:
0 0 0 0 0 0 0 1 

Individual 39
1	2	3	4	5	6	7	8	9	10	11	12	13	14	15	16	17	18	19	20	21	22	23	24	25	26	27	28
L	-	-	E	E	-	-	-	E	E	E	E	-	-	L	L	-	-	-	E	E	E	E	E	-	-	E	E
-	E	E	E	E	-	-	E	E	E	-	-	E	E	E	E	-	-	-	-	E	E	E	E	E	-	-	-
E	-	-	E	E	L	-	-	L	L	L	L	L	-	-	L	L	-	-	-	-	E	E	E	E	L	-	-
E	-	-	-	E	L	-	-	E	L	L	L	-	-	E	L	L	L	-	-	-	-	-	E	E	L	L	L
E	L	L	L	L	-	-	E	L	L	-	-	L	L	-	-	-	E	L	-	-	E	L	-	-	E	E	E
L	L	L	L	L	-	-	-	-	L	L	-	-	L	L	-	-	-	-	L	L	L	-	-	L	L	-	-
-	E	E	E	L	L	-	-	E	E	-	-	-	-	E	L	L	L	L	-	-	-	E	L	L	-	-	L
-	E	E	E	E	-	-	L	L	-	-	-	E	L	L	-	-	L	L	L	L	-	-	L	L	L	-	-
-	E	E	E	-	-	L	L	-	-	E	E	-	-	E	E	E	E	L	-	-	-	-	E	E	E	E	-
L	L	L	-	-	-	-	E	E	L	L	L	-	-	-	-	E	E	E	L	-	-	E	L	-	-	E	E
Objective 0: 4320
Objective 1: 102
Constr violation: -1
Restrictions violated:
0 0 0 0 0 0 0 1 

Individual 40
1	2	3	4	5	6	7	8	9	10	11	12	13	14	15	16	17	18	19	20	21	22	23	24	25	26	27	28
E	E	E	E	E	-	-	-	L	L	L	L	-	-	L	L	-	-	-	E	E	E	E	L	-	-	E	E
-	E	E	E	E	-	-	E	E	E	-	-	E	E	E	E	-	-	-	-	E	E	E	E	E	-	-	-
E	-	-	E	E	L	-	-	L	L	L	L	L	-	-	L	L	-	-	-	-	E	E	E	E	L	-	-
E	-	-	-	E	L	-	-	E	L	L	L	-	-	E	L	L	L	-	-	-	-	-	E	E	L	L	L
E	E	E	E	E	-	-	E	L	L	-	-	L	L	-	-	-	E	L	-	-	E	L	-	-	E	E	-
L	L	-	-	-	-	-	-	-	L	L	-	-	-	-	-	-	-	-	-	-	-	-	-	-	-	-	-
-	E	E	E	L	L	-	-	E	L	L	L	-	-	-	L	L	L	L	-	-	-	E	L	L	-	-	-
-	E	E	E	E	-	-	L	L	-	-	-	E	L	L	-	-	L	L	L	L	-	-	L	L	L	-	-
-	E	E	E	-	-	-	L	L	L	-	-	L	L	-	-	E	E	L	-	-	E	L	L	L	-	-	L
L	L	L	-	-	-	-	E	E	L	L	L	-	-	-	-	E	E	E	L	-	-	E	L	-	-	E	E
Objective 0: 6937
Objective 1: 80
Constr violation: -1
Restrictions violated:
0 0 0 0 0 0 0 1 

Individual 41
1	2	3	4	5	6	7	8	9	10	11	12	13	14	15	16	17	18	19	20	21	22	23	24	25	26	27	28
L	-	-	E	E	-	-	E	E	E	E	E	-	-	L	L	L	-	-	E	E	E	E	E	-	-	E	E
E	E	E	E	E	-	-	E	E	E	-	-	E	E	E	E	-	-	-	-	E	E	E	E	E	-	-	-
E	E	E	E	E	-	-	-	L	L	L	L	L	-	-	L	L	-	-	-	-	E	E	E	E	L	-	-
E	-	-	-	E	L	-	-	E	L	L	L	-	-	E	L	L	L	-	-	-	-	-	E	E	L	L	L
E	L	L	L	L	-	-	E	L	L	-	-	L	L	-	-	-	E	L	-	-	E	L	-	-	E	E	E
L	L	L	L	L	-	-	-	-	L	L	-	-	L	L	-	-	-	L	L	L	-	L	L	L	L	-	-
-	E	E	E	L	L	-	-	E	L	L	L	-	-	E	L	L	L	L	-	-	-	E	L	L	-	-	L
E	E	E	E	E	-	-	L	L	-	-	-	E	L	L	-	-	L	L	L	L	-	-	L	L	L	-	-
E	E	E	E	-	-	L	L	L	L	-	-	-	-	E	E	E	E	L	-	-	E	L	L	L	-	-	L
L	L	L	-	-	-	-	E	E	L	L	L	-	-	-	-	E	E	E	L	-	-	E	L	-	-	E	E
Objective 0: 4937
Objective 1: 86
Constr violation: -1
Restrictions violated:
0 0 0 1 0 0 0 0 

Individual 42
1	2	3	4	5	6	7	8	9	10	11	12	13	14	15	16	17	18	19	20	21	22	23	24	25	26	27	28
L	-	-	E	E	-	-	E	E	E	E	E	-	-	L	L	L	-	-	E	E	E	E	E	-	-	E	E
E	E	E	E	E	-	-	E	E	E	-	-	E	E	E	E	-	-	-	-	E	E	E	E	E	-	-	-
E	E	E	E	E	-	-	E	L	L	L	L	-	-	-	-	E	E	-	-	-	E	E	E	E	L	-	-
E	-	-	-	E	L	-	-	E	L	L	L	-	-	E	L	L	L	-	-	-	-	-	E	E	L	L	L
E	L	L	L	L	-	-	E	L	L	-	-	L	L	-	-	-	E	L	-	-	E	L	-	-	E	E	E
L	L	L	L	L	-	-	-	-	L	L	-	-	L	L	-	-	-	L	L	L	-	L	L	L	L	-	-
-	E	E	E	L	L	-	-	E	E	L	L	-	-	E	L	L	L	L	-	-	-	E	L	L	-	-	L
E	E	E	E	E	-	-	L	L	-	-	-	E	L	L	-	-	L	L	L	L	-	-	L	L	L	-	-
E	E	E	E	-	-	L	L	-	-	E	E	-	-	E	E	E	E	L	-	-	-	-	E	E	E	E	L
L	L	L	-	-	-	-	E	E	L	L	L	-	-	-	-	E	E	E	L	-	-	E	L	-	-	E	E
Objective 0: 4533
Objective 1: 88
Constr violation: -1
Restrictions violated:
0 0 0 1 0 0 0 0 

Individual 43
1	2	3	4	5	6	7	8	9	10	11	12	13	14	15	16	17	18	19	20	21	22	23	24	25	26	27	28
L	-	-	E	E	-	-	-	E	E	E	E	-	-	L	L	-	-	-	E	E	E	E	E	-	-	E	E
-	E	E	E	E	-	-	E	E	E	-	-	E	E	E	E	-	-	-	-	E	E	E	E	E	-	-	-
E	-	-	E	E	L	-	-	L	L	L	L	L	-	-	L	L	-	-	-	-	E	E	E	E	L	-	-
E	-	-	-	E	L	-	-	E	L	L	L	-	-	E	L	L	L	-	-	-	-	-	E	E	L	L	L
E	L	L	L	L	-	-	E	L	L	-	-	L	L	-	-	-	E	L	-	-	E	L	-	-	E	E	-
L	L	L	L	L	-	-	-	-	L	L	-	-	L	L	-	-	-	-	L	L	L	-	-	-	-	-	-
-	E	E	E	L	L	-	-	E	E	-	-	-	-	E	L	L	L	L	-	-	-	E	L	L	-	-	L
-	E	E	E	E	-	-	L	L	-	-	-	E	L	L	-	-	L	L	L	L	-	-	L	L	L	-	-
-	E	E	E	-	-	L	L	-	-	E	E	-	-	E	E	E	E	L	-	-	-	-	E	E	E	E	-
L	L	L	-	-	-	-	E	E	L	L	L	-	-	-	-	E	E	E	L	-	-	E	L	-	-	E	E
Objective 0: 4620
Objective 1: 102
Constr violation: -1
Restrictions violated:
0 0 0 0 0 0 0 1 

Individual 44
1	2	3	4	5	6	7	8	9	10	11	12	13	14	15	16	17	18	19	20	21	22	23	24	25	26	27	28
E	E	E	E	E	-	-	-	L	L	L	L	-	-	L	L	-	-	-	E	E	E	E	L	-	-	E	E
E	E	E	E	E	-	-	E	E	E	-	-	E	E	E	E	-	-	-	-	E	E	E	E	E	-	-	-
E	E	E	E	E	-	-	E	L	L	L	L	-	-	-	-	E	E	-	-	-	E	E	E	E	L	-	-
E	-	-	-	E	L	-	-	E	L	L	L	-	-	E	L	L	L	-	-	-	-	-	E	E	L	L	L
E	E	E	E	E	-	-	E	L	L	-	-	L	L	-	-	-	E	L	-	-	E	L	-	-	E	E	E
L	L	-	-	-	-	-	-	-	L	L	-	-	L	L	-	-	-	L	L	-	-	L	L	-	-	-	-
-	E	E	E	L	L	-	-	E	L	L	L	-	-	-	L	L	L	L	-	-	-	E	L	L	-	-	L
E	E	E	E	E	-	-	L	L	-	-	-	E	L	L	-	-	L	L	L	L	-	-	L	L	L	-	-
E	E	E	E	-	-	-	L	L	L	-	-	L	L	-	-	E	E	L	-	-	E	L	L	L	-	-	L
L	L	L	-	-	-	-	E	E	L	L	L	-	-	-	-	E	E	E	L	-	-	E	L	-	-	E	E
Objective 0: 6949
Objective 1: 65
Constr violation: -1
Restrictions violated:
0 0 0 0 0 0 0 1 

Individual 45
1	2	3	4	5	6	7	8	9	10	11	12	13	14	15	16	17	18	19	20	21	22	23	24	25	26	27	28
E	-	-	E	E	-	-	E	E	E	E	E	-	-	L	L	L	-	-	E	E	E	E	E	-	-	E	E
E	E	E	E	E	-	-	E	E	E	-	-	E	E	E	E	-	-	-	-	E	E	E	E	E	-	-	-
E	E	E	E	E	-	-	-	L	L	L	L	L	-	-	L	L	-	-	-	-	E	E	E	E	L	-	-
E	-	-	-	E	L	-	-	E	L	L	L	-	-	E	L	L	L	-	-	-	-	-	E	E	L	L	L
E	L	L	L	L	-	-	E	L	L	-	-	L	L	-	-	-	E	L	-	-	E	L	-	-	E	E	E
L	L	L	L	L	-	-	-	-	L	L	-	-	L	L	-	-	-	L	L	L	-	L	L	L	L	-	-
-	E	E	E	L	L	-	-	E	E	L	L	-	-	E	L	L	L	L	-	-	-	E	L	L	-	-	L
E	E	E	E	E	-	-	L	L	-	-	-	E	L	L	-	-	L	L	L	L	-	-	L	L	L	-	-
E	E	E	E	-	-	L	L	-	-	E	E	-	-	E	E	E	E	L	-	-	-	-	E	E	E	E	L
L	L	L	-	-	-	-	E	E	L	L	L	-	-	-	-	E	E	E	L	-	-	E	L	-	-	E	E
Objective 0: 4432
Objective 1: 89
Constr violation: -1
Restrictions violated:
0 0 0 1 0 0 0 0 

Individual 46
1	2	3	4	5	6	7	8	9	10	11	12	13	14	15	16	17	18	19	20	21	22	23	24	25	26	27	28
L	-	-	E	E	-	-	-	E	E	E	E	-	-	L	L	-	-	-	E	E	E	E	E	-	-	E	E
-	E	E	E	E	-	-	E	E	E	-	-	E	E	E	E	-	-	-	-	E	E	E	E	E	-	-	-
E	-	-	E	E	L	-	-	L	L	L	L	L	-	-	L	L	-	-	-	-	E	E	E	E	L	-	-
E	-	-	-	E	L	-	-	E	L	L	L	-	-	E	L	L	L	-	-	-	-	-	E	E	L	L	L
E	L	L	L	L	-	-	E	L	L	-	-	L	L	-	-	-	E	L	-	-	E	L	-	-	E	E	-
L	L	L	L	L	-	-	-	-	L	L	-	-	L	L	-	-	-	-	-	-	-	-	-	L	L	-	-
-	E	E	E	L	L	-	-	E	E	-	-	-	-	E	L	L	L	L	-	-	-	E	L	L	-	-	L
-	E	E	E	E	-	-	L	L	-	-	-	E	L	L	-	-	L	L	L	L	-	-	L	L	L	-	-
-	E	E	E	-	-	L	L	-	-	E	E	-	-	E	E	E	E	L	-	-	-	-	E	E	E	E	-
L	L	L	-	-	-	-	E	E	L	L	L	-	-	-	-	E	E	E	L	-	-	E	L	-	-	E	E
Objective 0: 4720
Objective 1: 98
Constr violation: -1
Restrictions violated:
0 0 0 0 0 0 0 1 

Individual 47
1	2	3	4	5	6	7	8	9	10	11	12	13	14	15	16	17	18	19	20	21	22	23	24	25	26	27	28
L	-	-	E	E	-	-	-	L	L	L	L	-	-	L	L	-	-	-	E	E	E	E	E	-	-	E	E
-	E	E	E	E	-	-	E	E	E	-	-	E	E	E	E	-	-	-	-	E	E	E	E	E	-	-	-
E	-	-	E	E	L	-	-	L	L	L	L	L	-	-	L	L	-	-	-	-	E	E	E	E	L	-	-
E	-	-	-	E	L	-	-	E	L	L	L	-	-	E	L	L	L	-	-	-	-	-	E	E	L	L	L
E	E	E	E	E	-	-	E	L	L	-	-	L	L	-	-	-	E	L	-	-	E	L	-	-	E	E	-
L	L	-	-	-	-	-	-	-	L	L	-	-	-	-	-	-	-	-	-	-	-	-	-	-	-	-	-
-	E	E	E	L	L	-	-	E	L	L	L	-	-	-	L	L	L	L	-	-	-	E	L	L	-	-	-
-	E	E	E	E	-	-	L	L	-	-	-	E	L	L	-	-	L	L	L	L	-	-	L	L	L	-	-
-	E	E	E	-	-	-	L	L	L	-	-	L	L	-	-	E	E	L	-	-	E	L	L	L	-	-	L
L	L	L	-	-	-	-	E	E	L	L	L	-	-	-	-	E	E	E	L	-	-	E	L	-	-	E	E
Objective 0: 6733
Objective 1: 81
Constr violation: -1
Restrictions violated:
0 0 0 0 0 0 0 1 

Individual 48
1	2	3	4	5	6	7	8	9	10	11	12	13	14	15	16	17	18	19	20	21	22	23	24	25	26	27	28
E	-	-	E	E	-	-	E	E	E	E	E	-	-	L	L	L	-	-	E	E	E	E	E	-	-	E	E
E	E	E	E	E	-	-	E	E	E	-	-	E	E	E	E	-	-	-	-	E	E	E	E	E	-	-	-
E	E	E	E	E	-	-	-	L	L	L	L	L	-	-	L	L	-	-	-	-	E	E	E	E	L	-	-
E	-	-	-	E	L	-	-	E	L	L	L	-	-	E	L	L	L	-	-	-	-	-	E	E	L	L	L
E	L	L	L	L	-	-	E	L	L	-	-	L	L	-	-	-	E	L	-	-	E	L	-	-	E	E	E
L	L	L	L	L	-	-	-	-	L	L	-	-	L	L	-	-	-	L	L	L	-	L	L	L	L	-	-
-	E	E	E	L	L	-	-	E	E	L	L	-	-	E	L	L	L	L	-	-	-	E	L	L	-	-	L
E	E	E	E	E	-	-	L	L	-	-	-	E	L	L	-	-	L	L	L	L	-	-	L	L	L	-	-
E	E	E	E	-	-	L	L	-	-	E	E	-	-	E	E	E	E	L	-	-	E	L	L	L	-	-	L
L	L	L	-	-	-	-	E	E	L	L	L	-	-	-	-	E	E	E	L	-	-	E	L	-	-	E	E
Objective 0: 4735
Objective 1: 89
Constr violation: -1
Restrictions violated:
0 0 0 1 0 0 0 0 

Individual 49
1	2	3	4	5	6	7	8	9	10	11	12	13	14	15	16	17	18	19	20	21	22	23	24	25	26	27	28
L	-	-	E	E	-	-	-	L	L	L	L	-	-	L	L	-	-	-	E	E	E	E	L	-	-	E	E
-	E	E	E	E	-	-	E	E	E	-	-	E	E	E	E	-	-	-	-	E	E	E	E	E	-	-	-
E	-	-	E	E	L	-	-	L	L	L	L	L	-	-	L	L	-	-	-	-	E	E	E	E	L	-	-
E	-	-	-	E	L	-	-	E	L	L	L	-	-	E	L	L	L	-	-	-	-	-	E	E	L	L	L
E	E	E	E	E	-	-	E	L	L	-	-	L	L	-	-	-	E	L	-	-	E	L	-	-	E	E	-
L	L	-	-	-	-	-	-	-	L	L	-	-	-	-	-	-	-	-	-	-	-	-	-	-	-	-	-
-	E	E	E	L	L	-	-	E	L	L	L	-	-	-	L	L	L	L	-	-	-	E	L	L	-	-	-
-	E	E	E	E	-	-	L	L	-	-	-	E	L	L	-	-	L	L	L	L	-	-	L	L	L	-	-
-	E	E	E	-	-	L	L	-	-	E	E	-	-	E	E	E	E	L	-	-	-	L	L	L	-	-	L
L	L	L	-	-	-	-	E	E	L	L	L	-	-	-	-	E	E	E	L	-	-	E	L	-	-	E	E
Objective 0: 6531
Objective 1: 86
Constr violation: -1
Restrictions violated:
0 0 0 0 0 0 0 1 

Individual 50
1	2	3	4	5	6	7	8	9	10	11	12	13	14	15	16	17	18	19	20	21	22	23	24	25	26	27	28
E	E	E	E	E	-	-	-	L	L	L	L	-	-	L	L	-	-	-	E	E	E	E	L	-	-	E	E
E	E	E	E	E	-	-	E	E	E	-	-	E	E	E	E	-	-	-	-	E	E	E	E	E	-	-	-
E	E	E	E	E	-	-	-	L	L	L	L	L	-	-	L	L	-	-	-	-	E	E	E	E	L	-	-
E	-	-	-	E	L	-	-	E	L	L	L	-	-	E	L	L	L	-	-	-	-	-	E	E	L	L	L
E	L	L	L	L	-	-	E	L	L	-	-	L	L	-	-	-	E	L	-	-	E	L	-	-	E	E	E
L	L	L	L	L	-	-	-	-	L	L	-	-	L	L	-	-	-	L	L	L	-	L	L	L	L	-	-
-	E	E	E	L	L	-	-	E	L	L	L	-	-	E	L	L	L	L	-	-	-	E	L	L	-	-	L
E	E	E	E	E	-	-	L	L	-	-	-	E	L	L	-	-	L	L	L	L	-	-	L	L	L	-	-
E	E	E	E	-	-	L	L	-	-	E	E	-	-	E	E	E	E	L	-	-	-	-	E	E	E	E	L
L	L	L	-	-	-	-	E	E	L	L	L	-	-	-	-	E	E	E	L	-	-	E	L	-	-	E	E
Objective 0: 5038
Objective 1: 83
Constr violation: -1
Restrictions violated:
0 0 0 1 0 0 0 0 

Individual 51
1	2	3	4	5	6	7	8	9	10	11	12	13	14	15	16	17	18	19	20	21	22	23	24	25	26	27	28
L	-	-	E	E	-	-	-	E	E	E	E	-	-	L	L	L	-	-	E	E	E	E	E	-	-	E	E
-	E	E	E	E	-	-	E	E	E	-	-	E	E	E	E	-	-	-	-	E	E	E	E	E	-	-	-
E	-	-	E	E	L	-	-	L	L	L	L	L	-	-	L	L	-	-	-	-	E	E	E	E	L	-	-
E	-	-	-	E	L	-	-	E	L	L	L	-	-	E	L	L	L	-	-	-	-	-	E	E	L	L	L
E	L	L	L	L	-	-	E	L	L	-	-	L	L	-	-	-	E	L	-	-	E	L	-	-	E	E	-
L	L	-	-	-	-	-	-	-	L	L	-	-	-	-	-	-	-	-	L	L	L	-	-	L	L	-	-
-	E	E	E	L	L	-	-	E	E	-	-	-	-	E	L	L	L	L	-	-	-	E	L	L	-	-	L
-	E	E	E	E	-	-	L	L	-	-	-	E	L	L	-	-	L	L	L	L	-	-	L	L	L	-	-
-	E	E	E	-	-	L	L	-	-	E	E	-	-	E	E	E	E	L	-	-	-	-	E	E	E	E	-
L	L	L	-	-	-	-	E	E	L	L	L	-	-	-	-	E	E	E	L	-	-	E	L	-	-	E	E
Objective 0: 4820
Objective 1: 106
Constr violation: -1
Restrictions violated:
0 0 0 0 0 0 0 1 

Individual 52
1	2	3	4	5	6	7	8	9	10	11	12	13	14	15	16	17	18	19	20	21	22	23	24	25	26	27	28
E	E	E	E	E	-	-	-	L	L	L	L	-	-	L	L	-	-	-	E	E	E	E	L	-	-	E	E
E	E	E	E	E	-	-	E	E	E	-	-	E	E	E	E	-	-	-	-	E	E	E	E	E	-	-	-
E	E	E	E	E	-	-	E	L	L	L	L	-	-	-	-	E	E	-	-	-	E	E	E	E	L	-	-
E	-	-	-	E	L	-	-	E	L	L	L	-	-	E	L	L	L	-	-	-	-	-	E	E	L	L	L
E	E	E	E	E	-	-	E	L	L	-	-	L	L	-	-	-	E	L	-	-	E	L	-	-	E	E	-
L	L	L	L	L	-	-	-	-	L	L	-	-	L	L	-	-	-	L	L	-	-	L	L	-	-	-	-
-	E	E	E	L	L	-	-	E	L	L	L	-	-	-	L	L	L	L	-	-	-	E	L	L	-	-	L
E	E	E	E	E	-	-	L	L	-	-	-	E	L	L	-	-	L	L	L	L	-	-	L	L	L	-	-
E	E	E	E	-	-	-	L	L	L	-	-	L	L	-	-	E	E	L	-	-	E	L	L	L	-	-	L
L	L	L	-	-	-	-	E	E	L	L	L	-	-	-	-	E	E	E	L	-	-	E	L	-	-	E	E
Objective 0: 6749
Objective 1: 67
Constr violation: -1
Restrictions violated:
0 0 0 0 0 0 0 1 

Individual 53
1	2	3	4	5	6	7	8	9	10	11	12	13	14	15	16	17	18	19	20	21	22	23	24	25	26	27	28
L	-	-	E	E	-	-	-	E	E	E	E	-	-	L	L	-	-	-	E	E	E	E	E	-	-	E	E
-	E	E	E	E	-	-	E	E	E	-	-	E	E	E	E	-	-	-	-	E	E	E	E	E	-	-	-
E	-	-	E	E	L	-	-	L	L	L	L	L	-	-	L	L	-	-	-	-	E	E	E	E	L	-	-
E	-	-	-	E	L	-	-	E	L	L	L	-	-	E	L	L	L	-	-	-	-	-	E	E	L	L	L
E	L	L	L	L	-	-	E	L	L	-	-	L	L	-	-	-	E	L	-	-	E	L	-	-	E	E	-
L	L	-	-	-	-	-	-	-	L	L	-	-	-	-	-	-	-	-	-	-	-	-	-	L	L	-	-
-	E	E	E	L	L	-	-	E	E	-	-	-	-	E	L	L	L	L	-	-	-	E	L	L	-	-	L
-	E	E	E	E	-	-	L	L	-	-	-	E	L	L	-	-	L	L	L	L	-	-	L	L	L	-	-
-	E	E	E	-	-	L	L	-	-	E	E	-	-	E	E	E	E	L	-	-	-	-	E	E	E	E	-
L	L	L	-	-	-	-	E	E	L	L	L	-	-	-	-	E	E	E	L	-	-	E	L	-	-	E	E
Objective 0: 5220
Objective 1: 102
Constr violation: -1
Restrictions violated:
0 0 0 0 0 0 0 1 

Individual 54
1	2	3	4	5	6	7	8	9	10	11	12	13	14	15	16	17	18	19	20	21	22	23	24	25	26	27	28
E	E	E	E	E	-	-	-	L	L	L	L	-	-	L	L	-	-	-	E	E	E	E	L	-	-	E	E
E	E	E	E	E	-	-	E	E	E	-	-	E	E	E	E	-	-	-	-	E	E	E	E	E	-	-	-
E	E	E	E	E	-	-	E	L	L	L	L	-	-	-	L	L	-	-	-	-	E	E	E	E	L	-	-
E	-	-	-	E	L	-	-	E	L	L	L	-	-	E	L	L	L	-	-	-	-	-	E	E	L	L	L
E	L	L	L	L	-	-	E	L	L	-	-	L	L	-	-	-	E	L	-	-	E	L	-	-	E	E	E
L	L	L	L	L	-	-	-	-	L	L	-	-	L	L	-	-	-	L	L	L	-	L	L	L	L	-	-
-	E	E	E	L	L	-	-	E	L	L	L	-	-	E	L	L	L	L	-	-	-	E	L	L	-	-	L
E	E	E	E	E	-	-	L	L	-	-	-	E	L	L	-	-	L	L	L	L	-	-	L	L	L	-	-
E	E	E	E	-	-	L	L	L	L	-	-	-	-	E	E	E	E	L	-	-	E	L	L	L	-	-	L
L	L	L	-	-	-	-	E	E	L	L	L	-	-	-	-	E	E	E	L	-	-	E	L	-	-	E	E
Objective 0: 5644
Objective 1: 80
Constr violation: -1
Restrictions violated:
0 0 0 1 0 0 0 0 

Individual 55
1	2	3	4	5	6	7	8	9	10	11	12	13	14	15	16	17	18	19	20	21	22	23	24	25	26	27	28
E	E	E	E	E	-	-	-	L	L	L	L	-	-	L	L	-	-	-	E	E	E	E	L	-	-	E	E
E	E	E	E	E	-	-	E	E	E	-	-	E	E	E	E	-	-	-	-	E	E	E	E	E	-	-	-
E	E	E	E	E	-	-	E	L	L	L	L	-	-	-	-	E	E	-	-	-	E	E	E	E	L	-	-
E	-	-	-	E	L	-	-	E	L	L	L	-	-	E	L	L	L	-	-	-	-	-	E	E	L	L	L
E	E	E	E	E	-	-	E	L	L	-	-	L	L	-	-	-	E	L	-	-	E	L	-	-	E	E	E
L	L	L	L	L	-	-	-	-	L	L	-	-	L	L	-	-	-	L	L	L	-	L	L	L	L	-	-
-	E	E	E	L	L	-	-	E	L	L	L	-	-	-	L	L	L	L	-	-	-	E	L	L	-	-	L
E	E	E	E	E	-	-	L	L	-	-	-	E	L	L	-	-	L	L	L	L	-	-	L	L	L	-	-
E	E	E	E	-	-	-	L	L	L	-	-	L	L	-	-	E	E	L	-	-	E	L	L	L	-	-	L
L	L	L	-	-	-	-	E	E	L	L	L	-	-	-	-	E	E	E	L	-	-	E	L	-	-	E	E
Objective 0: 6349
Objective 1: 69
Constr violation: -1
Restrictions violated:
0 0 0 1 0 0 0 0 

Individual 56
1	2	3	4	5	6	7	8	9	10	11	12	13	14	15	16	17	18	19	20	21	22	23	24	25	26	27	28
L	-	-	E	E	-	-	-	E	E	E	E	-	-	L	L	L	-	-	E	E	E	E	E	-	-	E	E
-	E	E	E	E	-	-	E	E	E	-	-	E	E	E	E	-	-	-	-	E	E	E	E	E	-	-	-
E	-	-	E	E	L	-	-	L	L	L	L	L	-	-	L	L	-	-	-	-	E	E	E	E	L	-	-
E	-	-	-	E	L	-	-	E	L	L	L	-	-	E	L	L	L	-	-	-	-	-	E	E	L	L	L
E	L	L	L	L	-	-	E	L	L	-	-	L	L	-	-	-	E	L	-	-	E	L	-	-	E	E	-
L	L	L	L	L	-	-	-	-	L	L	-	-	-	-	-	-	-	-	-	-	-	-	-	-	-	-	-
-	E	E	E	L	L	-	-	E	E	-	-	-	-	E	L	L	L	L	-	-	-	E	L	L	-	-	L
-	E	E	E	E	-	-	L	L	-	-	-	E	L	L	-	-	L	L	L	L	-	-	L	L	L	-	-
-	E	E	E	-	-	L	L	-	-	E	E	-	-	E	E	E	E	L	-	-	E	L	L	L	-	-	L
L	L	L	-	-	-	-	E	E	L	L	L	-	-	-	-	E	E	E	L	-	-	E	L	-	-	E	E
Objective 0: 5223
Objective 1: 104
Constr violation: -1
Restrictions violated:
0 0 0 0 0 0 0 1 

Individual 57
1	2	3	4	5	6	7	8	9	10	11	12	13	14	15	16	17	18	19	20	21	22	23	24	25	26	27	28
L	-	-	E	E	-	-	-	E	E	E	E	-	-	L	L	-	-	-	E	E	E	E	E	-	-	E	E
-	E	E	E	E	-	-	E	E	E	-	-	E	E	E	E	-	-	-	-	E	E	E	E	E	-	-	-
E	-	-	E	E	L	-	-	L	L	L	L	L	-	-	L	L	-	-	-	-	E	E	E	E	L	-	-
E	-	-	-	E	L	-	-	E	L	L	L	-	-	E	L	L	L	-	-	-	-	-	E	E	L	L	L
E	L	L	L	L	-	-	E	L	L	-	-	L	L	-	-	-	E	L	-	-	E	L	-	-	E	E	E
L	L	-	-	-	-	-	-	-	L	L	-	-	-	-	-	-	-	-	-	-	-	-	-	-	-	-	-
-	E	E	E	L	L	-	-	E	E	-	-	-	-	E	L	L	L	L	-	-	-	E	L	L	-	-	L
-	E	E	E	E	-	-	L	L	-	-	-	E	L	L	-	-	L	L	L	L	-	-	L	L	L	-	-
-	E	E	E	-	-	L	L	-	-	E	E	-	-	E	E	E	E	L	-	-	-	-	E	E	E	E	-
L	L	L	-	-	-	-	E	E	L	L	L	-	-	-	-	E	E	E	L	-	-	E	L	-	-	E	E
Objective 0: 5320
Objective 1: 102
Constr violation: -1
Restrictions violated:
0 0 0 0 0 0 0 1 

Individual 58
1	2	3	4	5	6	7	8	9	10	11	12	13	14	15	16	17	18	19	20	21	22	23	24	25	26	27	28
E	E	E	E	E	-	-	-	L	L	L	L	-	-	L	L	-	-	-	E	E	E	E	L	-	-	E	E
E	E	E	E	E	-	-	E	E	E	-	-	E	E	E	E	-	-	-	-	E	E	E	E	E	-	-	-
E	E	E	E	E	-	-	E	L	L	L	L	-	-	-	-	E	E	-	-	-	E	E	E	E	L	-	-
E	-	-	-	E	L	-	-	E	L	L	L	-	-	E	L	L	L	-	-	-	-	-	E	E	L	L	L
E	E	E	E	E	-	-	E	L	L	-	-	L	L	-	-	-	E	L	-	-	E	L	-	-	E	E	E
L	L	L	L	L	-	-	-	-	L	L	-	-	L	L	-	-	-	L	L	L	-	L	L	L	L	-	-
-	E	E	E	L	L	-	-	E	L	L	L	-	-	E	L	L	L	L	-	-	-	E	L	L	-	-	L
E	E	E	E	E	-	-	L	L	-	-	-	E	L	L	-	-	L	L	L	L	-	-	L	L	L	-	-
E	E	E	E	-	-	-	L	L	L	-	-	L	L	-	-	E	E	L	-	-	E	L	L	L	-	-	L
L	L	L	-	-	-	-	E	E	L	L	L	-	-	-	-	E	E	E	L	-	-	E	L	-	-	E	E
Objective 0: 6249
Objective 1: 69
Constr violation: -1
Restrictions violated:
0 0 0 1 0 0 0 0 

Individual 59
1	2	3	4	5	6	7	8	9	10	11	12	13	14	15	16	17	18	19	20	21	22	23	24	25	26	27	28
E	E	E	E	E	-	-	-	L	L	L	L	-	-	L	L	-	-	-	E	E	E	E	L	-	-	E	E
E	E	E	E	E	-	-	E	E	E	-	-	E	E	E	E	-	-	-	-	E	E	E	E	E	-	-	-
E	E	E	E	E	-	-	E	L	L	L	L	-	-	-	-	E	E	-	-	-	E	E	E	E	L	-	-
E	-	-	-	E	L	-	-	E	L	L	L	-	-	E	L	L	L	-	-	-	-	-	E	E	L	L	L
E	E	E	E	E	-	-	E	L	L	-	-	L	L	-	-	-	E	L	-	-	E	L	-	-	E	E	E
L	L	L	L	L	-	-	-	-	L	L	-	-	L	L	-	-	-	L	L	-	-	L	L	-	-	-	-
-	E	E	E	L	L	-	-	E	L	L	L	-	-	-	L	L	L	L	-	-	-	E	L	L	-	-	L
-	E	E	E	E	-	-	L	L	-	-	-	E	L	L	-	-	L	L	L	L	-	-	L	L	L	-	-
-	E	E	E	-	-	L	L	-	-	E	E	-	-	E	E	E	E	L	-	-	-	-	E	E	E	E	-
L	L	L	-	-	-	-	E	E	L	L	L	-	-	-	-	E	E	E	L	-	-	E	L	-	-	E	E
Objective 0: 5940
Objective 1: 73
Constr violation: -1
Restrictions violated:
0 0 0 0 0 0 0 1 

Individual 60
1	2	3	4	5	6	7	8	9	10	11	12	13	14	15	16	17	18	19	20	21	22	23	24	25	26	27	28
E	E	E	E	E	-	-	-	L	L	L	L	-	-	L	L	-	-	-	E	E	E	E	L	-	-	E	E
E	E	E	E	E	-	-	E	E	E	-	-	E	E	E	E	-	-	-	-	E	E	E	E	E	-	-	-
E	E	E	E	E	-	-	-	L	L	L	L	L	-	-	L	L	-	-	-	-	E	E	E	E	L	-	-
E	-	-	-	E	L	-	-	E	L	L	L	-	-	E	L	L	L	-	-	-	-	-	E	E	L	L	L
E	E	E	E	E	-	-	E	L	L	-	-	L	L	-	-	-	E	L	-	-	E	L	-	-	E	E	E
L	L	L	L	L	-	-	-	-	L	L	-	-	L	L	-	-	-	L	L	L	-	L	L	L	L	-	-
-	E	E	E	L	L	-	-	E	L	L	L	-	-	E	L	L	L	L	-	-	-	E	L	L	-	-	L
E	E	E	E	E	-	-	L	L	-	-	-	E	L	L	-	-	L	L	L	L	-	-	L	L	L	-	-
E	E	E	E	-	-	L	L	L	L	-	-	-	-	E	E	E	E	L	-	-	E	L	L	L	-	-	L
L	L	L	-	-	-	-	E	E	L	L	L	-	-	-	-	E	E	E	L	-	-	E	L	-	-	E	E
Objective 0: 5947
Objective 1: 74
Constr violation: -1
Restrictions violated:
0 0 0 1 0 0 0 0 

Individual 61
1	2	3	4	5	6	7	8	9	10	11	12	13	14	15	16	17	18	19	20	21	22	23	24	25	26	27	28
E	E	E	E	E	-	-	-	L	L	L	L	-	-	L	L	-	-	-	E	E	E	E	L	-	-	E	E
E	E	E	E	E	-	-	E	E	E	-	-	E	E	E	E	-	-	-	-	E	E	E	E	E	-	-	-
E	E	E	E	E	-	-	E	L	L	L	L	-	-	-	-	E	E	-	-	-	E	E	E	E	L	-	-
E	-	-	-	E	L	-	-	E	L	L	L	-	-	E	L	L	L	-	-	-	-	-	E	E	L	L	L
E	E	E	E	E	-	-	E	L	L	-	-	L	L	-	-	-	E	L	-	-	E	L	-	-	E	E	E
L	L	L	L	L	-	-	-	-	L	L	-	-	L	L	-	-	-	L	L	L	-	L	L	L	L	-	-
-	E	E	E	L	L	-	-	E	L	L	L	-	-	E	L	L	L	L	-	-	-	E	L	L	-	-	L
E	E	E	E	E	-	-	L	L	-	-	-	E	L	L	-	-	L	L	L	L	-	-	L	L	L	-	-
E	E	E	E	-	-	L	L	L	L	-	-	-	-	E	E	E	E	L	-	-	E	L	L	L	-	-	L
L	L	L	-	-	-	-	E	E	L	L	L	-	-	-	-	E	E	E	L	-	-	E	L	-	-	E	E
Objective 0: 6149
Objective 1: 73
Constr violation: -1
Restrictions violated:
0 0 0 1 0 0 0 0 

Individual 62
1	2	3	4	5	6	7	8	9	10	11	12	13	14	15	16	17	18	19	20	21	22	23	24	25	26	27	28
L	-	-	E	E	-	-	-	E	E	E	L	-	-	L	L	-	-	-	E	E	E	E	L	-	-	E	E
-	E	E	E	E	-	-	E	E	E	-	-	E	E	E	E	-	-	-	-	E	E	E	E	E	-	-	-
E	-	-	E	E	L	-	-	L	L	L	L	L	-	-	L	L	-	-	-	-	E	E	E	E	L	-	-
E	-	-	-	E	L	-	-	E	L	L	L	-	-	E	L	L	L	-	-	-	-	-	E	E	L	L	L
E	E	E	E	E	-	-	E	L	L	-	-	L	L	-	-	-	E	L	-	-	E	L	-	-	E	E	-
L	L	-	-	-	-	-	-	-	L	L	-	-	-	-	-	-	-	-	-	-	-	-	-	-	-	-	-
-	E	E	E	L	L	-	-	E	L	L	L	-	-	-	L	L	L	L	-	-	-	E	L	L	-	-	-
-	E	E	E	E	-	-	L	L	-	-	-	E	L	L	-	-	L	L	L	L	-	-	L	L	L	-	-
-	E	E	E	-	-	L	L	-	-	E	E	-	-	E	E	E	E	L	-	-	-	-	E	E	E	E	-
L	L	L	-	-	-	-	E	E	L	L	L	-	-	-	-	E	E	E	L	-	-	E	L	-	-	E	E
Objective 0: 6127
Objective 1: 86
Constr violation: -1
Restrictions violated:
0 0 0 0 0 0 0 1 

Individual 63
1	2	3	4	5	6	7	8	9	10	11	12	13	14	15	16	17	18	19	20	21	22	23	24	25	26	27	28
L	-	-	E	E	-	-	-	E	E	E	L	-	-	L	L	-	-	-	E	E	E	E	L	-	-	E	E
-	E	E	E	E	-	-	E	E	E	-	-	E	E	E	E	-	-	-	-	E	E	E	E	E	-	-	-
E	-	-	E	E	L	-	-	L	L	L	L	L	-	-	L	L	-	-	-	-	E	E	E	E	L	-	-
E	-	-	-	E	L	-	-	E	L	L	L	-	-	E	L	L	L	-	-	-	-	-	E	E	L	L	L
E	L	L	L	L	-	-	E	L	L	-	-	L	L	-	-	-	E	L	-	-	E	L	-	-	E	E	-
L	L	-	-	-	-	-	-	-	L	L	-	-	-	-	-	-	-	-	-	-	-	-	-	-	-	-	-
-	E	E	E	L	L	-	-	E	L	L	L	-	-	-	L	L	L	L	-	-	-	E	L	L	-	-	-
-	E	E	E	E	-	-	L	L	-	-	-	E	L	L	-	-	L	L	L	L	-	-	L	L	L	-	-
-	E	E	E	-	-	L	L	-	-	E	E	-	-	E	E	E	E	L	-	-	-	-	E	E	E	E	-
L	L	L	-	-	-	-	E	E	L	L	L	-	-	-	-	E	E	E	L	-	-	E	L	-	-	E	E
Objective 0: 5723
Objective 1: 95
Constr violation: -1
Restrictions violated:
0 0 0 0 0 0 0 1 

Individual 64
1	2	3	4	5	6	7	8	9	10	11	12	13	14	15	16	17	18	19	20	21	22	23	24	25	26	27	28
L	-	-	E	E	-	-	-	E	E	E	E	-	-	L	L	-	-	-	E	E	E	E	E	-	-	E	E
-	E	E	E	E	-	-	E	E	E	-	-	E	E	E	E	-	-	-	-	E	E	E	E	E	-	-	-
E	-	-	E	E	L	-	-	L	L	L	L	L	-	-	L	L	-	-	-	-	E	E	E	E	L	-	-
E	-	-	-	E	L	-	-	E	L	L	L	-	-	E	L	L	L	-	-	-	-	-	E	E	L	L	L
E	E	E	L	L	-	-	E	L	L	-	-	L	L	-	-	-	E	L	-	-	E	L	-	-	E	E	-
L	L	-	-	-	-	-	-	-	L	L	-	-	-	-	-	-	-	-	-	-	-	-	-	-	-	-	-
-	E	E	E	L	L	-	-	E	E	-	-	-	-	E	L	L	L	L	-	-	-	E	L	L	-	-	L
-	E	E	E	E	-	-	L	L	-	-	-	E	L	L	-	-	L	L	L	L	-	-	L	L	L	-	-
-	E	E	E	-	-	L	L	-	-	E	E	-	-	E	E	E	E	L	-	-	-	-	E	E	E	E	-
L	L	L	-	-	-	-	E	E	L	L	L	-	-	-	-	E	E	E	L	-	-	E	L	-	-	E	E
Objective 0: 5622
Objective 1: 99
Constr violation: -1
Restrictions violated:
0 0 0 0 0 0 0 1 

Individual 65
1	2	3	4	5	6	7	8	9	10	11	12	13	14	15	16	17	18	19	20	21	22	23	24	25	26	27	28
L	-	-	E	E	-	-	-	E	E	E	E	-	-	L	L	-	-	-	E	E	E	E	E	-	-	E	E
-	E	E	E	E	-	-	E	E	E	-	-	E	E	E	E	-	-	-	-	E	E	E	E	E	-	-	-
E	-	-	E	E	L	-	-	L	L	L	L	L	-	-	L	L	-	-	-	-	E	E	E	E	L	-	-
E	-	-	-	E	L	-	-	E	L	L	L	-	-	E	L	L	L	-	-	-	-	-	E	E	L	L	L
E	E	E	L	L	-	-	E	L	L	-	-	L	L	-	-	-	E	L	-	-	E	L	-	-	E	E	-
L	L	-	-	-	-	-	-	-	L	L	-	-	-	-	-	-	-	-	-	-	-	-	-	-	-	-	-
-	E	E	E	L	L	-	-	E	E	-	-	-	-	E	L	L	L	L	-	-	-	E	L	L	-	-	L
-	E	E	E	E	-	-	L	L	-	-	-	E	L	L	-	-	L	L	L	L	-	-	L	L	L	-	-
E	E	E	E	-	-	-	L	L	L	-	-	L	L	-	-	E	E	L	-	-	-	-	E	E	E	E	-
L	L	L	-	-	-	-	E	E	L	L	L	-	-	-	-	E	E	E	L	-	-	E	L	-	-	E	E
Objective 0: 5824
Objective 1: 93
Constr violation: -1
Restrictions violated:
0 0 0 0 0 0 0 1 

Individual 66
1	2	3	4	5	6	7	8	9	10	11	12	13	14	15	16	17	18	19	20	21	22	23	24	25	26	27	28
E	E	E	E	E	-	-	-	L	L	L	L	-	-	L	L	-	-	-	E	E	E	E	L	-	-	E	E
E	E	E	E	E	-	-	E	E	E	-	-	E	E	E	E	-	-	-	-	E	E	E	E	E	-	-	-
E	E	E	E	E	-	-	E	L	L	L	L	-	-	-	-	E	E	-	-	-	E	E	E	E	L	-	-
E	-	-	-	E	L	-	-	E	L	L	L	-	-	E	L	L	L	-	-	-	-	-	E	E	L	L	L
E	L	L	L	L	-	-	E	L	L	-	-	L	L	-	-	-	E	L	-	-	E	L	-	-	E	E	E
L	L	L	L	L	-	-	-	-	L	L	-	-	L	L	-	-	-	L	L	L	-	L	L	L	L	-	-
-	E	E	E	L	L	-	-	E	L	L	L	-	-	E	L	L	L	L	-	-	-	E	L	L	-	-	L
E	E	E	E	E	-	-	L	L	-	-	-	E	L	L	-	-	L	L	L	L	-	-	L	L	L	-	-
E	E	E	E	-	-	L	L	L	L	-	-	-	-	E	E	E	E	L	-	-	E	L	L	L	-	-	L
L	L	L	-	-	-	-	E	E	L	L	L	-	-	-	-	E	E	E	L	-	-	E	L	-	-	E	E
Objective 0: 5745
Objective 1: 82
Constr violation: -1
Restrictions violated:
0 0 0 1 0 0 0 0 

Individual 67
1	2	3	4	5	6	7	8	9	10	11	12	13	14	15	16	17	18	19	20	21	22	23	24	25	26	27	28
E	E	E	E	E	-	-	-	L	L	L	L	-	-	L	L	-	-	-	E	E	E	E	L	-	-	E	E
E	E	E	E	E	-	-	E	E	E	-	-	E	E	E	E	-	-	-	-	E	E	E	E	E	-	-	-
E	E	E	E	E	-	-	E	L	L	L	L	-	-	-	-	E	E	-	-	-	E	E	E	E	L	-	-
E	-	-	-	E	L	-	-	E	L	L	L	-	-	E	L	L	L	-	-	-	-	-	E	E	L	L	L
E	E	E	E	E	-	-	E	L	L	-	-	L	L	-	-	-	E	L	-	-	E	L	-	-	E	E	E
L	L	L	L	L	-	-	-	-	L	L	-	-	L	L	-	-	-	L	L	L	-	L	L	L	L	-	-
-	E	E	E	L	L	-	-	E	L	L	L	-	-	E	L	L	L	L	-	-	-	E	L	L	-	-	L
E	E	E	E	E	-	-	L	L	-	-	-	E	L	L	-	-	L	L	L	L	-	-	L	L	L	-	-
E	E	E	E	-	-	L	L	L	L	-	-	-	-	E	E	E	E	L	-	-	-	-	E	E	E	E	L
L	L	L	-	-	-	-	E	E	L	L	L	-	-	-	-	E	E	E	L	-	-	E	L	-	-	E	E
Objective 0: 5846
Objective 1: 73
Constr violation: -1
Restrictions violated:
0 0 0 1 0 0 0 0 

Individual 68
1	2	3	4	5	6	7	8	9	10	11	12	13	14	15	16	17	18	19	20	21	22	23	24	25	26	27	28
L	-	-	E	E	-	-	-	L	L	L	L	-	-	L	L	-	-	-	E	E	E	E	L	-	-	E	E
E	E	E	E	E	-	-	E	E	E	-	-	E	E	E	E	-	-	-	-	E	E	E	E	E	-	-	-
E	-	-	E	E	L	-	-	L	L	L	L	L	-	-	L	L	-	-	-	-	E	E	E	E	L	-	-
E	-	-	-	E	L	-	-	E	L	L	L	-	-	E	L	L	L	-	-	-	-	-	E	E	L	L	L
E	L	L	L	L	-	-	E	L	L	-	-	L	L	-	-	-	E	L	-	-	E	L	-	-	E	E	-
L	L	-	-	-	-	-	-	-	L	L	-	-	-	-	-	-	-	-	L	L	L	-	-	L	L	-	-
-	E	E	E	L	L	-	-	E	E	-	-	-	-	E	L	L	L	L	-	-	-	E	L	L	-	-	L
E	E	E	E	E	-	-	L	L	-	-	-	E	L	L	-	-	L	L	L	L	-	-	L	L	L	-	-
E	E	E	E	-	-	-	L	L	L	-	-	L	L	-	-	E	E	L	-	-	E	L	L	L	-	-	L
L	L	L	-	-	-	-	E	E	L	L	L	-	-	-	-	E	E	E	L	-	-	E	L	-	-	E	E
Objective 0: 5731
Objective 1: 97
Constr violation: -1
Restrictions violated:
0 0 0 0 0 0 0 1 

Individual 69
1	2	3	4	5	6	7	8	9	10	11	12	13	14	15	16	17	18	19	20	21	22	23	24	25	26	27	28
E	E	E	E	E	-	-	-	L	L	L	L	-	-	L	L	-	-	-	E	E	E	E	L	-	-	E	E
E	E	E	E	E	-	-	E	E	E	-	-	E	E	E	E	-	-	-	-	E	E	E	E	E	-	-	-
E	E	E	E	E	-	-	-	L	L	L	L	L	-	-	L	L	-	-	-	-	E	E	E	E	L	-	-
E	-	-	-	E	L	-	-	E	L	L	L	-	-	E	L	L	L	-	-	-	-	-	E	E	L	L	L
E	L	L	L	L	-	-	E	L	L	-	-	L	L	-	-	-	E	L	-	-	E	L	-	-	E	E	E
L	L	L	L	L	-	-	-	-	L	L	-	-	L	L	-	-	-	-	L	L	L	-	-	L	L	-	-
-	E	E	E	L	L	-	-	E	E	-	-	-	-	E	L	L	L	L	-	-	-	E	L	L	-	-	L
-	E	E	E	E	-	-	L	L	-	-	-	E	L	L	-	-	L	L	L	L	-	-	L	L	L	-	-
-	E	E	E	-	-	L	L	-	-	E	E	-	-	E	E	E	E	L	-	-	-	-	E	E	E	E	-
L	L	L	-	-	-	-	E	E	L	L	L	-	-	-	-	E	E	E	L	-	-	E	L	-	-	E	E
Objective 0: 4930
Objective 1: 93
Constr violation: -1
Restrictions violated:
0 0 0 0 0 0 0 1 

Individual 70
1	2	3	4	5	6	7	8	9	10	11	12	13	14	15	16	17	18	19	20	21	22	23	24	25	26	27	28
E	E	E	E	E	-	-	-	L	L	L	L	-	-	L	L	-	-	-	E	E	E	E	L	-	-	E	E
E	E	E	E	E	-	-	E	E	E	-	-	E	E	E	E	-	-	-	-	E	E	E	E	E	-	-	-
E	E	E	E	E	-	-	E	L	L	L	L	-	-	-	-	E	E	-	-	-	E	E	E	E	L	-	-
E	-	-	-	E	L	-	-	E	L	L	L	-	-	E	L	L	L	-	-	-	-	-	E	E	L	L	L
E	L	L	L	L	-	-	E	L	L	-	-	L	L	-	-	-	E	L	-	-	E	L	-	-	E	E	-
L	L	-	-	-	-	-	-	-	L	L	-	-	-	-	-	-	-	-	-	-	-	-	-	L	L	-	-
-	E	E	E	L	L	-	-	E	E	-	-	-	-	E	L	L	L	L	-	-	-	E	L	L	-	-	L
-	E	E	E	E	-	-	L	L	-	-	-	E	L	L	-	-	L	L	L	L	-	-	L	L	L	-	-
-	E	E	E	-	-	L	L	-	-	E	E	-	-	E	E	E	E	L	-	-	-	-	E	E	E	E	-
L	L	L	-	-	-	-	E	E	L	L	L	-	-	-	-	E	E	E	L	-	-	E	L	-	-	E	E
Objective 0: 6032
Objective 1: 92
Constr violation: -1
Restrictions violated:
0 0 0 0 0 0 0 1 

Individual 71
1	2	3	4	5	6	7	8	9	10	11	12	13	14	15	16	17	18	19	20	21	22	23	24	25	26	27	28
L	-	-	E	E	-	-	-	E	E	E	L	-	-	L	L	-	-	-	E	E	E	E	L	-	-	E	E
-	E	E	E	E	-	-	E	E	E	-	-	E	E	E	E	-	-	-	-	E	E	E	E	E	-	-	-
E	-	-	E	E	L	-	-	L	L	L	L	L	-	-	L	L	-	-	-	-	E	E	E	E	L	-	-
E	-	-	-	E	L	-	-	E	L	L	L	-	-	E	L	L	L	-	-	-	-	-	E	E	L	L	L
E	L	L	L	L	-	-	E	L	L	-	-	L	L	-	-	-	E	L	-	-	E	L	-	-	E	E	-
L	L	L	L	L	-	-	-	-	L	L	-	-	-	-	-	-	-	-	L	L	L	-	-	L	L	-	-
-	E	E	E	L	L	-	-	E	E	-	-	-	-	E	L	L	L	L	-	-	-	E	L	L	-	-	L
-	E	E	E	E	-	-	L	L	-	-	-	E	L	L	-	-	L	L	L	L	-	-	L	L	L	-	-
-	E	E	E	-	-	L	L	-	-	E	E	-	-	E	E	E	E	L	-	-	-	-	E	E	E	E	-
L	L	L	-	-	-	-	E	E	L	L	L	-	-	-	-	E	E	E	L	-	-	E	L	-	-	E	E
Objective 0: 4822
Objective 1: 107
Constr violation: -1
Restrictions violated:
0 0 0 0 0 0 0 1 

Individual 72
1	2	3	4	5	6	7	8	9	10	11	12	13	14	15	16	17	18	19	20	21	22	23	24	25	26	27	28
E	E	E	E	E	-	-	-	L	L	L	L	-	-	L	L	-	-	-	E	E	E	E	L	-	-	E	E
E	E	E	E	E	-	-	E	E	E	-	-	E	E	E	E	-	-	-	-	E	E	E	E	E	-	-	-
E	E	E	E	E	-	-	E	L	L	L	L	-	-	-	-	E	E	-	-	-	E	E	E	E	L	-	-
E	-	-	-	E	L	-	-	E	L	L	L	-	-	E	L	L	L	-	-	-	-	-	E	E	L	L	L
E	L	L	L	L	-	-	E	L	L	-	-	L	L	-	-	-	E	L	-	-	E	L	-	-	E	E	E
L	L	L	L	L	-	-	-	-	L	L	-	-	L	L	-	-	-	L	L	L	-	L	L	L	L	-	-
-	E	E	E	L	L	-	-	E	L	L	L	-	-	E	L	L	L	L	-	-	-	E	L	L	-	-	L
E	E	E	E	E	-	-	L	L	-	-	-	E	L	L	-	-	L	L	L	L	-	-	L	L	L	-	-
E	E	E	E	-	-	L	L	L	L	-	-	-	-	E	E	E	E	L	-	-	E	L	L	L	-	-	L
L	L	L	-	-	-	-	E	E	L	L	L	-	-	-	-	E	E	E	L	-	-	E	L	-	-	E	E
Objective 0: 5745
Objective 1: 82
Constr violation: -1
Restrictions violated:
0 0 0 1 0 0 0 0 

Individual 73
1	2	3	4	5	6	7	8	9	10	11	12	13	14	15	16	17	18	19	20	21	22	23	24	25	26	27	28
L	-	-	E	E	-	-	E	E	E	E	E	-	-	L	L	L	-	-	E	E	E	E	E	-	-	E	E
E	E	E	E	E	-	-	E	E	E	-	-	E	E	E	E	-	-	-	-	E	E	E	E	E	-	-	-
E	E	E	E	E	-	-	E	L	L	L	L	-	-	-	-	E	E	-	-	-	E	E	E	E	L	-	-
E	-	-	-	E	L	-	-	E	L	L	L	-	-	E	L	L	L	-	-	-	-	-	E	E	L	L	L
E	L	L	L	L	-	-	E	L	L	-	-	L	L	-	-	-	E	L	-	-	E	L	-	-	E	E	-
L	L	-	-	-	-	-	-	-	L	L	-	-	-	-	-	-	-	-	L	L	L	-	-	L	L	-	-
-	E	E	E	L	L	-	-	E	E	-	-	-	-	E	L	L	L	L	-	-	-	E	L	L	-	-	L
-	E	E	E	E	-	-	L	L	-	-	-	E	L	L	-	-	L	L	L	L	-	-	L	L	L	-	-
-	E	E	E	-	-	L	L	-	-	E	E	-	-	E	E	E	E	L	-	-	-	-	E	E	E	E	-
L	L	L	-	-	-	-	E	E	L	L	L	-	-	-	-	E	E	E	L	-	-	E	L	-	-	E	E
Objective 0: 5126
Objective 1: 99
Constr violation: -1
Restrictions violated:
0 0 0 0 0 0 0 1 

Individual 74
1	2	3	4	5	6	7	8	9	10	11	12	13	14	15	16	17	18	19	20	21	22	23	24	25	26	27	28
L	-	-	E	E	-	-	-	L	L	L	L	-	-	L	L	-	-	-	E	E	E	E	L	-	-	E	E
-	E	E	E	E	-	-	E	E	E	-	-	E	E	E	E	-	-	-	-	E	E	E	E	E	-	-	-
E	-	-	E	E	L	-	-	L	L	L	L	L	-	-	L	L	-	-	-	-	E	E	E	E	L	-	-
E	-	-	-	E	L	-	-	E	L	L	L	-	-	E	L	L	L	-	-	-	-	-	E	E	L	L	L
E	E	E	E	E	-	-	E	L	L	-	-	L	L	-	-	-	E	L	-	-	E	L	-	-	E	E	-
L	L	-	-	-	-	-	-	-	L	L	-	-	L	L	-	-	-	L	L	-	-	L	L	-	-	-	-
-	E	E	E	L	L	-	-	E	L	L	L	-	-	-	L	L	L	L	-	-	-	E	L	L	-	-	L
E	E	E	E	E	-	-	L	L	-	-	-	E	L	L	-	-	L	L	L	L	-	-	L	L	L	-	-
E	E	E	E	-	-	-	L	L	L	-	-	L	L	-	-	E	E	L	-	-	E	L	L	L	-	-	L
L	L	L	-	-	-	-	E	E	L	L	L	-	-	-	-	E	E	E	L	-	-	E	L	-	-	E	E
Objective 0: 6641
Objective 1: 72
Constr violation: -1
Restrictions violated:
0 0 0 0 0 0 0 1 

Individual 75
1	2	3	4	5	6	7	8	9	10	11	12	13	14	15	16	17	18	19	20	21	22	23	24	25	26	27	28
L	-	-	E	E	-	-	-	E	E	E	L	-	-	L	L	-	-	-	E	E	E	E	L	-	-	E	E
-	E	E	E	E	-	-	E	E	E	-	-	E	E	E	E	-	-	-	-	E	E	E	E	E	-	-	-
E	-	-	E	E	L	-	-	L	L	L	L	L	-	-	L	L	-	-	-	-	E	E	E	E	L	-	-
E	-	-	-	E	L	-	-	E	L	L	L	-	-	E	L	L	L	-	-	-	-	-	E	E	L	L	L
E	L	L	L	L	-	-	E	L	L	-	-	L	L	-	-	-	E	L	-	-	E	L	-	-	E	E	-
L	L	L	L	L	-	-	-	-	L	L	-	-	L	L	-	-	-	-	L	L	L	-	-	L	L	-	-
-	E	E	E	L	L	-	-	E	E	-	-	-	-	E	L	L	L	L	-	-	-	E	L	L	-	-	L
-	E	E	E	E	-	-	L	L	-	-	-	E	L	L	-	-	L	L	L	L	-	-	L	L	L	-	-
-	E	E	E	-	-	L	L	-	-	E	E	-	-	E	E	E	E	L	-	-	-	-	E	E	E	E	-
L	L	L	-	-	-	-	E	E	L	L	L	-	-	-	-	E	E	E	L	-	-	E	L	-	-	E	E
Objective 0: 4622
Objective 1: 101
Constr violation: -1
Restrictions violated:
0 0 0 0 0 0 0 1 

Individual 76
1	2	3	4	5	6	7	8	9	10	11	12	13	14	15	16	17	18	19	20	21	22	23	24	25	26	27	28
L	-	-	E	E	-	-	-	E	E	E	E	-	-	L	L	-	-	-	E	E	E	E	E	-	-	E	E
-	E	E	E	E	-	-	E	E	E	-	-	E	E	E	E	-	-	-	-	E	E	E	E	E	-	-	-
E	-	-	E	E	L	-	-	L	L	L	L	L	-	-	L	L	-	-	-	-	E	E	E	E	L	-	-
E	-	-	-	E	L	-	-	E	L	L	L	-	-	E	L	L	L	-	-	-	-	-	E	E	L	L	L
E	L	L	L	L	-	-	E	L	L	-	-	L	L	-	-	-	E	L	-	-	E	L	-	-	E	E	-
L	L	L	L	L	-	-	-	-	L	L	-	-	L	L	-	-	-	-	L	L	L	-	-	L	L	-	-
-	E	E	E	L	L	-	-	E	E	L	L	-	-	E	L	L	L	L	-	-	-	E	L	L	-	-	L
E	E	E	E	E	-	-	L	L	-	-	-	E	L	L	-	-	L	L	L	L	-	-	L	L	L	-	-
E	E	E	E	-	-	L	L	-	-	E	E	-	-	E	E	E	E	L	-	-	-	-	E	E	E	E	L
L	L	L	-	-	-	-	E	E	L	L	L	-	-	-	-	E	E	E	L	-	-	E	L	-	-	E	E
Objective 0: 4425
Objective 1: 97
Constr violation: -1
Restrictions violated:
0 0 0 0 0 0 0 1 

Individual 77
1	2	3	4	5	6	7	8	9	10	11	12	13	14	15	16	17	18	19	20	21	22	23	24	25	26	27	28
E	E	E	E	E	-	-	-	L	L	L	L	-	-	L	L	-	-	-	E	E	E	E	L	-	-	E	E
E	E	E	E	E	-	-	E	E	E	-	-	E	E	E	E	-	-	-	-	E	E	E	E	E	-	-	-
E	E	E	E	E	-	-	E	L	L	L	L	-	-	-	L	L	-	-	-	-	E	E	E	E	L	-	-
E	-	-	-	E	L	-	-	E	L	L	L	-	-	E	L	L	L	-	-	-	-	-	E	E	L	L	L
E	E	E	E	E	-	-	E	L	L	-	-	L	L	-	-	-	E	L	-	-	E	L	-	-	E	E	E
L	L	-	-	-	-	-	-	-	L	L	-	-	L	L	-	-	-	-	-	-	-	-	-	-	-	-	-
-	E	E	E	L	L	-	-	E	L	L	L	-	-	-	L	L	L	L	L	-	-	E	L	L	-	-	-
E	E	E	E	E	-	-	L	L	-	-	-	E	L	L	-	-	L	L	L	L	-	-	L	L	L	-	-
E	E	E	E	-	-	L	L	L	L	-	-	-	-	E	E	E	E	L	-	-	-	-	E	E	E	E	L
L	L	L	-	-	-	-	E	E	L	L	L	-	-	-	-	E	E	E	L	-	-	E	L	-	-	E	E
Objective 0: 6441
Objective 1: 64
Constr violation: -1
Restrictions violated:
0 0 0 0 0 0 0 1 

Individual 78
1	2	3	4	5	6	7	8	9	10	11	12	13	14	15	16	17	18	19	20	21	22	23	24	25	26	27	28
L	-	-	E	E	-	-	-	E	E	E	E	-	-	L	L	-	-	-	E	E	E	E	E	-	-	E	E
-	E	E	E	E	-	-	E	E	E	-	-	E	E	E	E	-	-	-	-	E	E	E	E	E	-	-	-
E	-	-	E	E	L	-	-	L	L	L	L	L	-	-	L	L	-	-	-	-	E	E	E	E	L	-	-
E	-	-	-	E	L	-	-	E	L	L	L	-	-	E	L	L	L	-	-	-	-	-	E	E	L	L	L
E	L	L	L	L	-	-	E	L	L	-	-	L	L	-	-	-	E	L	-	-	E	L	-	-	E	E	E
L	L	L	L	L	-	-	-	-	L	L	-	-	L	L	-	-	-	L	L	L	-	L	L	L	L	-	-
-	E	E	E	L	L	-	-	E	E	L	L	-	-	E	L	L	L	L	-	-	-	E	L	L	-	-	L
E	E	E	E	E	-	-	L	L	-	-	-	E	L	L	-	-	L	L	L	L	-	-	L	L	L	-	-
E	E	E	E	-	-	L	L	-	-	E	E	-	-	E	E	E	E	L	-	-	-	-	E	E	E	E	L
L	L	L	-	-	-	-	E	E	L	L	L	-	-	-	-	E	E	E	L	-	-	E	L	-	-	E	E
Objective 0: 4327
Objective 1: 95
Constr violation: -1
Restrictions violated:
0 0 0 1 0 0 0 0 

Individual 79
1	2	3	4	5	6	7	8	9	10	11	12	13	14	15	16	17	18	19	20	21	22	23	24	25	26	27	28
E	-	-	E	E	-	-	E	E	E	E	E	-	-	L	L	L	-	-	E	E	E	E	E	-	-	E	E
E	E	E	E	E	-	-	E	E	E	-	-	E	E	E	E	-	-	-	-	E	E	E	E	E	-	-	-
E	E	E	E	E	-	-	E	L	L	L	L	-	-	-	L	L	-	-	-	-	E	E	E	E	L	-	-
E	-	-	-	E	L	-	-	E	L	L	L	-	-	E	L	L	L	-	-	-	-	-	E	E	L	L	L
E	E	E	E	E	-	-	E	L	L	-	-	L	L	-	-	-	E	L	-	-	E	L	-	-	E	E	E
L	L	-	-	-	-	-	-	-	L	L	-	-	L	L	-	-	-	-	-	-	-	-	-	-	-	-	-
-	E	E	E	L	L	-	-	E	L	L	L	-	-	-	L	L	L	L	L	-	-	E	L	L	-	-	-
E	E	E	E	E	-	-	L	L	-	-	-	E	L	L	-	-	L	L	L	L	-	-	L	L	L	-	-
E	E	E	E	-	-	-	L	L	L	-	-	L	L	-	-	E	E	L	-	-	E	L	L	L	-	-	L
L	L	L	-	-	-	-	E	E	L	L	L	-	-	-	-	E	E	E	L	-	-	E	L	-	-	E	E
Objective 0: 6339
Objective 1: 63
Constr violation: -1
Restrictions violated:
0 0 0 0 0 0 0 1 

Individual 80
1	2	3	4	5	6	7	8	9	10	11	12	13	14	15	16	17	18	19	20	21	22	23	24	25	26	27	28
E	-	-	E	E	-	-	E	E	E	E	E	-	-	L	L	L	-	-	E	E	E	E	E	-	-	E	E
E	E	E	E	E	-	-	E	E	E	-	-	E	E	E	E	-	-	-	-	E	E	E	E	E	-	-	-
E	E	E	E	E	-	-	-	L	L	L	L	L	-	-	L	L	-	-	-	-	E	E	E	E	L	-	-
E	-	-	-	E	L	-	-	E	L	L	L	-	-	E	L	L	L	-	-	-	-	-	E	E	L	L	L
E	E	E	E	E	-	-	E	L	L	-	-	L	L	-	-	-	E	L	-	-	E	L	-	-	E	E	E
L	L	-	-	-	-	-	-	-	L	L	-	-	L	L	-	-	-	-	-	-	-	-	-	-	-	-	-
-	E	E	E	L	L	-	-	E	L	L	L	-	-	-	L	L	L	L	L	-	-	E	L	L	-	-	-
E	E	E	E	E	-	-	L	L	-	-	-	E	L	L	-	-	L	L	L	L	-	-	L	L	L	-	-
E	E	E	E	-	-	L	L	L	L	-	-	-	-	E	E	E	E	L	-	-	-	-	E	E	E	E	L
L	L	L	-	-	-	-	E	E	L	L	L	-	-	-	-	E	E	E	L	-	-	E	L	-	-	E	E
Objective 0: 5835
Objective 1: 70
Constr violation: -1
Restrictions violated:
0 0 0 0 0 0 0 1 

Individual 81
1	2	3	4	5	6	7	8	9	10	11	12	13	14	15	16	17	18	19	20	21	22	23	24	25	26	27	28
E	E	E	E	E	-	-	-	L	L	L	L	-	-	L	L	-	-	-	E	E	E	E	L	-	-	E	E
E	E	E	E	E	-	-	E	E	E	-	-	E	E	E	E	-	-	-	-	E	E	E	E	E	-	-	-
E	E	E	E	E	-	-	E	L	L	L	L	-	-	-	L	L	-	-	-	-	E	E	E	E	L	-	-
E	-	-	-	E	L	-	-	E	L	L	L	-	-	E	L	L	L	-	-	-	-	-	E	E	L	L	L
E	E	E	E	E	-	-	E	L	L	-	-	L	L	-	-	-	E	L	-	-	E	L	-	-	E	E	E
L	L	-	-	-	-	-	-	-	L	L	-	-	L	L	-	-	-	-	-	-	-	-	-	-	-	-	-
-	E	E	E	L	L	-	-	E	L	L	L	-	-	-	L	L	L	L	L	-	-	E	L	L	-	-	-
E	E	E	E	E	-	-	L	L	-	-	-	E	L	L	-	-	L	L	L	L	-	-	L	L	L	-	-
E	E	E	E	-	-	-	L	L	L	-	-	L	L	-	-	E	E	L	-	-	E	L	L	L	-	-	L
L	L	L	-	-	-	-	E	E	L	L	L	-	-	-	-	E	E	E	L	-	-	E	L	-	-	E	E
Objective 0: 6844
Objective 1: 60
Constr violation: -1
Restrictions violated:
0 0 0 0 0 0 0 1 

Individual 82
1	2	3	4	5	6	7	8	9	10	11	12	13	14	15	16	17	18	19	20	21	22	23	24	25	26	27	28
L	-	-	E	E	-	-	-	L	L	L	L	-	-	L	L	-	-	-	E	E	E	E	E	-	-	E	E
-	E	E	E	E	-	-	E	E	E	-	-	E	E	E	E	-	-	-	-	E	E	E	E	E	-	-	-
E	-	-	E	E	L	-	-	L	L	L	L	L	-	-	L	L	-	-	-	-	E	E	E	E	L	-	-
E	-	-	-	E	L	-	-	E	L	L	L	-	-	E	L	L	L	-	-	-	-	-	E	E	L	L	L
E	E	E	E	E	-	-	E	L	L	-	-	L	L	-	-	-	E	L	-	-	E	L	-	-	E	E	-
L	L	-	-	-	-	-	-	-	L	L	-	-	-	-	-	-	-	-	-	-	-	-	-	-	-	-	-
-	E	E	E	L	L	-	-	E	L	L	L	-	-	-	L	L	L	L	-	-	-	E	L	L	-	-	-
E	E	E	E	E	-	-	L	L	-	-	-	E	L	L	-	-	L	L	L	L	-	-	L	L	L	-	-
E	E	E	E	-	-	-	L	L	L	-	-	L	L	-	-	E	E	L	-	-	E	L	L	L	-	-	L
L	L	L	-	-	-	-	E	E	L	L	L	-	-	-	-	E	E	E	L	-	-	E	L	-	-	E	E
Objective 0: 6735
Objective 1: 79
Constr violation: -1
Restrictions violated:
0 0 0 0 0 0 0 1 

Individual 83
1	2	3	4	5	6	7	8	9	10	11	12	13	14	15	16	17	18	19	20	21	22	23	24	25	26	27	28
L	-	-	E	E	-	-	-	E	E	E	E	-	-	L	L	-	-	-	E	E	E	E	E	-	-	E	E
-	E	E	E	E	-	-	E	E	E	-	-	E	E	E	E	-	-	-	-	E	E	E	E	E	-	-	-
E	-	-	E	E	L	-	-	L	L	L	L	L	-	-	L	L	-	-	-	-	E	E	E	E	L	-	-
E	-	-	-	E	L	-	-	E	L	L	L	-	-	E	L	L	L	-	-	-	-	-	E	E	L	L	L
E	L	L	L	L	-	-	E	L	L	-	-	L	L	-	-	-	E	L	-	-	E	L	-	-	E	E	-
L	L	-	-	-	-	-	-	-	L	L	-	-	-	-	-	-	-	-	L	L	L	-	-	L	L	-	-
-	E	E	E	L	L	-	-	E	E	-	-	-	-	E	L	L	L	L	-	-	-	E	L	L	-	-	L
-	E	E	E	E	-	-	L	L	-	-	-	E	L	L	-	-	L	L	L	L	-	-	L	L	L	-	-
-	E	E	E	-	-	L	L	-	-	E	E	-	-	E	E	E	E	L	-	-	-	-	E	E	E	E	-
L	L	L	-	-	-	-	E	E	L	L	L	-	-	-	-	E	E	E	L	-	-	E	L	-	-	E	E
Objective 0: 4920
Objective 1: 106
Constr violation: -1
Restrictions violated:
0 0 0 0 0 0 0 1 

Individual 84
1	2	3	4	5	6	7	8	9	10	11	12	13	14	15	16	17	18	19	20	21	22	23	24	25	26	27	28
L	-	-	E	E	-	-	-	E	E	E	E	-	-	L	L	-	-	-	E	E	E	E	E	-	-	E	E
-	E	E	E	E	-	-	E	E	E	-	-	E	E	E	E	-	-	-	-	E	E	E	E	E	-	-	-
E	-	-	E	E	L	-	-	L	L	L	L	L	-	-	L	L	-	-	-	-	E	E	E	E	L	-	-
E	-	-	-	E	L	-	-	E	L	L	L	-	-	E	L	L	L	-	-	-	-	-	E	E	L	L	L
E	L	L	L	L	-	-	E	L	L	-	-	L	L	-	-	-	E	L	-	-	E	L	-	-	E	E	-
L	L	-	-	-	-	-	-	-	L	L	-	-	-	-	-	-	-	-	-	-	-	-	-	L	L	-	-
-	E	E	E	L	L	-	-	E	L	L	L	-	-	E	L	L	L	L	-	-	-	E	L	L	-	-	L
E	E	E	E	E	-	-	L	L	-	-	-	E	L	L	-	-	L	L	L	L	-	-	L	L	L	-	-
E	E	E	E	-	-	L	L	L	L	-	-	-	-	E	E	E	E	L	-	-	-	-	E	E	E	E	L
L	L	L	-	-	-	-	E	E	L	L	L	-	-	-	-	E	E	E	L	-	-	E	L	-	-	E	E
Objective 0: 5528
Objective 1: 94
Constr violation: -1
Restrictions violated:
0 0 0 0 0 0 0 1 

Individual 85
1	2	3	4	5	6	7	8	9	10	11	12	13	14	15	16	17	18	19	20	21	22	23	24	25	26	27	28
L	-	-	E	E	-	-	-	E	E	E	E	-	-	L	L	-	-	-	E	E	E	E	E	-	-	E	E
-	E	E	E	E	-	-	E	E	E	-	-	E	E	E	E	-	-	-	-	E	E	E	E	E	-	-	-
E	-	-	E	E	L	-	-	L	L	L	L	L	-	-	L	L	-	-	-	-	E	E	E	E	L	-	-
E	-	-	-	E	L	-	-	E	L	L	L	-	-	E	L	L	L	-	-	-	-	-	E	E	L	L	L
E	E	E	E	E	-	-	E	L	L	-	-	L	L	-	-	-	E	L	-	-	E	L	-	-	E	E	-
L	L	-	-	-	-	-	-	-	L	L	-	-	-	-	-	-	-	-	-	-	-	-	-	-	-	-	-
-	E	E	E	L	L	-	-	E	L	L	L	-	-	E	L	L	L	L	-	-	-	E	L	L	-	-	L
E	E	E	E	E	-	-	L	L	-	-	-	E	L	L	-	-	L	L	L	L	-	-	L	L	L	-	-
E	E	E	E	-	-	-	L	L	L	-	-	L	L	-	-	E	E	L	-	-	E	L	L	L	-	-	L
L	L	L	-	-	-	-	E	E	L	L	L	-	-	-	-	E	E	E	L	-	-	E	L	-	-	E	E
Objective 0: 6333
Objective 1: 81
Constr violation: -1
Restrictions violated:
0 0 0 0 0 0 0 1 

Individual 86
1	2	3	4	5	6	7	8	9	10	11	12	13	14	15	16	17	18	19	20	21	22	23	24	25	26	27	28
E	E	E	E	E	-	-	-	L	L	L	L	-	-	L	L	-	-	-	E	E	E	E	L	-	-	E	E
E	E	E	E	E	-	-	E	E	E	-	-	E	E	E	E	-	-	-	-	E	E	E	E	E	-	-	-
E	E	E	E	E	-	-	E	L	L	L	L	-	-	-	L	L	-	-	-	-	E	E	E	E	L	-	-
E	-	-	-	E	L	-	-	E	L	L	L	-	-	E	L	L	L	-	-	-	-	-	E	E	L	L	L
E	E	E	E	E	-	-	E	L	L	-	-	L	L	-	-	-	E	L	-	-	E	L	-	-	E	E	E
L	L	-	-	-	-	-	-	-	L	L	-	-	L	L	-	-	-	-	-	-	-	-	-	-	-	-	-
-	E	E	E	L	L	-	-	E	L	L	L	-	-	-	L	L	L	L	L	-	-	E	L	L	-	-	-
E	E	E	E	E	-	-	L	L	-	-	-	E	L	L	-	-	L	L	L	L	-	-	L	L	L	-	-
E	E	E	E	-	-	L	L	L	L	-	-	-	-	E	E	E	E	L	-	-	-	-	E	E	E	E	L
L	L	L	-	-	-	-	E	E	L	L	L	-	-	-	-	E	E	E	L	-	-	E	L	-	-	E	E
Objective 0: 6441
Objective 1: 64
Constr violation: -1
Restrictions violated:
0 0 0 0 0 0 0 1 

Individual 87
1	2	3	4	5	6	7	8	9	10	11	12	13	14	15	16	17	18	19	20	21	22	23	24	25	26	27	28
E	-	-	E	E	-	-	E	E	E	E	E	-	-	L	L	L	-	-	E	E	E	E	E	-	-	E	E
E	E	E	E	E	-	-	E	E	E	-	-	E	E	E	E	-	-	-	-	E	E	E	E	E	-	-	-
E	E	E	E	E	-	-	-	L	L	L	L	L	-	-	L	L	-	-	-	-	E	E	E	E	L	-	-
E	-	-	-	E	L	-	-	E	L	L	L	-	-	E	L	L	L	-	-	-	-	-	E	E	L	L	L
E	E	E	E	E	-	-	E	L	L	-	-	L	L	-	-	-	E	L	-	-	E	L	-	-	E	E	E
L	L	-	-	-	-	-	-	-	L	L	-	-	L	L	-	-	-	-	-	-	-	-	-	-	-	-	-
-	E	E	E	L	L	-	-	E	L	L	L	-	-	-	L	L	L	L	L	-	-	E	L	L	-	-	-
E	E	E	E	E	-	-	L	L	-	-	-	E	L	L	-	-	L	L	L	L	-	-	L	L	L	-	-
E	E	E	E	-	-	L	L	L	L	-	-	-	-	E	E	E	E	L	-	-	-	-	E	E	E	E	L
L	L	L	-	-	-	-	E	E	L	L	L	-	-	-	-	E	E	E	L	-	-	E	L	-	-	E	E
Objective 0: 5835
Objective 1: 70
Constr violation: -1
Restrictions violated:
0 0 0 0 0 0 0 1 

Individual 88
1	2	3	4	5	6	7	8	9	10	11	12	13	14	15	16	17	18	19	20	21	22	23	24	25	26	27	28
L	-	-	E	E	-	-	-	L	L	L	L	-	-	L	L	-	-	-	E	E	E	E	L	-	-	E	E
-	E	E	E	E	-	-	E	E	E	-	-	E	E	E	E	-	-	-	-	E	E	E	E	E	-	-	-
E	-	-	E	E	L	-	-	L	L	L	L	L	-	-	L	L	-	-	-	-	E	E	E	E	L	-	-
E	-	-	-	E	L	-	-	E	L	L	L	-	-	E	L	L	L	-	-	-	-	-	E	E	L	L	L
E	L	L	L	L	-	-	E	L	L	-	-	L	L	-	-	-	E	L	-	-	E	L	-	-	E	E	-
L	L	-	-	-	-	-	-	-	L	L	-	-	-	-	-	-	-	-	L	L	L	-	-	L	L	-	-
-	E	E	E	L	L	-	-	E	E	-	-	-	-	E	L	L	L	L	-	-	-	E	L	L	-	-	L
-	E	E	E	E	-	-	L	L	-	-	-	E	L	L	-	-	L	L	L	L	-	-	L	L	L	-	-
-	E	E	E	-	-	-	L	L	L	-	-	L	L	-	-	E	E	L	-	-	E	L	L	L	-	-	L
L	L	L	-	-	-	-	E	E	L	L	L	-	-	-	-	E	E	E	L	-	-	E	L	-	-	E	E
Objective 0: 5728
Objective 1: 99
Constr violation: -1
Restrictions violated:
0 0 0 0 0 0 0 1 

Individual 89
1	2	3	4	5	6	7	8	9	10	11	12	13	14	15	16	17	18	19	20	21	22	23	24	25	26	27	28
L	-	-	E	E	-	-	-	L	L	L	L	-	-	L	L	-	-	-	E	E	E	E	L	-	-	E	E
E	E	E	E	E	-	-	E	E	E	-	-	E	E	E	E	-	-	-	-	E	E	E	E	E	-	-	-
E	-	-	E	E	L	-	-	L	L	L	L	L	-	-	L	L	-	-	-	-	E	E	E	E	L	-	-
E	-	-	-	E	L	-	-	E	L	L	L	-	-	E	L	L	L	-	-	-	-	-	E	E	L	L	L
E	L	L	L	L	-	-	E	L	L	-	-	L	L	-	-	-	E	L	-	-	E	L	-	-	E	E	-
L	L	-	-	-	-	-	-	-	L	L	-	-	-	-	-	-	-	-	L	L	L	-	-	L	L	-	-
-	E	E	E	L	L	-	-	E	E	-	-	-	-	E	L	L	L	L	-	-	-	E	L	L	-	-	L
-	E	E	E	E	-	-	L	L	-	-	-	E	L	L	-	-	L	L	L	L	-	-	L	L	L	-	-
-	E	E	E	-	-	L	L	-	-	E	E	-	-	E	E	E	E	L	-	-	-	-	E	E	E	E	-
L	L	L	-	-	-	-	E	E	L	L	L	-	-	-	-	E	E	E	L	-	-	E	L	-	-	E	E
Objective 0: 5325
Objective 1: 103
Constr violation: -1
Restrictions violated:
0 0 0 0 0 0 0 1 

Individual 90
1	2	3	4	5	6	7	8	9	10	11	12	13	14	15	16	17	18	19	20	21	22	23	24	25	26	27	28
L	-	-	E	E	-	-	-	E	E	E	E	-	-	L	L	-	-	-	E	E	E	E	E	-	-	E	E
-	E	E	E	E	-	-	E	E	E	-	-	E	E	E	E	-	-	-	-	E	E	E	E	E	-	-	-
E	-	-	E	E	L	-	-	L	L	L	L	L	-	-	L	L	-	-	-	-	E	E	E	E	L	-	-
E	-	-	-	E	L	-	-	E	L	L	L	-	-	E	L	L	L	-	-	-	-	-	E	E	L	L	L
E	E	E	E	E	-	-	E	L	L	-	-	L	L	-	-	-	E	L	-	-	E	L	-	-	E	E	-
L	L	L	L	L	-	-	-	-	L	L	-	-	L	L	-	-	-	L	L	-	-	L	L	L	L	-	-
-	E	E	E	L	L	-	-	E	L	L	L	-	-	E	L	L	L	L	-	-	-	E	L	L	-	-	L
E	E	E	E	E	-	-	L	L	-	-	-	E	L	L	-	-	L	L	L	L	-	-	L	L	L	-	-
E	E	E	E	-	-	-	L	L	L	-	-	L	L	-	-	E	E	L	-	-	E	L	L	L	-	-	L
L	L	L	-	-	-	-	E	E	L	L	L	-	-	-	-	E	E	E	L	-	-	E	L	-	-	E	E
Objective 0: 5637
Objective 1: 77
Constr violation: -1
Restrictions violated:
0 0 0 0 0 0 0 1 

Individual 91
1	2	3	4	5	6	7	8	9	10	11	12	13	14	15	16	17	18	19	20	21	22	23	24	25	26	27	28
L	-	-	E	E	-	-	-	E	E	E	E	-	-	L	L	-	-	-	E	E	E	E	E	-	-	E	E
-	E	E	E	E	-	-	E	E	E	-	-	E	E	E	E	-	-	-	-	E	E	E	E	E	-	-	-
E	-	-	E	E	L	-	-	L	L	L	L	L	-	-	L	L	-	-	-	-	E	E	E	E	L	-	-
E	-	-	-	E	L	-	-	E	L	L	L	-	-	E	L	L	L	-	-	-	-	-	E	E	L	L	L
E	L	L	L	L	-	-	E	L	L	-	-	L	L	-	-	-	E	L	-	-	E	L	-	-	E	E	-
L	L	-	-	-	-	-	-	-	L	L	-	-	-	-	-	-	-	-	-	-	-	-	-	L	L	-	-
-	E	E	E	L	L	-	-	E	L	L	L	-	-	E	L	L	L	L	-	-	-	E	L	L	-	-	L
E	E	E	E	E	-	-	L	L	-	-	-	E	L	L	-	-	L	L	L	L	-	-	L	L	L	-	-
E	E	E	E	-	-	L	L	L	L	-	-	-	-	E	E	E	E	L	-	-	-	-	E	E	E	E	L
L	L	L	-	-	-	-	E	E	L	L	L	-	-	-	-	E	E	E	L	-	-	E	L	-	-	E	E
Objective 0: 5528
Objective 1: 94
Constr violation: -1
Restrictions violated:
0 0 0 0 0 0 0 1 

Individual 92
1	2	3	4	5	6	7	8	9	10	11	12	13	14	15	16	17	18	19	20	21	22	23	24	25	26	27	28
L	-	-	E	E	-	-	E	E	E	E	E	-	-	L	L	L	-	-	E	E	E	E	E	-	-	E	E
E	E	E	E	E	-	-	E	E	E	-	-	E	E	E	E	-	-	-	-	E	E	E	E	E	-	-	-
E	-	-	E	E	L	-	-	L	L	L	L	L	-	-	L	L	-	-	-	-	E	E	E	E	L	-	-
E	-	-	-	E	L	-	-	E	L	L	L	-	-	E	L	L	L	-	-	-	-	-	E	E	L	L	L
E	L	L	L	L	-	-	E	L	L	-	-	L	L	-	-	-	E	L	-	-	E	L	-	-	E	E	E
L	L	L	L	L	-	-	-	-	L	L	-	-	L	L	-	-	-	L	L	L	-	L	L	L	L	-	-
-	E	E	E	L	L	-	-	E	E	L	L	-	-	E	L	L	L	L	-	-	-	E	L	L	-	-	L
E	E	E	E	E	-	-	L	L	-	-	-	E	L	L	-	-	L	L	L	L	-	-	L	L	L	-	-
E	E	E	E	-	-	L	L	L	L	-	-	-	-	E	E	E	E	L	-	-	-	-	E	E	E	E	L
L	L	L	-	-	-	-	E	E	L	L	L	-	-	-	-	E	E	E	L	-	-	E	L	-	-	E	E
Objective 0: 4431
Objective 1: 95
Constr violation: -1
Restrictions violated:
0 0 0 1 0 0 0 0 

Individual 93
1	2	3	4	5	6	7	8	9	10	11	12	13	14	15	16	17	18	19	20	21	22	23	24	25	26	27	28
L	-	-	E	E	-	-	-	E	E	E	E	-	-	L	L	L	-	-	E	E	E	E	E	-	-	E	E
-	E	E	E	E	-	-	E	E	E	-	-	E	E	E	E	-	-	-	-	E	E	E	E	E	-	-	-
E	E	E	E	E	-	-	E	L	L	L	L	-	-	-	L	L	-	-	-	-	E	E	E	E	L	-	-
E	-	-	-	E	L	-	-	E	L	L	L	-	-	E	L	L	L	-	-	-	-	-	E	E	L	L	L
E	E	E	E	E	-	-	E	L	L	-	-	L	L	-	-	-	E	L	-	-	E	L	-	-	E	E	E
L	L	-	-	-	-	-	-	-	L	L	-	-	L	L	-	-	-	-	-	-	-	-	-	-	-	-	-
-	E	E	E	L	L	-	-	E	L	L	L	-	-	-	L	L	L	L	L	-	-	E	L	L	-	-	-
E	E	E	E	E	-	-	L	L	-	-	-	E	L	L	-	-	L	L	L	L	-	-	L	L	L	-	-
E	E	E	E	-	-	-	L	L	L	-	-	L	L	-	-	E	E	L	-	-	E	L	L	L	-	-	L
L	L	L	-	-	-	-	E	E	L	L	L	-	-	-	-	E	E	E	L	-	-	E	L	-	-	E	E
Objective 0: 6236
Objective 1: 63
Constr violation: -1
Restrictions violated:
0 0 0 0 0 0 0 1 

Individual 94
1	2	3	4	5	6	7	8	9	10	11	12	13	14	15	16	17	18	19	20	21	22	23	24	25	26	27	28
E	E	E	E	E	-	-	-	L	L	L	L	-	-	L	L	-	-	-	E	E	E	E	L	-	-	E	E
E	E	E	E	E	-	-	E	E	E	-	-	E	E	E	E	-	-	-	-	E	E	E	E	E	-	-	-
E	E	E	E	E	-	-	E	L	L	L	L	-	-	-	-	E	E	-	-	-	E	E	E	E	L	-	-
E	-	-	-	E	L	-	-	E	L	L	L	-	-	E	L	L	L	-	-	-	-	-	E	E	L	L	L
E	E	E	E	E	-	-	E	L	L	-	-	L	L	-	-	-	E	L	-	-	E	L	-	-	E	E	-
L	L	L	L	L	-	-	-	-	L	L	-	-	L	L	-	-	-	L	L	-	-	L	L	-	-	-	-
-	E	E	E	L	L	-	-	E	L	L	L	-	-	E	L	L	L	L	-	-	-	E	L	L	-	-	L
E	E	E	E	E	-	-	L	L	-	-	-	E	L	L	-	-	L	L	L	L	-	-	L	L	L	-	-
E	E	E	E	-	-	L	L	L	L	-	-	-	-	E	E	E	E	L	-	-	E	L	L	L	-	-	L
L	L	L	-	-	-	-	E	E	L	L	L	-	-	-	-	E	E	E	L	-	-	E	L	-	-	E	E
Objective 0: 6549
Objective 1: 71
Constr violation: -1
Restrictions violated:
0 0 0 0 0 0 0 1 

Individual 95
1	2	3	4	5	6	7	8	9	10	11	12	13	14	15	16	17	18	19	20	21	22	23	24	25	26	27	28
L	-	-	E	E	-	-	-	E	E	E	L	-	-	L	L	-	-	-	E	E	E	E	L	-	-	E	E
-	E	E	E	E	-	-	E	E	E	-	-	E	E	E	E	-	-	-	-	E	E	E	E	E	-	-	-
E	-	-	E	E	L	-	-	L	L	L	L	L	-	-	L	L	-	-	-	-	E	E	E	E	L	-	-
E	-	-	-	E	L	-	-	E	L	L	L	-	-	E	L	L	L	-	-	-	-	-	E	E	L	L	L
E	L	L	L	L	-	-	E	L	L	-	-	L	L	-	-	-	E	L	-	-	E	L	-	-	E	E	-
L	L	-	-	-	-	-	-	-	L	L	-	-	-	-	-	-	-	-	-	-	-	-	-	-	-	-	-
-	E	E	E	L	L	-	-	E	L	L	L	-	-	-	L	L	L	L	-	-	-	E	L	L	-	-	-
-	E	E	E	E	-	-	L	L	-	-	-	E	L	L	-	-	L	L	L	L	-	-	L	L	L	-	-
-	E	E	E	-	-	-	L	L	L	-	-	L	L	-	-	E	E	L	-	-	E	L	L	L	-	-	L
L	L	L	-	-	-	-	E	E	L	L	L	-	-	-	-	E	E	E	L	-	-	E	L	-	-	E	E
Objective 0: 6228
Objective 1: 91
Constr violation: -1
Restrictions violated:
0 0 0 0 0 0 0 1 

Individual 96
1	2	3	4	5	6	7	8	9	10	11	12	13	14	15	16	17	18	19	20	21	22	23	24	25	26	27	28
L	-	-	E	E	-	-	-	L	L	L	L	-	-	L	L	-	-	-	E	E	E	E	E	-	-	E	E
-	E	E	E	E	-	-	E	E	E	-	-	E	E	E	E	-	-	-	-	E	E	E	E	E	-	-	-
E	E	E	E	E	-	-	E	L	L	L	L	-	-	-	-	E	E	-	-	-	E	E	E	E	L	-	-
E	-	-	-	E	L	-	-	E	L	L	L	-	-	E	L	L	L	-	-	-	-	-	E	E	L	L	L
E	E	E	E	E	-	-	E	L	L	-	-	L	L	-	-	-	E	L	-	-	E	L	-	-	E	E	E
L	L	-	-	-	-	-	-	-	L	L	-	-	L	L	-	-	-	L	L	-	-	L	L	-	-	-	-
-	E	E	E	L	L	-	-	E	L	L	L	-	-	-	L	L	L	L	-	-	-	E	L	L	-	-	L
E	E	E	E	E	-	-	L	L	-	-	-	E	L	L	-	-	L	L	L	L	-	-	L	L	L	-	-
E	E	E	E	-	-	-	L	L	L	-	-	L	L	-	-	E	E	L	-	-	E	L	L	L	-	-	L
L	L	L	-	-	-	-	E	E	L	L	L	-	-	-	-	E	E	E	L	-	-	E	L	-	-	E	E
Objective 0: 6744
Objective 1: 66
Constr violation: -1
Restrictions violated:
0 0 0 0 0 0 0 1 

Individual 97
1	2	3	4	5	6	7	8	9	10	11	12	13	14	15	16	17	18	19	20	21	22	23	24	25	26	27	28
L	-	-	E	E	-	-	-	E	E	E	E	-	-	L	L	L	-	-	E	E	E	E	E	-	-	E	E
-	E	E	E	E	-	-	E	E	E	-	-	E	E	E	E	-	-	-	-	E	E	E	E	E	-	-	-
E	E	E	E	E	-	-	E	L	L	L	L	-	-	-	-	E	E	-	-	-	E	E	E	E	L	-	-
E	-	-	-	E	L	-	-	E	L	L	L	-	-	E	L	L	L	-	-	-	-	-	E	E	L	L	L
E	L	L	L	L	-	-	E	L	L	-	-	L	L	-	-	-	E	L	-	-	E	L	-	-	E	E	E
L	L	L	L	L	-	-	-	-	L	L	-	-	L	L	-	-	-	L	L	L	-	L	L	L	L	-	-
-	E	E	E	L	L	-	-	E	E	L	L	-	-	E	L	L	L	L	-	-	-	E	L	L	-	-	L
E	E	E	E	E	-	-	L	L	-	-	-	E	L	L	-	-	L	L	L	L	-	-	L	L	L	-	-
E	E	E	E	-	-	L	L	-	-	E	E	-	-	E	E	E	E	L	-	-	-	-	E	E	E	E	L
L	L	L	-	-	-	-	E	E	L	L	L	-	-	-	-	E	E	E	L	-	-	E	L	-	-	E	E
Objective 0: 4531
Objective 1: 88
Constr violation: -1
Restrictions violated:
0 0 0 1 0 0 0 0 

Individual 98
1	2	3	4	5	6	7	8	9	10	11	12	13	14	15	16	17	18	19	20	21	22	23	24	25	26	27	28
L	-	-	E	E	-	-	E	E	E	L	L	-	-	L	L	-	-	-	E	E	E	E	E	-	-	E	E
E	E	E	E	E	-	-	E	E	E	-	-	E	E	E	E	-	-	-	-	E	E	E	E	E	-	-	-
E	E	E	E	E	-	-	-	L	L	L	L	-	-	-	-	E	E	-	-	-	E	E	E	E	L	-	-
E	-	-	-	E	L	-	-	E	L	L	L	-	-	E	L	L	L	-	-	-	-	-	E	E	L	L	L
E	L	L	L	L	-	-	E	L	L	-	-	L	L	-	-	-	E	L	-	-	E	L	-	-	E	E	-
L	L	L	L	L	-	-	-	-	L	L	-	-	L	L	-	-	-	L	L	L	-	L	L	L	L	-	-
-	E	E	E	L	L	-	-	E	L	L	L	-	-	E	L	L	L	L	-	-	-	E	L	L	-	-	L
E	E	E	E	E	-	-	L	L	-	-	-	E	L	L	-	-	L	L	L	L	-	-	L	L	L	-	-
E	E	E	E	-	-	L	L	L	L	-	-	-	-	E	E	E	E	L	-	-	E	L	L	L	-	-	L
L	L	L	-	-	-	-	E	E	L	L	L	-	-	-	-	E	E	E	L	-	-	E	L	-	-	E	E
Objective 0: 5540
Objective 1: 88
Constr violation: -1
Restrictions violated:
0 0 0 1 0 0 0 0 

Individual 99
1	2	3	4	5	6	7	8	9	10	11	12	13	14	15	16	17	18	19	20	21	22	23	24	25	26	27	28
L	-	-	E	E	-	-	-	L	L	L	L	-	-	L	L	-	-	-	E	E	E	E	L	-	-	E	E
-	E	E	E	E	-	-	E	E	E	-	-	E	E	E	E	-	-	-	-	E	E	E	E	E	-	-	-
E	-	-	E	E	L	-	-	L	L	L	L	L	-	-	L	L	-	-	-	-	E	E	E	E	L	-	-
E	-	-	-	E	L	-	-	E	L	L	L	-	-	E	L	L	L	-	-	-	-	-	E	E	L	L	L
E	L	L	L	L	-	-	E	L	L	-	-	L	L	-	-	-	E	L	-	-	E	L	-	-	E	E	-
L	L	-	-	-	-	-	-	-	L	L	-	-	-	-	-	-	-	-	L	L	L	-	-	L	L	-	-
-	E	E	E	L	L	-	-	E	E	-	-	-	-	E	L	L	L	L	-	-	-	E	L	L	-	-	L
-	E	E	E	E	-	-	L	L	-	-	-	E	L	L	-	-	L	L	L	L	-	-	L	L	L	-	-
-	E	E	E	-	-	L	L	-	-	E	E	-	-	E	E	E	E	L	-	-	-	-	E	E	E	E	-
L	L	L	-	-	-	-	E	E	L	L	L	-	-	-	-	E	E	E	L	-	-	E	L	-	-	E	E
Objective 0: 5324
Objective 1: 103
Constr violation: -1
Restrictions violated:
0 0 0 0 0 0 0 1 

