Individual 0
1	2	3	4	5	6	7	8	9	10	11	12	13	14	15	16	17	18	19	20	21	22	23	24	25	26	27	28
E	E	E	E	L	-	-	E	L	-	-	E	E	L	-	-	L	L	L	-	-	-	-	L	L	L	L	-
E	E	E	E	-	-	-	E	E	E	-	-	-	-	E	E	-	-	-	E	E	-	-	E	E	E	E	E
E	E	E	E	E	-	-	E	E	L	-	-	-	-	-	-	-	-	E	L	L	L	L	-	-	E	E	E
-	-	-	L	L	-	-	E	E	E	E	E	-	-	E	E	E	E	-	-	E	E	E	E	-	-	E	E
E	E	E	E	E	-	-	E	E	L	L	-	-	E	E	E	E	-	-	-	-	L	L	-	-	-	E	E
L	L	-	-	L	L	L	L	-	-	L	L	-	-	L	L	-	-	L	L	-	-	L	L	L	L	-	-
-	L	L	L	L	-	-	-	L	L	L	L	L	-	-	E	E	L	L	L	-	-	E	E	L	-	-	-
L	L	L	-	-	E	L	L	L	-	-	-	E	E	L	L	L	-	-	-	-	E	E	E	E	L	-	-
E	E	E	L	-	-	-	-	-	E	L	L	L	L	-	-	L	L	-	-	-	-	-	E	E	E	L	L
L	L	L	-	-	E	E	E	-	-	E	E	-	-	-	E	E	E	E	-	-	-	L	L	-	-	L	L
Objective 0: 3619
Objective 1: 29
Constr violation: 0
Restrictions violated:
0 0 0 0 0 0 0 0 

Individual 1
1	2	3	4	5	6	7	8	9	10	11	12	13	14	15	16	17	18	19	20	21	22	23	24	25	26	27	28
E	E	E	E	L	-	-	E	L	-	-	E	E	L	-	-	L	L	L	-	-	-	-	L	L	L	L	-
E	E	E	E	-	-	-	E	E	E	-	-	-	-	E	E	-	-	-	E	E	-	-	E	E	E	E	E
E	E	E	E	E	-	-	E	E	L	-	-	-	-	-	-	-	-	E	L	L	L	L	-	-	E	E	E
-	-	-	L	L	-	-	E	E	E	E	E	-	-	E	E	E	E	-	-	E	E	E	E	-	-	E	E
E	E	E	E	E	-	-	E	E	L	L	-	-	E	E	E	E	-	-	-	-	L	L	-	-	-	E	E
L	L	-	-	L	L	L	L	-	-	L	L	-	-	L	L	-	-	L	L	-	-	L	L	L	L	-	-
-	L	L	L	L	-	-	-	L	L	L	L	L	-	-	E	E	L	L	L	-	-	E	E	L	-	-	-
L	L	L	-	-	E	L	L	L	-	-	-	E	E	L	L	L	-	-	-	-	E	E	E	E	L	-	-
E	E	L	L	-	-	-	-	-	E	L	L	L	L	-	-	L	L	-	-	-	-	-	E	E	E	L	L
L	L	L	-	-	E	E	E	-	-	E	E	-	-	-	E	E	E	E	-	-	-	L	L	-	-	L	L
Objective 0: 3518
Objective 1: 31
Constr violation: 0
Restrictions violated:
0 0 0 0 0 0 0 0 

Individual 2
1	2	3	4	5	6	7	8	9	10	11	12	13	14	15	16	17	18	19	20	21	22	23	24	25	26	27	28
E	E	E	E	L	-	-	E	L	-	-	E	E	L	-	-	L	L	L	-	-	-	-	L	L	L	L	-
E	E	E	E	-	-	-	E	E	E	-	-	-	-	E	E	-	-	-	E	E	-	-	E	E	E	E	E
E	E	E	E	E	-	-	E	E	L	-	-	-	-	-	-	-	-	E	L	L	L	L	-	-	E	E	E
-	-	-	L	L	-	-	E	E	E	E	E	-	-	E	E	E	E	-	-	E	E	E	E	-	-	E	E
E	E	E	E	E	-	-	E	E	L	L	-	-	E	E	E	E	-	-	-	-	L	L	-	-	-	E	E
L	L	-	-	L	L	L	L	-	-	L	L	-	-	L	L	-	-	L	L	-	-	L	L	L	L	-	-
-	L	L	L	L	-	-	-	L	L	L	L	L	-	-	E	E	L	L	L	-	-	E	E	L	-	-	-
L	L	L	-	-	E	L	L	L	-	-	-	E	E	L	L	L	-	-	-	-	E	E	E	E	L	-	-
E	E	E	L	-	-	-	-	-	E	L	L	L	L	-	-	L	L	-	-	-	-	-	E	E	E	L	L
L	L	L	-	-	E	E	E	-	-	E	E	-	-	-	E	E	E	E	-	-	-	L	L	-	-	L	L
Objective 0: 3619
Objective 1: 29
Constr violation: 0
Restrictions violated:
0 0 0 0 0 0 0 0 

Individual 3
1	2	3	4	5	6	7	8	9	10	11	12	13	14	15	16	17	18	19	20	21	22	23	24	25	26	27	28
E	E	E	E	L	-	-	E	L	-	-	E	E	L	-	-	L	L	L	-	-	-	-	L	L	L	L	-
E	E	E	E	-	-	-	E	E	E	-	-	-	-	E	E	-	-	-	E	E	-	-	E	E	E	E	E
E	E	E	E	E	-	-	E	E	L	-	-	-	-	-	-	-	-	E	L	L	L	L	-	-	E	E	E
-	-	-	L	L	-	-	E	E	E	E	E	-	-	E	E	E	E	-	-	E	E	E	E	-	-	E	E
E	E	E	E	E	-	-	E	E	L	L	-	-	E	E	E	E	-	-	-	-	L	L	-	-	-	E	E
L	L	-	-	L	L	L	L	-	-	L	L	-	-	L	L	-	-	L	L	-	-	L	L	L	L	-	-
-	L	L	L	L	-	-	-	L	L	L	L	L	-	-	E	E	L	L	L	-	-	E	E	L	-	-	-
L	L	L	-	-	E	L	L	L	-	-	-	E	E	L	L	L	-	-	-	-	E	E	E	E	L	-	-
E	E	E	L	-	-	-	-	-	E	L	L	L	L	-	-	L	L	-	-	-	-	-	E	E	E	L	L
L	L	L	-	-	E	E	E	-	-	E	E	-	-	-	E	E	E	E	-	-	-	L	L	-	-	L	L
Objective 0: 3619
Objective 1: 29
Constr violation: 0
Restrictions violated:
0 0 0 0 0 0 0 0 

Individual 4
1	2	3	4	5	6	7	8	9	10	11	12	13	14	15	16	17	18	19	20	21	22	23	24	25	26	27	28
E	E	E	E	L	-	-	E	L	-	-	E	E	L	-	-	L	L	L	-	-	-	-	L	L	L	L	-
E	E	E	E	-	-	-	E	E	E	-	-	-	-	E	E	-	-	-	E	E	-	-	E	E	E	E	E
E	E	E	E	E	-	-	E	E	L	-	-	-	-	-	-	-	-	E	L	L	L	L	-	-	E	E	E
-	-	-	L	L	-	-	E	E	E	E	E	-	-	E	E	E	E	-	-	E	E	E	E	-	-	E	E
E	E	E	E	E	-	-	E	E	L	L	-	-	E	E	E	E	-	-	-	-	L	L	-	-	-	E	E
L	L	-	-	L	L	L	L	-	-	L	L	-	-	L	L	-	-	L	L	-	-	L	L	L	L	-	-
-	L	L	L	L	-	-	-	L	L	L	L	L	-	-	E	E	L	L	L	-	-	E	E	L	-	-	-
L	L	L	-	-	E	L	L	L	-	-	-	E	E	L	L	L	-	-	-	-	E	E	E	E	L	-	-
E	E	L	L	-	-	-	-	-	E	L	L	L	L	-	-	L	L	-	-	-	-	-	E	E	E	L	L
L	L	L	-	-	E	E	E	-	-	E	E	-	-	-	E	E	E	E	-	-	-	L	L	-	-	L	L
Objective 0: 3518
Objective 1: 31
Constr violation: 0
Restrictions violated:
0 0 0 0 0 0 0 0 

Individual 5
1	2	3	4	5	6	7	8	9	10	11	12	13	14	15	16	17	18	19	20	21	22	23	24	25	26	27	28
E	E	E	E	L	-	-	E	L	-	-	E	E	L	-	-	L	L	L	-	-	-	-	L	L	L	L	-
E	E	E	E	-	-	-	E	E	E	-	-	-	-	E	E	-	-	-	E	E	-	-	E	E	E	E	E
E	E	E	E	E	-	-	E	E	L	-	-	-	-	-	-	-	-	E	L	L	L	L	-	-	E	E	E
-	-	-	L	L	-	-	E	E	E	E	E	-	-	E	E	E	E	-	-	E	E	E	E	-	-	E	E
E	E	E	E	E	-	-	E	E	L	L	-	-	E	E	E	E	-	-	-	-	L	L	-	-	-	E	E
L	L	-	-	L	L	L	L	-	-	L	L	-	-	L	L	-	-	L	L	-	-	L	L	L	L	-	-
-	L	L	L	L	-	-	-	L	L	L	L	L	-	-	E	E	L	L	L	-	-	E	E	L	-	-	-
L	L	L	-	-	E	L	L	L	-	-	-	E	E	L	L	L	-	-	-	-	E	E	E	E	L	-	-
E	E	E	L	-	-	-	-	-	E	L	L	L	L	-	-	L	L	-	-	-	-	-	E	E	E	L	L
L	L	L	-	-	E	E	E	-	-	E	E	-	-	-	E	E	E	E	-	-	-	L	L	-	-	L	L
Objective 0: 3619
Objective 1: 29
Constr violation: 0
Restrictions violated:
0 0 0 0 0 0 0 0 

Individual 6
1	2	3	4	5	6	7	8	9	10	11	12	13	14	15	16	17	18	19	20	21	22	23	24	25	26	27	28
E	E	E	E	L	-	-	E	L	-	-	E	E	L	-	-	L	L	L	-	-	-	-	L	L	L	L	-
E	E	E	E	-	-	-	E	E	E	-	-	-	-	E	E	-	-	-	E	E	-	-	E	E	E	E	E
E	E	E	E	E	-	-	E	E	L	-	-	-	-	-	-	-	-	E	L	L	L	L	-	-	E	E	E
-	-	-	L	L	-	-	E	E	E	E	E	-	-	E	E	E	E	-	-	E	E	E	E	-	-	E	E
E	E	E	E	E	-	-	E	E	L	L	-	-	E	E	E	E	-	-	-	-	L	L	-	-	-	E	E
L	L	-	-	L	L	L	L	-	-	L	L	-	-	L	L	-	-	L	L	-	-	L	L	L	L	-	-
-	L	L	L	L	-	-	-	L	L	L	L	L	-	-	E	E	L	L	L	-	-	E	E	L	-	-	-
L	L	L	-	-	E	L	L	L	-	-	-	E	E	L	L	L	-	-	-	-	E	E	E	E	L	-	-
E	E	L	L	-	-	-	-	-	E	L	L	L	L	-	-	L	L	-	-	-	-	-	E	E	E	L	L
L	L	L	-	-	E	E	E	-	-	E	E	-	-	-	E	E	E	E	-	-	-	L	L	-	-	L	L
Objective 0: 3518
Objective 1: 31
Constr violation: 0
Restrictions violated:
0 0 0 0 0 0 0 0 

Individual 7
1	2	3	4	5	6	7	8	9	10	11	12	13	14	15	16	17	18	19	20	21	22	23	24	25	26	27	28
E	E	E	E	L	-	-	E	L	-	-	E	E	L	-	-	L	L	L	-	-	-	-	L	L	L	L	-
E	E	E	E	-	-	-	E	E	E	-	-	-	-	E	E	-	-	-	E	E	-	-	E	E	E	E	E
E	E	E	E	E	-	-	E	E	L	-	-	-	-	-	-	-	-	E	L	L	L	L	-	-	E	E	E
-	-	-	L	L	-	-	E	E	E	E	E	-	-	E	E	E	E	-	-	E	E	E	E	-	-	E	E
E	E	E	E	E	-	-	E	E	L	L	-	-	E	E	E	E	-	-	-	-	L	L	-	-	-	E	E
L	L	-	-	L	L	L	L	-	-	L	L	-	-	L	L	-	-	L	L	-	-	L	L	L	L	-	-
-	L	L	L	L	-	-	-	L	L	L	L	L	-	-	E	E	L	L	L	-	-	E	E	L	-	-	-
L	L	L	-	-	E	L	L	L	-	-	-	E	E	L	L	L	-	-	-	-	E	E	E	E	L	-	-
E	E	L	L	-	-	-	-	-	E	L	L	L	L	-	-	L	L	-	-	-	-	-	E	E	E	L	L
L	L	L	-	-	E	E	E	-	-	E	E	-	-	-	E	E	E	E	-	-	-	L	L	-	-	L	L
Objective 0: 3518
Objective 1: 31
Constr violation: 0
Restrictions violated:
0 0 0 0 0 0 0 0 

Individual 8
1	2	3	4	5	6	7	8	9	10	11	12	13	14	15	16	17	18	19	20	21	22	23	24	25	26	27	28
E	E	E	E	L	-	-	E	L	-	-	E	E	L	-	-	L	L	L	-	-	-	-	L	L	L	L	-
E	E	E	E	-	-	-	E	E	E	-	-	-	-	E	E	-	-	-	E	E	-	-	E	E	E	E	E
E	E	E	E	E	-	-	E	E	L	-	-	-	-	-	-	-	-	E	L	L	L	L	-	-	E	E	E
-	-	-	L	L	-	-	E	E	E	E	E	-	-	E	E	E	E	-	-	E	E	E	E	-	-	E	E
E	E	E	E	E	-	-	E	E	L	L	-	-	E	E	E	E	-	-	-	-	L	L	-	-	-	E	E
L	L	-	-	L	L	L	L	-	-	L	L	-	-	L	L	-	-	L	L	-	-	L	L	L	L	-	-
-	L	L	L	L	-	-	-	L	L	L	L	L	-	-	E	E	L	L	L	-	-	E	E	L	-	-	-
L	L	L	-	-	E	L	L	L	-	-	-	E	E	L	L	L	-	-	-	-	E	E	E	E	L	-	-
E	E	E	L	-	-	-	-	-	E	L	L	L	L	-	-	L	L	-	-	-	-	-	E	E	E	L	L
L	L	L	-	-	E	E	E	-	-	E	E	-	-	-	E	E	E	E	-	-	-	L	L	-	-	L	L
Objective 0: 3619
Objective 1: 29
Constr violation: 0
Restrictions violated:
0 0 0 0 0 0 0 0 

Individual 9
1	2	3	4	5	6	7	8	9	10	11	12	13	14	15	16	17	18	19	20	21	22	23	24	25	26	27	28
E	E	E	E	L	-	-	E	L	-	-	E	E	L	-	-	L	L	L	-	-	-	-	L	L	L	L	-
E	E	E	E	-	-	-	E	E	E	-	-	-	-	E	E	-	-	-	E	E	-	-	E	E	E	E	E
E	E	E	E	E	-	-	E	E	L	-	-	-	-	-	-	-	-	E	L	L	L	L	-	-	E	E	E
-	-	-	L	L	-	-	E	E	E	E	E	-	-	E	E	E	E	-	-	E	E	E	E	-	-	E	E
E	E	E	E	E	-	-	E	E	L	L	-	-	E	E	E	E	-	-	-	-	L	L	-	-	-	E	E
L	L	-	-	L	L	L	L	-	-	L	L	-	-	L	L	-	-	L	L	-	-	L	L	L	L	-	-
-	L	L	L	L	-	-	-	L	L	L	L	L	-	-	E	E	L	L	L	-	-	E	E	L	-	-	-
L	L	L	-	-	E	L	L	L	-	-	-	E	E	L	L	L	-	-	-	-	E	E	E	E	L	-	-
E	E	L	L	-	-	-	-	-	E	L	L	L	L	-	-	L	L	-	-	-	-	-	E	E	E	L	L
L	L	L	-	-	E	E	E	-	-	E	E	-	-	-	E	E	E	E	-	-	-	L	L	-	-	L	L
Objective 0: 3518
Objective 1: 31
Constr violation: 0
Restrictions violated:
0 0 0 0 0 0 0 0 

Individual 10
1	2	3	4	5	6	7	8	9	10	11	12	13	14	15	16	17	18	19	20	21	22	23	24	25	26	27	28
E	E	E	E	L	-	-	E	L	-	-	E	E	L	-	-	L	L	L	-	-	-	-	L	L	L	L	-
E	E	E	E	-	-	-	E	E	E	-	-	-	-	E	E	-	-	-	E	E	-	-	E	E	E	E	E
E	E	E	E	E	-	-	E	E	L	-	-	-	-	-	-	-	-	E	L	L	L	L	-	-	E	E	E
-	-	-	L	L	-	-	E	E	E	E	E	-	-	E	E	E	E	-	-	E	E	E	E	-	-	E	E
E	E	E	E	E	-	-	E	E	L	L	-	-	E	E	E	E	-	-	-	-	L	L	-	-	-	E	E
L	L	-	-	L	L	L	L	-	-	L	L	-	-	L	L	-	-	L	L	-	-	L	L	L	L	-	-
-	L	L	L	L	-	-	-	L	L	L	L	L	-	-	E	E	L	L	L	-	-	E	E	L	-	-	-
L	L	L	-	-	E	L	L	L	-	-	-	E	E	L	L	L	-	-	-	-	E	E	E	E	L	-	-
E	E	E	L	-	-	-	-	-	E	L	L	L	L	-	-	L	L	-	-	-	-	-	E	E	E	L	L
L	L	L	-	-	E	E	E	-	-	E	E	-	-	-	E	E	E	E	-	-	-	L	L	-	-	L	L
Objective 0: 3619
Objective 1: 29
Constr violation: 0
Restrictions violated:
0 0 0 0 0 0 0 0 

Individual 11
1	2	3	4	5	6	7	8	9	10	11	12	13	14	15	16	17	18	19	20	21	22	23	24	25	26	27	28
E	E	E	E	L	-	-	E	L	-	-	E	E	L	-	-	L	L	L	-	-	-	-	L	L	L	L	-
E	E	E	E	-	-	-	E	E	E	-	-	-	-	E	E	-	-	-	E	E	-	-	E	E	E	E	E
E	E	E	E	E	-	-	E	E	L	-	-	-	-	-	-	-	-	E	L	L	L	L	-	-	E	E	E
-	-	-	L	L	-	-	E	E	E	E	E	-	-	E	E	E	E	-	-	E	E	E	E	-	-	E	E
E	E	E	E	E	-	-	E	E	L	L	-	-	E	E	E	E	-	-	-	-	L	L	-	-	-	E	E
L	L	-	-	L	L	L	L	-	-	L	L	-	-	L	L	-	-	L	L	-	-	L	L	L	L	-	-
-	L	L	L	L	-	-	-	L	L	L	L	L	-	-	E	E	L	L	L	-	-	E	E	L	-	-	-
L	L	L	-	-	E	L	L	L	-	-	-	E	E	L	L	L	-	-	-	-	E	E	E	E	L	-	-
E	E	E	L	-	-	-	-	-	E	L	L	L	L	-	-	L	L	-	-	-	-	-	E	E	E	L	L
L	L	L	-	-	E	E	E	-	-	E	E	-	-	-	E	E	E	E	-	-	-	L	L	-	-	L	L
Objective 0: 3619
Objective 1: 29
Constr violation: 0
Restrictions violated:
0 0 0 0 0 0 0 0 

