Individual 0
1	2	3	4	5	6	7	8	9	10	11	12	13	14	15	16	17	18	19	20	21	22	23	24	25	26	27	28
L	L	L	-	-	-	-	L	L	L	L	L	-	-	-	-	E	E	L	L	L	-	-	L	L	L	L	L
E	E	E	E	-	-	E	E	E	E	E	-	-	-	E	E	-	-	-	-	-	-	-	E	E	E	E	E
E	E	E	-	-	E	E	E	E	-	-	-	-	-	-	L	L	L	L	-	-	-	-	E	E	E	E	E
-	-	-	L	L	-	-	E	E	E	E	E	-	-	-	-	E	E	E	E	E	-	-	E	E	E	E	-
-	-	E	E	E	E	E	-	-	-	-	E	E	E	E	E	-	-	-	-	-	L	L	-	-	-	-	-
L	L	L	-	-	L	L	L	-	-	-	-	L	L	L	L	L	-	-	-	-	L	L	L	L	L	-	-
E	E	L	-	-	-	L	L	L	L	L	-	-	-	-	E	L	L	L	L	-	-	E	L	L	-	-	-
-	L	L	L	L	-	-	E	L	-	-	-	E	E	E	E	E	-	-	E	E	E	E	E	-	-	-	-
E	E	E	L	-	-	L	L	-	-	L	L	L	L	L	-	-	-	-	-	-	E	E	E	E	L	-	-
-	E	E	E	E	-	-	-	E	E	L	L	-	-	-	E	E	E	E	L	-	-	-	-	-	E	E	E
Objective 0: 3410
Objective 1: 6
Constr violation: -1
Restrictions violated:
0 0 0 0 0 0 0 1 

Individual 1
1	2	3	4	5	6	7	8	9	10	11	12	13	14	15	16	17	18	19	20	21	22	23	24	25	26	27	28
L	L	L	-	-	-	-	L	L	L	L	L	-	-	-	-	E	E	L	L	L	-	-	L	L	L	L	L
E	E	E	E	-	-	E	E	E	E	E	-	-	-	E	E	-	-	-	-	-	-	-	E	E	E	E	E
E	E	E	-	-	E	E	E	E	-	-	-	-	-	-	L	L	L	L	-	-	-	-	E	E	E	E	E
-	-	-	L	L	-	-	-	E	E	E	E	-	-	-	-	E	E	E	E	E	-	-	E	E	E	E	E
-	-	-	-	E	E	L	-	-	-	-	E	E	E	E	E	-	-	-	-	-	L	L	-	-	-	-	-
L	L	L	-	-	L	L	L	-	-	-	-	L	L	L	L	L	-	-	-	-	L	L	L	L	L	-	-
L	L	L	L	L	-	-	-	L	L	L	L	L	-	-	E	L	L	L	L	-	-	E	L	L	-	-	-
-	L	L	L	L	-	-	E	L	-	-	-	E	E	E	E	E	-	-	E	E	E	E	E	-	-	-	-
E	E	E	L	-	-	L	L	-	-	-	-	L	L	L	L	L	-	-	-	-	E	E	E	E	L	-	-
-	E	E	E	E	-	-	-	E	E	L	L	-	-	-	E	E	E	E	L	-	-	-	-	-	E	E	E
Objective 0: 2804
Objective 1: 24
Constr violation: -1
Restrictions violated:
0 0 0 0 0 0 0 1 

Individual 2
1	2	3	4	5	6	7	8	9	10	11	12	13	14	15	16	17	18	19	20	21	22	23	24	25	26	27	28
L	L	L	-	-	-	-	L	L	L	L	L	-	-	-	-	E	E	L	L	L	-	-	L	L	L	L	L
E	E	E	E	-	-	E	E	E	E	E	-	-	-	E	E	-	-	-	-	-	-	-	E	E	E	E	E
E	E	E	-	-	E	E	E	E	-	-	-	-	-	-	L	L	L	L	-	-	-	-	E	E	E	E	E
-	-	-	L	L	-	-	E	E	E	E	E	-	-	-	-	E	E	E	E	E	-	-	E	E	E	E	-
-	-	E	E	E	E	E	-	-	-	-	E	E	E	E	E	-	-	-	-	-	L	L	-	-	-	-	-
L	L	L	-	-	L	L	L	-	-	-	-	L	L	L	L	L	-	-	-	-	L	L	L	L	L	-	-
L	L	L	L	L	-	-	-	L	L	L	L	L	-	-	E	L	L	L	L	-	-	E	L	L	-	-	-
-	L	L	L	L	-	-	E	L	-	-	-	E	E	E	E	E	-	-	E	E	E	E	E	-	-	-	-
E	E	E	L	-	-	L	L	-	-	L	L	L	L	L	-	-	-	-	-	-	E	E	E	E	L	-	-
-	E	E	E	E	-	-	-	E	E	L	L	-	-	-	E	E	E	E	L	-	-	-	-	-	E	E	E
Objective 0: 3210
Objective 1: 12
Constr violation: -1
Restrictions violated:
0 0 0 0 0 0 0 1 

Individual 3
1	2	3	4	5	6	7	8	9	10	11	12	13	14	15	16	17	18	19	20	21	22	23	24	25	26	27	28
L	L	L	-	-	-	-	L	L	L	L	L	-	-	-	-	E	E	L	L	L	-	-	L	L	L	L	L
E	E	E	E	-	-	E	E	E	E	E	-	-	-	E	E	-	-	-	-	-	-	-	E	E	E	E	E
E	E	E	-	-	E	E	E	E	-	-	-	-	-	-	L	L	L	L	-	-	-	-	E	E	E	E	E
-	-	-	L	L	-	-	E	E	E	E	E	-	-	-	-	E	E	E	E	E	-	-	E	E	E	E	-
-	-	E	E	E	E	E	-	-	-	-	E	E	E	E	E	-	-	-	-	-	L	L	-	-	-	-	-
L	L	L	-	-	L	L	L	-	-	-	-	L	L	L	L	L	-	-	-	-	L	L	L	L	L	-	-
L	L	L	L	L	-	-	-	L	L	L	L	L	-	-	E	L	L	L	L	-	-	E	L	L	-	-	-
-	L	L	L	L	-	-	E	L	-	-	-	E	E	E	E	E	-	-	E	E	E	E	E	-	-	-	-
E	E	E	L	-	-	L	L	-	-	-	-	L	L	L	L	L	-	-	-	-	E	E	E	E	L	-	-
-	E	E	E	E	-	-	-	E	E	L	L	-	-	-	E	E	E	E	L	-	-	-	-	-	E	E	E
Objective 0: 3008
Objective 1: 16
Constr violation: -1
Restrictions violated:
0 0 0 0 0 0 0 1 

Individual 4
1	2	3	4	5	6	7	8	9	10	11	12	13	14	15	16	17	18	19	20	21	22	23	24	25	26	27	28
L	L	L	-	-	-	-	L	L	L	L	L	-	-	-	-	E	E	L	L	L	-	-	L	L	L	L	L
E	E	E	E	-	-	E	E	E	E	E	-	-	-	E	E	-	-	-	-	-	-	-	E	E	E	E	E
E	E	E	-	-	E	E	E	E	-	-	-	-	-	-	L	L	L	L	-	-	-	-	E	E	E	E	E
-	-	-	L	L	-	-	E	E	E	E	E	-	-	-	-	E	E	E	E	E	-	-	E	E	E	E	-
-	-	-	-	E	E	L	-	-	-	-	E	E	E	E	E	-	-	-	-	-	L	L	-	-	-	-	-
L	L	L	-	-	L	L	L	-	-	-	-	L	L	L	L	L	-	-	-	-	L	L	L	L	L	-	-
L	L	L	L	L	-	-	-	L	L	L	L	L	-	-	E	L	L	L	L	-	-	E	L	L	-	-	-
-	L	L	L	L	-	-	E	L	-	-	-	E	E	E	E	E	-	-	E	E	E	E	E	-	-	-	-
E	E	E	L	-	-	L	L	-	-	L	L	L	L	L	-	-	-	-	-	-	E	E	E	E	L	-	-
-	E	E	E	E	-	-	-	E	E	L	L	-	-	-	E	E	E	E	L	-	-	-	-	-	E	E	E
Objective 0: 3107
Objective 1: 18
Constr violation: -1
Restrictions violated:
0 0 0 0 0 0 0 1 

Individual 5
1	2	3	4	5	6	7	8	9	10	11	12	13	14	15	16	17	18	19	20	21	22	23	24	25	26	27	28
L	L	L	-	-	-	-	L	L	L	L	L	-	-	-	-	E	E	L	L	L	-	-	L	L	L	L	L
E	E	E	E	-	-	E	E	E	E	E	-	-	-	E	E	-	-	-	-	-	-	-	E	E	E	E	E
E	E	E	-	-	E	E	E	E	-	-	-	-	-	-	L	L	L	L	-	-	-	-	E	E	E	E	E
-	-	-	L	L	-	-	-	E	E	E	E	-	-	-	-	E	E	E	E	E	-	-	E	E	E	E	E
-	-	E	E	E	E	E	-	-	-	-	E	E	E	E	E	-	-	-	-	-	L	L	-	-	-	-	-
L	L	L	-	-	L	L	L	-	-	-	-	L	L	L	L	L	-	-	-	-	L	L	L	L	L	-	-
L	L	L	L	L	-	-	-	L	L	L	L	L	-	-	E	L	L	L	L	-	-	E	L	L	-	-	-
-	L	L	L	L	-	-	E	L	-	-	-	E	E	E	E	E	-	-	E	E	E	E	E	-	-	-	-
E	E	E	L	-	-	L	L	-	-	L	L	L	L	L	-	-	-	-	-	-	E	E	E	E	L	-	-
-	E	E	E	E	-	-	-	E	E	L	L	-	-	-	E	E	E	E	L	-	-	-	-	-	E	E	E
Objective 0: 3109
Objective 1: 14
Constr violation: -1
Restrictions violated:
0 0 0 0 0 0 0 1 

Individual 6
1	2	3	4	5	6	7	8	9	10	11	12	13	14	15	16	17	18	19	20	21	22	23	24	25	26	27	28
L	L	L	-	-	-	-	L	L	L	L	L	-	-	-	-	E	E	L	L	L	-	-	L	L	L	L	L
E	E	E	E	-	-	E	E	E	E	E	-	-	-	E	E	-	-	-	-	-	-	-	E	E	E	E	E
E	E	E	-	-	E	E	E	E	-	-	-	-	-	-	L	L	L	L	-	-	-	-	E	E	E	E	E
-	-	-	L	L	-	-	-	E	E	E	E	-	-	-	-	E	E	E	E	E	-	-	E	E	E	E	E
-	-	-	-	E	E	L	-	-	-	-	E	E	E	E	E	-	-	-	-	-	L	L	-	-	-	-	-
L	L	L	-	-	L	L	L	-	-	-	-	L	L	L	L	L	-	-	-	-	L	L	L	L	L	-	-
L	L	L	L	L	-	-	-	L	L	L	L	L	-	-	E	L	L	L	L	-	-	E	L	L	-	-	-
-	L	L	L	L	-	-	E	L	-	-	-	E	E	E	E	E	-	-	E	E	E	E	E	-	-	-	-
E	E	E	L	-	-	L	L	-	-	-	-	L	L	L	L	L	-	-	-	-	E	E	E	E	L	-	-
-	E	E	E	E	-	-	-	E	E	L	L	-	-	-	E	E	E	E	L	-	-	-	-	-	E	E	E
Objective 0: 2804
Objective 1: 24
Constr violation: -1
Restrictions violated:
0 0 0 0 0 0 0 1 

Individual 7
1	2	3	4	5	6	7	8	9	10	11	12	13	14	15	16	17	18	19	20	21	22	23	24	25	26	27	28
L	L	L	-	-	-	-	L	L	L	L	L	-	-	-	-	E	E	L	L	L	-	-	L	L	L	L	L
E	E	E	E	-	-	E	E	E	E	E	-	-	-	E	E	-	-	-	-	-	-	-	E	E	E	E	E
E	E	E	-	-	E	E	E	E	-	-	-	-	-	-	L	L	L	L	-	-	-	-	E	E	E	E	E
-	-	-	L	L	-	-	-	E	E	E	E	-	-	-	-	E	E	E	E	E	-	-	E	E	E	E	E
-	-	E	E	E	E	E	-	-	-	-	E	E	E	E	E	-	-	-	-	-	L	L	-	-	-	-	-
L	L	L	-	-	L	L	L	-	-	-	-	L	L	L	L	L	-	-	-	-	L	L	L	L	L	-	-
E	E	L	-	-	-	L	L	L	L	L	-	-	-	-	E	L	L	L	L	-	-	E	L	L	-	-	-
-	L	L	L	L	-	-	E	L	-	-	-	E	E	E	E	E	-	-	E	E	E	E	E	-	-	-	-
E	E	E	L	-	-	L	L	-	-	L	L	L	L	L	-	-	-	-	-	-	E	E	E	E	L	-	-
-	E	E	E	E	-	-	-	E	E	L	L	-	-	-	E	E	E	E	L	-	-	-	-	-	E	E	E
Objective 0: 3309
Objective 1: 8
Constr violation: -1
Restrictions violated:
0 0 0 0 0 0 0 1 

Individual 8
1	2	3	4	5	6	7	8	9	10	11	12	13	14	15	16	17	18	19	20	21	22	23	24	25	26	27	28
L	L	L	-	-	-	-	L	L	L	L	L	-	-	-	-	E	E	L	L	L	-	-	L	L	L	L	L
E	E	E	E	-	-	E	E	E	E	E	-	-	-	E	E	-	-	-	-	-	-	-	E	E	E	E	E
E	E	E	-	-	E	E	E	E	-	-	-	-	-	-	L	L	L	L	-	-	-	-	E	E	E	E	E
-	-	-	L	L	-	-	E	E	E	E	E	-	-	-	-	E	E	E	E	E	-	-	E	E	E	E	-
-	-	-	-	E	E	L	-	-	-	-	E	E	E	E	E	-	-	-	-	-	L	L	-	-	-	-	-
L	L	L	-	-	L	L	L	-	-	-	-	L	L	L	L	L	-	-	-	-	L	L	L	L	L	-	-
L	L	L	L	L	-	-	-	L	L	L	L	L	-	-	E	L	L	L	L	-	-	E	L	L	-	-	-
-	L	L	L	L	-	-	E	L	-	-	-	E	E	E	E	E	-	-	E	E	E	E	E	-	-	-	-
E	E	E	L	-	-	L	L	-	-	-	-	L	L	L	L	L	-	-	-	-	E	E	E	E	L	-	-
-	E	E	E	E	-	-	-	E	E	L	L	-	-	-	E	E	E	E	L	-	-	-	-	-	E	E	E
Objective 0: 2905
Objective 1: 22
Constr violation: -1
Restrictions violated:
0 0 0 0 0 0 0 1 

Individual 9
1	2	3	4	5	6	7	8	9	10	11	12	13	14	15	16	17	18	19	20	21	22	23	24	25	26	27	28
L	L	L	-	-	-	-	L	L	L	L	L	-	-	-	-	E	E	L	L	L	-	-	L	L	L	L	L
E	E	E	E	-	-	E	E	E	E	E	-	-	-	E	E	-	-	-	-	-	-	-	E	E	E	E	E
E	E	E	-	-	E	E	E	E	-	-	-	-	-	-	L	L	L	L	-	-	-	-	E	E	E	E	E
-	-	-	L	L	-	-	-	E	E	E	E	-	-	-	-	E	E	E	E	E	-	-	E	E	E	E	E
-	-	-	-	E	E	L	-	-	-	-	E	E	E	E	E	-	-	-	-	-	L	L	-	-	-	-	-
L	L	L	-	-	L	L	L	-	-	-	-	L	L	L	L	L	-	-	-	-	L	L	L	L	L	-	-
L	L	L	L	L	-	-	-	L	L	L	L	L	-	-	E	L	L	L	L	-	-	E	L	L	-	-	-
-	L	L	L	L	-	-	E	L	-	-	-	E	E	E	E	E	-	-	E	E	E	E	E	-	-	-	-
E	E	E	L	-	-	L	L	-	-	L	L	L	L	L	-	-	-	-	-	-	E	E	E	E	L	-	-
-	E	E	E	E	-	-	-	E	E	L	L	-	-	-	E	E	E	E	L	-	-	-	-	-	E	E	E
Objective 0: 3006
Objective 1: 20
Constr violation: -1
Restrictions violated:
0 0 0 0 0 0 0 1 

Individual 10
1	2	3	4	5	6	7	8	9	10	11	12	13	14	15	16	17	18	19	20	21	22	23	24	25	26	27	28
L	L	L	-	-	-	-	L	L	L	L	L	-	-	-	-	E	E	L	L	L	-	-	L	L	L	L	L
E	E	E	E	-	-	E	E	E	E	E	-	-	-	E	E	-	-	-	-	-	-	-	E	E	E	E	E
E	E	E	-	-	E	E	E	E	-	-	-	-	-	-	L	L	L	L	-	-	-	-	E	E	E	E	E
-	-	-	L	L	-	-	-	E	E	E	E	-	-	-	-	E	E	E	E	E	-	-	E	E	E	E	E
-	-	-	-	E	E	L	-	-	-	-	E	E	E	E	E	-	-	-	-	-	L	L	-	-	-	-	-
L	L	L	-	-	L	L	L	-	-	-	-	L	L	L	L	L	-	-	-	-	L	L	L	L	L	-	-
E	E	L	-	-	-	L	L	L	L	L	-	-	-	-	E	L	L	L	L	-	-	E	L	L	-	-	-
-	L	L	L	L	-	-	E	L	-	-	-	E	E	E	E	E	-	-	E	E	E	E	E	-	-	-	-
E	E	E	L	-	-	L	L	-	-	L	L	L	L	L	-	-	-	-	-	-	E	E	E	E	L	-	-
-	E	E	E	E	-	-	-	E	E	L	L	-	-	-	E	E	E	E	L	-	-	-	-	-	E	E	E
Objective 0: 3307
Objective 1: 14
Constr violation: -1
Restrictions violated:
0 0 0 0 0 0 0 1 

Individual 11
1	2	3	4	5	6	7	8	9	10	11	12	13	14	15	16	17	18	19	20	21	22	23	24	25	26	27	28
L	L	L	-	-	-	-	L	L	L	L	L	-	-	-	-	E	E	L	L	L	-	-	L	L	L	L	L
E	E	E	E	-	-	E	E	E	E	E	-	-	-	E	E	-	-	-	-	-	-	-	E	E	E	E	E
E	E	E	-	-	E	E	E	E	-	-	-	-	-	-	L	L	L	L	-	-	-	-	E	E	E	E	E
-	-	-	L	L	-	-	E	E	E	E	E	-	-	-	-	E	E	E	E	E	-	-	E	E	E	E	-
-	-	E	E	E	E	E	-	-	-	-	E	E	E	E	E	-	-	-	-	-	L	L	-	-	-	-	-
L	L	L	-	-	L	L	L	-	-	-	-	L	L	L	L	L	-	-	-	-	L	L	L	L	L	-	-
E	E	L	-	-	-	L	L	L	L	L	-	-	-	-	E	L	L	L	L	-	-	E	L	L	-	-	-
-	L	L	L	L	-	-	E	L	-	-	-	E	E	E	E	E	-	-	E	E	E	E	E	-	-	-	-
E	E	E	L	-	-	L	L	-	-	-	-	L	L	L	L	L	-	-	-	-	E	E	E	E	L	-	-
-	E	E	E	E	-	-	-	E	E	L	L	-	-	-	E	E	E	E	L	-	-	-	-	-	E	E	E
Objective 0: 3309
Objective 1: 10
Constr violation: -1
Restrictions violated:
0 0 0 0 0 0 0 1 

