Individual 0
1	2	3	4	5	6	7	8	9	10	11	12	13	14	15	16	17	18	19	20	21	22	23	24	25	26	27	28
E	E	E	E	-	-	-	E	E	E	E	E	-	-	E	E	E	-	-	-	L	L	-	-	E	E	L	L
E	E	E	E	-	-	-	E	E	-	-	-	E	E	E	-	-	E	E	-	-	E	E	E	E	-	-	E
E	L	L	L	-	-	-	-	E	E	E	L	-	-	-	-	E	E	E	E	-	-	E	E	-	-	E	E
L	-	-	E	E	E	E	E	-	-	L	L	-	-	E	E	E	E	-	-	L	L	-	-	E	E	-	-
E	E	E	E	E	-	-	E	E	E	L	L	-	-	-	-	-	-	E	E	E	E	-	-	-	-	L	L
-	-	L	L	L	L	L	-	-	L	L	L	L	-	-	-	-	-	L	L	-	-	L	L	L	L	L	-
E	L	L	-	-	L	L	L	L	-	-	-	-	E	L	L	L	L	-	-	-	E	E	E	E	-	-	-
L	L	-	-	E	E	E	E	E	-	-	-	E	L	L	-	-	L	L	-	-	E	E	L	L	L	-	-
-	-	E	L	L	-	-	E	L	L	L	-	-	-	L	L	L	L	-	-	-	L	L	-	-	L	L	L
L	-	-	L	L	L	L	-	-	E	E	E	-	-	-	E	E	L	L	-	-	-	E	E	-	-	L	L
Objective 0: 4324
Objective 1: 93
Constr violation: -1
Restrictions violated:
0 0 0 0 0 0 1 0 

Individual 1
1	2	3	4	5	6	7	8	9	10	11	12	13	14	15	16	17	18	19	20	21	22	23	24	25	26	27	28
E	E	E	E	-	-	-	E	E	E	E	E	-	-	E	E	E	-	-	-	L	L	L	-	-	-	-	E
E	E	E	E	E	-	-	E	E	E	-	-	-	-	E	E	-	-	E	E	-	-	E	E	E	-	-	E
E	E	E	E	E	-	-	E	E	E	E	L	-	-	-	-	E	E	E	E	-	-	E	E	-	-	E	E
L	-	-	E	E	E	-	-	E	E	L	L	-	-	E	E	E	E	L	-	-	E	E	E	E	E	-	-
E	E	E	E	E	-	-	E	E	E	L	L	-	-	-	-	-	-	E	E	E	E	-	-	-	-	L	L
-	-	L	L	L	L	L	-	-	L	L	L	L	-	-	-	-	-	L	L	-	-	L	L	L	L	L	-
E	L	L	-	-	L	L	L	L	-	-	-	-	E	L	L	L	L	-	-	-	E	E	E	E	-	-	-
L	L	-	-	E	E	E	E	E	-	-	-	E	L	L	-	-	L	L	-	-	E	E	L	L	L	-	-
-	-	E	L	L	L	L	-	-	L	L	L	-	-	L	L	L	L	-	-	-	L	L	-	-	L	L	L
L	-	-	L	L	L	L	-	-	E	E	E	-	-	-	E	E	L	L	-	-	-	E	E	-	-	L	L
Objective 0: 5034
Objective 1: 72
Constr violation: -1
Restrictions violated:
0 0 0 0 0 0 1 0 

Individual 2
1	2	3	4	5	6	7	8	9	10	11	12	13	14	15	16	17	18	19	20	21	22	23	24	25	26	27	28
E	E	E	E	-	-	-	E	E	E	E	E	-	-	E	E	E	-	-	-	L	L	-	-	E	E	L	L
E	E	E	E	E	-	-	E	E	E	-	-	E	E	E	-	-	E	E	-	-	E	E	E	E	-	-	E
E	L	L	L	-	-	-	E	E	E	E	L	-	-	-	-	E	E	E	E	L	-	-	E	E	-	-	E
L	-	-	E	E	E	E	E	-	-	L	L	-	-	E	E	E	E	L	-	-	E	E	E	-	-	E	E
E	E	E	E	E	-	-	E	E	E	L	L	-	-	-	-	-	-	E	E	E	E	-	-	-	-	L	L
-	-	L	L	L	L	L	-	-	L	L	L	L	-	-	-	-	-	L	L	-	-	L	L	L	L	L	-
E	L	L	L	L	-	-	E	E	E	-	-	-	E	L	L	L	L	-	-	E	E	E	E	E	-	-	-
L	L	-	-	E	E	E	E	E	-	-	-	E	L	L	-	-	L	L	-	-	E	E	L	L	L	-	-
-	-	E	L	L	L	L	-	-	L	L	L	-	-	L	L	L	L	-	-	-	L	L	-	-	L	L	L
L	-	-	L	L	L	L	-	-	E	E	E	-	-	-	E	E	L	L	-	-	-	E	E	-	-	L	L
Objective 0: 4534
Objective 1: 94
Constr violation: -1
Restrictions violated:
0 0 0 0 0 0 1 0 

Individual 3
1	2	3	4	5	6	7	8	9	10	11	12	13	14	15	16	17	18	19	20	21	22	23	24	25	26	27	28
E	E	E	E	-	-	-	E	E	E	E	E	-	-	E	E	E	-	-	-	L	L	-	-	E	E	L	L
E	E	E	E	E	-	-	E	E	E	-	-	E	E	E	-	-	E	E	-	-	E	E	E	E	-	-	E
E	L	L	L	-	-	-	E	E	E	E	L	-	-	-	-	E	E	E	E	L	-	-	E	E	-	-	E
L	-	-	E	E	E	E	E	-	-	L	L	-	-	E	E	E	E	L	-	-	E	E	E	-	-	E	E
E	E	E	E	E	-	-	E	E	E	L	L	-	-	-	-	-	-	E	E	E	E	-	-	-	-	L	L
-	-	L	L	L	L	L	-	-	L	L	L	L	-	-	-	-	-	L	L	-	-	L	L	L	L	L	-
E	L	L	L	L	-	-	L	L	-	-	-	-	E	L	L	L	L	-	-	E	E	E	E	E	-	-	-
L	L	-	-	E	E	E	E	E	-	-	-	E	L	L	-	-	L	L	-	-	E	E	L	L	L	-	-
-	-	E	L	L	L	L	-	-	L	L	L	-	-	L	L	L	L	-	-	-	L	L	-	-	L	L	L
L	-	-	L	L	L	L	-	-	E	E	E	-	-	-	E	E	L	L	-	-	-	E	E	-	-	L	L
Objective 0: 4331
Objective 1: 88
Constr violation: -1
Restrictions violated:
0 0 0 0 0 0 1 0 

Individual 4
1	2	3	4	5	6	7	8	9	10	11	12	13	14	15	16	17	18	19	20	21	22	23	24	25	26	27	28
E	E	E	E	-	-	-	E	E	E	E	E	-	-	E	E	E	-	-	-	L	L	L	-	-	-	-	E
E	E	E	E	-	-	-	E	E	-	-	-	E	E	E	-	-	E	E	-	-	E	E	E	E	-	-	E
E	L	L	L	-	-	-	-	E	E	E	L	-	-	-	-	E	E	E	E	-	-	E	E	-	-	E	E
L	-	-	E	E	E	E	E	-	-	L	L	-	-	E	E	E	E	-	-	L	L	-	-	E	E	-	-
E	E	E	E	E	-	-	E	E	E	L	L	-	-	-	-	-	-	E	E	E	E	-	-	-	-	L	L
-	-	L	L	L	L	L	-	-	L	L	L	L	-	-	-	-	-	L	L	-	-	L	L	L	L	L	-
E	L	L	-	-	L	L	L	L	-	-	-	-	E	L	L	L	L	-	-	-	E	E	E	E	-	-	-
L	L	-	-	E	E	E	E	E	-	-	-	E	L	L	-	-	L	L	-	-	E	E	L	L	L	-	-
-	-	E	L	L	-	-	E	L	L	L	-	-	-	L	L	L	L	-	-	-	L	L	-	-	L	L	L
L	-	-	L	L	L	L	-	-	E	E	E	-	-	-	E	E	L	L	-	-	-	E	E	-	-	L	L
Objective 0: 4423
Objective 1: 93
Constr violation: -1
Restrictions violated:
0 0 0 0 0 0 1 0 

Individual 5
1	2	3	4	5	6	7	8	9	10	11	12	13	14	15	16	17	18	19	20	21	22	23	24	25	26	27	28
E	E	E	E	-	-	-	E	E	E	E	E	-	-	E	E	E	-	-	-	L	L	-	-	E	E	L	L
E	E	E	E	E	-	-	E	E	E	-	-	E	E	E	-	-	E	E	-	-	E	E	E	E	-	-	E
E	E	E	E	E	-	-	E	E	E	E	L	-	-	-	-	E	E	E	E	-	-	E	E	-	-	E	E
L	-	-	E	E	E	-	-	E	E	L	L	-	-	E	E	E	E	L	-	-	E	E	E	-	-	E	E
E	E	E	E	E	-	-	E	E	E	L	L	-	-	-	-	-	-	E	E	E	E	-	-	-	-	L	L
-	-	L	L	L	L	L	-	-	L	L	L	L	-	-	-	-	-	L	L	-	-	L	L	L	L	L	-
E	L	L	L	L	-	-	E	E	E	-	-	-	E	L	L	L	L	-	-	E	E	E	E	E	-	-	-
L	L	-	-	E	E	E	E	E	-	-	-	E	L	L	-	-	L	L	-	-	E	E	L	L	L	-	-
-	-	E	L	L	L	L	-	-	L	L	L	-	-	L	L	L	L	-	-	-	L	L	-	-	L	L	L
L	-	-	L	L	L	L	-	-	E	E	E	-	-	-	E	E	L	L	-	-	-	E	E	-	-	L	L
Objective 0: 4939
Objective 1: 84
Constr violation: -1
Restrictions violated:
0 0 0 0 0 0 1 0 

Individual 6
1	2	3	4	5	6	7	8	9	10	11	12	13	14	15	16	17	18	19	20	21	22	23	24	25	26	27	28
E	E	E	E	-	-	-	E	E	E	E	E	-	-	E	E	E	-	-	-	L	L	L	-	-	-	-	E
E	E	E	E	-	-	-	E	E	-	-	-	E	E	E	-	-	E	E	-	-	E	E	E	E	-	-	E
E	E	E	E	-	-	-	E	E	E	E	L	-	-	-	-	E	E	E	E	-	-	E	E	-	-	-	E
L	-	-	E	E	E	E	E	-	-	L	L	-	-	E	E	E	E	-	-	L	L	-	-	E	E	-	-
E	E	E	E	E	-	-	E	E	E	L	L	-	-	-	-	-	-	E	E	E	E	-	-	-	-	L	L
-	-	L	L	L	L	L	-	-	L	L	L	L	-	-	-	-	-	L	L	-	-	L	L	L	L	L	-
E	L	L	L	L	-	-	E	E	-	-	-	-	E	L	L	L	L	-	-	-	E	E	E	E	-	-	-
L	L	-	-	E	E	E	E	E	-	-	-	E	L	L	-	-	L	L	-	-	E	E	L	L	L	-	-
-	-	E	L	L	-	-	E	L	L	L	-	-	-	L	L	L	L	-	-	-	L	L	-	-	L	L	L
L	-	-	L	L	L	L	-	-	E	E	E	-	-	-	E	E	L	L	-	-	-	E	E	-	-	L	L
Objective 0: 5130
Objective 1: 95
Constr violation: -1
Restrictions violated:
0 0 0 0 0 0 1 0 

Individual 7
1	2	3	4	5	6	7	8	9	10	11	12	13	14	15	16	17	18	19	20	21	22	23	24	25	26	27	28
E	E	E	E	-	-	-	E	E	E	E	E	-	-	E	E	E	-	-	-	L	L	L	-	-	-	-	E
E	E	E	E	-	-	-	E	E	-	-	-	E	E	E	-	-	E	E	-	-	E	E	E	E	-	-	E
E	L	L	L	-	-	-	E	E	E	E	L	-	-	-	-	E	E	E	E	-	-	E	E	-	-	-	E
L	-	-	E	E	E	E	E	-	-	L	L	-	-	E	E	E	E	L	-	-	E	E	E	-	-	-	-
E	E	E	E	E	-	-	E	E	E	L	L	-	-	-	-	-	-	E	E	E	E	-	-	-	-	L	L
-	-	L	L	L	L	L	-	-	L	L	L	L	-	-	-	-	-	L	L	-	-	L	L	L	L	L	-
E	L	L	-	-	L	L	L	L	-	-	-	-	E	L	L	L	L	-	-	-	E	E	E	E	-	-	-
L	L	-	-	E	E	E	E	E	-	-	-	E	L	L	-	-	L	L	-	-	E	E	L	L	L	-	-
-	-	E	L	L	-	-	E	L	L	L	-	-	-	L	L	L	L	-	-	-	L	L	-	-	L	L	L
L	-	-	L	L	L	L	-	-	E	E	E	-	-	-	E	E	L	L	-	-	-	E	E	-	-	L	L
Objective 0: 4827
Objective 1: 89
Constr violation: -1
Restrictions violated:
0 0 0 0 0 0 1 0 

Individual 8
1	2	3	4	5	6	7	8	9	10	11	12	13	14	15	16	17	18	19	20	21	22	23	24	25	26	27	28
E	E	E	E	-	-	-	E	E	E	E	E	-	-	E	E	E	-	-	-	L	L	L	-	-	-	-	E
E	E	E	E	-	-	-	E	E	-	-	-	E	E	E	-	-	E	E	-	-	E	E	E	E	-	-	E
E	L	L	L	-	-	-	E	E	E	E	L	-	-	-	-	E	E	E	E	-	-	E	E	-	-	-	E
L	-	-	E	E	E	E	E	-	-	L	L	-	-	E	E	E	E	L	-	-	E	E	E	-	-	-	-
E	E	E	E	E	-	-	E	E	E	L	L	-	-	-	-	-	-	E	E	E	E	-	-	-	-	L	L
-	-	L	L	L	L	L	-	-	L	L	L	L	-	-	-	-	-	L	L	-	-	L	L	L	L	L	-
E	L	L	L	L	-	-	E	E	-	-	-	-	E	L	L	L	L	-	-	-	E	E	E	E	-	-	-
L	L	-	-	E	E	E	E	E	-	-	-	E	L	L	-	-	L	L	-	-	E	E	L	L	L	-	-
-	-	E	L	L	-	-	E	L	L	L	-	-	-	L	L	L	L	-	-	-	L	L	-	-	L	L	L
L	-	-	L	L	L	L	-	-	E	E	E	-	-	-	E	E	L	L	-	-	-	E	E	-	-	L	L
Objective 0: 5231
Objective 1: 98
Constr violation: -1
Restrictions violated:
0 0 0 0 0 0 1 0 

Individual 9
1	2	3	4	5	6	7	8	9	10	11	12	13	14	15	16	17	18	19	20	21	22	23	24	25	26	27	28
E	E	E	E	-	-	-	E	E	E	E	E	-	-	E	E	E	-	-	-	L	L	L	-	-	-	-	E
E	E	E	E	E	-	-	E	E	E	-	-	-	-	E	E	-	-	E	E	-	-	E	E	E	-	-	E
E	E	E	E	-	-	-	E	E	E	E	L	-	-	-	-	E	E	E	E	-	-	E	E	-	-	-	E
L	-	-	E	E	E	-	-	E	E	L	L	-	-	E	E	E	E	L	-	-	E	E	E	-	-	-	-
E	E	E	E	E	-	-	E	E	E	L	L	-	-	-	-	-	-	E	E	E	E	-	-	-	-	L	L
-	-	L	L	L	L	L	-	-	L	L	L	L	-	-	-	-	-	L	L	-	-	L	L	L	L	L	-
E	L	L	L	L	-	-	E	E	-	-	-	-	E	L	L	L	L	-	-	-	E	E	E	E	-	-	-
L	L	-	-	E	E	E	E	E	-	-	-	E	L	L	-	-	L	L	-	-	E	E	L	L	L	-	-
-	-	E	L	L	-	-	E	L	L	L	-	-	-	L	L	L	L	-	-	-	L	L	-	-	L	L	L
L	-	-	L	L	L	L	-	-	E	E	E	-	-	-	E	E	L	L	-	-	-	E	E	-	-	L	L
Objective 0: 5635
Objective 1: 85
Constr violation: -1
Restrictions violated:
0 0 0 0 0 0 1 0 

Individual 10
1	2	3	4	5	6	7	8	9	10	11	12	13	14	15	16	17	18	19	20	21	22	23	24	25	26	27	28
E	E	E	E	-	-	-	E	E	E	E	E	-	-	E	E	E	-	-	-	L	L	-	-	E	E	L	L
E	E	E	E	E	-	-	E	E	E	-	-	E	E	E	-	-	E	E	-	-	E	E	E	E	-	-	E
E	E	E	E	E	-	-	E	E	E	E	L	-	-	-	-	E	E	E	E	L	-	-	E	E	-	-	E
L	-	-	E	E	E	E	E	-	-	L	L	-	-	E	E	E	E	L	-	-	E	E	E	-	-	E	E
E	E	E	E	E	-	-	E	E	E	L	L	-	-	-	-	-	-	E	E	E	E	-	-	-	-	L	L
-	-	L	L	L	L	L	-	-	L	L	L	L	-	-	-	-	-	L	L	-	-	L	L	L	L	L	-
E	L	L	L	L	-	-	E	E	E	-	-	-	E	L	L	L	L	-	-	E	E	E	E	E	-	-	-
L	L	-	-	E	E	E	E	E	-	-	-	E	L	L	-	-	L	L	-	-	E	E	L	L	L	-	-
-	-	E	L	L	L	L	-	-	L	L	L	-	-	L	L	L	L	-	-	-	L	L	-	-	L	L	L
L	-	-	L	L	L	L	-	-	E	E	E	-	-	-	E	E	L	L	-	-	-	E	E	-	-	L	L
Objective 0: 4737
Objective 1: 88
Constr violation: -1
Restrictions violated:
0 0 0 0 0 0 1 0 

Individual 11
1	2	3	4	5	6	7	8	9	10	11	12	13	14	15	16	17	18	19	20	21	22	23	24	25	26	27	28
E	E	E	E	-	-	-	E	E	E	E	E	-	-	E	E	E	-	-	-	L	L	-	-	E	E	L	L
E	E	E	E	E	-	-	E	E	E	-	-	E	E	E	-	-	E	E	-	-	E	E	E	E	-	-	E
E	L	L	L	-	-	-	E	E	E	E	L	-	-	-	-	E	E	E	E	L	-	-	E	E	-	-	E
L	-	-	E	E	E	E	E	-	-	L	L	-	-	E	E	E	E	L	-	-	E	E	E	-	-	E	E
E	E	E	E	E	-	-	E	E	E	L	L	-	-	-	-	-	-	E	E	E	E	-	-	-	-	L	L
-	-	L	L	L	L	L	-	-	L	L	L	L	-	-	-	-	-	L	L	-	-	L	L	L	L	L	-
E	L	L	L	L	-	-	E	E	E	-	-	-	E	L	L	L	L	-	-	E	E	E	E	E	-	-	-
L	L	-	-	E	E	E	E	E	-	-	-	E	L	L	-	-	L	L	-	-	E	E	L	L	L	-	-
-	-	E	L	L	-	-	E	L	L	L	L	-	-	L	L	L	L	-	-	-	L	L	-	-	L	L	L
L	-	-	L	L	L	L	-	-	E	E	E	-	-	-	E	E	L	L	-	-	-	E	E	-	-	L	L
Objective 0: 4635
Objective 1: 94
Constr violation: -1
Restrictions violated:
0 0 0 0 0 0 1 0 

Individual 12
1	2	3	4	5	6	7	8	9	10	11	12	13	14	15	16	17	18	19	20	21	22	23	24	25	26	27	28
E	E	E	E	-	-	-	E	E	E	E	E	-	-	E	E	E	-	-	-	L	L	L	-	-	-	-	L
E	E	E	E	-	-	-	E	E	-	-	-	E	E	E	-	-	E	E	-	-	E	E	E	E	-	-	E
E	L	L	L	-	-	-	-	E	E	E	L	-	-	-	-	E	E	E	E	-	-	E	E	-	-	E	E
L	-	-	E	E	E	E	E	-	-	L	L	-	-	E	E	E	E	-	-	L	L	-	-	E	E	-	-
E	E	E	E	E	-	-	E	E	E	L	L	-	-	-	-	-	-	E	E	E	E	-	-	-	-	L	L
-	-	L	L	L	L	L	-	-	L	L	L	L	-	-	-	-	-	L	L	-	-	L	L	L	L	L	-
E	L	L	-	-	L	L	L	L	-	-	-	-	E	L	L	L	L	-	-	-	E	E	E	E	-	-	-
L	L	-	-	E	E	E	E	E	-	-	-	E	L	L	-	-	L	L	-	-	E	E	L	L	L	-	-
-	-	E	L	L	-	-	E	L	L	L	-	-	-	L	L	L	L	-	-	-	L	L	-	-	L	L	L
L	-	-	L	L	L	L	-	-	E	E	E	-	-	-	E	E	L	L	-	-	-	E	E	-	-	L	L
Objective 0: 4524
Objective 1: 93
Constr violation: -1
Restrictions violated:
0 0 0 0 0 0 1 0 

Individual 13
1	2	3	4	5	6	7	8	9	10	11	12	13	14	15	16	17	18	19	20	21	22	23	24	25	26	27	28
E	E	E	E	-	-	-	E	E	E	E	E	-	-	E	E	E	E	L	-	-	L	L	-	-	-	L	L
E	E	E	E	E	-	-	E	E	E	-	-	E	E	E	-	-	E	E	-	-	E	E	E	E	-	-	E
E	E	E	E	E	-	-	E	E	E	E	L	-	-	-	-	E	E	E	E	-	-	E	E	-	-	-	E
L	-	-	E	E	E	-	-	E	E	L	L	-	-	E	E	E	E	L	-	-	E	E	E	E	E	-	-
E	E	E	E	E	-	-	E	E	E	L	L	-	-	-	-	-	-	E	E	E	E	-	-	-	-	L	L
-	-	L	L	L	L	L	-	-	L	L	L	L	-	-	-	-	-	L	L	-	-	L	L	L	L	L	-
E	L	L	L	L	-	-	E	E	E	-	-	-	E	L	L	L	L	-	-	-	E	E	E	E	-	-	-
L	L	-	-	E	E	E	E	E	-	-	-	E	L	L	-	-	L	L	-	-	E	E	L	L	L	-	-
-	-	E	L	L	-	-	E	L	L	L	L	-	-	L	L	L	L	-	-	-	L	L	-	-	L	L	L
L	-	-	L	L	L	L	-	-	E	E	E	-	-	-	E	E	L	L	-	-	-	E	E	-	-	L	L
Objective 0: 5543
Objective 1: 86
Constr violation: -1
Restrictions violated:
0 0 0 0 0 0 1 0 

Individual 14
1	2	3	4	5	6	7	8	9	10	11	12	13	14	15	16	17	18	19	20	21	22	23	24	25	26	27	28
E	E	E	E	-	-	-	E	E	E	E	E	-	-	E	E	E	E	L	-	-	L	L	-	-	-	L	L
E	E	E	E	E	-	-	E	E	E	-	-	E	E	E	-	-	E	E	-	-	E	E	E	E	-	-	E
E	E	E	E	E	-	-	E	E	E	E	L	-	-	-	-	E	E	E	E	-	-	E	E	-	-	E	E
L	-	-	E	E	E	-	-	E	E	L	L	-	-	E	E	E	E	L	-	-	E	E	E	E	E	-	-
E	E	E	E	E	-	-	E	E	E	L	L	-	-	-	-	-	-	E	E	E	E	-	-	-	-	L	L
-	-	L	L	L	L	L	-	-	L	L	L	L	-	-	-	-	-	L	L	-	-	L	L	L	L	L	-
E	L	L	L	L	-	-	E	E	E	-	-	-	E	L	L	L	L	-	-	-	E	E	E	E	-	-	-
L	L	-	-	E	E	E	E	E	-	-	-	E	L	L	-	-	L	L	-	-	E	E	L	L	L	-	-
-	-	E	L	L	-	-	E	L	L	L	L	-	-	L	L	L	L	-	-	-	L	L	-	-	L	L	L
L	-	-	L	L	L	L	-	-	E	E	E	-	-	-	E	E	L	L	-	-	-	E	E	-	-	L	L
Objective 0: 5443
Objective 1: 84
Constr violation: -1
Restrictions violated:
0 0 0 0 0 0 1 0 

Individual 15
1	2	3	4	5	6	7	8	9	10	11	12	13	14	15	16	17	18	19	20	21	22	23	24	25	26	27	28
E	E	E	E	-	-	-	E	E	E	E	E	-	-	E	E	E	-	-	-	L	L	-	-	E	E	L	L
E	E	E	E	E	-	-	E	E	E	-	-	E	E	E	-	-	E	E	-	-	E	E	E	E	-	-	E
E	L	L	L	-	-	-	E	E	E	E	L	-	-	-	-	E	E	E	E	L	-	-	E	E	-	-	E
L	-	-	E	E	E	E	E	-	-	L	L	-	-	E	E	E	E	L	-	-	E	E	E	-	-	E	E
E	E	E	E	E	-	-	E	E	E	L	L	-	-	-	-	-	-	E	E	E	E	-	-	-	-	L	L
-	-	L	L	L	L	L	-	-	L	L	L	L	-	-	-	-	-	L	L	-	-	L	L	L	L	L	-
E	L	L	L	L	-	-	L	L	-	-	-	-	E	L	L	L	L	-	-	E	E	E	E	E	-	-	-
L	L	-	-	E	E	E	E	E	-	-	-	E	L	L	-	-	L	L	-	-	E	E	L	L	L	-	-
-	-	E	L	L	-	-	E	L	L	L	L	-	-	L	L	L	L	-	-	-	L	L	-	-	L	L	L
L	-	-	L	L	L	L	-	-	E	E	E	-	-	-	E	E	L	L	-	-	-	E	E	-	-	L	L
Objective 0: 4432
Objective 1: 88
Constr violation: -1
Restrictions violated:
0 0 0 0 0 0 1 0 

Individual 16
1	2	3	4	5	6	7	8	9	10	11	12	13	14	15	16	17	18	19	20	21	22	23	24	25	26	27	28
E	E	E	E	-	-	-	E	E	E	E	E	-	-	E	E	E	-	-	-	L	L	L	-	-	-	-	E
E	E	E	E	E	-	-	E	E	E	-	-	-	-	E	E	-	-	E	E	-	-	E	E	E	-	-	E
E	E	E	E	-	-	-	E	E	E	E	L	-	-	-	-	E	E	E	E	-	-	E	E	-	-	-	E
L	-	-	E	E	E	E	E	-	-	L	L	-	-	E	E	E	E	L	-	-	E	E	E	-	-	-	-
E	E	E	E	E	-	-	E	E	E	L	L	-	-	-	-	-	-	E	E	E	E	-	-	-	-	L	L
-	-	L	L	L	L	L	-	-	L	L	L	L	-	-	-	-	-	L	L	-	-	L	L	L	L	L	-
E	L	L	L	L	-	-	E	E	-	-	-	-	E	L	L	L	L	-	-	-	E	E	E	E	-	-	-
L	L	-	-	E	E	E	E	E	-	-	-	E	L	L	-	-	L	L	-	-	E	E	L	L	L	-	-
-	-	E	L	L	-	-	E	L	L	L	-	-	-	L	L	L	L	-	-	-	L	L	-	-	L	L	L
L	-	-	L	L	L	L	-	-	E	E	E	-	-	-	E	E	L	L	-	-	-	E	E	-	-	L	L
Objective 0: 5534
Objective 1: 87
Constr violation: -1
Restrictions violated:
0 0 0 0 0 0 1 0 

Individual 17
1	2	3	4	5	6	7	8	9	10	11	12	13	14	15	16	17	18	19	20	21	22	23	24	25	26	27	28
E	E	E	E	-	-	-	E	E	E	E	E	-	-	E	E	E	-	-	-	L	L	L	-	-	-	-	E
E	E	E	E	-	-	-	E	E	-	-	-	E	E	E	-	-	E	E	-	-	E	E	E	E	-	-	E
E	L	L	L	-	-	-	-	E	E	E	L	-	-	-	-	E	E	E	E	-	-	E	E	-	-	E	E
L	-	-	E	E	E	E	E	-	-	L	L	-	-	E	E	E	E	-	-	L	L	-	-	E	E	-	-
E	E	E	E	E	-	-	E	E	E	L	L	-	-	-	-	-	-	E	E	E	E	-	-	-	-	L	L
-	-	L	L	L	L	L	-	-	L	L	L	L	-	-	-	-	-	L	L	-	-	L	L	L	L	L	-
E	L	L	L	L	-	-	L	L	-	-	-	-	E	L	L	L	L	-	-	-	E	E	E	E	-	-	-
L	L	-	-	E	E	E	E	E	-	-	-	E	L	L	-	-	L	L	-	-	E	E	L	L	L	-	-
-	-	E	L	L	-	-	E	L	L	L	-	-	-	L	L	L	L	-	-	-	L	L	-	-	L	L	L
L	-	-	L	L	L	L	-	-	E	E	E	-	-	-	E	E	L	L	-	-	-	E	E	-	-	L	L
Objective 0: 4625
Objective 1: 96
Constr violation: -1
Restrictions violated:
0 0 0 0 0 0 1 0 

Individual 18
1	2	3	4	5	6	7	8	9	10	11	12	13	14	15	16	17	18	19	20	21	22	23	24	25	26	27	28
E	E	E	E	-	-	-	E	E	E	E	E	-	-	E	E	E	-	-	-	L	L	L	-	-	-	-	L
E	E	E	E	E	-	-	E	E	E	-	-	-	-	E	E	-	-	E	E	-	-	E	E	E	-	-	E
E	L	L	L	-	-	-	-	E	E	E	L	-	-	-	-	E	E	E	E	-	-	E	E	-	-	E	E
L	-	-	E	E	E	E	E	-	-	L	L	-	-	E	E	E	E	-	-	L	L	-	-	E	E	-	-
E	E	E	E	E	-	-	E	E	E	L	L	-	-	-	-	-	-	E	E	E	E	-	-	-	-	L	L
-	-	L	L	L	L	L	-	-	L	L	L	L	-	-	-	-	-	L	L	-	-	L	L	L	L	L	-
E	L	L	-	-	L	L	L	L	-	-	-	-	E	L	L	L	L	-	-	-	E	E	E	E	-	-	-
L	L	-	-	E	E	E	E	E	-	-	-	E	L	L	-	-	L	L	-	-	E	E	L	L	L	-	-
-	-	E	L	L	-	-	E	L	L	L	-	-	-	L	L	L	L	-	-	-	L	L	-	-	L	L	L
L	-	-	L	L	L	L	-	-	E	E	E	-	-	-	E	E	L	L	-	-	-	E	E	-	-	L	L
Objective 0: 4726
Objective 1: 88
Constr violation: -1
Restrictions violated:
0 0 0 0 0 0 1 0 

Individual 19
1	2	3	4	5	6	7	8	9	10	11	12	13	14	15	16	17	18	19	20	21	22	23	24	25	26	27	28
E	E	E	E	-	-	-	E	E	E	E	E	-	-	E	E	E	-	-	-	L	L	L	-	-	-	-	E
E	E	E	E	E	-	-	E	E	E	-	-	-	-	E	E	-	-	E	E	-	-	E	E	E	-	-	E
E	E	E	E	E	-	-	E	E	E	E	L	-	-	-	-	E	E	E	E	-	-	E	E	-	-	E	E
L	-	-	E	E	E	-	-	E	E	L	L	-	-	E	E	E	E	L	-	-	E	E	E	E	E	-	-
E	E	E	E	E	-	-	E	E	E	L	L	-	-	-	-	-	-	E	E	E	E	-	-	-	-	L	L
-	-	L	L	L	L	L	-	-	L	L	L	L	-	-	-	-	-	L	L	-	-	L	L	L	L	L	-
E	L	L	-	-	L	L	L	L	-	-	-	-	E	L	L	L	L	-	-	-	E	E	E	E	-	-	-
L	L	-	-	E	E	E	E	E	-	-	-	E	L	L	-	-	L	L	-	-	E	E	L	L	L	-	-
-	-	E	L	L	L	L	-	-	L	L	L	-	-	L	L	L	L	-	-	-	L	L	-	-	L	L	L
L	-	-	L	L	L	L	-	-	E	E	E	-	-	-	E	E	L	L	-	-	-	E	E	-	-	L	L
Objective 0: 5034
Objective 1: 72
Constr violation: -1
Restrictions violated:
0 0 0 0 0 0 1 0 

Individual 20
1	2	3	4	5	6	7	8	9	10	11	12	13	14	15	16	17	18	19	20	21	22	23	24	25	26	27	28
E	E	E	E	-	-	-	E	E	E	E	E	-	-	E	E	E	-	-	-	L	L	L	-	-	-	-	E
E	E	E	E	-	-	-	E	E	-	-	-	E	E	E	-	-	E	E	-	-	E	E	E	E	-	-	E
E	E	L	L	-	-	-	E	E	E	E	L	-	-	-	-	E	E	E	E	-	-	E	E	-	-	-	E
L	-	-	E	E	E	E	E	-	-	L	L	-	-	E	E	E	E	-	-	L	L	-	-	E	E	-	-
E	E	E	E	E	-	-	E	E	E	L	L	-	-	-	-	-	-	E	E	E	E	-	-	-	-	L	L
-	-	L	L	L	L	L	-	-	L	L	L	L	-	-	-	-	-	L	L	-	-	L	L	L	L	L	-
E	L	L	L	L	-	-	E	E	-	-	-	-	E	L	L	L	L	-	-	-	E	E	E	E	-	-	-
L	L	-	-	E	E	E	E	E	-	-	-	E	L	L	-	-	L	L	-	-	E	E	L	L	L	-	-
-	-	E	L	L	-	-	E	L	L	L	-	-	-	L	L	L	L	-	-	-	L	L	-	-	L	L	L
L	-	-	L	L	L	L	-	-	E	E	E	-	-	-	E	E	L	L	-	-	-	E	E	-	-	L	L
Objective 0: 5029
Objective 1: 98
Constr violation: -1
Restrictions violated:
0 0 0 0 0 0 1 0 

Individual 21
1	2	3	4	5	6	7	8	9	10	11	12	13	14	15	16	17	18	19	20	21	22	23	24	25	26	27	28
E	E	E	E	-	-	-	E	E	E	E	E	-	-	E	E	E	E	L	-	-	L	L	-	-	-	L	L
E	E	E	E	E	-	-	E	E	E	-	-	E	E	E	-	-	E	E	-	-	E	E	E	E	-	-	E
E	E	E	E	E	-	-	E	E	E	E	L	-	-	-	-	E	E	E	E	-	-	E	E	-	-	E	E
L	-	-	E	E	E	-	-	E	E	L	L	-	-	E	E	E	E	L	-	-	E	E	E	-	-	E	E
E	E	E	E	E	-	-	E	E	E	L	L	-	-	-	-	-	-	E	E	E	E	-	-	-	-	L	L
-	-	L	L	L	L	L	-	-	L	L	L	L	-	-	-	-	-	L	L	-	-	L	L	L	L	L	-
E	L	L	L	L	-	-	E	E	E	-	-	-	E	L	L	L	L	-	-	E	E	E	E	E	-	-	-
L	L	-	-	E	E	E	E	E	-	-	-	E	L	L	-	-	L	L	-	-	E	E	L	L	L	-	-
-	-	E	L	L	L	L	-	-	L	L	L	-	-	L	L	L	L	-	-	-	L	L	-	-	L	L	L
L	-	-	L	L	L	L	-	-	E	E	E	-	-	-	E	E	L	L	-	-	-	E	E	-	-	L	L
Objective 0: 5242
Objective 1: 84
Constr violation: -1
Restrictions violated:
0 0 0 0 0 0 1 0 

Individual 22
1	2	3	4	5	6	7	8	9	10	11	12	13	14	15	16	17	18	19	20	21	22	23	24	25	26	27	28
E	E	E	E	-	-	-	E	E	E	E	E	-	-	E	E	E	-	-	-	L	L	-	-	E	E	L	L
E	E	E	E	E	-	-	E	E	E	-	-	E	E	E	-	-	E	E	-	-	E	E	E	E	-	-	E
E	E	E	E	E	-	-	E	E	E	E	L	-	-	-	-	E	E	E	E	-	-	E	E	-	-	E	E
L	-	-	E	E	E	-	-	E	E	L	L	-	-	E	E	E	E	L	-	-	E	E	E	-	-	E	E
E	E	E	E	E	-	-	E	E	E	L	L	-	-	-	-	-	-	E	E	E	E	-	-	-	-	L	L
-	-	L	L	L	L	L	-	-	L	L	L	L	-	-	-	-	-	L	L	-	-	L	L	L	L	L	-
E	L	L	L	L	-	-	E	E	E	-	-	-	E	L	L	L	L	-	-	E	E	E	E	E	-	-	-
L	L	-	-	E	E	E	E	E	-	-	-	E	L	L	-	-	L	L	-	-	E	E	L	L	L	-	-
-	-	E	L	L	-	-	E	L	L	L	L	-	-	L	L	L	L	-	-	-	L	L	-	-	L	L	L
L	-	-	L	L	L	L	-	-	E	E	E	-	-	-	E	E	L	L	-	-	-	E	E	-	-	L	L
Objective 0: 5040
Objective 1: 84
Constr violation: -1
Restrictions violated:
0 0 0 0 0 0 1 0 

Individual 23
1	2	3	4	5	6	7	8	9	10	11	12	13	14	15	16	17	18	19	20	21	22	23	24	25	26	27	28
E	E	E	E	-	-	-	E	E	E	E	E	-	-	E	E	E	-	-	-	L	L	L	-	-	-	-	E
E	E	E	E	E	-	-	E	E	E	-	-	-	-	E	E	-	-	E	E	-	-	E	E	E	-	-	E
E	E	E	E	-	-	-	E	E	E	E	L	-	-	-	-	E	E	E	E	-	-	E	E	-	-	-	E
L	-	-	E	E	E	E	E	-	-	L	L	-	-	E	E	E	E	-	-	L	L	-	-	E	E	-	-
E	E	E	E	E	-	-	E	E	E	L	L	-	-	-	-	-	-	E	E	E	E	-	-	-	-	L	L
-	-	L	L	L	L	L	-	-	L	L	L	L	-	-	-	-	-	L	L	-	-	L	L	L	L	L	-
E	L	L	-	-	L	L	L	L	-	-	-	-	E	L	L	L	L	-	-	-	E	E	E	E	-	-	-
L	L	-	-	E	E	E	E	E	-	-	-	E	L	L	-	-	L	L	-	-	E	E	L	L	L	-	-
-	-	E	L	L	-	-	E	L	L	L	-	-	-	L	L	L	L	-	-	-	L	L	-	-	L	L	L
L	-	-	L	L	L	L	-	-	E	E	E	-	-	-	E	E	L	L	-	-	-	E	E	-	-	L	L
Objective 0: 4928
Objective 1: 81
Constr violation: -1
Restrictions violated:
0 0 0 0 0 0 1 0 

Individual 24
1	2	3	4	5	6	7	8	9	10	11	12	13	14	15	16	17	18	19	20	21	22	23	24	25	26	27	28
E	E	E	E	-	-	-	E	E	E	E	E	-	-	E	E	E	-	-	-	L	L	-	-	E	E	L	L
E	E	E	E	E	-	-	E	E	E	-	-	E	E	E	-	-	E	E	-	-	E	E	E	E	-	-	E
E	E	E	E	E	-	-	E	E	E	E	L	-	-	-	-	E	E	E	E	L	-	-	E	E	-	-	E
L	-	-	E	E	E	E	E	-	-	L	L	-	-	E	E	E	E	L	-	-	E	E	E	-	-	E	E
E	E	E	E	E	-	-	E	E	E	L	L	-	-	-	-	-	-	E	E	E	E	-	-	-	-	L	L
-	-	L	L	L	L	L	-	-	L	L	L	L	-	-	-	-	-	L	L	-	-	L	L	L	L	L	-
E	L	L	L	L	-	-	E	E	E	-	-	-	E	L	L	L	L	-	-	E	E	E	E	E	-	-	-
L	L	-	-	E	E	E	E	E	-	-	-	E	L	L	-	-	L	L	-	-	E	E	L	L	L	-	-
-	-	E	L	L	-	-	E	L	L	L	L	-	-	L	L	L	L	-	-	-	L	L	-	-	L	L	L
L	-	-	L	L	L	L	-	-	E	E	E	-	-	-	E	E	L	L	-	-	-	E	E	-	-	L	L
Objective 0: 4838
Objective 1: 88
Constr violation: -1
Restrictions violated:
0 0 0 0 0 0 1 0 

Individual 25
1	2	3	4	5	6	7	8	9	10	11	12	13	14	15	16	17	18	19	20	21	22	23	24	25	26	27	28
E	E	E	E	-	-	-	E	E	E	E	E	-	-	E	E	E	-	-	-	L	L	L	-	-	-	-	E
E	E	E	E	-	-	-	E	E	-	-	-	E	E	E	-	-	E	E	-	-	E	E	E	E	-	-	E
E	E	E	E	-	-	-	E	E	E	E	L	-	-	-	-	E	E	E	E	-	-	E	E	-	-	-	E
L	-	-	E	E	E	E	E	-	-	L	L	-	-	E	E	E	E	L	-	-	E	E	E	-	-	-	-
E	E	E	E	E	-	-	E	E	E	L	L	-	-	-	-	-	-	E	E	E	E	-	-	-	-	L	L
-	-	L	L	L	L	L	-	-	L	L	L	L	-	-	-	-	-	L	L	-	-	L	L	L	L	L	-
E	L	L	L	L	-	-	E	E	-	-	-	-	E	L	L	L	L	-	-	-	E	E	E	E	-	-	-
L	L	-	-	E	E	E	E	E	-	-	-	E	L	L	-	-	L	L	-	-	E	E	L	L	L	-	-
-	-	E	L	L	-	-	E	L	L	L	-	-	-	L	L	L	L	-	-	-	L	L	-	-	L	L	L
L	-	-	L	L	L	L	-	-	E	E	E	-	-	-	E	E	L	L	-	-	-	E	E	-	-	L	L
Objective 0: 5433
Objective 1: 92
Constr violation: -1
Restrictions violated:
0 0 0 0 0 0 1 0 

Individual 26
1	2	3	4	5	6	7	8	9	10	11	12	13	14	15	16	17	18	19	20	21	22	23	24	25	26	27	28
E	E	E	E	-	-	-	E	E	E	E	E	-	-	E	E	E	-	-	-	L	L	L	-	-	-	-	L
E	E	E	E	E	-	-	E	E	E	-	-	-	-	E	E	-	-	E	E	-	-	E	E	E	-	-	E
E	E	E	L	-	-	-	-	E	E	E	L	-	-	-	-	E	E	E	E	-	-	E	E	-	-	E	E
L	-	-	E	E	E	E	E	-	-	L	L	-	-	E	E	E	E	-	-	L	L	-	-	E	E	-	-
E	E	E	E	E	-	-	E	E	E	L	L	-	-	-	-	-	-	E	E	E	E	-	-	-	-	L	L
-	-	L	L	L	L	L	-	-	L	L	L	L	-	-	-	-	-	L	L	-	-	L	L	L	L	L	-
E	L	L	L	L	-	-	E	E	-	-	-	-	E	L	L	L	L	-	-	-	E	E	E	E	-	-	-
L	L	-	-	E	E	E	E	E	-	-	-	E	L	L	-	-	L	L	-	-	E	E	L	L	L	-	-
-	-	E	L	L	-	-	E	L	L	L	-	-	-	L	L	L	L	-	-	-	L	L	-	-	L	L	L
L	-	-	L	L	L	L	-	-	E	E	E	-	-	-	E	E	L	L	-	-	-	E	E	-	-	L	L
Objective 0: 5332
Objective 1: 91
Constr violation: -1
Restrictions violated:
0 0 0 0 0 0 1 0 

Individual 27
1	2	3	4	5	6	7	8	9	10	11	12	13	14	15	16	17	18	19	20	21	22	23	24	25	26	27	28
E	E	E	E	-	-	-	E	E	E	E	E	-	-	E	E	E	E	L	-	-	L	L	-	-	-	L	L
E	E	E	E	E	-	-	E	E	E	-	-	E	E	E	-	-	E	E	-	-	E	E	E	E	-	-	E
E	E	E	E	E	-	-	E	E	E	E	L	-	-	-	-	E	E	E	E	-	-	E	E	-	-	E	E
L	-	-	E	E	E	-	-	E	E	L	L	-	-	E	E	E	E	L	-	-	E	E	E	-	-	E	E
E	E	E	E	E	-	-	E	E	E	L	L	-	-	-	-	-	-	E	E	E	E	-	-	-	-	L	L
-	-	L	L	L	L	L	-	-	L	L	L	L	-	-	-	-	-	L	L	-	-	L	L	L	L	L	-
E	L	L	L	L	-	-	E	E	E	-	-	-	E	L	L	L	L	-	-	E	E	E	E	E	-	-	-
L	L	-	-	E	E	E	E	E	-	-	-	E	L	L	-	-	L	L	-	-	E	E	L	L	L	-	-
-	-	E	L	L	-	-	E	L	L	L	L	-	-	L	L	L	L	-	-	-	L	L	-	-	L	L	L
L	-	-	L	L	L	L	-	-	E	E	E	-	-	-	E	E	L	L	-	-	-	E	E	-	-	L	L
Objective 0: 5343
Objective 1: 84
Constr violation: -1
Restrictions violated:
0 0 0 0 0 0 1 0 

Individual 28
1	2	3	4	5	6	7	8	9	10	11	12	13	14	15	16	17	18	19	20	21	22	23	24	25	26	27	28
E	E	E	E	-	-	-	E	E	E	E	E	-	-	E	E	E	E	L	-	-	L	L	-	-	-	L	L
E	E	E	E	E	-	-	E	E	E	-	-	E	E	E	-	-	E	E	-	-	E	E	E	E	-	-	E
E	E	E	E	E	-	-	E	E	E	E	L	-	-	-	-	E	E	E	E	L	-	-	E	E	-	-	E
L	-	-	E	E	E	E	E	-	-	L	L	-	-	E	E	E	E	L	-	-	E	E	E	-	-	E	E
E	E	E	E	E	-	-	E	E	E	L	L	-	-	-	-	-	-	E	E	E	E	-	-	-	-	L	L
-	-	L	L	L	L	L	-	-	L	L	L	L	-	-	-	-	-	L	L	-	-	L	L	L	L	L	-
E	L	L	L	L	-	-	E	E	E	-	-	-	E	L	L	L	L	-	-	E	E	E	E	E	-	-	-
L	L	-	-	E	E	E	E	E	-	-	-	E	L	L	-	-	L	L	-	-	E	E	L	L	L	-	-
-	-	E	L	L	-	-	E	L	L	L	L	-	-	L	L	L	L	-	-	-	L	L	-	-	L	L	L
L	-	-	L	L	L	L	-	-	E	E	E	-	-	-	E	E	L	L	-	-	-	E	E	-	-	L	L
Objective 0: 5141
Objective 1: 88
Constr violation: -1
Restrictions violated:
0 0 0 0 0 0 1 0 

Individual 29
1	2	3	4	5	6	7	8	9	10	11	12	13	14	15	16	17	18	19	20	21	22	23	24	25	26	27	28
E	E	E	E	-	-	-	E	E	E	E	E	-	-	E	E	E	-	-	-	L	L	L	-	-	-	-	E
E	E	E	E	E	-	-	E	E	E	-	-	-	-	E	E	-	-	E	E	-	-	E	E	E	-	-	E
E	E	E	E	E	-	-	E	E	E	E	L	-	-	-	-	E	E	E	E	-	-	E	E	-	-	-	E
L	-	-	E	E	E	-	-	E	E	L	L	-	-	E	E	E	E	L	-	-	E	E	E	E	E	-	-
E	E	E	E	E	-	-	E	E	E	L	L	-	-	-	-	-	-	E	E	E	E	-	-	-	-	L	L
-	-	L	L	L	L	L	-	-	L	L	L	L	-	-	-	-	-	L	L	-	-	L	L	L	L	L	-
E	L	L	-	-	L	L	L	L	-	-	-	-	E	L	L	L	L	-	-	-	E	E	E	E	-	-	-
L	L	-	-	E	E	E	E	E	-	-	-	E	L	L	-	-	L	L	-	-	E	E	L	L	L	-	-
-	-	E	L	L	L	L	-	-	L	L	L	-	-	L	L	L	L	-	-	-	L	L	-	-	L	L	L
L	-	-	L	L	L	L	-	-	E	E	E	-	-	-	E	E	L	L	-	-	-	E	E	-	-	L	L
Objective 0: 5134
Objective 1: 74
Constr violation: -1
Restrictions violated:
0 0 0 0 0 0 1 0 

Individual 30
1	2	3	4	5	6	7	8	9	10	11	12	13	14	15	16	17	18	19	20	21	22	23	24	25	26	27	28
E	E	E	E	-	-	-	E	E	E	E	E	-	-	E	E	E	E	L	-	-	L	L	-	-	-	L	L
E	E	E	E	E	-	-	E	E	E	-	-	E	E	E	-	-	E	E	-	-	E	E	E	E	-	-	E
E	E	E	E	-	-	-	E	E	E	E	L	-	-	-	-	E	E	E	E	-	-	E	E	-	-	E	E
L	-	-	E	E	E	E	E	-	-	L	L	-	-	E	E	E	E	L	-	-	E	E	E	E	E	-	-
E	E	E	E	E	-	-	E	E	E	L	L	-	-	-	-	-	-	E	E	E	E	-	-	-	-	L	L
-	-	L	L	L	L	L	-	-	L	L	L	L	-	-	-	-	-	L	L	-	-	L	L	L	L	L	-
E	L	L	L	L	-	-	E	E	E	-	-	-	E	L	L	L	L	-	-	-	E	E	E	E	-	-	-
L	L	-	-	E	E	E	E	E	-	-	-	E	L	L	-	-	L	L	-	-	E	E	L	L	L	-	-
-	-	E	L	L	-	-	E	L	L	L	L	-	-	L	L	L	L	-	-	-	L	L	-	-	L	L	L
L	-	-	L	L	L	L	-	-	E	E	E	-	-	-	E	E	L	L	-	-	-	E	E	-	-	L	L
Objective 0: 5341
Objective 1: 86
Constr violation: -1
Restrictions violated:
0 0 0 0 0 0 1 0 

Individual 31
1	2	3	4	5	6	7	8	9	10	11	12	13	14	15	16	17	18	19	20	21	22	23	24	25	26	27	28
E	E	E	E	-	-	-	E	E	E	E	E	-	-	E	E	E	E	L	-	-	L	L	-	-	-	L	L
E	E	E	E	E	-	-	E	E	E	-	-	E	E	E	-	-	E	E	-	-	E	E	E	E	-	-	E
E	E	E	E	E	-	-	E	E	E	E	L	-	-	-	-	E	E	E	E	-	-	E	E	-	-	-	E
L	-	-	E	E	E	E	E	-	-	L	L	-	-	E	E	E	E	L	-	-	E	E	E	-	-	-	-
E	E	E	E	E	-	-	E	E	E	L	L	-	-	-	-	-	-	E	E	E	E	-	-	-	-	L	L
-	-	L	L	L	L	L	-	-	L	L	L	L	-	-	-	-	-	L	L	-	-	L	L	L	L	L	-
E	L	L	L	L	-	-	E	E	-	-	-	-	E	L	L	L	L	-	-	-	E	E	E	E	-	-	-
L	L	-	-	E	E	E	E	E	-	-	-	E	L	L	-	-	L	L	-	-	E	E	L	L	L	-	-
-	-	E	L	L	-	-	E	L	L	L	-	-	-	L	L	L	L	-	-	-	L	L	-	-	L	L	L
L	-	-	L	L	L	L	-	-	E	E	E	-	-	-	E	E	L	L	-	-	-	E	E	-	-	L	L
Objective 0: 5640
Objective 1: 90
Constr violation: -1
Restrictions violated:
0 0 0 0 0 0 1 0 

Individual 32
1	2	3	4	5	6	7	8	9	10	11	12	13	14	15	16	17	18	19	20	21	22	23	24	25	26	27	28
E	E	E	E	-	-	-	E	E	E	E	E	-	-	E	E	E	-	-	-	L	L	L	-	-	-	-	E
E	E	E	E	-	-	-	E	E	-	-	-	E	E	E	-	-	E	E	-	-	E	E	E	E	-	-	E
E	L	L	L	-	-	-	E	E	E	E	L	-	-	-	-	E	E	E	E	-	-	E	E	-	-	-	E
L	-	-	E	E	E	E	E	-	-	L	L	-	-	E	E	E	E	L	-	-	E	E	E	-	-	E	E
E	E	E	E	E	-	-	E	E	E	L	L	-	-	-	-	-	-	E	E	E	E	-	-	-	-	L	L
-	-	L	L	L	L	L	-	-	L	L	L	L	-	-	-	-	-	L	L	-	-	L	L	L	L	L	-
E	L	L	L	L	-	-	E	E	-	-	-	-	E	L	L	L	L	-	-	-	E	E	E	E	-	-	-
L	L	-	-	E	E	E	E	E	-	-	-	E	L	L	-	-	L	L	-	-	E	E	L	L	L	-	-
-	-	E	L	L	-	-	E	L	L	L	-	-	-	L	L	L	L	-	-	-	L	L	-	-	L	L	L
L	-	-	L	L	L	L	-	-	E	E	E	-	-	-	E	E	L	L	-	-	-	E	E	-	-	L	L
Objective 0: 5031
Objective 1: 98
Constr violation: -1
Restrictions violated:
0 0 0 0 0 0 1 0 

Individual 33
1	2	3	4	5	6	7	8	9	10	11	12	13	14	15	16	17	18	19	20	21	22	23	24	25	26	27	28
E	E	E	E	-	-	-	E	E	E	E	E	-	-	E	E	E	-	-	-	L	L	L	-	-	-	-	E
E	E	E	E	-	-	-	E	E	-	-	-	E	E	E	-	-	E	E	-	-	E	E	E	E	-	-	E
E	L	L	L	-	-	-	-	E	E	E	L	-	-	-	-	E	E	E	E	-	-	E	E	-	-	E	E
L	-	-	E	E	E	E	E	-	-	L	L	-	-	E	E	E	E	-	-	L	L	-	-	E	E	-	-
E	E	E	E	E	-	-	E	E	E	L	L	-	-	-	-	-	-	E	E	E	E	-	-	-	-	L	L
-	-	L	L	L	L	L	-	-	L	L	L	L	-	-	-	-	-	L	L	-	-	L	L	L	L	L	-
E	L	L	L	L	-	-	E	E	E	-	-	-	E	L	L	L	L	-	-	E	E	E	E	E	-	-	-
L	L	-	-	E	E	E	E	E	-	-	-	E	L	L	-	-	L	L	-	-	E	E	L	L	L	-	-
-	-	E	L	L	L	L	-	-	L	L	L	-	-	L	L	L	L	-	-	-	L	L	-	-	L	L	L
L	-	-	L	L	L	L	-	-	E	E	E	-	-	-	E	E	L	L	-	-	-	E	E	-	-	L	L
Objective 0: 4628
Objective 1: 100
Constr violation: -1
Restrictions violated:
0 0 0 0 0 0 1 0 

Individual 34
1	2	3	4	5	6	7	8	9	10	11	12	13	14	15	16	17	18	19	20	21	22	23	24	25	26	27	28
E	E	E	E	-	-	-	E	E	E	E	E	-	-	E	E	E	E	L	-	-	L	L	-	-	-	L	L
E	E	E	E	E	-	-	E	E	E	-	-	E	E	E	-	-	E	E	-	-	E	E	E	E	-	-	E
E	E	E	E	E	-	-	E	E	E	E	L	-	-	-	-	E	E	E	E	-	-	E	E	-	-	-	E
L	-	-	E	E	E	-	-	E	E	L	L	-	-	E	E	E	E	L	-	-	E	E	E	-	-	-	-
E	E	E	E	E	-	-	E	E	E	L	L	-	-	-	-	-	-	E	E	E	E	-	-	-	-	L	L
-	-	L	L	L	L	L	-	-	L	L	L	L	-	-	-	-	-	L	L	-	-	L	L	L	L	L	-
E	L	L	-	-	L	L	L	L	-	-	-	-	E	L	L	L	L	-	-	-	E	E	E	E	-	-	-
L	L	-	-	E	E	E	E	E	-	-	-	E	L	L	-	-	L	L	-	-	E	E	L	L	L	-	-
-	-	E	L	L	L	L	-	-	L	L	L	-	-	L	L	L	L	-	-	-	L	L	-	-	L	L	L
L	-	-	L	L	L	L	-	-	E	E	E	-	-	-	E	E	L	L	-	-	-	E	E	-	-	L	L
Objective 0: 5439
Objective 1: 77
Constr violation: -1
Restrictions violated:
0 0 0 0 0 0 1 0 

Individual 35
1	2	3	4	5	6	7	8	9	10	11	12	13	14	15	16	17	18	19	20	21	22	23	24	25	26	27	28
E	E	E	E	-	-	-	E	E	E	E	E	-	-	E	E	E	E	L	-	-	L	L	-	-	-	L	L
E	E	E	E	E	-	-	E	E	E	-	-	E	E	E	-	-	E	E	-	-	E	E	E	E	-	-	E
E	E	E	E	E	-	-	E	E	E	E	L	-	-	-	-	E	E	E	E	-	-	E	E	-	-	-	E
L	-	-	E	E	E	-	-	E	E	L	L	-	-	E	E	E	E	L	-	-	E	E	E	E	E	-	-
E	E	E	E	E	-	-	E	E	E	L	L	-	-	-	-	-	-	E	E	E	E	-	-	-	-	L	L
-	-	L	L	L	L	L	-	-	L	L	L	L	-	-	-	-	-	L	L	-	-	L	L	L	L	L	-
E	L	L	L	L	-	-	E	E	E	-	-	-	E	L	L	L	L	-	-	-	E	E	E	E	-	-	-
L	L	-	-	E	E	E	E	E	-	-	-	E	L	L	-	-	L	L	-	-	E	E	L	L	L	-	-
-	-	E	L	L	-	-	E	L	L	L	L	-	-	L	L	L	L	-	-	-	L	L	-	-	L	L	L
L	-	-	L	L	L	L	-	-	E	E	E	-	-	-	E	E	L	L	-	-	-	E	E	-	-	L	L
Objective 0: 5543
Objective 1: 86
Constr violation: -1
Restrictions violated:
0 0 0 0 0 0 1 0 

Individual 36
1	2	3	4	5	6	7	8	9	10	11	12	13	14	15	16	17	18	19	20	21	22	23	24	25	26	27	28
E	E	E	E	-	-	-	E	E	E	E	E	-	-	E	E	E	-	-	-	L	L	-	-	E	E	L	L
E	E	E	E	-	-	-	E	E	-	-	-	E	E	E	-	-	E	E	-	-	E	E	E	E	-	-	E
E	L	L	L	-	-	-	-	E	E	E	L	-	-	-	-	E	E	E	E	L	-	-	E	E	-	-	E
L	-	-	E	E	E	E	E	-	-	L	L	-	-	E	E	E	E	L	-	-	E	E	E	-	-	E	E
E	E	E	E	E	-	-	E	E	E	L	L	-	-	-	-	-	-	E	E	E	E	-	-	-	-	L	L
-	-	L	L	L	L	L	-	-	L	L	L	L	-	-	-	-	-	L	L	-	-	L	L	L	L	L	-
E	L	L	L	L	-	-	E	E	-	-	-	-	E	L	L	L	L	-	-	E	E	E	E	E	-	-	-
L	L	-	-	E	E	E	E	E	-	-	-	E	L	L	-	-	L	L	-	-	E	E	L	L	L	-	-
-	-	E	L	L	L	L	-	-	L	L	L	-	-	L	L	L	L	-	-	-	L	L	-	-	L	L	L
L	-	-	L	L	L	L	-	-	E	E	E	-	-	-	E	E	L	L	-	-	-	E	E	-	-	L	L
Objective 0: 4530
Objective 1: 99
Constr violation: -1
Restrictions violated:
0 0 0 0 0 0 1 0 

Individual 37
1	2	3	4	5	6	7	8	9	10	11	12	13	14	15	16	17	18	19	20	21	22	23	24	25	26	27	28
E	E	E	E	-	-	-	E	E	E	E	E	-	-	E	E	E	-	-	-	L	L	-	-	E	E	L	L
E	E	E	E	E	-	-	E	E	E	-	-	E	E	E	-	-	E	E	-	-	E	E	E	E	-	-	E
E	L	L	L	-	-	-	E	E	E	E	L	-	-	-	-	E	E	E	E	L	-	-	E	E	-	-	E
L	-	-	E	E	E	-	-	E	E	L	L	-	-	E	E	E	E	L	-	-	E	E	E	E	E	-	-
E	E	E	E	E	-	-	E	E	E	L	L	-	-	-	-	-	-	E	E	E	E	-	-	-	-	L	L
-	-	L	L	L	L	L	-	-	L	L	L	L	-	-	-	-	-	L	L	-	-	L	L	L	L	L	-
E	L	L	-	-	L	L	L	L	-	-	-	-	E	L	L	L	L	-	-	-	E	E	E	E	-	-	-
L	L	-	-	E	E	E	E	E	-	-	-	E	L	L	-	-	L	L	-	-	E	E	L	L	L	-	-
-	-	E	L	L	L	L	-	-	L	L	L	-	-	L	L	L	L	-	-	-	L	L	-	-	L	L	L
L	-	-	L	L	L	L	-	-	E	E	E	-	-	-	E	E	L	L	-	-	-	E	E	-	-	L	L
Objective 0: 4633
Objective 1: 83
Constr violation: -1
Restrictions violated:
0 0 0 0 0 0 1 0 

Individual 38
1	2	3	4	5	6	7	8	9	10	11	12	13	14	15	16	17	18	19	20	21	22	23	24	25	26	27	28
E	E	E	E	-	-	-	E	E	E	E	E	-	-	E	E	E	-	-	-	L	L	-	-	E	E	L	L
E	E	E	E	E	-	-	E	E	-	-	-	E	E	E	-	-	E	E	-	-	E	E	E	E	-	-	E
E	E	E	L	-	-	-	E	E	E	E	L	-	-	-	-	E	E	E	E	-	-	E	E	-	-	-	E
L	-	-	E	E	E	-	-	E	E	L	L	-	-	E	E	E	E	L	-	-	E	E	E	-	-	E	E
E	E	E	E	E	-	-	E	E	E	L	L	-	-	-	-	-	-	E	E	E	E	-	-	-	-	L	L
-	-	L	L	L	L	L	-	-	L	L	L	L	-	-	-	-	-	L	L	-	-	L	L	L	L	L	-
E	L	L	L	L	-	-	E	E	E	-	-	-	E	L	L	L	L	-	-	E	E	E	E	E	-	-	-
L	L	-	-	E	E	E	E	E	-	-	-	E	L	L	-	-	L	L	-	-	E	E	L	L	L	-	-
-	-	E	L	L	L	L	-	-	L	L	L	-	-	L	L	L	L	-	-	-	L	L	-	-	L	L	L
L	-	-	L	L	L	L	-	-	E	E	E	-	-	-	E	E	L	L	-	-	-	E	E	-	-	L	L
Objective 0: 5037
Objective 1: 88
Constr violation: -1
Restrictions violated:
0 0 0 0 0 0 1 0 

Individual 39
1	2	3	4	5	6	7	8	9	10	11	12	13	14	15	16	17	18	19	20	21	22	23	24	25	26	27	28
E	E	E	E	-	-	-	E	E	E	E	E	-	-	E	E	E	E	L	-	-	L	L	-	-	-	L	L
E	E	E	E	E	-	-	E	E	E	-	-	E	E	E	-	-	E	E	-	-	E	E	E	E	-	-	E
E	E	E	E	E	-	-	E	E	E	E	L	-	-	-	-	E	E	E	E	-	-	E	E	-	-	-	E
L	-	-	E	E	E	-	-	E	E	L	L	-	-	E	E	E	E	L	-	-	E	E	E	-	-	-	-
E	E	E	E	E	-	-	E	E	E	L	L	-	-	-	-	-	-	E	E	E	E	-	-	-	-	L	L
-	-	L	L	L	L	L	-	-	L	L	L	L	-	-	-	-	-	L	L	-	-	L	L	L	L	L	-
E	L	L	L	L	-	-	L	L	-	-	-	-	E	L	L	L	L	-	-	-	E	E	E	E	-	-	-
L	L	-	-	E	E	E	E	E	-	-	-	E	L	L	-	-	L	L	-	-	E	E	L	L	L	-	-
-	-	E	L	L	-	-	E	L	L	L	-	-	-	L	L	L	L	-	-	-	L	L	-	-	L	L	L
L	-	-	L	L	L	L	-	-	E	E	E	-	-	-	E	E	L	L	-	-	-	E	E	-	-	L	L
Objective 0: 5539
Objective 1: 82
Constr violation: -1
Restrictions violated:
0 0 0 0 0 0 1 0 

Individual 40
1	2	3	4	5	6	7	8	9	10	11	12	13	14	15	16	17	18	19	20	21	22	23	24	25	26	27	28
E	E	E	E	-	-	-	E	E	E	E	E	-	-	E	E	E	-	-	-	L	L	L	-	-	-	-	E
E	E	E	E	E	-	-	E	E	E	-	-	E	E	E	-	-	E	E	-	-	E	E	E	E	-	-	E
E	E	E	E	E	-	-	E	E	E	E	L	-	-	-	-	E	E	E	E	-	-	E	E	-	-	E	E
L	-	-	E	E	E	E	E	-	-	L	L	-	-	E	E	E	E	L	-	-	E	E	E	E	E	-	-
E	E	E	E	E	-	-	E	E	E	L	L	-	-	-	-	-	-	E	E	E	E	-	-	-	-	L	L
-	-	L	L	L	L	L	-	-	L	L	L	L	-	-	-	-	-	L	L	-	-	L	L	L	L	L	-
E	L	L	L	L	-	-	L	L	-	-	-	-	E	L	L	L	L	-	-	-	E	E	E	E	-	-	-
L	L	-	-	E	E	E	E	E	-	-	-	E	L	L	-	-	L	L	-	-	E	E	L	L	L	-	-
-	-	E	L	L	-	-	E	L	L	L	L	-	-	L	L	L	L	-	-	-	L	L	-	-	L	L	L
L	-	-	L	L	L	L	-	-	E	E	E	-	-	-	E	E	L	L	-	-	-	E	E	-	-	L	L
Objective 0: 4935
Objective 1: 80
Constr violation: -1
Restrictions violated:
0 0 0 0 0 0 1 0 

Individual 41
1	2	3	4	5	6	7	8	9	10	11	12	13	14	15	16	17	18	19	20	21	22	23	24	25	26	27	28
E	E	E	E	-	-	-	E	E	E	E	E	-	-	E	E	E	-	-	-	L	L	-	-	E	E	L	L
E	E	E	E	E	-	-	E	E	E	-	-	E	E	E	-	-	E	E	-	-	E	E	E	E	-	-	E
E	E	E	E	E	-	-	E	E	E	E	L	-	-	-	-	E	E	E	E	-	-	E	E	-	-	E	E
L	-	-	E	E	E	-	-	E	E	L	L	-	-	E	E	E	E	L	-	-	E	E	E	-	-	E	E
E	E	E	E	E	-	-	E	E	E	L	L	-	-	-	-	-	-	E	E	E	E	-	-	-	-	L	L
-	-	L	L	L	L	L	-	-	L	L	L	L	-	-	-	-	-	L	L	-	-	L	L	L	L	L	-
E	L	L	L	L	-	-	L	L	-	-	-	-	E	L	L	L	L	-	-	-	E	E	E	E	-	-	-
L	L	-	-	E	E	E	E	E	-	-	-	E	L	L	-	-	L	L	-	-	E	E	L	L	L	-	-
-	-	E	L	L	-	-	E	L	L	L	-	-	-	L	L	L	L	-	-	-	L	L	-	-	L	L	L
L	-	-	L	L	L	L	-	-	E	E	E	-	-	-	E	E	L	L	-	-	-	E	E	-	-	L	L
Objective 0: 4936
Objective 1: 80
Constr violation: -1
Restrictions violated:
0 0 0 0 0 0 1 0 

Individual 42
1	2	3	4	5	6	7	8	9	10	11	12	13	14	15	16	17	18	19	20	21	22	23	24	25	26	27	28
E	E	E	E	-	-	-	E	E	E	E	E	-	-	E	E	E	-	-	-	L	L	L	-	-	-	-	E
E	E	E	E	-	-	-	E	E	-	-	-	E	E	E	-	-	E	E	-	-	E	E	E	E	-	-	E
E	E	E	E	-	-	-	E	E	E	E	L	-	-	-	-	E	E	E	E	-	-	E	E	-	-	-	E
L	-	-	E	E	E	E	E	-	-	L	L	-	-	E	E	E	E	L	-	-	E	E	E	-	-	-	-
E	E	E	E	E	-	-	E	E	E	L	L	-	-	-	-	-	-	E	E	E	E	-	-	-	-	L	L
-	-	L	L	L	L	L	-	-	L	L	L	L	-	-	-	-	-	L	L	-	-	L	L	L	L	L	-
E	L	L	L	L	-	-	E	E	E	-	-	-	E	L	L	L	L	-	-	E	E	E	E	E	-	-	-
L	L	-	-	E	E	E	E	E	-	-	-	E	L	L	-	-	L	L	-	-	E	E	L	L	L	-	-
-	-	E	L	L	L	L	-	-	L	L	L	-	-	L	L	L	L	-	-	-	L	L	-	-	L	L	L
L	-	-	L	L	L	L	-	-	E	E	E	-	-	-	E	E	L	L	-	-	-	E	E	-	-	L	L
Objective 0: 5234
Objective 1: 90
Constr violation: -1
Restrictions violated:
0 0 0 0 0 0 1 0 

Individual 43
1	2	3	4	5	6	7	8	9	10	11	12	13	14	15	16	17	18	19	20	21	22	23	24	25	26	27	28
E	E	E	E	-	-	-	E	E	E	E	E	-	-	E	E	E	-	-	-	L	L	L	-	-	-	-	E
E	E	E	E	-	-	-	E	E	-	-	-	E	E	E	-	-	E	E	-	-	E	E	E	E	-	-	E
E	L	L	L	-	-	-	E	E	E	E	L	-	-	-	-	E	E	E	E	-	-	E	E	-	-	-	E
L	-	-	E	E	E	E	E	-	-	L	L	-	-	E	E	E	E	L	-	-	E	E	E	-	-	-	-
E	E	E	E	E	-	-	E	E	E	L	L	-	-	-	-	-	-	E	E	E	E	-	-	-	-	L	L
-	-	L	L	L	L	L	-	-	L	L	L	L	-	-	-	-	-	L	L	-	-	L	L	L	L	L	-
E	L	L	-	-	L	L	L	L	-	-	-	-	E	L	L	L	L	-	-	-	E	E	E	E	-	-	-
L	L	-	-	E	E	E	E	E	-	-	-	E	L	L	-	-	L	L	-	-	E	E	L	L	L	-	-
-	-	E	L	L	L	L	-	-	L	L	L	-	-	L	L	L	L	-	-	-	L	L	-	-	L	L	L
L	-	-	L	L	L	L	-	-	E	E	E	-	-	-	E	E	L	L	-	-	-	E	E	-	-	L	L
Objective 0: 4929
Objective 1: 87
Constr violation: -1
Restrictions violated:
0 0 0 0 0 0 1 0 

Individual 44
1	2	3	4	5	6	7	8	9	10	11	12	13	14	15	16	17	18	19	20	21	22	23	24	25	26	27	28
E	E	E	E	-	-	-	E	E	E	E	E	-	-	E	E	E	-	-	-	L	L	L	-	-	-	-	E
E	E	E	E	E	-	-	E	E	E	-	-	E	E	E	-	-	E	E	-	-	E	E	E	E	-	-	E
E	E	E	E	-	-	-	E	E	E	E	L	-	-	-	-	E	E	E	E	-	-	E	E	-	-	-	E
L	-	-	E	E	E	E	E	-	-	L	L	-	-	E	E	E	E	-	-	L	L	-	-	E	E	-	-
E	E	E	E	E	-	-	E	E	E	L	L	-	-	-	-	-	-	E	E	E	E	-	-	-	-	L	L
-	-	L	L	L	L	L	-	-	L	L	L	L	-	-	-	-	-	L	L	-	-	L	L	L	L	L	-
E	L	L	L	L	-	-	E	E	-	-	-	-	E	L	L	L	L	-	-	-	E	E	E	E	-	-	-
L	L	-	-	E	E	E	E	E	-	-	-	E	L	L	-	-	L	L	-	-	E	E	L	L	L	-	-
-	-	E	L	L	-	-	E	L	L	L	-	-	-	L	L	L	L	-	-	-	L	L	-	-	L	L	L
L	-	-	L	L	L	L	-	-	E	E	E	-	-	-	E	E	L	L	-	-	-	E	E	-	-	L	L
Objective 0: 5132
Objective 1: 93
Constr violation: -1
Restrictions violated:
0 0 0 0 0 0 1 0 

Individual 45
1	2	3	4	5	6	7	8	9	10	11	12	13	14	15	16	17	18	19	20	21	22	23	24	25	26	27	28
E	E	E	E	-	-	-	E	E	E	E	E	-	-	E	E	E	-	-	-	L	L	L	-	-	-	-	E
E	E	E	E	-	-	-	E	E	-	-	-	E	E	E	-	-	E	E	-	-	E	E	E	E	-	-	E
E	E	E	E	-	-	-	E	E	E	E	L	-	-	-	-	E	E	E	E	-	-	E	E	-	-	-	E
L	-	-	E	E	E	E	E	-	-	L	L	-	-	E	E	E	E	-	-	L	L	-	-	E	E	-	-
E	E	E	E	E	-	-	E	E	E	L	L	-	-	-	-	-	-	E	E	E	E	-	-	-	-	L	L
-	-	L	L	L	L	L	-	-	L	L	L	L	-	-	-	-	-	L	L	-	-	L	L	L	L	L	-
E	L	L	L	L	-	-	E	E	-	-	-	-	E	L	L	L	L	-	-	-	E	E	E	E	-	-	-
L	L	-	-	E	E	E	E	E	-	-	-	E	L	L	-	-	L	L	-	-	E	E	L	L	L	-	-
-	-	E	L	L	-	-	E	L	L	L	-	-	-	L	L	L	L	-	-	-	L	L	-	-	L	L	L
L	-	-	L	L	L	L	-	-	E	E	E	-	-	-	E	E	L	L	-	-	-	E	E	-	-	L	L
Objective 0: 5130
Objective 1: 95
Constr violation: -1
Restrictions violated:
0 0 0 0 0 0 1 0 

Individual 46
1	2	3	4	5	6	7	8	9	10	11	12	13	14	15	16	17	18	19	20	21	22	23	24	25	26	27	28
E	E	E	E	-	-	-	E	E	E	E	E	-	-	E	E	E	-	-	-	L	L	-	-	E	E	L	L
E	E	E	E	-	-	-	E	E	-	-	-	E	E	E	-	-	E	E	-	-	E	E	E	E	-	-	E
E	L	L	L	-	-	-	-	E	E	E	L	-	-	-	-	E	E	E	E	-	-	E	E	-	-	E	E
L	-	-	E	E	E	E	E	-	-	L	L	-	-	E	E	E	E	-	-	L	L	-	-	E	E	-	-
E	E	E	E	E	-	-	E	E	E	L	L	-	-	-	-	-	-	E	E	E	E	-	-	-	-	L	L
-	-	L	L	L	L	L	-	-	L	L	L	L	-	-	-	-	-	L	L	-	-	L	L	L	L	L	-
E	L	L	L	L	-	-	E	E	E	-	-	-	E	L	L	L	L	-	-	-	E	E	E	E	-	-	-
L	L	-	-	E	E	E	E	E	-	-	-	E	L	L	-	-	L	L	-	-	E	E	L	L	L	-	-
-	-	E	L	L	-	-	E	L	L	L	L	-	-	L	L	L	L	-	-	-	L	L	-	-	L	L	L
L	-	-	L	L	L	L	-	-	E	E	E	-	-	-	E	E	L	L	-	-	-	E	E	-	-	L	L
Objective 0: 4730
Objective 1: 100
Constr violation: -1
Restrictions violated:
0 0 0 0 0 0 1 0 

Individual 47
1	2	3	4	5	6	7	8	9	10	11	12	13	14	15	16	17	18	19	20	21	22	23	24	25	26	27	28
E	E	E	E	-	-	-	E	E	E	E	E	-	-	E	E	E	E	L	-	-	L	L	-	-	-	L	L
E	E	E	E	E	-	-	E	E	E	-	-	E	E	E	-	-	E	E	-	-	E	E	E	E	-	-	E
E	E	E	E	E	-	-	E	E	E	E	L	-	-	-	-	E	E	E	E	-	-	E	E	-	-	E	E
L	-	-	E	E	E	-	-	E	E	L	L	-	-	E	E	E	E	L	-	-	E	E	E	E	E	-	-
E	E	E	E	E	-	-	E	E	E	L	L	-	-	-	-	-	-	E	E	E	E	-	-	-	-	L	L
-	-	L	L	L	L	L	-	-	L	L	L	L	-	-	-	-	-	L	L	-	-	L	L	L	L	L	-
E	L	L	L	L	-	-	L	L	-	-	-	-	E	L	L	L	L	-	-	-	E	E	E	E	-	-	-
L	L	-	-	E	E	E	E	E	-	-	-	E	L	L	-	-	L	L	-	-	E	E	L	L	L	-	-
-	-	E	L	L	-	-	E	L	L	L	L	-	-	L	L	L	L	-	-	-	L	L	-	-	L	L	L
L	-	-	L	L	L	L	-	-	E	E	E	-	-	-	E	E	L	L	-	-	-	E	E	-	-	L	L
Objective 0: 5240
Objective 1: 78
Constr violation: -1
Restrictions violated:
0 0 0 0 0 0 1 0 

Individual 48
1	2	3	4	5	6	7	8	9	10	11	12	13	14	15	16	17	18	19	20	21	22	23	24	25	26	27	28
E	E	E	E	-	-	-	E	E	E	E	E	-	-	E	E	E	-	-	-	-	L	L	-	-	-	L	L
E	E	E	E	-	-	-	E	E	-	-	-	E	E	E	-	-	E	E	-	-	E	E	E	E	-	-	E
E	L	L	L	-	-	-	E	E	E	E	L	-	-	-	-	E	E	E	E	-	-	E	E	-	-	-	E
L	-	-	E	E	E	E	E	-	-	L	L	-	-	E	E	E	E	L	-	-	E	E	E	E	E	-	-
E	E	E	E	E	-	-	E	E	E	L	L	-	-	-	-	-	-	E	E	E	E	-	-	-	-	L	L
-	-	L	L	L	L	L	-	-	L	L	L	L	-	-	-	-	-	L	L	-	-	L	L	L	L	L	-
E	L	L	-	-	L	L	L	L	-	-	-	-	E	L	L	L	L	-	-	-	E	E	E	E	-	-	-
L	L	-	-	E	E	E	E	E	-	-	-	E	L	L	-	-	L	L	-	-	E	E	L	L	L	-	-
-	-	E	L	L	-	-	E	L	L	L	-	-	-	L	L	L	L	-	-	-	L	L	-	-	L	L	L
L	-	-	L	L	L	L	-	-	E	E	E	-	-	-	E	E	L	L	-	-	-	E	E	-	-	L	L
Objective 0: 4829
Objective 1: 89
Constr violation: -1
Restrictions violated:
0 0 0 0 0 0 1 0 

Individual 49
1	2	3	4	5	6	7	8	9	10	11	12	13	14	15	16	17	18	19	20	21	22	23	24	25	26	27	28
E	E	E	E	-	-	-	E	E	E	E	E	-	-	E	E	E	-	-	-	L	L	-	-	E	E	L	L
E	E	E	E	E	-	-	E	E	E	-	-	-	-	E	E	-	-	E	E	-	-	E	E	E	-	-	E
E	E	E	E	-	-	-	E	E	E	E	L	-	-	-	-	E	E	E	E	-	-	E	E	-	-	-	E
L	-	-	E	E	E	E	E	-	-	L	L	-	-	E	E	E	E	L	-	-	E	E	E	-	-	-	-
E	E	E	E	E	-	-	E	E	E	L	L	-	-	-	-	-	-	E	E	E	E	-	-	-	-	L	L
-	-	L	L	L	L	L	-	-	L	L	L	L	-	-	-	-	-	L	L	-	-	L	L	L	L	L	-
E	L	L	L	L	-	-	L	L	-	-	-	-	E	L	L	L	L	-	-	-	E	E	E	E	-	-	-
L	L	-	-	E	E	E	E	E	-	-	-	E	L	L	-	-	L	L	-	-	E	E	L	L	L	-	-
-	-	E	L	L	L	L	-	-	L	L	L	-	-	L	L	L	L	-	-	-	L	L	-	-	L	L	L
L	-	-	L	L	L	L	-	-	E	E	E	-	-	-	E	E	L	L	-	-	-	E	E	-	-	L	L
Objective 0: 5133
Objective 1: 79
Constr violation: -1
Restrictions violated:
0 0 0 0 0 0 1 0 

Individual 50
1	2	3	4	5	6	7	8	9	10	11	12	13	14	15	16	17	18	19	20	21	22	23	24	25	26	27	28
E	E	E	E	-	-	-	E	E	E	E	E	-	-	E	E	E	E	L	-	-	L	L	-	-	-	L	L
E	E	E	E	-	-	-	E	E	-	-	-	E	E	E	-	-	E	E	-	-	E	E	E	E	-	-	E
E	L	L	L	-	-	-	E	E	E	E	L	-	-	-	-	E	E	E	E	-	-	E	E	-	-	E	E
L	-	-	E	E	E	E	E	-	-	L	L	-	-	E	E	E	E	L	-	-	E	E	E	E	E	-	-
E	E	E	E	E	-	-	E	E	E	L	L	-	-	-	-	-	-	E	E	E	E	-	-	-	-	L	L
-	-	L	L	L	L	L	-	-	L	L	L	L	-	-	-	-	-	L	L	-	-	L	L	L	L	L	-
E	L	L	L	L	-	-	E	E	-	-	-	-	E	L	L	L	L	-	-	-	E	E	E	E	-	-	-
L	L	-	-	E	E	E	E	E	-	-	-	E	L	L	-	-	L	L	-	-	E	E	L	L	L	-	-
-	-	E	L	L	-	-	E	L	L	L	-	-	-	L	L	L	L	-	-	-	L	L	-	-	L	L	L
L	-	-	L	L	L	L	-	-	E	E	E	-	-	-	E	E	L	L	-	-	-	E	E	-	-	L	L
Objective 0: 5135
Objective 1: 96
Constr violation: -1
Restrictions violated:
0 0 0 0 0 0 1 0 

Individual 51
1	2	3	4	5	6	7	8	9	10	11	12	13	14	15	16	17	18	19	20	21	22	23	24	25	26	27	28
E	E	E	E	-	-	-	E	E	E	E	E	-	-	E	E	E	-	-	-	L	L	-	-	E	E	L	L
E	E	E	E	E	-	-	E	E	-	-	-	E	E	E	-	-	E	E	-	-	E	E	E	E	-	-	E
E	L	L	L	-	-	-	E	E	E	E	L	-	-	-	-	E	E	E	E	-	-	E	E	-	-	-	E
L	-	-	E	E	E	E	E	-	-	L	L	-	-	E	E	E	E	-	-	L	L	-	-	E	E	-	-
E	E	E	E	E	-	-	E	E	E	L	L	-	-	-	-	-	-	E	E	E	E	-	-	-	-	L	L
-	-	L	L	L	L	L	-	-	L	L	L	L	-	-	-	-	-	L	L	-	-	L	L	L	L	L	-
E	L	L	L	L	-	-	E	E	-	-	-	-	E	L	L	L	L	-	-	-	E	E	E	E	-	-	-
L	L	-	-	E	E	E	E	E	-	-	-	E	L	L	-	-	L	L	-	-	E	E	L	L	L	-	-
-	-	E	L	L	-	-	E	L	L	L	-	-	-	L	L	L	L	-	-	-	L	L	-	-	L	L	L
L	-	-	L	L	L	L	-	-	E	E	E	-	-	-	E	E	L	L	-	-	-	E	E	-	-	L	L
Objective 0: 4830
Objective 1: 101
Constr violation: -1
Restrictions violated:
0 0 0 0 0 0 1 0 

Individual 52
1	2	3	4	5	6	7	8	9	10	11	12	13	14	15	16	17	18	19	20	21	22	23	24	25	26	27	28
E	E	E	E	-	-	-	E	E	E	E	E	-	-	E	E	E	-	-	-	L	L	-	-	E	E	L	L
E	E	E	E	E	-	-	E	E	E	-	-	-	-	E	E	-	-	E	E	-	-	E	E	E	-	-	E
E	E	E	E	E	-	-	E	E	E	E	L	-	-	-	-	E	E	E	E	-	-	-	E	E	-	-	E
L	-	-	E	E	E	E	E	-	-	L	L	-	-	E	E	E	E	L	-	-	E	E	E	-	-	E	E
E	E	E	E	E	-	-	E	E	E	L	L	-	-	-	-	-	-	E	E	E	E	-	-	-	-	L	L
-	-	L	L	L	L	L	-	-	L	L	L	L	-	-	-	-	-	L	L	-	-	L	L	L	L	L	-
E	L	L	-	-	L	L	L	L	-	-	-	-	E	L	L	L	L	-	-	-	E	E	E	E	-	-	-
L	L	-	-	E	E	E	E	E	-	-	-	E	L	L	-	-	L	L	-	-	E	E	L	L	L	-	-
-	-	E	L	L	-	-	E	L	L	L	L	-	-	L	L	L	L	-	-	-	L	L	-	-	L	L	L
L	-	-	L	L	L	L	-	-	E	E	E	-	-	-	E	E	L	L	-	-	-	E	E	-	-	L	L
Objective 0: 4732
Objective 1: 76
Constr violation: -1
Restrictions violated:
0 0 0 0 0 0 1 0 

Individual 53
1	2	3	4	5	6	7	8	9	10	11	12	13	14	15	16	17	18	19	20	21	22	23	24	25	26	27	28
E	E	E	E	-	-	-	E	E	E	E	E	-	-	E	E	E	-	-	-	L	L	L	-	-	-	-	E
E	E	E	E	-	-	-	E	E	-	-	-	E	E	E	-	-	E	E	-	-	E	E	E	E	-	-	E
E	L	L	L	-	-	-	E	E	E	E	L	-	-	-	-	E	E	E	E	-	-	E	E	-	-	-	E
L	-	-	E	E	E	E	E	-	-	L	L	-	-	E	E	E	E	-	-	L	L	-	-	E	E	-	-
E	E	E	E	E	-	-	E	E	E	L	L	-	-	-	-	-	-	E	E	E	E	-	-	-	-	L	L
-	-	L	L	L	L	L	-	-	L	L	L	L	-	-	-	-	-	L	L	-	-	L	L	L	L	L	-
E	L	L	-	-	L	L	L	L	-	-	-	-	E	L	L	L	L	-	-	-	E	E	E	E	-	-	-
L	L	-	-	E	E	E	E	E	-	-	-	E	L	L	-	-	L	L	-	-	E	E	L	L	L	-	-
-	-	E	L	L	-	-	E	L	L	L	-	-	-	L	L	L	L	-	-	-	L	L	-	-	L	L	L
L	-	-	L	L	L	L	-	-	E	E	E	-	-	-	E	E	L	L	-	-	-	E	E	-	-	L	L
Objective 0: 4524
Objective 1: 92
Constr violation: -1
Restrictions violated:
0 0 0 0 0 0 1 0 

Individual 54
1	2	3	4	5	6	7	8	9	10	11	12	13	14	15	16	17	18	19	20	21	22	23	24	25	26	27	28
E	E	E	E	-	-	-	E	E	E	E	E	-	-	E	E	E	-	-	-	L	L	L	-	-	-	-	E
E	E	E	E	E	-	-	E	E	E	-	-	E	E	E	-	-	E	E	-	-	E	E	E	E	-	-	E
E	E	E	E	E	-	-	E	E	E	E	L	-	-	-	-	E	E	E	E	-	-	E	E	-	-	-	E
L	-	-	E	E	E	-	-	E	E	L	L	-	-	E	E	E	E	-	-	L	L	-	-	E	E	-	-
E	E	E	E	E	-	-	E	E	E	L	L	-	-	-	-	-	-	E	E	E	E	-	-	-	-	L	L
-	-	L	L	L	L	L	-	-	L	L	L	L	-	-	-	-	-	L	L	-	-	L	L	L	L	L	-
E	L	L	L	L	-	-	E	E	E	-	-	-	E	L	L	L	L	-	-	-	E	E	E	E	-	-	-
L	L	-	-	E	E	E	E	E	-	-	-	E	L	L	-	-	L	L	-	-	E	E	L	L	L	-	-
-	-	E	L	L	-	-	E	L	L	L	-	-	-	L	L	L	L	-	-	-	L	L	-	-	L	L	L
L	-	-	L	L	L	L	-	-	E	E	E	-	-	-	E	E	L	L	-	-	-	E	E	-	-	L	L
Objective 0: 5235
Objective 1: 91
Constr violation: -1
Restrictions violated:
0 0 0 0 0 0 1 0 

Individual 55
1	2	3	4	5	6	7	8	9	10	11	12	13	14	15	16	17	18	19	20	21	22	23	24	25	26	27	28
E	E	E	E	-	-	-	E	E	E	E	E	-	-	E	E	E	E	L	-	-	L	L	-	-	-	L	L
E	E	E	E	E	-	-	E	E	E	-	-	E	E	E	-	-	E	E	-	-	E	E	E	E	-	-	E
E	E	E	E	E	-	-	E	E	E	E	L	-	-	-	-	E	E	E	E	-	-	E	E	-	-	-	E
L	-	-	E	E	E	-	-	E	E	L	L	-	-	E	E	E	E	L	-	-	E	E	E	-	-	-	-
E	E	E	E	E	-	-	E	E	E	L	L	-	-	-	-	-	-	E	E	E	E	-	-	-	-	L	L
-	-	L	L	L	L	L	-	-	L	L	L	L	-	-	-	-	-	L	L	-	-	L	L	L	L	L	-
E	L	L	L	L	-	-	L	L	-	-	-	-	E	L	L	L	L	-	-	-	E	E	E	E	-	-	-
L	L	-	-	E	E	E	E	E	-	-	-	E	L	L	-	-	L	L	-	-	E	E	L	L	L	-	-
-	-	E	L	L	-	-	E	L	L	L	-	-	-	L	L	L	L	-	-	-	L	L	-	-	L	L	L
L	-	-	L	L	L	L	-	-	E	E	E	-	-	-	E	E	L	L	-	-	-	E	E	-	-	L	L
Objective 0: 5539
Objective 1: 82
Constr violation: -1
Restrictions violated:
0 0 0 0 0 0 1 0 

Individual 56
1	2	3	4	5	6	7	8	9	10	11	12	13	14	15	16	17	18	19	20	21	22	23	24	25	26	27	28
E	E	E	E	-	-	-	E	E	E	E	E	-	-	E	E	E	E	L	-	-	L	L	-	-	-	L	L
E	E	E	E	E	-	-	E	E	E	-	-	E	E	E	-	-	E	E	-	-	E	E	E	E	-	-	E
E	L	L	L	-	-	-	-	E	E	E	L	-	-	-	-	E	E	E	E	-	-	E	E	-	-	E	E
L	-	-	E	E	E	E	E	-	-	L	L	-	-	E	E	E	E	L	-	-	E	E	E	-	-	E	E
E	E	E	E	E	-	-	E	E	E	L	L	-	-	-	-	-	-	E	E	E	E	-	-	-	-	L	L
-	-	L	L	L	L	L	-	-	L	L	L	L	-	-	-	-	-	L	L	-	-	L	L	L	L	L	-
E	L	L	L	L	-	-	E	E	-	-	-	-	E	L	L	L	L	-	-	-	E	E	E	E	-	-	-
L	L	-	-	E	E	E	E	E	-	-	-	E	L	L	-	-	L	L	-	-	E	E	L	L	L	-	-
-	-	E	L	L	-	-	E	L	L	L	-	-	-	L	L	L	L	-	-	-	L	L	-	-	L	L	L
L	-	-	L	L	L	L	-	-	E	E	E	-	-	-	E	E	L	L	-	-	-	E	E	-	-	L	L
Objective 0: 5136
Objective 1: 97
Constr violation: -1
Restrictions violated:
0 0 0 0 0 0 1 0 

Individual 57
1	2	3	4	5	6	7	8	9	10	11	12	13	14	15	16	17	18	19	20	21	22	23	24	25	26	27	28
E	E	E	E	-	-	-	E	E	E	E	E	-	-	E	E	E	-	-	-	L	L	L	-	-	-	-	E
E	E	E	E	E	-	-	E	E	E	-	-	E	E	E	-	-	E	E	-	-	E	E	E	E	-	-	E
E	E	E	E	E	-	-	E	E	E	E	L	-	-	-	-	E	E	E	E	-	-	E	E	-	-	-	E
L	-	-	E	E	E	-	-	E	E	L	L	-	-	E	E	E	E	L	-	-	E	E	E	-	-	-	-
E	E	E	E	E	-	-	E	E	E	L	L	-	-	-	-	-	-	E	E	E	E	-	-	-	-	L	L
-	-	L	L	L	L	L	-	-	L	L	L	L	-	-	-	-	-	L	L	-	-	L	L	L	L	L	-
E	L	L	-	-	L	L	L	L	-	-	-	-	E	L	L	L	L	-	-	-	E	E	E	E	-	-	-
L	L	-	-	E	E	E	E	E	-	-	-	E	L	L	-	-	L	L	-	-	E	E	L	L	L	-	-
-	-	E	L	L	L	L	-	-	L	L	L	-	-	L	L	L	L	-	-	-	L	L	-	-	L	L	L
L	-	-	L	L	L	L	-	-	E	E	E	-	-	-	E	E	L	L	-	-	-	E	E	-	-	L	L
Objective 0: 5235
Objective 1: 77
Constr violation: -1
Restrictions violated:
0 0 0 0 0 0 1 0 

Individual 58
1	2	3	4	5	6	7	8	9	10	11	12	13	14	15	16	17	18	19	20	21	22	23	24	25	26	27	28
E	E	E	E	-	-	-	E	E	E	E	E	-	-	E	E	E	E	L	-	-	L	L	-	-	-	L	L
E	E	E	E	E	-	-	E	E	E	-	-	E	E	E	-	-	E	E	-	-	E	E	E	E	-	-	E
E	E	E	E	E	-	-	E	E	E	E	L	-	-	-	-	E	E	E	E	-	-	E	E	-	-	E	E
L	-	-	E	E	E	E	E	-	-	L	L	-	-	E	E	E	E	L	-	-	E	E	E	-	-	-	-
E	E	E	E	E	-	-	E	E	E	L	L	-	-	-	-	-	-	E	E	E	E	-	-	-	-	L	L
-	-	L	L	L	L	L	-	-	L	L	L	L	-	-	-	-	-	L	L	-	-	L	L	L	L	L	-
E	L	L	-	-	L	L	L	L	-	-	-	-	E	L	L	L	L	-	-	-	E	E	E	E	-	-	-
L	L	-	-	E	E	E	E	E	-	-	-	E	L	L	-	-	L	L	-	-	E	E	L	L	L	-	-
-	-	E	L	L	-	-	E	L	L	L	-	-	-	L	L	L	L	-	-	-	L	L	-	-	L	L	L
L	-	-	L	L	L	L	-	-	E	E	E	-	-	-	E	E	L	L	-	-	-	E	E	-	-	L	L
Objective 0: 5136
Objective 1: 79
Constr violation: -1
Restrictions violated:
0 0 0 0 0 0 1 0 

Individual 59
1	2	3	4	5	6	7	8	9	10	11	12	13	14	15	16	17	18	19	20	21	22	23	24	25	26	27	28
E	E	E	E	-	-	-	E	E	E	E	E	-	-	E	E	E	-	-	-	L	L	-	-	E	E	L	L
E	E	E	E	E	-	-	E	E	E	-	-	E	E	E	-	-	E	E	-	-	E	E	E	E	-	-	E
E	E	E	E	E	-	-	E	E	E	E	L	-	-	-	-	E	E	E	E	-	-	E	E	-	-	E	E
L	-	-	E	E	E	-	-	E	E	L	L	-	-	E	E	E	E	L	-	-	E	E	E	-	-	E	E
E	E	E	E	E	-	-	E	E	E	L	L	-	-	-	-	-	-	E	E	E	E	-	-	-	-	L	L
-	-	L	L	L	L	L	-	-	L	L	L	L	-	-	-	-	-	L	L	-	-	L	L	L	L	L	-
E	L	L	-	-	L	L	L	L	-	-	-	-	E	L	L	L	L	-	-	-	E	E	E	E	-	-	-
L	L	-	-	E	E	E	E	E	-	-	-	E	L	L	-	-	L	L	-	-	E	E	L	L	L	-	-
-	-	E	L	L	L	L	-	-	L	L	L	-	-	L	L	L	L	-	-	-	L	L	-	-	L	L	L
L	-	-	L	L	L	L	-	-	E	E	E	-	-	-	E	E	L	L	-	-	-	E	E	-	-	L	L
Objective 0: 4836
Objective 1: 75
Constr violation: -1
Restrictions violated:
0 0 0 0 0 0 1 0 

Individual 60
1	2	3	4	5	6	7	8	9	10	11	12	13	14	15	16	17	18	19	20	21	22	23	24	25	26	27	28
E	E	E	E	-	-	-	E	E	E	E	E	-	-	E	E	E	-	-	-	L	L	L	-	-	-	L	L
E	E	E	E	E	-	-	E	E	-	-	-	E	E	E	-	-	E	E	-	-	E	E	E	E	-	-	E
E	L	L	L	-	-	-	E	E	E	E	L	-	-	-	-	E	E	E	E	-	-	E	E	-	-	-	E
L	-	-	E	E	E	-	-	E	E	L	L	-	-	E	E	E	E	L	-	-	E	E	E	E	E	-	-
E	E	E	E	E	-	-	E	E	E	L	L	-	-	-	-	-	-	E	E	E	E	-	-	-	-	L	L
-	-	L	L	L	L	L	-	-	L	L	L	L	-	-	-	-	-	L	L	-	-	L	L	L	L	L	-
E	L	L	-	-	L	L	L	L	-	-	-	-	E	L	L	L	L	-	-	-	E	E	E	E	-	-	-
L	L	-	-	E	E	E	E	E	-	-	-	E	L	L	-	-	L	L	-	-	E	E	L	L	L	-	-
-	-	E	L	L	L	L	-	-	L	L	L	-	-	L	L	L	L	-	-	-	L	L	-	-	L	L	L
L	-	-	L	L	L	L	-	-	E	E	E	-	-	-	E	E	L	L	-	-	-	E	E	-	-	L	L
Objective 0: 4933
Objective 1: 85
Constr violation: -1
Restrictions violated:
0 0 0 0 0 0 1 0 

Individual 61
1	2	3	4	5	6	7	8	9	10	11	12	13	14	15	16	17	18	19	20	21	22	23	24	25	26	27	28
E	E	E	E	-	-	-	E	E	E	E	E	-	-	E	E	E	-	-	-	L	L	-	-	E	E	L	L
E	E	E	E	E	-	-	E	E	E	-	-	E	E	E	-	-	E	E	-	-	E	E	E	E	-	-	E
E	E	E	E	E	-	-	E	E	E	E	L	-	-	-	-	E	E	E	E	-	-	E	E	-	-	E	E
L	-	-	E	E	E	-	-	E	E	L	L	-	-	E	E	E	E	L	-	-	E	E	E	-	-	E	E
E	E	E	E	E	-	-	E	E	E	L	L	-	-	-	-	-	-	E	E	E	E	-	-	-	-	L	L
-	-	L	L	L	L	L	-	-	L	L	L	L	-	-	-	-	-	L	L	-	-	L	L	L	L	L	-
E	L	L	-	-	L	L	L	L	-	-	-	-	E	L	L	L	L	-	-	-	E	E	E	E	-	-	-
L	L	-	-	E	E	E	E	E	-	-	-	E	L	L	-	-	L	L	-	-	E	E	L	L	L	-	-
-	-	E	L	L	L	L	-	-	L	L	L	-	-	L	L	L	L	-	-	-	L	L	-	-	L	L	L
L	-	-	L	L	L	L	-	-	E	E	E	-	-	-	E	E	L	L	-	-	-	E	E	-	-	L	L
Objective 0: 4836
Objective 1: 75
Constr violation: -1
Restrictions violated:
0 0 0 0 0 0 1 0 

Individual 62
1	2	3	4	5	6	7	8	9	10	11	12	13	14	15	16	17	18	19	20	21	22	23	24	25	26	27	28
E	E	E	E	-	-	-	E	E	E	E	E	-	-	E	E	E	E	L	-	-	L	L	-	-	-	L	L
E	E	E	E	E	-	-	E	E	E	-	-	E	E	E	-	-	E	E	-	-	E	E	E	E	-	-	E
E	E	E	E	E	-	-	E	E	E	E	L	-	-	-	-	E	E	E	E	-	-	E	E	-	-	E	E
L	-	-	E	E	E	-	-	E	E	L	L	-	-	E	E	E	E	L	-	-	E	E	E	E	E	-	-
E	E	E	E	E	-	-	E	E	E	L	L	-	-	-	-	-	-	E	E	E	E	-	-	-	-	L	L
-	-	L	L	L	L	L	-	-	L	L	L	L	-	-	-	-	-	L	L	-	-	L	L	L	L	L	-
E	L	L	L	L	-	-	L	L	-	-	-	-	E	L	L	L	L	-	-	-	E	E	E	E	-	-	-
L	L	-	-	E	E	E	E	E	-	-	-	E	L	L	-	-	L	L	-	-	E	E	L	L	L	-	-
-	-	E	L	L	-	-	E	L	L	L	L	-	-	L	L	L	L	-	-	-	L	L	-	-	L	L	L
L	-	-	L	L	L	L	-	-	E	E	E	-	-	-	E	E	L	L	-	-	-	E	E	-	-	L	L
Objective 0: 5240
Objective 1: 78
Constr violation: -1
Restrictions violated:
0 0 0 0 0 0 1 0 

Individual 63
1	2	3	4	5	6	7	8	9	10	11	12	13	14	15	16	17	18	19	20	21	22	23	24	25	26	27	28
E	E	E	E	-	-	-	E	E	E	E	E	-	-	E	E	E	-	-	-	L	L	L	-	-	-	-	E
E	E	E	E	E	-	-	E	E	E	-	-	-	-	E	E	-	-	E	E	-	-	E	E	E	-	-	E
E	E	E	L	-	-	-	-	E	E	E	L	-	-	-	-	E	E	E	E	-	-	E	E	-	-	E	E
L	-	-	E	E	E	E	E	-	-	L	L	-	-	E	E	E	E	-	-	L	L	-	-	E	E	-	-
E	E	E	E	E	-	-	E	E	E	L	L	-	-	-	-	-	-	E	E	E	E	-	-	-	-	L	L
-	-	L	L	L	L	L	-	-	L	L	L	L	-	-	-	-	-	L	L	-	-	L	L	L	L	L	-
E	L	L	L	L	-	-	E	E	-	-	-	-	E	L	L	L	L	-	-	-	E	E	E	E	-	-	-
L	L	-	-	E	E	E	E	E	-	-	-	E	L	L	-	-	L	L	-	-	E	E	L	L	L	-	-
-	-	E	L	L	-	-	E	L	L	L	-	-	-	L	L	L	L	-	-	-	L	L	-	-	L	L	L
L	-	-	L	L	L	L	-	-	E	E	E	-	-	-	E	E	L	L	-	-	-	E	E	-	-	L	L
Objective 0: 5231
Objective 1: 91
Constr violation: -1
Restrictions violated:
0 0 0 0 0 0 1 0 

Individual 64
1	2	3	4	5	6	7	8	9	10	11	12	13	14	15	16	17	18	19	20	21	22	23	24	25	26	27	28
E	E	E	E	-	-	-	E	E	E	E	E	-	-	E	E	E	-	-	-	L	L	L	-	-	-	-	E
E	E	E	E	E	-	-	E	E	E	-	-	-	-	E	E	-	-	E	E	-	-	E	E	E	-	-	E
E	E	E	E	-	-	-	E	E	E	E	L	-	-	-	-	E	E	E	E	-	-	E	E	-	-	-	E
L	-	-	E	E	E	E	E	-	-	L	L	-	-	E	E	E	E	L	-	-	E	E	E	-	-	-	-
E	E	E	E	E	-	-	E	E	E	L	L	-	-	-	-	-	-	E	E	E	E	-	-	-	-	L	L
-	-	L	L	L	L	L	-	-	L	L	L	L	-	-	-	-	-	L	L	-	-	L	L	L	L	L	-
E	L	L	L	L	-	-	E	E	E	-	-	-	E	L	L	L	L	-	-	E	E	E	E	E	-	-	-
L	L	-	-	E	E	E	E	E	-	-	-	E	L	L	-	-	L	L	-	-	E	E	L	L	L	-	-
-	-	E	L	L	-	-	E	L	L	L	L	-	-	L	L	L	L	-	-	-	L	L	-	-	L	L	L
L	-	-	L	L	L	L	-	-	E	E	E	-	-	-	E	E	L	L	-	-	-	E	E	-	-	L	L
Objective 0: 5436
Objective 1: 85
Constr violation: -1
Restrictions violated:
0 0 0 0 0 0 1 0 

Individual 65
1	2	3	4	5	6	7	8	9	10	11	12	13	14	15	16	17	18	19	20	21	22	23	24	25	26	27	28
E	E	E	E	-	-	-	E	E	E	E	E	-	-	E	E	E	-	-	-	L	L	L	-	-	-	-	E
E	E	E	E	E	-	-	E	E	E	-	-	-	-	E	E	-	-	E	E	-	-	E	E	E	-	-	E
E	E	E	E	E	-	-	E	E	E	E	L	-	-	-	-	E	E	E	E	-	-	E	E	-	-	-	E
L	-	-	E	E	E	-	-	E	E	L	L	-	-	E	E	E	E	L	-	-	E	E	E	-	-	-	-
E	E	E	E	E	-	-	E	E	E	L	L	-	-	-	-	-	-	E	E	E	E	-	-	-	-	L	L
-	-	L	L	L	L	L	-	-	L	L	L	L	-	-	-	-	-	L	L	-	-	L	L	L	L	L	-
E	L	L	L	L	-	-	E	E	E	-	-	-	E	L	L	L	L	-	-	E	E	E	E	E	-	-	-
L	L	-	-	E	E	E	E	E	-	-	-	E	L	L	-	-	L	L	-	-	E	E	L	L	L	-	-
-	-	E	L	L	-	-	E	L	L	L	L	-	-	L	L	L	L	-	-	-	L	L	-	-	L	L	L
L	-	-	L	L	L	L	-	-	E	E	E	-	-	-	E	E	L	L	-	-	-	E	E	-	-	L	L
Objective 0: 5538
Objective 1: 83
Constr violation: -1
Restrictions violated:
0 0 0 0 0 0 1 0 

Individual 66
1	2	3	4	5	6	7	8	9	10	11	12	13	14	15	16	17	18	19	20	21	22	23	24	25	26	27	28
E	E	E	E	-	-	-	E	E	E	E	E	-	-	E	E	E	E	L	-	-	L	L	-	-	-	L	L
E	E	E	E	E	-	-	E	E	E	-	-	E	E	E	-	-	E	E	-	-	E	E	E	E	-	-	E
E	E	E	E	E	-	-	E	E	E	E	L	-	-	-	-	E	E	E	E	-	-	E	E	-	-	E	E
L	-	-	E	E	E	-	-	E	E	L	L	-	-	E	E	E	E	L	-	-	E	E	E	-	-	E	E
E	E	E	E	E	-	-	E	E	E	L	L	-	-	-	-	-	-	E	E	E	E	-	-	-	-	L	L
-	-	L	L	L	L	L	-	-	L	L	L	L	-	-	-	-	-	L	L	-	-	L	L	L	L	L	-
E	L	L	L	L	-	-	E	E	E	-	-	-	E	L	L	L	L	-	-	E	E	E	E	E	-	-	-
L	L	-	-	E	E	E	E	E	-	-	-	E	L	L	-	-	L	L	-	-	E	E	L	L	L	-	-
-	-	E	L	L	L	L	-	-	L	L	L	-	-	L	L	L	L	-	-	-	L	L	-	-	L	L	L
L	-	-	L	L	L	L	-	-	E	E	E	-	-	-	E	E	L	L	-	-	-	E	E	-	-	L	L
Objective 0: 5242
Objective 1: 84
Constr violation: -1
Restrictions violated:
0 0 0 0 0 0 1 0 

Individual 67
1	2	3	4	5	6	7	8	9	10	11	12	13	14	15	16	17	18	19	20	21	22	23	24	25	26	27	28
E	E	E	E	-	-	-	E	E	E	E	E	-	-	E	E	E	-	-	-	L	L	L	-	-	-	-	E
E	E	E	E	E	-	-	E	E	E	-	-	-	-	E	E	-	-	E	E	-	-	E	E	E	-	-	E
E	E	E	E	-	-	-	E	E	E	E	L	-	-	-	-	E	E	E	E	-	-	E	E	-	-	-	E
L	-	-	E	E	E	E	E	-	-	L	L	-	-	E	E	E	E	-	-	L	L	-	-	E	E	-	-
E	E	E	E	E	-	-	E	E	E	L	L	-	-	-	-	-	-	E	E	E	E	-	-	-	-	L	L
-	-	L	L	L	L	L	-	-	L	L	L	L	-	-	-	-	-	L	L	-	-	L	L	L	L	L	-
E	L	L	-	-	L	L	L	L	-	-	-	-	E	L	L	L	L	-	-	-	E	E	E	E	-	-	-
L	L	-	-	E	E	E	E	E	-	-	-	E	L	L	-	-	L	L	-	-	E	E	L	L	L	-	-
-	-	E	L	L	-	-	E	L	L	L	-	-	-	L	L	L	L	-	-	-	L	L	-	-	L	L	L
L	-	-	L	L	L	L	-	-	E	E	E	-	-	-	E	E	L	L	-	-	-	E	E	-	-	L	L
Objective 0: 4928
Objective 1: 81
Constr violation: -1
Restrictions violated:
0 0 0 0 0 0 1 0 

Individual 68
1	2	3	4	5	6	7	8	9	10	11	12	13	14	15	16	17	18	19	20	21	22	23	24	25	26	27	28
E	E	E	E	-	-	-	E	E	E	E	E	-	-	E	E	E	-	-	-	L	L	L	-	-	-	-	E
E	E	E	E	E	-	-	E	E	E	-	-	-	-	E	E	-	-	E	E	-	-	E	E	E	-	-	E
E	E	E	E	-	-	-	E	E	E	E	L	-	-	-	-	E	E	E	E	-	-	E	E	-	-	-	E
L	-	-	E	E	E	E	E	-	-	L	L	-	-	E	E	E	E	-	-	L	L	-	-	E	E	-	-
E	E	E	E	E	-	-	E	E	E	L	L	-	-	-	-	-	-	E	E	E	E	-	-	-	-	L	L
-	-	L	L	L	L	L	-	-	L	L	L	L	-	-	-	-	-	L	L	-	-	L	L	L	L	L	-
E	L	L	-	-	L	L	L	L	-	-	-	-	E	L	L	L	L	-	-	-	E	E	E	E	-	-	-
L	L	-	-	E	E	E	E	E	-	-	-	E	L	L	-	-	L	L	-	-	E	E	L	L	L	-	-
-	-	E	L	L	-	-	E	L	L	L	-	-	-	L	L	L	L	-	-	-	L	L	-	-	L	L	L
L	-	-	L	L	L	L	-	-	E	E	E	-	-	-	E	E	L	L	-	-	-	E	E	-	-	L	L
Objective 0: 4928
Objective 1: 81
Constr violation: -1
Restrictions violated:
0 0 0 0 0 0 1 0 

Individual 69
1	2	3	4	5	6	7	8	9	10	11	12	13	14	15	16	17	18	19	20	21	22	23	24	25	26	27	28
E	E	E	E	-	-	-	E	E	E	E	E	-	-	E	E	E	-	-	-	L	L	L	-	-	-	-	E
E	E	E	E	-	-	-	E	E	-	-	-	E	E	E	-	-	E	E	-	-	E	E	E	E	-	-	E
E	L	L	L	-	-	-	-	E	E	E	L	-	-	-	-	E	E	E	E	-	-	E	E	-	-	E	E
L	-	-	E	E	E	E	E	-	-	L	L	-	-	E	E	E	E	-	-	L	L	-	-	E	E	-	-
E	E	E	E	E	-	-	E	E	E	L	L	-	-	-	-	-	-	E	E	E	E	-	-	-	-	L	L
-	-	L	L	L	L	L	-	-	L	L	L	L	-	-	-	-	-	L	L	-	-	L	L	L	L	L	-
E	L	L	L	L	-	-	L	L	-	-	-	-	E	L	L	L	L	-	-	-	E	E	E	E	-	-	-
L	L	-	-	E	E	E	E	E	-	-	-	E	L	L	-	-	L	L	-	-	E	E	L	L	L	-	-
-	-	E	L	L	-	-	E	L	L	L	-	-	-	L	L	L	L	-	-	-	L	L	-	-	L	L	L
L	-	-	L	L	L	L	-	-	E	E	E	-	-	-	E	E	L	L	-	-	-	E	E	-	-	L	L
Objective 0: 4625
Objective 1: 96
Constr violation: -1
Restrictions violated:
0 0 0 0 0 0 1 0 

Individual 70
1	2	3	4	5	6	7	8	9	10	11	12	13	14	15	16	17	18	19	20	21	22	23	24	25	26	27	28
E	E	E	E	-	-	-	E	E	E	E	E	-	-	E	E	E	-	-	-	L	L	-	-	E	E	L	L
E	E	E	E	E	-	-	E	E	-	-	-	E	E	E	-	-	E	E	-	-	E	E	E	E	-	-	E
E	E	E	E	E	-	-	-	E	E	E	L	-	-	-	-	E	E	E	E	-	-	E	E	-	-	E	E
L	-	-	E	E	E	E	E	-	-	L	L	-	-	E	E	E	E	-	-	L	L	-	-	E	E	-	-
E	E	E	E	E	-	-	E	E	E	L	L	-	-	-	-	-	-	E	E	E	E	-	-	-	-	L	L
-	-	L	L	L	L	L	-	-	L	L	L	L	-	-	-	-	-	L	L	-	-	L	L	L	L	L	-
E	L	L	L	L	-	-	E	E	-	-	-	-	E	L	L	L	L	-	-	-	E	E	E	E	-	-	-
L	L	-	-	E	E	E	E	E	-	-	-	E	L	L	-	-	L	L	-	-	E	E	L	L	L	-	-
-	-	E	L	L	-	-	E	L	L	L	L	-	-	L	L	L	L	-	-	-	L	L	-	-	L	L	L
L	-	-	L	L	L	L	-	-	E	E	E	-	-	-	E	E	L	L	-	-	-	E	E	-	-	L	L
Objective 0: 4933
Objective 1: 94
Constr violation: -1
Restrictions violated:
0 0 0 0 0 0 1 0 

Individual 71
1	2	3	4	5	6	7	8	9	10	11	12	13	14	15	16	17	18	19	20	21	22	23	24	25	26	27	28
E	E	E	E	-	-	-	E	E	E	E	E	-	-	E	E	E	-	-	-	L	L	-	-	E	E	L	L
E	E	E	E	E	-	-	E	E	E	-	-	-	-	E	E	-	-	E	E	-	-	E	E	E	-	-	E
E	E	E	E	E	-	-	E	E	E	E	L	-	-	-	-	E	E	E	E	-	-	-	E	E	-	-	E
L	-	-	E	E	E	E	E	-	-	L	L	-	-	E	E	E	E	L	-	-	E	E	E	-	-	E	E
E	E	E	E	E	-	-	E	E	E	L	L	-	-	-	-	-	-	E	E	E	E	-	-	-	-	L	L
-	-	L	L	L	L	L	-	-	L	L	L	L	-	-	-	-	-	L	L	-	-	L	L	L	L	L	-
E	L	L	-	-	L	L	L	L	-	-	-	-	E	L	L	L	L	-	-	-	E	E	E	E	-	-	-
L	L	-	-	E	E	E	E	E	-	-	-	E	L	L	-	-	L	L	-	-	E	E	L	L	L	-	-
-	-	E	L	L	-	-	E	L	L	L	L	-	-	L	L	L	L	-	-	-	L	L	-	-	L	L	L
L	-	-	L	L	L	L	-	-	E	E	E	-	-	-	E	E	L	L	-	-	-	E	E	-	-	L	L
Objective 0: 4732
Objective 1: 76
Constr violation: -1
Restrictions violated:
0 0 0 0 0 0 1 0 

Individual 72
1	2	3	4	5	6	7	8	9	10	11	12	13	14	15	16	17	18	19	20	21	22	23	24	25	26	27	28
E	E	E	E	-	-	-	E	E	E	E	E	-	-	E	E	E	-	-	-	L	L	L	-	-	-	-	E
E	E	E	E	-	-	-	E	E	-	-	-	E	E	E	-	-	E	E	-	-	E	E	E	E	-	-	E
E	L	L	L	-	-	-	E	E	E	E	L	-	-	-	-	E	E	E	E	-	-	E	E	-	-	-	E
L	-	-	E	E	E	E	E	-	-	L	L	-	-	E	E	E	E	-	-	L	L	-	-	E	E	-	-
E	E	E	E	E	-	-	E	E	E	L	L	-	-	-	-	-	-	E	E	E	E	-	-	-	-	L	L
-	-	L	L	L	L	L	-	-	L	L	L	L	-	-	-	-	-	L	L	-	-	L	L	L	L	L	-
E	L	L	-	-	L	L	L	L	-	-	-	-	E	L	L	L	L	-	-	-	E	E	E	E	-	-	-
L	L	-	-	E	E	E	E	E	-	-	-	E	L	L	-	-	L	L	-	-	E	E	L	L	L	-	-
-	-	E	L	L	-	-	E	L	L	L	-	-	-	L	L	L	L	-	-	-	L	L	-	-	L	L	L
L	-	-	L	L	L	L	-	-	E	E	E	-	-	-	E	E	L	L	-	-	-	E	E	-	-	L	L
Objective 0: 4524
Objective 1: 92
Constr violation: -1
Restrictions violated:
0 0 0 0 0 0 1 0 

Individual 73
1	2	3	4	5	6	7	8	9	10	11	12	13	14	15	16	17	18	19	20	21	22	23	24	25	26	27	28
E	E	E	E	-	-	-	E	E	E	E	E	-	-	E	E	E	-	-	-	L	L	L	-	-	-	-	E
E	E	E	E	-	-	-	E	E	-	-	-	E	E	E	-	-	E	E	-	-	E	E	E	E	-	-	E
E	L	L	L	-	-	-	E	E	E	E	L	-	-	-	-	E	E	E	E	-	-	E	E	-	-	-	E
L	-	-	E	E	E	E	E	-	-	L	L	-	-	E	E	E	E	-	-	L	L	-	-	E	E	-	-
E	E	E	E	E	-	-	E	E	E	L	L	-	-	-	-	-	-	E	E	E	E	-	-	-	-	L	L
-	-	L	L	L	L	L	-	-	L	L	L	L	-	-	-	-	-	L	L	-	-	L	L	L	L	L	-
E	L	L	L	L	-	-	E	E	E	-	-	-	E	L	L	L	L	-	-	E	E	E	E	E	-	-	-
L	L	-	-	E	E	E	E	E	-	-	-	E	L	L	-	-	L	L	-	-	E	E	L	L	L	-	-
-	-	E	L	L	L	L	-	-	L	L	L	-	-	L	L	L	L	-	-	-	L	L	-	-	L	L	L
L	-	-	L	L	L	L	-	-	E	E	E	-	-	-	E	E	L	L	-	-	-	E	E	-	-	L	L
Objective 0: 4729
Objective 1: 99
Constr violation: -1
Restrictions violated:
0 0 0 0 0 0 1 0 

Individual 74
1	2	3	4	5	6	7	8	9	10	11	12	13	14	15	16	17	18	19	20	21	22	23	24	25	26	27	28
E	E	E	E	-	-	-	E	E	E	E	E	-	-	E	E	E	-	-	-	L	L	L	-	-	-	-	E
E	E	E	E	E	-	-	E	E	E	-	-	E	E	E	-	-	E	E	-	-	E	E	E	E	-	-	E
E	E	E	E	-	-	-	E	E	E	E	L	-	-	-	-	E	E	E	E	-	-	E	E	-	-	-	E
L	-	-	E	E	E	E	E	-	-	L	L	-	-	E	E	E	E	-	-	L	L	-	-	E	E	-	-
E	E	E	E	E	-	-	E	E	E	L	L	-	-	-	-	-	-	E	E	E	E	-	-	-	-	L	L
-	-	L	L	L	L	L	-	-	L	L	L	L	-	-	-	-	-	L	L	-	-	L	L	L	L	L	-
E	L	L	L	L	-	-	L	L	-	-	-	-	E	L	L	L	L	-	-	-	E	E	E	E	-	-	-
L	L	-	-	E	E	E	E	E	-	-	-	E	L	L	-	-	L	L	-	-	E	E	L	L	L	-	-
-	-	E	L	L	L	L	-	-	L	L	-	-	-	L	L	L	L	-	-	-	L	L	-	-	L	L	L
L	-	-	L	L	L	L	-	-	E	E	E	-	-	-	E	E	L	L	-	-	-	E	E	-	-	L	L
Objective 0: 4829
Objective 1: 87
Constr violation: -1
Restrictions violated:
0 0 0 0 0 0 1 0 

Individual 75
1	2	3	4	5	6	7	8	9	10	11	12	13	14	15	16	17	18	19	20	21	22	23	24	25	26	27	28
E	E	E	E	-	-	-	E	E	E	E	E	-	-	E	E	E	-	-	-	L	L	L	-	-	-	-	L
E	E	E	E	E	-	-	E	E	E	-	-	-	-	E	E	-	-	E	E	-	-	E	E	E	-	-	E
E	L	L	L	-	-	-	-	E	E	E	L	-	-	-	-	E	E	E	E	-	-	E	E	-	-	E	E
L	-	-	E	E	E	E	E	-	-	L	L	-	-	E	E	E	E	-	-	L	L	-	-	E	E	-	-
E	E	E	E	E	-	-	E	E	E	L	L	-	-	-	-	-	-	E	E	E	E	-	-	-	-	L	L
-	-	L	L	L	L	L	-	-	L	L	L	L	-	-	-	-	-	L	L	-	-	L	L	L	L	L	-
E	L	L	L	L	-	-	E	E	-	-	-	-	E	L	L	L	L	-	-	-	E	E	E	E	-	-	-
L	L	-	-	E	E	E	E	E	-	-	-	E	L	L	-	-	L	L	-	-	E	E	L	L	L	-	-
-	-	E	L	L	-	-	E	L	L	L	-	-	-	L	L	L	L	-	-	-	L	L	-	-	L	L	L
L	-	-	L	L	L	L	-	-	E	E	E	-	-	-	E	E	L	L	-	-	-	E	E	-	-	L	L
Objective 0: 5130
Objective 1: 97
Constr violation: -1
Restrictions violated:
0 0 0 0 0 0 1 0 

Individual 76
1	2	3	4	5	6	7	8	9	10	11	12	13	14	15	16	17	18	19	20	21	22	23	24	25	26	27	28
E	E	E	E	-	-	-	E	E	E	E	E	-	-	E	E	E	-	-	-	L	L	L	-	-	-	-	E
E	E	E	E	E	-	-	E	E	E	-	-	-	-	E	E	-	-	E	E	-	-	E	E	E	-	-	E
E	E	E	E	E	-	-	E	E	E	E	L	-	-	-	-	E	E	E	E	-	-	E	E	-	-	E	E
L	-	-	E	E	E	-	-	E	E	L	L	-	-	E	E	E	E	L	-	-	E	E	E	E	E	-	-
E	E	E	E	E	-	-	E	E	E	L	L	-	-	-	-	-	-	E	E	E	E	-	-	-	-	L	L
-	-	L	L	L	L	L	-	-	L	L	L	L	-	-	-	-	-	L	L	-	-	L	L	L	L	L	-
E	L	L	-	-	L	L	L	L	-	-	-	-	E	L	L	L	L	-	-	-	E	E	E	E	-	-	-
L	L	-	-	E	E	E	E	E	-	-	-	E	L	L	-	-	L	L	-	-	E	E	L	L	L	-	-
-	-	E	L	L	-	-	E	L	L	L	-	-	-	L	L	L	L	-	-	-	L	L	-	-	L	L	L
L	-	-	L	L	L	L	-	-	E	E	E	-	-	-	E	E	L	L	-	-	-	E	E	-	-	L	L
Objective 0: 4932
Objective 1: 74
Constr violation: -1
Restrictions violated:
0 0 0 0 0 0 1 0 

Individual 77
1	2	3	4	5	6	7	8	9	10	11	12	13	14	15	16	17	18	19	20	21	22	23	24	25	26	27	28
E	E	E	E	-	-	-	E	E	E	E	E	-	-	E	E	E	-	-	-	L	L	L	-	-	-	-	E
E	E	E	E	-	-	-	E	E	-	-	-	E	E	E	-	-	E	E	-	-	E	E	E	E	-	-	E
E	L	L	L	-	-	-	E	E	E	E	L	-	-	-	-	E	E	E	E	-	-	E	E	-	-	-	E
L	-	-	E	E	E	E	E	-	-	L	L	-	-	E	E	E	E	-	-	L	L	-	-	E	E	-	-
E	E	E	E	E	-	-	E	E	E	L	L	-	-	-	-	-	-	E	E	E	E	-	-	-	-	L	L
-	-	L	L	L	L	L	-	-	L	L	L	L	-	-	-	-	-	L	L	-	-	L	L	L	L	L	-
E	L	L	L	L	-	-	E	E	-	-	-	-	E	L	L	L	L	-	-	-	E	E	E	E	-	-	-
L	L	-	-	E	E	E	E	E	-	-	-	E	L	L	-	-	L	L	-	-	E	E	L	L	L	-	-
-	-	E	L	L	-	-	E	L	L	L	-	-	-	L	L	L	L	-	-	-	L	L	-	-	L	L	L
L	-	-	L	L	L	L	-	-	E	E	E	-	-	-	E	E	L	L	-	-	-	E	E	-	-	L	L
Objective 0: 4928
Objective 1: 101
Constr violation: -1
Restrictions violated:
0 0 0 0 0 0 1 0 

Individual 78
1	2	3	4	5	6	7	8	9	10	11	12	13	14	15	16	17	18	19	20	21	22	23	24	25	26	27	28
E	E	E	E	-	-	-	E	E	E	E	E	-	-	E	E	E	-	-	-	L	L	-	-	E	E	L	L
E	E	E	E	E	-	-	E	E	E	-	-	-	-	E	E	-	-	E	E	-	-	E	E	E	-	-	E
E	L	L	L	-	-	-	-	E	E	E	L	-	-	-	-	E	E	E	E	-	-	E	E	-	-	E	E
L	-	-	E	E	E	E	E	-	-	L	L	-	-	E	E	E	E	-	-	L	L	-	-	E	E	-	-
E	E	E	E	E	-	-	E	E	E	L	L	-	-	-	-	-	-	E	E	E	E	-	-	-	-	L	L
-	-	L	L	L	L	L	-	-	L	L	L	L	-	-	-	-	-	L	L	-	-	L	L	L	L	L	-
E	L	L	-	-	L	L	L	L	-	-	-	-	E	L	L	L	L	-	-	-	E	E	E	E	-	-	-
L	L	-	-	E	E	E	E	E	-	-	-	E	L	L	-	-	L	L	-	-	E	E	L	L	L	-	-
-	-	E	L	L	-	-	E	L	L	L	-	-	-	L	L	L	L	-	-	-	L	L	-	-	L	L	L
L	-	-	L	L	L	L	-	-	E	E	E	-	-	-	E	E	L	L	-	-	-	E	E	-	-	L	L
Objective 0: 4526
Objective 1: 88
Constr violation: -1
Restrictions violated:
0 0 0 0 0 0 1 0 

Individual 79
1	2	3	4	5	6	7	8	9	10	11	12	13	14	15	16	17	18	19	20	21	22	23	24	25	26	27	28
E	E	E	E	-	-	-	E	E	E	E	E	-	-	E	E	E	E	L	-	-	L	L	-	-	-	L	L
E	E	E	E	E	-	-	E	E	E	-	-	E	E	E	-	-	E	E	-	-	E	E	E	E	-	-	E
E	E	E	E	E	-	-	E	E	E	E	L	-	-	-	-	E	E	E	E	-	-	E	E	-	-	-	E
L	-	-	E	E	E	-	-	E	E	L	L	-	-	E	E	E	E	L	-	-	E	E	E	-	-	-	-
E	E	E	E	E	-	-	E	E	E	L	L	-	-	-	-	-	-	E	E	E	E	-	-	-	-	L	L
-	-	L	L	L	L	L	-	-	L	L	L	L	-	-	-	-	-	L	L	-	-	L	L	L	L	L	-
E	L	L	-	-	L	L	L	L	-	-	-	-	E	L	L	L	L	-	-	-	E	E	E	E	-	-	-
L	L	-	-	E	E	E	E	E	-	-	-	E	L	L	-	-	L	L	-	-	E	E	L	L	L	-	-
-	-	E	L	L	-	-	E	L	L	L	-	-	-	L	L	L	L	-	-	-	L	L	-	-	L	L	L
L	-	-	L	L	L	L	-	-	E	E	E	-	-	-	E	E	L	L	-	-	-	E	E	-	-	L	L
Objective 0: 5337
Objective 1: 79
Constr violation: -1
Restrictions violated:
0 0 0 0 0 0 1 0 

Individual 80
1	2	3	4	5	6	7	8	9	10	11	12	13	14	15	16	17	18	19	20	21	22	23	24	25	26	27	28
E	E	E	E	-	-	-	E	E	E	E	E	-	-	E	E	E	-	-	-	L	L	-	-	E	E	L	L
E	E	E	E	E	-	-	E	E	E	-	-	E	E	E	-	-	E	E	-	-	E	E	E	E	-	-	E
E	L	L	L	-	-	-	E	E	E	E	L	-	-	-	-	E	E	E	E	L	-	-	E	E	-	-	E
L	-	-	E	E	E	E	E	-	-	L	L	-	-	E	E	E	E	-	-	L	L	-	-	E	E	-	-
E	E	E	E	E	-	-	E	E	E	L	L	-	-	-	-	-	-	E	E	E	E	-	-	-	-	L	L
-	-	L	L	L	L	L	-	-	L	L	L	L	-	-	-	-	-	L	L	-	-	L	L	L	L	L	-
E	L	L	-	-	L	L	L	L	-	-	-	-	E	L	L	L	L	-	-	-	E	E	E	E	-	-	-
L	L	-	-	E	E	E	E	E	-	-	-	E	L	L	-	-	L	L	-	-	E	E	L	L	L	-	-
-	-	E	L	L	-	-	E	L	L	L	-	-	-	L	L	L	L	-	-	-	L	L	-	-	L	L	L
L	-	-	L	L	L	L	-	-	E	E	E	-	-	-	E	E	L	L	-	-	-	E	E	-	-	L	L
Objective 0: 4428
Objective 1: 90
Constr violation: -1
Restrictions violated:
0 0 0 0 0 0 1 0 

Individual 81
1	2	3	4	5	6	7	8	9	10	11	12	13	14	15	16	17	18	19	20	21	22	23	24	25	26	27	28
E	E	E	E	-	-	-	E	E	E	E	E	-	-	E	E	E	E	L	-	-	L	L	-	-	-	L	L
E	E	E	E	E	-	-	E	E	E	-	-	E	E	E	-	-	E	E	-	-	E	E	E	E	-	-	E
E	E	E	E	E	-	-	E	E	E	E	L	-	-	-	-	E	E	E	E	-	-	E	E	-	-	E	E
L	-	-	E	E	E	-	-	E	E	L	L	-	-	E	E	E	E	L	-	-	E	E	E	-	-	E	E
E	E	E	E	E	-	-	E	E	E	L	L	-	-	-	-	-	-	E	E	E	E	-	-	-	-	L	L
-	-	L	L	L	L	L	-	-	L	L	L	L	-	-	-	-	-	L	L	-	-	L	L	L	L	L	-
E	L	L	L	L	-	-	E	E	-	-	-	-	E	L	L	L	L	-	-	-	E	E	E	E	-	-	-
L	L	-	-	E	E	E	E	E	-	-	-	E	L	L	-	-	L	L	-	-	E	E	L	L	L	-	-
-	-	E	L	L	-	-	E	L	L	L	L	-	-	L	L	L	L	-	-	-	L	L	-	-	L	L	L
L	-	-	L	L	L	L	-	-	E	E	E	-	-	-	E	E	L	L	-	-	-	E	E	-	-	L	L
Objective 0: 5442
Objective 1: 84
Constr violation: -1
Restrictions violated:
0 0 0 0 0 0 1 0 

Individual 82
1	2	3	4	5	6	7	8	9	10	11	12	13	14	15	16	17	18	19	20	21	22	23	24	25	26	27	28
E	E	E	E	-	-	-	E	E	E	E	E	-	-	E	E	E	-	-	-	L	L	L	-	-	-	-	E
E	E	E	E	-	-	-	E	E	-	-	-	E	E	E	-	-	E	E	-	-	E	E	E	E	-	-	E
E	E	E	E	-	-	-	E	E	E	E	L	-	-	-	-	E	E	E	E	-	-	E	E	-	-	-	E
L	-	-	E	E	E	E	E	-	-	L	L	-	-	E	E	E	E	L	-	-	E	E	E	-	-	-	-
E	E	E	E	E	-	-	E	E	E	L	L	-	-	-	-	-	-	E	E	E	E	-	-	-	-	L	L
-	-	L	L	L	L	L	-	-	L	L	L	L	-	-	-	-	-	L	L	-	-	L	L	L	L	L	-
E	L	L	L	L	-	-	E	E	E	-	-	-	E	L	L	L	L	-	-	E	E	E	E	E	-	-	-
L	L	-	-	E	E	E	E	E	-	-	-	E	L	L	-	-	L	L	-	-	E	E	L	L	L	-	-
-	-	E	L	L	-	-	E	L	L	L	-	-	-	L	L	L	L	-	-	-	L	L	-	-	L	L	L
L	-	-	L	L	L	L	-	-	E	E	E	-	-	-	E	E	L	L	-	-	-	E	E	-	-	L	L
Objective 0: 5334
Objective 1: 92
Constr violation: -1
Restrictions violated:
0 0 0 0 0 0 1 0 

Individual 83
1	2	3	4	5	6	7	8	9	10	11	12	13	14	15	16	17	18	19	20	21	22	23	24	25	26	27	28
E	E	E	E	-	-	-	E	E	E	E	E	-	-	E	E	E	-	-	-	L	L	-	-	E	E	L	L
E	E	E	E	E	-	-	E	E	E	-	-	-	-	E	E	-	-	E	E	-	-	E	E	E	-	-	E
E	E	E	E	E	-	-	E	E	E	E	L	-	-	-	-	E	E	E	E	-	-	-	E	E	-	-	E
L	-	-	E	E	E	E	E	-	-	L	L	-	-	E	E	E	E	L	-	-	E	E	E	-	-	E	E
E	E	E	E	E	-	-	E	E	E	L	L	-	-	-	-	-	-	E	E	E	E	-	-	-	-	L	L
-	-	L	L	L	L	L	-	-	L	L	L	L	-	-	-	-	-	L	L	-	-	L	L	L	L	L	-
E	L	L	-	-	L	L	L	L	-	-	-	-	E	L	L	L	L	-	-	-	E	E	E	E	-	-	-
L	L	-	-	E	E	E	E	E	-	-	-	E	L	L	-	-	L	L	-	-	E	E	L	L	L	-	-
-	-	E	L	L	L	L	-	-	L	L	L	-	-	L	L	L	L	-	-	-	L	L	-	-	L	L	L
L	-	-	L	L	L	L	-	-	E	E	E	-	-	-	E	E	L	L	-	-	-	E	E	-	-	L	L
Objective 0: 4833
Objective 1: 76
Constr violation: -1
Restrictions violated:
0 0 0 0 0 0 1 0 

Individual 84
1	2	3	4	5	6	7	8	9	10	11	12	13	14	15	16	17	18	19	20	21	22	23	24	25	26	27	28
E	E	E	E	-	-	-	E	E	E	E	E	-	-	E	E	E	-	-	-	L	L	L	-	-	-	-	E
E	E	E	E	-	-	-	E	E	-	-	-	E	E	E	-	-	E	E	-	-	E	E	E	E	-	-	E
E	L	L	L	-	-	-	-	E	E	E	L	-	-	-	-	E	E	E	E	L	-	-	E	E	-	-	E
L	-	-	E	E	E	E	E	-	-	L	L	-	-	E	E	E	E	L	-	-	E	E	E	-	-	E	E
E	E	E	E	E	-	-	E	E	E	L	L	-	-	-	-	-	-	E	E	E	E	-	-	-	-	L	L
-	-	L	L	L	L	L	-	-	L	L	L	L	-	-	-	-	-	L	L	-	-	L	L	L	L	L	-
E	L	L	-	-	L	L	L	L	-	-	-	-	E	L	L	L	L	-	-	-	E	E	E	E	-	-	-
L	L	-	-	E	E	E	E	E	-	-	-	E	L	L	-	-	L	L	-	-	E	E	L	L	L	-	-
-	-	E	L	L	-	-	E	L	L	L	-	-	-	L	L	L	L	-	-	-	L	L	-	-	L	L	L
L	-	-	L	L	L	L	-	-	E	E	E	-	-	-	E	E	L	L	-	-	-	E	E	-	-	L	L
Objective 0: 4425
Objective 1: 92
Constr violation: -1
Restrictions violated:
0 0 0 0 0 0 1 0 

Individual 85
1	2	3	4	5	6	7	8	9	10	11	12	13	14	15	16	17	18	19	20	21	22	23	24	25	26	27	28
E	E	E	E	-	-	-	E	E	E	E	E	-	-	E	E	E	-	-	-	L	L	-	-	E	E	L	L
E	E	E	E	E	-	-	E	E	-	-	-	E	E	E	-	-	E	E	-	-	E	E	E	E	-	-	E
E	L	L	L	-	-	-	-	E	E	E	L	-	-	-	-	E	E	E	E	L	-	-	E	E	-	-	E
L	-	-	E	E	E	E	E	-	-	L	L	-	-	E	E	E	E	L	-	-	E	E	E	-	-	E	E
E	E	E	E	E	-	-	E	E	E	L	L	-	-	-	-	-	-	E	E	E	E	-	-	-	-	L	L
-	-	L	L	L	L	L	-	-	L	L	L	L	-	-	-	-	-	L	L	-	-	L	L	L	L	L	-
E	L	L	-	-	L	L	L	L	-	-	-	-	E	L	L	L	L	-	-	-	E	E	E	E	-	-	-
L	L	-	-	E	E	E	E	E	-	-	-	E	L	L	-	-	L	L	-	-	E	E	L	L	L	-	-
-	-	E	L	L	-	-	E	L	L	L	-	-	-	L	L	L	L	-	-	-	L	L	-	-	L	L	L
L	-	-	L	L	L	L	-	-	E	E	E	-	-	-	E	E	L	L	-	-	-	E	E	-	-	L	L
Objective 0: 4327
Objective 1: 92
Constr violation: -1
Restrictions violated:
0 0 0 0 0 0 1 0 

Individual 86
1	2	3	4	5	6	7	8	9	10	11	12	13	14	15	16	17	18	19	20	21	22	23	24	25	26	27	28
E	E	E	E	-	-	-	E	E	E	E	E	-	-	E	E	E	-	-	-	L	L	L	-	-	-	-	E
E	E	E	E	-	-	-	E	E	-	-	-	E	E	E	-	-	E	E	-	-	E	E	E	E	-	-	E
E	L	L	L	-	-	-	-	E	E	E	L	-	-	-	-	E	E	E	E	-	-	E	E	-	-	E	E
L	-	-	E	E	E	E	E	-	-	L	L	-	-	E	E	E	E	-	-	L	L	-	-	E	E	-	-
E	E	E	E	E	-	-	E	E	E	L	L	-	-	-	-	-	-	E	E	E	E	-	-	-	-	L	L
-	-	L	L	L	L	L	-	-	L	L	L	L	-	-	-	-	-	L	L	-	-	L	L	L	L	L	-
E	L	L	L	L	-	-	L	L	-	-	-	-	E	L	L	L	L	-	-	-	E	E	E	E	-	-	-
L	L	-	-	E	E	E	E	E	-	-	-	E	L	L	-	-	L	L	-	-	E	E	L	L	L	-	-
-	-	E	L	L	-	-	E	L	L	L	-	-	-	L	L	L	L	-	-	-	L	L	-	-	L	L	L
L	-	-	L	L	L	L	-	-	E	E	E	-	-	-	E	E	L	L	-	-	-	E	E	-	-	L	L
Objective 0: 4625
Objective 1: 96
Constr violation: -1
Restrictions violated:
0 0 0 0 0 0 1 0 

Individual 87
1	2	3	4	5	6	7	8	9	10	11	12	13	14	15	16	17	18	19	20	21	22	23	24	25	26	27	28
E	E	E	E	-	-	-	E	E	E	E	E	-	-	E	E	E	-	-	-	L	L	-	-	E	E	L	L
E	E	E	E	E	-	-	E	E	E	-	-	-	-	E	E	-	-	E	E	-	-	E	E	E	-	-	E
E	E	E	E	E	-	-	E	E	E	E	L	-	-	-	-	E	E	E	E	-	-	-	E	E	-	-	E
L	-	-	E	E	E	E	E	-	-	L	L	-	-	E	E	E	E	L	-	-	E	E	E	-	-	E	E
E	E	E	E	E	-	-	E	E	E	L	L	-	-	-	-	-	-	E	E	E	E	-	-	-	-	L	L
-	-	L	L	L	L	L	-	-	L	L	L	L	-	-	-	-	-	L	L	-	-	L	L	L	L	L	-
E	L	L	L	L	-	-	E	E	E	-	-	-	E	L	L	L	L	-	-	-	E	E	E	E	-	-	-
L	L	-	-	E	E	E	E	E	-	-	-	E	L	L	-	-	L	L	-	-	E	E	L	L	L	-	-
-	-	E	L	L	-	-	E	L	L	L	L	-	-	L	L	L	L	-	-	-	L	L	-	-	L	L	L
L	-	-	L	L	L	L	-	-	E	E	E	-	-	-	E	E	L	L	-	-	-	E	E	-	-	L	L
Objective 0: 5137
Objective 1: 85
Constr violation: -1
Restrictions violated:
0 0 0 0 0 0 1 0 

Individual 88
1	2	3	4	5	6	7	8	9	10	11	12	13	14	15	16	17	18	19	20	21	22	23	24	25	26	27	28
E	E	E	E	-	-	-	E	E	E	E	E	-	-	E	E	E	-	-	-	L	L	L	-	-	-	-	E
E	E	E	E	E	-	-	E	E	-	-	-	E	E	E	-	-	E	E	-	-	E	E	E	E	-	-	E
E	L	L	L	-	-	-	E	E	E	E	L	-	-	-	-	E	E	E	E	-	-	E	E	-	-	-	E
L	-	-	E	E	E	-	-	E	E	L	L	-	-	E	E	E	E	L	-	-	E	E	E	E	E	-	-
E	E	E	E	E	-	-	E	E	E	L	L	-	-	-	-	-	-	E	E	E	E	-	-	-	-	L	L
-	-	L	L	L	L	L	-	-	L	L	L	L	-	-	-	-	-	L	L	-	-	L	L	L	L	L	-
E	L	L	-	-	L	L	L	L	-	-	-	-	E	L	L	L	L	-	-	-	E	E	E	E	-	-	-
L	L	-	-	E	E	E	E	E	-	-	-	E	L	L	-	-	L	L	-	-	E	E	L	L	L	-	-
-	-	E	L	L	L	L	-	-	L	L	L	-	-	L	L	L	L	-	-	-	L	L	-	-	L	L	L
L	-	-	L	L	L	L	-	-	E	E	E	-	-	-	E	E	L	L	-	-	-	E	E	-	-	L	L
Objective 0: 4831
Objective 1: 85
Constr violation: -1
Restrictions violated:
0 0 0 0 0 0 1 0 

Individual 89
1	2	3	4	5	6	7	8	9	10	11	12	13	14	15	16	17	18	19	20	21	22	23	24	25	26	27	28
E	E	E	E	-	-	-	E	E	E	E	E	-	-	E	E	E	-	-	-	L	L	-	-	E	E	L	L
E	E	E	E	E	-	-	E	E	E	-	-	E	E	E	-	-	E	E	-	-	E	E	E	E	-	-	E
E	L	L	L	-	-	-	-	E	E	E	L	-	-	-	-	E	E	E	E	L	-	-	E	E	-	-	E
L	-	-	E	E	E	E	E	-	-	L	L	-	-	E	E	E	E	L	-	-	E	E	E	-	-	E	E
E	E	E	E	E	-	-	E	E	E	L	L	-	-	-	-	-	-	E	E	E	E	-	-	-	-	L	L
-	-	L	L	L	L	L	-	-	L	L	L	L	-	-	-	-	-	L	L	-	-	L	L	L	L	L	-
E	L	L	-	-	L	L	L	L	-	-	-	-	E	L	L	L	L	-	-	-	E	E	E	E	-	-	-
L	L	-	-	E	E	E	E	E	-	-	-	E	L	L	-	-	L	L	-	-	E	E	L	L	L	-	-
-	-	E	L	L	-	-	E	L	L	L	-	-	-	L	L	L	L	-	-	-	L	L	-	-	L	L	L
L	-	-	L	L	L	L	-	-	E	E	E	-	-	-	E	E	L	L	-	-	-	E	E	-	-	L	L
Objective 0: 4328
Objective 1: 90
Constr violation: -1
Restrictions violated:
0 0 0 0 0 0 1 0 

Individual 90
1	2	3	4	5	6	7	8	9	10	11	12	13	14	15	16	17	18	19	20	21	22	23	24	25	26	27	28
E	E	E	E	-	-	-	E	E	E	E	E	-	-	E	E	E	-	-	-	L	L	-	-	E	E	L	L
E	E	E	E	-	-	-	E	E	-	-	-	E	E	E	-	-	E	E	-	-	E	E	E	E	-	-	E
E	L	L	L	-	-	-	-	E	E	E	L	-	-	-	-	E	E	E	E	-	-	E	E	-	-	E	E
L	-	-	E	E	E	E	E	-	-	L	L	-	-	E	E	E	E	-	-	L	L	-	-	E	E	-	-
E	E	E	E	E	-	-	E	E	E	L	L	-	-	-	-	-	-	E	E	E	E	-	-	-	-	L	L
-	-	L	L	L	L	L	-	-	L	L	L	L	-	-	-	-	-	L	L	-	-	L	L	L	L	L	-
E	L	L	L	L	-	-	E	E	-	-	-	-	E	L	L	L	L	-	-	-	E	E	E	E	-	-	-
L	L	-	-	E	E	E	E	E	-	-	-	E	L	L	-	-	L	L	-	-	E	E	L	L	L	-	-
-	-	E	L	L	-	-	E	L	L	L	-	-	-	L	L	L	L	-	-	-	L	L	-	-	L	L	L
L	-	-	L	L	L	L	-	-	E	E	E	-	-	-	E	E	L	L	-	-	-	E	E	-	-	L	L
Objective 0: 4728
Objective 1: 102
Constr violation: -1
Restrictions violated:
0 0 0 0 0 0 1 0 

Individual 91
1	2	3	4	5	6	7	8	9	10	11	12	13	14	15	16	17	18	19	20	21	22	23	24	25	26	27	28
E	E	E	E	-	-	-	E	E	E	E	E	-	-	E	E	E	-	-	-	L	L	L	-	-	-	-	E
E	E	E	E	-	-	-	E	E	-	-	-	E	E	E	-	-	E	E	-	-	E	E	E	E	-	-	E
E	L	L	L	-	-	-	E	E	E	E	L	-	-	-	-	E	E	E	E	-	-	E	E	-	-	-	E
L	-	-	E	E	E	-	-	E	E	L	L	-	-	E	E	E	E	L	-	-	E	E	E	E	E	-	-
E	E	E	E	E	-	-	E	E	E	L	L	-	-	-	-	-	-	E	E	E	E	-	-	-	-	L	L
-	-	L	L	L	L	L	-	-	L	L	L	L	-	-	-	-	-	L	L	-	-	L	L	L	L	L	-
E	L	L	L	L	-	-	L	L	-	-	-	-	E	L	L	L	L	-	-	-	E	E	E	E	-	-	-
L	L	-	-	E	E	E	E	E	-	-	-	E	L	L	-	-	L	L	-	-	E	E	L	L	L	-	-
-	-	E	L	L	-	-	E	L	L	L	L	-	-	L	L	L	L	-	-	-	L	L	-	-	L	L	L
L	-	-	L	L	L	L	-	-	E	E	E	-	-	-	E	E	L	L	-	-	-	E	E	-	-	L	L
Objective 0: 4931
Objective 1: 88
Constr violation: -1
Restrictions violated:
0 0 0 0 0 0 1 0 

Individual 92
1	2	3	4	5	6	7	8	9	10	11	12	13	14	15	16	17	18	19	20	21	22	23	24	25	26	27	28
E	E	E	E	-	-	-	E	E	E	E	E	-	-	E	E	E	-	-	-	L	L	L	-	-	-	-	E
E	E	E	E	E	-	-	E	E	E	-	-	E	E	E	-	-	E	E	-	-	E	E	E	E	-	-	E
E	E	E	E	E	-	-	E	E	E	E	L	-	-	-	-	E	E	E	E	-	-	E	E	-	-	-	E
L	-	-	E	E	E	-	-	E	E	L	L	-	-	E	E	E	E	L	-	-	E	E	E	E	E	-	-
E	E	E	E	E	-	-	E	E	E	L	L	-	-	-	-	-	-	E	E	E	E	-	-	-	-	L	L
-	-	L	L	L	L	L	-	-	L	L	L	L	-	-	-	-	-	L	L	-	-	L	L	L	L	L	-
E	L	L	L	L	-	-	L	L	-	-	-	-	E	L	L	L	L	-	-	-	E	E	E	E	-	-	-
L	L	-	-	E	E	E	E	E	-	-	-	E	L	L	-	-	L	L	-	-	E	E	L	L	L	-	-
-	-	E	L	L	L	L	-	-	L	L	-	-	-	L	L	L	L	-	-	-	L	L	-	-	L	L	L
L	-	-	L	L	L	L	-	-	E	E	E	-	-	-	E	E	L	L	-	-	-	E	E	-	-	L	L
Objective 0: 5034
Objective 1: 82
Constr violation: -1
Restrictions violated:
0 0 0 0 0 0 1 0 

Individual 93
1	2	3	4	5	6	7	8	9	10	11	12	13	14	15	16	17	18	19	20	21	22	23	24	25	26	27	28
E	E	E	E	-	-	-	E	E	E	E	E	-	-	E	E	E	E	L	-	-	L	L	-	-	-	L	L
E	E	E	E	E	-	-	E	E	E	-	-	E	E	E	-	-	E	E	-	-	E	E	E	E	-	-	E
E	L	L	L	-	-	-	E	E	E	E	L	-	-	-	-	E	E	E	E	-	-	E	E	-	-	E	E
L	-	-	E	E	E	E	E	-	-	L	L	-	-	E	E	E	E	L	-	-	E	E	E	-	-	E	E
E	E	E	E	E	-	-	E	E	E	L	L	-	-	-	-	-	-	E	E	E	E	-	-	-	-	L	L
-	-	L	L	L	L	L	-	-	L	L	L	L	-	-	-	-	-	L	L	-	-	L	L	L	L	L	-
E	L	L	-	-	L	L	L	L	-	-	-	-	E	L	L	L	L	-	-	-	E	E	E	E	-	-	-
L	L	-	-	E	E	E	E	E	-	-	-	E	L	L	-	-	L	L	-	-	E	E	L	L	L	-	-
-	-	E	L	L	-	-	E	L	L	L	L	-	-	L	L	L	L	-	-	-	L	L	-	-	L	L	L
L	-	-	L	L	L	L	-	-	E	E	E	-	-	-	E	E	L	L	-	-	-	E	E	-	-	L	L
Objective 0: 4734
Objective 1: 83
Constr violation: -1
Restrictions violated:
0 0 0 0 0 0 1 0 

Individual 94
1	2	3	4	5	6	7	8	9	10	11	12	13	14	15	16	17	18	19	20	21	22	23	24	25	26	27	28
E	E	E	E	-	-	-	E	E	E	E	E	-	-	E	E	E	-	-	-	L	L	-	-	E	E	L	L
E	E	E	E	-	-	-	E	E	-	-	-	E	E	E	-	-	E	E	-	-	E	E	E	E	-	-	E
E	L	L	L	-	-	-	-	E	E	E	L	-	-	-	-	E	E	E	E	-	-	E	E	-	-	E	E
L	-	-	E	E	E	E	E	-	-	L	L	-	-	E	E	E	E	-	-	L	L	-	-	E	E	-	-
E	E	E	E	E	-	-	E	E	E	L	L	-	-	-	-	-	-	E	E	E	E	-	-	-	-	L	L
-	-	L	L	L	L	L	-	-	L	L	L	L	-	-	-	-	-	L	L	-	-	L	L	L	L	L	-
E	L	L	-	-	L	L	L	L	-	-	-	-	E	L	L	L	L	-	-	-	E	E	E	E	-	-	-
L	L	-	-	E	E	E	E	E	-	-	-	E	L	L	-	-	L	L	-	-	E	E	L	L	L	-	-
-	-	E	L	L	-	-	E	L	L	L	-	-	-	L	L	L	L	-	-	-	L	L	-	-	L	L	L
L	-	-	L	L	L	L	-	-	E	E	E	-	-	-	E	E	L	L	-	-	-	E	E	-	-	L	L
Objective 0: 4324
Objective 1: 93
Constr violation: -1
Restrictions violated:
0 0 0 0 0 0 1 0 

Individual 95
1	2	3	4	5	6	7	8	9	10	11	12	13	14	15	16	17	18	19	20	21	22	23	24	25	26	27	28
E	E	E	E	-	-	-	E	E	E	E	E	-	-	E	E	E	-	-	-	L	L	L	-	-	-	-	E
E	E	E	E	E	-	-	E	E	E	-	-	-	-	E	E	-	-	E	E	-	-	E	E	E	-	-	E
E	E	E	E	E	-	-	E	E	E	E	L	-	-	-	-	E	E	E	E	-	-	E	E	-	-	E	E
L	-	-	E	E	E	-	-	E	E	L	L	-	-	E	E	E	E	L	-	-	E	E	E	E	E	-	-
E	E	E	E	E	-	-	E	E	E	L	L	-	-	-	-	-	-	E	E	E	E	-	-	-	-	L	L
-	-	L	L	L	L	L	-	-	L	L	L	L	-	-	-	-	-	L	L	-	-	L	L	L	L	L	-
E	L	L	L	L	-	-	E	E	-	-	-	-	E	L	L	L	L	-	-	-	E	E	E	E	-	-	-
L	L	-	-	E	E	E	E	E	-	-	-	E	L	L	-	-	L	L	-	-	E	E	L	L	L	-	-
-	-	E	L	L	-	-	E	L	L	L	-	-	-	L	L	L	L	-	-	-	L	L	-	-	L	L	L
L	-	-	L	L	L	L	-	-	E	E	E	-	-	-	E	E	L	L	-	-	-	E	E	-	-	L	L
Objective 0: 5336
Objective 1: 83
Constr violation: -1
Restrictions violated:
0 0 0 0 0 0 1 0 

Individual 96
1	2	3	4	5	6	7	8	9	10	11	12	13	14	15	16	17	18	19	20	21	22	23	24	25	26	27	28
E	E	E	E	-	-	-	E	E	E	E	E	-	-	E	E	E	-	-	-	L	L	L	-	-	-	-	E
E	E	E	E	E	-	-	E	E	E	-	-	-	-	E	E	-	-	E	E	-	-	E	E	E	-	-	E
E	L	L	L	-	-	-	E	E	E	E	L	-	-	-	-	E	E	E	E	L	-	-	E	E	-	-	E
L	-	-	E	E	E	E	E	-	-	L	L	-	-	E	E	E	E	L	-	-	E	E	E	-	-	E	E
E	E	E	E	E	-	-	E	E	E	L	L	-	-	-	-	-	-	E	E	E	E	-	-	-	-	L	L
-	-	L	L	L	L	L	-	-	L	L	L	L	-	-	-	-	-	L	L	-	-	L	L	L	L	L	-
E	L	L	L	L	-	-	L	L	-	-	-	-	E	L	L	L	L	-	-	E	E	E	E	E	-	-	-
L	L	-	-	E	E	E	E	E	-	-	-	E	L	L	-	-	L	L	-	-	E	E	L	L	L	-	-
-	-	E	L	L	-	-	E	L	L	L	L	-	-	L	L	L	L	-	-	-	L	L	-	-	L	L	L
L	-	-	L	L	L	L	-	-	E	E	E	-	-	-	E	E	L	L	-	-	-	E	E	-	-	L	L
Objective 0: 4630
Objective 1: 85
Constr violation: -1
Restrictions violated:
0 0 0 0 0 0 1 0 

Individual 97
1	2	3	4	5	6	7	8	9	10	11	12	13	14	15	16	17	18	19	20	21	22	23	24	25	26	27	28
E	E	E	E	-	-	-	E	E	E	E	E	-	-	E	E	E	-	-	-	L	L	L	-	-	-	-	E
E	E	E	E	E	-	-	E	E	E	-	-	-	-	E	E	-	-	E	E	-	-	E	E	E	-	-	E
E	E	E	E	-	-	-	E	E	E	E	L	-	-	-	-	E	E	E	E	-	-	E	E	-	-	-	E
L	-	-	E	E	E	E	E	-	-	L	L	-	-	E	E	E	E	L	-	-	E	E	E	-	-	-	-
E	E	E	E	E	-	-	E	E	E	L	L	-	-	-	-	-	-	E	E	E	E	-	-	-	-	L	L
-	-	L	L	L	L	L	-	-	L	L	L	L	-	-	-	-	-	L	L	-	-	L	L	L	L	L	-
E	L	L	L	L	-	-	L	L	-	-	-	-	E	L	L	L	L	-	-	-	E	E	E	E	-	-	-
L	L	-	-	E	E	E	E	E	-	-	-	E	L	L	-	-	L	L	-	-	E	E	L	L	L	-	-
-	-	E	L	L	L	L	-	-	L	L	L	-	-	L	L	L	L	-	-	-	L	L	-	-	L	L	L
L	-	-	L	L	L	L	-	-	E	E	E	-	-	-	E	E	L	L	-	-	-	E	E	-	-	L	L
Objective 0: 5232
Objective 1: 79
Constr violation: -1
Restrictions violated:
0 0 0 0 0 0 1 0 

Individual 98
1	2	3	4	5	6	7	8	9	10	11	12	13	14	15	16	17	18	19	20	21	22	23	24	25	26	27	28
E	E	E	E	-	-	-	E	E	E	E	E	-	-	E	E	E	-	-	-	L	L	-	-	E	E	L	L
E	E	E	E	E	-	-	E	E	-	-	-	E	E	E	-	-	E	E	-	-	E	E	E	E	-	-	E
E	L	L	L	-	-	-	E	E	E	E	L	-	-	-	-	E	E	E	E	-	-	E	E	-	-	-	E
L	-	-	E	E	E	-	-	E	E	L	L	-	-	E	E	E	E	L	-	-	E	E	E	-	-	E	E
E	E	E	E	E	-	-	E	E	E	L	L	-	-	-	-	-	-	E	E	E	E	-	-	-	-	L	L
-	-	L	L	L	L	L	-	-	L	L	L	L	-	-	-	-	-	L	L	-	-	L	L	L	L	L	-
E	L	L	L	L	-	-	E	E	E	-	-	-	E	L	L	L	L	-	-	E	E	E	E	E	-	-	-
L	L	-	-	E	E	E	E	E	-	-	-	E	L	L	-	-	L	L	-	-	E	E	L	L	L	-	-
-	-	E	L	L	L	L	-	-	L	L	L	-	-	L	L	L	L	-	-	-	L	L	-	-	L	L	L
L	-	-	L	L	L	L	-	-	E	E	E	-	-	-	E	E	L	L	-	-	-	E	E	-	-	L	L
Objective 0: 4835
Objective 1: 94
Constr violation: -1
Restrictions violated:
0 0 0 0 0 0 1 0 

Individual 99
1	2	3	4	5	6	7	8	9	10	11	12	13	14	15	16	17	18	19	20	21	22	23	24	25	26	27	28
E	E	E	E	-	-	-	E	E	E	E	E	-	-	E	E	E	-	-	-	L	L	L	-	-	-	-	E
E	E	E	E	-	-	-	E	E	-	-	-	E	E	E	-	-	E	E	-	-	E	E	E	E	-	-	E
E	L	L	L	-	-	-	E	E	E	E	L	-	-	-	-	E	E	E	E	L	-	-	E	E	-	-	E
L	-	-	E	E	E	E	E	-	-	L	L	-	-	E	E	E	E	L	-	-	E	E	E	-	-	E	E
E	E	E	E	E	-	-	E	E	E	L	L	-	-	-	-	-	-	E	E	E	E	-	-	-	-	L	L
-	-	L	L	L	L	L	-	-	L	L	L	L	-	-	-	-	-	L	L	-	-	L	L	L	L	L	-
E	L	L	L	L	-	-	E	E	E	-	-	-	E	L	L	L	L	-	-	E	E	E	E	E	-	-	-
L	L	-	-	E	E	E	E	E	-	-	-	E	L	L	-	-	L	L	-	-	E	E	L	L	L	-	-
-	-	E	L	L	L	L	-	-	L	L	L	-	-	L	L	L	L	-	-	-	L	L	-	-	L	L	L
L	-	-	L	L	L	L	-	-	E	E	E	-	-	-	E	E	L	L	-	-	-	E	E	-	-	L	L
Objective 0: 4631
Objective 1: 96
Constr violation: -1
Restrictions violated:
0 0 0 0 0 0 1 0 

