Individual 0
1	2	3	4	5	6	7	8	9	10	11	12	13	14	15	16	17	18	19	20	21	22	23	24	25	26	27	28
-	-	E	L	L	-	-	L	L	L	L	L	-	-	E	E	E	-	-	E	L	L	L	L	-	-	E	E
E	E	E	-	-	E	E	E	E	E	-	-	-	-	E	E	-	-	E	E	-	-	E	E	E	E	-	-
E	E	E	-	-	-	-	E	E	E	E	E	-	-	-	-	L	L	L	L	L	-	-	-	E	E	E	E
-	-	-	E	E	-	-	E	E	E	E	E	-	-	L	L	L	L	-	-	E	E	E	E	E	-	-	-
-	E	E	E	E	-	-	-	E	E	E	E	-	-	-	-	-	E	E	E	E	E	-	-	-	E	E	E
L	L	L	-	-	L	L	L	-	-	-	L	L	L	L	L	-	-	-	-	-	L	L	L	L	L	-	-
L	L	L	L	-	-	L	L	L	L	L	-	-	-	-	-	L	L	L	L	L	-	-	E	L	-	-	-
L	L	-	-	L	L	L	L	L	-	-	-	E	E	L	L	L	-	-	-	-	E	E	E	L	L	-	-
E	E	E	E	E	-	-	-	-	L	L	L	L	L	-	-	E	E	L	-	-	E	E	E	E	L	-	-
-	-	L	L	L	L	L	-	-	E	L	-	-	E	E	E	E	E	-	-	-	-	E	L	L	L	-	-
Objective 0: 3216
Objective 1: 14
Constr violation: -1
Restrictions violated:
1 0 0 0 0 0 0 0 

Individual 1
1	2	3	4	5	6	7	8	9	10	11	12	13	14	15	16	17	18	19	20	21	22	23	24	25	26	27	28
-	-	E	L	L	-	-	L	L	L	L	L	-	-	E	E	E	-	-	E	L	L	L	L	-	-	E	E
E	E	E	-	-	E	E	E	E	E	-	-	-	-	E	E	-	-	E	E	-	-	E	E	E	E	-	-
-	E	L	-	-	-	-	E	E	E	E	E	-	-	-	L	L	L	L	L	-	-	-	-	E	E	E	E
E	L	-	-	-	-	-	E	E	E	E	E	-	-	L	L	L	L	-	-	-	-	-	E	E	E	L	L
-	E	E	E	E	-	-	-	E	E	E	E	-	-	-	-	-	E	E	E	E	E	-	-	-	E	E	E
L	L	L	-	-	L	L	L	-	-	-	L	L	L	L	L	-	-	-	-	-	L	L	L	L	L	-	-
L	L	L	L	-	-	-	-	L	L	L	L	L	-	-	E	E	E	L	L	-	-	-	E	L	-	-	-
L	L	-	-	L	L	L	L	L	-	-	-	E	E	L	L	L	-	-	-	-	E	E	E	L	L	-	-
-	-	E	E	E	E	E	-	-	-	-	E	L	-	-	E	E	E	L	-	-	E	E	E	E	L	-	-
-	-	L	L	L	L	L	-	-	E	L	-	-	E	E	E	E	E	-	-	-	-	E	L	L	L	-	-
Objective 0: 2506
Objective 1: 39
Constr violation: -1
Restrictions violated:
1 0 0 0 0 0 0 0 

Individual 2
1	2	3	4	5	6	7	8	9	10	11	12	13	14	15	16	17	18	19	20	21	22	23	24	25	26	27	28
-	-	E	L	L	-	-	L	L	L	L	L	-	-	E	E	E	-	-	E	L	L	L	L	-	-	E	E
E	E	E	-	-	E	E	E	E	E	-	-	-	-	E	E	-	-	E	E	-	-	E	E	E	E	-	-
E	E	E	-	-	-	-	E	E	E	E	E	-	-	-	-	L	L	L	L	L	-	-	-	E	E	E	E
-	-	-	E	E	-	-	E	E	E	E	E	-	-	L	L	L	L	-	-	E	E	E	E	E	-	-	-
-	E	E	E	E	-	-	-	E	E	E	E	-	-	-	-	-	E	E	E	E	E	-	-	-	E	E	E
L	L	L	-	-	L	L	L	-	-	-	L	L	L	L	L	-	-	-	-	-	L	L	L	L	L	-	-
L	L	L	L	-	-	-	-	L	L	L	L	L	-	-	E	E	E	L	L	-	-	-	E	L	-	-	-
L	L	-	-	L	L	L	L	L	-	-	-	E	E	L	L	L	-	-	-	-	E	E	E	L	L	-	-
E	E	E	E	E	-	-	-	-	L	L	L	L	L	-	-	E	E	L	-	-	E	E	E	E	L	-	-
-	-	L	L	L	L	L	-	-	E	L	-	-	E	E	E	E	E	-	-	-	-	E	L	L	L	-	-
Objective 0: 3014
Objective 1: 23
Constr violation: -1
Restrictions violated:
1 0 0 0 0 0 0 0 

Individual 3
1	2	3	4	5	6	7	8	9	10	11	12	13	14	15	16	17	18	19	20	21	22	23	24	25	26	27	28
-	-	E	L	L	-	-	L	L	L	L	L	-	-	E	E	E	-	-	E	L	L	L	L	-	-	E	E
E	E	E	-	-	E	E	E	E	E	-	-	-	-	E	E	-	-	E	E	-	-	E	E	E	E	-	-
E	E	E	-	-	-	-	E	E	E	E	E	-	-	-	-	L	L	L	L	L	-	-	-	E	E	E	E
E	L	-	-	-	-	-	E	E	E	E	E	-	-	L	L	L	L	-	-	-	-	-	E	E	E	L	L
-	E	E	E	E	-	-	-	E	E	E	E	-	-	-	-	-	E	E	E	E	E	-	-	-	E	E	E
L	L	L	-	-	L	L	L	-	-	-	L	L	L	L	L	-	-	-	-	-	L	L	L	L	L	-	-
L	L	L	L	-	-	L	L	L	L	L	-	-	-	-	-	L	L	L	L	L	-	-	E	L	-	-	-
L	L	-	-	L	L	L	L	L	-	-	-	E	E	L	L	L	-	-	-	-	E	E	E	L	L	-	-
E	E	E	E	E	-	-	-	-	L	L	L	L	L	-	-	E	E	L	-	-	E	E	E	E	L	-	-
-	-	L	L	L	L	L	-	-	E	L	-	-	E	E	E	E	E	-	-	-	-	E	L	L	L	-	-
Objective 0: 3115
Objective 1: 17
Constr violation: -1
Restrictions violated:
1 0 0 0 0 0 0 0 

Individual 4
1	2	3	4	5	6	7	8	9	10	11	12	13	14	15	16	17	18	19	20	21	22	23	24	25	26	27	28
-	-	E	L	L	-	-	L	L	L	L	L	-	-	E	E	E	-	-	E	L	L	L	L	-	-	E	E
E	E	E	-	-	E	E	E	E	E	-	-	-	-	E	E	-	-	E	E	-	-	E	E	E	E	-	-
-	E	L	-	-	-	-	E	E	E	E	E	-	-	-	L	L	L	L	L	-	-	-	-	E	E	E	E
-	-	-	E	E	-	-	E	E	E	E	E	-	-	L	L	L	L	-	-	E	E	E	E	E	-	-	-
-	E	E	E	E	-	-	-	E	E	E	E	-	-	-	-	-	E	E	E	E	E	-	-	-	E	E	E
L	L	L	-	-	L	L	L	-	-	-	L	L	L	L	L	-	-	-	-	-	L	L	L	L	L	-	-
L	L	L	L	-	-	L	L	L	L	L	-	-	-	-	-	L	L	L	L	L	-	-	E	L	-	-	-
L	L	-	-	L	L	L	L	L	-	-	-	E	E	L	L	L	-	-	-	-	E	E	E	L	L	-	-
-	-	E	E	E	E	E	-	-	-	-	E	L	-	-	E	E	E	L	-	-	E	E	E	E	L	-	-
-	-	L	L	L	L	L	-	-	E	L	-	-	E	E	E	E	E	-	-	-	-	E	L	L	L	-	-
Objective 0: 2910
Objective 1: 27
Constr violation: -1
Restrictions violated:
1 0 0 0 0 0 0 0 

Individual 5
1	2	3	4	5	6	7	8	9	10	11	12	13	14	15	16	17	18	19	20	21	22	23	24	25	26	27	28
-	-	E	L	L	-	-	L	L	L	L	L	-	-	E	E	E	-	-	E	L	L	L	L	-	-	E	E
E	E	E	-	-	E	E	E	E	E	-	-	-	-	E	E	-	-	E	E	-	-	E	E	E	E	-	-
-	E	L	-	-	-	-	E	E	E	E	E	-	-	-	L	L	L	L	L	-	-	-	-	E	E	E	E
E	L	-	-	-	-	-	E	E	E	E	E	-	-	L	L	L	L	-	-	-	-	-	E	E	E	L	L
-	E	E	E	E	-	-	-	E	E	E	E	-	-	-	-	-	E	E	E	E	E	-	-	-	E	E	E
L	L	L	-	-	L	L	L	-	-	-	L	L	L	L	L	-	-	-	-	-	L	L	L	L	L	-	-
L	L	L	L	-	-	L	L	L	L	L	-	-	-	-	-	L	L	L	L	L	-	-	E	L	-	-	-
L	L	-	-	L	L	L	L	L	-	-	-	E	E	L	L	L	-	-	-	-	E	E	E	L	L	-	-
E	E	E	E	E	-	-	-	-	L	L	L	L	L	-	-	E	E	L	-	-	E	E	E	E	L	-	-
-	-	L	L	L	L	L	-	-	E	L	-	-	E	E	E	E	E	-	-	-	-	E	L	L	L	-	-
Objective 0: 2912
Objective 1: 20
Constr violation: -1
Restrictions violated:
1 0 0 0 0 0 0 0 

Individual 6
1	2	3	4	5	6	7	8	9	10	11	12	13	14	15	16	17	18	19	20	21	22	23	24	25	26	27	28
-	-	E	L	L	-	-	L	L	L	L	L	-	-	E	E	E	-	-	E	L	L	L	L	-	-	E	E
E	E	E	-	-	E	E	E	E	E	-	-	-	-	E	E	-	-	E	E	-	-	E	E	E	E	-	-
-	E	L	-	-	-	-	E	E	E	E	E	-	-	-	L	L	L	L	L	-	-	-	-	E	E	E	E
E	L	-	-	-	-	-	E	E	E	E	E	-	-	L	L	L	L	-	-	-	-	-	E	E	E	L	L
-	E	E	E	E	-	-	-	E	E	E	E	-	-	-	-	-	E	E	E	E	E	-	-	-	E	E	E
L	L	L	-	-	L	L	L	-	-	-	L	L	L	L	L	-	-	-	-	-	L	L	L	L	L	-	-
L	L	L	L	-	-	-	-	L	L	L	L	L	-	-	E	E	E	L	L	-	-	-	E	L	-	-	-
L	L	-	-	L	L	L	L	L	-	-	-	E	E	L	L	L	-	-	-	-	E	E	E	L	L	-	-
E	E	E	E	E	-	-	-	-	L	L	L	L	L	-	-	E	E	L	-	-	E	E	E	E	L	-	-
-	-	L	L	L	L	L	-	-	E	L	-	-	E	E	E	E	E	-	-	-	-	E	L	L	L	-	-
Objective 0: 2811
Objective 1: 29
Constr violation: -1
Restrictions violated:
1 0 0 0 0 0 0 0 

Individual 7
1	2	3	4	5	6	7	8	9	10	11	12	13	14	15	16	17	18	19	20	21	22	23	24	25	26	27	28
-	-	E	L	L	-	-	L	L	L	L	L	-	-	E	E	E	-	-	E	L	L	L	L	-	-	E	E
E	E	E	-	-	E	E	E	E	E	-	-	-	-	E	E	-	-	E	E	-	-	E	E	E	E	-	-
E	E	E	-	-	-	-	E	E	E	E	E	-	-	-	-	L	L	L	L	L	-	-	-	E	E	E	E
-	-	-	E	E	-	-	E	E	E	E	E	-	-	L	L	L	L	-	-	E	E	E	E	E	-	-	-
-	E	E	E	E	-	-	-	E	E	E	E	-	-	-	-	-	E	E	E	E	E	-	-	-	E	E	E
L	L	L	-	-	L	L	L	-	-	-	L	L	L	L	L	-	-	-	-	-	L	L	L	L	L	-	-
L	L	L	L	-	-	L	L	L	L	L	-	-	-	-	-	L	L	L	L	L	-	-	E	L	-	-	-
L	L	-	-	L	L	L	L	L	-	-	-	E	E	L	L	L	-	-	-	-	E	E	E	L	L	-	-
-	-	E	E	E	E	E	-	-	E	L	L	-	-	-	E	E	E	L	-	-	E	E	E	E	L	-	-
-	-	L	L	L	L	L	-	-	E	L	-	-	E	E	E	E	E	-	-	-	-	E	L	L	L	-	-
Objective 0: 3114
Objective 1: 22
Constr violation: -1
Restrictions violated:
1 0 0 0 0 0 0 0 

Individual 8
1	2	3	4	5	6	7	8	9	10	11	12	13	14	15	16	17	18	19	20	21	22	23	24	25	26	27	28
-	-	E	L	L	-	-	L	L	L	L	L	-	-	E	E	E	-	-	E	L	L	L	L	-	-	E	E
E	E	E	-	-	E	E	E	E	E	-	-	-	-	E	E	-	-	E	E	-	-	E	E	E	E	-	-
-	E	L	-	-	-	-	E	E	E	E	E	-	-	-	L	L	L	L	L	-	-	-	-	E	E	E	E
E	L	-	-	-	-	-	E	E	E	E	E	-	-	L	L	L	L	-	-	-	-	-	E	E	E	L	L
-	E	E	E	E	-	-	-	E	E	E	E	-	-	-	-	-	E	E	E	E	E	-	-	-	E	E	E
L	L	L	-	-	L	L	L	-	-	-	L	L	L	L	L	-	-	-	-	-	L	L	L	L	L	-	-
L	L	L	L	-	-	-	-	L	L	L	L	L	-	-	E	E	E	L	L	-	-	-	E	L	-	-	-
L	L	-	-	L	L	L	L	L	-	-	-	E	E	L	L	L	-	-	-	-	E	E	E	L	L	-	-
-	-	E	E	E	E	E	-	-	E	L	L	-	-	-	E	E	E	L	-	-	E	E	E	E	L	-	-
-	-	L	L	L	L	L	-	-	E	L	-	-	E	E	E	E	E	-	-	-	-	E	L	L	L	-	-
Objective 0: 2709
Objective 1: 37
Constr violation: -1
Restrictions violated:
1 0 0 0 0 0 0 0 

Individual 9
1	2	3	4	5	6	7	8	9	10	11	12	13	14	15	16	17	18	19	20	21	22	23	24	25	26	27	28
-	-	E	L	L	-	-	L	L	L	L	L	-	-	E	E	E	-	-	E	L	L	L	L	-	-	E	E
E	E	E	-	-	E	E	E	E	E	-	-	-	-	E	E	-	-	E	E	-	-	E	E	E	E	-	-
-	E	L	-	-	-	-	E	E	E	E	E	-	-	-	L	L	L	L	L	-	-	-	-	E	E	E	E
E	L	-	-	-	-	-	E	E	E	E	E	-	-	L	L	L	L	-	-	-	-	-	E	E	E	L	L
-	E	E	E	E	-	-	-	E	E	E	E	-	-	-	-	-	E	E	E	E	E	-	-	-	E	E	E
L	L	L	-	-	L	L	L	-	-	-	L	L	L	L	L	-	-	-	-	-	L	L	L	L	L	-	-
L	L	L	L	-	-	-	L	L	L	L	L	-	-	-	E	E	E	L	L	-	-	-	E	L	-	-	-
L	L	-	-	L	L	L	L	L	-	-	-	E	E	L	L	L	-	-	-	-	E	E	E	L	L	-	-
-	-	E	E	E	E	E	-	-	-	-	E	L	-	-	E	E	E	L	-	-	E	E	E	E	L	-	-
-	-	L	L	L	L	L	-	-	E	L	-	-	E	E	E	E	E	-	-	-	-	E	L	L	L	-	-
Objective 0: 2607
Objective 1: 36
Constr violation: -1
Restrictions violated:
1 0 0 0 0 0 0 0 

Individual 10
1	2	3	4	5	6	7	8	9	10	11	12	13	14	15	16	17	18	19	20	21	22	23	24	25	26	27	28
-	-	E	L	L	-	-	L	L	L	L	L	-	-	E	E	E	-	-	E	L	L	L	L	-	-	E	E
E	E	E	-	-	E	E	E	E	E	-	-	-	-	E	E	-	-	E	E	-	-	E	E	E	E	-	-
-	E	L	-	-	-	-	E	E	E	E	E	-	-	-	L	L	L	L	L	-	-	-	-	E	E	E	E
-	-	-	E	E	-	-	E	E	E	E	E	-	-	L	L	L	L	-	-	E	E	E	E	E	-	-	-
-	E	E	E	E	-	-	-	E	E	E	E	-	-	-	-	-	E	E	E	E	E	-	-	-	E	E	E
L	L	L	-	-	L	L	L	-	-	-	L	L	L	L	L	-	-	-	-	-	L	L	L	L	L	-	-
L	L	L	L	-	-	-	L	L	L	L	L	-	-	-	E	E	E	L	L	-	-	-	E	L	-	-	-
L	L	-	-	L	L	L	L	L	-	-	-	E	E	L	L	L	-	-	-	-	E	E	E	L	L	-	-
-	-	E	E	E	E	E	-	-	-	-	E	L	-	-	E	E	E	L	-	-	E	E	E	E	L	-	-
-	-	L	L	L	L	L	-	-	E	L	-	-	E	E	E	E	E	-	-	-	-	E	L	L	L	-	-
Objective 0: 2809
Objective 1: 33
Constr violation: -1
Restrictions violated:
1 0 0 0 0 0 0 0 

Individual 11
1	2	3	4	5	6	7	8	9	10	11	12	13	14	15	16	17	18	19	20	21	22	23	24	25	26	27	28
-	-	E	L	L	-	-	L	L	L	L	L	-	-	E	E	E	-	-	E	L	L	L	L	-	-	E	E
E	E	E	-	-	E	E	E	E	E	-	-	-	-	E	E	-	-	E	E	-	-	E	E	E	E	-	-
-	E	L	-	-	-	-	E	E	E	E	E	-	-	-	L	L	L	L	L	-	-	-	-	E	E	E	E
E	L	-	-	-	-	-	E	E	E	E	E	-	-	L	L	L	L	-	-	-	-	-	E	E	E	L	L
-	E	E	E	E	-	-	-	E	E	E	E	-	-	-	-	-	E	E	E	E	E	-	-	-	E	E	E
L	L	L	-	-	L	L	L	-	-	-	L	L	L	L	L	-	-	-	-	-	L	L	L	L	L	-	-
L	L	L	L	-	-	L	L	L	L	L	-	-	-	-	-	L	L	L	L	L	-	-	E	L	-	-	-
L	L	-	-	L	L	L	L	L	-	-	-	E	E	L	L	L	-	-	-	-	E	E	E	L	L	-	-
-	-	E	E	E	E	E	-	-	-	-	E	L	-	-	E	E	E	L	-	-	E	E	E	E	L	-	-
-	-	L	L	L	L	L	-	-	E	L	-	-	E	E	E	E	E	-	-	-	-	E	L	L	L	-	-
Objective 0: 2708
Objective 1: 30
Constr violation: -1
Restrictions violated:
1 0 0 0 0 0 0 0 

