Individual 0
1	2	3	4	5	6	7	8	9	10	11	12	13	14	15	16	17	18	19	20	21	22	23	24	25	26	27	28
E	E	E	E	E	-	-	L	L	-	-	E	L	L	-	-	E	E	-	-	-	-	-	E	L	L	L	-
-	E	E	E	-	-	-	E	E	E	E	-	-	-	E	E	-	-	E	E	E	E	-	-	-	E	E	E
L	L	L	-	-	L	L	L	-	-	L	L	-	-	-	L	L	L	L	L	-	-	E	L	L	-	-	-
E	E	-	-	-	E	E	E	E	E	-	-	-	-	-	E	L	L	L	L	-	-	E	E	E	E	-	-
L	-	-	L	L	L	-	-	L	L	L	L	-	-	E	E	E	E	-	-	-	L	L	-	-	E	E	L
L	L	L	-	-	L	L	-	-	L	L	L	-	-	L	L	-	-	L	L	-	-	L	L	L	L	-	-
E	E	L	-	-	E	L	L	L	-	-	-	-	E	L	L	L	L	-	-	-	E	L	L	L	-	-	-
L	L	L	L	L	-	-	-	E	E	-	-	E	E	-	-	E	E	E	L	L	-	-	E	E	-	-	-
-	E	E	L	-	-	E	E	-	-	E	E	E	L	L	-	-	L	L	-	-	E	E	E	E	L	-	-
-	E	E	L	L	-	-	E	E	E	-	-	E	E	E	E	L	-	-	E	L	-	-	-	-	L	L	-
Objective 0: 3313
Objective 1: 67
Constr violation: -1
Restrictions violated:
0 0 0 0 0 0 1 0 

Individual 1
1	2	3	4	5	6	7	8	9	10	11	12	13	14	15	16	17	18	19	20	21	22	23	24	25	26	27	28
E	E	E	E	E	-	-	L	L	-	-	E	L	L	L	-	-	E	L	-	-	-	-	L	L	L	L	L
-	E	E	E	-	-	-	E	E	E	E	-	-	-	E	E	-	-	E	E	E	E	-	-	-	E	E	E
L	L	L	-	-	-	-	E	E	E	L	L	-	-	-	L	L	L	L	L	-	-	E	L	-	-	E	E
E	E	-	-	-	E	E	E	E	E	-	-	-	-	-	E	L	L	L	L	-	-	E	E	E	E	-	-
L	-	-	L	L	L	-	-	L	L	L	L	-	-	E	E	E	E	-	-	-	L	L	-	-	E	E	L
L	L	L	-	-	L	L	-	-	L	L	L	-	-	L	L	-	-	L	L	-	-	L	L	L	L	-	-
E	E	E	E	-	-	L	L	L	L	L	-	-	E	L	L	L	L	-	-	-	E	L	L	L	-	-	-
L	L	L	L	L	-	-	-	E	E	-	-	E	E	-	-	E	E	E	L	L	-	-	E	E	-	-	-
E	E	E	L	-	-	E	E	-	-	E	E	E	L	L	-	-	L	L	-	-	E	E	E	E	L	-	-
-	E	E	L	L	-	-	E	E	E	-	-	E	E	E	E	L	-	-	E	L	-	-	-	-	L	L	L
Objective 0: 3825
Objective 1: 50
Constr violation: -1
Restrictions violated:
0 0 0 0 0 0 1 0 

Individual 2
1	2	3	4	5	6	7	8	9	10	11	12	13	14	15	16	17	18	19	20	21	22	23	24	25	26	27	28
E	E	E	E	E	-	-	E	E	E	-	-	L	L	L	-	-	E	L	-	-	-	-	L	L	L	L	L
-	E	E	E	-	-	-	E	E	E	E	-	-	-	E	E	-	-	E	E	E	E	-	-	-	E	E	E
L	-	-	E	L	-	-	E	E	E	L	L	-	-	-	L	L	L	L	L	-	-	E	L	L	-	-	-
E	E	-	-	-	E	E	E	E	E	-	-	-	-	-	E	L	L	L	L	-	-	E	E	E	E	-	-
L	-	-	L	L	L	-	-	L	L	L	L	-	-	L	L	L	L	-	-	-	L	L	-	-	E	E	L
L	L	L	-	-	L	L	-	-	L	L	L	-	-	L	L	-	-	L	L	-	-	L	L	L	L	-	-
E	E	E	E	E	-	-	E	E	E	L	L	-	-	L	L	L	L	-	-	-	E	L	L	L	-	-	-
L	L	L	L	L	-	-	-	E	E	-	-	E	E	-	-	E	E	E	L	L	-	-	E	E	-	-	-
E	E	E	L	-	-	E	E	-	-	E	E	E	L	L	-	-	L	L	-	-	E	E	L	L	L	-	-
-	E	E	L	L	-	-	E	E	E	-	-	E	E	E	E	L	-	-	E	L	-	-	-	-	-	-	-
Objective 0: 5437
Objective 1: 76
Constr violation: -1
Restrictions violated:
0 0 0 0 0 0 0 1 

Individual 3
1	2	3	4	5	6	7	8	9	10	11	12	13	14	15	16	17	18	19	20	21	22	23	24	25	26	27	28
E	E	E	E	E	-	-	L	L	-	-	E	L	L	-	-	E	E	L	-	-	-	-	E	L	L	L	L
-	E	E	E	-	-	-	E	E	E	E	-	-	-	E	E	-	-	E	E	E	E	-	-	-	E	E	E
L	L	L	-	-	L	L	L	-	-	L	L	-	-	-	L	L	L	L	L	-	-	E	L	L	-	-	-
E	E	-	-	-	E	E	E	E	E	-	-	-	-	-	E	L	L	L	L	-	-	E	E	E	E	-	-
L	-	-	L	L	L	-	-	L	L	L	L	-	-	E	E	E	E	-	-	-	L	L	-	-	E	E	L
L	L	L	-	-	L	L	-	-	L	L	L	-	-	L	L	-	-	L	L	-	-	L	L	L	L	-	-
E	E	E	E	-	-	L	L	L	L	L	-	-	E	L	L	L	L	-	-	-	E	L	L	L	-	-	-
L	L	L	L	L	-	-	-	E	E	-	-	E	E	-	-	E	E	E	L	L	-	-	E	E	-	-	-
E	E	E	L	-	-	E	E	-	-	E	E	E	L	L	-	-	L	L	-	-	E	E	E	L	L	-	-
-	E	E	L	L	-	-	E	E	E	-	-	E	E	E	E	L	-	-	E	L	-	-	-	-	L	L	L
Objective 0: 3622
Objective 1: 59
Constr violation: -1
Restrictions violated:
0 0 0 0 0 0 1 0 

Individual 4
1	2	3	4	5	6	7	8	9	10	11	12	13	14	15	16	17	18	19	20	21	22	23	24	25	26	27	28
E	E	E	E	E	-	-	E	E	E	-	-	L	L	-	-	E	E	-	-	-	-	-	E	L	L	L	-
-	E	E	E	-	-	-	E	E	E	E	-	-	-	E	E	-	-	E	E	E	E	-	-	-	E	E	E
L	-	-	E	L	-	-	E	E	E	L	L	-	-	-	L	L	L	L	L	-	-	E	L	L	-	-	-
E	E	-	-	-	E	E	E	E	E	-	-	-	-	-	E	L	L	L	L	-	-	E	E	E	E	-	-
L	-	-	L	L	-	-	-	L	L	L	L	-	-	E	E	E	L	-	-	-	L	L	-	-	E	E	L
L	L	L	-	-	L	L	-	-	L	L	L	-	-	L	L	-	-	L	L	-	-	L	L	L	L	-	-
E	E	E	-	-	-	-	E	E	E	L	L	-	-	L	L	L	L	-	-	-	E	L	L	L	-	-	-
L	L	L	L	L	-	-	-	E	E	-	-	E	E	-	-	E	E	E	L	L	-	-	E	E	-	-	-
-	E	E	L	-	-	E	E	-	-	E	E	E	L	-	-	-	L	L	-	-	E	E	E	E	L	-	-
-	-	E	L	-	-	-	-	E	E	-	-	-	E	E	-	-	-	-	E	L	-	-	-	-	-	-	-
Objective 0: 5424
Objective 1: 74
Constr violation: -1
Restrictions violated:
0 0 0 0 0 0 0 1 

Individual 5
1	2	3	4	5	6	7	8	9	10	11	12	13	14	15	16	17	18	19	20	21	22	23	24	25	26	27	28
E	E	E	E	E	-	-	E	E	E	-	-	L	L	L	-	-	E	L	-	-	-	-	L	L	L	L	L
-	E	E	E	-	-	-	E	E	E	E	-	-	-	E	E	-	-	E	E	E	E	-	-	-	E	E	E
L	-	-	E	L	-	-	E	E	E	L	L	-	-	-	L	L	L	L	L	-	-	E	L	L	-	-	E
E	E	-	-	-	E	E	E	E	E	-	-	-	-	-	E	L	L	L	L	-	-	E	E	E	E	-	-
L	-	-	L	L	L	-	-	L	L	L	L	-	-	E	E	E	E	-	-	-	L	L	-	-	E	E	L
L	L	L	-	-	L	L	-	-	L	L	L	-	-	L	L	-	-	L	L	-	-	L	L	L	L	-	-
E	E	E	E	E	-	-	E	E	E	L	L	-	-	L	L	L	L	-	-	-	E	L	L	L	-	-	-
L	L	L	L	L	-	-	-	E	E	-	-	E	E	-	-	E	E	E	L	L	-	-	E	E	-	-	-
E	E	E	L	-	-	E	E	-	-	E	E	E	L	L	-	-	L	L	-	-	E	E	E	E	L	-	-
-	E	E	L	L	-	-	E	E	E	-	-	E	E	E	E	L	-	-	E	L	-	-	-	-	L	L	L
Objective 0: 4633
Objective 1: 68
Constr violation: -1
Restrictions violated:
0 0 0 0 0 0 1 0 

Individual 6
1	2	3	4	5	6	7	8	9	10	11	12	13	14	15	16	17	18	19	20	21	22	23	24	25	26	27	28
E	E	E	E	E	-	-	E	E	E	-	-	L	L	L	-	-	E	L	-	-	-	-	L	L	L	L	L
-	E	E	E	-	-	-	E	E	E	E	-	-	-	E	E	-	-	E	E	E	E	-	-	-	E	E	E
L	-	-	E	L	-	-	E	E	E	L	L	-	-	-	L	L	L	L	L	-	-	E	L	L	-	-	E
E	E	-	-	-	E	E	E	E	E	-	-	-	-	-	E	L	L	L	L	-	-	E	E	E	E	-	-
L	-	-	L	L	L	-	-	L	L	L	L	-	-	E	E	E	E	-	-	-	L	L	-	-	E	E	L
L	L	L	-	-	L	L	-	-	L	L	L	-	-	L	L	-	-	L	L	-	-	L	L	L	L	-	-
E	E	E	E	-	-	L	L	L	L	L	-	-	E	L	L	L	L	-	-	-	E	L	L	L	-	-	-
L	L	L	L	L	-	-	-	E	E	-	-	E	E	-	-	E	E	E	L	L	-	-	E	E	-	-	-
E	E	E	L	-	-	E	E	-	-	E	E	E	L	L	-	-	L	L	-	-	E	E	E	L	L	-	-
-	E	E	L	L	-	-	E	E	E	-	-	E	E	E	E	L	-	-	E	L	-	-	-	-	L	L	L
Objective 0: 4431
Objective 1: 56
Constr violation: -1
Restrictions violated:
0 0 0 0 0 0 1 0 

Individual 7
1	2	3	4	5	6	7	8	9	10	11	12	13	14	15	16	17	18	19	20	21	22	23	24	25	26	27	28
E	E	E	E	E	-	-	L	L	-	-	E	L	L	-	-	E	E	-	-	-	-	-	E	L	L	L	-
-	E	E	E	-	-	-	E	E	E	E	-	-	-	E	E	-	-	E	E	E	E	-	-	-	E	E	E
L	L	L	-	-	L	L	L	-	-	L	L	-	-	-	L	L	L	L	L	-	-	E	L	L	-	-	-
E	E	-	-	-	E	E	E	E	E	-	-	-	-	-	E	L	L	L	L	-	-	E	E	E	E	-	-
L	-	-	L	L	-	-	-	L	L	L	L	-	-	E	E	E	E	-	-	-	L	L	-	-	E	E	L
L	L	L	-	-	L	L	-	-	L	L	L	-	-	L	L	-	-	L	L	-	-	L	L	L	L	-	-
E	E	L	-	-	E	L	L	L	-	-	-	-	E	L	L	L	L	-	-	-	E	L	L	L	-	-	-
L	L	L	L	L	-	-	-	E	E	-	-	E	E	-	-	E	E	E	L	L	-	-	E	E	-	-	-
-	E	E	L	-	-	E	E	-	-	E	E	E	L	-	-	-	L	L	-	-	E	E	E	E	L	-	-
-	-	E	L	-	-	-	-	E	E	-	-	-	E	E	-	-	-	-	E	L	-	-	-	-	-	-	-
Objective 0: 4010
Objective 1: 67
Constr violation: -1
Restrictions violated:
0 0 0 0 0 0 0 1 

Individual 8
1	2	3	4	5	6	7	8	9	10	11	12	13	14	15	16	17	18	19	20	21	22	23	24	25	26	27	28
E	E	E	E	E	-	-	L	L	-	-	E	L	L	L	-	-	E	L	-	-	-	-	E	L	L	L	L
-	E	E	E	-	-	-	E	E	E	E	-	-	-	E	E	-	-	E	E	E	E	-	-	-	E	E	E
L	-	-	E	L	-	-	E	E	E	L	L	-	-	-	L	L	L	L	L	-	-	E	L	-	-	E	E
E	E	-	-	-	E	E	E	E	E	-	-	-	-	-	E	L	L	L	L	-	-	E	E	E	E	-	-
L	-	-	L	L	L	-	-	L	L	L	L	-	-	E	E	E	E	-	-	-	L	L	-	-	E	E	L
L	L	L	-	-	L	L	-	-	L	L	L	-	-	L	L	-	-	L	L	-	-	L	L	L	L	-	-
E	E	E	E	-	-	L	L	L	L	L	-	-	E	L	L	L	L	-	-	-	E	L	L	L	-	-	-
L	L	L	L	L	-	-	-	E	E	-	-	E	E	-	-	E	E	E	L	L	-	-	E	E	-	-	-
E	E	E	L	-	-	E	E	-	-	E	E	E	L	L	-	-	L	L	-	-	E	E	L	L	L	-	-
-	E	E	L	L	-	-	E	E	E	-	-	E	E	E	E	L	-	-	E	L	-	-	-	-	L	L	L
Objective 0: 4027
Objective 1: 53
Constr violation: -1
Restrictions violated:
0 0 0 0 0 0 1 0 

Individual 9
1	2	3	4	5	6	7	8	9	10	11	12	13	14	15	16	17	18	19	20	21	22	23	24	25	26	27	28
E	E	E	E	E	-	-	L	L	-	-	E	L	L	-	-	E	E	-	-	-	-	-	E	L	L	L	-
-	E	E	E	-	-	-	E	E	E	E	-	-	-	E	E	-	-	E	E	E	E	-	-	-	E	E	E
L	L	L	-	-	L	L	L	-	-	L	L	-	-	-	L	L	L	L	L	-	-	E	L	L	-	-	-
E	E	-	-	-	E	E	E	E	E	-	-	-	-	-	E	L	L	L	L	-	-	E	E	E	E	-	-
L	-	-	L	L	-	-	-	L	L	L	L	-	-	E	E	E	L	-	-	-	L	L	-	-	E	E	L
L	L	L	-	-	L	L	-	-	L	L	L	-	-	L	L	-	-	L	L	-	-	L	L	L	L	-	-
E	E	E	-	-	-	-	E	E	E	L	L	-	-	L	L	L	L	-	-	-	E	L	L	L	-	-	-
L	L	L	L	L	-	-	-	E	E	-	-	E	E	-	-	E	E	E	L	L	-	-	E	E	-	-	-
-	E	E	L	-	-	E	E	-	-	E	E	E	L	-	-	-	L	L	-	-	E	E	L	L	L	-	-
-	-	E	L	-	-	-	-	E	E	-	-	-	E	E	-	-	-	-	E	L	-	-	-	-	-	-	-
Objective 0: 4919
Objective 1: 78
Constr violation: -1
Restrictions violated:
0 0 0 0 0 0 0 1 

Individual 10
1	2	3	4	5	6	7	8	9	10	11	12	13	14	15	16	17	18	19	20	21	22	23	24	25	26	27	28
E	E	E	E	E	-	-	E	E	E	-	-	L	L	L	-	-	E	L	-	-	-	-	L	L	L	L	L
-	E	E	E	-	-	-	E	E	E	E	-	-	-	E	E	-	-	E	E	E	E	-	-	-	E	E	E
L	-	-	E	L	-	-	E	E	E	L	L	-	-	-	L	L	L	L	L	-	-	E	L	L	-	-	E
E	E	-	-	-	E	E	E	E	E	-	-	-	-	-	E	L	L	L	L	-	-	E	E	E	E	-	-
L	-	-	L	L	L	-	-	L	L	L	L	-	-	E	E	E	E	-	-	-	L	L	-	-	E	E	L
L	L	L	-	-	L	L	-	-	L	L	L	-	-	L	L	-	-	L	L	-	-	L	L	L	L	-	-
E	E	E	E	-	-	L	L	L	L	L	-	-	E	L	L	L	L	-	-	-	E	L	L	L	-	-	-
L	L	L	L	L	-	-	-	E	E	-	-	E	E	-	-	E	E	E	L	L	-	-	E	E	-	-	-
E	E	E	L	-	-	E	E	-	-	E	E	E	L	L	-	-	L	L	-	-	E	E	E	E	L	-	-
-	E	E	L	L	-	-	E	E	E	-	-	E	E	E	E	L	-	-	E	L	-	-	-	-	L	L	L
Objective 0: 4330
Objective 1: 56
Constr violation: -1
Restrictions violated:
0 0 0 0 0 0 1 0 

Individual 11
1	2	3	4	5	6	7	8	9	10	11	12	13	14	15	16	17	18	19	20	21	22	23	24	25	26	27	28
E	E	E	E	E	-	-	L	L	-	-	E	L	L	-	-	E	E	-	-	-	-	-	L	L	L	L	-
-	E	E	E	-	-	-	E	E	E	E	-	-	-	E	E	-	-	E	E	E	E	-	-	-	E	E	E
L	L	L	-	-	L	L	L	-	-	L	L	-	-	-	L	L	L	L	L	-	-	E	L	L	-	-	-
E	E	-	-	-	E	E	E	E	E	-	-	-	-	-	E	L	L	L	L	-	-	E	E	E	E	-	-
L	-	-	L	L	-	-	-	L	L	L	L	-	-	E	E	E	E	-	-	-	L	L	-	-	E	E	L
L	L	L	-	-	L	L	-	-	L	L	L	-	-	L	L	-	-	L	L	-	-	L	L	L	L	-	-
E	E	L	-	-	E	L	L	L	-	-	-	-	E	L	L	L	L	-	-	-	E	L	L	L	-	-	-
L	L	L	L	L	-	-	-	E	E	-	-	E	E	-	-	E	E	E	L	L	-	-	E	E	-	-	-
-	E	E	L	-	-	E	E	-	-	E	E	E	L	-	-	-	L	L	-	-	E	E	L	L	L	-	-
-	-	E	L	-	-	-	-	E	E	-	-	-	E	E	-	-	-	-	E	L	-	-	-	-	-	-	-
Objective 0: 4313
Objective 1: 68
Constr violation: -1
Restrictions violated:
0 0 0 0 0 0 0 1 

Individual 12
1	2	3	4	5	6	7	8	9	10	11	12	13	14	15	16	17	18	19	20	21	22	23	24	25	26	27	28
E	E	E	E	E	-	-	L	L	-	-	E	L	L	L	-	-	E	L	-	-	-	-	L	L	L	L	L
-	E	E	E	-	-	-	E	E	E	E	-	-	-	E	E	-	-	E	E	E	E	-	-	-	E	E	E
L	-	-	E	L	-	-	E	E	E	L	L	-	-	-	L	L	L	L	L	-	-	E	L	L	-	-	E
E	E	-	-	-	E	E	E	E	E	-	-	-	-	-	E	L	L	L	L	-	-	E	E	E	E	-	-
L	-	-	L	L	L	-	-	L	L	L	L	-	-	E	E	E	E	-	-	-	L	L	-	-	E	E	L
L	L	L	-	-	L	L	-	-	L	L	L	-	-	L	L	-	-	L	L	-	-	L	L	L	L	-	-
E	E	E	E	-	-	L	L	L	L	L	-	-	E	L	L	L	L	-	-	-	E	L	L	L	-	-	-
L	L	L	L	L	-	-	-	E	E	-	-	E	E	-	-	E	E	E	L	L	-	-	E	E	-	-	-
E	E	E	L	-	-	E	E	-	-	E	E	E	L	L	-	-	L	L	-	-	E	E	E	L	L	-	-
-	E	E	L	L	-	-	E	E	E	-	-	E	E	E	E	L	-	-	E	L	-	-	-	-	L	L	L
Objective 0: 4128
Objective 1: 52
Constr violation: -1
Restrictions violated:
0 0 0 0 0 0 1 0 

Individual 13
1	2	3	4	5	6	7	8	9	10	11	12	13	14	15	16	17	18	19	20	21	22	23	24	25	26	27	28
E	E	E	E	E	-	-	E	E	E	-	-	L	L	-	-	E	E	-	-	-	-	-	E	L	L	L	-
-	E	E	E	-	-	-	E	E	E	E	-	-	-	E	E	-	-	E	E	E	E	-	-	-	E	E	E
L	-	-	E	L	L	L	L	-	-	L	L	-	-	-	L	L	L	L	L	-	-	E	L	L	-	-	-
E	E	-	-	-	E	E	E	E	E	-	-	-	-	-	E	L	L	L	L	-	-	E	E	E	E	-	-
L	-	-	L	L	-	-	-	L	L	L	L	-	-	E	E	E	L	-	-	-	L	L	-	-	E	E	L
L	L	L	-	-	L	L	-	-	L	L	L	-	-	L	L	-	-	L	L	-	-	L	L	L	L	-	-
E	E	E	-	-	-	-	E	E	E	L	L	-	-	L	L	L	L	-	-	-	E	L	L	L	-	-	-
L	L	L	L	L	-	-	-	E	E	-	-	E	E	-	-	E	E	E	L	L	-	-	E	E	-	-	-
-	E	E	L	-	-	E	E	-	-	E	E	E	L	-	-	-	L	L	-	-	E	E	E	E	L	-	-
-	-	E	L	-	-	-	-	E	E	-	-	-	E	E	-	-	-	-	E	L	-	-	-	-	-	-	-
Objective 0: 5121
Objective 1: 80
Constr violation: -1
Restrictions violated:
0 0 0 0 0 0 0 1 

Individual 14
1	2	3	4	5	6	7	8	9	10	11	12	13	14	15	16	17	18	19	20	21	22	23	24	25	26	27	28
E	E	E	E	E	-	-	L	L	-	-	E	L	L	L	-	-	E	L	-	-	-	-	E	L	L	L	L
-	E	E	E	-	-	-	E	E	E	E	-	-	-	E	E	-	-	E	E	E	E	-	-	-	E	E	E
L	-	-	E	L	-	-	E	E	E	L	L	-	-	-	L	L	L	L	L	-	-	E	L	L	-	-	E
E	E	-	-	-	E	E	E	E	E	-	-	-	-	-	E	L	L	L	L	-	-	E	E	E	E	-	-
L	-	-	L	L	L	-	-	L	L	L	L	-	-	E	E	E	E	-	-	-	L	L	-	-	E	E	L
L	L	L	-	-	L	L	-	-	L	L	L	-	-	L	L	-	-	L	L	-	-	L	L	L	L	-	-
E	E	E	E	E	-	-	E	E	E	L	L	-	-	L	L	L	L	-	-	-	E	L	L	L	-	-	-
L	L	L	L	L	-	-	-	E	E	-	-	E	E	-	-	E	E	E	L	L	-	-	E	E	-	-	-
E	E	E	L	-	-	E	E	-	-	E	E	E	L	L	-	-	L	L	-	-	E	E	E	E	L	-	-
-	E	E	L	L	-	-	E	E	E	-	-	E	E	E	E	L	-	-	E	L	-	-	-	-	L	L	L
Objective 0: 4229
Objective 1: 65
Constr violation: -1
Restrictions violated:
0 0 0 0 0 0 1 0 

Individual 15
1	2	3	4	5	6	7	8	9	10	11	12	13	14	15	16	17	18	19	20	21	22	23	24	25	26	27	28
E	E	E	E	E	-	-	L	L	-	-	E	L	L	-	-	E	E	-	-	-	-	-	E	L	L	L	-
-	E	E	E	-	-	-	E	E	E	E	-	-	-	E	E	-	-	E	E	E	E	-	-	-	E	E	E
L	L	L	-	-	L	L	L	-	-	L	L	-	-	-	L	L	L	L	L	-	-	E	L	L	-	-	-
E	E	-	-	-	E	E	E	E	E	-	-	-	-	-	E	L	L	L	L	-	-	E	E	E	E	-	-
L	-	-	L	L	-	-	-	L	L	L	L	-	-	E	E	E	E	-	-	-	L	L	-	-	E	E	L
L	L	L	-	-	L	L	-	-	L	L	L	-	-	L	L	-	-	L	L	-	-	L	L	L	L	-	-
E	E	L	-	-	E	L	L	L	-	-	-	-	E	L	L	L	L	-	-	-	E	L	L	L	-	-	-
L	L	L	L	L	-	-	-	E	E	-	-	E	E	-	-	E	E	E	L	L	-	-	E	E	-	-	-
-	E	E	L	-	-	E	E	-	-	E	E	E	L	L	-	-	L	L	-	-	E	E	E	E	L	-	-
-	E	E	L	L	-	-	E	E	E	-	-	E	E	E	E	L	-	-	E	L	-	-	-	-	L	L	-
Objective 0: 3413
Objective 1: 67
Constr violation: -1
Restrictions violated:
0 0 0 0 0 0 1 0 

Individual 16
1	2	3	4	5	6	7	8	9	10	11	12	13	14	15	16	17	18	19	20	21	22	23	24	25	26	27	28
E	E	E	E	E	-	-	L	L	-	-	E	L	L	L	-	-	E	L	-	-	-	-	E	L	L	L	L
-	E	E	E	-	-	-	E	E	E	E	-	-	-	E	E	-	-	E	E	E	E	-	-	-	E	E	E
L	L	L	-	-	L	L	L	-	-	L	L	-	-	-	L	L	L	L	L	-	-	E	L	L	-	-	-
E	E	-	-	-	E	E	E	E	E	-	-	-	-	-	E	L	L	L	L	-	-	E	E	E	E	-	-
L	-	-	L	L	L	-	-	L	L	L	L	-	-	E	E	E	E	-	-	-	L	L	-	-	E	E	L
L	L	L	-	-	L	L	-	-	L	L	L	-	-	L	L	-	-	L	L	-	-	L	L	L	L	-	-
E	E	L	-	-	E	L	L	L	L	-	-	-	E	L	L	L	L	-	-	-	E	L	L	L	-	-	-
L	L	L	L	L	-	-	-	E	E	-	-	E	E	-	-	E	E	E	L	L	-	-	E	E	-	-	-
E	E	E	L	-	-	E	E	-	-	E	E	E	L	L	-	-	L	L	-	-	E	E	E	E	L	-	-
-	E	E	L	L	-	-	E	E	E	-	-	E	E	E	E	L	-	-	E	L	-	-	-	-	L	L	L
Objective 0: 3318
Objective 1: 62
Constr violation: -1
Restrictions violated:
0 0 0 0 0 0 1 0 

Individual 17
1	2	3	4	5	6	7	8	9	10	11	12	13	14	15	16	17	18	19	20	21	22	23	24	25	26	27	28
E	E	E	E	E	-	-	E	E	E	-	-	L	L	L	-	-	E	L	-	-	-	-	L	L	L	L	L
-	E	E	E	-	-	-	E	E	E	E	-	-	-	E	E	-	-	E	E	E	E	-	-	-	E	E	E
L	-	-	E	L	-	-	E	E	E	L	L	-	-	-	L	L	L	L	L	-	-	E	L	L	-	-	E
E	E	-	-	-	E	E	E	E	E	-	-	-	-	-	E	L	L	L	L	-	-	E	E	E	E	-	-
L	-	-	L	L	L	-	-	L	L	L	L	-	-	L	L	L	L	-	-	-	L	L	-	-	E	E	L
L	L	L	-	-	L	L	-	-	L	L	L	-	-	L	L	-	-	L	L	-	-	L	L	L	L	-	-
E	E	E	E	E	-	-	E	E	E	L	L	-	-	L	L	L	L	-	-	-	E	L	L	L	-	-	-
L	L	L	L	L	-	-	-	E	E	-	-	E	E	-	-	E	E	E	L	L	-	-	E	E	-	-	-
E	E	E	L	-	-	E	E	-	-	E	E	E	L	L	-	-	L	L	-	-	E	E	L	L	L	-	-
-	E	E	L	L	-	-	E	E	E	-	-	E	E	E	E	L	-	-	E	L	-	-	-	-	L	L	L
Objective 0: 5138
Objective 1: 76
Constr violation: -1
Restrictions violated:
0 0 0 0 0 0 1 0 

Individual 18
1	2	3	4	5	6	7	8	9	10	11	12	13	14	15	16	17	18	19	20	21	22	23	24	25	26	27	28
E	E	E	E	E	-	-	L	L	-	-	E	L	L	-	-	E	E	-	-	-	-	-	E	L	L	L	-
-	E	E	E	-	-	-	E	E	E	E	-	-	-	E	E	-	-	E	E	E	E	-	-	-	E	E	E
L	L	L	-	-	L	L	L	-	-	L	L	-	-	-	L	L	L	L	L	-	-	E	L	L	-	-	-
E	E	-	-	-	E	E	E	E	E	-	-	-	-	-	E	L	L	L	L	-	-	E	E	E	E	-	-
L	-	-	L	L	-	-	-	L	L	L	L	-	-	E	E	E	E	-	-	-	L	L	-	-	E	E	L
L	L	L	-	-	L	L	-	-	L	L	L	-	-	L	L	-	-	L	L	-	-	L	L	L	L	-	-
E	E	L	-	-	E	L	L	L	-	-	-	-	E	L	L	L	L	-	-	-	E	L	L	L	-	-	-
L	L	L	L	L	-	-	-	E	E	-	-	E	E	-	-	E	E	E	L	L	-	-	E	E	-	-	-
-	E	E	L	-	-	E	E	-	-	E	E	E	L	L	-	-	L	L	-	-	E	E	E	E	L	-	-
-	-	E	L	L	-	-	-	E	E	-	-	-	E	E	E	L	-	-	E	L	-	-	-	-	-	-	-
Objective 0: 3610
Objective 1: 67
Constr violation: -1
Restrictions violated:
0 0 0 0 0 0 0 1 

Individual 19
1	2	3	4	5	6	7	8	9	10	11	12	13	14	15	16	17	18	19	20	21	22	23	24	25	26	27	28
E	E	E	E	E	-	-	E	E	E	-	-	L	L	L	-	-	E	L	-	-	-	-	L	L	L	L	L
-	E	E	E	-	-	-	E	E	E	E	-	-	-	E	E	-	-	E	E	E	E	-	-	-	E	E	E
L	-	-	E	L	-	-	E	E	E	L	L	-	-	-	L	L	L	L	L	-	-	E	L	L	-	-	-
E	E	-	-	-	E	E	E	E	E	-	-	-	-	-	E	L	L	L	L	-	-	E	E	E	E	-	-
L	-	-	L	L	L	-	-	L	L	L	L	-	-	L	L	L	L	-	-	-	L	L	-	-	E	E	L
L	L	L	-	-	L	L	-	-	L	L	L	-	-	L	L	-	-	L	L	-	-	L	L	L	L	-	-
E	E	E	E	E	-	-	E	E	E	L	L	-	-	L	L	L	L	-	-	-	E	L	L	L	-	-	-
L	L	L	L	L	-	-	-	E	E	-	-	E	E	-	-	E	E	E	L	L	-	-	E	E	-	-	-
E	E	E	L	-	-	E	E	-	-	E	E	E	L	L	-	-	L	L	-	-	E	E	L	L	L	-	-
-	E	E	L	L	-	-	E	E	E	-	-	E	E	E	E	L	-	-	E	L	-	-	-	-	L	L	L
Objective 0: 5238
Objective 1: 76
Constr violation: -1
Restrictions violated:
0 0 0 0 0 0 1 0 

Individual 20
1	2	3	4	5	6	7	8	9	10	11	12	13	14	15	16	17	18	19	20	21	22	23	24	25	26	27	28
E	E	E	E	E	-	-	E	E	E	-	-	L	L	L	-	-	E	L	-	-	-	-	L	L	L	L	L
-	E	E	E	-	-	-	E	E	E	E	-	-	-	E	E	-	-	E	E	E	E	-	-	-	E	E	E
L	-	-	E	L	-	-	E	E	E	L	L	-	-	-	L	L	L	L	L	-	-	E	L	-	-	E	E
E	E	-	-	-	E	E	E	E	E	-	-	-	-	-	E	L	L	L	L	-	-	E	E	E	E	-	-
L	-	-	L	L	-	-	-	L	L	L	L	-	-	E	E	E	L	-	-	-	L	L	-	-	E	E	L
L	L	L	-	-	L	L	-	-	L	L	L	-	-	L	L	-	-	L	L	-	-	L	L	L	L	-	-
E	E	E	-	-	-	-	E	E	E	L	L	-	-	L	L	L	L	-	-	-	E	L	L	L	-	-	-
L	L	L	L	L	-	-	-	E	E	-	-	E	E	-	-	E	E	E	L	L	-	-	E	E	-	-	-
-	E	E	L	-	-	E	E	-	-	E	E	E	L	-	-	-	L	L	-	-	E	E	L	L	L	-	-
-	-	E	L	-	-	-	-	E	E	-	-	-	E	E	-	-	-	-	E	L	-	-	-	-	-	-	-
Objective 0: 5528
Objective 1: 73
Constr violation: -1
Restrictions violated:
0 0 0 0 0 0 0 1 

Individual 21
1	2	3	4	5	6	7	8	9	10	11	12	13	14	15	16	17	18	19	20	21	22	23	24	25	26	27	28
E	E	E	E	E	-	-	L	L	-	-	E	L	L	L	-	-	E	L	-	-	-	-	L	L	L	L	L
-	E	E	E	-	-	-	E	E	E	E	-	-	-	E	E	-	-	E	E	E	E	-	-	-	E	E	E
L	L	L	-	-	L	L	L	-	-	L	L	-	-	-	L	L	L	L	L	-	-	E	L	L	-	-	-
E	E	-	-	-	E	E	E	E	E	-	-	-	-	-	E	L	L	L	L	-	-	E	E	E	E	-	-
L	-	-	L	L	L	-	-	L	L	L	L	-	-	E	E	E	E	-	-	-	L	L	-	-	E	E	L
L	L	L	-	-	L	L	-	-	L	L	L	-	-	L	L	-	-	L	L	-	-	L	L	L	L	-	-
E	E	L	-	-	E	L	L	L	L	-	-	-	E	L	L	L	L	-	-	-	E	L	L	L	-	-	-
L	L	L	L	L	-	-	-	E	E	-	-	E	E	-	-	E	E	E	L	L	-	-	E	E	-	-	-
E	E	E	L	-	-	E	E	-	-	E	E	E	L	L	-	-	L	L	-	-	E	E	E	E	L	-	-
-	E	E	L	L	-	-	E	E	E	-	-	E	E	E	E	L	-	-	E	L	-	-	-	-	L	L	L
Objective 0: 3419
Objective 1: 61
Constr violation: -1
Restrictions violated:
0 0 0 0 0 0 1 0 

Individual 22
1	2	3	4	5	6	7	8	9	10	11	12	13	14	15	16	17	18	19	20	21	22	23	24	25	26	27	28
E	E	E	E	E	-	-	L	L	-	-	E	L	L	-	-	E	E	-	-	-	-	-	E	L	L	L	-
-	E	E	E	-	-	-	E	E	E	E	-	-	-	E	E	-	-	E	E	E	E	-	-	-	E	E	E
L	L	L	-	-	L	L	L	-	-	L	L	-	-	-	L	L	L	L	L	-	-	E	L	L	-	-	-
E	E	-	-	-	E	E	E	E	E	-	-	-	-	-	E	L	L	L	L	-	-	E	E	E	E	-	-
L	-	-	L	L	L	-	-	L	L	L	L	-	-	E	E	E	E	-	-	-	L	L	-	-	E	E	L
L	L	L	-	-	L	L	-	-	L	L	L	-	-	L	L	-	-	L	L	-	-	L	L	L	L	-	-
E	E	L	-	-	E	L	L	L	-	-	-	-	E	L	L	L	L	-	-	-	E	L	L	L	-	-	-
L	L	L	L	L	-	-	-	E	E	-	-	E	E	-	-	E	E	E	L	L	-	-	E	E	-	-	-
-	E	E	L	-	-	E	E	-	-	E	E	E	L	L	-	-	L	L	-	-	E	E	E	E	L	-	-
-	-	E	L	L	-	-	-	E	E	-	-	-	E	E	E	L	-	-	E	L	-	-	-	-	-	-	-
Objective 0: 3510
Objective 1: 67
Constr violation: -1
Restrictions violated:
0 0 0 0 0 0 0 1 

Individual 23
1	2	3	4	5	6	7	8	9	10	11	12	13	14	15	16	17	18	19	20	21	22	23	24	25	26	27	28
E	E	E	E	E	-	-	L	L	-	-	E	L	L	-	-	E	E	L	-	-	-	-	E	L	L	L	L
-	E	E	E	-	-	-	E	E	E	E	-	-	-	E	E	-	-	E	E	E	E	-	-	-	E	E	E
L	L	L	-	-	L	L	L	-	-	L	L	-	-	-	L	L	L	L	L	-	-	E	L	L	-	-	-
E	E	-	-	-	E	E	E	E	E	-	-	-	-	-	E	L	L	L	L	-	-	E	E	E	E	-	-
L	-	-	L	L	L	-	-	L	L	L	L	-	-	E	E	E	E	-	-	-	L	L	-	-	E	E	L
L	L	L	-	-	L	L	-	-	L	L	L	-	-	L	L	-	-	L	L	-	-	L	L	L	L	-	-
E	E	E	E	-	-	L	L	L	L	L	-	-	E	L	L	L	L	-	-	-	E	L	L	L	-	-	-
L	L	L	L	L	-	-	-	E	E	-	-	E	E	-	-	E	E	E	L	L	-	-	E	E	-	-	-
E	E	E	L	-	-	E	E	-	-	E	E	E	L	L	-	-	L	L	-	-	E	E	E	E	L	-	-
-	E	E	L	L	-	-	E	E	E	-	-	E	E	E	E	L	-	-	E	L	-	-	-	-	L	L	L
Objective 0: 3521
Objective 1: 59
Constr violation: -1
Restrictions violated:
0 0 0 0 0 0 1 0 

Individual 24
1	2	3	4	5	6	7	8	9	10	11	12	13	14	15	16	17	18	19	20	21	22	23	24	25	26	27	28
E	E	E	E	E	-	-	E	E	E	-	-	L	L	-	-	E	E	-	-	-	-	-	L	L	L	L	-
-	E	E	E	-	-	-	E	E	E	E	-	-	-	E	E	-	-	E	E	E	E	-	-	-	E	E	E
L	L	L	-	-	L	L	L	-	-	L	L	-	-	-	L	L	L	L	L	-	-	E	L	L	-	-	-
E	E	-	-	-	E	E	E	E	E	-	-	-	-	-	E	L	L	L	L	-	-	E	E	E	E	-	-
L	-	-	L	L	-	-	-	L	L	L	L	-	-	E	E	E	L	-	-	-	L	L	-	-	E	E	L
L	L	L	-	-	L	L	-	-	L	L	L	-	-	L	L	-	-	L	L	-	-	L	L	L	L	-	-
E	E	L	-	-	E	L	L	L	-	-	-	-	E	L	L	L	L	-	-	-	E	L	L	L	-	-	-
L	L	L	L	L	-	-	-	E	E	-	-	E	E	-	-	E	E	E	L	L	-	-	E	E	-	-	-
-	E	E	L	-	-	E	E	-	-	E	E	E	L	-	-	-	L	L	-	-	E	E	E	E	L	-	-
-	-	E	L	-	-	-	-	E	E	-	-	-	E	E	-	-	-	-	E	L	-	-	-	-	-	-	-
Objective 0: 4515
Objective 1: 73
Constr violation: -1
Restrictions violated:
0 0 0 0 0 0 0 1 

Individual 25
1	2	3	4	5	6	7	8	9	10	11	12	13	14	15	16	17	18	19	20	21	22	23	24	25	26	27	28
E	E	E	E	E	-	-	L	L	-	-	E	L	L	-	-	E	E	-	-	-	-	-	E	L	L	L	-
-	E	E	E	-	-	-	E	E	E	E	-	-	-	E	E	-	-	E	E	E	E	-	-	-	E	E	E
L	L	L	-	-	L	L	L	-	-	L	L	-	-	-	L	L	L	L	L	-	-	E	L	L	-	-	-
E	E	-	-	-	E	E	E	E	E	-	-	-	-	-	E	L	L	L	L	-	-	E	E	E	E	-	-
L	-	-	L	L	-	-	-	L	L	L	L	-	-	E	E	E	E	-	-	-	L	L	-	-	E	E	L
L	L	L	-	-	L	L	-	-	L	L	L	-	-	L	L	-	-	L	L	-	-	L	L	L	L	-	-
E	E	L	-	-	E	L	L	L	-	-	-	-	E	L	L	L	L	-	-	-	E	L	L	L	-	-	-
L	L	L	L	L	-	-	-	E	E	-	-	E	E	-	-	E	E	E	L	L	-	-	E	E	-	-	-
-	E	E	L	-	-	E	E	-	-	E	E	E	L	L	-	-	L	L	-	-	E	E	E	E	L	-	-
-	-	E	L	-	-	-	-	E	E	-	-	-	E	E	E	L	-	-	E	L	-	-	-	-	-	-	-
Objective 0: 3710
Objective 1: 67
Constr violation: -1
Restrictions violated:
0 0 0 0 0 0 0 1 

Individual 26
1	2	3	4	5	6	7	8	9	10	11	12	13	14	15	16	17	18	19	20	21	22	23	24	25	26	27	28
E	E	E	E	E	-	-	E	E	E	-	-	L	L	L	-	-	E	L	-	-	-	-	L	L	L	L	L
-	E	E	E	-	-	-	E	E	E	E	-	-	-	E	E	-	-	E	E	E	E	-	-	-	E	E	E
L	-	-	E	L	-	-	E	E	E	L	L	-	-	-	L	L	L	L	L	-	-	E	L	L	-	-	E
E	E	-	-	-	E	E	E	E	E	-	-	-	-	-	E	L	L	L	L	-	-	E	E	E	E	-	-
L	-	-	L	L	L	-	-	L	L	L	L	-	-	L	L	L	L	-	-	-	L	L	-	-	E	E	L
L	L	L	-	-	L	L	-	-	L	L	L	-	-	L	L	-	-	L	L	-	-	L	L	L	L	-	-
E	E	E	E	E	-	-	E	E	E	L	L	-	-	L	L	L	L	-	-	-	E	L	L	L	-	-	-
L	L	L	L	L	-	-	-	E	E	-	-	E	E	-	-	E	E	E	L	L	-	-	E	E	-	-	-
E	E	E	L	-	-	E	E	-	-	E	E	E	L	L	-	-	L	L	-	-	E	E	L	L	L	-	-
-	E	E	L	L	-	-	E	E	E	-	-	E	E	E	E	L	-	-	E	L	-	-	-	-	-	-	-
Objective 0: 5337
Objective 1: 76
Constr violation: -1
Restrictions violated:
0 0 0 0 0 0 0 1 

Individual 27
1	2	3	4	5	6	7	8	9	10	11	12	13	14	15	16	17	18	19	20	21	22	23	24	25	26	27	28
E	E	E	E	E	-	-	L	L	-	-	E	L	L	-	-	E	E	-	-	-	-	-	E	L	L	L	-
-	E	E	E	-	-	-	E	E	E	E	-	-	-	E	E	-	-	E	E	E	E	-	-	-	E	E	E
L	L	L	-	-	L	L	L	-	-	L	L	-	-	-	L	L	L	L	L	-	-	E	L	L	-	-	-
E	E	-	-	-	E	E	E	E	E	-	-	-	-	-	E	L	L	L	L	-	-	E	E	E	E	-	-
L	-	-	L	L	L	-	-	L	L	L	L	-	-	E	E	E	E	-	-	-	L	L	-	-	E	E	L
L	L	L	-	-	L	L	-	-	L	L	L	-	-	L	L	-	-	L	L	-	-	L	L	L	L	-	-
E	E	L	-	-	E	L	L	L	-	-	-	-	E	L	L	L	L	-	-	-	E	L	L	L	-	-	-
L	L	L	L	L	-	-	-	E	E	-	-	E	E	-	-	E	E	E	L	L	-	-	E	E	-	-	-
-	E	E	L	-	-	E	E	-	-	E	E	E	L	L	-	-	L	L	-	-	E	E	E	E	L	-	-
-	-	E	L	-	-	-	-	E	E	-	-	-	E	E	-	-	-	-	E	L	-	-	-	-	-	-	-
Objective 0: 3810
Objective 1: 67
Constr violation: -1
Restrictions violated:
0 0 0 0 0 0 0 1 

Individual 28
1	2	3	4	5	6	7	8	9	10	11	12	13	14	15	16	17	18	19	20	21	22	23	24	25	26	27	28
E	E	E	E	E	-	-	L	L	-	-	E	L	L	L	-	-	E	L	-	-	-	-	E	L	L	L	-
-	E	E	E	-	-	-	E	E	E	E	-	-	-	E	E	-	-	E	E	E	E	-	-	-	E	E	E
L	-	-	E	L	-	-	E	E	E	L	L	-	-	-	L	L	L	L	L	-	-	E	L	L	-	-	-
E	E	-	-	-	E	E	E	E	E	-	-	-	-	-	E	L	L	L	L	-	-	E	E	E	E	-	-
L	-	-	L	L	L	-	-	L	L	L	L	-	-	E	E	E	E	-	-	-	L	L	-	-	E	E	L
L	L	L	-	-	L	L	-	-	L	L	L	-	-	L	L	-	-	L	L	-	-	L	L	L	L	-	-
E	E	E	E	-	-	L	L	L	L	L	-	-	E	L	L	L	L	-	-	-	E	L	L	L	-	-	-
L	L	L	L	L	-	-	-	E	E	-	-	E	E	-	-	E	E	E	L	L	-	-	E	E	-	-	-
E	E	E	L	-	-	E	E	-	-	E	E	E	L	L	-	-	L	L	-	-	E	E	E	E	L	-	-
-	E	E	L	L	-	-	E	E	E	-	-	E	E	E	E	L	-	-	E	L	-	-	-	-	L	L	-
Objective 0: 4024
Objective 1: 53
Constr violation: -1
Restrictions violated:
0 0 0 0 0 0 1 0 

Individual 29
1	2	3	4	5	6	7	8	9	10	11	12	13	14	15	16	17	18	19	20	21	22	23	24	25	26	27	28
E	E	E	E	E	-	-	L	L	-	-	E	L	L	L	-	-	E	L	-	-	-	-	E	L	L	L	L
-	E	E	E	-	-	-	E	E	E	E	-	-	-	E	E	-	-	E	E	E	E	-	-	-	E	E	E
L	L	L	-	-	-	-	E	E	E	L	L	-	-	-	L	L	L	L	L	-	-	E	L	-	-	E	E
E	E	-	-	-	E	E	E	E	E	-	-	-	-	-	E	L	L	L	L	-	-	E	E	E	E	-	-
L	-	-	L	L	L	-	-	L	L	L	L	-	-	E	E	E	E	-	-	-	L	L	-	-	E	E	L
L	L	L	-	-	L	L	-	-	L	L	L	-	-	L	L	-	-	L	L	-	-	L	L	L	L	-	-
E	E	E	E	-	-	L	L	L	L	L	-	-	E	L	L	L	L	-	-	-	E	L	L	L	-	-	-
L	L	L	L	L	-	-	-	E	E	-	-	E	E	-	-	E	E	E	L	L	-	-	E	E	-	-	-
E	E	E	L	-	-	E	E	-	-	E	E	E	L	L	-	-	L	L	-	-	E	E	E	L	L	-	-
-	E	E	L	L	-	-	E	E	E	-	-	E	E	E	E	L	-	-	E	L	-	-	-	-	L	L	L
Objective 0: 3724
Objective 1: 51
Constr violation: -1
Restrictions violated:
0 0 0 0 0 0 1 0 

Individual 30
1	2	3	4	5	6	7	8	9	10	11	12	13	14	15	16	17	18	19	20	21	22	23	24	25	26	27	28
E	E	E	E	E	-	-	L	L	-	-	E	L	L	L	-	-	E	L	-	-	-	-	L	L	L	L	L
-	E	E	E	-	-	-	E	E	E	E	-	-	-	E	E	-	-	E	E	E	E	-	-	-	E	E	E
L	L	L	-	-	-	-	E	E	E	L	L	-	-	-	L	L	L	L	L	-	-	E	L	-	-	E	E
E	E	-	-	-	E	E	E	E	E	-	-	-	-	-	E	L	L	L	L	-	-	E	E	E	E	-	-
L	-	-	L	L	L	-	-	L	L	L	L	-	-	E	E	E	E	-	-	-	L	L	-	-	E	E	L
L	L	L	-	-	L	L	-	-	L	L	L	-	-	L	L	-	-	L	L	-	-	L	L	L	L	-	-
E	E	E	E	-	-	L	L	L	L	L	-	-	E	L	L	L	L	-	-	-	E	L	L	L	-	-	-
L	L	L	L	L	-	-	-	E	E	-	-	E	E	-	-	E	E	E	L	L	-	-	E	E	-	-	-
E	E	E	L	-	-	E	E	-	-	E	E	E	L	L	-	-	L	L	-	-	E	E	E	E	L	-	-
-	E	E	L	L	-	-	E	E	E	-	-	E	E	E	E	L	-	-	E	L	-	-	-	-	L	L	L
Objective 0: 3825
Objective 1: 50
Constr violation: -1
Restrictions violated:
0 0 0 0 0 0 1 0 

Individual 31
1	2	3	4	5	6	7	8	9	10	11	12	13	14	15	16	17	18	19	20	21	22	23	24	25	26	27	28
E	E	E	E	E	-	-	E	E	E	-	-	L	L	-	-	E	E	-	-	-	-	-	E	L	L	L	-
-	E	E	E	-	-	-	E	E	E	E	-	-	-	E	E	-	-	E	E	E	E	-	-	-	E	E	E
L	L	L	-	-	-	-	E	E	E	L	L	-	-	-	L	L	L	L	L	-	-	E	L	L	-	-	-
E	E	-	-	-	E	E	E	E	E	-	-	-	-	-	E	L	L	L	L	-	-	E	E	E	E	-	-
L	-	-	L	L	-	-	-	L	L	L	L	-	-	E	E	E	L	-	-	-	L	L	-	-	E	E	L
L	L	L	-	-	L	L	-	-	L	L	L	-	-	L	L	-	-	L	L	-	-	L	L	L	L	-	-
E	E	E	-	-	-	-	E	E	E	L	L	-	-	L	L	L	L	-	-	-	E	L	L	L	-	-	-
L	L	L	L	L	-	-	-	E	E	-	-	E	E	-	-	E	E	E	L	L	-	-	E	E	-	-	-
-	E	E	L	-	-	E	E	-	-	E	E	E	L	-	-	-	L	L	-	-	E	E	E	E	L	-	-
-	-	E	L	-	-	-	-	E	E	-	-	-	E	E	-	-	-	-	E	L	-	-	-	-	-	-	-
Objective 0: 5323
Objective 1: 74
Constr violation: -1
Restrictions violated:
0 0 0 0 0 0 0 1 

Individual 32
1	2	3	4	5	6	7	8	9	10	11	12	13	14	15	16	17	18	19	20	21	22	23	24	25	26	27	28
E	E	E	E	E	-	-	L	L	-	-	E	L	L	L	-	-	E	L	-	-	-	-	L	L	L	L	L
-	E	E	E	-	-	-	E	E	E	E	-	-	-	E	E	-	-	E	E	E	E	-	-	-	E	E	E
L	-	-	E	L	-	-	E	E	E	L	L	-	-	-	L	L	L	L	L	-	-	E	L	L	-	-	E
E	E	-	-	-	E	E	E	E	E	-	-	-	-	-	E	L	L	L	L	-	-	E	E	E	E	-	-
L	-	-	L	L	L	-	-	L	L	L	L	-	-	E	E	E	E	-	-	-	L	L	-	-	E	E	L
L	L	L	-	-	L	L	-	-	L	L	L	-	-	L	L	-	-	L	L	-	-	L	L	L	L	-	-
E	E	E	E	E	-	-	E	E	E	L	L	-	-	L	L	L	L	-	-	-	E	L	L	L	-	-	-
L	L	L	L	L	-	-	-	E	E	-	-	E	E	-	-	E	E	E	L	L	-	-	E	E	-	-	-
E	E	E	L	-	-	E	E	-	-	E	E	E	L	L	-	-	L	L	-	-	E	E	L	L	L	-	-
-	E	E	L	L	-	-	E	E	E	-	-	E	E	E	E	L	-	-	E	L	-	-	-	-	L	L	L
Objective 0: 4532
Objective 1: 66
Constr violation: -1
Restrictions violated:
0 0 0 0 0 0 1 0 

Individual 33
1	2	3	4	5	6	7	8	9	10	11	12	13	14	15	16	17	18	19	20	21	22	23	24	25	26	27	28
E	E	E	E	E	-	-	L	L	-	-	E	L	L	-	-	E	E	-	-	-	-	-	E	L	L	L	-
-	E	E	E	-	-	-	E	E	E	E	-	-	-	E	E	-	-	E	E	E	E	-	-	-	E	E	E
L	L	L	-	-	L	L	L	-	-	L	L	-	-	-	L	L	L	L	L	-	-	E	L	L	-	-	-
E	E	-	-	-	E	E	E	E	E	-	-	-	-	-	E	L	L	L	L	-	-	E	E	E	E	-	-
L	-	-	L	L	L	-	-	L	L	L	L	-	-	E	E	E	E	-	-	-	L	L	-	-	E	E	L
L	L	L	-	-	L	L	-	-	L	L	L	-	-	L	L	-	-	L	L	-	-	L	L	L	L	-	-
E	E	L	-	-	E	L	L	L	-	-	-	-	E	L	L	L	L	-	-	-	E	L	L	L	-	-	-
L	L	L	L	L	-	-	-	E	E	-	-	E	E	-	-	E	E	E	L	L	-	-	E	E	-	-	-
-	E	E	L	-	-	E	E	-	-	E	E	E	L	-	-	-	L	L	-	-	E	E	E	E	L	-	-
-	-	E	L	-	-	-	-	E	E	-	-	-	E	E	-	-	-	-	E	L	-	-	-	-	-	-	-
Objective 0: 3910
Objective 1: 67
Constr violation: -1
Restrictions violated:
0 0 0 0 0 0 0 1 

Individual 34
1	2	3	4	5	6	7	8	9	10	11	12	13	14	15	16	17	18	19	20	21	22	23	24	25	26	27	28
E	E	E	E	E	-	-	L	L	-	-	E	L	L	-	-	E	E	-	-	-	-	-	E	L	L	L	-
-	E	E	E	-	-	-	E	E	E	E	-	-	-	E	E	-	-	E	E	E	E	-	-	-	E	E	E
L	L	L	-	-	L	L	L	-	-	L	L	-	-	-	L	L	L	L	L	-	-	E	L	L	-	-	-
E	E	-	-	-	E	E	E	E	E	-	-	-	-	-	E	L	L	L	L	-	-	E	E	E	E	-	-
L	-	-	L	L	-	-	-	L	L	L	L	-	-	E	E	E	E	-	-	-	L	L	-	-	E	E	L
L	L	L	-	-	L	L	-	-	L	L	L	-	-	L	L	-	-	L	L	-	-	L	L	L	L	-	-
E	E	E	-	-	-	-	E	E	E	L	L	-	-	L	L	L	L	-	-	-	E	L	L	L	-	-	-
L	L	L	L	L	-	-	-	E	E	-	-	E	E	-	-	E	E	E	L	L	-	-	E	E	-	-	-
-	E	E	L	-	-	E	E	-	-	E	E	E	L	-	-	-	L	L	-	-	E	E	L	L	L	-	-
-	-	E	L	-	-	-	-	E	E	-	-	-	E	E	-	-	-	-	E	L	-	-	-	-	-	-	-
Objective 0: 4818
Objective 1: 75
Constr violation: -1
Restrictions violated:
0 0 0 0 0 0 0 1 

Individual 35
1	2	3	4	5	6	7	8	9	10	11	12	13	14	15	16	17	18	19	20	21	22	23	24	25	26	27	28
E	E	E	E	E	-	-	L	L	-	-	E	L	L	-	-	E	E	L	-	-	-	-	E	L	L	L	L
-	E	E	E	-	-	-	E	E	E	E	-	-	-	E	E	-	-	E	E	E	E	-	-	-	E	E	E
L	-	-	E	L	-	-	E	E	E	L	L	-	-	-	L	L	L	L	L	-	-	E	L	-	-	E	E
E	E	-	-	-	E	E	E	E	E	-	-	-	-	-	E	L	L	L	L	-	-	E	E	E	E	-	-
L	-	-	L	L	L	-	-	L	L	L	L	-	-	E	E	E	E	-	-	-	L	L	-	-	E	E	L
L	L	L	-	-	L	L	-	-	L	L	L	-	-	L	L	-	-	L	L	-	-	L	L	L	L	-	-
E	E	E	E	-	-	L	L	L	L	L	-	-	E	L	L	L	L	-	-	-	E	L	L	L	-	-	-
L	L	L	L	L	-	-	-	E	E	-	-	E	E	-	-	E	E	E	L	L	-	-	E	E	-	-	-
E	E	E	L	-	-	E	E	-	-	E	E	E	L	L	-	-	L	L	-	-	E	E	E	L	L	-	-
-	E	E	L	L	-	-	E	E	E	-	-	E	E	E	E	L	-	-	E	L	-	-	-	-	L	L	L
Objective 0: 3926
Objective 1: 51
Constr violation: -1
Restrictions violated:
0 0 0 0 0 0 1 0 

Individual 36
1	2	3	4	5	6	7	8	9	10	11	12	13	14	15	16	17	18	19	20	21	22	23	24	25	26	27	28
E	E	E	E	E	-	-	E	E	E	-	-	L	L	L	-	-	E	L	-	-	-	-	L	L	L	L	L
-	E	E	E	-	-	-	E	E	E	E	-	-	-	E	E	-	-	E	E	E	E	-	-	-	E	E	E
L	-	-	E	L	-	-	E	E	E	L	L	-	-	-	L	L	L	L	L	-	-	E	L	L	-	-	E
E	E	-	-	-	E	E	E	E	E	-	-	-	-	-	E	L	L	L	L	-	-	E	E	E	E	-	-
L	-	-	L	L	L	-	-	L	L	L	L	-	-	L	L	L	L	-	-	-	L	L	-	-	E	E	L
L	L	L	-	-	L	L	-	-	L	L	L	-	-	L	L	-	-	L	L	-	-	L	L	L	L	-	-
E	E	E	E	-	-	L	L	L	L	L	-	-	E	L	L	L	L	-	-	-	E	L	L	L	-	-	-
L	L	L	L	L	-	-	-	E	E	-	-	E	E	-	-	E	E	E	L	L	-	-	E	E	-	-	-
E	E	E	L	-	-	E	E	-	-	E	E	E	L	L	-	-	L	L	-	-	E	E	E	L	L	-	-
-	E	E	L	L	-	-	E	E	E	-	-	E	E	E	E	L	-	-	E	L	-	-	-	-	L	L	L
Objective 0: 4734
Objective 1: 62
Constr violation: -1
Restrictions violated:
0 0 0 0 0 0 1 0 

Individual 37
1	2	3	4	5	6	7	8	9	10	11	12	13	14	15	16	17	18	19	20	21	22	23	24	25	26	27	28
E	E	E	E	E	-	-	L	L	-	-	E	L	L	-	-	E	E	-	-	-	-	-	E	L	L	L	-
-	E	E	E	-	-	-	E	E	E	E	-	-	-	E	E	-	-	E	E	E	E	-	-	-	E	E	E
L	-	-	E	L	L	L	L	-	-	L	L	-	-	-	L	L	L	L	L	-	-	E	L	L	-	-	-
E	E	-	-	-	E	E	E	E	E	-	-	-	-	-	E	L	L	L	L	-	-	E	E	E	E	-	-
L	-	-	L	L	-	-	-	L	L	L	L	-	-	E	E	E	L	-	-	-	L	L	-	-	E	E	L
L	L	L	-	-	L	L	-	-	L	L	L	-	-	L	L	-	-	L	L	-	-	L	L	L	L	-	-
E	E	E	-	-	-	-	E	E	E	L	L	-	-	L	L	L	L	-	-	-	E	L	L	L	-	-	-
L	L	L	L	L	-	-	-	E	E	-	-	E	E	-	-	E	E	E	L	L	-	-	E	E	-	-	-
-	E	E	L	-	-	E	E	-	-	E	E	E	L	-	-	-	L	L	-	-	E	E	L	L	L	-	-
-	-	E	L	-	-	-	-	E	E	-	-	-	E	E	-	-	-	-	E	L	-	-	-	-	-	-	-
Objective 0: 5020
Objective 1: 78
Constr violation: -1
Restrictions violated:
0 0 0 0 0 0 0 1 

Individual 38
1	2	3	4	5	6	7	8	9	10	11	12	13	14	15	16	17	18	19	20	21	22	23	24	25	26	27	28
E	E	E	E	E	-	-	L	L	-	-	E	L	L	-	-	E	E	-	-	-	-	-	E	L	L	L	-
-	E	E	E	-	-	-	E	E	E	E	-	-	-	E	E	-	-	E	E	E	E	-	-	-	E	E	E
L	L	L	-	-	L	L	L	-	-	L	L	-	-	-	L	L	L	L	L	-	-	E	L	L	-	-	-
E	E	-	-	-	E	E	E	E	E	-	-	-	-	-	E	L	L	L	L	-	-	E	E	E	E	-	-
L	-	-	L	L	-	-	-	L	L	L	L	-	-	E	E	E	L	-	-	-	L	L	-	-	E	E	L
L	L	L	-	-	L	L	-	-	L	L	L	-	-	L	L	-	-	L	L	-	-	L	L	L	L	-	-
E	E	L	-	-	E	L	L	L	-	-	-	-	E	L	L	L	L	-	-	-	E	L	L	L	-	-	-
L	L	L	L	L	-	-	-	E	E	-	-	E	E	-	-	E	E	E	L	L	-	-	E	E	-	-	-
-	E	E	L	-	-	E	E	-	-	E	E	E	L	-	-	-	L	L	-	-	E	E	E	E	L	-	-
-	-	E	L	-	-	-	-	E	E	-	-	-	E	E	-	-	-	-	E	L	-	-	-	-	-	-	-
Objective 0: 4111
Objective 1: 70
Constr violation: -1
Restrictions violated:
0 0 0 0 0 0 0 1 

Individual 39
1	2	3	4	5	6	7	8	9	10	11	12	13	14	15	16	17	18	19	20	21	22	23	24	25	26	27	28
E	E	E	E	E	-	-	E	E	E	-	-	L	L	L	-	-	E	L	-	-	-	-	L	L	L	L	L
-	E	E	E	-	-	-	E	E	E	E	-	-	-	E	E	-	-	E	E	E	E	-	-	-	E	E	E
L	-	-	E	L	-	-	E	E	E	L	L	-	-	-	L	L	L	L	L	-	-	E	L	L	-	-	E
E	E	-	-	-	E	E	E	E	E	-	-	-	-	-	E	L	L	L	L	-	-	E	E	E	E	-	-
L	-	-	L	L	L	-	-	L	L	L	L	-	-	L	L	L	L	-	-	-	L	L	-	-	E	E	L
L	L	L	-	-	L	L	-	-	L	L	L	-	-	L	L	-	-	L	L	-	-	L	L	L	L	-	-
E	E	E	E	E	-	-	E	E	E	L	L	-	-	L	L	L	L	-	-	-	E	L	L	L	-	-	-
L	L	L	L	L	-	-	-	E	E	-	-	E	E	-	-	E	E	E	L	L	-	-	E	E	-	-	-
E	E	E	L	-	-	E	E	-	-	E	E	E	L	L	-	-	L	L	-	-	E	E	E	E	L	-	-
-	E	E	L	L	-	-	E	E	E	-	-	E	E	E	E	L	-	-	E	L	-	-	-	-	L	L	L
Objective 0: 4936
Objective 1: 74
Constr violation: -1
Restrictions violated:
0 0 0 0 0 0 1 0 

Individual 40
1	2	3	4	5	6	7	8	9	10	11	12	13	14	15	16	17	18	19	20	21	22	23	24	25	26	27	28
E	E	E	E	E	-	-	E	E	E	-	-	L	L	-	-	E	E	-	-	-	-	-	L	L	L	L	-
-	E	E	E	-	-	-	E	E	E	E	-	-	-	E	E	-	-	E	E	E	E	-	-	-	E	E	E
L	L	L	-	-	L	L	L	-	-	L	L	-	-	-	L	L	L	L	L	-	-	E	L	L	-	-	-
E	E	-	-	-	E	E	E	E	E	-	-	-	-	-	E	L	L	L	L	-	-	E	E	E	E	-	-
L	-	-	L	L	-	-	-	L	L	L	L	-	-	E	E	E	L	-	-	-	L	L	-	-	E	E	L
L	L	L	-	-	L	L	-	-	L	L	L	-	-	L	L	-	-	L	L	-	-	L	L	L	L	-	-
E	E	E	-	-	E	L	L	L	-	-	-	-	E	L	L	L	L	-	-	-	E	L	L	L	-	-	-
L	L	L	L	L	-	-	-	E	E	-	-	E	E	-	-	E	E	E	L	L	-	-	E	E	-	-	-
-	E	E	L	-	-	E	E	-	-	E	E	E	L	-	-	-	L	L	-	-	E	E	E	E	L	-	-
-	-	E	L	-	-	-	-	E	E	-	-	-	E	E	-	-	-	-	E	L	-	-	-	-	-	-	-
Objective 0: 4616
Objective 1: 73
Constr violation: -1
Restrictions violated:
0 0 0 0 0 0 0 1 

Individual 41
1	2	3	4	5	6	7	8	9	10	11	12	13	14	15	16	17	18	19	20	21	22	23	24	25	26	27	28
E	E	E	E	E	-	-	L	L	-	-	E	L	L	-	-	E	E	-	-	-	-	-	E	L	L	L	-
-	E	E	E	-	-	-	E	E	E	E	-	-	-	E	E	-	-	E	E	E	E	-	-	-	E	E	E
L	L	L	-	-	L	L	L	-	-	L	L	-	-	-	L	L	L	L	L	-	-	E	L	L	-	-	-
E	E	-	-	-	E	E	E	E	E	-	-	-	-	-	E	L	L	L	L	-	-	E	E	E	E	-	-
L	-	-	L	L	-	-	-	L	L	L	L	-	-	E	E	E	L	-	-	-	L	L	-	-	E	E	L
L	L	L	-	-	L	L	-	-	L	L	L	-	-	L	L	-	-	L	L	-	-	L	L	L	L	-	-
E	E	E	-	-	E	L	L	L	-	-	-	-	E	L	L	L	L	-	-	-	E	L	L	L	-	-	-
L	L	L	L	L	-	-	-	E	E	-	-	E	E	-	-	E	E	E	L	L	-	-	E	E	-	-	-
-	E	E	L	-	-	E	E	-	-	E	E	E	L	-	-	-	L	L	-	-	E	E	E	E	L	-	-
-	-	E	L	-	-	-	-	E	E	-	-	-	E	E	-	-	-	-	E	L	-	-	-	-	-	-	-
Objective 0: 4212
Objective 1: 70
Constr violation: -1
Restrictions violated:
0 0 0 0 0 0 0 1 

Individual 42
1	2	3	4	5	6	7	8	9	10	11	12	13	14	15	16	17	18	19	20	21	22	23	24	25	26	27	28
E	E	E	E	E	-	-	E	E	E	-	-	L	L	-	-	E	E	-	-	-	-	-	L	L	L	L	-
-	E	E	E	-	-	-	E	E	E	E	-	-	-	E	E	-	-	E	E	E	E	-	-	-	E	E	E
L	-	-	E	L	L	L	L	-	-	L	L	-	-	-	L	L	L	L	L	-	-	E	L	L	-	-	-
E	E	-	-	-	E	E	E	E	E	-	-	-	-	-	E	L	L	L	L	-	-	E	E	E	E	-	-
L	-	-	L	L	-	-	-	L	L	L	L	-	-	E	E	E	L	-	-	-	L	L	-	-	E	E	L
L	L	L	-	-	L	L	-	-	L	L	L	-	-	L	L	-	-	L	L	-	-	L	L	L	L	-	-
E	E	E	-	-	-	-	E	E	E	L	L	-	-	L	L	L	L	-	-	-	E	L	L	L	-	-	-
L	L	L	L	L	-	-	-	E	E	-	-	E	E	-	-	E	E	E	L	L	-	-	E	E	-	-	-
-	E	E	L	-	-	E	E	-	-	E	E	E	L	-	-	-	L	L	-	-	E	E	E	E	L	-	-
-	-	E	L	-	-	-	-	E	E	-	-	-	E	E	-	-	-	-	E	L	-	-	-	-	-	-	-
Objective 0: 5222
Objective 1: 79
Constr violation: -1
Restrictions violated:
0 0 0 0 0 0 0 1 

Individual 43
1	2	3	4	5	6	7	8	9	10	11	12	13	14	15	16	17	18	19	20	21	22	23	24	25	26	27	28
E	E	E	E	E	-	-	E	E	E	-	-	L	L	L	-	-	E	L	-	-	-	-	L	L	L	L	L
-	E	E	E	-	-	-	E	E	E	E	-	-	-	E	E	-	-	E	E	E	E	-	-	-	E	E	E
L	-	-	E	L	-	-	E	E	E	L	L	-	-	-	L	L	L	L	L	-	-	E	L	L	-	-	E
E	E	-	-	-	E	E	E	E	E	-	-	-	-	-	E	L	L	L	L	-	-	E	E	E	E	-	-
L	-	-	L	L	L	-	-	L	L	L	L	-	-	L	L	L	L	-	-	-	L	L	-	-	E	E	L
L	L	L	-	-	L	L	-	-	L	L	L	-	-	L	L	-	-	L	L	-	-	L	L	L	L	-	-
E	E	E	E	E	-	-	E	E	E	L	L	-	-	L	L	L	L	-	-	-	E	L	L	L	-	-	-
L	L	L	L	L	-	-	-	E	E	-	-	E	E	-	-	E	E	E	L	L	-	-	E	E	-	-	-
E	E	E	L	-	-	E	E	-	-	E	E	E	L	L	-	-	L	L	-	-	E	E	E	L	L	-	-
-	E	E	L	L	-	-	E	E	E	-	-	E	E	E	E	L	-	-	E	L	-	-	-	-	L	L	L
Objective 0: 5037
Objective 1: 74
Constr violation: -1
Restrictions violated:
0 0 0 0 0 0 1 0 

Individual 44
1	2	3	4	5	6	7	8	9	10	11	12	13	14	15	16	17	18	19	20	21	22	23	24	25	26	27	28
E	E	E	E	E	-	-	E	E	E	-	-	L	L	-	-	E	E	-	-	-	-	-	L	L	L	L	-
-	E	E	E	-	-	-	E	E	E	E	-	-	-	E	E	-	-	E	E	E	E	-	-	-	E	E	E
L	L	L	-	-	L	L	L	-	-	L	L	-	-	-	L	L	L	L	L	-	-	E	L	L	-	-	-
E	E	-	-	-	E	E	E	E	E	-	-	-	-	-	E	L	L	L	L	-	-	E	E	E	E	-	-
L	-	-	L	L	-	-	-	L	L	L	L	-	-	E	E	E	L	-	-	-	L	L	-	-	E	E	L
L	L	L	-	-	L	L	-	-	L	L	L	-	-	L	L	-	-	L	L	-	-	L	L	L	L	-	-
E	E	L	-	-	E	L	L	L	-	-	-	-	E	L	L	L	L	-	-	-	E	L	L	L	-	-	-
L	L	L	L	L	-	-	-	E	E	-	-	E	E	-	-	E	E	E	L	L	-	-	E	E	-	-	-
-	E	E	L	-	-	E	E	-	-	E	E	E	L	-	-	-	L	L	-	-	E	E	L	L	L	-	-
-	-	E	L	-	-	-	-	E	E	-	-	-	E	E	-	-	-	-	E	L	-	-	-	-	-	-	-
Objective 0: 4717
Objective 1: 75
Constr violation: -1
Restrictions violated:
0 0 0 0 0 0 0 1 

Individual 45
1	2	3	4	5	6	7	8	9	10	11	12	13	14	15	16	17	18	19	20	21	22	23	24	25	26	27	28
E	E	E	E	E	-	-	E	E	E	-	-	L	L	L	-	-	E	L	-	-	-	-	L	L	L	L	L
-	E	E	E	-	-	-	E	E	E	E	-	-	-	E	E	-	-	E	E	E	E	-	-	-	E	E	E
L	-	-	E	L	-	-	E	E	E	L	L	-	-	-	L	L	L	L	L	-	-	E	L	-	-	E	E
E	E	-	-	-	E	E	E	E	E	-	-	-	-	-	E	L	L	L	L	-	-	E	E	E	E	-	-
L	-	-	L	L	L	-	-	L	L	L	L	-	-	L	L	L	L	-	-	-	L	L	-	-	E	E	L
L	L	L	-	-	L	L	-	-	L	L	L	-	-	L	L	-	-	L	L	-	-	L	L	L	L	-	-
E	E	E	E	E	-	-	E	E	E	L	-	-	E	L	L	L	L	-	-	-	E	L	L	L	-	-	-
L	L	L	L	L	-	-	-	E	E	-	-	E	E	-	-	E	E	E	L	L	-	-	E	E	-	-	-
E	E	E	L	-	-	E	E	-	-	E	E	E	L	L	-	-	L	L	-	-	E	E	E	E	L	-	-
-	E	E	L	L	-	-	E	E	E	-	-	E	E	E	E	L	-	-	E	L	-	-	-	-	L	L	L
Objective 0: 4835
Objective 1: 72
Constr violation: -1
Restrictions violated:
0 0 0 0 0 0 1 0 

Individual 46
1	2	3	4	5	6	7	8	9	10	11	12	13	14	15	16	17	18	19	20	21	22	23	24	25	26	27	28
E	E	E	E	E	-	-	L	L	-	-	E	L	L	-	-	E	E	-	-	-	-	-	E	L	L	L	-
-	E	E	E	-	-	-	E	E	E	E	-	-	-	E	E	-	-	E	E	E	E	-	-	-	E	E	E
L	L	L	-	-	L	L	L	-	-	L	L	-	-	-	L	L	L	L	L	-	-	E	L	L	-	-	-
E	E	-	-	-	E	E	E	E	E	-	-	-	-	-	E	L	L	L	L	-	-	E	E	E	E	-	-
L	-	-	L	L	-	-	-	L	L	L	L	-	-	E	E	E	L	-	-	-	L	L	-	-	E	E	L
L	L	L	-	-	L	L	-	-	L	L	L	-	-	L	L	-	-	L	L	-	-	L	L	L	L	-	-
E	E	E	-	-	E	L	L	L	-	-	-	-	E	L	L	L	L	-	-	-	E	L	L	L	-	-	-
L	L	L	L	L	-	-	-	E	E	-	-	E	E	-	-	E	E	E	L	L	-	-	E	E	-	-	-
-	E	E	L	-	-	E	E	-	-	E	E	E	L	-	-	-	L	L	-	-	E	E	L	L	L	-	-
-	-	E	L	-	-	-	-	E	E	-	-	-	E	E	-	-	-	-	E	L	-	-	-	-	-	-	-
Objective 0: 4414
Objective 1: 72
Constr violation: -1
Restrictions violated:
0 0 0 0 0 0 0 1 

Individual 47
1	2	3	4	5	6	7	8	9	10	11	12	13	14	15	16	17	18	19	20	21	22	23	24	25	26	27	28
E	E	E	E	E	-	-	E	E	E	-	-	L	L	L	-	-	E	L	-	-	-	-	L	L	L	L	L
-	E	E	E	-	-	-	E	E	E	E	-	-	-	E	E	-	-	E	E	E	E	-	-	-	E	E	E
L	-	-	E	L	-	-	E	E	E	L	L	-	-	-	L	L	L	L	L	-	-	E	L	L	-	-	E
E	E	-	-	-	E	E	E	E	E	-	-	-	-	-	E	L	L	L	L	-	-	E	E	E	E	-	-
L	-	-	L	L	-	-	-	L	L	L	L	-	-	E	E	E	L	-	-	-	L	L	-	-	E	E	L
L	L	L	-	-	L	L	-	-	L	L	L	-	-	L	L	-	-	L	L	-	-	L	L	L	L	-	-
E	E	E	-	-	E	L	L	L	-	-	-	-	E	L	L	L	L	-	-	-	E	L	L	L	-	-	-
L	L	L	L	L	-	-	-	E	E	-	-	E	E	-	-	E	E	E	L	L	-	-	E	E	-	-	-
-	E	E	L	-	-	E	E	-	-	E	E	E	L	-	-	-	L	L	-	-	E	E	L	L	L	-	-
-	-	E	L	-	-	-	-	E	E	-	-	-	E	E	-	-	-	-	E	L	-	-	-	-	-	-	-
Objective 0: 5124
Objective 1: 69
Constr violation: -1
Restrictions violated:
0 0 0 0 0 0 0 1 

Individual 48
1	2	3	4	5	6	7	8	9	10	11	12	13	14	15	16	17	18	19	20	21	22	23	24	25	26	27	28
E	E	E	E	E	-	-	E	E	E	-	-	L	L	L	-	-	E	L	-	-	-	-	L	L	L	L	L
-	E	E	E	-	-	-	E	E	E	E	-	-	-	E	E	-	-	E	E	E	E	-	-	-	E	E	E
L	-	-	E	L	-	-	E	E	E	L	L	-	-	-	L	L	L	L	L	-	-	E	L	L	-	-	E
E	E	-	-	-	E	E	E	E	E	-	-	-	-	-	E	L	L	L	L	-	-	E	E	E	E	-	-
L	-	-	L	L	L	-	-	L	L	L	L	-	-	L	L	L	L	-	-	-	L	L	-	-	E	E	L
L	L	L	-	-	L	L	-	-	L	L	L	-	-	L	L	-	-	L	L	-	-	L	L	L	L	-	-
E	E	E	E	E	-	-	E	E	E	L	L	-	-	L	L	L	L	-	-	-	E	L	L	L	-	-	-
L	L	L	L	L	-	-	-	E	E	-	-	E	E	-	-	E	E	E	L	L	-	-	E	E	-	-	-
E	E	E	L	-	-	E	E	-	-	E	E	E	L	L	-	-	L	L	-	-	E	E	L	L	L	-	-
-	-	E	L	L	-	-	-	E	E	-	-	-	E	E	E	L	-	-	E	L	-	-	-	-	-	-	-
Objective 0: 5334
Objective 1: 76
Constr violation: -1
Restrictions violated:
0 0 0 0 0 0 0 1 

Individual 49
1	2	3	4	5	6	7	8	9	10	11	12	13	14	15	16	17	18	19	20	21	22	23	24	25	26	27	28
E	E	E	E	E	-	-	E	E	E	-	-	L	L	-	-	E	E	-	-	-	-	-	E	L	L	L	-
-	E	E	E	-	-	-	E	E	E	E	-	-	-	E	E	-	-	E	E	E	E	-	-	-	E	E	E
L	-	-	E	L	-	-	E	E	E	L	L	-	-	-	L	L	L	L	L	-	-	E	L	L	-	-	-
E	E	-	-	-	E	E	E	E	E	-	-	-	-	-	E	L	L	L	L	-	-	E	E	E	E	-	-
L	-	-	L	L	-	-	-	L	L	L	L	-	-	E	E	E	L	-	-	-	L	L	-	-	E	E	L
L	L	L	-	-	L	L	-	-	L	L	L	-	-	L	L	-	-	L	L	-	-	L	L	L	L	-	-
E	E	E	E	E	-	-	E	E	E	L	L	-	-	L	L	L	L	-	-	-	E	L	L	L	-	-	-
L	L	L	L	L	-	-	-	E	E	-	-	E	E	-	-	E	E	E	L	L	-	-	E	E	-	-	-
E	E	E	L	-	-	E	E	-	-	E	E	E	L	L	-	-	L	L	-	-	E	E	E	E	L	-	-
-	E	E	L	L	-	-	E	E	E	-	-	E	E	E	E	L	-	-	E	L	-	-	-	-	L	L	L
Objective 0: 4831
Objective 1: 72
Constr violation: -1
Restrictions violated:
0 0 0 0 0 0 1 0 

Individual 50
1	2	3	4	5	6	7	8	9	10	11	12	13	14	15	16	17	18	19	20	21	22	23	24	25	26	27	28
E	E	E	E	E	-	-	E	E	E	-	-	L	L	-	-	E	E	-	-	-	-	-	E	L	L	L	-
-	E	E	E	-	-	-	E	E	E	E	-	-	-	E	E	-	-	E	E	E	E	-	-	-	E	E	E
L	L	L	-	-	L	L	L	-	-	L	L	-	-	-	L	L	L	L	L	-	-	E	L	L	-	-	-
E	E	-	-	-	E	E	E	E	E	-	-	-	-	-	E	L	L	L	L	-	-	E	E	E	E	-	-
L	-	-	L	L	L	-	-	L	L	L	L	-	-	L	L	L	L	-	-	-	L	L	-	-	E	E	L
L	L	L	-	-	L	L	-	-	L	L	L	-	-	L	L	-	-	L	L	-	-	L	L	L	L	-	-
E	E	E	E	E	-	-	E	E	E	L	L	-	-	L	L	L	L	-	-	-	E	L	L	L	-	-	-
L	L	L	L	L	-	-	-	E	E	-	-	E	E	-	-	E	E	E	L	L	-	-	E	E	-	-	-
E	E	E	L	-	-	E	E	-	-	E	E	E	L	L	-	-	L	L	-	-	E	E	E	E	L	-	-
-	-	E	L	-	-	-	-	E	E	-	-	-	E	E	-	-	-	-	E	L	-	-	-	-	-	-	-
Objective 0: 4722
Objective 1: 81
Constr violation: -1
Restrictions violated:
0 0 0 0 0 0 0 1 

Individual 51
1	2	3	4	5	6	7	8	9	10	11	12	13	14	15	16	17	18	19	20	21	22	23	24	25	26	27	28
E	E	E	E	E	-	-	L	L	-	-	E	L	L	L	-	-	E	L	-	-	-	-	E	L	L	L	L
-	E	E	E	-	-	-	E	E	E	E	-	-	-	E	E	-	-	E	E	E	E	-	-	-	E	E	E
L	-	-	E	L	-	-	E	E	E	L	L	-	-	-	L	L	L	L	L	-	-	E	L	L	-	-	-
E	E	-	-	-	E	E	E	E	E	-	-	-	-	-	E	L	L	L	L	-	-	E	E	E	E	-	-
L	-	-	L	L	L	-	-	L	L	L	L	-	-	L	L	L	L	-	-	-	L	L	-	-	E	E	L
L	L	L	-	-	L	L	-	-	L	L	L	-	-	L	L	-	-	L	L	-	-	L	L	L	L	-	-
E	E	E	E	-	-	L	L	L	L	L	-	-	E	L	L	L	L	-	-	-	E	L	L	L	-	-	-
L	L	L	L	L	-	-	-	E	E	-	-	E	E	-	-	E	E	E	L	L	-	-	E	E	-	-	-
E	E	E	L	-	-	E	E	-	-	E	E	E	L	L	-	-	L	L	-	-	E	E	L	L	L	-	-
-	E	E	L	L	-	-	E	E	E	-	-	E	E	E	E	L	-	-	E	L	-	-	-	-	L	L	L
Objective 0: 4531
Objective 1: 61
Constr violation: -1
Restrictions violated:
0 0 0 0 0 0 1 0 

Individual 52
1	2	3	4	5	6	7	8	9	10	11	12	13	14	15	16	17	18	19	20	21	22	23	24	25	26	27	28
E	E	E	E	E	-	-	E	E	E	-	-	L	L	L	-	-	E	L	-	-	-	-	L	L	L	L	L
-	E	E	E	-	-	-	E	E	E	E	-	-	-	E	E	-	-	E	E	E	E	-	-	-	E	E	E
L	-	-	E	L	-	-	E	E	E	L	L	-	-	-	L	L	L	L	L	-	-	E	L	L	-	-	E
E	E	-	-	-	E	E	E	E	E	-	-	-	-	-	E	L	L	L	L	-	-	E	E	E	E	-	-
L	-	-	L	L	L	-	-	L	L	L	L	-	-	L	L	L	L	-	-	-	L	L	-	-	E	E	L
L	L	L	-	-	L	L	-	-	L	L	L	-	-	L	L	-	-	L	L	-	-	L	L	L	L	-	-
E	E	E	E	E	-	-	E	E	E	L	L	-	-	L	L	L	L	-	-	-	E	L	L	L	-	-	-
L	L	L	L	L	-	-	-	E	E	-	-	E	E	-	-	E	E	E	L	L	-	-	E	E	-	-	-
-	E	E	L	-	-	E	E	-	-	E	E	E	L	-	-	-	L	L	-	-	E	E	L	L	L	-	-
-	-	E	L	-	-	-	-	E	E	-	-	-	E	E	-	-	-	-	E	L	-	-	-	-	-	-	-
Objective 0: 5430
Objective 1: 78
Constr violation: -1
Restrictions violated:
0 0 0 0 0 0 0 1 

Individual 53
1	2	3	4	5	6	7	8	9	10	11	12	13	14	15	16	17	18	19	20	21	22	23	24	25	26	27	28
E	E	E	E	E	-	-	E	E	E	-	-	L	L	L	-	-	E	L	-	-	-	-	L	L	L	L	L
-	E	E	E	-	-	-	E	E	E	E	-	-	-	E	E	-	-	E	E	E	E	-	-	-	E	E	E
L	-	-	E	L	-	-	E	E	E	L	L	-	-	-	L	L	L	L	L	-	-	E	L	L	-	-	-
E	E	-	-	-	E	E	E	E	E	-	-	-	-	-	E	L	L	L	L	-	-	E	E	E	E	-	-
L	-	-	L	L	L	-	-	L	L	L	L	-	-	E	E	L	L	-	-	-	L	L	-	-	E	E	L
L	L	L	-	-	L	L	-	-	L	L	L	-	-	L	L	-	-	L	L	-	-	L	L	L	L	-	-
E	E	E	E	-	-	L	L	L	L	L	-	-	E	L	L	L	L	-	-	-	E	L	L	L	-	-	-
L	L	L	L	L	-	-	-	E	E	-	-	E	E	-	-	E	E	E	L	L	-	-	E	E	-	-	-
E	E	E	L	-	-	E	E	-	-	E	E	E	L	L	-	-	L	L	-	-	E	E	E	L	L	-	-
-	E	E	L	L	-	-	E	E	E	-	-	E	E	E	E	L	-	-	E	L	-	-	-	-	L	L	L
Objective 0: 4733
Objective 1: 62
Constr violation: -1
Restrictions violated:
0 0 0 0 0 0 1 0 

Individual 54
1	2	3	4	5	6	7	8	9	10	11	12	13	14	15	16	17	18	19	20	21	22	23	24	25	26	27	28
E	E	E	E	E	-	-	L	L	-	-	E	L	L	L	-	-	E	L	-	-	-	-	E	L	L	L	L
-	E	E	E	-	-	-	E	E	E	E	-	-	-	E	E	-	-	E	E	E	E	-	-	-	E	E	E
L	-	-	E	L	-	-	E	E	E	L	L	-	-	-	L	L	L	L	L	-	-	E	L	-	-	E	E
E	E	-	-	-	E	E	E	E	E	-	-	-	-	-	E	L	L	L	L	-	-	E	E	E	E	-	-
L	-	-	L	L	L	-	-	L	L	L	L	-	-	E	E	E	E	-	-	-	L	L	-	-	E	E	L
L	L	L	-	-	L	L	-	-	L	L	L	-	-	L	L	-	-	L	L	-	-	L	L	L	L	-	-
E	E	E	E	-	-	L	L	L	L	L	-	-	E	L	L	L	L	-	-	-	E	L	L	L	-	-	-
L	L	L	L	L	-	-	-	E	E	-	-	E	E	-	-	E	E	E	L	L	-	-	E	E	-	-	-
-	E	E	L	-	-	E	E	-	-	E	E	E	L	-	-	-	L	L	-	-	E	E	L	L	L	-	-
-	-	E	L	-	-	-	-	E	E	-	-	-	E	E	-	-	-	-	E	L	-	-	-	-	-	-	-
Objective 0: 4521
Objective 1: 55
Constr violation: -1
Restrictions violated:
0 0 0 0 0 0 0 1 

Individual 55
1	2	3	4	5	6	7	8	9	10	11	12	13	14	15	16	17	18	19	20	21	22	23	24	25	26	27	28
E	E	E	E	E	-	-	L	L	-	-	E	L	L	-	-	E	E	-	-	-	-	-	E	L	L	L	-
-	E	E	E	-	-	-	E	E	E	E	-	-	-	E	E	-	-	E	E	E	E	-	-	-	E	E	E
L	L	L	-	-	L	L	L	-	-	L	L	-	-	-	L	L	L	L	L	-	-	E	L	L	-	-	-
E	E	-	-	-	E	E	E	E	E	-	-	-	-	-	E	L	L	L	L	-	-	E	E	E	E	-	-
L	-	-	L	L	L	-	-	L	L	L	L	-	-	E	E	E	E	-	-	-	L	L	-	-	E	E	L
L	L	L	-	-	L	L	-	-	L	L	L	-	-	L	L	-	-	L	L	-	-	L	L	L	L	-	-
E	E	L	-	-	E	L	L	L	-	-	-	-	E	L	L	L	L	-	-	-	E	L	L	L	-	-	-
L	L	L	L	L	-	-	-	E	E	-	-	E	E	-	-	E	E	E	L	L	-	-	E	E	-	-	-
-	E	E	L	-	-	E	E	-	-	E	E	E	L	L	-	-	L	L	-	-	E	E	E	E	L	-	-
-	-	E	L	L	-	-	-	E	E	-	-	-	E	E	E	L	-	-	E	L	-	-	-	-	-	-	-
Objective 0: 3510
Objective 1: 67
Constr violation: -1
Restrictions violated:
0 0 0 0 0 0 0 1 

Individual 56
1	2	3	4	5	6	7	8	9	10	11	12	13	14	15	16	17	18	19	20	21	22	23	24	25	26	27	28
E	E	E	E	E	-	-	L	L	-	-	E	L	L	L	-	-	E	L	-	-	-	-	E	L	L	L	L
-	E	E	E	-	-	-	E	E	E	E	-	-	-	E	E	-	-	E	E	E	E	-	-	-	E	E	E
L	L	L	-	-	L	L	L	-	-	L	L	-	-	-	L	L	L	L	L	-	-	E	L	L	-	-	-
E	E	-	-	-	E	E	E	E	E	-	-	-	-	-	E	L	L	L	L	-	-	E	E	E	E	-	-
L	-	-	L	L	L	-	-	L	L	L	L	-	-	E	E	E	E	-	-	-	L	L	-	-	E	E	L
L	L	L	-	-	L	L	-	-	L	L	L	-	-	L	L	-	-	L	L	-	-	L	L	L	L	-	-
E	E	L	-	-	E	L	L	L	L	-	-	-	E	L	L	L	L	-	-	-	E	L	L	L	-	-	-
L	L	L	L	L	-	-	-	E	E	-	-	E	E	-	-	E	E	E	L	L	-	-	E	E	-	-	-
-	E	E	L	-	-	E	E	-	-	E	E	E	L	-	-	-	L	L	-	-	E	E	E	E	L	-	-
-	-	E	L	-	-	-	-	E	E	-	-	-	E	E	-	-	-	-	E	L	-	-	-	-	-	-	-
Objective 0: 3913
Objective 1: 64
Constr violation: -1
Restrictions violated:
0 0 0 0 0 0 0 1 

Individual 57
1	2	3	4	5	6	7	8	9	10	11	12	13	14	15	16	17	18	19	20	21	22	23	24	25	26	27	28
E	E	E	E	E	-	-	E	E	E	-	-	L	L	L	-	-	E	L	-	-	-	-	L	L	L	L	L
-	E	E	E	-	-	-	E	E	E	E	-	-	-	E	E	-	-	E	E	E	E	-	-	-	E	E	E
L	-	-	E	L	L	L	L	-	-	L	L	-	-	-	L	L	L	L	L	-	-	E	L	L	-	-	-
E	E	-	-	-	E	E	E	E	E	-	-	-	-	-	E	L	L	L	L	-	-	E	E	E	E	-	-
L	-	-	L	L	-	-	-	L	L	L	L	-	-	E	E	E	L	-	-	-	L	L	-	-	E	E	L
L	L	L	-	-	L	L	-	-	L	L	L	-	-	L	L	-	-	L	L	-	-	L	L	L	L	-	-
E	E	L	-	-	E	L	L	L	-	-	-	-	E	L	L	L	L	-	-	-	E	L	L	L	-	-	-
L	L	L	L	L	-	-	-	E	E	-	-	E	E	-	-	E	E	E	L	L	-	-	E	E	-	-	-
-	E	E	L	-	-	E	E	-	-	E	E	E	L	-	-	-	L	L	-	-	E	E	E	E	L	-	-
-	-	E	L	-	-	-	-	E	E	-	-	-	E	E	-	-	-	-	E	L	-	-	-	-	-	-	-
Objective 0: 4618
Objective 1: 73
Constr violation: -1
Restrictions violated:
0 0 0 0 0 0 0 1 

Individual 58
1	2	3	4	5	6	7	8	9	10	11	12	13	14	15	16	17	18	19	20	21	22	23	24	25	26	27	28
E	E	E	E	E	-	-	E	E	E	-	-	L	L	-	-	E	E	-	-	-	-	-	E	L	L	L	-
-	E	E	E	-	-	-	E	E	E	E	-	-	-	E	E	-	-	E	E	E	E	-	-	-	E	E	E
L	-	-	E	L	L	L	L	-	-	L	L	-	-	-	L	L	L	L	L	-	-	E	L	L	-	-	-
E	E	-	-	-	E	E	E	E	E	-	-	-	-	-	E	L	L	L	L	-	-	E	E	E	E	-	-
L	-	-	L	L	L	-	-	L	L	L	L	-	-	E	E	E	E	-	-	-	L	L	-	-	E	E	L
L	L	L	-	-	L	L	-	-	L	L	L	-	-	L	L	-	-	L	L	-	-	L	L	L	L	-	-
E	E	E	E	E	-	-	E	E	E	L	L	-	-	L	L	L	L	-	-	-	E	L	L	L	-	-	-
L	L	L	L	L	-	-	-	E	E	-	-	E	E	-	-	E	E	E	L	L	-	-	E	E	-	-	-
E	E	E	L	-	-	E	E	-	-	E	E	E	L	L	-	-	L	L	-	-	E	E	E	E	L	-	-
-	E	E	L	L	-	-	E	E	E	-	-	E	E	E	E	L	-	-	E	L	-	-	-	-	L	L	L
Objective 0: 4327
Objective 1: 75
Constr violation: -1
Restrictions violated:
0 0 0 0 0 0 1 0 

Individual 59
1	2	3	4	5	6	7	8	9	10	11	12	13	14	15	16	17	18	19	20	21	22	23	24	25	26	27	28
E	E	E	E	E	-	-	E	E	E	-	-	L	L	L	-	-	E	L	-	-	-	-	L	L	L	L	L
-	E	E	E	-	-	-	E	E	E	E	-	-	-	E	E	-	-	E	E	E	E	-	-	-	E	E	E
L	-	-	E	L	-	-	E	E	E	L	L	-	-	-	L	L	L	L	L	-	-	E	L	L	-	-	E
E	E	-	-	-	E	E	E	E	E	-	-	-	-	-	E	L	L	L	L	-	-	E	E	E	E	-	-
L	-	-	L	L	L	-	-	L	L	L	L	-	-	L	L	L	L	-	-	-	L	L	-	-	E	E	L
L	L	L	-	-	L	L	-	-	L	L	L	-	-	L	L	-	-	L	L	-	-	L	L	L	L	-	-
E	E	L	-	-	E	L	L	L	-	-	-	-	E	L	L	L	L	-	-	-	E	L	L	L	-	-	-
L	L	L	L	L	-	-	-	E	E	-	-	E	E	-	-	E	E	E	L	L	-	-	E	E	-	-	-
-	E	E	L	-	-	E	E	-	-	E	E	E	L	L	-	-	L	L	-	-	E	E	E	E	L	-	-
-	-	E	L	L	-	-	-	E	E	-	-	-	E	E	E	L	-	-	E	L	-	-	-	-	-	-	-
Objective 0: 4624
Objective 1: 70
Constr violation: -1
Restrictions violated:
0 0 0 0 0 0 0 1 

Individual 60
1	2	3	4	5	6	7	8	9	10	11	12	13	14	15	16	17	18	19	20	21	22	23	24	25	26	27	28
E	E	E	E	E	-	-	E	E	E	-	-	L	L	L	-	-	E	L	-	-	-	-	L	L	L	L	L
-	E	E	E	-	-	-	E	E	E	E	-	-	-	E	E	-	-	E	E	E	E	-	-	-	E	E	E
L	-	-	E	L	-	-	E	E	E	L	L	-	-	-	L	L	L	L	L	-	-	E	L	L	-	-	-
E	E	-	-	-	E	E	E	E	E	-	-	-	-	-	E	L	L	L	L	-	-	E	E	E	E	-	-
L	-	-	L	L	L	-	-	L	L	L	L	-	-	E	E	L	L	-	-	-	L	L	-	-	E	E	L
L	L	L	-	-	L	L	-	-	L	L	L	-	-	L	L	-	-	L	L	-	-	L	L	L	L	-	-
E	E	E	E	-	-	L	L	L	L	L	-	-	E	L	L	L	L	-	-	-	E	L	L	L	-	-	-
L	L	L	L	L	-	-	-	E	E	-	-	E	E	-	-	E	E	E	L	L	-	-	E	E	-	-	-
E	E	E	L	-	-	E	E	-	-	E	E	E	L	L	-	-	L	L	-	-	E	E	L	L	L	-	-
-	E	E	L	L	-	-	E	E	E	-	-	E	E	E	E	L	-	-	E	L	-	-	-	-	-	-	-
Objective 0: 5033
Objective 1: 64
Constr violation: -1
Restrictions violated:
0 0 0 0 0 0 0 1 

Individual 61
1	2	3	4	5	6	7	8	9	10	11	12	13	14	15	16	17	18	19	20	21	22	23	24	25	26	27	28
E	E	E	E	E	-	-	L	L	-	-	E	L	L	-	-	E	E	-	-	-	-	-	E	L	L	L	-
-	E	E	E	-	-	-	E	E	E	E	-	-	-	E	E	-	-	E	E	E	E	-	-	-	E	E	E
L	-	-	E	L	-	-	E	E	E	L	L	-	-	-	L	L	L	L	L	-	-	E	L	L	-	-	E
E	E	-	-	-	E	E	E	E	E	-	-	-	-	-	E	L	L	L	L	-	-	E	E	E	E	-	-
L	-	-	L	L	-	-	-	L	L	L	L	-	-	E	E	E	L	-	-	-	L	L	-	-	E	E	L
L	L	L	-	-	L	L	-	-	L	L	L	-	-	L	L	-	-	L	L	-	-	L	L	L	L	-	-
E	E	E	-	-	-	-	E	E	E	L	L	-	-	L	L	L	L	-	-	-	E	L	L	L	-	-	-
L	L	L	L	L	-	-	-	E	E	-	-	E	E	-	-	E	E	E	L	L	-	-	E	E	-	-	-
E	E	E	L	-	-	E	E	-	-	E	E	E	L	L	-	-	L	L	-	-	E	E	L	L	L	-	-
-	E	E	L	L	-	-	E	E	E	-	-	E	E	E	E	L	-	-	E	L	-	-	-	-	-	-	-
Objective 0: 4928
Objective 1: 70
Constr violation: -1
Restrictions violated:
0 0 0 0 0 0 0 1 

Individual 62
1	2	3	4	5	6	7	8	9	10	11	12	13	14	15	16	17	18	19	20	21	22	23	24	25	26	27	28
E	E	E	E	E	-	-	L	L	-	-	E	L	L	-	-	E	E	-	-	-	-	-	E	L	L	L	-
-	E	E	E	-	-	-	E	E	E	E	-	-	-	E	E	-	-	E	E	E	E	-	-	-	E	E	E
L	-	-	E	L	L	L	L	-	-	L	L	-	-	-	L	L	L	L	L	-	-	E	L	L	-	-	-
E	E	-	-	-	E	E	E	E	E	-	-	-	-	-	E	L	L	L	L	-	-	E	E	E	E	-	-
L	-	-	L	L	-	-	-	L	L	L	L	-	-	E	E	E	E	-	-	-	L	L	-	-	E	E	L
L	L	L	-	-	L	L	-	-	L	L	L	-	-	L	L	-	-	L	L	-	-	L	L	L	L	-	-
E	E	E	E	E	-	-	E	E	E	L	L	-	-	L	L	L	L	-	-	-	E	L	L	L	-	-	-
L	L	L	L	L	-	-	-	E	E	-	-	E	E	-	-	E	E	E	L	L	-	-	E	E	-	-	-
E	E	E	L	-	-	E	E	-	-	E	E	E	L	-	-	-	L	L	-	-	E	E	L	L	L	-	-
-	E	E	L	L	-	-	E	E	E	-	-	E	E	E	E	L	-	-	E	L	-	-	-	-	L	L	L
Objective 0: 4426
Objective 1: 73
Constr violation: -1
Restrictions violated:
0 0 0 0 0 0 1 0 

Individual 63
1	2	3	4	5	6	7	8	9	10	11	12	13	14	15	16	17	18	19	20	21	22	23	24	25	26	27	28
E	E	E	E	E	-	-	L	L	-	-	E	L	L	-	-	E	E	-	-	-	-	-	E	L	L	L	-
-	E	E	E	-	-	-	E	E	E	E	-	-	-	E	E	-	-	E	E	E	E	-	-	-	E	E	E
L	-	-	E	L	-	-	E	E	E	L	L	-	-	-	L	L	L	L	L	-	-	E	L	L	-	-	-
E	E	-	-	-	E	E	E	E	E	-	-	-	-	-	E	L	L	L	L	-	-	E	E	E	E	-	-
L	-	-	L	L	-	-	-	L	L	L	L	-	-	E	E	E	E	-	-	-	L	L	-	-	E	E	L
L	L	L	-	-	L	L	-	-	L	L	L	-	-	L	L	-	-	L	L	-	-	L	L	L	L	-	-
E	E	E	-	-	E	L	L	L	-	-	-	-	E	L	L	L	L	-	-	-	E	L	L	L	-	-	-
L	L	L	L	L	-	-	-	E	E	-	-	E	E	-	-	E	E	E	L	L	-	-	E	E	-	-	-
-	E	E	L	-	-	E	E	-	-	E	E	E	L	-	-	-	L	L	-	-	E	E	E	E	L	-	-
-	E	E	L	L	-	-	E	E	E	-	-	E	E	E	E	L	-	-	E	L	-	-	-	-	-	-	-
Objective 0: 4319
Objective 1: 61
Constr violation: -1
Restrictions violated:
0 0 0 0 0 0 0 1 

Individual 64
1	2	3	4	5	6	7	8	9	10	11	12	13	14	15	16	17	18	19	20	21	22	23	24	25	26	27	28
E	E	E	E	E	-	-	L	L	-	-	E	L	L	L	-	-	E	L	-	-	-	-	L	L	L	L	L
-	E	E	E	-	-	-	E	E	E	E	-	-	-	E	E	-	-	E	E	E	E	-	-	-	E	E	E
L	L	L	-	-	-	-	E	E	E	L	L	-	-	-	L	L	L	L	L	-	-	E	L	-	-	E	E
E	E	-	-	-	E	E	E	E	E	-	-	-	-	-	E	L	L	L	L	-	-	E	E	E	E	-	-
L	-	-	L	L	L	-	-	L	L	L	L	-	-	E	E	E	E	-	-	-	L	L	-	-	E	E	L
L	L	L	-	-	L	L	-	-	L	L	L	-	-	L	L	-	-	L	L	-	-	L	L	L	L	-	-
E	E	L	-	-	E	L	L	L	L	-	-	-	E	L	L	L	L	-	-	-	E	L	L	L	-	-	-
L	L	L	L	L	-	-	-	E	E	-	-	E	E	-	-	E	E	E	L	L	-	-	E	E	-	-	-
-	E	E	L	-	-	E	E	-	-	E	E	E	L	-	-	-	L	L	-	-	E	E	E	E	L	-	-
-	-	E	L	-	-	-	-	E	E	-	-	-	E	E	-	-	-	-	E	L	-	-	-	-	-	-	-
Objective 0: 4217
Objective 1: 55
Constr violation: -1
Restrictions violated:
0 0 0 0 0 0 0 1 

Individual 65
1	2	3	4	5	6	7	8	9	10	11	12	13	14	15	16	17	18	19	20	21	22	23	24	25	26	27	28
E	E	E	E	E	-	-	L	L	-	-	E	L	L	-	-	E	E	-	-	-	-	-	E	L	L	L	-
-	E	E	E	-	-	-	E	E	E	E	-	-	-	E	E	-	-	E	E	E	E	-	-	-	E	E	E
L	L	L	-	-	L	L	L	-	-	L	L	-	-	-	L	L	L	L	L	-	-	E	L	L	-	-	-
E	E	-	-	-	E	E	E	E	E	-	-	-	-	-	E	L	L	L	L	-	-	E	E	E	E	-	-
L	-	-	L	L	L	-	-	L	L	L	L	-	-	E	E	E	E	-	-	-	L	L	-	-	E	E	L
L	L	L	-	-	L	L	-	-	L	L	L	-	-	L	L	-	-	L	L	-	-	L	L	L	L	-	-
E	E	E	E	E	-	-	E	E	E	L	L	-	-	L	L	L	L	-	-	-	E	L	L	L	-	-	-
L	L	L	L	L	-	-	-	E	E	-	-	E	E	-	-	E	E	E	L	L	-	-	E	E	-	-	-
E	E	E	L	-	-	E	E	-	-	E	E	E	L	-	-	-	L	L	-	-	E	E	E	E	L	-	-
-	-	E	L	-	-	-	-	E	E	-	-	-	E	E	-	-	-	-	E	L	-	-	-	-	-	-	-
Objective 0: 4418
Objective 1: 71
Constr violation: -1
Restrictions violated:
0 0 0 0 0 0 0 1 

Individual 66
1	2	3	4	5	6	7	8	9	10	11	12	13	14	15	16	17	18	19	20	21	22	23	24	25	26	27	28
E	E	E	E	E	-	-	L	L	-	-	E	L	L	-	-	E	E	-	-	-	-	-	L	L	L	L	-
-	E	E	E	-	-	-	E	E	E	E	-	-	-	E	E	-	-	E	E	E	E	-	-	-	E	E	E
L	-	-	E	L	-	-	E	E	E	L	L	-	-	-	L	L	L	L	L	-	-	E	L	-	-	-	E
E	E	-	-	-	E	E	E	E	E	-	-	-	-	-	E	L	L	L	L	-	-	E	E	E	E	-	-
L	-	-	L	L	-	-	-	L	L	L	L	-	-	E	E	E	E	-	-	-	L	L	-	-	E	E	L
L	L	L	-	-	L	L	-	-	L	L	L	-	-	L	L	-	-	L	L	-	-	L	L	L	L	-	-
E	E	E	-	-	E	L	L	L	-	-	-	-	E	L	L	L	L	-	-	-	E	L	L	L	-	-	-
L	L	L	L	L	-	-	-	E	E	-	-	E	E	-	-	E	E	E	L	L	-	-	E	E	-	-	-
-	E	E	L	-	-	E	E	-	-	E	E	E	L	-	-	-	L	L	-	-	E	E	E	E	L	-	-
-	E	E	L	L	-	-	E	E	E	-	-	E	E	E	E	L	-	-	E	L	-	-	-	-	L	L	L
Objective 0: 4221
Objective 1: 60
Constr violation: -1
Restrictions violated:
0 0 0 0 0 0 1 0 

Individual 67
1	2	3	4	5	6	7	8	9	10	11	12	13	14	15	16	17	18	19	20	21	22	23	24	25	26	27	28
E	E	E	E	E	-	-	L	L	-	-	E	L	L	-	-	E	E	-	-	-	-	-	L	L	L	L	-
-	E	E	E	-	-	-	E	E	E	E	-	-	-	E	E	-	-	E	E	E	E	-	-	-	E	E	E
L	-	-	E	L	-	-	E	E	E	L	L	-	-	-	L	L	L	L	L	-	-	E	L	-	-	-	E
E	E	-	-	-	E	E	E	E	E	-	-	-	-	-	E	L	L	L	L	-	-	E	E	E	E	-	-
L	-	-	L	L	-	-	-	L	L	L	L	-	-	E	E	E	E	-	-	-	L	L	-	-	E	E	L
L	L	L	-	-	L	L	-	-	L	L	L	-	-	L	L	-	-	L	L	-	-	L	L	L	L	-	-
E	E	E	-	-	E	L	L	L	-	-	-	-	E	L	L	L	L	-	-	-	E	L	L	L	-	-	-
L	L	L	L	L	-	-	-	E	E	-	-	E	E	-	-	E	E	E	L	L	-	-	E	E	-	-	-
-	E	E	L	-	-	E	E	-	-	E	E	E	L	-	-	-	L	L	-	-	E	E	E	E	L	-	-
-	E	E	L	L	-	-	E	E	E	-	-	E	E	E	E	L	-	-	E	L	-	-	-	-	L	L	L
Objective 0: 4221
Objective 1: 60
Constr violation: -1
Restrictions violated:
0 0 0 0 0 0 1 0 

Individual 68
1	2	3	4	5	6	7	8	9	10	11	12	13	14	15	16	17	18	19	20	21	22	23	24	25	26	27	28
E	E	E	E	E	-	-	L	L	-	-	E	L	L	L	-	-	E	L	-	-	-	-	L	L	L	L	L
-	E	E	E	-	-	-	E	E	E	E	-	-	-	E	E	-	-	E	E	E	E	-	-	-	E	E	E
L	-	-	E	L	-	-	E	E	E	L	L	-	-	-	L	L	L	L	L	-	-	E	L	L	-	-	-
E	E	-	-	-	E	E	E	E	E	-	-	-	-	-	E	L	L	L	L	-	-	E	E	E	E	-	-
L	-	-	L	L	L	-	-	L	L	L	L	-	-	L	L	L	L	-	-	-	L	L	-	-	E	E	L
L	L	L	-	-	L	L	-	-	L	L	L	-	-	L	L	-	-	L	L	-	-	L	L	L	L	-	-
E	E	E	E	-	-	L	L	L	L	L	-	-	E	L	L	L	L	-	-	-	E	L	L	L	-	-	-
L	L	L	L	L	-	-	-	E	E	-	-	E	E	-	-	E	E	E	L	L	-	-	E	E	-	-	-
E	E	E	L	-	-	E	E	-	-	E	E	E	L	L	-	-	L	L	-	-	E	E	E	E	L	-	-
-	E	E	L	L	-	-	E	E	E	-	-	E	E	E	E	L	-	-	E	L	-	-	-	-	L	L	L
Objective 0: 4430
Objective 1: 58
Constr violation: -1
Restrictions violated:
0 0 0 0 0 0 1 0 

Individual 69
1	2	3	4	5	6	7	8	9	10	11	12	13	14	15	16	17	18	19	20	21	22	23	24	25	26	27	28
E	E	E	E	E	-	-	L	L	-	-	E	L	L	-	-	E	E	-	-	-	-	-	E	L	L	L	-
-	E	E	E	-	-	-	E	E	E	E	-	-	-	E	E	-	-	E	E	E	E	-	-	-	E	E	E
L	L	L	-	-	L	L	L	-	-	L	L	-	-	-	L	L	L	L	L	-	-	E	L	L	-	-	-
E	E	-	-	-	E	E	E	E	E	-	-	-	-	-	E	L	L	L	L	-	-	E	E	E	E	-	-
L	-	-	L	L	-	-	-	L	L	L	L	-	-	E	E	E	E	-	-	-	L	L	-	-	E	E	L
L	L	L	-	-	L	L	-	-	L	L	L	-	-	L	L	-	-	L	L	-	-	L	L	L	L	-	-
E	E	E	-	-	-	-	E	E	E	L	L	-	-	L	L	L	L	-	-	-	E	L	L	L	-	-	-
L	L	L	L	L	-	-	-	E	E	-	-	E	E	-	-	E	E	E	L	L	-	-	E	E	-	-	-
-	E	E	L	-	-	E	E	-	-	E	E	E	L	-	-	-	L	L	-	-	E	E	L	L	L	-	-
-	-	E	L	-	-	-	-	E	E	-	-	-	E	E	-	-	-	-	E	L	-	-	-	-	-	-	-
Objective 0: 4818
Objective 1: 75
Constr violation: -1
Restrictions violated:
0 0 0 0 0 0 0 1 

Individual 70
1	2	3	4	5	6	7	8	9	10	11	12	13	14	15	16	17	18	19	20	21	22	23	24	25	26	27	28
E	E	E	E	E	-	-	E	E	E	-	-	L	L	-	-	E	E	-	-	-	-	-	L	L	L	L	-
-	E	E	E	-	-	-	E	E	E	E	-	-	-	E	E	-	-	E	E	E	E	-	-	-	E	E	E
L	-	-	E	L	L	L	L	-	-	L	L	-	-	-	L	L	L	L	L	-	-	E	L	L	-	-	-
E	E	-	-	-	E	E	E	E	E	-	-	-	-	-	E	L	L	L	L	-	-	E	E	E	E	-	-
L	-	-	L	L	-	-	-	L	L	L	L	-	-	E	E	E	L	-	-	-	L	L	-	-	E	E	L
L	L	L	-	-	L	L	-	-	L	L	L	-	-	L	L	-	-	L	L	-	-	L	L	L	L	-	-
E	E	E	E	-	-	L	L	L	L	L	-	-	E	L	L	L	L	-	-	-	E	L	L	L	-	-	-
L	L	L	L	L	-	-	-	E	E	-	-	E	E	-	-	E	E	E	L	L	-	-	E	E	-	-	-
E	E	E	L	-	-	E	E	-	-	E	E	E	L	L	-	-	L	L	-	-	E	E	E	L	L	-	-
-	E	E	L	L	-	-	E	E	E	-	-	E	E	E	E	L	-	-	E	L	-	-	-	-	L	L	L
Objective 0: 4427
Objective 1: 65
Constr violation: -1
Restrictions violated:
0 0 0 0 0 0 1 0 

Individual 71
1	2	3	4	5	6	7	8	9	10	11	12	13	14	15	16	17	18	19	20	21	22	23	24	25	26	27	28
E	E	E	E	E	-	-	E	E	E	-	-	L	L	-	-	E	E	-	-	-	-	-	E	L	L	L	-
-	E	E	E	-	-	-	E	E	E	E	-	-	-	E	E	-	-	E	E	E	E	-	-	-	E	E	E
L	L	L	-	-	L	L	L	-	-	L	L	-	-	-	L	L	L	L	L	-	-	E	L	L	-	-	-
E	E	-	-	-	E	E	E	E	E	-	-	-	-	-	E	L	L	L	L	-	-	E	E	E	E	-	-
L	-	-	L	L	-	-	-	L	L	L	L	-	-	E	E	E	L	-	-	-	L	L	-	-	E	E	L
L	L	L	-	-	L	L	-	-	L	L	L	-	-	L	L	-	-	L	L	-	-	L	L	L	L	-	-
E	E	E	-	-	-	-	E	E	E	L	L	-	-	L	L	L	L	-	-	-	E	L	L	L	-	-	-
L	L	L	L	L	-	-	-	E	E	-	-	E	E	-	-	E	E	E	L	L	-	-	E	E	-	-	-
-	E	E	L	-	-	E	E	-	-	E	E	E	L	-	-	-	L	L	-	-	E	E	L	L	L	-	-
-	-	E	L	-	-	-	-	E	E	-	-	-	E	E	-	-	-	-	E	L	-	-	-	-	-	-	-
Objective 0: 5222
Objective 1: 82
Constr violation: -1
Restrictions violated:
0 0 0 0 0 0 0 1 

Individual 72
1	2	3	4	5	6	7	8	9	10	11	12	13	14	15	16	17	18	19	20	21	22	23	24	25	26	27	28
E	E	E	E	E	-	-	E	E	E	-	-	L	L	-	-	E	E	-	-	-	-	-	E	L	L	L	-
-	E	E	E	-	-	-	E	E	E	E	-	-	-	E	E	-	-	E	E	E	E	-	-	-	E	E	E
L	-	-	E	L	-	-	E	E	E	L	L	-	-	-	L	L	L	L	L	-	-	E	L	L	-	-	-
E	E	-	-	-	E	E	E	E	E	-	-	-	-	-	E	L	L	L	L	-	-	E	E	E	E	-	-
L	-	-	L	L	L	-	-	L	L	L	L	-	-	E	E	E	E	-	-	-	L	L	-	-	E	E	L
L	L	L	-	-	L	L	-	-	L	L	L	-	-	L	L	-	-	L	L	-	-	L	L	L	L	-	-
E	E	E	E	E	-	-	E	E	E	L	L	-	-	L	L	L	L	-	-	-	E	L	L	L	-	-	-
L	L	L	L	L	-	-	-	E	E	-	-	E	E	-	-	E	E	E	L	L	-	-	E	E	-	-	-
E	E	E	L	-	-	E	E	-	-	E	E	E	L	L	-	-	L	L	-	-	E	E	E	E	L	-	-
-	E	E	L	L	-	-	E	E	E	-	-	E	E	E	E	L	-	-	E	L	-	-	-	-	L	L	-
Objective 0: 4629
Objective 1: 69
Constr violation: -1
Restrictions violated:
0 0 0 0 0 0 1 0 

Individual 73
1	2	3	4	5	6	7	8	9	10	11	12	13	14	15	16	17	18	19	20	21	22	23	24	25	26	27	28
E	E	E	E	E	-	-	E	E	E	-	-	L	L	-	-	E	E	-	-	-	-	-	E	L	L	L	-
-	E	E	E	-	-	-	E	E	E	E	-	-	-	E	E	-	-	E	E	E	E	-	-	-	E	E	E
L	L	L	-	-	L	L	L	-	-	L	L	-	-	-	L	L	L	L	L	-	-	E	L	L	-	-	-
E	E	-	-	-	E	E	E	E	E	-	-	-	-	-	E	L	L	L	L	-	-	E	E	E	E	-	-
L	-	-	L	L	L	-	-	L	L	L	L	-	-	E	E	E	E	-	-	-	L	L	-	-	E	E	L
L	L	L	-	-	L	L	-	-	L	L	L	-	-	L	L	-	-	L	L	-	-	L	L	L	L	-	-
E	E	L	-	-	E	L	L	L	L	-	-	-	E	L	L	L	L	-	-	-	E	L	L	L	-	-	-
L	L	L	L	L	-	-	-	E	E	-	-	E	E	-	-	E	E	E	L	L	-	-	E	E	-	-	-
E	E	E	L	-	-	E	E	-	-	E	E	E	L	L	-	-	L	L	-	-	E	E	E	E	L	-	-
-	E	E	L	L	-	-	E	E	E	-	-	E	E	E	E	L	-	-	E	L	-	-	-	-	L	L	L
Objective 0: 3619
Objective 1: 66
Constr violation: -1
Restrictions violated:
0 0 0 0 0 0 1 0 

Individual 74
1	2	3	4	5	6	7	8	9	10	11	12	13	14	15	16	17	18	19	20	21	22	23	24	25	26	27	28
E	E	E	E	E	-	-	E	E	E	-	-	L	L	-	-	E	E	-	-	-	-	-	E	L	L	L	-
-	E	E	E	-	-	-	E	E	E	E	-	-	-	E	E	-	-	E	E	E	E	-	-	-	E	E	E
L	-	-	E	L	L	L	L	-	-	L	L	-	-	-	L	L	L	L	L	-	-	E	L	L	-	-	-
E	E	-	-	-	E	E	E	E	E	-	-	-	-	-	E	L	L	L	L	-	-	E	E	E	E	-	-
L	-	-	L	L	-	-	-	L	L	L	L	-	-	E	E	E	L	-	-	-	L	L	-	-	E	E	L
L	L	L	-	-	L	L	-	-	L	L	L	-	-	L	L	-	-	L	L	-	-	L	L	L	L	-	-
E	E	E	-	-	-	-	E	E	E	L	L	-	-	L	L	L	L	-	-	-	E	L	L	L	-	-	-
L	L	L	L	L	-	-	-	E	E	-	-	E	E	-	-	E	E	E	L	L	-	-	E	E	-	-	-
-	E	E	L	-	-	E	E	-	-	E	E	E	L	-	-	-	L	L	-	-	E	E	E	E	L	-	-
-	-	E	L	-	-	-	-	E	E	-	-	-	E	E	-	-	-	-	E	L	-	-	-	-	-	-	-
Objective 0: 5121
Objective 1: 80
Constr violation: -1
Restrictions violated:
0 0 0 0 0 0 0 1 

Individual 75
1	2	3	4	5	6	7	8	9	10	11	12	13	14	15	16	17	18	19	20	21	22	23	24	25	26	27	28
E	E	E	E	E	-	-	E	E	E	-	-	L	L	L	-	-	E	L	-	-	-	-	L	L	L	L	L
-	E	E	E	-	-	-	E	E	E	E	-	-	-	E	E	-	-	E	E	E	E	-	-	-	E	E	E
L	-	-	E	L	L	L	L	-	-	L	L	-	-	-	L	L	L	L	L	-	-	E	L	L	-	-	-
E	E	-	-	-	E	E	E	E	E	-	-	-	-	-	E	L	L	L	L	-	-	E	E	E	E	-	-
L	-	-	L	L	-	-	-	L	L	L	L	-	-	E	E	E	L	-	-	-	L	L	-	-	E	E	L
L	L	L	-	-	L	L	-	-	L	L	L	-	-	L	L	-	-	L	L	-	-	L	L	L	L	-	-
E	E	E	-	-	-	-	E	E	E	L	L	-	-	L	L	L	L	-	-	-	E	L	L	L	-	-	-
L	L	L	L	L	-	-	-	E	E	-	-	E	E	-	-	E	E	E	L	L	-	-	E	E	-	-	-
-	E	E	L	-	-	E	E	-	-	E	E	E	L	-	-	-	L	L	-	-	E	E	L	L	L	-	-
-	-	E	L	-	-	-	-	E	E	-	-	-	E	E	-	-	-	-	E	L	-	-	-	-	-	-	-
Objective 0: 5426
Objective 1: 81
Constr violation: -1
Restrictions violated:
0 0 0 0 0 0 0 1 

Individual 76
1	2	3	4	5	6	7	8	9	10	11	12	13	14	15	16	17	18	19	20	21	22	23	24	25	26	27	28
E	E	E	E	E	-	-	E	E	E	-	-	L	L	L	-	-	E	L	-	-	-	-	L	L	L	L	L
-	E	E	E	-	-	-	E	E	E	E	-	-	-	E	E	-	-	E	E	E	E	-	-	-	E	E	E
L	-	-	E	L	-	-	E	E	E	L	L	-	-	-	L	L	L	L	L	-	-	E	L	L	-	-	-
E	E	-	-	-	E	E	E	E	E	-	-	-	-	-	E	L	L	L	L	-	-	E	E	E	E	-	-
L	-	-	L	L	L	-	-	L	L	L	L	-	-	E	E	E	E	-	-	-	L	L	-	-	E	E	L
L	L	L	-	-	L	L	-	-	L	L	L	-	-	L	L	-	-	L	L	-	-	L	L	L	L	-	-
E	E	E	E	-	-	L	L	L	L	L	-	-	E	L	L	L	L	-	-	-	E	L	L	L	-	-	-
L	L	L	L	L	-	-	-	E	E	-	-	E	E	-	-	E	E	E	L	L	-	-	E	E	-	-	-
-	E	E	L	-	-	E	E	-	-	E	E	E	L	L	-	-	L	L	-	-	E	E	E	E	L	-	-
-	-	E	L	L	-	-	-	E	E	-	-	-	E	E	E	L	-	-	E	L	-	-	-	-	-	-	-
Objective 0: 4625
Objective 1: 58
Constr violation: -1
Restrictions violated:
0 0 0 0 0 0 0 1 

Individual 77
1	2	3	4	5	6	7	8	9	10	11	12	13	14	15	16	17	18	19	20	21	22	23	24	25	26	27	28
E	E	E	E	E	-	-	L	L	-	-	E	L	L	-	-	E	E	-	-	-	-	-	E	L	L	L	-
-	E	E	E	-	-	-	E	E	E	E	-	-	-	E	E	-	-	E	E	E	E	-	-	-	E	E	E
L	L	L	-	-	L	L	L	-	-	L	L	-	-	-	L	L	L	L	L	-	-	E	L	L	-	-	-
E	E	-	-	-	E	E	E	E	E	-	-	-	-	-	E	L	L	L	L	-	-	E	E	E	E	-	-
L	-	-	L	L	L	-	-	L	L	L	L	-	-	L	L	L	L	-	-	-	L	L	-	-	E	E	L
L	L	L	-	-	L	L	-	-	L	L	L	-	-	L	L	-	-	L	L	-	-	L	L	L	L	-	-
E	E	E	E	E	-	-	E	E	E	L	L	-	-	L	L	L	L	-	-	-	E	L	L	L	-	-	-
L	L	L	L	L	-	-	-	E	E	-	-	E	E	-	-	E	E	E	L	L	-	-	E	E	-	-	-
E	E	E	L	-	-	E	E	-	-	E	E	E	L	L	-	-	L	L	-	-	E	E	E	E	L	-	-
-	-	E	L	-	-	-	-	E	E	-	-	-	E	E	-	-	-	-	E	L	-	-	-	-	-	-	-
Objective 0: 4419
Objective 1: 77
Constr violation: -1
Restrictions violated:
0 0 0 0 0 0 0 1 

Individual 78
1	2	3	4	5	6	7	8	9	10	11	12	13	14	15	16	17	18	19	20	21	22	23	24	25	26	27	28
E	E	E	E	E	-	-	L	L	-	-	E	L	L	-	-	E	E	-	-	-	-	-	E	L	L	L	-
-	E	E	E	-	-	-	E	E	E	E	-	-	-	E	E	-	-	E	E	E	E	-	-	-	E	E	E
L	L	L	-	-	L	L	L	-	-	L	L	-	-	-	L	L	L	L	L	-	-	E	L	L	-	-	-
E	E	-	-	-	E	E	E	E	E	-	-	-	-	-	E	L	L	L	L	-	-	E	E	E	E	-	-
L	-	-	L	L	L	-	-	L	L	L	L	-	-	E	E	E	E	-	-	-	L	L	-	-	E	E	L
L	L	L	-	-	L	L	-	-	L	L	L	-	-	L	L	-	-	L	L	-	-	L	L	L	L	-	-
E	E	E	E	E	-	-	E	E	E	L	L	-	-	L	L	L	L	-	-	-	E	L	L	L	-	-	-
L	L	L	L	L	-	-	-	E	E	-	-	E	E	-	-	E	E	E	L	L	-	-	E	E	-	-	-
E	E	E	L	-	-	E	E	-	-	E	E	E	L	L	-	-	L	L	-	-	E	E	E	E	L	-	-
-	E	E	L	L	-	-	E	E	E	-	-	E	E	E	E	L	-	-	E	L	-	-	-	-	L	L	L
Objective 0: 3822
Objective 1: 71
Constr violation: -1
Restrictions violated:
0 0 0 0 0 0 1 0 

Individual 79
1	2	3	4	5	6	7	8	9	10	11	12	13	14	15	16	17	18	19	20	21	22	23	24	25	26	27	28
E	E	E	E	E	-	-	L	L	-	-	E	L	L	-	-	E	E	-	-	-	-	-	E	L	L	L	-
-	E	E	E	-	-	-	E	E	E	E	-	-	-	E	E	-	-	E	E	E	E	-	-	-	E	E	E
L	L	L	-	-	-	-	E	E	E	L	L	-	-	-	L	L	L	L	L	-	-	E	L	-	-	E	E
E	E	-	-	-	E	E	E	E	E	-	-	-	-	-	E	L	L	L	L	-	-	E	E	E	E	-	-
L	-	-	L	L	L	-	-	L	L	L	L	-	-	E	E	E	E	-	-	-	L	L	-	-	E	E	L
L	L	L	-	-	L	L	-	-	L	L	L	-	-	L	L	-	-	L	L	-	-	L	L	L	L	-	-
E	E	E	E	E	-	-	E	L	L	L	-	-	E	L	L	L	L	-	-	-	E	L	L	L	-	-	-
L	L	L	L	L	-	-	-	E	E	-	-	E	E	-	-	E	E	E	L	L	-	-	E	E	-	-	-
E	E	E	L	-	-	E	E	-	-	E	E	E	L	L	-	-	L	L	-	-	E	E	E	E	L	-	-
-	E	E	L	L	-	-	E	E	E	-	-	E	E	E	E	L	-	-	E	L	-	-	-	-	L	L	L
Objective 0: 3823
Objective 1: 57
Constr violation: -1
Restrictions violated:
0 0 0 0 0 0 1 0 

Individual 80
1	2	3	4	5	6	7	8	9	10	11	12	13	14	15	16	17	18	19	20	21	22	23	24	25	26	27	28
E	E	E	E	E	-	-	E	E	E	-	-	L	L	L	-	-	E	L	-	-	-	-	L	L	L	L	L
-	E	E	E	-	-	-	E	E	E	E	-	-	-	E	E	-	-	E	E	E	E	-	-	-	E	E	E
L	-	-	E	L	-	-	E	E	E	L	L	-	-	-	L	L	L	L	L	-	-	E	L	L	-	-	E
E	E	-	-	-	E	E	E	E	E	-	-	-	-	-	E	L	L	L	L	-	-	E	E	E	E	-	-
L	-	-	L	L	L	-	-	L	L	L	L	-	-	L	L	L	L	-	-	-	L	L	-	-	E	E	L
L	L	L	-	-	L	L	-	-	L	L	L	-	-	L	L	-	-	L	L	-	-	L	L	L	L	-	-
E	E	E	E	-	-	L	L	L	L	L	-	-	E	L	L	L	L	-	-	-	E	L	L	L	-	-	-
L	L	L	L	L	-	-	-	E	E	-	-	E	E	-	-	E	E	E	L	L	-	-	E	E	-	-	-
E	E	E	L	-	-	E	E	-	-	E	E	E	L	L	-	-	L	L	-	-	E	E	E	L	L	-	-
-	E	E	L	L	-	-	E	E	E	-	-	E	E	E	E	L	-	-	E	L	-	-	-	-	L	L	L
Objective 0: 4734
Objective 1: 62
Constr violation: -1
Restrictions violated:
0 0 0 0 0 0 1 0 

Individual 81
1	2	3	4	5	6	7	8	9	10	11	12	13	14	15	16	17	18	19	20	21	22	23	24	25	26	27	28
E	E	E	E	E	-	-	E	E	E	-	-	L	L	-	-	E	E	-	-	-	-	-	E	L	L	L	-
-	E	E	E	-	-	-	E	E	E	E	-	-	-	E	E	-	-	E	E	E	E	-	-	-	E	E	E
L	-	-	E	L	L	L	L	-	-	L	L	-	-	-	L	L	L	L	L	-	-	E	L	L	-	-	-
E	E	-	-	-	E	E	E	E	E	-	-	-	-	-	E	L	L	L	L	-	-	E	E	E	E	-	-
L	-	-	L	L	-	-	-	L	L	L	L	-	-	E	E	E	E	-	-	-	L	L	-	-	E	E	L
L	L	L	-	-	L	L	-	-	L	L	L	-	-	L	L	-	-	L	L	-	-	L	L	L	L	-	-
E	E	E	E	-	-	L	L	L	L	L	-	-	E	L	L	L	L	-	-	-	E	L	L	L	-	-	-
L	L	L	L	L	-	-	-	E	E	-	-	E	E	-	-	E	E	E	L	L	-	-	E	E	-	-	-
E	E	E	L	-	-	E	E	-	-	E	E	E	L	L	-	-	L	L	-	-	E	E	E	E	L	-	-
-	E	E	L	L	-	-	E	E	E	-	-	E	E	E	E	L	-	-	E	L	-	-	-	-	L	L	L
Objective 0: 4124
Objective 1: 63
Constr violation: -1
Restrictions violated:
0 0 0 0 0 0 1 0 

Individual 82
1	2	3	4	5	6	7	8	9	10	11	12	13	14	15	16	17	18	19	20	21	22	23	24	25	26	27	28
E	E	E	E	E	-	-	L	L	-	-	E	L	L	L	-	-	E	L	-	-	-	-	L	L	L	L	L
-	E	E	E	-	-	-	E	E	E	E	-	-	-	E	E	-	-	E	E	E	E	-	-	-	E	E	E
L	-	-	E	L	-	-	E	E	E	L	L	-	-	-	L	L	L	L	L	-	-	E	L	L	-	-	E
E	E	-	-	-	E	E	E	E	E	-	-	-	-	-	E	L	L	L	L	-	-	E	E	E	E	-	-
L	-	-	L	L	L	-	-	L	L	L	L	-	-	E	E	E	E	-	-	-	L	L	-	-	E	E	L
L	L	L	-	-	L	L	-	-	L	L	L	-	-	L	L	-	-	L	L	-	-	L	L	L	L	-	-
E	E	E	E	E	-	-	E	E	E	L	L	-	-	L	L	L	L	-	-	-	E	L	L	L	-	-	-
L	L	L	L	L	-	-	-	E	E	-	-	E	E	-	-	E	E	E	L	L	-	-	E	E	-	-	-
E	E	E	L	-	-	E	E	-	-	E	E	E	L	L	-	-	L	L	-	-	E	E	L	L	L	-	-
-	-	E	L	-	-	-	-	E	E	-	-	-	E	E	-	-	-	-	E	L	-	-	-	-	-	-	-
Objective 0: 4927
Objective 1: 66
Constr violation: -1
Restrictions violated:
0 0 0 0 0 0 0 1 

Individual 83
1	2	3	4	5	6	7	8	9	10	11	12	13	14	15	16	17	18	19	20	21	22	23	24	25	26	27	28
E	E	E	E	E	-	-	L	L	-	-	E	L	L	-	-	E	E	-	-	-	-	-	E	L	L	L	-
-	E	E	E	-	-	-	E	E	E	E	-	-	-	E	E	-	-	E	E	E	E	-	-	-	E	E	E
L	L	L	-	-	L	L	L	-	-	L	L	-	-	-	L	L	L	L	L	-	-	E	L	L	-	-	-
E	E	-	-	-	E	E	E	E	E	-	-	-	-	-	E	L	L	L	L	-	-	E	E	E	E	-	-
L	-	-	L	L	L	-	-	L	L	L	L	-	-	L	L	L	L	-	-	-	L	L	-	-	E	E	L
L	L	L	-	-	L	L	-	-	L	L	L	-	-	L	L	-	-	L	L	-	-	L	L	L	L	-	-
E	E	E	E	E	-	-	E	E	E	L	L	-	-	L	L	L	L	-	-	-	E	L	L	L	-	-	-
L	L	L	L	L	-	-	-	E	E	-	-	E	E	-	-	E	E	E	L	L	-	-	E	E	-	-	-
E	E	E	L	-	-	E	E	-	-	E	E	E	L	L	-	-	L	L	-	-	E	E	E	E	L	-	-
-	-	E	L	-	-	-	-	E	E	-	-	-	E	E	-	-	-	-	E	L	-	-	-	-	-	-	-
Objective 0: 4419
Objective 1: 77
Constr violation: -1
Restrictions violated:
0 0 0 0 0 0 0 1 

Individual 84
1	2	3	4	5	6	7	8	9	10	11	12	13	14	15	16	17	18	19	20	21	22	23	24	25	26	27	28
E	E	E	E	E	-	-	L	L	-	-	E	L	L	-	-	E	E	-	-	-	-	-	E	L	L	L	-
-	E	E	E	-	-	-	E	E	E	E	-	-	-	E	E	-	-	E	E	E	E	-	-	-	E	E	E
L	L	L	-	-	-	-	E	E	E	L	L	-	-	-	L	L	L	L	L	-	-	E	L	-	-	E	E
E	E	-	-	-	E	E	E	E	E	-	-	-	-	-	E	L	L	L	L	-	-	E	E	E	E	-	-
L	-	-	L	L	L	-	-	L	L	L	L	-	-	E	E	E	E	-	-	-	L	L	-	-	E	E	L
L	L	L	-	-	L	L	-	-	L	L	L	-	-	L	L	-	-	L	L	-	-	L	L	L	L	-	-
E	E	E	E	E	-	-	E	L	L	L	-	-	E	L	L	L	L	-	-	-	E	L	L	L	-	-	-
L	L	L	L	L	-	-	-	E	E	-	-	E	E	-	-	E	E	E	L	L	-	-	E	E	-	-	-
E	E	E	L	-	-	E	E	-	-	E	E	E	L	L	-	-	L	L	-	-	E	E	E	E	L	-	-
-	E	E	L	L	-	-	E	E	E	-	-	E	E	E	E	L	-	-	E	L	-	-	-	-	L	L	L
Objective 0: 3823
Objective 1: 57
Constr violation: -1
Restrictions violated:
0 0 0 0 0 0 1 0 

Individual 85
1	2	3	4	5	6	7	8	9	10	11	12	13	14	15	16	17	18	19	20	21	22	23	24	25	26	27	28
E	E	E	E	E	-	-	E	E	E	-	-	L	L	-	-	E	E	-	-	-	-	-	L	L	L	L	-
-	E	E	E	-	-	-	E	E	E	E	-	-	-	E	E	-	-	E	E	E	E	-	-	-	E	E	E
L	-	-	E	L	L	L	L	-	-	L	L	-	-	-	L	L	L	L	L	-	-	E	L	L	-	-	-
E	E	-	-	-	E	E	E	E	E	-	-	-	-	-	E	L	L	L	L	-	-	E	E	E	E	-	-
L	-	-	L	L	-	-	-	L	L	L	L	-	-	E	E	E	L	-	-	-	L	L	-	-	E	E	L
L	L	L	-	-	L	L	-	-	L	L	L	-	-	L	L	-	-	L	L	-	-	L	L	L	L	-	-
E	E	E	-	-	-	-	E	E	E	L	L	-	-	L	L	L	L	-	-	-	E	L	L	L	-	-	-
L	L	L	L	L	-	-	-	E	E	-	-	E	E	-	-	E	E	E	L	L	-	-	E	E	-	-	-
-	E	E	L	-	-	E	E	-	-	E	E	E	L	-	-	-	L	L	-	-	E	E	E	E	L	-	-
-	-	E	L	-	-	-	-	E	E	-	-	-	E	E	-	-	-	-	E	L	-	-	-	-	-	-	-
Objective 0: 5222
Objective 1: 79
Constr violation: -1
Restrictions violated:
0 0 0 0 0 0 0 1 

Individual 86
1	2	3	4	5	6	7	8	9	10	11	12	13	14	15	16	17	18	19	20	21	22	23	24	25	26	27	28
E	E	E	E	E	-	-	L	L	-	-	E	L	L	L	-	-	E	L	-	-	-	-	L	L	L	L	L
-	E	E	E	-	-	-	E	E	E	E	-	-	-	E	E	-	-	E	E	E	E	-	-	-	E	E	E
L	L	L	-	-	-	-	E	E	E	L	L	-	-	-	L	L	L	L	L	-	-	E	L	-	-	E	E
E	E	-	-	-	E	E	E	E	E	-	-	-	-	-	E	L	L	L	L	-	-	E	E	E	E	-	-
L	-	-	L	L	L	-	-	L	L	L	L	-	-	E	E	E	E	-	-	-	L	L	-	-	E	E	L
L	L	L	-	-	L	L	-	-	L	L	L	-	-	L	L	-	-	L	L	-	-	L	L	L	L	-	-
E	E	E	E	-	-	L	L	L	L	L	-	-	E	L	L	L	L	-	-	-	E	L	L	L	-	-	-
L	L	L	L	L	-	-	-	E	E	-	-	E	E	-	-	E	E	E	L	L	-	-	E	E	-	-	-
E	E	E	L	-	-	E	E	-	-	E	E	E	L	L	-	-	L	L	-	-	E	E	E	E	L	-	-
-	E	E	L	L	-	-	E	E	E	-	-	E	E	E	E	L	-	-	E	L	-	-	-	-	L	L	L
Objective 0: 3825
Objective 1: 50
Constr violation: -1
Restrictions violated:
0 0 0 0 0 0 1 0 

Individual 87
1	2	3	4	5	6	7	8	9	10	11	12	13	14	15	16	17	18	19	20	21	22	23	24	25	26	27	28
E	E	E	E	E	-	-	E	E	E	-	-	L	L	-	-	E	E	-	-	-	-	-	E	L	L	L	-
-	E	E	E	-	-	-	E	E	E	E	-	-	-	E	E	-	-	E	E	E	E	-	-	-	E	E	E
L	-	-	E	L	-	-	E	E	E	L	L	-	-	-	L	L	L	L	L	-	-	E	L	L	-	-	-
E	E	-	-	-	E	E	E	E	E	-	-	-	-	-	E	L	L	L	L	-	-	E	E	E	E	-	-
L	-	-	L	L	-	-	-	L	L	L	L	-	-	E	E	E	L	-	-	-	L	L	-	-	E	E	L
L	L	L	-	-	L	L	-	-	L	L	L	-	-	L	L	-	-	L	L	-	-	L	L	L	L	-	-
E	E	E	-	-	-	-	E	E	E	L	L	-	-	L	L	L	L	-	-	-	E	L	L	L	-	-	-
L	L	L	L	L	-	-	-	E	E	-	-	E	E	-	-	E	E	E	L	L	-	-	E	E	-	-	-
-	E	E	L	-	-	E	E	-	-	E	E	E	L	-	-	-	L	L	-	-	E	E	E	E	L	-	-
-	-	E	L	-	-	-	-	E	E	-	-	-	E	E	-	-	-	-	E	L	-	-	-	-	-	-	-
Objective 0: 5424
Objective 1: 74
Constr violation: -1
Restrictions violated:
0 0 0 0 0 0 0 1 

Individual 88
1	2	3	4	5	6	7	8	9	10	11	12	13	14	15	16	17	18	19	20	21	22	23	24	25	26	27	28
E	E	E	E	E	-	-	E	E	E	-	-	L	L	L	-	-	E	L	-	-	-	-	L	L	L	L	L
-	E	E	E	-	-	-	E	E	E	E	-	-	-	E	E	-	-	E	E	E	E	-	-	-	E	E	E
L	-	-	E	L	-	-	E	E	E	L	L	-	-	-	L	L	L	L	L	-	-	E	L	-	-	E	E
E	E	-	-	-	E	E	E	E	E	-	-	-	-	-	E	L	L	L	L	-	-	E	E	E	E	-	-
L	-	-	L	L	L	-	-	L	L	L	L	-	-	E	E	E	E	-	-	-	L	L	-	-	E	E	L
L	L	L	-	-	L	L	-	-	L	L	L	-	-	L	L	-	-	L	L	-	-	L	L	L	L	-	-
E	E	E	E	-	-	L	L	L	L	L	-	-	E	L	L	L	L	-	-	-	E	L	L	L	-	-	-
L	L	L	L	L	-	-	-	E	E	-	-	E	E	-	-	E	E	E	L	L	-	-	E	E	-	-	-
E	E	E	L	-	-	E	E	-	-	E	E	E	L	L	-	-	L	L	-	-	E	E	E	L	L	-	-
-	E	E	L	L	-	-	E	E	E	-	-	E	E	E	E	L	-	-	E	L	-	-	-	-	L	L	L
Objective 0: 4330
Objective 1: 54
Constr violation: -1
Restrictions violated:
0 0 0 0 0 0 1 0 

Individual 89
1	2	3	4	5	6	7	8	9	10	11	12	13	14	15	16	17	18	19	20	21	22	23	24	25	26	27	28
E	E	E	E	E	-	-	L	L	-	-	E	L	L	-	-	E	E	L	-	-	-	-	E	L	L	L	L
-	E	E	E	-	-	-	E	E	E	E	-	-	-	E	E	-	-	E	E	E	E	-	-	-	E	E	E
L	-	-	E	L	-	-	E	E	E	L	L	-	-	-	L	L	L	L	L	-	-	E	L	-	-	E	E
E	E	-	-	-	E	E	E	E	E	-	-	-	-	-	E	L	L	L	L	-	-	E	E	E	E	-	-
L	-	-	L	L	L	-	-	L	L	L	L	-	-	E	E	E	E	-	-	-	L	L	-	-	E	E	L
L	L	L	-	-	L	L	-	-	L	L	L	-	-	L	L	-	-	L	L	-	-	L	L	L	L	-	-
E	E	E	E	-	-	L	L	L	L	L	-	-	E	L	L	L	L	-	-	-	E	L	L	L	-	-	-
L	L	L	L	L	-	-	-	E	E	-	-	E	E	-	-	E	E	E	L	L	-	-	E	E	-	-	-
E	E	E	L	-	-	E	E	-	-	E	E	E	L	L	-	-	L	L	-	-	E	E	E	L	L	-	-
-	E	E	L	L	-	-	E	E	E	-	-	E	E	E	E	L	-	-	E	L	-	-	-	-	L	L	L
Objective 0: 3926
Objective 1: 51
Constr violation: -1
Restrictions violated:
0 0 0 0 0 0 1 0 

Individual 90
1	2	3	4	5	6	7	8	9	10	11	12	13	14	15	16	17	18	19	20	21	22	23	24	25	26	27	28
E	E	E	E	E	-	-	L	L	-	-	E	L	L	-	-	E	E	L	-	-	-	-	E	L	L	L	L
-	E	E	E	-	-	-	E	E	E	E	-	-	-	E	E	-	-	E	E	E	E	-	-	-	E	E	E
L	-	-	E	L	-	-	E	E	E	L	L	-	-	-	L	L	L	L	L	-	-	E	L	-	-	E	E
E	E	-	-	-	E	E	E	E	E	-	-	-	-	-	E	L	L	L	L	-	-	E	E	E	E	-	-
L	-	-	L	L	L	-	-	L	L	L	L	-	-	E	E	E	E	-	-	-	L	L	-	-	E	E	L
L	L	L	-	-	L	L	-	-	L	L	L	-	-	L	L	-	-	L	L	-	-	L	L	L	L	-	-
E	E	E	E	-	-	L	L	L	L	L	-	-	E	L	L	L	L	-	-	-	E	L	L	L	-	-	-
L	L	L	L	L	-	-	-	E	E	-	-	E	E	-	-	E	E	E	L	L	-	-	E	E	-	-	-
E	E	E	L	-	-	E	E	-	-	E	E	E	L	L	-	-	L	L	-	-	E	E	E	L	L	-	-
-	E	E	L	L	-	-	E	E	E	-	-	E	E	E	E	L	-	-	E	L	-	-	-	-	L	L	L
Objective 0: 3926
Objective 1: 51
Constr violation: -1
Restrictions violated:
0 0 0 0 0 0 1 0 

Individual 91
1	2	3	4	5	6	7	8	9	10	11	12	13	14	15	16	17	18	19	20	21	22	23	24	25	26	27	28
E	E	E	E	E	-	-	L	L	-	-	E	L	L	-	-	E	E	-	-	-	-	-	E	L	L	L	-
-	E	E	E	-	-	-	E	E	E	E	-	-	-	E	E	-	-	E	E	E	E	-	-	-	E	E	E
L	-	-	E	L	L	L	L	-	-	L	L	-	-	-	L	L	L	L	L	-	-	E	L	L	-	-	-
E	E	-	-	-	E	E	E	E	E	-	-	-	-	-	E	L	L	L	L	-	-	E	E	E	E	-	-
L	-	-	L	L	-	-	-	L	L	L	L	-	-	E	E	E	E	-	-	-	L	L	-	-	E	E	L
L	L	L	-	-	L	L	-	-	L	L	L	-	-	L	L	-	-	L	L	-	-	L	L	L	L	-	-
E	E	E	E	-	-	L	L	L	L	L	-	-	E	L	L	L	L	-	-	-	E	L	L	L	-	-	-
L	L	L	L	L	-	-	-	E	E	-	-	E	E	-	-	E	E	E	L	L	-	-	E	E	-	-	-
E	E	E	L	-	-	E	E	-	-	E	E	E	L	L	-	-	L	L	-	-	E	E	E	E	L	-	-
-	E	E	L	L	-	-	E	E	E	-	-	E	E	E	E	L	-	-	E	L	-	-	-	-	L	L	L
Objective 0: 3821
Objective 1: 59
Constr violation: -1
Restrictions violated:
0 0 0 0 0 0 1 0 

Individual 92
1	2	3	4	5	6	7	8	9	10	11	12	13	14	15	16	17	18	19	20	21	22	23	24	25	26	27	28
E	E	E	E	E	-	-	E	E	E	-	-	L	L	-	-	E	E	-	-	-	-	-	E	L	L	L	-
-	E	E	E	-	-	-	E	E	E	E	-	-	-	E	E	-	-	E	E	E	E	-	-	-	E	E	E
L	-	-	E	L	L	L	L	-	-	L	L	-	-	-	L	L	L	L	L	-	-	E	L	L	-	-	-
E	E	-	-	-	E	E	E	E	E	-	-	-	-	-	E	L	L	L	L	-	-	E	E	E	E	-	-
L	-	-	L	L	-	-	-	L	L	L	L	-	-	E	E	E	E	-	-	-	L	L	-	-	E	E	L
L	L	L	-	-	L	L	-	-	L	L	L	-	-	L	L	-	-	L	L	-	-	L	L	L	L	-	-
E	E	E	E	-	-	L	L	L	L	L	-	-	E	L	L	L	L	-	-	-	E	L	L	L	-	-	-
L	L	L	L	L	-	-	-	E	E	-	-	E	E	-	-	E	E	E	L	L	-	-	E	E	-	-	-
E	E	E	L	-	-	E	E	-	-	E	E	E	L	L	-	-	L	L	-	-	E	E	E	E	L	-	-
-	E	E	L	L	-	-	E	E	E	-	-	E	E	E	E	L	-	-	E	L	-	-	-	-	L	L	L
Objective 0: 4124
Objective 1: 63
Constr violation: -1
Restrictions violated:
0 0 0 0 0 0 1 0 

Individual 93
1	2	3	4	5	6	7	8	9	10	11	12	13	14	15	16	17	18	19	20	21	22	23	24	25	26	27	28
E	E	E	E	E	-	-	E	E	E	-	-	L	L	L	-	-	E	L	-	-	-	-	L	L	L	L	L
-	E	E	E	-	-	-	E	E	E	E	-	-	-	E	E	-	-	E	E	E	E	-	-	-	E	E	E
L	-	-	E	L	-	-	E	E	E	L	L	-	-	-	L	L	L	L	L	-	-	E	L	-	-	E	E
E	E	-	-	-	E	E	E	E	E	-	-	-	-	-	E	L	L	L	L	-	-	E	E	E	E	-	-
L	-	-	L	L	L	-	-	L	L	L	L	-	-	E	E	E	E	-	-	-	L	L	-	-	E	E	L
L	L	L	-	-	L	L	-	-	L	L	L	-	-	L	L	-	-	L	L	-	-	L	L	L	L	-	-
E	E	E	E	-	-	L	L	L	L	L	-	-	E	L	L	L	L	-	-	-	E	L	L	L	-	-	-
L	L	L	L	L	-	-	-	E	E	-	-	E	E	-	-	E	E	E	L	L	-	-	E	E	-	-	-
E	E	E	L	-	-	E	E	-	-	E	E	E	L	L	-	-	L	L	-	-	E	E	E	L	L	-	-
-	E	E	L	L	-	-	E	E	E	-	-	E	E	E	E	L	-	-	E	L	-	-	-	-	L	L	L
Objective 0: 4330
Objective 1: 54
Constr violation: -1
Restrictions violated:
0 0 0 0 0 0 1 0 

Individual 94
1	2	3	4	5	6	7	8	9	10	11	12	13	14	15	16	17	18	19	20	21	22	23	24	25	26	27	28
E	E	E	E	E	-	-	E	E	E	-	-	L	L	L	-	-	E	L	-	-	-	-	L	L	L	L	L
-	E	E	E	-	-	-	E	E	E	E	-	-	-	E	E	-	-	E	E	E	E	-	-	-	E	E	E
L	-	-	E	L	-	-	E	E	E	L	L	-	-	-	L	L	L	L	L	-	-	E	L	-	-	E	E
E	E	-	-	-	E	E	E	E	E	-	-	-	-	-	E	L	L	L	L	-	-	E	E	E	E	-	-
L	-	-	L	L	L	-	-	L	L	L	L	-	-	L	L	L	L	-	-	-	L	L	-	-	E	E	L
L	L	L	-	-	L	L	-	-	L	L	L	-	-	L	L	-	-	L	L	-	-	L	L	L	L	-	-
E	E	E	E	E	-	-	E	E	E	L	-	-	E	L	L	L	L	-	-	-	E	L	L	L	-	-	-
L	L	L	L	L	-	-	-	E	E	-	-	E	E	-	-	E	E	E	L	L	-	-	E	E	-	-	-
E	E	E	L	-	-	E	E	-	-	E	E	E	L	L	-	-	L	L	-	-	E	E	E	E	L	-	-
-	E	E	L	L	-	-	E	E	E	-	-	E	E	E	E	L	-	-	E	L	-	-	-	-	L	L	L
Objective 0: 4835
Objective 1: 72
Constr violation: -1
Restrictions violated:
0 0 0 0 0 0 1 0 

Individual 95
1	2	3	4	5	6	7	8	9	10	11	12	13	14	15	16	17	18	19	20	21	22	23	24	25	26	27	28
E	E	E	E	E	-	-	E	E	E	-	-	L	L	-	-	E	E	-	-	-	-	-	E	L	L	L	-
-	E	E	E	-	-	-	E	E	E	E	-	-	-	E	E	-	-	E	E	E	E	-	-	-	E	E	E
L	L	L	-	-	L	L	L	-	-	L	L	-	-	-	L	L	L	L	L	-	-	E	L	L	-	-	-
E	E	-	-	-	E	E	E	E	E	-	-	-	-	-	E	L	L	L	L	-	-	E	E	E	E	-	-
L	-	-	L	L	-	-	-	L	L	L	L	-	-	E	E	E	E	-	-	-	L	L	-	-	E	E	L
L	L	L	-	-	L	L	-	-	L	L	L	-	-	L	L	-	-	L	L	-	-	L	L	L	L	-	-
E	E	L	-	-	-	-	E	E	E	L	L	-	-	L	L	L	L	-	-	-	E	L	L	L	-	-	-
L	L	L	L	L	-	-	-	E	E	-	-	E	E	-	-	E	E	E	L	L	-	-	E	E	-	-	-
-	E	E	L	-	-	E	E	-	-	E	E	E	L	-	-	-	L	L	-	-	E	E	L	L	L	-	-
-	-	E	L	-	-	-	-	E	E	-	-	-	E	E	-	-	-	-	E	L	-	-	-	-	-	-	-
Objective 0: 5020
Objective 1: 79
Constr violation: -1
Restrictions violated:
0 0 0 0 0 0 0 1 

Individual 96
1	2	3	4	5	6	7	8	9	10	11	12	13	14	15	16	17	18	19	20	21	22	23	24	25	26	27	28
E	E	E	E	E	-	-	L	L	-	-	E	L	L	L	-	-	E	L	-	-	-	-	L	L	L	L	L
-	E	E	E	-	-	-	E	E	E	E	-	-	-	E	E	-	-	E	E	E	E	-	-	-	E	E	E
L	-	-	E	L	-	-	E	E	E	L	L	-	-	-	L	L	L	L	L	-	-	E	L	L	-	-	E
E	E	-	-	-	E	E	E	E	E	-	-	-	-	-	E	L	L	L	L	-	-	E	E	E	E	-	-
L	-	-	L	L	L	-	-	L	L	L	L	-	-	E	E	E	E	-	-	-	L	L	-	-	E	E	L
L	L	L	-	-	L	L	-	-	L	L	L	-	-	L	L	-	-	L	L	-	-	L	L	L	L	-	-
E	E	E	E	-	-	L	L	L	L	L	-	-	E	L	L	L	L	-	-	-	E	L	L	L	-	-	-
L	L	L	L	L	-	-	-	E	E	-	-	E	E	-	-	E	E	E	L	L	-	-	E	E	-	-	-
E	E	E	L	-	-	E	E	-	-	E	E	E	L	L	-	-	L	L	-	-	E	E	E	L	L	-	-
-	E	E	L	L	-	-	E	E	E	-	-	E	E	E	E	L	-	-	E	L	-	-	-	-	L	L	L
Objective 0: 4128
Objective 1: 52
Constr violation: -1
Restrictions violated:
0 0 0 0 0 0 1 0 

Individual 97
1	2	3	4	5	6	7	8	9	10	11	12	13	14	15	16	17	18	19	20	21	22	23	24	25	26	27	28
E	E	E	E	E	-	-	L	L	-	-	E	L	L	L	-	-	E	L	-	-	-	-	E	L	L	L	L
-	E	E	E	-	-	-	E	E	E	E	-	-	-	E	E	-	-	E	E	E	E	-	-	-	E	E	E
L	L	L	-	-	-	-	E	E	E	L	L	-	-	-	L	L	L	L	L	-	-	E	L	-	-	E	E
E	E	-	-	-	E	E	E	E	E	-	-	-	-	-	E	L	L	L	L	-	-	E	E	E	E	-	-
L	-	-	L	L	L	-	-	L	L	L	L	-	-	E	E	E	E	-	-	-	L	L	-	-	E	E	L
L	L	L	-	-	L	L	-	-	L	L	L	-	-	L	L	-	-	L	L	-	-	L	L	L	L	-	-
E	E	E	E	-	-	L	L	L	L	L	-	-	E	L	L	L	L	-	-	-	E	L	L	L	-	-	-
L	L	L	L	L	-	-	-	E	E	-	-	E	E	-	-	E	E	E	L	L	-	-	E	E	-	-	-
E	E	E	L	-	-	E	E	-	-	E	E	E	L	L	-	-	L	L	-	-	E	E	E	L	L	-	-
-	E	E	L	L	-	-	E	E	E	-	-	E	E	E	E	L	-	-	E	L	-	-	-	-	L	L	L
Objective 0: 3724
Objective 1: 51
Constr violation: -1
Restrictions violated:
0 0 0 0 0 0 1 0 

Individual 98
1	2	3	4	5	6	7	8	9	10	11	12	13	14	15	16	17	18	19	20	21	22	23	24	25	26	27	28
E	E	E	E	E	-	-	L	L	-	-	E	L	L	-	-	E	E	-	-	-	-	-	E	L	L	L	-
-	E	E	E	-	-	-	E	E	E	E	-	-	-	E	E	-	-	E	E	E	E	-	-	-	E	E	E
L	L	L	-	-	L	L	L	-	-	L	L	-	-	-	L	L	L	L	L	-	-	E	L	L	-	-	-
E	E	-	-	-	E	E	E	E	E	-	-	-	-	-	E	L	L	L	L	-	-	E	E	E	E	-	-
L	-	-	L	L	-	-	-	L	L	L	L	-	-	E	E	E	E	-	-	-	L	L	-	-	E	E	L
L	L	L	-	-	L	L	-	-	L	L	L	-	-	L	L	-	-	L	L	-	-	L	L	L	L	-	-
E	E	L	-	-	E	L	L	L	-	-	-	-	E	L	L	L	L	-	-	-	E	L	L	L	-	-	-
L	L	L	L	L	-	-	-	E	E	-	-	E	E	-	-	E	E	E	L	L	-	-	E	E	-	-	-
-	E	E	L	-	-	E	E	-	-	E	E	E	L	-	-	-	L	L	-	-	E	E	E	E	L	-	-
-	-	E	L	-	-	-	-	E	E	-	-	-	E	E	-	-	-	-	E	L	-	-	-	-	-	-	-
Objective 0: 4010
Objective 1: 67
Constr violation: -1
Restrictions violated:
0 0 0 0 0 0 0 1 

Individual 99
1	2	3	4	5	6	7	8	9	10	11	12	13	14	15	16	17	18	19	20	21	22	23	24	25	26	27	28
E	E	E	E	E	-	-	L	L	-	-	E	L	L	-	-	E	E	-	-	-	-	-	E	L	L	L	-
-	E	E	E	-	-	-	E	E	E	E	-	-	-	E	E	-	-	E	E	E	E	-	-	-	E	E	E
L	L	L	-	-	L	L	L	-	-	L	L	-	-	-	L	L	L	L	L	-	-	E	L	L	-	-	-
E	E	-	-	-	E	E	E	E	E	-	-	-	-	-	E	L	L	L	L	-	-	E	E	E	E	-	-
L	-	-	L	L	-	-	-	L	L	L	L	-	-	E	E	E	E	-	-	-	L	L	-	-	E	E	L
L	L	L	-	-	L	L	-	-	L	L	L	-	-	L	L	-	-	L	L	-	-	L	L	L	L	-	-
E	E	L	-	-	E	L	L	L	-	-	-	-	E	L	L	L	L	-	-	-	E	L	L	L	-	-	-
L	L	L	L	L	-	-	-	E	E	-	-	E	E	-	-	E	E	E	L	L	-	-	E	E	-	-	-
-	E	E	L	-	-	E	E	-	-	E	E	E	L	L	-	-	L	L	-	-	E	E	E	E	L	-	-
-	-	E	L	-	-	-	-	E	E	-	-	-	E	E	E	L	-	-	E	L	-	-	-	-	-	-	-
Objective 0: 3710
Objective 1: 67
Constr violation: -1
Restrictions violated:
0 0 0 0 0 0 0 1 

