Individual 0
1	2	3	4	5	6	7	8	9	10	11	12	13	14	15	16	17	18	19	20	21	22	23	24	25	26	27	28
E	E	L	-	-	-	-	-	E	E	E	E	-	-	-	-	E	E	L	L	L	-	-	L	L	L	L	L
-	E	E	-	-	E	E	E	E	E	-	-	E	E	E	E	-	-	-	-	-	E	E	E	E	E	-	-
E	E	E	-	-	E	E	E	L	-	-	-	-	-	-	E	L	L	L	-	-	-	-	E	E	E	E	E
-	-	-	E	E	L	L	-	E	E	E	E	-	-	L	L	L	-	-	E	E	E	E	E	-	-	-	-
-	-	E	E	E	-	-	E	L	L	L	L	-	-	L	L	-	-	E	E	E	L	L	-	-	E	E	E
L	L	L	-	-	L	L	L	-	-	-	-	L	L	L	L	L	-	-	-	-	L	L	L	L	L	-	-
-	E	E	E	L	-	-	-	-	L	L	L	L	L	-	-	E	L	L	L	L	-	-	L	L	-	-	-
L	L	L	L	-	-	-	L	L	-	-	-	E	E	E	L	L	-	-	-	-	-	-	E	E	E	E	E
-	-	-	L	L	L	L	L	-	-	L	L	L	L	-	-	E	E	-	-	-	E	E	E	E	L	-	-
L	L	L	L	L	-	-	-	E	E	E	E	-	-	-	E	E	E	E	L	-	-	-	-	-	-	E	E
Objective 0: 2304
Objective 1: 31
Constr violation: -1
Restrictions violated:
0 0 0 1 0 0 0 0 

Individual 1
1	2	3	4	5	6	7	8	9	10	11	12	13	14	15	16	17	18	19	20	21	22	23	24	25	26	27	28
E	E	L	-	-	-	-	L	L	L	L	L	-	-	-	-	E	E	L	L	L	-	-	L	L	L	L	L
-	E	E	-	-	E	E	E	E	E	-	-	E	E	E	E	-	-	-	-	-	E	E	E	E	E	-	-
E	E	E	-	-	E	E	E	E	E	-	-	-	-	-	E	L	L	L	-	-	-	-	E	E	E	E	E
-	-	-	E	E	L	L	-	E	E	E	E	-	-	L	L	L	-	-	E	E	E	E	E	-	-	-	-
-	-	E	E	E	-	-	E	L	L	L	L	-	-	L	L	-	-	E	E	E	L	L	-	-	E	E	E
L	L	L	-	-	L	L	L	-	-	-	-	L	L	L	L	L	-	-	-	-	L	L	L	L	L	-	-
E	E	E	E	-	-	L	L	L	L	L	-	-	-	-	-	E	L	L	L	L	-	-	L	L	-	-	-
-	L	L	L	L	-	-	L	L	-	-	-	E	E	E	L	L	-	-	-	-	-	-	E	E	E	E	E
E	E	E	E	L	-	-	-	-	-	L	L	L	L	-	-	E	E	-	-	-	E	E	E	E	L	-	-
L	L	L	L	L	-	-	-	E	E	E	E	-	-	-	E	E	E	E	L	-	-	-	-	-	-	E	E
Objective 0: 2912
Objective 1: 9
Constr violation: -1
Restrictions violated:
0 0 0 1 0 0 0 0 

Individual 2
1	2	3	4	5	6	7	8	9	10	11	12	13	14	15	16	17	18	19	20	21	22	23	24	25	26	27	28
E	E	L	-	-	-	-	L	L	L	L	L	-	-	-	-	E	E	L	L	L	-	-	L	L	L	L	L
-	E	E	-	-	E	E	E	E	E	-	-	E	E	E	E	-	-	-	-	-	E	E	E	E	E	-	-
E	E	E	-	-	E	E	E	E	E	-	-	-	-	-	E	L	L	L	-	-	-	-	E	E	E	E	E
-	-	-	E	E	L	L	-	E	E	E	E	-	-	L	L	L	-	-	E	E	E	E	E	-	-	-	-
-	-	E	E	E	-	-	E	L	L	L	L	-	-	L	L	-	-	E	E	E	L	L	-	-	E	E	E
L	L	L	-	-	L	L	L	-	-	-	-	L	L	L	L	L	-	-	-	-	L	L	L	L	L	-	-
-	E	E	E	L	-	-	-	-	L	L	L	L	L	-	-	E	L	L	L	L	-	-	L	L	-	-	-
-	L	L	L	L	-	-	L	L	-	-	-	E	E	E	L	L	-	-	-	-	-	-	E	E	E	E	E
E	E	E	E	L	-	-	-	-	-	L	L	L	L	-	-	E	E	-	-	-	E	E	E	E	L	-	-
L	L	L	L	L	-	-	-	E	E	E	E	-	-	-	E	E	E	E	L	-	-	-	-	-	-	E	E
Objective 0: 2811
Objective 1: 18
Constr violation: -1
Restrictions violated:
0 0 0 1 0 0 0 0 

Individual 3
1	2	3	4	5	6	7	8	9	10	11	12	13	14	15	16	17	18	19	20	21	22	23	24	25	26	27	28
E	E	L	-	-	-	-	L	L	L	L	L	-	-	-	-	E	E	L	L	L	-	-	L	L	L	L	L
-	E	E	-	-	E	E	E	E	E	-	-	E	E	E	E	-	-	-	-	-	E	E	E	E	E	-	-
E	E	E	-	-	E	E	E	E	E	-	-	-	-	-	E	L	L	L	-	-	-	-	E	E	E	E	E
-	-	-	E	E	L	L	-	E	E	E	E	-	-	L	L	L	-	-	E	E	E	E	E	-	-	-	-
-	-	E	E	E	-	-	E	L	L	L	L	-	-	L	L	-	-	E	E	E	L	L	-	-	E	E	E
L	L	L	-	-	L	L	L	-	-	-	-	L	L	L	L	L	-	-	-	-	L	L	L	L	L	-	-
E	E	E	E	-	-	L	L	L	L	L	-	-	-	-	-	E	L	L	L	L	-	-	L	L	-	-	-
-	L	L	L	L	-	-	L	L	-	-	-	E	E	E	L	L	-	-	-	-	-	-	E	E	E	E	E
-	-	-	L	L	L	L	L	-	-	L	L	L	L	-	-	E	E	-	-	-	E	E	E	E	L	-	-
L	L	L	L	L	-	-	-	E	E	E	E	-	-	-	E	E	E	E	L	-	-	-	-	-	-	E	E
Objective 0: 2710
Objective 1: 15
Constr violation: -1
Restrictions violated:
0 0 0 1 0 0 0 0 

Individual 4
1	2	3	4	5	6	7	8	9	10	11	12	13	14	15	16	17	18	19	20	21	22	23	24	25	26	27	28
E	E	L	-	-	-	-	-	E	E	E	E	-	-	-	-	E	E	L	L	L	-	-	L	L	L	L	L
-	E	E	-	-	E	E	E	E	E	-	-	E	E	E	E	-	-	-	-	-	E	E	E	E	E	-	-
E	E	E	-	-	E	E	E	E	E	-	-	-	-	-	E	L	L	L	-	-	-	-	E	E	E	E	E
-	-	-	E	E	L	L	-	E	E	E	E	-	-	L	L	L	-	-	E	E	E	E	E	-	-	-	-
-	-	E	E	E	-	-	E	L	L	L	L	-	-	L	L	-	-	E	E	E	L	L	-	-	E	E	E
L	L	L	-	-	L	L	L	-	-	-	-	L	L	L	L	L	-	-	-	-	L	L	L	L	L	-	-
-	E	E	E	L	-	-	-	-	L	L	L	L	L	-	-	E	L	L	L	L	-	-	L	L	-	-	-
L	L	L	L	-	-	-	L	L	-	-	-	E	E	E	L	L	-	-	-	-	-	-	E	E	E	E	E
E	E	E	E	L	-	-	-	-	-	L	L	L	L	-	-	E	E	-	-	-	E	E	E	E	L	-	-
L	L	L	L	L	-	-	-	E	E	E	E	-	-	-	E	E	E	E	L	-	-	-	-	-	-	E	E
Objective 0: 2810
Objective 1: 22
Constr violation: -1
Restrictions violated:
0 0 0 1 0 0 0 0 

Individual 5
1	2	3	4	5	6	7	8	9	10	11	12	13	14	15	16	17	18	19	20	21	22	23	24	25	26	27	28
E	E	L	-	-	-	-	L	L	L	L	L	-	-	-	-	E	E	L	L	L	-	-	L	L	L	L	L
-	E	E	-	-	E	E	E	E	E	-	-	E	E	E	E	-	-	-	-	-	E	E	E	E	E	-	-
E	E	E	-	-	E	E	E	L	-	-	-	-	-	-	E	L	L	L	-	-	-	-	E	E	E	E	E
-	-	-	E	E	L	L	-	E	E	E	E	-	-	L	L	L	-	-	E	E	E	E	E	-	-	-	-
-	-	E	E	E	-	-	E	L	L	L	L	-	-	L	L	-	-	E	E	E	L	L	-	-	E	E	E
L	L	L	-	-	L	L	L	-	-	-	-	L	L	L	L	L	-	-	-	-	L	L	L	L	L	-	-
-	E	E	E	L	-	-	-	-	L	L	L	L	L	-	-	E	L	L	L	L	-	-	L	L	-	-	-
-	L	L	L	L	-	-	L	L	-	-	-	E	E	E	L	L	-	-	-	-	-	-	E	E	E	E	E
-	-	-	L	L	L	L	L	-	-	L	L	L	L	-	-	E	E	-	-	-	E	E	E	E	L	-	-
L	L	L	L	L	-	-	-	E	E	E	E	-	-	-	E	E	E	E	L	-	-	-	-	-	-	E	E
Objective 0: 2608
Objective 1: 27
Constr violation: -1
Restrictions violated:
0 0 0 1 0 0 0 0 

Individual 6
1	2	3	4	5	6	7	8	9	10	11	12	13	14	15	16	17	18	19	20	21	22	23	24	25	26	27	28
E	E	L	-	-	-	-	-	E	E	E	E	-	-	-	-	E	E	L	L	L	-	-	L	L	L	L	L
-	E	E	-	-	E	E	E	E	E	-	-	E	E	E	E	-	-	-	-	-	E	E	E	E	E	-	-
E	E	E	-	-	E	E	E	L	-	-	-	-	-	-	E	L	L	L	-	-	-	-	E	E	E	E	E
-	-	-	E	E	L	L	-	E	E	E	E	-	-	L	L	L	-	-	E	E	E	E	E	-	-	-	-
-	-	E	E	E	-	-	E	L	L	L	L	-	-	L	L	-	-	E	E	E	L	L	-	-	E	E	E
L	L	L	-	-	L	L	L	-	-	-	-	L	L	L	L	L	-	-	-	-	L	L	L	L	L	-	-
E	E	E	E	-	-	L	L	L	L	L	-	-	-	-	-	E	L	L	L	L	-	-	L	L	-	-	-
L	L	L	L	-	-	-	L	L	-	-	-	E	E	E	L	L	-	-	-	-	-	-	E	E	E	E	E
E	E	E	E	L	-	-	-	-	-	L	L	L	L	-	-	E	E	-	-	-	E	E	E	E	L	-	-
L	L	L	L	L	-	-	-	E	E	E	E	-	-	-	E	E	E	E	L	-	-	-	-	-	-	E	E
Objective 0: 2910
Objective 1: 16
Constr violation: -1
Restrictions violated:
0 0 0 1 0 0 0 0 

Individual 7
1	2	3	4	5	6	7	8	9	10	11	12	13	14	15	16	17	18	19	20	21	22	23	24	25	26	27	28
E	E	L	-	-	-	-	-	E	E	E	E	-	-	-	-	E	E	L	L	L	-	-	L	L	L	L	L
-	E	E	-	-	E	E	E	E	E	-	-	E	E	E	E	-	-	-	-	-	E	E	E	E	E	-	-
E	E	E	-	-	E	E	E	E	E	-	-	-	-	-	E	L	L	L	-	-	-	-	E	E	E	E	E
-	-	-	E	E	L	L	-	E	E	E	E	-	-	L	L	L	-	-	E	E	E	E	E	-	-	-	-
-	-	E	E	E	-	-	E	L	L	L	L	-	-	L	L	-	-	E	E	E	L	L	-	-	E	E	E
L	L	L	-	-	L	L	L	-	-	-	-	L	L	L	L	L	-	-	-	-	L	L	L	L	L	-	-
-	E	E	E	L	-	-	-	-	L	L	L	L	L	-	-	E	L	L	L	L	-	-	L	L	-	-	-
L	L	L	L	-	-	-	L	L	-	-	-	E	E	E	L	L	-	-	-	-	-	-	E	E	E	E	E
-	-	-	L	L	L	L	L	-	-	L	L	L	L	-	-	E	E	-	-	-	E	E	E	E	L	-	-
L	L	L	L	L	-	-	-	E	E	E	E	-	-	-	E	E	E	E	L	-	-	-	-	-	-	E	E
Objective 0: 2406
Objective 1: 28
Constr violation: -1
Restrictions violated:
0 0 0 1 0 0 0 0 

Individual 8
1	2	3	4	5	6	7	8	9	10	11	12	13	14	15	16	17	18	19	20	21	22	23	24	25	26	27	28
E	E	L	-	-	-	-	L	L	L	L	L	-	-	-	-	E	E	L	L	L	-	-	L	L	L	L	L
-	E	E	-	-	E	E	E	E	E	-	-	E	E	E	E	-	-	-	-	-	E	E	E	E	E	-	-
E	E	E	-	-	E	E	E	E	E	-	-	-	-	-	E	L	L	L	-	-	-	-	E	E	E	E	E
-	-	-	E	E	L	L	-	E	E	E	E	-	-	L	L	L	-	-	E	E	E	E	E	-	-	-	-
-	-	E	E	E	-	-	E	L	L	L	L	-	-	L	L	-	-	E	E	E	L	L	-	-	E	E	E
L	L	L	-	-	L	L	L	-	-	-	-	L	L	L	L	L	-	-	-	-	L	L	L	L	L	-	-
-	E	E	E	L	-	-	-	-	L	L	L	L	L	-	-	E	L	L	L	L	-	-	L	L	-	-	-
-	L	L	L	L	-	-	L	L	-	-	-	E	E	E	L	L	-	-	-	-	-	-	E	E	E	E	E
-	-	-	L	L	L	L	L	-	-	L	L	L	L	-	-	E	E	-	-	-	E	E	E	E	L	-	-
L	L	L	L	L	-	-	-	E	E	E	E	-	-	-	E	E	E	E	L	-	-	-	-	-	-	E	E
Objective 0: 2508
Objective 1: 24
Constr violation: -1
Restrictions violated:
0 0 0 1 0 0 0 0 

Individual 9
1	2	3	4	5	6	7	8	9	10	11	12	13	14	15	16	17	18	19	20	21	22	23	24	25	26	27	28
E	E	L	-	-	-	-	L	L	L	L	L	-	-	-	-	E	E	L	L	L	-	-	L	L	L	L	L
-	E	E	-	-	E	E	E	E	E	-	-	E	E	E	E	-	-	-	-	-	E	E	E	E	E	-	-
E	E	E	-	-	E	E	E	L	-	-	-	-	-	-	E	L	L	L	-	-	-	-	E	E	E	E	E
-	-	-	E	E	L	L	-	E	E	E	E	-	-	L	L	L	-	-	E	E	E	E	E	-	-	-	-
-	-	E	E	E	-	-	E	L	L	L	L	-	-	L	L	-	-	E	E	E	L	L	-	-	E	E	E
L	L	L	-	-	L	L	L	-	-	-	-	L	L	L	L	L	-	-	-	-	L	L	L	L	L	-	-
E	E	E	E	-	-	L	L	L	L	L	-	-	-	-	-	E	L	L	L	L	-	-	L	L	-	-	-
-	L	L	L	L	-	-	L	L	-	-	-	E	E	E	L	L	-	-	-	-	-	-	E	E	E	E	E
E	E	E	E	L	-	-	-	-	-	L	L	L	L	-	-	E	E	-	-	-	E	E	E	E	L	-	-
L	L	L	L	L	-	-	-	E	E	E	E	-	-	-	E	E	E	E	L	-	-	-	-	-	-	E	E
Objective 0: 3012
Objective 1: 12
Constr violation: -1
Restrictions violated:
0 0 0 1 0 0 0 0 

Individual 10
1	2	3	4	5	6	7	8	9	10	11	12	13	14	15	16	17	18	19	20	21	22	23	24	25	26	27	28
E	E	L	-	-	-	-	-	E	E	E	E	-	-	-	-	E	E	L	L	L	-	-	L	L	L	L	L
-	E	E	-	-	E	E	E	E	E	-	-	E	E	E	E	-	-	-	-	-	E	E	E	E	E	-	-
E	E	E	-	-	E	E	E	L	-	-	-	-	-	-	E	L	L	L	-	-	-	-	E	E	E	E	E
-	-	-	E	E	L	L	-	E	E	E	E	-	-	L	L	L	-	-	E	E	E	E	E	-	-	-	-
-	-	E	E	E	-	-	E	L	L	L	L	-	-	L	L	-	-	E	E	E	L	L	-	-	E	E	E
L	L	L	-	-	L	L	L	-	-	-	-	L	L	L	L	L	-	-	-	-	L	L	L	L	L	-	-
E	E	E	E	-	-	L	L	L	L	L	-	-	-	-	-	E	L	L	L	L	-	-	L	L	-	-	-
L	L	L	L	-	-	-	L	L	-	-	-	E	E	E	L	L	-	-	-	-	-	-	E	E	E	E	E
-	-	-	L	L	L	L	L	-	-	L	L	L	L	-	-	E	E	-	-	-	E	E	E	E	L	-	-
L	L	L	L	L	-	-	-	E	E	E	E	-	-	-	E	E	E	E	L	-	-	-	-	-	-	E	E
Objective 0: 2708
Objective 1: 22
Constr violation: -1
Restrictions violated:
0 0 0 1 0 0 0 0 

Individual 11
1	2	3	4	5	6	7	8	9	10	11	12	13	14	15	16	17	18	19	20	21	22	23	24	25	26	27	28
E	E	L	-	-	-	-	-	E	E	E	E	-	-	-	-	E	E	L	L	L	-	-	L	L	L	L	L
-	E	E	-	-	E	E	E	E	E	-	-	E	E	E	E	-	-	-	-	-	E	E	E	E	E	-	-
E	E	E	-	-	E	E	E	E	E	-	-	-	-	-	E	L	L	L	-	-	-	-	E	E	E	E	E
-	-	-	E	E	L	L	-	E	E	E	E	-	-	L	L	L	-	-	E	E	E	E	E	-	-	-	-
-	-	E	E	E	-	-	E	L	L	L	L	-	-	L	L	-	-	E	E	E	L	L	-	-	E	E	E
L	L	L	-	-	L	L	L	-	-	-	-	L	L	L	L	L	-	-	-	-	L	L	L	L	L	-	-
-	E	E	E	L	-	-	-	-	L	L	L	L	L	-	-	E	L	L	L	L	-	-	L	L	-	-	-
L	L	L	L	-	-	-	L	L	-	-	-	E	E	E	L	L	-	-	-	-	-	-	E	E	E	E	E
-	-	-	L	L	L	L	L	-	-	L	L	L	L	-	-	E	E	-	-	-	E	E	E	E	L	-	-
L	L	L	L	L	-	-	-	E	E	E	E	-	-	-	E	E	E	E	L	-	-	-	-	-	-	E	E
Objective 0: 2406
Objective 1: 28
Constr violation: -1
Restrictions violated:
0 0 0 1 0 0 0 0 

