Individual 0
1	2	3	4	5	6	7	8	9	10	11	12	13	14	15	16	17	18	19	20	21	22	23	24	25	26	27	28
-	L	L	L	L	-	-	L	L	-	-	-	E	E	E	E	L	-	-	-	-	-	L	L	L	L	L	-
E	E	E	E	-	-	-	E	E	E	-	-	E	E	E	E	-	-	-	-	-	-	-	E	E	E	E	E
-	E	E	-	-	E	E	E	E	L	-	-	-	-	-	L	L	L	L	-	-	-	-	E	E	E	E	E
-	-	-	L	L	-	-	E	E	E	E	E	-	-	-	-	E	E	E	E	E	-	-	E	E	E	E	E
-	-	E	E	E	E	E	-	-	-	-	E	L	L	L	L	-	-	-	-	-	E	E	-	-	-	-	-
L	L	L	L	L	-	-	-	-	-	-	L	L	L	L	L	-	-	L	L	-	-	L	L	L	L	-	-
L	L	L	-	-	-	L	L	L	L	L	-	-	-	L	L	L	L	L	-	-	E	E	L	L	-	-	-
L	L	L	-	-	L	L	L	L	-	-	-	-	E	E	E	E	E	-	-	-	E	E	L	L	L	-	-
E	E	E	E	-	-	L	L	-	-	L	L	L	L	-	-	E	E	E	-	-	E	E	E	L	L	-	-
E	E	L	-	-	-	-	E	E	E	E	E	-	-	-	-	E	E	E	E	L	-	-	-	-	E	E	E
Objective 0: 3312
Objective 1: 7
Constr violation: -1
Restrictions violated:
0 0 0 0 0 0 0 1 

Individual 1
1	2	3	4	5	6	7	8	9	10	11	12	13	14	15	16	17	18	19	20	21	22	23	24	25	26	27	28
-	L	L	L	L	-	-	L	L	-	-	-	E	E	E	E	L	-	-	-	-	-	L	L	L	L	L	-
E	E	E	E	-	-	-	E	E	E	-	-	E	E	E	E	-	-	-	-	-	-	-	E	E	E	E	E
-	E	E	-	-	E	E	E	E	L	-	-	-	-	-	L	L	L	L	-	-	-	-	E	E	E	E	E
-	-	-	E	E	-	-	-	E	E	E	E	-	-	-	-	E	E	E	E	E	-	-	E	E	L	L	L
-	-	E	E	E	E	E	-	-	-	-	E	L	L	L	L	-	-	-	-	-	E	E	-	-	-	-	-
L	L	L	L	L	-	-	-	-	-	-	L	L	L	L	L	-	-	L	L	-	-	L	L	L	L	-	-
L	L	L	-	-	L	L	L	L	L	-	-	-	E	E	E	L	-	-	-	-	E	E	L	L	-	-	-
L	L	-	-	-	L	L	L	L	-	-	-	-	-	L	L	L	L	L	-	-	-	-	E	E	E	E	E
-	-	E	L	L	L	L	-	-	-	L	L	L	L	-	-	E	E	-	-	-	E	E	E	L	L	-	-
E	E	L	-	-	-	-	E	E	E	E	E	-	-	-	-	E	E	E	E	L	-	-	-	-	E	E	E
Objective 0: 2802
Objective 1: 25
Constr violation: -1
Restrictions violated:
0 0 0 0 0 0 0 1 

Individual 2
1	2	3	4	5	6	7	8	9	10	11	12	13	14	15	16	17	18	19	20	21	22	23	24	25	26	27	28
-	L	L	L	L	-	-	L	L	-	-	-	E	E	E	E	L	-	-	-	-	-	L	L	L	L	L	-
E	E	E	E	-	-	-	E	E	E	-	-	E	E	E	E	-	-	-	-	-	-	-	E	E	E	E	E
-	E	E	-	-	E	E	E	E	L	-	-	-	-	-	L	L	L	L	-	-	-	-	E	E	E	E	E
-	-	-	E	E	-	-	-	E	E	E	E	-	-	-	-	E	E	E	E	E	-	-	E	E	L	L	L
-	-	E	E	E	E	E	-	-	-	-	E	L	L	L	L	-	-	-	-	-	E	E	-	-	-	-	-
L	L	L	L	L	-	-	-	-	-	-	L	L	L	L	L	-	-	L	L	-	-	L	L	L	L	-	-
L	L	L	-	-	-	L	L	L	L	L	-	-	-	L	L	L	L	L	-	-	E	E	L	L	-	-	-
L	L	-	-	-	L	L	L	L	-	-	-	-	-	L	L	L	L	L	-	-	-	-	E	E	E	E	E
-	-	E	L	L	L	L	-	-	-	L	L	L	L	-	-	E	E	-	-	-	E	E	E	L	L	-	-
E	E	L	-	-	-	-	E	E	E	E	E	-	-	-	-	E	E	E	E	L	-	-	-	-	E	E	E
Objective 0: 3005
Objective 1: 16
Constr violation: -1
Restrictions violated:
0 0 0 0 0 0 0 1 

Individual 3
1	2	3	4	5	6	7	8	9	10	11	12	13	14	15	16	17	18	19	20	21	22	23	24	25	26	27	28
-	L	L	L	L	-	-	L	L	-	-	-	E	E	E	E	L	-	-	-	-	-	L	L	L	L	L	-
E	E	E	E	-	-	-	E	E	E	-	-	E	E	E	E	-	-	-	-	-	-	-	E	E	E	E	E
-	E	E	-	-	E	E	E	E	L	-	-	-	-	-	L	L	L	L	-	-	-	-	E	E	E	E	E
-	-	-	L	L	-	-	E	E	E	E	E	-	-	-	-	E	E	E	E	E	-	-	E	E	E	E	E
-	-	E	E	E	E	E	-	-	-	-	E	L	L	L	L	-	-	-	-	-	E	E	-	-	-	-	-
L	L	L	L	L	-	-	-	-	-	-	L	L	L	L	L	-	-	L	L	-	-	L	L	L	L	-	-
L	L	L	-	-	-	L	L	L	L	L	-	-	-	L	L	L	L	L	-	-	E	E	L	L	-	-	-
L	L	L	-	-	L	L	L	L	-	-	-	-	E	E	E	E	E	-	-	-	E	E	L	L	L	-	-
-	-	E	L	L	L	L	-	-	-	L	L	L	L	-	-	E	E	-	-	-	E	E	E	L	L	-	-
E	E	L	-	-	-	-	E	E	E	E	E	-	-	-	-	E	E	E	E	L	-	-	-	-	E	E	E
Objective 0: 3209
Objective 1: 11
Constr violation: -1
Restrictions violated:
0 0 0 0 0 0 0 1 

Individual 4
1	2	3	4	5	6	7	8	9	10	11	12	13	14	15	16	17	18	19	20	21	22	23	24	25	26	27	28
-	L	L	L	L	-	-	L	L	-	-	-	E	E	E	E	L	-	-	-	-	-	L	L	L	L	L	-
E	E	E	E	-	-	-	E	E	E	-	-	E	E	E	E	-	-	-	-	-	-	-	E	E	E	E	E
-	E	E	-	-	E	E	E	E	L	-	-	-	-	-	L	L	L	L	-	-	-	-	E	E	E	E	E
-	-	-	L	L	-	-	E	E	E	E	E	-	-	-	-	E	E	E	E	E	-	-	E	E	E	E	E
-	-	E	E	E	E	E	-	-	-	-	E	L	L	L	L	-	-	-	-	-	E	E	-	-	-	-	-
L	L	L	L	L	-	-	-	-	-	-	L	L	L	L	L	-	-	L	L	-	-	L	L	L	L	-	-
L	L	L	-	-	-	L	L	L	L	L	-	-	-	L	L	L	L	L	-	-	E	E	L	L	-	-	-
L	L	-	-	-	L	L	L	L	-	-	-	-	-	L	L	L	L	L	-	-	-	-	E	E	E	E	E
-	-	E	L	L	L	L	-	-	-	L	L	L	L	-	-	E	E	-	-	-	E	E	E	L	L	-	-
E	E	L	-	-	-	-	E	E	E	E	E	-	-	-	-	E	E	E	E	L	-	-	-	-	E	E	E
Objective 0: 3410
Objective 1: 14
Constr violation: -1
Restrictions violated:
0 0 0 0 0 0 0 1 

Individual 5
1	2	3	4	5	6	7	8	9	10	11	12	13	14	15	16	17	18	19	20	21	22	23	24	25	26	27	28
-	L	L	L	L	-	-	L	L	-	-	-	E	E	E	E	L	-	-	-	-	-	L	L	L	L	L	-
E	E	E	E	-	-	-	E	E	E	-	-	E	E	E	E	-	-	-	-	-	-	-	E	E	E	E	E
-	E	E	-	-	E	E	E	E	L	-	-	-	-	-	L	L	L	L	-	-	-	-	E	E	E	E	E
-	-	-	E	E	-	-	-	E	E	E	E	-	-	-	-	E	E	E	E	E	-	-	E	E	L	L	L
-	-	E	E	E	E	E	-	-	-	-	E	L	L	L	L	-	-	-	-	-	E	E	-	-	-	-	-
L	L	L	L	L	-	-	-	-	-	-	L	L	L	L	L	-	-	L	L	-	-	L	L	L	L	-	-
L	L	L	-	-	L	L	L	L	L	-	-	-	E	E	E	L	-	-	-	-	E	E	L	L	-	-	-
L	L	L	-	-	L	L	L	L	-	-	-	-	E	E	E	E	E	-	-	-	E	E	L	L	L	-	-
-	-	E	L	L	L	L	-	-	-	L	L	L	L	-	-	E	E	-	-	-	E	E	E	L	L	-	-
E	E	L	-	-	-	-	E	E	E	E	E	-	-	-	-	E	E	E	E	L	-	-	-	-	E	E	E
Objective 0: 3308
Objective 1: 22
Constr violation: -1
Restrictions violated:
0 0 0 0 0 0 0 1 

Individual 6
1	2	3	4	5	6	7	8	9	10	11	12	13	14	15	16	17	18	19	20	21	22	23	24	25	26	27	28
-	L	L	L	L	-	-	L	L	-	-	-	E	E	E	E	L	-	-	-	-	-	L	L	L	L	L	-
E	E	E	E	-	-	-	E	E	E	-	-	E	E	E	E	-	-	-	-	-	-	-	E	E	E	E	E
-	E	E	-	-	E	E	E	E	L	-	-	-	-	-	L	L	L	L	-	-	-	-	E	E	E	E	E
-	-	-	E	E	-	-	-	E	E	E	E	-	-	-	-	E	E	E	E	E	-	-	E	E	L	L	L
-	-	E	E	E	E	E	-	-	-	-	E	L	L	L	L	-	-	-	-	-	E	E	-	-	-	-	-
L	L	L	L	L	-	-	-	-	-	-	L	L	L	L	L	-	-	L	L	-	-	L	L	L	L	-	-
L	L	L	-	-	L	L	L	L	L	-	-	-	E	E	E	L	-	-	-	-	E	E	L	L	-	-	-
L	L	-	-	-	L	L	L	L	-	-	-	-	-	L	L	L	L	L	-	-	-	-	E	E	E	E	E
E	E	E	E	-	-	L	L	-	-	L	L	L	L	-	-	E	E	E	-	-	E	E	E	L	L	-	-
E	E	L	-	-	-	-	E	E	E	E	E	-	-	-	-	E	E	E	E	L	-	-	-	-	E	E	E
Objective 0: 3107
Objective 1: 21
Constr violation: -1
Restrictions violated:
0 0 0 0 0 0 0 1 

Individual 7
1	2	3	4	5	6	7	8	9	10	11	12	13	14	15	16	17	18	19	20	21	22	23	24	25	26	27	28
-	L	L	L	L	-	-	L	L	-	-	-	E	E	E	E	L	-	-	-	-	-	L	L	L	L	L	-
E	E	E	E	-	-	-	E	E	E	-	-	E	E	E	E	-	-	-	-	-	-	-	E	E	E	E	E
-	E	E	-	-	E	E	E	E	L	-	-	-	-	-	L	L	L	L	-	-	-	-	E	E	E	E	E
-	-	-	L	L	-	-	E	E	E	E	E	-	-	-	-	E	E	E	E	E	-	-	E	E	E	E	E
-	-	E	E	E	E	E	-	-	-	-	E	L	L	L	L	-	-	-	-	-	E	E	-	-	-	-	-
L	L	L	L	L	-	-	-	-	-	-	L	L	L	L	L	-	-	L	L	-	-	L	L	L	L	-	-
L	L	L	-	-	-	L	L	L	L	L	-	-	-	L	L	L	L	L	-	-	E	E	L	L	-	-	-
L	L	L	-	-	L	L	L	L	-	-	-	-	E	E	E	E	E	-	-	-	E	E	L	L	L	-	-
E	E	E	E	-	-	L	L	-	-	L	L	L	L	-	-	E	E	E	-	-	E	E	E	L	L	-	-
E	E	L	-	-	-	-	E	E	E	E	E	-	-	-	-	E	E	E	E	L	-	-	-	-	E	E	E
Objective 0: 3312
Objective 1: 7
Constr violation: -1
Restrictions violated:
0 0 0 0 0 0 0 1 

Individual 8
1	2	3	4	5	6	7	8	9	10	11	12	13	14	15	16	17	18	19	20	21	22	23	24	25	26	27	28
-	L	L	L	L	-	-	L	L	-	-	-	E	E	E	E	L	-	-	-	-	-	L	L	L	L	L	-
E	E	E	E	-	-	-	E	E	E	-	-	E	E	E	E	-	-	-	-	-	-	-	E	E	E	E	E
-	E	E	-	-	E	E	E	E	L	-	-	-	-	-	L	L	L	L	-	-	-	-	E	E	E	E	E
-	-	-	E	E	-	-	-	E	E	E	E	-	-	-	-	E	E	E	E	E	-	-	E	E	L	L	L
-	-	E	E	E	E	E	-	-	-	-	E	L	L	L	L	-	-	-	-	-	E	E	-	-	-	-	-
L	L	L	L	L	-	-	-	-	-	-	L	L	L	L	L	-	-	L	L	-	-	L	L	L	L	-	-
L	L	L	-	-	-	L	L	L	L	L	-	-	-	L	L	L	L	L	-	-	E	E	L	L	-	-	-
L	L	L	-	-	L	L	L	L	-	-	-	-	E	E	E	E	E	-	-	-	E	E	L	L	L	-	-
-	-	E	L	L	L	L	-	-	-	L	L	L	L	-	-	E	E	-	-	-	E	E	E	L	L	-	-
E	E	L	-	-	-	-	E	E	E	E	E	-	-	-	-	E	E	E	E	L	-	-	-	-	E	E	E
Objective 0: 3107
Objective 1: 13
Constr violation: -1
Restrictions violated:
0 0 0 0 0 0 0 1 

Individual 9
1	2	3	4	5	6	7	8	9	10	11	12	13	14	15	16	17	18	19	20	21	22	23	24	25	26	27	28
-	L	L	L	L	-	-	L	L	-	-	-	E	E	E	E	L	-	-	-	-	-	L	L	L	L	L	-
E	E	E	E	-	-	-	E	E	E	-	-	E	E	E	E	-	-	-	-	-	-	-	E	E	E	E	E
-	E	E	-	-	E	E	E	E	L	-	-	-	-	-	L	L	L	L	-	-	-	-	E	E	E	E	E
-	-	-	E	E	-	-	-	E	E	E	E	-	-	-	-	E	E	E	E	E	-	-	E	E	L	L	L
-	-	E	E	E	E	E	-	-	-	-	E	L	L	L	L	-	-	-	-	-	E	E	-	-	-	-	-
L	L	L	L	L	-	-	-	-	-	-	L	L	L	L	L	-	-	L	L	-	-	L	L	L	L	-	-
L	L	L	-	-	L	L	L	L	L	-	-	-	E	E	E	L	-	-	-	-	E	E	L	L	-	-	-
L	L	L	-	-	L	L	L	L	-	-	-	-	E	E	E	E	E	-	-	-	E	E	L	L	L	-	-
E	E	E	E	-	-	L	L	-	-	L	L	L	L	-	-	E	E	E	-	-	E	E	E	L	L	-	-
E	E	L	-	-	-	-	E	E	E	E	E	-	-	-	-	E	E	E	E	L	-	-	-	-	E	E	E
Objective 0: 3613
Objective 1: 18
Constr violation: -1
Restrictions violated:
0 0 0 0 0 0 0 1 

Individual 10
1	2	3	4	5	6	7	8	9	10	11	12	13	14	15	16	17	18	19	20	21	22	23	24	25	26	27	28
-	L	L	L	L	-	-	L	L	-	-	-	E	E	E	E	L	-	-	-	-	-	L	L	L	L	L	-
E	E	E	E	-	-	-	E	E	E	-	-	E	E	E	E	-	-	-	-	-	-	-	E	E	E	E	E
-	E	E	-	-	E	E	E	E	L	-	-	-	-	-	L	L	L	L	-	-	-	-	E	E	E	E	E
-	-	-	E	E	-	-	-	E	E	E	E	-	-	-	-	E	E	E	E	E	-	-	E	E	L	L	L
-	-	E	E	E	E	E	-	-	-	-	E	L	L	L	L	-	-	-	-	-	E	E	-	-	-	-	-
L	L	L	L	L	-	-	-	-	-	-	L	L	L	L	L	-	-	L	L	-	-	L	L	L	L	-	-
L	L	L	-	-	L	L	L	L	L	-	-	-	E	E	E	L	-	-	-	-	E	E	L	L	-	-	-
L	L	-	-	-	L	L	L	L	-	-	-	-	-	L	L	L	L	L	-	-	-	-	E	E	E	E	E
-	-	E	L	L	L	L	-	-	-	L	L	L	L	-	-	E	E	-	-	-	E	E	E	L	L	-	-
E	E	L	-	-	-	-	E	E	E	E	E	-	-	-	-	E	E	E	E	L	-	-	-	-	E	E	E
Objective 0: 2802
Objective 1: 25
Constr violation: -1
Restrictions violated:
0 0 0 0 0 0 0 1 

Individual 11
1	2	3	4	5	6	7	8	9	10	11	12	13	14	15	16	17	18	19	20	21	22	23	24	25	26	27	28
-	L	L	L	L	-	-	L	L	-	-	-	E	E	E	E	L	-	-	-	-	-	L	L	L	L	L	-
E	E	E	E	-	-	-	E	E	E	-	-	E	E	E	E	-	-	-	-	-	-	-	E	E	E	E	E
-	E	E	-	-	E	E	E	E	L	-	-	-	-	-	L	L	L	L	-	-	-	-	E	E	E	E	E
-	-	-	E	E	-	-	-	E	E	E	E	-	-	-	-	E	E	E	E	E	-	-	E	E	L	L	L
-	-	E	E	E	E	E	-	-	-	-	E	L	L	L	L	-	-	-	-	-	-	-	-	-	-	-	-
L	L	L	L	L	-	-	-	-	-	-	L	L	L	L	L	-	-	L	L	-	-	L	L	L	L	-	-
L	L	L	-	-	-	L	L	L	L	L	-	-	-	L	L	L	L	L	-	-	E	E	L	L	-	-	-
L	L	-	-	-	L	L	L	L	-	-	-	-	-	L	L	L	L	L	-	-	-	-	E	E	E	E	E
-	-	E	L	L	L	L	-	-	-	L	L	L	L	-	-	E	E	-	-	-	E	E	E	L	L	-	-
E	E	L	-	-	-	-	E	E	E	E	E	-	-	-	-	E	E	E	E	L	-	-	-	-	E	E	E
Objective 0: 3205
Objective 1: 16
Constr violation: -1
Restrictions violated:
0 0 0 0 0 0 0 1 

