Individual 0
1	2	3	4	5	6	7	8	9	10	11	12	13	14	15	16	17	18	19	20	21	22	23	24	25	26	27	28
E	L	E	E	L	-	-	L	E	E	L	E	-	-	L	L	L	L	E	-	-	L	L	L	L	L	-	-
-	-	-	-	E	L	L	E	L	-	-	-	E	E	E	L	-	-	E	L	-	-	-	-	-	-	-	-
E	E	E	E	L	E	-	-	L	L	E	E	L	-	-	E	E	E	L	L	-	-	-	-	-	-	-	-
-	-	-	-	-	E	L	L	L	E	-	-	-	E	E	E	E	E	-	-	L	-	-	-	-	-	-	-
L	L	E	E	L	E	-	-	E	E	E	E	E	-	-	E	L	L	E	E	-	-	-	-	-	-	-	-
L	E	L	L	E	L	-	-	-	L	L	L	L	E	-	-	L	-	-	E	-	-	-	-	-	-	-	-
E	E	L	L	L	L	-	-	E	-	-	L	E	L	L	L	-	-	L	L	-	-	-	-	-	-	-	-
-	-	-	-	-	-	L	E	E	L	-	-	L	L	E	E	L	-	-	L	-	-	-	-	-	-	-	-
L	L	L	L	E	L	-	-	L	-	-	L	L	L	L	E	-	-	L	-	-	L	L	L	L	L	-	-
L	E	L	L	-	-	E	L	E	E	L	-	-	E	L	L	E	E	-	-	L	-	-	-	-	-	-	-
Objective 0: 5416
Objective 1: 101
Constr violation: -62
Restrictions violated:
0 9 22 8 5 4 8 6 

Individual 1
1	2	3	4	5	6	7	8	9	10	11	12	13	14	15	16	17	18	19	20	21	22	23	24	25	26	27	28
L	E	E	-	-	-	-	L	L	L	L	E	-	-	E	L	L	E	E	-	-	L	L	L	L	L	-	-
-	-	-	-	E	L	L	E	E	-	-	-	L	L	L	L	-	-	L	L	-	-	-	-	-	-	-	-
L	E	L	L	L	E	-	-	L	E	L	E	E	-	-	E	E	E	E	L	-	-	-	-	-	-	-	-
L	L	-	-	E	L	E	L	E	-	-	L	-	-	E	E	L	E	L	-	-	L	L	L	L	L	-	-
L	L	E	E	-	-	L	L	E	E	E	-	-	E	E	E	E	L	-	-	L	-	-	-	-	-	-	-
E	E	L	L	L	E	-	-	-	L	E	L	L	E	-	-	L	-	-	L	-	-	-	-	-	-	-	-
-	-	-	L	E	L	E	E	-	-	L	E	L	L	L	-	-	L	E	L	-	-	-	-	-	-	-	-
E	L	L	E	L	L	-	-	E	E	-	-	E	L	E	L	E	-	-	E	-	-	-	-	-	-	-	-
-	-	-	E	L	E	L	E	-	-	L	L	E	E	L	-	-	L	L	-	-	L	E	L	L	L	-	-
E	E	L	L	-	-	E	E	L	E	E	-	-	E	L	L	L	E	-	-	L	-	-	-	-	-	-	-
Objective 0: 5119
Objective 1: 97
Constr violation: -64
Restrictions violated:
0 13 29 6 3 0 7 6 

Individual 2
1	2	3	4	5	6	7	8	9	10	11	12	13	14	15	16	17	18	19	20	21	22	23	24	25	26	27	28
E	L	L	-	-	-	-	E	L	E	E	L	-	-	L	L	E	E	L	-	-	L	E	L	L	L	-	-
-	-	-	E	E	L	L	E	-	-	L	-	-	E	E	L	-	-	L	E	-	-	-	-	-	-	-	-
L	E	E	-	-	E	L	L	L	E	-	-	E	-	-	E	L	L	L	L	-	-	-	-	-	-	-	-
-	-	-	L	L	E	L	L	-	-	E	E	-	-	L	E	L	L	L	-	-	L	L	L	L	L	-	-
E	E	E	E	L	L	-	-	E	L	-	-	E	L	E	E	E	-	-	E	-	-	-	-	-	-	-	-
-	-	-	L	E	-	-	E	-	-	L	E	L	L	L	-	-	-	E	L	L	L	L	-	-	L	L	-
L	E	L	L	E	L	-	-	E	L	L	L	L	-	-	L	L	E	E	L	-	-	-	-	-	-	-	-
L	L	L	L	L	E	-	-	L	E	-	-	L	E	L	E	E	-	-	L	-	-	-	-	-	-	-	-
E	E	E	E	L	L	-	-	E	E	E	L	E	-	-	L	L	E	E	-	-	L	E	L	L	L	-	-
L	L	L	-	-	-	E	L	E	L	L	-	-	L	E	E	E	E	-	-	L	-	-	-	-	-	-	-
Objective 0: 4617
Objective 1: 78
Constr violation: -60
Restrictions violated:
0 9 24 6 4 4 7 6 

Individual 3
1	2	3	4	5	6	7	8	9	10	11	12	13	14	15	16	17	18	19	20	21	22	23	24	25	26	27	28
L	E	E	-	-	-	-	E	L	L	L	L	-	-	L	L	L	L	E	-	-	L	E	L	L	L	-	-
-	-	-	L	L	L	L	L	-	-	L	-	-	E	E	E	-	-	L	L	-	-	-	-	-	-	-	-
E	L	L	E	E	-	-	E	L	L	E	E	-	-	-	L	E	E	L	L	-	-	E	E	L	L	L	-
L	E	-	-	E	L	L	L	E	-	-	E	-	-	L	L	L	E	L	-	-	L	L	L	L	L	-	-
-	-	-	L	L	L	E	E	-	-	E	L	L	E	E	-	-	E	L	L	-	-	-	-	-	-	-	-
E	L	E	-	-	E	E	L	-	-	E	E	L	L	L	-	-	-	E	E	-	-	-	-	-	-	-	-
-	-	-	L	L	E	L	L	-	-	L	L	E	E	E	-	-	E	E	L	-	-	-	-	-	-	-	-
L	E	L	E	L	E	-	-	E	E	-	-	L	E	L	L	L	-	-	E	-	-	-	-	-	-	-	-
L	E	L	L	E	L	-	-	E	E	-	-	E	L	E	E	E	-	-	-	-	L	L	L	L	L	-	-
E	L	L	E	-	-	E	E	L	E	L	-	-	L	L	E	L	L	-	-	L	-	-	-	-	-	-	-
Objective 0: 4819
Objective 1: 95
Constr violation: -61
Restrictions violated:
0 16 24 4 2 3 6 6 

Individual 4
1	2	3	4	5	6	7	8	9	10	11	12	13	14	15	16	17	18	19	20	21	22	23	24	25	26	27	28
E	E	E	-	-	-	-	E	L	L	E	L	-	-	E	E	L	E	E	-	-	L	L	E	L	L	-	-
E	E	E	L	E	L	-	-	E	L	L	-	-	L	E	L	-	-	E	L	-	-	-	-	-	-	-	-
-	-	-	E	E	E	E	E	-	-	L	L	L	-	-	L	E	E	L	L	-	-	-	-	-	-	-	-
L	L	-	-	L	L	E	L	E	-	-	E	-	-	L	L	E	E	E	-	-	L	E	L	L	L	-	-
-	-	-	L	L	E	L	L	-	-	E	E	E	E	E	-	-	L	L	E	-	-	-	-	-	-	-	-
E	E	L	E	L	L	-	-	-	E	L	L	L	L	-	-	L	-	-	L	-	-	-	-	-	-	-	-
L	L	L	-	-	E	L	L	E	E	-	-	E	E	E	E	L	-	-	L	-	-	-	-	-	-	-	-
L	L	L	E	E	-	-	E	L	E	-	-	L	E	L	L	E	-	-	E	L	L	E	L	-	-	L	-
-	-	-	L	L	L	L	E	-	-	E	E	E	E	L	-	-	L	L	-	-	L	L	L	L	L	-	-
L	E	L	L	-	-	E	L	L	E	L	-	-	L	L	E	L	E	-	-	L	-	-	-	-	-	-	-
Objective 0: 4719
Objective 1: 105
Constr violation: -58
Restrictions violated:
0 11 24 6 2 2 7 6 

Individual 5
1	2	3	4	5	6	7	8	9	10	11	12	13	14	15	16	17	18	19	20	21	22	23	24	25	26	27	28
L	E	E	L	-	-	-	E	E	E	E	E	-	-	E	E	L	E	L	-	-	L	L	L	L	L	-	-
L	L	L	-	-	L	E	L	L	E	-	-	L	L	E	L	-	-	E	E	-	-	-	-	-	-	-	-
L	E	E	L	L	L	-	-	L	E	L	E	E	-	-	E	E	E	L	L	-	-	-	-	-	-	-	-
E	E	-	-	E	L	L	E	E	-	-	L	-	-	L	E	L	E	-	-	L	L	E	E	L	-	-	E
E	E	L	L	E	L	-	-	E	L	L	E	L	-	-	L	L	L	E	L	-	-	-	-	-	-	-	-
-	-	-	-	-	-	E	L	-	-	L	L	E	L	E	-	-	-	E	L	-	-	-	-	-	-	-	-
E	L	L	E	L	-	-	E	L	E	E	E	-	-	L	L	E	L	L	-	-	L	L	L	L	-	-	L
-	-	-	E	L	E	L	L	-	-	-	-	L	E	L	E	L	-	-	L	-	-	-	-	-	-	-	-
L	L	L	L	E	E	-	-	E	L	E	L	E	-	-	L	E	E	-	-	-	L	E	L	L	L	-	-
-	-	-	E	L	E	L	E	-	-	L	E	L	L	L	-	-	L	L	E	-	-	-	-	-	-	-	-
Objective 0: 4720
Objective 1: 96
Constr violation: -71
Restrictions violated:
0 13 32 2 3 10 7 4 

Individual 6
1	2	3	4	5	6	7	8	9	10	11	12	13	14	15	16	17	18	19	20	21	22	23	24	25	26	27	28
-	-	-	L	L	-	-	E	L	E	E	L	-	-	L	L	L	E	L	-	-	L	E	L	L	L	-	-
E	L	L	-	-	L	L	E	E	E	-	-	L	E	E	L	-	-	L	E	-	-	-	-	-	-	-	-
L	E	E	E	E	L	-	-	E	L	L	L	L	-	-	L	E	L	E	L	-	-	-	-	-	-	-	-
-	-	-	L	L	-	-	E	L	-	-	E	-	-	L	E	E	E	E	-	-	L	L	L	L	L	-	-
-	-	-	L	L	L	L	L	-	-	E	L	E	E	E	-	-	E	L	L	-	-	-	-	-	-	-	-
E	E	E	E	L	E	-	-	-	E	L	E	E	L	-	-	L	-	-	E	-	-	-	-	-	-	-	-
L	E	L	E	E	E	-	-	L	L	E	E	E	-	-	E	L	E	L	L	-	-	-	-	-	-	-	-
L	L	L	-	-	E	E	L	E	E	-	-	L	L	L	E	L	-	-	L	-	-	-	-	-	-	-	-
L	L	L	L	E	L	-	-	E	-	-	E	L	L	L	E	-	-	E	-	-	L	L	L	L	L	-	-
E	E	E	-	-	-	L	L	E	L	L	-	-	E	E	L	E	L	-	-	L	-	-	-	-	-	-	-
Objective 0: 5018
Objective 1: 90
Constr violation: -63
Restrictions violated:
0 16 23 7 4 0 7 6 

Individual 7
1	2	3	4	5	6	7	8	9	10	11	12	13	14	15	16	17	18	19	20	21	22	23	24	25	26	27	28
L	E	L	L	E	-	-	E	E	L	L	L	-	-	L	E	L	E	L	-	-	L	E	L	L	L	-	-
-	-	-	E	L	E	L	L	-	-	E	-	-	E	L	L	-	-	L	L	-	-	-	-	-	-	-	-
L	L	L	E	E	L	-	-	E	E	E	E	E	-	-	E	E	E	E	L	-	-	-	-	-	-	-	-
-	-	-	L	-	-	E	L	E	E	E	-	-	E	L	E	L	L	-	-	L	-	-	-	-	-	-	-
L	E	E	-	-	L	L	E	L	E	-	-	E	L	E	L	E	-	-	E	-	-	-	-	-	-	-	-
L	L	L	E	L	L	-	-	-	L	L	L	E	L	-	-	L	-	-	L	-	-	-	-	-	-	-	-
-	-	-	-	L	E	E	E	L	-	-	E	L	E	E	E	-	-	E	E	-	-	-	-	-	-	-	-
E	E	L	L	L	-	-	L	E	L	-	-	L	E	E	E	L	-	-	E	L	L	L	L	-	-	L	-
E	E	E	-	-	E	L	E	L	-	-	E	L	L	L	L	-	-	E	-	-	L	L	L	L	L	-	-
E	L	E	L	E	L	-	-	E	E	L	L	L	-	-	L	E	L	L	L	-	-	-	-	-	-	-	-
Objective 0: 4817
Objective 1: 90
Constr violation: -63
Restrictions violated:
0 9 24 8 3 6 8 5 

Individual 8
1	2	3	4	5	6	7	8	9	10	11	12	13	14	15	16	17	18	19	20	21	22	23	24	25	26	27	28
E	E	E	L	-	-	-	E	E	E	L	L	-	-	L	L	L	L	L	-	-	L	E	L	L	L	-	-
L	L	L	E	E	L	-	-	E	E	E	-	-	E	L	E	-	-	-	L	-	-	-	-	-	-	-	-
L	L	L	L	E	E	-	-	E	L	E	E	E	-	-	L	L	E	L	E	-	-	-	-	-	-	-	-
E	E	-	-	L	E	L	L	L	-	-	E	-	-	E	E	E	E	L	-	-	L	L	L	L	L	-	-
-	-	-	-	E	L	E	L	L	-	-	L	L	L	E	L	-	-	E	L	-	-	-	-	-	-	-	-
-	-	-	E	L	E	L	E	-	-	L	L	E	L	L	-	-	-	L	E	-	-	-	-	-	-	-	-
-	-	-	E	L	-	-	E	L	L	L	E	-	-	E	L	E	E	E	-	-	L	E	L	L	-	-	L
L	E	L	L	-	-	L	L	E	E	-	-	E	E	L	E	L	-	-	L	-	-	-	-	-	-	-	-
E	E	E	L	L	L	-	-	E	E	E	E	L	-	-	E	L	L	E	-	-	L	L	E	L	L	-	-
L	L	L	-	-	L	E	E	L	L	-	-	L	L	E	E	E	-	-	L	-	-	-	-	-	-	-	-
Objective 0: 4619
Objective 1: 88
Constr violation: -60
Restrictions violated:
0 11 24 4 3 7 6 5 

Individual 9
1	2	3	4	5	6	7	8	9	10	11	12	13	14	15	16	17	18	19	20	21	22	23	24	25	26	27	28
-	-	-	E	E	-	-	E	E	E	E	L	-	-	L	E	L	L	L	-	-	L	E	L	L	L	-	-
-	-	-	E	E	-	-	E	E	-	-	-	L	E	E	L	-	-	L	E	L	L	L	-	-	L	L	-
-	-	-	L	L	E	L	L	-	-	L	E	E	-	-	L	E	E	E	L	-	-	-	-	-	-	-	-
L	E	-	-	L	E	E	E	E	-	-	L	-	-	L	E	L	L	E	-	-	L	E	L	L	L	-	-
L	E	E	-	-	L	E	L	E	E	-	-	L	E	L	E	E	-	-	L	-	-	-	-	-	-	-	-
E	L	L	E	L	L	-	-	-	E	L	L	L	E	-	-	L	-	-	E	-	-	-	-	-	-	-	-
L	E	L	-	-	L	L	E	E	L	-	-	L	L	E	L	E	-	-	E	-	-	-	-	-	-	-	-
L	L	E	L	L	E	-	-	L	L	-	-	E	L	E	E	E	-	-	L	-	-	-	-	-	-	-	-
E	L	L	L	-	-	L	L	L	E	L	-	-	L	L	E	E	E	-	-	-	L	L	L	L	L	-	-
E	E	L	L	E	L	-	-	L	L	E	E	E	-	-	L	L	E	L	L	-	-	-	-	-	-	-	-
Objective 0: 4516
Objective 1: 106
Constr violation: -69
Restrictions violated:
0 13 31 6 3 3 7 6 

Individual 10
1	2	3	4	5	6	7	8	9	10	11	12	13	14	15	16	17	18	19	20	21	22	23	24	25	26	27	28
-	-	-	E	E	-	-	E	E	E	E	E	-	-	E	L	L	L	L	-	-	L	L	L	L	L	-	-
-	-	-	L	-	-	L	L	L	L	L	-	-	L	L	L	-	-	L	E	-	-	-	-	-	-	-	-
E	E	L	E	L	-	-	L	L	E	E	E	-	-	-	E	L	E	E	L	-	-	E	E	L	L	L	-
L	L	-	-	L	L	E	E	E	-	-	E	-	-	E	L	E	E	E	-	-	L	L	L	L	L	-	-
L	L	E	-	-	L	L	E	E	-	-	L	E	L	L	E	-	-	E	E	-	-	-	-	-	-	-	-
E	E	L	L	E	E	-	-	-	L	L	L	E	E	-	-	L	-	-	L	-	-	-	-	-	-	-	-
E	E	E	L	E	E	-	-	E	E	E	L	L	-	-	L	E	E	L	E	-	-	-	-	-	-	-	-
L	E	L	E	L	L	-	-	L	L	-	-	E	L	L	E	L	-	-	L	-	-	-	-	-	-	-	-
-	-	-	L	L	L	L	L	-	-	L	E	L	E	L	-	-	L	L	-	-	L	E	L	L	L	-	-
L	L	L	-	-	E	E	E	E	E	-	-	L	E	E	E	E	-	-	L	-	-	-	-	-	-	-	-
Objective 0: 4517
Objective 1: 96
Constr violation: -61
Restrictions violated:
0 16 22 6 3 3 6 5 

Individual 11
1	2	3	4	5	6	7	8	9	10	11	12	13	14	15	16	17	18	19	20	21	22	23	24	25	26	27	28
L	L	E	E	E	-	-	E	E	-	-	L	L	L	L	L	-	-	L	L	L	L	L	-	-	L	L	-
-	-	-	-	E	E	E	L	L	-	-	-	E	E	L	E	-	-	E	E	-	-	-	-	-	-	-	-
-	-	-	-	-	-	L	E	L	L	E	-	-	-	-	L	L	L	E	E	-	-	L	L	L	L	L	-
-	-	-	L	L	L	L	L	-	-	L	E	-	-	E	E	L	E	L	-	-	L	E	L	L	L	-	-
L	L	E	L	L	L	-	-	E	E	E	L	E	-	-	E	L	E	L	L	-	-	-	-	-	-	-	-
E	E	L	E	L	E	-	-	-	E	E	L	L	E	-	-	E	-	-	L	-	-	-	-	-	-	-	-
E	L	L	L	-	-	L	E	E	L	L	-	-	L	L	L	E	E	-	-	L	-	-	-	-	-	-	-
L	E	E	E	L	E	-	-	E	E	-	-	L	E	L	E	E	-	-	E	-	-	-	-	-	-	-	-
E	E	L	L	E	L	-	-	E	E	L	E	L	-	-	E	E	L	E	-	-	L	E	L	L	L	-	-
L	E	L	-	-	L	E	L	L	L	-	-	E	L	E	L	L	-	-	L	-	-	-	-	-	-	-	-
Objective 0: 4416
Objective 1: 108
Constr violation: -67
Restrictions violated:
0 11 27 5 4 6 8 6 

Individual 12
1	2	3	4	5	6	7	8	9	10	11	12	13	14	15	16	17	18	19	20	21	22	23	24	25	26	27	28
L	E	L	L	E	-	-	L	E	L	L	E	-	-	L	L	L	E	E	-	-	L	L	L	L	L	-	-
L	E	L	E	L	L	-	-	E	E	E	-	-	L	E	L	-	-	E	L	-	-	-	-	-	-	-	-
L	L	E	-	-	L	E	L	L	E	-	-	L	-	-	E	L	E	L	E	-	-	-	-	-	-	-	-
-	-	-	L	E	L	L	E	-	-	-	E	-	-	E	L	L	L	-	-	L	L	L	L	L	-	-	L
E	E	E	E	E	E	-	-	E	L	L	L	L	-	-	E	E	E	L	E	-	-	-	-	-	-	-	-
L	E	L	-	-	-	E	E	-	-	E	L	L	E	L	-	-	-	E	L	-	-	-	-	-	-	-	-
-	-	-	L	L	L	L	E	-	-	E	E	E	L	L	-	-	E	-	-	L	-	-	-	-	-	-	-
E	L	E	-	-	E	L	L	L	L	-	-	E	L	E	E	L	-	-	L	-	-	-	-	-	-	-	-
-	-	-	L	L	-	-	E	E	E	L	L	-	-	L	L	E	L	L	-	-	L	E	L	L	L	-	-
E	L	L	E	L	E	-	-	L	E	L	E	E	-	-	E	E	L	L	L	-	-	-	-	-	-	-	-
Objective 0: 5019
Objective 1: 85
Constr violation: -65
Restrictions violated:
0 13 27 5 3 4 8 5 

Individual 13
1	2	3	4	5	6	7	8	9	10	11	12	13	14	15	16	17	18	19	20	21	22	23	24	25	26	27	28
E	E	E	E	E	-	-	L	E	L	L	E	-	-	L	E	L	L	L	-	-	L	E	L	L	L	-	-
-	-	-	L	L	-	-	E	L	E	E	-	-	E	E	E	-	-	L	E	L	L	L	-	-	L	L	-
-	-	-	L	L	E	E	E	-	-	L	E	E	-	-	L	L	E	L	L	-	-	-	-	-	-	-	-
L	E	-	-	E	L	L	E	E	-	-	L	-	-	L	E	E	L	E	-	-	L	L	L	L	L	-	-
L	E	L	E	L	L	-	-	E	E	E	L	L	-	-	L	E	E	E	E	-	-	-	-	-	-	-	-
L	L	L	E	E	L	-	-	-	E	E	L	L	L	-	-	E	-	-	L	-	-	-	-	-	-	-	-
L	E	E	-	-	E	L	L	E	L	-	-	E	E	E	L	E	-	-	E	-	-	-	-	-	-	-	-
-	-	-	L	-	-	L	L	E	L	-	-	E	L	L	L	L	-	-	L	-	-	-	-	-	-	-	-
E	L	L	-	-	L	E	E	L	-	-	E	L	L	L	E	-	-	L	-	-	L	E	L	L	L	-	-
E	L	L	L	L	E	-	-	L	E	L	E	L	-	-	E	L	E	E	L	-	-	-	-	-	-	-	-
Objective 0: 4518
Objective 1: 81
Constr violation: -67
Restrictions violated:
0 14 28 7 3 4 7 4 

Individual 14
1	2	3	4	5	6	7	8	9	10	11	12	13	14	15	16	17	18	19	20	21	22	23	24	25	26	27	28
L	E	L	L	L	-	-	L	E	L	L	E	-	-	E	L	L	L	E	-	-	L	L	E	L	L	-	-
L	E	E	L	E	L	-	-	E	L	E	-	-	L	E	E	-	-	L	L	-	-	-	-	-	-	-	-
-	-	-	E	E	L	L	L	-	-	L	E	E	-	-	L	E	E	L	E	-	-	-	-	-	-	-	-
E	E	-	-	L	E	L	L	E	-	-	L	-	-	L	E	E	E	L	-	-	L	E	L	L	L	-	-
E	L	L	-	-	E	L	L	E	E	-	-	E	E	L	E	L	-	-	L	-	-	-	-	-	-	-	-
-	-	-	E	E	E	E	E	-	-	E	L	L	E	L	-	-	-	E	L	-	-	-	-	-	-	-	-
E	E	E	L	L	L	-	-	E	E	E	L	L	-	-	E	L	E	E	E	-	-	-	-	-	-	-	-
-	-	-	E	L	-	-	E	L	E	-	-	E	L	E	L	E	-	-	L	L	L	E	L	-	-	L	-
L	L	L	L	-	-	E	E	L	E	L	-	-	E	L	E	L	L	-	-	-	L	L	L	L	L	-	-
L	L	L	-	-	L	E	E	L	L	-	-	L	L	E	L	E	-	-	E	-	-	-	-	-	-	-	-
Objective 0: 4519
Objective 1: 118
Constr violation: -69
Restrictions violated:
0 15 29 4 2 7 7 5 

Individual 15
1	2	3	4	5	6	7	8	9	10	11	12	13	14	15	16	17	18	19	20	21	22	23	24	25	26	27	28
L	E	L	L	L	-	-	L	L	-	-	E	L	L	E	E	-	-	E	E	L	L	L	-	-	L	L	-
L	E	L	-	-	L	L	E	E	E	-	-	E	E	E	E	-	-	E	E	-	-	-	-	-	-	-	-
L	L	E	E	E	E	-	-	L	L	L	E	E	-	-	L	E	L	L	L	-	-	-	-	-	-	-	-
E	E	-	-	-	L	E	L	E	E	-	-	-	E	L	L	E	E	-	-	L	-	-	-	-	-	-	-
E	E	E	L	L	-	-	E	E	L	L	L	-	-	L	L	L	E	L	-	-	L	L	-	-	L	L	L
-	-	-	E	E	E	L	L	-	-	E	L	-	-	L	E	L	-	-	L	E	L	E	L	-	-	L	-
-	-	-	-	L	L	L	E	L	-	-	E	L	L	E	L	-	-	L	E	-	-	-	-	-	-	-	-
-	-	-	L	-	-	E	E	L	E	-	-	L	L	L	E	E	-	-	L	-	-	-	-	-	-	-	-
L	L	L	E	L	L	-	-	E	L	L	E	L	-	-	E	L	L	L	-	-	L	E	L	L	L	-	-
E	L	L	L	E	E	-	-	E	E	E	L	E	-	-	E	L	E	E	L	-	-	-	-	-	-	-	-
Objective 0: 4419
Objective 1: 91
Constr violation: -63
Restrictions violated:
0 11 25 4 3 8 8 4 

Individual 16
1	2	3	4	5	6	7	8	9	10	11	12	13	14	15	16	17	18	19	20	21	22	23	24	25	26	27	28
E	E	L	E	L	-	-	E	E	E	L	E	-	-	E	L	E	E	L	-	-	L	L	L	L	L	-	-
L	E	L	-	-	L	E	E	E	L	-	-	L	L	E	E	-	-	L	L	-	-	-	-	-	-	-	-
-	-	-	E	-	-	L	L	L	E	L	-	-	-	-	L	E	E	L	L	-	-	E	L	L	L	L	-
E	L	-	-	E	L	L	E	E	-	-	E	-	-	L	E	L	L	E	-	-	L	E	L	L	L	-	-
L	L	L	L	E	L	-	-	E	E	E	L	L	-	-	E	L	L	L	E	-	-	-	-	-	-	-	-
L	E	E	L	L	E	-	-	-	L	L	L	E	E	-	-	E	-	-	L	-	-	-	-	-	-	-	-
-	-	-	-	L	L	L	L	L	-	-	E	L	E	L	L	-	-	E	E	-	-	-	-	-	-	-	-
E	L	L	L	E	E	-	-	E	E	-	-	E	L	L	E	L	-	-	L	-	-	-	-	-	-	-	-
-	-	-	L	L	E	E	L	-	-	E	L	E	L	L	-	-	E	E	-	-	L	L	E	L	L	-	-
L	E	E	E	-	-	E	E	L	L	E	-	-	E	E	L	L	E	-	-	L	-	-	-	-	-	-	-
Objective 0: 4619
Objective 1: 107
Constr violation: -65
Restrictions violated:
0 14 26 6 3 4 7 5 

Individual 17
1	2	3	4	5	6	7	8	9	10	11	12	13	14	15	16	17	18	19	20	21	22	23	24	25	26	27	28
L	E	L	L	E	-	-	E	L	L	E	E	-	-	L	L	L	L	L	-	-	L	E	L	L	L	-	-
L	E	L	-	-	E	E	E	E	E	-	-	L	L	L	E	-	-	-	E	-	-	-	-	-	-	-	-
-	-	-	E	E	-	-	E	L	E	L	L	-	-	-	E	E	L	L	L	-	-	L	E	L	L	L	-
-	-	-	-	E	L	L	E	E	-	-	L	-	-	E	E	L	E	E	-	-	L	E	L	L	L	-	-
E	L	L	L	L	E	-	-	E	L	L	E	L	-	-	L	E	E	L	L	-	-	-	-	-	-	-	-
L	E	E	L	-	-	E	L	-	-	E	E	E	E	E	-	-	-	E	L	-	-	-	-	-	-	-	-
E	E	E	E	L	E	-	-	E	L	E	L	E	-	-	L	E	E	E	E	-	-	-	-	-	-	-	-
L	L	L	L	L	L	-	-	L	E	-	-	E	E	L	L	L	-	-	L	-	-	-	-	-	-	-	-
E	L	E	-	-	L	L	L	E	E	-	-	L	L	E	E	L	-	-	-	-	L	L	L	L	L	-	-
-	-	-	E	L	L	L	L	-	-	L	E	L	L	L	-	-	E	L	E	-	-	-	-	-	-	-	-
Objective 0: 4519
Objective 1: 95
Constr violation: -59
Restrictions violated:
0 14 25 3 3 4 6 4 

Individual 18
1	2	3	4	5	6	7	8	9	10	11	12	13	14	15	16	17	18	19	20	21	22	23	24	25	26	27	28
E	E	E	L	L	-	-	L	L	-	-	E	E	L	L	E	-	-	L	E	L	L	L	-	-	L	L	-
E	L	L	-	-	L	L	E	E	L	-	-	L	E	E	L	-	-	L	L	-	-	-	-	-	-	-	-
L	E	E	-	-	E	E	E	E	L	-	-	L	-	-	L	E	L	E	L	-	-	-	-	-	-	-	-
-	-	-	L	E	L	L	E	-	-	L	E	-	-	L	E	L	E	-	-	E	L	E	L	L	-	-	E
E	L	E	L	L	L	-	-	E	E	E	E	E	-	-	E	E	E	E	E	-	-	-	-	-	-	-	-
L	E	L	-	-	L	L	L	-	-	E	E	L	L	E	-	-	-	L	L	-	-	-	-	-	-	-	-
-	-	-	E	L	-	-	E	E	L	L	L	-	-	L	L	L	E	E	-	-	L	L	L	L	-	-	L
L	L	L	E	L	E	-	-	L	E	-	-	L	L	L	E	E	-	-	L	-	-	-	-	-	-	-	-
L	E	L	E	E	E	-	-	E	E	E	L	E	-	-	E	L	L	L	-	-	L	E	L	L	L	-	-
-	-	-	L	E	-	-	L	L	E	L	L	-	-	E	L	L	E	-	-	L	-	-	E	-	-	L	E
Objective 0: 4219
Objective 1: 79
Constr violation: -67
Restrictions violated:
0 13 29 4 3 6 7 5 

Individual 19
1	2	3	4	5	6	7	8	9	10	11	12	13	14	15	16	17	18	19	20	21	22	23	24	25	26	27	28
-	-	-	E	E	-	-	L	E	-	-	L	L	L	L	E	-	-	E	E	L	L	E	-	-	L	L	-
L	E	E	E	L	E	-	-	E	L	E	-	-	L	E	E	-	-	L	L	-	-	-	-	-	-	-	-
L	L	L	L	-	-	L	E	L	L	L	-	-	-	-	E	E	E	E	L	-	-	E	L	L	L	L	-
E	E	-	-	L	L	E	L	L	-	-	E	-	-	L	E	E	L	L	-	-	L	L	L	L	L	-	-
L	L	E	L	E	L	-	-	L	E	L	E	E	-	-	E	L	E	E	E	-	-	-	-	-	-	-	-
E	E	L	L	E	L	-	-	-	L	E	L	E	L	-	-	L	-	-	E	-	-	-	-	-	-	-	-
-	-	-	L	-	-	E	L	E	E	L	-	-	E	L	L	E	L	-	-	L	-	-	-	-	-	-	-
E	L	L	E	L	E	-	-	E	E	-	-	L	E	L	L	L	-	-	L	-	-	-	-	-	-	-	-
L	E	L	-	-	L	L	E	E	E	-	-	E	E	E	L	L	-	-	-	-	L	L	L	L	L	-	-
-	-	-	-	L	E	L	E	L	-	-	L	L	E	E	L	-	-	L	L	-	-	-	-	-	-	-	-
Objective 0: 4515
Objective 1: 96
Constr violation: -65
Restrictions violated:
0 12 28 6 4 2 8 5 

Individual 20
1	2	3	4	5	6	7	8	9	10	11	12	13	14	15	16	17	18	19	20	21	22	23	24	25	26	27	28
E	E	E	-	-	-	-	L	L	L	L	L	-	-	E	E	L	E	E	-	-	L	L	L	L	L	-	-
L	L	L	L	E	L	-	-	E	-	-	-	E	E	L	L	-	-	L	E	-	-	-	-	-	-	-	-
E	E	L	L	L	L	-	-	E	E	E	L	L	-	-	E	E	L	L	L	-	-	-	-	-	-	-	-
L	E	-	-	L	E	L	L	E	-	-	E	-	-	L	L	L	E	E	-	-	L	E	L	L	L	-	-
-	-	-	E	E	-	-	E	E	L	E	E	-	-	L	L	E	E	E	-	-	L	E	-	-	L	L	L
E	E	E	E	E	E	-	-	-	L	L	E	L	E	-	-	E	-	-	L	-	-	-	-	-	-	-	-
L	L	L	-	-	E	E	L	L	E	-	-	E	L	L	E	L	-	-	L	-	-	-	-	-	-	-	-
L	L	L	E	L	L	-	-	L	E	-	-	E	L	E	L	L	-	-	E	-	-	-	-	-	-	-	-
-	-	-	L	-	-	L	E	E	E	E	-	-	E	E	E	E	E	-	-	-	L	L	L	L	L	-	-
-	-	-	L	L	L	L	E	-	-	L	L	L	L	E	-	-	L	L	L	-	-	-	-	-	-	-	-
Objective 0: 4717
Objective 1: 85
Constr violation: -60
Restrictions violated:
0 17 21 7 4 0 6 5 

Individual 21
1	2	3	4	5	6	7	8	9	10	11	12	13	14	15	16	17	18	19	20	21	22	23	24	25	26	27	28
-	-	-	L	E	-	-	L	E	E	E	E	-	-	L	E	L	E	L	-	-	L	E	L	L	L	-	-
L	E	L	-	-	E	L	L	L	L	-	-	L	E	E	L	-	-	L	L	-	-	-	-	-	-	-	-
E	E	L	E	L	L	-	-	E	E	E	L	E	-	-	E	L	L	L	L	-	-	-	-	-	-	-	-
-	-	-	E	L	-	-	L	E	L	L	E	-	-	L	L	L	L	E	-	-	L	L	L	L	L	-	-
E	L	E	L	E	E	-	-	E	-	-	L	L	L	L	L	-	-	E	E	-	-	-	-	-	-	-	-
L	E	E	L	E	L	-	-	-	E	L	L	L	L	-	-	L	-	-	E	-	-	-	-	-	-	-	-
-	-	-	-	L	E	L	E	L	-	-	E	L	E	L	E	-	-	L	E	-	-	-	-	-	-	-	-
L	L	L	-	-	L	L	E	L	E	-	-	E	E	E	L	E	-	-	L	-	-	-	-	-	-	-	-
E	L	L	L	-	-	E	E	E	L	L	-	-	L	E	E	E	E	-	-	-	L	L	L	L	L	-	-
L	E	E	E	L	L	-	-	L	-	-	E	E	E	E	E	-	-	E	L	-	-	-	-	-	-	-	-
Objective 0: 5018
Objective 1: 77
Constr violation: -66
Restrictions violated:
0 15 26 5 4 3 7 6 

Individual 22
1	2	3	4	5	6	7	8	9	10	11	12	13	14	15	16	17	18	19	20	21	22	23	24	25	26	27	28
L	E	L	L	E	-	-	L	L	E	L	L	-	-	L	L	L	E	-	-	L	L	L	L	L	-	-	L
-	-	-	E	-	-	E	E	E	L	E	-	-	L	L	E	-	-	E	E	-	-	-	-	-	-	-	-
-	-	-	-	E	L	L	L	L	-	-	L	L	-	-	L	L	L	L	L	-	-	-	-	-	-	-	-
E	L	-	-	E	E	E	E	L	-	-	E	-	-	E	E	E	E	E	-	-	L	E	L	L	L	-	-
L	E	L	E	L	L	-	-	E	L	E	E	E	-	-	L	L	L	L	L	-	-	-	-	-	-	-	-
L	E	L	E	-	-	E	E	-	-	L	E	E	E	L	-	-	-	L	L	-	-	-	-	-	-	-	-
-	-	-	L	L	L	L	L	-	-	E	E	L	E	L	-	-	E	L	E	-	-	-	-	-	-	-	-
L	L	E	L	L	E	-	-	E	E	-	-	E	L	E	E	E	-	-	L	-	-	-	-	-	-	-	-
E	L	L	L	L	L	-	-	E	E	L	L	L	-	-	E	E	E	E	-	-	L	L	L	L	L	-	-
E	E	E	-	-	E	L	E	E	E	-	-	L	L	E	L	L	-	-	E	-	-	-	-	-	-	-	-
Objective 0: 5019
Objective 1: 95
Constr violation: -58
Restrictions violated:
0 10 20 4 3 8 7 6 

Individual 23
1	2	3	4	5	6	7	8	9	10	11	12	13	14	15	16	17	18	19	20	21	22	23	24	25	26	27	28
-	-	-	-	E	-	-	L	L	E	L	E	-	-	E	L	E	E	L	-	-	L	L	L	L	L	-	-
L	L	E	L	E	L	-	-	E	-	-	-	E	E	L	L	-	-	L	L	-	-	-	-	-	-	-	-
-	-	-	E	L	-	-	E	E	L	E	L	-	-	-	E	L	L	L	L	-	-	E	L	L	L	L	-
E	E	-	-	-	L	L	E	E	E	-	-	-	E	L	L	E	E	-	-	L	-	-	-	-	-	-	-
L	E	L	-	-	L	L	L	E	L	-	-	L	L	E	E	L	-	-	E	-	-	-	-	-	-	-	-
E	L	E	L	L	E	-	-	-	E	L	L	L	E	-	-	L	-	-	E	-	-	-	-	-	-	-	-
L	E	L	E	-	-	E	E	L	E	E	-	-	L	L	E	L	L	-	-	L	-	-	-	-	-	-	-
-	-	-	L	E	E	L	L	-	-	-	-	E	E	E	E	E	-	-	L	-	-	-	-	-	-	-	-
E	E	L	L	L	L	-	-	E	L	L	E	E	-	-	E	E	E	E	-	-	L	L	L	L	L	-	-
L	L	L	E	L	E	-	-	L	-	-	L	L	L	L	L	-	-	E	L	-	-	-	-	-	-	-	-
Objective 0: 4913
Objective 1: 92
Constr violation: -67
Restrictions violated:
0 14 22 9 4 4 7 7 

Individual 24
1	2	3	4	5	6	7	8	9	10	11	12	13	14	15	16	17	18	19	20	21	22	23	24	25	26	27	28
E	E	E	E	E	-	-	E	E	E	E	L	-	-	E	E	L	L	L	-	-	L	L	L	L	L	-	-
-	-	-	-	L	L	E	E	E	-	-	-	E	E	E	E	-	-	E	L	-	-	-	-	-	-	-	-
L	E	L	L	L	L	-	-	E	E	L	L	L	-	-	E	E	E	E	E	-	-	-	-	-	-	-	-
-	-	-	L	E	E	L	E	-	-	L	E	-	-	L	E	L	L	L	-	-	L	L	E	L	L	-	-
E	L	E	L	-	-	L	L	L	E	L	-	-	E	L	L	E	E	-	-	L	-	-	-	-	-	-	-
L	L	L	L	L	L	-	-	-	-	E	L	E	L	E	-	-	-	E	L	-	-	-	-	-	-	-	-
-	-	-	E	E	-	-	L	L	L	L	E	-	-	L	E	L	E	L	-	-	L	E	L	L	-	-	L
E	E	L	-	-	E	L	L	L	E	-	-	L	L	L	L	E	-	-	L	-	-	-	-	-	-	-	-
L	L	L	E	L	E	-	-	E	L	E	E	E	-	-	L	L	E	L	-	-	L	E	L	L	L	-	-
L	E	E	-	-	L	E	E	E	L	-	-	L	L	E	L	E	-	-	L	-	-	-	-	-	-	-	-
Objective 0: 4520
Objective 1: 94
Constr violation: -59
Restrictions violated:
0 7 27 3 3 8 6 5 

Individual 25
1	2	3	4	5	6	7	8	9	10	11	12	13	14	15	16	17	18	19	20	21	22	23	24	25	26	27	28
-	-	-	L	-	-	-	E	E	L	E	L	-	-	L	L	E	E	-	-	L	L	E	L	L	-	-	E
-	-	-	E	E	L	L	L	-	-	L	-	-	L	E	E	-	-	L	L	-	-	-	-	-	-	-	-
L	E	E	-	-	L	E	L	E	L	-	-	L	-	-	L	E	E	E	L	-	-	-	-	-	-	-	-
L	L	-	-	E	L	L	L	L	-	-	E	-	-	L	L	L	L	L	-	-	L	L	L	L	L	-	-
L	L	L	E	L	-	-	L	L	E	L	E	-	-	L	E	L	E	L	-	-	L	L	-	-	L	L	L
-	-	-	E	L	L	L	E	-	-	L	L	L	E	L	-	-	-	L	L	-	-	-	-	-	-	-	-
E	E	L	-	-	E	E	E	E	L	-	-	E	L	E	E	E	-	-	E	-	-	-	-	-	-	-	-
L	L	E	L	L	E	-	-	E	E	-	-	E	L	E	E	E	-	-	L	-	-	-	-	-	-	-	-
E	E	L	L	L	-	-	E	E	E	E	L	-	-	E	L	L	E	E	-	-	L	E	L	L	L	-	-
E	E	L	L	E	E	-	-	L	E	E	E	L	-	-	E	L	L	E	E	-	-	-	-	-	-	-	-
Objective 0: 4619
Objective 1: 99
Constr violation: -59
Restrictions violated:
0 10 24 6 2 6 6 5 

Individual 26
1	2	3	4	5	6	7	8	9	10	11	12	13	14	15	16	17	18	19	20	21	22	23	24	25	26	27	28
-	-	-	E	E	-	-	L	L	L	L	L	-	-	L	L	L	E	E	-	-	L	E	L	L	L	-	-
L	L	E	E	L	L	-	-	E	E	E	-	-	L	E	E	-	-	L	L	-	-	-	-	-	-	-	-
-	-	-	L	L	E	L	E	-	-	L	E	E	-	-	E	L	E	E	L	-	-	-	-	-	-	-	-
L	E	-	-	L	E	L	L	L	-	-	E	-	-	L	E	L	E	L	-	-	L	L	L	L	L	-	-
E	E	E	L	E	L	-	-	L	L	L	L	E	-	-	L	E	L	L	E	-	-	-	-	-	-	-	-
-	-	-	-	-	-	E	L	-	-	E	L	L	L	L	-	-	-	L	E	-	-	-	-	-	-	-	-
E	L	L	-	-	L	L	E	E	E	-	-	L	E	L	E	E	-	-	L	-	-	-	-	-	-	-	-
L	L	L	L	E	L	-	-	E	E	-	-	L	L	E	L	E	-	-	L	-	-	-	-	-	-	-	-
E	E	L	L	L	E	-	-	E	E	L	E	E	-	-	E	E	L	E	-	-	L	L	L	L	L	-	-
L	E	L	E	-	-	E	E	E	L	E	-	-	E	E	L	L	E	-	-	L	-	-	-	-	-	-	-
Objective 0: 5018
Objective 1: 89
Constr violation: -65
Restrictions violated:
0 10 30 4 4 4 7 6 

Individual 27
1	2	3	4	5	6	7	8	9	10	11	12	13	14	15	16	17	18	19	20	21	22	23	24	25	26	27	28
L	E	L	L	-	-	-	E	L	E	L	L	-	-	L	L	L	L	L	-	-	L	E	L	L	L	-	-
L	L	L	E	L	-	-	E	E	E	L	-	-	L	E	L	-	-	L	E	L	L	L	-	-	L	L	-
E	E	L	E	L	E	-	-	E	L	E	E	E	-	-	E	E	E	L	L	-	-	-	-	-	-	-	-
L	L	-	-	E	-	-	L	L	E	E	E	-	-	E	L	L	L	E	-	-	L	L	L	L	L	-	-
-	-	-	L	L	E	L	L	-	-	L	E	E	L	L	-	-	E	E	L	-	-	-	-	-	-	-	-
-	-	-	E	L	L	L	E	-	-	L	E	L	E	L	-	-	-	-	L	-	-	-	-	-	-	-	-
E	E	E	L	E	E	-	-	E	L	E	L	E	-	-	L	L	E	L	E	-	-	-	-	-	-	-	-
-	-	-	-	-	L	L	L	L	L	-	-	L	E	E	E	E	-	-	L	-	-	-	-	-	-	-	-
E	L	L	-	-	L	E	E	E	E	-	-	L	L	E	E	L	-	-	-	-	L	E	L	L	L	-	-
L	E	E	L	E	L	-	-	E	-	-	L	L	E	L	E	-	-	E	E	-	-	-	-	-	-	-	-
Objective 0: 4720
Objective 1: 82
Constr violation: -69
Restrictions violated:
0 17 29 4 3 5 7 4 

Individual 28
1	2	3	4	5	6	7	8	9	10	11	12	13	14	15	16	17	18	19	20	21	22	23	24	25	26	27	28
L	L	L	-	-	-	-	E	L	E	E	E	-	-	E	L	L	L	L	-	-	L	E	L	L	L	-	-
L	E	E	L	L	L	-	-	E	E	E	-	-	E	E	E	-	-	E	L	-	-	-	-	-	-	-	-
-	-	-	E	E	E	L	E	-	-	L	E	L	-	-	L	E	E	E	L	-	-	-	-	-	-	-	-
-	-	-	L	E	E	L	L	-	-	L	L	-	-	L	E	E	L	L	-	-	L	E	L	L	L	-	-
E	E	L	L	E	E	-	-	E	-	-	L	E	E	L	L	-	-	L	L	-	-	-	-	-	-	-	-
L	E	L	E	L	L	-	-	-	L	E	E	E	L	-	-	E	-	-	E	-	-	-	-	-	-	-	-
L	E	E	L	L	L	-	-	E	L	L	L	E	-	-	E	E	E	E	L	-	-	-	-	-	-	-	-
-	-	-	E	L	-	-	L	L	L	-	-	L	L	L	E	L	-	-	E	L	L	L	L	-	-	L	-
E	L	L	-	-	L	L	E	E	E	-	-	L	E	E	E	L	-	-	-	-	L	L	E	L	L	-	-
E	L	E	-	-	-	E	L	L	E	L	-	-	L	L	L	L	E	-	-	L	-	-	-	-	-	-	-
Objective 0: 4415
Objective 1: 104
Constr violation: -56
Restrictions violated:
0 12 23 5 4 0 7 5 

Individual 29
1	2	3	4	5	6	7	8	9	10	11	12	13	14	15	16	17	18	19	20	21	22	23	24	25	26	27	28
L	L	L	E	L	-	-	E	L	L	E	E	-	-	L	E	L	E	L	-	-	L	E	L	L	L	-	-
L	E	L	L	L	L	-	-	E	L	E	-	-	E	L	L	-	-	L	L	-	-	-	-	-	-	-	-
-	-	-	-	E	L	E	L	L	-	-	L	L	-	-	E	E	E	E	E	-	-	-	-	-	-	-	-
L	E	-	-	L	L	E	E	L	-	-	E	-	-	E	E	L	E	L	-	-	L	L	L	L	L	-	-
-	-	-	-	-	E	L	L	E	E	-	-	L	E	L	L	E	-	-	L	-	-	-	-	-	-	-	-
E	L	E	E	L	E	-	-	-	E	E	E	E	L	-	-	E	-	-	E	-	-	-	-	-	-	-	-
-	-	-	L	E	E	E	L	-	-	L	L	E	L	L	-	-	E	E	E	-	-	-	-	-	-	-	-
E	L	L	L	-	-	L	E	E	E	-	-	L	L	E	E	L	-	-	L	-	-	-	-	-	-	-	-
E	E	E	E	-	-	L	E	E	L	L	-	-	E	E	L	L	L	-	-	-	L	L	L	L	L	-	-
L	E	L	L	E	L	-	-	E	E	L	L	E	-	-	L	E	L	E	L	-	-	-	-	-	-	-	-
Objective 0: 5018
Objective 1: 92
Constr violation: -74
Restrictions violated:
0 20 26 5 3 7 7 6 

Individual 30
1	2	3	4	5	6	7	8	9	10	11	12	13	14	15	16	17	18	19	20	21	22	23	24	25	26	27	28
L	E	E	-	-	-	-	L	E	E	L	E	-	-	E	L	L	L	L	-	-	L	E	E	L	L	-	-
E	L	E	L	E	L	-	-	E	L	L	-	-	E	L	E	-	-	E	L	-	-	-	-	-	-	-	-
E	L	L	L	L	-	-	L	E	L	E	L	-	-	-	E	E	L	L	L	-	-	L	L	L	L	L	-
-	-	-	-	L	E	L	L	L	-	-	L	-	-	L	E	E	E	E	-	-	L	E	L	L	L	-	-
-	-	-	E	E	L	E	E	-	-	E	L	L	L	L	-	-	E	L	E	-	-	-	-	-	-	-	-
L	E	E	L	L	L	-	-	-	E	L	E	E	L	-	-	L	-	-	E	-	-	-	-	-	-	-	-
L	E	L	E	L	E	-	-	L	E	L	E	L	-	-	L	E	E	L	L	-	-	-	-	-	-	-	-
-	-	-	L	-	-	L	E	E	-	-	-	E	L	E	E	E	-	-	E	-	-	-	-	-	-	-	-
E	E	L	E	E	L	-	-	E	L	E	E	L	-	-	L	L	E	E	-	-	L	L	L	L	L	-	-
L	L	L	-	-	E	L	E	L	E	-	-	E	E	L	L	L	-	-	L	-	-	-	-	-	-	-	-
Objective 0: 4618
Objective 1: 96
Constr violation: -70
Restrictions violated:
0 13 29 6 4 7 6 5 

Individual 31
1	2	3	4	5	6	7	8	9	10	11	12	13	14	15	16	17	18	19	20	21	22	23	24	25	26	27	28
-	-	-	L	E	-	-	E	E	L	L	E	-	-	L	E	L	E	-	-	L	L	E	L	L	-	-	L
E	L	E	-	-	L	L	L	E	E	-	-	L	E	L	L	-	-	-	E	-	-	-	-	-	-	-	-
E	E	L	L	E	E	-	-	L	L	L	L	-	-	-	E	L	L	L	L	-	-	L	E	L	L	L	-
L	E	-	-	L	-	-	E	L	L	E	L	-	-	E	E	E	E	L	-	-	L	L	L	L	L	-	-
L	L	L	L	L	E	-	-	E	E	L	E	L	-	-	L	E	E	E	L	-	-	-	-	-	-	-	-
-	-	-	L	-	-	L	E	-	-	L	E	L	E	L	-	-	-	L	L	-	-	-	-	-	-	-	-
L	E	L	-	-	E	E	L	L	-	-	E	E	L	E	E	-	-	E	L	-	-	-	-	-	-	-	-
L	L	L	E	E	L	-	-	E	E	-	-	E	L	L	L	L	-	-	E	-	-	-	-	-	-	-	-
E	E	E	E	L	L	-	-	E	E	E	L	L	-	-	L	L	L	E	-	-	L	E	L	L	L	-	-
-	-	-	E	L	L	L	L	-	-	E	E	E	L	E	-	-	E	L	E	-	-	-	-	-	-	-	-
Objective 0: 4720
Objective 1: 85
Constr violation: -62
Restrictions violated:
0 10 25 4 4 7 7 5 

Individual 32
1	2	3	4	5	6	7	8	9	10	11	12	13	14	15	16	17	18	19	20	21	22	23	24	25	26	27	28
L	E	L	E	L	-	-	L	E	E	L	L	-	-	L	L	L	E	E	-	-	L	L	L	L	L	-	-
L	E	E	-	-	E	L	E	E	E	-	-	L	L	L	L	-	-	L	E	-	-	-	-	-	-	-	-
E	L	L	L	L	L	-	-	L	E	L	L	-	-	-	E	L	E	L	L	-	-	E	L	L	L	L	-
E	L	-	-	-	E	L	L	E	L	-	-	-	E	E	L	L	L	-	-	E	-	-	-	-	-	-	-
-	-	-	L	L	L	E	L	-	-	L	E	E	L	E	-	-	L	L	L	-	-	-	-	-	-	-	-
E	L	L	L	E	-	-	E	-	-	E	L	L	E	E	-	-	-	L	L	L	L	E	-	-	L	L	-
L	E	L	E	L	L	-	-	E	L	E	E	L	-	-	L	E	E	E	E	-	-	-	-	-	-	-	-
-	-	-	L	E	-	-	E	L	L	-	-	L	E	E	E	L	-	-	E	L	L	E	L	-	-	L	-
-	-	-	E	E	E	E	E	-	-	E	E	E	E	L	-	-	E	E	-	-	L	L	E	L	L	-	-
L	E	E	-	-	L	L	L	L	E	-	-	E	L	L	E	E	-	-	L	-	-	-	-	-	-	-	-
Objective 0: 4120
Objective 1: 119
Constr violation: -66
Restrictions violated:
0 14 27 4 2 7 8 4 

Individual 33
1	2	3	4	5	6	7	8	9	10	11	12	13	14	15	16	17	18	19	20	21	22	23	24	25	26	27	28
L	E	L	L	L	-	-	E	L	E	L	E	-	-	L	E	L	L	E	-	-	L	L	E	L	L	-	-
E	L	L	-	-	L	E	L	L	L	-	-	L	L	L	L	-	-	L	L	-	-	-	-	-	-	-	-
-	-	-	-	E	L	L	L	E	-	-	E	L	-	-	L	L	E	E	L	-	-	-	-	-	-	-	-
-	-	-	E	E	L	L	E	-	-	E	E	-	-	L	E	E	L	E	-	-	L	E	L	L	L	-	-
L	L	E	-	-	E	E	E	E	L	-	-	E	L	L	L	E	-	-	L	-	-	-	-	-	-	-	-
-	-	-	L	E	E	L	L	-	-	E	L	E	E	E	-	-	-	L	E	-	-	-	-	-	-	-	-
L	E	L	E	-	-	E	E	E	E	L	-	-	E	E	E	L	E	-	-	L	-	-	-	-	-	-	-
E	E	E	L	L	L	-	-	E	E	-	-	E	L	E	E	E	-	-	L	-	-	-	-	-	-	-	-
L	E	L	E	L	E	-	-	E	E	L	L	L	-	-	E	L	E	L	-	-	L	L	L	L	L	-	-
E	L	E	L	L	-	-	L	L	L	E	L	-	-	E	L	E	E	L	-	-	-	E	L	-	-	L	L
Objective 0: 4621
Objective 1: 103
Constr violation: -74
Restrictions violated:
0 19 29 3 2 9 6 6 

Individual 34
1	2	3	4	5	6	7	8	9	10	11	12	13	14	15	16	17	18	19	20	21	22	23	24	25	26	27	28
L	L	L	L	E	-	-	L	E	L	E	L	-	-	L	L	E	E	E	-	-	L	L	L	L	L	-	-
-	-	-	E	L	L	L	E	-	-	L	-	-	E	L	E	-	-	L	E	-	-	-	-	-	-	-	-
L	L	L	L	L	L	-	-	E	E	E	E	L	-	-	E	E	L	L	L	-	-	-	-	-	-	-	-
E	L	-	-	L	-	-	E	L	E	E	L	-	-	L	E	E	E	E	-	-	L	E	L	L	L	-	-
-	-	-	E	L	L	E	E	-	-	L	L	E	E	E	-	-	L	L	L	-	-	-	-	-	-	-	-
-	-	-	L	E	E	E	L	-	-	-	E	L	L	E	L	-	-	E	L	-	-	-	-	-	-	-	-
E	E	L	L	-	-	E	L	E	E	L	-	-	E	E	E	L	E	-	-	L	-	-	-	-	-	-	-
L	E	L	-	-	E	L	E	E	E	-	-	L	L	E	L	L	-	-	L	-	-	-	-	-	-	-	-
E	E	E	-	-	E	L	L	L	L	-	-	E	L	L	L	L	-	-	-	-	L	L	L	L	L	-	-
L	E	E	E	E	L	-	-	L	L	L	E	E	-	-	E	L	E	L	E	-	-	-	-	-	-	-	-
Objective 0: 5021
Objective 1: 95
Constr violation: -57
Restrictions violated:
0 12 23 4 2 4 7 5 

Individual 35
1	2	3	4	5	6	7	8	9	10	11	12	13	14	15	16	17	18	19	20	21	22	23	24	25	26	27	28
L	E	L	L	L	-	-	L	L	L	E	L	-	-	L	E	L	L	L	-	-	L	L	E	L	L	-	-
-	-	-	E	L	L	L	L	-	-	-	-	L	E	L	E	-	-	E	L	-	-	-	-	-	-	-	-
-	-	-	E	L	-	-	E	L	E	L	E	-	-	-	L	E	E	-	-	L	L	E	L	L	-	-	L
L	L	-	-	E	L	E	L	E	-	-	E	-	-	E	L	L	E	L	-	-	L	E	L	L	L	-	-
E	E	L	L	E	E	-	-	E	E	E	L	L	-	-	E	L	L	L	L	-	-	-	-	-	-	-	-
L	E	E	-	-	L	L	L	-	-	L	L	E	L	L	-	-	-	L	E	-	-	-	-	-	-	-	-
-	-	-	E	E	L	E	E	-	-	E	E	E	L	L	-	-	E	E	E	-	-	-	-	-	-	-	-
L	L	L	-	-	E	E	E	E	E	-	-	L	E	E	E	L	-	-	L	-	-	-	-	-	-	-	-
E	E	E	L	-	-	L	E	E	L	L	-	-	L	E	L	E	L	-	-	-	L	L	L	L	L	-	-
E	L	L	L	L	E	-	-	L	E	L	E	E	-	-	L	E	E	E	L	-	-	-	-	-	-	-	-
Objective 0: 4620
Objective 1: 103
Constr violation: -59
Restrictions violated:
0 11 27 2 2 7 6 4 

Individual 36
1	2	3	4	5	6	7	8	9	10	11	12	13	14	15	16	17	18	19	20	21	22	23	24	25	26	27	28
-	-	-	E	-	-	-	E	L	E	L	L	-	-	L	L	L	L	L	-	-	L	E	L	L	L	-	-
L	L	L	-	-	-	L	L	E	L	E	-	-	L	L	E	-	-	L	L	-	-	-	-	-	-	-	-
L	E	L	L	L	E	-	-	E	E	E	L	E	-	-	E	E	E	-	-	L	-	-	-	-	-	-	-
E	E	-	-	E	E	E	E	E	-	-	E	-	-	L	E	E	L	E	-	-	L	L	L	L	L	-	-
L	L	L	-	-	L	L	E	E	-	-	E	E	E	E	L	-	-	L	L	-	-	-	-	-	-	-	-
E	E	E	L	E	L	-	-	-	L	L	E	L	L	-	-	L	-	-	E	-	-	-	-	-	-	-	-
E	L	E	L	L	L	-	-	L	L	L	E	L	-	-	L	L	E	E	L	-	-	-	-	-	-	-	-
-	-	-	E	L	-	-	L	L	E	-	-	E	L	E	E	E	-	-	L	L	L	L	E	-	-	L	-
L	E	L	E	E	L	-	-	E	E	E	E	L	-	-	L	L	E	E	-	-	L	E	L	L	L	-	-
-	-	-	L	L	E	L	L	-	-	L	L	L	E	L	-	-	E	L	E	-	-	-	-	-	-	-	-
Objective 0: 4820
Objective 1: 93
Constr violation: -68
Restrictions violated:
0 16 26 6 4 4 7 5 

Individual 37
1	2	3	4	5	6	7	8	9	10	11	12	13	14	15	16	17	18	19	20	21	22	23	24	25	26	27	28
E	E	L	E	L	-	-	E	L	L	E	E	-	-	E	L	L	E	E	-	-	L	L	L	L	L	-	-
L	E	E	-	-	L	E	L	E	E	-	-	L	L	E	L	-	-	L	L	-	-	-	-	-	-	-	-
L	L	L	L	E	L	-	-	E	E	L	L	L	-	-	E	L	L	E	L	-	-	-	-	-	-	-	-
-	-	-	-	L	L	E	E	L	-	-	E	-	-	L	E	L	E	E	-	-	L	L	L	L	L	-	-
L	E	E	L	-	-	L	L	E	E	L	-	-	L	L	E	L	L	-	-	L	-	-	-	-	-	-	-
E	L	E	L	E	E	-	-	-	L	L	L	E	L	-	-	E	-	-	E	-	-	-	-	-	-	-	-
-	-	-	-	L	E	L	E	E	-	-	E	L	E	E	L	-	-	L	L	-	-	-	-	-	-	-	-
-	-	-	E	E	E	E	L	-	-	-	-	E	E	L	E	E	-	-	L	-	-	-	-	-	-	-	-
E	E	L	L	L	L	-	-	L	L	E	L	E	-	-	L	E	E	L	-	-	L	E	L	L	L	-	-
L	L	L	E	-	-	L	E	E	E	E	-	-	E	L	E	E	E	-	-	L	-	-	-	-	-	-	-
Objective 0: 4818
Objective 1: 86
Constr violation: -74
Restrictions violated:
0 15 29 6 3 8 7 6 

Individual 38
1	2	3	4	5	6	7	8	9	10	11	12	13	14	15	16	17	18	19	20	21	22	23	24	25	26	27	28
-	-	-	L	E	-	-	E	L	E	L	E	-	-	L	L	E	E	-	-	L	L	L	L	L	-	-	E
E	L	E	E	-	-	L	E	L	L	E	-	-	L	L	E	-	-	L	L	-	-	-	-	-	-	-	-
-	-	-	E	L	L	E	E	-	-	L	L	E	-	-	E	E	L	L	E	-	-	-	-	-	-	-	-
E	E	-	-	E	E	L	L	E	-	-	E	-	-	L	E	L	E	E	-	-	L	E	L	L	L	-	-
L	E	L	-	-	E	E	L	E	L	-	-	L	E	E	L	L	-	-	E	-	-	-	-	-	-	-	-
L	L	L	-	-	L	L	L	-	-	E	E	L	L	E	-	-	-	E	L	-	-	-	-	-	-	-	-
L	E	L	L	E	L	-	-	L	E	L	L	L	-	-	E	E	E	E	L	-	-	-	-	-	-	-	-
-	-	-	E	L	E	E	E	-	-	-	-	E	L	L	L	E	-	-	L	-	-	-	-	-	-	-	-
E	E	E	L	L	L	-	-	E	E	L	L	E	-	-	L	L	E	L	-	-	L	E	E	L	L	-	-
L	L	L	L	L	-	-	L	E	E	E	E	-	-	E	E	L	L	L	-	-	-	L	L	-	-	L	L
Objective 0: 4619
Objective 1: 80
Constr violation: -61
Restrictions violated:
0 12 28 3 2 5 6 5 

Individual 39
1	2	3	4	5	6	7	8	9	10	11	12	13	14	15	16	17	18	19	20	21	22	23	24	25	26	27	28
L	E	E	-	-	-	-	E	E	L	L	E	-	-	E	L	E	E	L	-	-	L	L	L	L	L	-	-
-	-	-	E	L	L	L	L	-	-	L	-	-	E	E	L	-	-	E	L	-	-	-	-	-	-	-	-
E	E	L	L	-	-	E	E	E	E	L	-	-	-	-	L	E	E	L	E	-	-	E	E	L	L	L	-
E	L	-	-	E	L	L	L	E	-	-	E	-	-	L	E	L	E	L	-	-	L	L	L	L	L	-	-
-	-	-	L	L	L	E	E	-	-	E	E	L	E	L	-	-	E	-	-	L	-	-	-	-	-	-	-
-	-	-	L	E	E	E	L	-	-	-	L	L	L	E	L	-	-	E	L	-	-	-	-	-	-	-	-
L	L	L	E	E	L	-	-	L	E	E	L	L	-	-	E	L	L	E	L	-	-	-	-	-	-	-	-
L	L	L	E	L	E	-	-	L	E	-	-	E	L	L	E	L	-	-	E	-	-	-	-	-	-	-	-
E	E	E	-	-	-	L	E	L	L	E	-	-	L	L	E	L	L	-	-	-	L	E	L	L	L	-	-
L	E	L	L	L	E	-	-	E	E	L	L	E	-	-	E	E	L	L	L	-	-	-	-	-	-	-	-
Objective 0: 4618
Objective 1: 84
Constr violation: -59
Restrictions violated:
0 12 26 5 3 2 7 4 

Individual 40
1	2	3	4	5	6	7	8	9	10	11	12	13	14	15	16	17	18	19	20	21	22	23	24	25	26	27	28
-	-	-	L	E	-	-	L	E	E	L	L	-	-	E	E	E	E	E	-	-	L	L	L	L	L	-	-
L	E	E	L	L	E	-	-	E	L	E	-	-	L	E	E	-	-	L	L	-	-	-	-	-	-	-	-
L	E	L	L	E	L	-	-	E	L	L	L	E	-	-	L	L	E	E	E	-	-	-	-	-	-	-	-
-	-	-	E	L	L	L	E	-	-	E	E	-	-	L	E	E	L	E	-	-	L	E	L	L	L	-	-
E	L	L	-	-	E	E	E	L	E	-	-	E	L	E	L	L	-	-	L	-	-	-	-	-	-	-	-
-	-	-	E	L	E	L	E	-	-	L	E	L	L	L	-	-	-	L	E	-	-	-	-	-	-	-	-
E	E	L	L	L	L	-	-	E	E	E	E	L	-	-	L	E	L	L	E	-	-	-	-	-	-	-	-
L	L	E	E	E	-	-	L	L	L	-	-	L	E	L	E	L	-	-	L	L	L	E	L	-	-	L	-
E	L	L	-	-	L	E	E	E	E	-	-	E	E	E	L	L	-	-	-	-	L	L	E	L	L	-	-
L	E	E	-	-	-	L	L	L	-	-	L	L	E	L	E	-	-	L	L	-	-	-	-	-	-	-	-
Objective 0: 4519
Objective 1: 92
Constr violation: -61
Restrictions violated:
0 12 31 2 3 2 7 4 

Individual 41
1	2	3	4	5	6	7	8	9	10	11	12	13	14	15	16	17	18	19	20	21	22	23	24	25	26	27	28
-	-	-	E	L	-	-	L	L	E	L	E	-	-	L	E	E	L	E	-	-	L	E	L	L	L	-	-
L	E	L	L	E	E	-	-	E	L	L	-	-	L	E	L	-	-	L	L	-	-	-	-	-	-	-	-
E	L	L	E	-	-	L	E	E	E	E	-	-	-	-	E	E	E	L	L	-	-	L	L	L	L	L	-
L	L	-	-	L	L	E	L	L	-	-	L	-	-	L	E	L	E	-	-	L	L	E	L	L	-	-	L
L	E	E	L	-	-	E	E	L	E	-	-	L	L	L	L	E	-	-	E	-	-	-	-	-	-	-	-
-	-	-	-	-	L	L	L	-	-	E	L	E	L	E	-	-	-	L	E	-	-	-	-	-	-	-	-
L	E	L	L	L	L	-	-	L	L	L	E	L	-	-	E	L	L	L	L	-	-	-	-	-	-	-	-
-	-	-	-	L	E	L	E	E	-	-	-	L	E	L	L	L	-	-	E	-	-	-	-	-	-	-	-
E	L	L	E	E	E	-	-	E	E	E	E	E	-	-	E	E	E	E	-	-	L	L	E	L	L	-	-
E	E	E	L	E	L	-	-	E	L	L	L	E	-	-	L	L	E	E	L	-	-	-	-	-	-	-	-
Objective 0: 4619
Objective 1: 80
Constr violation: -68
Restrictions violated:
0 13 30 3 4 6 8 4 

Individual 42
1	2	3	4	5	6	7	8	9	10	11	12	13	14	15	16	17	18	19	20	21	22	23	24	25	26	27	28
E	E	L	E	E	-	-	E	L	L	L	E	-	-	E	L	E	E	L	-	-	L	E	L	L	L	-	-
L	L	L	L	L	L	-	-	E	E	E	-	-	L	E	E	-	-	E	L	-	-	-	-	-	-	-	-
E	E	L	L	L	E	-	-	E	L	E	L	L	-	-	E	L	E	L	L	-	-	-	-	-	-	-	-
-	-	-	L	E	L	L	L	-	-	L	L	-	-	L	E	E	L	L	-	-	L	E	L	L	L	-	-
E	E	E	-	-	E	L	E	L	E	-	-	E	L	L	E	E	-	-	L	-	-	-	-	-	-	-	-
-	-	-	L	L	-	-	E	-	-	E	E	L	E	E	-	-	-	E	L	L	L	L	-	-	L	L	-
-	-	-	E	E	-	-	L	E	E	L	E	-	-	E	E	L	L	L	-	-	L	L	L	L	-	-	L
L	L	E	-	-	L	E	E	E	E	-	-	E	L	L	L	L	-	-	E	-	-	-	-	-	-	-	-
L	L	E	-	-	L	L	L	L	-	-	L	L	E	L	L	-	-	E	-	-	E	E	E	L	L	-	-
L	E	L	E	L	E	-	-	E	L	L	E	E	-	-	L	L	E	-	-	L	-	-	-	-	-	-	-
Objective 0: 4119
Objective 1: 89
Constr violation: -63
Restrictions violated:
0 14 26 5 3 4 6 5 

Individual 43
1	2	3	4	5	6	7	8	9	10	11	12	13	14	15	16	17	18	19	20	21	22	23	24	25	26	27	28
-	-	-	L	L	-	-	E	E	E	L	E	-	-	L	L	L	E	E	-	-	L	L	L	L	L	-	-
E	L	L	E	-	-	E	L	E	E	L	-	-	E	E	E	-	-	-	L	-	-	-	-	-	-	-	-
L	E	L	L	L	E	-	-	L	E	L	E	L	-	-	L	E	E	L	E	-	-	-	-	-	-	-	-
E	E	-	-	L	L	L	E	L	-	-	L	-	-	L	E	E	L	L	-	-	L	L	L	L	L	-	-
-	-	-	-	L	L	E	E	E	-	-	E	E	L	L	L	-	-	L	L	-	-	-	-	-	-	-	-
E	L	L	-	-	L	E	L	-	-	L	L	E	E	E	-	-	-	-	L	-	-	-	-	-	-	-	-
L	E	L	L	E	L	-	-	E	L	E	E	L	-	-	E	L	E	E	E	-	-	-	-	-	-	-	-
L	L	E	E	-	-	L	L	E	E	-	-	L	L	L	E	L	-	-	E	-	-	-	-	-	-	-	-
-	-	-	L	E	E	L	E	-	-	E	E	E	L	E	-	-	E	E	-	-	L	E	L	L	L	-	-
L	E	E	E	E	E	-	-	L	L	E	L	L	-	-	L	L	L	L	L	-	-	-	-	-	-	-	-
Objective 0: 5221
Objective 1: 116
Constr violation: -56
Restrictions violated:
0 10 28 4 3 0 7 4 

Individual 44
1	2	3	4	5	6	7	8	9	10	11	12	13	14	15	16	17	18	19	20	21	22	23	24	25	26	27	28
-	-	-	E	L	-	-	E	L	E	L	E	-	-	L	L	E	L	L	-	-	L	L	L	L	L	-	-
-	-	-	E	L	L	L	E	-	-	E	-	-	L	E	E	-	-	E	E	-	-	-	-	-	-	-	-
-	-	-	L	E	L	E	L	-	-	L	E	L	-	-	E	L	E	L	L	-	-	-	-	-	-	-	-
E	L	-	-	L	E	L	L	L	-	-	L	-	-	E	L	E	L	L	-	-	L	L	L	L	L	-	-
L	E	E	L	-	-	E	L	E	E	L	-	-	E	L	E	E	E	-	-	L	-	-	-	-	-	-	-
E	L	E	-	-	-	L	E	-	-	E	E	L	L	L	-	-	-	E	L	-	-	-	-	-	-	-	-
E	E	L	E	E	L	-	-	E	L	E	L	L	-	-	E	E	E	E	E	-	-	-	-	-	-	-	-
L	E	L	L	E	E	-	-	E	E	-	-	E	E	E	L	L	-	-	L	-	-	-	-	-	-	-	-
L	E	L	L	L	L	-	-	L	E	L	L	E	-	-	L	L	E	L	-	-	L	E	L	L	L	-	-
L	L	L	-	-	E	E	E	E	L	-	-	E	L	L	E	L	-	-	L	-	-	-	-	-	-	-	-
Objective 0: 5018
Objective 1: 98
Constr violation: -61
Restrictions violated:
0 10 26 5 3 4 7 6 

Individual 45
1	2	3	4	5	6	7	8	9	10	11	12	13	14	15	16	17	18	19	20	21	22	23	24	25	26	27	28
-	-	-	-	L	-	-	E	E	E	L	E	-	-	E	L	E	E	E	-	-	L	L	L	L	L	-	-
L	E	L	-	-	L	L	L	E	E	-	-	L	L	E	L	-	-	L	L	-	-	-	-	-	-	-	-
L	E	L	L	L	-	-	E	E	E	E	E	-	-	-	E	E	L	E	E	-	-	E	L	L	L	L	-
-	-	-	L	E	L	E	E	-	-	L	L	-	-	L	E	L	E	L	-	-	L	E	L	L	L	-	-
E	L	E	E	-	-	L	E	L	L	L	-	-	L	E	E	L	E	-	-	L	-	-	-	-	-	-	-
E	E	L	E	E	E	-	-	-	L	E	L	E	E	-	-	L	-	-	L	-	-	-	-	-	-	-	-
-	-	-	L	E	E	E	L	-	-	E	L	L	E	L	-	-	L	E	E	-	-	-	-	-	-	-	-
L	E	E	E	L	L	-	-	E	-	-	-	E	E	L	E	E	-	-	L	-	-	-	-	-	-	-	-
E	L	L	L	L	E	-	-	L	L	L	E	E	-	-	L	E	E	L	-	-	L	L	E	L	L	-	-
L	L	E	-	-	L	L	L	L	E	-	-	L	L	L	L	L	-	-	L	-	-	-	-	-	-	-	-
Objective 0: 4417
Objective 1: 94
Constr violation: -77
Restrictions violated:
0 18 30 7 3 7 6 6 

Individual 46
1	2	3	4	5	6	7	8	9	10	11	12	13	14	15	16	17	18	19	20	21	22	23	24	25	26	27	28
-	-	-	E	L	-	-	E	L	E	L	L	-	-	E	E	E	L	E	-	-	L	L	L	L	L	-	-
L	E	L	E	L	L	-	-	E	E	E	-	-	E	L	E	-	-	L	L	-	-	-	-	-	-	-	-
E	L	E	L	L	L	-	-	E	L	L	E	E	-	-	L	L	E	L	L	-	-	-	-	-	-	-	-
L	E	-	-	-	-	L	L	L	E	E	-	-	L	L	E	E	L	-	-	L	-	-	-	-	-	-	-
L	L	E	-	-	E	L	E	E	L	-	-	E	E	L	L	L	-	-	L	-	-	-	-	-	-	-	-
-	-	-	L	E	L	E	L	-	-	E	E	E	L	L	-	-	-	E	E	-	-	-	-	-	-	-	-
E	E	L	L	L	E	-	-	L	-	-	L	L	E	E	L	-	-	E	E	-	-	-	-	-	-	-	-
E	E	L	L	E	E	-	-	L	L	-	-	L	L	E	L	L	-	-	L	-	-	-	-	-	-	-	-
L	L	L	E	-	-	E	E	E	E	L	-	-	E	L	E	L	E	-	-	-	L	L	L	L	L	-	-
-	-	-	-	E	L	L	L	E	-	-	L	L	E	E	E	-	-	L	E	-	-	-	-	-	-	-	-
Objective 0: 5518
Objective 1: 94
Constr violation: -65
Restrictions violated:
0 14 25 4 4 3 8 7 

Individual 47
1	2	3	4	5	6	7	8	9	10	11	12	13	14	15	16	17	18	19	20	21	22	23	24	25	26	27	28
E	E	E	L	-	-	-	L	E	E	E	E	-	-	L	L	L	E	E	-	-	L	L	E	L	L	-	-
-	-	-	L	E	E	L	E	-	-	E	-	-	E	L	E	-	-	L	E	-	-	-	-	-	-	-	-
-	-	-	E	E	-	-	E	E	L	L	L	-	-	-	E	E	E	L	L	-	-	E	L	L	L	L	-
L	L	-	-	L	L	E	E	L	-	-	L	-	-	E	L	E	E	E	-	-	L	E	L	L	L	-	-
L	E	L	-	-	L	L	E	L	E	-	-	E	L	E	L	L	-	-	L	-	-	-	-	-	-	-	-
E	E	L	E	E	-	-	L	-	-	E	E	L	L	E	-	-	-	L	E	L	L	E	-	-	L	L	-
L	E	L	-	-	L	L	L	L	L	-	-	E	L	L	L	L	-	-	L	-	-	-	-	-	-	-	-
E	L	L	E	L	E	-	-	E	E	-	-	L	E	E	E	L	-	-	E	-	-	-	-	-	-	-	-
-	-	-	L	L	L	E	L	-	-	L	L	L	E	L	-	-	L	L	-	-	L	L	L	L	L	-	-
L	L	E	L	L	E	-	-	E	E	L	E	E	-	-	E	E	L	E	L	-	-	-	-	-	-	-	-
Objective 0: 4117
Objective 1: 89
Constr violation: -62
Restrictions violated:
0 13 28 6 2 3 6 4 

Individual 48
1	2	3	4	5	6	7	8	9	10	11	12	13	14	15	16	17	18	19	20	21	22	23	24	25	26	27	28
L	L	L	L	L	-	-	L	E	L	L	L	-	-	E	E	L	L	L	-	-	L	L	L	L	L	-	-
L	L	L	-	-	L	L	E	L	E	-	-	E	L	L	E	-	-	E	L	-	-	-	-	-	-	-	-
L	E	E	L	E	E	-	-	E	-	-	L	L	-	-	L	L	E	L	L	-	-	-	-	-	-	-	-
-	-	-	E	E	-	-	E	E	E	L	E	-	-	E	L	E	E	E	-	-	L	L	L	L	L	-	-
L	E	L	L	L	L	-	-	E	L	E	E	E	-	-	E	L	L	L	E	-	-	-	-	-	-	-	-
-	-	-	E	L	E	L	L	-	-	E	L	E	E	L	-	-	-	E	L	-	-	-	-	-	-	-	-
E	E	E	-	-	E	L	E	L	E	-	-	L	L	L	L	L	-	-	L	-	-	-	-	-	-	-	-
-	-	-	L	E	L	E	E	-	-	-	-	L	E	E	E	E	-	-	E	-	-	-	-	-	-	-	-
E	E	E	E	L	L	-	-	L	L	L	E	L	-	-	L	E	E	L	-	-	L	E	L	L	L	-	-
E	L	L	-	-	-	E	L	E	E	E	-	-	L	L	E	E	E	-	-	L	-	-	-	-	-	-	-
Objective 0: 4919
Objective 1: 85
Constr violation: -67
Restrictions violated:
0 15 24 4 3 8 7 6 

Individual 49
1	2	3	4	5	6	7	8	9	10	11	12	13	14	15	16	17	18	19	20	21	22	23	24	25	26	27	28
E	E	L	-	-	-	-	L	L	E	E	L	-	-	L	L	L	L	L	-	-	L	E	L	L	L	-	-
E	E	L	E	E	-	-	L	E	L	E	-	-	L	E	E	-	-	E	L	L	L	L	-	-	L	L	-
L	L	E	L	L	L	-	-	L	E	L	E	E	-	-	L	E	L	E	L	-	-	-	-	-	-	-	-
-	-	-	E	E	E	L	E	-	-	L	L	-	-	L	L	L	E	L	-	-	L	L	L	L	L	-	-
-	-	-	L	L	L	L	L	-	-	L	E	L	E	E	-	-	E	L	L	-	-	-	-	-	-	-	-
E	L	E	L	E	L	-	-	-	E	E	L	L	E	-	-	E	-	-	E	-	-	-	-	-	-	-	-
L	L	L	-	-	L	E	E	E	E	-	-	L	E	E	E	L	-	-	E	-	-	-	-	-	-	-	-
L	E	L	-	-	E	L	E	E	L	-	-	E	L	L	E	L	-	-	L	-	-	-	-	-	-	-	-
-	-	-	E	L	-	-	E	L	-	-	E	L	L	L	L	-	-	L	-	-	L	E	L	L	L	-	-
L	E	E	L	L	E	-	-	E	L	L	E	E	-	-	E	E	E	E	E	-	-	-	-	-	-	-	-
Objective 0: 4518
Objective 1: 113
Constr violation: -67
Restrictions violated:
0 18 27 5 3 2 7 5 

Individual 50
1	2	3	4	5	6	7	8	9	10	11	12	13	14	15	16	17	18	19	20	21	22	23	24	25	26	27	28
L	L	L	L	L	-	-	L	E	E	L	E	-	-	E	E	L	L	L	-	-	L	L	L	L	L	-	-
E	E	E	-	-	L	L	E	E	L	-	-	L	E	E	L	-	-	L	L	-	-	-	-	-	-	-	-
-	-	-	E	E	L	E	E	-	-	L	L	E	-	-	E	E	L	E	L	-	-	-	-	-	-	-	-
L	L	-	-	E	E	E	E	E	-	-	L	-	-	L	L	L	E	E	-	-	L	E	L	L	L	-	-
-	-	-	E	L	-	-	L	L	E	L	E	-	-	E	E	L	L	L	-	-	L	E	-	-	L	L	L
E	E	E	L	L	E	-	-	-	L	L	E	E	L	-	-	E	-	-	L	-	-	-	-	-	-	-	-
-	-	-	L	E	E	L	L	-	-	E	L	L	E	L	-	-	E	E	E	-	-	-	-	-	-	-	-
L	E	L	-	-	L	L	E	E	E	-	-	L	L	L	E	L	-	-	E	-	-	-	-	-	-	-	-
E	L	L	E	-	-	E	L	L	L	E	-	-	L	L	L	E	E	-	-	-	L	L	L	L	L	-	-
L	E	L	L	L	L	-	-	L	E	E	E	E	-	-	L	E	E	L	L	-	-	-	-	-	-	-	-
Objective 0: 4621
Objective 1: 98
Constr violation: -63
Restrictions violated:
0 14 25 4 2 7 6 5 

Individual 51
1	2	3	4	5	6	7	8	9	10	11	12	13	14	15	16	17	18	19	20	21	22	23	24	25	26	27	28
-	-	-	L	E	-	-	E	L	E	L	E	-	-	L	L	L	E	L	-	-	L	L	L	L	L	-	-
-	-	-	E	L	L	L	E	-	-	L	-	-	L	L	L	-	-	L	E	-	-	-	-	-	-	-	-
E	L	E	-	-	-	E	E	E	E	L	-	-	-	-	L	L	L	L	L	-	-	E	L	L	L	L	-
-	-	-	L	E	L	E	E	-	-	E	L	-	-	E	E	E	E	E	-	-	L	L	L	L	L	-	-
E	E	E	-	-	E	L	L	L	E	-	-	E	L	L	E	L	-	-	L	-	-	-	-	-	-	-	-
L	L	L	L	E	-	-	L	-	-	L	E	L	E	L	-	-	-	L	L	L	L	E	-	-	L	L	-
L	L	L	-	-	L	L	L	L	L	-	-	E	L	E	E	L	-	-	L	-	-	-	-	-	-	-	-
L	E	L	L	L	E	-	-	E	L	-	-	E	E	E	E	E	-	-	E	-	-	-	-	-	-	-	-
E	E	E	E	L	L	-	-	E	L	E	L	L	-	-	L	E	E	E	-	-	L	E	E	L	L	-	-
L	E	L	E	L	E	-	-	E	E	E	L	L	-	-	E	E	L	E	E	-	-	-	-	-	-	-	-
Objective 0: 4017
Objective 1: 64
Constr violation: -60
Restrictions violated:
0 12 25 5 3 4 7 4 

Individual 52
1	2	3	4	5	6	7	8	9	10	11	12	13	14	15	16	17	18	19	20	21	22	23	24	25	26	27	28
L	E	E	-	-	-	-	L	E	E	L	E	-	-	E	L	E	L	E	-	-	L	L	L	L	L	-	-
L	L	L	E	L	E	-	-	L	E	L	-	-	L	L	E	-	-	E	L	-	-	-	-	-	-	-	-
L	E	E	L	-	-	L	E	E	E	E	-	-	-	-	L	L	L	E	E	-	-	L	L	L	L	L	-
-	-	-	-	L	L	E	L	E	-	-	E	-	-	L	E	E	E	-	-	L	L	E	L	L	-	-	L
E	E	E	L	E	E	-	-	E	L	E	E	E	-	-	L	E	E	L	L	-	-	-	-	-	-	-	-
E	E	L	L	E	L	-	-	-	L	E	L	L	L	-	-	L	-	-	L	-	-	-	-	-	-	-	-
E	L	L	E	E	L	-	-	E	E	L	L	L	-	-	E	L	E	L	E	-	-	-	-	-	-	-	-
L	L	L	E	-	-	L	E	L	L	-	-	E	L	L	L	L	-	-	E	-	-	-	-	-	-	-	-
-	-	-	L	L	E	L	E	-	-	L	E	L	E	E	-	-	E	L	-	-	L	E	E	L	L	-	-
-	-	-	-	L	L	E	L	L	-	-	L	E	E	L	E	-	-	L	L	-	-	-	-	-	-	-	-
Objective 0: 4518
Objective 1: 85
Constr violation: -69
Restrictions violated:
0 13 34 4 4 2 8 4 

Individual 53
1	2	3	4	5	6	7	8	9	10	11	12	13	14	15	16	17	18	19	20	21	22	23	24	25	26	27	28
L	E	L	-	-	-	-	E	E	E	L	L	-	-	E	E	L	L	E	-	-	L	L	L	L	L	-	-
-	-	-	E	L	L	L	E	-	-	-	-	L	L	E	L	-	-	L	L	-	-	-	-	-	-	-	-
E	E	E	E	E	L	-	-	L	E	E	L	L	-	-	E	E	L	E	L	-	-	-	-	-	-	-	-
E	E	-	-	L	E	L	L	E	-	-	E	-	-	L	L	E	E	E	-	-	L	E	L	L	L	-	-
E	L	L	L	E	-	-	E	E	E	L	L	-	-	E	E	L	L	-	-	L	L	L	-	-	L	L	L
L	L	L	-	-	L	E	L	-	-	E	E	E	L	L	-	-	-	L	L	-	-	-	-	-	-	-	-
L	E	E	L	L	L	-	-	L	L	E	E	E	-	-	L	L	E	L	L	-	-	-	-	-	-	-	-
-	-	-	E	L	E	L	L	-	-	-	-	L	L	L	E	E	-	-	E	-	-	-	-	-	-	-	-
L	L	L	L	E	E	-	-	E	L	L	E	E	-	-	E	E	E	L	-	-	L	E	L	L	L	-	-
-	-	-	L	-	-	E	E	L	E	L	-	-	E	L	L	L	E	-	-	L	-	-	-	-	-	-	-
Objective 0: 4518
Objective 1: 93
Constr violation: -57
Restrictions violated:
0 12 22 4 3 6 6 4 

Individual 54
1	2	3	4	5	6	7	8	9	10	11	12	13	14	15	16	17	18	19	20	21	22	23	24	25	26	27	28
L	E	E	L	L	-	-	L	L	L	L	E	-	-	L	E	L	E	L	-	-	L	L	L	L	L	-	-
-	-	-	-	L	L	L	L	L	-	-	-	E	E	L	L	-	-	E	L	-	-	-	-	-	-	-	-
E	L	L	-	-	L	L	E	E	-	-	L	E	-	-	E	E	L	E	L	-	-	-	-	-	-	-	-
-	-	-	E	L	-	-	E	E	E	E	E	-	-	E	L	L	E	L	-	-	L	E	L	L	L	-	-
-	-	-	L	-	-	L	L	E	L	L	-	-	L	L	E	L	E	-	-	L	-	-	-	-	-	-	-
L	E	L	E	L	L	-	-	-	E	E	E	L	L	-	-	E	-	-	L	-	-	-	-	-	-	-	-
E	E	E	L	E	E	-	-	E	E	E	E	L	-	-	L	E	L	L	E	-	-	-	-	-	-	-	-
L	L	L	-	-	E	E	E	E	E	-	-	L	E	L	L	E	-	-	E	-	-	-	-	-	-	-	-
E	E	E	L	E	L	-	-	L	L	L	L	L	-	-	E	L	E	L	-	-	L	L	L	L	L	-	-
L	L	L	E	E	E	-	-	L	-	-	L	E	L	E	E	-	-	E	L	-	-	-	-	-	-	-	-
Objective 0: 5019
Objective 1: 86
Constr violation: -69
Restrictions violated:
0 14 24 6 4 8 7 6 

Individual 55
1	2	3	4	5	6	7	8	9	10	11	12	13	14	15	16	17	18	19	20	21	22	23	24	25	26	27	28
E	E	E	-	-	-	-	E	L	E	L	E	-	-	L	E	E	L	E	-	-	L	E	L	L	L	-	-
L	E	E	L	E	L	-	-	L	E	L	-	-	L	E	E	-	-	L	E	-	-	-	-	-	-	-	-
L	L	E	E	L	E	-	-	E	E	L	E	L	-	-	L	E	E	L	E	-	-	-	-	-	-	-	-
-	-	-	-	E	L	E	L	L	-	-	L	-	-	L	E	E	E	E	-	-	L	L	L	L	L	-	-
L	L	L	L	E	E	-	-	E	E	E	E	L	-	-	L	L	E	L	L	-	-	-	-	-	-	-	-
L	L	L	E	L	L	-	-	-	-	E	L	L	L	L	-	-	-	E	L	-	-	-	-	-	-	-	-
E	E	L	-	-	L	L	E	E	L	-	-	E	E	E	L	L	-	-	L	-	-	-	-	-	-	-	-
-	-	-	L	L	E	L	L	-	-	-	-	E	L	E	E	L	-	-	L	-	-	-	-	-	-	-	-
-	-	-	L	L	-	-	E	E	L	E	L	-	-	L	L	L	L	L	-	-	L	L	L	L	L	-	-
E	E	L	E	-	-	L	L	E	L	L	-	-	E	E	E	E	E	-	-	L	-	-	-	-	-	-	-
Objective 0: 5018
Objective 1: 102
Constr violation: -56
Restrictions violated:
0 10 26 4 4 0 7 5 

Individual 56
1	2	3	4	5	6	7	8	9	10	11	12	13	14	15	16	17	18	19	20	21	22	23	24	25	26	27	28
-	-	-	-	L	-	-	L	E	E	L	E	-	-	E	L	E	L	E	-	-	L	L	L	L	L	-	-
L	E	E	E	-	-	L	E	L	E	-	-	E	E	E	E	-	-	-	E	-	-	-	-	-	-	-	-
E	L	L	E	E	L	-	-	L	L	E	E	L	-	-	L	E	E	L	L	-	-	-	-	-	-	-	-
-	-	-	-	-	L	L	L	E	E	-	-	-	E	E	L	L	E	-	-	L	-	-	-	-	-	-	-
L	L	E	E	L	-	-	L	L	E	E	L	-	-	L	E	L	L	L	-	-	L	E	-	-	L	L	L
E	E	E	-	-	L	E	E	-	-	L	L	L	L	L	-	-	-	L	E	-	-	-	-	-	-	-	-
L	E	L	L	E	L	-	-	E	L	E	E	E	-	-	E	L	L	L	L	-	-	-	-	-	-	-	-
E	E	L	L	L	E	-	-	E	-	-	-	L	L	L	L	E	-	-	L	-	-	-	-	-	-	-	-
-	-	-	L	E	E	L	E	-	-	L	L	E	L	L	-	-	E	E	-	-	L	L	L	L	L	-	-
L	L	L	L	L	E	-	-	E	L	L	E	L	-	-	E	L	E	E	L	-	-	-	-	-	-	-	-
Objective 0: 5120
Objective 1: 91
Constr violation: -60
Restrictions violated:
0 9 29 5 4 2 7 4 

Individual 57
1	2	3	4	5	6	7	8	9	10	11	12	13	14	15	16	17	18	19	20	21	22	23	24	25	26	27	28
L	E	E	-	-	-	-	L	L	E	L	E	-	-	E	L	L	E	E	-	-	L	L	L	L	L	-	-
E	L	L	-	-	-	L	L	E	E	L	-	-	E	L	L	-	-	L	E	-	-	-	-	-	-	-	-
L	E	L	E	E	L	-	-	L	L	-	-	L	-	-	L	L	E	L	E	-	-	-	-	-	-	-	-
L	E	-	-	-	-	E	L	E	L	E	-	-	L	L	E	L	L	-	-	L	-	-	-	-	-	-	-
-	-	-	L	L	L	E	E	-	-	L	L	E	L	L	-	-	E	E	L	-	-	-	-	-	-	-	-
E	E	L	E	E	E	-	-	-	E	E	L	L	E	-	-	E	-	-	L	-	-	-	-	-	-	-	-
-	-	-	L	L	E	L	E	-	-	L	E	L	E	E	-	-	L	E	L	-	-	-	-	-	-	-	-
E	L	L	E	L	L	-	-	L	L	-	-	E	E	E	L	E	-	-	L	-	-	-	-	-	-	-	-
-	-	-	L	L	L	L	E	-	-	E	L	E	L	E	-	-	E	L	-	-	L	L	L	L	L	-	-
L	L	E	L	E	E	-	-	E	E	-	-	L	E	L	E	L	-	-	E	-	-	-	-	-	-	-	-
Objective 0: 5818
Objective 1: 86
Constr violation: -75
Restrictions violated:
0 17 32 6 4 0 8 8 

Individual 58
1	2	3	4	5	6	7	8	9	10	11	12	13	14	15	16	17	18	19	20	21	22	23	24	25	26	27	28
L	E	L	L	L	-	-	L	L	E	L	L	-	-	E	L	L	L	L	-	-	L	L	L	L	L	-	-
-	-	-	E	L	L	L	E	-	-	E	-	-	E	E	L	-	-	E	L	-	-	-	-	-	-	-	-
-	-	-	E	E	L	E	E	-	-	L	E	L	-	-	E	L	E	L	L	-	-	-	-	-	-	-	-
L	L	-	-	L	E	E	L	L	-	-	E	-	-	E	L	E	L	L	-	-	L	E	L	L	L	-	-
L	L	L	L	E	L	-	-	L	L	L	E	E	-	-	E	L	E	E	E	-	-	-	-	-	-	-	-
L	E	E	-	-	E	E	L	-	-	E	L	E	E	L	-	-	-	E	L	-	-	-	-	-	-	-	-
E	L	E	L	-	-	L	E	E	E	E	-	-	L	L	L	E	E	-	-	L	-	-	-	-	-	-	-
E	E	L	E	L	-	-	-	E	E	-	-	E	L	L	E	L	-	-	L	L	L	L	L	-	-	L	-
E	E	L	-	-	L	L	L	E	L	-	-	L	E	E	E	E	-	-	-	-	L	E	E	L	L	-	-
-	-	-	L	E	E	L	E	-	-	L	L	L	L	L	-	-	E	L	E	-	-	-	-	-	-	-	-
Objective 0: 4720
Objective 1: 90
Constr violation: -59
Restrictions violated:
0 13 25 4 1 4 7 5 

Individual 59
1	2	3	4	5	6	7	8	9	10	11	12	13	14	15	16	17	18	19	20	21	22	23	24	25	26	27	28
L	L	L	E	L	-	-	L	E	E	-	-	E	L	L	E	L	-	-	L	L	E	E	L	-	-	L	-
L	L	E	L	E	-	-	L	E	L	L	-	-	L	E	L	-	-	L	E	L	L	E	-	-	L	L	-
-	-	-	E	L	E	E	E	-	-	E	L	L	-	-	L	E	E	L	L	-	-	-	-	-	-	-	-
-	-	-	L	L	L	E	L	-	-	E	E	-	-	E	E	E	E	E	-	-	L	L	L	L	L	-	-
E	E	E	L	E	E	-	-	L	E	L	E	E	-	-	E	L	E	L	E	-	-	-	-	-	-	-	-
E	E	L	-	-	L	L	L	-	-	L	E	L	L	E	-	-	-	L	L	-	-	-	-	-	-	-	-
-	-	-	E	L	L	L	E	-	-	E	L	-	-	L	L	E	L	E	-	-	L	L	E	L	-	-	L
L	E	E	-	-	-	L	E	E	L	-	-	L	E	L	E	E	-	-	L	-	-	-	-	-	-	-	-
L	L	L	L	E	E	-	-	L	E	L	L	E	-	-	L	L	L	E	-	-	L	E	L	L	L	-	-
E	E	L	-	-	L	E	E	L	E	-	-	L	E	L	E	L	-	-	E	-	-	-	-	-	-	-	-
Objective 0: 4019
Objective 1: 89
Constr violation: -78
Restrictions violated:
0 17 37 3 2 8 7 4 

Individual 60
1	2	3	4	5	6	7	8	9	10	11	12	13	14	15	16	17	18	19	20	21	22	23	24	25	26	27	28
-	-	-	-	E	-	-	E	L	E	E	E	-	-	E	L	E	L	E	-	-	L	L	L	L	L	-	-
E	L	E	L	L	L	-	-	E	L	E	-	-	E	L	L	-	-	L	L	-	-	-	-	-	-	-	-
L	L	E	L	L	-	-	L	L	E	L	E	-	-	-	E	L	E	L	E	-	-	E	L	L	L	L	-
L	E	-	-	-	E	L	L	E	E	-	-	-	E	E	E	L	L	-	-	L	-	-	-	-	-	-	-
L	E	L	E	E	L	-	-	L	L	E	L	E	-	-	L	E	E	E	L	-	-	-	-	-	-	-	-
-	-	-	E	L	E	L	E	-	-	L	E	E	L	E	-	-	-	L	L	-	-	-	-	-	-	-	-
E	E	L	L	L	L	-	-	L	L	L	L	L	-	-	L	E	E	L	E	-	-	-	-	-	-	-	-
E	E	L	L	-	-	L	L	E	-	-	-	L	E	L	E	L	-	-	E	-	-	-	-	-	-	-	-
-	-	-	-	-	E	E	E	E	E	-	-	L	L	L	E	L	-	-	-	-	L	L	L	L	L	-	-
L	L	L	E	E	L	-	-	E	-	-	L	E	L	L	E	-	-	E	L	-	-	-	-	-	-	-	-
Objective 0: 5017
Objective 1: 84
Constr violation: -69
Restrictions violated:
0 15 30 4 4 3 7 6 

Individual 61
1	2	3	4	5	6	7	8	9	10	11	12	13	14	15	16	17	18	19	20	21	22	23	24	25	26	27	28
L	E	L	E	-	-	-	L	E	L	E	L	-	-	L	L	E	L	L	-	-	L	E	L	L	L	-	-
E	L	L	-	-	-	E	E	E	E	L	-	-	E	L	E	-	-	E	L	-	-	-	-	-	-	-	-
-	-	-	E	E	E	E	E	-	-	L	L	L	-	-	L	L	E	E	L	-	-	-	-	-	-	-	-
L	E	-	-	E	L	L	E	L	-	-	E	-	-	L	E	L	L	E	-	-	L	L	L	L	L	-	-
L	E	E	L	L	E	-	-	E	L	L	E	E	-	-	L	L	E	L	L	-	-	-	-	-	-	-	-
-	-	-	E	L	L	L	E	-	-	E	E	L	E	E	-	-	-	L	E	-	-	-	-	-	-	-	-
L	L	E	L	L	L	-	-	L	E	L	L	E	-	-	E	E	E	L	E	-	-	-	-	-	-	-	-
-	-	-	L	L	L	L	L	-	-	-	-	E	L	L	L	E	-	-	L	-	-	-	-	-	-	-	-
E	L	L	L	E	E	-	-	L	E	-	-	L	L	E	E	E	-	-	-	-	L	L	L	L	L	-	-
E	E	L	-	-	-	E	L	E	E	E	-	-	L	E	E	L	E	-	-	L	-	-	-	-	-	-	-
Objective 0: 5018
Objective 1: 96
Constr violation: -63
Restrictions violated:
0 12 30 3 3 3 7 5 

Individual 62
1	2	3	4	5	6	7	8	9	10	11	12	13	14	15	16	17	18	19	20	21	22	23	24	25	26	27	28
L	E	L	-	-	-	-	E	E	E	L	L	-	-	E	E	L	L	E	-	-	L	L	L	L	L	-	-
E	E	E	-	-	E	E	E	L	E	-	-	L	E	E	E	-	-	E	L	-	-	-	-	-	-	-	-
E	E	E	E	-	-	L	E	L	E	L	-	-	-	-	L	E	L	-	-	L	L	E	L	L	-	-	L
-	-	-	L	L	E	E	L	-	-	E	E	-	-	E	E	L	E	L	-	-	L	E	L	L	L	-	-
L	L	L	L	E	-	-	L	E	L	E	E	-	-	L	L	E	E	L	-	-	E	E	-	-	L	L	E
-	-	-	-	L	L	L	L	-	-	L	E	L	L	L	-	-	-	L	E	-	-	-	-	-	-	-	-
L	E	L	E	E	E	-	-	L	L	-	-	E	L	L	L	L	-	-	L	-	-	-	-	-	-	-	-
E	L	L	L	L	L	-	-	E	E	-	-	E	L	L	E	L	-	-	L	-	-	-	-	-	-	-	-
-	-	-	L	L	L	L	E	-	-	E	L	L	E	E	-	-	E	L	-	-	L	L	E	L	L	-	-
L	L	E	E	E	L	-	-	E	L	L	L	E	-	-	L	E	E	E	L	-	-	-	-	-	-	-	-
Objective 0: 4219
Objective 1: 87
Constr violation: -49
Restrictions violated:
0 5 27 2 3 2 6 4 

Individual 63
1	2	3	4	5	6	7	8	9	10	11	12	13	14	15	16	17	18	19	20	21	22	23	24	25	26	27	28
E	E	L	L	L	-	-	L	E	L	E	L	-	-	E	E	L	E	L	-	-	L	L	L	L	L	-	-
-	-	-	-	L	E	L	L	E	-	-	-	E	E	L	L	-	-	E	L	-	-	-	-	-	-	-	-
-	-	-	E	-	-	E	E	E	E	E	-	-	-	-	E	E	E	E	L	-	-	E	L	L	L	L	-
E	E	-	-	E	L	E	E	L	-	-	E	-	-	E	E	L	E	L	-	-	L	E	E	L	L	-	-
L	E	L	L	E	L	-	-	L	E	L	E	L	-	-	E	E	E	E	L	-	-	-	-	-	-	-	-
-	-	-	L	E	L	L	L	-	-	L	L	E	L	L	-	-	-	L	E	-	-	-	-	-	-	-	-
L	E	L	E	L	E	-	-	L	E	E	L	L	-	-	L	E	L	L	E	-	-	-	-	-	-	-	-
L	L	L	E	L	E	-	-	E	E	-	-	E	L	L	L	L	-	-	L	-	-	-	-	-	-	-	-
E	L	E	L	-	-	L	E	L	L	L	-	-	L	E	L	E	L	-	-	-	L	L	L	L	L	-	-
L	L	E	-	-	L	E	E	E	L	-	-	L	E	L	E	L	-	-	E	-	-	-	-	-	-	-	-
Objective 0: 4620
Objective 1: 86
Constr violation: -65
Restrictions violated:
0 9 31 4 3 7 7 4 

Individual 64
1	2	3	4	5	6	7	8	9	10	11	12	13	14	15	16	17	18	19	20	21	22	23	24	25	26	27	28
-	-	-	L	-	-	-	E	L	L	L	E	-	-	E	L	E	L	E	-	-	L	L	L	L	L	-	-
-	-	-	-	L	L	L	L	E	-	-	-	E	E	E	E	-	-	E	E	-	-	-	-	-	-	-	-
E	L	L	E	L	E	-	-	E	-	-	E	E	-	-	E	E	E	L	L	-	-	-	-	-	-	-	-
E	L	-	-	-	L	E	E	L	E	-	-	-	L	L	L	L	E	-	-	L	-	-	-	-	-	-	-
L	E	L	E	E	-	-	E	E	E	L	L	-	-	L	E	L	L	L	-	-	L	E	-	-	L	L	L
L	E	E	L	E	L	-	-	-	E	E	E	L	L	-	-	L	-	-	L	-	-	-	-	-	-	-	-
E	L	L	E	L	E	-	-	L	L	E	L	L	-	-	L	E	E	E	L	-	-	-	-	-	-	-	-
-	-	-	L	E	L	L	L	-	-	-	-	L	L	L	L	L	-	-	L	-	-	-	-	-	-	-	-
L	E	E	L	L	E	-	-	E	L	L	L	E	-	-	E	E	L	L	-	-	L	L	L	L	L	-	-
L	E	L	-	-	-	L	L	E	E	E	-	-	E	L	E	E	E	-	-	L	-	-	-	-	-	-	-
Objective 0: 5218
Objective 1: 99
Constr violation: -66
Restrictions violated:
0 10 26 7 4 6 7 6 

Individual 65
1	2	3	4	5	6	7	8	9	10	11	12	13	14	15	16	17	18	19	20	21	22	23	24	25	26	27	28
-	-	-	E	-	-	-	E	E	E	E	E	-	-	L	E	L	E	E	-	-	L	E	L	L	L	-	-
-	-	-	-	E	L	E	E	E	-	-	-	E	L	E	L	-	-	E	L	-	-	-	-	-	-	-	-
L	L	E	L	L	-	-	E	L	E	L	E	-	-	-	E	E	E	L	L	-	-	L	E	L	L	L	-
E	L	-	-	L	E	E	L	L	-	-	E	-	-	E	E	L	E	L	-	-	L	L	L	L	L	-	-
E	L	L	L	L	L	-	-	E	L	L	L	L	-	-	L	E	L	L	L	-	-	-	-	-	-	-	-
L	E	L	-	-	E	L	L	-	-	E	L	L	L	L	-	-	-	E	L	-	-	-	-	-	-	-	-
L	E	E	E	-	-	L	L	E	E	L	-	-	E	L	L	L	L	-	-	L	-	-	-	-	-	-	-
-	-	-	L	E	L	L	E	-	-	-	-	L	L	L	E	L	-	-	E	-	-	-	-	-	-	-	-
L	E	L	L	L	E	-	-	L	L	L	L	E	-	-	E	E	E	L	-	-	L	E	L	L	L	-	-
E	E	L	E	E	L	-	-	E	E	E	E	E	-	-	L	E	L	-	-	L	-	-	-	-	-	-	-
Objective 0: 4619
Objective 1: 94
Constr violation: -58
Restrictions violated:
0 8 24 5 3 7 6 5 

Individual 66
1	2	3	4	5	6	7	8	9	10	11	12	13	14	15	16	17	18	19	20	21	22	23	24	25	26	27	28
-	-	-	E	E	-	-	E	E	L	L	L	-	-	E	L	L	L	L	-	-	L	E	E	L	L	-	-
-	-	-	E	-	-	E	L	L	-	-	-	L	L	L	E	-	-	L	L	-	-	-	-	-	-	-	-
E	L	E	-	-	E	L	L	E	E	-	-	E	-	-	L	E	E	E	L	-	-	-	-	-	-	-	-
L	E	-	-	E	E	L	E	L	-	-	E	-	-	L	E	L	L	-	-	L	L	L	L	L	-	-	E
L	E	L	L	E	E	-	-	E	L	E	E	L	-	-	L	E	E	-	-	L	-	-	-	-	-	-	-
-	-	-	-	-	L	L	E	-	-	E	E	L	L	L	-	-	-	E	E	-	-	-	-	-	-	-	-
L	L	E	L	L	-	-	L	L	L	L	L	-	-	L	E	L	E	E	-	-	L	E	L	L	-	-	L
E	L	L	E	L	L	-	-	E	E	-	-	E	L	E	L	E	-	-	L	-	-	-	-	-	-	-	-
E	E	L	L	L	L	-	-	L	E	L	L	L	-	-	E	E	E	L	-	-	L	L	L	L	L	-	-
L	E	L	L	L	L	-	-	E	E	E	E	E	-	-	E	L	L	L	L	-	-	-	-	-	-	-	-
Objective 0: 4820
Objective 1: 80
Constr violation: -63
Restrictions violated:
0 12 22 5 4 8 7 5 

Individual 67
1	2	3	4	5	6	7	8	9	10	11	12	13	14	15	16	17	18	19	20	21	22	23	24	25	26	27	28
L	E	E	E	-	-	-	L	L	E	E	E	-	-	E	E	L	L	E	-	-	L	L	L	L	L	-	-
-	-	-	L	L	L	E	E	-	-	E	-	-	E	L	L	-	-	E	L	-	-	-	-	-	-	-	-
L	L	L	E	E	L	-	-	E	E	E	L	E	-	-	L	E	E	L	E	-	-	-	-	-	-	-	-
L	E	-	-	E	L	E	L	L	-	-	E	-	-	L	E	L	E	L	-	-	L	L	L	L	L	-	-
L	L	E	L	E	L	-	-	E	L	L	E	E	-	-	L	E	E	-	-	L	-	-	-	-	-	-	-
-	-	-	-	L	E	E	E	-	-	L	E	L	L	E	-	-	-	L	L	-	-	-	-	-	-	-	-
E	E	L	E	L	E	-	-	E	L	L	L	E	-	-	E	E	L	L	E	-	-	-	-	-	-	-	-
E	L	L	L	-	-	L	E	L	E	-	-	L	L	E	E	L	-	-	L	-	-	-	-	-	-	-	-
E	E	L	-	-	-	L	E	E	E	-	-	L	E	L	L	L	-	-	-	-	L	E	L	L	L	-	-
-	-	-	L	L	E	L	L	-	-	L	L	L	L	L	-	-	E	E	L	-	-	-	-	-	-	-	-
Objective 0: 5119
Objective 1: 90
Constr violation: -63
Restrictions violated:
0 11 30 4 3 3 7 5 

Individual 68
1	2	3	4	5	6	7	8	9	10	11	12	13	14	15	16	17	18	19	20	21	22	23	24	25	26	27	28
E	E	L	-	-	-	-	E	L	L	E	L	-	-	E	E	E	E	E	-	-	L	E	L	L	L	-	-
-	-	-	E	E	-	-	L	E	L	L	-	-	L	L	L	-	-	L	E	L	E	E	-	-	L	L	-
L	E	E	-	-	L	L	E	E	L	-	-	L	-	-	L	E	L	L	L	-	-	-	-	-	-	-	-
-	-	-	L	L	L	E	E	-	-	L	L	-	-	L	L	L	L	E	-	-	L	L	L	L	L	-	-
E	L	E	-	-	L	L	L	L	E	-	-	L	E	E	E	L	-	-	L	-	-	-	-	-	-	-	-
L	L	L	E	L	E	-	-	-	E	E	E	E	E	-	-	L	-	-	L	-	-	-	-	-	-	-	-
L	E	L	L	E	-	-	L	L	E	L	L	-	-	L	L	E	E	E	-	-	L	L	E	L	-	-	L
L	L	E	L	L	E	-	-	E	-	-	-	L	L	L	E	E	-	-	E	-	-	-	-	-	-	-	-
E	E	L	L	L	L	-	-	E	E	E	E	E	-	-	E	L	E	L	-	-	L	E	L	L	L	-	-
-	-	-	E	E	E	L	E	-	-	L	E	E	L	E	-	-	E	L	L	-	-	-	-	-	-	-	-
Objective 0: 4218
Objective 1: 88
Constr violation: -73
Restrictions violated:
0 17 28 6 3 8 6 5 

Individual 69
1	2	3	4	5	6	7	8	9	10	11	12	13	14	15	16	17	18	19	20	21	22	23	24	25	26	27	28
E	E	L	L	L	-	-	E	E	E	L	E	-	-	E	L	L	E	E	-	-	L	L	L	L	L	-	-
E	L	L	L	E	L	-	-	E	E	L	-	-	E	L	L	-	-	E	L	-	-	-	-	-	-	-	-
L	E	E	E	-	-	L	E	E	L	E	-	-	-	-	L	L	L	-	-	L	L	E	L	L	-	-	L
L	E	-	-	L	E	L	E	L	-	-	L	-	-	E	L	L	E	E	-	-	L	E	E	L	L	-	-
-	-	-	L	E	L	L	L	-	-	E	L	E	E	E	-	-	E	L	L	-	-	-	-	-	-	-	-
-	-	-	-	L	L	E	E	-	-	E	E	E	L	L	-	-	-	L	E	-	-	-	-	-	-	-	-
E	E	L	-	-	E	L	L	L	L	-	-	L	L	E	E	E	-	-	L	-	-	-	-	-	-	-	-
L	L	E	E	-	-	E	L	E	E	-	-	L	L	L	E	L	-	-	L	-	-	-	-	-	-	-	-
-	-	-	E	E	E	E	L	-	-	L	E	L	E	L	-	-	E	L	-	-	L	L	L	L	L	-	-
L	L	L	L	L	L	-	-	L	E	L	L	E	-	-	E	E	L	L	E	-	-	-	-	-	-	-	-
Objective 0: 4821
Objective 1: 80
Constr violation: -60
Restrictions violated:
0 14 25 3 2 4 7 5 

Individual 70
1	2	3	4	5	6	7	8	9	10	11	12	13	14	15	16	17	18	19	20	21	22	23	24	25	26	27	28
E	E	L	L	L	-	-	L	E	E	L	E	-	-	E	E	E	E	E	-	-	L	E	E	L	L	-	-
L	L	L	L	L	L	-	-	E	-	-	-	E	L	L	E	-	-	L	E	-	-	-	-	-	-	-	-
-	-	-	E	-	-	L	E	L	L	L	-	-	-	-	L	L	L	L	E	-	-	E	L	L	L	L	-
L	L	-	-	E	-	-	E	L	E	E	E	-	-	L	L	L	E	L	-	-	L	L	L	L	L	-	-
L	E	L	E	E	E	-	-	E	L	E	L	E	-	-	E	E	L	E	L	-	-	-	-	-	-	-	-
-	-	-	L	L	L	L	L	-	-	L	E	L	E	E	-	-	-	L	L	-	-	-	-	-	-	-	-
L	E	L	-	-	E	E	L	E	E	-	-	E	L	L	E	L	-	-	L	-	-	-	-	-	-	-	-
E	L	E	-	-	L	L	E	E	E	-	-	L	E	L	L	L	-	-	L	-	-	-	-	-	-	-	-
E	E	E	L	L	E	-	-	L	L	E	L	L	-	-	L	E	E	-	-	-	L	L	L	L	L	-	-
-	-	-	E	E	L	E	E	-	-	L	L	L	L	E	-	-	E	E	E	-	-	-	-	-	-	-	-
Objective 0: 4720
Objective 1: 83
Constr violation: -66
Restrictions violated:
0 12 27 5 3 7 7 5 

Individual 71
1	2	3	4	5	6	7	8	9	10	11	12	13	14	15	16	17	18	19	20	21	22	23	24	25	26	27	28
E	E	E	L	L	-	-	L	L	L	E	E	-	-	L	E	E	L	E	-	-	L	L	L	L	L	-	-
-	-	-	L	E	L	E	L	-	-	L	-	-	L	L	L	-	-	E	E	-	-	-	-	-	-	-	-
-	-	-	L	L	L	E	E	-	-	L	E	L	-	-	E	E	E	L	L	-	-	-	-	-	-	-	-
-	-	-	-	L	-	-	L	E	L	E	L	-	-	E	L	L	L	L	-	-	L	E	L	L	L	-	-
L	E	L	E	L	E	-	-	L	-	-	E	L	E	E	E	-	-	L	E	-	-	-	-	-	-	-	-
L	E	L	E	E	E	-	-	-	E	E	L	L	L	-	-	L	-	-	L	-	-	-	-	-	-	-	-
L	L	L	-	-	L	L	E	E	E	-	-	E	E	L	L	E	-	-	E	-	-	-	-	-	-	-	-
E	L	E	L	-	-	L	E	E	L	-	-	E	L	E	E	L	-	-	L	-	-	-	-	-	-	-	-
L	L	L	E	E	E	-	-	L	E	L	L	L	-	-	E	E	E	E	-	-	L	L	L	L	L	-	-
E	E	E	-	-	L	L	E	E	E	-	-	E	E	L	L	L	-	-	L	-	-	-	-	-	-	-	-
Objective 0: 4916
Objective 1: 93
Constr violation: -71
Restrictions violated:
0 13 25 8 3 8 7 7 

Individual 72
1	2	3	4	5	6	7	8	9	10	11	12	13	14	15	16	17	18	19	20	21	22	23	24	25	26	27	28
E	E	L	L	E	-	-	L	L	L	L	L	-	-	L	E	E	E	L	-	-	L	L	L	L	L	-	-
E	E	E	L	L	L	-	-	E	E	L	-	-	E	E	L	-	-	E	L	-	-	-	-	-	-	-	-
E	L	E	E	L	L	-	-	L	E	L	E	E	-	-	E	L	L	E	L	-	-	-	-	-	-	-	-
L	L	-	-	L	E	L	E	E	-	-	L	-	-	E	L	L	L	L	-	-	L	E	L	L	L	-	-
-	-	-	-	E	L	E	L	L	-	-	E	E	E	L	E	-	-	L	L	-	-	-	-	-	-	-	-
L	E	L	E	L	L	-	-	-	L	E	L	L	L	-	-	L	-	-	L	-	-	-	-	-	-	-	-
-	-	-	L	-	-	L	L	L	L	E	-	-	L	E	E	E	E	-	-	L	-	-	-	-	-	-	-
L	E	L	L	E	E	-	-	E	E	-	-	L	L	L	L	L	-	-	E	-	-	-	-	-	-	-	-
-	-	-	E	-	-	L	E	E	E	E	-	-	E	L	L	E	E	-	-	-	L	L	L	L	L	-	-
L	L	L	-	-	E	E	E	E	-	-	E	L	E	E	E	-	-	E	E	-	-	-	-	-	-	-	-
Objective 0: 4916
Objective 1: 91
Constr violation: -58
Restrictions violated:
0 9 21 7 4 4 7 6 

Individual 73
1	2	3	4	5	6	7	8	9	10	11	12	13	14	15	16	17	18	19	20	21	22	23	24	25	26	27	28
-	-	-	-	L	-	-	L	E	E	L	E	-	-	E	L	L	L	L	-	-	L	L	L	L	L	-	-
L	E	L	E	E	-	-	E	E	E	E	-	-	E	L	E	-	-	E	L	L	L	L	-	-	L	L	-
E	L	L	E	E	E	-	-	L	E	E	L	L	-	-	L	L	E	L	L	-	-	-	-	-	-	-	-
E	L	-	-	-	E	L	E	E	L	-	-	-	E	E	L	L	L	-	-	L	-	-	-	-	-	-	-
L	E	L	L	L	L	-	-	L	L	-	-	E	L	E	L	L	-	-	E	-	-	-	-	-	-	-	-
L	E	L	-	-	L	E	E	-	-	L	E	E	E	L	-	-	-	E	E	-	-	-	-	-	-	-	-
E	L	E	E	E	E	-	-	E	L	E	L	L	-	-	E	E	E	L	E	-	-	-	-	-	-	-	-
L	E	E	L	-	-	L	L	L	E	-	-	E	L	L	E	E	-	-	L	-	-	-	-	-	-	-	-
-	-	-	L	L	L	L	E	-	-	L	E	L	L	E	-	-	E	L	-	-	L	E	L	L	L	-	-
-	-	-	L	L	L	E	L	-	-	L	L	L	E	L	-	-	E	E	L	-	-	-	-	-	-	-	-
Objective 0: 5120
Objective 1: 98
Constr violation: -65
Restrictions violated:
0 17 26 4 3 2 8 5 

Individual 74
1	2	3	4	5	6	7	8	9	10	11	12	13	14	15	16	17	18	19	20	21	22	23	24	25	26	27	28
-	-	-	E	L	-	-	E	L	E	L	E	-	-	E	E	E	E	L	-	-	L	L	L	L	L	-	-
E	E	L	L	L	E	-	-	E	E	L	-	-	E	E	E	-	-	L	L	-	-	-	-	-	-	-	-
L	L	L	L	L	L	-	-	L	-	-	L	L	-	-	L	E	L	L	L	-	-	-	-	-	-	-	-
L	L	-	-	-	E	L	L	E	E	-	-	-	L	E	E	L	E	-	-	L	-	-	-	-	-	-	-
-	-	-	-	L	L	L	E	L	-	-	E	E	E	E	L	-	-	E	L	-	-	-	-	-	-	-	-
E	E	E	E	E	E	-	-	-	-	L	L	E	L	L	-	-	-	E	E	-	-	-	-	-	-	-	-
L	E	L	-	-	-	L	L	E	E	E	-	-	E	L	L	E	E	-	-	L	-	-	-	-	-	-	-
L	L	L	L	E	L	-	-	L	L	-	-	L	E	L	E	L	-	-	E	-	-	-	-	-	-	-	-
-	-	-	L	-	-	E	L	E	L	E	-	-	L	L	L	L	E	-	-	-	L	L	L	L	L	-	-
E	E	E	E	E	L	-	-	E	L	E	L	L	-	-	E	L	L	E	L	-	-	-	-	-	-	-	-
Objective 0: 5617
Objective 1: 95
Constr violation: -60
Restrictions violated:
0 15 20 5 5 0 8 7 

Individual 75
1	2	3	4	5	6	7	8	9	10	11	12	13	14	15	16	17	18	19	20	21	22	23	24	25	26	27	28
L	L	L	E	L	-	-	E	L	E	L	E	-	-	L	E	E	L	L	-	-	L	E	L	L	L	-	-
L	E	L	L	L	E	-	-	L	L	E	-	-	E	L	L	-	-	L	E	-	-	-	-	-	-	-	-
-	-	-	L	-	-	L	L	L	-	-	L	E	-	-	L	L	E	E	L	-	-	-	-	-	-	-	-
-	-	-	-	E	L	E	E	E	-	-	L	-	-	E	L	L	E	L	-	-	L	E	L	L	L	-	-
L	E	E	L	E	L	-	-	E	E	L	E	L	-	-	E	L	E	E	E	-	-	-	-	-	-	-	-
E	E	L	-	-	L	L	E	-	-	E	E	L	L	E	-	-	-	L	L	-	-	-	-	-	-	-	-
E	E	L	E	E	E	-	-	E	L	E	E	E	-	-	E	E	L	E	L	-	-	-	-	-	-	-	-
L	L	E	E	L	-	-	L	L	E	-	-	L	L	L	L	E	-	-	L	L	L	L	L	-	-	L	-
-	-	-	-	-	E	L	L	E	E	-	-	L	L	L	E	L	-	-	-	-	L	L	E	L	L	-	-
E	L	E	L	L	L	-	-	E	L	L	L	E	-	-	E	E	E	-	-	L	-	-	-	-	-	-	-
Objective 0: 4619
Objective 1: 93
Constr violation: -72
Restrictions violated:
0 15 31 4 4 6 7 5 

Individual 76
1	2	3	4	5	6	7	8	9	10	11	12	13	14	15	16	17	18	19	20	21	22	23	24	25	26	27	28
L	E	L	E	E	-	-	L	L	E	E	L	-	-	E	E	E	L	L	-	-	L	L	L	L	L	-	-
L	L	E	E	E	-	-	L	L	E	L	-	-	L	L	L	-	-	-	L	L	L	E	L	-	-	L	-
L	L	L	-	-	L	L	E	E	L	-	-	L	-	-	E	E	L	L	E	-	-	-	-	-	-	-	-
E	L	-	-	L	L	L	E	E	-	-	E	-	-	L	L	L	E	L	-	-	L	E	E	L	L	-	-
E	E	L	E	E	E	-	-	E	E	E	E	E	-	-	E	L	E	E	L	-	-	-	-	-	-	-	-
-	-	-	L	-	-	E	E	-	-	E	L	L	L	E	-	-	-	L	E	-	-	-	-	-	-	-	-
E	E	E	-	-	L	L	L	E	E	-	-	L	E	L	E	L	-	-	L	-	-	-	-	-	-	-	-
-	-	-	L	L	E	E	L	-	-	-	-	L	L	E	L	E	-	-	E	-	-	-	-	-	-	-	-
L	E	L	L	L	E	-	-	L	L	L	L	E	-	-	L	L	E	E	-	-	L	L	L	L	L	-	-
-	-	-	L	L	L	E	E	-	-	L	E	E	E	L	-	-	E	E	L	-	-	-	-	-	-	-	-
Objective 0: 4719
Objective 1: 77
Constr violation: -73
Restrictions violated:
0 18 27 6 2 8 7 5 

Individual 77
1	2	3	4	5	6	7	8	9	10	11	12	13	14	15	16	17	18	19	20	21	22	23	24	25	26	27	28
L	L	L	L	E	-	-	E	L	-	-	E	E	L	L	L	-	-	L	L	L	L	L	-	-	L	L	-
E	E	L	-	-	L	E	E	E	E	-	-	E	E	E	E	-	-	L	L	-	-	-	-	-	-	-	-
E	L	E	E	L	E	-	-	L	L	L	L	L	-	-	E	L	L	E	E	-	-	-	-	-	-	-	-
-	-	-	E	L	E	L	L	-	-	E	L	-	-	E	E	L	E	E	-	-	L	E	L	L	L	-	-
L	E	E	-	-	-	L	L	E	L	L	-	-	E	L	L	E	E	-	-	L	-	-	-	-	-	-	-
E	E	L	E	L	E	-	-	-	L	L	E	L	E	-	-	E	-	-	E	-	-	-	-	-	-	-	-
-	-	-	L	-	-	L	E	E	E	L	-	-	L	L	L	L	E	-	-	E	-	-	-	-	-	-	-
-	-	-	-	L	L	E	L	L	-	-	-	L	L	L	L	L	-	-	L	-	-	-	-	-	-	-	-
L	E	L	L	E	L	-	-	E	E	E	L	E	-	-	E	E	L	E	-	-	L	L	L	L	L	-	-
L	L	E	L	E	L	-	-	E	E	E	E	L	-	-	E	E	E	L	L	-	-	-	-	-	-	-	-
Objective 0: 4818
Objective 1: 92
Constr violation: -65
Restrictions violated:
0 12 24 6 4 6 8 5 

Individual 78
1	2	3	4	5	6	7	8	9	10	11	12	13	14	15	16	17	18	19	20	21	22	23	24	25	26	27	28
L	E	L	E	L	-	-	L	L	E	L	L	-	-	E	E	L	E	E	-	-	L	L	L	L	L	-	-
E	L	L	L	E	E	-	-	E	L	E	-	-	L	L	L	-	-	E	E	-	-	-	-	-	-	-	-
-	-	-	L	E	E	E	E	-	-	E	L	E	-	-	E	E	L	L	L	-	-	-	-	-	-	-	-
E	L	-	-	L	L	L	E	E	-	-	L	-	-	E	E	L	L	L	-	-	L	L	L	L	L	-	-
L	E	L	E	L	L	-	-	E	L	L	E	E	-	-	L	L	E	E	L	-	-	-	-	-	-	-	-
E	E	E	L	L	E	-	-	-	E	L	E	L	L	-	-	L	-	-	L	-	-	-	-	-	-	-	-
-	-	-	L	-	-	L	L	E	L	E	-	-	E	L	L	E	E	-	-	L	-	-	-	-	-	-	-
L	E	L	-	-	L	L	L	L	E	-	-	L	E	E	L	E	-	-	L	-	-	-	-	-	-	-	-
-	-	-	-	E	L	E	E	L	-	-	E	L	E	L	E	-	-	L	-	-	L	E	L	L	L	-	-
L	L	E	E	-	-	E	E	E	E	L	-	-	L	L	E	E	E	-	-	L	-	-	-	-	-	-	-
Objective 0: 4918
Objective 1: 91
Constr violation: -69
Restrictions violated:
0 13 28 8 3 4 7 6 

Individual 79
1	2	3	4	5	6	7	8	9	10	11	12	13	14	15	16	17	18	19	20	21	22	23	24	25	26	27	28
L	L	L	L	E	-	-	L	L	E	L	E	-	-	L	E	L	E	L	-	-	L	E	L	L	L	-	-
-	-	-	-	-	L	L	E	E	L	-	-	E	L	E	L	-	-	L	L	-	-	-	-	-	-	-	-
-	-	-	L	L	E	L	L	-	-	E	L	L	-	-	L	L	L	-	-	L	-	-	-	-	-	-	-
E	E	-	-	-	L	E	L	L	-	-	E	-	-	L	L	L	E	E	-	-	L	E	E	L	L	-	-
L	E	L	E	E	-	-	E	E	L	L	L	-	-	E	E	E	L	L	-	-	E	E	-	-	L	L	L
-	-	-	L	L	E	L	E	-	-	E	L	L	E	L	-	-	-	L	L	-	-	-	-	-	-	-	-
E	L	E	-	-	E	E	L	E	L	-	-	E	L	E	E	E	-	-	L	-	-	-	-	-	-	-	-
E	L	L	L	L	-	-	E	E	E	-	-	L	L	L	E	E	-	-	L	L	L	L	L	-	-	L	-
L	E	L	E	L	L	-	-	L	E	L	E	L	-	-	E	L	E	E	-	-	L	L	L	L	L	-	-
L	E	E	E	E	L	-	-	E	E	E	E	E	-	-	L	E	E	E	E	-	-	-	-	-	-	-	-
Objective 0: 4120
Objective 1: 88
Constr violation: -67
Restrictions violated:
0 11 28 4 2 12 6 4 

Individual 80
1	2	3	4	5	6	7	8	9	10	11	12	13	14	15	16	17	18	19	20	21	22	23	24	25	26	27	28
-	-	-	-	-	-	-	E	E	L	E	L	-	-	L	E	E	E	L	-	-	L	E	L	L	L	-	-
E	E	E	L	L	E	-	-	L	-	-	-	E	E	L	E	-	-	E	L	-	-	-	-	-	-	-	-
E	L	L	E	-	-	L	L	L	E	L	-	-	-	-	E	L	E	E	L	-	-	E	E	L	L	L	-
-	-	-	L	L	L	L	E	-	-	L	L	-	-	E	E	L	L	E	-	-	L	L	L	L	L	-	-
L	E	E	E	E	L	-	-	E	E	L	E	L	-	-	L	L	E	L	L	-	-	-	-	-	-	-	-
L	E	E	E	L	E	-	-	-	L	E	L	L	L	-	-	E	-	-	E	-	-	-	-	-	-	-	-
L	E	L	L	L	L	-	-	E	E	L	E	L	-	-	L	E	L	L	E	-	-	-	-	-	-	-	-
-	-	-	-	E	L	L	L	E	-	-	-	E	L	L	L	E	-	-	L	-	-	-	-	-	-	-	-
E	L	L	-	-	-	E	L	L	E	-	-	E	L	L	E	L	-	-	-	-	L	L	L	L	L	-	-
L	L	L	L	E	E	-	-	E	L	E	E	L	-	-	L	E	E	L	E	-	-	-	-	-	-	-	-
Objective 0: 4920
Objective 1: 106
Constr violation: -62
Restrictions violated:
0 12 28 4 5 2 7 4 

Individual 81
1	2	3	4	5	6	7	8	9	10	11	12	13	14	15	16	17	18	19	20	21	22	23	24	25	26	27	28
E	E	E	L	E	-	-	E	E	E	L	E	-	-	L	L	E	E	E	-	-	L	L	L	L	L	-	-
L	E	L	E	L	L	-	-	E	E	L	-	-	L	L	E	-	-	L	E	-	-	-	-	-	-	-	-
-	-	-	L	L	-	-	E	L	L	L	L	-	-	-	L	E	L	L	L	-	-	L	L	L	L	L	-
E	L	-	-	-	E	L	L	L	E	-	-	-	E	L	E	L	E	-	-	L	-	-	-	-	-	-	-
-	-	-	E	E	-	-	L	E	-	-	L	L	E	E	L	-	-	L	L	L	L	E	-	-	L	L	-
L	E	L	E	L	L	-	-	-	-	E	L	E	E	E	-	-	-	E	E	-	-	-	-	-	-	-	-
L	L	L	-	-	L	L	E	L	L	-	-	E	E	L	L	L	-	-	L	-	-	-	-	-	-	-	-
E	L	L	L	E	E	-	-	E	L	-	-	L	L	L	E	L	-	-	L	-	-	-	-	-	-	-	-
L	E	E	-	-	E	E	E	E	E	-	-	L	E	E	E	L	-	-	-	-	L	E	L	L	L	-	-
-	-	-	L	L	L	L	L	-	-	E	E	E	L	E	-	-	L	E	E	-	-	-	-	-	-	-	-
Objective 0: 4717
Objective 1: 96
Constr violation: -64
Restrictions violated:
0 16 25 3 3 4 7 6 

Individual 82
1	2	3	4	5	6	7	8	9	10	11	12	13	14	15	16	17	18	19	20	21	22	23	24	25	26	27	28
-	-	-	L	E	-	-	E	E	L	E	L	-	-	E	E	L	E	L	-	-	L	L	L	L	L	-	-
L	E	E	-	-	L	E	E	E	E	-	-	E	E	E	E	-	-	L	L	-	-	-	-	-	-	-	-
E	L	E	E	E	L	-	-	L	E	L	E	E	-	-	E	E	L	E	L	-	-	-	-	-	-	-	-
L	E	-	-	L	L	E	L	E	-	-	L	-	-	E	L	L	L	E	-	-	L	L	L	L	L	-	-
L	L	L	-	-	E	E	L	L	E	-	-	-	E	L	L	E	E	-	-	L	-	-	-	-	-	-	-
E	E	L	L	L	-	-	E	-	-	E	E	L	E	L	-	-	-	-	L	L	L	E	E	-	-	L	-
-	-	-	L	L	E	L	E	-	-	E	E	L	L	L	-	-	L	E	E	-	-	-	-	-	-	-	-
L	E	L	L	-	-	L	L	E	L	-	-	E	L	L	L	L	-	-	E	-	-	-	-	-	-	-	-
E	L	L	E	E	E	-	-	L	E	L	L	L	-	-	L	L	E	L	-	-	L	E	L	L	L	-	-
-	-	-	E	L	L	L	L	-	-	L	E	L	L	E	-	-	E	L	L	-	-	-	-	-	-	-	-
Objective 0: 4721
Objective 1: 96
Constr violation: -63
Restrictions violated:
0 12 28 5 2 4 7 5 

Individual 83
1	2	3	4	5	6	7	8	9	10	11	12	13	14	15	16	17	18	19	20	21	22	23	24	25	26	27	28
L	E	L	-	-	-	-	L	E	E	L	L	-	-	E	E	L	E	L	-	-	L	E	L	L	L	-	-
-	-	-	L	L	E	E	L	-	-	L	-	-	E	L	L	-	-	L	L	-	-	-	-	-	-	-	-
-	-	-	E	E	E	L	E	-	-	E	E	E	-	-	L	E	L	E	L	-	-	-	-	-	-	-	-
E	L	-	-	E	L	E	E	L	-	-	L	-	-	E	E	L	E	E	-	-	L	L	L	L	L	-	-
L	L	L	L	E	-	-	E	E	E	L	L	-	-	L	L	E	L	E	-	-	L	E	-	-	L	L	L
L	E	E	E	L	L	-	-	-	L	L	E	E	E	-	-	E	-	-	L	-	-	-	-	-	-	-	-
L	E	E	L	L	L	-	-	E	L	E	E	L	-	-	E	L	E	L	E	-	-	-	-	-	-	-	-
E	E	L	L	L	E	-	-	E	L	-	-	L	L	E	E	L	-	-	L	-	-	-	-	-	-	-	-
-	-	-	E	-	-	L	L	L	E	E	-	-	L	L	L	E	E	-	-	-	L	L	L	L	L	-	-
E	L	L	-	-	L	L	E	L	E	-	-	L	L	L	E	E	-	-	E	-	-	-	-	-	-	-	-
Objective 0: 4617
Objective 1: 108
Constr violation: -65
Restrictions violated:
0 15 27 7 3 2 6 5 

Individual 84
1	2	3	4	5	6	7	8	9	10	11	12	13	14	15	16	17	18	19	20	21	22	23	24	25	26	27	28
L	L	E	E	L	-	-	L	E	L	L	E	-	-	L	L	L	E	L	-	-	L	E	L	L	L	-	-
L	E	L	L	E	E	-	-	E	L	E	-	-	E	E	E	-	-	L	L	-	-	-	-	-	-	-	-
E	E	L	L	L	E	-	-	L	E	L	L	L	-	-	E	E	E	E	L	-	-	-	-	-	-	-	-
L	E	-	-	L	E	E	E	E	-	-	L	-	-	E	E	L	E	E	-	-	L	L	L	L	L	-	-
E	L	L	L	-	-	L	E	L	E	E	-	-	E	L	L	L	L	-	-	L	-	-	-	-	-	-	-
-	-	-	-	E	L	L	E	-	-	L	E	L	L	E	-	-	-	L	L	-	-	-	-	-	-	-	-
L	E	E	E	-	-	L	L	E	E	E	-	-	E	L	L	L	L	-	-	L	-	-	-	-	-	-	-
E	L	L	L	-	-	L	L	L	E	-	-	E	E	L	E	E	-	-	L	-	-	-	-	-	-	-	-
-	-	-	-	E	L	E	E	E	-	-	E	E	L	L	L	-	-	L	-	-	L	L	L	L	L	-	-
-	-	-	E	L	L	E	L	-	-	L	L	L	L	E	-	-	E	E	E	-	-	-	-	-	-	-	-
Objective 0: 5121
Objective 1: 105
Constr violation: -59
Restrictions violated:
0 10 25 5 2 4 7 6 

Individual 85
1	2	3	4	5	6	7	8	9	10	11	12	13	14	15	16	17	18	19	20	21	22	23	24	25	26	27	28
-	-	-	L	-	-	-	L	E	L	L	L	-	-	L	L	E	E	E	-	-	L	E	L	L	L	-	-
-	-	-	E	E	-	-	L	L	L	E	-	-	L	L	L	-	-	E	L	L	L	L	-	-	L	L	-
-	-	-	L	L	E	E	L	-	-	L	E	L	-	-	E	E	E	L	L	-	-	-	-	-	-	-	-
L	L	-	-	L	E	L	E	E	-	-	L	-	-	L	E	L	E	L	-	-	L	L	L	L	L	-	-
L	E	E	E	L	L	-	-	E	L	E	E	L	-	-	E	L	L	L	E	-	-	-	-	-	-	-	-
E	L	L	-	-	L	L	E	-	-	L	E	E	L	L	-	-	-	L	L	-	-	-	-	-	-	-	-
E	E	L	-	-	L	L	E	E	E	-	-	E	L	E	L	L	-	-	L	-	-	-	-	-	-	-	-
L	E	L	E	E	L	-	-	L	E	-	-	L	E	E	E	E	-	-	E	-	-	-	-	-	-	-	-
L	E	E	L	L	E	-	-	E	E	L	E	E	-	-	L	L	E	-	-	-	L	E	E	L	L	-	-
E	L	L	L	E	-	-	E	L	E	E	L	-	-	E	E	E	L	E	-	-	-	E	L	-	-	L	L
Objective 0: 4319
Objective 1: 95
Constr violation: -66
Restrictions violated:
0 16 29 4 3 4 6 4 

Individual 86
1	2	3	4	5	6	7	8	9	10	11	12	13	14	15	16	17	18	19	20	21	22	23	24	25	26	27	28
L	E	E	L	L	-	-	E	L	E	L	E	-	-	L	E	L	E	L	-	-	L	E	E	L	L	-	-
L	E	L	-	-	-	E	L	L	E	-	-	L	L	E	E	-	-	E	E	-	-	-	-	-	-	-	-
L	E	E	L	E	E	-	-	E	E	L	L	E	-	-	E	L	E	L	L	-	-	-	-	-	-	-	-
-	-	-	L	L	E	E	E	-	-	E	E	-	-	L	L	E	E	E	-	-	L	L	L	L	L	-	-
E	L	L	-	-	E	L	L	E	E	-	-	L	E	L	L	L	-	-	L	-	-	-	-	-	-	-	-
-	-	-	E	E	L	L	L	-	-	E	L	L	L	L	-	-	-	L	L	-	-	-	-	-	-	-	-
E	L	L	E	L	-	-	E	E	L	E	L	-	-	E	L	E	E	E	-	-	L	L	L	L	-	-	L
L	E	L	-	-	L	E	L	E	L	-	-	E	E	E	E	E	-	-	L	-	-	-	-	-	-	-	-
E	L	E	E	E	L	-	-	L	L	L	E	E	-	-	L	L	L	-	-	-	L	E	L	L	L	-	-
-	-	-	L	L	L	L	E	-	-	L	E	L	L	E	-	-	L	L	E	-	-	-	-	-	-	-	-
Objective 0: 4622
Objective 1: 87
Constr violation: -65
Restrictions violated:
0 9 30 2 2 11 6 5 

Individual 87
1	2	3	4	5	6	7	8	9	10	11	12	13	14	15	16	17	18	19	20	21	22	23	24	25	26	27	28
L	L	L	L	L	-	-	E	E	E	-	-	E	L	E	L	L	-	-	L	L	L	E	L	-	-	L	-
L	L	E	E	L	E	-	-	L	E	L	-	-	L	L	L	-	-	E	E	-	-	-	-	-	-	-	-
E	E	L	-	-	L	L	E	L	L	-	-	E	-	-	L	E	E	L	L	-	-	-	-	-	-	-	-
-	-	-	E	E	L	E	L	-	-	E	L	-	-	E	E	E	E	L	-	-	L	L	L	L	L	-	-
L	E	L	E	E	E	-	-	L	L	L	L	E	-	-	E	L	E	L	E	-	-	-	-	-	-	-	-
-	-	-	L	L	L	L	E	-	-	E	L	L	E	L	-	-	-	E	E	-	-	-	-	-	-	-	-
-	-	-	-	-	-	L	L	E	L	L	-	-	L	L	E	E	E	-	-	L	-	-	-	-	-	-	-
E	L	E	-	-	L	E	L	E	-	-	-	L	E	L	E	E	-	-	L	-	-	-	-	-	-	-	-
E	E	L	L	E	-	-	E	E	E	L	E	-	-	E	L	L	L	L	-	-	L	L	L	L	L	-	-
L	E	E	L	L	E	-	-	E	E	E	E	L	-	-	E	L	L	E	L	-	-	-	-	-	-	-	-
Objective 0: 4919
Objective 1: 88
Constr violation: -66
Restrictions violated:
0 13 27 4 3 6 8 5 

Individual 88
1	2	3	4	5	6	7	8	9	10	11	12	13	14	15	16	17	18	19	20	21	22	23	24	25	26	27	28
E	L	E	E	L	-	-	L	L	E	L	E	-	-	L	E	E	L	L	-	-	L	E	L	L	L	-	-
L	E	L	L	L	L	-	-	E	L	E	-	-	L	L	L	-	-	E	L	-	-	-	-	-	-	-	-
L	L	E	L	E	E	-	-	E	E	E	E	L	-	-	E	E	E	L	L	-	-	-	-	-	-	-	-
-	-	-	-	L	L	L	E	E	-	-	L	-	-	L	L	L	L	L	-	-	L	E	L	L	L	-	-
L	E	L	L	E	-	-	E	E	E	L	L	-	-	E	E	L	E	E	-	-	L	L	-	-	L	L	L
E	E	E	-	-	L	L	L	-	-	L	E	L	L	E	-	-	-	L	L	-	-	-	-	-	-	-	-
-	-	-	L	E	E	E	E	-	-	L	L	E	E	L	-	-	E	E	E	-	-	-	-	-	-	-	-
L	L	L	E	L	L	-	-	L	L	-	-	E	E	E	E	E	-	-	L	-	-	-	-	-	-	-	-
-	-	-	-	-	E	L	E	L	L	-	-	L	E	L	L	L	-	-	-	-	L	L	L	L	L	-	-
E	E	L	E	-	-	E	L	E	E	E	-	-	L	E	L	L	E	-	-	L	-	-	-	-	-	-	-
Objective 0: 4620
Objective 1: 100
Constr violation: -64
Restrictions violated:
0 15 25 3 3 6 6 6 

Individual 89
1	2	3	4	5	6	7	8	9	10	11	12	13	14	15	16	17	18	19	20	21	22	23	24	25	26	27	28
-	-	-	-	L	-	-	L	L	L	L	L	-	-	E	E	E	E	E	-	-	L	E	L	L	L	-	-
E	E	L	E	L	L	-	-	E	E	E	-	-	L	L	E	-	-	L	L	-	-	-	-	-	-	-	-
-	-	-	E	E	E	L	L	-	-	L	E	L	-	-	E	L	E	L	E	-	-	-	-	-	-	-	-
-	-	-	-	L	L	E	E	E	-	-	L	-	-	L	L	E	E	E	-	-	L	L	L	L	L	-	-
L	E	L	-	-	L	E	E	E	L	-	-	L	L	E	L	L	-	-	L	-	-	-	-	-	-	-	-
E	L	E	L	-	-	L	E	-	-	E	E	E	E	L	-	-	-	L	E	-	-	-	-	-	-	-	-
E	L	L	L	E	E	-	-	E	E	L	L	E	-	-	L	E	L	L	L	-	-	-	-	-	-	-	-
L	E	L	L	L	E	-	-	L	E	-	-	L	E	L	E	L	-	-	L	-	-	-	-	-	-	-	-
L	L	E	L	E	L	-	-	E	L	E	E	E	-	-	E	L	L	E	-	-	L	L	L	L	L	-	-
L	E	E	E	-	-	L	L	L	E	L	-	-	L	E	L	E	E	-	-	L	-	-	-	-	-	-	-
Objective 0: 4918
Objective 1: 100
Constr violation: -71
Restrictions violated:
0 15 30 5 4 4 7 6 

Individual 90
1	2	3	4	5	6	7	8	9	10	11	12	13	14	15	16	17	18	19	20	21	22	23	24	25	26	27	28
L	L	L	L	E	-	-	L	L	E	L	L	-	-	L	E	L	E	L	-	-	L	L	L	L	L	-	-
-	-	-	E	L	-	-	E	E	L	L	-	-	E	L	L	-	-	L	L	L	L	L	-	-	L	L	-
E	E	E	E	E	L	-	-	L	-	-	L	L	-	-	L	E	L	E	L	-	-	-	-	-	-	-	-
-	-	-	E	L	E	E	E	-	-	L	L	-	-	E	E	E	E	E	-	-	L	E	L	L	L	-	-
L	E	L	L	L	L	-	-	E	L	E	E	E	-	-	E	E	L	L	E	-	-	-	-	-	-	-	-
L	L	E	L	L	L	-	-	-	E	E	E	E	L	-	-	L	-	-	E	-	-	-	-	-	-	-	-
E	E	L	-	-	E	L	E	E	E	-	-	L	E	L	E	L	-	-	L	-	-	-	-	-	-	-	-
-	-	-	-	E	E	L	L	L	-	-	-	L	L	E	L	E	-	-	L	-	-	-	-	-	-	-	-
E	E	E	-	-	L	E	E	E	E	-	-	E	E	L	L	L	-	-	-	-	L	E	L	L	L	-	-
L	L	L	L	-	-	L	L	E	L	E	-	-	L	E	E	E	E	-	-	L	-	-	-	-	-	-	-
Objective 0: 4416
Objective 1: 98
Constr violation: -65
Restrictions violated:
0 18 22 6 3 4 7 5 

Individual 91
1	2	3	4	5	6	7	8	9	10	11	12	13	14	15	16	17	18	19	20	21	22	23	24	25	26	27	28
-	-	-	-	E	-	-	L	E	E	E	L	-	-	L	L	L	E	L	-	-	L	E	L	L	L	-	-
E	L	L	-	-	E	E	L	E	-	-	-	E	E	L	E	-	-	E	L	-	-	-	-	-	-	-	-
L	E	E	E	-	-	L	E	L	E	E	-	-	-	-	L	L	L	L	L	-	-	L	L	L	L	L	-
-	-	-	L	E	L	L	L	-	-	L	L	-	-	E	E	E	E	L	-	-	L	L	E	L	L	-	-
L	L	L	L	L	L	-	-	E	-	-	L	L	L	L	E	-	-	L	L	-	-	-	-	-	-	-	-
L	L	L	E	E	L	-	-	-	L	L	E	L	L	-	-	E	-	-	E	-	-	-	-	-	-	-	-
-	-	-	-	-	E	L	E	E	E	-	-	E	L	E	L	L	-	-	L	-	-	-	-	-	-	-	-
E	E	E	L	L	-	-	E	L	L	-	-	E	E	L	E	E	-	-	E	L	L	E	E	-	-	L	-
E	E	L	L	L	E	-	-	E	E	E	E	L	-	-	L	L	E	E	-	-	L	E	L	L	L	-	-
L	E	E	E	L	L	-	-	L	L	L	E	L	-	-	E	E	L	E	E	-	-	-	-	-	-	-	-
Objective 0: 4117
Objective 1: 96
Constr violation: -62
Restrictions violated:
0 10 23 6 4 8 7 4 

Individual 92
1	2	3	4	5	6	7	8	9	10	11	12	13	14	15	16	17	18	19	20	21	22	23	24	25	26	27	28
L	E	L	L	E	-	-	L	L	E	L	E	-	-	L	L	L	L	L	-	-	L	L	L	L	L	-	-
-	-	-	E	-	-	L	L	L	L	L	-	-	E	E	L	-	-	E	L	-	-	-	-	-	-	-	-
L	E	L	L	E	L	-	-	E	L	E	L	L	-	-	E	E	E	E	L	-	-	-	-	-	-	-	-
E	L	-	-	L	L	E	E	E	-	-	E	-	-	E	E	L	E	E	-	-	L	L	L	L	L	-	-
L	E	L	L	E	-	-	E	E	E	L	E	-	-	L	L	E	E	L	-	-	L	E	-	-	L	L	L
-	-	-	L	L	E	L	E	-	-	L	L	E	L	E	-	-	-	-	E	-	-	-	-	-	-	-	-
L	E	E	-	-	E	E	L	L	E	-	-	L	L	E	E	L	-	-	L	-	-	-	-	-	-	-	-
E	L	L	-	-	E	L	E	E	L	-	-	E	L	L	E	L	-	-	L	-	-	-	-	-	-	-	-
-	-	-	E	L	L	E	L	-	-	E	L	E	E	L	-	-	E	L	-	-	L	E	L	L	L	-	-
E	L	E	E	L	L	-	-	E	E	E	E	L	-	-	L	E	L	L	E	-	-	-	-	-	-	-	-
Objective 0: 4722
Objective 1: 93
Constr violation: -64
Restrictions violated:
0 12 29 5 2 6 6 4 

Individual 93
1	2	3	4	5	6	7	8	9	10	11	12	13	14	15	16	17	18	19	20	21	22	23	24	25	26	27	28
-	-	-	-	-	-	-	L	L	L	E	L	-	-	E	L	L	L	E	-	-	L	E	L	L	L	-	-
L	E	L	L	E	E	-	-	E	E	E	-	-	E	L	L	-	-	E	L	-	-	-	-	-	-	-	-
E	E	L	-	-	L	L	L	E	E	-	-	L	-	-	E	L	E	L	E	-	-	-	-	-	-	-	-
-	-	-	E	E	-	-	E	L	-	-	L	-	-	E	E	L	E	L	-	-	L	L	L	L	L	-	-
-	-	-	E	L	L	L	E	-	-	E	E	L	L	L	-	-	L	L	L	-	-	-	-	-	-	-	-
E	L	E	L	E	-	-	L	-	-	L	E	L	L	L	-	-	-	L	E	L	L	L	-	-	L	L	-
L	E	E	E	L	L	-	-	E	L	L	L	E	-	-	L	E	E	E	L	-	-	-	-	-	-	-	-
L	E	E	L	L	E	-	-	E	L	-	-	E	E	L	E	E	-	-	L	-	-	-	-	-	-	-	-
L	L	L	-	-	E	L	E	E	E	-	-	E	L	E	E	L	-	-	-	-	L	E	L	L	L	-	-
E	L	L	L	L	L	-	-	L	E	L	E	L	-	-	L	E	E	-	-	L	-	-	-	-	-	-	-
Objective 0: 4818
Objective 1: 96
Constr violation: -60
Restrictions violated:
0 11 26 5 4 0 7 7 

Individual 94
1	2	3	4	5	6	7	8	9	10	11	12	13	14	15	16	17	18	19	20	21	22	23	24	25	26	27	28
-	-	-	E	L	-	-	E	L	E	E	L	-	-	E	L	L	E	L	-	-	L	E	L	L	L	-	-
-	-	-	-	L	-	-	E	E	E	E	-	-	L	E	E	-	-	-	L	L	L	L	E	-	-	L	-
E	E	L	E	-	-	E	L	E	L	L	-	-	-	-	L	E	L	E	E	-	-	E	L	L	L	L	-
-	-	-	L	E	L	L	L	-	-	L	E	-	-	E	E	E	E	L	-	-	L	E	E	L	L	-	-
E	L	E	E	L	E	-	-	L	L	L	E	L	-	-	E	L	E	L	L	-	-	-	-	-	-	-	-
E	E	L	-	-	E	L	E	-	-	E	E	L	E	L	-	-	-	E	E	-	-	-	-	-	-	-	-
L	E	L	L	E	L	-	-	E	L	L	L	E	-	-	L	L	L	L	L	-	-	-	-	-	-	-	-
L	E	E	L	L	E	-	-	E	E	-	-	E	L	L	L	E	-	-	L	-	-	-	-	-	-	-	-
L	L	L	L	E	L	-	-	L	-	-	L	L	E	L	E	-	-	E	-	-	L	L	L	L	L	-	-
L	L	E	-	-	L	L	L	E	E	-	-	E	L	L	E	L	-	-	E	-	-	-	-	-	-	-	-
Objective 0: 4117
Objective 1: 79
Constr violation: -69
Restrictions violated:
0 16 30 6 4 2 7 4 

Individual 95
1	2	3	4	5	6	7	8	9	10	11	12	13	14	15	16	17	18	19	20	21	22	23	24	25	26	27	28
E	L	L	-	-	-	-	L	E	L	E	L	-	-	L	E	L	E	E	-	-	L	E	E	L	L	-	-
-	-	-	L	E	L	L	E	-	-	-	-	L	L	L	L	-	-	E	L	-	-	-	-	-	-	-	-
-	-	-	E	L	L	E	L	-	-	L	E	L	-	-	E	L	L	L	E	-	-	-	-	-	-	-	-
-	-	-	L	E	E	E	E	-	-	L	E	-	-	E	E	E	E	L	-	-	L	L	L	L	L	-	-
E	L	L	-	-	L	L	L	L	E	-	-	E	L	L	L	E	-	-	L	-	-	-	-	-	-	-	-
L	E	E	E	L	E	-	-	-	E	L	L	L	E	-	-	L	-	-	E	-	-	-	-	-	-	-	-
L	E	E	L	E	L	-	-	E	E	L	E	E	-	-	L	L	E	L	L	-	-	-	-	-	-	-	-
E	E	L	L	L	-	-	E	E	E	-	-	L	E	L	E	E	-	-	L	L	L	E	L	-	-	L	-
L	E	E	-	-	-	L	E	L	L	E	-	-	L	E	E	E	L	-	-	-	L	L	L	L	L	-	-
L	L	L	E	L	E	-	-	L	L	E	L	E	-	-	L	E	E	E	E	-	-	-	-	-	-	-	-
Objective 0: 4619
Objective 1: 100
Constr violation: -68
Restrictions violated:
0 15 33 4 3 2 7 4 

Individual 96
1	2	3	4	5	6	7	8	9	10	11	12	13	14	15	16	17	18	19	20	21	22	23	24	25	26	27	28
L	L	L	E	-	-	-	L	L	E	E	E	-	-	L	E	E	L	E	-	-	L	L	L	L	L	-	-
E	E	L	E	L	L	-	-	L	E	E	-	-	L	L	L	-	-	E	E	-	-	-	-	-	-	-	-
-	-	-	-	-	-	L	L	E	E	L	-	-	-	-	E	L	E	L	L	-	-	E	L	E	L	L	-
L	E	-	-	E	L	L	E	E	-	-	L	-	-	L	L	E	E	E	-	-	L	E	E	L	L	-	-
E	E	L	-	-	L	E	E	E	L	-	-	E	L	E	E	L	-	-	L	-	-	-	-	-	-	-	-
E	E	E	E	L	E	-	-	-	L	L	L	L	E	-	-	L	-	-	L	-	-	-	-	-	-	-	-
L	L	L	L	E	-	-	E	L	E	E	E	-	-	L	L	L	E	L	-	-	L	E	L	L	-	-	L
-	-	-	L	L	E	E	L	-	-	-	-	L	E	E	E	E	-	-	E	-	-	-	-	-	-	-	-
L	L	E	L	E	E	-	-	E	L	L	E	E	-	-	L	E	E	L	-	-	L	L	E	L	L	-	-
-	-	-	L	L	L	L	E	-	-	L	L	L	L	E	-	-	L	L	L	-	-	-	-	-	-	-	-
Objective 0: 4217
Objective 1: 97
Constr violation: -74
Restrictions violated:
0 13 30 5 3 11 6 6 

Individual 97
1	2	3	4	5	6	7	8	9	10	11	12	13	14	15	16	17	18	19	20	21	22	23	24	25	26	27	28
-	-	-	L	L	-	-	E	E	L	E	L	-	-	E	E	L	E	-	-	L	L	E	L	L	-	-	E
L	L	L	-	-	E	E	E	E	L	-	-	E	E	E	E	-	-	L	E	-	-	-	-	-	-	-	-
L	E	E	L	L	L	-	-	L	E	L	L	E	-	-	L	E	E	E	L	-	-	-	-	-	-	-	-
L	E	-	-	L	L	L	L	L	-	-	L	-	-	L	L	L	L	E	-	-	L	L	L	L	L	-	-
E	L	L	L	E	L	-	-	E	E	L	E	-	-	L	E	L	E	L	-	-	L	L	-	-	L	L	L
-	-	-	E	E	L	L	L	-	-	E	E	L	E	L	-	-	-	L	E	-	-	-	-	-	-	-	-
E	E	L	-	-	E	E	E	L	E	-	-	L	L	L	L	E	-	-	L	-	-	-	-	-	-	-	-
-	-	-	E	-	-	L	L	L	L	-	-	L	L	E	E	E	-	-	L	-	-	-	-	-	-	-	-
E	E	E	L	E	E	-	-	E	E	L	E	E	-	-	E	L	L	E	-	-	L	E	L	L	L	-	-
L	L	L	E	L	-	-	E	E	-	-	E	L	L	E	L	-	-	L	L	L	-	-	E	-	-	L	-
Objective 0: 4219
Objective 1: 96
Constr violation: -61
Restrictions violated:
0 11 25 6 3 6 6 4 

Individual 98
1	2	3	4	5	6	7	8	9	10	11	12	13	14	15	16	17	18	19	20	21	22	23	24	25	26	27	28
-	-	-	-	E	-	-	L	L	L	L	L	-	-	E	L	L	E	E	-	-	L	L	L	L	L	-	-
L	L	L	L	L	E	-	-	L	E	E	-	-	E	L	L	-	-	L	L	-	-	-	-	-	-	-	-
E	E	E	L	L	L	-	-	E	E	L	L	L	-	-	E	E	L	E	E	-	-	-	-	-	-	-	-
L	E	-	-	-	L	L	E	E	E	-	-	-	E	L	L	L	L	-	-	L	-	-	-	-	-	-	-
-	-	-	L	-	-	L	L	E	L	L	-	-	L	L	L	L	E	-	-	L	-	-	-	-	-	-	-
E	E	L	E	E	L	-	-	-	E	E	L	L	L	-	-	L	-	-	E	-	-	-	-	-	-	-	-
L	E	L	E	-	-	L	E	L	-	-	E	E	L	L	E	-	-	L	L	-	-	-	-	-	-	-	-
L	L	E	E	L	L	-	-	E	L	-	-	E	E	E	E	E	-	-	L	-	-	-	-	-	-	-	-
E	L	L	L	L	E	-	-	E	-	-	E	L	E	E	E	-	-	E	-	-	L	L	L	L	L	-	-
-	-	-	-	E	E	E	L	L	-	-	E	E	E	E	E	-	-	L	L	-	-	-	-	-	-	-	-
Objective 0: 5616
Objective 1: 86
Constr violation: -62
Restrictions violated:
0 17 16 9 5 0 8 7 

Individual 99
1	2	3	4	5	6	7	8	9	10	11	12	13	14	15	16	17	18	19	20	21	22	23	24	25	26	27	28
E	E	E	E	L	-	-	L	E	E	E	E	-	-	E	E	E	E	L	-	-	L	E	L	L	L	-	-
L	E	L	L	L	E	-	-	L	E	L	-	-	E	E	L	-	-	L	L	-	-	-	-	-	-	-	-
-	-	-	L	-	-	E	E	L	E	L	-	-	-	-	L	L	L	L	L	-	-	E	L	L	L	L	-
L	L	-	-	E	L	E	L	L	-	-	E	-	-	E	L	L	E	E	-	-	L	L	E	L	L	-	-
-	-	-	-	L	E	L	E	E	-	-	E	E	L	L	L	-	-	L	E	-	-	-	-	-	-	-	-
E	L	L	-	-	L	L	E	-	-	L	L	L	E	E	-	-	-	-	E	-	-	-	-	-	-	-	-
-	-	-	L	E	L	E	E	-	-	E	L	L	E	L	-	-	E	E	L	-	-	-	-	-	-	-	-
L	E	E	E	E	E	-	-	E	E	-	-	L	L	L	E	L	-	-	L	-	-	-	-	-	-	-	-
L	L	L	E	-	-	L	L	E	L	L	-	-	L	L	E	E	E	-	-	-	L	L	L	L	L	-	-
E	E	L	L	L	L	-	-	E	L	E	L	E	-	-	E	L	L	E	E	-	-	-	-	-	-	-	-
Objective 0: 4719
Objective 1: 99
Constr violation: -65
Restrictions violated:
0 14 25 4 3 7 7 5 

