Individual 0
1	2	3	4	5	6	7	8	9	10	11	12	13	14	15	16	17	18	19	20	21	22	23	24	25	26	27	28
L	L	L	-	-	-	-	L	L	L	L	L	-	-	-	-	E	E	E	L	L	-	-	L	L	L	L	-
E	E	E	E	-	-	E	E	E	E	E	-	-	-	E	E	-	-	-	-	-	-	-	E	E	E	E	E
E	E	E	-	-	E	E	E	E	L	-	-	-	-	-	E	L	L	L	L	-	-	-	E	E	E	-	-
-	-	-	L	L	-	-	E	E	E	E	E	-	-	-	E	L	-	-	E	E	E	E	E	-	-	E	E
-	E	E	E	E	-	-	L	L	L	L	L	-	-	E	E	-	-	E	E	E	L	-	-	-	E	L	L
L	L	L	L	-	-	L	L	-	-	-	-	L	L	L	L	L	-	-	-	-	L	L	L	L	L	-	-
L	L	L	-	-	E	L	L	L	L	-	-	-	-	L	L	L	L	L	-	-	E	L	L	L	-	-	-
-	-	E	L	L	L	-	-	E	E	-	-	E	E	E	E	E	-	-	-	-	E	E	E	E	L	-	-
E	E	E	E	E	-	-	-	-	-	L	L	L	L	L	-	-	E	L	-	-	E	E	E	L	L	-	-
-	E	L	L	L	-	-	-	E	E	E	E	-	-	-	-	E	E	L	L	L	-	-	-	-	E	E	E
Objective 0: 3013
Objective 1: 15
Constr violation: 0
Restrictions violated:
0 0 0 0 0 0 0 0 

Individual 1
1	2	3	4	5	6	7	8	9	10	11	12	13	14	15	16	17	18	19	20	21	22	23	24	25	26	27	28
L	L	L	-	-	-	-	L	L	L	L	L	-	-	-	-	E	E	E	L	L	-	-	L	L	L	L	-
E	E	E	E	-	-	E	E	E	E	E	-	-	-	E	E	-	-	-	-	-	-	-	E	E	E	E	E
E	E	E	-	-	E	E	E	E	L	-	-	-	-	-	E	L	L	L	L	-	-	-	E	E	E	-	-
-	-	-	L	L	-	-	E	E	E	E	E	-	-	-	E	L	-	-	E	E	E	E	E	-	-	E	E
-	E	E	E	E	-	-	L	L	L	L	L	-	-	E	E	-	-	E	E	E	L	-	-	-	E	L	L
L	L	L	L	-	-	L	L	-	-	-	-	L	L	L	L	L	-	-	-	-	L	L	L	L	L	-	-
L	L	L	-	-	E	L	L	L	L	-	-	-	L	L	L	L	L	-	-	-	E	L	L	L	-	-	-
-	-	E	L	L	L	-	-	E	E	-	-	E	E	E	E	E	-	-	-	-	E	E	E	E	L	-	-
-	-	-	E	E	L	L	-	-	-	L	L	L	L	L	-	-	E	L	-	-	E	E	E	L	L	-	-
-	E	L	L	L	-	-	-	E	E	E	E	-	-	-	-	E	E	L	L	L	-	-	-	-	E	E	E
Objective 0: 2709
Objective 1: 24
Constr violation: 0
Restrictions violated:
0 0 0 0 0 0 0 0 

Individual 2
1	2	3	4	5	6	7	8	9	10	11	12	13	14	15	16	17	18	19	20	21	22	23	24	25	26	27	28
L	L	L	-	-	-	-	L	L	L	L	L	-	-	-	-	E	E	E	L	L	-	-	L	L	L	L	-
E	E	E	E	-	-	E	E	E	E	E	-	-	-	E	E	-	-	-	-	-	-	-	E	E	E	E	E
E	E	E	-	-	E	E	E	E	L	-	-	-	-	-	E	L	L	L	L	-	-	-	E	E	E	-	-
-	-	-	L	L	-	-	E	E	E	E	E	-	-	-	E	L	-	-	E	E	E	E	E	-	-	E	E
-	E	E	E	E	-	-	L	L	L	L	L	-	-	E	E	-	-	E	E	E	L	-	-	-	E	L	L
L	L	L	L	-	-	L	L	-	-	-	-	L	L	L	L	L	-	-	-	-	L	L	L	L	L	-	-
L	L	L	-	-	E	L	L	L	L	-	-	-	L	L	L	L	L	-	-	-	E	L	L	L	-	-	-
-	-	E	L	L	L	-	-	E	E	-	-	E	E	E	E	E	-	-	-	-	E	E	E	E	L	-	-
-	E	E	E	E	-	-	-	-	-	L	L	L	L	L	-	-	E	L	-	-	E	E	E	L	L	-	-
-	E	L	L	L	-	-	-	E	E	E	E	-	-	-	-	E	E	L	L	L	-	-	-	-	E	E	E
Objective 0: 2911
Objective 1: 20
Constr violation: 0
Restrictions violated:
0 0 0 0 0 0 0 0 

Individual 3
1	2	3	4	5	6	7	8	9	10	11	12	13	14	15	16	17	18	19	20	21	22	23	24	25	26	27	28
L	L	L	-	-	-	-	L	L	L	L	L	-	-	-	-	E	E	E	L	L	-	-	L	L	L	L	-
E	E	E	E	-	-	E	E	E	E	E	-	-	-	E	E	-	-	-	-	-	-	-	E	E	E	E	E
E	E	E	-	-	E	E	E	E	L	-	-	-	-	-	E	L	L	L	L	-	-	-	E	E	E	-	-
-	-	-	L	L	-	-	E	E	E	E	E	-	-	-	E	L	-	-	E	E	E	E	E	-	-	E	E
-	E	E	E	E	-	-	L	L	L	L	L	-	-	E	E	-	-	E	E	E	L	-	-	-	E	L	L
L	L	L	L	-	-	L	L	-	-	-	-	L	L	L	L	L	-	-	-	-	L	L	L	L	L	-	-
L	L	L	-	-	E	L	L	L	L	-	-	-	-	L	L	L	L	L	-	-	E	L	L	L	-	-	-
-	-	E	L	L	L	-	-	E	E	-	-	E	E	E	E	E	-	-	-	-	E	E	E	E	L	-	-
-	-	-	E	E	L	L	-	-	-	L	L	L	L	L	-	-	E	L	-	-	E	E	E	L	L	-	-
-	E	L	L	L	-	-	-	E	E	E	E	-	-	-	-	E	E	L	L	L	-	-	-	-	E	E	E
Objective 0: 2810
Objective 1: 21
Constr violation: 0
Restrictions violated:
0 0 0 0 0 0 0 0 

Individual 4
1	2	3	4	5	6	7	8	9	10	11	12	13	14	15	16	17	18	19	20	21	22	23	24	25	26	27	28
L	L	L	-	-	-	-	L	L	L	L	L	-	-	-	-	E	E	E	L	L	-	-	L	L	L	L	-
E	E	E	E	-	-	E	E	E	E	E	-	-	-	E	E	-	-	-	-	-	-	-	E	E	E	E	E
E	E	E	-	-	E	E	E	E	L	-	-	-	-	-	E	L	L	L	L	-	-	-	E	E	E	-	-
-	-	-	L	L	-	-	E	E	E	E	E	-	-	-	E	L	-	-	E	E	E	E	E	-	-	E	E
-	E	E	E	E	-	-	L	L	L	L	L	-	-	E	E	-	-	E	E	E	L	-	-	-	E	L	L
L	L	L	L	-	-	L	L	-	-	-	-	L	L	L	L	L	-	-	-	-	L	L	L	L	L	-	-
L	L	L	-	-	E	L	L	L	L	-	-	-	L	L	L	L	L	-	-	-	E	L	L	L	-	-	-
-	-	E	L	L	L	-	-	E	E	-	-	E	E	E	E	E	-	-	-	-	E	E	E	E	L	-	-
E	E	E	E	E	-	-	-	-	-	L	L	L	L	L	-	-	E	L	-	-	E	E	E	L	L	-	-
-	E	L	L	L	-	-	-	E	E	E	E	-	-	-	-	E	E	L	L	L	-	-	-	-	E	E	E
Objective 0: 2912
Objective 1: 18
Constr violation: 0
Restrictions violated:
0 0 0 0 0 0 0 0 

Individual 5
1	2	3	4	5	6	7	8	9	10	11	12	13	14	15	16	17	18	19	20	21	22	23	24	25	26	27	28
L	L	L	-	-	-	-	L	L	L	L	L	-	-	-	-	E	E	E	L	L	-	-	L	L	L	L	-
E	E	E	E	-	-	E	E	E	E	E	-	-	-	E	E	-	-	-	-	-	-	-	E	E	E	E	E
E	E	E	-	-	E	E	E	E	L	-	-	-	-	-	E	L	L	L	L	-	-	-	E	E	E	-	-
-	-	-	L	L	-	-	E	E	E	E	E	-	-	-	E	L	-	-	E	E	E	E	E	-	-	E	E
-	E	E	E	E	-	-	L	L	L	L	L	-	-	E	E	-	-	E	E	E	L	-	-	-	E	L	L
L	L	L	L	-	-	L	L	-	-	-	-	L	L	L	L	L	-	-	-	-	L	L	L	L	L	-	-
L	L	L	-	-	E	L	L	L	L	-	-	-	-	L	L	L	L	L	-	-	E	L	L	L	-	-	-
-	-	E	L	L	L	-	-	E	E	-	-	E	E	E	E	E	-	-	-	-	E	E	E	E	L	-	-
-	E	E	E	E	-	-	-	-	-	L	L	L	L	L	-	-	E	L	-	-	E	E	E	L	L	-	-
-	E	L	L	L	-	-	-	E	E	E	E	-	-	-	-	E	E	L	L	L	-	-	-	-	E	E	E
Objective 0: 3012
Objective 1: 17
Constr violation: 0
Restrictions violated:
0 0 0 0 0 0 0 0 

Individual 6
1	2	3	4	5	6	7	8	9	10	11	12	13	14	15	16	17	18	19	20	21	22	23	24	25	26	27	28
L	L	L	-	-	-	-	L	L	L	L	L	-	-	-	-	E	E	E	L	L	-	-	L	L	L	L	-
E	E	E	E	-	-	E	E	E	E	E	-	-	-	E	E	-	-	-	-	-	-	-	E	E	E	E	E
E	E	E	-	-	E	E	E	E	L	-	-	-	-	-	E	L	L	L	L	-	-	-	E	E	E	-	-
-	-	-	L	L	-	-	E	E	E	E	E	-	-	-	E	L	-	-	E	E	E	E	E	-	-	E	E
-	E	E	E	E	-	-	L	L	L	L	L	-	-	E	E	-	-	E	E	E	L	-	-	-	E	L	L
L	L	L	L	-	-	L	L	-	-	-	-	L	L	L	L	L	-	-	-	-	L	L	L	L	L	-	-
L	L	L	-	-	E	L	L	L	L	-	-	-	-	L	L	L	L	L	-	-	E	L	L	L	-	-	-
-	-	E	L	L	L	-	-	E	E	-	-	E	E	E	E	E	-	-	-	-	E	E	E	E	L	-	-
-	-	-	E	E	L	L	-	-	-	L	L	L	L	L	-	-	E	L	-	-	E	E	E	L	L	-	-
-	E	L	L	L	-	-	-	E	E	E	E	-	-	-	-	E	E	L	L	L	-	-	-	-	E	E	E
Objective 0: 2810
Objective 1: 21
Constr violation: 0
Restrictions violated:
0 0 0 0 0 0 0 0 

Individual 7
1	2	3	4	5	6	7	8	9	10	11	12	13	14	15	16	17	18	19	20	21	22	23	24	25	26	27	28
L	L	L	-	-	-	-	L	L	L	L	L	-	-	-	-	E	E	E	L	L	-	-	L	L	L	L	-
E	E	E	E	-	-	E	E	E	E	E	-	-	-	E	E	-	-	-	-	-	-	-	E	E	E	E	E
E	E	E	-	-	E	E	E	E	L	-	-	-	-	-	E	L	L	L	L	-	-	-	E	E	E	-	-
-	-	-	L	L	-	-	E	E	E	E	E	-	-	-	E	L	-	-	E	E	E	E	E	-	-	E	E
-	E	E	E	E	-	-	L	L	L	L	L	-	-	E	E	-	-	E	E	E	L	-	-	-	E	L	L
L	L	L	L	-	-	L	L	-	-	-	-	L	L	L	L	L	-	-	-	-	L	L	L	L	L	-	-
L	L	L	-	-	E	L	L	L	L	-	-	-	L	L	L	L	L	-	-	-	E	L	L	L	-	-	-
-	-	E	L	L	L	-	-	E	E	-	-	E	E	E	E	E	-	-	-	-	E	E	E	E	L	-	-
-	-	-	E	E	L	L	-	-	-	L	L	L	L	L	-	-	E	L	-	-	E	E	E	L	L	-	-
-	E	L	L	L	-	-	-	E	E	E	E	-	-	-	-	E	E	L	L	L	-	-	-	-	E	E	E
Objective 0: 2709
Objective 1: 24
Constr violation: 0
Restrictions violated:
0 0 0 0 0 0 0 0 

Individual 8
1	2	3	4	5	6	7	8	9	10	11	12	13	14	15	16	17	18	19	20	21	22	23	24	25	26	27	28
L	L	L	-	-	-	-	L	L	L	L	L	-	-	-	-	E	E	E	L	L	-	-	L	L	L	L	-
E	E	E	E	-	-	E	E	E	E	E	-	-	-	E	E	-	-	-	-	-	-	-	E	E	E	E	E
E	E	E	-	-	E	E	E	E	L	-	-	-	-	-	E	L	L	L	L	-	-	-	E	E	E	-	-
-	-	-	L	L	-	-	E	E	E	E	E	-	-	-	E	L	-	-	E	E	E	E	E	-	-	E	E
-	E	E	E	E	-	-	L	L	L	L	L	-	-	E	E	-	-	E	E	E	L	-	-	-	E	L	L
L	L	L	L	-	-	L	L	-	-	-	-	L	L	L	L	L	-	-	-	-	L	L	L	L	L	-	-
L	L	L	-	-	E	L	L	L	L	-	-	-	-	L	L	L	L	L	-	-	E	L	L	L	-	-	-
-	-	E	L	L	L	-	-	E	E	-	-	E	E	E	E	E	-	-	-	-	E	E	E	E	L	-	-
E	E	E	E	E	-	-	-	-	-	L	L	L	L	L	-	-	E	L	-	-	E	E	E	L	L	-	-
-	E	L	L	L	-	-	-	E	E	E	E	-	-	-	-	E	E	L	L	L	-	-	-	-	E	E	E
Objective 0: 3013
Objective 1: 15
Constr violation: 0
Restrictions violated:
0 0 0 0 0 0 0 0 

Individual 9
1	2	3	4	5	6	7	8	9	10	11	12	13	14	15	16	17	18	19	20	21	22	23	24	25	26	27	28
L	L	L	-	-	-	-	L	L	L	L	L	-	-	-	-	E	E	E	L	L	-	-	L	L	L	L	-
E	E	E	E	-	-	E	E	E	E	E	-	-	-	E	E	-	-	-	-	-	-	-	E	E	E	E	E
E	E	E	-	-	E	E	E	E	L	-	-	-	-	-	E	L	L	L	L	-	-	-	E	E	E	-	-
-	-	-	L	L	-	-	E	E	E	E	E	-	-	-	E	L	-	-	E	E	E	E	E	-	-	E	E
-	E	E	E	E	-	-	L	L	L	L	L	-	-	E	E	-	-	E	E	E	L	-	-	-	E	L	L
L	L	L	L	-	-	L	L	-	-	-	-	L	L	L	L	L	-	-	-	-	L	L	L	L	L	-	-
L	L	L	-	-	E	L	L	L	L	-	-	-	L	L	L	L	L	-	-	-	E	L	L	L	-	-	-
-	-	E	L	L	L	-	-	E	E	-	-	E	E	E	E	E	-	-	-	-	E	E	E	E	L	-	-
E	E	E	E	E	-	-	-	-	-	L	L	L	L	L	-	-	E	L	-	-	E	E	E	L	L	-	-
-	E	L	L	L	-	-	-	E	E	E	E	-	-	-	-	E	E	L	L	L	-	-	-	-	E	E	E
Objective 0: 2912
Objective 1: 18
Constr violation: 0
Restrictions violated:
0 0 0 0 0 0 0 0 

Individual 10
1	2	3	4	5	6	7	8	9	10	11	12	13	14	15	16	17	18	19	20	21	22	23	24	25	26	27	28
L	L	L	-	-	-	-	L	L	L	L	L	-	-	-	-	E	E	E	L	L	-	-	L	L	L	L	-
E	E	E	E	-	-	E	E	E	E	E	-	-	-	E	E	-	-	-	-	-	-	-	E	E	E	E	E
E	E	E	-	-	E	E	E	E	L	-	-	-	-	-	E	L	L	L	L	-	-	-	E	E	E	-	-
-	-	-	L	L	-	-	E	E	E	E	E	-	-	-	E	L	-	-	E	E	E	E	E	-	-	E	E
-	E	E	E	E	-	-	L	L	L	L	L	-	-	E	E	-	-	E	E	E	L	-	-	-	E	L	L
L	L	L	L	-	-	L	L	-	-	-	-	L	L	L	L	L	-	-	-	-	L	L	L	L	L	-	-
L	L	L	-	-	E	L	L	L	L	-	-	-	-	L	L	L	L	L	-	-	E	L	L	L	-	-	-
-	-	E	L	L	L	-	-	E	E	-	-	E	E	E	E	E	-	-	-	-	E	E	E	E	L	-	-
-	E	E	E	E	-	-	-	-	-	L	L	L	L	L	-	-	E	L	-	-	E	E	E	L	L	-	-
-	E	L	L	L	-	-	-	E	E	E	E	-	-	-	-	E	E	L	L	L	-	-	-	-	E	E	E
Objective 0: 3012
Objective 1: 17
Constr violation: 0
Restrictions violated:
0 0 0 0 0 0 0 0 

Individual 11
1	2	3	4	5	6	7	8	9	10	11	12	13	14	15	16	17	18	19	20	21	22	23	24	25	26	27	28
L	L	L	-	-	-	-	L	L	L	L	L	-	-	-	-	E	E	E	L	L	-	-	L	L	L	L	-
E	E	E	E	-	-	E	E	E	E	E	-	-	-	E	E	-	-	-	-	-	-	-	E	E	E	E	E
E	E	E	-	-	E	E	E	E	L	-	-	-	-	-	E	L	L	L	L	-	-	-	E	E	E	-	-
-	-	-	L	L	-	-	E	E	E	E	E	-	-	-	E	L	-	-	E	E	E	E	E	-	-	E	E
-	E	E	E	E	-	-	L	L	L	L	L	-	-	E	E	-	-	E	E	E	L	-	-	-	E	L	L
L	L	L	L	-	-	L	L	-	-	-	-	L	L	L	L	L	-	-	-	-	L	L	L	L	L	-	-
L	L	L	-	-	E	L	L	L	L	-	-	-	-	L	L	L	L	L	-	-	E	L	L	L	-	-	-
-	-	E	L	L	L	-	-	E	E	-	-	E	E	E	E	E	-	-	-	-	E	E	E	E	L	-	-
-	E	E	E	E	-	-	-	-	-	L	L	L	L	L	-	-	E	L	-	-	E	E	E	L	L	-	-
-	E	L	L	L	-	-	-	E	E	E	E	-	-	-	-	E	E	L	L	L	-	-	-	-	E	E	E
Objective 0: 3012
Objective 1: 17
Constr violation: 0
Restrictions violated:
0 0 0 0 0 0 0 0 

