2404 17 
2807 12 
2506 13 
2807 12 
2505 14 
2405 16 
2505 14 
2405 16 
2506 13 
2405 16 
2404 17 
2807 12 
2506 13 
2405 16 
2505 14 
2506 13 
2404 17 
2505 14 
2506 13 
2506 13 
2505 14 
2404 17 
2505 14 
2404 17 
2506 13 
2506 13 
2404 17 
2404 17 
2506 13 
2405 16 
2506 13 
2506 13 
2404 17 
2505 14 
2405 16 
2405 16 
2506 13 
2404 17 
2505 14 
2405 16 
2506 13 
2505 14 
2405 16 
2506 13 
2505 14 
2404 17 
2807 12 
2506 13 
2404 17 
2807 12 
2505 14 
2506 13 
2506 13 
2506 13 
2405 16 
2506 13 
2505 14 
2505 14 
2404 17 
2506 13 
2807 12 
2506 13 
2505 14 
2404 17 
2807 12 
2505 14 
2404 17 
2404 17 
2505 14 
2405 16 
2505 14 
2405 16 
2506 13 
2505 14 
2404 17 
2405 16 
2505 14 
2506 13 
2506 13 
2807 12 
2505 14 
2405 16 
2405 16 
2807 12 
2404 17 
2807 12 
2506 13 
2505 14 
2405 16 
2807 12 
2405 16 
2807 12 
2506 13 
2405 16 
2404 17 
2405 16 
2807 12 
2506 13 
2506 13 
2505 14 
