3924 86 
4227 68 
4025 80 
4226 70 
4126 74 
3925 84 
4125 76 
4026 78 
4226 70 
4126 74 
3925 84 
4025 80 
4125 76 
4226 70 
4026 78 
4126 74 
4227 68 
4026 78 
4125 76 
4025 80 
3924 86 
3925 84 
4025 80 
4227 68 
4226 70 
3925 84 
3924 86 
4026 78 
4126 74 
4227 68 
4125 76 
4026 78 
4227 68 
4126 74 
4126 74 
4226 70 
4026 78 
4026 78 
4025 80 
3925 84 
4227 68 
4226 70 
4025 80 
4025 80 
4126 74 
4125 76 
3924 86 
4226 70 
3924 86 
3924 86 
3925 84 
4125 76 
4026 78 
4025 80 
4226 70 
4227 68 
4226 70 
4125 76 
4227 68 
4025 80 
4125 76 
4025 80 
3925 84 
4227 68 
4227 68 
4125 76 
4026 78 
4226 70 
4026 78 
4025 80 
4226 70 
3925 84 
3924 86 
4025 80 
4126 74 
4125 76 
4125 76 
4227 68 
3925 84 
4227 68 
4025 80 
4125 76 
3925 84 
4026 78 
3925 84 
4226 70 
3925 84 
4025 80 
4025 80 
4126 74 
4126 74 
4126 74 
3925 84 
4227 68 
4025 80 
4125 76 
4125 76 
4126 74 
4226 70 
4126 74 
