4626 83 
4121 98 
4222 96 
4323 90 
4424 88 
4626 83 
4424 88 
4626 83 
4323 90 
4323 90 
4121 98 
4424 88 
4222 96 
4222 96 
4424 88 
4222 96 
4121 98 
4323 90 
4424 88 
4222 96 
4222 96 
4222 96 
4424 88 
4424 88 
4323 90 
4424 88 
4424 88 
4424 88 
4222 96 
4424 88 
4626 83 
4222 96 
4424 88 
4424 88 
4222 96 
4323 90 
4424 88 
4323 90 
4222 96 
4424 88 
4424 88 
4424 88 
4222 96 
4323 90 
4222 96 
4323 90 
4424 88 
4424 88 
4323 90 
4222 96 
4323 90 
4222 96 
4424 88 
4323 90 
4626 83 
4323 90 
4323 90 
4424 88 
4222 96 
4323 90 
4424 88 
4424 88 
4626 83 
4323 90 
4424 88 
4424 88 
4626 83 
4222 96 
4323 90 
4222 96 
4424 88 
4424 88 
4323 90 
4424 88 
4222 96 
4323 90 
4323 90 
4626 83 
4424 88 
4424 88 
4626 83 
4323 90 
4323 90 
4424 88 
4424 88 
4424 88 
4424 88 
4424 88 
4424 88 
4222 96 
4222 96 
4323 90 
4323 90 
4424 88 
4323 90 
4323 90 
4323 90 
4323 90 
4424 88 
4323 90 
