4527 72 
4629 69 
4629 69 
4527 72 
4629 69 
4527 72 
4527 72 
4629 69 
4629 69 
4527 72 
4527 72 
4527 72 
4629 69 
4629 69 
4629 69 
4527 72 
4527 72 
4527 72 
4527 72 
4527 72 
4527 72 
4527 72 
4527 72 
4629 69 
4527 72 
4527 72 
4527 72 
4527 72 
4527 72 
4527 72 
4629 69 
4527 72 
4629 69 
4527 72 
4629 69 
4527 72 
4629 69 
4629 69 
4629 69 
4629 69 
4527 72 
4629 69 
4629 69 
4527 72 
4527 72 
4629 69 
4527 72 
4629 69 
4527 72 
4629 69 
4527 72 
4527 72 
4527 72 
4527 72 
4527 72 
4629 69 
4629 69 
4629 69 
4629 69 
4629 69 
4629 69 
4527 72 
4629 69 
4527 72 
4629 69 
4527 72 
4629 69 
4527 72 
4629 69 
4629 69 
4629 69 
4629 69 
4527 72 
4527 72 
4629 69 
4629 69 
4629 69 
4629 69 
4527 72 
4527 72 
4527 72 
4629 69 
4629 69 
4527 72 
4527 72 
4527 72 
4527 72 
4629 69 
4527 72 
4527 72 
4527 72 
4527 72 
4527 72 
4629 69 
4527 72 
4629 69 
4527 72 
4527 72 
4527 72 
4527 72 
