Individual 0
1	2	3	4	5	6	7	8	9	10	11	12	13	14	15	16	17	18	19	20	21	22	23	24	25	26	27	28
E	N	-	-	D	L	L	-	-	L	L	N	N	N	-	-	D	L	-	-	-	-	-	E	D	D	-	-
E	E	E	D	L	-	-	-	-	-	-	E	E	L	L	L	-	-	-	-	E	E	D	D	L	-	-	-
L	L	-	-	-	E	E	L	L	L	-	-	E	E	L	-	-	D	L	-	-	D	D	D	-	-	-	-
D	D	L	-	-	-	-	-	-	D	D	D	D	N	-	D	D	N	N	-	-	-	-	-	D	L	L	N
E	E	D	D	-	-	-	-	E	E	E	-	-	-	-	-	-	-	D	D	D	D	D	-	-	E	E	D
E	E	D	N	N	-	-	E	D	N	N	-	-	-	-	-	E	E	-	-	E	N	-	-	-	-	D	D
E	D	-	-	E	D	D	-	-	E	D	-	-	-	-	E	E	D	D	-	-	-	E	E	-	-	D	D
E	E	L	L	N	-	-	L	L	-	-	L	N	-	-	D	N	-	-	-	L	L	L	-	-	-	-	-
E	E	D	D	-	-	-	-	-	E	E	D	N	-	-	L	L	L	-	-	-	-	-	E	E	L	L	L
E	L	N	-	-	E	E	L	N	-	-	-	E	E	-	-	-	L	N	-	-	-	-	E	E	N	-	-
-	E	E	L	L	-	-	-	E	E	-	-	-	-	L	L	L	-	-	-	L	L	N	-	-	-	-	L
L	L	L	N	-	-	-	-	-	E	E	E	-	-	-	-	-	-	-	L	N	N	N	-	-	-	-	-
L	L	N	N	-	-	-	-	-	-	N	N	-	-	-	-	-	-	D	D	-	-	-	-	D	D	D	D
L	N	-	-	-	-	-	D	L	L	N	-	-	-	L	L	N	N	-	-	-	-	-	E	E	-	-	-
D	L	L	L	-	-	-	D	N	N	N	-	-	-	-	-	-	-	L	L	-	-	-	-	-	-	D	L
E	E	N	-	-	-	-	-	D	D	N	-	-	-	-	E	N	-	-	-	-	E	E	D	-	-	-	-
L	L	-	-	D	L	L	-	-	-	-	L	L	-	-	D	-	-	-	-	-	-	-	-	-	-	D	L
L	-	-	L	N	-	-	N	-	-	-	-	-	L	L	-	-	-	-	-	-	-	-	D	L	L	L	N
D	D	-	-	-	-	-	-	-	-	-	-	-	E	D	N	-	-	-	-	-	-	-	-	-	E	E	N
-	-	-	-	-	-	-	D	D	-	-	D	-	-	N	-	-	-	-	D	L	L	L	N	-	-	-	-
-	-	-	-	E	E	D	-	-	-	-	-	L	-	-	E	-	-	E	-	-	-	-	E	N	-	-	D
N	-	-	D	-	-	-	-	N	N	-	-	-	-	-	-	-	-	-	-	D	D	-	-	D	D	D	D
-	-	L	-	-	L	-	-	-	-	-	-	-	-	-	-	L	L	L	L	L	-	-	L	L	-	-	L
-	-	D	-	-	E	-	-	L	-	-	E	D	L	N	-	-	L	-	-	-	-	-	-	-	L	N	-
D	L	-	-	-	-	E	N	-	-	-	-	-	-	-	-	D	-	-	D	L	-	-	-	D	D	-	-
D	D	D	D	-	-	-	-	-	-	-	E	E	-	-	-	-	-	-	D	-	-	-	-	-	-	E	D
-	-	-	-	L	-	-	-	-	-	-	-	-	N	-	N	-	-	-	-	-	-	-	-	L	-	L	-
-	-	-	-	D	D	-	N	-	-	-	-	-	N	-	-	-	-	-	-	-	D	-	-	-	-	-	-
-	-	-	-	-	-	D	D	D	L	-	-	-	-	-	-	-	-	-	-	-	L	L	-	-	-	-	-
-	-	-	-	-	-	-	E	-	-	E	E	E	-	-	-	-	-	-	-	-	-	E	N	-	-	-	-
-	-	-	-	L	-	-	-	-	-	-	-	-	-	-	-	-	-	E	E	E	L	-	-	-	-	-	-
-	-	-	-	-	-	-	E	D	-	L	-	-	-	E	-	-	-	E	-	-	-	-	-	-	-	-	-
-	-	-	-	-	-	-	L	L	-	-	L	-	L	-	-	-	-	-	-	E	E	E	-	-	-	-	-
-	D	-	-	-	-	-	-	-	-	-	L	N	-	-	-	-	D	N	-	-	-	-	L	-	-	-	-
-	-	-	L	-	-	-	-	-	-	-	-	D	L	L	-	-	-	-	-	-	-	D	D	L	-	-	-
-	-	-	-	-	L	N	-	-	-	-	N	-	-	-	-	-	-	-	L	-	L	L	-	-	-	-	-
Objective 0: 7735
Objective 1: 205
Constr violation: 0
Restrictions violated:
0 0 0 0 0 0 0 0 

Individual 1
1	2	3	4	5	6	7	8	9	10	11	12	13	14	15	16	17	18	19	20	21	22	23	24	25	26	27	28
E	N	-	-	D	L	L	-	-	L	L	N	N	N	-	-	D	L	-	-	-	-	-	E	D	D	-	-
E	E	E	D	L	-	-	-	-	-	-	E	E	L	L	L	-	-	-	-	E	E	D	D	L	-	-	-
L	L	-	-	-	E	E	L	L	L	-	-	E	E	L	-	-	D	L	-	-	D	D	D	-	-	-	-
D	N	N	-	-	-	-	-	-	-	D	D	D	-	D	D	D	D	L	-	-	-	-	-	D	L	L	N
E	E	D	D	-	-	-	-	E	E	E	-	-	-	-	-	-	-	D	D	D	D	D	-	-	E	E	D
E	E	D	N	N	-	-	E	D	N	N	-	-	-	-	-	E	E	-	-	E	N	-	-	-	-	D	D
E	D	-	-	E	D	D	-	-	E	D	-	-	-	-	E	E	D	D	-	-	-	E	E	-	-	D	D
E	E	L	L	N	-	-	L	L	-	-	L	N	-	-	D	N	-	-	-	L	L	L	-	-	-	-	-
E	E	D	D	-	-	-	-	-	E	E	D	N	-	-	L	L	L	-	-	-	-	-	E	E	L	L	L
E	L	N	-	-	-	-	-	D	D	L	L	L	-	-	E	L	N	N	-	-	-	-	E	N	-	-	-
-	E	E	L	L	-	-	-	E	E	-	-	-	-	L	L	L	-	-	-	L	L	N	-	-	-	-	L
L	L	L	N	-	-	-	-	-	E	E	E	-	-	-	-	-	-	-	L	N	N	N	-	-	-	-	-
L	L	N	N	-	-	-	-	-	-	N	N	-	-	-	-	-	-	D	D	-	-	-	-	D	D	D	D
L	N	-	-	-	-	-	D	L	L	N	-	-	-	L	L	N	N	-	-	-	-	-	E	E	-	-	-
D	D	-	-	-	E	D	N	N	-	-	-	-	-	-	E	D	-	-	-	L	N	N	-	-	-	-	-
E	E	N	-	-	-	-	-	D	D	N	-	-	-	-	E	N	-	-	-	-	E	E	D	-	-	-	-
L	L	-	-	D	L	L	-	-	-	-	L	L	-	-	D	-	-	-	-	-	-	-	-	-	-	D	L
L	-	-	L	N	-	-	N	-	-	-	-	-	L	L	-	-	-	-	-	-	-	-	D	L	L	L	N
D	D	-	-	-	-	-	-	-	-	-	-	-	E	D	N	-	-	-	-	-	-	-	-	-	E	E	N
-	-	-	-	-	-	-	D	D	-	-	D	-	-	N	-	-	-	-	D	L	L	L	N	-	-	-	-
-	-	-	-	E	E	D	-	-	-	-	-	L	-	-	E	-	-	E	-	-	-	-	E	N	-	-	D
N	-	-	D	-	-	-	-	N	N	-	-	-	-	-	-	-	-	-	-	D	D	-	-	D	D	D	D
-	-	L	-	-	L	-	-	-	-	-	-	-	-	-	-	L	L	L	L	L	-	-	L	L	-	-	L
-	-	D	-	-	E	-	-	L	-	-	E	D	L	N	-	-	L	-	-	-	-	-	-	-	L	N	-
D	L	-	-	-	-	E	N	-	-	-	-	-	-	-	-	D	-	-	D	L	-	-	-	D	D	-	-
D	D	D	D	-	-	-	-	-	-	-	E	E	-	-	-	-	-	-	D	-	-	-	-	-	-	E	D
-	-	-	-	L	-	-	-	-	-	-	-	-	N	-	N	-	-	-	-	-	-	-	-	L	-	L	-
-	-	-	-	D	D	-	N	-	-	-	-	-	N	-	-	-	-	-	-	-	D	-	-	-	-	-	-
-	-	-	-	-	-	D	D	D	L	-	-	-	-	-	-	-	-	-	-	-	L	L	-	-	-	-	-
-	-	-	-	-	-	-	E	-	-	E	E	E	-	-	-	-	-	-	-	-	-	E	N	-	-	-	-
-	-	-	-	L	-	-	-	-	-	-	-	-	-	-	-	-	-	E	E	E	L	-	-	-	-	-	-
-	-	-	-	-	-	-	E	D	-	L	-	-	-	E	-	-	-	E	-	-	-	-	-	-	-	-	-
-	-	-	-	-	-	-	L	L	-	-	L	-	L	-	-	-	-	-	-	E	E	E	-	-	-	-	-
-	D	-	-	-	-	-	-	-	-	-	L	N	-	-	-	-	D	N	-	-	-	-	L	-	-	-	-
-	-	-	L	-	-	-	-	-	-	-	-	D	L	L	-	-	-	-	-	-	-	D	D	L	-	-	-
-	-	-	-	-	L	N	-	-	-	-	N	-	-	-	-	-	-	-	L	-	L	L	-	-	-	-	-
Objective 0: 8743
Objective 1: 194
Constr violation: 0
Restrictions violated:
0 0 0 0 0 0 0 0 

Individual 2
1	2	3	4	5	6	7	8	9	10	11	12	13	14	15	16	17	18	19	20	21	22	23	24	25	26	27	28
E	N	-	-	D	L	L	-	-	L	L	N	N	N	-	-	D	L	-	-	-	-	-	E	D	D	-	-
E	E	E	D	L	-	-	-	-	-	-	E	E	L	L	L	-	-	-	-	E	E	D	D	L	-	-	-
L	L	-	-	-	E	E	L	L	L	-	-	E	E	L	-	-	D	L	-	-	D	D	D	-	-	-	-
D	D	L	-	-	-	-	-	-	D	D	D	D	N	-	D	D	N	N	-	-	-	-	-	D	L	L	N
E	E	D	D	-	-	-	-	E	E	E	-	-	-	-	-	-	-	D	D	D	D	D	-	-	E	E	D
E	E	D	N	N	-	-	E	D	N	N	-	-	-	-	-	E	E	-	-	E	N	-	-	-	-	D	D
E	D	-	-	E	D	D	-	-	E	D	-	-	-	-	E	E	D	D	-	-	-	E	E	-	-	D	D
E	E	L	L	N	-	-	L	L	-	-	L	N	-	-	D	N	-	-	-	L	L	L	-	-	-	-	-
E	E	D	D	-	-	-	-	-	E	E	D	N	-	-	L	L	L	-	-	-	-	-	E	E	L	L	L
E	L	N	-	-	E	E	L	N	-	-	-	E	E	-	-	-	L	N	-	-	-	-	E	E	N	-	-
-	E	E	L	L	-	-	-	E	E	-	-	-	-	L	L	L	-	-	-	L	L	N	-	-	-	-	L
L	L	L	N	-	-	-	-	-	E	E	E	-	-	-	-	-	-	-	L	N	N	N	-	-	-	-	-
L	L	N	N	-	-	-	-	-	-	N	N	-	-	-	-	-	-	D	D	-	-	-	-	D	D	D	D
L	N	-	-	-	-	-	D	L	L	N	-	-	-	L	L	N	N	-	-	-	-	-	E	E	-	-	-
D	L	L	L	-	-	-	D	N	N	N	-	-	-	-	-	-	-	L	L	-	-	-	-	-	-	D	L
E	E	N	-	-	-	-	-	D	D	N	-	-	-	-	E	N	-	-	-	-	E	E	D	-	-	-	-
L	L	-	-	D	L	L	-	-	-	-	L	L	-	-	D	-	-	-	-	-	-	-	-	-	-	D	L
L	-	-	L	N	-	-	N	-	-	-	-	-	L	L	-	-	-	-	-	-	-	-	D	L	L	L	N
D	D	-	-	-	-	-	-	-	-	-	-	-	E	D	N	-	-	-	-	-	-	-	-	-	E	E	N
-	-	-	-	-	-	-	D	D	-	-	D	-	-	N	-	-	-	-	D	L	L	L	N	-	-	-	-
-	-	-	-	E	E	D	-	-	-	-	-	L	-	-	E	-	-	E	-	-	-	-	E	N	-	-	D
N	-	-	D	-	-	-	-	N	N	-	-	-	-	-	-	-	-	-	-	D	D	-	-	D	D	D	D
-	-	L	-	-	L	-	-	-	-	-	-	-	-	-	-	L	L	L	L	L	-	-	L	L	-	-	L
-	-	D	-	-	E	-	-	L	-	-	E	D	L	N	-	-	L	-	-	-	-	-	-	-	L	N	-
D	L	-	-	-	-	E	N	-	-	-	-	-	-	-	-	D	-	-	D	L	-	-	-	D	D	-	-
D	D	D	D	-	-	-	-	-	-	-	E	E	-	-	-	-	-	-	D	-	-	-	-	-	-	E	D
-	-	-	-	L	-	-	-	-	-	-	-	-	N	-	N	-	-	-	-	-	-	-	-	L	-	L	-
-	-	-	-	D	D	-	N	-	-	-	-	-	N	-	-	-	-	-	-	-	D	-	-	-	-	-	-
-	-	-	-	-	-	D	D	D	L	-	-	-	-	-	-	-	-	-	-	-	L	L	-	-	-	-	-
-	-	-	-	-	-	-	E	-	-	E	E	E	-	-	-	-	-	-	-	-	-	E	N	-	-	-	-
-	-	-	-	L	-	-	-	-	-	-	-	-	-	-	-	-	-	E	E	E	L	-	-	-	-	-	-
-	-	-	-	-	-	-	E	D	-	L	-	-	-	E	-	-	-	E	-	-	-	-	-	-	-	-	-
-	-	-	-	-	-	-	L	L	-	-	L	-	L	-	-	-	-	-	-	E	E	E	-	-	-	-	-
-	D	-	-	-	-	-	-	-	-	-	L	N	-	-	-	-	D	N	-	-	-	-	L	-	-	-	-
-	-	-	L	-	-	-	-	-	-	-	-	D	L	L	-	-	-	-	-	-	-	D	D	L	-	-	-
-	-	-	-	-	L	N	-	-	-	-	N	-	-	-	-	-	-	-	L	-	L	L	-	-	-	-	-
Objective 0: 7735
Objective 1: 205
Constr violation: 0
Restrictions violated:
0 0 0 0 0 0 0 0 

Individual 3
1	2	3	4	5	6	7	8	9	10	11	12	13	14	15	16	17	18	19	20	21	22	23	24	25	26	27	28
E	N	-	-	D	L	L	-	-	L	L	N	N	N	-	-	D	L	-	-	-	-	-	E	D	D	-	-
E	E	E	D	L	-	-	-	-	-	-	E	E	L	L	L	-	-	-	-	E	E	D	D	L	-	-	-
L	L	-	-	-	E	E	L	L	L	-	-	E	E	L	-	-	D	L	-	-	D	D	D	-	-	-	-
D	D	L	-	-	-	-	-	-	D	D	D	D	N	-	D	D	N	N	-	-	-	-	-	D	L	L	N
E	E	D	D	-	-	-	-	E	E	E	-	-	-	-	-	-	-	D	D	D	D	D	-	-	E	E	D
E	E	D	N	N	-	-	E	D	N	N	-	-	-	-	-	E	E	-	-	E	N	-	-	-	-	D	D
E	D	-	-	E	D	D	-	-	E	D	-	-	-	-	E	E	D	D	-	-	-	E	E	-	-	D	D
E	E	L	L	N	-	-	L	L	-	-	L	N	-	-	D	N	-	-	-	L	L	L	-	-	-	-	-
E	E	D	D	-	-	-	-	-	E	E	D	N	-	-	L	L	L	-	-	-	-	-	E	E	L	L	L
E	L	N	-	-	-	-	-	D	D	L	L	L	-	-	E	L	N	N	-	-	-	-	E	N	-	-	-
-	E	E	L	L	-	-	-	E	E	-	-	-	-	L	L	L	-	-	-	L	L	N	-	-	-	-	L
L	L	L	N	-	-	-	-	-	E	E	E	-	-	-	-	-	-	-	L	N	N	N	-	-	-	-	-
L	L	N	N	-	-	-	-	-	-	N	N	-	-	-	-	-	-	D	D	-	-	-	-	D	D	D	D
L	N	-	-	-	-	-	D	L	L	N	-	-	-	L	L	N	N	-	-	-	-	-	E	E	-	-	-
D	L	L	L	-	-	-	D	N	N	N	-	-	-	-	-	-	-	L	L	-	-	-	-	-	-	D	L
E	E	N	-	-	-	-	-	D	D	N	-	-	-	-	E	N	-	-	-	-	E	E	D	-	-	-	-
L	L	-	-	D	L	L	-	-	-	-	L	L	-	-	D	-	-	-	-	-	-	-	-	-	-	D	L
L	-	-	L	N	-	-	N	-	-	-	-	-	L	L	-	-	-	-	-	-	-	-	D	L	L	L	N
D	D	-	-	-	-	-	-	-	-	-	-	-	E	D	N	-	-	-	-	-	-	-	-	-	E	E	N
-	-	-	-	-	-	-	D	D	-	-	D	-	-	N	-	-	-	-	D	L	L	L	N	-	-	-	-
-	-	-	-	E	E	D	-	-	-	-	-	L	-	-	E	-	-	E	-	-	-	-	E	N	-	-	D
N	-	-	D	-	-	-	-	N	N	-	-	-	-	-	-	-	-	-	-	D	D	-	-	D	D	D	D
-	-	L	-	-	L	-	-	-	-	-	-	-	-	-	-	L	L	L	L	L	-	-	L	L	-	-	L
-	-	D	-	-	E	-	-	L	-	-	E	D	L	N	-	-	L	-	-	-	-	-	-	-	L	N	-
D	L	-	-	-	-	E	N	-	-	-	-	-	-	-	-	D	-	-	D	L	-	-	-	D	D	-	-
D	D	D	D	-	-	-	-	-	-	-	E	E	-	-	-	-	-	-	D	-	-	-	-	-	-	E	D
-	-	-	-	L	-	-	-	-	-	-	-	-	N	-	N	-	-	-	-	-	-	-	-	L	-	L	-
-	-	-	-	D	D	-	N	-	-	-	-	-	N	-	-	-	-	-	-	-	D	-	-	-	-	-	-
-	-	-	-	-	-	D	D	D	L	-	-	-	-	-	-	-	-	-	-	-	L	L	-	-	-	-	-
-	-	-	-	-	-	-	E	-	-	E	E	E	-	-	-	-	-	-	-	-	-	E	N	-	-	-	-
-	-	-	-	L	-	-	-	-	-	-	-	-	-	-	-	-	-	E	E	E	L	-	-	-	-	-	-
-	-	-	-	-	-	-	E	D	-	L	-	-	-	E	-	-	-	E	-	-	-	-	-	-	-	-	-
-	-	-	-	-	-	-	L	L	-	-	L	-	L	-	-	-	-	-	-	E	E	E	-	-	-	-	-
-	D	-	-	-	-	-	-	-	-	-	L	N	-	-	-	-	D	N	-	-	-	-	L	-	-	-	-
-	-	-	L	-	-	-	-	-	-	-	-	D	L	L	-	-	-	-	-	-	-	D	D	L	-	-	-
-	-	-	-	-	L	N	-	-	-	-	N	-	-	-	-	-	-	-	L	-	L	L	-	-	-	-	-
Objective 0: 8038
Objective 1: 196
Constr violation: 0
Restrictions violated:
0 0 0 0 0 0 0 0 

Individual 4
1	2	3	4	5	6	7	8	9	10	11	12	13	14	15	16	17	18	19	20	21	22	23	24	25	26	27	28
E	N	-	-	D	L	L	-	-	L	L	N	N	N	-	-	D	L	-	-	-	-	-	E	D	D	-	-
E	E	E	D	L	-	-	-	-	-	-	E	E	L	L	L	-	-	-	-	E	E	D	D	L	-	-	-
L	L	-	-	-	E	E	L	L	L	-	-	E	E	L	-	-	D	L	-	-	D	D	D	-	-	-	-
D	N	N	-	-	-	-	-	-	-	D	D	D	-	D	D	D	D	L	-	-	-	-	-	D	L	L	N
E	E	D	D	-	-	-	-	E	E	E	-	-	-	-	-	-	-	D	D	D	D	D	-	-	E	E	D
E	E	D	N	N	-	-	E	D	N	N	-	-	-	-	-	E	E	-	-	E	N	-	-	-	-	D	D
E	D	-	-	E	D	D	-	-	E	D	-	-	-	-	E	E	D	D	-	-	-	E	E	-	-	D	D
E	E	L	L	N	-	-	L	L	-	-	L	N	-	-	D	N	-	-	-	L	L	L	-	-	-	-	-
E	E	D	D	-	-	-	-	-	E	E	D	N	-	-	L	L	L	-	-	-	-	-	E	E	L	L	L
E	L	N	-	-	-	-	-	D	D	L	L	L	-	-	E	L	N	N	-	-	-	-	E	N	-	-	-
-	E	E	L	L	-	-	-	E	E	-	-	-	-	L	L	L	-	-	-	L	L	N	-	-	-	-	L
L	L	L	N	-	-	-	-	-	E	E	E	-	-	-	-	-	-	-	L	N	N	N	-	-	-	-	-
L	L	N	N	-	-	-	-	-	-	N	N	-	-	-	-	-	-	D	D	-	-	-	-	D	D	D	D
L	N	-	-	-	-	-	D	L	L	N	-	-	-	L	L	N	N	-	-	-	-	-	E	E	-	-	-
D	L	L	L	-	-	-	D	N	N	N	-	-	-	-	-	-	-	L	L	-	-	-	-	-	-	D	L
E	E	N	-	-	-	-	-	D	D	N	-	-	-	-	E	N	-	-	-	-	E	E	D	-	-	-	-
L	L	-	-	D	L	L	-	-	-	-	L	L	-	-	D	-	-	-	-	-	-	-	-	-	-	D	L
L	-	-	L	N	-	-	N	-	-	-	-	-	L	L	-	-	-	-	-	-	-	-	D	L	L	L	N
D	D	-	-	-	-	-	-	-	-	-	-	-	E	D	N	-	-	-	-	-	-	-	-	-	E	E	N
-	-	-	-	-	-	-	D	D	-	-	D	-	-	N	-	-	-	-	D	L	L	L	N	-	-	-	-
-	-	-	-	E	E	D	-	-	-	-	-	L	-	-	E	-	-	E	-	-	-	-	E	N	-	-	D
N	-	-	D	-	-	-	-	N	N	-	-	-	-	-	-	-	-	-	-	D	D	-	-	D	D	D	D
-	-	L	-	-	L	-	-	-	-	-	-	-	-	-	-	L	L	L	L	L	-	-	L	L	-	-	L
-	-	D	-	-	E	-	-	L	-	-	E	D	L	N	-	-	L	-	-	-	-	-	-	-	L	N	-
D	L	-	-	-	-	E	N	-	-	-	-	-	-	-	-	D	-	-	D	L	-	-	-	D	D	-	-
D	D	D	D	-	-	-	-	-	-	-	E	E	-	-	-	-	-	-	D	-	-	-	-	-	-	E	D
-	-	-	-	L	-	-	-	-	-	-	-	-	N	-	N	-	-	-	-	-	-	-	-	L	-	L	-
-	-	-	-	D	D	-	N	-	-	-	-	-	N	-	-	-	-	-	-	-	D	-	-	-	-	-	-
-	-	-	-	-	-	D	D	D	L	-	-	-	-	-	-	-	-	-	-	-	L	L	-	-	-	-	-
-	-	-	-	-	-	-	E	-	-	E	E	E	-	-	-	-	-	-	-	-	-	E	N	-	-	-	-
-	-	-	-	L	-	-	-	-	-	-	-	-	-	-	-	-	-	E	E	E	L	-	-	-	-	-	-
-	-	-	-	-	-	-	E	D	-	L	-	-	-	E	-	-	-	E	-	-	-	-	-	-	-	-	-
-	-	-	-	-	-	-	L	L	-	-	L	-	L	-	-	-	-	-	-	E	E	E	-	-	-	-	-
-	D	-	-	-	-	-	-	-	-	-	L	N	-	-	-	-	D	N	-	-	-	-	L	-	-	-	-
-	-	-	L	-	-	-	-	-	-	-	-	D	L	L	-	-	-	-	-	-	-	D	D	L	-	-	-
-	-	-	-	-	L	N	-	-	-	-	N	-	-	-	-	-	-	-	L	-	L	L	-	-	-	-	-
Objective 0: 8340
Objective 1: 195
Constr violation: 0
Restrictions violated:
0 0 0 0 0 0 0 0 

Individual 5
1	2	3	4	5	6	7	8	9	10	11	12	13	14	15	16	17	18	19	20	21	22	23	24	25	26	27	28
E	N	-	-	D	L	L	-	-	L	L	N	N	N	-	-	D	L	-	-	-	-	-	E	D	D	-	-
E	E	E	D	L	-	-	-	-	-	-	E	E	L	L	L	-	-	-	-	E	E	D	D	L	-	-	-
L	L	-	-	-	E	E	L	L	L	-	-	E	E	L	-	-	D	L	-	-	D	D	D	-	-	-	-
D	D	L	-	-	-	-	-	-	D	D	D	D	N	-	D	D	N	N	-	-	-	-	-	D	L	L	N
E	E	D	D	-	-	-	-	E	E	E	-	-	-	-	-	-	-	D	D	D	D	D	-	-	E	E	D
E	E	D	N	N	-	-	E	D	N	N	-	-	-	-	-	E	E	-	-	E	N	-	-	-	-	D	D
E	D	-	-	E	D	D	-	-	E	D	-	-	-	-	E	E	D	D	-	-	-	E	E	-	-	D	D
E	E	L	L	N	-	-	L	L	-	-	L	N	-	-	D	N	-	-	-	L	L	L	-	-	-	-	-
E	E	D	D	-	-	-	-	-	E	E	D	N	-	-	L	L	L	-	-	-	-	-	E	E	L	L	L
E	L	N	-	-	-	-	-	D	D	L	L	L	-	-	E	L	N	N	-	-	-	-	E	N	-	-	-
-	E	E	L	L	-	-	-	E	E	-	-	-	-	L	L	L	-	-	-	L	L	N	-	-	-	-	L
L	L	L	N	-	-	-	-	-	E	E	E	-	-	-	-	-	-	-	L	N	N	N	-	-	-	-	-
L	L	N	N	-	-	-	-	-	-	N	N	-	-	-	-	-	-	D	D	-	-	-	-	D	D	D	D
L	N	-	-	-	-	-	D	L	L	N	-	-	-	L	L	N	N	-	-	-	-	-	E	E	-	-	-
D	L	L	L	-	-	-	D	N	N	N	-	-	-	-	-	-	-	L	L	-	-	-	-	-	-	D	L
E	E	N	-	-	-	-	-	D	D	N	-	-	-	-	E	N	-	-	-	-	E	E	D	-	-	-	-
L	L	-	-	D	L	L	-	-	-	-	L	L	-	-	D	-	-	-	-	-	-	-	-	-	-	D	L
L	-	-	L	N	-	-	N	-	-	-	-	-	L	L	-	-	-	-	-	-	-	-	D	L	L	L	N
D	D	-	-	-	-	-	-	-	-	-	-	-	E	D	N	-	-	-	-	-	-	-	-	-	E	E	N
-	-	-	-	-	-	-	D	D	-	-	D	-	-	N	-	-	-	-	D	L	L	L	N	-	-	-	-
-	-	-	-	E	E	D	-	-	-	-	-	L	-	-	E	-	-	E	-	-	-	-	E	N	-	-	D
N	-	-	D	-	-	-	-	N	N	-	-	-	-	-	-	-	-	-	-	D	D	-	-	D	D	D	D
-	-	L	-	-	L	-	-	-	-	-	-	-	-	-	-	L	L	L	L	L	-	-	L	L	-	-	L
-	-	D	-	-	E	-	-	L	-	-	E	D	L	N	-	-	L	-	-	-	-	-	-	-	L	N	-
D	L	-	-	-	-	E	N	-	-	-	-	-	-	-	-	D	-	-	D	L	-	-	-	D	D	-	-
D	D	D	D	-	-	-	-	-	-	-	E	E	-	-	-	-	-	-	D	-	-	-	-	-	-	E	D
-	-	-	-	L	-	-	-	-	-	-	-	-	N	-	N	-	-	-	-	-	-	-	-	L	-	L	-
-	-	-	-	D	D	-	N	-	-	-	-	-	N	-	-	-	-	-	-	-	D	-	-	-	-	-	-
-	-	-	-	-	-	D	D	D	L	-	-	-	-	-	-	-	-	-	-	-	L	L	-	-	-	-	-
-	-	-	-	-	-	-	E	-	-	E	E	E	-	-	-	-	-	-	-	-	-	E	N	-	-	-	-
-	-	-	-	L	-	-	-	-	-	-	-	-	-	-	-	-	-	E	E	E	L	-	-	-	-	-	-
-	-	-	-	-	-	-	E	D	-	L	-	-	-	E	-	-	-	E	-	-	-	-	-	-	-	-	-
-	-	-	-	-	-	-	L	L	-	-	L	-	L	-	-	-	-	-	-	E	E	E	-	-	-	-	-
-	D	-	-	-	-	-	-	-	-	-	L	N	-	-	-	-	D	N	-	-	-	-	L	-	-	-	-
-	-	-	L	-	-	-	-	-	-	-	-	D	L	L	-	-	-	-	-	-	-	D	D	L	-	-	-
-	-	-	-	-	L	N	-	-	-	-	N	-	-	-	-	-	-	-	L	-	L	L	-	-	-	-	-
Objective 0: 8038
Objective 1: 196
Constr violation: 0
Restrictions violated:
0 0 0 0 0 0 0 0 

Individual 6
1	2	3	4	5	6	7	8	9	10	11	12	13	14	15	16	17	18	19	20	21	22	23	24	25	26	27	28
E	N	-	-	D	L	L	-	-	L	L	N	N	N	-	-	D	L	-	-	-	-	-	E	D	D	-	-
E	E	E	D	L	-	-	-	-	-	-	E	E	L	L	L	-	-	-	-	E	E	D	D	L	-	-	-
L	L	-	-	-	E	E	L	L	L	-	-	E	E	L	-	-	D	L	-	-	D	D	D	-	-	-	-
D	D	L	-	-	-	-	-	-	D	D	D	D	N	-	D	D	N	N	-	-	-	-	-	D	L	L	N
E	E	D	D	-	-	-	-	E	E	E	-	-	-	-	-	-	-	D	D	D	D	D	-	-	E	E	D
E	E	D	N	N	-	-	E	D	N	N	-	-	-	-	-	E	E	-	-	E	N	-	-	-	-	D	D
E	D	-	-	E	D	D	-	-	E	D	-	-	-	-	E	E	D	D	-	-	-	E	E	-	-	D	D
E	E	L	L	N	-	-	L	L	-	-	L	N	-	-	D	N	-	-	-	L	L	L	-	-	-	-	-
E	E	D	D	-	-	-	-	-	E	E	D	N	-	-	L	L	L	-	-	-	-	-	E	E	L	L	L
E	L	N	-	-	E	E	L	N	-	-	-	E	E	-	-	-	L	N	-	-	-	-	E	E	N	-	-
-	E	E	L	L	-	-	-	E	E	-	-	-	-	L	L	L	-	-	-	L	L	N	-	-	-	-	L
L	L	L	N	-	-	-	-	-	E	E	E	-	-	-	-	-	-	-	L	N	N	N	-	-	-	-	-
L	L	N	N	-	-	-	-	-	-	N	N	-	-	-	-	-	-	D	D	-	-	-	-	D	D	D	D
L	N	-	-	-	-	-	D	L	L	N	-	-	-	L	L	N	N	-	-	-	-	-	E	E	-	-	-
D	L	L	L	-	-	-	D	N	N	N	-	-	-	-	-	-	-	L	L	-	-	-	-	-	-	D	L
E	E	N	-	-	-	-	-	D	D	N	-	-	-	-	E	N	-	-	-	-	E	E	D	-	-	-	-
L	L	-	-	D	L	L	-	-	-	-	L	L	-	-	D	-	-	-	-	-	-	-	-	-	-	D	L
L	-	-	L	N	-	-	N	-	-	-	-	-	L	L	-	-	-	-	-	-	-	-	D	L	L	L	N
D	D	-	-	-	-	-	-	-	-	-	-	-	E	D	N	-	-	-	-	-	-	-	-	-	E	E	N
-	-	-	-	-	-	-	D	D	-	-	D	-	-	N	-	-	-	-	D	L	L	L	N	-	-	-	-
-	-	-	-	E	E	D	-	-	-	-	-	L	-	-	E	-	-	E	-	-	-	-	E	N	-	-	D
N	-	-	D	-	-	-	-	N	N	-	-	-	-	-	-	-	-	-	-	D	D	-	-	D	D	D	D
-	-	L	-	-	L	-	-	-	-	-	-	-	-	-	-	L	L	L	L	L	-	-	L	L	-	-	L
-	-	D	-	-	E	-	-	L	-	-	E	D	L	N	-	-	L	-	-	-	-	-	-	-	L	N	-
D	L	-	-	-	-	E	N	-	-	-	-	-	-	-	-	D	-	-	D	L	-	-	-	D	D	-	-
D	D	D	D	-	-	-	-	-	-	-	E	E	-	-	-	-	-	-	D	-	-	-	-	-	-	E	D
-	-	-	-	L	-	-	-	-	-	-	-	-	N	-	N	-	-	-	-	-	-	-	-	L	-	L	-
-	-	-	-	D	D	-	N	-	-	-	-	-	N	-	-	-	-	-	-	-	D	-	-	-	-	-	-
-	-	-	-	-	-	D	D	D	L	-	-	-	-	-	-	-	-	-	-	-	L	L	-	-	-	-	-
-	-	-	-	-	-	-	E	-	-	E	E	E	-	-	-	-	-	-	-	-	-	E	N	-	-	-	-
-	-	-	-	L	-	-	-	-	-	-	-	-	-	-	-	-	-	E	E	E	L	-	-	-	-	-	-
-	-	-	-	-	-	-	E	D	-	L	-	-	-	E	-	-	-	E	-	-	-	-	-	-	-	-	-
-	-	-	-	-	-	-	L	L	-	-	L	-	L	-	-	-	-	-	-	E	E	E	-	-	-	-	-
-	D	-	-	-	-	-	-	-	-	-	L	N	-	-	-	-	D	N	-	-	-	-	L	-	-	-	-
-	-	-	L	-	-	-	-	-	-	-	-	D	L	L	-	-	-	-	-	-	-	D	D	L	-	-	-
-	-	-	-	-	L	N	-	-	-	-	N	-	-	-	-	-	-	-	L	-	L	L	-	-	-	-	-
Objective 0: 7735
Objective 1: 205
Constr violation: 0
Restrictions violated:
0 0 0 0 0 0 0 0 

Individual 7
1	2	3	4	5	6	7	8	9	10	11	12	13	14	15	16	17	18	19	20	21	22	23	24	25	26	27	28
E	N	-	-	D	L	L	-	-	L	L	N	N	N	-	-	D	L	-	-	-	-	-	E	D	D	-	-
E	E	E	D	L	-	-	-	-	-	-	E	E	L	L	L	-	-	-	-	E	E	D	D	L	-	-	-
L	L	-	-	-	E	E	L	L	L	-	-	E	E	L	-	-	D	L	-	-	D	D	D	-	-	-	-
D	D	L	-	-	-	-	-	-	D	D	D	D	N	-	D	D	N	N	-	-	-	-	-	D	L	L	N
E	E	D	D	-	-	-	-	E	E	E	-	-	-	-	-	-	-	D	D	D	D	D	-	-	E	E	D
E	E	D	N	N	-	-	E	D	N	N	-	-	-	-	-	E	E	-	-	E	N	-	-	-	-	D	D
E	D	-	-	E	D	D	-	-	E	D	-	-	-	-	E	E	D	D	-	-	-	E	E	-	-	D	D
E	E	L	L	N	-	-	L	L	-	-	L	N	-	-	D	N	-	-	-	L	L	L	-	-	-	-	-
E	E	D	D	-	-	-	-	-	E	E	D	N	-	-	L	L	L	-	-	-	-	-	E	E	L	L	L
E	L	N	-	-	-	-	-	D	D	L	L	L	-	-	E	L	N	N	-	-	-	-	E	N	-	-	-
-	E	E	L	L	-	-	-	E	E	-	-	-	-	L	L	L	-	-	-	L	L	N	-	-	-	-	L
L	L	L	N	-	-	-	-	-	E	E	E	-	-	-	-	-	-	-	L	N	N	N	-	-	-	-	-
L	L	N	N	-	-	-	-	-	-	N	N	-	-	-	-	-	-	D	D	-	-	-	-	D	D	D	D
L	N	-	-	-	-	-	D	L	L	N	-	-	-	L	L	N	N	-	-	-	-	-	E	E	-	-	-
D	L	L	L	-	-	-	D	N	N	N	-	-	-	-	-	-	-	L	L	-	-	-	-	-	-	D	L
E	E	N	-	-	-	-	-	D	D	N	-	-	-	-	E	N	-	-	-	-	E	E	D	-	-	-	-
L	L	-	-	D	L	L	-	-	-	-	L	L	-	-	D	-	-	-	-	-	-	-	-	-	-	D	L
L	-	-	L	N	-	-	N	-	-	-	-	-	L	L	-	-	-	-	-	-	-	-	D	L	L	L	N
D	D	-	-	-	-	-	-	-	-	-	-	-	E	D	N	-	-	-	-	-	-	-	-	-	E	E	N
-	-	-	-	-	-	-	D	D	-	-	D	-	-	N	-	-	-	-	D	L	L	L	N	-	-	-	-
-	-	-	-	E	E	D	-	-	-	-	-	L	-	-	E	-	-	E	-	-	-	-	E	N	-	-	D
N	-	-	D	-	-	-	-	N	N	-	-	-	-	-	-	-	-	-	-	D	D	-	-	D	D	D	D
-	-	L	-	-	L	-	-	-	-	-	-	-	-	-	-	L	L	L	L	L	-	-	L	L	-	-	L
-	-	D	-	-	E	-	-	L	-	-	E	D	L	N	-	-	L	-	-	-	-	-	-	-	L	N	-
D	L	-	-	-	-	E	N	-	-	-	-	-	-	-	-	D	-	-	D	L	-	-	-	D	D	-	-
D	D	D	D	-	-	-	-	-	-	-	E	E	-	-	-	-	-	-	D	-	-	-	-	-	-	E	D
-	-	-	-	L	-	-	-	-	-	-	-	-	N	-	N	-	-	-	-	-	-	-	-	L	-	L	-
-	-	-	-	D	D	-	N	-	-	-	-	-	N	-	-	-	-	-	-	-	D	-	-	-	-	-	-
-	-	-	-	-	-	D	D	D	L	-	-	-	-	-	-	-	-	-	-	-	L	L	-	-	-	-	-
-	-	-	-	-	-	-	E	-	-	E	E	E	-	-	-	-	-	-	-	-	-	E	N	-	-	-	-
-	-	-	-	L	-	-	-	-	-	-	-	-	-	-	-	-	-	E	E	E	L	-	-	-	-	-	-
-	-	-	-	-	-	-	E	D	-	L	-	-	-	E	-	-	-	E	-	-	-	-	-	-	-	-	-
-	-	-	-	-	-	-	L	L	-	-	L	-	L	-	-	-	-	-	-	E	E	E	-	-	-	-	-
-	D	-	-	-	-	-	-	-	-	-	L	N	-	-	-	-	D	N	-	-	-	-	L	-	-	-	-
-	-	-	L	-	-	-	-	-	-	-	-	D	L	L	-	-	-	-	-	-	-	D	D	L	-	-	-
-	-	-	-	-	L	N	-	-	-	-	N	-	-	-	-	-	-	-	L	-	L	L	-	-	-	-	-
Objective 0: 8038
Objective 1: 196
Constr violation: 0
Restrictions violated:
0 0 0 0 0 0 0 0 

Individual 8
1	2	3	4	5	6	7	8	9	10	11	12	13	14	15	16	17	18	19	20	21	22	23	24	25	26	27	28
E	N	-	-	D	L	L	-	-	L	L	N	N	N	-	-	D	L	-	-	-	-	-	E	D	D	-	-
E	E	E	D	L	-	-	-	-	-	-	E	E	L	L	L	-	-	-	-	E	E	D	D	L	-	-	-
L	L	-	-	-	E	E	L	L	L	-	-	E	E	L	-	-	D	L	-	-	D	D	D	-	-	-	-
D	N	N	-	-	-	-	-	-	-	D	D	D	-	D	D	D	D	L	-	-	-	-	-	D	L	L	N
E	E	D	D	-	-	-	-	E	E	E	-	-	-	-	-	-	-	D	D	D	D	D	-	-	E	E	D
E	E	D	N	N	-	-	E	D	N	N	-	-	-	-	-	E	E	-	-	E	N	-	-	-	-	D	D
E	D	-	-	E	D	D	-	-	E	D	-	-	-	-	E	E	D	D	-	-	-	E	E	-	-	D	D
E	E	L	L	N	-	-	L	L	-	-	L	N	-	-	D	N	-	-	-	L	L	L	-	-	-	-	-
E	E	D	D	-	-	-	-	-	E	E	D	N	-	-	L	L	L	-	-	-	-	-	E	E	L	L	L
E	L	N	-	-	-	-	-	D	D	L	L	L	-	-	E	L	N	N	-	-	-	-	E	N	-	-	-
-	E	E	L	L	-	-	-	E	E	-	-	-	-	L	L	L	-	-	-	L	L	N	-	-	-	-	L
L	L	L	N	-	-	-	-	-	E	E	E	-	-	-	-	-	-	-	L	N	N	N	-	-	-	-	-
L	L	N	N	-	-	-	-	-	-	N	N	-	-	-	-	-	-	D	D	-	-	-	-	D	D	D	D
L	N	-	-	-	-	-	D	L	L	N	-	-	-	L	L	N	N	-	-	-	-	-	E	E	-	-	-
D	L	L	L	-	-	-	D	N	N	N	-	-	-	-	-	-	-	L	L	-	-	-	-	-	-	D	L
E	E	N	-	-	-	-	-	D	D	N	-	-	-	-	E	N	-	-	-	-	E	E	D	-	-	-	-
L	L	-	-	D	L	L	-	-	-	-	L	L	-	-	D	-	-	-	-	-	-	-	-	-	-	D	L
L	-	-	L	N	-	-	N	-	-	-	-	-	L	L	-	-	-	-	-	-	-	-	D	L	L	L	N
D	D	-	-	-	-	-	-	-	-	-	-	-	E	D	N	-	-	-	-	-	-	-	-	-	E	E	N
-	-	-	-	-	-	-	D	D	-	-	D	-	-	N	-	-	-	-	D	L	L	L	N	-	-	-	-
-	-	-	-	E	E	D	-	-	-	-	-	L	-	-	E	-	-	E	-	-	-	-	E	N	-	-	D
N	-	-	D	-	-	-	-	N	N	-	-	-	-	-	-	-	-	-	-	D	D	-	-	D	D	D	D
-	-	L	-	-	L	-	-	-	-	-	-	-	-	-	-	L	L	L	L	L	-	-	L	L	-	-	L
-	-	D	-	-	E	-	-	L	-	-	E	D	L	N	-	-	L	-	-	-	-	-	-	-	L	N	-
D	L	-	-	-	-	E	N	-	-	-	-	-	-	-	-	D	-	-	D	L	-	-	-	D	D	-	-
D	D	D	D	-	-	-	-	-	-	-	E	E	-	-	-	-	-	-	D	-	-	-	-	-	-	E	D
-	-	-	-	L	-	-	-	-	-	-	-	-	N	-	N	-	-	-	-	-	-	-	-	L	-	L	-
-	-	-	-	D	D	-	N	-	-	-	-	-	N	-	-	-	-	-	-	-	D	-	-	-	-	-	-
-	-	-	-	-	-	D	D	D	L	-	-	-	-	-	-	-	-	-	-	-	L	L	-	-	-	-	-
-	-	-	-	-	-	-	E	-	-	E	E	E	-	-	-	-	-	-	-	-	-	E	N	-	-	-	-
-	-	-	-	L	-	-	-	-	-	-	-	-	-	-	-	-	-	E	E	E	L	-	-	-	-	-	-
-	-	-	-	-	-	-	E	D	-	L	-	-	-	E	-	-	-	E	-	-	-	-	-	-	-	-	-
-	-	-	-	-	-	-	L	L	-	-	L	-	L	-	-	-	-	-	-	E	E	E	-	-	-	-	-
-	D	-	-	-	-	-	-	-	-	-	L	N	-	-	-	-	D	N	-	-	-	-	L	-	-	-	-
-	-	-	L	-	-	-	-	-	-	-	-	D	L	L	-	-	-	-	-	-	-	D	D	L	-	-	-
-	-	-	-	-	L	N	-	-	-	-	N	-	-	-	-	-	-	-	L	-	L	L	-	-	-	-	-
Objective 0: 8340
Objective 1: 195
Constr violation: 0
Restrictions violated:
0 0 0 0 0 0 0 0 

Individual 9
1	2	3	4	5	6	7	8	9	10	11	12	13	14	15	16	17	18	19	20	21	22	23	24	25	26	27	28
E	N	-	-	D	L	L	-	-	L	L	N	N	N	-	-	D	L	-	-	-	-	-	E	D	D	-	-
E	E	E	D	L	-	-	-	-	-	-	E	E	L	L	L	-	-	-	-	E	E	D	D	L	-	-	-
L	L	-	-	-	E	E	L	L	L	-	-	E	E	L	-	-	D	L	-	-	D	D	D	-	-	-	-
D	N	N	-	-	-	-	-	-	-	D	D	D	-	D	D	D	D	L	-	-	-	-	-	D	L	L	N
E	E	D	D	-	-	-	-	E	E	E	-	-	-	-	-	-	-	D	D	D	D	D	-	-	E	E	D
E	E	D	N	N	-	-	E	D	N	N	-	-	-	-	-	E	E	-	-	E	N	-	-	-	-	D	D
E	D	-	-	E	D	D	-	-	E	D	-	-	-	-	E	E	D	D	-	-	-	E	E	-	-	D	D
E	E	L	L	N	-	-	L	L	-	-	L	N	-	-	D	N	-	-	-	L	L	L	-	-	-	-	-
E	E	D	D	-	-	-	-	-	E	E	D	N	-	-	L	L	L	-	-	-	-	-	E	E	L	L	L
E	L	N	-	-	-	-	-	D	D	L	L	L	-	-	E	L	N	N	-	-	-	-	E	N	-	-	-
-	E	E	L	L	-	-	-	E	E	-	-	-	-	L	L	L	-	-	-	L	L	N	-	-	-	-	L
L	L	L	N	-	-	-	-	-	E	E	E	-	-	-	-	-	-	-	L	N	N	N	-	-	-	-	-
L	L	N	N	-	-	-	-	-	-	N	N	-	-	-	-	-	-	D	D	-	-	-	-	D	D	D	D
L	N	-	-	-	-	-	D	L	L	N	-	-	-	L	L	N	N	-	-	-	-	-	E	E	-	-	-
D	L	L	L	-	-	-	D	N	N	N	-	-	-	-	-	-	-	L	L	-	-	-	-	-	-	D	L
E	E	N	-	-	-	-	-	D	D	N	-	-	-	-	E	N	-	-	-	-	E	E	D	-	-	-	-
L	L	-	-	D	L	L	-	-	-	-	L	L	-	-	D	-	-	-	-	-	-	-	-	-	-	D	L
L	-	-	L	N	-	-	N	-	-	-	-	-	L	L	-	-	-	-	-	-	-	-	D	L	L	L	N
D	D	-	-	-	-	-	-	-	-	-	-	-	E	D	N	-	-	-	-	-	-	-	-	-	E	E	N
-	-	-	-	-	-	-	D	D	-	-	D	-	-	N	-	-	-	-	D	L	L	L	N	-	-	-	-
-	-	-	-	E	E	D	-	-	-	-	-	L	-	-	E	-	-	E	-	-	-	-	E	N	-	-	D
N	-	-	D	-	-	-	-	N	N	-	-	-	-	-	-	-	-	-	-	D	D	-	-	D	D	D	D
-	-	L	-	-	L	-	-	-	-	-	-	-	-	-	-	L	L	L	L	L	-	-	L	L	-	-	L
-	-	D	-	-	E	-	-	L	-	-	E	D	L	N	-	-	L	-	-	-	-	-	-	-	L	N	-
D	L	-	-	-	-	E	N	-	-	-	-	-	-	-	-	D	-	-	D	L	-	-	-	D	D	-	-
D	D	D	D	-	-	-	-	-	-	-	E	E	-	-	-	-	-	-	D	-	-	-	-	-	-	E	D
-	-	-	-	L	-	-	-	-	-	-	-	-	N	-	N	-	-	-	-	-	-	-	-	L	-	L	-
-	-	-	-	D	D	-	N	-	-	-	-	-	N	-	-	-	-	-	-	-	D	-	-	-	-	-	-
-	-	-	-	-	-	D	D	D	L	-	-	-	-	-	-	-	-	-	-	-	L	L	-	-	-	-	-
-	-	-	-	-	-	-	E	-	-	E	E	E	-	-	-	-	-	-	-	-	-	E	N	-	-	-	-
-	-	-	-	L	-	-	-	-	-	-	-	-	-	-	-	-	-	E	E	E	L	-	-	-	-	-	-
-	-	-	-	-	-	-	E	D	-	L	-	-	-	E	-	-	-	E	-	-	-	-	-	-	-	-	-
-	-	-	-	-	-	-	L	L	-	-	L	-	L	-	-	-	-	-	-	E	E	E	-	-	-	-	-
-	D	-	-	-	-	-	-	-	-	-	L	N	-	-	-	-	D	N	-	-	-	-	L	-	-	-	-
-	-	-	L	-	-	-	-	-	-	-	-	D	L	L	-	-	-	-	-	-	-	D	D	L	-	-	-
-	-	-	-	-	L	N	-	-	-	-	N	-	-	-	-	-	-	-	L	-	L	L	-	-	-	-	-
Objective 0: 8340
Objective 1: 195
Constr violation: 0
Restrictions violated:
0 0 0 0 0 0 0 0 

Individual 10
1	2	3	4	5	6	7	8	9	10	11	12	13	14	15	16	17	18	19	20	21	22	23	24	25	26	27	28
E	N	-	-	D	L	L	-	-	L	L	N	N	N	-	-	D	L	-	-	-	-	-	E	D	D	-	-
E	E	E	D	L	-	-	-	-	-	-	E	E	L	L	L	-	-	-	-	E	E	D	D	L	-	-	-
L	L	-	-	-	E	E	L	L	L	-	-	E	E	L	-	-	D	L	-	-	D	D	D	-	-	-	-
D	N	N	-	-	-	-	-	-	-	D	D	D	-	D	D	D	D	L	-	-	-	-	-	D	L	L	N
E	E	D	D	-	-	-	-	E	E	E	-	-	-	-	-	-	-	D	D	D	D	D	-	-	E	E	D
E	E	D	N	N	-	-	E	D	N	N	-	-	-	-	-	E	E	-	-	E	N	-	-	-	-	D	D
E	D	-	-	E	D	D	-	-	E	D	-	-	-	-	E	E	D	D	-	-	-	E	E	-	-	D	D
E	E	L	L	N	-	-	L	L	-	-	L	N	-	-	D	N	-	-	-	L	L	L	-	-	-	-	-
E	E	D	D	-	-	-	-	-	E	E	D	N	-	-	L	L	L	-	-	-	-	-	E	E	L	L	L
E	L	N	-	-	-	-	-	D	D	L	L	L	-	-	E	L	N	N	-	-	-	-	E	N	-	-	-
-	E	E	L	L	-	-	-	E	E	-	-	-	-	L	L	L	-	-	-	L	L	N	-	-	-	-	L
L	L	L	N	-	-	-	-	-	E	E	E	-	-	-	-	-	-	-	L	N	N	N	-	-	-	-	-
L	L	N	N	-	-	-	-	-	-	N	N	-	-	-	-	-	-	D	D	-	-	-	-	D	D	D	D
L	N	-	-	-	-	-	D	L	L	N	-	-	-	L	L	N	N	-	-	-	-	-	E	E	-	-	-
D	L	L	L	-	-	-	D	N	N	N	-	-	-	-	-	-	-	L	L	-	-	-	-	-	-	D	L
E	E	N	-	-	-	-	-	D	D	N	-	-	-	-	E	N	-	-	-	-	E	E	D	-	-	-	-
L	L	-	-	D	L	L	-	-	-	-	L	L	-	-	D	-	-	-	-	-	-	-	-	-	-	D	L
L	-	-	L	N	-	-	N	-	-	-	-	-	L	L	-	-	-	-	-	-	-	-	D	L	L	L	N
D	D	-	-	-	-	-	-	-	-	-	-	-	E	D	N	-	-	-	-	-	-	-	-	-	E	E	N
-	-	-	-	-	-	-	D	D	-	-	D	-	-	N	-	-	-	-	D	L	L	L	N	-	-	-	-
-	-	-	-	E	E	D	-	-	-	-	-	L	-	-	E	-	-	E	-	-	-	-	E	N	-	-	D
N	-	-	D	-	-	-	-	N	N	-	-	-	-	-	-	-	-	-	-	D	D	-	-	D	D	D	D
-	-	L	-	-	L	-	-	-	-	-	-	-	-	-	-	L	L	L	L	L	-	-	L	L	-	-	L
-	-	D	-	-	E	-	-	L	-	-	E	D	L	N	-	-	L	-	-	-	-	-	-	-	L	N	-
D	L	-	-	-	-	E	N	-	-	-	-	-	-	-	-	D	-	-	D	L	-	-	-	D	D	-	-
D	D	D	D	-	-	-	-	-	-	-	E	E	-	-	-	-	-	-	D	-	-	-	-	-	-	E	D
-	-	-	-	L	-	-	-	-	-	-	-	-	N	-	N	-	-	-	-	-	-	-	-	L	-	L	-
-	-	-	-	D	D	-	N	-	-	-	-	-	N	-	-	-	-	-	-	-	D	-	-	-	-	-	-
-	-	-	-	-	-	D	D	D	L	-	-	-	-	-	-	-	-	-	-	-	L	L	-	-	-	-	-
-	-	-	-	-	-	-	E	-	-	E	E	E	-	-	-	-	-	-	-	-	-	E	N	-	-	-	-
-	-	-	-	L	-	-	-	-	-	-	-	-	-	-	-	-	-	E	E	E	L	-	-	-	-	-	-
-	-	-	-	-	-	-	E	D	-	L	-	-	-	E	-	-	-	E	-	-	-	-	-	-	-	-	-
-	-	-	-	-	-	-	L	L	-	-	L	-	L	-	-	-	-	-	-	E	E	E	-	-	-	-	-
-	D	-	-	-	-	-	-	-	-	-	L	N	-	-	-	-	D	N	-	-	-	-	L	-	-	-	-
-	-	-	L	-	-	-	-	-	-	-	-	D	L	L	-	-	-	-	-	-	-	D	D	L	-	-	-
-	-	-	-	-	L	N	-	-	-	-	N	-	-	-	-	-	-	-	L	-	L	L	-	-	-	-	-
Objective 0: 8340
Objective 1: 195
Constr violation: 0
Restrictions violated:
0 0 0 0 0 0 0 0 

Individual 11
1	2	3	4	5	6	7	8	9	10	11	12	13	14	15	16	17	18	19	20	21	22	23	24	25	26	27	28
E	N	-	-	D	L	L	-	-	L	L	N	N	N	-	-	D	L	-	-	-	-	-	E	D	D	-	-
E	E	E	D	L	-	-	-	-	-	-	E	E	L	L	L	-	-	-	-	E	E	D	D	L	-	-	-
L	L	-	-	-	E	E	L	L	L	-	-	E	E	L	-	-	D	L	-	-	D	D	D	-	-	-	-
D	N	N	-	-	-	-	-	-	-	D	D	D	-	D	D	D	D	L	-	-	-	-	-	D	L	L	N
E	E	D	D	-	-	-	-	E	E	E	-	-	-	-	-	-	-	D	D	D	D	D	-	-	E	E	D
E	E	D	N	N	-	-	E	D	N	N	-	-	-	-	-	E	E	-	-	E	N	-	-	-	-	D	D
E	D	-	-	E	D	D	-	-	E	D	-	-	-	-	E	E	D	D	-	-	-	E	E	-	-	D	D
E	E	L	L	N	-	-	L	L	-	-	L	N	-	-	D	N	-	-	-	L	L	L	-	-	-	-	-
E	E	D	D	-	-	-	-	-	E	E	D	N	-	-	L	L	L	-	-	-	-	-	E	E	L	L	L
E	L	N	-	-	-	-	-	D	D	L	L	L	-	-	E	L	N	N	-	-	-	-	E	N	-	-	-
-	E	E	L	L	-	-	-	E	E	-	-	-	-	L	L	L	-	-	-	L	L	N	-	-	-	-	L
L	L	L	N	-	-	-	-	-	E	E	E	-	-	-	-	-	-	-	L	N	N	N	-	-	-	-	-
L	L	N	N	-	-	-	-	-	-	N	N	-	-	-	-	-	-	D	D	-	-	-	-	D	D	D	D
L	N	-	-	-	-	-	D	L	L	N	-	-	-	L	L	N	N	-	-	-	-	-	E	E	-	-	-
D	D	-	-	-	E	D	N	N	-	-	-	-	-	-	E	D	-	-	-	L	N	N	-	-	-	-	-
E	E	N	-	-	-	-	-	D	D	N	-	-	-	-	E	N	-	-	-	-	E	E	D	-	-	-	-
L	L	-	-	D	L	L	-	-	-	-	L	L	-	-	D	-	-	-	-	-	-	-	-	-	-	D	L
L	-	-	L	N	-	-	N	-	-	-	-	-	L	L	-	-	-	-	-	-	-	-	D	L	L	L	N
D	D	-	-	-	-	-	-	-	-	-	-	-	E	D	N	-	-	-	-	-	-	-	-	-	E	E	N
-	-	-	-	-	-	-	D	D	-	-	D	-	-	N	-	-	-	-	D	L	L	L	N	-	-	-	-
-	-	-	-	E	E	D	-	-	-	-	-	L	-	-	E	-	-	E	-	-	-	-	E	N	-	-	D
N	-	-	D	-	-	-	-	N	N	-	-	-	-	-	-	-	-	-	-	D	D	-	-	D	D	D	D
-	-	L	-	-	L	-	-	-	-	-	-	-	-	-	-	L	L	L	L	L	-	-	L	L	-	-	L
-	-	D	-	-	E	-	-	L	-	-	E	D	L	N	-	-	L	-	-	-	-	-	-	-	L	N	-
D	L	-	-	-	-	E	N	-	-	-	-	-	-	-	-	D	-	-	D	L	-	-	-	D	D	-	-
D	D	D	D	-	-	-	-	-	-	-	E	E	-	-	-	-	-	-	D	-	-	-	-	-	-	E	D
-	-	-	-	L	-	-	-	-	-	-	-	-	N	-	N	-	-	-	-	-	-	-	-	L	-	L	-
-	-	-	-	D	D	-	N	-	-	-	-	-	N	-	-	-	-	-	-	-	D	-	-	-	-	-	-
-	-	-	-	-	-	D	D	D	L	-	-	-	-	-	-	-	-	-	-	-	L	L	-	-	-	-	-
-	-	-	-	-	-	-	E	-	-	E	E	E	-	-	-	-	-	-	-	-	-	E	N	-	-	-	-
-	-	-	-	L	-	-	-	-	-	-	-	-	-	-	-	-	-	E	E	E	L	-	-	-	-	-	-
-	-	-	-	-	-	-	E	D	-	L	-	-	-	E	-	-	-	E	-	-	-	-	-	-	-	-	-
-	-	-	-	-	-	-	L	L	-	-	L	-	L	-	-	-	-	-	-	E	E	E	-	-	-	-	-
-	D	-	-	-	-	-	-	-	-	-	L	N	-	-	-	-	D	N	-	-	-	-	L	-	-	-	-
-	-	-	L	-	-	-	-	-	-	-	-	D	L	L	-	-	-	-	-	-	-	D	D	L	-	-	-
-	-	-	-	-	L	N	-	-	-	-	N	-	-	-	-	-	-	-	L	-	L	L	-	-	-	-	-
Objective 0: 8743
Objective 1: 194
Constr violation: 0
Restrictions violated:
0 0 0 0 0 0 0 0 

