Individual 0
1	2	3	4	5	6	7	8	9	10	11	12	13	14	15	16	17	18	19	20	21	22	23	24	25	26	27	28
L	L	-	-	D	N	N	N	-	-	D	L	L	L	-	-	D	L	-	-	-	-	E	E	D	-	-	-
-	-	D	D	L	-	-	E	D	-	-	E	D	D	L	-	-	D	L	-	-	-	-	D	D	D	L	L
-	-	D	L	L	-	-	D	D	-	-	-	E	E	E	E	D	-	-	-	-	D	D	L	-	-	E	D
D	D	L	L	-	-	-	-	-	-	L	L	L	-	-	D	L	L	L	N	-	-	D	D	D	L	-	-
E	E	E	D	-	-	-	E	E	E	E	-	-	E	E	D	-	-	-	E	D	D	-	-	E	D	-	-
E	D	D	N	-	-	-	-	E	E	N	N	-	-	-	-	-	-	E	E	E	E	N	-	-	-	-	D
D	D	-	-	D	D	D	D	D	-	-	E	E	D	-	-	-	D	D	-	-	-	-	D	D	D	-	-
-	-	E	E	D	-	-	E	N	-	-	E	N	-	-	E	D	L	-	-	L	L	-	-	E	N	-	-
E	E	E	E	-	-	-	-	-	-	E	D	L	-	-	L	L	N	-	-	-	E	D	-	-	D	L	L
E	E	N	-	-	-	E	E	N	N	-	-	-	-	E	E	E	E	-	-	N	N	-	-	L	L	-	-
-	-	-	L	L	-	-	-	-	N	N	-	-	-	E	L	L	-	-	-	E	E	N	-	-	-	E	E
-	-	-	-	-	-	-	-	E	L	L	-	-	-	-	-	L	L	L	L	-	-	-	E	E	N	N	-
D	L	N	N	-	-	-	D	D	D	-	-	-	-	-	-	-	D	D	D	-	-	-	D	L	-	-	-
D	D	L	-	-	-	-	D	D	L	N	-	-	-	E	L	-	-	-	L	L	L	-	-	-	-	-	-
-	-	-	E	E	E	-	-	-	E	L	-	-	-	-	-	L	L	-	-	-	N	N	N	-	-	-	L
N	N	-	-	-	-	-	-	-	-	D	D	-	-	-	D	D	-	-	-	E	E	-	-	-	E	N	N
D	D	D	-	-	L	-	-	-	-	-	-	-	-	D	-	-	-	-	-	D	D	L	-	-	-	L	L
-	-	-	-	L	N	-	-	-	-	D	L	N	-	-	-	N	-	-	-	-	-	-	L	L	-	-	-
D	-	-	-	-	E	E	-	-	-	-	-	-	-	N	N	-	-	E	D	-	-	-	E	-	-	-	-
L	-	-	-	-	L	L	L	L	-	-	-	-	-	N	-	-	-	-	-	-	L	L	N	N	-	-	-
-	-	-	-	N	-	-	-	-	-	E	D	N	-	-	-	-	E	-	-	-	-	-	-	-	E	D	L
N	-	-	E	N	-	-	-	-	-	D	-	-	-	-	-	E	E	D	-	-	N	-	-	E	-	-	D
-	L	L	L	-	-	L	L	L	-	-	-	-	L	-	-	-	-	-	-	L	L	L	-	-	-	-	-
L	N	-	-	-	-	L	L	N	-	-	-	-	-	-	-	-	E	D	-	-	-	-	-	-	E	-	-
-	-	-	-	-	D	-	-	-	D	N	-	-	D	L	N	-	-	-	-	-	-	-	E	L	-	-	N
D	D	-	-	-	-	D	-	-	-	E	-	-	-	-	-	-	-	-	-	E	D	-	-	E	E	D	-
L	-	-	-	-	-	N	N	-	-	-	L	-	-	L	-	-	N	-	-	-	-	-	L	-	-	-	-
-	-	-	-	-	-	-	D	-	-	-	D	D	-	-	-	-	-	-	N	-	-	-	-	-	N	-	-
-	L	-	-	-	-	D	-	L	N	-	-	-	-	-	-	-	-	-	-	-	-	L	-	-	-	-	-
-	-	-	E	-	-	-	N	-	-	-	-	-	-	-	E	N	-	-	-	-	-	-	-	-	-	-	D
-	-	-	-	-	E	-	-	-	-	-	D	N	-	-	-	-	-	-	-	-	-	E	L	L	-	-	-
-	-	-	-	-	-	-	-	-	-	-	-	E	L	-	L	-	-	-	-	-	-	-	-	-	L	N	N
-	-	-	-	-	-	-	-	-	-	-	E	E	E	-	-	-	-	-	-	-	E	E	-	-	-	-	L
-	-	E	L	-	-	-	-	-	-	-	-	L	-	D	N	-	-	-	-	D	-	-	-	-	-	-	-
-	-	-	-	-	-	-	-	-	-	-	-	-	-	-	-	-	-	L	-	-	D	D	L	L	L	-	-
-	N	-	-	-	-	L	-	-	-	-	-	-	L	-	-	-	-	-	-	E	L	-	-	-	-	-	-
Objective 0: 6420
Objective 1: 213
Constr violation: 0
Restrictions violated:
0 0 0 0 0 0 0 0 

Individual 1
1	2	3	4	5	6	7	8	9	10	11	12	13	14	15	16	17	18	19	20	21	22	23	24	25	26	27	28
L	L	-	-	D	N	N	N	-	-	D	L	L	L	-	-	D	L	-	-	-	-	E	E	D	-	-	-
-	-	D	D	L	-	-	E	D	-	-	E	D	D	L	-	-	D	L	-	-	-	-	D	D	D	L	L
-	-	D	L	L	-	-	D	D	-	-	-	E	E	E	E	D	-	-	-	-	D	D	L	-	-	E	D
D	D	L	L	-	-	-	-	-	-	L	L	L	-	-	D	L	L	L	N	-	-	D	D	D	L	-	-
E	E	E	E	D	-	-	D	D	D	-	-	E	E	-	-	-	-	E	E	E	D	D	-	-	-	-	-
E	D	D	N	-	-	-	-	E	E	N	N	-	-	-	-	-	-	E	E	E	E	N	-	-	-	-	D
D	D	-	-	D	D	D	D	D	-	-	E	E	D	-	-	-	D	D	-	-	-	-	D	D	D	-	-
-	-	E	E	D	-	-	E	N	-	-	E	N	-	-	E	D	L	-	-	L	L	-	-	E	N	-	-
E	E	E	E	-	-	-	-	-	-	E	D	L	-	-	L	L	N	-	-	-	E	D	-	-	D	L	L
E	E	N	-	-	-	E	E	L	L	N	-	-	-	E	D	L	-	-	-	-	-	-	L	N	N	-	-
-	-	-	L	L	-	-	-	-	N	N	-	-	-	E	L	L	-	-	-	E	E	N	-	-	-	E	E
-	-	-	-	-	-	-	-	E	L	L	-	-	-	-	-	L	L	L	L	-	-	-	E	E	N	N	-
D	L	N	N	-	-	-	D	D	D	L	-	-	-	-	-	-	D	D	D	-	-	-	D	L	-	-	-
D	D	L	-	-	-	-	E	N	N	N	-	-	-	E	L	-	-	-	L	L	L	-	-	-	-	-	-
-	-	-	E	E	E	-	-	-	E	L	-	-	-	-	-	L	L	-	-	-	N	N	N	-	-	-	L
N	N	-	-	-	-	-	-	-	-	D	D	-	-	-	D	D	-	-	-	E	E	-	-	-	E	N	N
D	D	D	-	-	L	-	-	-	-	-	-	-	-	D	-	-	-	-	-	D	D	L	-	-	-	L	L
-	-	-	-	L	N	N	-	-	-	D	L	N	-	-	-	-	-	-	-	-	-	-	L	L	-	-	-
D	-	-	-	-	E	E	-	-	-	-	-	-	-	N	N	-	-	E	D	-	-	-	E	-	-	-	-
L	-	-	-	-	L	L	L	L	-	-	-	-	-	N	-	-	-	-	-	-	L	L	N	N	-	-	-
-	-	-	-	N	-	-	-	-	-	E	D	N	-	-	-	-	E	-	-	-	-	-	-	-	E	D	L
N	-	-	D	-	-	-	-	-	-	-	-	-	-	-	-	E	E	D	-	-	N	-	-	E	-	-	D
-	L	L	L	-	-	L	L	L	-	-	-	-	L	-	-	-	-	-	-	L	L	L	-	-	-	-	-
L	N	-	-	-	-	L	L	N	-	-	-	-	-	-	-	-	E	D	-	-	-	-	-	-	E	-	-
-	-	-	-	-	D	-	-	-	D	N	-	-	D	L	N	-	-	-	-	-	-	-	E	L	-	-	N
D	D	-	-	-	-	D	-	-	-	E	-	-	-	-	-	-	-	-	-	E	D	-	-	E	E	D	-
L	-	-	-	-	-	N	N	-	-	-	L	-	-	L	-	-	N	-	-	-	-	-	L	-	-	-	-
-	-	-	-	-	-	-	D	-	-	-	D	D	-	-	-	-	-	-	N	-	-	-	-	-	N	-	-
-	L	-	-	-	-	D	-	L	N	-	-	-	-	-	-	-	-	-	-	-	-	L	-	-	-	-	-
-	-	-	E	-	-	-	N	-	-	-	-	-	-	-	E	N	-	-	-	-	-	-	-	-	-	-	D
-	-	-	-	-	E	-	-	-	-	-	D	N	-	-	-	-	-	-	-	-	-	E	L	L	-	-	-
-	-	-	-	-	-	-	-	-	-	-	-	E	L	-	L	-	-	-	-	-	-	-	-	-	L	N	N
-	-	-	-	-	-	-	-	-	-	-	E	E	E	-	-	-	-	-	-	-	E	E	-	-	-	-	L
-	-	E	L	-	-	-	-	-	-	-	-	L	-	D	N	-	-	-	-	D	-	-	-	-	-	-	-
-	-	-	-	-	-	-	-	-	-	-	-	-	-	-	-	-	-	L	-	-	D	D	L	L	L	-	-
-	N	-	-	-	-	L	-	-	-	-	-	-	L	-	E	-	-	-	-	E	L	-	-	-	-	-	-
Objective 0: 7226
Objective 1: 198
Constr violation: 0
Restrictions violated:
0 0 0 0 0 0 0 0 

Individual 2
1	2	3	4	5	6	7	8	9	10	11	12	13	14	15	16	17	18	19	20	21	22	23	24	25	26	27	28
L	L	-	-	D	N	N	N	-	-	D	L	L	L	-	-	D	L	-	-	-	-	E	E	D	-	-	-
-	-	D	D	L	-	-	E	D	-	-	E	D	D	L	-	-	D	L	-	-	-	-	D	D	D	L	L
-	-	D	L	L	-	-	D	D	-	-	-	E	E	E	E	D	-	-	-	-	D	D	L	-	-	E	D
D	D	L	L	-	-	-	-	-	-	L	L	L	-	-	D	L	L	L	N	-	-	D	D	D	L	-	-
E	E	E	D	-	-	-	E	E	E	E	-	-	E	E	D	-	-	-	E	D	D	-	-	E	D	-	-
E	D	D	N	-	-	-	-	E	E	N	N	-	-	-	-	-	-	E	E	E	E	N	-	-	-	-	D
D	D	-	-	D	D	D	D	D	-	-	E	E	D	-	-	-	D	D	-	-	-	-	D	D	D	-	-
-	-	E	E	D	-	-	E	N	-	-	E	N	-	-	E	D	L	-	-	L	L	-	-	E	N	-	-
E	E	E	E	-	-	-	-	-	-	E	D	L	-	-	L	L	N	-	-	-	E	D	-	-	D	L	L
E	E	N	-	-	-	E	E	L	L	N	-	-	-	E	D	L	-	-	-	-	-	-	L	N	N	-	-
-	-	-	L	L	-	-	-	-	N	N	-	-	-	E	L	L	-	-	-	E	E	N	-	-	-	E	E
-	-	-	-	-	-	-	-	E	L	L	-	-	-	-	-	L	L	L	L	-	-	-	E	E	N	N	-
D	L	N	N	-	-	-	D	D	D	-	-	-	-	-	-	-	D	D	D	-	-	-	D	L	-	-	-
D	D	L	-	-	-	-	E	N	N	N	-	-	-	E	L	-	-	-	L	L	L	-	-	-	-	-	-
-	-	-	E	E	E	-	-	-	E	L	-	-	-	-	-	L	L	-	-	-	N	N	N	-	-	-	L
N	N	-	-	-	-	-	-	-	-	D	D	-	-	-	D	D	-	-	-	E	E	-	-	-	E	N	N
D	D	D	-	-	L	-	-	-	-	-	-	-	-	D	-	-	-	-	-	D	D	L	-	-	-	L	L
-	-	-	-	L	N	-	-	-	-	D	L	N	-	-	-	N	-	-	-	-	-	-	L	L	-	-	-
D	-	-	-	-	E	E	-	-	-	-	-	-	-	N	N	-	-	E	D	-	-	-	E	-	-	-	-
L	-	-	-	-	L	L	L	L	-	-	-	-	-	N	-	-	-	-	-	-	L	L	N	N	-	-	-
-	-	-	-	N	-	-	-	-	-	E	D	N	-	-	-	-	E	-	-	-	-	-	-	-	E	D	L
N	-	-	D	-	-	-	-	-	-	-	-	-	-	-	-	E	E	D	-	-	N	-	-	E	-	-	D
-	L	L	L	-	-	L	L	L	-	-	-	-	L	-	-	-	-	-	-	L	L	L	-	-	-	-	-
L	N	-	-	-	-	L	L	N	-	-	-	-	-	-	-	-	E	D	-	-	-	-	-	-	E	-	-
-	-	-	-	-	D	-	-	-	D	N	-	-	D	L	N	-	-	-	-	-	-	-	E	L	-	-	N
D	D	-	-	-	-	D	-	-	-	E	-	-	-	-	-	-	-	-	-	E	D	-	-	E	E	D	-
L	-	-	-	-	-	N	N	-	-	-	L	-	-	L	-	-	N	-	-	-	-	-	L	-	-	-	-
-	-	-	-	-	-	-	D	-	-	-	D	D	-	-	-	-	-	-	N	-	-	-	-	-	N	-	-
-	L	-	-	-	-	D	-	L	N	-	-	-	-	-	-	-	-	-	-	-	-	L	-	-	-	-	-
-	-	-	E	-	-	-	N	-	-	-	-	-	-	-	E	N	-	-	-	-	-	-	-	-	-	-	D
-	-	-	-	-	E	-	-	-	-	-	D	N	-	-	-	-	-	-	-	-	-	E	L	L	-	-	-
-	-	-	-	-	-	-	-	-	-	-	-	E	L	-	L	-	-	-	-	-	-	-	-	-	L	N	N
-	-	-	-	-	-	-	-	-	-	-	E	E	E	-	-	-	-	-	-	-	E	E	-	-	-	-	L
-	-	E	L	-	-	-	-	-	-	-	-	L	-	D	N	-	-	-	-	D	-	-	-	-	-	-	-
-	-	-	-	-	-	-	-	-	-	-	-	-	-	-	-	-	-	L	-	-	D	D	L	L	L	-	-
-	N	-	-	-	-	L	-	-	-	-	-	-	L	-	E	-	-	-	-	E	L	-	-	-	-	-	-
Objective 0: 6822
Objective 1: 205
Constr violation: 0
Restrictions violated:
0 0 0 0 0 0 0 0 

Individual 3
1	2	3	4	5	6	7	8	9	10	11	12	13	14	15	16	17	18	19	20	21	22	23	24	25	26	27	28
L	L	-	-	D	N	N	N	-	-	D	L	L	L	-	-	D	L	-	-	-	-	E	E	D	-	-	-
-	-	D	D	L	-	-	E	D	-	-	E	D	D	L	-	-	D	L	-	-	-	-	D	D	D	L	L
-	-	D	L	L	-	-	D	D	-	-	-	E	E	E	E	D	-	-	-	-	D	D	L	-	-	E	D
D	D	L	L	-	-	-	-	-	-	L	L	L	-	-	D	L	L	L	N	-	-	D	D	D	L	-	-
E	E	E	E	D	-	-	D	D	D	-	-	E	E	-	-	-	-	E	E	E	D	D	-	-	-	-	-
E	D	D	N	-	-	-	-	E	E	N	N	-	-	-	-	-	-	E	E	E	E	N	-	-	-	-	D
D	D	-	-	D	D	D	D	D	-	-	E	E	D	-	-	-	D	D	-	-	-	-	D	D	D	-	-
-	-	E	E	D	-	-	E	N	-	-	E	N	-	-	E	D	L	-	-	L	L	-	-	E	N	-	-
E	E	E	E	-	-	-	-	-	-	E	D	L	-	-	L	L	N	-	-	-	E	D	-	-	D	L	L
E	E	N	-	-	-	E	E	L	L	N	-	-	-	E	D	L	-	-	-	-	-	-	L	N	N	-	-
-	-	-	L	L	-	-	-	-	N	N	-	-	-	E	L	L	-	-	-	E	E	N	-	-	-	E	E
-	-	-	-	-	-	-	-	E	L	L	-	-	-	-	-	L	L	L	L	-	-	-	E	E	N	N	-
D	L	N	N	-	-	-	D	D	D	-	-	-	-	-	-	-	D	D	D	-	-	-	D	L	-	-	-
D	D	L	-	-	-	-	E	N	N	N	-	-	-	E	L	-	-	-	L	L	L	-	-	-	-	-	-
-	-	-	E	E	E	-	-	-	E	L	-	-	-	-	-	L	L	-	-	-	N	N	N	-	-	-	L
N	N	-	-	-	-	-	-	-	-	D	D	-	-	-	D	D	-	-	-	E	E	-	-	-	E	N	N
D	D	D	-	-	L	-	-	-	-	-	-	-	-	D	-	-	-	-	-	D	D	L	-	-	-	L	L
-	-	-	-	L	N	N	-	-	-	D	L	N	-	-	-	-	-	-	-	-	-	-	L	L	-	-	-
D	-	-	-	-	E	E	-	-	-	-	-	-	-	N	N	-	-	E	D	-	-	-	E	-	-	-	-
L	-	-	-	-	L	L	L	L	-	-	-	-	-	N	-	-	-	-	-	-	L	L	N	N	-	-	-
-	-	-	-	N	-	-	-	-	-	E	D	N	-	-	-	-	E	-	-	-	-	-	-	-	E	D	L
N	-	-	D	-	-	-	-	-	-	-	-	-	-	-	-	E	E	D	-	-	N	-	-	E	-	-	D
-	L	L	L	-	-	L	L	L	-	-	-	-	L	-	-	-	-	-	-	L	L	L	-	-	-	-	-
L	N	-	-	-	-	L	L	N	-	-	-	-	-	-	-	-	E	D	-	-	-	-	-	-	E	-	-
-	-	-	-	-	D	-	-	-	D	N	-	-	D	L	N	-	-	-	-	-	-	-	E	L	-	-	N
D	D	-	-	-	-	D	-	-	-	E	-	-	-	-	-	-	-	-	-	E	D	-	-	E	E	D	-
L	-	-	-	-	-	N	N	-	-	-	L	-	-	L	-	-	N	-	-	-	-	-	L	-	-	-	-
-	-	-	-	-	-	-	D	-	-	-	D	D	-	-	-	-	-	-	N	-	-	-	-	-	N	-	-
-	L	-	-	-	-	D	-	L	N	-	-	-	-	-	-	-	-	-	-	-	-	L	-	-	-	-	-
-	-	-	E	-	-	-	N	-	-	-	-	-	-	-	E	N	-	-	-	-	-	-	-	-	-	-	D
-	-	-	-	-	E	-	-	-	-	-	D	N	-	-	-	-	-	-	-	-	-	E	L	L	-	-	-
-	-	-	-	-	-	-	-	-	-	-	-	E	L	-	L	-	-	-	-	-	-	-	-	-	L	N	N
-	-	-	-	-	-	-	-	-	-	-	E	E	E	-	-	-	-	-	-	-	E	E	-	-	-	-	L
-	-	E	L	-	-	-	-	-	-	-	-	L	-	D	N	-	-	-	-	D	-	-	-	-	-	-	-
-	-	-	-	-	-	-	-	-	-	-	-	-	-	-	-	-	-	L	-	-	D	D	L	L	L	-	-
-	N	-	-	-	-	L	-	-	-	-	-	-	L	-	E	-	-	-	-	E	L	-	-	-	-	-	-
Objective 0: 7225
Objective 1: 199
Constr violation: 0
Restrictions violated:
0 0 0 0 0 0 0 0 

Individual 4
1	2	3	4	5	6	7	8	9	10	11	12	13	14	15	16	17	18	19	20	21	22	23	24	25	26	27	28
L	L	-	-	D	N	N	N	-	-	D	L	L	L	-	-	D	L	-	-	-	-	E	E	D	-	-	-
-	-	D	D	L	-	-	E	D	-	-	E	D	D	L	-	-	D	L	-	-	-	-	D	D	D	L	L
-	-	D	L	L	-	-	D	D	-	-	-	E	E	E	E	D	-	-	-	-	D	D	L	-	-	E	D
D	D	L	L	-	-	-	-	-	-	L	L	L	-	-	D	L	L	L	N	-	-	D	D	D	L	-	-
E	E	E	D	-	-	-	E	E	E	E	-	-	E	E	D	-	-	-	E	D	D	-	-	E	D	-	-
E	D	D	N	-	-	-	-	E	E	N	N	-	-	-	-	-	-	E	E	E	E	N	-	-	-	-	D
D	D	-	-	D	D	D	D	D	-	-	E	E	D	-	-	-	D	D	-	-	-	-	D	D	D	-	-
-	-	E	E	D	-	-	E	N	-	-	E	N	-	-	E	D	L	-	-	L	L	-	-	E	N	-	-
E	E	E	E	-	-	-	-	-	-	E	D	L	-	-	L	L	N	-	-	-	E	D	-	-	D	L	L
E	E	N	-	-	-	E	E	L	L	N	-	-	-	E	D	L	-	-	-	-	-	-	L	N	N	-	-
-	-	-	L	L	-	-	-	-	N	N	-	-	-	E	L	L	-	-	-	E	E	N	-	-	-	E	E
-	-	-	-	-	-	-	-	E	L	L	-	-	-	-	-	L	L	L	L	-	-	-	E	E	N	N	-
D	L	N	N	-	-	-	D	D	D	L	-	-	-	-	-	-	D	D	D	-	-	-	D	L	-	-	-
D	D	L	-	-	-	-	E	N	N	N	-	-	-	E	L	-	-	-	L	L	L	-	-	-	-	-	-
-	-	-	E	E	E	-	-	-	E	L	-	-	-	-	-	L	L	-	-	-	N	N	N	-	-	-	L
N	N	-	-	-	-	-	-	-	-	D	D	-	-	-	D	D	-	-	-	E	E	-	-	-	E	N	N
D	D	D	-	-	L	-	-	-	-	-	-	-	-	D	-	-	-	-	-	D	D	L	-	-	-	L	L
-	-	-	-	L	N	N	-	-	-	D	L	N	-	-	-	-	-	-	-	-	-	-	L	L	-	-	-
D	-	-	-	-	E	E	-	-	-	-	-	-	-	N	N	-	-	E	D	-	-	-	E	-	-	-	-
L	-	-	-	-	L	L	L	L	-	-	-	-	-	N	-	-	-	-	-	-	L	L	N	N	-	-	-
-	-	-	-	N	-	-	-	-	-	E	D	N	-	-	-	-	E	-	-	-	-	-	-	-	E	D	L
N	-	-	D	-	-	-	-	-	-	-	-	-	-	-	-	E	E	D	-	-	N	-	-	E	-	-	D
-	L	L	L	-	-	L	L	L	-	-	-	-	L	-	-	-	-	-	-	L	L	L	-	-	-	-	-
L	N	-	-	-	-	L	L	N	-	-	-	-	-	-	-	-	E	D	-	-	-	-	-	-	E	-	-
-	-	-	-	-	D	-	-	-	D	N	-	-	D	L	N	-	-	-	-	-	-	-	E	L	-	-	N
D	D	-	-	-	-	D	-	-	-	E	-	-	-	-	-	-	-	-	-	E	D	-	-	E	E	D	-
L	-	-	-	-	-	N	N	-	-	-	L	-	-	L	-	-	N	-	-	-	-	-	L	-	-	-	-
-	-	-	-	-	-	-	D	-	-	-	D	D	-	-	-	-	-	-	N	-	-	-	-	-	N	-	-
-	L	-	-	-	-	D	-	L	N	-	-	-	-	-	-	-	-	-	-	-	-	L	-	-	-	-	-
-	-	-	E	-	-	-	N	-	-	-	-	-	-	-	E	N	-	-	-	-	-	-	-	-	-	-	D
-	-	-	-	-	E	-	-	-	-	-	D	N	-	-	-	-	-	-	-	-	-	E	L	L	-	-	-
-	-	-	-	-	-	-	-	-	-	-	-	E	L	-	L	-	-	-	-	-	-	-	-	-	L	N	N
-	-	-	-	-	-	-	-	-	-	-	E	E	E	-	-	-	-	-	-	-	E	E	-	-	-	-	L
-	-	E	L	-	-	-	-	-	-	-	-	L	-	D	N	-	-	-	-	D	-	-	-	-	-	-	-
-	-	-	-	-	-	-	-	-	-	-	-	-	-	-	-	-	-	L	-	-	D	D	L	L	L	-	-
-	N	-	-	-	-	L	-	-	-	-	-	-	L	-	E	-	-	-	-	E	L	-	-	-	-	-	-
Objective 0: 6924
Objective 1: 201
Constr violation: 0
Restrictions violated:
0 0 0 0 0 0 0 0 

Individual 5
1	2	3	4	5	6	7	8	9	10	11	12	13	14	15	16	17	18	19	20	21	22	23	24	25	26	27	28
L	L	-	-	D	N	N	N	-	-	D	L	L	L	-	-	D	L	-	-	-	-	E	E	D	-	-	-
-	-	D	D	L	-	-	E	D	-	-	E	D	D	L	-	-	D	L	-	-	-	-	D	D	D	L	L
-	-	D	L	L	-	-	D	D	-	-	-	E	E	E	E	D	-	-	-	-	D	D	L	-	-	E	D
D	D	L	L	-	-	-	-	-	-	L	L	L	-	-	D	L	L	L	N	-	-	D	D	D	L	-	-
E	E	E	D	-	-	-	E	E	E	E	-	-	E	E	D	-	-	-	E	D	D	-	-	E	D	-	-
E	D	D	N	-	-	-	-	E	E	N	N	-	-	-	-	-	-	E	E	E	E	N	-	-	-	-	D
D	D	-	-	D	D	D	D	D	-	-	E	E	D	-	-	-	D	D	-	-	-	-	D	D	D	-	-
-	-	E	E	D	-	-	E	N	-	-	E	N	-	-	E	D	L	-	-	L	L	-	-	E	N	-	-
E	E	E	E	-	-	-	-	-	-	E	D	L	-	-	L	L	N	-	-	-	E	D	-	-	D	L	L
E	E	N	-	-	-	E	E	L	L	N	-	-	-	E	D	L	-	-	-	-	-	-	L	N	N	-	-
-	-	-	L	L	-	-	-	-	N	N	-	-	-	E	L	L	-	-	-	E	E	N	-	-	-	E	E
-	-	-	-	-	-	-	-	E	L	L	-	-	-	-	-	L	L	L	L	-	-	-	E	E	N	N	-
D	L	N	N	-	-	-	D	D	D	-	-	-	-	-	-	-	D	D	D	-	-	-	D	L	-	-	-
D	D	L	-	-	-	-	E	N	N	N	-	-	-	E	L	-	-	-	L	L	L	-	-	-	-	-	-
-	-	-	E	E	E	-	-	-	E	L	-	-	-	-	-	L	L	-	-	-	N	N	N	-	-	-	L
N	N	-	-	-	-	-	-	-	-	D	D	-	-	-	D	D	-	-	-	E	E	-	-	-	E	N	N
D	D	D	-	-	L	-	-	-	-	-	-	-	-	D	-	-	-	-	-	D	D	L	-	-	-	L	L
-	-	-	-	L	N	N	-	-	-	D	L	N	-	-	-	-	-	-	-	-	-	-	L	L	-	-	-
D	-	-	-	-	E	E	-	-	-	-	-	-	-	N	N	-	-	E	D	-	-	-	E	-	-	-	-
L	-	-	-	-	L	L	L	L	-	-	-	-	-	N	-	-	-	-	-	-	L	L	N	N	-	-	-
-	-	-	-	N	-	-	-	-	-	E	D	N	-	-	-	-	E	-	-	-	-	-	-	-	E	D	L
N	-	-	D	-	-	-	-	-	-	-	-	-	-	-	-	E	E	D	-	-	N	-	-	E	-	-	D
-	L	L	L	-	-	L	L	L	-	-	-	-	L	-	-	-	-	-	-	L	L	L	-	-	-	-	-
L	N	-	-	-	-	L	L	N	-	-	-	-	-	-	-	-	E	D	-	-	-	-	-	-	E	-	-
-	-	-	-	-	D	-	-	-	D	N	-	-	D	L	N	-	-	-	-	-	-	-	E	L	-	-	N
D	D	-	-	-	-	D	-	-	-	E	-	-	-	-	-	-	-	-	-	E	D	-	-	E	E	D	-
L	-	-	-	-	-	N	N	-	-	-	L	-	-	L	-	-	N	-	-	-	-	-	L	-	-	-	-
-	-	-	-	-	-	-	D	-	-	-	D	D	-	-	-	-	-	-	N	-	-	-	-	-	N	-	-
-	L	-	-	-	-	D	-	L	N	-	-	-	-	-	-	-	-	-	-	-	-	L	-	-	-	-	-
-	-	-	E	-	-	-	N	-	-	-	-	-	-	-	E	N	-	-	-	-	-	-	-	-	-	-	D
-	-	-	-	-	E	-	-	-	-	-	D	N	-	-	-	-	-	-	-	-	-	E	L	L	-	-	-
-	-	-	-	-	-	-	-	-	-	-	-	E	L	-	L	-	-	-	-	-	-	-	-	-	L	N	N
-	-	-	-	-	-	-	-	-	-	-	E	E	E	-	-	-	-	-	-	-	E	E	-	-	-	-	L
-	-	E	L	-	-	-	-	-	-	-	-	L	-	D	N	-	-	-	-	D	-	-	-	-	-	-	-
-	-	-	-	-	-	-	-	-	-	-	-	-	-	-	-	-	-	L	-	-	D	D	L	L	L	-	-
-	N	-	-	-	-	L	-	-	-	-	-	-	L	-	E	-	-	-	-	E	L	-	-	-	-	-	-
Objective 0: 6923
Objective 1: 202
Constr violation: 0
Restrictions violated:
0 0 0 0 0 0 0 0 

Individual 6
1	2	3	4	5	6	7	8	9	10	11	12	13	14	15	16	17	18	19	20	21	22	23	24	25	26	27	28
L	L	-	-	D	N	N	N	-	-	D	L	L	L	-	-	D	L	-	-	-	-	E	E	D	-	-	-
-	-	D	D	L	-	-	E	D	-	-	E	D	D	L	-	-	D	L	-	-	-	-	D	D	D	L	L
-	-	D	L	L	-	-	D	D	-	-	-	E	E	E	E	D	-	-	-	-	D	D	L	-	-	E	D
D	D	L	L	-	-	-	-	-	-	L	L	L	-	-	D	L	L	L	N	-	-	D	D	D	L	-	-
E	E	E	D	-	-	-	E	E	E	E	-	-	E	E	D	-	-	-	E	D	D	-	-	E	D	-	-
E	D	D	N	-	-	-	-	E	E	N	N	-	-	-	-	-	-	E	E	E	E	N	-	-	-	-	D
D	D	-	-	D	D	D	D	D	-	-	E	E	D	-	-	-	D	D	-	-	-	-	D	D	D	-	-
-	-	E	E	D	-	-	E	N	-	-	E	N	-	-	E	D	L	-	-	L	L	-	-	E	N	-	-
E	E	E	E	-	-	-	-	-	-	E	D	L	-	-	L	L	N	-	-	-	E	D	-	-	D	L	L
E	E	N	-	-	-	E	E	N	N	-	-	-	-	E	E	E	E	-	-	N	N	-	-	L	L	-	-
-	-	-	L	L	-	-	-	-	N	N	-	-	-	E	L	L	-	-	-	E	E	N	-	-	-	E	E
-	-	-	-	-	-	-	-	E	L	L	-	-	-	-	-	L	L	L	L	-	-	-	E	E	N	N	-
D	L	N	N	-	-	-	D	D	D	L	-	-	-	-	-	-	D	D	D	-	-	-	D	L	-	-	-
D	D	L	-	-	-	-	D	D	L	N	-	-	-	E	L	-	-	-	L	L	L	-	-	-	-	-	-
-	-	-	E	E	E	-	-	-	E	L	-	-	-	-	-	L	L	-	-	-	N	N	N	-	-	-	L
N	N	-	-	-	-	-	-	-	-	D	D	-	-	-	D	D	-	-	-	E	E	-	-	-	E	N	N
D	D	D	-	-	L	-	-	-	-	-	-	-	-	D	-	-	-	-	-	D	D	L	-	-	-	L	L
-	-	-	-	L	N	N	-	-	-	D	L	N	-	-	-	-	-	-	-	-	-	-	L	L	-	-	-
D	-	-	-	-	E	E	-	-	-	-	-	-	-	N	N	-	-	E	D	-	-	-	E	-	-	-	-
L	-	-	-	-	L	L	L	L	-	-	-	-	-	N	-	-	-	-	-	-	L	L	N	N	-	-	-
-	-	-	-	N	-	-	-	-	-	E	D	N	-	-	-	-	E	-	-	-	-	-	-	-	E	D	L
N	-	-	D	-	-	-	-	-	-	-	-	-	-	-	-	E	E	D	-	-	N	-	-	E	-	-	D
-	L	L	L	-	-	L	L	L	-	-	-	-	L	-	-	-	-	-	-	L	L	L	-	-	-	-	-
L	N	-	-	-	-	L	L	N	-	-	-	-	-	-	-	-	E	D	-	-	-	-	-	-	E	-	-
-	-	-	-	-	D	-	-	-	D	N	-	-	D	L	N	-	-	-	-	-	-	-	E	L	-	-	N
D	D	-	-	-	-	D	-	-	-	E	-	-	-	-	-	-	-	-	-	E	D	-	-	E	E	D	-
L	-	-	-	-	-	N	N	-	-	-	L	-	-	L	-	-	N	-	-	-	-	-	L	-	-	-	-
-	-	-	-	-	-	-	D	-	-	-	D	D	-	-	-	-	-	-	N	-	-	-	-	-	N	-	-
-	L	-	-	-	-	D	-	L	N	-	-	-	-	-	-	-	-	-	-	-	-	L	-	-	-	-	-
-	-	-	E	-	-	-	N	-	-	-	-	-	-	-	E	N	-	-	-	-	-	-	-	-	-	-	D
-	-	-	-	-	E	-	-	-	-	-	D	N	-	-	-	-	-	-	-	-	-	E	L	L	-	-	-
-	-	-	-	-	-	-	-	-	-	-	-	E	L	-	L	-	-	-	-	-	-	-	-	-	L	N	N
-	-	-	-	-	-	-	-	-	-	-	E	E	E	-	-	-	-	-	-	-	E	E	-	-	-	-	L
-	-	E	L	-	-	-	-	-	-	-	-	L	-	D	N	-	-	-	-	D	-	-	-	-	-	-	-
-	-	-	-	-	-	-	-	-	-	-	-	-	-	-	-	-	-	L	-	-	D	D	L	L	L	-	-
-	N	-	-	-	-	L	-	-	-	-	-	-	L	-	-	-	-	-	-	E	L	-	-	-	-	-	-
Objective 0: 6621
Objective 1: 206
Constr violation: 0
Restrictions violated:
0 0 0 0 0 0 0 0 

Individual 7
1	2	3	4	5	6	7	8	9	10	11	12	13	14	15	16	17	18	19	20	21	22	23	24	25	26	27	28
L	L	-	-	D	N	N	N	-	-	D	L	L	L	-	-	D	L	-	-	-	-	E	E	D	-	-	-
-	-	D	D	L	-	-	E	D	-	-	E	D	D	L	-	-	D	L	-	-	-	-	D	D	D	L	L
-	-	D	L	L	-	-	D	D	-	-	-	E	E	E	E	D	-	-	-	-	D	D	L	-	-	E	D
D	D	L	L	-	-	-	-	-	-	L	L	L	-	-	D	L	L	L	N	-	-	D	D	D	L	-	-
E	E	E	D	-	-	-	E	E	E	E	-	-	E	E	D	-	-	-	E	D	D	-	-	E	D	-	-
E	D	D	N	-	-	-	-	E	E	N	N	-	-	-	-	-	-	E	E	E	E	N	-	-	-	-	D
D	D	-	-	D	D	D	D	D	-	-	E	E	D	-	-	-	D	D	-	-	-	-	D	D	D	-	-
-	-	E	E	D	-	-	E	N	-	-	E	N	-	-	E	D	L	-	-	L	L	-	-	E	N	-	-
E	E	E	E	-	-	-	-	-	-	E	D	L	-	-	L	L	N	-	-	-	E	D	-	-	D	L	L
E	E	N	-	-	-	E	E	N	N	-	-	-	-	E	E	E	E	-	-	N	N	-	-	L	L	-	-
-	-	-	L	L	-	-	-	-	N	N	-	-	-	E	L	L	-	-	-	E	E	N	-	-	-	E	E
-	-	-	-	-	-	-	-	E	L	L	-	-	-	-	-	L	L	L	L	-	-	-	E	E	N	N	-
D	L	N	N	-	-	-	D	D	D	L	-	-	-	-	-	-	D	D	D	-	-	-	D	L	-	-	-
D	D	L	-	-	-	-	D	D	L	N	-	-	-	E	L	-	-	-	L	L	L	-	-	-	-	-	-
-	-	-	E	E	E	-	-	-	E	L	-	-	-	-	-	L	L	-	-	-	N	N	N	-	-	-	L
N	N	-	-	-	-	-	-	-	-	D	D	-	-	-	D	D	-	-	-	E	E	-	-	-	E	N	N
D	D	D	-	-	L	-	-	-	-	-	-	-	-	D	-	-	-	-	-	D	D	L	-	-	-	L	L
-	-	-	-	L	N	-	-	-	-	D	L	N	-	-	-	N	-	-	-	-	-	-	L	L	-	-	-
D	-	-	-	-	E	E	-	-	-	-	-	-	-	N	N	-	-	E	D	-	-	-	E	-	-	-	-
L	-	-	-	-	L	L	L	L	-	-	-	-	-	N	-	-	-	-	-	-	L	L	N	N	-	-	-
-	-	-	-	N	-	-	-	-	-	E	D	N	-	-	-	-	E	-	-	-	-	-	-	-	E	D	L
N	-	-	D	-	-	-	-	-	-	-	-	-	-	-	-	E	E	D	-	-	N	-	-	E	-	-	D
-	L	L	L	-	-	L	L	L	-	-	-	-	L	-	-	-	-	-	-	L	L	L	-	-	-	-	-
L	N	-	-	-	-	L	L	N	-	-	-	-	-	-	-	-	E	D	-	-	-	-	-	-	E	-	-
-	-	-	-	-	D	-	-	-	D	N	-	-	D	L	N	-	-	-	-	-	-	-	E	L	-	-	N
D	D	-	-	-	-	D	-	-	-	E	-	-	-	-	-	-	-	-	-	E	D	-	-	E	E	D	-
L	-	-	-	-	-	N	N	-	-	-	L	-	-	L	-	-	N	-	-	-	-	-	L	-	-	-	-
-	-	-	-	-	-	-	D	-	-	-	D	D	-	-	-	-	-	-	N	-	-	-	-	-	N	-	-
-	L	-	-	-	-	D	-	L	N	-	-	-	-	-	-	-	-	-	-	-	-	L	-	-	-	-	-
-	-	-	E	-	-	-	N	-	-	-	-	-	-	-	E	N	-	-	-	-	-	-	-	-	-	-	D
-	-	-	-	-	E	-	-	-	-	-	D	N	-	-	-	-	-	-	-	-	-	E	L	L	-	-	-
-	-	-	-	-	-	-	-	-	-	-	-	E	L	-	L	-	-	-	-	-	-	-	-	-	L	N	N
-	-	-	-	-	-	-	-	-	-	-	E	E	E	-	-	-	-	-	-	-	E	E	-	-	-	-	L
-	-	E	L	-	-	-	-	-	-	-	-	L	-	D	N	-	-	-	-	D	-	-	-	-	-	-	-
-	-	-	-	-	-	-	-	-	-	-	-	-	-	-	-	-	-	L	-	-	D	D	L	L	L	-	-
-	N	-	-	-	-	L	-	-	-	-	-	-	L	-	-	-	-	-	-	E	L	-	-	-	-	-	-
Objective 0: 6520
Objective 1: 209
Constr violation: 0
Restrictions violated:
0 0 0 0 0 0 0 0 

Individual 8
1	2	3	4	5	6	7	8	9	10	11	12	13	14	15	16	17	18	19	20	21	22	23	24	25	26	27	28
L	L	-	-	D	N	N	N	-	-	D	L	L	L	-	-	D	L	-	-	-	-	E	E	D	-	-	-
-	-	D	D	L	-	-	E	D	-	-	E	D	D	L	-	-	D	L	-	-	-	-	D	D	D	L	L
-	-	D	L	L	-	-	D	D	-	-	-	E	E	E	E	D	-	-	-	-	D	D	L	-	-	E	D
D	D	L	L	-	-	-	-	-	-	L	L	L	-	-	D	L	L	L	N	-	-	D	D	D	L	-	-
E	E	E	D	-	-	-	E	E	E	E	-	-	E	E	D	-	-	-	E	D	D	-	-	E	D	-	-
E	D	D	N	-	-	-	-	E	E	N	N	-	-	-	-	-	-	E	E	E	E	N	-	-	-	-	D
D	D	-	-	D	D	D	D	D	-	-	E	E	D	-	-	-	D	D	-	-	-	-	D	D	D	-	-
-	-	E	E	D	-	-	E	N	-	-	E	N	-	-	E	D	L	-	-	L	L	-	-	E	N	-	-
E	E	E	E	-	-	-	-	-	-	E	D	L	-	-	L	L	N	-	-	-	E	D	-	-	D	L	L
E	E	N	-	-	-	E	E	N	N	-	-	-	-	E	E	E	E	-	-	N	N	-	-	L	L	-	-
-	-	-	L	L	-	-	-	-	N	N	-	-	-	E	L	L	-	-	-	E	E	N	-	-	-	E	E
-	-	-	-	-	-	-	-	E	L	L	-	-	-	-	-	L	L	L	L	-	-	-	E	E	N	N	-
D	L	N	N	-	-	-	D	D	D	L	-	-	-	-	-	-	D	D	D	-	-	-	D	L	-	-	-
D	D	L	-	-	-	-	D	D	L	N	-	-	-	E	L	-	-	-	L	L	L	-	-	-	-	-	-
-	-	-	E	E	E	-	-	-	E	L	-	-	-	-	-	L	L	-	-	-	N	N	N	-	-	-	L
N	N	-	-	-	-	-	-	-	-	D	D	-	-	-	D	D	-	-	-	E	E	-	-	-	E	N	N
D	D	D	-	-	L	-	-	-	-	-	-	-	-	D	-	-	-	-	-	D	D	L	-	-	-	L	L
-	-	-	-	L	N	-	-	-	-	D	L	N	-	-	-	N	-	-	-	-	-	-	L	L	-	-	-
D	-	-	-	-	E	E	-	-	-	-	-	-	-	N	N	-	-	E	D	-	-	-	E	-	-	-	-
L	-	-	-	-	L	L	L	L	-	-	-	-	-	N	-	-	-	-	-	-	L	L	N	N	-	-	-
-	-	-	-	N	-	-	-	-	-	E	D	N	-	-	-	-	E	-	-	-	-	-	-	-	E	D	L
N	-	-	E	N	-	-	-	-	-	D	-	-	-	-	-	E	E	D	-	-	N	-	-	E	-	-	D
-	L	L	L	-	-	L	L	L	-	-	-	-	L	-	-	-	-	-	-	L	L	L	-	-	-	-	-
L	N	-	-	-	-	L	L	N	-	-	-	-	-	-	-	-	E	D	-	-	-	-	-	-	E	-	-
-	-	-	-	-	D	-	-	-	D	N	-	-	D	L	N	-	-	-	-	-	-	-	E	L	-	-	N
D	D	-	-	-	-	D	-	-	-	E	-	-	-	-	-	-	-	-	-	E	D	-	-	E	E	D	-
L	-	-	-	-	-	N	N	-	-	-	L	-	-	L	-	-	N	-	-	-	-	-	L	-	-	-	-
-	-	-	-	-	-	-	D	-	-	-	D	D	-	-	-	-	-	-	N	-	-	-	-	-	N	-	-
-	L	-	-	-	-	D	-	L	N	-	-	-	-	-	-	-	-	-	-	-	-	L	-	-	-	-	-
-	-	-	E	-	-	-	N	-	-	-	-	-	-	-	E	N	-	-	-	-	-	-	-	-	-	-	D
-	-	-	-	-	E	-	-	-	-	-	D	N	-	-	-	-	-	-	-	-	-	E	L	L	-	-	-
-	-	-	-	-	-	-	-	-	-	-	-	E	L	-	L	-	-	-	-	-	-	-	-	-	L	N	N
-	-	-	-	-	-	-	-	-	-	-	E	E	E	-	-	-	-	-	-	-	E	E	-	-	-	-	L
-	-	E	L	-	-	-	-	-	-	-	-	L	-	D	N	-	-	-	-	D	-	-	-	-	-	-	-
-	-	-	-	-	-	-	-	-	-	-	-	-	-	-	-	-	-	L	-	-	D	D	L	L	L	-	-
-	N	-	-	-	-	L	-	-	-	-	-	-	L	-	-	-	-	-	-	E	L	-	-	-	-	-	-
Objective 0: 6421
Objective 1: 212
Constr violation: 0
Restrictions violated:
0 0 0 0 0 0 0 0 

Individual 9
1	2	3	4	5	6	7	8	9	10	11	12	13	14	15	16	17	18	19	20	21	22	23	24	25	26	27	28
L	L	-	-	D	N	N	N	-	-	D	L	L	L	-	-	D	L	-	-	-	-	E	E	D	-	-	-
-	-	D	D	L	-	-	E	D	-	-	E	D	D	L	-	-	D	L	-	-	-	-	D	D	D	L	L
-	-	D	L	L	-	-	D	D	-	-	-	E	E	E	E	D	-	-	-	-	D	D	L	-	-	E	D
D	D	L	L	-	-	-	-	-	-	L	L	L	-	-	D	L	L	L	N	-	-	D	D	D	L	-	-
E	E	E	D	-	-	-	E	E	E	E	-	-	E	E	D	-	-	-	E	D	D	-	-	E	D	-	-
E	D	D	N	-	-	-	-	E	E	N	N	-	-	-	-	-	-	E	E	E	E	N	-	-	-	-	D
D	D	-	-	D	D	D	D	D	-	-	E	E	D	-	-	-	D	D	-	-	-	-	D	D	D	-	-
-	-	E	E	D	-	-	E	N	-	-	E	N	-	-	E	D	L	-	-	L	L	-	-	E	N	-	-
E	E	E	E	-	-	-	-	-	-	E	D	L	-	-	L	L	N	-	-	-	E	D	-	-	D	L	L
E	E	N	-	-	-	E	E	N	N	-	-	-	-	E	E	E	E	-	-	N	N	-	-	L	L	-	-
-	-	-	L	L	-	-	-	-	N	N	-	-	-	E	L	L	-	-	-	E	E	N	-	-	-	E	E
-	-	-	-	-	-	-	-	E	L	L	-	-	-	-	-	L	L	L	L	-	-	-	E	E	N	N	-
D	L	N	N	-	-	-	D	D	D	-	-	-	-	-	-	-	D	D	D	-	-	-	D	L	-	-	-
D	D	L	-	-	-	-	D	D	L	N	-	-	-	E	L	-	-	-	L	L	L	-	-	-	-	-	-
-	-	-	E	E	E	-	-	-	E	L	-	-	-	-	-	L	L	-	-	-	N	N	N	-	-	-	L
N	N	-	-	-	-	-	-	-	-	D	D	-	-	-	D	D	-	-	-	E	E	-	-	-	E	N	N
D	D	D	-	-	L	-	-	-	-	-	-	-	-	D	-	-	-	-	-	D	D	L	-	-	-	L	L
-	-	-	-	L	N	N	-	-	-	D	L	N	-	-	-	-	-	-	-	-	-	-	L	L	-	-	-
D	-	-	-	-	E	E	-	-	-	-	-	-	-	N	N	-	-	E	D	-	-	-	E	-	-	-	-
L	-	-	-	-	L	L	L	L	-	-	-	-	-	N	-	-	-	-	-	-	L	L	N	N	-	-	-
-	-	-	-	N	-	-	-	-	-	E	D	N	-	-	-	-	E	-	-	-	-	-	-	-	E	D	L
N	-	-	D	-	-	-	-	-	-	-	-	-	-	-	-	E	E	D	-	-	N	-	-	E	-	-	D
-	L	L	L	-	-	L	L	L	-	-	-	-	L	-	-	-	-	-	-	L	L	L	-	-	-	-	-
L	N	-	-	-	-	L	L	N	-	-	-	-	-	-	-	-	E	D	-	-	-	-	-	-	E	-	-
-	-	-	-	-	D	-	-	-	D	N	-	-	D	L	N	-	-	-	-	-	-	-	E	L	-	-	N
D	D	-	-	-	-	D	-	-	-	E	-	-	-	-	-	-	-	-	-	E	D	-	-	E	E	D	-
L	-	-	-	-	-	N	N	-	-	-	L	-	-	L	-	-	N	-	-	-	-	-	L	-	-	-	-
-	-	-	-	-	-	-	D	-	-	-	D	D	-	-	-	-	-	-	N	-	-	-	-	-	N	-	-
-	L	-	-	-	-	D	-	L	N	-	-	-	-	-	-	-	-	-	-	-	-	L	-	-	-	-	-
-	-	-	E	-	-	-	N	-	-	-	-	-	-	-	E	N	-	-	-	-	-	-	-	-	-	-	D
-	-	-	-	-	E	-	-	-	-	-	D	N	-	-	-	-	-	-	-	-	-	E	L	L	-	-	-
-	-	-	-	-	-	-	-	-	-	-	-	E	L	-	L	-	-	-	-	-	-	-	-	-	L	N	N
-	-	-	-	-	-	-	-	-	-	-	E	E	E	-	-	-	-	-	-	-	E	E	-	-	-	-	L
-	-	E	L	-	-	-	-	-	-	-	-	L	-	D	N	-	-	-	-	D	-	-	-	-	-	-	-
-	-	-	-	-	-	-	-	-	-	-	-	-	-	-	-	-	-	L	-	-	D	D	L	L	L	-	-
-	N	-	-	-	-	L	-	-	-	-	-	-	L	-	-	-	-	-	-	E	L	-	-	-	-	-	-
Objective 0: 6620
Objective 1: 207
Constr violation: 0
Restrictions violated:
0 0 0 0 0 0 0 0 

Individual 10
1	2	3	4	5	6	7	8	9	10	11	12	13	14	15	16	17	18	19	20	21	22	23	24	25	26	27	28
L	L	-	-	D	N	N	N	-	-	D	L	L	L	-	-	D	L	-	-	-	-	E	E	D	-	-	-
-	-	D	D	L	-	-	E	D	-	-	E	D	D	L	-	-	D	L	-	-	-	-	D	D	D	L	L
-	-	D	L	L	-	-	D	D	-	-	-	E	E	E	E	D	-	-	-	-	D	D	L	-	-	E	D
D	D	L	L	-	-	-	-	-	-	L	L	L	-	-	D	L	L	L	N	-	-	D	D	D	L	-	-
E	E	E	D	-	-	-	E	E	E	E	-	-	E	E	D	-	-	-	E	D	D	-	-	E	D	-	-
E	D	D	N	-	-	-	-	E	E	N	N	-	-	-	-	-	-	E	E	E	E	N	-	-	-	-	D
D	D	-	-	D	D	D	D	D	-	-	E	E	D	-	-	-	D	D	-	-	-	-	D	D	D	-	-
-	-	E	E	D	-	-	E	N	-	-	E	N	-	-	E	D	L	-	-	L	L	-	-	E	N	-	-
E	E	E	E	-	-	-	-	-	-	E	D	L	-	-	L	L	N	-	-	-	E	D	-	-	D	L	L
E	E	N	-	-	-	E	E	N	N	-	-	-	-	E	E	E	E	-	-	N	N	-	-	L	L	-	-
-	-	-	L	L	-	-	-	-	N	N	-	-	-	E	L	L	-	-	-	E	E	N	-	-	-	E	E
-	-	-	-	-	-	-	-	E	L	L	-	-	-	-	-	L	L	L	L	-	-	-	E	E	N	N	-
D	L	N	N	-	-	-	D	D	D	-	-	-	-	-	-	-	D	D	D	-	-	-	D	L	-	-	-
D	D	L	-	-	-	-	D	D	L	N	-	-	-	E	L	-	-	-	L	L	L	-	-	-	-	-	-
-	-	-	E	E	E	-	-	-	E	L	-	-	-	-	-	L	L	-	-	-	N	N	N	-	-	-	L
N	N	-	-	-	-	-	-	-	-	D	D	-	-	-	D	D	-	-	-	E	E	-	-	-	E	N	N
D	D	D	-	-	L	-	-	-	-	-	-	-	-	D	-	-	-	-	-	D	D	L	-	-	-	L	L
-	-	-	-	L	N	N	-	-	-	D	L	N	-	-	-	-	-	-	-	-	-	-	L	L	-	-	-
D	-	-	-	-	E	E	-	-	-	-	-	-	-	N	N	-	-	E	D	-	-	-	E	-	-	-	-
L	-	-	-	-	L	L	L	L	-	-	-	-	-	N	-	-	-	-	-	-	L	L	N	N	-	-	-
-	-	-	-	N	-	-	-	-	-	E	D	N	-	-	-	-	E	-	-	-	-	-	-	-	E	D	L
N	-	-	D	-	-	-	-	-	-	-	-	-	-	-	-	E	E	D	-	-	N	-	-	E	-	-	D
-	L	L	L	-	-	L	L	L	-	-	-	-	L	-	-	-	-	-	-	L	L	L	-	-	-	-	-
L	N	-	-	-	-	L	L	N	-	-	-	-	-	-	-	-	E	D	-	-	-	-	-	-	E	-	-
-	-	-	-	-	D	-	-	-	D	N	-	-	D	L	N	-	-	-	-	-	-	-	E	L	-	-	N
D	D	-	-	-	-	D	-	-	-	E	-	-	-	-	-	-	-	-	-	E	D	-	-	E	E	D	-
L	-	-	-	-	-	N	N	-	-	-	L	-	-	L	-	-	N	-	-	-	-	-	L	-	-	-	-
-	-	-	-	-	-	-	D	-	-	-	D	D	-	-	-	-	-	-	N	-	-	-	-	-	N	-	-
-	L	-	-	-	-	D	-	L	N	-	-	-	-	-	-	-	-	-	-	-	-	L	-	-	-	-	-
-	-	-	E	-	-	-	N	-	-	-	-	-	-	-	E	N	-	-	-	-	-	-	-	-	-	-	D
-	-	-	-	-	E	-	-	-	-	-	D	N	-	-	-	-	-	-	-	-	-	E	L	L	-	-	-
-	-	-	-	-	-	-	-	-	-	-	-	E	L	-	L	-	-	-	-	-	-	-	-	-	L	N	N
-	-	-	-	-	-	-	-	-	-	-	E	E	E	-	-	-	-	-	-	-	E	E	-	-	-	-	L
-	-	E	L	-	-	-	-	-	-	-	-	L	-	D	N	-	-	-	-	D	-	-	-	-	-	-	-
-	-	-	-	-	-	-	-	-	-	-	-	-	-	-	-	-	-	L	-	-	D	D	L	L	L	-	-
-	N	-	-	-	-	L	-	-	-	-	-	-	L	-	-	-	-	-	-	E	L	-	-	-	-	-	-
Objective 0: 6620
Objective 1: 207
Constr violation: 0
Restrictions violated:
0 0 0 0 0 0 0 0 

Individual 11
1	2	3	4	5	6	7	8	9	10	11	12	13	14	15	16	17	18	19	20	21	22	23	24	25	26	27	28
L	L	-	-	D	N	N	N	-	-	D	L	L	L	-	-	D	L	-	-	-	-	E	E	D	-	-	-
-	-	D	D	L	-	-	E	D	-	-	E	D	D	L	-	-	D	L	-	-	-	-	D	D	D	L	L
-	-	D	L	L	-	-	D	D	-	-	-	E	E	E	E	D	-	-	-	-	D	D	L	-	-	E	D
D	D	L	L	-	-	-	-	-	-	L	L	L	-	-	D	L	L	L	N	-	-	D	D	D	L	-	-
E	E	E	D	-	-	-	E	E	E	E	-	-	E	E	D	-	-	-	E	D	D	-	-	E	D	-	-
E	D	D	N	-	-	-	-	E	E	N	N	-	-	-	-	-	-	E	E	E	E	N	-	-	-	-	D
D	D	-	-	D	D	D	D	D	-	-	E	E	D	-	-	-	D	D	-	-	-	-	D	D	D	-	-
-	-	E	E	D	-	-	E	N	-	-	E	N	-	-	E	D	L	-	-	L	L	-	-	E	N	-	-
E	E	E	E	-	-	-	-	-	-	E	D	L	-	-	L	L	N	-	-	-	E	D	-	-	D	L	L
E	E	N	-	-	-	E	E	N	N	-	-	-	-	E	E	E	E	-	-	N	N	-	-	L	L	-	-
-	-	-	L	L	-	-	-	-	N	N	-	-	-	E	L	L	-	-	-	E	E	N	-	-	-	E	E
-	-	-	-	-	-	-	-	E	L	L	-	-	-	-	-	L	L	L	L	-	-	-	E	E	N	N	-
D	L	N	N	-	-	-	D	D	D	-	-	-	-	-	-	-	D	D	D	-	-	-	D	L	-	-	-
D	D	L	-	-	-	-	D	D	L	N	-	-	-	E	L	-	-	-	L	L	L	-	-	-	-	-	-
-	-	-	E	E	E	-	-	-	E	L	-	-	-	-	-	L	L	-	-	-	N	N	N	-	-	-	L
N	N	-	-	-	-	-	-	-	-	D	D	-	-	-	D	D	-	-	-	E	E	-	-	-	E	N	N
D	D	D	-	-	L	-	-	-	-	-	-	-	-	D	-	-	-	-	-	D	D	L	-	-	-	L	L
-	-	-	-	L	N	-	-	-	-	D	L	N	-	-	-	N	-	-	-	-	-	-	L	L	-	-	-
D	-	-	-	-	E	E	-	-	-	-	-	-	-	N	N	-	-	E	D	-	-	-	E	-	-	-	-
L	-	-	-	-	L	L	L	L	-	-	-	-	-	N	-	-	-	-	-	-	L	L	N	N	-	-	-
-	-	-	-	N	-	-	-	-	-	E	D	N	-	-	-	-	E	-	-	-	-	-	-	-	E	D	L
N	-	-	D	-	-	-	-	-	-	-	-	-	-	-	-	E	E	D	-	-	N	-	-	E	-	-	D
-	L	L	L	-	-	L	L	L	-	-	-	-	L	-	-	-	-	-	-	L	L	L	-	-	-	-	-
L	N	-	-	-	-	L	L	N	-	-	-	-	-	-	-	-	E	D	-	-	-	-	-	-	E	-	-
-	-	-	-	-	D	-	-	-	D	N	-	-	D	L	N	-	-	-	-	-	-	-	E	L	-	-	N
D	D	-	-	-	-	D	-	-	-	E	-	-	-	-	-	-	-	-	-	E	D	-	-	E	E	D	-
L	-	-	-	-	-	N	N	-	-	-	L	-	-	L	-	-	N	-	-	-	-	-	L	-	-	-	-
-	-	-	-	-	-	-	D	-	-	-	D	D	-	-	-	-	-	-	N	-	-	-	-	-	N	-	-
-	L	-	-	-	-	D	-	L	N	-	-	-	-	-	-	-	-	-	-	-	-	L	-	-	-	-	-
-	-	-	E	-	-	-	N	-	-	-	-	-	-	-	E	N	-	-	-	-	-	-	-	-	-	-	D
-	-	-	-	-	E	-	-	-	-	-	D	N	-	-	-	-	-	-	-	-	-	E	L	L	-	-	-
-	-	-	-	-	-	-	-	-	-	-	-	E	L	-	L	-	-	-	-	-	-	-	-	-	L	N	N
-	-	-	-	-	-	-	-	-	-	-	E	E	E	-	-	-	-	-	-	-	E	E	-	-	-	-	L
-	-	E	L	-	-	-	-	-	-	-	-	L	-	D	N	-	-	-	-	D	-	-	-	-	-	-	-
-	-	-	-	-	-	-	-	-	-	-	-	-	-	-	-	-	-	L	-	-	D	D	L	L	L	-	-
-	N	-	-	-	-	L	-	-	-	-	-	-	L	-	-	-	-	-	-	E	L	-	-	-	-	-	-
Objective 0: 6519
Objective 1: 210
Constr violation: 0
Restrictions violated:
0 0 0 0 0 0 0 0 

