Individual 0
1	2	3	4	5	6	7	8	9	10	11	12	13	14	15	16	17	18	19	20	21	22	23	24	25	26	27	28
L	L	N	N	-	-	-	E	N	-	-	-	D	D	L	-	-	-	-	-	-	E	E	N	-	-	L	N
E	E	D	D	-	-	-	E	L	-	-	L	L	-	-	-	-	D	L	-	-	E	E	-	-	L	L	L
D	D	L	-	-	E	D	D	-	-	D	D	-	-	E	E	L	-	-	D	D	D	D	-	-	-	-	-
D	L	-	-	D	L	N	N	-	-	D	N	-	-	-	-	-	L	N	N	-	-	-	D	D	L	-	-
E	E	D	D	D	-	-	E	E	E	E	E	-	-	-	-	-	-	E	E	E	E	E	-	-	-	-	-
N	N	N	N	N	-	-	-	E	E	D	D	-	-	-	-	E	E	E	E	E	-	-	-	-	-	-	-
D	D	-	-	E	E	D	D	-	-	E	E	E	-	-	E	D	D	-	-	-	-	-	E	D	D	-	-
E	E	N	-	-	L	L	L	L	N	-	-	L	L	-	-	-	-	-	-	-	-	L	L	N	N	-	-
-	L	L	L	L	N	-	-	-	-	E	E	-	-	E	E	N	N	-	-	-	D	D	L	L	-	-	-
E	D	D	-	-	N	N	-	-	D	L	N	-	-	E	D	-	-	L	N	N	-	-	-	E	L	-	-
-	-	-	L	N	-	-	-	E	N	N	-	-	-	-	E	E	L	-	-	-	L	L	L	L	-	-	-
-	-	-	E	E	N	-	-	-	L	L	L	-	-	-	-	L	L	L	-	-	-	E	E	-	-	-	-
D	D	L	N	-	-	-	D	D	D	L	-	-	-	-	-	-	D	N	-	-	-	-	-	-	-	N	N
E	E	-	-	-	-	-	-	-	D	D	D	-	-	-	E	N	N	N	-	-	-	-	D	N	-	-	-
D	D	-	-	-	D	D	N	N	-	-	-	-	E	L	L	-	-	-	-	-	-	-	E	E	N	-	-
-	-	-	E	E	-	-	-	E	E	-	-	E	D	N	N	-	-	-	-	-	-	-	-	E	E	D	N
D	-	-	-	L	L	-	-	D	L	L	-	-	-	-	-	-	-	-	-	-	D	D	-	-	-	-	D
-	-	D	-	-	N	N	-	-	-	-	-	N	-	-	-	D	-	-	-	-	D	D	D	L	-	-	-
-	-	E	-	-	-	-	-	-	-	-	-	E	D	D	D	-	-	-	-	N	-	-	-	E	E	E	D
-	-	L	-	-	-	L	N	-	-	-	D	D	L	-	-	N	-	-	D	-	-	-	-	-	-	-	-
L	N	N	-	-	-	D	N	-	-	-	-	-	-	-	-	-	-	-	E	E	L	-	-	-	-	-	-
-	-	-	D	D	D	D	N	-	-	-	-	N	-	-	-	E	N	-	-	-	-	-	-	-	-	-	-
-	-	L	L	-	-	L	-	-	L	L	-	-	-	-	-	-	L	L	L	L	L	-	-	-	-	-	-
-	-	-	-	L	L	N	-	-	E	-	-	N	-	-	L	-	-	E	D	L	-	-	-	-	-	-	-
-	-	-	N	-	-	-	-	D	-	-	-	-	-	-	L	L	-	-	N	-	-	-	D	-	-	E	E
-	D	-	-	D	-	-	-	-	-	E	-	-	E	-	-	D	-	-	-	E	-	-	D	D	-	-	D
-	-	-	-	-	-	-	-	N	-	N	-	-	-	-	-	-	L	-	-	-	-	-	L	L	L	-	-
-	-	-	-	-	-	-	D	-	-	-	-	-	-	-	-	-	-	D	D	N	-	-	-	-	-	D	-
-	-	-	-	D	L	N	-	-	-	-	-	D	L	-	-	-	-	-	-	-	-	-	-	-	N	-	-
-	-	-	-	-	-	E	D	-	-	-	-	-	-	-	-	-	-	-	-	D	N	-	-	-	-	D	D
-	-	-	-	-	E	-	-	-	L	-	-	-	-	-	-	-	E	-	-	-	L	-	E	N	-	-	-
N	-	-	-	-	-	-	-	-	-	-	-	E	-	-	-	-	-	-	-	D	D	L	-	-	-	-	-
-	-	-	D	-	-	-	-	-	-	-	-	-	L	L	L	L	L	-	L	-	-	-	-	-	-	-	-
E	L	-	-	-	-	-	L	-	-	-	-	N	-	E	N	-	-	-	-	-	-	-	-	-	-	-	-
-	-	-	-	-	-	-	-	-	-	D	L	-	-	-	-	-	-	-	-	D	D	L	L	-	-	-	-
-	-	E	-	-	-	-	L	N	-	-	-	-	-	-	-	-	-	L	-	-	-	-	-	-	L	L	-
Objective 0: 9042
Objective 1: 188
Constr violation: 0
Restrictions violated:
0 0 0 0 0 0 0 0 

Individual 1
1	2	3	4	5	6	7	8	9	10	11	12	13	14	15	16	17	18	19	20	21	22	23	24	25	26	27	28
L	L	N	N	-	-	-	E	N	-	-	-	D	D	L	-	-	-	-	-	-	E	E	N	-	-	L	N
E	E	D	D	-	-	-	E	L	-	-	L	L	-	-	-	-	D	L	-	-	E	E	-	-	L	L	L
D	D	L	-	-	E	D	D	-	-	D	D	-	-	E	E	L	-	-	D	D	D	D	-	-	-	-	-
-	-	L	L	-	-	-	L	N	N	N	N	-	-	-	D	L	-	-	D	L	-	-	-	-	D	D	D
-	-	E	E	-	-	-	-	D	D	D	D	-	-	E	D	D	-	-	E	E	E	-	-	D	D	D	D
N	N	N	N	N	-	-	-	E	E	D	D	-	-	-	-	E	E	E	E	E	-	-	-	-	-	-	-
D	D	-	-	E	E	D	D	-	-	E	E	E	-	-	E	D	D	-	-	-	-	-	E	D	D	-	-
E	E	N	-	-	L	L	L	L	N	-	-	L	L	-	-	-	-	-	-	-	-	L	L	N	N	-	-
-	L	L	L	L	N	-	-	-	-	E	E	-	-	E	E	N	N	-	-	-	D	D	L	L	-	-	-
E	D	D	-	-	N	N	-	-	D	L	N	-	-	E	D	-	-	L	N	N	-	-	-	E	L	-	-
-	-	-	L	N	-	-	-	E	N	N	-	-	-	-	E	E	L	-	-	-	L	L	L	L	-	-	-
-	-	-	E	E	N	-	-	-	L	L	L	-	-	-	-	L	L	L	-	-	-	E	E	-	-	-	-
D	D	L	N	-	-	-	-	D	L	-	-	-	N	N	-	-	-	-	-	-	-	D	-	-	D	D	N
E	E	-	-	-	-	-	-	-	D	D	D	-	-	-	E	N	N	N	-	-	-	-	D	N	-	-	-
D	D	-	-	-	D	D	N	N	-	-	-	-	E	L	L	-	-	-	-	-	-	-	E	E	N	-	-
-	-	-	E	E	-	-	-	E	E	-	-	E	D	N	N	-	-	-	-	-	-	-	-	E	E	D	N
D	-	-	-	L	L	-	-	D	L	L	-	-	-	-	-	-	-	-	-	-	D	D	-	-	-	-	D
-	-	D	-	-	N	-	-	-	-	-	-	N	-	-	-	N	-	-	-	-	D	D	D	L	-	-	-
-	-	E	-	-	-	-	-	-	-	-	-	E	D	D	D	-	-	-	-	N	-	-	-	E	E	E	D
-	-	-	-	L	L	-	-	L	-	-	D	D	D	D	N	-	-	D	-	-	-	-	-	N	-	-	-
L	N	N	-	-	-	D	N	-	-	-	-	-	-	-	-	-	-	-	E	E	L	-	-	-	-	-	-
-	-	-	D	D	D	D	N	-	-	-	-	N	-	-	-	E	N	-	-	-	-	-	-	-	-	-	-
-	-	L	L	-	-	L	-	-	L	L	-	-	-	-	-	-	L	L	L	L	L	-	-	-	-	-	-
-	-	-	-	L	L	N	-	-	E	-	-	N	-	-	L	-	-	E	D	L	-	-	-	-	-	-	-
-	-	-	N	-	-	-	-	D	-	-	-	-	-	-	L	L	-	-	N	-	-	-	D	-	-	E	E
-	D	-	-	D	-	-	-	-	-	E	-	-	E	-	-	D	-	-	-	E	-	-	D	D	-	-	D
-	-	-	-	-	-	-	-	N	-	N	-	-	-	-	-	-	L	-	-	-	-	-	L	L	L	-	-
-	-	-	-	-	-	-	D	-	-	-	-	-	-	-	-	-	-	D	D	N	-	-	-	-	-	D	-
-	-	-	-	-	-	-	-	-	-	-	-	D	L	-	-	-	-	-	-	-	-	-	-	D	L	N	-
-	-	-	-	-	-	E	D	-	-	-	-	-	-	-	-	-	-	-	-	D	N	-	-	-	-	D	D
-	-	-	-	-	E	-	-	-	L	-	-	-	-	-	-	-	E	-	-	-	L	-	E	N	-	-	-
N	-	-	-	-	-	-	-	-	-	-	-	E	-	-	-	-	-	-	-	D	-	-	D	L	-	-	-
-	-	-	D	-	-	-	-	-	-	E	E	E	L	L	-	-	-	-	L	-	-	-	-	-	-	-	-
E	L	-	-	-	-	-	L	-	-	-	-	N	-	E	N	-	-	-	-	-	-	-	-	-	-	-	-
-	-	-	-	-	-	-	-	-	-	D	L	-	-	-	-	-	-	-	-	D	D	L	L	-	-	-	-
-	-	E	-	-	-	-	L	N	-	-	-	-	-	-	-	-	-	L	-	-	-	-	-	-	L	L	-
Objective 0: 8032
Objective 1: 218
Constr violation: 0
Restrictions violated:
0 0 0 0 0 0 0 0 

Individual 2
1	2	3	4	5	6	7	8	9	10	11	12	13	14	15	16	17	18	19	20	21	22	23	24	25	26	27	28
L	L	N	N	-	-	-	E	N	-	-	-	D	D	L	-	-	-	-	-	-	E	E	N	-	-	L	N
E	E	D	D	-	-	-	E	L	-	-	L	L	-	-	-	-	D	L	-	-	E	E	-	-	L	L	L
D	D	L	-	-	E	D	D	-	-	D	D	-	-	E	E	L	-	-	D	D	D	D	-	-	-	-	-
-	-	L	L	-	-	-	L	N	N	N	N	-	-	-	D	L	-	-	D	L	-	-	-	-	D	D	D
E	E	D	D	D	-	-	E	E	E	E	E	-	-	-	-	-	-	E	E	E	E	E	-	-	-	-	-
N	N	N	N	N	-	-	-	E	E	D	D	-	-	-	-	E	E	E	E	E	-	-	-	-	-	-	-
D	D	-	-	E	E	D	D	-	-	E	E	E	-	-	E	D	D	-	-	-	-	-	E	D	D	-	-
E	E	N	-	-	L	L	L	L	N	-	-	L	L	-	-	-	-	-	-	-	-	L	L	N	N	-	-
-	L	L	L	L	N	-	-	-	-	E	E	-	-	E	E	N	N	-	-	-	D	D	L	L	-	-	-
E	D	D	-	-	N	N	-	-	D	L	N	-	-	E	D	-	-	L	N	N	-	-	-	E	L	-	-
-	-	-	L	N	-	-	-	E	N	N	-	-	-	-	E	E	L	-	-	-	L	L	L	L	-	-	-
-	-	-	E	E	N	-	-	-	L	L	L	-	-	-	-	L	L	L	-	-	-	E	E	-	-	-	-
D	D	L	N	-	-	-	D	D	D	L	-	-	-	-	-	-	D	N	-	-	-	-	-	-	-	N	N
E	E	-	-	-	-	-	-	-	D	D	D	-	-	-	E	N	N	N	-	-	-	-	D	N	-	-	-
D	D	-	-	-	D	D	N	N	-	-	-	-	E	L	L	-	-	-	-	-	-	-	E	E	N	-	-
-	-	-	E	E	-	-	-	E	E	-	-	E	D	N	N	-	-	-	-	-	-	-	-	E	E	D	N
D	-	-	-	L	L	-	-	D	L	L	-	-	-	-	-	-	-	-	-	-	D	D	-	-	-	-	D
-	-	D	-	-	N	N	-	-	-	-	-	N	-	-	-	D	-	-	-	-	D	D	D	L	-	-	-
-	-	E	-	-	-	-	-	-	-	-	-	E	D	D	D	-	-	-	-	N	-	-	-	E	E	E	D
-	-	-	-	L	L	-	-	L	-	-	D	D	D	D	N	-	-	D	-	-	-	-	-	N	-	-	-
L	N	N	-	-	-	D	N	-	-	-	-	-	-	-	-	-	-	-	E	E	L	-	-	-	-	-	-
-	-	-	D	D	D	D	N	-	-	-	-	N	-	-	-	E	N	-	-	-	-	-	-	-	-	-	-
-	-	L	L	-	-	L	-	-	L	L	-	-	-	-	-	-	L	L	L	L	L	-	-	-	-	-	-
-	-	-	-	L	L	N	-	-	E	-	-	N	-	-	L	-	-	E	D	L	-	-	-	-	-	-	-
-	-	-	N	-	-	-	-	D	-	-	-	-	-	-	L	L	-	-	N	-	-	-	D	-	-	E	E
-	D	-	-	D	-	-	-	-	-	E	-	-	E	-	-	D	-	-	-	E	-	-	D	D	-	-	D
-	-	-	-	-	-	-	-	N	-	N	-	-	-	-	-	-	L	-	-	-	-	-	L	L	L	-	-
-	-	-	-	-	-	-	D	-	-	-	-	-	-	-	-	-	-	D	D	N	-	-	-	-	-	D	-
-	-	-	-	D	L	N	-	-	-	-	-	D	L	-	-	-	-	-	-	-	-	-	-	-	N	-	-
-	-	-	-	-	-	E	D	-	-	-	-	-	-	-	-	-	-	-	-	D	N	-	-	-	-	D	D
-	-	-	-	-	E	-	-	-	L	-	-	-	-	-	-	-	E	-	-	-	L	-	E	N	-	-	-
N	-	-	-	-	-	-	-	-	-	-	-	E	-	-	-	-	-	-	-	D	D	L	-	-	-	-	-
-	-	-	D	-	-	-	-	-	-	-	-	-	L	L	L	L	L	-	L	-	-	-	-	-	-	-	-
E	L	-	-	-	-	-	L	-	-	-	-	N	-	E	N	-	-	-	-	-	-	-	-	-	-	-	-
-	-	-	-	-	-	-	-	-	-	D	L	-	-	-	-	-	-	-	-	D	D	L	L	-	-	-	-
-	-	E	-	-	-	-	L	N	-	-	-	-	-	-	-	-	-	L	-	-	-	-	-	-	L	L	-
Objective 0: 8438
Objective 1: 192
Constr violation: 0
Restrictions violated:
0 0 0 0 0 0 0 0 

Individual 3
1	2	3	4	5	6	7	8	9	10	11	12	13	14	15	16	17	18	19	20	21	22	23	24	25	26	27	28
L	L	N	N	-	-	-	E	N	-	-	-	D	D	L	-	-	-	-	-	-	E	E	N	-	-	L	N
E	E	D	D	-	-	-	E	L	-	-	L	L	-	-	-	-	D	L	-	-	E	E	-	-	L	L	L
D	D	L	-	-	E	D	D	-	-	D	D	-	-	E	E	L	-	-	D	D	D	D	-	-	-	-	-
-	-	L	L	-	-	-	L	N	N	N	N	-	-	-	D	L	-	-	D	L	-	-	-	-	D	D	D
E	E	D	D	D	-	-	E	E	E	E	E	-	-	-	-	-	-	E	E	E	E	E	-	-	-	-	-
N	N	N	N	N	-	-	-	E	E	D	D	-	-	-	-	E	E	E	E	E	-	-	-	-	-	-	-
D	D	-	-	E	E	D	D	-	-	E	E	E	-	-	E	D	D	-	-	-	-	-	E	D	D	-	-
E	E	N	-	-	L	L	L	L	N	-	-	L	L	-	-	-	-	-	-	-	-	L	L	N	N	-	-
-	L	L	L	L	N	-	-	-	-	E	E	-	-	E	E	N	N	-	-	-	D	D	L	L	-	-	-
E	D	D	-	-	N	N	-	-	D	L	N	-	-	E	D	-	-	L	N	N	-	-	-	E	L	-	-
-	-	-	L	N	-	-	-	E	N	N	-	-	-	-	E	E	L	-	-	-	L	L	L	L	-	-	-
-	-	-	E	E	N	-	-	-	L	L	L	-	-	-	-	L	L	L	-	-	-	E	E	-	-	-	-
D	D	L	N	-	-	-	-	D	L	-	-	-	N	N	-	-	-	-	-	-	-	D	-	-	D	D	N
E	E	-	-	-	-	-	-	-	D	D	D	-	-	-	E	N	N	N	-	-	-	-	D	N	-	-	-
D	D	-	-	-	D	D	N	N	-	-	-	-	E	L	L	-	-	-	-	-	-	-	E	E	N	-	-
-	-	-	E	E	-	-	-	E	E	-	-	E	D	N	N	-	-	-	-	-	-	-	-	E	E	D	N
D	-	-	-	L	L	-	-	D	L	L	-	-	-	-	-	-	-	-	-	-	D	D	-	-	-	-	D
-	-	D	-	-	N	-	-	-	-	-	-	N	-	-	-	N	-	-	-	-	D	D	D	L	-	-	-
-	-	E	-	-	-	-	-	-	-	-	-	E	D	D	D	-	-	-	-	N	-	-	-	E	E	E	D
-	-	-	-	L	L	-	-	L	-	-	D	D	D	D	N	-	-	D	-	-	-	-	-	N	-	-	-
L	N	N	-	-	-	D	N	-	-	-	-	-	-	-	-	-	-	-	E	E	L	-	-	-	-	-	-
-	-	-	D	D	D	D	N	-	-	-	-	N	-	-	-	E	N	-	-	-	-	-	-	-	-	-	-
-	-	L	L	-	-	L	-	-	L	L	-	-	-	-	-	-	L	L	L	L	L	-	-	-	-	-	-
-	-	-	-	L	L	N	-	-	E	-	-	N	-	-	L	-	-	E	D	L	-	-	-	-	-	-	-
N	-	-	-	-	-	-	-	-	D	N	-	-	N	-	-	-	-	-	-	-	-	-	-	E	E	E	D
-	D	-	-	D	-	-	-	-	-	E	-	-	E	-	-	D	-	-	-	E	-	-	D	D	-	-	D
-	-	-	-	-	-	-	-	N	-	N	-	-	-	-	-	-	L	-	-	-	-	-	L	L	L	-	-
-	-	-	-	-	-	-	D	-	-	-	-	-	-	-	-	-	-	D	D	N	-	-	-	-	-	D	-
-	-	-	-	-	-	-	-	-	-	-	-	D	L	-	-	-	-	-	-	-	-	-	-	D	L	N	-
-	-	-	-	-	-	E	D	-	-	-	-	-	-	-	-	-	-	-	-	D	N	-	-	-	-	D	D
-	-	-	-	-	E	-	-	-	L	-	-	-	-	-	-	-	E	-	-	-	L	-	E	N	-	-	-
N	-	-	-	-	-	-	-	-	-	-	-	E	-	-	-	-	-	-	-	D	-	-	D	L	-	-	-
-	-	-	D	-	-	-	-	-	-	-	-	-	L	L	L	L	L	-	L	-	-	-	-	-	-	-	-
E	L	-	-	-	-	-	L	-	-	-	-	N	-	E	N	-	-	-	-	-	-	-	-	-	-	-	-
-	-	-	-	-	-	-	-	-	-	D	L	-	-	-	-	-	-	-	-	D	D	L	L	-	-	-	-
-	-	E	-	-	-	-	L	N	-	-	-	-	-	-	-	-	-	L	-	-	-	-	-	-	L	L	-
Objective 0: 8132
Objective 1: 207
Constr violation: 0
Restrictions violated:
0 0 0 0 0 0 0 0 

Individual 4
1	2	3	4	5	6	7	8	9	10	11	12	13	14	15	16	17	18	19	20	21	22	23	24	25	26	27	28
L	L	N	N	-	-	-	E	N	-	-	-	D	D	L	-	-	-	-	-	-	E	E	N	-	-	L	N
E	E	D	D	-	-	-	E	L	-	-	L	L	-	-	-	-	D	L	-	-	E	E	-	-	L	L	L
D	D	L	-	-	E	D	D	-	-	D	D	-	-	E	E	L	-	-	D	D	D	D	-	-	-	-	-
-	-	L	L	-	-	-	L	N	N	N	N	-	-	-	D	L	-	-	D	L	-	-	-	-	D	D	D
-	-	E	E	-	-	-	-	D	D	D	D	-	-	E	D	D	-	-	E	E	E	-	-	D	D	D	D
N	N	N	N	N	-	-	-	E	E	D	D	-	-	-	-	E	E	E	E	E	-	-	-	-	-	-	-
D	D	-	-	E	E	D	D	-	-	E	E	E	-	-	E	D	D	-	-	-	-	-	E	D	D	-	-
E	E	N	-	-	L	L	L	L	N	-	-	L	L	-	-	-	-	-	-	-	-	L	L	N	N	-	-
-	L	L	L	L	N	-	-	-	-	E	E	-	-	E	E	N	N	-	-	-	D	D	L	L	-	-	-
E	D	D	-	-	N	N	-	-	D	L	N	-	-	E	D	-	-	L	N	N	-	-	-	E	L	-	-
-	-	-	L	N	-	-	-	E	N	N	-	-	-	-	E	E	L	-	-	-	L	L	L	L	-	-	-
-	-	-	E	E	N	-	-	-	L	L	L	-	-	-	-	L	L	L	-	-	-	E	E	-	-	-	-
D	D	L	N	-	-	-	D	D	D	L	-	-	-	-	-	-	D	N	-	-	-	-	-	-	-	N	N
E	E	-	-	-	-	-	-	-	D	D	D	-	-	-	E	N	N	N	-	-	-	-	D	N	-	-	-
D	D	-	-	-	D	D	N	N	-	-	-	-	E	L	L	-	-	-	-	-	-	-	E	E	N	-	-
-	-	-	E	E	-	-	-	E	E	-	-	E	D	N	N	-	-	-	-	-	-	-	-	E	E	D	N
D	-	-	-	L	L	-	-	D	L	L	-	-	-	-	-	-	-	-	-	-	D	D	-	-	-	-	D
-	-	D	-	-	N	-	-	-	-	-	-	N	-	-	-	N	-	-	-	-	D	D	D	L	-	-	-
-	-	E	-	-	-	-	-	-	-	-	-	E	D	D	D	-	-	-	-	N	-	-	-	E	E	E	D
-	-	-	-	L	L	-	-	L	-	-	D	D	D	D	N	-	-	D	-	-	-	-	-	N	-	-	-
L	N	N	-	-	-	D	N	-	-	-	-	-	-	-	-	-	-	-	E	E	L	-	-	-	-	-	-
-	-	-	D	D	D	D	N	-	-	-	-	N	-	-	-	E	N	-	-	-	-	-	-	-	-	-	-
-	-	L	L	-	-	L	-	-	L	L	-	-	-	-	-	-	L	L	L	L	L	-	-	-	-	-	-
-	-	-	-	L	L	N	-	-	E	-	-	N	-	-	L	-	-	E	D	L	-	-	-	-	-	-	-
-	-	-	N	-	-	-	-	D	-	-	-	-	-	-	L	L	-	-	N	-	-	-	D	-	-	E	E
-	D	-	-	D	-	-	-	-	-	E	-	-	E	-	-	D	-	-	-	E	-	-	D	D	-	-	D
-	-	-	-	-	-	-	-	N	-	N	-	-	-	-	-	-	L	-	-	-	-	-	L	L	L	-	-
-	-	-	-	-	-	-	D	-	-	-	-	-	-	-	-	-	-	D	D	N	-	-	-	-	-	D	-
-	-	-	-	-	-	-	-	-	-	-	-	D	L	-	-	-	-	-	-	-	-	-	-	D	L	N	-
-	-	-	-	-	-	E	D	-	-	-	-	-	-	-	-	-	-	-	-	D	N	-	-	-	-	D	D
-	-	-	-	-	E	-	-	-	L	-	-	-	-	-	-	-	E	-	-	-	L	-	E	N	-	-	-
N	-	-	-	-	-	-	-	-	-	-	-	E	-	-	-	-	-	-	-	D	-	-	D	L	-	-	-
-	-	-	D	-	-	-	-	-	-	E	E	E	L	L	-	-	-	-	L	-	-	-	-	-	-	-	-
E	L	-	-	-	-	-	L	-	-	-	-	N	-	E	N	-	-	-	-	-	-	-	-	-	-	-	-
-	-	-	-	-	-	-	-	-	-	D	L	-	-	-	-	-	-	-	-	D	D	L	L	-	-	-	-
-	-	E	-	-	-	-	L	N	-	-	-	-	-	-	-	-	-	L	-	-	-	-	-	-	L	L	-
Objective 0: 8033
Objective 1: 213
Constr violation: 0
Restrictions violated:
0 0 0 0 0 0 0 0 

Individual 5
1	2	3	4	5	6	7	8	9	10	11	12	13	14	15	16	17	18	19	20	21	22	23	24	25	26	27	28
L	L	N	N	-	-	-	E	N	-	-	-	D	D	L	-	-	-	-	-	-	E	E	N	-	-	L	N
E	E	D	D	-	-	-	E	L	-	-	L	L	-	-	-	-	D	L	-	-	E	E	-	-	L	L	L
D	D	L	-	-	E	D	D	-	-	D	D	-	-	E	E	L	-	-	D	D	D	D	-	-	-	-	-
D	L	-	-	D	L	N	N	-	-	D	N	-	-	-	-	-	L	N	N	-	-	-	D	D	L	-	-
E	E	D	D	D	-	-	E	E	E	E	E	-	-	-	-	-	-	E	E	E	E	E	-	-	-	-	-
N	N	N	N	N	-	-	-	E	E	D	D	-	-	-	-	E	E	E	E	E	-	-	-	-	-	-	-
D	D	-	-	E	E	D	D	-	-	E	E	E	-	-	E	D	D	-	-	-	-	-	E	D	D	-	-
E	E	N	-	-	L	L	L	L	N	-	-	L	L	-	-	-	-	-	-	-	-	L	L	N	N	-	-
-	L	L	L	L	N	-	-	-	-	E	E	-	-	E	E	N	N	-	-	-	D	D	L	L	-	-	-
E	D	D	-	-	N	N	-	-	D	L	N	-	-	E	D	-	-	L	N	N	-	-	-	E	L	-	-
-	-	-	L	N	-	-	-	E	N	N	-	-	-	-	E	E	L	-	-	-	L	L	L	L	-	-	-
-	-	-	E	E	N	-	-	-	L	L	L	-	-	-	-	L	L	L	-	-	-	E	E	-	-	-	-
D	D	L	N	-	-	-	D	D	D	L	-	-	-	-	-	-	D	N	-	-	-	-	-	-	-	N	N
E	E	-	-	-	-	-	-	-	D	D	D	-	-	-	E	N	N	N	-	-	-	-	D	N	-	-	-
D	D	-	-	-	D	D	N	N	-	-	-	-	E	L	L	-	-	-	-	-	-	-	E	E	N	-	-
-	-	-	E	E	-	-	-	E	E	-	-	E	D	N	N	-	-	-	-	-	-	-	-	E	E	D	N
D	-	-	-	L	L	-	-	D	L	L	-	-	-	-	-	-	-	-	-	-	D	D	-	-	-	-	D
-	-	D	-	-	N	N	-	-	-	-	-	N	-	-	-	D	-	-	-	-	D	D	D	L	-	-	-
-	-	E	-	-	-	-	-	-	-	-	-	E	D	D	D	-	-	-	-	N	-	-	-	E	E	E	D
-	-	L	-	-	-	L	N	-	-	-	D	D	L	-	-	N	-	-	D	-	-	-	-	-	-	-	-
L	N	N	-	-	-	D	N	-	-	-	-	-	-	-	-	-	-	-	E	E	L	-	-	-	-	-	-
-	-	-	D	D	D	D	N	-	-	-	-	N	-	-	-	E	N	-	-	-	-	-	-	-	-	-	-
-	-	L	L	-	-	L	-	-	L	L	-	-	-	-	-	-	L	L	L	L	L	-	-	-	-	-	-
-	-	-	-	L	L	N	-	-	E	-	-	N	-	-	L	-	-	E	D	L	-	-	-	-	-	-	-
-	-	-	N	-	-	-	-	D	-	-	-	-	-	-	L	L	-	-	N	-	-	-	D	-	-	E	E
-	D	-	-	D	-	-	-	-	-	E	-	-	E	-	-	D	-	-	-	E	-	-	D	D	-	-	D
-	-	-	-	-	-	-	-	N	-	N	-	-	-	-	-	-	L	-	-	-	-	-	L	L	L	-	-
-	-	-	-	-	-	-	D	-	-	-	-	-	-	-	-	-	-	D	D	N	-	-	-	-	-	D	-
-	-	-	-	-	-	-	-	-	-	-	-	D	L	-	-	-	-	-	-	-	-	-	-	D	L	N	-
-	-	-	-	-	-	E	D	-	-	-	-	-	-	-	-	-	-	-	-	D	N	-	-	-	-	D	D
-	-	-	-	-	E	-	-	-	L	-	-	-	-	-	-	-	E	-	-	-	L	-	E	N	-	-	-
N	-	-	-	-	-	-	-	-	-	-	-	E	-	-	-	-	-	-	-	D	D	L	-	-	-	-	-
-	-	-	D	-	-	-	-	-	-	-	-	-	L	L	L	L	L	-	L	-	-	-	-	-	-	-	-
E	L	-	-	-	-	-	L	-	-	-	-	N	-	E	N	-	-	-	-	-	-	-	-	-	-	-	-
-	-	-	-	-	-	-	-	-	-	D	L	-	-	-	-	-	-	-	-	D	D	L	L	-	-	-	-
-	-	E	-	-	-	-	L	N	-	-	-	-	-	-	-	-	-	L	-	-	-	-	-	-	L	L	-
Objective 0: 9041
Objective 1: 190
Constr violation: 0
Restrictions violated:
0 0 0 0 0 0 0 0 

Individual 6
1	2	3	4	5	6	7	8	9	10	11	12	13	14	15	16	17	18	19	20	21	22	23	24	25	26	27	28
L	L	N	N	-	-	-	E	N	-	-	-	D	D	L	-	-	-	-	-	-	E	E	N	-	-	L	N
E	E	D	D	-	-	-	E	L	-	-	L	L	-	-	-	-	D	L	-	-	E	E	-	-	L	L	L
D	D	L	-	-	E	D	D	-	-	D	D	-	-	E	E	L	-	-	D	D	D	D	-	-	-	-	-
-	-	L	L	-	-	-	L	N	N	N	N	-	-	-	D	L	-	-	D	L	-	-	-	-	D	D	D
E	E	D	D	D	-	-	E	E	E	E	E	-	-	-	-	-	-	E	E	E	E	E	-	-	-	-	-
N	N	N	N	N	-	-	-	E	E	D	D	-	-	-	-	E	E	E	E	E	-	-	-	-	-	-	-
D	D	-	-	E	E	D	D	-	-	E	E	E	-	-	E	D	D	-	-	-	-	-	E	D	D	-	-
E	E	N	-	-	L	L	L	L	N	-	-	L	L	-	-	-	-	-	-	-	-	L	L	N	N	-	-
-	L	L	L	L	N	-	-	-	-	E	E	-	-	E	E	N	N	-	-	-	D	D	L	L	-	-	-
E	D	D	-	-	N	N	-	-	D	L	N	-	-	E	D	-	-	L	N	N	-	-	-	E	L	-	-
-	-	-	L	N	-	-	-	E	N	N	-	-	-	-	E	E	L	-	-	-	L	L	L	L	-	-	-
-	-	-	E	E	N	-	-	-	L	L	L	-	-	-	-	L	L	L	-	-	-	E	E	-	-	-	-
D	D	L	N	-	-	-	D	D	D	L	-	-	-	-	-	-	D	N	-	-	-	-	-	-	-	N	N
E	E	-	-	-	-	-	-	-	D	D	D	-	-	-	E	N	N	N	-	-	-	-	D	N	-	-	-
D	D	-	-	-	D	D	N	N	-	-	-	-	E	L	L	-	-	-	-	-	-	-	E	E	N	-	-
-	-	-	E	E	-	-	-	E	E	-	-	E	D	N	N	-	-	-	-	-	-	-	-	E	E	D	N
D	-	-	-	L	L	-	-	D	L	L	-	-	-	-	-	-	-	-	-	-	D	D	-	-	-	-	D
-	-	D	-	-	N	N	-	-	-	-	-	N	-	-	-	D	-	-	-	-	D	D	D	L	-	-	-
-	-	E	-	-	-	-	-	-	-	-	-	E	D	D	D	-	-	-	-	N	-	-	-	E	E	E	D
-	-	-	-	L	L	-	-	L	-	-	D	D	D	D	N	-	-	D	-	-	-	-	-	N	-	-	-
L	N	N	-	-	-	D	N	-	-	-	-	-	-	-	-	-	-	-	E	E	L	-	-	-	-	-	-
-	-	-	D	D	D	D	N	-	-	-	-	N	-	-	-	E	N	-	-	-	-	-	-	-	-	-	-
-	-	L	L	-	-	L	-	-	L	L	-	-	-	-	-	-	L	L	L	L	L	-	-	-	-	-	-
-	-	-	-	L	L	N	-	-	E	-	-	N	-	-	L	-	-	E	D	L	-	-	-	-	-	-	-
N	-	-	-	-	-	-	-	-	D	N	-	-	N	-	-	-	-	-	-	-	-	-	-	E	E	E	D
-	D	-	-	D	-	-	-	-	-	E	-	-	E	-	-	D	-	-	-	E	-	-	D	D	-	-	D
-	-	-	-	-	-	-	-	N	-	N	-	-	-	-	-	-	L	-	-	-	-	-	L	L	L	-	-
-	-	-	-	-	-	-	D	-	-	-	-	-	-	-	-	-	-	D	D	N	-	-	-	-	-	D	-
-	-	-	-	-	-	-	-	-	-	-	-	D	L	-	-	-	-	-	-	-	-	-	-	D	L	N	-
-	-	-	-	-	-	E	D	-	-	-	-	-	-	-	-	-	-	-	-	D	N	-	-	-	-	D	D
-	-	-	-	-	E	-	-	-	L	-	-	-	-	-	-	-	E	-	-	-	L	-	E	N	-	-	-
N	-	-	-	-	-	-	-	-	-	-	-	E	-	-	-	-	-	-	-	D	D	L	-	-	-	-	-
-	-	-	D	-	-	-	-	-	-	-	-	-	L	L	L	L	L	-	L	-	-	-	-	-	-	-	-
E	L	-	-	-	-	-	L	-	-	-	-	N	-	E	N	-	-	-	-	-	-	-	-	-	-	-	-
-	-	-	-	-	-	-	-	-	-	D	L	-	-	-	-	-	-	-	-	D	D	L	L	-	-	-	-
-	-	E	-	-	-	-	L	N	-	-	-	-	-	-	-	-	-	L	-	-	-	-	-	-	L	L	-
Objective 0: 8235
Objective 1: 196
Constr violation: 0
Restrictions violated:
0 0 0 0 0 0 0 0 

Individual 7
1	2	3	4	5	6	7	8	9	10	11	12	13	14	15	16	17	18	19	20	21	22	23	24	25	26	27	28
L	L	N	N	-	-	-	E	N	-	-	-	D	D	L	-	-	-	-	-	-	E	E	N	-	-	L	N
E	E	D	D	-	-	-	E	L	-	-	L	L	-	-	-	-	D	L	-	-	E	E	-	-	L	L	L
D	D	L	-	-	E	D	D	-	-	D	D	-	-	E	E	L	-	-	D	D	D	D	-	-	-	-	-
-	-	L	L	-	-	-	L	N	N	N	N	-	-	-	D	L	-	-	D	L	-	-	-	-	D	D	D
E	E	D	D	D	-	-	E	E	E	E	E	-	-	-	-	-	-	E	E	E	E	E	-	-	-	-	-
N	N	N	N	N	-	-	-	E	E	D	D	-	-	-	-	E	E	E	E	E	-	-	-	-	-	-	-
D	D	-	-	E	E	D	D	-	-	E	E	E	-	-	E	D	D	-	-	-	-	-	E	D	D	-	-
E	E	N	-	-	L	L	L	L	N	-	-	L	L	-	-	-	-	-	-	-	-	L	L	N	N	-	-
-	L	L	L	L	N	-	-	-	-	E	E	-	-	E	E	N	N	-	-	-	D	D	L	L	-	-	-
E	D	D	-	-	N	N	-	-	D	L	N	-	-	E	D	-	-	L	N	N	-	-	-	E	L	-	-
-	-	-	L	N	-	-	-	E	N	N	-	-	-	-	E	E	L	-	-	-	L	L	L	L	-	-	-
-	-	-	E	E	N	-	-	-	L	L	L	-	-	-	-	L	L	L	-	-	-	E	E	-	-	-	-
D	D	L	N	-	-	-	D	D	D	L	-	-	-	-	-	-	D	N	-	-	-	-	-	-	-	N	N
E	E	-	-	-	-	-	-	-	D	D	D	-	-	-	E	N	N	N	-	-	-	-	D	N	-	-	-
D	D	-	-	-	D	D	N	N	-	-	-	-	E	L	L	-	-	-	-	-	-	-	E	E	N	-	-
-	-	-	E	E	-	-	-	E	E	-	-	E	D	N	N	-	-	-	-	-	-	-	-	E	E	D	N
D	-	-	-	L	L	-	-	D	L	L	-	-	-	-	-	-	-	-	-	-	D	D	-	-	-	-	D
-	-	D	-	-	N	N	-	-	-	-	-	N	-	-	-	D	-	-	-	-	D	D	D	L	-	-	-
-	-	E	-	-	-	-	-	-	-	-	-	E	D	D	D	-	-	-	-	N	-	-	-	E	E	E	D
-	-	L	-	-	-	L	N	-	-	-	D	D	L	-	-	N	-	-	D	-	-	-	-	-	-	-	-
L	N	N	-	-	-	D	N	-	-	-	-	-	-	-	-	-	-	-	E	E	L	-	-	-	-	-	-
-	-	-	D	D	D	D	N	-	-	-	-	N	-	-	-	E	N	-	-	-	-	-	-	-	-	-	-
-	-	L	L	-	-	L	-	-	L	L	-	-	-	-	-	-	L	L	L	L	L	-	-	-	-	-	-
-	-	-	-	L	L	N	-	-	E	-	-	N	-	-	L	-	-	E	D	L	-	-	-	-	-	-	-
-	-	-	N	-	-	-	-	D	-	-	-	-	-	-	L	L	-	-	N	-	-	-	D	-	-	E	E
-	D	-	-	D	-	-	-	-	-	E	-	-	E	-	-	D	-	-	-	E	-	-	D	D	-	-	D
-	-	-	-	-	-	-	-	N	-	N	-	-	-	-	-	-	L	-	-	-	-	-	L	L	L	-	-
-	-	-	-	-	-	-	D	-	-	-	-	-	-	-	-	-	-	D	D	N	-	-	-	-	-	D	-
-	-	-	-	D	L	N	-	-	-	-	-	D	L	-	-	-	-	-	-	-	-	-	-	-	N	-	-
-	-	-	-	-	-	E	D	-	-	-	-	-	-	-	-	-	-	-	-	D	N	-	-	-	-	D	D
-	-	-	-	-	E	-	-	-	L	-	-	-	-	-	-	-	E	-	-	-	L	-	E	N	-	-	-
N	-	-	-	-	-	-	-	-	-	-	-	E	-	-	-	-	-	-	-	D	D	L	-	-	-	-	-
-	-	-	D	-	-	-	-	-	-	-	-	-	L	L	L	L	L	-	L	-	-	-	-	-	-	-	-
E	L	-	-	-	-	-	L	-	-	-	-	N	-	E	N	-	-	-	-	-	-	-	-	-	-	-	-
-	-	-	-	-	-	-	-	-	-	D	L	-	-	-	-	-	-	-	-	D	D	L	L	-	-	-	-
-	-	E	-	-	-	-	L	N	-	-	-	-	-	-	-	-	-	L	-	-	-	-	-	-	L	L	-
Objective 0: 8739
Objective 1: 191
Constr violation: 0
Restrictions violated:
0 0 0 0 0 0 0 0 

Individual 8
1	2	3	4	5	6	7	8	9	10	11	12	13	14	15	16	17	18	19	20	21	22	23	24	25	26	27	28
L	L	N	N	-	-	-	E	N	-	-	-	D	D	L	-	-	-	-	-	-	E	E	N	-	-	L	N
E	E	D	D	-	-	-	E	L	-	-	L	L	-	-	-	-	D	L	-	-	E	E	-	-	L	L	L
D	D	L	-	-	E	D	D	-	-	D	D	-	-	E	E	L	-	-	D	D	D	D	-	-	-	-	-
-	-	L	L	-	-	-	L	N	N	N	N	-	-	-	D	L	-	-	D	L	-	-	-	-	D	D	D
E	E	D	D	D	-	-	E	E	E	E	E	-	-	-	-	-	-	E	E	E	E	E	-	-	-	-	-
N	N	N	N	N	-	-	-	E	E	D	D	-	-	-	-	E	E	E	E	E	-	-	-	-	-	-	-
D	D	-	-	E	E	D	D	-	-	E	E	E	-	-	E	D	D	-	-	-	-	-	E	D	D	-	-
E	E	N	-	-	L	L	L	L	N	-	-	L	L	-	-	-	-	-	-	-	-	L	L	N	N	-	-
-	L	L	L	L	N	-	-	-	-	E	E	-	-	E	E	N	N	-	-	-	D	D	L	L	-	-	-
E	D	D	-	-	N	N	-	-	D	L	N	-	-	E	D	-	-	L	N	N	-	-	-	E	L	-	-
-	-	-	L	N	-	-	-	E	N	N	-	-	-	-	E	E	L	-	-	-	L	L	L	L	-	-	-
-	-	-	E	E	N	-	-	-	L	L	L	-	-	-	-	L	L	L	-	-	-	E	E	-	-	-	-
D	D	L	N	-	-	-	D	D	D	L	-	-	-	-	-	-	D	N	-	-	-	-	-	-	-	N	N
E	E	-	-	-	-	-	-	-	D	D	D	-	-	-	E	N	N	N	-	-	-	-	D	N	-	-	-
D	D	-	-	-	D	D	N	N	-	-	-	-	E	L	L	-	-	-	-	-	-	-	E	E	N	-	-
-	-	-	E	E	-	-	-	E	E	-	-	E	D	N	N	-	-	-	-	-	-	-	-	E	E	D	N
D	-	-	-	L	L	-	-	D	L	L	-	-	-	-	-	-	-	-	-	-	D	D	-	-	-	-	D
-	-	D	-	-	N	N	-	-	-	-	-	N	-	-	-	D	-	-	-	-	D	D	D	L	-	-	-
-	-	E	-	-	-	-	-	-	-	-	-	E	D	D	D	-	-	-	-	N	-	-	-	E	E	E	D
-	-	L	-	-	-	L	N	-	-	-	D	D	L	-	-	N	-	-	D	-	-	-	-	-	-	-	-
L	N	N	-	-	-	D	N	-	-	-	-	-	-	-	-	-	-	-	E	E	L	-	-	-	-	-	-
-	-	-	D	D	D	D	N	-	-	-	-	N	-	-	-	E	N	-	-	-	-	-	-	-	-	-	-
-	-	L	L	-	-	L	-	-	L	L	-	-	-	-	-	-	L	L	L	L	L	-	-	-	-	-	-
-	-	-	-	L	L	N	-	-	E	-	-	N	-	-	L	-	-	E	D	L	-	-	-	-	-	-	-
-	-	-	N	-	-	-	-	D	-	-	-	-	-	-	L	L	-	-	N	-	-	-	D	-	-	E	E
-	D	-	-	D	-	-	-	-	-	E	-	-	E	-	-	D	-	-	-	E	-	-	D	D	-	-	D
-	-	-	-	-	-	-	-	N	-	N	-	-	-	-	-	-	L	-	-	-	-	-	L	L	L	-	-
-	-	-	-	-	-	-	D	-	-	-	-	-	-	-	-	-	-	D	D	N	-	-	-	-	-	D	-
-	-	-	-	D	L	N	-	-	-	-	-	D	L	-	-	-	-	-	-	-	-	-	-	-	N	-	-
-	-	-	-	-	-	E	D	-	-	-	-	-	-	-	-	-	-	-	-	D	N	-	-	-	-	D	D
-	-	-	-	-	E	-	-	-	L	-	-	-	-	-	-	-	E	-	-	-	L	-	E	N	-	-	-
N	-	-	-	-	-	-	-	-	-	-	-	E	-	-	-	-	-	-	-	D	D	L	-	-	-	-	-
-	-	-	D	-	-	-	-	-	-	-	-	-	L	L	L	L	L	-	L	-	-	-	-	-	-	-	-
E	L	-	-	-	-	-	L	-	-	-	-	N	-	E	N	-	-	-	-	-	-	-	-	-	-	-	-
-	-	-	-	-	-	-	-	-	-	D	L	-	-	-	-	-	-	-	-	D	D	L	L	-	-	-	-
-	-	E	-	-	-	-	L	N	-	-	-	-	-	-	-	-	-	L	-	-	-	-	-	-	L	L	-
Objective 0: 8739
Objective 1: 191
Constr violation: 0
Restrictions violated:
0 0 0 0 0 0 0 0 

Individual 9
1	2	3	4	5	6	7	8	9	10	11	12	13	14	15	16	17	18	19	20	21	22	23	24	25	26	27	28
L	L	N	N	-	-	-	E	N	-	-	-	D	D	L	-	-	-	-	-	-	E	E	N	-	-	L	N
E	E	D	D	-	-	-	E	L	-	-	L	L	-	-	-	-	D	L	-	-	E	E	-	-	L	L	L
D	D	L	-	-	E	D	D	-	-	D	D	-	-	E	E	L	-	-	D	D	D	D	-	-	-	-	-
-	-	L	L	-	-	-	L	N	N	N	N	-	-	-	D	L	-	-	D	L	-	-	-	-	D	D	D
E	E	D	D	D	-	-	E	E	E	E	E	-	-	-	-	-	-	E	E	E	E	E	-	-	-	-	-
N	N	N	N	N	-	-	-	E	E	D	D	-	-	-	-	E	E	E	E	E	-	-	-	-	-	-	-
D	D	-	-	E	E	D	D	-	-	E	E	E	-	-	E	D	D	-	-	-	-	-	E	D	D	-	-
E	E	N	-	-	L	L	L	L	N	-	-	L	L	-	-	-	-	-	-	-	-	L	L	N	N	-	-
-	L	L	L	L	N	-	-	-	-	E	E	-	-	E	E	N	N	-	-	-	D	D	L	L	-	-	-
E	D	D	-	-	N	N	-	-	D	L	N	-	-	E	D	-	-	L	N	N	-	-	-	E	L	-	-
-	-	-	L	N	-	-	-	E	N	N	-	-	-	-	E	E	L	-	-	-	L	L	L	L	-	-	-
-	-	-	E	E	N	-	-	-	L	L	L	-	-	-	-	L	L	L	-	-	-	E	E	-	-	-	-
D	D	L	N	-	-	-	D	D	D	L	-	-	-	-	-	-	D	N	-	-	-	-	-	-	-	N	N
E	E	-	-	-	-	-	-	-	D	D	D	-	-	-	E	N	N	N	-	-	-	-	D	N	-	-	-
D	D	-	-	-	D	D	N	N	-	-	-	-	E	L	L	-	-	-	-	-	-	-	E	E	N	-	-
-	-	-	E	E	-	-	-	E	E	-	-	E	D	N	N	-	-	-	-	-	-	-	-	E	E	D	N
D	-	-	-	L	L	-	-	D	L	L	-	-	-	-	-	-	-	-	-	-	D	D	-	-	-	-	D
-	-	D	-	-	N	N	-	-	-	-	-	N	-	-	-	D	-	-	-	-	D	D	D	L	-	-	-
-	-	E	-	-	-	-	-	-	-	-	-	E	D	D	D	-	-	-	-	N	-	-	-	E	E	E	D
-	-	-	-	L	L	-	-	L	-	-	D	D	D	D	N	-	-	D	-	-	-	-	-	N	-	-	-
L	N	N	-	-	-	D	N	-	-	-	-	-	-	-	-	-	-	-	E	E	L	-	-	-	-	-	-
-	-	-	D	D	D	D	N	-	-	-	-	N	-	-	-	E	N	-	-	-	-	-	-	-	-	-	-
-	-	L	L	-	-	L	-	-	L	L	-	-	-	-	-	-	L	L	L	L	L	-	-	-	-	-	-
-	-	-	-	L	L	N	-	-	E	-	-	N	-	-	L	-	-	E	D	L	-	-	-	-	-	-	-
N	-	-	-	-	-	-	-	-	D	N	-	-	N	-	-	-	-	-	-	-	-	-	-	E	E	E	D
-	D	-	-	D	-	-	-	-	-	E	-	-	E	-	-	D	-	-	-	E	-	-	D	D	-	-	D
-	-	-	-	-	-	-	-	N	-	N	-	-	-	-	-	-	L	-	-	-	-	-	L	L	L	-	-
-	-	-	-	-	-	-	D	-	-	-	-	-	-	-	-	-	-	D	D	N	-	-	-	-	-	D	-
-	-	-	-	-	-	-	-	-	-	-	-	D	L	-	-	-	-	-	-	-	-	-	-	D	L	N	-
-	-	-	-	-	-	E	D	-	-	-	-	-	-	-	-	-	-	-	-	D	N	-	-	-	-	D	D
-	-	-	-	-	E	-	-	-	L	-	-	-	-	-	-	-	E	-	-	-	L	-	E	N	-	-	-
N	-	-	-	-	-	-	-	-	-	-	-	E	-	-	-	-	-	-	-	D	-	-	D	L	-	-	-
-	-	-	D	-	-	-	-	-	-	-	-	-	L	L	L	L	L	-	L	-	-	-	-	-	-	-	-
E	L	-	-	-	-	-	L	-	-	-	-	N	-	E	N	-	-	-	-	-	-	-	-	-	-	-	-
-	-	-	-	-	-	-	-	-	-	D	L	-	-	-	-	-	-	-	-	D	D	L	L	-	-	-	-
-	-	E	-	-	-	-	L	N	-	-	-	-	-	-	-	-	-	L	-	-	-	-	-	-	L	L	-
Objective 0: 8134
Objective 1: 199
Constr violation: 0
Restrictions violated:
0 0 0 0 0 0 0 0 

Individual 10
1	2	3	4	5	6	7	8	9	10	11	12	13	14	15	16	17	18	19	20	21	22	23	24	25	26	27	28
L	L	N	N	-	-	-	E	N	-	-	-	D	D	L	-	-	-	-	-	-	E	E	N	-	-	L	N
E	E	D	D	-	-	-	E	L	-	-	L	L	-	-	-	-	D	L	-	-	E	E	-	-	L	L	L
D	D	L	-	-	E	D	D	-	-	D	D	-	-	E	E	L	-	-	D	D	D	D	-	-	-	-	-
-	-	L	L	-	-	-	L	N	N	N	N	-	-	-	D	L	-	-	D	L	-	-	-	-	D	D	D
E	E	D	D	D	-	-	E	E	E	E	E	-	-	-	-	-	-	E	E	E	E	E	-	-	-	-	-
N	N	N	N	N	-	-	-	E	E	D	D	-	-	-	-	E	E	E	E	E	-	-	-	-	-	-	-
D	D	-	-	E	E	D	D	-	-	E	E	E	-	-	E	D	D	-	-	-	-	-	E	D	D	-	-
E	E	N	-	-	L	L	L	L	N	-	-	L	L	-	-	-	-	-	-	-	-	L	L	N	N	-	-
-	L	L	L	L	N	-	-	-	-	E	E	-	-	E	E	N	N	-	-	-	D	D	L	L	-	-	-
E	D	D	-	-	N	N	-	-	D	L	N	-	-	E	D	-	-	L	N	N	-	-	-	E	L	-	-
-	-	-	L	N	-	-	-	E	N	N	-	-	-	-	E	E	L	-	-	-	L	L	L	L	-	-	-
-	-	-	E	E	N	-	-	-	L	L	L	-	-	-	-	L	L	L	-	-	-	E	E	-	-	-	-
D	D	L	N	-	-	-	D	D	D	L	-	-	-	-	-	-	D	N	-	-	-	-	-	-	-	N	N
E	E	-	-	-	-	-	-	-	D	D	D	-	-	-	E	N	N	N	-	-	-	-	D	N	-	-	-
D	D	-	-	-	D	D	N	N	-	-	-	-	E	L	L	-	-	-	-	-	-	-	E	E	N	-	-
-	-	-	E	E	-	-	-	E	E	-	-	E	D	N	N	-	-	-	-	-	-	-	-	E	E	D	N
D	-	-	-	L	L	-	-	D	L	L	-	-	-	-	-	-	-	-	-	-	D	D	-	-	-	-	D
-	-	D	-	-	N	-	-	-	-	-	-	N	-	-	-	N	-	-	-	-	D	D	D	L	-	-	-
-	-	E	-	-	-	-	-	-	-	-	-	E	D	D	D	-	-	-	-	N	-	-	-	E	E	E	D
-	-	-	-	L	L	-	-	L	-	-	D	D	D	D	N	-	-	D	-	-	-	-	-	N	-	-	-
L	N	N	-	-	-	D	N	-	-	-	-	-	-	-	-	-	-	-	E	E	L	-	-	-	-	-	-
-	-	-	D	D	D	D	N	-	-	-	-	N	-	-	-	E	N	-	-	-	-	-	-	-	-	-	-
-	-	L	L	-	-	L	-	-	L	L	-	-	-	-	-	-	L	L	L	L	L	-	-	-	-	-	-
-	-	-	-	L	L	N	-	-	E	-	-	N	-	-	L	-	-	E	D	L	-	-	-	-	-	-	-
N	-	-	-	-	-	-	-	-	D	N	-	-	N	-	-	-	-	-	-	-	-	-	-	E	E	E	D
-	D	-	-	D	-	-	-	-	-	E	-	-	E	-	-	D	-	-	-	E	-	-	D	D	-	-	D
-	-	-	-	-	-	-	-	N	-	N	-	-	-	-	-	-	L	-	-	-	-	-	L	L	L	-	-
-	-	-	-	-	-	-	D	-	-	-	-	-	-	-	-	-	-	D	D	N	-	-	-	-	-	D	-
-	-	-	-	-	-	-	-	-	-	-	-	D	L	-	-	-	-	-	-	-	-	-	-	D	L	N	-
-	-	-	-	-	-	E	D	-	-	-	-	-	-	-	-	-	-	-	-	D	N	-	-	-	-	D	D
-	-	-	-	-	E	-	-	-	L	-	-	-	-	-	-	-	E	-	-	-	L	-	E	N	-	-	-
N	-	-	-	-	-	-	-	-	-	-	-	E	-	-	-	-	-	-	-	D	-	-	D	L	-	-	-
-	-	-	D	-	-	-	-	-	-	-	-	-	L	L	L	L	L	-	L	-	-	-	-	-	-	-	-
E	L	-	-	-	-	-	L	-	-	-	-	N	-	E	N	-	-	-	-	-	-	-	-	-	-	-	-
-	-	-	-	-	-	-	-	-	-	D	L	-	-	-	-	-	-	-	-	D	D	L	L	-	-	-	-
-	-	E	-	-	-	-	L	N	-	-	-	-	-	-	-	-	-	L	-	-	-	-	-	-	L	L	-
Objective 0: 8133
Objective 1: 202
Constr violation: 0
Restrictions violated:
0 0 0 0 0 0 0 0 

Individual 11
1	2	3	4	5	6	7	8	9	10	11	12	13	14	15	16	17	18	19	20	21	22	23	24	25	26	27	28
L	L	N	N	-	-	-	E	N	-	-	-	D	D	L	-	-	-	-	-	-	E	E	N	-	-	L	N
E	E	D	D	-	-	-	E	L	-	-	L	L	-	-	-	-	D	L	-	-	E	E	-	-	L	L	L
D	D	L	-	-	E	D	D	-	-	D	D	-	-	E	E	L	-	-	D	D	D	D	-	-	-	-	-
-	-	L	L	-	-	-	L	N	N	N	N	-	-	-	D	L	-	-	D	L	-	-	-	-	D	D	D
E	E	D	D	D	-	-	E	E	E	E	E	-	-	-	-	-	-	E	E	E	E	E	-	-	-	-	-
N	N	N	N	N	-	-	-	E	E	D	D	-	-	-	-	E	E	E	E	E	-	-	-	-	-	-	-
D	D	-	-	E	E	D	D	-	-	E	E	E	-	-	E	D	D	-	-	-	-	-	E	D	D	-	-
E	E	N	-	-	L	L	L	L	N	-	-	L	L	-	-	-	-	-	-	-	-	L	L	N	N	-	-
-	L	L	L	L	N	-	-	-	-	E	E	-	-	E	E	N	N	-	-	-	D	D	L	L	-	-	-
E	D	D	-	-	N	N	-	-	D	L	N	-	-	E	D	-	-	L	N	N	-	-	-	E	L	-	-
-	-	-	L	N	-	-	-	E	N	N	-	-	-	-	E	E	L	-	-	-	L	L	L	L	-	-	-
-	-	-	E	E	N	-	-	-	L	L	L	-	-	-	-	L	L	L	-	-	-	E	E	-	-	-	-
D	D	L	N	-	-	-	D	D	D	L	-	-	-	-	-	-	D	N	-	-	-	-	-	-	-	N	N
E	E	-	-	-	-	-	-	-	D	D	D	-	-	-	E	N	N	N	-	-	-	-	D	N	-	-	-
D	D	-	-	-	D	D	N	N	-	-	-	-	E	L	L	-	-	-	-	-	-	-	E	E	N	-	-
-	-	-	E	E	-	-	-	E	E	-	-	E	D	N	N	-	-	-	-	-	-	-	-	E	E	D	N
D	-	-	-	L	L	-	-	D	L	L	-	-	-	-	-	-	-	-	-	-	D	D	-	-	-	-	D
-	-	D	-	-	N	N	-	-	-	-	-	N	-	-	-	D	-	-	-	-	D	D	D	L	-	-	-
-	-	E	-	-	-	-	-	-	-	-	-	E	D	D	D	-	-	-	-	N	-	-	-	E	E	E	D
-	-	-	-	L	L	-	-	L	-	-	D	D	D	D	N	-	-	D	-	-	-	-	-	N	-	-	-
L	N	N	-	-	-	D	N	-	-	-	-	-	-	-	-	-	-	-	E	E	L	-	-	-	-	-	-
-	-	-	D	D	D	D	N	-	-	-	-	N	-	-	-	E	N	-	-	-	-	-	-	-	-	-	-
-	-	L	L	-	-	L	-	-	L	L	-	-	-	-	-	-	L	L	L	L	L	-	-	-	-	-	-
-	-	-	-	L	L	N	-	-	E	-	-	N	-	-	L	-	-	E	D	L	-	-	-	-	-	-	-
-	-	-	N	-	-	-	-	D	-	-	-	-	-	-	L	L	-	-	N	-	-	-	D	-	-	E	E
-	D	-	-	D	-	-	-	-	-	E	-	-	E	-	-	D	-	-	-	E	-	-	D	D	-	-	D
-	-	-	-	-	-	-	-	N	-	N	-	-	-	-	-	-	L	-	-	-	-	-	L	L	L	-	-
-	-	-	-	-	-	-	D	-	-	-	-	-	-	-	-	-	-	D	D	N	-	-	-	-	-	D	-
-	-	-	-	-	-	-	-	-	-	-	-	D	L	-	-	-	-	-	-	-	-	-	-	D	L	N	-
-	-	-	-	-	-	E	D	-	-	-	-	-	-	-	-	-	-	-	-	D	N	-	-	-	-	D	D
-	-	-	-	-	E	-	-	-	L	-	-	-	-	-	-	-	E	-	-	-	L	-	E	N	-	-	-
N	-	-	-	-	-	-	-	-	-	-	-	E	-	-	-	-	-	-	-	D	D	L	-	-	-	-	-
-	-	-	D	-	-	-	-	-	-	-	-	-	L	L	L	L	L	-	L	-	-	-	-	-	-	-	-
E	L	-	-	-	-	-	L	-	-	-	-	N	-	E	N	-	-	-	-	-	-	-	-	-	-	-	-
-	-	-	-	-	-	-	-	-	-	D	L	-	-	-	-	-	-	-	-	D	D	L	L	-	-	-	-
-	-	E	-	-	-	-	L	N	-	-	-	-	-	-	-	-	-	L	-	-	-	-	-	-	L	L	-
Objective 0: 8336
Objective 1: 194
Constr violation: 0
Restrictions violated:
0 0 0 0 0 0 0 0 

