Individual 0
1	2	3	4	5	6	7	8	9	10	11	12	13	14	15	16	17	18	19	20	21	22	23	24	25	26	27	28
E	D	D	D	D	-	-	E	L	-	-	E	E	L	-	-	-	-	-	-	-	E	L	N	N	-	-	D
E	E	E	E	L	-	-	E	D	-	E	D	D	D	L	-	-	-	E	L	-	-	D	D	L	-	-	-
L	L	L	L	L	-	-	D	D	-	-	E	D	-	-	L	L	-	-	E	E	E	D	-	-	-	-	-
D	D	D	L	L	-	-	-	-	N	N	-	-	-	-	-	D	L	L	-	-	L	L	N	-	-	-	L
-	-	D	D	D	-	-	E	E	E	E	E	-	-	-	E	D	-	-	E	E	D	-	-	-	E	E	D
D	D	N	N	-	-	-	-	-	E	E	N	N	N	-	-	E	E	E	D	-	-	E	D	-	-	-	-
-	-	-	-	E	E	E	D	D	-	-	-	E	E	-	-	E	D	D	-	-	E	E	E	E	E	-	-
-	-	L	L	L	L	N	-	-	-	-	-	L	L	L	N	-	-	-	-	-	E	D	D	D	N	-	-
E	L	-	-	D	D	N	-	-	D	D	L	-	-	-	E	L	-	-	-	E	E	E	E	L	-	-	-
E	L	-	-	D	N	N	-	-	L	L	-	-	D	L	-	-	E	N	-	-	-	-	E	D	L	-	-
-	-	-	-	-	L	L	N	N	-	-	-	-	-	-	L	L	N	-	-	-	E	E	L	L	-	-	-
E	E	E	L	-	-	-	-	-	E	N	N	N	-	-	-	-	L	L	-	-	-	E	L	-	-	-	-
L	L	L	-	-	-	-	-	-	D	D	D	-	-	-	D	N	N	N	-	-	-	-	-	-	-	L	N
E	E	D	N	-	-	-	L	L	N	N	-	-	-	E	E	-	-	-	D	N	-	-	-	-	-	-	-
L	N	N	-	-	-	-	-	E	L	-	-	-	-	D	N	N	-	-	-	E	L	L	L	-	-	-	-
D	N	-	-	-	-	-	-	E	D	-	-	D	D	D	D	-	-	-	-	-	-	-	-	E	D	N	N
-	-	-	-	-	-	D	D	-	-	-	D	-	-	D	D	-	-	D	-	-	D	-	-	-	-	D	L
E	-	-	-	-	-	E	-	-	-	-	-	E	E	-	-	-	L	-	-	D	L	L	-	-	L	-	-
-	-	-	-	N	-	-	-	-	E	E	E	D	D	-	-	-	-	-	D	-	-	N	-	-	E	D	D
L	L	L	-	-	-	-	-	N	N	-	-	-	-	-	-	-	L	L	-	-	-	-	D	-	-	-	D
L	-	-	-	-	-	E	D	D	D	-	-	-	L	-	-	-	-	-	-	E	-	-	-	L	L	-	-
N	-	-	-	N	N	-	-	-	-	-	-	E	E	-	-	-	-	-	D	D	D	-	-	-	-	-	-
-	-	L	L	-	-	-	L	L	L	-	-	-	-	-	-	-	L	L	L	L	L	-	-	-	-	-	-
-	-	-	D	L	-	-	L	N	-	-	-	-	-	-	-	-	-	N	N	-	-	-	E	E	-	-	-
-	-	D	D	-	-	-	-	-	-	N	-	-	-	E	-	-	E	D	-	-	-	-	-	D	D	L	-
D	D	D	D	-	-	-	-	-	-	E	-	-	-	E	-	-	-	-	-	-	-	-	E	E	-	-	D
-	-	-	-	-	-	-	-	-	-	-	L	-	L	-	-	-	-	L	L	N	-	-	-	-	-	-	-
-	D	-	-	-	-	-	-	-	-	-	-	-	-	-	-	-	-	D	-	D	D	-	-	N	N	-	-
D	-	-	-	-	-	D	-	-	-	-	-	L	-	-	-	-	-	-	L	-	-	-	-	-	N	-	-
-	D	-	-	E	E	D	N	-	-	-	-	-	-	-	-	-	-	-	-	-	-	-	-	-	-	N	-
-	-	-	E	-	-	-	-	-	-	-	D	-	-	-	-	-	-	-	-	-	-	-	-	E	E	D	-
-	-	-	-	-	E	L	-	-	-	-	-	-	-	-	-	-	-	-	-	D	-	D	L	-	-	-	-
L	-	-	-	-	-	D	-	-	-	-	-	-	-	E	L	-	-	-	-	-	-	-	-	D	L	-	-
N	-	-	E	-	-	-	-	-	-	L	-	-	-	-	-	E	-	-	-	L	-	-	-	-	-	-	-
-	-	-	-	-	-	-	-	-	-	-	-	-	-	-	-	-	-	-	-	-	D	D	D	-	D	D	L
-	-	-	-	-	-	-	-	-	-	-	-	-	N	-	L	L	-	-	N	-	-	-	L	L	-	-	-
Objective 0: 6822
Objective 1: 198
Constr violation: 0
Restrictions violated:
0 0 0 0 0 0 0 0 

Individual 1
1	2	3	4	5	6	7	8	9	10	11	12	13	14	15	16	17	18	19	20	21	22	23	24	25	26	27	28
E	D	D	D	D	-	-	E	L	-	-	E	E	L	-	-	-	-	-	-	-	E	L	N	N	-	-	D
-	-	D	L	L	-	-	E	L	-	-	E	E	E	L	-	-	D	D	D	L	-	-	D	L	-	-	-
L	L	L	L	L	-	-	D	D	-	-	E	D	-	-	L	L	-	-	E	E	E	D	-	-	-	-	-
D	D	D	L	L	-	-	-	-	N	N	-	-	-	-	-	D	L	L	-	-	L	L	N	-	-	-	L
-	-	D	D	D	-	-	E	E	E	E	E	-	-	-	E	D	-	-	E	E	D	-	-	-	E	E	D
D	D	N	N	-	-	-	-	-	E	E	N	N	N	-	-	E	E	E	D	-	-	E	D	-	-	-	-
-	-	-	-	E	E	E	D	D	-	-	-	E	E	-	-	E	D	D	-	-	E	E	E	E	E	-	-
-	-	L	L	L	L	N	-	-	-	-	-	L	L	L	N	-	-	-	-	-	E	D	D	D	N	-	-
E	L	-	-	D	D	N	-	-	D	D	L	-	-	-	E	L	-	-	-	E	E	E	E	L	-	-	-
E	L	-	-	D	N	N	-	-	L	L	-	-	D	L	-	-	E	N	-	-	-	-	E	D	L	-	-
-	-	-	-	-	L	L	N	N	-	-	-	-	-	-	L	L	N	-	-	-	E	E	L	L	-	-	-
E	E	E	L	-	-	-	-	-	E	N	N	N	-	-	-	-	L	L	-	-	-	E	L	-	-	-	-
L	L	L	-	-	-	-	-	-	L	L	L	-	-	-	D	N	N	N	-	-	-	-	-	-	-	L	N
E	E	D	N	-	-	-	L	L	N	N	-	-	-	E	E	-	-	-	D	N	-	-	-	-	-	-	-
L	N	N	-	-	-	-	-	E	L	-	-	-	-	D	N	N	-	-	-	E	L	L	L	-	-	-	-
D	N	-	-	-	-	-	-	E	D	-	-	D	D	D	D	-	-	-	-	-	-	-	-	E	D	N	N
-	-	-	-	-	-	D	D	-	-	-	D	-	-	D	D	-	-	D	-	-	D	-	-	-	-	D	L
E	-	-	-	-	-	E	-	-	-	-	-	E	E	-	-	-	L	-	-	D	L	L	-	-	L	-	-
-	-	-	-	N	-	-	-	-	E	E	E	D	D	-	-	-	-	-	D	-	-	N	-	-	E	D	D
L	L	L	-	-	-	-	-	N	N	-	-	-	-	-	-	-	L	L	-	-	-	-	D	-	-	-	D
L	-	-	-	-	-	E	D	D	D	-	-	-	L	-	-	-	-	-	-	E	-	-	-	L	L	-	-
N	-	-	D	D	-	-	-	-	D	D	N	-	-	-	-	-	-	E	D	-	-	-	-	-	-	-	-
-	-	L	L	-	-	-	L	L	L	-	-	-	-	-	-	-	L	L	L	L	L	-	-	-	-	-	-
-	-	-	D	L	-	-	L	N	-	-	-	-	-	-	-	-	-	N	N	-	-	-	E	E	-	-	-
-	-	D	D	-	-	-	-	-	-	N	-	-	-	E	-	-	E	D	-	-	-	-	-	D	D	L	-
D	D	D	D	-	-	-	-	-	-	E	-	-	-	E	-	-	-	-	-	-	-	-	E	E	-	-	D
-	-	-	-	-	-	-	-	-	-	-	L	-	L	-	-	-	-	L	L	N	-	-	-	-	-	-	-
-	D	-	-	-	-	-	-	-	-	-	-	-	-	-	-	-	-	D	-	D	D	-	-	N	N	-	-
D	-	-	-	-	-	D	-	-	-	-	-	L	-	-	-	-	-	-	L	-	-	-	-	-	N	-	-
-	D	-	-	E	E	D	N	-	-	-	-	-	-	-	-	-	-	-	-	-	-	-	-	-	-	N	-
-	-	-	E	-	-	-	-	-	-	-	D	-	-	-	-	-	-	-	-	-	-	-	-	E	E	D	-
-	-	-	-	-	E	L	-	-	-	-	-	-	-	-	-	-	-	-	-	D	-	D	L	-	-	-	-
L	-	-	-	-	-	D	-	-	-	-	-	-	-	-	-	-	-	-	-	-	E	L	-	D	L	-	-
N	-	-	E	-	-	-	-	-	-	L	-	-	-	-	-	E	-	-	-	L	-	-	-	-	-	-	-
-	-	-	-	-	-	-	-	-	-	-	-	-	-	-	-	-	-	-	-	-	D	D	D	-	D	D	L
-	-	-	-	-	-	-	-	-	-	-	-	-	N	-	L	L	-	-	N	-	-	-	L	L	-	-	-
Objective 0: 7730
Objective 1: 189
Constr violation: 0
Restrictions violated:
0 0 0 0 0 0 0 0 

Individual 2
1	2	3	4	5	6	7	8	9	10	11	12	13	14	15	16	17	18	19	20	21	22	23	24	25	26	27	28
E	D	D	D	D	-	-	E	L	-	-	E	E	L	-	-	-	-	-	-	-	E	L	N	N	-	-	D
E	E	E	E	L	-	-	E	D	-	E	D	D	D	L	-	-	-	E	L	-	-	D	D	L	-	-	-
L	L	L	L	L	-	-	D	D	-	-	E	D	-	-	L	L	-	-	E	E	E	D	-	-	-	-	-
D	D	D	L	L	-	-	-	-	N	N	-	-	-	-	-	D	L	L	-	-	L	L	N	-	-	-	L
-	-	D	D	D	-	-	E	E	E	E	E	-	-	-	E	D	-	-	E	E	D	-	-	-	E	E	D
D	D	N	N	-	-	-	-	-	E	E	N	N	N	-	-	E	E	E	D	-	-	E	D	-	-	-	-
-	-	-	-	E	E	E	D	D	-	-	-	E	E	-	-	E	D	D	-	-	E	E	E	E	E	-	-
-	-	L	L	L	L	N	-	-	-	-	-	L	L	L	N	-	-	-	-	-	E	D	D	D	N	-	-
E	L	-	-	D	D	N	-	-	D	D	L	-	-	-	E	L	-	-	-	E	E	E	E	L	-	-	-
E	L	-	-	D	N	N	-	-	L	L	-	-	D	L	-	-	E	N	-	-	-	-	E	D	L	-	-
-	-	-	-	-	L	L	N	N	-	-	-	-	-	-	L	L	N	-	-	-	E	E	L	L	-	-	-
E	E	E	L	-	-	-	-	-	E	N	N	N	-	-	-	-	L	L	-	-	-	E	L	-	-	-	-
L	L	L	-	-	-	-	-	-	L	L	L	-	-	-	D	N	N	N	-	-	-	-	-	-	-	L	N
E	E	D	N	-	-	-	L	L	N	N	-	-	-	E	E	-	-	-	D	N	-	-	-	-	-	-	-
L	N	N	-	-	-	-	-	E	L	-	-	-	-	D	N	N	-	-	-	E	L	L	L	-	-	-	-
D	N	-	-	-	-	-	-	E	D	-	-	D	D	D	D	-	-	-	-	-	-	-	-	E	D	N	N
-	-	-	-	-	-	D	D	-	-	-	D	-	-	D	D	-	-	D	-	-	D	-	-	-	-	D	L
E	-	-	-	-	-	E	-	-	-	-	-	E	E	-	-	-	L	-	-	D	L	L	-	-	L	-	-
-	-	-	-	N	-	-	-	-	E	E	E	D	D	-	-	-	-	-	D	-	-	N	-	-	E	D	D
L	L	L	-	-	-	-	-	N	N	-	-	-	-	-	-	-	L	L	-	-	-	-	D	-	-	-	D
L	-	-	-	-	-	E	D	D	D	-	-	-	L	-	-	-	-	-	-	E	-	-	-	L	L	-	-
N	-	-	D	D	-	-	-	-	D	D	N	-	-	-	-	-	-	E	D	-	-	-	-	-	-	-	-
-	-	L	L	-	-	-	L	L	L	-	-	-	-	-	-	-	L	L	L	L	L	-	-	-	-	-	-
-	-	-	D	L	-	-	L	N	-	-	-	-	-	-	-	-	-	N	N	-	-	-	E	E	-	-	-
-	-	D	D	-	-	-	-	-	-	N	-	-	-	E	-	-	E	D	-	-	-	-	-	D	D	L	-
D	D	D	D	-	-	-	-	-	-	E	-	-	-	E	-	-	-	-	-	-	-	-	E	E	-	-	D
-	-	-	-	-	-	-	-	-	-	-	L	-	L	-	-	-	-	L	L	N	-	-	-	-	-	-	-
-	D	-	-	-	-	-	-	-	-	-	-	-	-	-	-	-	-	D	-	D	D	-	-	N	N	-	-
D	-	-	-	-	-	D	-	-	-	-	-	L	-	-	-	-	-	-	L	-	-	-	-	-	N	-	-
-	D	-	-	E	E	D	N	-	-	-	-	-	-	-	-	-	-	-	-	-	-	-	-	-	-	N	-
-	-	-	E	-	-	-	-	-	-	-	D	-	-	-	-	-	-	-	-	-	-	-	-	E	E	D	-
-	-	-	-	-	E	L	-	-	-	-	-	-	-	-	-	-	-	-	-	D	-	D	L	-	-	-	-
L	-	-	-	-	-	D	-	-	-	-	-	-	-	-	-	-	-	-	-	-	E	L	-	D	L	-	-
N	-	-	E	-	-	-	-	-	-	L	-	-	-	-	-	E	-	-	-	L	-	-	-	-	-	-	-
-	-	-	-	-	-	-	-	-	-	-	-	-	-	-	-	-	-	-	-	-	D	D	D	-	D	D	L
-	-	-	-	-	-	-	-	-	-	-	-	-	N	-	L	L	-	-	N	-	-	-	L	L	-	-	-
Objective 0: 7428
Objective 1: 191
Constr violation: 0
Restrictions violated:
0 0 0 0 0 0 0 0 

Individual 3
1	2	3	4	5	6	7	8	9	10	11	12	13	14	15	16	17	18	19	20	21	22	23	24	25	26	27	28
E	D	D	D	D	-	-	E	L	-	-	E	E	L	-	-	-	-	-	-	-	E	L	N	N	-	-	D
E	E	E	E	L	-	-	E	D	-	E	D	D	D	L	-	-	-	E	L	-	-	D	D	L	-	-	-
L	L	L	L	L	-	-	D	D	-	-	E	D	-	-	L	L	-	-	E	E	E	D	-	-	-	-	-
D	D	D	L	L	-	-	-	-	N	N	-	-	-	-	-	D	L	L	-	-	L	L	N	-	-	-	L
-	-	D	D	D	-	-	E	E	E	E	E	-	-	-	E	D	-	-	E	E	D	-	-	-	E	E	D
D	D	N	N	-	-	-	-	-	E	E	N	N	N	-	-	E	E	E	D	-	-	E	D	-	-	-	-
-	-	-	-	E	E	E	D	D	-	-	-	E	E	-	-	E	D	D	-	-	E	E	E	E	E	-	-
-	-	L	L	L	L	N	-	-	-	-	-	L	L	L	N	-	-	-	-	-	E	D	D	D	N	-	-
E	L	-	-	D	D	N	-	-	D	D	L	-	-	-	E	L	-	-	-	E	E	E	E	L	-	-	-
E	L	-	-	D	N	N	-	-	L	L	-	-	D	L	-	-	E	N	-	-	-	-	E	D	L	-	-
-	-	-	-	-	L	L	N	N	-	-	-	-	-	-	L	L	N	-	-	-	E	E	L	L	-	-	-
E	E	E	L	-	-	-	-	-	E	N	N	N	-	-	-	-	L	L	-	-	-	E	L	-	-	-	-
L	L	L	-	-	-	-	-	-	L	L	L	-	-	-	D	N	N	N	-	-	-	-	-	-	-	L	N
E	E	D	N	-	-	-	L	L	N	N	-	-	-	E	E	-	-	-	D	N	-	-	-	-	-	-	-
L	N	N	-	-	-	-	-	E	L	-	-	-	-	D	N	N	-	-	-	E	L	L	L	-	-	-	-
D	N	-	-	-	-	-	-	E	D	-	-	D	D	D	D	-	-	-	-	-	-	-	-	E	D	N	N
-	-	-	-	-	-	D	D	-	-	-	D	-	-	D	D	-	-	D	-	-	D	-	-	-	-	D	L
E	-	-	-	-	-	E	-	-	-	-	-	E	E	-	-	-	L	-	-	D	L	L	-	-	L	-	-
-	-	-	-	N	-	-	-	-	E	E	E	D	D	-	-	-	-	-	D	-	-	N	-	-	E	D	D
L	L	L	-	-	-	-	-	N	N	-	-	-	-	-	-	-	L	L	-	-	-	-	D	-	-	-	D
L	-	-	-	-	-	E	D	D	D	-	-	-	L	-	-	-	-	-	-	E	-	-	-	L	L	-	-
N	-	-	-	N	N	-	-	-	-	-	-	E	E	-	-	-	-	-	D	D	D	-	-	-	-	-	-
-	-	L	L	-	-	-	L	L	L	-	-	-	-	-	-	-	L	L	L	L	L	-	-	-	-	-	-
-	-	-	D	L	-	-	L	N	-	-	-	-	-	-	-	-	-	N	N	-	-	-	E	E	-	-	-
-	-	D	D	-	-	-	-	-	-	N	-	-	-	E	-	-	E	D	-	-	-	-	-	D	D	L	-
D	D	D	D	-	-	-	-	-	-	E	-	-	-	E	-	-	-	-	-	-	-	-	E	E	-	-	D
-	-	-	-	-	-	-	-	-	-	-	L	-	L	-	-	-	-	L	L	N	-	-	-	-	-	-	-
-	D	-	-	-	-	-	-	-	-	-	-	-	-	-	-	-	-	D	-	D	D	-	-	N	N	-	-
D	-	-	-	-	-	D	-	-	-	-	-	L	-	-	-	-	-	-	L	-	-	-	-	-	N	-	-
-	D	-	-	E	E	D	N	-	-	-	-	-	-	-	-	-	-	-	-	-	-	-	-	-	-	N	-
-	-	-	E	-	-	-	-	-	-	-	D	-	-	-	-	-	-	-	-	-	-	-	-	E	E	D	-
-	-	-	-	-	E	L	-	-	-	-	-	-	-	-	-	-	-	-	-	D	-	D	L	-	-	-	-
L	-	-	-	-	-	D	-	-	-	-	-	-	-	E	L	-	-	-	-	-	-	-	-	D	L	-	-
N	-	-	E	-	-	-	-	-	-	L	-	-	-	-	-	E	-	-	-	L	-	-	-	-	-	-	-
-	-	-	-	-	-	-	-	-	-	-	-	-	-	-	-	-	-	-	-	-	D	D	D	-	D	D	L
-	-	-	-	-	-	-	-	-	-	-	-	-	N	-	L	L	-	-	N	-	-	-	L	L	-	-	-
Objective 0: 6923
Objective 1: 197
Constr violation: 0
Restrictions violated:
0 0 0 0 0 0 0 0 

Individual 4
1	2	3	4	5	6	7	8	9	10	11	12	13	14	15	16	17	18	19	20	21	22	23	24	25	26	27	28
E	D	D	D	D	-	-	E	L	-	-	E	E	L	-	-	-	-	-	-	-	E	L	N	N	-	-	D
E	E	E	E	L	-	-	E	D	-	E	D	D	D	L	-	-	-	E	L	-	-	D	D	L	-	-	-
L	L	L	L	L	-	-	D	D	-	-	E	D	-	-	L	L	-	-	E	E	E	D	-	-	-	-	-
D	D	D	L	L	-	-	-	-	N	N	-	-	-	-	-	D	L	L	-	-	L	L	N	-	-	-	L
-	-	D	D	D	-	-	E	E	E	E	E	-	-	-	E	D	-	-	E	E	D	-	-	-	E	E	D
D	D	N	N	-	-	-	-	-	E	E	N	N	N	-	-	E	E	E	D	-	-	E	D	-	-	-	-
-	-	-	-	E	E	E	D	D	-	-	-	E	E	-	-	E	D	D	-	-	E	E	E	E	E	-	-
-	-	L	L	L	L	N	-	-	-	-	-	L	L	L	N	-	-	-	-	-	E	D	D	D	N	-	-
E	L	-	-	D	D	N	-	-	D	D	L	-	-	-	E	L	-	-	-	E	E	E	E	L	-	-	-
E	L	-	-	D	N	N	-	-	L	L	-	-	D	L	-	-	E	N	-	-	-	-	E	D	L	-	-
-	-	-	-	-	L	L	N	N	-	-	-	-	-	-	L	L	N	-	-	-	E	E	L	L	-	-	-
E	E	E	L	-	-	-	-	-	E	N	N	N	-	-	-	-	L	L	-	-	-	E	L	-	-	-	-
L	L	L	-	-	-	-	-	-	D	D	D	-	-	-	D	N	N	N	-	-	-	-	-	-	-	L	N
E	E	D	N	-	-	-	L	L	N	N	-	-	-	E	E	-	-	-	D	N	-	-	-	-	-	-	-
L	N	N	-	-	-	-	-	E	L	-	-	-	-	D	N	N	-	-	-	E	L	L	L	-	-	-	-
D	N	-	-	-	-	-	-	E	D	-	-	D	D	D	D	-	-	-	-	-	-	-	-	E	D	N	N
-	-	-	-	-	-	D	D	-	-	-	D	-	-	D	D	-	-	D	-	-	D	-	-	-	-	D	L
E	-	-	-	-	-	E	-	-	-	-	-	E	E	-	-	-	L	-	-	D	L	L	-	-	L	-	-
-	-	-	-	N	-	-	-	-	E	E	E	D	D	-	-	-	-	-	D	-	-	N	-	-	E	D	D
L	L	L	-	-	-	-	-	N	N	-	-	-	-	-	-	-	L	L	-	-	-	-	D	-	-	-	D
L	-	-	-	-	-	E	D	D	D	-	-	-	L	-	-	-	-	-	-	E	-	-	-	L	L	-	-
N	-	-	-	N	N	-	-	-	-	-	-	E	E	-	-	-	-	-	D	D	D	-	-	-	-	-	-
-	-	L	L	-	-	-	L	L	L	-	-	-	-	-	-	-	L	L	L	L	L	-	-	-	-	-	-
-	-	-	D	L	-	-	L	N	-	-	-	-	-	-	-	-	-	N	N	-	-	-	E	E	-	-	-
-	-	D	D	-	-	-	-	-	-	N	-	-	-	E	-	-	E	D	-	-	-	-	-	D	D	L	-
D	D	D	D	-	-	-	-	-	-	E	-	-	-	E	-	-	-	-	-	-	-	-	E	E	-	-	D
-	-	-	-	-	-	-	-	-	-	-	L	-	L	-	-	-	-	L	L	N	-	-	-	-	-	-	-
-	D	-	-	-	-	-	-	-	-	-	-	-	-	-	-	-	-	D	-	D	D	-	-	N	N	-	-
D	-	-	-	-	-	D	-	-	-	-	-	L	-	-	-	-	-	-	L	-	-	-	-	-	N	-	-
-	D	-	-	E	E	D	N	-	-	-	-	-	-	-	-	-	-	-	-	-	-	-	-	-	-	N	-
-	-	-	E	-	-	-	-	-	-	-	D	-	-	-	-	-	-	-	-	-	-	-	-	E	E	D	-
-	-	-	-	-	E	L	-	-	-	-	-	-	-	-	-	-	-	-	-	D	-	D	L	-	-	-	-
L	-	-	-	-	-	D	-	-	-	-	-	-	-	-	-	-	-	-	-	-	E	L	-	D	L	-	-
N	-	-	E	-	-	-	-	-	-	L	-	-	-	-	-	E	-	-	-	L	-	-	-	-	-	-	-
-	-	-	-	-	-	-	-	-	-	-	-	-	-	-	-	-	-	-	-	-	D	D	D	-	D	D	L
-	-	-	-	-	-	-	-	-	-	-	-	-	N	-	L	L	-	-	N	-	-	-	L	L	-	-	-
Objective 0: 7024
Objective 1: 195
Constr violation: 0
Restrictions violated:
0 0 0 0 0 0 0 0 

Individual 5
1	2	3	4	5	6	7	8	9	10	11	12	13	14	15	16	17	18	19	20	21	22	23	24	25	26	27	28
E	D	D	D	D	-	-	E	L	-	-	E	E	L	-	-	-	-	-	-	-	E	L	N	N	-	-	D
-	-	D	L	L	-	-	E	L	-	-	E	E	E	L	-	-	D	D	D	L	-	-	D	L	-	-	-
L	L	L	L	L	-	-	D	D	-	-	E	D	-	-	L	L	-	-	E	E	E	D	-	-	-	-	-
D	D	D	L	L	-	-	-	-	N	N	-	-	-	-	-	D	L	L	-	-	L	L	N	-	-	-	L
-	-	D	D	D	-	-	E	E	E	E	E	-	-	-	E	D	-	-	E	E	D	-	-	-	E	E	D
D	D	N	N	-	-	-	-	-	E	E	N	N	N	-	-	E	E	E	D	-	-	E	D	-	-	-	-
-	-	-	-	E	E	E	D	D	-	-	-	E	E	-	-	E	D	D	-	-	E	E	E	E	E	-	-
-	-	L	L	L	L	N	-	-	-	-	-	L	L	L	N	-	-	-	-	-	E	D	D	D	N	-	-
E	L	-	-	D	D	N	-	-	D	D	L	-	-	-	E	L	-	-	-	E	E	E	E	L	-	-	-
E	L	-	-	D	N	N	-	-	L	L	-	-	D	L	-	-	E	N	-	-	-	-	E	D	L	-	-
-	-	-	-	-	L	L	N	N	-	-	-	-	-	-	L	L	N	-	-	-	E	E	L	L	-	-	-
E	E	E	L	-	-	-	-	-	E	N	N	N	-	-	-	-	L	L	-	-	-	E	L	-	-	-	-
L	L	L	-	-	-	-	-	-	D	D	D	-	-	-	D	N	N	N	-	-	-	-	-	-	-	L	N
E	E	D	N	-	-	-	L	L	N	N	-	-	-	E	E	-	-	-	D	N	-	-	-	-	-	-	-
L	N	N	-	-	-	-	-	E	L	-	-	-	-	D	N	N	-	-	-	E	L	L	L	-	-	-	-
D	N	-	-	-	-	-	-	E	D	-	-	D	D	D	D	-	-	-	-	-	-	-	-	E	D	N	N
-	-	-	-	-	-	D	D	-	-	-	D	-	-	D	D	-	-	D	-	-	D	-	-	-	-	D	L
E	-	-	-	-	-	E	-	-	-	-	-	E	E	-	-	-	L	-	-	D	L	L	-	-	L	-	-
-	-	-	-	N	-	-	-	-	E	E	E	D	D	-	-	-	-	-	D	-	-	N	-	-	E	D	D
L	L	L	-	-	-	-	-	N	N	-	-	-	-	-	-	-	L	L	-	-	-	-	D	-	-	-	D
L	-	-	-	-	-	E	D	D	D	-	-	-	L	-	-	-	-	-	-	E	-	-	-	L	L	-	-
N	-	-	-	N	N	-	-	-	-	-	-	E	E	-	-	-	-	-	D	D	D	-	-	-	-	-	-
-	-	L	L	-	-	-	L	L	L	-	-	-	-	-	-	-	L	L	L	L	L	-	-	-	-	-	-
-	-	-	D	L	-	-	L	N	-	-	-	-	-	-	-	-	-	N	N	-	-	-	E	E	-	-	-
-	-	D	D	-	-	-	-	-	-	N	-	-	-	E	-	-	E	D	-	-	-	-	-	D	D	L	-
D	D	D	D	-	-	-	-	-	-	E	-	-	-	E	-	-	-	-	-	-	-	-	E	E	-	-	D
-	-	-	-	-	-	-	-	-	-	-	L	-	L	-	-	-	-	L	L	N	-	-	-	-	-	-	-
-	D	-	-	-	-	-	-	-	-	-	-	-	-	-	-	-	-	D	-	D	D	-	-	N	N	-	-
D	-	-	-	-	-	D	-	-	-	-	-	L	-	-	-	-	-	-	L	-	-	-	-	-	N	-	-
-	D	-	-	E	E	D	N	-	-	-	-	-	-	-	-	-	-	-	-	-	-	-	-	-	-	N	-
-	-	-	E	-	-	-	-	-	-	-	D	-	-	-	-	-	-	-	-	-	-	-	-	E	E	D	-
-	-	-	-	-	E	L	-	-	-	-	-	-	-	-	-	-	-	-	-	D	-	D	L	-	-	-	-
L	-	-	-	-	-	D	-	-	-	-	-	-	-	-	-	-	-	-	-	-	E	L	-	D	L	-	-
N	-	-	E	-	-	-	-	-	-	L	-	-	-	-	-	E	-	-	-	L	-	-	-	-	-	-	-
-	-	-	-	-	-	-	-	-	-	-	-	-	-	-	-	-	-	-	-	-	D	D	D	-	D	D	L
-	-	-	-	-	-	-	-	-	-	-	-	-	N	-	L	L	-	-	N	-	-	-	L	L	-	-	-
Objective 0: 7326
Objective 1: 193
Constr violation: 0
Restrictions violated:
0 0 0 0 0 0 0 0 

Individual 6
1	2	3	4	5	6	7	8	9	10	11	12	13	14	15	16	17	18	19	20	21	22	23	24	25	26	27	28
E	D	D	D	D	-	-	E	L	-	-	E	E	L	-	-	-	-	-	-	-	E	L	N	N	-	-	D
E	E	E	E	L	-	-	E	D	-	E	D	D	D	L	-	-	-	E	L	-	-	D	D	L	-	-	-
L	L	L	L	L	-	-	D	D	-	-	E	D	-	-	L	L	-	-	E	E	E	D	-	-	-	-	-
D	D	D	L	L	-	-	-	-	N	N	-	-	-	-	-	D	L	L	-	-	L	L	N	-	-	-	L
-	-	D	D	D	-	-	E	E	E	E	E	-	-	-	E	D	-	-	E	E	D	-	-	-	E	E	D
D	D	N	N	-	-	-	-	-	E	E	N	N	N	-	-	E	E	E	D	-	-	E	D	-	-	-	-
-	-	-	-	E	E	E	D	D	-	-	-	E	E	-	-	E	D	D	-	-	E	E	E	E	E	-	-
-	-	L	L	L	L	N	-	-	-	-	-	L	L	L	N	-	-	-	-	-	E	D	D	D	N	-	-
E	L	-	-	D	D	N	-	-	D	D	L	-	-	-	E	L	-	-	-	E	E	E	E	L	-	-	-
E	L	-	-	D	N	N	-	-	L	L	-	-	D	L	-	-	E	N	-	-	-	-	E	D	L	-	-
-	-	-	-	-	L	L	N	N	-	-	-	-	-	-	L	L	N	-	-	-	E	E	L	L	-	-	-
E	E	E	L	-	-	-	-	-	E	N	N	N	-	-	-	-	L	L	-	-	-	E	L	-	-	-	-
L	L	L	-	-	-	-	-	-	L	L	L	-	-	-	D	N	N	N	-	-	-	-	-	-	-	L	N
E	E	D	N	-	-	-	L	L	N	N	-	-	-	E	E	-	-	-	D	N	-	-	-	-	-	-	-
L	N	N	-	-	-	-	-	E	L	-	-	-	-	D	N	N	-	-	-	E	L	L	L	-	-	-	-
D	N	-	-	-	-	-	-	E	D	-	-	D	D	D	D	-	-	-	-	-	-	-	-	E	D	N	N
-	-	-	-	-	-	D	D	-	-	-	D	-	-	D	D	-	-	D	-	-	D	-	-	-	-	D	L
E	-	-	-	-	-	E	-	-	-	-	-	E	E	-	-	-	L	-	-	D	L	L	-	-	L	-	-
-	-	-	-	N	-	-	-	-	E	E	E	D	D	-	-	-	-	-	D	-	-	N	-	-	E	D	D
L	L	L	-	-	-	-	-	N	N	-	-	-	-	-	-	-	L	L	-	-	-	-	D	-	-	-	D
L	-	-	-	-	-	E	D	D	D	-	-	-	L	-	-	-	-	-	-	E	-	-	-	L	L	-	-
N	-	-	-	N	N	-	-	-	-	-	-	E	E	-	-	-	-	-	D	D	D	-	-	-	-	-	-
-	-	L	L	-	-	-	L	L	L	-	-	-	-	-	-	-	L	L	L	L	L	-	-	-	-	-	-
-	-	-	D	L	-	-	L	N	-	-	-	-	-	-	-	-	-	N	N	-	-	-	E	E	-	-	-
-	-	D	D	-	-	-	-	-	-	N	-	-	-	E	-	-	E	D	-	-	-	-	-	D	D	L	-
D	D	D	D	-	-	-	-	-	-	E	-	-	-	E	-	-	-	-	-	-	-	-	E	E	-	-	D
-	-	-	-	-	-	-	-	-	-	-	L	-	L	-	-	-	-	L	L	N	-	-	-	-	-	-	-
-	D	-	-	-	-	-	-	-	-	-	-	-	-	-	-	-	-	D	-	D	D	-	-	N	N	-	-
D	-	-	-	-	-	D	-	-	-	-	-	L	-	-	-	-	-	-	L	-	-	-	-	-	N	-	-
-	D	-	-	E	E	D	N	-	-	-	-	-	-	-	-	-	-	-	-	-	-	-	-	-	-	N	-
-	-	-	E	-	-	-	-	-	-	-	D	-	-	-	-	-	-	-	-	-	-	-	-	E	E	D	-
-	-	-	-	-	E	L	-	-	-	-	-	-	-	-	-	-	-	-	-	D	-	D	L	-	-	-	-
L	-	-	-	-	-	D	-	-	-	-	-	-	-	-	-	-	-	-	-	-	E	L	-	D	L	-	-
N	-	-	E	-	-	-	-	-	-	L	-	-	-	-	-	E	-	-	-	L	-	-	-	-	-	-	-
-	-	-	-	-	-	-	-	-	-	-	-	-	-	-	-	-	-	-	-	-	D	D	D	-	D	D	L
-	-	-	-	-	-	-	-	-	-	-	-	-	N	-	L	L	-	-	N	-	-	-	L	L	-	-	-
Objective 0: 7125
Objective 1: 194
Constr violation: 0
Restrictions violated:
0 0 0 0 0 0 0 0 

Individual 7
1	2	3	4	5	6	7	8	9	10	11	12	13	14	15	16	17	18	19	20	21	22	23	24	25	26	27	28
E	D	D	D	D	-	-	E	L	-	-	E	E	L	-	-	-	-	-	-	-	E	L	N	N	-	-	D
E	E	E	E	L	-	-	E	D	-	E	D	D	D	L	-	-	-	E	L	-	-	D	D	L	-	-	-
L	L	L	L	L	-	-	D	D	-	-	E	D	-	-	L	L	-	-	E	E	E	D	-	-	-	-	-
D	D	D	L	L	-	-	-	-	N	N	-	-	-	-	-	D	L	L	-	-	L	L	N	-	-	-	L
-	-	D	D	D	-	-	E	E	E	E	E	-	-	-	E	D	-	-	E	E	D	-	-	-	E	E	D
D	D	N	N	-	-	-	-	-	E	E	N	N	N	-	-	E	E	E	D	-	-	E	D	-	-	-	-
-	-	-	-	E	E	E	D	D	-	-	-	E	E	-	-	E	D	D	-	-	E	E	E	E	E	-	-
-	-	L	L	L	L	N	-	-	-	-	-	L	L	L	N	-	-	-	-	-	E	D	D	D	N	-	-
E	L	-	-	D	D	N	-	-	D	D	L	-	-	-	E	L	-	-	-	E	E	E	E	L	-	-	-
E	L	-	-	D	N	N	-	-	L	L	-	-	D	L	-	-	E	N	-	-	-	-	E	D	L	-	-
-	-	-	-	-	L	L	N	N	-	-	-	-	-	-	L	L	N	-	-	-	E	E	L	L	-	-	-
E	E	E	L	-	-	-	-	-	E	N	N	N	-	-	-	-	L	L	-	-	-	E	L	-	-	-	-
L	L	L	-	-	-	-	-	-	L	L	L	-	-	-	D	N	N	N	-	-	-	-	-	-	-	L	N
E	E	D	N	-	-	-	L	L	N	N	-	-	-	E	E	-	-	-	D	N	-	-	-	-	-	-	-
L	N	N	-	-	-	-	-	E	L	-	-	-	-	D	N	N	-	-	-	E	L	L	L	-	-	-	-
D	N	-	-	-	-	-	-	E	D	-	-	D	D	D	D	-	-	-	-	-	-	-	-	E	D	N	N
-	-	-	-	-	-	D	D	-	-	-	D	-	-	D	D	-	-	D	-	-	D	-	-	-	-	D	L
E	-	-	-	-	-	E	-	-	-	-	-	E	E	-	-	-	L	-	-	D	L	L	-	-	L	-	-
-	-	-	-	N	-	-	-	-	E	E	E	D	D	-	-	-	-	-	D	-	-	N	-	-	E	D	D
L	L	L	-	-	-	-	-	N	N	-	-	-	-	-	-	-	L	L	-	-	-	-	D	-	-	-	D
L	-	-	-	-	-	E	D	D	D	-	-	-	L	-	-	-	-	-	-	E	-	-	-	L	L	-	-
N	-	-	-	N	N	-	-	-	-	-	-	E	E	-	-	-	-	-	D	D	D	-	-	-	-	-	-
-	-	L	L	-	-	-	L	L	L	-	-	-	-	-	-	-	L	L	L	L	L	-	-	-	-	-	-
-	-	-	D	L	-	-	L	N	-	-	-	-	-	-	-	-	-	N	N	-	-	-	E	E	-	-	-
-	-	D	D	-	-	-	-	-	-	N	-	-	-	E	-	-	E	D	-	-	-	-	-	D	D	L	-
D	D	D	D	-	-	-	-	-	-	E	-	-	-	E	-	-	-	-	-	-	-	-	E	E	-	-	D
-	-	-	-	-	-	-	-	-	-	-	L	-	L	-	-	-	-	L	L	N	-	-	-	-	-	-	-
-	D	-	-	-	-	-	-	-	-	-	-	-	-	-	-	-	-	D	-	D	D	-	-	N	N	-	-
D	-	-	-	-	-	D	-	-	-	-	-	L	-	-	-	-	-	-	L	-	-	-	-	-	N	-	-
-	D	-	-	E	E	D	N	-	-	-	-	-	-	-	-	-	-	-	-	-	-	-	-	-	-	N	-
-	-	-	E	-	-	-	-	-	-	-	D	-	-	-	-	-	-	-	-	-	-	-	-	E	E	D	-
-	-	-	-	-	E	L	-	-	-	-	-	-	-	-	-	-	-	-	-	D	-	D	L	-	-	-	-
L	-	-	-	-	-	D	-	-	-	-	-	-	-	-	-	-	-	-	-	-	E	L	-	D	L	-	-
N	-	-	E	-	-	-	-	-	-	L	-	-	-	-	-	E	-	-	-	L	-	-	-	-	-	-	-
-	-	-	-	-	-	-	-	-	-	-	-	-	-	-	-	-	-	-	-	-	D	D	D	-	D	D	L
-	-	-	-	-	-	-	-	-	-	-	-	-	N	-	L	L	-	-	N	-	-	-	L	L	-	-	-
Objective 0: 7125
Objective 1: 194
Constr violation: 0
Restrictions violated:
0 0 0 0 0 0 0 0 

Individual 8
1	2	3	4	5	6	7	8	9	10	11	12	13	14	15	16	17	18	19	20	21	22	23	24	25	26	27	28
E	D	D	D	D	-	-	E	L	-	-	E	E	L	-	-	-	-	-	-	-	E	L	N	N	-	-	D
-	-	D	L	L	-	-	E	L	-	-	E	E	E	L	-	-	D	D	D	L	-	-	D	L	-	-	-
L	L	L	L	L	-	-	D	D	-	-	E	D	-	-	L	L	-	-	E	E	E	D	-	-	-	-	-
D	D	D	L	L	-	-	-	-	N	N	-	-	-	-	-	D	L	L	-	-	L	L	N	-	-	-	L
-	-	D	D	D	-	-	E	E	E	E	E	-	-	-	E	D	-	-	E	E	D	-	-	-	E	E	D
D	D	N	N	-	-	-	-	-	E	E	N	N	N	-	-	E	E	E	D	-	-	E	D	-	-	-	-
-	-	-	-	E	E	E	D	D	-	-	-	E	E	-	-	E	D	D	-	-	E	E	E	E	E	-	-
-	-	L	L	L	L	N	-	-	-	-	-	L	L	L	N	-	-	-	-	-	E	D	D	D	N	-	-
E	L	-	-	D	D	N	-	-	D	D	L	-	-	-	E	L	-	-	-	E	E	E	E	L	-	-	-
E	L	-	-	D	N	N	-	-	L	L	-	-	D	L	-	-	E	N	-	-	-	-	E	D	L	-	-
-	-	-	-	-	L	L	N	N	-	-	-	-	-	-	L	L	N	-	-	-	E	E	L	L	-	-	-
E	E	E	L	-	-	-	-	-	E	N	N	N	-	-	-	-	L	L	-	-	-	E	L	-	-	-	-
L	L	L	-	-	-	-	-	-	D	D	D	-	-	-	D	N	N	N	-	-	-	-	-	-	-	L	N
E	E	D	N	-	-	-	L	L	N	N	-	-	-	E	E	-	-	-	D	N	-	-	-	-	-	-	-
L	N	N	-	-	-	-	-	E	L	-	-	-	-	D	N	N	-	-	-	E	L	L	L	-	-	-	-
D	N	-	-	-	-	-	-	E	D	-	-	D	D	D	D	-	-	-	-	-	-	-	-	E	D	N	N
-	-	-	-	-	-	D	D	-	-	-	D	-	-	D	D	-	-	D	-	-	D	-	-	-	-	D	L
E	-	-	-	-	-	E	-	-	-	-	-	E	E	-	-	-	L	-	-	D	L	L	-	-	L	-	-
-	-	-	-	N	-	-	-	-	E	E	E	D	D	-	-	-	-	-	D	-	-	N	-	-	E	D	D
L	L	L	-	-	-	-	-	N	N	-	-	-	-	-	-	-	L	L	-	-	-	-	D	-	-	-	D
L	-	-	-	-	-	E	D	D	D	-	-	-	L	-	-	-	-	-	-	E	-	-	-	L	L	-	-
N	-	-	-	N	N	-	-	-	-	-	-	E	E	-	-	-	-	-	D	D	D	-	-	-	-	-	-
-	-	L	L	-	-	-	L	L	L	-	-	-	-	-	-	-	L	L	L	L	L	-	-	-	-	-	-
-	-	-	D	L	-	-	L	N	-	-	-	-	-	-	-	-	-	N	N	-	-	-	E	E	-	-	-
-	-	D	D	-	-	-	-	-	-	N	-	-	-	E	-	-	E	D	-	-	-	-	-	D	D	L	-
D	D	D	D	-	-	-	-	-	-	E	-	-	-	E	-	-	-	-	-	-	-	-	E	E	-	-	D
-	-	-	-	-	-	-	-	-	-	-	L	-	L	-	-	-	-	L	L	N	-	-	-	-	-	-	-
-	D	-	-	-	-	-	-	-	-	-	-	-	-	-	-	-	-	D	-	D	D	-	-	N	N	-	-
D	-	-	-	-	-	D	-	-	-	-	-	L	-	-	-	-	-	-	L	-	-	-	-	-	N	-	-
-	D	-	-	E	E	D	N	-	-	-	-	-	-	-	-	-	-	-	-	-	-	-	-	-	-	N	-
-	-	-	E	-	-	-	-	-	-	-	D	-	-	-	-	-	-	-	-	-	-	-	-	E	E	D	-
-	-	-	-	-	E	L	-	-	-	-	-	-	-	-	-	-	-	-	-	D	-	D	L	-	-	-	-
L	-	-	-	-	-	D	-	-	-	-	-	-	-	-	-	-	-	-	-	-	E	L	-	D	L	-	-
N	-	-	E	-	-	-	-	-	-	L	-	-	-	-	-	E	-	-	-	L	-	-	-	-	-	-	-
-	-	-	-	-	-	-	-	-	-	-	-	-	-	-	-	-	-	-	-	-	D	D	D	-	D	D	L
-	-	-	-	-	-	-	-	-	-	-	-	-	N	-	L	L	-	-	N	-	-	-	L	L	-	-	-
Objective 0: 7326
Objective 1: 193
Constr violation: 0
Restrictions violated:
0 0 0 0 0 0 0 0 

Individual 9
1	2	3	4	5	6	7	8	9	10	11	12	13	14	15	16	17	18	19	20	21	22	23	24	25	26	27	28
E	D	D	D	D	-	-	E	L	-	-	E	E	L	-	-	-	-	-	-	-	E	L	N	N	-	-	D
E	E	E	E	L	-	-	E	D	-	E	D	D	D	L	-	-	-	E	L	-	-	D	D	L	-	-	-
L	L	L	L	L	-	-	D	D	-	-	E	D	-	-	L	L	-	-	E	E	E	D	-	-	-	-	-
D	D	D	L	L	-	-	-	-	N	N	-	-	-	-	-	D	L	L	-	-	L	L	N	-	-	-	L
-	-	D	D	D	-	-	E	E	E	E	E	-	-	-	E	D	-	-	E	E	D	-	-	-	E	E	D
D	D	N	N	-	-	-	-	-	E	E	N	N	N	-	-	E	E	E	D	-	-	E	D	-	-	-	-
-	-	-	-	E	E	E	D	D	-	-	-	E	E	-	-	E	D	D	-	-	E	E	E	E	E	-	-
-	-	L	L	L	L	N	-	-	-	-	-	L	L	L	N	-	-	-	-	-	E	D	D	D	N	-	-
E	L	-	-	D	D	N	-	-	D	D	L	-	-	-	E	L	-	-	-	E	E	E	E	L	-	-	-
E	L	-	-	D	N	N	-	-	L	L	-	-	D	L	-	-	E	N	-	-	-	-	E	D	L	-	-
-	-	-	-	-	L	L	N	N	-	-	-	-	-	-	L	L	N	-	-	-	E	E	L	L	-	-	-
E	E	E	L	-	-	-	-	-	E	N	N	N	-	-	-	-	L	L	-	-	-	E	L	-	-	-	-
L	L	L	-	-	-	-	-	-	D	D	D	-	-	-	D	N	N	N	-	-	-	-	-	-	-	L	N
E	E	D	N	-	-	-	L	L	N	N	-	-	-	E	E	-	-	-	D	N	-	-	-	-	-	-	-
L	N	N	-	-	-	-	-	E	L	-	-	-	-	D	N	N	-	-	-	E	L	L	L	-	-	-	-
D	N	-	-	-	-	-	-	E	D	-	-	D	D	D	D	-	-	-	-	-	-	-	-	E	D	N	N
-	-	-	-	-	-	D	D	-	-	-	D	-	-	D	D	-	-	D	-	-	D	-	-	-	-	D	L
E	-	-	-	-	-	E	-	-	-	-	-	E	E	-	-	-	L	-	-	D	L	L	-	-	L	-	-
-	-	-	-	N	-	-	-	-	E	E	E	D	D	-	-	-	-	-	D	-	-	N	-	-	E	D	D
L	L	L	-	-	-	-	-	N	N	-	-	-	-	-	-	-	L	L	-	-	-	-	D	-	-	-	D
L	-	-	-	-	-	E	D	D	D	-	-	-	L	-	-	-	-	-	-	E	-	-	-	L	L	-	-
N	-	-	-	N	N	-	-	-	-	-	-	E	E	-	-	-	-	-	D	D	D	-	-	-	-	-	-
-	-	L	L	-	-	-	L	L	L	-	-	-	-	-	-	-	L	L	L	L	L	-	-	-	-	-	-
-	-	-	D	L	-	-	L	N	-	-	-	-	-	-	-	-	-	N	N	-	-	-	E	E	-	-	-
-	-	D	D	-	-	-	-	-	-	N	-	-	-	E	-	-	E	D	-	-	-	-	-	D	D	L	-
D	D	D	D	-	-	-	-	-	-	E	-	-	-	E	-	-	-	-	-	-	-	-	E	E	-	-	D
-	-	-	-	-	-	-	-	-	-	-	L	-	L	-	-	-	-	L	L	N	-	-	-	-	-	-	-
-	D	-	-	-	-	-	-	-	-	-	-	-	-	-	-	-	-	D	-	D	D	-	-	N	N	-	-
D	-	-	-	-	-	D	-	-	-	-	-	L	-	-	-	-	-	-	L	-	-	-	-	-	N	-	-
-	D	-	-	E	E	D	N	-	-	-	-	-	-	-	-	-	-	-	-	-	-	-	-	-	-	N	-
-	-	-	E	-	-	-	-	-	-	-	D	-	-	-	-	-	-	-	-	-	-	-	-	E	E	D	-
-	-	-	-	-	E	L	-	-	-	-	-	-	-	-	-	-	-	-	-	D	-	D	L	-	-	-	-
L	-	-	-	-	-	D	-	-	-	-	-	-	-	-	-	-	-	-	-	-	E	L	-	D	L	-	-
N	-	-	E	-	-	-	-	-	-	L	-	-	-	-	-	E	-	-	-	L	-	-	-	-	-	-	-
-	-	-	-	-	-	-	-	-	-	-	-	-	-	-	-	-	-	-	-	-	D	D	D	-	D	D	L
-	-	-	-	-	-	-	-	-	-	-	-	-	N	-	L	L	-	-	N	-	-	-	L	L	-	-	-
Objective 0: 7024
Objective 1: 195
Constr violation: 0
Restrictions violated:
0 0 0 0 0 0 0 0 

Individual 10
1	2	3	4	5	6	7	8	9	10	11	12	13	14	15	16	17	18	19	20	21	22	23	24	25	26	27	28
E	D	D	D	D	-	-	E	L	-	-	E	E	L	-	-	-	-	-	-	-	E	L	N	N	-	-	D
-	-	D	L	L	-	-	E	L	-	-	E	E	E	L	-	-	D	D	D	L	-	-	D	L	-	-	-
L	L	L	L	L	-	-	D	D	-	-	E	D	-	-	L	L	-	-	E	E	E	D	-	-	-	-	-
D	D	D	L	L	-	-	-	-	N	N	-	-	-	-	-	D	L	L	-	-	L	L	N	-	-	-	L
-	-	D	D	D	-	-	E	E	E	E	E	-	-	-	E	D	-	-	E	E	D	-	-	-	E	E	D
D	D	N	N	-	-	-	-	-	E	E	N	N	N	-	-	E	E	E	D	-	-	E	D	-	-	-	-
-	-	-	-	E	E	E	D	D	-	-	-	E	E	-	-	E	D	D	-	-	E	E	E	E	E	-	-
-	-	L	L	L	L	N	-	-	-	-	-	L	L	L	N	-	-	-	-	-	E	D	D	D	N	-	-
E	L	-	-	D	D	N	-	-	D	D	L	-	-	-	E	L	-	-	-	E	E	E	E	L	-	-	-
E	L	-	-	D	N	N	-	-	L	L	-	-	D	L	-	-	E	N	-	-	-	-	E	D	L	-	-
-	-	-	-	-	L	L	N	N	-	-	-	-	-	-	L	L	N	-	-	-	E	E	L	L	-	-	-
E	E	E	L	-	-	-	-	-	E	N	N	N	-	-	-	-	L	L	-	-	-	E	L	-	-	-	-
L	L	L	-	-	-	-	-	-	L	L	L	-	-	-	D	N	N	N	-	-	-	-	-	-	-	L	N
E	E	D	N	-	-	-	L	L	N	N	-	-	-	E	E	-	-	-	D	N	-	-	-	-	-	-	-
L	N	N	-	-	-	-	-	E	L	-	-	-	-	D	N	N	-	-	-	E	L	L	L	-	-	-	-
D	N	-	-	-	-	-	-	E	D	-	-	D	D	D	D	-	-	-	-	-	-	-	-	E	D	N	N
-	-	-	-	-	-	D	D	-	-	-	D	-	-	D	D	-	-	D	-	-	D	-	-	-	-	D	L
E	-	-	-	-	-	E	-	-	-	-	-	E	E	-	-	-	L	-	-	D	L	L	-	-	L	-	-
-	-	-	-	N	-	-	-	-	E	E	E	D	D	-	-	-	-	-	D	-	-	N	-	-	E	D	D
L	L	L	-	-	-	-	-	N	N	-	-	-	-	-	-	-	L	L	-	-	-	-	D	-	-	-	D
L	-	-	-	-	-	E	D	D	D	-	-	-	L	-	-	-	-	-	-	E	-	-	-	L	L	-	-
N	-	-	-	N	N	-	-	-	-	-	-	E	E	-	-	-	-	-	D	D	D	-	-	-	-	-	-
-	-	L	L	-	-	-	L	L	L	-	-	-	-	-	-	-	L	L	L	L	L	-	-	-	-	-	-
-	-	-	D	L	-	-	L	N	-	-	-	-	-	-	-	-	-	N	N	-	-	-	E	E	-	-	-
-	-	D	D	-	-	-	-	-	-	N	-	-	-	E	-	-	E	D	-	-	-	-	-	D	D	L	-
D	D	D	D	-	-	-	-	-	-	E	-	-	-	E	-	-	-	-	-	-	-	-	E	E	-	-	D
-	-	-	-	-	-	-	-	-	-	-	L	-	L	-	-	-	-	L	L	N	-	-	-	-	-	-	-
-	D	-	-	-	-	-	-	-	-	-	-	-	-	-	-	-	-	D	-	D	D	-	-	N	N	-	-
D	-	-	-	-	-	D	-	-	-	-	-	L	-	-	-	-	-	-	L	-	-	-	-	-	N	-	-
-	D	-	-	E	E	D	N	-	-	-	-	-	-	-	-	-	-	-	-	-	-	-	-	-	-	N	-
-	-	-	E	-	-	-	-	-	-	-	D	-	-	-	-	-	-	-	-	-	-	-	-	E	E	D	-
-	-	-	-	-	E	L	-	-	-	-	-	-	-	-	-	-	-	-	-	D	-	D	L	-	-	-	-
L	-	-	-	-	-	D	-	-	-	-	-	-	-	-	-	-	-	-	-	-	E	L	-	D	L	-	-
N	-	-	E	-	-	-	-	-	-	L	-	-	-	-	-	E	-	-	-	L	-	-	-	-	-	-	-
-	-	-	-	-	-	-	-	-	-	-	-	-	-	-	-	-	-	-	-	-	D	D	D	-	D	D	L
-	-	-	-	-	-	-	-	-	-	-	-	-	N	-	L	L	-	-	N	-	-	-	L	L	-	-	-
Objective 0: 7427
Objective 1: 192
Constr violation: 0
Restrictions violated:
0 0 0 0 0 0 0 0 

Individual 11
1	2	3	4	5	6	7	8	9	10	11	12	13	14	15	16	17	18	19	20	21	22	23	24	25	26	27	28
E	D	D	D	D	-	-	E	L	-	-	E	E	L	-	-	-	-	-	-	-	E	L	N	N	-	-	D
-	-	D	L	L	-	-	E	L	-	-	E	E	E	L	-	-	D	D	D	L	-	-	D	L	-	-	-
L	L	L	L	L	-	-	D	D	-	-	E	D	-	-	L	L	-	-	E	E	E	D	-	-	-	-	-
D	D	D	L	L	-	-	-	-	N	N	-	-	-	-	-	D	L	L	-	-	L	L	N	-	-	-	L
-	-	D	D	D	-	-	E	E	E	E	E	-	-	-	E	D	-	-	E	E	D	-	-	-	E	E	D
D	D	N	N	-	-	-	-	-	E	E	N	N	N	-	-	E	E	E	D	-	-	E	D	-	-	-	-
-	-	-	-	E	E	E	D	D	-	-	-	E	E	-	-	E	D	D	-	-	E	E	E	E	E	-	-
-	-	L	L	L	L	N	-	-	-	-	-	L	L	L	N	-	-	-	-	-	E	D	D	D	N	-	-
E	L	-	-	D	D	N	-	-	D	D	L	-	-	-	E	L	-	-	-	E	E	E	E	L	-	-	-
E	L	-	-	D	N	N	-	-	L	L	-	-	D	L	-	-	E	N	-	-	-	-	E	D	L	-	-
-	-	-	-	-	L	L	N	N	-	-	-	-	-	-	L	L	N	-	-	-	E	E	L	L	-	-	-
E	E	E	L	-	-	-	-	-	E	N	N	N	-	-	-	-	L	L	-	-	-	E	L	-	-	-	-
L	L	L	-	-	-	-	-	-	L	L	L	-	-	-	D	N	N	N	-	-	-	-	-	-	-	L	N
E	E	D	N	-	-	-	L	L	N	N	-	-	-	E	E	-	-	-	D	N	-	-	-	-	-	-	-
L	N	N	-	-	-	-	-	E	L	-	-	-	-	D	N	N	-	-	-	E	L	L	L	-	-	-	-
D	N	-	-	-	-	-	-	E	D	-	-	D	D	D	D	-	-	-	-	-	-	-	-	E	D	N	N
-	-	-	-	-	-	D	D	-	-	-	D	-	-	D	D	-	-	D	-	-	D	-	-	-	-	D	L
E	-	-	-	-	-	E	-	-	-	-	-	E	E	-	-	-	L	-	-	D	L	L	-	-	L	-	-
-	-	-	-	N	-	-	-	-	E	E	E	D	D	-	-	-	-	-	D	-	-	N	-	-	E	D	D
L	L	L	-	-	-	-	-	N	N	-	-	-	-	-	-	-	L	L	-	-	-	-	D	-	-	-	D
L	-	-	-	-	-	E	D	D	D	-	-	-	L	-	-	-	-	-	-	E	-	-	-	L	L	-	-
N	-	-	-	N	N	-	-	-	-	-	-	E	E	-	-	-	-	-	D	D	D	-	-	-	-	-	-
-	-	L	L	-	-	-	L	L	L	-	-	-	-	-	-	-	L	L	L	L	L	-	-	-	-	-	-
-	-	-	D	L	-	-	L	N	-	-	-	-	-	-	-	-	-	N	N	-	-	-	E	E	-	-	-
-	-	D	D	-	-	-	-	-	-	N	-	-	-	E	-	-	E	D	-	-	-	-	-	D	D	L	-
D	D	D	D	-	-	-	-	-	-	E	-	-	-	E	-	-	-	-	-	-	-	-	E	E	-	-	D
-	-	-	-	-	-	-	-	-	-	-	L	-	L	-	-	-	-	L	L	N	-	-	-	-	-	-	-
-	D	-	-	-	-	-	-	-	-	-	-	-	-	-	-	-	-	D	-	D	D	-	-	N	N	-	-
D	-	-	-	-	-	D	-	-	-	-	-	L	-	-	-	-	-	-	L	-	-	-	-	-	N	-	-
-	D	-	-	E	E	D	N	-	-	-	-	-	-	-	-	-	-	-	-	-	-	-	-	-	-	N	-
-	-	-	E	-	-	-	-	-	-	-	D	-	-	-	-	-	-	-	-	-	-	-	-	E	E	D	-
-	-	-	-	-	E	L	-	-	-	-	-	-	-	-	-	-	-	-	-	D	-	D	L	-	-	-	-
L	-	-	-	-	-	D	-	-	-	-	-	-	-	-	-	-	-	-	-	-	E	L	-	D	L	-	-
N	-	-	E	-	-	-	-	-	-	L	-	-	-	-	-	E	-	-	-	L	-	-	-	-	-	-	-
-	-	-	-	-	-	-	-	-	-	-	-	-	-	-	-	-	-	-	-	-	D	D	D	-	D	D	L
-	-	-	-	-	-	-	-	-	-	-	-	-	N	-	L	L	-	-	N	-	-	-	L	L	-	-	-
Objective 0: 7427
Objective 1: 192
Constr violation: 0
Restrictions violated:
0 0 0 0 0 0 0 0 

