Individual 0
1	2	3	4	5	6	7	8	9	10	11	12	13	14	15	16	17	18	19	20	21	22	23	24	25	26	27	28
D	D	D	D	-	-	-	E	L	L	L	L	-	-	-	-	D	N	-	-	-	-	-	E	E	N	N	N
D	D	L	L	L	-	-	-	-	-	-	-	-	-	D	D	D	D	D	-	-	-	-	E	E	E	D	D
L	L	L	L	L	-	-	L	L	L	L	-	-	E	E	E	-	-	D	D	D	D	D	-	-	-	-	-
D	L	-	-	-	L	L	N	N	N	-	-	-	-	-	D	D	L	L	-	-	-	-	L	L	L	L	N
D	D	D	D	D	-	-	-	-	E	E	E	E	D	-	-	-	-	-	-	-	E	E	-	-	E	E	E
D	D	D	N	-	-	-	-	E	E	E	N	-	-	-	-	E	E	E	E	N	-	-	-	-	E	E	D
-	-	-	-	-	E	E	E	E	E	-	-	-	E	E	E	D	D	-	-	-	E	E	D	D	D	-	-
-	-	-	-	E	D	D	L	N	-	-	-	-	-	L	N	N	N	-	-	L	L	L	L	N	-	-	-
E	E	E	E	N	-	-	-	-	-	E	E	E	E	N	-	-	-	-	D	D	D	N	-	-	-	-	-
L	N	N	-	-	-	-	-	E	L	L	L	L	-	-	-	L	L	L	L	-	-	-	E	D	N	-	-
-	-	L	L	N	N	-	-	-	E	E	L	-	-	-	-	-	-	-	-	E	E	E	L	-	-	-	-
-	-	E	L	L	-	-	-	-	-	-	-	-	-	-	-	-	L	L	L	N	-	-	-	E	E	E	L
L	L	L	L	-	-	-	-	-	-	-	-	-	-	-	-	D	D	D	D	-	-	-	-	L	L	N	N
D	D	L	-	-	-	-	D	D	D	N	-	-	-	-	-	-	E	N	N	N	-	-	-	-	-	-	-
L	N	-	-	-	-	D	D	D	N	-	-	-	-	-	N	N	-	-	-	-	-	-	-	E	D	D	L
E	E	E	E	-	-	-	-	-	-	-	-	-	E	E	E	E	-	-	-	E	E	N	N	-	-	-	-
-	-	-	-	-	-	-	D	-	-	L	L	L	L	-	-	-	L	L	L	L	L	-	-	-	-	-	-
-	-	-	E	E	N	N	N	-	-	-	-	-	-	-	-	-	-	-	-	-	L	L	L	L	L	-	-
-	-	-	-	-	E	-	-	D	D	D	D	N	-	-	-	-	-	-	-	-	-	-	-	E	D	D	D
-	-	-	-	-	-	-	-	-	-	-	D	D	L	L	L	-	-	-	-	-	D	N	N	N	-	-	-
-	-	-	-	-	-	-	-	-	-	-	D	-	-	-	-	-	E	E	E	E	-	-	E	D	L	L	L
-	-	-	D	D	D	D	D	-	-	-	-	E	D	N	N	N	-	-	-	-	-	-	-	-	-	-	-
-	L	L	L	L	L	-	-	-	-	-	-	-	-	-	-	-	-	-	L	L	L	L	-	-	-	-	L
-	-	-	-	-	L	L	L	L	-	-	L	N	N	N	-	-	-	-	-	-	-	-	-	-	-	D	D
-	-	-	-	-	-	-	-	-	-	-	-	-	D	D	L	L	L	-	-	-	E	D	D	D	L	-	-
-	D	D	D	D	-	-	-	-	-	-	-	-	-	-	-	-	-	-	-	-	-	-	D	D	D	D	D
-	-	-	-	-	-	-	-	-	-	N	-	L	L	L	L	L	-	-	-	-	-	-	-	-	-	-	-
-	-	-	-	-	-	-	-	-	-	N	-	-	-	-	-	-	-	D	D	D	D	N	-	-	-	-	-
-	-	-	-	-	-	-	-	-	-	-	-	-	-	-	-	-	-	L	-	-	-	D	D	D	N	N	-
-	-	-	-	-	-	E	E	D	-	-	-	-	-	-	-	-	-	D	D	D	D	-	-	-	-	-	-
-	E	-	-	-	-	E	E	L	L	N	-	-	-	-	-	-	-	-	-	-	-	-	-	-	-	-	-
-	-	-	-	-	-	D	L	-	-	-	-	-	-	-	-	-	-	E	E	E	L	L	-	-	-	-	-
-	-	-	-	-	-	-	-	-	-	-	E	E	-	-	-	-	-	-	-	E	E	E	D	L	-	-	-
-	-	E	-	-	-	-	-	-	-	-	E	E	-	-	-	-	-	N	-	-	-	-	-	-	E	N	-
-	-	-	D	-	-	-	-	D	D	D	D	D	-	-	-	-	-	-	-	-	-	-	-	-	-	-	-
-	-	-	E	E	E	L	-	-	-	-	-	-	-	-	L	-	-	-	-	-	-	-	L	L	-	-	-
Objective 0: 4216
Objective 1: 79
Constr violation: 0
Restrictions violated:
0 0 0 0 0 0 0 0 

Individual 1
1	2	3	4	5	6	7	8	9	10	11	12	13	14	15	16	17	18	19	20	21	22	23	24	25	26	27	28
D	D	D	D	-	-	-	E	L	L	L	L	-	-	-	-	D	N	-	-	-	-	-	E	E	N	N	N
-	-	E	E	D	L	L	-	-	-	-	-	-	-	D	D	D	D	D	-	-	-	-	E	E	E	D	D
L	L	L	L	L	-	-	L	L	L	L	-	-	E	E	E	-	-	D	D	D	D	D	-	-	-	-	-
D	L	-	-	-	L	L	N	N	N	-	-	-	-	-	D	D	L	L	-	-	-	-	L	L	L	L	N
D	D	D	D	D	-	-	-	-	E	E	E	E	D	-	-	-	-	-	-	-	E	E	-	-	E	E	E
D	D	D	N	-	-	-	-	E	E	E	N	-	-	-	-	E	E	E	E	N	-	-	-	-	E	E	D
-	-	-	-	-	E	E	E	E	E	-	-	-	E	E	E	D	D	-	-	-	E	E	D	D	D	-	-
-	-	-	-	E	D	D	L	N	-	-	-	-	-	L	N	N	N	-	-	L	L	L	L	N	-	-	-
E	E	E	E	N	-	-	-	-	-	E	E	E	E	N	-	-	-	-	D	D	D	N	-	-	-	-	-
L	N	N	-	-	-	-	-	E	L	L	L	L	-	-	-	L	L	L	L	-	-	-	E	D	N	-	-
-	-	L	L	N	N	-	-	-	E	E	L	-	-	-	E	L	-	-	-	E	E	E	L	-	-	-	-
-	-	E	L	L	-	-	-	-	-	-	-	-	-	-	-	-	L	L	L	N	-	-	-	E	E	E	L
L	L	L	L	-	-	-	-	-	-	-	-	-	-	-	D	D	D	N	-	-	-	-	-	L	L	N	N
D	D	L	-	-	-	-	D	D	D	N	-	-	-	-	-	-	E	N	N	N	-	-	-	-	-	-	-
L	N	-	-	-	-	D	D	D	N	-	-	-	-	-	N	N	-	-	-	-	-	-	-	E	D	D	L
E	D	D	D	-	-	-	-	-	-	-	-	-	E	E	E	E	-	-	-	E	E	N	N	-	-	-	-
-	-	-	-	-	-	-	D	-	-	L	L	L	L	-	-	-	L	L	L	L	L	-	-	-	-	-	-
-	-	-	E	E	N	N	N	-	-	-	-	-	-	-	-	-	-	-	-	-	L	L	L	L	L	-	-
-	-	-	-	-	E	-	-	D	D	D	D	N	-	-	-	-	-	-	-	-	-	-	-	E	D	D	D
-	-	-	-	-	-	-	-	-	-	-	D	D	L	L	L	-	-	-	-	-	D	N	N	N	-	-	-
-	-	-	-	-	-	-	-	-	-	-	D	-	-	-	-	-	E	E	E	E	-	-	E	D	L	L	L
-	-	-	E	E	E	D	D	-	-	-	-	E	D	N	N	N	-	-	-	-	-	-	-	-	-	-	-
-	L	L	L	L	L	-	-	-	-	-	-	-	-	-	-	-	-	-	L	L	L	L	-	-	-	-	L
-	-	-	-	L	L	L	L	-	-	-	L	N	N	N	-	-	-	-	-	-	-	-	-	-	-	D	D
-	-	-	-	-	-	-	-	-	-	-	-	-	D	D	L	L	L	-	-	-	E	D	D	D	L	-	-
-	D	D	D	D	D	-	-	-	-	-	-	-	-	-	-	-	-	-	-	-	-	-	D	D	D	D	D
-	-	-	-	-	-	-	-	-	-	N	-	L	L	L	L	L	-	-	-	-	-	-	-	-	-	-	-
-	-	-	-	-	-	-	-	-	-	N	-	-	-	-	-	-	-	D	D	D	D	N	-	-	-	-	-
-	-	-	-	-	-	-	-	-	-	-	-	-	-	-	-	-	-	L	-	-	-	D	D	D	N	N	-
-	-	-	-	-	-	-	-	N	N	-	-	-	-	-	-	-	-	D	D	D	D	-	-	-	-	-	-
-	E	-	-	-	-	E	E	L	L	N	-	-	-	-	-	-	-	-	-	-	-	-	-	-	-	-	-
-	-	-	-	-	-	D	L	-	-	-	-	-	-	-	-	-	-	E	E	E	L	L	-	-	-	-	-
-	-	-	-	-	-	-	-	-	-	-	E	E	-	-	-	-	-	-	-	E	E	E	D	L	-	-	-
-	-	E	-	-	-	-	-	-	-	-	E	E	-	-	-	-	-	N	-	-	-	-	-	-	E	N	-
-	-	-	D	-	-	-	-	D	D	D	D	D	-	-	-	-	-	-	-	-	-	-	-	-	-	-	-
-	-	-	E	E	E	L	-	-	-	-	-	-	-	-	L	-	-	-	-	-	-	-	L	L	-	-	-
Objective 0: 3410
Objective 1: 90
Constr violation: 0
Restrictions violated:
0 0 0 0 0 0 0 0 

Individual 2
1	2	3	4	5	6	7	8	9	10	11	12	13	14	15	16	17	18	19	20	21	22	23	24	25	26	27	28
D	D	D	D	-	-	-	E	L	L	L	L	-	-	-	-	D	N	-	-	-	-	-	E	E	N	N	N
-	D	D	D	L	L	-	-	-	-	-	-	-	-	D	D	D	D	D	-	-	-	-	E	E	E	D	D
L	L	L	L	L	-	-	L	L	L	L	-	-	E	E	E	-	-	D	D	D	D	D	-	-	-	-	-
D	L	-	-	-	L	L	N	N	N	-	-	-	-	-	D	D	L	L	-	-	-	-	L	L	L	L	N
D	D	D	D	D	-	-	-	-	E	E	E	E	D	-	-	-	-	-	-	-	E	E	-	-	E	E	E
D	D	D	N	-	-	-	-	E	E	E	N	-	-	-	-	E	E	E	E	N	-	-	-	-	E	E	D
-	-	-	-	-	E	E	E	E	E	-	-	-	E	E	E	D	D	-	-	-	E	E	D	D	D	-	-
-	-	-	-	E	D	D	L	N	-	-	-	-	-	L	N	N	N	-	-	L	L	L	L	N	-	-	-
E	E	E	E	N	-	-	-	-	-	E	E	E	E	N	-	-	-	-	D	D	D	N	-	-	-	-	-
L	N	N	-	-	-	-	-	E	L	L	L	L	-	-	-	L	L	L	L	-	-	-	E	D	N	-	-
-	-	L	L	N	N	-	-	-	E	E	L	-	-	-	E	L	-	-	-	E	E	E	L	-	-	-	-
-	-	E	L	L	-	-	-	-	-	-	-	-	-	-	-	-	L	L	L	N	-	-	-	E	E	E	L
L	L	L	L	-	-	-	-	-	-	-	-	-	-	-	D	D	D	N	-	-	-	-	-	L	L	N	N
D	D	L	-	-	-	-	D	D	D	N	-	-	-	-	-	-	E	N	N	N	-	-	-	-	-	-	-
L	N	-	-	-	-	D	D	D	N	-	-	-	-	-	N	N	-	-	-	-	-	-	-	E	D	D	L
E	E	E	E	-	-	-	-	-	-	-	-	-	E	E	E	E	-	-	-	E	E	N	N	-	-	-	-
-	-	-	-	-	-	-	D	-	-	L	L	L	L	-	-	-	L	L	L	L	L	-	-	-	-	-	-
-	-	-	E	E	N	N	N	-	-	-	-	-	-	-	-	-	-	-	-	-	L	L	L	L	L	-	-
-	-	-	-	-	E	-	-	D	D	D	D	N	-	-	-	-	-	-	-	-	-	-	-	E	D	D	D
-	-	-	-	-	-	-	-	-	-	-	D	D	L	L	L	-	-	-	-	-	D	N	N	N	-	-	-
-	-	-	-	-	-	-	-	-	-	-	D	-	-	-	-	-	E	E	E	E	-	-	E	D	L	L	L
-	-	-	D	D	D	D	D	-	-	-	-	E	D	N	N	N	-	-	-	-	-	-	-	-	-	-	-
-	L	L	L	L	L	-	-	-	-	-	-	-	-	-	-	-	-	-	L	L	L	L	-	-	-	-	L
-	-	-	-	-	L	L	L	L	-	-	L	N	N	N	-	-	-	-	-	-	-	-	-	-	-	D	D
-	-	-	-	-	-	-	-	-	-	-	-	-	D	D	L	L	L	-	-	-	E	D	D	D	L	-	-
-	D	D	D	D	-	-	-	-	-	-	-	-	-	-	-	-	-	-	-	-	-	-	D	D	D	D	D
-	-	-	-	-	-	-	-	-	-	N	-	L	L	L	L	L	-	-	-	-	-	-	-	-	-	-	-
-	-	-	-	-	-	-	-	-	-	N	-	-	-	-	-	-	-	D	D	D	D	N	-	-	-	-	-
-	-	-	-	-	-	-	-	-	-	-	-	-	-	-	-	-	-	L	-	-	-	D	D	D	N	N	-
-	-	-	-	-	-	-	-	N	N	-	-	-	-	-	-	-	-	D	D	D	D	-	-	-	-	-	-
-	E	-	-	-	-	E	E	L	L	N	-	-	-	-	-	-	-	-	-	-	-	-	-	-	-	-	-
-	-	-	-	-	-	D	L	-	-	-	-	-	-	-	-	-	-	E	E	E	L	L	-	-	-	-	-
-	-	-	-	-	-	-	-	-	-	-	E	E	-	-	-	-	-	-	-	E	E	E	D	L	-	-	-
-	-	E	-	-	-	-	-	-	-	-	E	E	-	-	-	-	-	N	-	-	-	-	-	-	E	N	-
-	-	-	D	-	-	-	-	D	D	D	D	D	-	-	-	-	-	-	-	-	-	-	-	-	-	-	-
-	-	-	E	E	E	L	-	-	-	-	-	-	-	-	L	-	-	-	-	-	-	-	L	L	-	-	-
Objective 0: 3611
Objective 1: 85
Constr violation: 0
Restrictions violated:
0 0 0 0 0 0 0 0 

Individual 3
1	2	3	4	5	6	7	8	9	10	11	12	13	14	15	16	17	18	19	20	21	22	23	24	25	26	27	28
D	D	D	D	-	-	-	E	L	L	L	L	-	-	-	-	D	N	-	-	-	-	-	E	E	N	N	N
D	D	L	L	L	-	-	-	-	-	-	-	-	-	D	D	D	D	D	-	-	-	-	E	E	E	D	D
L	L	L	L	L	-	-	L	L	L	L	-	-	E	E	E	-	-	D	D	D	D	D	-	-	-	-	-
D	L	-	-	-	L	L	N	N	N	-	-	-	-	-	D	D	L	L	-	-	-	-	L	L	L	L	N
D	D	D	D	D	-	-	-	-	E	E	E	E	D	-	-	-	-	-	-	-	E	E	-	-	E	E	E
D	D	D	N	-	-	-	-	E	E	E	N	-	-	-	-	E	E	E	E	N	-	-	-	-	E	E	D
-	-	-	-	-	E	E	E	E	E	-	-	-	E	E	E	D	D	-	-	-	E	E	D	D	D	-	-
-	-	-	-	E	D	D	L	N	-	-	-	-	-	L	N	N	N	-	-	L	L	L	L	N	-	-	-
E	E	E	E	N	-	-	-	-	-	E	E	E	E	N	-	-	-	-	D	D	D	N	-	-	-	-	-
L	N	N	-	-	-	-	-	E	L	L	L	L	-	-	-	L	L	L	L	-	-	-	E	D	N	-	-
-	-	L	L	N	N	-	-	-	E	E	L	-	-	-	-	-	-	-	-	E	E	E	L	-	-	-	-
-	-	E	L	L	-	-	-	-	-	-	-	-	-	-	-	-	L	L	L	N	-	-	-	E	E	E	L
L	L	L	L	-	-	-	-	-	-	-	-	-	-	-	D	D	D	N	-	-	-	-	-	L	L	N	N
D	D	L	-	-	-	-	D	D	D	N	-	-	-	-	-	-	E	N	N	N	-	-	-	-	-	-	-
L	N	-	-	-	-	D	D	D	N	-	-	-	-	-	N	N	-	-	-	-	-	-	-	E	D	D	L
E	E	E	E	-	-	-	-	-	-	-	-	-	E	E	E	E	-	-	-	E	E	N	N	-	-	-	-
-	-	-	-	-	-	-	D	-	-	L	L	L	L	-	-	-	L	L	L	L	L	-	-	-	-	-	-
-	-	-	E	E	N	N	N	-	-	-	-	-	-	-	-	-	-	-	-	-	L	L	L	L	L	-	-
-	-	-	-	-	E	-	-	D	D	D	D	N	-	-	-	-	-	-	-	-	-	-	-	E	D	D	D
-	-	-	-	-	-	-	-	-	-	-	D	D	L	L	L	-	-	-	-	-	D	N	N	N	-	-	-
-	-	-	-	-	-	-	-	-	-	-	D	-	-	-	-	-	E	E	E	E	-	-	E	D	L	L	L
-	-	-	D	D	D	D	D	-	-	-	-	E	D	N	N	N	-	-	-	-	-	-	-	-	-	-	-
-	L	L	L	L	L	-	-	-	-	-	-	-	-	-	-	-	-	-	L	L	L	L	-	-	-	-	L
-	-	-	-	-	L	L	L	L	-	-	L	N	N	N	-	-	-	-	-	-	-	-	-	-	-	D	D
-	-	-	-	-	-	-	-	-	-	-	-	-	D	D	L	L	L	-	-	-	E	D	D	D	L	-	-
-	D	D	D	D	-	-	-	-	-	-	-	-	-	-	-	-	-	-	-	-	-	-	D	D	D	D	D
-	-	-	-	-	-	-	-	-	-	N	-	L	L	L	L	L	-	-	-	-	-	-	-	-	-	-	-
-	-	-	-	-	-	-	-	-	-	N	-	-	-	-	-	-	-	D	D	D	D	N	-	-	-	-	-
-	-	-	-	-	-	-	-	-	-	-	-	-	-	-	-	-	-	L	-	-	-	D	D	D	N	N	-
-	-	-	-	-	-	E	E	D	-	-	-	-	-	-	-	-	-	D	D	D	D	-	-	-	-	-	-
-	E	-	-	-	-	E	E	L	L	N	-	-	-	-	-	-	-	-	-	-	-	-	-	-	-	-	-
-	-	-	-	-	-	D	L	-	-	-	-	-	-	-	-	-	-	E	E	E	L	L	-	-	-	-	-
-	-	-	-	-	-	-	-	-	-	-	E	E	-	-	-	-	-	-	-	E	E	E	D	L	-	-	-
-	-	E	-	-	-	-	-	-	-	-	E	E	-	-	-	-	-	N	-	-	-	-	-	-	E	N	-
-	-	-	D	-	-	-	-	D	D	D	D	D	-	-	-	-	-	-	-	-	-	-	-	-	-	-	-
-	-	-	E	E	E	L	-	-	-	-	-	-	-	-	L	-	-	-	-	-	-	-	L	L	-	-	-
Objective 0: 4014
Objective 1: 81
Constr violation: 0
Restrictions violated:
0 0 0 0 0 0 0 0 

Individual 4
1	2	3	4	5	6	7	8	9	10	11	12	13	14	15	16	17	18	19	20	21	22	23	24	25	26	27	28
D	D	D	D	-	-	-	E	L	L	L	L	-	-	-	-	D	N	-	-	-	-	-	E	E	N	N	N
D	D	L	L	L	-	-	-	-	-	-	-	-	-	D	D	D	D	D	-	-	-	-	E	E	E	D	D
L	L	L	L	L	-	-	L	L	L	L	-	-	E	E	E	-	-	D	D	D	D	D	-	-	-	-	-
D	L	-	-	-	L	L	N	N	N	-	-	-	-	-	D	D	L	L	-	-	-	-	L	L	L	L	N
D	D	D	D	D	-	-	-	-	E	E	E	E	D	-	-	-	-	-	-	-	E	E	-	-	E	E	E
D	D	D	N	-	-	-	-	E	E	E	N	-	-	-	-	E	E	E	E	N	-	-	-	-	E	E	D
-	-	-	-	-	E	E	E	E	E	-	-	-	E	E	E	D	D	-	-	-	E	E	D	D	D	-	-
-	-	-	-	E	D	D	L	N	-	-	-	-	-	L	N	N	N	-	-	L	L	L	L	N	-	-	-
E	E	E	E	N	-	-	-	-	-	E	E	E	E	N	-	-	-	-	D	D	D	N	-	-	-	-	-
L	N	N	-	-	-	-	-	E	L	L	L	L	-	-	-	L	L	L	L	-	-	-	E	D	N	-	-
-	-	L	L	N	N	-	-	-	E	E	L	-	-	-	E	L	-	-	-	E	E	E	L	-	-	-	-
-	-	E	L	L	-	-	-	-	-	-	-	-	-	-	-	-	L	L	L	N	-	-	-	E	E	E	L
L	L	L	L	-	-	-	-	-	-	-	-	-	-	-	-	D	D	D	D	-	-	-	-	L	L	N	N
D	D	L	-	-	-	-	D	D	D	N	-	-	-	-	-	-	E	N	N	N	-	-	-	-	-	-	-
L	N	-	-	-	-	D	D	D	N	-	-	-	-	-	N	N	-	-	-	-	-	-	-	E	D	D	L
E	E	E	E	-	-	-	-	-	-	-	-	-	E	E	E	E	-	-	-	E	E	N	N	-	-	-	-
-	-	-	-	-	-	-	D	-	-	L	L	L	L	-	-	-	L	L	L	L	L	-	-	-	-	-	-
-	-	-	E	E	N	N	N	-	-	-	-	-	-	-	-	-	-	-	-	-	L	L	L	L	L	-	-
-	-	-	-	-	E	-	-	D	D	D	D	N	-	-	-	-	-	-	-	-	-	-	-	E	D	D	D
-	-	-	-	-	-	-	-	-	-	-	D	D	L	L	L	-	-	-	-	-	D	N	N	N	-	-	-
-	-	-	-	-	-	-	-	-	-	-	D	-	-	-	-	-	E	E	E	E	-	-	E	D	L	L	L
-	-	-	D	D	D	D	D	-	-	-	-	E	D	N	N	N	-	-	-	-	-	-	-	-	-	-	-
-	L	L	L	L	L	-	-	-	-	-	-	-	-	-	-	-	-	-	L	L	L	L	-	-	-	-	L
-	-	-	-	-	L	L	L	L	-	-	L	N	N	N	-	-	-	-	-	-	-	-	-	-	-	D	D
-	-	-	-	-	-	-	-	-	-	-	-	-	D	D	L	L	L	-	-	-	E	D	D	D	L	-	-
-	D	D	D	D	-	-	-	-	-	-	-	-	-	-	-	-	-	-	-	-	-	-	D	D	D	D	D
-	-	-	-	-	-	-	-	-	-	N	-	L	L	L	L	L	-	-	-	-	-	-	-	-	-	-	-
-	-	-	-	-	-	-	-	-	-	N	-	-	-	-	-	-	-	D	D	D	D	N	-	-	-	-	-
-	-	-	-	-	-	-	-	-	-	-	-	-	-	-	-	-	-	L	-	-	-	D	D	D	N	N	-
-	-	-	-	-	-	E	E	D	-	-	-	-	-	-	-	-	-	D	D	D	D	-	-	-	-	-	-
-	E	-	-	-	-	E	E	L	L	N	-	-	-	-	-	-	-	-	-	-	-	-	-	-	-	-	-
-	-	-	-	-	-	D	L	-	-	-	-	-	-	-	-	-	-	E	E	E	L	L	-	-	-	-	-
-	-	-	-	-	-	-	-	-	-	-	E	E	-	-	-	-	-	-	-	E	E	E	D	L	-	-	-
-	-	E	-	-	-	-	-	-	-	-	E	E	-	-	-	-	-	N	-	-	-	-	-	-	E	N	-
-	-	-	D	-	-	-	-	D	D	D	D	D	-	-	-	-	-	-	-	-	-	-	-	-	-	-	-
-	-	-	E	E	E	L	-	-	-	-	-	-	-	-	L	-	-	-	-	-	-	-	L	L	-	-	-
Objective 0: 4016
Objective 1: 80
Constr violation: 0
Restrictions violated:
0 0 0 0 0 0 0 0 

Individual 5
1	2	3	4	5	6	7	8	9	10	11	12	13	14	15	16	17	18	19	20	21	22	23	24	25	26	27	28
D	D	D	D	-	-	-	E	L	L	L	L	-	-	-	-	D	N	-	-	-	-	-	E	E	N	N	N
D	D	L	L	L	-	-	-	-	-	-	-	-	-	D	D	D	D	D	-	-	-	-	E	E	E	D	D
L	L	L	L	L	-	-	L	L	L	L	-	-	E	E	E	-	-	D	D	D	D	D	-	-	-	-	-
D	L	-	-	-	L	L	N	N	N	-	-	-	-	-	D	D	L	L	-	-	-	-	L	L	L	L	N
D	D	D	D	D	-	-	-	-	E	E	E	E	D	-	-	-	-	-	-	-	E	E	-	-	E	E	E
D	D	D	N	-	-	-	-	E	E	E	N	-	-	-	-	E	E	E	E	N	-	-	-	-	E	E	D
-	-	-	-	-	E	E	E	E	E	-	-	-	E	E	E	D	D	-	-	-	E	E	D	D	D	-	-
-	-	-	-	E	D	D	L	N	-	-	-	-	-	L	N	N	N	-	-	L	L	L	L	N	-	-	-
E	E	E	E	N	-	-	-	-	-	E	E	E	E	N	-	-	-	-	D	D	D	N	-	-	-	-	-
L	N	N	-	-	-	-	-	E	L	L	L	L	-	-	-	L	L	L	L	-	-	-	E	D	N	-	-
-	-	L	L	N	N	-	-	-	E	E	L	-	-	-	E	L	-	-	-	E	E	E	L	-	-	-	-
-	-	E	L	L	-	-	-	-	-	-	-	-	-	-	-	-	L	L	L	N	-	-	-	E	E	E	L
L	L	L	L	-	-	-	-	-	-	-	-	-	-	-	D	D	D	N	-	-	-	-	-	L	L	N	N
D	D	L	-	-	-	-	D	D	D	N	-	-	-	-	-	-	E	N	N	N	-	-	-	-	-	-	-
L	N	-	-	-	-	D	D	D	N	-	-	-	-	-	N	N	-	-	-	-	-	-	-	E	D	D	L
E	E	E	E	-	-	-	-	-	-	-	-	-	E	E	E	E	-	-	-	E	E	N	N	-	-	-	-
-	-	-	-	-	-	-	D	-	-	L	L	L	L	-	-	-	L	L	L	L	L	-	-	-	-	-	-
-	-	-	E	E	N	N	N	-	-	-	-	-	-	-	-	-	-	-	-	-	L	L	L	L	L	-	-
-	-	-	-	-	E	-	-	D	D	D	D	N	-	-	-	-	-	-	-	-	-	-	-	E	D	D	D
-	-	-	-	-	-	-	-	-	-	-	D	D	L	L	L	-	-	-	-	-	D	N	N	N	-	-	-
-	-	-	-	-	-	-	-	-	-	-	D	-	-	-	-	-	E	E	E	E	-	-	E	D	L	L	L
-	-	-	D	D	D	D	D	-	-	-	-	E	D	N	N	N	-	-	-	-	-	-	-	-	-	-	-
-	L	L	L	L	L	-	-	-	-	-	-	-	-	-	-	-	-	-	L	L	L	L	-	-	-	-	L
-	-	-	-	-	L	L	L	L	-	-	L	N	N	N	-	-	-	-	-	-	-	-	-	-	-	D	D
-	-	-	-	-	-	-	-	-	-	-	-	-	D	D	L	L	L	-	-	-	E	D	D	D	L	-	-
-	D	D	D	D	-	-	-	-	-	-	-	-	-	-	-	-	-	-	-	-	-	-	D	D	D	D	D
-	-	-	-	-	-	-	-	-	-	N	-	L	L	L	L	L	-	-	-	-	-	-	-	-	-	-	-
-	-	-	-	-	-	-	-	-	-	N	-	-	-	-	-	-	-	D	D	D	D	N	-	-	-	-	-
-	-	-	-	-	-	-	-	-	-	-	-	-	-	-	-	-	-	L	-	-	-	D	D	D	N	N	-
-	-	-	-	-	-	E	E	D	-	-	-	-	-	-	-	-	-	D	D	D	D	-	-	-	-	-	-
-	E	-	-	-	-	E	E	L	L	N	-	-	-	-	-	-	-	-	-	-	-	-	-	-	-	-	-
-	-	-	-	-	-	D	L	-	-	-	-	-	-	-	-	-	-	E	E	E	L	L	-	-	-	-	-
-	-	-	-	-	-	-	-	-	-	-	E	E	-	-	-	-	-	-	-	E	E	E	D	L	-	-	-
-	-	E	-	-	-	-	-	-	-	-	E	E	-	-	-	-	-	N	-	-	-	-	-	-	E	N	-
-	-	-	D	-	-	-	-	D	D	D	D	D	-	-	-	-	-	-	-	-	-	-	-	-	-	-	-
-	-	-	E	E	E	L	-	-	-	-	-	-	-	-	L	-	-	-	-	-	-	-	L	L	-	-	-
Objective 0: 3814
Objective 1: 82
Constr violation: 0
Restrictions violated:
0 0 0 0 0 0 0 0 

Individual 6
1	2	3	4	5	6	7	8	9	10	11	12	13	14	15	16	17	18	19	20	21	22	23	24	25	26	27	28
D	D	D	D	-	-	-	E	L	L	L	L	-	-	-	-	D	N	-	-	-	-	-	E	E	N	N	N
D	D	L	L	L	-	-	-	-	-	-	-	-	-	D	D	D	D	D	-	-	-	-	E	E	E	D	D
L	L	L	L	L	-	-	L	L	L	L	-	-	E	E	E	-	-	D	D	D	D	D	-	-	-	-	-
D	L	-	-	-	L	L	N	N	N	-	-	-	-	-	D	D	L	L	-	-	-	-	L	L	L	L	N
D	D	D	D	D	-	-	-	-	E	E	E	E	D	-	-	-	-	-	-	-	E	E	-	-	E	E	E
D	D	D	N	-	-	-	-	E	E	E	N	-	-	-	-	E	E	E	E	N	-	-	-	-	E	E	D
-	-	-	-	-	E	E	E	E	E	-	-	-	E	E	E	D	D	-	-	-	E	E	D	D	D	-	-
-	-	-	-	E	D	D	L	N	-	-	-	-	-	L	N	N	N	-	-	L	L	L	L	N	-	-	-
E	E	E	E	N	-	-	-	-	-	E	E	E	E	N	-	-	-	-	D	D	D	N	-	-	-	-	-
L	N	N	-	-	-	-	-	E	L	L	L	L	-	-	-	L	L	L	L	-	-	-	E	D	N	-	-
-	-	L	L	N	N	-	-	-	E	E	L	-	-	-	E	L	-	-	-	E	E	E	L	-	-	-	-
-	-	E	L	L	-	-	-	-	-	-	-	-	-	-	-	-	L	L	L	N	-	-	-	E	E	E	L
L	L	L	L	-	-	-	-	-	-	-	-	-	-	-	D	D	D	N	-	-	-	-	-	L	L	N	N
D	D	L	-	-	-	-	D	D	D	N	-	-	-	-	-	-	E	N	N	N	-	-	-	-	-	-	-
L	N	-	-	-	-	D	D	D	N	-	-	-	-	-	N	N	-	-	-	-	-	-	-	E	D	D	L
E	E	E	E	-	-	-	-	-	-	-	-	-	E	E	E	E	-	-	-	E	E	N	N	-	-	-	-
-	-	-	-	-	-	-	D	-	-	L	L	L	L	-	-	-	L	L	L	L	L	-	-	-	-	-	-
-	-	-	E	E	N	N	N	-	-	-	-	-	-	-	-	-	-	-	-	-	L	L	L	L	L	-	-
-	-	-	-	-	E	-	-	D	D	D	D	N	-	-	-	-	-	-	-	-	-	-	-	E	D	D	D
-	-	-	-	-	-	-	-	-	-	-	D	D	L	L	L	-	-	-	-	-	D	N	N	N	-	-	-
-	-	-	-	-	-	-	-	-	-	-	D	-	-	-	-	-	E	E	E	E	-	-	E	D	L	L	L
-	-	-	D	D	D	D	D	-	-	-	-	E	D	N	N	N	-	-	-	-	-	-	-	-	-	-	-
-	L	L	L	L	L	-	-	-	-	-	-	-	-	-	-	-	-	-	L	L	L	L	-	-	-	-	L
-	-	-	-	-	L	L	L	L	-	-	L	N	N	N	-	-	-	-	-	-	-	-	-	-	-	D	D
-	-	-	-	-	-	-	-	-	-	-	-	-	D	D	L	L	L	-	-	-	E	D	D	D	L	-	-
-	D	D	D	D	-	-	-	-	-	-	-	-	-	-	-	-	-	-	-	-	-	-	D	D	D	D	D
-	-	-	-	-	-	-	-	-	-	N	-	L	L	L	L	L	-	-	-	-	-	-	-	-	-	-	-
-	-	-	-	-	-	-	-	-	-	N	-	-	-	-	-	-	-	D	D	D	D	N	-	-	-	-	-
-	-	-	-	-	-	-	-	-	-	-	-	-	-	-	-	-	-	L	-	-	-	D	D	D	N	N	-
-	-	-	-	-	-	-	-	N	N	-	-	-	-	-	-	-	-	D	D	D	D	-	-	-	-	-	-
-	E	-	-	-	-	E	E	L	L	N	-	-	-	-	-	-	-	-	-	-	-	-	-	-	-	-	-
-	-	-	-	-	-	D	L	-	-	-	-	-	-	-	-	-	-	E	E	E	L	L	-	-	-	-	-
-	-	-	-	-	-	-	-	-	-	-	E	E	-	-	-	-	-	-	-	E	E	E	D	L	-	-	-
-	-	E	-	-	-	-	-	-	-	-	E	E	-	-	-	-	-	N	-	-	-	-	-	-	E	N	-
-	-	-	D	-	-	-	-	D	D	D	D	D	-	-	-	-	-	-	-	-	-	-	-	-	-	-	-
-	-	-	E	E	E	L	-	-	-	-	-	-	-	-	L	-	-	-	-	-	-	-	L	L	-	-	-
Objective 0: 3712
Objective 1: 84
Constr violation: 0
Restrictions violated:
0 0 0 0 0 0 0 0 

Individual 7
1	2	3	4	5	6	7	8	9	10	11	12	13	14	15	16	17	18	19	20	21	22	23	24	25	26	27	28
D	D	D	D	-	-	-	E	L	L	L	L	-	-	-	-	D	N	-	-	-	-	-	E	E	N	N	N
-	D	D	D	L	L	-	-	-	-	-	-	-	-	D	D	D	D	D	-	-	-	-	E	E	E	D	D
L	L	L	L	L	-	-	L	L	L	L	-	-	E	E	E	-	-	D	D	D	D	D	-	-	-	-	-
D	L	-	-	-	L	L	N	N	N	-	-	-	-	-	D	D	L	L	-	-	-	-	L	L	L	L	N
D	D	D	D	D	-	-	-	-	E	E	E	E	D	-	-	-	-	-	-	-	E	E	-	-	E	E	E
D	D	D	N	-	-	-	-	E	E	E	N	-	-	-	-	E	E	E	E	N	-	-	-	-	E	E	D
-	-	-	-	-	E	E	E	E	E	-	-	-	E	E	E	D	D	-	-	-	E	E	D	D	D	-	-
-	-	-	-	E	D	D	L	N	-	-	-	-	-	L	N	N	N	-	-	L	L	L	L	N	-	-	-
E	E	E	E	N	-	-	-	-	-	E	E	E	E	N	-	-	-	-	D	D	D	N	-	-	-	-	-
L	N	N	-	-	-	-	-	E	L	L	L	L	-	-	-	L	L	L	L	-	-	-	E	D	N	-	-
-	-	L	L	N	N	-	-	-	E	E	L	-	-	-	E	L	-	-	-	E	E	E	L	-	-	-	-
-	-	E	L	L	-	-	-	-	-	-	-	-	-	-	-	-	L	L	L	N	-	-	-	E	E	E	L
L	L	L	L	-	-	-	-	-	-	-	-	-	-	-	D	D	D	N	-	-	-	-	-	L	L	N	N
D	D	L	-	-	-	-	D	D	D	N	-	-	-	-	-	-	E	N	N	N	-	-	-	-	-	-	-
L	N	-	-	-	-	D	D	D	N	-	-	-	-	-	N	N	-	-	-	-	-	-	-	E	D	D	L
E	E	E	E	-	-	-	-	-	-	-	-	-	E	E	E	E	-	-	-	E	E	N	N	-	-	-	-
-	-	-	-	-	-	-	D	-	-	L	L	L	L	-	-	-	L	L	L	L	L	-	-	-	-	-	-
-	-	-	E	E	N	N	N	-	-	-	-	-	-	-	-	-	-	-	-	-	L	L	L	L	L	-	-
-	-	-	-	-	E	-	-	D	D	D	D	N	-	-	-	-	-	-	-	-	-	-	-	E	D	D	D
-	-	-	-	-	-	-	-	-	-	-	D	D	L	L	L	-	-	-	-	-	D	N	N	N	-	-	-
-	-	-	-	-	-	-	-	-	-	-	D	-	-	-	-	-	E	E	E	E	-	-	E	D	L	L	L
-	-	-	D	D	D	D	D	-	-	-	-	E	D	N	N	N	-	-	-	-	-	-	-	-	-	-	-
-	L	L	L	L	L	-	-	-	-	-	-	-	-	-	-	-	-	-	L	L	L	L	-	-	-	-	L
-	-	-	-	-	L	L	L	L	-	-	L	N	N	N	-	-	-	-	-	-	-	-	-	-	-	D	D
-	-	-	-	-	-	-	-	-	-	-	-	-	D	D	L	L	L	-	-	-	E	D	D	D	L	-	-
-	D	D	D	D	-	-	-	-	-	-	-	-	-	-	-	-	-	-	-	-	-	-	D	D	D	D	D
-	-	-	-	-	-	-	-	-	-	N	-	L	L	L	L	L	-	-	-	-	-	-	-	-	-	-	-
-	-	-	-	-	-	-	-	-	-	N	-	-	-	-	-	-	-	D	D	D	D	N	-	-	-	-	-
-	-	-	-	-	-	-	-	-	-	-	-	-	-	-	-	-	-	L	-	-	-	D	D	D	N	N	-
-	-	-	-	-	-	E	E	D	-	-	-	-	-	-	-	-	-	D	D	D	D	-	-	-	-	-	-
-	E	-	-	-	-	E	E	L	L	N	-	-	-	-	-	-	-	-	-	-	-	-	-	-	-	-	-
-	-	-	-	-	-	D	L	-	-	-	-	-	-	-	-	-	-	E	E	E	L	L	-	-	-	-	-
-	-	-	-	-	-	-	-	-	-	-	E	E	-	-	-	-	-	-	-	E	E	E	D	L	-	-	-
-	-	E	-	-	-	-	-	-	-	-	E	E	-	-	-	-	-	N	-	-	-	-	-	-	E	N	-
-	-	-	D	-	-	-	-	D	D	D	D	D	-	-	-	-	-	-	-	-	-	-	-	-	-	-	-
-	-	-	E	E	E	L	-	-	-	-	-	-	-	-	L	-	-	-	-	-	-	-	L	L	-	-	-
Objective 0: 3713
Objective 1: 83
Constr violation: 0
Restrictions violated:
0 0 0 0 0 0 0 0 

Individual 8
1	2	3	4	5	6	7	8	9	10	11	12	13	14	15	16	17	18	19	20	21	22	23	24	25	26	27	28
D	D	D	D	-	-	-	E	L	L	L	L	-	-	-	-	D	N	-	-	-	-	-	E	E	N	N	N
-	-	E	E	D	L	L	-	-	-	-	-	-	-	D	D	D	D	D	-	-	-	-	E	E	E	D	D
L	L	L	L	L	-	-	L	L	L	L	-	-	E	E	E	-	-	D	D	D	D	D	-	-	-	-	-
D	L	-	-	-	L	L	N	N	N	-	-	-	-	-	D	D	L	L	-	-	-	-	L	L	L	L	N
D	D	D	D	D	-	-	-	-	E	E	E	E	D	-	-	-	-	-	-	-	E	E	-	-	E	E	E
D	D	D	N	-	-	-	-	E	E	E	N	-	-	-	-	E	E	E	E	N	-	-	-	-	E	E	D
-	-	-	-	-	E	E	E	E	E	-	-	-	E	E	E	D	D	-	-	-	E	E	D	D	D	-	-
-	-	-	-	E	D	D	L	N	-	-	-	-	-	L	N	N	N	-	-	L	L	L	L	N	-	-	-
E	E	E	E	N	-	-	-	-	-	E	E	E	E	N	-	-	-	-	D	D	D	N	-	-	-	-	-
L	N	N	-	-	-	-	-	E	L	L	L	L	-	-	-	L	L	L	L	-	-	-	E	D	N	-	-
-	-	L	L	N	N	-	-	-	E	E	L	-	-	-	E	L	-	-	-	E	E	E	L	-	-	-	-
-	-	E	L	L	-	-	-	-	-	-	-	-	-	-	-	-	L	L	L	N	-	-	-	E	E	E	L
L	L	L	L	-	-	-	-	-	-	-	-	-	-	-	D	D	D	N	-	-	-	-	-	L	L	N	N
D	D	L	-	-	-	-	D	D	D	N	-	-	-	-	-	-	E	N	N	N	-	-	-	-	-	-	-
L	N	-	-	-	-	D	D	D	N	-	-	-	-	-	N	N	-	-	-	-	-	-	-	E	D	D	L
E	E	E	E	-	-	-	-	-	-	-	-	-	E	E	E	E	-	-	-	E	E	N	N	-	-	-	-
-	-	-	-	-	-	-	D	-	-	L	L	L	L	-	-	-	L	L	L	L	L	-	-	-	-	-	-
-	-	-	E	E	N	N	N	-	-	-	-	-	-	-	-	-	-	-	-	-	L	L	L	L	L	-	-
-	-	-	-	-	E	-	-	D	D	D	D	N	-	-	-	-	-	-	-	-	-	-	-	E	D	D	D
-	-	-	-	-	-	-	-	-	-	-	D	D	L	L	L	-	-	-	-	-	D	N	N	N	-	-	-
-	-	-	-	-	-	-	-	-	-	-	D	-	-	-	-	-	E	E	E	E	-	-	E	D	L	L	L
-	-	-	D	D	D	D	D	-	-	-	-	E	D	N	N	N	-	-	-	-	-	-	-	-	-	-	-
-	L	L	L	L	L	-	-	-	-	-	-	-	-	-	-	-	-	-	L	L	L	L	-	-	-	-	L
-	-	-	-	L	L	L	L	-	-	-	L	N	N	N	-	-	-	-	-	-	-	-	-	-	-	D	D
-	-	-	-	-	-	-	-	-	-	-	-	-	D	D	L	L	L	-	-	-	E	D	D	D	L	-	-
-	D	D	D	D	-	-	-	-	-	-	-	-	-	-	-	-	-	-	-	-	-	-	D	D	D	D	D
-	-	-	-	-	-	-	-	-	-	N	-	L	L	L	L	L	-	-	-	-	-	-	-	-	-	-	-
-	-	-	-	-	-	-	-	-	-	N	-	-	-	-	-	-	-	D	D	D	D	N	-	-	-	-	-
-	-	-	-	-	-	-	-	-	-	-	-	-	-	-	-	-	-	L	-	-	-	D	D	D	N	N	-
-	-	-	-	-	-	-	-	N	N	-	-	-	-	-	-	-	-	D	D	D	D	-	-	-	-	-	-
-	E	-	-	-	-	E	E	L	L	N	-	-	-	-	-	-	-	-	-	-	-	-	-	-	-	-	-
-	-	-	-	-	-	D	L	-	-	-	-	-	-	-	-	-	-	E	E	E	L	L	-	-	-	-	-
-	-	-	-	-	-	-	-	-	-	-	E	E	-	-	-	-	-	-	-	E	E	E	D	L	-	-	-
-	-	E	-	-	-	-	-	-	-	-	E	E	-	-	-	-	-	N	-	-	-	-	-	-	E	N	-
-	-	-	D	-	-	-	-	D	D	D	D	D	-	-	-	-	-	-	-	-	-	-	-	-	-	-	-
-	-	-	E	E	E	L	-	-	-	-	-	-	-	-	L	-	-	-	-	-	-	-	L	L	-	-	-
Objective 0: 3510
Objective 1: 87
Constr violation: 0
Restrictions violated:
0 0 0 0 0 0 0 0 

Individual 9
1	2	3	4	5	6	7	8	9	10	11	12	13	14	15	16	17	18	19	20	21	22	23	24	25	26	27	28
D	D	D	D	-	-	-	E	L	L	L	L	-	-	-	-	D	N	-	-	-	-	-	E	E	N	N	N
-	-	E	E	D	L	L	-	-	-	-	-	-	-	D	D	D	D	D	-	-	-	-	E	E	E	D	D
L	L	L	L	L	-	-	L	L	L	L	-	-	E	E	E	-	-	D	D	D	D	D	-	-	-	-	-
D	L	-	-	-	L	L	N	N	N	-	-	-	-	-	D	D	L	L	-	-	-	-	L	L	L	L	N
D	D	D	D	D	-	-	-	-	E	E	E	E	D	-	-	-	-	-	-	-	E	E	-	-	E	E	E
D	D	D	N	-	-	-	-	E	E	E	N	-	-	-	-	E	E	E	E	N	-	-	-	-	E	E	D
-	-	-	-	-	E	E	E	E	E	-	-	-	E	E	E	D	D	-	-	-	E	E	D	D	D	-	-
-	-	-	-	E	D	D	L	N	-	-	-	-	-	L	N	N	N	-	-	L	L	L	L	N	-	-	-
E	E	E	E	N	-	-	-	-	-	E	E	E	E	N	-	-	-	-	D	D	D	N	-	-	-	-	-
L	N	N	-	-	-	-	-	E	L	L	L	L	-	-	-	L	L	L	L	-	-	-	E	D	N	-	-
-	-	L	L	N	N	-	-	-	E	E	L	-	-	-	E	L	-	-	-	E	E	E	L	-	-	-	-
-	-	E	L	L	-	-	-	-	-	-	-	-	-	-	-	-	L	L	L	N	-	-	-	E	E	E	L
L	L	L	L	-	-	-	-	-	-	-	-	-	-	-	D	D	D	N	-	-	-	-	-	L	L	N	N
D	D	L	-	-	-	-	D	D	D	N	-	-	-	-	-	-	E	N	N	N	-	-	-	-	-	-	-
L	N	-	-	-	-	D	D	D	N	-	-	-	-	-	N	N	-	-	-	-	-	-	-	E	D	D	L
E	E	E	E	-	-	-	-	-	-	-	-	-	E	E	E	E	-	-	-	E	E	N	N	-	-	-	-
-	-	-	-	-	-	-	D	-	-	L	L	L	L	-	-	-	L	L	L	L	L	-	-	-	-	-	-
-	-	-	E	E	N	N	N	-	-	-	-	-	-	-	-	-	-	-	-	-	L	L	L	L	L	-	-
-	-	-	-	-	E	-	-	D	D	D	D	N	-	-	-	-	-	-	-	-	-	-	-	E	D	D	D
-	-	-	-	-	-	-	-	-	-	-	D	D	L	L	L	-	-	-	-	-	D	N	N	N	-	-	-
-	-	-	-	-	-	-	-	-	-	-	D	-	-	-	-	-	E	E	E	E	-	-	E	D	L	L	L
-	-	-	D	D	D	D	D	-	-	-	-	E	D	N	N	N	-	-	-	-	-	-	-	-	-	-	-
-	L	L	L	L	L	-	-	-	-	-	-	-	-	-	-	-	-	-	L	L	L	L	-	-	-	-	L
-	-	-	-	L	L	L	L	-	-	-	L	N	N	N	-	-	-	-	-	-	-	-	-	-	-	D	D
-	-	-	-	-	-	-	-	-	-	-	-	-	D	D	L	L	L	-	-	-	E	D	D	D	L	-	-
-	D	D	D	D	-	-	-	-	-	-	-	-	-	-	-	-	-	-	-	-	-	-	D	D	D	D	D
-	-	-	-	-	-	-	-	-	-	N	-	L	L	L	L	L	-	-	-	-	-	-	-	-	-	-	-
-	-	-	-	-	-	-	-	-	-	N	-	-	-	-	-	-	-	D	D	D	D	N	-	-	-	-	-
-	-	-	-	-	-	-	-	-	-	-	-	-	-	-	-	-	-	L	-	-	-	D	D	D	N	N	-
-	-	-	-	-	-	-	-	N	N	-	-	-	-	-	-	-	-	D	D	D	D	-	-	-	-	-	-
-	E	-	-	-	-	E	E	L	L	N	-	-	-	-	-	-	-	-	-	-	-	-	-	-	-	-	-
-	-	-	-	-	-	D	L	-	-	-	-	-	-	-	-	-	-	E	E	E	L	L	-	-	-	-	-
-	-	-	-	-	-	-	-	-	-	-	E	E	-	-	-	-	-	-	-	E	E	E	D	L	-	-	-
-	-	E	-	-	-	-	-	-	-	-	E	E	-	-	-	-	-	N	-	-	-	-	-	-	E	N	-
-	-	-	D	-	-	-	-	D	D	D	D	D	-	-	-	-	-	-	-	-	-	-	-	-	-	-	-
-	-	-	E	E	E	L	-	-	-	-	-	-	-	-	L	-	-	-	-	-	-	-	L	L	-	-	-
Objective 0: 3510
Objective 1: 87
Constr violation: 0
Restrictions violated:
0 0 0 0 0 0 0 0 

Individual 10
1	2	3	4	5	6	7	8	9	10	11	12	13	14	15	16	17	18	19	20	21	22	23	24	25	26	27	28
D	D	D	D	-	-	-	E	L	L	L	L	-	-	-	-	D	N	-	-	-	-	-	E	E	N	N	N
D	D	L	L	L	-	-	-	-	-	-	-	-	-	D	D	D	D	D	-	-	-	-	E	E	E	D	D
L	L	L	L	L	-	-	L	L	L	L	-	-	E	E	E	-	-	D	D	D	D	D	-	-	-	-	-
D	L	-	-	-	L	L	N	N	N	-	-	-	-	-	D	D	L	L	-	-	-	-	L	L	L	L	N
D	D	D	D	D	-	-	-	-	E	E	E	E	D	-	-	-	-	-	-	-	E	E	-	-	E	E	E
D	D	D	N	-	-	-	-	E	E	E	N	-	-	-	-	E	E	E	E	N	-	-	-	-	E	E	D
-	-	-	-	-	E	E	E	E	E	-	-	-	E	E	E	D	D	-	-	-	E	E	D	D	D	-	-
-	-	-	-	E	D	D	L	N	-	-	-	-	-	L	N	N	N	-	-	L	L	L	L	N	-	-	-
E	E	E	E	N	-	-	-	-	-	E	E	E	E	N	-	-	-	-	D	D	D	N	-	-	-	-	-
L	N	N	-	-	-	-	-	E	L	L	L	L	-	-	-	L	L	L	L	-	-	-	E	D	N	-	-
-	-	L	L	N	N	-	-	-	E	E	L	-	-	-	E	L	-	-	-	E	E	E	L	-	-	-	-
-	-	E	L	L	-	-	-	-	-	-	-	-	-	-	-	-	L	L	L	N	-	-	-	E	E	E	L
L	L	L	L	-	-	-	-	-	-	-	-	-	-	-	D	D	D	N	-	-	-	-	-	L	L	N	N
D	D	L	-	-	-	-	D	D	D	N	-	-	-	-	-	-	E	N	N	N	-	-	-	-	-	-	-
L	N	-	-	-	-	D	D	D	N	-	-	-	-	-	N	N	-	-	-	-	-	-	-	E	D	D	L
E	E	E	E	-	-	-	-	-	-	-	-	-	E	E	E	E	-	-	-	E	E	N	N	-	-	-	-
-	-	-	-	-	-	-	D	-	-	L	L	L	L	-	-	-	L	L	L	L	L	-	-	-	-	-	-
-	-	-	E	E	N	N	N	-	-	-	-	-	-	-	-	-	-	-	-	-	L	L	L	L	L	-	-
-	-	-	-	-	E	-	-	D	D	D	D	N	-	-	-	-	-	-	-	-	-	-	-	E	D	D	D
-	-	-	-	-	-	-	-	-	-	-	D	D	L	L	L	-	-	-	-	-	D	N	N	N	-	-	-
-	-	-	-	-	-	-	-	-	-	-	D	-	-	-	-	-	E	E	E	E	-	-	E	D	L	L	L
-	-	-	D	D	D	D	D	-	-	-	-	E	D	N	N	N	-	-	-	-	-	-	-	-	-	-	-
-	L	L	L	L	L	-	-	-	-	-	-	-	-	-	-	-	-	-	L	L	L	L	-	-	-	-	L
-	-	-	-	-	L	L	L	L	-	-	L	N	N	N	-	-	-	-	-	-	-	-	-	-	-	D	D
-	-	-	-	-	-	-	-	-	-	-	-	-	D	D	L	L	L	-	-	-	E	D	D	D	L	-	-
-	D	D	D	D	-	-	-	-	-	-	-	-	-	-	-	-	-	-	-	-	-	-	D	D	D	D	D
-	-	-	-	-	-	-	-	-	-	N	-	L	L	L	L	L	-	-	-	-	-	-	-	-	-	-	-
-	-	-	-	-	-	-	-	-	-	N	-	-	-	-	-	-	-	D	D	D	D	N	-	-	-	-	-
-	-	-	-	-	-	-	-	-	-	-	-	-	-	-	-	-	-	L	-	-	-	D	D	D	N	N	-
-	-	-	-	-	-	E	E	D	-	-	-	-	-	-	-	-	-	D	D	D	D	-	-	-	-	-	-
-	E	-	-	-	-	E	E	L	L	N	-	-	-	-	-	-	-	-	-	-	-	-	-	-	-	-	-
-	-	-	-	-	-	D	L	-	-	-	-	-	-	-	-	-	-	E	E	E	L	L	-	-	-	-	-
-	-	-	-	-	-	-	-	-	-	-	E	E	-	-	-	-	-	-	-	E	E	E	D	L	-	-	-
-	-	E	-	-	-	-	-	-	-	-	E	E	-	-	-	-	-	N	-	-	-	-	-	-	E	N	-
-	-	-	D	-	-	-	-	D	D	D	D	D	-	-	-	-	-	-	-	-	-	-	-	-	-	-	-
-	-	-	E	E	E	L	-	-	-	-	-	-	-	-	L	-	-	-	-	-	-	-	L	L	-	-	-
Objective 0: 3814
Objective 1: 82
Constr violation: 0
Restrictions violated:
0 0 0 0 0 0 0 0 

Individual 11
1	2	3	4	5	6	7	8	9	10	11	12	13	14	15	16	17	18	19	20	21	22	23	24	25	26	27	28
D	D	D	D	-	-	-	E	L	L	L	L	-	-	-	-	D	N	-	-	-	-	-	E	E	N	N	N
-	-	E	E	D	L	L	-	-	-	-	-	-	-	D	D	D	D	D	-	-	-	-	E	E	E	D	D
L	L	L	L	L	-	-	L	L	L	L	-	-	E	E	E	-	-	D	D	D	D	D	-	-	-	-	-
D	L	-	-	-	L	L	N	N	N	-	-	-	-	-	D	D	L	L	-	-	-	-	L	L	L	L	N
D	D	D	D	D	-	-	-	-	E	E	E	E	D	-	-	-	-	-	-	-	E	E	-	-	E	E	E
D	D	D	N	-	-	-	-	E	E	E	N	-	-	-	-	E	E	E	E	N	-	-	-	-	E	E	D
-	-	-	-	-	E	E	E	E	E	-	-	-	E	E	E	D	D	-	-	-	E	E	D	D	D	-	-
-	-	-	-	E	D	D	L	N	-	-	-	-	-	L	N	N	N	-	-	L	L	L	L	N	-	-	-
E	E	E	E	N	-	-	-	-	-	E	E	E	E	N	-	-	-	-	D	D	D	N	-	-	-	-	-
L	N	N	-	-	-	-	-	E	L	L	L	L	-	-	-	L	L	L	L	-	-	-	E	D	N	-	-
-	-	L	L	N	N	-	-	-	E	E	L	-	-	-	E	L	-	-	-	E	E	E	L	-	-	-	-
-	-	E	L	L	-	-	-	-	-	-	-	-	-	-	-	-	L	L	L	N	-	-	-	E	E	E	L
L	L	L	L	-	-	-	-	-	-	-	-	-	-	-	D	D	D	N	-	-	-	-	-	L	L	N	N
D	D	L	-	-	-	-	D	D	D	N	-	-	-	-	-	-	E	N	N	N	-	-	-	-	-	-	-
L	N	-	-	-	-	D	D	D	N	-	-	-	-	-	N	N	-	-	-	-	-	-	-	E	D	D	L
E	E	E	E	-	-	-	-	-	-	-	-	-	E	E	E	E	-	-	-	E	E	N	N	-	-	-	-
-	-	-	-	-	-	-	D	-	-	L	L	L	L	-	-	-	L	L	L	L	L	-	-	-	-	-	-
-	-	-	E	E	N	N	N	-	-	-	-	-	-	-	-	-	-	-	-	-	L	L	L	L	L	-	-
-	-	-	-	-	E	-	-	D	D	D	D	N	-	-	-	-	-	-	-	-	-	-	-	E	D	D	D
-	-	-	-	-	-	-	-	-	-	-	D	D	L	L	L	-	-	-	-	-	D	N	N	N	-	-	-
-	-	-	-	-	-	-	-	-	-	-	D	-	-	-	-	-	E	E	E	E	-	-	E	D	L	L	L
-	-	-	D	D	D	D	D	-	-	-	-	E	D	N	N	N	-	-	-	-	-	-	-	-	-	-	-
-	L	L	L	L	L	-	-	-	-	-	-	-	-	-	-	-	-	-	L	L	L	L	-	-	-	-	L
-	-	-	-	L	L	L	L	-	-	-	L	N	N	N	-	-	-	-	-	-	-	-	-	-	-	D	D
-	-	-	-	-	-	-	-	-	-	-	-	-	D	D	L	L	L	-	-	-	E	D	D	D	L	-	-
-	D	D	D	D	-	-	-	-	-	-	-	-	-	-	-	-	-	-	-	-	-	-	D	D	D	D	D
-	-	-	-	-	-	-	-	-	-	N	-	L	L	L	L	L	-	-	-	-	-	-	-	-	-	-	-
-	-	-	-	-	-	-	-	-	-	N	-	-	-	-	-	-	-	D	D	D	D	N	-	-	-	-	-
-	-	-	-	-	-	-	-	-	-	-	-	-	-	-	-	-	-	L	-	-	-	D	D	D	N	N	-
-	-	-	-	-	-	-	-	N	N	-	-	-	-	-	-	-	-	D	D	D	D	-	-	-	-	-	-
-	E	-	-	-	-	E	E	L	L	N	-	-	-	-	-	-	-	-	-	-	-	-	-	-	-	-	-
-	-	-	-	-	-	D	L	-	-	-	-	-	-	-	-	-	-	E	E	E	L	L	-	-	-	-	-
-	-	-	-	-	-	-	-	-	-	-	E	E	-	-	-	-	-	-	-	E	E	E	D	L	-	-	-
-	-	E	-	-	-	-	-	-	-	-	E	E	-	-	-	-	-	N	-	-	-	-	-	-	E	N	-
-	-	-	D	-	-	-	-	D	D	D	D	D	-	-	-	-	-	-	-	-	-	-	-	-	-	-	-
-	-	-	E	E	E	L	-	-	-	-	-	-	-	-	L	-	-	-	-	-	-	-	L	L	-	-	-
Objective 0: 3510
Objective 1: 87
Constr violation: 0
Restrictions violated:
0 0 0 0 0 0 0 0 

