Individual 0
1	2	3	4	5	6	7	8	9	10	11	12	13	14	15	16	17	18	19	20	21	22	23	24	25	26	27	28
-	-	E	E	L	-	-	-	-	L	L	L	N	N	-	-	D	L	-	-	-	-	D	D	D	N	-	-
D	L	L	-	-	-	E	D	D	L	-	E	L	L	L	-	-	L	L	-	-	D	L	L	-	-	-	-
E	D	L	L	-	-	E	L	L	L	L	-	-	-	L	L	L	-	-	-	-	E	L	-	-	-	E	D
L	L	N	N	N	-	-	-	-	-	-	D	L	-	-	D	D	L	L	-	-	D	D	D	N	-	-	-
E	D	D	D	D	-	-	E	E	E	-	-	-	-	E	E	E	-	-	-	E	E	-	-	E	E	D	D
E	E	-	-	-	E	N	-	-	E	N	N	-	-	-	-	E	E	-	-	-	E	D	N	N	-	-	D
E	E	-	-	E	D	D	D	D	-	-	-	-	-	E	E	D	D	-	-	-	-	-	-	E	E	E	E
D	N	-	-	E	E	E	N	N	-	-	D	D	D	L	L	-	-	-	-	-	-	D	L	L	-	-	-
E	E	E	D	N	-	-	-	-	-	-	L	L	L	L	L	-	-	-	-	-	-	E	D	D	D	N	-
D	D	-	-	L	L	N	-	-	-	D	L	-	-	-	D	N	-	-	E	N	-	-	E	D	L	-	-
-	-	-	E	L	L	L	-	-	-	-	E	N	-	-	-	N	N	N	-	-	-	E	E	-	-	-	-
L	L	N	N	-	-	-	-	-	-	E	E	-	-	-	E	L	L	-	-	-	-	-	-	-	E	L	N
L	L	L	-	-	-	-	-	D	D	D	-	-	-	-	D	L	-	-	-	-	-	-	-	D	D	D	N
L	L	L	-	-	-	-	-	N	N	-	-	-	E	L	-	-	-	E	D	L	L	-	-	-	-	-	-
E	E	E	N	-	-	-	-	L	N	-	-	-	-	-	E	D	D	D	-	-	-	N	N	-	-	-	-
D	N	-	-	-	-	-	-	E	D	N	-	-	-	-	E	D	D	N	-	-	-	E	E	E	-	-	-
-	-	D	-	-	-	-	D	-	-	-	-	-	D	D	-	-	-	D	L	-	-	-	L	-	-	D	L
E	-	-	D	N	N	-	-	-	-	-	-	-	-	D	-	-	-	D	D	-	-	-	-	-	-	D	D
-	-	E	-	-	E	D	-	-	D	D	D	N	-	-	-	-	-	-	N	N	-	-	-	D	-	-	-
-	-	D	L	N	-	-	-	N	-	-	-	-	-	L	-	-	-	-	D	-	-	D	N	-	-	-	-
-	-	N	-	-	-	E	-	-	-	-	-	-	-	-	-	E	E	E	E	N	-	-	E	-	-	-	-
-	-	-	-	-	N	-	-	E	N	-	-	E	N	-	-	-	E	-	-	-	D	-	-	E	E	-	-
-	-	L	-	-	L	-	-	L	-	-	L	L	-	-	-	-	-	L	L	L	L	-	-	-	-	-	-
N	-	-	E	D	D	D	L	-	-	E	D	-	-	-	-	-	-	D	-	-	-	-	-	-	-	-	-
D	D	-	-	-	E	-	-	L	L	N	-	-	-	-	-	L	L	L	N	-	-	-	-	-	-	-	-
D	-	-	D	D	D	D	-	-	-	-	D	D	D	-	-	-	-	-	-	-	-	-	-	-	D	-	-
-	-	L	-	-	-	-	-	-	-	-	-	-	N	-	-	-	N	-	-	-	L	L	-	-	-	-	-
-	N	-	-	-	-	-	-	N	-	-	-	-	-	-	-	-	-	-	D	D	D	-	-	-	-	-	-
-	D	-	-	-	-	-	-	N	-	-	-	D	-	D	-	-	-	L	-	-	-	-	-	-	-	-	-
-	-	-	-	-	-	-	-	-	E	N	-	-	-	D	-	-	-	-	-	E	E	D	-	-	-	-	-
-	D	-	-	-	-	-	-	-	-	-	E	E	-	-	-	-	-	-	-	E	-	-	D	L	-	-	-
L	-	-	-	-	-	-	-	-	-	-	-	E	-	E	-	-	-	-	-	L	L	L	-	-	-	-	-
-	E	-	-	-	-	-	D	L	-	-	D	-	-	-	-	-	-	-	-	-	E	E	D	L	-	-	-
-	-	-	E	-	-	-	L	-	L	-	-	-	-	-	-	-	-	-	-	-	-	-	L	-	D	D	D
-	D	-	D	-	-	-	-	-	D	D	-	-	-	-	-	-	-	-	-	-	-	D	L	L	-	-	-
-	-	E	L	-	-	-	-	-	-	-	-	-	E	-	L	N	-	-	-	-	-	-	-	-	-	-	-
Objective 0: 8341
Objective 1: 205
Constr violation: 0
Restrictions violated:
0 0 0 0 0 0 0 0 

Individual 1
1	2	3	4	5	6	7	8	9	10	11	12	13	14	15	16	17	18	19	20	21	22	23	24	25	26	27	28
-	-	E	E	L	-	-	-	-	L	L	L	N	N	-	-	D	L	-	-	-	-	D	D	D	N	-	-
D	L	L	-	-	-	E	D	D	L	-	E	L	L	L	-	-	L	L	-	-	D	L	L	-	-	-	-
E	D	L	L	-	-	E	L	L	L	L	-	-	-	L	L	L	-	-	-	-	E	L	-	-	-	E	D
L	N	N	-	-	-	L	N	-	-	L	N	-	-	-	D	L	L	-	-	-	D	D	L	L	-	-	-
E	D	D	D	D	-	-	E	E	E	-	-	-	-	E	E	E	-	-	-	E	E	-	-	E	E	D	D
E	E	-	-	-	E	N	-	-	E	N	N	-	-	-	-	E	E	-	-	-	E	D	N	N	-	-	D
E	E	-	-	E	D	D	D	D	-	-	-	-	-	E	E	D	D	-	-	-	-	-	-	E	E	E	E
-	-	D	L	L	L	L	-	-	-	E	E	-	-	E	L	-	-	-	-	-	E	N	-	-	D	N	N
E	E	E	D	N	-	-	-	-	-	-	L	L	L	L	L	-	-	-	-	-	-	E	D	D	D	N	-
D	D	-	-	L	L	N	-	-	-	D	L	-	-	-	D	N	-	-	E	N	-	-	E	D	L	-	-
-	-	-	E	L	L	L	-	-	-	-	E	N	-	-	-	N	N	N	-	-	-	E	E	-	-	-	-
L	L	N	N	-	-	-	-	-	-	E	E	-	-	-	E	L	L	-	-	-	-	-	-	-	E	L	N
L	L	L	-	-	-	-	D	D	N	-	-	-	N	N	-	-	-	L	L	L	-	-	-	-	-	-	-
L	L	L	-	-	-	-	-	N	N	-	-	-	E	L	-	-	-	E	D	L	L	-	-	-	-	-	-
-	-	-	L	L	-	-	-	-	E	E	-	-	-	N	N	-	-	-	-	D	D	-	-	-	E	E	N
D	N	-	-	-	-	-	-	E	D	N	-	-	-	-	E	D	D	N	-	-	-	E	E	E	-	-	-
-	-	D	-	-	-	-	D	-	-	-	-	-	D	D	-	-	-	D	L	-	-	-	L	-	-	D	L
E	-	-	D	N	N	-	-	-	-	-	-	-	-	D	-	-	-	D	D	-	-	-	-	-	-	D	D
-	-	E	-	-	E	D	-	-	D	D	D	N	-	-	-	-	-	-	N	N	-	-	-	D	-	-	-
-	-	D	L	N	-	-	-	N	-	-	-	-	-	L	-	-	-	-	D	-	-	D	N	-	-	-	-
-	-	N	-	-	-	E	-	-	-	-	-	-	-	-	-	E	E	E	E	N	-	-	E	-	-	-	-
-	-	-	-	-	N	-	-	E	N	-	-	E	N	-	-	-	E	-	-	-	D	-	-	E	E	-	-
-	-	L	-	-	L	-	-	L	-	-	L	L	-	-	-	-	-	L	L	L	L	-	-	-	-	-	-
N	-	-	E	D	D	D	L	-	-	E	D	-	-	-	-	-	-	D	-	-	-	-	-	-	-	-	-
D	D	-	-	-	E	-	-	L	L	N	-	-	-	-	-	L	L	L	N	-	-	-	-	-	-	-	-
D	-	-	D	D	D	D	-	-	-	-	D	D	D	-	-	-	-	-	-	-	-	-	-	-	D	-	-
-	-	L	-	-	-	-	-	-	-	-	-	-	N	-	-	-	N	-	-	-	L	L	-	-	-	-	-
-	N	-	-	-	-	-	-	N	-	-	-	-	-	-	-	-	-	-	D	D	D	-	-	D	-	-	-
L	-	-	-	-	-	-	-	D	-	-	-	-	L	N	-	-	-	-	-	-	-	-	-	-	-	-	L
-	-	-	-	-	-	-	-	-	E	N	-	-	-	D	-	-	-	-	-	E	E	D	-	-	-	-	-
-	D	-	-	-	-	-	-	-	-	-	E	E	-	-	-	-	-	-	-	E	-	-	D	L	-	-	-
L	-	-	-	-	-	-	-	-	-	-	-	E	-	E	-	-	-	-	-	L	L	L	-	-	-	-	-
-	-	-	-	-	-	-	-	-	-	-	L	L	-	-	-	-	-	-	-	-	E	E	D	L	-	-	-
-	-	-	E	-	-	-	L	-	L	-	-	-	-	-	-	-	-	-	-	-	-	-	L	-	D	D	D
-	D	-	D	-	-	-	-	-	D	D	-	-	-	-	-	-	-	-	-	-	-	D	L	L	-	-	-
-	-	E	L	-	-	-	-	-	-	-	-	-	E	-	L	N	-	-	-	-	-	-	-	-	-	-	-
Objective 0: 6923
Objective 1: 221
Constr violation: 0
Restrictions violated:
0 0 0 0 0 0 0 0 

Individual 2
1	2	3	4	5	6	7	8	9	10	11	12	13	14	15	16	17	18	19	20	21	22	23	24	25	26	27	28
-	-	E	E	L	-	-	-	-	L	L	L	N	N	-	-	D	L	-	-	-	-	D	D	D	N	-	-
D	L	L	-	-	-	E	D	D	L	-	E	L	L	L	-	-	L	L	-	-	D	L	L	-	-	-	-
E	D	L	L	-	-	E	L	L	L	L	-	-	-	L	L	L	-	-	-	-	E	L	-	-	-	E	D
L	L	N	N	N	-	-	-	-	-	-	D	L	-	-	D	D	L	L	-	-	D	D	D	N	-	-	-
E	D	D	D	D	-	-	E	E	E	-	-	-	-	E	E	E	-	-	-	E	E	-	-	E	E	D	D
E	E	-	-	-	E	N	-	-	E	N	N	-	-	-	-	E	E	-	-	-	E	D	N	N	-	-	D
E	E	-	-	E	D	D	D	D	-	-	-	-	-	E	E	D	D	-	-	-	-	-	-	E	E	E	E
D	N	-	-	E	E	E	N	N	-	-	D	D	D	L	L	-	-	-	-	-	-	D	L	L	-	-	-
E	E	E	D	N	-	-	-	-	-	-	L	L	L	L	L	-	-	-	-	-	-	E	D	D	D	N	-
D	D	-	-	L	L	N	-	-	-	D	L	-	-	-	D	N	-	-	E	N	-	-	E	D	L	-	-
-	-	-	E	L	L	L	-	-	-	-	E	N	-	-	-	N	N	N	-	-	-	E	E	-	-	-	-
L	L	N	N	-	-	-	-	-	-	E	E	-	-	-	E	L	L	-	-	-	-	-	-	-	E	L	N
L	L	L	-	-	-	-	-	D	D	D	-	-	-	-	D	L	-	-	-	-	-	-	-	D	D	D	N
L	L	L	-	-	-	-	-	N	N	-	-	-	E	L	-	-	-	E	D	L	L	-	-	-	-	-	-
-	-	-	L	L	-	-	-	-	E	E	-	-	-	N	N	-	-	-	-	D	D	-	-	-	E	E	N
D	N	-	-	-	-	-	-	E	D	N	-	-	-	-	E	D	D	N	-	-	-	E	E	E	-	-	-
-	-	D	-	-	-	-	D	-	-	-	-	-	D	D	-	-	-	D	L	-	-	-	L	-	-	D	L
E	-	-	D	N	N	-	-	-	-	-	-	-	-	D	-	-	-	D	D	-	-	-	-	-	-	D	D
-	-	E	-	-	E	D	-	-	D	D	D	N	-	-	-	-	-	-	N	N	-	-	-	D	-	-	-
-	-	D	L	N	-	-	-	N	-	-	-	-	-	L	-	-	-	-	D	-	-	D	N	-	-	-	-
-	-	N	-	-	-	E	-	-	-	-	-	-	-	-	-	E	E	E	E	N	-	-	E	-	-	-	-
-	-	-	-	-	N	-	-	E	N	-	-	E	N	-	-	-	E	-	-	-	D	-	-	E	E	-	-
-	-	L	-	-	L	-	-	L	-	-	L	L	-	-	-	-	-	L	L	L	L	-	-	-	-	-	-
N	-	-	E	D	D	D	L	-	-	E	D	-	-	-	-	-	-	D	-	-	-	-	-	-	-	-	-
D	D	-	-	-	E	-	-	L	L	N	-	-	-	-	-	L	L	L	N	-	-	-	-	-	-	-	-
D	-	-	D	D	D	D	-	-	-	-	D	D	D	-	-	-	-	-	-	-	-	-	-	-	D	-	-
-	-	L	-	-	-	-	-	-	-	-	-	-	N	-	-	-	N	-	-	-	L	L	-	-	-	-	-
-	N	-	-	-	-	-	-	N	-	-	-	-	-	-	-	-	-	-	D	D	D	-	-	-	-	-	-
-	D	-	-	-	-	-	-	N	-	-	-	D	-	D	-	-	-	L	-	-	-	-	-	-	-	-	-
-	-	-	-	-	-	-	-	-	E	N	-	-	-	D	-	-	-	-	-	E	E	D	-	-	-	-	-
-	D	-	-	-	-	-	-	-	-	-	E	E	-	-	-	-	-	-	-	E	-	-	D	L	-	-	-
L	-	-	-	-	-	-	-	-	-	-	-	E	-	E	-	-	-	-	-	L	L	L	-	-	-	-	-
-	E	-	-	-	-	-	D	L	-	-	D	-	-	-	-	-	-	-	-	-	E	E	D	L	-	-	-
-	-	-	E	-	-	-	L	-	L	-	-	-	-	-	-	-	-	-	-	-	-	-	L	-	D	D	D
-	D	-	D	-	-	-	-	-	D	D	-	-	-	-	-	-	-	-	-	-	-	D	L	L	-	-	-
-	-	E	L	-	-	-	-	-	-	-	-	-	E	-	L	N	-	-	-	-	-	-	-	-	-	-	-
Objective 0: 7633
Objective 1: 208
Constr violation: 0
Restrictions violated:
0 0 0 0 0 0 0 0 

Individual 3
1	2	3	4	5	6	7	8	9	10	11	12	13	14	15	16	17	18	19	20	21	22	23	24	25	26	27	28
-	-	E	E	L	-	-	-	-	L	L	L	N	N	-	-	D	L	-	-	-	-	D	D	D	N	-	-
D	L	L	-	-	-	E	D	D	L	-	E	L	L	L	-	-	L	L	-	-	D	L	L	-	-	-	-
E	D	L	L	-	-	E	L	L	L	L	-	-	-	L	L	L	-	-	-	-	E	L	-	-	-	E	D
L	L	N	N	N	-	-	-	-	-	-	D	L	-	-	D	D	L	L	-	-	D	D	D	N	-	-	-
E	D	D	D	D	-	-	E	E	E	-	-	-	-	E	E	E	-	-	-	E	E	-	-	E	E	D	D
E	E	-	-	-	E	N	-	-	E	N	N	-	-	-	-	E	E	-	-	-	E	D	N	N	-	-	D
E	E	-	-	E	D	D	D	D	-	-	-	-	-	E	E	D	D	-	-	-	-	-	-	E	E	E	E
D	N	-	-	E	E	E	N	N	-	-	D	D	D	L	L	-	-	-	-	-	-	D	L	L	-	-	-
E	E	E	D	N	-	-	-	-	-	-	L	L	L	L	L	-	-	-	-	-	-	E	D	D	D	N	-
D	D	-	-	L	L	N	-	-	-	D	L	-	-	-	D	N	-	-	E	N	-	-	E	D	L	-	-
-	-	-	E	L	L	L	-	-	-	-	E	N	-	-	-	N	N	N	-	-	-	E	E	-	-	-	-
L	L	N	N	-	-	-	-	-	-	E	E	-	-	-	E	L	L	-	-	-	-	-	-	-	E	L	N
L	L	L	-	-	-	-	-	D	D	D	-	-	-	-	D	L	-	-	-	-	-	-	-	D	D	D	N
L	L	L	-	-	-	-	-	N	N	-	-	-	E	L	-	-	-	E	D	L	L	-	-	-	-	-	-
-	-	-	L	L	-	-	-	-	E	E	-	-	-	N	N	-	-	-	-	D	D	-	-	-	E	E	N
D	N	-	-	-	-	-	-	E	D	N	-	-	-	-	E	D	D	N	-	-	-	E	E	E	-	-	-
-	-	D	-	-	-	-	D	-	-	-	-	-	D	D	-	-	-	D	L	-	-	-	L	-	-	D	L
E	-	-	D	N	N	-	-	-	-	-	-	-	-	D	-	-	-	D	D	-	-	-	-	-	-	D	D
-	-	E	-	-	E	D	-	-	D	D	D	N	-	-	-	-	-	-	N	N	-	-	-	D	-	-	-
-	-	D	L	N	-	-	-	N	-	-	-	-	-	L	-	-	-	-	D	-	-	D	N	-	-	-	-
-	-	N	-	-	-	E	-	-	-	-	-	-	-	-	-	E	E	E	E	N	-	-	E	-	-	-	-
-	-	-	-	-	N	-	-	E	N	-	-	E	N	-	-	-	E	-	-	-	D	-	-	E	E	-	-
-	-	L	-	-	L	-	-	L	-	-	L	L	-	-	-	-	-	L	L	L	L	-	-	-	-	-	-
N	-	-	E	D	D	D	L	-	-	E	D	-	-	-	-	-	-	D	-	-	-	-	-	-	-	-	-
D	D	-	-	-	E	-	-	L	L	N	-	-	-	-	-	L	L	L	N	-	-	-	-	-	-	-	-
D	-	-	D	D	D	D	-	-	-	-	D	D	D	-	-	-	-	-	-	-	-	-	-	-	D	-	-
-	-	L	-	-	-	-	-	-	-	-	-	-	N	-	-	-	N	-	-	-	L	L	-	-	-	-	-
-	N	-	-	-	-	-	-	N	-	-	-	-	-	-	-	-	-	-	D	D	D	-	-	-	-	-	-
L	-	-	-	-	-	-	-	D	-	-	-	-	L	N	-	-	-	-	-	-	-	-	-	-	-	-	L
-	-	-	-	-	-	-	-	-	E	N	-	-	-	D	-	-	-	-	-	E	E	D	-	-	-	-	-
-	D	-	-	-	-	-	-	-	-	-	E	E	-	-	-	-	-	-	-	E	-	-	D	L	-	-	-
L	-	-	-	-	-	-	-	-	-	-	-	E	-	E	-	-	-	-	-	L	L	L	-	-	-	-	-
-	E	-	-	-	-	-	D	L	-	-	D	-	-	-	-	-	-	-	-	-	E	E	D	L	-	-	-
-	-	-	E	-	-	-	L	-	L	-	-	-	-	-	-	-	-	-	-	-	-	-	L	-	D	D	D
-	D	-	D	-	-	-	-	-	D	D	-	-	-	-	-	-	-	-	-	-	-	D	L	L	-	-	-
-	-	E	L	-	-	-	-	-	-	-	-	-	E	-	L	N	-	-	-	-	-	-	-	-	-	-	-
Objective 0: 7229
Objective 1: 210
Constr violation: 0
Restrictions violated:
0 0 0 0 0 0 0 0 

Individual 4
1	2	3	4	5	6	7	8	9	10	11	12	13	14	15	16	17	18	19	20	21	22	23	24	25	26	27	28
-	-	E	E	L	-	-	-	-	L	L	L	N	N	-	-	D	L	-	-	-	-	D	D	D	N	-	-
D	L	L	-	-	-	E	D	D	L	-	E	L	L	L	-	-	L	L	-	-	D	L	L	-	-	-	-
E	D	L	L	-	-	E	L	L	L	L	-	-	-	L	L	L	-	-	-	-	E	L	-	-	-	E	D
L	L	N	N	N	-	-	-	-	-	-	D	L	-	-	D	D	L	L	-	-	D	D	D	N	-	-	-
E	D	D	D	D	-	-	E	E	E	-	-	-	-	E	E	E	-	-	-	E	E	-	-	E	E	D	D
E	E	-	-	-	E	N	-	-	E	N	N	-	-	-	-	E	E	-	-	-	E	D	N	N	-	-	D
E	E	-	-	E	D	D	D	D	-	-	-	-	-	E	E	D	D	-	-	-	-	-	-	E	E	E	E
D	N	-	-	E	E	E	N	N	-	-	D	D	D	L	L	-	-	-	-	-	-	D	L	L	-	-	-
E	E	E	D	N	-	-	-	-	-	-	L	L	L	L	L	-	-	-	-	-	-	E	D	D	D	N	-
D	D	-	-	L	L	N	-	-	-	D	L	-	-	-	D	N	-	-	E	N	-	-	E	D	L	-	-
-	-	-	E	L	L	L	-	-	-	-	E	N	-	-	-	N	N	N	-	-	-	E	E	-	-	-	-
L	L	N	N	-	-	-	-	-	-	E	E	-	-	-	E	L	L	-	-	-	-	-	-	-	E	L	N
L	L	L	-	-	-	-	-	D	D	D	-	-	-	-	D	L	-	-	-	-	-	-	-	D	D	D	N
L	L	L	-	-	-	-	-	N	N	-	-	-	E	L	-	-	-	E	D	L	L	-	-	-	-	-	-
E	E	E	N	-	-	-	-	L	N	-	-	-	-	-	E	D	D	D	-	-	-	N	N	-	-	-	-
D	N	-	-	-	-	-	-	E	D	N	-	-	-	-	E	D	D	N	-	-	-	E	E	E	-	-	-
-	-	D	-	-	-	-	D	-	-	-	-	-	D	D	-	-	-	D	L	-	-	-	L	-	-	D	L
E	-	-	D	N	N	-	-	-	-	-	-	-	-	D	-	-	-	D	D	-	-	-	-	-	-	D	D
-	-	E	-	-	E	D	-	-	D	D	D	N	-	-	-	-	-	-	N	N	-	-	-	D	-	-	-
-	-	D	L	N	-	-	-	N	-	-	-	-	-	L	-	-	-	-	D	-	-	D	N	-	-	-	-
-	-	N	-	-	-	E	-	-	-	-	-	-	-	-	-	E	E	E	E	N	-	-	E	-	-	-	-
-	-	-	-	-	N	-	-	E	N	-	-	E	N	-	-	-	E	-	-	-	D	-	-	E	E	-	-
-	-	L	-	-	L	-	-	L	-	-	L	L	-	-	-	-	-	L	L	L	L	-	-	-	-	-	-
N	-	-	E	D	D	D	L	-	-	E	D	-	-	-	-	-	-	D	-	-	-	-	-	-	-	-	-
D	D	-	-	-	E	-	-	L	L	N	-	-	-	-	-	L	L	L	N	-	-	-	-	-	-	-	-
D	-	-	D	D	D	D	-	-	-	-	D	D	D	-	-	-	-	-	-	-	-	-	-	-	D	-	-
-	-	L	-	-	-	-	-	-	-	-	-	-	N	-	-	-	N	-	-	-	L	L	-	-	-	-	-
-	N	-	-	-	-	-	-	N	-	-	-	-	-	-	-	-	-	-	D	D	D	-	-	-	-	-	-
L	-	-	-	-	-	-	-	D	-	-	-	-	L	N	-	-	-	-	-	-	-	-	-	-	-	-	L
-	-	-	-	-	-	-	-	-	E	N	-	-	-	D	-	-	-	-	-	E	E	D	-	-	-	-	-
-	D	-	-	-	-	-	-	-	-	-	E	E	-	-	-	-	-	-	-	E	-	-	D	L	-	-	-
L	-	-	-	-	-	-	-	-	-	-	-	E	-	E	-	-	-	-	-	L	L	L	-	-	-	-	-
-	E	-	-	-	-	-	D	L	-	-	D	-	-	-	-	-	-	-	-	-	E	E	D	L	-	-	-
-	-	-	E	-	-	-	L	-	L	-	-	-	-	-	-	-	-	-	-	-	-	-	L	-	D	D	D
-	D	-	D	-	-	-	-	-	D	D	-	-	-	-	-	-	-	-	-	-	-	D	L	L	-	-	-
-	-	E	L	-	-	-	-	-	-	-	-	-	E	-	L	N	-	-	-	-	-	-	-	-	-	-	-
Objective 0: 7937
Objective 1: 207
Constr violation: 0
Restrictions violated:
0 0 0 0 0 0 0 0 

Individual 5
1	2	3	4	5	6	7	8	9	10	11	12	13	14	15	16	17	18	19	20	21	22	23	24	25	26	27	28
-	-	E	E	L	-	-	-	-	L	L	L	N	N	-	-	D	L	-	-	-	-	D	D	D	N	-	-
D	L	L	-	-	-	E	D	D	L	-	E	L	L	L	-	-	L	L	-	-	D	L	L	-	-	-	-
E	D	L	L	-	-	E	L	L	L	L	-	-	-	L	L	L	-	-	-	-	E	L	-	-	-	E	D
L	L	N	N	N	-	-	-	-	-	-	D	L	-	-	D	D	L	L	-	-	D	D	D	N	-	-	-
E	D	D	D	D	-	-	E	E	E	-	-	-	-	E	E	E	-	-	-	E	E	-	-	E	E	D	D
E	E	-	-	-	E	N	-	-	E	N	N	-	-	-	-	E	E	-	-	-	E	D	N	N	-	-	D
E	E	-	-	E	D	D	D	D	-	-	-	-	-	E	E	D	D	-	-	-	-	-	-	E	E	E	E
D	N	-	-	E	E	E	N	N	-	-	D	D	D	L	L	-	-	-	-	-	-	D	L	L	-	-	-
E	E	E	D	N	-	-	-	-	-	-	L	L	L	L	L	-	-	-	-	-	-	E	D	D	D	N	-
D	D	-	-	L	L	N	-	-	-	D	L	-	-	-	D	N	-	-	E	N	-	-	E	D	L	-	-
-	-	-	E	L	L	L	-	-	-	-	E	N	-	-	-	N	N	N	-	-	-	E	E	-	-	-	-
L	L	N	N	-	-	-	-	-	-	E	E	-	-	-	E	L	L	-	-	-	-	-	-	-	E	L	N
L	L	L	-	-	-	-	-	D	D	D	-	-	-	-	D	L	-	-	-	-	-	-	-	D	D	D	N
L	L	L	-	-	-	-	-	N	N	-	-	-	E	L	-	-	-	E	D	L	L	-	-	-	-	-	-
-	-	-	L	L	-	-	-	-	E	E	-	-	-	N	N	-	-	-	-	D	D	-	-	-	E	E	N
D	N	-	-	-	-	-	-	E	D	N	-	-	-	-	E	D	D	N	-	-	-	E	E	E	-	-	-
-	-	D	-	-	-	-	D	-	-	-	-	-	D	D	-	-	-	D	L	-	-	-	L	-	-	D	L
E	-	-	D	N	N	-	-	-	-	-	-	-	-	D	-	-	-	D	D	-	-	-	-	-	-	D	D
-	-	E	-	-	E	D	-	-	D	D	D	N	-	-	-	-	-	-	N	N	-	-	-	D	-	-	-
-	-	D	L	N	-	-	-	N	-	-	-	-	-	L	-	-	-	-	D	-	-	D	N	-	-	-	-
-	-	N	-	-	-	E	-	-	-	-	-	-	-	-	-	E	E	E	E	N	-	-	E	-	-	-	-
-	-	-	-	-	N	-	-	E	N	-	-	E	N	-	-	-	E	-	-	-	D	-	-	E	E	-	-
-	-	L	-	-	L	-	-	L	-	-	L	L	-	-	-	-	-	L	L	L	L	-	-	-	-	-	-
N	-	-	E	D	D	D	L	-	-	E	D	-	-	-	-	-	-	D	-	-	-	-	-	-	-	-	-
D	D	-	-	-	E	-	-	L	L	N	-	-	-	-	-	L	L	L	N	-	-	-	-	-	-	-	-
D	-	-	D	D	D	D	-	-	-	-	D	D	D	-	-	-	-	-	-	-	-	-	-	-	D	-	-
-	-	L	-	-	-	-	-	-	-	-	-	-	N	-	-	-	N	-	-	-	L	L	-	-	-	-	-
-	N	-	-	-	-	-	-	N	-	-	-	-	-	-	-	-	-	-	D	D	D	-	-	-	-	-	-
L	-	-	N	-	-	-	-	L	-	-	-	-	-	-	-	-	-	-	-	-	-	-	-	L	N	-	L
-	-	-	-	-	-	-	-	-	E	N	-	-	-	D	-	-	-	-	-	E	E	D	-	-	-	-	-
-	D	-	-	-	-	-	-	-	-	-	E	E	-	-	-	-	-	-	-	E	-	-	D	L	-	-	-
L	-	-	-	-	-	-	-	-	-	-	-	E	-	E	-	-	-	-	-	L	L	L	-	-	-	-	-
-	E	-	-	-	-	-	D	L	-	-	D	-	-	-	-	-	-	-	-	-	E	E	D	L	-	-	-
-	-	-	E	-	-	-	L	-	L	-	-	-	-	-	-	-	-	-	-	-	-	-	L	-	D	D	D
-	D	-	D	-	-	-	-	-	D	D	-	-	-	-	-	-	-	-	-	-	-	D	L	L	-	-	-
-	-	E	L	-	-	-	-	-	-	-	-	-	E	-	L	N	-	-	-	-	-	-	-	-	-	-	-
Objective 0: 7331
Objective 1: 209
Constr violation: 0
Restrictions violated:
0 0 0 0 0 0 0 0 

Individual 6
1	2	3	4	5	6	7	8	9	10	11	12	13	14	15	16	17	18	19	20	21	22	23	24	25	26	27	28
-	-	E	E	L	-	-	-	-	L	L	L	N	N	-	-	D	L	-	-	-	-	D	D	D	N	-	-
D	L	L	-	-	-	E	D	D	L	-	E	L	L	L	-	-	L	L	-	-	D	L	L	-	-	-	-
E	D	L	L	-	-	E	L	L	L	L	-	-	-	L	L	L	-	-	-	-	E	L	-	-	-	E	D
L	L	N	N	N	-	-	-	-	-	-	D	L	-	-	D	D	L	L	-	-	D	D	D	N	-	-	-
E	D	D	D	D	-	-	E	E	E	-	-	-	-	E	E	E	-	-	-	E	E	-	-	E	E	D	D
E	E	-	-	-	E	N	-	-	E	N	N	-	-	-	-	E	E	-	-	-	E	D	N	N	-	-	D
E	E	-	-	E	D	D	D	D	-	-	-	-	-	E	E	D	D	-	-	-	-	-	-	E	E	E	E
-	-	D	L	L	L	L	-	-	-	E	E	-	-	E	L	-	-	-	-	-	E	N	-	-	D	N	N
E	E	E	D	N	-	-	-	-	-	-	L	L	L	L	L	-	-	-	-	-	-	E	D	D	D	N	-
D	D	-	-	L	L	N	-	-	-	D	L	-	-	-	D	N	-	-	E	N	-	-	E	D	L	-	-
-	-	-	E	L	L	L	-	-	-	-	E	N	-	-	-	N	N	N	-	-	-	E	E	-	-	-	-
L	L	N	N	-	-	-	-	-	-	E	E	-	-	-	E	L	L	-	-	-	-	-	-	-	E	L	N
L	L	L	-	-	-	-	-	D	D	D	-	-	-	-	D	L	-	-	-	-	-	-	-	D	D	D	N
L	L	L	-	-	-	-	-	N	N	-	-	-	E	L	-	-	-	E	D	L	L	-	-	-	-	-	-
-	-	-	L	L	-	-	-	-	E	E	-	-	-	N	N	-	-	-	-	D	D	-	-	-	E	E	N
D	N	-	-	-	-	-	-	E	D	N	-	-	-	-	E	D	D	N	-	-	-	E	E	E	-	-	-
-	-	D	-	-	-	-	D	-	-	-	-	-	D	D	-	-	-	D	L	-	-	-	L	-	-	D	L
E	-	-	D	N	N	-	-	-	-	-	-	-	-	D	-	-	-	D	D	-	-	-	-	-	-	D	D
-	-	E	-	-	E	D	-	-	D	D	D	N	-	-	-	-	-	-	N	N	-	-	-	D	-	-	-
-	-	D	L	N	-	-	-	N	-	-	-	-	-	L	-	-	-	-	D	-	-	D	N	-	-	-	-
-	-	N	-	-	-	E	-	-	-	-	-	-	-	-	-	E	E	E	E	N	-	-	E	-	-	-	-
-	-	-	-	-	N	-	-	E	N	-	-	E	N	-	-	-	E	-	-	-	D	-	-	E	E	-	-
-	-	L	-	-	L	-	-	L	-	-	L	L	-	-	-	-	-	L	L	L	L	-	-	-	-	-	-
N	-	-	E	D	D	D	L	-	-	E	D	-	-	-	-	-	-	D	-	-	-	-	-	-	-	-	-
D	D	-	-	-	E	-	-	L	L	N	-	-	-	-	-	L	L	L	N	-	-	-	-	-	-	-	-
D	-	-	D	D	D	D	-	-	-	-	D	D	D	-	-	-	-	-	-	-	-	-	-	-	D	-	-
-	-	L	-	-	-	-	-	-	-	-	-	-	N	-	-	-	N	-	-	-	L	L	-	-	-	-	-
-	N	-	-	-	-	-	-	N	-	-	-	-	-	-	-	-	-	-	D	D	D	-	-	-	-	-	-
L	-	-	-	-	-	-	-	D	-	-	-	-	L	N	-	-	-	-	-	-	-	-	-	-	-	-	L
-	-	-	-	-	-	-	-	-	E	N	-	-	-	D	-	-	-	-	-	E	E	D	-	-	-	-	-
-	D	-	-	-	-	-	-	-	-	-	E	E	-	-	-	-	-	-	-	E	-	-	D	L	-	-	-
L	-	-	-	-	-	-	-	-	-	-	-	E	-	E	-	-	-	-	-	L	L	L	-	-	-	-	-
-	E	-	-	-	-	-	D	L	-	-	D	-	-	-	-	-	-	-	-	-	E	E	D	L	-	-	-
-	-	-	E	-	-	-	L	-	L	-	-	-	-	-	-	-	-	-	-	-	-	-	L	-	D	D	D
-	D	-	D	-	-	-	-	-	D	D	-	-	-	-	-	-	-	-	-	-	-	D	L	L	-	-	-
-	-	E	L	-	-	-	-	-	-	-	-	-	E	-	L	N	-	-	-	-	-	-	-	-	-	-	-
Objective 0: 7127
Objective 1: 215
Constr violation: 0
Restrictions violated:
0 0 0 0 0 0 0 0 

Individual 7
1	2	3	4	5	6	7	8	9	10	11	12	13	14	15	16	17	18	19	20	21	22	23	24	25	26	27	28
-	-	E	E	L	-	-	-	-	L	L	L	N	N	-	-	D	L	-	-	-	-	D	D	D	N	-	-
D	L	L	-	-	-	E	D	D	L	-	E	L	L	L	-	-	L	L	-	-	D	L	L	-	-	-	-
E	D	L	L	-	-	E	L	L	L	L	-	-	-	L	L	L	-	-	-	-	E	L	-	-	-	E	D
L	N	N	-	-	-	L	N	-	-	L	N	-	-	-	D	L	L	-	-	-	D	D	L	L	-	-	-
E	D	D	D	D	-	-	E	E	E	-	-	-	-	E	E	E	-	-	-	E	E	-	-	E	E	D	D
E	E	-	-	-	E	N	-	-	E	N	N	-	-	-	-	E	E	-	-	-	E	D	N	N	-	-	D
E	E	-	-	E	D	D	D	D	-	-	-	-	-	E	E	D	D	-	-	-	-	-	-	E	E	E	E
-	-	D	L	L	L	L	-	-	-	E	E	-	-	E	L	-	-	-	-	-	E	N	-	-	D	N	N
E	E	E	D	N	-	-	-	-	-	-	L	L	L	L	L	-	-	-	-	-	-	E	D	D	D	N	-
D	D	-	-	L	L	N	-	-	-	D	L	-	-	-	D	N	-	-	E	N	-	-	E	D	L	-	-
-	-	-	E	L	L	L	-	-	-	-	E	N	-	-	-	N	N	N	-	-	-	E	E	-	-	-	-
L	L	N	N	-	-	-	-	-	-	E	E	-	-	-	E	L	L	-	-	-	-	-	-	-	E	L	N
L	L	L	-	-	-	-	-	D	D	D	-	-	-	-	D	L	-	-	-	-	-	-	-	D	D	D	N
L	L	L	-	-	-	-	-	N	N	-	-	-	E	L	-	-	-	E	D	L	L	-	-	-	-	-	-
-	-	-	L	L	-	-	-	-	E	E	-	-	-	N	N	-	-	-	-	D	D	-	-	-	E	E	N
D	N	-	-	-	-	-	-	E	D	N	-	-	-	-	E	D	D	N	-	-	-	E	E	E	-	-	-
-	-	D	-	-	-	-	D	-	-	-	-	-	D	D	-	-	-	D	L	-	-	-	L	-	-	D	L
E	-	-	D	N	N	-	-	-	-	-	-	-	-	D	-	-	-	D	D	-	-	-	-	-	-	D	D
-	-	E	-	-	E	D	-	-	D	D	D	N	-	-	-	-	-	-	N	N	-	-	-	D	-	-	-
-	-	D	L	N	-	-	-	N	-	-	-	-	-	L	-	-	-	-	D	-	-	D	N	-	-	-	-
-	-	N	-	-	-	E	-	-	-	-	-	-	-	-	-	E	E	E	E	N	-	-	E	-	-	-	-
-	-	-	-	-	N	-	-	E	N	-	-	E	N	-	-	-	E	-	-	-	D	-	-	E	E	-	-
-	-	L	-	-	L	-	-	L	-	-	L	L	-	-	-	-	-	L	L	L	L	-	-	-	-	-	-
N	-	-	E	D	D	D	L	-	-	E	D	-	-	-	-	-	-	D	-	-	-	-	-	-	-	-	-
D	D	-	-	-	E	-	-	L	L	N	-	-	-	-	-	L	L	L	N	-	-	-	-	-	-	-	-
D	-	-	D	D	D	D	-	-	-	-	D	D	D	-	-	-	-	-	-	-	-	-	-	-	D	-	-
-	-	L	-	-	-	-	-	-	-	-	-	-	N	-	-	-	N	-	-	-	L	L	-	-	-	-	-
-	N	-	-	-	-	-	-	N	-	-	-	-	-	-	-	-	-	-	D	D	D	-	-	-	-	-	-
L	-	-	-	-	-	-	-	D	-	-	-	-	L	N	-	-	-	-	-	-	-	-	-	-	-	-	L
-	-	-	-	-	-	-	-	-	E	N	-	-	-	D	-	-	-	-	-	E	E	D	-	-	-	-	-
-	D	-	-	-	-	-	-	-	-	-	E	E	-	-	-	-	-	-	-	E	-	-	D	L	-	-	-
L	-	-	-	-	-	-	-	-	-	-	-	E	-	E	-	-	-	-	-	L	L	L	-	-	-	-	-
-	-	-	-	-	-	-	-	-	-	-	L	L	-	-	-	-	-	-	-	-	E	E	D	L	-	-	-
-	-	-	E	-	-	-	L	-	L	-	-	-	-	-	-	-	-	-	-	-	-	-	L	-	D	D	D
-	D	-	D	-	-	-	-	-	D	D	-	-	-	-	-	-	-	-	-	-	-	D	L	L	-	-	-
-	-	E	L	-	-	-	-	-	-	-	-	-	E	-	L	N	-	-	-	-	-	-	-	-	-	-	-
Objective 0: 7125
Objective 1: 218
Constr violation: 0
Restrictions violated:
0 0 0 0 0 0 0 0 

Individual 8
1	2	3	4	5	6	7	8	9	10	11	12	13	14	15	16	17	18	19	20	21	22	23	24	25	26	27	28
-	-	E	E	L	-	-	-	-	L	L	L	N	N	-	-	D	L	-	-	-	-	D	D	D	N	-	-
D	L	L	-	-	-	E	D	D	L	-	E	L	L	L	-	-	L	L	-	-	D	L	L	-	-	-	-
E	D	L	L	-	-	E	L	L	L	L	-	-	-	L	L	L	-	-	-	-	E	L	-	-	-	E	D
L	N	N	-	-	-	L	N	-	-	L	N	-	-	-	D	L	L	-	-	-	D	D	L	L	-	-	-
E	D	D	D	D	-	-	E	E	E	-	-	-	-	E	E	E	-	-	-	E	E	-	-	E	E	D	D
E	E	-	-	-	E	N	-	-	E	N	N	-	-	-	-	E	E	-	-	-	E	D	N	N	-	-	D
E	E	-	-	E	D	D	D	D	-	-	-	-	-	E	E	D	D	-	-	-	-	-	-	E	E	E	E
-	-	D	L	L	L	L	-	-	-	E	E	-	-	E	L	-	-	-	-	-	E	N	-	-	D	N	N
E	E	E	D	N	-	-	-	-	-	-	L	L	L	L	L	-	-	-	-	-	-	E	D	D	D	N	-
D	D	-	-	L	L	N	-	-	-	D	L	-	-	-	D	N	-	-	E	N	-	-	E	D	L	-	-
-	-	-	E	L	L	L	-	-	-	-	E	N	-	-	-	N	N	N	-	-	-	E	E	-	-	-	-
L	L	N	N	-	-	-	-	-	-	E	E	-	-	-	E	L	L	-	-	-	-	-	-	-	E	L	N
L	L	L	-	-	-	-	D	D	N	-	-	-	N	N	-	-	-	L	L	L	-	-	-	-	-	-	-
L	L	L	-	-	-	-	-	N	N	-	-	-	E	L	-	-	-	E	D	L	L	-	-	-	-	-	-
-	-	-	L	L	-	-	-	-	E	E	-	-	-	N	N	-	-	-	-	D	D	-	-	-	E	E	N
D	N	-	-	-	-	-	-	E	D	N	-	-	-	-	E	D	D	N	-	-	-	E	E	E	-	-	-
-	-	D	-	-	-	-	D	-	-	-	-	-	D	D	-	-	-	D	L	-	-	-	L	-	-	D	L
E	-	-	D	N	N	-	-	-	-	-	-	-	-	D	-	-	-	D	D	-	-	-	-	-	-	D	D
-	-	E	-	-	E	D	-	-	D	D	D	N	-	-	-	-	-	-	N	N	-	-	-	D	-	-	-
-	-	D	L	N	-	-	-	N	-	-	-	-	-	L	-	-	-	-	D	-	-	D	N	-	-	-	-
-	-	N	-	-	-	E	-	-	-	-	-	-	-	-	-	E	E	E	E	N	-	-	E	-	-	-	-
-	-	-	-	-	N	-	-	E	N	-	-	E	N	-	-	-	E	-	-	-	D	-	-	E	E	-	-
-	-	L	-	-	L	-	-	L	-	-	L	L	-	-	-	-	-	L	L	L	L	-	-	-	-	-	-
N	-	-	E	D	D	D	L	-	-	E	D	-	-	-	-	-	-	D	-	-	-	-	-	-	-	-	-
D	D	-	-	-	E	-	-	L	L	N	-	-	-	-	-	L	L	L	N	-	-	-	-	-	-	-	-
D	-	-	D	D	D	D	-	-	-	-	D	D	D	-	-	-	-	-	-	-	-	-	-	-	D	-	-
-	-	L	-	-	-	-	-	-	-	-	-	-	N	-	-	-	N	-	-	-	L	L	-	-	-	-	-
-	N	-	-	-	-	-	-	N	-	-	-	-	-	-	-	-	-	-	D	D	D	-	-	D	-	-	-
L	-	-	N	-	-	-	-	L	-	-	-	-	-	-	-	-	-	-	-	-	-	-	-	L	N	-	L
-	-	-	-	-	-	-	-	-	E	N	-	-	-	D	-	-	-	-	-	E	E	D	-	-	-	-	-
-	D	-	-	-	-	-	-	-	-	-	E	E	-	-	-	-	-	-	-	E	-	-	D	L	-	-	-
L	-	-	-	-	-	-	-	-	-	-	-	E	-	E	-	-	-	-	-	L	L	L	-	-	-	-	-
-	-	-	-	-	-	-	-	-	-	-	L	L	-	-	-	-	-	-	-	-	E	E	D	L	-	-	-
-	-	-	E	-	-	-	L	-	L	-	-	-	-	-	-	-	-	-	-	-	-	-	L	-	D	D	D
-	D	-	D	-	-	-	-	-	D	D	-	-	-	-	-	-	-	-	-	-	-	D	L	L	-	-	-
-	-	E	L	-	-	-	-	-	-	-	-	-	E	-	L	N	-	-	-	-	-	-	-	-	-	-	-
Objective 0: 7025
Objective 1: 220
Constr violation: 0
Restrictions violated:
0 0 0 0 0 0 0 0 

Individual 9
1	2	3	4	5	6	7	8	9	10	11	12	13	14	15	16	17	18	19	20	21	22	23	24	25	26	27	28
-	-	E	E	L	-	-	-	-	L	L	L	N	N	-	-	D	L	-	-	-	-	D	D	D	N	-	-
D	L	L	-	-	-	E	D	D	L	-	E	L	L	L	-	-	L	L	-	-	D	L	L	-	-	-	-
E	D	L	L	-	-	E	L	L	L	L	-	-	-	L	L	L	-	-	-	-	E	L	-	-	-	E	D
L	L	N	N	N	-	-	-	-	-	-	D	L	-	-	D	D	L	L	-	-	D	D	D	N	-	-	-
E	D	D	D	D	-	-	E	E	E	-	-	-	-	E	E	E	-	-	-	E	E	-	-	E	E	D	D
E	E	-	-	-	E	N	-	-	E	N	N	-	-	-	-	E	E	-	-	-	E	D	N	N	-	-	D
E	E	-	-	E	D	D	D	D	-	-	-	-	-	E	E	D	D	-	-	-	-	-	-	E	E	E	E
D	N	-	-	E	E	E	N	N	-	-	D	D	D	L	L	-	-	-	-	-	-	D	L	L	-	-	-
E	E	E	D	N	-	-	-	-	-	-	L	L	L	L	L	-	-	-	-	-	-	E	D	D	D	N	-
D	D	-	-	L	L	N	-	-	-	D	L	-	-	-	D	N	-	-	E	N	-	-	E	D	L	-	-
-	-	-	E	L	L	L	-	-	-	-	E	N	-	-	-	N	N	N	-	-	-	E	E	-	-	-	-
L	L	N	N	-	-	-	-	-	-	E	E	-	-	-	E	L	L	-	-	-	-	-	-	-	E	L	N
L	L	L	-	-	-	-	-	D	D	D	-	-	-	-	D	L	-	-	-	-	-	-	-	D	D	D	N
L	L	L	-	-	-	-	-	N	N	-	-	-	E	L	-	-	-	E	D	L	L	-	-	-	-	-	-
E	E	E	N	-	-	-	-	L	N	-	-	-	-	-	E	D	D	D	-	-	-	N	N	-	-	-	-
D	N	-	-	-	-	-	-	E	D	N	-	-	-	-	E	D	D	N	-	-	-	E	E	E	-	-	-
-	-	D	-	-	-	-	D	-	-	-	-	-	D	D	-	-	-	D	L	-	-	-	L	-	-	D	L
E	-	-	D	N	N	-	-	-	-	-	-	-	-	D	-	-	-	D	D	-	-	-	-	-	-	D	D
-	-	E	-	-	E	D	-	-	D	D	D	N	-	-	-	-	-	-	N	N	-	-	-	D	-	-	-
-	-	D	L	N	-	-	-	N	-	-	-	-	-	L	-	-	-	-	D	-	-	D	N	-	-	-	-
-	-	N	-	-	-	E	-	-	-	-	-	-	-	-	-	E	E	E	E	N	-	-	E	-	-	-	-
-	-	-	-	-	N	-	-	E	N	-	-	E	N	-	-	-	E	-	-	-	D	-	-	E	E	-	-
-	-	L	-	-	L	-	-	L	-	-	L	L	-	-	-	-	-	L	L	L	L	-	-	-	-	-	-
N	-	-	E	D	D	D	L	-	-	E	D	-	-	-	-	-	-	D	-	-	-	-	-	-	-	-	-
D	D	-	-	-	E	-	-	L	L	N	-	-	-	-	-	L	L	L	N	-	-	-	-	-	-	-	-
D	-	-	D	D	D	D	-	-	-	-	D	D	D	-	-	-	-	-	-	-	-	-	-	-	D	-	-
-	-	L	-	-	-	-	-	-	-	-	-	-	N	-	-	-	N	-	-	-	L	L	-	-	-	-	-
-	N	-	-	-	-	-	-	N	-	-	-	-	-	-	-	-	-	-	D	D	D	-	-	-	-	-	-
L	-	-	N	-	-	-	-	L	-	-	-	-	-	-	-	-	-	-	-	-	-	-	-	L	N	-	L
-	-	-	-	-	-	-	-	-	E	N	-	-	-	D	-	-	-	-	-	E	E	D	-	-	-	-	-
-	D	-	-	-	-	-	-	-	-	-	E	E	-	-	-	-	-	-	-	E	-	-	D	L	-	-	-
L	-	-	-	-	-	-	-	-	-	-	-	E	-	E	-	-	-	-	-	L	L	L	-	-	-	-	-
-	E	-	-	-	-	-	D	L	-	-	D	-	-	-	-	-	-	-	-	-	E	E	D	L	-	-	-
-	-	-	E	-	-	-	L	-	L	-	-	-	-	-	-	-	-	-	-	-	-	-	L	-	D	D	D
-	D	-	D	-	-	-	-	-	D	D	-	-	-	-	-	-	-	-	-	-	-	D	L	L	-	-	-
-	-	E	L	-	-	-	-	-	-	-	-	-	E	-	L	N	-	-	-	-	-	-	-	-	-	-	-
Objective 0: 8039
Objective 1: 206
Constr violation: 0
Restrictions violated:
0 0 0 0 0 0 0 0 

Individual 10
1	2	3	4	5	6	7	8	9	10	11	12	13	14	15	16	17	18	19	20	21	22	23	24	25	26	27	28
-	-	E	E	L	-	-	-	-	L	L	L	N	N	-	-	D	L	-	-	-	-	D	D	D	N	-	-
D	L	L	-	-	-	E	D	D	L	-	E	L	L	L	-	-	L	L	-	-	D	L	L	-	-	-	-
E	D	L	L	-	-	E	L	L	L	L	-	-	-	L	L	L	-	-	-	-	E	L	-	-	-	E	D
L	L	N	N	N	-	-	-	-	-	-	D	L	-	-	D	D	L	L	-	-	D	D	D	N	-	-	-
E	D	D	D	D	-	-	E	E	E	-	-	-	-	E	E	E	-	-	-	E	E	-	-	E	E	D	D
E	E	-	-	-	E	N	-	-	E	N	N	-	-	-	-	E	E	-	-	-	E	D	N	N	-	-	D
E	E	-	-	E	D	D	D	D	-	-	-	-	-	E	E	D	D	-	-	-	-	-	-	E	E	E	E
-	-	D	L	L	L	L	-	-	-	E	E	-	-	E	L	-	-	-	-	-	E	N	-	-	D	N	N
E	E	E	D	N	-	-	-	-	-	-	L	L	L	L	L	-	-	-	-	-	-	E	D	D	D	N	-
D	D	-	-	L	L	N	-	-	-	D	L	-	-	-	D	N	-	-	E	N	-	-	E	D	L	-	-
-	-	-	E	L	L	L	-	-	-	-	E	N	-	-	-	N	N	N	-	-	-	E	E	-	-	-	-
L	L	N	N	-	-	-	-	-	-	E	E	-	-	-	E	L	L	-	-	-	-	-	-	-	E	L	N
L	L	L	-	-	-	-	-	D	D	D	-	-	-	-	D	L	-	-	-	-	-	-	-	D	D	D	N
L	L	L	-	-	-	-	-	N	N	-	-	-	E	L	-	-	-	E	D	L	L	-	-	-	-	-	-
-	-	-	L	L	-	-	-	-	E	E	-	-	-	N	N	-	-	-	-	D	D	-	-	-	E	E	N
D	N	-	-	-	-	-	-	E	D	N	-	-	-	-	E	D	D	N	-	-	-	E	E	E	-	-	-
-	-	D	-	-	-	-	D	-	-	-	-	-	D	D	-	-	-	D	L	-	-	-	L	-	-	D	L
E	-	-	D	N	N	-	-	-	-	-	-	-	-	D	-	-	-	D	D	-	-	-	-	-	-	D	D
-	-	E	-	-	E	D	-	-	D	D	D	N	-	-	-	-	-	-	N	N	-	-	-	D	-	-	-
-	-	D	L	N	-	-	-	N	-	-	-	-	-	L	-	-	-	-	D	-	-	D	N	-	-	-	-
-	-	N	-	-	-	E	-	-	-	-	-	-	-	-	-	E	E	E	E	N	-	-	E	-	-	-	-
-	-	-	-	-	N	-	-	E	N	-	-	E	N	-	-	-	E	-	-	-	D	-	-	E	E	-	-
-	-	L	-	-	L	-	-	L	-	-	L	L	-	-	-	-	-	L	L	L	L	-	-	-	-	-	-
N	-	-	E	D	D	D	L	-	-	E	D	-	-	-	-	-	-	D	-	-	-	-	-	-	-	-	-
D	D	-	-	-	E	-	-	L	L	N	-	-	-	-	-	L	L	L	N	-	-	-	-	-	-	-	-
D	-	-	D	D	D	D	-	-	-	-	D	D	D	-	-	-	-	-	-	-	-	-	-	-	D	-	-
-	-	L	-	-	-	-	-	-	-	-	-	-	N	-	-	-	N	-	-	-	L	L	-	-	-	-	-
-	N	-	-	-	-	-	-	N	-	-	-	-	-	-	-	-	-	-	D	D	D	-	-	-	-	-	-
L	-	-	-	-	-	-	-	D	-	-	-	-	L	N	-	-	-	-	-	-	-	-	-	-	-	-	L
-	-	-	-	-	-	-	-	-	E	N	-	-	-	D	-	-	-	-	-	E	E	D	-	-	-	-	-
-	D	-	-	-	-	-	-	-	-	-	E	E	-	-	-	-	-	-	-	E	-	-	D	L	-	-	-
L	-	-	-	-	-	-	-	-	-	-	-	E	-	E	-	-	-	-	-	L	L	L	-	-	-	-	-
-	E	-	-	-	-	-	D	L	-	-	D	-	-	-	-	-	-	-	-	-	E	E	D	L	-	-	-
-	-	-	E	-	-	-	L	-	L	-	-	-	-	-	-	-	-	-	-	-	-	-	L	-	D	D	D
-	D	-	D	-	-	-	-	-	D	D	-	-	-	-	-	-	-	-	-	-	-	D	L	L	-	-	-
-	-	E	L	-	-	-	-	-	-	-	-	-	E	-	L	N	-	-	-	-	-	-	-	-	-	-	-
Objective 0: 7127
Objective 1: 215
Constr violation: 0
Restrictions violated:
0 0 0 0 0 0 0 0 

Individual 11
1	2	3	4	5	6	7	8	9	10	11	12	13	14	15	16	17	18	19	20	21	22	23	24	25	26	27	28
-	-	E	E	L	-	-	-	-	L	L	L	N	N	-	-	D	L	-	-	-	-	D	D	D	N	-	-
D	L	L	-	-	-	E	D	D	L	-	E	L	L	L	-	-	L	L	-	-	D	L	L	-	-	-	-
E	D	L	L	-	-	E	L	L	L	L	-	-	-	L	L	L	-	-	-	-	E	L	-	-	-	E	D
L	L	N	N	N	-	-	-	-	-	-	D	L	-	-	D	D	L	L	-	-	D	D	D	N	-	-	-
E	D	D	D	D	-	-	E	E	E	-	-	-	-	E	E	E	-	-	-	E	E	-	-	E	E	D	D
E	E	-	-	-	E	N	-	-	E	N	N	-	-	-	-	E	E	-	-	-	E	D	N	N	-	-	D
E	E	-	-	E	D	D	D	D	-	-	-	-	-	E	E	D	D	-	-	-	-	-	-	E	E	E	E
D	N	-	-	E	E	E	N	N	-	-	D	D	D	L	L	-	-	-	-	-	-	D	L	L	-	-	-
E	E	E	D	N	-	-	-	-	-	-	L	L	L	L	L	-	-	-	-	-	-	E	D	D	D	N	-
D	D	-	-	L	L	N	-	-	-	D	L	-	-	-	D	N	-	-	E	N	-	-	E	D	L	-	-
-	-	-	E	L	L	L	-	-	-	-	E	N	-	-	-	N	N	N	-	-	-	E	E	-	-	-	-
L	L	N	N	-	-	-	-	-	-	E	E	-	-	-	E	L	L	-	-	-	-	-	-	-	E	L	N
L	L	L	-	-	-	-	-	D	D	D	-	-	-	-	D	L	-	-	-	-	-	-	-	D	D	D	N
L	L	L	-	-	-	-	-	N	N	-	-	-	E	L	-	-	-	E	D	L	L	-	-	-	-	-	-
E	E	E	N	-	-	-	-	L	N	-	-	-	-	-	E	D	D	D	-	-	-	N	N	-	-	-	-
D	N	-	-	-	-	-	-	E	D	N	-	-	-	-	E	D	D	N	-	-	-	E	E	E	-	-	-
-	-	D	-	-	-	-	D	-	-	-	-	-	D	D	-	-	-	D	L	-	-	-	L	-	-	D	L
E	-	-	D	N	N	-	-	-	-	-	-	-	-	D	-	-	-	D	D	-	-	-	-	-	-	D	D
-	-	E	-	-	E	D	-	-	D	D	D	N	-	-	-	-	-	-	N	N	-	-	-	D	-	-	-
-	-	D	L	N	-	-	-	N	-	-	-	-	-	L	-	-	-	-	D	-	-	D	N	-	-	-	-
-	-	N	-	-	-	E	-	-	-	-	-	-	-	-	-	E	E	E	E	N	-	-	E	-	-	-	-
-	-	-	-	-	N	-	-	E	N	-	-	E	N	-	-	-	E	-	-	-	D	-	-	E	E	-	-
-	-	L	-	-	L	-	-	L	-	-	L	L	-	-	-	-	-	L	L	L	L	-	-	-	-	-	-
N	-	-	E	D	D	D	L	-	-	E	D	-	-	-	-	-	-	D	-	-	-	-	-	-	-	-	-
D	D	-	-	-	E	-	-	L	L	N	-	-	-	-	-	L	L	L	N	-	-	-	-	-	-	-	-
D	-	-	D	D	D	D	-	-	-	-	D	D	D	-	-	-	-	-	-	-	-	-	-	-	D	-	-
-	-	L	-	-	-	-	-	-	-	-	-	-	N	-	-	-	N	-	-	-	L	L	-	-	-	-	-
-	N	-	-	-	-	-	-	N	-	-	-	-	-	-	-	-	-	-	D	D	D	-	-	-	-	-	-
L	-	-	N	-	-	-	-	L	-	-	-	-	-	-	-	-	-	-	-	-	-	-	-	L	N	-	L
-	-	-	-	-	-	-	-	-	E	N	-	-	-	D	-	-	-	-	-	E	E	D	-	-	-	-	-
-	D	-	-	-	-	-	-	-	-	-	E	E	-	-	-	-	-	-	-	E	-	-	D	L	-	-	-
L	-	-	-	-	-	-	-	-	-	-	-	E	-	E	-	-	-	-	-	L	L	L	-	-	-	-	-
-	E	-	-	-	-	-	D	L	-	-	D	-	-	-	-	-	-	-	-	-	E	E	D	L	-	-	-
-	-	-	E	-	-	-	L	-	L	-	-	-	-	-	-	-	-	-	-	-	-	-	L	-	D	D	D
-	D	-	D	-	-	-	-	-	D	D	-	-	-	-	-	-	-	-	-	-	-	D	L	L	-	-	-
-	-	E	L	-	-	-	-	-	-	-	-	-	E	-	L	N	-	-	-	-	-	-	-	-	-	-	-
Objective 0: 8039
Objective 1: 206
Constr violation: 0
Restrictions violated:
0 0 0 0 0 0 0 0 

