Individual 0
1	2	3	4	5	6	7	8	9	10	11	12	13	14	15	16	17	18	19	20	21	22	23	24	25	26	27	28
-	E	E	E	E	-	-	E	N	-	-	E	E	L	L	L	-	-	-	-	-	E	E	N	-	-	L	N
D	D	D	D	-	-	-	E	L	-	-	L	L	L	-	-	-	D	L	-	-	E	E	-	-	L	L	L
D	D	L	-	-	E	D	D	-	-	L	L	-	-	E	E	L	-	-	D	D	D	D	-	-	-	-	-
L	L	-	-	-	-	-	L	N	N	N	N	-	-	-	D	L	-	-	D	L	N	-	-	-	D	D	D
D	D	D	D	D	-	-	E	E	E	E	E	-	-	-	-	-	-	E	E	E	E	E	-	-	-	E	D
N	N	N	N	N	-	-	-	E	E	D	D	-	-	-	-	E	E	E	E	E	-	-	-	-	-	-	E
E	E	E	E	-	E	E	D	D	D	-	-	-	-	E	E	D	D	D	-	-	-	-	-	-	D	D	D
E	E	N	-	-	E	L	L	-	-	E	D	-	-	-	E	D	N	D	D	L	L	N	-	-	-	-	-
-	L	L	L	L	N	-	-	-	-	E	E	-	-	E	E	N	N	-	-	-	-	-	D	D	D	L	L
E	D	D	-	-	-	-	-	E	E	E	L	L	-	-	-	L	L	L	L	L	-	-	E	L	-	-	-
-	-	-	L	N	-	-	-	L	N	N	-	-	-	-	E	E	L	-	-	-	L	L	L	L	-	-	-
-	-	-	-	E	L	L	-	-	L	L	L	N	-	-	-	L	L	L	-	-	-	E	E	E	N	-	-
L	L	-	-	-	-	-	-	D	D	L	N	-	-	-	-	-	-	-	D	D	-	-	-	L	L	N	N
-	D	L	L	-	-	-	-	-	D	D	D	-	-	-	-	-	D	N	N	-	-	-	D	N	-	-	-
D	D	-	-	-	D	D	L	L	-	-	-	-	E	L	L	N	-	-	-	-	-	-	N	N	-	-	-
-	-	-	E	E	-	-	-	E	E	-	-	E	D	N	N	-	-	-	-	-	-	-	-	E	E	D	N
-	-	-	-	L	L	-	-	D	L	L	-	-	-	-	-	-	-	D	L	-	-	-	-	-	-	D	L
-	-	L	L	N	N	N	-	-	-	-	-	-	-	-	-	-	-	-	-	E	D	D	D	L	-	-	-
-	-	E	-	-	-	-	-	-	-	-	-	E	D	D	D	-	-	-	-	N	-	-	-	E	E	E	D
-	-	-	-	D	D	D	D	N	-	-	-	-	-	-	-	-	-	D	-	-	-	N	N	-	-	-	-
-	-	-	-	-	-	D	N	-	-	-	L	L	N	-	-	-	-	E	E	E	L	-	-	-	-	-	-
-	-	-	D	D	D	D	N	-	-	-	-	N	-	-	-	-	-	-	-	E	E	E	D	D	N	-	-
-	L	L	L	-	-	-	-	-	-	-	-	L	L	L	-	-	L	L	L	L	L	-	-	-	-	-	-
-	-	-	-	-	L	L	-	-	E	-	-	E	E	E	D	-	-	L	L	-	-	-	-	-	-	-	-
-	-	-	-	-	-	-	-	D	N	-	-	-	-	-	-	E	E	D	N	-	-	-	D	D	L	N	-
-	D	D	D	D	-	-	-	-	-	E	E	-	-	-	-	D	-	-	-	-	E	-	-	-	-	D	D
-	-	-	-	-	-	-	-	N	-	N	-	-	-	-	-	-	-	-	-	-	-	-	L	L	-	-	L
-	-	-	-	-	-	-	-	-	-	-	D	-	-	-	-	-	-	-	-	-	-	-	D	D	N	N	-
D	L	-	-	-	-	-	-	-	-	-	-	-	-	N	-	-	-	-	-	-	-	-	-	D	L	N	-
-	-	-	-	-	-	E	D	-	-	-	-	-	-	-	-	-	-	-	D	N	-	-	-	-	-	D	D
-	-	-	-	-	E	-	-	-	L	-	-	-	-	-	-	-	-	-	-	-	L	-	E	E	D	-	E
N	-	-	-	-	-	-	-	-	-	-	-	E	N	-	-	-	-	-	-	D	D	L	-	-	-	-	-
-	-	-	-	-	-	-	-	-	D	-	-	-	-	-	-	-	-	-	-	E	E	E	E	E	-	-	-
-	-	E	N	-	-	-	-	-	L	-	-	E	E	-	-	-	-	-	-	-	-	-	-	-	-	-	-
-	-	-	D	-	-	-	-	-	-	-	D	-	-	-	-	-	-	-	D	D	D	D	L	-	-	-	-
-	-	-	E	-	-	E	L	L	-	-	-	-	-	-	L	-	-	-	-	-	-	L	L	-	-	-	-
Objective 0: 5524
Objective 1: 109
Constr violation: 0
Restrictions violated:
0 0 0 0 0 0 0 0 

Individual 1
1	2	3	4	5	6	7	8	9	10	11	12	13	14	15	16	17	18	19	20	21	22	23	24	25	26	27	28
-	E	E	E	E	-	-	E	N	-	-	E	E	L	L	L	-	-	-	-	-	E	E	N	-	-	L	N
D	D	D	D	-	-	-	E	L	-	-	L	L	L	-	-	-	D	L	-	-	E	E	-	-	L	L	L
D	D	L	-	-	E	D	D	-	-	L	L	-	-	E	E	L	-	-	D	D	D	D	-	-	-	-	-
-	-	L	L	-	-	-	L	N	N	N	N	-	-	-	D	L	-	-	D	L	N	-	-	-	D	D	D
D	D	D	D	D	-	-	E	E	E	E	E	-	-	-	-	-	-	E	E	E	E	E	-	-	-	E	D
N	N	N	N	N	-	-	-	E	E	D	D	-	-	-	-	E	E	E	E	E	-	-	-	-	-	-	E
E	E	E	E	-	E	E	D	D	D	-	-	-	-	E	E	D	D	D	-	-	-	-	E	E	E	E	D
E	E	N	-	-	E	L	L	-	-	E	D	-	-	-	E	D	N	D	D	L	L	N	-	-	-	-	-
-	L	L	L	L	N	-	-	-	-	E	E	-	-	E	E	N	N	-	-	-	-	-	D	D	D	L	L
E	D	D	-	-	-	-	-	E	D	D	L	N	-	-	-	L	L	L	L	L	-	-	E	L	-	-	-
-	-	-	L	N	-	-	-	L	N	N	-	-	-	-	E	E	L	-	-	-	L	L	L	L	-	-	-
-	-	-	-	E	L	L	-	-	L	L	L	N	-	-	-	L	L	L	-	-	-	E	E	E	N	-	-
L	L	-	-	-	-	-	-	D	D	L	N	-	-	-	-	-	-	-	D	D	-	-	-	L	L	N	N
-	D	L	L	-	-	-	-	-	D	D	D	-	-	-	-	-	D	N	N	-	-	-	D	N	-	-	-
D	D	-	-	-	D	D	L	L	-	-	-	-	E	L	L	N	-	-	-	-	D	L	L	-	-	-	-
-	-	-	E	E	-	-	-	E	E	-	-	E	D	N	N	-	-	-	-	-	-	-	-	E	E	D	N
-	-	-	-	L	L	-	-	D	L	L	-	-	-	-	-	-	-	D	L	-	-	-	-	-	-	D	L
-	-	E	-	-	N	N	-	-	-	-	-	L	N	N	-	-	-	-	-	E	D	D	D	L	-	-	-
-	-	E	-	-	-	-	-	-	-	-	-	E	D	D	D	-	-	-	-	N	-	-	-	E	E	E	D
-	-	-	-	L	L	-	-	-	-	-	D	D	D	D	N	-	-	D	-	-	-	N	N	-	-	-	-
-	-	-	-	-	-	D	N	-	-	-	L	L	N	-	-	-	-	E	E	E	L	-	-	-	-	-	-
-	-	-	D	D	D	D	N	-	-	-	-	N	-	-	-	-	-	-	-	E	E	E	D	D	N	-	-
-	L	L	L	-	-	-	-	-	-	-	-	L	L	L	-	-	L	L	L	L	L	-	-	-	-	-	-
-	-	-	-	-	L	L	-	-	E	-	-	E	E	E	D	-	-	L	L	-	-	-	-	-	-	-	-
-	-	-	-	-	-	-	-	D	N	-	-	-	-	-	-	E	E	D	N	-	-	-	D	D	L	N	-
-	D	D	D	D	-	-	-	-	-	E	E	-	-	-	-	D	-	-	-	-	E	-	-	-	-	D	D
-	-	-	-	-	-	-	-	N	-	N	-	-	-	-	-	-	-	-	-	-	-	-	L	L	-	-	L
-	-	-	-	-	-	-	D	-	-	-	D	-	-	-	-	-	-	-	-	-	-	-	D	D	N	N	-
D	L	-	-	-	-	-	-	-	-	-	-	-	-	N	-	-	-	-	-	-	-	-	-	D	L	N	-
-	-	-	-	-	-	E	D	-	-	-	-	-	-	-	-	-	-	-	D	N	-	-	-	-	-	D	D
-	-	-	-	-	E	-	-	-	L	-	-	-	-	-	-	-	-	-	-	-	L	-	E	E	D	-	E
N	-	-	-	-	-	-	-	-	-	-	-	E	N	-	-	-	-	-	-	D	D	L	-	-	-	-	-
-	-	-	-	-	-	-	-	-	-	-	-	D	L	L	L	-	-	-	-	-	E	D	-	-	-	-	-
-	-	-	-	-	-	-	-	-	L	-	-	E	E	-	-	-	-	-	-	-	-	-	-	-	E	N	-
-	-	-	D	-	-	-	-	-	-	-	D	-	-	-	-	-	-	-	-	D	D	L	L	-	L	-	-
-	-	-	E	-	-	E	L	L	-	-	-	-	-	-	L	-	-	-	-	-	-	L	L	-	-	-	-
Objective 0: 3813
Objective 1: 134
Constr violation: 0
Restrictions violated:
0 0 0 0 0 0 0 0 

Individual 2
1	2	3	4	5	6	7	8	9	10	11	12	13	14	15	16	17	18	19	20	21	22	23	24	25	26	27	28
-	E	E	E	E	-	-	E	N	-	-	E	E	L	L	L	-	-	-	-	-	E	E	N	-	-	L	N
D	D	D	D	-	-	-	E	L	-	-	L	L	L	-	-	-	D	L	-	-	E	E	-	-	L	L	L
D	D	L	-	-	E	D	D	-	-	L	L	-	-	E	E	L	-	-	D	D	D	D	-	-	-	-	-
L	L	-	-	-	-	-	L	N	N	N	N	-	-	-	D	L	-	-	D	L	N	-	-	-	D	D	D
D	D	D	D	D	-	-	E	E	E	E	E	-	-	-	-	-	-	E	E	E	E	E	-	-	-	E	D
N	N	N	N	N	-	-	-	E	E	D	D	-	-	-	-	E	E	E	E	E	-	-	-	-	-	-	E
E	E	E	E	-	E	E	D	D	D	-	-	-	-	E	E	D	D	D	-	-	-	-	-	-	D	D	D
E	E	N	-	-	E	L	L	-	-	E	D	-	-	-	E	D	N	D	D	L	L	N	-	-	-	-	-
-	L	L	L	L	N	-	-	-	-	E	E	-	-	E	E	N	N	-	-	-	-	-	D	D	D	L	L
E	D	D	-	-	-	-	-	E	E	E	L	L	-	-	-	L	L	L	L	L	-	-	E	L	-	-	-
-	-	-	L	N	-	-	-	L	N	N	-	-	-	-	E	E	L	-	-	-	L	L	L	L	-	-	-
-	-	-	-	E	L	L	-	-	L	L	L	N	-	-	-	L	L	L	-	-	-	E	E	E	N	-	-
L	L	-	-	-	-	-	-	D	D	L	N	-	-	-	-	-	-	-	D	D	-	-	-	L	L	N	N
-	D	L	L	-	-	-	-	-	D	D	D	-	-	-	-	-	D	N	N	-	-	-	D	N	-	-	-
D	D	-	-	-	D	D	L	L	-	-	-	-	E	L	L	N	-	-	-	-	-	-	N	N	-	-	-
-	-	-	E	E	-	-	-	E	E	-	-	E	D	N	N	-	-	-	-	-	-	-	-	E	E	D	N
-	-	-	-	L	L	-	-	D	L	L	-	-	-	-	-	-	-	D	L	-	-	-	-	-	-	D	L
-	-	L	L	N	N	N	-	-	-	-	-	-	-	-	-	-	-	-	-	E	D	D	D	L	-	-	-
-	-	E	-	-	-	-	-	-	-	-	-	E	D	D	D	-	-	-	-	N	-	-	-	E	E	E	D
-	-	-	-	L	L	-	-	-	-	-	D	D	D	D	N	-	-	D	-	-	-	N	N	-	-	-	-
-	-	-	-	-	-	D	N	-	-	-	L	L	N	-	-	-	-	E	E	E	L	-	-	-	-	-	-
-	-	-	D	D	D	D	N	-	-	-	-	N	-	-	-	-	-	-	-	E	E	E	D	D	N	-	-
-	L	L	L	-	-	-	-	-	-	-	-	L	L	L	-	-	L	L	L	L	L	-	-	-	-	-	-
-	-	-	-	-	L	L	-	-	E	-	-	E	E	E	D	-	-	L	L	-	-	-	-	-	-	-	-
-	-	-	-	-	-	-	-	D	N	-	-	-	-	-	-	E	E	D	N	-	-	-	D	D	L	N	-
-	D	D	D	D	-	-	-	-	-	E	E	-	-	-	-	D	-	-	-	-	E	-	-	-	-	D	D
-	-	-	-	-	-	-	-	N	-	N	-	-	-	-	-	-	-	-	-	-	-	-	L	L	-	-	L
-	-	-	-	-	-	-	D	-	-	-	D	-	-	-	-	-	-	-	-	-	-	-	D	D	N	N	-
D	L	-	-	-	-	-	-	-	-	-	-	-	-	N	-	-	-	-	-	-	-	-	-	D	L	N	-
-	-	-	-	-	-	E	D	-	-	-	-	-	-	-	-	-	-	-	D	N	-	-	-	-	-	D	D
-	-	-	-	-	E	-	-	-	L	-	-	-	-	-	-	-	-	-	-	-	L	-	E	E	D	-	E
N	-	-	-	-	-	-	-	-	-	-	-	E	N	-	-	-	-	-	-	D	D	L	-	-	-	-	-
-	-	-	-	-	-	-	-	-	D	-	-	-	-	-	-	-	-	-	-	E	E	E	E	E	-	-	-
-	-	E	N	-	-	-	-	-	L	-	-	E	E	-	-	-	-	-	-	-	-	-	-	-	-	-	-
-	-	-	D	-	-	-	-	-	-	-	D	-	-	-	-	-	-	-	D	D	D	D	L	-	-	-	-
-	-	-	E	-	-	E	L	L	-	-	-	-	-	-	L	-	-	-	-	-	-	L	L	-	-	-	-
Objective 0: 4820
Objective 1: 113
Constr violation: 0
Restrictions violated:
0 0 0 0 0 0 0 0 

Individual 3
1	2	3	4	5	6	7	8	9	10	11	12	13	14	15	16	17	18	19	20	21	22	23	24	25	26	27	28
-	E	E	E	E	-	-	E	N	-	-	E	E	L	L	L	-	-	-	-	-	E	E	N	-	-	L	N
D	D	D	D	-	-	-	E	L	-	-	L	L	L	-	-	-	D	L	-	-	E	E	-	-	L	L	L
D	D	L	-	-	E	D	D	-	-	L	L	-	-	E	E	L	-	-	D	D	D	D	-	-	-	-	-
L	L	-	-	-	-	-	L	N	N	N	N	-	-	-	D	L	-	-	D	L	N	-	-	-	D	D	D
D	D	D	D	D	-	-	E	E	E	E	E	-	-	-	-	-	-	E	E	E	E	E	-	-	-	E	D
N	N	N	N	N	-	-	-	E	E	D	D	-	-	-	-	E	E	E	E	E	-	-	-	-	-	-	E
E	E	E	E	-	E	E	D	D	D	-	-	-	-	E	E	D	D	D	-	-	-	-	-	-	D	D	D
E	E	N	-	-	E	L	L	-	-	E	D	-	-	-	E	D	N	D	D	L	L	N	-	-	-	-	-
-	L	L	L	L	N	-	-	-	-	E	E	-	-	E	E	N	N	-	-	-	-	-	D	D	D	L	L
E	D	D	-	-	-	-	-	E	E	E	L	L	-	-	-	L	L	L	L	L	-	-	E	L	-	-	-
-	-	-	L	N	-	-	-	L	N	N	-	-	-	-	E	E	L	-	-	-	L	L	L	L	-	-	-
-	-	-	-	E	L	L	-	-	L	L	L	N	-	-	-	L	L	L	-	-	-	E	E	E	N	-	-
L	L	-	-	-	-	-	-	D	D	L	N	-	-	-	-	-	-	-	D	D	-	-	-	L	L	N	N
-	D	L	L	-	-	-	-	-	D	D	D	-	-	-	-	-	D	N	N	-	-	-	D	N	-	-	-
D	D	-	-	-	D	D	L	L	-	-	-	-	E	L	L	N	-	-	-	-	-	-	N	N	-	-	-
-	-	-	E	E	-	-	-	E	E	-	-	E	D	N	N	-	-	-	-	-	-	-	-	E	E	D	N
-	-	-	-	L	L	-	-	D	L	L	-	-	-	-	-	-	-	D	L	-	-	-	-	-	-	D	L
-	-	L	L	N	N	N	-	-	-	-	-	-	-	-	-	-	-	-	-	E	D	D	D	L	-	-	-
-	-	E	-	-	-	-	-	-	-	-	-	E	D	D	D	-	-	-	-	N	-	-	-	E	E	E	D
-	-	-	-	D	D	D	D	N	-	-	-	-	-	-	-	-	-	D	-	-	-	N	N	-	-	-	-
-	-	-	-	-	-	D	N	-	-	-	L	L	N	-	-	-	-	E	E	E	L	-	-	-	-	-	-
-	-	-	D	D	D	D	N	-	-	-	-	N	-	-	-	-	-	-	-	E	E	E	D	D	N	-	-
-	L	L	L	-	-	-	-	-	-	-	-	L	L	L	-	-	L	L	L	L	L	-	-	-	-	-	-
-	-	-	-	-	L	L	-	-	E	-	-	E	E	E	D	-	-	L	L	-	-	-	-	-	-	-	-
-	-	-	-	-	-	-	-	D	N	-	-	-	-	-	-	E	E	D	N	-	-	-	D	D	L	N	-
-	D	D	D	D	-	-	-	-	-	E	E	-	-	-	-	D	-	-	-	-	E	-	-	-	-	D	D
-	-	-	-	-	-	-	-	N	-	N	-	-	-	-	-	-	-	-	-	-	-	-	L	L	-	-	L
-	-	-	-	-	-	-	-	-	-	-	D	-	-	-	-	-	-	-	-	-	-	-	D	D	N	N	-
D	L	-	-	-	-	-	-	-	-	-	-	-	-	N	-	-	-	-	-	-	-	-	-	D	L	N	-
-	-	-	-	-	-	E	D	-	-	-	-	-	-	-	-	-	-	-	D	N	-	-	-	-	-	D	D
-	-	-	-	-	E	-	-	-	L	-	-	-	-	-	-	-	-	-	-	-	L	-	E	E	D	-	E
N	-	-	-	-	-	-	-	-	-	-	-	E	N	-	-	-	-	-	-	D	D	L	-	-	-	-	-
-	-	-	-	-	-	-	-	-	D	-	-	-	-	-	-	-	-	-	-	E	E	E	E	E	-	-	-
-	-	-	-	-	-	-	-	-	L	-	-	E	E	-	-	-	-	-	-	-	-	-	-	-	E	N	-
-	-	-	D	-	-	-	-	-	-	-	D	-	-	-	-	-	-	-	D	D	D	D	L	-	-	-	-
-	-	-	E	-	-	E	L	L	-	-	-	-	-	-	L	-	-	-	-	-	-	L	L	-	-	-	-
Objective 0: 5423
Objective 1: 110
Constr violation: 0
Restrictions violated:
0 0 0 0 0 0 0 0 

Individual 4
1	2	3	4	5	6	7	8	9	10	11	12	13	14	15	16	17	18	19	20	21	22	23	24	25	26	27	28
-	E	E	E	E	-	-	E	N	-	-	E	E	L	L	L	-	-	-	-	-	E	E	N	-	-	L	N
D	D	D	D	-	-	-	E	L	-	-	L	L	L	-	-	-	D	L	-	-	E	E	-	-	L	L	L
D	D	L	-	-	E	D	D	-	-	L	L	-	-	E	E	L	-	-	D	D	D	D	-	-	-	-	-
L	L	-	-	-	-	-	L	N	N	N	N	-	-	-	D	L	-	-	D	L	N	-	-	-	D	D	D
D	D	D	D	D	-	-	E	E	E	E	E	-	-	-	-	-	-	E	E	E	E	E	-	-	-	E	D
N	N	N	N	N	-	-	-	E	E	D	D	-	-	-	-	E	E	E	E	E	-	-	-	-	-	-	E
E	E	E	E	-	E	E	D	D	D	-	-	-	-	E	E	D	D	D	-	-	-	-	E	E	E	E	D
E	E	N	-	-	E	L	L	-	-	E	D	-	-	-	E	D	N	D	D	L	L	N	-	-	-	-	-
-	L	L	L	L	N	-	-	-	-	E	E	-	-	E	E	N	N	-	-	-	-	-	D	D	D	L	L
E	D	D	-	-	-	-	-	E	D	D	L	N	-	-	-	L	L	L	L	L	-	-	E	L	-	-	-
-	-	-	L	N	-	-	-	L	N	N	-	-	-	-	E	E	L	-	-	-	L	L	L	L	-	-	-
-	-	-	-	E	L	L	-	-	L	L	L	N	-	-	-	L	L	L	-	-	-	E	E	E	N	-	-
L	L	-	-	-	-	-	-	D	D	L	N	-	-	-	-	-	-	-	D	D	-	-	-	L	L	N	N
-	D	L	L	-	-	-	-	-	D	D	D	-	-	-	-	-	D	N	N	-	-	-	D	N	-	-	-
D	D	-	-	-	D	D	L	L	-	-	-	-	E	L	L	N	-	-	-	-	-	-	N	N	-	-	-
-	-	-	E	E	-	-	-	E	E	-	-	E	D	N	N	-	-	-	-	-	-	-	-	E	E	D	N
-	-	-	-	L	L	-	-	D	L	L	-	-	-	-	-	-	-	D	L	-	-	-	-	-	-	D	L
-	-	E	-	-	N	N	-	-	-	-	-	L	N	N	-	-	-	-	-	E	D	D	D	L	-	-	-
-	-	E	-	-	-	-	-	-	-	-	-	E	D	D	D	-	-	-	-	N	-	-	-	E	E	E	D
-	-	-	-	L	L	-	-	-	-	-	D	D	D	D	N	-	-	D	-	-	-	N	N	-	-	-	-
-	-	-	-	-	-	D	N	-	-	-	L	L	N	-	-	-	-	E	E	E	L	-	-	-	-	-	-
-	-	-	D	D	D	D	N	-	-	-	-	N	-	-	-	-	-	-	-	E	E	E	D	D	N	-	-
-	L	L	L	-	-	-	-	-	-	-	-	L	L	L	-	-	L	L	L	L	L	-	-	-	-	-	-
-	-	-	-	-	L	L	-	-	E	-	-	E	E	E	D	-	-	L	L	-	-	-	-	-	-	-	-
-	-	-	-	-	-	-	-	D	N	-	-	-	-	-	-	E	E	D	N	-	-	-	D	D	L	N	-
-	D	D	D	D	-	-	-	-	-	E	E	-	-	-	-	D	-	-	-	-	E	-	-	-	-	D	D
-	-	-	-	-	-	-	-	N	-	N	-	-	-	-	-	-	-	-	-	-	-	-	L	L	-	-	L
-	-	-	-	-	-	-	D	-	-	-	D	-	-	-	-	-	-	-	-	-	-	-	D	D	N	N	-
D	L	-	-	-	-	-	-	-	-	-	-	-	-	N	-	-	-	-	-	-	-	-	-	D	L	N	-
-	-	-	-	-	-	E	D	-	-	-	-	-	-	-	-	-	-	-	D	N	-	-	-	-	-	D	D
-	-	-	-	-	E	-	-	-	L	-	-	-	-	-	-	-	-	-	-	-	L	-	E	E	D	-	E
N	-	-	-	-	-	-	-	-	-	-	-	E	N	-	-	-	-	-	-	D	D	L	-	-	-	-	-
-	-	-	-	-	-	-	-	-	-	-	-	D	L	L	L	-	-	-	-	-	E	D	-	-	-	-	-
-	-	-	-	-	-	-	-	-	L	-	-	E	E	-	-	-	-	-	-	-	-	-	-	-	E	N	-
-	-	-	D	-	-	-	-	-	-	-	D	-	-	-	-	-	-	-	-	D	D	L	L	-	L	-	-
-	-	-	E	-	-	E	L	L	-	-	-	-	-	-	L	-	-	-	-	-	-	L	L	-	-	-	-
Objective 0: 4014
Objective 1: 128
Constr violation: 0
Restrictions violated:
0 0 0 0 0 0 0 0 

Individual 5
1	2	3	4	5	6	7	8	9	10	11	12	13	14	15	16	17	18	19	20	21	22	23	24	25	26	27	28
-	E	E	E	E	-	-	E	N	-	-	E	E	L	L	L	-	-	-	-	-	E	E	N	-	-	L	N
D	D	D	D	-	-	-	E	L	-	-	L	L	L	-	-	-	D	L	-	-	E	E	-	-	L	L	L
D	D	L	-	-	E	D	D	-	-	L	L	-	-	E	E	L	-	-	D	D	D	D	-	-	-	-	-
-	-	L	L	-	-	-	L	N	N	N	N	-	-	-	D	L	-	-	D	L	N	-	-	-	D	D	D
D	D	D	D	D	-	-	E	E	E	E	E	-	-	-	-	-	-	E	E	E	E	E	-	-	-	E	D
N	N	N	N	N	-	-	-	E	E	D	D	-	-	-	-	E	E	E	E	E	-	-	-	-	-	-	E
E	E	E	E	-	E	E	D	D	D	-	-	-	-	E	E	D	D	D	-	-	-	-	E	E	E	E	D
E	E	N	-	-	E	L	L	-	-	E	D	-	-	-	E	D	N	D	D	L	L	N	-	-	-	-	-
-	L	L	L	L	N	-	-	-	-	E	E	-	-	E	E	N	N	-	-	-	-	-	D	D	D	L	L
E	D	D	-	-	-	-	-	E	D	D	L	N	-	-	-	L	L	L	L	L	-	-	E	L	-	-	-
-	-	-	L	N	-	-	-	L	N	N	-	-	-	-	E	E	L	-	-	-	L	L	L	L	-	-	-
-	-	-	-	E	L	L	-	-	L	L	L	N	-	-	-	L	L	L	-	-	-	E	E	E	N	-	-
L	L	-	-	-	-	-	-	D	D	L	N	-	-	-	-	-	-	-	D	D	-	-	-	L	L	N	N
-	D	L	L	-	-	-	-	-	D	D	D	-	-	-	-	-	D	N	N	-	-	-	D	N	-	-	-
D	D	-	-	-	D	D	L	L	-	-	-	-	E	L	L	N	-	-	-	-	-	-	N	N	-	-	-
-	-	-	E	E	-	-	-	E	E	-	-	E	D	N	N	-	-	-	-	-	-	-	-	E	E	D	N
-	-	-	-	L	L	-	-	D	L	L	-	-	-	-	-	-	-	D	L	-	-	-	-	-	-	D	L
-	-	E	-	-	N	N	-	-	-	-	-	L	N	N	-	-	-	-	-	E	D	D	D	L	-	-	-
-	-	E	-	-	-	-	-	-	-	-	-	E	D	D	D	-	-	-	-	N	-	-	-	E	E	E	D
-	-	-	-	L	L	-	-	-	-	-	D	D	D	D	N	-	-	D	-	-	-	N	N	-	-	-	-
-	-	-	-	-	-	D	N	-	-	-	L	L	N	-	-	-	-	E	E	E	L	-	-	-	-	-	-
-	-	-	D	D	D	D	N	-	-	-	-	N	-	-	-	-	-	-	-	E	E	E	D	D	N	-	-
-	L	L	L	-	-	-	-	-	-	-	-	L	L	L	-	-	L	L	L	L	L	-	-	-	-	-	-
-	-	-	-	-	L	L	-	-	E	-	-	E	E	E	D	-	-	L	L	-	-	-	-	-	-	-	-
-	-	-	-	-	-	-	-	D	N	-	-	-	-	-	-	E	E	D	N	-	-	-	D	D	L	N	-
-	D	D	D	D	-	-	-	-	-	E	E	-	-	-	-	D	-	-	-	-	E	-	-	-	-	D	D
-	-	-	-	-	-	-	-	N	-	N	-	-	-	-	-	-	-	-	-	-	-	-	L	L	-	-	L
-	-	-	-	-	-	-	D	-	-	-	D	-	-	-	-	-	-	-	-	-	-	-	D	D	N	N	-
D	L	-	-	-	-	-	-	-	-	-	-	-	-	N	-	-	-	-	-	-	-	-	-	D	L	N	-
-	-	-	-	-	-	E	D	-	-	-	-	-	-	-	-	-	-	-	D	N	-	-	-	-	-	D	D
-	-	-	-	-	E	-	-	-	L	-	-	-	-	-	-	-	-	-	-	-	L	-	E	E	D	-	E
N	-	-	-	-	-	-	-	-	-	-	-	E	N	-	-	-	-	-	-	D	D	L	-	-	-	-	-
-	-	-	-	-	-	-	-	-	-	-	-	D	L	L	L	-	-	-	-	-	E	D	-	-	-	-	-
-	-	-	-	-	-	-	-	-	L	-	-	E	E	-	-	-	-	-	-	-	-	-	-	-	E	N	-
-	-	-	D	-	-	-	-	-	-	-	D	-	-	-	-	-	-	-	-	D	D	L	L	-	L	-	-
-	-	-	E	-	-	E	L	L	-	-	-	-	-	-	L	-	-	-	-	-	-	L	L	-	-	-	-
Objective 0: 3913
Objective 1: 130
Constr violation: 0
Restrictions violated:
0 0 0 0 0 0 0 0 

Individual 6
1	2	3	4	5	6	7	8	9	10	11	12	13	14	15	16	17	18	19	20	21	22	23	24	25	26	27	28
-	E	E	E	E	-	-	E	N	-	-	E	E	L	L	L	-	-	-	-	-	E	E	N	-	-	L	N
D	D	D	D	-	-	-	E	L	-	-	L	L	L	-	-	-	D	L	-	-	E	E	-	-	L	L	L
D	D	L	-	-	E	D	D	-	-	L	L	-	-	E	E	L	-	-	D	D	D	D	-	-	-	-	-
L	L	-	-	-	-	-	L	N	N	N	N	-	-	-	D	L	-	-	D	L	N	-	-	-	D	D	D
D	D	D	D	D	-	-	E	E	E	E	E	-	-	-	-	-	-	E	E	E	E	E	-	-	-	E	D
N	N	N	N	N	-	-	-	E	E	D	D	-	-	-	-	E	E	E	E	E	-	-	-	-	-	-	E
E	E	E	E	-	E	E	D	D	D	-	-	-	-	E	E	D	D	D	-	-	-	-	E	E	E	E	D
E	E	N	-	-	E	L	L	-	-	E	D	-	-	-	E	D	N	D	D	L	L	N	-	-	-	-	-
-	L	L	L	L	N	-	-	-	-	E	E	-	-	E	E	N	N	-	-	-	-	-	D	D	D	L	L
E	D	D	-	-	-	-	-	E	E	E	L	L	-	-	-	L	L	L	L	L	-	-	E	L	-	-	-
-	-	-	L	N	-	-	-	L	N	N	-	-	-	-	E	E	L	-	-	-	L	L	L	L	-	-	-
-	-	-	-	E	L	L	-	-	L	L	L	N	-	-	-	L	L	L	-	-	-	E	E	E	N	-	-
L	L	-	-	-	-	-	-	D	D	L	N	-	-	-	-	-	-	-	D	D	-	-	-	L	L	N	N
-	D	L	L	-	-	-	-	-	D	D	D	-	-	-	-	-	D	N	N	-	-	-	D	N	-	-	-
D	D	-	-	-	D	D	L	L	-	-	-	-	E	L	L	N	-	-	-	-	-	-	N	N	-	-	-
-	-	-	E	E	-	-	-	E	E	-	-	E	D	N	N	-	-	-	-	-	-	-	-	E	E	D	N
-	-	-	-	L	L	-	-	D	L	L	-	-	-	-	-	-	-	D	L	-	-	-	-	-	-	D	L
-	-	L	L	N	N	N	-	-	-	-	-	-	-	-	-	-	-	-	-	E	D	D	D	L	-	-	-
-	-	E	-	-	-	-	-	-	-	-	-	E	D	D	D	-	-	-	-	N	-	-	-	E	E	E	D
-	-	-	-	L	L	-	-	-	-	-	D	D	D	D	N	-	-	D	-	-	-	N	N	-	-	-	-
-	-	-	-	-	-	D	N	-	-	-	L	L	N	-	-	-	-	E	E	E	L	-	-	-	-	-	-
-	-	-	D	D	D	D	N	-	-	-	-	N	-	-	-	-	-	-	-	E	E	E	D	D	N	-	-
-	L	L	L	-	-	-	-	-	-	-	-	L	L	L	-	-	L	L	L	L	L	-	-	-	-	-	-
-	-	-	-	-	L	L	-	-	E	-	-	E	E	E	D	-	-	L	L	-	-	-	-	-	-	-	-
-	-	-	-	-	-	-	-	D	N	-	-	-	-	-	-	E	E	D	N	-	-	-	D	D	L	N	-
-	D	D	D	D	-	-	-	-	-	E	E	-	-	-	-	D	-	-	-	-	E	-	-	-	-	D	D
-	-	-	-	-	-	-	-	N	-	N	-	-	-	-	-	-	-	-	-	-	-	-	L	L	-	-	L
-	-	-	-	-	-	-	D	-	-	-	D	-	-	-	-	-	-	-	-	-	-	-	D	D	N	N	-
D	L	-	-	-	-	-	-	-	-	-	-	-	-	N	-	-	-	-	-	-	-	-	-	D	L	N	-
-	-	-	-	-	-	E	D	-	-	-	-	-	-	-	-	-	-	-	D	N	-	-	-	-	-	D	D
-	-	-	-	-	E	-	-	-	L	-	-	-	-	-	-	-	-	-	-	-	L	-	E	E	D	-	E
N	-	-	-	-	-	-	-	-	-	-	-	E	N	-	-	-	-	-	-	D	D	L	-	-	-	-	-
-	-	-	-	-	-	-	-	-	D	-	-	D	L	L	L	-	-	-	-	-	E	D	-	-	-	-	-
-	-	-	-	-	-	-	-	-	L	-	-	E	E	-	-	-	-	-	-	-	-	-	-	-	E	N	-
-	-	-	D	-	-	-	-	-	-	-	D	-	-	-	-	-	-	-	D	D	D	D	L	-	-	-	-
-	-	-	E	-	-	E	L	L	-	-	-	-	-	-	L	-	-	-	-	-	-	L	L	-	-	-	-
Objective 0: 4318
Objective 1: 120
Constr violation: 0
Restrictions violated:
0 0 0 0 0 0 0 0 

Individual 7
1	2	3	4	5	6	7	8	9	10	11	12	13	14	15	16	17	18	19	20	21	22	23	24	25	26	27	28
-	E	E	E	E	-	-	E	N	-	-	E	E	L	L	L	-	-	-	-	-	E	E	N	-	-	L	N
D	D	D	D	-	-	-	E	L	-	-	L	L	L	-	-	-	D	L	-	-	E	E	-	-	L	L	L
D	D	L	-	-	E	D	D	-	-	L	L	-	-	E	E	L	-	-	D	D	D	D	-	-	-	-	-
L	L	-	-	-	-	-	L	N	N	N	N	-	-	-	D	L	-	-	D	L	N	-	-	-	D	D	D
D	D	D	D	D	-	-	E	E	E	E	E	-	-	-	-	-	-	E	E	E	E	E	-	-	-	E	D
N	N	N	N	N	-	-	-	E	E	D	D	-	-	-	-	E	E	E	E	E	-	-	-	-	-	-	E
E	E	E	E	-	E	E	D	D	D	-	-	-	-	E	E	D	D	D	-	-	-	-	E	E	E	E	D
E	E	N	-	-	E	L	L	-	-	E	D	-	-	-	E	D	N	D	D	L	L	N	-	-	-	-	-
-	L	L	L	L	N	-	-	-	-	E	E	-	-	E	E	N	N	-	-	-	-	-	D	D	D	L	L
E	D	D	-	-	-	-	-	E	E	E	L	L	-	-	-	L	L	L	L	L	-	-	E	L	-	-	-
-	-	-	L	N	-	-	-	L	N	N	-	-	-	-	E	E	L	-	-	-	L	L	L	L	-	-	-
-	-	-	-	E	L	L	-	-	L	L	L	N	-	-	-	L	L	L	-	-	-	E	E	E	N	-	-
L	L	-	-	-	-	-	-	D	D	L	N	-	-	-	-	-	-	-	D	D	-	-	-	L	L	N	N
-	D	L	L	-	-	-	-	-	D	D	D	-	-	-	-	-	D	N	N	-	-	-	D	N	-	-	-
D	D	-	-	-	D	D	L	L	-	-	-	-	E	L	L	N	-	-	-	-	-	-	N	N	-	-	-
-	-	-	E	E	-	-	-	E	E	-	-	E	D	N	N	-	-	-	-	-	-	-	-	E	E	D	N
-	-	-	-	L	L	-	-	D	L	L	-	-	-	-	-	-	-	D	L	-	-	-	-	-	-	D	L
-	-	L	L	N	N	N	-	-	-	-	-	-	-	-	-	-	-	-	-	E	D	D	D	L	-	-	-
-	-	E	-	-	-	-	-	-	-	-	-	E	D	D	D	-	-	-	-	N	-	-	-	E	E	E	D
-	-	-	-	L	L	-	-	-	-	-	D	D	D	D	N	-	-	D	-	-	-	N	N	-	-	-	-
-	-	-	-	-	-	D	N	-	-	-	L	L	N	-	-	-	-	E	E	E	L	-	-	-	-	-	-
-	-	-	D	D	D	D	N	-	-	-	-	N	-	-	-	-	-	-	-	E	E	E	D	D	N	-	-
-	L	L	L	-	-	-	-	-	-	-	-	L	L	L	-	-	L	L	L	L	L	-	-	-	-	-	-
-	-	-	-	-	L	L	-	-	E	-	-	E	E	E	D	-	-	L	L	-	-	-	-	-	-	-	-
-	-	-	-	-	-	-	-	D	N	-	-	-	-	-	-	E	E	D	N	-	-	-	D	D	L	N	-
-	D	D	D	D	-	-	-	-	-	E	E	-	-	-	-	D	-	-	-	-	E	-	-	-	-	D	D
-	-	-	-	-	-	-	-	N	-	N	-	-	-	-	-	-	-	-	-	-	-	-	L	L	-	-	L
-	-	-	-	-	-	-	D	-	-	-	D	-	-	-	-	-	-	-	-	-	-	-	D	D	N	N	-
D	L	-	-	-	-	-	-	-	-	-	-	-	-	N	-	-	-	-	-	-	-	-	-	D	L	N	-
-	-	-	-	-	-	E	D	-	-	-	-	-	-	-	-	-	-	-	D	N	-	-	-	-	-	D	D
-	-	-	-	-	E	-	-	-	L	-	-	-	-	-	-	-	-	-	-	-	L	-	E	E	D	-	E
N	-	-	-	-	-	-	-	-	-	-	-	E	N	-	-	-	-	-	-	D	D	L	-	-	-	-	-
-	-	-	-	-	-	-	-	-	D	-	-	D	L	L	L	-	-	-	-	-	E	D	-	-	-	-	-
-	-	E	N	-	-	-	-	-	L	-	-	E	E	-	-	-	-	-	-	-	-	-	-	-	-	-	-
-	-	-	D	-	-	-	-	-	-	-	D	-	-	-	-	-	-	-	D	D	D	D	L	-	-	-	-
-	-	-	E	-	-	E	L	L	-	-	-	-	-	-	L	-	-	-	-	-	-	L	L	-	-	-	-
Objective 0: 4419
Objective 1: 119
Constr violation: 0
Restrictions violated:
0 0 0 0 0 0 0 0 

Individual 8
1	2	3	4	5	6	7	8	9	10	11	12	13	14	15	16	17	18	19	20	21	22	23	24	25	26	27	28
-	E	E	E	E	-	-	E	N	-	-	E	E	L	L	L	-	-	-	-	-	E	E	N	-	-	L	N
D	D	D	D	-	-	-	E	L	-	-	L	L	L	-	-	-	D	L	-	-	E	E	-	-	L	L	L
D	D	L	-	-	E	D	D	-	-	L	L	-	-	E	E	L	-	-	D	D	D	D	-	-	-	-	-
L	L	-	-	-	-	-	L	N	N	N	N	-	-	-	D	L	-	-	D	L	N	-	-	-	D	D	D
D	D	D	D	D	-	-	E	E	E	E	E	-	-	-	-	-	-	E	E	E	E	E	-	-	-	E	D
N	N	N	N	N	-	-	-	E	E	D	D	-	-	-	-	E	E	E	E	E	-	-	-	-	-	-	E
E	E	E	E	-	E	E	D	D	D	-	-	-	-	E	E	D	D	D	-	-	-	-	E	E	E	E	D
E	E	N	-	-	E	L	L	-	-	E	D	-	-	-	E	D	N	D	D	L	L	N	-	-	-	-	-
-	L	L	L	L	N	-	-	-	-	E	E	-	-	E	E	N	N	-	-	-	-	-	D	D	D	L	L
E	D	D	-	-	-	-	-	E	E	E	L	L	-	-	-	L	L	L	L	L	-	-	E	L	-	-	-
-	-	-	L	N	-	-	-	L	N	N	-	-	-	-	E	E	L	-	-	-	L	L	L	L	-	-	-
-	-	-	-	E	L	L	-	-	L	L	L	N	-	-	-	L	L	L	-	-	-	E	E	E	N	-	-
L	L	-	-	-	-	-	-	D	D	L	N	-	-	-	-	-	-	-	D	D	-	-	-	L	L	N	N
-	D	L	L	-	-	-	-	-	D	D	D	-	-	-	-	-	D	N	N	-	-	-	D	N	-	-	-
D	D	-	-	-	D	D	L	L	-	-	-	-	E	L	L	N	-	-	-	-	-	-	N	N	-	-	-
-	-	-	E	E	-	-	-	E	E	-	-	E	D	N	N	-	-	-	-	-	-	-	-	E	E	D	N
-	-	-	-	L	L	-	-	D	L	L	-	-	-	-	-	-	-	D	L	-	-	-	-	-	-	D	L
-	-	L	L	N	N	N	-	-	-	-	-	-	-	-	-	-	-	-	-	E	D	D	D	L	-	-	-
-	-	E	-	-	-	-	-	-	-	-	-	E	D	D	D	-	-	-	-	N	-	-	-	E	E	E	D
-	-	-	-	L	L	-	-	-	-	-	D	D	D	D	N	-	-	D	-	-	-	N	N	-	-	-	-
-	-	-	-	-	-	D	N	-	-	-	L	L	N	-	-	-	-	E	E	E	L	-	-	-	-	-	-
-	-	-	D	D	D	D	N	-	-	-	-	N	-	-	-	-	-	-	-	E	E	E	D	D	N	-	-
-	L	L	L	-	-	-	-	-	-	-	-	L	L	L	-	-	L	L	L	L	L	-	-	-	-	-	-
-	-	-	-	-	L	L	-	-	E	-	-	E	E	E	D	-	-	L	L	-	-	-	-	-	-	-	-
-	-	-	-	-	-	-	-	D	N	-	-	-	-	-	-	E	E	D	N	-	-	-	D	D	L	N	-
-	D	D	D	D	-	-	-	-	-	E	E	-	-	-	-	D	-	-	-	-	E	-	-	-	-	D	D
-	-	-	-	-	-	-	-	N	-	N	-	-	-	-	-	-	-	-	-	-	-	-	L	L	-	-	L
-	-	-	-	-	-	-	D	-	-	-	D	-	-	-	-	-	-	-	-	-	-	-	D	D	N	N	-
D	L	-	-	-	-	-	-	-	-	-	-	-	-	N	-	-	-	-	-	-	-	-	-	D	L	N	-
-	-	-	-	-	-	E	D	-	-	-	-	-	-	-	-	-	-	-	D	N	-	-	-	-	-	D	D
-	-	-	-	-	E	-	-	-	L	-	-	-	-	-	-	-	-	-	-	-	L	-	E	E	D	-	E
N	-	-	-	-	-	-	-	-	-	-	-	E	N	-	-	-	-	-	-	D	D	L	-	-	-	-	-
-	-	-	-	-	-	-	-	-	D	-	-	D	L	L	L	-	-	-	-	-	E	D	-	-	-	-	-
-	-	-	-	-	-	-	-	-	L	-	-	E	E	-	-	-	-	-	-	-	-	-	-	-	E	N	-
-	-	-	D	-	-	-	-	-	-	-	D	-	-	-	-	-	-	-	-	D	D	L	L	-	L	-	-
-	-	-	E	-	-	E	L	L	-	-	-	-	-	-	L	-	-	-	-	-	-	L	L	-	-	-	-
Objective 0: 4116
Objective 1: 123
Constr violation: 0
Restrictions violated:
0 0 0 0 0 0 0 0 

Individual 9
1	2	3	4	5	6	7	8	9	10	11	12	13	14	15	16	17	18	19	20	21	22	23	24	25	26	27	28
-	E	E	E	E	-	-	E	N	-	-	E	E	L	L	L	-	-	-	-	-	E	E	N	-	-	L	N
D	D	D	D	-	-	-	E	L	-	-	L	L	L	-	-	-	D	L	-	-	E	E	-	-	L	L	L
D	D	L	-	-	E	D	D	-	-	L	L	-	-	E	E	L	-	-	D	D	D	D	-	-	-	-	-
L	L	-	-	-	-	-	L	N	N	N	N	-	-	-	D	L	-	-	D	L	N	-	-	-	D	D	D
D	D	D	D	D	-	-	E	E	E	E	E	-	-	-	-	-	-	E	E	E	E	E	-	-	-	E	D
N	N	N	N	N	-	-	-	E	E	D	D	-	-	-	-	E	E	E	E	E	-	-	-	-	-	-	E
E	E	E	E	-	E	E	D	D	D	-	-	-	-	E	E	D	D	D	-	-	-	-	E	E	E	E	D
E	E	N	-	-	E	L	L	-	-	E	D	-	-	-	E	D	N	D	D	L	L	N	-	-	-	-	-
-	L	L	L	L	N	-	-	-	-	E	E	-	-	E	E	N	N	-	-	-	-	-	D	D	D	L	L
E	D	D	-	-	-	-	-	E	E	E	L	L	-	-	-	L	L	L	L	L	-	-	E	L	-	-	-
-	-	-	L	N	-	-	-	L	N	N	-	-	-	-	E	E	L	-	-	-	L	L	L	L	-	-	-
-	-	-	-	E	L	L	-	-	L	L	L	N	-	-	-	L	L	L	-	-	-	E	E	E	N	-	-
L	L	-	-	-	-	-	-	D	D	L	N	-	-	-	-	-	-	-	D	D	-	-	-	L	L	N	N
-	D	L	L	-	-	-	-	-	D	D	D	-	-	-	-	-	D	N	N	-	-	-	D	N	-	-	-
D	D	-	-	-	D	D	L	L	-	-	-	-	E	L	L	N	-	-	-	-	-	-	N	N	-	-	-
-	-	-	E	E	-	-	-	E	E	-	-	E	D	N	N	-	-	-	-	-	-	-	-	E	E	D	N
-	-	-	-	L	L	-	-	D	L	L	-	-	-	-	-	-	-	D	L	-	-	-	-	-	-	D	L
-	-	L	L	N	N	N	-	-	-	-	-	-	-	-	-	-	-	-	-	E	D	D	D	L	-	-	-
-	-	E	-	-	-	-	-	-	-	-	-	E	D	D	D	-	-	-	-	N	-	-	-	E	E	E	D
-	-	-	-	L	L	-	-	-	-	-	D	D	D	D	N	-	-	D	-	-	-	N	N	-	-	-	-
-	-	-	-	-	-	D	N	-	-	-	L	L	N	-	-	-	-	E	E	E	L	-	-	-	-	-	-
-	-	-	D	D	D	D	N	-	-	-	-	N	-	-	-	-	-	-	-	E	E	E	D	D	N	-	-
-	L	L	L	-	-	-	-	-	-	-	-	L	L	L	-	-	L	L	L	L	L	-	-	-	-	-	-
-	-	-	-	-	L	L	-	-	E	-	-	E	E	E	D	-	-	L	L	-	-	-	-	-	-	-	-
-	-	-	-	-	-	-	-	D	N	-	-	-	-	-	-	E	E	D	N	-	-	-	D	D	L	N	-
-	D	D	D	D	-	-	-	-	-	E	E	-	-	-	-	D	-	-	-	-	E	-	-	-	-	D	D
-	-	-	-	-	-	-	-	N	-	N	-	-	-	-	-	-	-	-	-	-	-	-	L	L	-	-	L
-	-	-	-	-	-	-	D	-	-	-	D	-	-	-	-	-	-	-	-	-	-	-	D	D	N	N	-
D	L	-	-	-	-	-	-	-	-	-	-	-	-	N	-	-	-	-	-	-	-	-	-	D	L	N	-
-	-	-	-	-	-	E	D	-	-	-	-	-	-	-	-	-	-	-	D	N	-	-	-	-	-	D	D
-	-	-	-	-	E	-	-	-	L	-	-	-	-	-	-	-	-	-	-	-	L	-	E	E	D	-	E
N	-	-	-	-	-	-	-	-	-	-	-	E	N	-	-	-	-	-	-	D	D	L	-	-	-	-	-
-	-	-	-	-	-	-	-	-	D	-	-	D	L	L	L	-	-	-	-	-	E	D	-	-	-	-	-
-	-	-	-	-	-	-	-	-	L	-	-	E	E	-	-	-	-	-	-	-	-	-	-	-	E	N	-
-	-	-	D	-	-	-	-	-	-	-	D	-	-	-	-	-	-	-	-	D	D	L	L	-	L	-	-
-	-	-	E	-	-	E	L	L	-	-	-	-	-	-	L	-	-	-	-	-	-	L	L	-	-	-	-
Objective 0: 4116
Objective 1: 123
Constr violation: 0
Restrictions violated:
0 0 0 0 0 0 0 0 

Individual 10
1	2	3	4	5	6	7	8	9	10	11	12	13	14	15	16	17	18	19	20	21	22	23	24	25	26	27	28
-	E	E	E	E	-	-	E	N	-	-	E	E	L	L	L	-	-	-	-	-	E	E	N	-	-	L	N
D	D	D	D	-	-	-	E	L	-	-	L	L	L	-	-	-	D	L	-	-	E	E	-	-	L	L	L
D	D	L	-	-	E	D	D	-	-	L	L	-	-	E	E	L	-	-	D	D	D	D	-	-	-	-	-
L	L	-	-	-	-	-	L	N	N	N	N	-	-	-	D	L	-	-	D	L	N	-	-	-	D	D	D
D	D	D	D	D	-	-	E	E	E	E	E	-	-	-	-	-	-	E	E	E	E	E	-	-	-	E	D
N	N	N	N	N	-	-	-	E	E	D	D	-	-	-	-	E	E	E	E	E	-	-	-	-	-	-	E
E	E	E	E	-	E	E	D	D	D	-	-	-	-	E	E	D	D	D	-	-	-	-	E	E	E	E	D
E	E	N	-	-	E	L	L	-	-	E	D	-	-	-	E	D	N	D	D	L	L	N	-	-	-	-	-
-	L	L	L	L	N	-	-	-	-	E	E	-	-	E	E	N	N	-	-	-	-	-	D	D	D	L	L
E	D	D	-	-	-	-	-	E	E	E	L	L	-	-	-	L	L	L	L	L	-	-	E	L	-	-	-
-	-	-	L	N	-	-	-	L	N	N	-	-	-	-	E	E	L	-	-	-	L	L	L	L	-	-	-
-	-	-	-	E	L	L	-	-	L	L	L	N	-	-	-	L	L	L	-	-	-	E	E	E	N	-	-
L	L	-	-	-	-	-	-	D	D	L	N	-	-	-	-	-	-	-	D	D	-	-	-	L	L	N	N
-	D	L	L	-	-	-	-	-	D	D	D	-	-	-	-	-	D	N	N	-	-	-	D	N	-	-	-
D	D	-	-	-	D	D	L	L	-	-	-	-	E	L	L	N	-	-	-	-	-	-	N	N	-	-	-
-	-	-	E	E	-	-	-	E	E	-	-	E	D	N	N	-	-	-	-	-	-	-	-	E	E	D	N
-	-	-	-	L	L	-	-	D	L	L	-	-	-	-	-	-	-	D	L	-	-	-	-	-	-	D	L
-	-	L	L	N	N	N	-	-	-	-	-	-	-	-	-	-	-	-	-	E	D	D	D	L	-	-	-
-	-	E	-	-	-	-	-	-	-	-	-	E	D	D	D	-	-	-	-	N	-	-	-	E	E	E	D
-	-	-	-	L	L	-	-	-	-	-	D	D	D	D	N	-	-	D	-	-	-	N	N	-	-	-	-
-	-	-	-	-	-	D	N	-	-	-	L	L	N	-	-	-	-	E	E	E	L	-	-	-	-	-	-
-	-	-	D	D	D	D	N	-	-	-	-	N	-	-	-	-	-	-	-	E	E	E	D	D	N	-	-
-	L	L	L	-	-	-	-	-	-	-	-	L	L	L	-	-	L	L	L	L	L	-	-	-	-	-	-
-	-	-	-	-	L	L	-	-	E	-	-	E	E	E	D	-	-	L	L	-	-	-	-	-	-	-	-
-	-	-	-	-	-	-	-	D	N	-	-	-	-	-	-	E	E	D	N	-	-	-	D	D	L	N	-
-	D	D	D	D	-	-	-	-	-	E	E	-	-	-	-	D	-	-	-	-	E	-	-	-	-	D	D
-	-	-	-	-	-	-	-	N	-	N	-	-	-	-	-	-	-	-	-	-	-	-	L	L	-	-	L
-	-	-	-	-	-	-	D	-	-	-	D	-	-	-	-	-	-	-	-	-	-	-	D	D	N	N	-
D	L	-	-	-	-	-	-	-	-	-	-	-	-	N	-	-	-	-	-	-	-	-	-	D	L	N	-
-	-	-	-	-	-	E	D	-	-	-	-	-	-	-	-	-	-	-	D	N	-	-	-	-	-	D	D
-	-	-	-	-	E	-	-	-	L	-	-	-	-	-	-	-	-	-	-	-	L	-	E	E	D	-	E
N	-	-	-	-	-	-	-	-	-	-	-	E	N	-	-	-	-	-	-	D	D	L	-	-	-	-	-
-	-	-	-	-	-	-	-	-	D	-	-	-	-	-	-	-	-	-	-	E	E	E	E	E	-	-	-
-	-	-	-	-	-	-	-	-	L	-	-	E	E	-	-	-	-	-	-	-	-	-	-	-	E	N	-
-	-	-	D	-	-	-	-	-	-	-	D	-	-	-	-	-	-	-	-	D	D	L	L	-	L	-	-
-	-	-	E	-	-	E	L	L	-	-	-	-	-	-	L	-	-	-	-	-	-	L	L	-	-	-	-
Objective 0: 4620
Objective 1: 117
Constr violation: 0
Restrictions violated:
0 0 0 0 0 0 0 0 

Individual 11
1	2	3	4	5	6	7	8	9	10	11	12	13	14	15	16	17	18	19	20	21	22	23	24	25	26	27	28
-	E	E	E	E	-	-	E	N	-	-	E	E	L	L	L	-	-	-	-	-	E	E	N	-	-	L	N
D	D	D	D	-	-	-	E	L	-	-	L	L	L	-	-	-	D	L	-	-	E	E	-	-	L	L	L
D	D	L	-	-	E	D	D	-	-	L	L	-	-	E	E	L	-	-	D	D	D	D	-	-	-	-	-
L	L	-	-	-	-	-	L	N	N	N	N	-	-	-	D	L	-	-	D	L	N	-	-	-	D	D	D
D	D	D	D	D	-	-	E	E	E	E	E	-	-	-	-	-	-	E	E	E	E	E	-	-	-	E	D
N	N	N	N	N	-	-	-	E	E	D	D	-	-	-	-	E	E	E	E	E	-	-	-	-	-	-	E
E	E	E	E	-	E	E	D	D	D	-	-	-	-	E	E	D	D	D	-	-	-	-	-	-	D	D	D
E	E	N	-	-	E	L	L	-	-	E	D	-	-	-	E	D	N	D	D	L	L	N	-	-	-	-	-
-	L	L	L	L	N	-	-	-	-	E	E	-	-	E	E	N	N	-	-	-	-	-	D	D	D	L	L
E	D	D	-	-	-	-	-	E	E	E	L	L	-	-	-	L	L	L	L	L	-	-	E	L	-	-	-
-	-	-	L	N	-	-	-	L	N	N	-	-	-	-	E	E	L	-	-	-	L	L	L	L	-	-	-
-	-	-	-	E	L	L	-	-	L	L	L	N	-	-	-	L	L	L	-	-	-	E	E	E	N	-	-
L	L	-	-	-	-	-	-	D	D	L	N	-	-	-	-	-	-	-	D	D	-	-	-	L	L	N	N
-	D	L	L	-	-	-	-	-	D	D	D	-	-	-	-	-	D	N	N	-	-	-	D	N	-	-	-
D	D	-	-	-	D	D	L	L	-	-	-	-	E	L	L	N	-	-	-	-	-	-	N	N	-	-	-
-	-	-	E	E	-	-	-	E	E	-	-	E	D	N	N	-	-	-	-	-	-	-	-	E	E	D	N
-	-	-	-	L	L	-	-	D	L	L	-	-	-	-	-	-	-	D	L	-	-	-	-	-	-	D	L
-	-	L	L	N	N	N	-	-	-	-	-	-	-	-	-	-	-	-	-	E	D	D	D	L	-	-	-
-	-	E	-	-	-	-	-	-	-	-	-	E	D	D	D	-	-	-	-	N	-	-	-	E	E	E	D
-	-	-	-	L	L	-	-	-	-	-	D	D	D	D	N	-	-	D	-	-	-	N	N	-	-	-	-
-	-	-	-	-	-	D	N	-	-	-	L	L	N	-	-	-	-	E	E	E	L	-	-	-	-	-	-
-	-	-	D	D	D	D	N	-	-	-	-	N	-	-	-	-	-	-	-	E	E	E	D	D	N	-	-
-	L	L	L	-	-	-	-	-	-	-	-	L	L	L	-	-	L	L	L	L	L	-	-	-	-	-	-
-	-	-	-	-	L	L	-	-	E	-	-	E	E	E	D	-	-	L	L	-	-	-	-	-	-	-	-
-	-	-	-	-	-	-	-	D	N	-	-	-	-	-	-	E	E	D	N	-	-	-	D	D	L	N	-
-	D	D	D	D	-	-	-	-	-	E	E	-	-	-	-	D	-	-	-	-	E	-	-	-	-	D	D
-	-	-	-	-	-	-	-	N	-	N	-	-	-	-	-	-	-	-	-	-	-	-	L	L	-	-	L
-	-	-	-	-	-	-	D	-	-	-	D	-	-	-	-	-	-	-	-	-	-	-	D	D	N	N	-
D	L	-	-	-	-	-	-	-	-	-	-	-	-	N	-	-	-	-	-	-	-	-	-	D	L	N	-
-	-	-	-	-	-	E	D	-	-	-	-	-	-	-	-	-	-	-	D	N	-	-	-	-	-	D	D
-	-	-	-	-	E	-	-	-	L	-	-	-	-	-	-	-	-	-	-	-	L	-	E	E	D	-	E
N	-	-	-	-	-	-	-	-	-	-	-	E	N	-	-	-	-	-	-	D	D	L	-	-	-	-	-
-	-	-	-	-	-	-	-	-	D	-	-	-	-	-	-	-	-	-	-	E	E	E	E	E	-	-	-
-	-	E	N	-	-	-	-	-	L	-	-	E	E	-	-	-	-	-	-	-	-	-	-	-	-	-	-
-	-	-	D	-	-	-	-	-	-	-	D	-	-	-	-	-	-	-	-	D	D	L	L	-	L	-	-
-	-	-	E	-	-	E	L	L	-	-	-	-	-	-	L	-	-	-	-	-	-	L	L	-	-	-	-
Objective 0: 4719
Objective 1: 116
Constr violation: 0
Restrictions violated:
0 0 0 0 0 0 0 0 

