Individual 0
1	2	3	4	5	6	7	8	9	10	11	12	13	14	15	16	17	18	19	20	21	22	23	24	25	26	27	28
E	E	E	E	N	-	-	D	D	D	-	-	L	L	N	-	-	-	D	-	-	-	-	-	E	E	L	N
D	D	L	L	L	-	-	L	L	-	-	-	D	D	L	-	-	-	D	D	-	-	E	E	E	-	-	-
E	E	D	D	L	-	-	D	D	L	L	-	-	L	L	L	L	-	-	-	-	E	E	E	E	E	-	-
L	L	L	N	N	-	-	L	L	-	-	D	N	-	-	L	L	L	N	-	-	-	-	-	-	L	L	L
-	D	D	D	-	-	-	E	D	D	D	D	-	-	-	-	-	-	-	E	E	E	-	E	E	E	D	D
-	-	E	D	N	-	-	-	-	E	N	N	-	-	-	-	E	E	E	E	E	-	-	D	N	-	-	D
D	D	-	-	E	E	E	E	-	-	D	D	D	-	-	E	D	D	-	-	-	-	E	E	D	-	-	-
E	E	D	-	-	-	L	L	L	L	-	-	-	-	E	E	D	N	-	-	L	L	L	L	-	-	-	-
D	D	D	N	N	-	-	-	-	-	E	L	L	L	-	-	L	L	-	-	-	E	L	L	L	-	-	N
L	N	-	-	-	L	L	-	-	E	E	L	N	N	-	-	E	N	-	-	-	-	-	D	L	N	-	-
-	-	-	N	N	N	-	-	-	L	N	-	-	-	-	E	L	L	-	-	-	E	L	-	-	-	E	L
L	L	L	N	-	-	-	-	-	L	L	N	-	-	-	N	N	-	-	-	L	L	-	-	-	-	-	-
D	L	-	-	-	D	D	L	-	-	-	-	-	-	-	D	D	L	L	-	-	-	-	-	-	-	L	N
-	-	L	N	N	-	-	-	-	-	-	E	E	N	N	-	-	-	E	E	D	L	-	-	-	-	-	-
-	-	-	E	E	E	D	-	-	-	-	-	-	-	D	L	N	-	-	-	-	N	N	-	-	-	L	L
-	-	-	E	N	-	-	-	E	N	-	-	D	D	D	D	-	-	-	-	D	D	D	N	-	-	-	-
L	L	-	-	D	D	D	-	-	-	-	L	L	-	-	-	-	-	-	-	D	D	-	-	-	-	-	-
-	-	-	L	N	-	-	-	-	-	-	D	D	N	-	-	-	-	-	-	-	D	L	-	-	E	E	D
-	-	-	-	-	E	D	-	-	-	-	E	E	-	-	-	-	-	-	-	-	-	E	E	E	E	D	-
-	-	-	-	D	L	N	-	-	-	-	-	N	-	-	-	-	-	-	L	L	L	N	-	-	-	-	-
L	N	-	-	-	-	-	D	-	-	-	E	N	-	-	D	-	-	-	-	E	-	-	-	-	E	-	-
-	-	E	E	-	-	-	-	D	D	-	-	E	-	-	-	-	-	N	N	-	-	-	-	-	E	D	D
-	-	L	L	L	L	-	-	-	-	-	L	-	-	-	-	-	-	L	L	L	-	-	-	L	-	-	-
-	-	-	D	L	-	-	-	-	-	-	-	L	L	N	N	-	-	-	-	-	-	-	E	D	L	-	-
-	-	-	-	D	L	L	-	-	-	-	-	-	-	-	-	D	D	N	-	-	-	-	D	L	L	-	-
-	-	-	-	-	-	-	E	-	E	E	E	D	D	-	-	-	-	D	D	-	-	-	D	D	-	-	D
-	-	-	-	-	-	-	-	-	N	N	-	-	-	-	-	-	-	L	L	-	-	L	L	-	-	-	-
-	-	-	-	-	-	-	-	-	-	-	-	-	-	-	-	-	-	-	-	D	D	D	N	-	-	N	-
-	-	-	L	L	N	-	-	-	-	-	-	-	-	-	-	-	D	-	-	-	-	-	-	-	D	-	-
N	-	-	E	-	-	E	E	-	-	-	-	-	-	-	-	-	-	-	-	N	-	-	-	-	-	-	-
L	-	-	E	-	-	-	-	-	-	-	-	-	-	-	-	-	-	D	D	-	N	-	-	-	-	-	-
-	-	-	-	D	-	-	-	-	-	-	L	-	E	-	-	-	-	-	N	-	-	-	D	-	-	-	-
D	-	-	-	-	-	E	-	-	-	-	-	-	-	-	-	-	-	-	-	E	D	-	-	-	-	-	L
-	-	-	L	-	-	-	-	-	D	-	-	-	-	E	-	-	-	D	-	E	-	-	-	E	-	-	-
-	-	-	D	-	-	-	D	-	-	-	-	D	-	-	-	-	-	-	-	-	-	D	L	L	-	-	-
-	-	-	-	-	-	-	-	-	N	N	-	-	-	-	L	-	E	L	-	-	E	L	-	-	-	-	-
Objective 0: 7225
Objective 1: 207
Constr violation: 0
Restrictions violated:
0 0 0 0 0 0 0 0 

Individual 1
1	2	3	4	5	6	7	8	9	10	11	12	13	14	15	16	17	18	19	20	21	22	23	24	25	26	27	28
E	E	E	E	N	-	-	-	D	L	L	N	N	-	-	-	-	-	-	-	-	-	-	-	E	E	L	N
D	D	L	L	L	-	-	L	L	-	-	-	D	D	L	-	-	-	D	D	-	-	E	E	E	-	-	-
E	E	D	D	L	-	-	D	D	L	L	-	-	L	L	L	L	-	-	-	-	E	L	-	-	-	-	-
L	L	L	N	N	-	-	L	L	-	-	D	N	-	-	L	L	L	N	-	-	-	-	-	-	L	L	L
-	D	D	D	-	-	-	E	D	D	D	D	-	-	-	-	-	-	-	E	E	E	-	E	E	E	D	D
-	-	E	D	N	-	-	-	-	E	N	N	-	-	-	-	E	E	E	E	E	-	-	D	N	-	-	D
D	D	-	-	E	E	E	E	-	-	D	D	D	-	-	E	D	D	-	-	-	-	E	E	D	-	-	-
E	E	D	-	-	-	L	L	L	L	-	-	-	-	E	E	D	N	-	-	L	L	L	L	-	-	-	-
D	D	D	N	N	-	-	-	-	-	E	L	L	L	-	-	L	L	-	-	-	E	L	L	L	-	-	N
L	N	-	-	-	L	L	-	-	E	E	L	N	N	-	-	E	N	-	-	-	-	-	D	L	N	-	-
-	-	-	N	N	N	-	-	-	L	N	-	-	-	-	E	L	L	-	-	-	E	L	-	-	-	E	L
N	N	N	-	-	-	-	-	-	-	E	E	-	-	-	L	N	-	-	-	E	E	E	L	-	-	-	-
D	L	-	-	-	D	D	L	-	-	-	-	-	-	-	D	D	L	L	-	-	-	-	-	-	-	L	N
-	-	L	N	N	-	-	-	-	-	-	E	E	N	N	-	-	-	E	E	D	L	-	-	-	-	-	-
-	-	-	E	E	E	D	-	-	-	-	-	-	-	D	L	N	-	-	-	-	N	N	-	-	-	L	L
-	-	-	E	N	-	-	-	E	N	-	-	D	D	D	D	-	-	-	-	D	D	D	N	-	-	-	-
L	L	-	-	D	D	D	-	-	-	-	L	L	-	-	-	-	-	-	-	D	D	-	-	-	-	-	-
-	-	-	L	N	-	-	-	-	-	-	D	D	N	-	-	-	-	-	-	-	D	L	-	-	E	E	D
-	-	-	-	-	E	D	-	-	-	-	E	E	-	-	-	-	-	-	-	-	-	E	E	E	E	D	-
-	-	-	-	D	L	N	-	-	-	-	-	N	-	-	-	-	-	-	L	L	L	N	-	-	-	-	-
L	N	-	-	-	-	-	D	-	-	-	E	N	-	-	D	-	-	-	-	E	-	-	-	-	E	-	-
-	-	E	E	-	-	-	-	D	D	-	-	E	-	-	-	-	-	N	N	-	-	-	-	-	E	D	D
-	-	L	L	L	L	-	-	-	-	-	L	-	-	-	-	-	-	L	L	L	-	-	-	L	-	-	-
-	-	-	D	L	-	-	-	-	-	-	-	L	L	N	N	-	-	-	-	-	-	-	E	D	L	-	-
-	-	-	-	D	L	L	-	-	-	-	-	-	-	-	-	D	D	N	-	-	-	-	D	L	L	-	-
-	-	D	-	-	-	-	E	-	E	E	E	D	D	-	-	-	-	D	D	-	-	-	-	D	-	-	D
-	-	-	-	-	-	-	-	-	N	N	-	-	-	-	-	-	-	L	L	-	-	L	L	-	-	-	-
-	-	-	-	-	-	-	-	-	-	-	-	-	-	-	-	-	-	-	-	D	D	D	N	-	-	N	-
D	-	-	L	L	N	-	-	-	-	-	-	-	-	-	-	-	D	-	-	-	-	-	-	-	D	-	-
N	-	-	E	-	-	E	E	-	-	-	-	-	-	-	-	-	-	-	-	N	-	-	-	-	-	-	-
L	-	-	E	-	-	-	-	-	-	-	-	-	-	-	-	-	-	D	D	-	N	-	-	-	-	-	-
-	-	-	-	D	-	-	-	-	-	-	L	-	E	-	-	-	-	-	N	-	-	-	D	-	-	-	-
D	-	-	-	-	-	E	-	-	-	-	-	-	-	-	-	-	-	-	-	E	D	-	-	-	-	-	L
-	-	-	L	-	-	-	-	-	D	-	-	-	-	E	-	-	-	D	-	E	-	-	-	E	-	-	-
-	-	-	D	-	-	-	-	-	-	-	-	D	-	-	-	-	-	-	-	-	D	D	L	L	-	-	-
-	-	-	-	-	-	-	-	-	N	N	-	-	-	-	L	-	E	L	-	-	E	L	-	-	-	-	-
Objective 0: 7931
Objective 1: 193
Constr violation: 0
Restrictions violated:
0 0 0 0 0 0 0 0 

Individual 2
1	2	3	4	5	6	7	8	9	10	11	12	13	14	15	16	17	18	19	20	21	22	23	24	25	26	27	28
E	E	E	E	N	-	-	-	D	L	L	N	N	-	-	-	-	-	-	-	-	-	-	-	E	E	L	N
D	D	L	L	L	-	-	L	L	-	-	-	D	D	L	-	-	-	D	D	-	-	E	E	E	-	-	-
E	E	D	D	L	-	-	D	D	L	L	-	-	L	L	L	L	-	-	-	-	E	L	-	-	-	-	-
L	L	L	N	N	-	-	L	L	-	-	D	N	-	-	L	L	L	N	-	-	-	-	-	-	L	L	L
-	D	D	D	-	-	-	E	D	D	D	D	-	-	-	-	-	-	-	E	E	E	-	E	E	E	D	D
-	-	E	D	N	-	-	-	-	E	N	N	-	-	-	-	E	E	E	E	E	-	-	D	N	-	-	D
D	D	-	-	E	E	E	E	-	-	D	D	D	-	-	E	D	D	-	-	-	-	E	E	D	-	-	-
E	E	D	-	-	-	L	L	L	L	-	-	-	-	E	E	D	N	-	-	L	L	L	L	-	-	-	-
D	D	D	N	N	-	-	-	-	-	E	L	L	L	-	-	L	L	-	-	-	E	L	L	L	-	-	N
L	N	-	-	-	L	L	-	-	E	E	L	N	N	-	-	E	N	-	-	-	-	-	D	L	N	-	-
-	-	-	N	N	N	-	-	-	L	N	-	-	-	-	E	L	L	-	-	-	E	L	-	-	-	E	L
N	N	N	-	-	-	-	-	-	-	E	E	-	-	-	L	N	-	-	-	E	E	E	L	-	-	-	-
D	L	-	-	-	D	D	L	-	-	-	-	-	-	-	D	D	L	L	-	-	-	-	-	-	-	L	N
-	-	L	N	N	-	-	-	-	-	-	E	E	N	N	-	-	-	E	E	D	L	-	-	-	-	-	-
-	-	-	E	E	E	D	-	-	-	-	-	-	-	D	L	N	-	-	-	-	N	N	-	-	-	L	L
-	-	-	E	N	-	-	-	E	N	-	-	D	D	D	D	-	-	-	-	D	D	D	N	-	-	-	-
L	L	-	-	D	D	D	-	-	-	-	L	L	-	-	-	-	-	-	-	D	D	-	-	-	-	-	-
-	-	-	L	N	-	-	-	-	-	-	D	D	N	-	-	-	-	-	-	-	D	L	-	-	E	E	D
-	-	-	-	-	E	D	-	-	-	-	E	E	-	-	-	-	-	-	-	-	-	E	E	E	E	D	-
-	-	-	-	D	L	N	-	-	-	-	-	N	-	-	-	-	-	-	L	L	L	N	-	-	-	-	-
L	N	-	-	-	-	-	D	-	-	-	E	N	-	-	D	-	-	-	-	E	-	-	-	-	E	-	-
-	-	E	E	-	-	-	-	D	D	-	-	E	-	-	-	-	-	N	N	-	-	-	-	-	E	D	D
-	-	L	L	L	L	-	-	-	-	-	L	-	-	-	-	-	-	L	L	L	-	-	-	L	-	-	-
-	-	-	D	L	-	-	-	-	-	-	-	L	L	N	N	-	-	-	-	-	-	-	E	D	L	-	-
-	-	-	-	D	L	L	-	-	-	-	-	-	-	-	-	D	D	N	-	-	-	-	D	L	L	-	-
-	-	D	-	-	-	-	E	-	E	E	E	D	D	-	-	-	-	D	D	-	-	-	-	D	-	-	D
-	-	-	-	-	-	-	-	-	N	N	-	-	-	-	-	-	-	L	L	-	-	L	L	-	-	-	-
-	-	-	-	-	-	-	-	-	-	-	-	-	-	-	-	-	-	-	-	D	D	D	N	-	-	N	-
-	-	-	L	L	N	-	-	-	-	-	-	-	-	-	-	-	D	-	-	-	-	-	-	-	D	-	-
N	-	-	E	-	-	E	E	-	-	-	-	-	-	-	-	-	-	-	-	N	-	-	-	-	-	-	-
L	-	-	E	-	-	-	-	-	-	-	-	-	-	-	-	-	-	D	D	-	N	-	-	-	-	-	-
-	-	-	-	D	-	-	-	-	-	-	L	-	E	-	-	-	-	-	N	-	-	-	D	-	-	-	-
D	-	-	-	-	-	E	-	-	-	-	-	-	-	-	-	-	-	-	-	E	D	-	-	-	-	-	L
-	-	-	L	-	-	-	-	-	D	-	-	-	-	E	-	-	-	D	-	E	-	-	-	E	-	-	-
-	-	-	D	-	-	-	D	-	-	-	-	D	-	-	-	-	-	-	-	-	-	D	L	L	-	-	-
-	-	-	-	-	-	-	-	-	N	N	-	-	-	-	L	-	E	L	-	-	E	L	-	-	-	-	-
Objective 0: 7829
Objective 1: 198
Constr violation: 0
Restrictions violated:
0 0 0 0 0 0 0 0 

Individual 3
1	2	3	4	5	6	7	8	9	10	11	12	13	14	15	16	17	18	19	20	21	22	23	24	25	26	27	28
E	E	E	E	N	-	-	D	D	D	-	-	L	L	N	-	-	-	D	-	-	-	-	-	E	E	L	N
D	D	L	L	L	-	-	L	L	-	-	-	D	D	L	-	-	-	D	D	-	-	E	E	E	-	-	-
E	E	D	D	L	-	-	D	D	L	L	-	-	L	L	L	L	-	-	-	-	E	E	E	E	E	-	-
L	L	L	N	N	-	-	L	L	-	-	D	N	-	-	L	L	L	N	-	-	-	-	-	-	L	L	L
-	D	D	D	-	-	-	E	D	D	D	D	-	-	-	-	-	-	-	E	E	E	-	E	E	E	D	D
-	-	E	D	N	-	-	-	-	E	N	N	-	-	-	-	E	E	E	E	E	-	-	D	N	-	-	D
D	D	-	-	E	E	E	E	-	-	D	D	D	-	-	E	D	D	-	-	-	-	E	E	D	-	-	-
E	E	D	-	-	-	L	L	L	L	-	-	-	-	E	E	D	N	-	-	L	L	L	L	-	-	-	-
D	D	D	N	N	-	-	-	-	-	E	L	L	L	-	-	L	L	-	-	-	E	L	L	L	-	-	N
L	N	-	-	-	L	L	-	-	E	E	L	N	N	-	-	E	N	-	-	-	-	-	D	L	N	-	-
-	-	-	N	N	N	-	-	-	L	N	-	-	-	-	E	L	L	-	-	-	E	L	-	-	-	E	L
L	L	L	N	-	-	-	-	-	L	L	N	-	-	-	N	N	-	-	-	L	L	-	-	-	-	-	-
D	L	-	-	-	D	D	L	-	-	-	-	-	-	-	D	D	L	L	-	-	-	-	-	-	-	L	N
-	-	L	N	N	-	-	-	-	-	-	E	E	N	N	-	-	-	E	E	D	L	-	-	-	-	-	-
-	-	-	E	E	E	D	-	-	-	-	-	-	-	D	L	N	-	-	-	-	N	N	-	-	-	L	L
-	-	-	E	N	-	-	-	E	N	-	-	D	D	D	D	-	-	-	-	D	D	D	N	-	-	-	-
L	L	-	-	D	D	D	-	-	-	-	L	L	-	-	-	-	-	-	-	D	D	-	-	-	-	-	-
-	-	-	L	N	-	-	-	-	-	-	D	D	N	-	-	-	-	-	-	-	D	L	-	-	E	E	D
-	-	-	-	-	E	D	-	-	-	-	E	E	-	-	-	-	-	-	-	-	-	E	E	E	E	D	-
-	-	-	-	D	L	N	-	-	-	-	-	N	-	-	-	-	-	-	L	L	L	N	-	-	-	-	-
L	N	-	-	-	-	-	D	-	-	-	E	N	-	-	D	-	-	-	-	E	-	-	-	-	E	-	-
-	-	E	E	-	-	-	-	D	D	-	-	E	-	-	-	-	-	N	N	-	-	-	-	-	E	D	D
-	-	L	L	L	L	-	-	-	-	-	L	-	-	-	-	-	-	L	L	L	-	-	-	L	-	-	-
-	-	-	D	L	-	-	-	-	-	-	-	L	L	N	N	-	-	-	-	-	-	-	E	D	L	-	-
-	-	-	-	D	L	L	-	-	-	-	-	-	-	-	-	D	D	N	-	-	-	-	D	L	L	-	-
-	-	D	-	-	-	-	E	-	E	E	E	D	D	-	-	-	-	D	D	-	-	-	-	D	-	-	D
-	-	-	-	-	-	-	-	-	N	N	-	-	-	-	-	-	-	L	L	-	-	L	L	-	-	-	-
-	-	-	-	-	-	-	-	-	-	-	-	-	-	-	-	-	-	-	-	D	D	D	N	-	-	N	-
D	-	-	L	L	N	-	-	-	-	-	-	-	-	-	-	-	D	-	-	-	-	-	-	-	D	-	-
N	-	-	E	-	-	E	E	-	-	-	-	-	-	-	-	-	-	-	-	N	-	-	-	-	-	-	-
L	-	-	E	-	-	-	-	-	-	-	-	-	-	-	-	-	-	D	D	-	N	-	-	-	-	-	-
-	-	-	-	D	-	-	-	-	-	-	L	-	E	-	-	-	-	-	N	-	-	-	D	-	-	-	-
D	-	-	-	-	-	E	-	-	-	-	-	-	-	-	-	-	-	-	-	E	D	-	-	-	-	-	L
-	-	-	L	-	-	-	-	-	D	-	-	-	-	E	-	-	-	D	-	E	-	-	-	E	-	-	-
-	-	-	D	-	-	-	-	-	-	-	-	D	-	-	-	-	-	-	-	-	D	D	L	L	-	-	-
-	-	-	-	-	-	-	-	-	N	N	-	-	-	-	L	-	E	L	-	-	E	L	-	-	-	-	-
Objective 0: 7428
Objective 1: 199
Constr violation: 0
Restrictions violated:
0 0 0 0 0 0 0 0 

Individual 4
1	2	3	4	5	6	7	8	9	10	11	12	13	14	15	16	17	18	19	20	21	22	23	24	25	26	27	28
E	E	E	E	N	-	-	D	D	D	-	-	L	L	N	-	-	-	D	-	-	-	-	-	E	E	L	N
D	D	L	L	L	-	-	L	L	-	-	-	D	D	L	-	-	-	D	D	-	-	E	E	E	-	-	-
E	E	D	D	L	-	-	D	D	L	L	-	-	L	L	L	L	-	-	-	-	E	E	E	E	E	-	-
L	L	L	N	N	-	-	L	L	-	-	D	N	-	-	L	L	L	N	-	-	-	-	-	-	L	L	L
-	D	D	D	-	-	-	E	D	D	D	D	-	-	-	-	-	-	-	E	E	E	-	E	E	E	D	D
-	-	E	D	N	-	-	-	-	E	N	N	-	-	-	-	E	E	E	E	E	-	-	D	N	-	-	D
D	D	-	-	E	E	E	E	-	-	D	D	D	-	-	E	D	D	-	-	-	-	E	E	D	-	-	-
E	E	D	-	-	-	L	L	L	L	-	-	-	-	E	E	D	N	-	-	L	L	L	L	-	-	-	-
D	D	D	N	N	-	-	-	-	-	E	L	L	L	-	-	L	L	-	-	-	E	L	L	L	-	-	N
L	N	-	-	-	L	L	-	-	E	E	L	N	N	-	-	E	N	-	-	-	-	-	D	L	N	-	-
-	-	-	N	N	N	-	-	-	L	N	-	-	-	-	E	L	L	-	-	-	E	L	-	-	-	E	L
L	L	L	N	-	-	-	-	-	L	L	N	-	-	-	N	N	-	-	-	L	L	-	-	-	-	-	-
D	L	-	-	-	D	D	L	-	-	-	-	-	-	-	D	D	L	L	-	-	-	-	-	-	-	L	N
-	-	L	N	N	-	-	-	-	-	-	E	E	N	N	-	-	-	E	E	D	L	-	-	-	-	-	-
-	-	-	E	E	E	D	-	-	-	-	-	-	-	D	L	N	-	-	-	-	N	N	-	-	-	L	L
-	-	-	E	N	-	-	-	E	N	-	-	D	D	D	D	-	-	-	-	D	D	D	N	-	-	-	-
L	L	-	-	D	D	D	-	-	-	-	L	L	-	-	-	-	-	-	-	D	D	-	-	-	-	-	-
-	-	-	L	N	-	-	-	-	-	-	D	D	N	-	-	-	-	-	-	-	D	L	-	-	E	E	D
-	-	-	-	-	E	D	-	-	-	-	E	E	-	-	-	-	-	-	-	-	-	E	E	E	E	D	-
-	-	-	-	D	L	N	-	-	-	-	-	N	-	-	-	-	-	-	L	L	L	N	-	-	-	-	-
L	N	-	-	-	-	-	D	-	-	-	E	N	-	-	D	-	-	-	-	E	-	-	-	-	E	-	-
-	-	E	E	-	-	-	-	D	D	-	-	E	-	-	-	-	-	N	N	-	-	-	-	-	E	D	D
-	-	L	L	L	L	-	-	-	-	-	L	-	-	-	-	-	-	L	L	L	-	-	-	L	-	-	-
-	-	-	D	L	-	-	-	-	-	-	-	L	L	N	N	-	-	-	-	-	-	-	E	D	L	-	-
-	-	-	-	D	L	L	-	-	-	-	-	-	-	-	-	D	D	N	-	-	-	-	D	L	L	-	-
-	-	-	-	-	-	-	E	-	E	E	E	D	D	-	-	-	-	D	D	-	-	-	D	D	-	-	D
-	-	-	-	-	-	-	-	-	N	N	-	-	-	-	-	-	-	L	L	-	-	L	L	-	-	-	-
-	-	-	-	-	-	-	-	-	-	-	-	-	-	-	-	-	-	-	-	D	D	D	N	-	-	N	-
D	-	-	L	L	N	-	-	-	-	-	-	-	-	-	-	-	D	-	-	-	-	-	-	-	D	-	-
N	-	-	E	-	-	E	E	-	-	-	-	-	-	-	-	-	-	-	-	N	-	-	-	-	-	-	-
L	-	-	E	-	-	-	-	-	-	-	-	-	-	-	-	-	-	D	D	-	N	-	-	-	-	-	-
-	-	-	-	D	-	-	-	-	-	-	L	-	E	-	-	-	-	-	N	-	-	-	D	-	-	-	-
D	-	-	-	-	-	E	-	-	-	-	-	-	-	-	-	-	-	-	-	E	D	-	-	-	-	-	L
-	-	-	L	-	-	-	-	-	D	-	-	-	-	E	-	-	-	D	-	E	-	-	-	E	-	-	-
-	-	-	D	-	-	-	D	-	-	-	-	D	-	-	-	-	-	-	-	-	-	D	L	L	-	-	-
-	-	-	-	-	-	-	-	-	N	N	-	-	-	-	L	-	E	L	-	-	E	L	-	-	-	-	-
Objective 0: 7226
Objective 1: 205
Constr violation: 0
Restrictions violated:
0 0 0 0 0 0 0 0 

Individual 5
1	2	3	4	5	6	7	8	9	10	11	12	13	14	15	16	17	18	19	20	21	22	23	24	25	26	27	28
E	E	E	E	N	-	-	D	D	D	-	-	L	L	N	-	-	-	D	-	-	-	-	-	E	E	L	N
D	D	L	L	L	-	-	L	L	-	-	-	D	D	L	-	-	-	D	D	-	-	E	E	E	-	-	-
E	E	D	D	L	-	-	D	D	L	L	-	-	L	L	L	L	-	-	-	-	E	E	E	E	E	-	-
L	L	L	N	N	-	-	L	L	-	-	D	N	-	-	L	L	L	N	-	-	-	-	-	-	L	L	L
-	D	D	D	-	-	-	E	D	D	D	D	-	-	-	-	-	-	-	E	E	E	-	E	E	E	D	D
-	-	E	D	N	-	-	-	-	E	N	N	-	-	-	-	E	E	E	E	E	-	-	D	N	-	-	D
D	D	-	-	E	E	E	E	-	-	D	D	D	-	-	E	D	D	-	-	-	-	E	E	D	-	-	-
E	E	D	-	-	-	L	L	L	L	-	-	-	-	E	E	D	N	-	-	L	L	L	L	-	-	-	-
D	D	D	N	N	-	-	-	-	-	E	L	L	L	-	-	L	L	-	-	-	E	L	L	L	-	-	N
L	N	-	-	-	L	L	-	-	E	E	L	N	N	-	-	E	N	-	-	-	-	-	D	L	N	-	-
-	-	-	N	N	N	-	-	-	L	N	-	-	-	-	E	L	L	-	-	-	E	L	-	-	-	E	L
L	L	L	N	-	-	-	-	-	L	L	N	-	-	-	N	N	-	-	-	L	L	-	-	-	-	-	-
D	L	-	-	-	D	D	L	-	-	-	-	-	-	-	D	D	L	L	-	-	-	-	-	-	-	L	N
-	-	L	N	N	-	-	-	-	-	-	E	E	N	N	-	-	-	E	E	D	L	-	-	-	-	-	-
-	-	-	E	E	E	D	-	-	-	-	-	-	-	D	L	N	-	-	-	-	N	N	-	-	-	L	L
-	-	-	E	N	-	-	-	E	N	-	-	D	D	D	D	-	-	-	-	D	D	D	N	-	-	-	-
L	L	-	-	D	D	D	-	-	-	-	L	L	-	-	-	-	-	-	-	D	D	-	-	-	-	-	-
-	-	-	L	N	-	-	-	-	-	-	D	D	N	-	-	-	-	-	-	-	D	L	-	-	E	E	D
-	-	-	-	-	E	D	-	-	-	-	E	E	-	-	-	-	-	-	-	-	-	E	E	E	E	D	-
-	-	-	-	D	L	N	-	-	-	-	-	N	-	-	-	-	-	-	L	L	L	N	-	-	-	-	-
L	N	-	-	-	-	-	D	-	-	-	E	N	-	-	D	-	-	-	-	E	-	-	-	-	E	-	-
-	-	E	E	-	-	-	-	D	D	-	-	E	-	-	-	-	-	N	N	-	-	-	-	-	E	D	D
-	-	L	L	L	L	-	-	-	-	-	L	-	-	-	-	-	-	L	L	L	-	-	-	L	-	-	-
-	-	-	D	L	-	-	-	-	-	-	-	L	L	N	N	-	-	-	-	-	-	-	E	D	L	-	-
-	-	-	-	D	L	L	-	-	-	-	-	-	-	-	-	D	D	N	-	-	-	-	D	L	L	-	-
-	-	-	-	-	-	-	E	-	E	E	E	D	D	-	-	-	-	D	D	-	-	-	D	D	-	-	D
-	-	-	-	-	-	-	-	-	N	N	-	-	-	-	-	-	-	L	L	-	-	L	L	-	-	-	-
-	-	-	-	-	-	-	-	-	-	-	-	-	-	-	-	-	-	-	-	D	D	D	N	-	-	N	-
D	-	-	L	L	N	-	-	-	-	-	-	-	-	-	-	-	D	-	-	-	-	-	-	-	D	-	-
N	-	-	E	-	-	E	E	-	-	-	-	-	-	-	-	-	-	-	-	N	-	-	-	-	-	-	-
L	-	-	E	-	-	-	-	-	-	-	-	-	-	-	-	-	-	D	D	-	N	-	-	-	-	-	-
-	-	-	-	D	-	-	-	-	-	-	L	-	E	-	-	-	-	-	N	-	-	-	D	-	-	-	-
D	-	-	-	-	-	E	-	-	-	-	-	-	-	-	-	-	-	-	-	E	D	-	-	-	-	-	L
-	-	-	L	-	-	-	-	-	D	-	-	-	-	E	-	-	-	D	-	E	-	-	-	E	-	-	-
-	-	-	D	-	-	-	-	-	-	-	-	D	-	-	-	-	-	-	-	-	D	D	L	L	-	-	-
-	-	-	-	-	-	-	-	-	N	N	-	-	-	-	L	-	E	L	-	-	E	L	-	-	-	-	-
Objective 0: 7327
Objective 1: 202
Constr violation: 0
Restrictions violated:
0 0 0 0 0 0 0 0 

Individual 6
1	2	3	4	5	6	7	8	9	10	11	12	13	14	15	16	17	18	19	20	21	22	23	24	25	26	27	28
E	E	E	E	N	-	-	-	D	L	L	N	N	-	-	-	-	-	-	-	-	-	-	-	E	E	L	N
D	D	L	L	L	-	-	L	L	-	-	-	D	D	L	-	-	-	D	D	-	-	E	E	E	-	-	-
E	E	D	D	L	-	-	D	D	L	L	-	-	L	L	L	L	-	-	-	-	E	L	-	-	-	-	-
L	L	L	N	N	-	-	L	L	-	-	D	N	-	-	L	L	L	N	-	-	-	-	-	-	L	L	L
-	D	D	D	-	-	-	E	D	D	D	D	-	-	-	-	-	-	-	E	E	E	-	E	E	E	D	D
-	-	E	D	N	-	-	-	-	E	N	N	-	-	-	-	E	E	E	E	E	-	-	D	N	-	-	D
D	D	-	-	E	E	E	E	-	-	D	D	D	-	-	E	D	D	-	-	-	-	E	E	D	-	-	-
E	E	D	-	-	-	L	L	L	L	-	-	-	-	E	E	D	N	-	-	L	L	L	L	-	-	-	-
D	D	D	N	N	-	-	-	-	-	E	L	L	L	-	-	L	L	-	-	-	E	L	L	L	-	-	N
L	N	-	-	-	L	L	-	-	E	E	L	N	N	-	-	E	N	-	-	-	-	-	D	L	N	-	-
-	-	-	N	N	N	-	-	-	L	N	-	-	-	-	E	L	L	-	-	-	E	L	-	-	-	E	L
N	N	N	-	-	-	-	-	-	-	E	E	-	-	-	L	N	-	-	-	E	E	E	L	-	-	-	-
D	L	-	-	-	D	D	L	-	-	-	-	-	-	-	D	D	L	L	-	-	-	-	-	-	-	L	N
-	-	L	N	N	-	-	-	-	-	-	E	E	N	N	-	-	-	E	E	D	L	-	-	-	-	-	-
-	-	-	E	E	E	D	-	-	-	-	-	-	-	D	L	N	-	-	-	-	N	N	-	-	-	L	L
-	-	-	E	N	-	-	-	E	N	-	-	D	D	D	D	-	-	-	-	D	D	D	N	-	-	-	-
L	L	-	-	D	D	D	-	-	-	-	L	L	-	-	-	-	-	-	-	D	D	-	-	-	-	-	-
-	-	-	L	N	-	-	-	-	-	-	D	D	N	-	-	-	-	-	-	-	D	L	-	-	E	E	D
-	-	-	-	-	E	D	-	-	-	-	E	E	-	-	-	-	-	-	-	-	-	E	E	E	E	D	-
-	-	-	-	D	L	N	-	-	-	-	-	N	-	-	-	-	-	-	L	L	L	N	-	-	-	-	-
L	N	-	-	-	-	-	D	-	-	-	E	N	-	-	D	-	-	-	-	E	-	-	-	-	E	-	-
-	-	E	E	-	-	-	-	D	D	-	-	E	-	-	-	-	-	N	N	-	-	-	-	-	E	D	D
-	-	L	L	L	L	-	-	-	-	-	L	-	-	-	-	-	-	L	L	L	-	-	-	L	-	-	-
-	-	-	D	L	-	-	-	-	-	-	-	L	L	N	N	-	-	-	-	-	-	-	E	D	L	-	-
-	-	-	-	D	L	L	-	-	-	-	-	-	-	-	-	D	D	N	-	-	-	-	D	L	L	-	-
-	-	-	-	-	-	-	E	-	E	E	E	D	D	-	-	-	-	D	D	-	-	-	D	D	-	-	D
-	-	-	-	-	-	-	-	-	N	N	-	-	-	-	-	-	-	L	L	-	-	L	L	-	-	-	-
-	-	-	-	-	-	-	-	-	-	-	-	-	-	-	-	-	-	-	-	D	D	D	N	-	-	N	-
D	-	-	L	L	N	-	-	-	-	-	-	-	-	-	-	-	D	-	-	-	-	-	-	-	D	-	-
N	-	-	E	-	-	E	E	-	-	-	-	-	-	-	-	-	-	-	-	N	-	-	-	-	-	-	-
L	-	-	E	-	-	-	-	-	-	-	-	-	-	-	-	-	-	D	D	-	N	-	-	-	-	-	-
-	-	-	-	D	-	-	-	-	-	-	L	-	E	-	-	-	-	-	N	-	-	-	D	-	-	-	-
D	-	-	-	-	-	E	-	-	-	-	-	-	-	-	-	-	-	-	-	E	D	-	-	-	-	-	L
-	-	-	L	-	-	-	-	-	D	-	-	-	-	E	-	-	-	D	-	E	-	-	-	E	-	-	-
-	-	-	D	-	-	-	-	-	-	-	-	D	-	-	-	-	-	-	-	-	D	D	L	L	-	-	-
-	-	-	-	-	-	-	-	-	N	N	-	-	-	-	L	-	E	L	-	-	E	L	-	-	-	-	-
Objective 0: 7830
Objective 1: 196
Constr violation: 0
Restrictions violated:
0 0 0 0 0 0 0 0 

Individual 7
1	2	3	4	5	6	7	8	9	10	11	12	13	14	15	16	17	18	19	20	21	22	23	24	25	26	27	28
E	E	E	E	N	-	-	D	D	D	-	-	L	L	N	-	-	-	D	-	-	-	-	-	E	E	L	N
D	D	L	L	L	-	-	L	L	-	-	-	D	D	L	-	-	-	D	D	-	-	E	E	E	-	-	-
E	E	D	D	L	-	-	D	D	L	L	-	-	L	L	L	L	-	-	-	-	E	E	E	E	E	-	-
L	L	L	N	N	-	-	L	L	-	-	D	N	-	-	L	L	L	N	-	-	-	-	-	-	L	L	L
-	D	D	D	-	-	-	E	D	D	D	D	-	-	-	-	-	-	-	E	E	E	-	E	E	E	D	D
-	-	E	D	N	-	-	-	-	E	N	N	-	-	-	-	E	E	E	E	E	-	-	D	N	-	-	D
D	D	-	-	E	E	E	E	-	-	D	D	D	-	-	E	D	D	-	-	-	-	E	E	D	-	-	-
E	E	D	-	-	-	L	L	L	L	-	-	-	-	E	E	D	N	-	-	L	L	L	L	-	-	-	-
D	D	D	N	N	-	-	-	-	-	E	L	L	L	-	-	L	L	-	-	-	E	L	L	L	-	-	N
L	N	-	-	-	L	L	-	-	E	E	L	N	N	-	-	E	N	-	-	-	-	-	D	L	N	-	-
-	-	-	N	N	N	-	-	-	L	N	-	-	-	-	E	L	L	-	-	-	E	L	-	-	-	E	L
L	L	L	N	-	-	-	-	-	L	L	N	-	-	-	N	N	-	-	-	L	L	-	-	-	-	-	-
D	L	-	-	-	D	D	L	-	-	-	-	-	-	-	D	D	L	L	-	-	-	-	-	-	-	L	N
-	-	L	N	N	-	-	-	-	-	-	E	E	N	N	-	-	-	E	E	D	L	-	-	-	-	-	-
-	-	-	E	E	E	D	-	-	-	-	-	-	-	D	L	N	-	-	-	-	N	N	-	-	-	L	L
-	-	-	E	N	-	-	-	E	N	-	-	D	D	D	D	-	-	-	-	D	D	D	N	-	-	-	-
L	L	-	-	D	D	D	-	-	-	-	L	L	-	-	-	-	-	-	-	D	D	-	-	-	-	-	-
-	-	-	L	N	-	-	-	-	-	-	D	D	N	-	-	-	-	-	-	-	D	L	-	-	E	E	D
-	-	-	-	-	E	D	-	-	-	-	E	E	-	-	-	-	-	-	-	-	-	E	E	E	E	D	-
-	-	-	-	D	L	N	-	-	-	-	-	N	-	-	-	-	-	-	L	L	L	N	-	-	-	-	-
L	N	-	-	-	-	-	D	-	-	-	E	N	-	-	D	-	-	-	-	E	-	-	-	-	E	-	-
-	-	E	E	-	-	-	-	D	D	-	-	E	-	-	-	-	-	N	N	-	-	-	-	-	E	D	D
-	-	L	L	L	L	-	-	-	-	-	L	-	-	-	-	-	-	L	L	L	-	-	-	L	-	-	-
-	-	-	D	L	-	-	-	-	-	-	-	L	L	N	N	-	-	-	-	-	-	-	E	D	L	-	-
-	-	-	-	D	L	L	-	-	-	-	-	-	-	-	-	D	D	N	-	-	-	-	D	L	L	-	-
-	-	D	-	-	-	-	E	-	E	E	E	D	D	-	-	-	-	D	D	-	-	-	-	D	-	-	D
-	-	-	-	-	-	-	-	-	N	N	-	-	-	-	-	-	-	L	L	-	-	L	L	-	-	-	-
-	-	-	-	-	-	-	-	-	-	-	-	-	-	-	-	-	-	-	-	D	D	D	N	-	-	N	-
-	-	-	L	L	N	-	-	-	-	-	-	-	-	-	-	-	D	-	-	-	-	-	-	-	D	-	-
N	-	-	E	-	-	E	E	-	-	-	-	-	-	-	-	-	-	-	-	N	-	-	-	-	-	-	-
L	-	-	E	-	-	-	-	-	-	-	-	-	-	-	-	-	-	D	D	-	N	-	-	-	-	-	-
-	-	-	-	D	-	-	-	-	-	-	L	-	E	-	-	-	-	-	N	-	-	-	D	-	-	-	-
D	-	-	-	-	-	E	-	-	-	-	-	-	-	-	-	-	-	-	-	E	D	-	-	-	-	-	L
-	-	-	L	-	-	-	-	-	D	-	-	-	-	E	-	-	-	D	-	E	-	-	-	E	-	-	-
-	-	-	D	-	-	-	D	-	-	-	-	D	-	-	-	-	-	-	-	-	-	D	L	L	-	-	-
-	-	-	-	-	-	-	-	-	N	N	-	-	-	-	L	-	E	L	-	-	E	L	-	-	-	-	-
Objective 0: 7326
Objective 1: 204
Constr violation: 0
Restrictions violated:
0 0 0 0 0 0 0 0 

Individual 8
1	2	3	4	5	6	7	8	9	10	11	12	13	14	15	16	17	18	19	20	21	22	23	24	25	26	27	28
E	E	E	E	N	-	-	-	D	L	L	N	N	-	-	-	-	-	-	-	-	-	-	-	E	E	L	N
D	D	L	L	L	-	-	L	L	-	-	-	D	D	L	-	-	-	D	D	-	-	E	E	E	-	-	-
E	E	D	D	L	-	-	D	D	L	L	-	-	L	L	L	L	-	-	-	-	E	L	-	-	-	-	-
L	L	L	N	N	-	-	L	L	-	-	D	N	-	-	L	L	L	N	-	-	-	-	-	-	L	L	L
-	D	D	D	-	-	-	E	D	D	D	D	-	-	-	-	-	-	-	E	E	E	-	E	E	E	D	D
-	-	E	D	N	-	-	-	-	E	N	N	-	-	-	-	E	E	E	E	E	-	-	D	N	-	-	D
D	D	-	-	E	E	E	E	-	-	D	D	D	-	-	E	D	D	-	-	-	-	E	E	D	-	-	-
E	E	D	-	-	-	L	L	L	L	-	-	-	-	E	E	D	N	-	-	L	L	L	L	-	-	-	-
D	D	D	N	N	-	-	-	-	-	E	L	L	L	-	-	L	L	-	-	-	E	L	L	L	-	-	N
L	N	-	-	-	L	L	-	-	E	E	L	N	N	-	-	E	N	-	-	-	-	-	D	L	N	-	-
-	-	-	N	N	N	-	-	-	L	N	-	-	-	-	E	L	L	-	-	-	E	L	-	-	-	E	L
N	N	N	-	-	-	-	-	-	-	E	E	-	-	-	L	N	-	-	-	E	E	E	L	-	-	-	-
D	L	-	-	-	D	D	L	-	-	-	-	-	-	-	D	D	L	L	-	-	-	-	-	-	-	L	N
-	-	L	N	N	-	-	-	-	-	-	E	E	N	N	-	-	-	E	E	D	L	-	-	-	-	-	-
-	-	-	E	E	E	D	-	-	-	-	-	-	-	D	L	N	-	-	-	-	N	N	-	-	-	L	L
-	-	-	E	N	-	-	-	E	N	-	-	D	D	D	D	-	-	-	-	D	D	D	N	-	-	-	-
L	L	-	-	D	D	D	-	-	-	-	L	L	-	-	-	-	-	-	-	D	D	-	-	-	-	-	-
-	-	-	L	N	-	-	-	-	-	-	D	D	N	-	-	-	-	-	-	-	D	L	-	-	E	E	D
-	-	-	-	-	E	D	-	-	-	-	E	E	-	-	-	-	-	-	-	-	-	E	E	E	E	D	-
-	-	-	-	D	L	N	-	-	-	-	-	N	-	-	-	-	-	-	L	L	L	N	-	-	-	-	-
L	N	-	-	-	-	-	D	-	-	-	E	N	-	-	D	-	-	-	-	E	-	-	-	-	E	-	-
-	-	E	E	-	-	-	-	D	D	-	-	E	-	-	-	-	-	N	N	-	-	-	-	-	E	D	D
-	-	L	L	L	L	-	-	-	-	-	L	-	-	-	-	-	-	L	L	L	-	-	-	L	-	-	-
-	-	-	D	L	-	-	-	-	-	-	-	L	L	N	N	-	-	-	-	-	-	-	E	D	L	-	-
-	-	-	-	D	L	L	-	-	-	-	-	-	-	-	-	D	D	N	-	-	-	-	D	L	L	-	-
-	-	D	-	-	-	-	E	-	E	E	E	D	D	-	-	-	-	D	D	-	-	-	-	D	-	-	D
-	-	-	-	-	-	-	-	-	N	N	-	-	-	-	-	-	-	L	L	-	-	L	L	-	-	-	-
-	-	-	-	-	-	-	-	-	-	-	-	-	-	-	-	-	-	-	-	D	D	D	N	-	-	N	-
-	-	-	L	L	N	-	-	-	-	-	-	-	-	-	-	-	D	-	-	-	-	-	-	-	D	-	-
N	-	-	E	-	-	E	E	-	-	-	-	-	-	-	-	-	-	-	-	N	-	-	-	-	-	-	-
L	-	-	E	-	-	-	-	-	-	-	-	-	-	-	-	-	-	D	D	-	N	-	-	-	-	-	-
-	-	-	-	D	-	-	-	-	-	-	L	-	E	-	-	-	-	-	N	-	-	-	D	-	-	-	-
D	-	-	-	-	-	E	-	-	-	-	-	-	-	-	-	-	-	-	-	E	D	-	-	-	-	-	L
-	-	-	L	-	-	-	-	-	D	-	-	-	-	E	-	-	-	D	-	E	-	-	-	E	-	-	-
-	-	-	D	-	-	-	-	-	-	-	-	D	-	-	-	-	-	-	-	-	D	D	L	L	-	-	-
-	-	-	-	-	-	-	-	-	N	N	-	-	-	-	L	-	E	L	-	-	E	L	-	-	-	-	-
Objective 0: 7930
Objective 1: 195
Constr violation: 0
Restrictions violated:
0 0 0 0 0 0 0 0 

Individual 9
1	2	3	4	5	6	7	8	9	10	11	12	13	14	15	16	17	18	19	20	21	22	23	24	25	26	27	28
E	E	E	E	N	-	-	D	D	D	-	-	L	L	N	-	-	-	D	-	-	-	-	-	E	E	L	N
D	D	L	L	L	-	-	L	L	-	-	-	D	D	L	-	-	-	D	D	-	-	E	E	E	-	-	-
E	E	D	D	L	-	-	D	D	L	L	-	-	L	L	L	L	-	-	-	-	E	E	E	E	E	-	-
L	L	L	N	N	-	-	L	L	-	-	D	N	-	-	L	L	L	N	-	-	-	-	-	-	L	L	L
-	D	D	D	-	-	-	E	D	D	D	D	-	-	-	-	-	-	-	E	E	E	-	E	E	E	D	D
-	-	E	D	N	-	-	-	-	E	N	N	-	-	-	-	E	E	E	E	E	-	-	D	N	-	-	D
D	D	-	-	E	E	E	E	-	-	D	D	D	-	-	E	D	D	-	-	-	-	E	E	D	-	-	-
E	E	D	-	-	-	L	L	L	L	-	-	-	-	E	E	D	N	-	-	L	L	L	L	-	-	-	-
D	D	D	N	N	-	-	-	-	-	E	L	L	L	-	-	L	L	-	-	-	E	L	L	L	-	-	N
L	N	-	-	-	L	L	-	-	E	E	L	N	N	-	-	E	N	-	-	-	-	-	D	L	N	-	-
-	-	-	N	N	N	-	-	-	L	N	-	-	-	-	E	L	L	-	-	-	E	L	-	-	-	E	L
L	L	L	N	-	-	-	-	-	L	L	N	-	-	-	N	N	-	-	-	L	L	-	-	-	-	-	-
D	L	-	-	-	D	D	L	-	-	-	-	-	-	-	D	D	L	L	-	-	-	-	-	-	-	L	N
-	-	L	N	N	-	-	-	-	-	-	E	E	N	N	-	-	-	E	E	D	L	-	-	-	-	-	-
-	-	-	E	E	E	D	-	-	-	-	-	-	-	D	L	N	-	-	-	-	N	N	-	-	-	L	L
-	-	-	E	N	-	-	-	E	N	-	-	D	D	D	D	-	-	-	-	D	D	D	N	-	-	-	-
L	L	-	-	D	D	D	-	-	-	-	L	L	-	-	-	-	-	-	-	D	D	-	-	-	-	-	-
-	-	-	L	N	-	-	-	-	-	-	D	D	N	-	-	-	-	-	-	-	D	L	-	-	E	E	D
-	-	-	-	-	E	D	-	-	-	-	E	E	-	-	-	-	-	-	-	-	-	E	E	E	E	D	-
-	-	-	-	D	L	N	-	-	-	-	-	N	-	-	-	-	-	-	L	L	L	N	-	-	-	-	-
L	N	-	-	-	-	-	D	-	-	-	E	N	-	-	D	-	-	-	-	E	-	-	-	-	E	-	-
-	-	E	E	-	-	-	-	D	D	-	-	E	-	-	-	-	-	N	N	-	-	-	-	-	E	D	D
-	-	L	L	L	L	-	-	-	-	-	L	-	-	-	-	-	-	L	L	L	-	-	-	L	-	-	-
-	-	-	D	L	-	-	-	-	-	-	-	L	L	N	N	-	-	-	-	-	-	-	E	D	L	-	-
-	-	-	-	D	L	L	-	-	-	-	-	-	-	-	-	D	D	N	-	-	-	-	D	L	L	-	-
-	-	D	-	-	-	-	E	-	E	E	E	D	D	-	-	-	-	D	D	-	-	-	-	D	-	-	D
-	-	-	-	-	-	-	-	-	N	N	-	-	-	-	-	-	-	L	L	-	-	L	L	-	-	-	-
-	-	-	-	-	-	-	-	-	-	-	-	-	-	-	-	-	-	-	-	D	D	D	N	-	-	N	-
-	-	-	L	L	N	-	-	-	-	-	-	-	-	-	-	-	D	-	-	-	-	-	-	-	D	-	-
N	-	-	E	-	-	E	E	-	-	-	-	-	-	-	-	-	-	-	-	N	-	-	-	-	-	-	-
L	-	-	E	-	-	-	-	-	-	-	-	-	-	-	-	-	-	D	D	-	N	-	-	-	-	-	-
-	-	-	-	D	-	-	-	-	-	-	L	-	E	-	-	-	-	-	N	-	-	-	D	-	-	-	-
D	-	-	-	-	-	E	-	-	-	-	-	-	-	-	-	-	-	-	-	E	D	-	-	-	-	-	L
-	-	-	L	-	-	-	-	-	D	-	-	-	-	E	-	-	-	D	-	E	-	-	-	E	-	-	-
-	-	-	D	-	-	-	-	-	-	-	-	D	-	-	-	-	-	-	-	-	D	D	L	L	-	-	-
-	-	-	-	-	-	-	-	-	N	N	-	-	-	-	L	-	E	L	-	-	E	L	-	-	-	-	-
Objective 0: 7427
Objective 1: 201
Constr violation: 0
Restrictions violated:
0 0 0 0 0 0 0 0 

Individual 10
1	2	3	4	5	6	7	8	9	10	11	12	13	14	15	16	17	18	19	20	21	22	23	24	25	26	27	28
E	E	E	E	N	-	-	-	D	L	L	N	N	-	-	-	-	-	-	-	-	-	-	-	E	E	L	N
D	D	L	L	L	-	-	L	L	-	-	-	D	D	L	-	-	-	D	D	-	-	E	E	E	-	-	-
E	E	D	D	L	-	-	D	D	L	L	-	-	L	L	L	L	-	-	-	-	E	L	-	-	-	-	-
L	L	L	N	N	-	-	L	L	-	-	D	N	-	-	L	L	L	N	-	-	-	-	-	-	L	L	L
-	D	D	D	-	-	-	E	D	D	D	D	-	-	-	-	-	-	-	E	E	E	-	E	E	E	D	D
-	-	E	D	N	-	-	-	-	E	N	N	-	-	-	-	E	E	E	E	E	-	-	D	N	-	-	D
D	D	-	-	E	E	E	E	-	-	D	D	D	-	-	E	D	D	-	-	-	-	E	E	D	-	-	-
E	E	D	-	-	-	L	L	L	L	-	-	-	-	E	E	D	N	-	-	L	L	L	L	-	-	-	-
D	D	D	N	N	-	-	-	-	-	E	L	L	L	-	-	L	L	-	-	-	E	L	L	L	-	-	N
L	N	-	-	-	L	L	-	-	E	E	L	N	N	-	-	E	N	-	-	-	-	-	D	L	N	-	-
-	-	-	N	N	N	-	-	-	L	N	-	-	-	-	E	L	L	-	-	-	E	L	-	-	-	E	L
N	N	N	-	-	-	-	-	-	-	E	E	-	-	-	L	N	-	-	-	E	E	E	L	-	-	-	-
D	L	-	-	-	D	D	L	-	-	-	-	-	-	-	D	D	L	L	-	-	-	-	-	-	-	L	N
-	-	L	N	N	-	-	-	-	-	-	E	E	N	N	-	-	-	E	E	D	L	-	-	-	-	-	-
-	-	-	E	E	E	D	-	-	-	-	-	-	-	D	L	N	-	-	-	-	N	N	-	-	-	L	L
-	-	-	E	N	-	-	-	E	N	-	-	D	D	D	D	-	-	-	-	D	D	D	N	-	-	-	-
L	L	-	-	D	D	D	-	-	-	-	L	L	-	-	-	-	-	-	-	D	D	-	-	-	-	-	-
-	-	-	L	N	-	-	-	-	-	-	D	D	N	-	-	-	-	-	-	-	D	L	-	-	E	E	D
-	-	-	-	-	E	D	-	-	-	-	E	E	-	-	-	-	-	-	-	-	-	E	E	E	E	D	-
-	-	-	-	D	L	N	-	-	-	-	-	N	-	-	-	-	-	-	L	L	L	N	-	-	-	-	-
L	N	-	-	-	-	-	D	-	-	-	E	N	-	-	D	-	-	-	-	E	-	-	-	-	E	-	-
-	-	E	E	-	-	-	-	D	D	-	-	E	-	-	-	-	-	N	N	-	-	-	-	-	E	D	D
-	-	L	L	L	L	-	-	-	-	-	L	-	-	-	-	-	-	L	L	L	-	-	-	L	-	-	-
-	-	-	D	L	-	-	-	-	-	-	-	L	L	N	N	-	-	-	-	-	-	-	E	D	L	-	-
-	-	-	-	D	L	L	-	-	-	-	-	-	-	-	-	D	D	N	-	-	-	-	D	L	L	-	-
-	-	D	-	-	-	-	E	-	E	E	E	D	D	-	-	-	-	D	D	-	-	-	-	D	-	-	D
-	-	-	-	-	-	-	-	-	N	N	-	-	-	-	-	-	-	L	L	-	-	L	L	-	-	-	-
-	-	-	-	-	-	-	-	-	-	-	-	-	-	-	-	-	-	-	-	D	D	D	N	-	-	N	-
-	-	-	L	L	N	-	-	-	-	-	-	-	-	-	-	-	D	-	-	-	-	-	-	-	D	-	-
N	-	-	E	-	-	E	E	-	-	-	-	-	-	-	-	-	-	-	-	N	-	-	-	-	-	-	-
L	-	-	E	-	-	-	-	-	-	-	-	-	-	-	-	-	-	D	D	-	N	-	-	-	-	-	-
-	-	-	-	D	-	-	-	-	-	-	L	-	E	-	-	-	-	-	N	-	-	-	D	-	-	-	-
D	-	-	-	-	-	E	-	-	-	-	-	-	-	-	-	-	-	-	-	E	D	-	-	-	-	-	L
-	-	-	L	-	-	-	-	-	D	-	-	-	-	E	-	-	-	D	-	E	-	-	-	E	-	-	-
-	-	-	D	-	-	-	-	-	-	-	-	D	-	-	-	-	-	-	-	-	D	D	L	L	-	-	-
-	-	-	-	-	-	-	-	-	N	N	-	-	-	-	L	-	E	L	-	-	E	L	-	-	-	-	-
Objective 0: 7930
Objective 1: 195
Constr violation: 0
Restrictions violated:
0 0 0 0 0 0 0 0 

Individual 11
1	2	3	4	5	6	7	8	9	10	11	12	13	14	15	16	17	18	19	20	21	22	23	24	25	26	27	28
E	E	E	E	N	-	-	D	D	D	-	-	L	L	N	-	-	-	D	-	-	-	-	-	E	E	L	N
D	D	L	L	L	-	-	L	L	-	-	-	D	D	L	-	-	-	D	D	-	-	E	E	E	-	-	-
E	E	D	D	L	-	-	D	D	L	L	-	-	L	L	L	L	-	-	-	-	E	E	E	E	E	-	-
L	L	L	N	N	-	-	L	L	-	-	D	N	-	-	L	L	L	N	-	-	-	-	-	-	L	L	L
-	D	D	D	-	-	-	E	D	D	D	D	-	-	-	-	-	-	-	E	E	E	-	E	E	E	D	D
-	-	E	D	N	-	-	-	-	E	N	N	-	-	-	-	E	E	E	E	E	-	-	D	N	-	-	D
D	D	-	-	E	E	E	E	-	-	D	D	D	-	-	E	D	D	-	-	-	-	E	E	D	-	-	-
E	E	D	-	-	-	L	L	L	L	-	-	-	-	E	E	D	N	-	-	L	L	L	L	-	-	-	-
D	D	D	N	N	-	-	-	-	-	E	L	L	L	-	-	L	L	-	-	-	E	L	L	L	-	-	N
L	N	-	-	-	L	L	-	-	E	E	L	N	N	-	-	E	N	-	-	-	-	-	D	L	N	-	-
-	-	-	N	N	N	-	-	-	L	N	-	-	-	-	E	L	L	-	-	-	E	L	-	-	-	E	L
L	L	L	N	-	-	-	-	-	L	L	N	-	-	-	N	N	-	-	-	L	L	-	-	-	-	-	-
D	L	-	-	-	D	D	L	-	-	-	-	-	-	-	D	D	L	L	-	-	-	-	-	-	-	L	N
-	-	L	N	N	-	-	-	-	-	-	E	E	N	N	-	-	-	E	E	D	L	-	-	-	-	-	-
-	-	-	E	E	E	D	-	-	-	-	-	-	-	D	L	N	-	-	-	-	N	N	-	-	-	L	L
-	-	-	E	N	-	-	-	E	N	-	-	D	D	D	D	-	-	-	-	D	D	D	N	-	-	-	-
L	L	-	-	D	D	D	-	-	-	-	L	L	-	-	-	-	-	-	-	D	D	-	-	-	-	-	-
-	-	-	L	N	-	-	-	-	-	-	D	D	N	-	-	-	-	-	-	-	D	L	-	-	E	E	D
-	-	-	-	-	E	D	-	-	-	-	E	E	-	-	-	-	-	-	-	-	-	E	E	E	E	D	-
-	-	-	-	D	L	N	-	-	-	-	-	N	-	-	-	-	-	-	L	L	L	N	-	-	-	-	-
L	N	-	-	-	-	-	D	-	-	-	E	N	-	-	D	-	-	-	-	E	-	-	-	-	E	-	-
-	-	E	E	-	-	-	-	D	D	-	-	E	-	-	-	-	-	N	N	-	-	-	-	-	E	D	D
-	-	L	L	L	L	-	-	-	-	-	L	-	-	-	-	-	-	L	L	L	-	-	-	L	-	-	-
-	-	-	D	L	-	-	-	-	-	-	-	L	L	N	N	-	-	-	-	-	-	-	E	D	L	-	-
-	-	-	-	D	L	L	-	-	-	-	-	-	-	-	-	D	D	N	-	-	-	-	D	L	L	-	-
-	-	D	-	-	-	-	E	-	E	E	E	D	D	-	-	-	-	D	D	-	-	-	-	D	-	-	D
-	-	-	-	-	-	-	-	-	N	N	-	-	-	-	-	-	-	L	L	-	-	L	L	-	-	-	-
-	-	-	-	-	-	-	-	-	-	-	-	-	-	-	-	-	-	-	-	D	D	D	N	-	-	N	-
D	-	-	L	L	N	-	-	-	-	-	-	-	-	-	-	-	D	-	-	-	-	-	-	-	D	-	-
N	-	-	E	-	-	E	E	-	-	-	-	-	-	-	-	-	-	-	-	N	-	-	-	-	-	-	-
L	-	-	E	-	-	-	-	-	-	-	-	-	-	-	-	-	-	D	D	-	N	-	-	-	-	-	-
-	-	-	-	D	-	-	-	-	-	-	L	-	E	-	-	-	-	-	N	-	-	-	D	-	-	-	-
D	-	-	-	-	-	E	-	-	-	-	-	-	-	-	-	-	-	-	-	E	D	-	-	-	-	-	L
-	-	-	L	-	-	-	-	-	D	-	-	-	-	E	-	-	-	D	-	E	-	-	-	E	-	-	-
-	-	-	D	-	-	-	-	-	-	-	-	D	-	-	-	-	-	-	-	-	D	D	L	L	-	-	-
-	-	-	-	-	-	-	-	-	N	N	-	-	-	-	L	-	E	L	-	-	E	L	-	-	-	-	-
Objective 0: 7428
Objective 1: 199
Constr violation: 0
Restrictions violated:
0 0 0 0 0 0 0 0 

