Individual 0
1	2	3	4	5	6	7	8	9	10	11	12	13	14	15	16	17	18	19	20	21	22	23	24	25	26	27	28
L	L	L	L	-	-	-	E	E	L	L	N	-	-	-	-	D	L	-	-	-	E	D	L	-	-	D	N
L	L	L	-	-	D	L	L	L	-	-	E	D	D	D	-	-	E	L	-	-	E	E	D	-	-	-	-
-	-	E	D	L	-	-	D	D	-	-	L	L	-	-	-	D	D	L	-	-	D	D	D	-	-	E	E
-	-	L	L	-	-	-	L	N	N	N	-	-	-	-	L	N	-	-	-	D	N	-	-	L	L	L	L
-	-	D	D	D	-	-	E	E	D	D	D	-	-	-	D	D	-	-	E	E	E	-	-	-	E	E	D
E	E	-	-	-	-	-	-	-	-	E	D	D	N	-	-	E	E	E	-	-	-	E	N	N	N	N	-
E	D	-	-	E	E	E	-	-	E	D	D	-	-	E	E	E	-	-	-	-	-	E	E	E	E	-	-
N	N	N	N	-	-	E	L	-	-	D	D	L	L	-	-	D	L	-	-	-	E	D	L	-	-	-	-
E	L	L	-	-	E	E	D	-	-	E	E	-	-	E	N	N	-	-	-	-	-	D	L	L	N	N	-
E	L	L	-	-	-	-	-	L	L	L	L	N	-	-	E	L	L	N	N	-	-	-	E	L	L	-	-
-	-	-	-	L	L	L	N	-	-	-	-	L	N	N	N	-	-	-	-	-	E	E	L	-	-	-	-
L	L	L	L	-	-	-	-	-	-	-	-	-	-	-	E	L	N	N	-	-	-	-	-	E	E	L	L
L	L	L	-	-	-	-	D	N	-	-	-	L	L	N	-	-	-	-	-	-	-	-	-	L	L	N	N
D	N	N	-	-	-	-	E	D	-	-	-	E	E	L	-	-	-	-	D	D	N	-	-	-	-	-	-
D	D	-	-	-	-	-	L	N	N	-	-	-	-	L	L	-	-	-	E	E	D	N	-	-	-	-	-
-	-	-	E	D	-	-	-	D	D	N	-	-	-	-	-	-	-	D	D	-	-	-	-	E	D	D	D
-	-	D	D	-	-	-	-	D	D	-	-	-	-	-	-	-	-	D	L	-	-	-	L	-	-	D	D
-	-	D	N	-	-	-	-	-	-	-	E	D	N	-	-	-	-	-	-	-	-	E	L	N	-	-	-
E	D	-	-	-	-	-	D	-	-	N	-	-	E	E	-	-	E	E	-	-	D	-	-	-	-	-	N
N	-	-	-	-	L	N	N	-	-	D	L	-	-	-	D	-	-	-	-	-	D	L	-	-	-	-	-
-	-	-	-	L	N	-	-	-	E	-	-	-	E	-	-	L	-	-	-	-	E	E	D	L	N	-	-
-	-	-	D	N	-	-	-	-	E	-	-	N	-	-	-	-	-	-	-	E	-	-	-	-	E	D	D
-	L	L	-	-	-	L	-	-	-	-	L	L	-	-	L	-	-	L	L	L	L	-	-	-	-	-	-
-	-	-	-	-	-	-	-	L	-	-	E	L	L	N	-	-	-	D	-	-	-	-	-	E	E	E	L
-	-	-	-	-	-	-	-	E	L	N	-	-	D	-	-	-	-	E	E	E	E	E	-	-	-	-	-
D	D	-	-	D	-	-	-	-	-	E	D	D	D	D	-	-	-	-	-	-	-	-	-	-	-	-	D
-	-	L	L	L	N	-	N	-	-	-	-	-	-	L	-	-	-	-	-	-	-	-	-	-	-	-	L
-	D	-	-	-	-	-	-	-	-	-	-	-	-	-	-	-	D	D	-	-	-	N	N	-	-	-	-
-	-	-	-	-	-	D	-	-	-	D	D	-	-	-	-	-	-	-	-	-	-	L	-	-	L	N	-
-	E	-	-	-	-	-	E	D	-	-	-	N	-	-	-	-	-	-	-	E	-	-	-	-	-	D	-
-	E	D	-	-	E	L	-	-	-	-	-	-	-	-	-	-	-	-	D	L	-	-	-	-	-	-	-
L	-	-	-	-	D	-	-	-	E	-	-	-	E	-	-	-	-	-	D	L	L	-	-	-	-	-	-
-	-	-	D	-	-	-	-	-	L	-	-	-	-	-	-	-	-	-	-	-	-	E	E	D	-	-	-
-	-	-	-	E	-	-	-	-	-	-	-	E	-	E	-	-	E	L	L	-	-	L	-	-	-	-	-
-	-	-	-	-	-	-	-	-	-	-	-	-	-	D	L	L	L	-	-	-	D	L	-	D	-	-	-
-	-	E	L	N	-	-	-	-	-	-	-	-	-	-	-	-	-	-	-	-	-	-	L	-	-	-	L
Objective 0: 7032
Objective 1: 199
Constr violation: 0
Restrictions violated:
0 0 0 0 0 0 0 0 

Individual 1
1	2	3	4	5	6	7	8	9	10	11	12	13	14	15	16	17	18	19	20	21	22	23	24	25	26	27	28
L	L	L	L	-	-	-	E	E	L	L	N	-	-	-	-	D	L	-	-	-	E	D	L	-	-	D	N
L	L	L	-	-	D	L	L	L	-	-	E	D	D	D	-	-	E	L	-	-	E	E	D	-	-	-	-
-	-	E	D	L	-	-	D	D	-	-	L	L	-	-	-	D	D	L	-	-	D	D	D	-	-	E	E
-	-	L	L	-	-	-	L	N	N	N	-	-	-	-	L	N	-	-	-	D	N	-	-	L	L	L	L
-	-	D	D	D	-	-	E	E	D	D	D	-	-	-	D	D	-	-	E	E	E	-	-	-	E	E	D
E	E	-	-	-	-	-	-	-	-	E	D	D	N	-	-	E	E	E	-	-	-	E	N	N	N	N	-
E	D	-	-	E	E	E	-	-	E	D	D	-	-	E	E	E	-	-	-	-	-	E	E	E	E	-	-
N	N	N	N	-	-	E	L	-	-	D	D	L	L	-	-	D	L	-	-	-	E	D	L	-	-	-	-
E	L	L	-	-	E	E	D	-	-	E	E	-	-	E	N	N	-	-	-	-	-	D	L	L	N	N	-
E	L	L	-	-	-	-	-	L	L	L	L	N	-	-	E	L	L	N	N	-	-	-	E	L	L	-	-
-	-	E	E	E	E	-	-	-	-	L	L	-	-	-	E	E	L	L	-	-	-	-	-	-	-	L	N
L	L	L	L	-	-	-	-	-	-	-	-	-	-	-	E	L	N	N	-	-	-	-	-	E	E	L	L
L	L	L	-	-	-	-	D	N	-	-	-	L	L	N	-	-	-	-	-	-	-	-	-	L	L	N	N
D	N	N	-	-	-	-	E	D	-	-	-	E	E	L	-	-	-	-	D	D	N	-	-	-	-	-	-
D	D	-	-	-	-	-	L	N	N	-	-	-	-	L	L	-	-	-	E	E	D	N	-	-	-	-	-
-	-	-	E	D	-	-	-	D	D	N	-	-	-	-	-	-	-	D	D	-	-	-	-	E	D	D	D
-	-	D	D	-	-	-	-	D	D	-	-	-	-	-	-	-	-	D	L	-	-	-	L	-	-	D	D
-	-	D	N	-	-	-	-	-	-	-	E	D	N	-	-	-	-	-	-	-	-	E	L	N	-	-	-
E	D	-	-	-	-	-	D	-	-	N	-	-	E	E	-	-	E	E	-	-	D	-	-	-	-	-	-
N	-	-	-	-	L	N	N	-	-	D	L	-	-	-	D	-	-	-	-	-	D	L	-	-	-	-	-
-	-	-	-	L	N	-	-	-	E	-	-	-	E	-	-	L	-	-	-	-	E	E	D	L	N	-	-
-	-	-	D	N	-	-	-	-	E	-	-	N	-	-	-	-	-	-	-	E	-	-	-	-	E	D	D
-	L	L	-	-	-	L	-	-	-	-	L	L	-	-	L	-	-	L	L	L	L	-	-	-	-	-	-
-	-	-	-	-	-	-	-	L	-	-	E	L	L	N	-	-	-	D	-	-	-	-	-	E	E	E	L
-	-	-	-	-	-	-	-	E	L	N	-	-	D	-	-	-	-	E	E	E	E	E	-	-	-	-	-
D	-	-	-	-	-	-	-	-	-	E	D	D	D	D	-	-	-	-	-	-	-	-	D	D	-	-	D
-	-	L	L	L	N	-	N	-	-	-	-	-	-	L	-	-	-	-	-	-	-	-	-	-	-	-	L
-	D	-	-	-	-	-	-	-	-	-	-	-	-	-	-	-	D	D	-	-	-	N	N	-	-	-	-
-	-	-	-	-	-	D	-	-	-	D	D	-	-	-	-	-	-	-	-	-	-	L	-	-	L	N	-
-	E	-	E	D	-	-	-	-	-	-	-	N	-	-	-	-	-	-	-	E	-	-	-	-	-	D	-
-	E	D	-	-	E	L	-	-	-	-	-	-	-	-	-	-	-	-	D	L	-	-	-	-	-	-	-
L	-	-	-	-	D	-	-	-	E	-	-	-	E	-	-	-	-	-	D	L	L	-	-	-	-	-	-
-	-	-	D	-	-	-	-	-	L	-	-	-	-	-	-	-	-	-	-	-	-	E	E	D	-	-	-
-	-	-	-	E	-	-	-	-	-	-	-	E	-	E	-	-	E	L	L	-	-	L	-	-	-	-	-
-	-	-	-	L	-	-	-	-	-	-	-	-	-	D	L	L	L	-	-	-	D	L	-	D	-	-	-
-	-	E	L	N	-	-	-	-	-	-	N	-	-	-	-	-	-	-	-	-	-	-	E	-	-	-	L
Objective 0: 6327
Objective 1: 216
Constr violation: 0
Restrictions violated:
0 0 0 0 0 0 0 0 

Individual 2
1	2	3	4	5	6	7	8	9	10	11	12	13	14	15	16	17	18	19	20	21	22	23	24	25	26	27	28
L	L	L	L	-	-	-	E	E	L	L	N	-	-	-	-	D	L	-	-	-	E	D	L	-	-	D	N
L	L	L	-	-	D	L	L	L	-	-	E	D	D	D	-	-	E	L	-	-	E	E	D	-	-	-	-
-	-	E	D	L	-	-	D	D	-	-	L	L	-	-	-	D	D	L	-	-	D	D	D	-	-	E	E
-	-	L	L	-	-	-	L	N	N	N	-	-	-	-	L	N	-	-	-	D	N	-	-	L	L	L	L
-	-	D	D	D	-	-	E	E	D	D	D	-	-	-	D	D	-	-	E	E	E	-	-	-	E	E	D
E	E	-	-	-	-	-	-	-	-	E	D	D	N	-	-	E	E	E	-	-	-	E	N	N	N	N	-
E	D	-	-	E	E	E	-	-	E	D	D	-	-	E	E	E	-	-	-	-	-	E	E	E	E	-	-
N	N	N	N	-	-	E	L	-	-	D	D	L	L	-	-	D	L	-	-	-	E	D	L	-	-	-	-
E	L	L	-	-	E	E	D	-	-	E	E	-	-	E	N	N	-	-	-	-	-	D	L	L	N	N	-
E	L	L	-	-	-	-	-	L	L	L	L	N	-	-	E	L	L	N	N	-	-	-	E	L	L	-	-
-	-	-	-	L	L	L	N	-	-	-	-	L	N	N	N	-	-	-	-	-	E	E	L	-	-	-	-
L	L	L	L	-	-	-	-	-	-	-	-	-	-	-	E	L	N	N	-	-	-	-	-	E	E	L	L
L	L	L	-	-	-	-	D	N	-	-	-	L	L	N	-	-	-	-	-	-	-	-	-	L	L	N	N
D	N	N	-	-	-	-	E	D	-	-	-	E	E	L	-	-	-	-	D	D	N	-	-	-	-	-	-
D	D	-	-	-	-	-	L	N	N	-	-	-	-	L	L	-	-	-	E	E	D	N	-	-	-	-	-
-	-	-	E	D	-	-	-	D	D	N	-	-	-	-	-	-	-	D	D	-	-	-	-	E	D	D	D
-	-	D	D	-	-	-	-	D	D	-	-	-	-	-	-	-	-	D	L	-	-	-	L	-	-	D	D
-	-	D	N	-	-	-	-	-	-	-	E	D	N	-	-	-	-	-	-	-	-	E	L	N	-	-	-
E	D	-	-	-	-	-	D	-	-	N	-	-	E	E	-	-	E	E	-	-	D	-	-	-	-	-	N
N	-	-	-	-	L	N	N	-	-	D	L	-	-	-	D	-	-	-	-	-	D	L	-	-	-	-	-
-	-	-	-	L	N	-	-	-	E	-	-	-	E	-	-	L	-	-	-	-	E	E	D	L	N	-	-
-	-	-	D	N	-	-	-	-	E	-	-	N	-	-	-	-	-	-	-	E	-	-	-	-	E	D	D
-	L	L	-	-	-	L	-	-	-	-	L	L	-	-	L	-	-	L	L	L	L	-	-	-	-	-	-
-	-	-	-	-	-	-	-	L	-	-	E	L	L	N	-	-	-	D	-	-	-	-	-	E	E	E	L
-	-	-	-	-	-	-	-	E	L	N	-	-	D	-	-	-	-	E	E	E	E	E	-	-	-	-	-
D	D	-	-	D	-	-	-	-	-	E	D	D	D	D	-	-	-	-	-	-	-	-	-	-	-	-	D
-	-	L	L	L	N	-	N	-	-	-	-	-	-	L	-	-	-	-	-	-	-	-	-	-	-	-	L
-	D	-	-	-	-	-	-	-	-	-	-	-	-	-	-	-	D	D	-	-	-	N	N	-	-	-	-
-	-	-	-	-	-	D	-	-	-	D	D	-	-	-	-	-	-	-	-	-	-	L	-	-	L	N	-
-	E	-	E	D	-	-	-	-	-	-	-	N	-	-	-	-	-	-	-	E	-	-	-	-	-	D	-
-	E	D	-	-	E	L	-	-	-	-	-	-	-	-	-	-	-	-	D	L	-	-	-	-	-	-	-
L	-	-	-	-	D	-	-	-	E	-	-	-	E	-	-	-	-	-	D	L	L	-	-	-	-	-	-
-	-	-	D	-	-	-	-	-	L	-	-	-	-	-	-	-	-	-	-	-	-	E	E	D	-	-	-
-	-	-	-	E	-	-	-	-	-	-	-	E	-	E	-	-	E	L	L	-	-	L	-	-	-	-	-
-	-	-	-	-	-	-	-	-	-	-	-	-	-	D	L	L	L	-	-	-	D	L	-	D	-	-	-
-	-	E	L	N	-	-	-	-	-	-	N	-	-	-	-	-	-	-	-	-	-	-	E	-	-	-	L
Objective 0: 6730
Objective 1: 203
Constr violation: 0
Restrictions violated:
0 0 0 0 0 0 0 0 

Individual 3
1	2	3	4	5	6	7	8	9	10	11	12	13	14	15	16	17	18	19	20	21	22	23	24	25	26	27	28
L	L	L	L	-	-	-	E	E	L	L	N	-	-	-	-	D	L	-	-	-	E	D	L	-	-	D	N
L	L	L	-	-	D	L	L	L	-	-	E	D	D	D	-	-	E	L	-	-	E	E	D	-	-	-	-
-	-	E	D	L	-	-	D	D	-	-	L	L	-	-	-	D	D	L	-	-	D	D	D	-	-	E	E
-	-	L	L	-	-	-	L	N	N	N	-	-	-	-	L	N	-	-	-	D	N	-	-	L	L	L	L
-	-	D	D	D	-	-	E	E	D	D	D	-	-	-	D	D	-	-	E	E	E	-	-	-	E	E	D
E	E	-	-	-	-	-	-	-	-	E	D	D	N	-	-	E	E	E	-	-	-	E	N	N	N	N	-
E	D	-	-	E	E	E	-	-	E	D	D	-	-	E	E	E	-	-	-	-	-	E	E	E	E	-	-
N	N	N	N	-	-	E	L	-	-	D	D	L	L	-	-	D	L	-	-	-	E	D	L	-	-	-	-
E	L	L	-	-	E	E	D	-	-	E	E	-	-	E	N	N	-	-	-	-	-	D	L	L	N	N	-
E	L	L	-	-	-	-	-	L	L	L	L	N	-	-	E	L	L	N	N	-	-	-	E	L	L	-	-
-	-	E	E	E	E	-	-	-	-	L	L	-	-	-	E	E	L	L	-	-	-	-	-	-	-	L	N
L	L	L	L	-	-	-	-	-	-	-	-	-	-	-	E	L	N	N	-	-	-	-	-	E	E	L	L
L	L	L	-	-	-	-	D	N	-	-	-	L	L	N	-	-	-	-	-	-	-	-	-	L	L	N	N
D	N	N	-	-	-	-	E	D	-	-	-	E	E	L	-	-	-	-	D	D	N	-	-	-	-	-	-
D	D	-	-	-	-	-	L	N	N	-	-	-	-	L	L	-	-	-	E	E	D	N	-	-	-	-	-
-	-	-	E	D	-	-	-	D	D	N	-	-	-	-	-	-	-	D	D	-	-	-	-	E	D	D	D
-	-	D	D	-	-	-	-	D	D	-	-	-	-	-	-	-	-	D	L	-	-	-	L	-	-	D	D
-	-	D	N	-	-	-	-	-	-	-	E	D	N	-	-	-	-	-	-	-	-	E	L	N	-	-	-
E	D	-	-	-	-	-	D	-	-	N	-	-	E	E	-	-	E	E	-	-	D	-	-	-	-	-	-
N	-	-	-	-	L	N	N	-	-	D	L	-	-	-	D	-	-	-	-	-	D	L	-	-	-	-	-
-	-	-	-	L	N	-	-	-	E	-	-	-	E	-	-	L	-	-	-	-	E	E	D	L	N	-	-
-	-	-	D	N	-	-	-	-	E	-	-	N	-	-	-	-	-	-	-	E	-	-	-	-	E	D	D
-	L	L	-	-	-	L	-	-	-	-	L	L	-	-	L	-	-	L	L	L	L	-	-	-	-	-	-
-	-	-	-	-	-	-	-	L	-	-	E	L	L	N	-	-	-	D	-	-	-	-	-	E	E	E	L
-	-	-	-	-	-	-	-	E	L	N	-	-	D	-	-	-	-	E	E	E	E	E	-	-	-	-	-
D	-	-	-	D	-	-	-	-	-	E	D	D	D	D	-	-	-	-	-	-	-	-	D	D	-	-	D
-	-	L	L	L	N	-	N	-	-	-	-	-	-	L	-	-	-	-	-	-	-	-	-	-	-	-	L
-	D	-	-	-	-	-	-	-	-	-	-	-	-	-	-	-	D	D	-	-	-	N	N	-	-	-	-
-	-	-	-	-	-	D	-	-	-	D	D	-	-	-	-	-	-	-	-	-	-	L	-	-	L	N	-
-	E	-	E	D	-	-	-	-	-	-	-	N	-	-	-	-	-	-	-	E	-	-	-	-	-	D	-
-	E	D	-	-	E	L	-	-	-	-	-	-	-	-	-	-	-	-	D	L	-	-	-	-	-	-	-
L	-	-	-	-	D	-	-	-	E	-	-	-	E	-	-	-	-	-	D	L	L	-	-	-	-	-	-
-	-	-	D	-	-	-	-	-	L	-	-	-	-	-	-	-	-	-	-	-	-	E	E	D	-	-	-
-	-	-	-	E	-	-	-	-	-	-	-	E	-	E	-	-	E	L	L	-	-	L	-	-	-	-	-
-	-	-	-	L	-	-	-	-	-	-	-	-	-	D	L	L	L	-	-	-	D	L	-	D	-	-	-
-	-	E	L	N	-	-	-	-	-	-	N	-	-	-	-	-	-	-	-	-	-	-	E	-	-	-	L
Objective 0: 6328
Objective 1: 213
Constr violation: 0
Restrictions violated:
0 0 0 0 0 0 0 0 

Individual 4
1	2	3	4	5	6	7	8	9	10	11	12	13	14	15	16	17	18	19	20	21	22	23	24	25	26	27	28
L	L	L	L	-	-	-	E	E	L	L	N	-	-	-	-	D	L	-	-	-	E	D	L	-	-	D	N
L	L	L	-	-	D	L	L	L	-	-	E	D	D	D	-	-	E	L	-	-	E	E	D	-	-	-	-
-	-	E	D	L	-	-	D	D	-	-	L	L	-	-	-	D	D	L	-	-	D	D	D	-	-	E	E
-	-	L	L	-	-	-	L	N	N	N	-	-	-	-	L	N	-	-	-	D	N	-	-	L	L	L	L
-	-	D	D	D	-	-	E	E	D	D	D	-	-	-	D	D	-	-	E	E	E	-	-	-	E	E	D
E	E	-	-	-	-	-	-	-	-	E	D	D	N	-	-	E	E	E	-	-	-	E	N	N	N	N	-
E	D	-	-	E	E	E	-	-	E	D	D	-	-	E	E	E	-	-	-	-	-	E	E	E	E	-	-
N	N	N	N	-	-	E	L	-	-	D	D	L	L	-	-	D	L	-	-	-	E	D	L	-	-	-	-
E	L	L	-	-	E	E	D	-	-	E	E	-	-	E	N	N	-	-	-	-	-	D	L	L	N	N	-
E	L	L	-	-	-	-	-	L	L	L	L	N	-	-	E	L	L	N	N	-	-	-	E	L	L	-	-
-	-	-	-	L	L	L	N	-	-	-	-	L	N	N	N	-	-	-	-	-	E	E	L	-	-	-	-
L	L	L	L	-	-	-	-	-	-	-	-	-	-	-	E	L	N	N	-	-	-	-	-	E	E	L	L
L	L	L	-	-	-	-	D	N	-	-	-	L	L	N	-	-	-	-	-	-	-	-	-	L	L	N	N
D	N	N	-	-	-	-	E	D	-	-	-	E	E	L	-	-	-	-	D	D	N	-	-	-	-	-	-
D	D	-	-	-	-	-	L	N	N	-	-	-	-	L	L	-	-	-	E	E	D	N	-	-	-	-	-
-	-	-	E	D	-	-	-	D	D	N	-	-	-	-	-	-	-	D	D	-	-	-	-	E	D	D	D
-	-	D	D	-	-	-	-	D	D	-	-	-	-	-	-	-	-	D	L	-	-	-	L	-	-	D	D
-	-	D	N	-	-	-	-	-	-	-	E	D	N	-	-	-	-	-	-	-	-	E	L	N	-	-	-
E	D	-	-	-	-	-	D	-	-	N	-	-	E	E	-	-	E	E	-	-	D	-	-	-	-	-	N
N	-	-	-	-	L	N	N	-	-	D	L	-	-	-	D	-	-	-	-	-	D	L	-	-	-	-	-
-	-	-	-	L	N	-	-	-	E	-	-	-	E	-	-	L	-	-	-	-	E	E	D	L	N	-	-
-	-	-	D	N	-	-	-	-	E	-	-	N	-	-	-	-	-	-	-	E	-	-	-	-	E	D	D
-	L	L	-	-	-	L	-	-	-	-	L	L	-	-	L	-	-	L	L	L	L	-	-	-	-	-	-
-	-	-	-	-	-	-	-	L	-	-	E	L	L	N	-	-	-	D	-	-	-	-	-	E	E	E	L
-	-	-	-	-	-	-	-	E	L	N	-	-	D	-	-	-	-	E	E	E	E	E	-	-	-	-	-
D	D	-	-	D	-	-	-	-	-	E	D	D	D	D	-	-	-	-	-	-	-	-	-	-	-	-	D
-	-	L	L	L	N	-	N	-	-	-	-	-	-	L	-	-	-	-	-	-	-	-	-	-	-	-	L
-	D	-	-	-	-	-	-	-	-	-	-	-	-	-	-	-	D	D	-	-	-	N	N	-	-	-	-
-	-	-	-	-	-	D	-	-	-	D	D	-	-	-	-	-	-	-	-	-	-	L	-	-	L	N	-
-	E	-	E	D	-	-	-	-	-	-	-	N	-	-	-	-	-	-	-	E	-	-	-	-	-	D	-
-	E	D	-	-	E	L	-	-	-	-	-	-	-	-	-	-	-	-	D	L	-	-	-	-	-	-	-
L	-	-	-	-	D	-	-	-	E	-	-	-	E	-	-	-	-	-	D	L	L	-	-	-	-	-	-
-	-	-	D	-	-	-	-	-	L	-	-	-	-	-	-	-	-	-	-	-	-	E	E	D	-	-	-
-	-	-	-	E	-	-	-	-	-	-	-	E	-	E	-	-	E	L	L	-	-	L	-	-	-	-	-
-	-	-	-	-	-	-	-	-	-	-	-	-	-	D	L	L	L	-	-	-	D	L	-	D	-	-	-
-	-	E	L	N	-	-	-	-	-	-	-	-	-	-	-	-	-	-	-	-	-	-	L	-	-	-	L
Objective 0: 6931
Objective 1: 200
Constr violation: 0
Restrictions violated:
0 0 0 0 0 0 0 0 

Individual 5
1	2	3	4	5	6	7	8	9	10	11	12	13	14	15	16	17	18	19	20	21	22	23	24	25	26	27	28
L	L	L	L	-	-	-	E	E	L	L	N	-	-	-	-	D	L	-	-	-	E	D	L	-	-	D	N
L	L	L	-	-	D	L	L	L	-	-	E	D	D	D	-	-	E	L	-	-	E	E	D	-	-	-	-
-	-	E	D	L	-	-	D	D	-	-	L	L	-	-	-	D	D	L	-	-	D	D	D	-	-	E	E
-	-	L	L	-	-	-	L	N	N	N	-	-	-	-	L	N	-	-	-	D	N	-	-	L	L	L	L
-	-	D	D	D	-	-	E	E	D	D	D	-	-	-	D	D	-	-	E	E	E	-	-	-	E	E	D
E	E	-	-	-	-	-	-	-	-	E	D	D	N	-	-	E	E	E	-	-	-	E	N	N	N	N	-
E	D	-	-	E	E	E	-	-	E	D	D	-	-	E	E	E	-	-	-	-	-	E	E	E	E	-	-
N	N	N	N	-	-	E	L	-	-	D	D	L	L	-	-	D	L	-	-	-	E	D	L	-	-	-	-
E	L	L	-	-	E	E	D	-	-	E	E	-	-	E	N	N	-	-	-	-	-	D	L	L	N	N	-
E	L	L	-	-	-	-	-	L	L	L	L	N	-	-	E	L	L	N	N	-	-	-	E	L	L	-	-
-	-	-	-	L	L	L	N	-	-	-	-	L	N	N	N	-	-	-	-	-	E	E	L	-	-	-	-
L	L	L	L	-	-	-	-	-	-	-	-	-	-	-	E	L	N	N	-	-	-	-	-	E	E	L	L
L	L	L	-	-	-	-	D	N	-	-	-	L	L	N	-	-	-	-	-	-	-	-	-	L	L	N	N
D	N	N	-	-	-	-	E	D	-	-	-	E	E	L	-	-	-	-	D	D	N	-	-	-	-	-	-
D	D	-	-	-	-	-	L	N	N	-	-	-	-	L	L	-	-	-	E	E	D	N	-	-	-	-	-
-	-	-	E	D	-	-	-	D	D	N	-	-	-	-	-	-	-	D	D	-	-	-	-	E	D	D	D
-	-	D	D	-	-	-	-	D	D	-	-	-	-	-	-	-	-	D	L	-	-	-	L	-	-	D	D
-	-	D	N	-	-	-	-	-	-	-	E	D	N	-	-	-	-	-	-	-	-	E	L	N	-	-	-
E	D	-	-	-	-	-	D	-	-	N	-	-	E	E	-	-	E	E	-	-	D	-	-	-	-	-	N
N	-	-	-	-	L	N	N	-	-	D	L	-	-	-	D	-	-	-	-	-	D	L	-	-	-	-	-
-	-	-	-	L	N	-	-	-	E	-	-	-	E	-	-	L	-	-	-	-	E	E	D	L	N	-	-
-	-	-	D	N	-	-	-	-	E	-	-	N	-	-	-	-	-	-	-	E	-	-	-	-	E	D	D
-	L	L	-	-	-	L	-	-	-	-	L	L	-	-	L	-	-	L	L	L	L	-	-	-	-	-	-
-	-	-	-	-	-	-	-	L	-	-	E	L	L	N	-	-	-	D	-	-	-	-	-	E	E	E	L
-	-	-	-	-	-	-	-	E	L	N	-	-	D	-	-	-	-	E	E	E	E	E	-	-	-	-	-
D	-	-	-	D	-	-	-	-	-	E	D	D	D	D	-	-	-	-	-	-	-	-	D	D	-	-	D
-	-	L	L	L	N	-	N	-	-	-	-	-	-	L	-	-	-	-	-	-	-	-	-	-	-	-	L
-	D	-	-	-	-	-	-	-	-	-	-	-	-	-	-	-	D	D	-	-	-	N	N	-	-	-	-
-	-	-	-	-	-	D	-	-	-	D	D	-	-	-	-	-	-	-	-	-	-	L	-	-	L	N	-
-	E	-	E	D	-	-	-	-	-	-	-	N	-	-	-	-	-	-	-	E	-	-	-	-	-	D	-
-	E	D	-	-	E	L	-	-	-	-	-	-	-	-	-	-	-	-	D	L	-	-	-	-	-	-	-
L	-	-	-	-	D	-	-	-	E	-	-	-	E	-	-	-	-	-	D	L	L	-	-	-	-	-	-
-	-	-	D	-	-	-	-	-	L	-	-	-	-	-	-	-	-	-	-	-	-	E	E	D	-	-	-
-	-	-	-	E	-	-	-	-	-	-	-	E	-	E	-	-	E	L	L	-	-	L	-	-	-	-	-
-	-	-	-	-	-	-	-	-	-	-	-	-	-	D	L	L	L	-	-	-	D	L	-	D	-	-	-
-	-	E	L	N	-	-	-	-	-	-	N	-	-	-	-	-	-	-	-	-	-	-	E	-	-	-	L
Objective 0: 6630
Objective 1: 206
Constr violation: 0
Restrictions violated:
0 0 0 0 0 0 0 0 

Individual 6
1	2	3	4	5	6	7	8	9	10	11	12	13	14	15	16	17	18	19	20	21	22	23	24	25	26	27	28
L	L	L	L	-	-	-	E	E	L	L	N	-	-	-	-	D	L	-	-	-	E	D	L	-	-	D	N
L	L	L	-	-	D	L	L	L	-	-	E	D	D	D	-	-	E	L	-	-	E	E	D	-	-	-	-
-	-	E	D	L	-	-	D	D	-	-	L	L	-	-	-	D	D	L	-	-	D	D	D	-	-	E	E
-	-	L	L	-	-	-	L	N	N	N	-	-	-	-	L	N	-	-	-	D	N	-	-	L	L	L	L
-	-	D	D	D	-	-	E	E	D	D	D	-	-	-	D	D	-	-	E	E	E	-	-	-	E	E	D
E	E	-	-	-	-	-	-	-	-	E	D	D	N	-	-	E	E	E	-	-	-	E	N	N	N	N	-
E	D	-	-	E	E	E	-	-	E	D	D	-	-	E	E	E	-	-	-	-	-	E	E	E	E	-	-
N	N	N	N	-	-	E	L	-	-	D	D	L	L	-	-	D	L	-	-	-	E	D	L	-	-	-	-
E	L	L	-	-	E	E	D	-	-	E	E	-	-	E	N	N	-	-	-	-	-	D	L	L	N	N	-
E	L	L	-	-	-	-	-	L	L	L	L	N	-	-	E	L	L	N	N	-	-	-	E	L	L	-	-
-	-	E	E	E	E	-	-	-	-	L	L	-	-	-	E	E	L	L	-	-	-	-	-	-	-	L	N
L	L	L	L	-	-	-	-	-	-	-	-	-	-	-	E	L	N	N	-	-	-	-	-	E	E	L	L
L	L	L	-	-	-	-	D	N	-	-	-	L	L	N	-	-	-	-	-	-	-	-	-	L	L	N	N
D	N	N	-	-	-	-	E	D	-	-	-	E	E	L	-	-	-	-	D	D	N	-	-	-	-	-	-
D	D	-	-	-	-	-	L	N	N	-	-	-	-	L	L	-	-	-	E	E	D	N	-	-	-	-	-
-	-	-	E	D	-	-	-	D	D	N	-	-	-	-	-	-	-	D	D	-	-	-	-	E	D	D	D
-	-	D	D	-	-	-	-	D	D	-	-	-	-	-	-	-	-	D	L	-	-	-	L	-	-	D	D
-	-	D	N	-	-	-	-	-	-	-	E	D	N	-	-	-	-	-	-	-	-	E	L	N	-	-	-
E	D	-	-	-	-	-	D	-	-	N	-	-	E	E	-	-	E	E	-	-	D	-	-	-	-	-	-
N	-	-	-	-	L	N	N	-	-	D	L	-	-	-	D	-	-	-	-	-	D	L	-	-	-	-	-
-	-	-	-	L	N	-	-	-	E	-	-	-	E	-	-	L	-	-	-	-	E	E	D	L	N	-	-
-	-	-	D	N	-	-	-	-	E	-	-	N	-	-	-	-	-	-	-	E	-	-	-	-	E	D	D
-	L	L	-	-	-	L	-	-	-	-	L	L	-	-	L	-	-	L	L	L	L	-	-	-	-	-	-
-	-	-	-	-	-	-	-	L	-	-	E	L	L	N	-	-	-	D	-	-	-	-	-	E	E	E	L
-	-	-	-	-	-	-	-	E	L	N	-	-	D	-	-	-	-	E	E	E	E	E	-	-	-	-	-
D	D	-	-	D	-	-	-	-	-	E	D	D	D	D	-	-	-	-	-	-	-	-	-	-	-	-	D
-	-	L	L	L	N	-	N	-	-	-	-	-	-	L	-	-	-	-	-	-	-	-	-	-	-	-	L
-	D	-	-	-	-	-	-	-	-	-	-	-	-	-	-	-	D	D	-	-	-	N	N	-	-	-	-
-	-	-	-	-	-	D	-	-	-	D	D	-	-	-	-	-	-	-	-	-	-	L	-	-	L	N	-
-	E	-	-	-	-	-	E	D	-	-	-	N	-	-	-	-	-	-	-	E	-	-	-	-	-	D	-
-	E	D	-	-	E	L	-	-	-	-	-	-	-	-	-	-	-	-	D	L	-	-	-	-	-	-	-
L	-	-	-	-	D	-	-	-	E	-	-	-	E	-	-	-	-	-	D	L	L	-	-	-	-	-	-
-	-	-	D	-	-	-	-	-	L	-	-	-	-	-	-	-	-	-	-	-	-	E	E	D	-	-	-
-	-	-	-	E	-	-	-	-	-	-	-	E	-	E	-	-	E	L	L	-	-	L	-	-	-	-	-
-	-	-	-	L	-	-	-	-	-	-	-	-	-	D	L	L	L	-	-	-	D	L	-	D	-	-	-
-	-	E	L	N	-	-	-	-	-	-	N	-	-	-	-	-	-	-	-	-	-	-	E	-	-	-	L
Objective 0: 6529
Objective 1: 209
Constr violation: 0
Restrictions violated:
0 0 0 0 0 0 0 0 

Individual 7
1	2	3	4	5	6	7	8	9	10	11	12	13	14	15	16	17	18	19	20	21	22	23	24	25	26	27	28
L	L	L	L	-	-	-	E	E	L	L	N	-	-	-	-	D	L	-	-	-	E	D	L	-	-	D	N
L	L	L	-	-	D	L	L	L	-	-	E	D	D	D	-	-	E	L	-	-	E	E	D	-	-	-	-
-	-	E	D	L	-	-	D	D	-	-	L	L	-	-	-	D	D	L	-	-	D	D	D	-	-	E	E
-	-	L	L	-	-	-	L	N	N	N	-	-	-	-	L	N	-	-	-	D	N	-	-	L	L	L	L
-	-	D	D	D	-	-	E	E	D	D	D	-	-	-	D	D	-	-	E	E	E	-	-	-	E	E	D
E	E	-	-	-	-	-	-	-	-	E	D	D	N	-	-	E	E	E	-	-	-	E	N	N	N	N	-
E	D	-	-	E	E	E	-	-	E	D	D	-	-	E	E	E	-	-	-	-	-	E	E	E	E	-	-
N	N	N	N	-	-	E	L	-	-	D	D	L	L	-	-	D	L	-	-	-	E	D	L	-	-	-	-
E	L	L	-	-	E	E	D	-	-	E	E	-	-	E	N	N	-	-	-	-	-	D	L	L	N	N	-
E	L	L	-	-	-	-	-	L	L	L	L	N	-	-	E	L	L	N	N	-	-	-	E	L	L	-	-
-	-	E	E	E	E	-	-	-	-	L	L	-	-	-	E	E	L	L	-	-	-	-	-	-	-	L	N
L	L	L	L	-	-	-	-	-	-	-	-	-	-	-	E	L	N	N	-	-	-	-	-	E	E	L	L
L	L	L	-	-	-	-	D	N	-	-	-	L	L	N	-	-	-	-	-	-	-	-	-	L	L	N	N
D	N	N	-	-	-	-	E	D	-	-	-	E	E	L	-	-	-	-	D	D	N	-	-	-	-	-	-
D	D	-	-	-	-	-	L	N	N	-	-	-	-	L	L	-	-	-	E	E	D	N	-	-	-	-	-
-	-	-	E	D	-	-	-	D	D	N	-	-	-	-	-	-	-	D	D	-	-	-	-	E	D	D	D
-	-	D	D	-	-	-	-	D	D	-	-	-	-	-	-	-	-	D	L	-	-	-	L	-	-	D	D
-	-	D	N	-	-	-	-	-	-	-	E	D	N	-	-	-	-	-	-	-	-	E	L	N	-	-	-
E	D	-	-	-	-	-	D	-	-	N	-	-	E	E	-	-	E	E	-	-	D	-	-	-	-	-	-
N	-	-	-	-	L	N	N	-	-	D	L	-	-	-	D	-	-	-	-	-	D	L	-	-	-	-	-
-	-	-	-	L	N	-	-	-	E	-	-	-	E	-	-	L	-	-	-	-	E	E	D	L	N	-	-
-	-	-	D	N	-	-	-	-	E	-	-	N	-	-	-	-	-	-	-	E	-	-	-	-	E	D	D
-	L	L	-	-	-	L	-	-	-	-	L	L	-	-	L	-	-	L	L	L	L	-	-	-	-	-	-
-	-	-	-	-	-	-	-	L	-	-	E	L	L	N	-	-	-	D	-	-	-	-	-	E	E	E	L
-	-	-	-	-	-	-	-	E	L	N	-	-	D	-	-	-	-	E	E	E	E	E	-	-	-	-	-
D	D	-	-	D	-	-	-	-	-	E	D	D	D	D	-	-	-	-	-	-	-	-	-	-	-	-	D
-	-	L	L	L	N	-	N	-	-	-	-	-	-	L	-	-	-	-	-	-	-	-	-	-	-	-	L
-	D	-	-	-	-	-	-	-	-	-	-	-	-	-	-	-	D	D	-	-	-	N	N	-	-	-	-
-	-	-	-	-	-	D	-	-	-	D	D	-	-	-	-	-	-	-	-	-	-	L	-	-	L	N	-
-	E	-	E	D	-	-	-	-	-	-	-	N	-	-	-	-	-	-	-	E	-	-	-	-	-	D	-
-	E	D	-	-	E	L	-	-	-	-	-	-	-	-	-	-	-	-	D	L	-	-	-	-	-	-	-
L	-	-	-	-	D	-	-	-	E	-	-	-	E	-	-	-	-	-	D	L	L	-	-	-	-	-	-
-	-	-	D	-	-	-	-	-	L	-	-	-	-	-	-	-	-	-	-	-	-	E	E	D	-	-	-
-	-	-	-	E	-	-	-	-	-	-	-	E	-	E	-	-	E	L	L	-	-	L	-	-	-	-	-
-	-	-	-	L	-	-	-	-	-	-	-	-	-	D	L	L	L	-	-	-	D	L	-	D	-	-	-
-	-	E	L	N	-	-	-	-	-	-	N	-	-	-	-	-	-	-	-	-	-	-	E	-	-	-	L
Objective 0: 6428
Objective 1: 210
Constr violation: 0
Restrictions violated:
0 0 0 0 0 0 0 0 

Individual 8
1	2	3	4	5	6	7	8	9	10	11	12	13	14	15	16	17	18	19	20	21	22	23	24	25	26	27	28
L	L	L	L	-	-	-	E	E	L	L	N	-	-	-	-	D	L	-	-	-	E	D	L	-	-	D	N
L	L	L	-	-	D	L	L	L	-	-	E	D	D	D	-	-	E	L	-	-	E	E	D	-	-	-	-
-	-	E	D	L	-	-	D	D	-	-	L	L	-	-	-	D	D	L	-	-	D	D	D	-	-	E	E
-	-	L	L	-	-	-	L	N	N	N	-	-	-	-	L	N	-	-	-	D	N	-	-	L	L	L	L
-	-	D	D	D	-	-	E	E	D	D	D	-	-	-	D	D	-	-	E	E	E	-	-	-	E	E	D
E	E	-	-	-	-	-	-	-	-	E	D	D	N	-	-	E	E	E	-	-	-	E	N	N	N	N	-
E	D	-	-	E	E	E	-	-	E	D	D	-	-	E	E	E	-	-	-	-	-	E	E	E	E	-	-
N	N	N	N	-	-	E	L	-	-	D	D	L	L	-	-	D	L	-	-	-	E	D	L	-	-	-	-
E	L	L	-	-	E	E	D	-	-	E	E	-	-	E	N	N	-	-	-	-	-	D	L	L	N	N	-
E	L	L	-	-	-	-	-	L	L	L	L	N	-	-	E	L	L	N	N	-	-	-	E	L	L	-	-
-	-	-	-	L	L	L	N	-	-	-	-	L	N	N	N	-	-	-	-	-	E	E	L	-	-	-	-
L	L	L	L	-	-	-	-	-	-	-	-	-	-	-	E	L	N	N	-	-	-	-	-	E	E	L	L
L	L	L	-	-	-	-	D	N	-	-	-	L	L	N	-	-	-	-	-	-	-	-	-	L	L	N	N
D	N	N	-	-	-	-	E	D	-	-	-	E	E	L	-	-	-	-	D	D	N	-	-	-	-	-	-
D	D	-	-	-	-	-	L	N	N	-	-	-	-	L	L	-	-	-	E	E	D	N	-	-	-	-	-
-	-	-	E	D	-	-	-	D	D	N	-	-	-	-	-	-	-	D	D	-	-	-	-	E	D	D	D
-	-	D	D	-	-	-	-	D	D	-	-	-	-	-	-	-	-	D	L	-	-	-	L	-	-	D	D
-	-	D	N	-	-	-	-	-	-	-	E	D	N	-	-	-	-	-	-	-	-	E	L	N	-	-	-
E	D	-	-	-	-	-	D	-	-	N	-	-	E	E	-	-	E	E	-	-	D	-	-	-	-	-	N
N	-	-	-	-	L	N	N	-	-	D	L	-	-	-	D	-	-	-	-	-	D	L	-	-	-	-	-
-	-	-	-	L	N	-	-	-	E	-	-	-	E	-	-	L	-	-	-	-	E	E	D	L	N	-	-
-	-	-	D	N	-	-	-	-	E	-	-	N	-	-	-	-	-	-	-	E	-	-	-	-	E	D	D
-	L	L	-	-	-	L	-	-	-	-	L	L	-	-	L	-	-	L	L	L	L	-	-	-	-	-	-
-	-	-	-	-	-	-	-	L	-	-	E	L	L	N	-	-	-	D	-	-	-	-	-	E	E	E	L
-	-	-	-	-	-	-	-	E	L	N	-	-	D	-	-	-	-	E	E	E	E	E	-	-	-	-	-
D	-	-	-	D	-	-	-	-	-	E	D	D	D	D	-	-	-	-	-	-	-	-	D	D	-	-	D
-	-	L	L	L	N	-	N	-	-	-	-	-	-	L	-	-	-	-	-	-	-	-	-	-	-	-	L
-	D	-	-	-	-	-	-	-	-	-	-	-	-	-	-	-	D	D	-	-	-	N	N	-	-	-	-
-	-	-	-	-	-	D	-	-	-	D	D	-	-	-	-	-	-	-	-	-	-	L	-	-	L	N	-
-	E	-	E	D	-	-	-	-	-	-	-	N	-	-	-	-	-	-	-	E	-	-	-	-	-	D	-
-	E	D	-	-	E	L	-	-	-	-	-	-	-	-	-	-	-	-	D	L	-	-	-	-	-	-	-
L	-	-	-	-	D	-	-	-	E	-	-	-	E	-	-	-	-	-	D	L	L	-	-	-	-	-	-
-	-	-	D	-	-	-	-	-	L	-	-	-	-	-	-	-	-	-	-	-	-	E	E	D	-	-	-
-	-	-	-	E	-	-	-	-	-	-	-	E	-	E	-	-	E	L	L	-	-	L	-	-	-	-	-
-	-	-	-	-	-	-	-	-	-	-	-	-	-	D	L	L	L	-	-	-	D	L	-	D	-	-	-
-	-	E	L	N	-	-	-	-	-	-	N	-	-	-	-	-	-	-	-	-	-	-	E	-	-	-	L
Objective 0: 6630
Objective 1: 206
Constr violation: 0
Restrictions violated:
0 0 0 0 0 0 0 0 

Individual 9
1	2	3	4	5	6	7	8	9	10	11	12	13	14	15	16	17	18	19	20	21	22	23	24	25	26	27	28
L	L	L	L	-	-	-	E	E	L	L	N	-	-	-	-	D	L	-	-	-	E	D	L	-	-	D	N
L	L	L	-	-	D	L	L	L	-	-	E	D	D	D	-	-	E	L	-	-	E	E	D	-	-	-	-
-	-	E	D	L	-	-	D	D	-	-	L	L	-	-	-	D	D	L	-	-	D	D	D	-	-	E	E
-	-	L	L	-	-	-	L	N	N	N	-	-	-	-	L	N	-	-	-	D	N	-	-	L	L	L	L
-	-	D	D	D	-	-	E	E	D	D	D	-	-	-	D	D	-	-	E	E	E	-	-	-	E	E	D
E	E	-	-	-	-	-	-	-	-	E	D	D	N	-	-	E	E	E	-	-	-	E	N	N	N	N	-
E	D	-	-	E	E	E	-	-	E	D	D	-	-	E	E	E	-	-	-	-	-	E	E	E	E	-	-
N	N	N	N	-	-	E	L	-	-	D	D	L	L	-	-	D	L	-	-	-	E	D	L	-	-	-	-
E	L	L	-	-	E	E	D	-	-	E	E	-	-	E	N	N	-	-	-	-	-	D	L	L	N	N	-
E	L	L	-	-	-	-	-	L	L	L	L	N	-	-	E	L	L	N	N	-	-	-	E	L	L	-	-
-	-	-	-	L	L	L	N	-	-	-	-	L	N	N	N	-	-	-	-	-	E	E	L	-	-	-	-
L	L	L	L	-	-	-	-	-	-	-	-	-	-	-	E	L	N	N	-	-	-	-	-	E	E	L	L
L	L	L	-	-	-	-	D	N	-	-	-	L	L	N	-	-	-	-	-	-	-	-	-	L	L	N	N
D	N	N	-	-	-	-	E	D	-	-	-	E	E	L	-	-	-	-	D	D	N	-	-	-	-	-	-
D	D	-	-	-	-	-	L	N	N	-	-	-	-	L	L	-	-	-	E	E	D	N	-	-	-	-	-
-	-	-	E	D	-	-	-	D	D	N	-	-	-	-	-	-	-	D	D	-	-	-	-	E	D	D	D
-	-	D	D	-	-	-	-	D	D	-	-	-	-	-	-	-	-	D	L	-	-	-	L	-	-	D	D
-	-	D	N	-	-	-	-	-	-	-	E	D	N	-	-	-	-	-	-	-	-	E	L	N	-	-	-
E	D	-	-	-	-	-	D	-	-	N	-	-	E	E	-	-	E	E	-	-	D	-	-	-	-	-	N
N	-	-	-	-	L	N	N	-	-	D	L	-	-	-	D	-	-	-	-	-	D	L	-	-	-	-	-
-	-	-	-	L	N	-	-	-	E	-	-	-	E	-	-	L	-	-	-	-	E	E	D	L	N	-	-
-	-	-	D	N	-	-	-	-	E	-	-	N	-	-	-	-	-	-	-	E	-	-	-	-	E	D	D
-	L	L	-	-	-	L	-	-	-	-	L	L	-	-	L	-	-	L	L	L	L	-	-	-	-	-	-
-	-	-	-	-	-	-	-	L	-	-	E	L	L	N	-	-	-	D	-	-	-	-	-	E	E	E	L
-	-	-	-	-	-	-	-	E	L	N	-	-	D	-	-	-	-	E	E	E	E	E	-	-	-	-	-
D	D	-	-	D	-	-	-	-	-	E	D	D	D	D	-	-	-	-	-	-	-	-	-	-	-	-	D
-	-	L	L	L	N	-	N	-	-	-	-	-	-	L	-	-	-	-	-	-	-	-	-	-	-	-	L
-	D	-	-	-	-	-	-	-	-	-	-	-	-	-	-	-	D	D	-	-	-	N	N	-	-	-	-
-	-	-	-	-	-	D	-	-	-	D	D	-	-	-	-	-	-	-	-	-	-	L	-	-	L	N	-
-	E	-	-	-	-	-	E	D	-	-	-	N	-	-	-	-	-	-	-	E	-	-	-	-	-	D	-
-	E	D	-	-	E	L	-	-	-	-	-	-	-	-	-	-	-	-	D	L	-	-	-	-	-	-	-
L	-	-	-	-	D	-	-	-	E	-	-	-	E	-	-	-	-	-	D	L	L	-	-	-	-	-	-
-	-	-	D	-	-	-	-	-	L	-	-	-	-	-	-	-	-	-	-	-	-	E	E	D	-	-	-
-	-	-	-	E	-	-	-	-	-	-	-	E	-	E	-	-	E	L	L	-	-	L	-	-	-	-	-
-	-	-	-	-	-	-	-	-	-	-	-	-	-	D	L	L	L	-	-	-	D	L	-	D	-	-	-
-	-	E	L	N	-	-	-	-	-	-	N	-	-	-	-	-	-	-	-	-	-	-	E	-	-	-	L
Objective 0: 6831
Objective 1: 202
Constr violation: 0
Restrictions violated:
0 0 0 0 0 0 0 0 

Individual 10
1	2	3	4	5	6	7	8	9	10	11	12	13	14	15	16	17	18	19	20	21	22	23	24	25	26	27	28
L	L	L	L	-	-	-	E	E	L	L	N	-	-	-	-	D	L	-	-	-	E	D	L	-	-	D	N
L	L	L	-	-	D	L	L	L	-	-	E	D	D	D	-	-	E	L	-	-	E	E	D	-	-	-	-
-	-	E	D	L	-	-	D	D	-	-	L	L	-	-	-	D	D	L	-	-	D	D	D	-	-	E	E
-	-	L	L	-	-	-	L	N	N	N	-	-	-	-	L	N	-	-	-	D	N	-	-	L	L	L	L
-	-	D	D	D	-	-	E	E	D	D	D	-	-	-	D	D	-	-	E	E	E	-	-	-	E	E	D
E	E	-	-	-	-	-	-	-	-	E	D	D	N	-	-	E	E	E	-	-	-	E	N	N	N	N	-
E	D	-	-	E	E	E	-	-	E	D	D	-	-	E	E	E	-	-	-	-	-	E	E	E	E	-	-
N	N	N	N	-	-	E	L	-	-	D	D	L	L	-	-	D	L	-	-	-	E	D	L	-	-	-	-
E	L	L	-	-	E	E	D	-	-	E	E	-	-	E	N	N	-	-	-	-	-	D	L	L	N	N	-
E	L	L	-	-	-	-	-	L	L	L	L	N	-	-	E	L	L	N	N	-	-	-	E	L	L	-	-
-	-	E	E	E	E	-	-	-	-	L	L	-	-	-	E	E	L	L	-	-	-	-	-	-	-	L	N
L	L	L	L	-	-	-	-	-	-	-	-	-	-	-	E	L	N	N	-	-	-	-	-	E	E	L	L
L	L	L	-	-	-	-	D	N	-	-	-	L	L	N	-	-	-	-	-	-	-	-	-	L	L	N	N
D	N	N	-	-	-	-	E	D	-	-	-	E	E	L	-	-	-	-	D	D	N	-	-	-	-	-	-
D	D	-	-	-	-	-	L	N	N	-	-	-	-	L	L	-	-	-	E	E	D	N	-	-	-	-	-
-	-	-	E	D	-	-	-	D	D	N	-	-	-	-	-	-	-	D	D	-	-	-	-	E	D	D	D
-	-	D	D	-	-	-	-	D	D	-	-	-	-	-	-	-	-	D	L	-	-	-	L	-	-	D	D
-	-	D	N	-	-	-	-	-	-	-	E	D	N	-	-	-	-	-	-	-	-	E	L	N	-	-	-
E	D	-	-	-	-	-	D	-	-	N	-	-	E	E	-	-	E	E	-	-	D	-	-	-	-	-	-
N	-	-	-	-	L	N	N	-	-	D	L	-	-	-	D	-	-	-	-	-	D	L	-	-	-	-	-
-	-	-	-	L	N	-	-	-	E	-	-	-	E	-	-	L	-	-	-	-	E	E	D	L	N	-	-
-	-	-	D	N	-	-	-	-	E	-	-	N	-	-	-	-	-	-	-	E	-	-	-	-	E	D	D
-	L	L	-	-	-	L	-	-	-	-	L	L	-	-	L	-	-	L	L	L	L	-	-	-	-	-	-
-	-	-	-	-	-	-	-	L	-	-	E	L	L	N	-	-	-	D	-	-	-	-	-	E	E	E	L
-	-	-	-	-	-	-	-	E	L	N	-	-	D	-	-	-	-	E	E	E	E	E	-	-	-	-	-
D	D	-	-	D	-	-	-	-	-	E	D	D	D	D	-	-	-	-	-	-	-	-	-	-	-	-	D
-	-	L	L	L	N	-	N	-	-	-	-	-	-	L	-	-	-	-	-	-	-	-	-	-	-	-	L
-	D	-	-	-	-	-	-	-	-	-	-	-	-	-	-	-	D	D	-	-	-	N	N	-	-	-	-
-	-	-	-	-	-	D	-	-	-	D	D	-	-	-	-	-	-	-	-	-	-	L	-	-	L	N	-
-	E	-	-	-	-	-	E	D	-	-	-	N	-	-	-	-	-	-	-	E	-	-	-	-	-	D	-
-	E	D	-	-	E	L	-	-	-	-	-	-	-	-	-	-	-	-	D	L	-	-	-	-	-	-	-
L	-	-	-	-	D	-	-	-	E	-	-	-	E	-	-	-	-	-	D	L	L	-	-	-	-	-	-
-	-	-	D	-	-	-	-	-	L	-	-	-	-	-	-	-	-	-	-	-	-	E	E	D	-	-	-
-	-	-	-	E	-	-	-	-	-	-	-	E	-	E	-	-	E	L	L	-	-	L	-	-	-	-	-
-	-	-	-	L	-	-	-	-	-	-	-	-	-	D	L	L	L	-	-	-	D	L	-	D	-	-	-
-	-	E	L	N	-	-	-	-	-	-	N	-	-	-	-	-	-	-	-	-	-	-	E	-	-	-	L
Objective 0: 6529
Objective 1: 209
Constr violation: 0
Restrictions violated:
0 0 0 0 0 0 0 0 

Individual 11
1	2	3	4	5	6	7	8	9	10	11	12	13	14	15	16	17	18	19	20	21	22	23	24	25	26	27	28
L	L	L	L	-	-	-	E	E	L	L	N	-	-	-	-	D	L	-	-	-	E	D	L	-	-	D	N
L	L	L	-	-	D	L	L	L	-	-	E	D	D	D	-	-	E	L	-	-	E	E	D	-	-	-	-
-	-	E	D	L	-	-	D	D	-	-	L	L	-	-	-	D	D	L	-	-	D	D	D	-	-	E	E
-	-	L	L	-	-	-	L	N	N	N	-	-	-	-	L	N	-	-	-	D	N	-	-	L	L	L	L
-	-	D	D	D	-	-	E	E	D	D	D	-	-	-	D	D	-	-	E	E	E	-	-	-	E	E	D
E	E	-	-	-	-	-	-	-	-	E	D	D	N	-	-	E	E	E	-	-	-	E	N	N	N	N	-
E	D	-	-	E	E	E	-	-	E	D	D	-	-	E	E	E	-	-	-	-	-	E	E	E	E	-	-
N	N	N	N	-	-	E	L	-	-	D	D	L	L	-	-	D	L	-	-	-	E	D	L	-	-	-	-
E	L	L	-	-	E	E	D	-	-	E	E	-	-	E	N	N	-	-	-	-	-	D	L	L	N	N	-
E	L	L	-	-	-	-	-	L	L	L	L	N	-	-	E	L	L	N	N	-	-	-	E	L	L	-	-
-	-	E	E	E	E	-	-	-	-	L	L	-	-	-	E	E	L	L	-	-	-	-	-	-	-	L	N
L	L	L	L	-	-	-	-	-	-	-	-	-	-	-	E	L	N	N	-	-	-	-	-	E	E	L	L
L	L	L	-	-	-	-	D	N	-	-	-	L	L	N	-	-	-	-	-	-	-	-	-	L	L	N	N
D	N	N	-	-	-	-	E	D	-	-	-	E	E	L	-	-	-	-	D	D	N	-	-	-	-	-	-
D	D	-	-	-	-	-	L	N	N	-	-	-	-	L	L	-	-	-	E	E	D	N	-	-	-	-	-
-	-	-	E	D	-	-	-	D	D	N	-	-	-	-	-	-	-	D	D	-	-	-	-	E	D	D	D
-	-	D	D	-	-	-	-	D	D	-	-	-	-	-	-	-	-	D	L	-	-	-	L	-	-	D	D
-	-	D	N	-	-	-	-	-	-	-	E	D	N	-	-	-	-	-	-	-	-	E	L	N	-	-	-
E	D	-	-	-	-	-	D	-	-	N	-	-	E	E	-	-	E	E	-	-	D	-	-	-	-	-	-
N	-	-	-	-	L	N	N	-	-	D	L	-	-	-	D	-	-	-	-	-	D	L	-	-	-	-	-
-	-	-	-	L	N	-	-	-	E	-	-	-	E	-	-	L	-	-	-	-	E	E	D	L	N	-	-
-	-	-	D	N	-	-	-	-	E	-	-	N	-	-	-	-	-	-	-	E	-	-	-	-	E	D	D
-	L	L	-	-	-	L	-	-	-	-	L	L	-	-	L	-	-	L	L	L	L	-	-	-	-	-	-
-	-	-	-	-	-	-	-	L	-	-	E	L	L	N	-	-	-	D	-	-	-	-	-	E	E	E	L
-	-	-	-	-	-	-	-	E	L	N	-	-	D	-	-	-	-	E	E	E	E	E	-	-	-	-	-
D	D	-	-	D	-	-	-	-	-	E	D	D	D	D	-	-	-	-	-	-	-	-	-	-	-	-	D
-	-	L	L	L	N	-	N	-	-	-	-	-	-	L	-	-	-	-	-	-	-	-	-	-	-	-	L
-	D	-	-	-	-	-	-	-	-	-	-	-	-	-	-	-	D	D	-	-	-	N	N	-	-	-	-
-	-	-	-	-	-	D	-	-	-	D	D	-	-	-	-	-	-	-	-	-	-	L	-	-	L	N	-
-	E	-	E	D	-	-	-	-	-	-	-	N	-	-	-	-	-	-	-	E	-	-	-	-	-	D	-
-	E	D	-	-	E	L	-	-	-	-	-	-	-	-	-	-	-	-	D	L	-	-	-	-	-	-	-
L	-	-	-	-	D	-	-	-	E	-	-	-	E	-	-	-	-	-	D	L	L	-	-	-	-	-	-
-	-	-	D	-	-	-	-	-	L	-	-	-	-	-	-	-	-	-	-	-	-	E	E	D	-	-	-
-	-	-	-	E	-	-	-	-	-	-	-	E	-	E	-	-	E	L	L	-	-	L	-	-	-	-	-
-	-	-	-	L	-	-	-	-	-	-	-	-	-	D	L	L	L	-	-	-	D	L	-	D	-	-	-
-	-	E	L	N	-	-	-	-	-	-	N	-	-	-	-	-	-	-	-	-	-	-	E	-	-	-	L
Objective 0: 6428
Objective 1: 210
Constr violation: 0
Restrictions violated:
0 0 0 0 0 0 0 0 

