Individual 0
1	2	3	4	5	6	7	8	9	10	11	12	13	14	15	16	17	18	19	20	21	22	23	24	25	26	27	28
E	E	E	D	N	-	-	L	L	-	-	L	L	N	-	-	-	-	-	E	E	L	N	-	-	-	-	-
-	-	E	E	E	E	E	-	-	-	-	D	D	-	-	D	L	L	L	-	-	E	L	L	L	L	-	-
-	-	E	D	D	-	-	D	D	-	-	E	E	-	-	-	E	E	L	-	-	E	L	L	-	-	E	E
D	D	L	N	N	-	-	-	D	D	L	L	N	-	-	-	D	L	L	-	-	-	-	-	D	L	N	-
-	D	D	D	-	-	-	E	E	E	D	D	-	-	-	E	E	D	-	E	D	D	-	E	E	D	D	D
N	N	-	-	-	-	-	-	E	E	E	D	-	-	-	-	E	E	E	E	N	-	-	D	D	-	-	N
D	D	-	-	D	D	D	-	-	E	D	D	-	-	D	D	D	-	-	-	-	-	-	D	D	D	D	D
E	L	L	L	-	-	-	-	E	D	L	-	-	-	-	N	N	-	-	-	-	E	E	L	N	-	-	L
E	D	-	-	-	D	D	N	-	-	-	-	-	D	D	L	L	N	-	-	-	E	E	E	E	L	-	-
L	L	-	-	-	-	-	-	D	L	N	N	-	-	-	N	N	-	-	L	N	-	-	E	E	D	D	L
-	E	E	L	L	-	-	-	-	L	N	N	-	-	-	L	L	L	-	-	-	L	L	-	-	-	-	E
E	L	N	-	-	-	-	-	-	E	L	-	-	-	E	L	-	-	-	-	E	E	-	-	-	L	L	L
D	L	N	-	-	-	-	D	L	L	L	-	-	-	-	-	D	D	-	-	-	-	-	-	D	D	L	N
E	D	-	-	-	E	E	E	-	-	-	-	-	-	-	-	E	L	L	N	-	-	-	D	N	-	-	-
-	-	-	E	E	N	-	-	-	D	N	-	-	-	-	E	E	E	N	-	-	-	-	-	-	E	E	D
-	-	-	E	N	-	-	-	E	E	E	D	-	-	-	E	D	N	-	-	-	E	N	N	-	-	-	-
-	-	D	-	-	D	L	L	-	-	-	-	-	-	-	-	-	-	-	D	D	L	L	-	-	-	D	D
-	-	-	E	N	N	N	-	-	-	-	D	D	-	-	-	-	-	-	-	L	-	-	-	-	E	-	-
N	N	-	-	-	-	-	-	N	-	-	D	-	-	E	-	-	-	-	-	-	D	D	D	D	D	-	-
L	-	-	-	-	-	D	D	N	N	-	-	-	D	-	-	-	L	L	N	-	-	-	-	-	-	-	-
L	-	-	-	-	L	L	-	-	-	-	-	E	L	-	-	-	-	E	E	-	-	D	N	-	-	-	-
-	-	-	-	-	-	-	-	-	-	-	E	E	-	-	E	-	-	E	D	D	D	-	-	-	-	E	E
-	-	-	L	L	-	-	L	L	L	-	-	-	L	-	-	L	-	-	L	L	-	-	-	-	-	-	-
-	-	-	-	-	L	L	L	N	-	-	-	-	-	N	N	-	-	E	E	-	-	-	-	-	-	-	-
D	-	-	-	-	E	N	-	-	N	-	-	-	-	-	-	-	-	N	-	-	E	D	D	L	-	-	-
D	-	-	-	D	-	-	-	-	-	E	E	E	D	D	-	-	-	-	-	-	-	-	E	E	D	-	-
L	-	-	-	L	-	-	-	-	-	-	-	N	-	L	-	-	-	-	-	-	L	L	-	-	-	-	-
-	-	-	-	-	-	-	-	-	-	-	-	N	-	-	-	-	D	-	D	D	D	-	N	-	-	-	-
-	D	D	-	-	L	L	-	-	-	-	-	D	L	-	-	-	-	-	-	-	D	-	-	-	-	-	-
-	-	-	-	-	-	-	D	-	-	-	-	N	-	-	-	-	D	D	-	-	-	-	-	E	D	D	N
-	-	-	-	-	E	D	-	-	N	-	-	-	-	-	-	-	-	N	-	E	L	-	-	-	-	-	-
-	-	-	-	-	-	-	-	-	-	E	E	E	N	-	-	-	-	-	-	E	N	-	-	-	-	-	-
-	-	-	-	-	-	-	-	-	-	-	-	-	L	L	-	-	-	-	-	-	-	E	-	D	L	-	-
-	-	-	-	L	-	-	-	-	-	-	-	-	N	N	-	-	-	-	-	-	-	-	-	-	-	L	L
-	-	-	D	-	-	-	-	-	-	-	L	L	L	-	-	-	-	-	L	-	-	D	L	L	-	-	-
-	-	-	-	-	-	-	-	-	-	-	-	-	-	N	-	-	-	-	E	L	L	L	-	-	-	-	-
Objective 0: 6832
Objective 1: 203
Constr violation: 0
Restrictions violated:
0 0 0 0 0 0 0 0 

Individual 1
1	2	3	4	5	6	7	8	9	10	11	12	13	14	15	16	17	18	19	20	21	22	23	24	25	26	27	28
E	E	E	D	N	-	-	L	L	-	-	L	L	N	-	-	-	-	-	E	E	L	N	-	-	-	-	-
-	-	E	E	E	E	E	-	-	-	-	D	D	-	-	D	L	L	L	-	-	E	L	L	L	L	-	-
-	-	E	D	D	-	-	D	D	-	-	E	E	-	-	-	E	E	L	-	-	E	L	L	-	-	E	E
D	D	L	N	N	-	-	-	D	D	L	L	N	-	-	-	D	L	L	-	-	-	-	-	D	L	N	-
-	D	D	D	-	-	-	E	E	E	D	D	-	-	-	E	E	D	-	E	D	D	-	E	E	D	D	D
-	E	E	D	-	-	-	E	D	N	N	N	-	-	-	-	-	-	E	E	-	-	-	-	E	E	D	D
D	D	-	-	D	D	D	-	-	E	D	D	-	-	D	D	D	-	-	-	-	-	-	D	D	D	D	D
E	L	L	L	-	-	-	-	E	D	L	-	-	-	-	N	N	-	-	-	-	E	E	L	N	-	-	L
E	D	-	-	-	D	D	N	-	-	-	-	-	D	D	L	L	N	-	-	-	E	E	E	E	L	-	-
L	L	-	-	-	-	-	-	D	L	N	N	-	-	-	N	N	-	-	L	N	-	-	E	E	D	D	L
-	E	E	L	L	-	-	-	-	L	N	N	-	-	-	L	L	L	-	-	-	L	L	-	-	-	-	E
N	N	N	-	-	-	-	-	-	E	L	-	-	-	E	L	-	-	-	-	E	E	-	-	-	L	L	L
D	L	N	-	-	-	-	D	L	L	L	-	-	-	-	-	D	D	-	-	-	-	-	-	D	D	L	N
E	D	-	-	-	E	E	E	-	-	-	-	-	-	-	-	E	L	L	N	-	-	-	D	N	-	-	-
-	-	-	E	E	N	-	-	-	D	N	-	-	-	-	E	E	E	N	-	-	-	-	-	-	E	E	D
-	-	-	E	N	-	-	-	E	E	E	D	-	-	-	E	D	N	-	-	-	E	N	N	-	-	-	-
-	-	D	-	-	D	L	L	-	-	-	-	-	-	-	-	-	-	-	D	D	L	L	-	-	-	D	D
-	-	-	E	N	N	N	-	-	-	-	D	D	-	-	-	-	-	-	-	L	-	-	-	-	E	-	-
N	N	-	-	-	-	-	-	N	-	-	D	-	-	E	-	-	-	-	-	-	D	D	D	D	D	-	-
L	-	-	-	-	-	D	D	N	N	-	-	-	D	-	-	-	L	L	N	-	-	-	-	-	-	-	-
L	-	-	-	-	L	L	-	-	-	-	-	E	L	-	-	-	-	D	D	-	-	D	N	-	-	-	-
-	-	-	-	-	-	-	-	-	-	-	E	E	-	-	E	-	-	E	D	D	D	-	-	-	-	E	E
-	-	-	L	L	-	-	L	L	L	-	-	-	L	-	-	L	-	-	L	L	-	-	-	-	-	-	-
D	-	-	-	-	L	L	L	N	-	-	-	-	-	N	N	-	-	E	E	-	-	-	-	-	-	-	-
D	D	N	-	-	E	-	-	-	-	E	-	-	-	-	-	-	-	-	L	-	-	D	L	L	L	-	-
-	-	-	-	E	-	-	-	-	-	E	E	E	D	D	-	-	-	D	-	-	-	-	E	E	-	-	-
L	-	-	-	L	-	-	-	-	-	-	-	N	-	L	-	-	-	-	-	-	L	L	-	-	-	-	-
-	-	-	-	-	-	-	-	-	-	-	-	N	-	-	-	-	D	-	D	D	D	-	N	-	-	-	-
-	-	D	-	-	L	L	-	-	-	-	-	D	L	-	-	-	-	-	-	-	D	-	-	-	-	-	-
-	-	-	-	-	-	-	D	-	-	-	-	N	-	-	-	-	D	D	-	-	-	-	-	E	D	D	N
-	-	-	-	-	E	D	-	-	N	-	-	-	-	-	-	-	-	N	-	E	L	-	-	-	-	-	-
-	-	-	-	-	-	-	-	-	-	E	E	E	N	-	-	-	-	-	-	E	N	-	-	-	-	-	-
-	-	-	-	-	-	-	-	-	-	-	-	-	L	L	-	-	-	-	-	-	-	E	-	D	L	-	-
-	-	-	-	L	-	-	-	-	-	-	-	-	N	N	-	-	-	-	-	-	-	-	-	-	-	L	L
-	-	-	D	-	-	-	-	-	-	-	L	L	L	-	-	-	-	-	L	-	-	D	L	L	-	-	-
-	-	-	-	-	-	-	-	-	-	-	-	-	-	N	-	-	-	-	E	L	L	L	-	-	-	-	-
Objective 0: 6125
Objective 1: 233
Constr violation: 0
Restrictions violated:
0 0 0 0 0 0 0 0 

Individual 2
1	2	3	4	5	6	7	8	9	10	11	12	13	14	15	16	17	18	19	20	21	22	23	24	25	26	27	28
E	E	E	D	N	-	-	L	L	-	-	L	L	N	-	-	-	-	-	E	E	L	N	-	-	-	-	-
-	-	E	E	E	E	E	-	-	-	-	D	D	-	-	D	L	L	L	-	-	E	L	L	L	L	-	-
-	-	E	D	D	-	-	D	D	-	-	E	E	-	-	-	E	E	L	-	-	E	L	L	-	-	E	E
D	D	L	N	N	-	-	-	D	D	L	L	N	-	-	-	D	L	L	-	-	-	-	-	D	L	N	-
-	D	D	D	-	-	-	E	E	E	D	D	-	-	-	E	E	D	-	E	D	D	-	E	E	D	D	D
N	N	-	-	-	-	-	-	E	E	E	D	-	-	-	-	E	E	E	E	N	-	-	D	D	-	-	N
D	D	-	-	D	D	D	-	-	E	D	D	-	-	D	D	D	-	-	-	-	-	-	D	D	D	D	D
E	L	L	L	-	-	-	-	E	D	L	-	-	-	-	N	N	-	-	-	-	E	E	L	N	-	-	L
E	D	-	-	-	D	D	N	-	-	-	-	-	D	D	L	L	N	-	-	-	E	E	E	E	L	-	-
L	L	-	-	-	-	-	-	D	L	N	N	-	-	-	N	N	-	-	L	N	-	-	E	E	D	D	L
-	E	E	L	L	-	-	-	-	L	N	N	-	-	-	L	L	L	-	-	-	L	L	-	-	-	-	E
E	L	N	-	-	-	-	-	-	E	L	-	-	-	E	L	-	-	-	-	E	E	-	-	-	L	L	L
D	L	N	-	-	-	-	D	L	L	L	-	-	-	-	-	D	D	-	-	-	-	-	-	D	D	L	N
E	D	-	-	-	E	E	E	-	-	-	-	-	-	-	-	E	L	L	N	-	-	-	D	N	-	-	-
-	-	-	E	E	N	-	-	-	D	N	-	-	-	-	E	E	E	N	-	-	-	-	-	-	E	E	D
-	-	-	E	N	-	-	-	E	E	E	D	-	-	-	E	D	N	-	-	-	E	N	N	-	-	-	-
-	-	D	-	-	D	L	L	-	-	-	-	-	-	-	-	-	-	-	D	D	L	L	-	-	-	D	D
-	-	-	E	N	N	N	-	-	-	-	D	D	-	-	-	-	-	-	-	L	-	-	-	-	E	-	-
N	N	-	-	-	-	-	-	N	-	-	D	-	-	E	-	-	-	-	-	-	D	D	D	D	D	-	-
L	-	-	-	-	-	D	D	N	N	-	-	-	D	-	-	-	L	L	N	-	-	-	-	-	-	-	-
L	-	-	-	-	L	L	-	-	-	-	-	E	L	-	-	-	-	D	D	-	-	D	N	-	-	-	-
-	-	-	-	-	-	-	-	-	-	-	E	E	-	-	E	-	-	E	D	D	D	-	-	-	-	E	E
-	-	-	L	L	-	-	L	L	L	-	-	-	L	-	-	L	-	-	L	L	-	-	-	-	-	-	-
-	-	-	-	-	L	L	L	N	-	-	-	-	-	N	N	-	-	E	E	-	-	-	-	-	-	-	-
D	-	-	-	-	E	N	-	-	N	-	-	-	-	-	-	-	-	N	-	-	E	D	D	L	-	-	-
D	-	-	-	D	-	-	-	-	-	E	E	E	D	D	-	-	-	-	-	-	-	-	E	E	D	-	-
L	-	-	-	L	-	-	-	-	-	-	-	N	-	L	-	-	-	-	-	-	L	L	-	-	-	-	-
-	-	-	-	-	-	-	-	-	-	-	-	N	-	-	-	-	D	-	D	D	D	-	N	-	-	-	-
-	D	D	-	-	L	L	-	-	-	-	-	D	L	-	-	-	-	-	-	-	D	-	-	-	-	-	-
-	-	-	-	-	-	-	D	-	-	-	-	N	-	-	-	-	D	D	-	-	-	-	-	E	D	D	N
-	-	-	-	-	E	D	-	-	N	-	-	-	-	-	-	-	-	N	-	E	L	-	-	-	-	-	-
-	-	-	-	-	-	-	-	-	-	E	E	E	N	-	-	-	-	-	-	E	N	-	-	-	-	-	-
-	-	-	-	-	-	-	-	-	-	-	-	-	L	L	-	-	-	-	-	-	-	E	-	D	L	-	-
-	-	-	-	L	-	-	-	-	-	-	-	-	N	N	-	-	-	-	-	-	-	-	-	-	-	L	L
-	-	-	D	-	-	-	-	-	-	-	L	L	L	-	-	-	-	-	L	-	-	D	L	L	-	-	-
-	-	-	-	-	-	-	-	-	-	-	-	-	-	N	-	-	-	-	E	L	L	L	-	-	-	-	-
Objective 0: 6630
Objective 1: 209
Constr violation: 0
Restrictions violated:
0 0 0 0 0 0 0 0 

Individual 3
1	2	3	4	5	6	7	8	9	10	11	12	13	14	15	16	17	18	19	20	21	22	23	24	25	26	27	28
E	E	E	D	N	-	-	L	L	-	-	L	L	N	-	-	-	-	-	E	E	L	N	-	-	-	-	-
-	-	E	E	E	E	E	-	-	-	-	D	D	-	-	D	L	L	L	-	-	E	L	L	L	L	-	-
-	-	E	D	D	-	-	D	D	-	-	E	E	-	-	-	E	E	L	-	-	E	L	L	-	-	E	E
D	D	L	N	N	-	-	-	D	D	L	L	N	-	-	-	D	L	L	-	-	-	-	-	D	L	N	-
-	D	D	D	-	-	-	E	E	E	D	D	-	-	-	E	E	D	-	E	D	D	-	E	E	D	D	D
-	E	E	D	-	-	-	E	D	N	N	N	-	-	-	-	-	-	E	E	-	-	-	-	E	E	D	D
D	D	-	-	D	D	D	-	-	E	D	D	-	-	D	D	D	-	-	-	-	-	-	D	D	D	D	D
E	L	L	L	-	-	-	-	E	D	L	-	-	-	-	N	N	-	-	-	-	E	E	L	N	-	-	L
E	D	-	-	-	D	D	N	-	-	-	-	-	D	D	L	L	N	-	-	-	E	E	E	E	L	-	-
L	L	-	-	-	-	-	-	D	L	N	N	-	-	-	N	N	-	-	L	N	-	-	E	E	D	D	L
-	E	E	L	L	-	-	-	-	L	N	N	-	-	-	L	L	L	-	-	-	L	L	-	-	-	-	E
N	N	N	-	-	-	-	-	-	E	L	-	-	-	E	L	-	-	-	-	E	E	-	-	-	L	L	L
D	L	N	-	-	-	-	D	L	L	L	-	-	-	-	-	D	D	-	-	-	-	-	-	D	D	L	N
E	D	-	-	-	E	E	E	-	-	-	-	-	-	-	-	E	L	L	N	-	-	-	D	N	-	-	-
-	-	-	E	E	N	-	-	-	D	N	-	-	-	-	E	E	E	N	-	-	-	-	-	-	E	E	D
-	-	-	E	N	-	-	-	E	E	E	D	-	-	-	E	D	N	-	-	-	E	N	N	-	-	-	-
-	-	D	-	-	D	L	L	-	-	-	-	-	-	-	-	-	-	-	D	D	L	L	-	-	-	D	D
-	-	-	E	N	N	N	-	-	-	-	D	D	-	-	-	-	-	-	-	L	-	-	-	-	E	-	-
N	N	-	-	-	-	-	-	N	-	-	D	-	-	E	-	-	-	-	-	-	D	D	D	D	D	-	-
L	-	-	-	-	-	D	D	N	N	-	-	-	D	-	-	-	L	L	N	-	-	-	-	-	-	-	-
L	-	-	-	-	L	L	-	-	-	-	-	E	L	-	-	-	-	D	D	-	-	D	N	-	-	-	-
-	-	-	-	-	-	-	-	-	-	-	E	E	-	-	E	-	-	E	D	D	D	-	-	-	-	E	E
-	-	-	L	L	-	-	L	L	L	-	-	-	L	-	-	L	-	-	L	L	-	-	-	-	-	-	-
-	-	-	-	-	L	L	L	N	-	-	-	-	-	N	N	-	-	E	E	-	-	-	-	-	-	-	-
D	-	-	-	-	E	N	-	-	N	-	-	-	-	-	-	-	-	N	-	-	E	D	D	L	-	-	-
D	-	-	-	D	-	-	-	-	-	E	E	E	D	D	-	-	-	-	-	-	-	-	E	E	D	-	-
L	-	-	-	L	-	-	-	-	-	-	-	N	-	L	-	-	-	-	-	-	L	L	-	-	-	-	-
-	-	-	-	-	-	-	-	-	-	-	-	N	-	-	-	-	D	-	D	D	D	-	N	-	-	-	-
-	D	D	-	-	L	L	-	-	-	-	-	D	L	-	-	-	-	-	-	-	D	-	-	-	-	-	-
-	-	-	-	-	-	-	D	-	-	-	-	N	-	-	-	-	D	D	-	-	-	-	-	E	D	D	N
-	-	-	-	-	E	D	-	-	N	-	-	-	-	-	-	-	-	N	-	E	L	-	-	-	-	-	-
-	-	-	-	-	-	-	-	-	-	E	E	E	N	-	-	-	-	-	-	E	N	-	-	-	-	-	-
-	-	-	-	-	-	-	-	-	-	-	-	-	L	L	-	-	-	-	-	-	-	E	-	D	L	-	-
-	-	-	-	L	-	-	-	-	-	-	-	-	N	N	-	-	-	-	-	-	-	-	-	-	-	L	L
-	-	-	D	-	-	-	-	-	-	-	L	L	L	-	-	-	-	-	L	-	-	D	L	L	-	-	-
-	-	-	-	-	-	-	-	-	-	-	-	-	-	N	-	-	-	-	E	L	L	L	-	-	-	-	-
Objective 0: 6327
Objective 1: 224
Constr violation: 0
Restrictions violated:
0 0 0 0 0 0 0 0 

Individual 4
1	2	3	4	5	6	7	8	9	10	11	12	13	14	15	16	17	18	19	20	21	22	23	24	25	26	27	28
E	E	E	D	N	-	-	L	L	-	-	L	L	N	-	-	-	-	-	E	E	L	N	-	-	-	-	-
-	-	E	E	E	E	E	-	-	-	-	D	D	-	-	D	L	L	L	-	-	E	L	L	L	L	-	-
-	-	E	D	D	-	-	D	D	-	-	E	E	-	-	-	E	E	L	-	-	E	L	L	-	-	E	E
D	D	L	N	N	-	-	-	D	D	L	L	N	-	-	-	D	L	L	-	-	-	-	-	D	L	N	-
-	D	D	D	-	-	-	E	E	E	D	D	-	-	-	E	E	D	-	E	D	D	-	E	E	D	D	D
-	E	E	D	-	-	-	E	D	N	N	N	-	-	-	-	-	-	E	E	-	-	-	-	E	E	D	D
D	D	-	-	D	D	D	-	-	E	D	D	-	-	D	D	D	-	-	-	-	-	-	D	D	D	D	D
E	L	L	L	-	-	-	-	E	D	L	-	-	-	-	N	N	-	-	-	-	E	E	L	N	-	-	L
E	D	-	-	-	D	D	N	-	-	-	-	-	D	D	L	L	N	-	-	-	E	E	E	E	L	-	-
L	L	-	-	-	-	-	-	D	L	N	N	-	-	-	N	N	-	-	L	N	-	-	E	E	D	D	L
-	E	E	L	L	-	-	-	-	L	N	N	-	-	-	L	L	L	-	-	-	L	L	-	-	-	-	E
N	N	N	-	-	-	-	-	-	E	L	-	-	-	E	L	-	-	-	-	E	E	-	-	-	L	L	L
D	L	N	-	-	-	-	D	L	L	L	-	-	-	-	-	D	D	-	-	-	-	-	-	D	D	L	N
E	D	-	-	-	E	E	E	-	-	-	-	-	-	-	-	E	L	L	N	-	-	-	D	N	-	-	-
-	-	-	E	E	N	-	-	-	D	N	-	-	-	-	E	E	E	N	-	-	-	-	-	-	E	E	D
-	-	-	E	N	-	-	-	E	E	E	D	-	-	-	E	D	N	-	-	-	E	N	N	-	-	-	-
-	-	D	-	-	D	L	L	-	-	-	-	-	-	-	-	-	-	-	D	D	L	L	-	-	-	D	D
-	-	-	E	N	N	N	-	-	-	-	D	D	-	-	-	-	-	-	-	L	-	-	-	-	E	-	-
N	N	-	-	-	-	-	-	N	-	-	D	-	-	E	-	-	-	-	-	-	D	D	D	D	D	-	-
L	-	-	-	-	-	D	D	N	N	-	-	-	D	-	-	-	L	L	N	-	-	-	-	-	-	-	-
L	-	-	-	-	L	L	-	-	-	-	-	E	L	-	-	-	-	D	D	-	-	D	N	-	-	-	-
-	-	-	-	-	-	-	-	-	-	-	E	E	-	-	E	-	-	E	D	D	D	-	-	-	-	E	E
-	-	-	L	L	-	-	L	L	L	-	-	-	L	-	-	L	-	-	L	L	-	-	-	-	-	-	-
D	-	-	-	-	L	L	L	N	-	-	-	-	-	N	N	-	-	E	E	-	-	-	-	-	-	-	-
D	D	N	-	-	E	-	-	-	-	E	-	-	-	-	-	-	-	-	L	-	-	D	L	L	L	-	-
-	-	-	-	E	-	-	-	-	-	E	E	E	D	D	-	-	-	D	-	-	-	-	E	E	-	-	-
L	-	-	-	L	-	-	-	-	-	-	-	N	-	L	-	-	-	-	-	-	L	L	-	-	-	-	-
-	-	-	-	-	-	-	-	-	-	-	-	N	-	-	-	-	D	-	D	D	D	-	N	-	-	-	-
-	D	D	-	-	L	L	-	-	-	-	-	D	L	-	-	-	-	-	-	-	D	-	-	-	-	-	-
-	-	-	-	-	-	-	D	-	-	-	-	N	-	-	-	-	D	D	-	-	-	-	-	E	D	D	N
-	-	-	-	-	E	D	-	-	N	-	-	-	-	-	-	-	-	N	-	E	L	-	-	-	-	-	-
-	-	-	-	-	-	-	-	-	-	E	E	E	N	-	-	-	-	-	-	E	N	-	-	-	-	-	-
-	-	-	-	-	-	-	-	-	-	-	-	-	L	L	-	-	-	-	-	-	-	E	-	D	L	-	-
-	-	-	-	L	-	-	-	-	-	-	-	-	N	N	-	-	-	-	-	-	-	-	-	-	-	L	L
-	-	-	D	-	-	-	-	-	-	-	L	L	L	-	-	-	-	-	L	-	-	D	L	L	-	-	-
-	-	-	-	-	-	-	-	-	-	-	-	-	-	N	-	-	-	-	E	L	L	L	-	-	-	-	-
Objective 0: 6126
Objective 1: 231
Constr violation: 0
Restrictions violated:
0 0 0 0 0 0 0 0 

Individual 5
1	2	3	4	5	6	7	8	9	10	11	12	13	14	15	16	17	18	19	20	21	22	23	24	25	26	27	28
E	E	E	D	N	-	-	L	L	-	-	L	L	N	-	-	-	-	-	E	E	L	N	-	-	-	-	-
-	-	E	E	E	E	E	-	-	-	-	D	D	-	-	D	L	L	L	-	-	E	L	L	L	L	-	-
-	-	E	D	D	-	-	D	D	-	-	E	E	-	-	-	E	E	L	-	-	E	L	L	-	-	E	E
D	D	L	N	N	-	-	-	D	D	L	L	N	-	-	-	D	L	L	-	-	-	-	-	D	L	N	-
-	D	D	D	-	-	-	E	E	E	D	D	-	-	-	E	E	D	-	E	D	D	-	E	E	D	D	D
-	E	E	D	-	-	-	E	D	N	N	N	-	-	-	-	-	-	E	E	-	-	-	-	E	E	D	D
D	D	-	-	D	D	D	-	-	E	D	D	-	-	D	D	D	-	-	-	-	-	-	D	D	D	D	D
E	L	L	L	-	-	-	-	E	D	L	-	-	-	-	N	N	-	-	-	-	E	E	L	N	-	-	L
E	D	-	-	-	D	D	N	-	-	-	-	-	D	D	L	L	N	-	-	-	E	E	E	E	L	-	-
L	L	-	-	-	-	-	-	D	L	N	N	-	-	-	N	N	-	-	L	N	-	-	E	E	D	D	L
-	E	E	L	L	-	-	-	-	L	N	N	-	-	-	L	L	L	-	-	-	L	L	-	-	-	-	E
N	N	N	-	-	-	-	-	-	E	L	-	-	-	E	L	-	-	-	-	E	E	-	-	-	L	L	L
D	L	N	-	-	-	-	D	L	L	L	-	-	-	-	-	D	D	-	-	-	-	-	-	D	D	L	N
E	D	-	-	-	E	E	E	-	-	-	-	-	-	-	-	E	L	L	N	-	-	-	D	N	-	-	-
-	-	-	E	E	N	-	-	-	D	N	-	-	-	-	E	E	E	N	-	-	-	-	-	-	E	E	D
-	-	-	E	N	-	-	-	E	E	E	D	-	-	-	E	D	N	-	-	-	E	N	N	-	-	-	-
-	-	D	-	-	D	L	L	-	-	-	-	-	-	-	-	-	-	-	D	D	L	L	-	-	-	D	D
-	-	-	E	N	N	N	-	-	-	-	D	D	-	-	-	-	-	-	-	L	-	-	-	-	E	-	-
N	N	-	-	-	-	-	-	N	-	-	D	-	-	E	-	-	-	-	-	-	D	D	D	D	D	-	-
L	-	-	-	-	-	D	D	N	N	-	-	-	D	-	-	-	L	L	N	-	-	-	-	-	-	-	-
L	-	-	-	-	L	L	-	-	-	-	-	E	L	-	-	-	-	D	D	-	-	D	N	-	-	-	-
-	-	-	-	-	-	-	-	-	-	-	E	E	-	-	E	-	-	E	D	D	D	-	-	-	-	E	E
-	-	-	L	L	-	-	L	L	L	-	-	-	L	-	-	L	-	-	L	L	-	-	-	-	-	-	-
-	-	-	-	-	L	L	L	N	-	-	-	-	-	N	N	-	-	E	E	-	-	-	-	-	-	-	-
D	D	N	-	-	E	-	-	-	-	E	-	-	-	-	-	-	-	-	L	-	-	D	L	L	L	-	-
D	-	-	-	D	-	-	-	-	-	E	E	E	D	D	-	-	-	-	-	-	-	-	E	E	D	-	-
L	-	-	-	L	-	-	-	-	-	-	-	N	-	L	-	-	-	-	-	-	L	L	-	-	-	-	-
-	-	-	-	-	-	-	-	-	-	-	-	N	-	-	-	-	D	-	D	D	D	-	N	-	-	-	-
-	-	D	-	-	L	L	-	-	-	-	-	D	L	-	-	-	-	-	-	-	D	-	-	-	-	-	-
-	-	-	-	-	-	-	D	-	-	-	-	N	-	-	-	-	D	D	-	-	-	-	-	E	D	D	N
-	-	-	-	-	E	D	-	-	N	-	-	-	-	-	-	-	-	N	-	E	L	-	-	-	-	-	-
-	-	-	-	-	-	-	-	-	-	E	E	E	N	-	-	-	-	-	-	E	N	-	-	-	-	-	-
-	-	-	-	-	-	-	-	-	-	-	-	-	L	L	-	-	-	-	-	-	-	E	-	D	L	-	-
-	-	-	-	L	-	-	-	-	-	-	-	-	N	N	-	-	-	-	-	-	-	-	-	-	-	L	L
-	-	-	D	-	-	-	-	-	-	-	L	L	L	-	-	-	-	-	L	-	-	D	L	L	-	-	-
-	-	-	-	-	-	-	-	-	-	-	-	-	-	N	-	-	-	-	E	L	L	L	-	-	-	-	-
Objective 0: 6226
Objective 1: 227
Constr violation: 0
Restrictions violated:
0 0 0 0 0 0 0 0 

Individual 6
1	2	3	4	5	6	7	8	9	10	11	12	13	14	15	16	17	18	19	20	21	22	23	24	25	26	27	28
E	E	E	D	N	-	-	L	L	-	-	L	L	N	-	-	-	-	-	E	E	L	N	-	-	-	-	-
-	-	E	E	E	E	E	-	-	-	-	D	D	-	-	D	L	L	L	-	-	E	L	L	L	L	-	-
-	-	E	D	D	-	-	D	D	-	-	E	E	-	-	-	E	E	L	-	-	E	L	L	-	-	E	E
D	D	L	N	N	-	-	-	D	D	L	L	N	-	-	-	D	L	L	-	-	-	-	-	D	L	N	-
-	D	D	D	-	-	-	E	E	E	D	D	-	-	-	E	E	D	-	E	D	D	-	E	E	D	D	D
-	E	E	D	-	-	-	E	D	N	N	N	-	-	-	-	-	-	E	E	-	-	-	-	E	E	D	D
D	D	-	-	D	D	D	-	-	E	D	D	-	-	D	D	D	-	-	-	-	-	-	D	D	D	D	D
E	L	L	L	-	-	-	-	E	D	L	-	-	-	-	N	N	-	-	-	-	E	E	L	N	-	-	L
E	D	-	-	-	D	D	N	-	-	-	-	-	D	D	L	L	N	-	-	-	E	E	E	E	L	-	-
L	L	-	-	-	-	-	-	D	L	N	N	-	-	-	N	N	-	-	L	N	-	-	E	E	D	D	L
-	E	E	L	L	-	-	-	-	L	N	N	-	-	-	L	L	L	-	-	-	L	L	-	-	-	-	E
N	N	N	-	-	-	-	-	-	E	L	-	-	-	E	L	-	-	-	-	E	E	-	-	-	L	L	L
D	L	N	-	-	-	-	D	L	L	L	-	-	-	-	-	D	D	-	-	-	-	-	-	D	D	L	N
E	D	-	-	-	E	E	E	-	-	-	-	-	-	-	-	E	L	L	N	-	-	-	D	N	-	-	-
-	-	-	E	E	N	-	-	-	D	N	-	-	-	-	E	E	E	N	-	-	-	-	-	-	E	E	D
-	-	-	E	N	-	-	-	E	E	E	D	-	-	-	E	D	N	-	-	-	E	N	N	-	-	-	-
-	-	D	-	-	D	L	L	-	-	-	-	-	-	-	-	-	-	-	D	D	L	L	-	-	-	D	D
-	-	-	E	N	N	N	-	-	-	-	D	D	-	-	-	-	-	-	-	L	-	-	-	-	E	-	-
N	N	-	-	-	-	-	-	N	-	-	D	-	-	E	-	-	-	-	-	-	D	D	D	D	D	-	-
L	-	-	-	-	-	D	D	N	N	-	-	-	D	-	-	-	L	L	N	-	-	-	-	-	-	-	-
L	-	-	-	-	L	L	-	-	-	-	-	E	L	-	-	-	-	E	E	-	-	D	N	-	-	-	-
-	-	-	-	-	-	-	-	-	-	-	E	E	-	-	E	-	-	E	D	D	D	-	-	-	-	E	E
-	-	-	L	L	-	-	L	L	L	-	-	-	L	-	-	L	-	-	L	L	-	-	-	-	-	-	-
-	-	-	-	-	L	L	L	N	-	-	-	-	-	N	N	-	-	E	E	-	-	-	-	-	-	-	-
D	D	N	-	-	E	-	-	-	-	E	-	-	-	-	-	-	-	-	L	-	-	D	L	L	L	-	-
D	-	-	-	D	-	-	-	-	-	E	E	E	D	D	-	-	-	-	-	-	-	-	E	E	D	-	-
L	-	-	-	L	-	-	-	-	-	-	-	N	-	L	-	-	-	-	-	-	L	L	-	-	-	-	-
-	-	-	-	-	-	-	-	-	-	-	-	N	-	-	-	-	D	-	D	D	D	-	N	-	-	-	-
-	D	D	-	-	L	L	-	-	-	-	-	D	L	-	-	-	-	-	-	-	D	-	-	-	-	-	-
-	-	-	-	-	-	-	D	-	-	-	-	N	-	-	-	-	D	D	-	-	-	-	-	E	D	D	N
-	-	-	-	-	E	D	-	-	N	-	-	-	-	-	-	-	-	N	-	E	L	-	-	-	-	-	-
-	-	-	-	-	-	-	-	-	-	E	E	E	N	-	-	-	-	-	-	E	N	-	-	-	-	-	-
-	-	-	-	-	-	-	-	-	-	-	-	-	L	L	-	-	-	-	-	-	-	E	-	D	L	-	-
-	-	-	-	L	-	-	-	-	-	-	-	-	N	N	-	-	-	-	-	-	-	-	-	-	-	L	L
-	-	-	D	-	-	-	-	-	-	-	L	L	L	-	-	-	-	-	L	-	-	D	L	L	-	-	-
-	-	-	-	-	-	-	-	-	-	-	-	-	-	N	-	-	-	-	E	L	L	L	-	-	-	-	-
Objective 0: 6429
Objective 1: 219
Constr violation: 0
Restrictions violated:
0 0 0 0 0 0 0 0 

Individual 7
1	2	3	4	5	6	7	8	9	10	11	12	13	14	15	16	17	18	19	20	21	22	23	24	25	26	27	28
E	E	E	D	N	-	-	L	L	-	-	L	L	N	-	-	-	-	-	E	E	L	N	-	-	-	-	-
-	-	E	E	E	E	E	-	-	-	-	D	D	-	-	D	L	L	L	-	-	E	L	L	L	L	-	-
-	-	E	D	D	-	-	D	D	-	-	E	E	-	-	-	E	E	L	-	-	E	L	L	-	-	E	E
D	D	L	N	N	-	-	-	D	D	L	L	N	-	-	-	D	L	L	-	-	-	L	L	L	-	-	-
-	D	D	D	-	-	-	E	E	E	D	D	-	-	-	E	E	D	-	E	D	D	-	E	E	D	D	D
N	N	-	-	-	-	-	-	E	E	E	D	-	-	-	-	E	E	E	E	N	-	-	D	D	-	-	N
D	D	-	-	D	D	D	-	-	E	D	D	-	-	D	D	D	-	-	-	-	-	-	D	D	D	D	D
E	L	L	L	-	-	-	-	E	D	L	-	-	-	-	N	N	-	-	-	-	E	E	L	N	-	-	L
E	D	-	-	-	D	D	N	-	-	-	-	-	D	D	L	L	N	-	-	-	E	E	E	E	L	-	-
L	L	-	-	-	-	-	-	D	L	N	N	-	-	-	N	N	-	-	L	N	-	-	E	E	D	D	L
-	E	E	L	L	-	-	-	-	L	N	N	-	-	-	L	L	L	-	-	-	L	L	-	-	-	-	E
E	L	N	-	-	-	-	-	-	E	L	-	-	-	E	L	-	-	-	-	E	E	-	-	-	L	L	L
D	L	N	-	-	-	-	D	L	L	L	-	-	-	-	-	D	D	-	-	-	-	-	-	D	D	L	N
E	D	-	-	-	E	E	E	-	-	-	-	-	-	-	-	E	L	L	N	-	-	-	D	N	-	-	-
-	-	-	E	E	N	-	-	-	D	N	-	-	-	-	E	E	E	N	-	-	-	-	-	-	E	E	D
-	-	-	E	N	-	-	-	E	E	E	D	-	-	-	E	D	N	-	-	-	E	N	N	-	-	-	-
-	-	D	-	-	D	L	L	-	-	-	-	-	-	-	-	-	-	-	D	D	L	L	-	-	-	D	D
-	-	-	E	N	N	N	-	-	-	-	D	D	-	-	-	-	-	-	-	L	-	-	-	-	E	-	-
N	N	-	-	-	-	-	-	N	-	-	D	-	-	E	-	-	-	-	-	-	D	D	D	D	D	-	-
L	-	-	-	-	-	D	D	N	N	-	-	-	D	-	-	-	L	L	N	-	-	-	-	-	-	-	-
L	-	-	-	-	L	L	-	-	-	-	-	E	L	-	-	-	-	D	D	-	-	D	N	-	-	-	-
-	-	-	-	-	-	-	-	-	-	-	E	E	-	-	E	-	-	E	D	D	D	-	-	-	-	E	E
-	-	-	L	L	-	-	L	L	L	-	-	-	L	-	-	L	-	-	L	L	-	-	-	-	-	-	-
D	-	-	-	-	L	L	L	N	-	-	-	-	-	N	N	-	-	E	E	-	-	-	-	-	-	-	-
D	-	-	-	-	E	N	-	-	N	-	-	-	-	-	-	-	-	N	-	-	E	D	D	L	-	-	-
-	-	-	-	E	-	-	-	-	-	E	E	E	D	D	-	-	-	D	-	-	-	-	E	E	-	-	-
L	-	-	-	L	-	-	-	-	-	-	-	N	-	L	-	-	-	-	-	-	L	L	-	-	-	-	-
-	-	-	-	-	-	-	-	-	-	-	-	N	-	-	-	-	D	-	D	D	D	-	N	-	-	-	-
-	D	D	-	-	L	L	-	-	-	-	-	D	L	-	-	-	-	-	-	-	D	-	-	-	-	-	-
-	-	-	-	-	-	-	D	-	-	-	-	N	-	-	-	-	D	D	-	-	-	-	-	E	D	D	N
-	-	-	-	-	E	D	-	-	N	-	-	-	-	-	-	-	-	N	-	E	L	-	-	-	-	-	-
-	-	-	-	-	-	-	-	-	-	E	E	E	N	-	-	-	-	-	-	E	N	-	-	-	-	-	-
-	-	-	-	-	-	-	-	-	-	-	-	-	L	L	-	-	-	-	-	-	-	E	-	D	L	-	-
-	-	-	-	L	-	-	-	-	-	-	-	-	N	N	-	-	-	-	-	-	-	-	-	-	-	L	L
-	-	-	D	-	-	-	-	-	-	-	L	L	L	-	-	-	-	-	L	-	-	D	L	L	-	-	-
-	-	-	-	-	-	-	-	-	-	-	-	-	-	N	-	-	-	-	E	L	L	L	-	-	-	-	-
Objective 0: 6529
Objective 1: 215
Constr violation: 0
Restrictions violated:
0 0 0 0 0 0 0 0 

Individual 8
1	2	3	4	5	6	7	8	9	10	11	12	13	14	15	16	17	18	19	20	21	22	23	24	25	26	27	28
E	E	E	D	N	-	-	L	L	-	-	L	L	N	-	-	-	-	-	E	E	L	N	-	-	-	-	-
-	-	E	E	E	E	E	-	-	-	-	D	D	-	-	D	L	L	L	-	-	E	L	L	L	L	-	-
-	-	E	D	D	-	-	D	D	-	-	E	E	-	-	-	E	E	L	-	-	E	L	L	-	-	E	E
D	D	L	N	N	-	-	-	D	D	L	L	N	-	-	-	D	L	L	-	-	-	-	-	D	L	N	-
-	D	D	D	-	-	-	E	E	E	D	D	-	-	-	E	E	D	-	E	D	D	-	E	E	D	D	D
N	N	-	-	-	-	-	-	E	E	E	D	-	-	-	-	E	E	E	E	N	-	-	D	D	-	-	N
D	D	-	-	D	D	D	-	-	E	D	D	-	-	D	D	D	-	-	-	-	-	-	D	D	D	D	D
E	L	L	L	-	-	-	-	E	D	L	-	-	-	-	N	N	-	-	-	-	E	E	L	N	-	-	L
E	D	-	-	-	D	D	N	-	-	-	-	-	D	D	L	L	N	-	-	-	E	E	E	E	L	-	-
L	L	-	-	-	-	-	-	D	L	N	N	-	-	-	N	N	-	-	L	N	-	-	E	E	D	D	L
-	E	E	L	L	-	-	-	-	L	N	N	-	-	-	L	L	L	-	-	-	L	L	-	-	-	-	E
E	L	N	-	-	-	-	-	-	E	L	-	-	-	E	L	-	-	-	-	E	E	-	-	-	L	L	L
D	L	N	-	-	-	-	D	L	L	L	-	-	-	-	-	D	D	-	-	-	-	-	-	D	D	L	N
E	D	-	-	-	E	E	E	-	-	-	-	-	-	-	-	E	L	L	N	-	-	-	D	N	-	-	-
-	-	-	E	E	N	-	-	-	D	N	-	-	-	-	E	E	E	N	-	-	-	-	-	-	E	E	D
-	-	-	E	N	-	-	-	E	E	E	D	-	-	-	E	D	N	-	-	-	E	N	N	-	-	-	-
-	-	D	-	-	D	L	L	-	-	-	-	-	-	-	-	-	-	-	D	D	L	L	-	-	-	D	D
-	-	-	E	N	N	N	-	-	-	-	D	D	-	-	-	-	-	-	-	L	-	-	-	-	E	-	-
N	N	-	-	-	-	-	-	N	-	-	D	-	-	E	-	-	-	-	-	-	D	D	D	D	D	-	-
L	-	-	-	-	-	D	D	N	N	-	-	-	D	-	-	-	L	L	N	-	-	-	-	-	-	-	-
L	-	-	-	-	L	L	-	-	-	-	-	E	L	-	-	-	-	E	E	-	-	D	N	-	-	-	-
-	-	-	-	-	-	-	-	-	-	-	E	E	-	-	E	-	-	E	D	D	D	-	-	-	-	E	E
-	-	-	L	L	-	-	L	L	L	-	-	-	L	-	-	L	-	-	L	L	-	-	-	-	-	-	-
-	-	-	-	-	L	N	N	-	-	N	-	-	E	L	L	-	-	-	D	-	-	-	-	-	-	-	-
D	-	-	-	-	E	N	-	-	N	-	-	-	-	-	-	-	-	N	-	-	E	D	D	L	-	-	-
D	-	-	-	D	-	-	-	-	-	E	E	E	D	D	-	-	-	-	-	-	-	-	E	E	D	-	-
L	-	-	-	L	-	-	-	-	-	-	-	N	-	L	-	-	-	-	-	-	L	L	-	-	-	-	-
-	-	-	-	-	-	-	-	-	-	-	-	N	-	-	-	-	D	-	D	D	D	-	N	-	-	-	-
-	D	D	-	-	L	L	-	-	-	-	-	D	L	-	-	-	-	-	-	-	D	-	-	-	-	-	-
-	-	-	-	-	-	-	D	-	-	-	-	N	-	-	-	-	D	D	-	-	-	-	-	E	D	D	N
-	-	-	-	-	E	D	-	-	N	-	-	-	-	-	-	-	-	N	-	E	L	-	-	-	-	-	-
-	-	-	-	-	-	-	-	-	-	E	E	E	N	-	-	-	-	-	-	E	N	-	-	-	-	-	-
-	-	-	-	-	-	-	-	-	-	-	-	-	L	L	-	-	-	-	-	-	-	E	-	D	L	-	-
-	-	-	-	L	-	-	-	-	-	-	-	-	N	N	-	-	-	-	-	-	-	-	-	-	-	L	L
-	-	-	D	-	-	-	-	-	-	-	L	L	L	-	-	-	-	-	L	-	-	D	L	L	-	-	-
-	-	-	-	-	-	-	-	-	-	-	-	-	-	N	-	-	-	-	E	L	L	L	-	-	-	-	-
Objective 0: 6731
Objective 1: 205
Constr violation: 0
Restrictions violated:
0 0 0 0 0 0 0 0 

Individual 9
1	2	3	4	5	6	7	8	9	10	11	12	13	14	15	16	17	18	19	20	21	22	23	24	25	26	27	28
E	E	E	D	N	-	-	L	L	-	-	L	L	N	-	-	-	-	-	E	E	L	N	-	-	-	-	-
-	-	E	E	E	E	E	-	-	-	-	D	D	-	-	D	L	L	L	-	-	E	L	L	L	L	-	-
-	-	E	D	D	-	-	D	D	-	-	E	E	-	-	-	E	E	L	-	-	E	L	L	-	-	E	E
D	D	L	N	N	-	-	-	D	D	L	L	N	-	-	-	D	L	L	-	-	-	-	-	D	L	N	-
-	D	D	D	-	-	-	E	E	E	D	D	-	-	-	E	E	D	-	E	D	D	-	E	E	D	D	D
-	E	E	D	-	-	-	E	D	N	N	N	-	-	-	-	-	-	E	E	-	-	-	-	E	E	D	D
D	D	-	-	D	D	D	-	-	E	D	D	-	-	D	D	D	-	-	-	-	-	-	D	D	D	D	D
E	L	L	L	-	-	-	-	E	D	L	-	-	-	-	N	N	-	-	-	-	E	E	L	N	-	-	L
E	D	-	-	-	D	D	N	-	-	-	-	-	D	D	L	L	N	-	-	-	E	E	E	E	L	-	-
L	L	-	-	-	-	-	-	D	L	N	N	-	-	-	N	N	-	-	L	N	-	-	E	E	D	D	L
-	E	E	L	L	-	-	-	-	L	N	N	-	-	-	L	L	L	-	-	-	L	L	-	-	-	-	E
N	N	N	-	-	-	-	-	-	E	L	-	-	-	E	L	-	-	-	-	E	E	-	-	-	L	L	L
D	L	N	-	-	-	-	D	L	L	L	-	-	-	-	-	D	D	-	-	-	-	-	-	D	D	L	N
E	D	-	-	-	E	E	E	-	-	-	-	-	-	-	-	E	L	L	N	-	-	-	D	N	-	-	-
-	-	-	E	E	N	-	-	-	D	N	-	-	-	-	E	E	E	N	-	-	-	-	-	-	E	E	D
-	-	-	E	N	-	-	-	E	E	E	D	-	-	-	E	D	N	-	-	-	E	N	N	-	-	-	-
-	-	D	-	-	D	L	L	-	-	-	-	-	-	-	-	-	-	-	D	D	L	L	-	-	-	D	D
-	-	-	E	N	N	N	-	-	-	-	D	D	-	-	-	-	-	-	-	L	-	-	-	-	E	-	-
N	N	-	-	-	-	-	-	N	-	-	D	-	-	E	-	-	-	-	-	-	D	D	D	D	D	-	-
L	-	-	-	-	-	D	D	N	N	-	-	-	D	-	-	-	L	L	N	-	-	-	-	-	-	-	-
L	-	-	-	-	L	L	-	-	-	-	-	E	L	-	-	-	-	E	E	-	-	D	N	-	-	-	-
-	-	-	-	-	-	-	-	-	-	-	E	E	-	-	E	-	-	E	D	D	D	-	-	-	-	E	E
-	-	-	L	L	-	-	L	L	L	-	-	-	L	-	-	L	-	-	L	L	-	-	-	-	-	-	-
-	-	-	-	-	L	L	L	N	-	-	-	-	-	N	N	-	-	E	E	-	-	-	-	-	-	-	-
D	D	N	-	-	E	-	-	-	-	E	-	-	-	-	-	-	-	-	L	-	-	D	L	L	L	-	-
D	-	-	-	D	-	-	-	-	-	E	E	E	D	D	-	-	-	-	-	-	-	-	E	E	D	-	-
L	-	-	-	L	-	-	-	-	-	-	-	N	-	L	-	-	-	-	-	-	L	L	-	-	-	-	-
-	-	-	-	-	-	-	-	-	-	-	-	N	-	-	-	-	D	-	D	D	D	-	N	-	-	-	-
-	D	D	-	-	L	L	-	-	-	-	-	D	L	-	-	-	-	-	-	-	D	-	-	-	-	-	-
-	-	-	-	-	-	-	D	-	-	-	-	N	-	-	-	-	D	D	-	-	-	-	-	E	D	D	N
-	-	-	-	-	E	D	-	-	N	-	-	-	-	-	-	-	-	N	-	E	L	-	-	-	-	-	-
-	-	-	-	-	-	-	-	-	-	E	E	E	N	-	-	-	-	-	-	E	N	-	-	-	-	-	-
-	-	-	-	-	-	-	-	-	-	-	-	-	L	L	-	-	-	-	-	-	-	E	-	D	L	-	-
-	-	-	-	L	-	-	-	-	-	-	-	-	N	N	-	-	-	-	-	-	-	-	-	-	-	L	L
-	-	-	D	-	-	-	-	-	-	-	L	L	L	-	-	-	-	-	L	-	-	D	L	L	-	-	-
-	-	-	-	-	-	-	-	-	-	-	-	-	-	N	-	-	-	-	E	L	L	L	-	-	-	-	-
Objective 0: 6429
Objective 1: 219
Constr violation: 0
Restrictions violated:
0 0 0 0 0 0 0 0 

Individual 10
1	2	3	4	5	6	7	8	9	10	11	12	13	14	15	16	17	18	19	20	21	22	23	24	25	26	27	28
E	E	E	D	N	-	-	L	L	-	-	L	L	N	-	-	-	-	-	E	E	L	N	-	-	-	-	-
-	-	E	E	E	E	E	-	-	-	-	D	D	-	-	D	L	L	L	-	-	E	L	L	L	L	-	-
-	-	E	D	D	-	-	D	D	-	-	E	E	-	-	-	E	E	L	-	-	E	L	L	-	-	E	E
D	D	L	N	N	-	-	-	D	D	L	L	N	-	-	-	D	L	L	-	-	-	-	-	D	L	N	-
-	D	D	D	-	-	-	E	E	E	D	D	-	-	-	E	E	D	-	E	D	D	-	E	E	D	D	D
N	N	-	-	-	-	-	-	E	E	E	D	-	-	-	-	E	E	E	E	N	-	-	D	D	-	-	N
D	D	-	-	D	D	D	-	-	E	D	D	-	-	D	D	D	-	-	-	-	-	-	D	D	D	D	D
E	L	L	L	-	-	-	-	E	D	L	-	-	-	-	N	N	-	-	-	-	E	E	L	N	-	-	L
E	D	-	-	-	D	D	N	-	-	-	-	-	D	D	L	L	N	-	-	-	E	E	E	E	L	-	-
L	L	-	-	-	-	-	-	D	L	N	N	-	-	-	N	N	-	-	L	N	-	-	E	E	D	D	L
-	E	E	L	L	-	-	-	-	L	N	N	-	-	-	L	L	L	-	-	-	L	L	-	-	-	-	E
E	L	N	-	-	-	-	-	-	E	L	-	-	-	E	L	-	-	-	-	E	E	-	-	-	L	L	L
D	L	N	-	-	-	-	D	L	L	L	-	-	-	-	-	D	D	-	-	-	-	-	-	D	D	L	N
E	D	-	-	-	E	E	E	-	-	-	-	-	-	-	-	E	L	L	N	-	-	-	D	N	-	-	-
-	-	-	E	E	N	-	-	-	D	N	-	-	-	-	E	E	E	N	-	-	-	-	-	-	E	E	D
-	-	-	E	N	-	-	-	E	E	E	D	-	-	-	E	D	N	-	-	-	E	N	N	-	-	-	-
-	-	D	-	-	D	L	L	-	-	-	-	-	-	-	-	-	-	-	D	D	L	L	-	-	-	D	D
-	-	-	E	N	N	N	-	-	-	-	D	D	-	-	-	-	-	-	-	L	-	-	-	-	E	-	-
N	N	-	-	-	-	-	-	N	-	-	D	-	-	E	-	-	-	-	-	-	D	D	D	D	D	-	-
L	-	-	-	-	-	D	D	N	N	-	-	-	D	-	-	-	L	L	N	-	-	-	-	-	-	-	-
L	-	-	-	-	L	L	-	-	-	-	-	E	L	-	-	-	-	E	E	-	-	D	N	-	-	-	-
-	-	-	-	-	-	-	-	-	-	-	E	E	-	-	E	-	-	E	D	D	D	-	-	-	-	E	E
-	-	-	L	L	-	-	L	L	L	-	-	-	L	-	-	L	-	-	L	L	-	-	-	-	-	-	-
-	-	-	-	-	L	N	N	-	-	N	-	-	E	L	L	-	-	-	D	-	-	-	-	-	-	-	-
D	-	-	-	-	E	N	-	-	N	-	-	-	-	-	-	-	-	N	-	-	E	D	D	L	-	-	-
D	-	-	-	D	-	-	-	-	-	E	E	E	D	D	-	-	-	-	-	-	-	-	E	E	D	-	-
L	-	-	-	L	-	-	-	-	-	-	-	N	-	L	-	-	-	-	-	-	L	L	-	-	-	-	-
-	-	-	-	-	-	-	-	-	-	-	-	N	-	-	-	-	D	-	D	D	D	-	N	-	-	-	-
-	D	D	-	-	L	L	-	-	-	-	-	D	L	-	-	-	-	-	-	-	D	-	-	-	-	-	-
-	-	-	-	-	-	-	D	-	-	-	-	N	-	-	-	-	D	D	-	-	-	-	-	E	D	D	N
-	-	-	-	-	E	D	-	-	N	-	-	-	-	-	-	-	-	N	-	E	L	-	-	-	-	-	-
-	-	-	-	-	-	-	-	-	-	E	E	E	N	-	-	-	-	-	-	E	N	-	-	-	-	-	-
-	-	-	-	-	-	-	-	-	-	-	-	-	L	L	-	-	-	-	-	-	-	E	-	D	L	-	-
-	-	-	-	L	-	-	-	-	-	-	-	-	N	N	-	-	-	-	-	-	-	-	-	-	-	L	L
-	-	-	D	-	-	-	-	-	-	-	L	L	L	-	-	-	-	-	L	-	-	D	L	L	-	-	-
-	-	-	-	-	-	-	-	-	-	-	-	-	-	N	-	-	-	-	E	L	L	L	-	-	-	-	-
Objective 0: 6731
Objective 1: 205
Constr violation: 0
Restrictions violated:
0 0 0 0 0 0 0 0 

Individual 11
1	2	3	4	5	6	7	8	9	10	11	12	13	14	15	16	17	18	19	20	21	22	23	24	25	26	27	28
E	E	E	D	N	-	-	L	L	-	-	L	L	N	-	-	-	-	-	E	E	L	N	-	-	-	-	-
-	-	E	E	E	E	E	-	-	-	-	D	D	-	-	D	L	L	L	-	-	E	L	L	L	L	-	-
-	-	E	D	D	-	-	D	D	-	-	E	E	-	-	-	E	E	L	-	-	E	L	L	-	-	E	E
D	D	L	N	N	-	-	-	D	D	L	L	N	-	-	-	D	L	L	-	-	-	L	L	L	-	-	-
-	D	D	D	-	-	-	E	E	E	D	D	-	-	-	E	E	D	-	E	D	D	-	E	E	D	D	D
N	N	-	-	-	-	-	-	E	E	E	D	-	-	-	-	E	E	E	E	N	-	-	D	D	-	-	N
D	D	-	-	D	D	D	-	-	E	D	D	-	-	D	D	D	-	-	-	-	-	-	D	D	D	D	D
E	L	L	L	-	-	-	-	E	D	L	-	-	-	-	N	N	-	-	-	-	E	E	L	N	-	-	L
E	D	-	-	-	D	D	N	-	-	-	-	-	D	D	L	L	N	-	-	-	E	E	E	E	L	-	-
L	L	-	-	-	-	-	-	D	L	N	N	-	-	-	N	N	-	-	L	N	-	-	E	E	D	D	L
-	E	E	L	L	-	-	-	-	L	N	N	-	-	-	L	L	L	-	-	-	L	L	-	-	-	-	E
E	L	N	-	-	-	-	-	-	E	L	-	-	-	E	L	-	-	-	-	E	E	-	-	-	L	L	L
D	L	N	-	-	-	-	D	L	L	L	-	-	-	-	-	D	D	-	-	-	-	-	-	D	D	L	N
E	D	-	-	-	E	E	E	-	-	-	-	-	-	-	-	E	L	L	N	-	-	-	D	N	-	-	-
-	-	-	E	E	N	-	-	-	D	N	-	-	-	-	E	E	E	N	-	-	-	-	-	-	E	E	D
-	-	-	E	N	-	-	-	E	E	E	D	-	-	-	E	D	N	-	-	-	E	N	N	-	-	-	-
-	-	D	-	-	D	L	L	-	-	-	-	-	-	-	-	-	-	-	D	D	L	L	-	-	-	D	D
-	-	-	E	N	N	N	-	-	-	-	D	D	-	-	-	-	-	-	-	L	-	-	-	-	E	-	-
N	N	-	-	-	-	-	-	N	-	-	D	-	-	E	-	-	-	-	-	-	D	D	D	D	D	-	-
L	-	-	-	-	-	D	D	N	N	-	-	-	D	-	-	-	L	L	N	-	-	-	-	-	-	-	-
L	-	-	-	-	L	L	-	-	-	-	-	E	L	-	-	-	-	D	D	-	-	D	N	-	-	-	-
-	-	-	-	-	-	-	-	-	-	-	E	E	-	-	E	-	-	E	D	D	D	-	-	-	-	E	E
-	-	-	L	L	-	-	L	L	L	-	-	-	L	-	-	L	-	-	L	L	-	-	-	-	-	-	-
D	-	-	-	-	L	L	L	N	-	-	-	-	-	N	N	-	-	E	E	-	-	-	-	-	-	-	-
D	-	-	-	-	E	N	-	-	N	-	-	-	-	-	-	-	-	N	-	-	E	D	D	L	-	-	-
-	-	-	-	E	-	-	-	-	-	E	E	E	D	D	-	-	-	D	-	-	-	-	E	E	-	-	-
L	-	-	-	L	-	-	-	-	-	-	-	N	-	L	-	-	-	-	-	-	L	L	-	-	-	-	-
-	-	-	-	-	-	-	-	-	-	-	-	N	-	-	-	-	D	-	D	D	D	-	N	-	-	-	-
-	D	D	-	-	L	L	-	-	-	-	-	D	L	-	-	-	-	-	-	-	D	-	-	-	-	-	-
-	-	-	-	-	-	-	D	-	-	-	-	N	-	-	-	-	D	D	-	-	-	-	-	E	D	D	N
-	-	-	-	-	E	D	-	-	N	-	-	-	-	-	-	-	-	N	-	E	L	-	-	-	-	-	-
-	-	-	-	-	-	-	-	-	-	E	E	E	N	-	-	-	-	-	-	E	N	-	-	-	-	-	-
-	-	-	-	-	-	-	-	-	-	-	-	-	L	L	-	-	-	-	-	-	-	E	-	D	L	-	-
-	-	-	-	L	-	-	-	-	-	-	-	-	N	N	-	-	-	-	-	-	-	-	-	-	-	L	L
-	-	-	D	-	-	-	-	-	-	-	L	L	L	-	-	-	-	-	L	-	-	D	L	L	-	-	-
-	-	-	-	-	-	-	-	-	-	-	-	-	-	N	-	-	-	-	E	L	L	L	-	-	-	-	-
Objective 0: 6529
Objective 1: 215
Constr violation: 0
Restrictions violated:
0 0 0 0 0 0 0 0 

