11276 253 
11981 241 
11678 242 
11981 241 
11376 250 
11476 247 
11477 245 
11276 253 
11376 250 
11476 247 
11577 243 
11477 245 
11678 242 
11577 243 
11376 250 
11577 243 
11276 253 
11678 242 
11678 242 
11981 241 
11577 243 
11476 247 
11477 245 
11476 247 
11476 247 
11577 243 
11477 245 
11981 241 
11981 241 
11477 245 
11476 247 
11477 245 
11577 243 
11577 243 
11476 247 
11678 242 
11577 243 
11477 245 
11477 245 
11276 253 
11678 242 
11477 245 
11477 245 
11476 247 
11477 245 
11678 242 
11678 242 
11981 241 
11477 245 
11577 243 
11678 242 
11981 241 
11476 247 
11678 242 
11376 250 
11276 253 
11276 253 
11276 253 
11678 242 
11476 247 
11577 243 
11477 245 
11476 247 
11376 250 
11981 241 
11376 250 
11376 250 
11981 241 
11577 243 
11476 247 
11981 241 
11476 247 
11678 242 
11477 245 
11577 243 
11476 247 
11477 245 
11376 250 
11678 242 
11577 243 
11476 247 
11476 247 
11276 253 
11476 247 
11376 250 
11577 243 
11577 243 
11477 245 
11981 241 
11577 243 
11477 245 
11276 253 
11577 243 
11276 253 
11376 250 
11477 245 
11678 242 
11276 253 
11477 245 
11476 247 
