Individual 0
1	2	3	4	5	6	7	8	9	10	11	12	13	14	15	16	17	18	19	20	21	22	23	24	25	26	27	28
-	-	-	N	N	N	N	-	-	D	D	D	D	-	-	D	D	D	D	-	-	D	D	D	D	D	-	-
D	N	-	-	-	E	D	D	N	-	-	E	E	N	N	-	-	E	E	-	-	E	E	E	D	D	-	-
D	N	N	-	-	-	-	-	D	D	D	D	-	-	D	D	-	-	D	D	D	D	D	-	-	D	N	N
L	L	L	L	-	-	L	L	L	L	L	-	-	-	-	D	L	L	L	L	-	-	-	D	D	L	-	-
-	-	-	D	D	D	D	-	-	E	D	N	N	-	-	D	D	N	N	-	-	E	D	D	D	D	-	-
D	D	D	D	D	-	-	D	N	-	-	E	E	D	D	N	-	-	E	E	D	N	N	-	-	-	-	-
D	D	D	N	-	-	-	D	D	D	D	N	-	-	-	D	D	D	-	-	D	N	N	-	-	-	D	D
E	E	D	D	-	-	E	E	E	D	D	-	-	-	E	E	E	-	-	E	E	E	-	-	D	D	-	-
E	E	E	E	N	-	-	-	E	E	E	N	N	-	-	E	D	D	-	-	E	D	D	D	N	-	-	-
D	D	-	-	-	D	L	L	N	-	-	D	L	N	-	-	L	L	N	-	-	D	L	L	L	N	-	-
D	D	D	N	N	-	-	D	N	N	-	-	E	E	-	-	E	D	D	D	D	-	-	-	E	D	-	-
E	D	D	N	N	-	-	E	N	-	-	E	N	-	-	-	D	D	D	D	D	-	-	E	D	D	-	-
-	-	L	L	L	N	-	-	L	L	L	L	-	-	D	L	N	N	-	-	D	L	L	L	L	-	-	-
-	-	E	E	D	D	D	-	-	E	E	L	-	-	D	D	D	D	-	-	E	E	E	N	N	-	-	-
E	E	E	D	L	-	-	E	E	E	E	-	-	-	-	E	E	E	E	E	-	-	L	L	-	-	-	E
E	E	E	-	-	E	E	-	-	D	D	-	-	-	D	D	D	D	D	-	-	E	D	-	-	E	D	D
E	E	N	-	-	-	E	E	E	L	N	-	-	-	E	L	L	N	-	-	-	-	-	E	E	E	E	L
D	D	D	D	-	-	-	-	D	D	-	-	-	-	D	D	D	D	D	D	-	-	-	D	D	D	D	D
L	L	L	L	-	-	-	-	D	D	L	L	-	-	-	L	L	L	L	L	L	-	-	-	-	D	L	L
E	E	D	D	D	-	-	-	E	E	E	E	E	D	-	-	-	-	E	E	D	D	D	D	-	-	-	-
D	D	N	-	-	-	-	E	E	D	N	N	-	-	-	E	E	E	E	E	E	-	-	-	-	E	E	E
L	L	L	N	-	-	-	E	L	N	N	-	-	E	D	L	L	L	-	-	-	-	-	L	L	L	L	L
-	-	-	-	D	D	D	D	D	D	-	-	-	-	D	D	N	N	N	-	-	-	E	E	E	D	D	N
-	-	-	-	-	-	-	-	-	-	D	D	D	-	-	-	D	-	-	D	D	N	-	-	D	D	N	-
L	-	-	D	D	-	-	D	-	-	-	D	L	-	-	-	-	-	-	-	D	L	L	L	-	-	-	-
D	D	-	-	E	E	N	-	-	-	L	L	-	-	-	L	-	-	-	-	N	-	-	-	-	-	-	E
D	D	L	N	-	-	-	-	-	-	-	-	-	L	L	N	-	-	D	D	D	-	-	-	-	-	-	-
E	-	-	L	N	-	-	-	-	N	-	-	-	D	-	-	-	-	-	-	-	-	-	E	E	E	E	E
N	-	-	D	-	-	-	D	-	D	-	-	D	-	D	-	-	-	-	-	-	-	-	D	-	-	-	-
-	L	-	-	-	D	-	D	-	-	-	-	-	-	-	-	-	-	-	D	-	-	D	-	-	L	N	-
Objective 0: 11993
Objective 1: 151
Constr violation: 0
Restrictions violated:
0 0 0 0 0 0 0 0 

Individual 1
1	2	3	4	5	6	7	8	9	10	11	12	13	14	15	16	17	18	19	20	21	22	23	24	25	26	27	28
-	-	-	N	N	N	N	-	-	D	D	D	D	-	-	D	D	D	D	-	-	D	D	D	D	D	-	-
D	N	-	-	-	E	D	D	N	-	-	E	E	N	N	-	-	E	E	-	-	E	E	E	D	D	-	-
D	N	N	-	-	-	-	-	D	D	D	D	-	-	D	D	-	-	D	D	D	D	D	-	-	D	N	N
L	L	L	L	-	-	L	L	L	L	L	-	-	-	-	D	L	L	L	L	-	-	-	D	D	L	-	-
N	N	-	-	E	E	E	D	-	-	E	E	D	N	-	-	-	E	E	-	-	E	E	D	D	D	-	-
D	D	D	D	D	-	-	D	N	-	-	E	E	D	D	N	-	-	E	E	D	N	N	-	-	-	-	-
D	D	D	N	-	-	-	D	D	D	D	N	-	-	-	D	D	D	-	-	D	N	N	-	-	-	D	D
E	E	D	D	-	-	E	E	E	D	D	-	-	-	E	E	E	-	-	E	E	E	-	-	D	D	-	-
E	E	E	E	N	-	-	-	E	E	E	N	N	-	-	E	D	D	-	-	E	D	D	D	N	-	-	-
D	D	-	-	-	D	L	L	N	-	-	D	L	N	-	-	L	L	N	-	-	D	L	L	L	N	-	-
-	-	E	E	D	D	D	-	-	E	E	E	E	D	-	-	E	N	N	-	-	-	E	D	N	N	-	-
D	D	-	-	E	E	D	-	-	-	E	E	N	N	-	-	E	E	E	-	-	E	E	E	E	N	-	-
-	-	L	L	L	N	-	-	L	L	L	L	-	-	D	L	N	N	-	-	D	L	L	L	L	-	-	-
D	L	L	-	-	E	L	N	-	-	L	L	L	L	N	-	-	D	D	-	-	-	E	L	L	N	-	-
-	-	E	L	L	L	-	-	E	E	E	D	-	-	-	E	E	D	L	-	-	L	L	L	-	-	E	E
E	E	E	-	-	E	E	-	-	D	D	-	-	-	D	D	D	D	D	-	-	E	D	-	-	E	D	D
E	E	N	-	-	-	E	E	E	L	N	-	-	-	E	L	L	N	-	-	-	-	-	E	E	E	E	L
D	D	D	D	-	-	-	-	D	D	-	-	-	-	D	D	D	D	D	D	-	-	-	D	D	D	D	D
L	L	L	L	-	-	-	-	D	D	L	L	-	-	-	L	L	L	L	L	L	-	-	-	-	D	L	L
E	E	D	D	D	-	-	-	E	E	E	E	E	D	-	-	-	E	E	E	D	L	L	-	-	-	-	-
D	D	N	-	-	-	-	E	E	D	N	N	-	-	-	E	E	E	E	E	E	-	-	-	-	E	E	E
L	L	L	N	-	-	-	E	L	N	N	-	-	E	D	L	L	L	-	-	-	-	-	L	L	L	L	L
-	-	-	-	D	D	D	D	D	D	-	-	-	-	D	D	N	N	N	-	-	-	E	E	E	D	D	N
-	-	-	-	-	-	-	-	-	-	D	D	D	-	-	-	D	-	-	D	D	N	-	-	D	D	N	-
D	D	D	D	-	-	-	L	-	-	-	D	D	L	L	-	-	L	-	-	-	-	-	-	-	-	-	-
D	D	-	-	E	E	N	-	-	-	L	L	-	-	-	L	-	-	-	-	N	-	-	-	-	-	-	E
D	D	L	N	-	-	-	-	-	-	-	-	-	L	L	N	-	-	D	D	D	-	-	-	-	-	-	-
E	-	-	L	N	-	-	-	-	N	-	-	-	D	-	-	-	-	-	-	-	-	-	E	E	E	E	E
N	-	-	D	-	-	-	D	-	D	-	-	D	-	D	-	-	-	-	-	-	-	-	D	-	-	-	-
-	L	-	-	-	D	-	D	-	-	-	-	-	-	-	-	-	-	-	D	-	-	D	-	-	L	N	-
Objective 0: 9670
Objective 1: 190
Constr violation: 0
Restrictions violated:
0 0 0 0 0 0 0 0 

Individual 2
1	2	3	4	5	6	7	8	9	10	11	12	13	14	15	16	17	18	19	20	21	22	23	24	25	26	27	28
-	-	-	D	D	D	N	N	-	-	D	D	N	-	-	D	D	D	D	-	-	D	D	D	D	N	-	-
D	N	-	-	-	E	D	D	N	-	-	E	E	N	N	-	-	E	E	-	-	E	E	E	D	D	-	-
D	N	N	-	-	-	-	-	D	D	D	D	-	-	D	D	-	-	D	D	D	D	D	-	-	D	N	N
L	L	L	L	-	-	L	L	L	L	L	-	-	-	-	D	L	L	L	L	-	-	-	D	D	L	-	-
N	N	-	-	E	E	E	D	-	-	E	E	D	N	-	-	-	E	E	-	-	E	E	D	D	D	-	-
D	D	D	D	D	-	-	D	N	-	-	E	E	D	D	N	-	-	E	E	D	N	N	-	-	-	-	-
D	D	D	N	-	-	-	D	D	D	D	N	-	-	-	D	D	D	-	-	D	N	N	-	-	-	D	D
E	E	D	D	-	-	E	E	E	D	D	-	-	-	E	E	E	-	-	E	E	E	-	-	D	D	-	-
E	E	E	E	N	-	-	-	E	E	E	N	N	-	-	E	D	D	-	-	E	D	D	D	N	-	-	-
D	D	-	-	-	D	L	L	N	-	-	D	L	N	-	-	L	L	N	-	-	D	L	L	L	N	-	-
-	-	E	E	D	D	D	-	-	E	E	E	E	D	-	-	E	N	N	-	-	-	E	D	N	N	-	-
E	D	D	N	N	-	-	E	N	-	-	E	N	-	-	-	D	D	D	D	D	-	-	E	D	D	-	-
-	-	L	L	L	N	-	-	L	L	L	L	-	-	D	L	N	N	-	-	D	L	L	L	L	-	-	-
D	L	L	-	-	E	L	N	-	-	L	L	L	L	N	-	-	D	D	-	-	-	E	L	L	N	-	-
-	-	E	L	L	L	-	-	E	E	E	D	-	-	-	E	E	D	L	-	-	L	L	L	-	-	E	E
E	E	E	-	-	E	E	-	-	D	D	-	-	-	D	D	D	D	D	-	-	E	D	-	-	E	D	D
E	E	N	-	-	-	E	E	E	L	N	-	-	-	E	L	L	N	-	-	-	-	-	E	E	E	E	L
D	D	D	D	-	-	-	-	D	D	-	-	-	-	D	D	D	D	D	D	-	-	-	D	D	D	D	D
L	L	L	L	-	-	-	-	D	D	L	L	-	-	-	L	L	L	L	L	L	-	-	-	-	D	L	L
E	E	D	D	D	-	-	-	E	E	E	E	E	D	-	-	-	-	E	E	D	D	D	D	-	-	-	-
D	D	N	-	-	-	-	E	E	D	N	N	-	-	-	E	E	E	E	E	E	-	-	-	-	E	E	E
L	L	L	N	-	-	-	E	L	N	N	-	-	E	D	L	L	L	-	-	-	-	-	L	L	L	L	L
-	-	-	-	D	D	D	D	D	D	-	-	-	-	D	D	N	N	N	-	-	-	E	E	E	D	D	N
-	-	-	-	-	-	-	-	-	-	D	D	D	-	-	-	D	-	-	D	D	N	-	-	D	D	N	-
L	-	-	D	D	-	-	D	-	-	-	D	L	-	-	-	-	-	-	-	D	L	L	L	-	-	-	-
D	D	-	-	E	E	N	-	-	-	L	L	-	-	-	L	-	-	-	-	N	-	-	-	-	-	-	E
D	D	L	N	-	-	-	-	-	-	-	-	-	L	L	N	-	-	D	D	D	-	-	-	-	-	-	-
E	-	-	L	N	-	-	-	-	N	-	-	-	D	-	-	-	-	-	-	-	-	-	E	E	E	E	E
N	-	-	D	-	-	-	D	-	D	-	-	D	-	D	-	-	-	-	-	-	-	-	D	-	-	-	-
-	L	-	-	-	D	-	D	-	-	-	-	-	-	-	-	-	-	-	D	-	-	D	-	-	L	N	-
Objective 0: 10074
Objective 1: 174
Constr violation: 0
Restrictions violated:
0 0 0 0 0 0 0 0 

Individual 3
1	2	3	4	5	6	7	8	9	10	11	12	13	14	15	16	17	18	19	20	21	22	23	24	25	26	27	28
-	-	-	N	N	N	N	-	-	D	D	D	D	-	-	D	D	D	D	-	-	D	D	D	D	D	-	-
D	N	-	-	-	E	D	D	N	-	-	E	E	N	N	-	-	E	E	-	-	E	E	E	D	D	-	-
D	N	N	-	-	-	-	-	D	D	D	D	-	-	D	D	-	-	D	D	D	D	D	-	-	D	N	N
L	L	L	L	-	-	L	L	L	L	L	-	-	-	-	D	L	L	L	L	-	-	-	D	D	L	-	-
-	-	-	D	D	D	D	-	-	E	D	N	N	-	-	D	D	N	N	-	-	E	D	D	D	D	-	-
D	D	D	D	D	-	-	D	N	-	-	E	E	D	D	N	-	-	E	E	D	N	N	-	-	-	-	-
D	D	D	N	-	-	-	D	D	D	D	N	-	-	-	D	D	D	-	-	D	N	N	-	-	-	D	D
E	E	D	D	-	-	E	E	E	D	D	-	-	-	E	E	E	-	-	E	E	E	-	-	D	D	-	-
E	E	E	E	N	-	-	-	E	E	E	N	N	-	-	E	D	D	-	-	E	D	D	D	N	-	-	-
D	D	-	-	-	D	L	L	N	-	-	D	L	N	-	-	L	L	N	-	-	D	L	L	L	N	-	-
D	D	D	N	N	-	-	D	N	N	-	-	E	E	-	-	E	D	D	D	D	-	-	-	E	D	-	-
E	D	D	N	N	-	-	E	N	-	-	E	N	-	-	-	D	D	D	D	D	-	-	E	D	D	-	-
-	-	L	L	L	N	-	-	L	L	L	L	-	-	D	L	N	N	-	-	D	L	L	L	L	-	-	-
N	N	-	-	E	E	E	N	-	-	E	L	L	L	-	-	E	E	E	-	-	E	L	L	L	-	-	-
E	E	E	D	L	-	-	E	E	E	E	-	-	-	-	E	E	E	E	E	-	-	L	L	-	-	-	E
E	E	E	-	-	E	E	-	-	D	D	-	-	-	D	D	D	D	D	-	-	E	D	-	-	E	D	D
E	E	N	E	-	-	E	E	E	L	N	-	-	-	E	L	L	N	-	-	-	-	-	E	E	E	E	L
D	D	D	D	-	-	-	-	D	D	-	-	-	-	D	D	D	D	D	D	-	-	-	D	D	D	D	D
L	L	L	L	-	-	-	-	D	D	L	L	-	-	-	L	L	L	L	L	L	-	-	-	-	D	L	L
E	E	D	D	D	-	-	-	E	E	E	E	E	D	-	-	-	-	E	E	D	D	D	D	-	-	-	-
D	D	N	-	-	-	-	E	E	D	N	N	-	-	-	E	E	E	E	E	E	-	-	-	-	E	E	E
L	L	L	N	-	-	-	E	L	N	N	-	-	E	D	L	L	L	-	-	-	-	-	L	L	L	L	L
-	-	-	-	D	D	D	D	D	D	-	-	-	-	D	D	N	N	N	-	-	-	E	E	E	D	D	N
-	-	-	-	-	-	-	-	-	-	D	D	D	-	-	-	D	-	-	D	D	N	-	-	D	D	N	-
D	D	D	D	-	-	-	L	-	-	-	D	D	L	L	-	-	L	-	-	-	-	-	-	-	-	-	-
D	D	-	-	E	E	N	-	-	-	L	L	-	-	-	L	-	-	-	-	N	-	-	-	-	-	-	E
D	D	L	N	-	-	-	-	-	-	-	-	-	L	L	N	-	-	D	D	D	-	-	-	-	-	-	-
E	-	-	L	N	-	-	-	-	N	-	-	-	D	-	-	-	-	-	-	-	-	-	E	E	E	E	E
N	-	-	D	-	-	-	D	-	D	-	-	D	-	D	-	-	-	-	-	-	-	-	D	-	-	-	-
-	L	-	-	-	D	-	D	-	-	-	-	-	-	-	-	-	-	-	D	-	-	D	-	-	L	N	-
Objective 0: 11488
Objective 1: 156
Constr violation: 0
Restrictions violated:
0 0 0 0 0 0 0 0 

Individual 4
1	2	3	4	5	6	7	8	9	10	11	12	13	14	15	16	17	18	19	20	21	22	23	24	25	26	27	28
-	-	-	D	D	D	N	N	-	-	D	D	N	-	-	D	D	D	D	-	-	D	D	D	D	N	-	-
D	N	-	-	-	E	D	D	N	-	-	E	E	N	N	-	-	E	E	-	-	E	E	E	D	D	-	-
D	N	N	-	-	-	-	-	D	D	D	D	-	-	D	D	-	-	D	D	D	D	D	-	-	D	N	N
L	L	L	L	-	-	L	L	L	L	L	-	-	-	-	D	L	L	L	L	-	-	-	D	D	L	-	-
N	N	-	-	E	E	E	D	-	-	E	E	D	N	-	-	-	E	E	-	-	E	E	D	D	D	-	-
D	D	D	D	D	-	-	D	N	-	-	E	E	D	D	N	-	-	E	E	D	N	N	-	-	-	-	-
D	D	D	N	-	-	-	D	D	D	D	N	-	-	-	D	D	D	-	-	D	N	N	-	-	-	D	D
E	E	D	D	-	-	E	E	E	D	D	-	-	-	E	E	E	-	-	E	E	E	-	-	D	D	-	-
E	E	E	E	N	-	-	-	E	E	E	N	N	-	-	E	D	D	-	-	E	D	D	D	N	-	-	-
D	D	-	-	-	D	L	L	N	-	-	D	L	N	-	-	L	L	N	-	-	D	L	L	L	N	-	-
-	-	E	E	D	D	D	-	-	E	E	E	E	D	-	-	E	N	N	-	-	-	E	D	N	N	-	-
E	D	D	N	N	-	-	E	N	-	-	E	N	-	-	-	D	D	D	D	D	-	-	E	D	D	-	-
-	-	L	L	L	N	-	-	L	L	L	L	-	-	D	L	N	N	-	-	D	L	L	L	L	-	-	-
D	L	L	-	-	E	L	N	-	-	L	L	L	L	N	-	-	D	D	-	-	-	E	L	L	N	-	-
-	-	E	L	L	L	-	-	E	E	E	D	-	-	-	E	E	D	L	-	-	L	L	L	-	-	E	E
E	E	E	-	-	E	E	-	-	D	D	-	-	-	D	D	D	D	D	-	-	E	D	-	-	E	D	D
E	E	N	-	-	-	E	E	E	L	N	-	-	-	E	L	L	N	-	-	-	-	-	E	E	E	E	L
D	D	D	D	-	-	-	-	D	D	-	-	-	-	D	D	D	D	D	D	-	-	-	D	D	D	D	D
L	L	L	L	-	-	-	-	D	D	L	L	-	-	-	L	L	L	L	L	L	-	-	-	-	D	L	L
E	E	D	D	D	-	-	-	E	E	E	E	E	D	-	-	-	E	E	E	D	L	L	-	-	-	-	-
D	D	N	-	-	-	-	E	E	D	N	N	-	-	-	E	E	E	E	E	E	-	-	-	-	E	E	E
L	L	L	N	-	-	-	E	L	N	N	-	-	E	D	L	L	L	-	-	-	-	-	L	L	L	L	L
-	-	-	-	D	D	D	D	D	D	-	-	-	-	D	D	N	N	N	-	-	-	E	E	E	D	D	N
-	-	-	-	-	-	-	-	-	-	D	D	D	-	-	-	D	-	-	D	D	N	-	-	D	D	N	-
D	D	D	D	-	-	-	L	-	-	-	D	D	L	L	-	-	L	-	-	-	-	-	-	-	-	-	-
D	D	-	-	E	E	N	-	-	-	L	L	-	-	-	L	-	-	-	-	N	-	-	-	-	-	-	E
D	D	L	N	-	-	-	-	-	-	-	-	-	L	L	N	-	-	D	D	D	-	-	-	-	-	-	-
E	-	-	L	N	-	-	-	-	N	-	-	-	D	-	-	-	-	-	-	-	-	-	E	E	E	E	E
N	-	-	D	-	-	-	D	-	D	-	-	D	-	D	-	-	-	-	-	-	-	-	D	-	-	-	-
-	L	-	-	-	D	-	D	-	-	-	-	-	-	-	-	-	-	-	D	-	-	D	-	-	L	N	-
Objective 0: 9872
Objective 1: 179
Constr violation: 0
Restrictions violated:
0 0 0 0 0 0 0 0 

Individual 5
1	2	3	4	5	6	7	8	9	10	11	12	13	14	15	16	17	18	19	20	21	22	23	24	25	26	27	28
-	-	-	N	N	N	N	-	-	D	D	D	D	-	-	D	D	D	D	-	-	D	D	D	D	D	-	-
D	N	-	-	-	E	D	D	N	-	-	E	E	N	N	-	-	E	E	-	-	E	E	E	D	D	-	-
D	N	N	-	-	-	-	-	D	D	D	D	-	-	D	D	-	-	D	D	D	D	D	-	-	D	N	N
L	L	L	L	-	-	L	L	L	L	L	-	-	-	-	D	L	L	L	L	-	-	-	D	D	L	-	-
N	N	-	-	E	E	E	D	-	-	E	E	D	N	-	-	-	E	E	-	-	E	E	D	D	D	-	-
D	D	D	D	D	-	-	D	N	-	-	E	E	D	D	N	-	-	E	E	D	N	N	-	-	-	-	-
D	D	D	N	-	-	-	D	D	D	D	N	-	-	-	D	D	D	-	-	D	N	N	-	-	-	D	D
E	E	D	D	-	-	E	E	E	D	D	-	-	-	E	E	E	-	-	E	E	E	-	-	D	D	-	-
E	E	E	E	N	-	-	-	E	E	E	N	N	-	-	E	D	D	-	-	E	D	D	D	N	-	-	-
D	D	-	-	-	D	L	L	N	-	-	D	L	N	-	-	L	L	N	-	-	D	L	L	L	N	-	-
-	-	E	E	D	D	D	-	-	E	E	E	E	D	-	-	E	N	N	-	-	-	E	D	N	N	-	-
D	D	-	-	E	E	D	-	-	-	E	E	N	N	-	-	E	E	E	-	-	E	E	E	E	N	-	-
-	-	L	L	L	N	-	-	L	L	L	L	-	-	D	L	N	N	-	-	D	L	L	L	L	-	-	-
D	L	L	-	-	E	L	N	-	-	L	L	L	L	N	-	-	D	D	-	-	-	E	L	L	N	-	-
-	-	E	L	L	L	-	-	E	E	E	D	-	-	-	E	E	D	L	-	-	L	L	L	-	-	E	E
E	E	E	-	-	E	E	-	-	D	D	-	-	-	D	D	D	D	D	-	-	E	D	-	-	E	D	D
E	E	N	-	-	-	E	E	E	L	N	-	-	-	E	L	L	N	-	-	-	-	-	E	E	E	E	L
D	D	D	D	-	-	-	-	D	D	-	-	-	-	D	D	D	D	D	D	-	-	-	D	D	D	D	D
L	L	L	L	-	-	-	-	D	D	L	L	-	-	-	L	L	L	L	L	L	-	-	-	-	D	L	L
E	E	D	D	D	-	-	-	E	E	E	E	E	D	-	-	-	-	E	E	D	D	D	D	-	-	-	-
D	D	N	-	-	-	-	E	E	D	N	N	-	-	-	E	E	E	E	E	E	-	-	-	-	E	E	E
L	L	L	N	-	-	-	E	L	N	N	-	-	E	D	L	L	L	-	-	-	-	-	L	L	L	L	L
-	-	-	-	D	D	D	D	D	D	-	-	-	-	D	D	N	N	N	-	-	-	E	E	E	D	D	N
-	-	-	-	-	-	-	-	-	-	D	D	D	-	-	-	D	-	-	D	D	N	-	-	D	D	N	-
D	D	D	D	-	-	-	L	-	-	-	D	D	L	L	-	-	L	-	-	-	-	-	-	-	-	-	-
D	D	-	-	E	E	N	-	-	-	L	L	-	-	-	L	-	-	-	-	N	-	-	-	-	-	-	E
D	D	L	N	-	-	-	-	-	-	-	-	-	L	L	N	-	-	D	D	D	-	-	-	-	-	-	-
E	-	-	L	N	-	-	-	-	N	-	-	-	D	-	-	-	-	-	-	-	-	-	E	E	E	E	E
N	-	-	D	-	-	-	D	-	D	-	-	D	-	D	-	-	-	-	-	-	-	-	D	-	-	-	-
-	L	-	-	-	D	-	D	-	-	-	-	-	-	-	-	-	-	-	D	-	-	D	-	-	L	N	-
Objective 0: 9771
Objective 1: 187
Constr violation: 0
Restrictions violated:
0 0 0 0 0 0 0 0 

Individual 6
1	2	3	4	5	6	7	8	9	10	11	12	13	14	15	16	17	18	19	20	21	22	23	24	25	26	27	28
-	-	-	D	D	D	N	N	-	-	D	D	N	-	-	D	D	D	D	-	-	D	D	D	D	N	-	-
D	N	-	-	-	E	D	D	N	-	-	E	E	N	N	-	-	E	E	-	-	E	E	E	D	D	-	-
D	N	N	-	-	-	-	-	D	D	D	D	-	-	D	D	-	-	D	D	D	D	D	-	-	D	N	N
L	L	L	L	-	-	L	L	L	L	L	-	-	-	-	D	L	L	L	L	-	-	-	D	D	L	-	-
N	N	-	-	E	E	E	D	-	-	E	E	D	N	-	-	-	E	E	-	-	E	E	D	D	D	-	-
D	D	D	D	D	-	-	D	N	-	-	E	E	D	D	N	-	-	E	E	D	N	N	-	-	-	-	-
D	D	D	N	-	-	-	D	D	D	D	N	-	-	-	D	D	D	-	-	D	N	N	-	-	-	D	D
E	E	D	D	-	-	E	E	E	D	D	-	-	-	E	E	E	-	-	E	E	E	-	-	D	D	-	-
E	E	E	E	N	-	-	-	E	E	E	N	N	-	-	E	D	D	-	-	E	D	D	D	N	-	-	-
D	D	-	-	-	D	L	L	N	-	-	D	L	N	-	-	L	L	N	-	-	D	L	L	L	N	-	-
D	D	D	N	N	-	-	D	N	N	-	-	E	E	-	-	E	D	D	D	D	-	-	-	E	D	-	-
E	D	D	N	N	-	-	E	N	-	-	E	N	-	-	-	D	D	D	D	D	-	-	E	D	D	-	-
-	-	L	L	L	N	-	-	L	L	L	L	-	-	D	L	N	N	-	-	D	L	L	L	L	-	-	-
-	-	E	E	D	D	D	-	-	E	E	L	-	-	D	D	D	D	-	-	E	E	E	N	N	-	-	-
E	E	E	D	L	-	-	E	E	E	E	-	-	-	-	E	E	E	E	E	-	-	L	L	-	-	-	E
E	E	E	-	-	E	E	-	-	D	D	-	-	-	D	D	D	D	D	-	-	E	D	-	-	E	D	D
E	E	N	-	-	-	E	E	E	L	N	-	-	-	E	L	L	N	-	-	-	-	-	E	E	E	E	L
D	D	D	D	-	-	-	-	D	D	-	-	-	-	D	D	D	D	D	D	-	-	-	D	D	D	D	D
L	L	L	L	-	-	-	-	D	D	L	L	-	-	-	L	L	L	L	L	L	-	-	-	-	D	L	L
E	E	D	D	D	-	-	-	E	E	E	E	E	D	-	-	-	-	E	E	D	D	D	D	-	-	-	-
D	D	N	-	-	-	-	E	E	D	N	N	-	-	-	E	E	E	E	E	E	-	-	-	-	E	E	E
L	L	L	N	-	-	-	E	L	N	N	-	-	E	D	L	L	L	-	-	-	-	-	L	L	L	L	L
-	-	-	-	D	D	D	D	D	D	-	-	-	-	D	D	N	N	N	-	-	-	E	E	E	D	D	N
-	-	-	-	-	-	-	-	-	-	D	D	D	-	-	-	D	-	-	D	D	N	-	-	D	D	N	-
L	-	-	D	D	-	-	D	-	-	-	D	L	-	-	-	-	-	-	-	D	L	L	L	-	-	-	-
D	D	-	-	E	E	N	-	-	-	L	L	-	-	-	L	-	-	-	-	N	-	-	-	-	-	-	E
D	D	L	N	-	-	-	-	-	-	-	-	-	L	L	N	-	-	D	D	D	-	-	-	-	-	-	-
E	-	-	L	N	-	-	-	-	N	-	-	-	D	-	-	-	-	-	-	-	-	-	E	E	E	E	E
N	-	-	D	-	-	-	D	-	D	-	-	D	-	D	-	-	-	-	-	-	-	-	D	-	-	-	-
-	L	-	-	-	D	-	D	-	-	-	-	-	-	-	-	-	-	-	D	-	-	D	-	-	L	N	-
Objective 0: 11185
Objective 1: 158
Constr violation: 0
Restrictions violated:
0 0 0 0 0 0 0 0 

Individual 7
1	2	3	4	5	6	7	8	9	10	11	12	13	14	15	16	17	18	19	20	21	22	23	24	25	26	27	28
-	-	-	D	D	D	N	N	-	-	D	D	N	-	-	D	D	D	D	-	-	D	D	D	D	N	-	-
D	N	-	-	-	E	D	D	N	-	-	E	E	N	N	-	-	E	E	-	-	E	E	E	D	D	-	-
D	N	N	-	-	-	-	-	D	D	D	D	-	-	D	D	-	-	D	D	D	D	D	-	-	D	N	N
L	L	L	L	-	-	L	L	L	L	L	-	-	-	-	D	L	L	L	L	-	-	-	D	D	L	-	-
N	N	-	-	E	E	E	D	-	-	E	E	D	N	-	-	-	E	E	-	-	E	E	D	D	D	-	-
D	D	D	D	D	-	-	D	N	-	-	E	E	D	D	N	-	-	E	E	D	N	N	-	-	-	-	-
D	D	D	N	-	-	-	D	D	D	D	N	-	-	-	D	D	D	-	-	D	N	N	-	-	-	D	D
E	E	D	D	-	-	E	E	E	D	D	-	-	-	E	E	E	-	-	E	E	E	-	-	D	D	-	-
E	E	E	E	N	-	-	-	E	E	E	N	N	-	-	E	D	D	-	-	E	D	D	D	N	-	-	-
D	D	-	-	-	D	L	L	N	-	-	D	L	N	-	-	L	L	N	-	-	D	L	L	L	N	-	-
-	-	E	E	D	D	D	-	-	E	E	E	E	D	-	-	E	N	N	-	-	-	E	D	N	N	-	-
E	D	D	N	N	-	-	E	N	-	-	E	N	-	-	-	D	D	D	D	D	-	-	E	D	D	-	-
-	-	L	L	L	N	-	-	L	L	L	L	-	-	D	L	N	N	-	-	D	L	L	L	L	-	-	-
-	-	E	E	D	D	D	-	-	E	E	L	-	-	D	D	D	D	-	-	E	E	E	N	N	-	-	-
-	-	E	L	L	L	-	-	E	E	E	D	-	-	-	E	E	D	L	-	-	L	L	L	-	-	E	E
E	E	E	-	-	E	E	-	-	D	D	-	-	-	D	D	D	D	D	-	-	E	D	-	-	E	D	D
E	E	N	-	-	-	E	E	E	L	N	-	-	-	E	L	L	N	-	-	-	-	-	E	E	E	E	L
D	D	D	D	-	-	-	-	D	D	-	-	-	-	D	D	D	D	D	D	-	-	-	D	D	D	D	D
L	L	L	L	-	-	-	-	D	D	L	L	-	-	-	L	L	L	L	L	L	-	-	-	-	D	L	L
E	E	D	D	D	-	-	-	E	E	E	E	E	D	-	-	-	-	E	E	D	D	D	D	-	-	-	-
D	D	N	-	-	-	-	E	E	D	N	N	-	-	-	E	E	E	E	E	E	-	-	-	-	E	E	E
L	L	L	N	-	-	-	E	L	N	N	-	-	E	D	L	L	L	-	-	-	-	-	L	L	L	L	L
-	-	-	-	D	D	D	D	D	D	-	-	-	-	D	D	N	N	N	-	-	-	E	E	E	D	D	N
-	-	-	-	-	-	-	-	-	-	D	D	D	-	-	-	D	-	-	D	D	N	-	-	D	D	N	-
L	-	-	D	D	-	-	D	-	-	-	D	L	-	-	-	-	-	-	-	D	L	L	L	-	-	-	-
D	D	-	-	E	E	N	-	-	-	L	L	-	-	-	L	-	-	-	-	N	-	-	-	-	-	-	E
D	D	L	N	-	-	-	-	-	-	-	-	-	L	L	N	-	-	D	D	D	-	-	-	-	-	-	-
E	-	-	L	N	-	-	-	-	N	-	-	-	D	-	-	-	-	-	-	-	-	-	E	E	E	E	E
N	-	-	D	-	-	-	D	-	D	-	-	D	-	D	-	-	-	-	-	-	-	-	D	-	-	-	-
-	L	-	-	-	D	-	D	-	-	-	-	-	-	-	-	-	-	-	D	-	-	D	-	-	L	N	-
Objective 0: 10276
Objective 1: 171
Constr violation: 0
Restrictions violated:
0 0 0 0 0 0 0 0 

Individual 8
1	2	3	4	5	6	7	8	9	10	11	12	13	14	15	16	17	18	19	20	21	22	23	24	25	26	27	28
-	-	-	N	N	N	N	-	-	D	D	D	D	-	-	D	D	D	D	-	-	D	D	D	D	D	-	-
D	N	-	-	-	E	D	D	N	-	-	E	E	N	N	-	-	E	E	-	-	E	E	E	D	D	-	-
D	N	N	-	-	-	-	-	D	D	D	D	-	-	D	D	-	-	D	D	D	D	D	-	-	D	N	N
L	L	L	L	-	-	L	L	L	L	L	-	-	-	-	D	L	L	L	L	-	-	-	D	D	L	-	-
N	N	-	-	E	E	E	D	-	-	E	E	D	N	-	-	-	E	E	-	-	E	E	D	D	D	-	-
D	D	D	D	D	-	-	D	N	-	-	E	E	D	D	N	-	-	E	E	D	N	N	-	-	-	-	-
D	D	D	N	-	-	-	D	D	D	D	N	-	-	-	D	D	D	-	-	D	N	N	-	-	-	D	D
E	E	D	D	-	-	E	E	E	D	D	-	-	-	E	E	E	-	-	E	E	E	-	-	D	D	-	-
E	E	E	E	N	-	-	-	E	E	E	N	N	-	-	E	D	D	-	-	E	D	D	D	N	-	-	-
D	D	-	-	-	D	L	L	N	-	-	D	L	N	-	-	L	L	N	-	-	D	L	L	L	N	-	-
D	D	D	N	N	-	-	D	N	N	-	-	E	E	-	-	E	D	D	D	D	-	-	-	E	D	-	-
E	D	D	N	N	-	-	E	N	-	-	E	N	-	-	-	D	D	D	D	D	-	-	E	D	D	-	-
-	-	L	L	L	N	-	-	L	L	L	L	-	-	D	L	N	N	-	-	D	L	L	L	L	-	-	-
-	-	E	E	D	D	D	-	-	E	E	L	-	-	D	D	D	D	-	-	E	E	E	N	N	-	-	-
-	-	E	L	L	L	-	-	E	E	E	D	-	-	-	E	E	D	L	-	-	L	L	L	-	-	E	E
E	E	E	-	-	E	E	-	-	D	D	-	-	-	D	D	D	D	D	-	-	E	D	-	-	E	D	D
E	E	N	-	-	-	E	E	E	L	N	-	-	-	E	L	L	N	-	-	-	-	-	E	E	E	E	L
D	D	D	D	-	-	-	-	D	D	-	-	-	-	D	D	D	D	D	D	-	-	-	D	D	D	D	D
L	L	L	L	-	-	-	-	D	D	L	L	-	-	-	L	L	L	L	L	L	-	-	-	-	D	L	L
E	E	D	D	D	-	-	-	E	E	E	E	E	D	-	-	-	-	E	E	D	D	D	D	-	-	-	-
D	D	N	-	-	-	-	E	E	D	N	N	-	-	-	E	E	E	E	E	E	-	-	-	-	E	E	E
L	L	L	N	-	-	-	E	L	N	N	-	-	E	D	L	L	L	-	-	-	-	-	L	L	L	L	L
-	-	-	-	D	D	D	D	D	D	-	-	-	-	D	D	N	N	N	-	-	-	E	E	E	D	D	N
-	-	-	-	-	-	-	-	-	-	D	D	D	-	-	-	D	-	-	D	D	N	-	-	D	D	N	-
L	-	-	D	D	-	-	D	-	-	-	D	L	-	-	-	-	-	-	-	D	L	L	L	-	-	-	-
D	D	-	-	E	E	N	-	-	-	L	L	-	-	-	L	-	-	-	-	N	-	-	-	-	-	-	E
D	D	L	N	-	-	-	-	-	-	-	-	-	L	L	N	-	-	D	D	D	-	-	-	-	-	-	-
E	-	-	L	N	-	-	-	-	N	-	-	-	D	-	-	-	-	-	-	-	-	-	E	E	E	E	E
N	-	-	D	-	-	-	D	-	D	-	-	D	-	D	-	-	-	-	-	-	-	-	D	-	-	-	-
-	L	-	-	-	D	-	D	-	-	-	-	-	-	-	-	-	-	-	D	-	-	D	-	-	L	N	-
Objective 0: 10983
Objective 1: 161
Constr violation: 0
Restrictions violated:
0 0 0 0 0 0 0 0 

Individual 9
1	2	3	4	5	6	7	8	9	10	11	12	13	14	15	16	17	18	19	20	21	22	23	24	25	26	27	28
-	-	-	D	D	D	N	N	-	-	D	D	N	-	-	D	D	D	D	-	-	D	D	D	D	N	-	-
D	N	-	-	-	E	D	D	N	-	-	E	E	N	N	-	-	E	E	-	-	E	E	E	D	D	-	-
D	N	N	-	-	-	-	-	D	D	D	D	-	-	D	D	-	-	D	D	D	D	D	-	-	D	N	N
L	L	L	L	-	-	L	L	L	L	L	-	-	-	-	D	L	L	L	L	-	-	-	D	D	L	-	-
N	N	-	-	E	E	E	D	-	-	E	E	D	N	-	-	-	E	E	-	-	E	E	D	D	D	-	-
D	D	D	D	D	-	-	D	N	-	-	E	E	D	D	N	-	-	E	E	D	N	N	-	-	-	-	-
D	D	D	N	-	-	-	D	D	D	D	N	-	-	-	D	D	D	-	-	D	N	N	-	-	-	D	D
E	E	D	D	-	-	E	E	E	D	D	-	-	-	E	E	E	-	-	E	E	E	-	-	D	D	-	-
E	E	E	E	N	-	-	-	E	E	E	N	N	-	-	E	D	D	-	-	E	D	D	D	N	-	-	-
D	D	-	-	-	D	L	L	N	-	-	D	L	N	-	-	L	L	N	-	-	D	L	L	L	N	-	-
D	D	D	N	N	-	-	D	N	N	-	-	E	E	-	-	E	D	D	D	D	-	-	-	E	D	-	-
E	D	D	N	N	-	-	E	N	-	-	E	N	-	-	-	D	D	D	D	D	-	-	E	D	D	-	-
-	-	L	L	L	N	-	-	L	L	L	L	-	-	D	L	N	N	-	-	D	L	L	L	L	-	-	-
-	-	E	E	D	D	D	-	-	E	E	L	-	-	D	D	D	D	-	-	E	E	E	N	N	-	-	-
-	-	E	L	L	L	-	-	E	E	E	D	-	-	-	E	E	D	L	-	-	L	L	L	-	-	E	E
E	E	E	-	-	E	E	-	-	D	D	-	-	-	D	D	D	D	D	-	-	E	D	-	-	E	D	D
E	E	N	-	-	-	E	E	E	L	N	-	-	-	E	L	L	N	-	-	-	-	-	E	E	E	E	L
D	D	D	D	-	-	-	-	D	D	-	-	-	-	D	D	D	D	D	D	-	-	-	D	D	D	D	D
L	L	L	L	-	-	-	-	D	D	L	L	-	-	-	L	L	L	L	L	L	-	-	-	-	D	L	L
E	E	D	D	D	-	-	-	E	E	E	E	E	D	-	-	-	-	E	E	D	D	D	D	-	-	-	-
D	D	N	-	-	-	-	E	E	D	N	N	-	-	-	E	E	E	E	E	E	-	-	-	-	E	E	E
L	L	L	N	-	-	-	E	L	N	N	-	-	E	D	L	L	L	-	-	-	-	-	L	L	L	L	L
-	-	-	-	D	D	D	D	D	D	-	-	-	-	D	D	N	N	N	-	-	-	E	E	E	D	D	N
-	-	-	-	-	-	-	-	-	-	D	D	D	-	-	-	D	-	-	D	D	N	-	-	D	D	N	-
L	-	-	D	D	-	-	D	-	-	-	D	L	-	-	-	-	-	-	-	D	L	L	L	-	-	-	-
D	D	-	-	E	E	N	-	-	-	L	L	-	-	-	L	-	-	-	-	N	-	-	-	-	-	-	E
D	D	L	N	-	-	-	-	-	-	-	-	-	L	L	N	-	-	D	D	D	-	-	-	-	-	-	-
E	-	-	L	N	-	-	-	-	N	-	-	-	D	-	-	-	-	-	-	-	-	-	E	E	E	E	E
N	-	-	D	-	-	-	D	-	D	-	-	D	-	D	-	-	-	-	-	-	-	-	D	-	-	-	-
-	L	-	-	-	D	-	D	-	-	-	-	-	-	-	-	-	-	-	D	-	-	D	-	-	L	N	-
Objective 0: 10882
Objective 1: 162
Constr violation: 0
Restrictions violated:
0 0 0 0 0 0 0 0 

Individual 10
1	2	3	4	5	6	7	8	9	10	11	12	13	14	15	16	17	18	19	20	21	22	23	24	25	26	27	28
-	-	-	N	N	N	N	-	-	D	D	D	D	-	-	D	D	D	D	-	-	D	D	D	D	D	-	-
D	N	-	-	-	E	D	D	N	-	-	E	E	N	N	-	-	E	E	-	-	E	E	E	D	D	-	-
D	N	N	-	-	-	-	-	D	D	D	D	-	-	D	D	-	-	D	D	D	D	D	-	-	D	N	N
L	L	L	L	-	-	L	L	L	L	L	-	-	-	-	D	L	L	L	L	-	-	-	D	D	L	-	-
N	N	-	-	E	E	E	D	-	-	E	E	D	N	-	-	-	E	E	-	-	E	E	D	D	D	-	-
D	D	D	D	D	-	-	D	N	-	-	E	E	D	D	N	-	-	E	E	D	N	N	-	-	-	-	-
D	D	D	N	-	-	-	D	D	D	D	N	-	-	-	D	D	D	-	-	D	N	N	-	-	-	D	D
E	E	D	D	-	-	E	E	E	D	D	-	-	-	E	E	E	-	-	E	E	E	-	-	D	D	-	-
E	E	E	E	N	-	-	-	E	E	E	N	N	-	-	E	D	D	-	-	E	D	D	D	N	-	-	-
D	D	-	-	-	D	L	L	N	-	-	D	L	N	-	-	L	L	N	-	-	D	L	L	L	N	-	-
D	D	D	N	N	-	-	D	N	N	-	-	E	E	-	-	E	D	D	D	D	-	-	-	E	D	-	-
E	D	D	N	N	-	-	E	N	-	-	E	N	-	-	-	D	D	D	D	D	-	-	E	D	D	-	-
-	-	L	L	L	N	-	-	L	L	L	L	-	-	D	L	N	N	-	-	D	L	L	L	L	-	-	-
-	-	E	E	D	D	D	-	-	E	E	L	-	-	D	D	D	D	-	-	E	E	E	N	N	-	-	-
E	E	E	D	L	-	-	E	E	E	E	-	-	-	-	E	E	E	E	E	-	-	L	L	-	-	-	E
E	E	E	-	-	E	E	-	-	D	D	-	-	-	D	D	D	D	D	-	-	E	D	-	-	E	D	D
E	E	N	-	-	-	E	E	E	L	N	-	-	-	E	L	L	N	-	-	-	-	-	E	E	E	E	L
D	D	D	D	-	-	-	-	D	D	-	-	-	-	D	D	D	D	D	D	-	-	-	D	D	D	D	D
L	L	L	L	-	-	-	-	D	D	L	L	-	-	-	L	L	L	L	L	L	-	-	-	-	D	L	L
E	E	D	D	D	-	-	-	E	E	E	E	E	D	-	-	-	-	E	E	D	D	D	D	-	-	-	-
D	D	N	-	-	-	-	E	E	D	N	N	-	-	-	E	E	E	E	E	E	-	-	-	-	E	E	E
L	L	L	N	-	-	-	E	L	N	N	-	-	E	D	L	L	L	-	-	-	-	-	L	L	L	L	L
-	-	-	-	D	D	D	D	D	D	-	-	-	-	D	D	N	N	N	-	-	-	E	E	E	D	D	N
-	-	-	-	-	-	-	-	-	-	D	D	D	-	-	-	D	-	-	D	D	N	-	-	D	D	N	-
L	-	-	D	D	-	-	D	-	-	-	D	L	-	-	-	-	-	-	-	D	L	L	L	-	-	-	-
D	D	-	-	E	E	N	-	-	-	L	L	-	-	-	L	-	-	-	-	N	-	-	-	-	-	-	E
D	D	L	N	-	-	-	-	-	-	-	-	-	L	L	N	-	-	D	D	D	-	-	-	-	-	-	-
E	-	-	L	N	-	-	-	-	N	-	-	-	D	-	-	-	-	-	-	-	-	-	E	E	E	E	E
N	-	-	D	-	-	-	D	-	D	-	-	D	-	D	-	-	-	-	-	-	-	-	D	-	-	-	-
-	L	-	-	-	D	-	D	-	-	-	-	-	-	-	-	-	-	-	D	-	-	D	-	-	L	N	-
Objective 0: 11286
Objective 1: 157
Constr violation: 0
Restrictions violated:
0 0 0 0 0 0 0 0 

Individual 11
1	2	3	4	5	6	7	8	9	10	11	12	13	14	15	16	17	18	19	20	21	22	23	24	25	26	27	28
-	-	-	N	N	N	N	-	-	D	D	D	D	-	-	D	D	D	D	-	-	D	D	D	D	D	-	-
D	N	-	-	-	E	D	D	N	-	-	E	E	N	N	-	-	E	E	-	-	E	E	E	D	D	-	-
D	N	N	-	-	-	-	-	D	D	D	D	-	-	D	D	-	-	D	D	D	D	D	-	-	D	N	N
L	L	L	L	-	-	L	L	L	L	L	-	-	-	-	D	L	L	L	L	-	-	-	D	D	L	-	-
-	-	-	D	D	D	D	-	-	E	D	N	N	-	-	D	D	N	N	-	-	E	D	D	D	D	-	-
D	D	D	D	D	-	-	D	N	-	-	E	E	D	D	N	-	-	E	E	D	N	N	-	-	-	-	-
D	D	D	N	-	-	-	D	D	D	D	N	-	-	-	D	D	D	-	-	D	N	N	-	-	-	D	D
E	E	D	D	-	-	E	E	E	D	D	-	-	-	E	E	E	-	-	E	E	E	-	-	D	D	-	-
E	E	E	E	N	-	-	-	E	E	E	N	N	-	-	E	D	D	-	-	E	D	D	D	N	-	-	-
D	D	-	-	-	D	L	L	N	-	-	D	L	N	-	-	L	L	N	-	-	D	L	L	L	N	-	-
D	D	D	N	N	-	-	D	N	N	-	-	E	E	-	-	E	D	D	D	D	-	-	-	E	D	-	-
E	D	D	N	N	-	-	E	N	-	-	E	N	-	-	-	D	D	D	D	D	-	-	E	D	D	-	-
-	-	L	L	L	N	-	-	L	L	L	L	-	-	D	L	N	N	-	-	D	L	L	L	L	-	-	-
N	N	-	-	E	E	E	N	-	-	E	L	L	L	-	-	E	E	E	-	-	E	L	L	L	-	-	-
E	E	E	D	L	-	-	E	E	E	E	-	-	-	-	E	E	E	E	E	-	-	L	L	-	-	-	E
E	E	E	-	-	E	E	-	-	D	D	-	-	-	D	D	D	D	D	-	-	E	D	-	-	E	D	D
E	E	N	E	-	-	E	E	E	L	N	-	-	-	E	L	L	N	-	-	-	-	-	E	E	E	E	L
D	D	D	D	-	-	-	-	D	D	-	-	-	-	D	D	D	D	D	D	-	-	-	D	D	D	D	D
L	L	L	L	-	-	-	-	D	D	L	L	-	-	-	L	L	L	L	L	L	-	-	-	-	D	L	L
E	E	D	D	D	-	-	-	E	E	E	E	E	D	-	-	-	-	E	E	D	D	D	D	-	-	-	-
D	D	N	-	-	-	-	E	E	D	N	N	-	-	-	E	E	E	E	E	E	-	-	-	-	E	E	E
L	L	L	N	-	-	-	E	L	N	N	-	-	E	D	L	L	L	-	-	-	-	-	L	L	L	L	L
-	-	-	-	D	D	D	D	D	D	-	-	-	-	D	D	N	N	N	-	-	-	E	E	E	D	D	N
-	-	-	-	-	-	-	-	-	-	D	D	D	-	-	-	D	-	-	D	D	N	-	-	D	D	N	-
L	-	-	D	D	-	-	D	-	-	-	D	L	-	-	-	-	-	-	-	D	L	L	L	-	-	-	-
D	D	-	-	E	E	N	-	-	-	L	L	-	-	-	L	-	-	-	-	N	-	-	-	-	-	-	E
D	D	L	N	-	-	-	-	-	-	-	-	-	L	L	N	-	-	D	D	D	-	-	-	-	-	-	-
E	-	-	L	N	-	-	-	-	N	-	-	-	D	-	-	-	-	-	-	-	-	-	E	E	E	E	E
N	-	-	D	-	-	-	D	-	D	-	-	D	-	D	-	-	-	-	-	-	-	-	D	-	-	-	-
-	L	-	-	-	D	-	D	-	-	-	-	-	-	-	-	-	-	-	D	-	-	D	-	-	L	N	-
Objective 0: 11690
Objective 1: 154
Constr violation: 0
Restrictions violated:
0 0 0 0 0 0 0 0 

Individual 12
1	2	3	4	5	6	7	8	9	10	11	12	13	14	15	16	17	18	19	20	21	22	23	24	25	26	27	28
-	-	-	N	N	N	N	-	-	D	D	D	D	-	-	D	D	D	D	-	-	D	D	D	D	D	-	-
D	N	-	-	-	E	D	D	N	-	-	E	E	N	N	-	-	E	E	-	-	E	E	E	D	D	-	-
D	N	N	-	-	-	-	-	D	D	D	D	-	-	D	D	-	-	D	D	D	D	D	-	-	D	N	N
L	L	L	L	-	-	L	L	L	L	L	-	-	-	-	D	L	L	L	L	-	-	-	D	D	L	-	-
N	N	-	-	E	E	E	D	-	-	E	E	D	N	-	-	-	E	E	-	-	E	E	D	D	D	-	-
D	D	D	D	D	-	-	D	N	-	-	E	E	D	D	N	-	-	E	E	D	N	N	-	-	-	-	-
D	D	D	N	-	-	-	D	D	D	D	N	-	-	-	D	D	D	-	-	D	N	N	-	-	-	D	D
E	E	D	D	-	-	E	E	E	D	D	-	-	-	E	E	E	-	-	E	E	E	-	-	D	D	-	-
E	E	E	E	N	-	-	-	E	E	E	N	N	-	-	E	D	D	-	-	E	D	D	D	N	-	-	-
D	D	-	-	-	D	L	L	N	-	-	D	L	N	-	-	L	L	N	-	-	D	L	L	L	N	-	-
-	-	E	E	D	D	D	-	-	E	E	E	E	D	-	-	E	N	N	-	-	-	E	D	N	N	-	-
E	D	D	N	N	-	-	E	N	-	-	E	N	-	-	-	D	D	D	D	D	-	-	E	D	D	-	-
-	-	L	L	L	N	-	-	L	L	L	L	-	-	D	L	N	N	-	-	D	L	L	L	L	-	-	-
D	L	L	-	-	E	L	N	-	-	L	L	L	L	N	-	-	D	D	-	-	-	E	L	L	N	-	-
E	E	E	D	L	-	-	E	E	E	E	-	-	-	-	E	E	E	E	E	-	-	L	L	-	-	-	E
E	E	E	-	-	E	E	-	-	D	D	-	-	-	D	D	D	D	D	-	-	E	D	-	-	E	D	D
E	E	N	-	-	-	E	E	E	L	N	-	-	-	E	L	L	N	-	-	-	-	-	E	E	E	E	L
D	D	D	D	-	-	-	-	D	D	-	-	-	-	D	D	D	D	D	D	-	-	-	D	D	D	D	D
L	L	L	L	-	-	-	-	D	D	L	L	-	-	-	L	L	L	L	L	L	-	-	-	-	D	L	L
E	E	D	D	D	-	-	-	E	E	E	E	E	D	-	-	-	-	E	E	D	D	D	D	-	-	-	-
D	D	N	-	-	-	-	E	E	D	N	N	-	-	-	E	E	E	E	E	E	-	-	-	-	E	E	E
L	L	L	N	-	-	-	E	L	N	N	-	-	E	D	L	L	L	-	-	-	-	-	L	L	L	L	L
-	-	-	-	D	D	D	D	D	D	-	-	-	-	D	D	N	N	N	-	-	-	E	E	E	D	D	N
-	-	-	-	-	-	-	-	-	-	D	D	D	-	-	-	D	-	-	D	D	N	-	-	D	D	N	-
L	-	-	D	D	-	-	D	-	-	-	D	L	-	-	-	-	-	-	-	D	L	L	L	-	-	-	-
D	D	-	-	E	E	N	-	-	-	L	L	-	-	-	L	-	-	-	-	N	-	-	-	-	-	-	E
D	D	L	N	-	-	-	-	-	-	-	-	-	L	L	N	-	-	D	D	D	-	-	-	-	-	-	-
E	-	-	L	N	-	-	-	-	N	-	-	-	D	-	-	-	-	-	-	-	-	-	E	E	E	E	E
N	-	-	D	-	-	-	D	-	D	-	-	D	-	D	-	-	-	-	-	-	-	-	D	-	-	-	-
-	L	-	-	-	D	-	D	-	-	-	-	-	-	-	-	-	-	-	D	-	-	D	-	-	L	N	-
Objective 0: 10478
Objective 1: 169
Constr violation: 0
Restrictions violated:
0 0 0 0 0 0 0 0 

Individual 13
1	2	3	4	5	6	7	8	9	10	11	12	13	14	15	16	17	18	19	20	21	22	23	24	25	26	27	28
-	-	-	D	D	D	N	N	-	-	D	D	N	-	-	D	D	D	D	-	-	D	D	D	D	N	-	-
D	N	-	-	-	E	D	D	N	-	-	E	E	N	N	-	-	E	E	-	-	E	E	E	D	D	-	-
D	N	N	-	-	-	-	-	D	D	D	D	-	-	D	D	-	-	D	D	D	D	D	-	-	D	N	N
L	L	L	L	-	-	L	L	L	L	L	-	-	-	-	D	L	L	L	L	-	-	-	D	D	L	-	-
N	N	-	-	E	E	E	D	-	-	E	E	D	N	-	-	-	E	E	-	-	E	E	D	D	D	-	-
D	D	D	D	D	-	-	D	N	-	-	E	E	D	D	N	-	-	E	E	D	N	N	-	-	-	-	-
D	D	D	N	-	-	-	D	D	D	D	N	-	-	-	D	D	D	-	-	D	N	N	-	-	-	D	D
E	E	D	D	-	-	E	E	E	D	D	-	-	-	E	E	E	-	-	E	E	E	-	-	D	D	-	-
E	E	E	E	N	-	-	-	E	E	E	N	N	-	-	E	D	D	-	-	E	D	D	D	N	-	-	-
D	D	-	-	-	D	L	L	N	-	-	D	L	N	-	-	L	L	N	-	-	D	L	L	L	N	-	-
-	-	E	E	D	D	D	-	-	E	E	E	E	D	-	-	E	N	N	-	-	-	E	D	N	N	-	-
E	D	D	N	N	-	-	E	N	-	-	E	N	-	-	-	D	D	D	D	D	-	-	E	D	D	-	-
-	-	L	L	L	N	-	-	L	L	L	L	-	-	D	L	N	N	-	-	D	L	L	L	L	-	-	-
-	-	E	E	D	D	D	-	-	E	E	L	-	-	D	D	D	D	-	-	E	E	E	N	N	-	-	-
E	E	E	D	L	-	-	E	E	E	E	-	-	-	-	E	E	E	E	E	-	-	L	L	-	-	-	E
E	E	E	-	-	E	E	-	-	D	D	-	-	-	D	D	D	D	D	-	-	E	D	-	-	E	D	D
E	E	N	-	-	-	E	E	E	L	N	-	-	-	E	L	L	N	-	-	-	-	-	E	E	E	E	L
D	D	D	D	-	-	-	-	D	D	-	-	-	-	D	D	D	D	D	D	-	-	-	D	D	D	D	D
L	L	L	L	-	-	-	-	D	D	L	L	-	-	-	L	L	L	L	L	L	-	-	-	-	D	L	L
E	E	D	D	D	-	-	-	E	E	E	E	E	D	-	-	-	-	E	E	D	D	D	D	-	-	-	-
D	D	N	-	-	-	-	E	E	D	N	N	-	-	-	E	E	E	E	E	E	-	-	-	-	E	E	E
L	L	L	N	-	-	-	E	L	N	N	-	-	E	D	L	L	L	-	-	-	-	-	L	L	L	L	L
-	-	-	-	D	D	D	D	D	D	-	-	-	-	D	D	N	N	N	-	-	-	E	E	E	D	D	N
-	-	-	-	-	-	-	-	-	-	D	D	D	-	-	-	D	-	-	D	D	N	-	-	D	D	N	-
L	-	-	D	D	-	-	D	-	-	-	D	L	-	-	-	-	-	-	-	D	L	L	L	-	-	-	-
D	D	-	-	E	E	N	-	-	-	L	L	-	-	-	L	-	-	-	-	N	-	-	-	-	-	-	E
D	D	L	N	-	-	-	-	-	-	-	-	-	L	L	N	-	-	D	D	D	-	-	-	-	-	-	-
E	-	-	L	N	-	-	-	-	N	-	-	-	D	-	-	-	-	-	-	-	-	-	E	E	E	E	E
N	-	-	D	-	-	-	D	-	D	-	-	D	-	D	-	-	-	-	-	-	-	-	D	-	-	-	-
-	L	-	-	-	D	-	D	-	-	-	-	-	-	-	-	-	-	-	D	-	-	D	-	-	L	N	-
Objective 0: 10579
Objective 1: 167
Constr violation: 0
Restrictions violated:
0 0 0 0 0 0 0 0 

Individual 14
1	2	3	4	5	6	7	8	9	10	11	12	13	14	15	16	17	18	19	20	21	22	23	24	25	26	27	28
-	-	-	N	N	N	N	-	-	D	D	D	D	-	-	D	D	D	D	-	-	D	D	D	D	D	-	-
D	N	-	-	-	E	D	D	N	-	-	E	E	N	N	-	-	E	E	-	-	E	E	E	D	D	-	-
D	N	N	-	-	-	-	-	D	D	D	D	-	-	D	D	-	-	D	D	D	D	D	-	-	D	N	N
L	L	L	L	-	-	L	L	L	L	L	-	-	-	-	D	L	L	L	L	-	-	-	D	D	L	-	-
-	-	-	D	D	D	D	-	-	E	D	N	N	-	-	D	D	N	N	-	-	E	D	D	D	D	-	-
D	D	D	D	D	-	-	D	N	-	-	E	E	D	D	N	-	-	E	E	D	N	N	-	-	-	-	-
D	D	D	N	-	-	-	D	D	D	D	N	-	-	-	D	D	D	-	-	D	N	N	-	-	-	D	D
E	E	D	D	-	-	E	E	E	D	D	-	-	-	E	E	E	-	-	E	E	E	-	-	D	D	-	-
E	E	E	E	N	-	-	-	E	E	E	N	N	-	-	E	D	D	-	-	E	D	D	D	N	-	-	-
D	D	-	-	-	D	L	L	N	-	-	D	L	N	-	-	L	L	N	-	-	D	L	L	L	N	-	-
D	D	D	N	N	-	-	D	N	N	-	-	E	E	-	-	E	D	D	D	D	-	-	-	E	D	-	-
E	D	D	N	N	-	-	E	N	-	-	E	N	-	-	-	D	D	D	D	D	-	-	E	D	D	-	-
-	-	L	L	L	N	-	-	L	L	L	L	-	-	D	L	N	N	-	-	D	L	L	L	L	-	-	-
N	N	-	-	E	E	E	N	-	-	E	L	L	L	-	-	E	E	E	-	-	E	L	L	L	-	-	-
E	E	E	D	L	-	-	E	E	E	E	-	-	-	-	E	E	E	E	E	-	-	L	L	-	-	-	E
E	E	E	-	-	E	E	-	-	D	D	-	-	-	D	D	D	D	D	-	-	E	D	-	-	E	D	D
E	E	N	E	-	-	E	E	E	L	N	-	-	-	E	L	L	N	-	-	-	-	-	E	E	E	E	L
D	D	D	D	-	-	-	-	D	D	-	-	-	-	D	D	D	D	D	D	-	-	-	D	D	D	D	D
L	L	L	L	-	-	-	-	D	D	L	L	-	-	-	L	L	L	L	L	L	-	-	-	-	D	L	L
E	E	D	D	D	-	-	-	E	E	E	E	E	D	-	-	-	-	E	E	D	D	D	D	-	-	-	-
D	D	N	-	-	-	-	E	E	D	N	N	-	-	-	E	E	E	E	E	E	-	-	-	-	E	E	E
L	L	L	N	-	-	-	E	L	N	N	-	-	E	D	L	L	L	-	-	-	-	-	L	L	L	L	L
-	-	-	-	D	D	D	D	D	D	-	-	-	-	D	D	N	N	N	-	-	-	E	E	E	D	D	N
-	-	-	-	-	-	-	-	-	-	D	D	D	-	-	-	D	-	-	D	D	N	-	-	D	D	N	-
L	-	-	D	D	-	-	D	-	-	-	D	L	-	-	-	-	-	-	-	D	L	L	L	-	-	-	-
D	D	-	-	E	E	N	-	-	-	L	L	-	-	-	L	-	-	-	-	N	-	-	-	-	-	-	E
D	D	L	N	-	-	-	-	-	-	-	-	-	L	L	N	-	-	D	D	D	-	-	-	-	-	-	-
E	-	-	L	N	-	-	-	-	N	-	-	-	D	-	-	-	-	-	-	-	-	-	E	E	E	E	E
N	-	-	D	-	-	-	D	-	D	-	-	D	-	D	-	-	-	-	-	-	-	-	D	-	-	-	-
-	L	-	-	-	D	-	D	-	-	-	-	-	-	-	-	-	-	-	D	-	-	D	-	-	L	N	-
Objective 0: 11690
Objective 1: 154
Constr violation: 0
Restrictions violated:
0 0 0 0 0 0 0 0 

Individual 15
1	2	3	4	5	6	7	8	9	10	11	12	13	14	15	16	17	18	19	20	21	22	23	24	25	26	27	28
-	-	-	D	D	D	N	N	-	-	D	D	N	-	-	D	D	D	D	-	-	D	D	D	D	N	-	-
D	N	-	-	-	E	D	D	N	-	-	E	E	N	N	-	-	E	E	-	-	E	E	E	D	D	-	-
D	N	N	-	-	-	-	-	D	D	D	D	-	-	D	D	-	-	D	D	D	D	D	-	-	D	N	N
L	L	L	L	-	-	L	L	L	L	L	-	-	-	-	D	L	L	L	L	-	-	-	D	D	L	-	-
N	N	-	-	E	E	E	D	-	-	E	E	D	N	-	-	-	E	E	-	-	E	E	D	D	D	-	-
D	D	D	D	D	-	-	D	N	-	-	E	E	D	D	N	-	-	E	E	D	N	N	-	-	-	-	-
D	D	D	N	-	-	-	D	D	D	D	N	-	-	-	D	D	D	-	-	D	N	N	-	-	-	D	D
E	E	D	D	-	-	E	E	E	D	D	-	-	-	E	E	E	-	-	E	E	E	-	-	D	D	-	-
E	E	E	E	N	-	-	-	E	E	E	N	N	-	-	E	D	D	-	-	E	D	D	D	N	-	-	-
D	D	-	-	-	D	L	L	N	-	-	D	L	N	-	-	L	L	N	-	-	D	L	L	L	N	-	-
-	-	E	E	D	D	D	-	-	E	E	E	E	D	-	-	E	N	N	-	-	-	E	D	N	N	-	-
E	D	D	N	N	-	-	E	N	-	-	E	N	-	-	-	D	D	D	D	D	-	-	E	D	D	-	-
-	-	L	L	L	N	-	-	L	L	L	L	-	-	D	L	N	N	-	-	D	L	L	L	L	-	-	-
D	L	L	-	-	E	L	N	-	-	L	L	L	L	N	-	-	D	D	-	-	-	E	L	L	N	-	-
E	E	E	D	L	-	-	E	E	E	E	-	-	-	-	E	E	E	E	E	-	-	L	L	-	-	-	E
E	E	E	-	-	E	E	-	-	D	D	-	-	-	D	D	D	D	D	-	-	E	D	-	-	E	D	D
E	E	N	-	-	-	E	E	E	L	N	-	-	-	E	L	L	N	-	-	-	-	-	E	E	E	E	L
D	D	D	D	-	-	-	-	D	D	-	-	-	-	D	D	D	D	D	D	-	-	-	D	D	D	D	D
L	L	L	L	-	-	-	-	D	D	L	L	-	-	-	L	L	L	L	L	L	-	-	-	-	D	L	L
E	E	D	D	D	-	-	-	E	E	E	E	E	D	-	-	-	-	E	E	D	D	D	D	-	-	-	-
D	D	N	-	-	-	-	E	E	D	N	N	-	-	-	E	E	E	E	E	E	-	-	-	-	E	E	E
L	L	L	N	-	-	-	E	L	N	N	-	-	E	D	L	L	L	-	-	-	-	-	L	L	L	L	L
-	-	-	-	D	D	D	D	D	D	-	-	-	-	D	D	N	N	N	-	-	-	E	E	E	D	D	N
-	-	-	-	-	-	-	-	-	-	D	D	D	-	-	-	D	-	-	D	D	N	-	-	D	D	N	-
L	-	-	D	D	-	-	D	-	-	-	D	L	-	-	-	-	-	-	-	D	L	L	L	-	-	-	-
D	D	-	-	E	E	N	-	-	-	L	L	-	-	-	L	-	-	-	-	N	-	-	-	-	-	-	E
D	D	L	N	-	-	-	-	-	-	-	-	-	L	L	N	-	-	D	D	D	-	-	-	-	-	-	-
E	-	-	L	N	-	-	-	-	N	-	-	-	D	-	-	-	-	-	-	-	-	-	E	E	E	E	E
N	-	-	D	-	-	-	D	-	D	-	-	D	-	D	-	-	-	-	-	-	-	-	D	-	-	-	-
-	L	-	-	-	D	-	D	-	-	-	-	-	-	-	-	-	-	-	D	-	-	D	-	-	L	N	-
Objective 0: 10377
Objective 1: 170
Constr violation: 0
Restrictions violated:
0 0 0 0 0 0 0 0 

Individual 16
1	2	3	4	5	6	7	8	9	10	11	12	13	14	15	16	17	18	19	20	21	22	23	24	25	26	27	28
-	-	-	D	D	D	N	N	-	-	D	D	N	-	-	D	D	D	D	-	-	D	D	D	D	N	-	-
D	N	-	-	-	E	D	D	N	-	-	E	E	N	N	-	-	E	E	-	-	E	E	E	D	D	-	-
D	N	N	-	-	-	-	-	D	D	D	D	-	-	D	D	-	-	D	D	D	D	D	-	-	D	N	N
L	L	L	L	-	-	L	L	L	L	L	-	-	-	-	D	L	L	L	L	-	-	-	D	D	L	-	-
N	N	-	-	E	E	E	D	-	-	E	E	D	N	-	-	-	E	E	-	-	E	E	D	D	D	-	-
D	D	D	D	D	-	-	D	N	-	-	E	E	D	D	N	-	-	E	E	D	N	N	-	-	-	-	-
D	D	D	N	-	-	-	D	D	D	D	N	-	-	-	D	D	D	-	-	D	N	N	-	-	-	D	D
E	E	D	D	-	-	E	E	E	D	D	-	-	-	E	E	E	-	-	E	E	E	-	-	D	D	-	-
E	E	E	E	N	-	-	-	E	E	E	N	N	-	-	E	D	D	-	-	E	D	D	D	N	-	-	-
D	D	-	-	-	D	L	L	N	-	-	D	L	N	-	-	L	L	N	-	-	D	L	L	L	N	-	-
-	-	E	E	D	D	D	-	-	E	E	E	E	D	-	-	E	N	N	-	-	-	E	D	N	N	-	-
E	D	D	N	N	-	-	E	N	-	-	E	N	-	-	-	D	D	D	D	D	-	-	E	D	D	-	-
-	-	L	L	L	N	-	-	L	L	L	L	-	-	D	L	N	N	-	-	D	L	L	L	L	-	-	-
D	L	L	-	-	E	L	N	-	-	L	L	L	L	N	-	-	D	D	-	-	-	E	L	L	N	-	-
-	-	E	L	L	L	-	-	E	E	E	D	-	-	-	E	E	D	L	-	-	L	L	L	-	-	E	E
E	E	E	-	-	E	E	-	-	D	D	-	-	-	D	D	D	D	D	-	-	E	D	-	-	E	D	D
E	E	N	-	-	-	E	E	E	L	N	-	-	-	E	L	L	N	-	-	-	-	-	E	E	E	E	L
D	D	D	D	-	-	-	-	D	D	-	-	-	-	D	D	D	D	D	D	-	-	-	D	D	D	D	D
L	L	L	L	-	-	-	-	D	D	L	L	-	-	-	L	L	L	L	L	L	-	-	-	-	D	L	L
E	E	D	D	D	-	-	-	E	E	E	E	E	D	-	-	-	-	E	E	D	D	D	D	-	-	-	-
D	D	N	-	-	-	-	E	E	D	N	N	-	-	-	E	E	E	E	E	E	-	-	-	-	E	E	E
L	L	L	N	-	-	-	E	L	N	N	-	-	E	D	L	L	L	-	-	-	-	-	L	L	L	L	L
-	-	-	-	D	D	D	D	D	D	-	-	-	-	D	D	N	N	N	-	-	-	E	E	E	D	D	N
-	-	-	-	-	-	-	-	-	-	D	D	D	-	-	-	D	-	-	D	D	N	-	-	D	D	N	-
D	D	D	D	-	-	-	L	-	-	-	D	D	L	L	-	-	L	-	-	-	-	-	-	-	-	-	-
D	D	-	-	E	E	N	-	-	-	L	L	-	-	-	L	-	-	-	-	N	-	-	-	-	-	-	E
D	D	L	N	-	-	-	-	-	-	-	-	-	L	L	N	-	-	D	D	D	-	-	-	-	-	-	-
E	-	-	L	N	-	-	-	-	N	-	-	-	D	-	-	-	-	-	-	-	-	-	E	E	E	E	E
N	-	-	D	-	-	-	D	-	D	-	-	D	-	D	-	-	-	-	-	-	-	-	D	-	-	-	-
-	L	-	-	-	D	-	D	-	-	-	-	-	-	-	-	-	-	-	D	-	-	D	-	-	L	N	-
Objective 0: 9973
Objective 1: 176
Constr violation: 0
Restrictions violated:
0 0 0 0 0 0 0 0 

Individual 17
1	2	3	4	5	6	7	8	9	10	11	12	13	14	15	16	17	18	19	20	21	22	23	24	25	26	27	28
-	-	-	D	D	D	N	N	-	-	D	D	N	-	-	D	D	D	D	-	-	D	D	D	D	N	-	-
D	N	-	-	-	E	D	D	N	-	-	E	E	N	N	-	-	E	E	-	-	E	E	E	D	D	-	-
D	N	N	-	-	-	-	-	D	D	D	D	-	-	D	D	-	-	D	D	D	D	D	-	-	D	N	N
L	L	L	L	-	-	L	L	L	L	L	-	-	-	-	D	L	L	L	L	-	-	-	D	D	L	-	-
N	N	-	-	E	E	E	D	-	-	E	E	D	N	-	-	-	E	E	-	-	E	E	D	D	D	-	-
D	D	D	D	D	-	-	D	N	-	-	E	E	D	D	N	-	-	E	E	D	N	N	-	-	-	-	-
D	D	D	N	-	-	-	D	D	D	D	N	-	-	-	D	D	D	-	-	D	N	N	-	-	-	D	D
E	E	D	D	-	-	E	E	E	D	D	-	-	-	E	E	E	-	-	E	E	E	-	-	D	D	-	-
E	E	E	E	N	-	-	-	E	E	E	N	N	-	-	E	D	D	-	-	E	D	D	D	N	-	-	-
D	D	-	-	-	D	L	L	N	-	-	D	L	N	-	-	L	L	N	-	-	D	L	L	L	N	-	-
-	-	E	E	D	D	D	-	-	E	E	E	E	D	-	-	E	N	N	-	-	-	E	D	N	N	-	-
E	D	D	N	N	-	-	E	N	-	-	E	N	-	-	-	D	D	D	D	D	-	-	E	D	D	-	-
-	-	L	L	L	N	-	-	L	L	L	L	-	-	D	L	N	N	-	-	D	L	L	L	L	-	-	-
D	L	L	-	-	E	L	N	-	-	L	L	L	L	N	-	-	D	D	-	-	-	E	L	L	N	-	-
-	-	E	L	L	L	-	-	E	E	E	D	-	-	-	E	E	D	L	-	-	L	L	L	-	-	E	E
E	E	E	-	-	E	E	-	-	D	D	-	-	-	D	D	D	D	D	-	-	E	D	-	-	E	D	D
E	E	N	-	-	-	E	E	E	L	N	-	-	-	E	L	L	N	-	-	-	-	-	E	E	E	E	L
D	D	D	D	-	-	-	-	D	D	-	-	-	-	D	D	D	D	D	D	-	-	-	D	D	D	D	D
L	L	L	L	-	-	-	-	D	D	L	L	-	-	-	L	L	L	L	L	L	-	-	-	-	D	L	L
E	E	D	D	D	-	-	-	E	E	E	E	E	D	-	-	-	E	E	E	D	L	L	-	-	-	-	-
D	D	N	-	-	-	-	E	E	D	N	N	-	-	-	E	E	E	E	E	E	-	-	-	-	E	E	E
L	L	L	N	-	-	-	E	L	N	N	-	-	E	D	L	L	L	-	-	-	-	-	L	L	L	L	L
-	-	-	-	D	D	D	D	D	D	-	-	-	-	D	D	N	N	N	-	-	-	E	E	E	D	D	N
-	-	-	-	-	-	-	-	-	-	D	D	D	-	-	-	D	-	-	D	D	N	-	-	D	D	N	-
D	D	D	D	-	-	-	L	-	-	-	D	D	L	L	-	-	L	-	-	-	-	-	-	-	-	-	-
D	D	-	-	E	E	N	-	-	-	L	L	-	-	-	L	-	-	-	-	N	-	-	-	-	-	-	E
D	D	L	N	-	-	-	-	-	-	-	-	-	L	L	N	-	-	D	D	D	-	-	-	-	-	-	-
E	-	-	L	N	-	-	-	-	N	-	-	-	D	-	-	-	-	-	-	-	-	-	E	E	E	E	E
N	-	-	D	-	-	-	D	-	D	-	-	D	-	D	-	-	-	-	-	-	-	-	D	-	-	-	-
-	L	-	-	-	D	-	D	-	-	-	-	-	-	-	-	-	-	-	D	-	-	D	-	-	L	N	-
Objective 0: 9872
Objective 1: 179
Constr violation: 0
Restrictions violated:
0 0 0 0 0 0 0 0 

Individual 18
1	2	3	4	5	6	7	8	9	10	11	12	13	14	15	16	17	18	19	20	21	22	23	24	25	26	27	28
-	-	-	D	D	D	N	N	-	-	D	D	N	-	-	D	D	D	D	-	-	D	D	D	D	N	-	-
D	N	-	-	-	E	D	D	N	-	-	E	E	N	N	-	-	E	E	-	-	E	E	E	D	D	-	-
D	N	N	-	-	-	-	-	D	D	D	D	-	-	D	D	-	-	D	D	D	D	D	-	-	D	N	N
L	L	L	L	-	-	L	L	L	L	L	-	-	-	-	D	L	L	L	L	-	-	-	D	D	L	-	-
N	N	-	-	E	E	E	D	-	-	E	E	D	N	-	-	-	E	E	-	-	E	E	D	D	D	-	-
D	D	D	D	D	-	-	D	N	-	-	E	E	D	D	N	-	-	E	E	D	N	N	-	-	-	-	-
D	D	D	N	-	-	-	D	D	D	D	N	-	-	-	D	D	D	-	-	D	N	N	-	-	-	D	D
E	E	D	D	-	-	E	E	E	D	D	-	-	-	E	E	E	-	-	E	E	E	-	-	D	D	-	-
E	E	E	E	N	-	-	-	E	E	E	N	N	-	-	E	D	D	-	-	E	D	D	D	N	-	-	-
D	D	-	-	-	D	L	L	N	-	-	D	L	N	-	-	L	L	N	-	-	D	L	L	L	N	-	-
D	D	D	N	N	-	-	D	N	N	-	-	E	E	-	-	E	D	D	D	D	-	-	-	E	D	-	-
E	D	D	N	N	-	-	E	N	-	-	E	N	-	-	-	D	D	D	D	D	-	-	E	D	D	-	-
-	-	L	L	L	N	-	-	L	L	L	L	-	-	D	L	N	N	-	-	D	L	L	L	L	-	-	-
D	L	L	-	-	E	L	N	-	-	L	L	L	L	N	-	-	D	D	-	-	-	E	L	L	N	-	-
-	-	E	L	L	L	-	-	E	E	E	D	-	-	-	E	E	D	L	-	-	L	L	L	-	-	E	E
E	E	E	-	-	E	E	-	-	D	D	-	-	-	D	D	D	D	D	-	-	E	D	-	-	E	D	D
E	E	N	-	-	-	E	E	E	L	N	-	-	-	E	L	L	N	-	-	-	-	-	E	E	E	E	L
D	D	D	D	-	-	-	-	D	D	-	-	-	-	D	D	D	D	D	D	-	-	-	D	D	D	D	D
L	L	L	L	-	-	-	-	D	D	L	L	-	-	-	L	L	L	L	L	L	-	-	-	-	D	L	L
E	E	D	D	D	-	-	-	E	E	E	E	E	D	-	-	-	-	E	E	D	D	D	D	-	-	-	-
D	D	N	-	-	-	-	E	E	D	N	N	-	-	-	E	E	E	E	E	E	-	-	-	-	E	E	E
L	L	L	N	-	-	-	E	L	N	N	-	-	E	D	L	L	L	-	-	-	-	-	L	L	L	L	L
-	-	-	-	D	D	D	D	D	D	-	-	-	-	D	D	N	N	N	-	-	-	E	E	E	D	D	N
-	-	-	-	-	-	-	-	-	-	D	D	D	-	-	-	D	-	-	D	D	N	-	-	D	D	N	-
L	-	-	D	D	-	-	D	-	-	-	D	L	-	-	-	-	-	-	-	D	L	L	L	-	-	-	-
D	D	-	-	E	E	N	-	-	-	L	L	-	-	-	L	-	-	-	-	N	-	-	-	-	-	-	E
D	D	L	N	-	-	-	-	-	-	-	-	-	L	L	N	-	-	D	D	D	-	-	-	-	-	-	-
E	-	-	L	N	-	-	-	-	N	-	-	-	D	-	-	-	-	-	-	-	-	-	E	E	E	E	E
N	-	-	D	-	-	-	D	-	D	-	-	D	-	D	-	-	-	-	-	-	-	-	D	-	-	-	-
-	L	-	-	-	D	-	D	-	-	-	-	-	-	-	-	-	-	-	D	-	-	D	-	-	L	N	-
Objective 0: 10781
Objective 1: 165
Constr violation: 0
Restrictions violated:
0 0 0 0 0 0 0 0 

Individual 19
1	2	3	4	5	6	7	8	9	10	11	12	13	14	15	16	17	18	19	20	21	22	23	24	25	26	27	28
-	-	-	N	N	N	N	-	-	D	D	D	D	-	-	D	D	D	D	-	-	D	D	D	D	D	-	-
D	N	-	-	-	E	D	D	N	-	-	E	E	N	N	-	-	E	E	-	-	E	E	E	D	D	-	-
D	N	N	-	-	-	-	-	D	D	D	D	-	-	D	D	-	-	D	D	D	D	D	-	-	D	N	N
L	L	L	L	-	-	L	L	L	L	L	-	-	-	-	D	L	L	L	L	-	-	-	D	D	L	-	-
N	N	-	-	E	E	E	D	-	-	E	E	D	N	-	-	-	E	E	-	-	E	E	D	D	D	-	-
D	D	D	D	D	-	-	D	N	-	-	E	E	D	D	N	-	-	E	E	D	N	N	-	-	-	-	-
D	D	D	N	-	-	-	D	D	D	D	N	-	-	-	D	D	D	-	-	D	N	N	-	-	-	D	D
E	E	D	D	-	-	E	E	E	D	D	-	-	-	E	E	E	-	-	E	E	E	-	-	D	D	-	-
E	E	E	E	N	-	-	-	E	E	E	N	N	-	-	E	D	D	-	-	E	D	D	D	N	-	-	-
D	D	-	-	-	D	L	L	N	-	-	D	L	N	-	-	L	L	N	-	-	D	L	L	L	N	-	-
-	-	E	E	D	D	D	-	-	E	E	E	E	D	-	-	E	N	N	-	-	-	E	D	N	N	-	-
D	D	-	-	E	E	D	-	-	-	E	E	N	N	-	-	E	E	E	-	-	E	E	E	E	N	-	-
-	-	L	L	L	N	-	-	L	L	L	L	-	-	D	L	N	N	-	-	D	L	L	L	L	-	-	-
D	L	L	-	-	E	L	N	-	-	L	L	L	L	N	-	-	D	D	-	-	-	E	L	L	N	-	-
-	-	E	L	L	L	-	-	E	E	E	D	-	-	-	E	E	D	L	-	-	L	L	L	-	-	E	E
E	E	E	-	-	E	E	-	-	D	D	-	-	-	D	D	D	D	D	-	-	E	D	-	-	E	D	D
E	E	N	-	-	-	E	E	E	L	N	-	-	-	E	L	L	N	-	-	-	-	-	E	E	E	E	L
D	D	D	D	-	-	-	-	D	D	-	-	-	-	D	D	D	D	D	D	-	-	-	D	D	D	D	D
L	L	L	L	-	-	-	-	D	D	L	L	-	-	-	L	L	L	L	L	L	-	-	-	-	D	L	L
E	E	D	D	D	-	-	-	E	E	E	E	E	D	-	-	-	-	E	E	D	D	D	D	-	-	-	-
D	D	N	-	-	-	-	E	E	D	N	N	-	-	-	E	E	E	E	E	E	-	-	-	-	E	E	E
L	L	L	N	-	-	-	E	L	N	N	-	-	E	D	L	L	L	-	-	-	-	-	L	L	L	L	L
-	-	-	-	D	D	D	D	D	D	-	-	-	-	D	D	N	N	N	-	-	-	E	E	E	D	D	N
-	-	-	-	-	-	-	-	-	-	D	D	D	-	-	-	D	-	-	D	D	N	-	-	D	D	N	-
D	D	D	D	-	-	-	L	-	-	-	D	D	L	L	-	-	L	-	-	-	-	-	-	-	-	-	-
D	D	-	-	E	E	N	-	-	-	L	L	-	-	-	L	-	-	-	-	N	-	-	-	-	-	-	E
D	D	L	N	-	-	-	-	-	-	-	-	-	L	L	N	-	-	D	D	D	-	-	-	-	-	-	-
E	-	-	L	N	-	-	-	-	N	-	-	-	D	-	-	-	-	-	-	-	-	-	E	E	E	E	E
N	-	-	D	-	-	-	D	-	D	-	-	D	-	D	-	-	-	-	-	-	-	-	D	-	-	-	-
-	L	-	-	-	D	-	D	-	-	-	-	-	-	-	-	-	-	-	D	-	-	D	-	-	L	N	-
Objective 0: 9771
Objective 1: 187
Constr violation: 0
Restrictions violated:
0 0 0 0 0 0 0 0 

