Individual 0
1	2	3	4	5	6	7	8	9	10	11	12	13	14	15	16	17	18	19	20	21	22	23	24	25	26	27	28
-	-	-	D	D	D	N	-	-	D	D	N	-	-	D	D	D	D	D	-	-	D	N	N	-	-	D	D
E	E	E	D	-	-	-	E	N	-	-	D	N	N	-	-	E	E	E	-	-	D	D	N	-	-	E	E
N	N	N	-	-	-	-	D	D	D	D	D	-	-	D	D	-	-	D	D	D	N	-	-	-	D	D	D
D	L	L	L	-	-	-	-	-	D	D	D	D	D	-	-	L	L	L	L	L	-	-	D	D	L	-	-
D	N	-	-	E	N	N	N	-	-	-	E	E	E	-	-	E	E	E	-	-	E	E	E	D	D	-	-
E	N	-	-	E	E	N	-	-	-	E	E	E	D	D	-	-	E	E	-	-	E	E	D	N	N	-	-
D	D	D	N	N	-	-	-	D	D	N	N	-	-	-	D	D	-	-	D	D	D	D	-	-	-	D	D
E	E	E	E	-	-	E	E	E	E	E	-	-	-	E	E	E	-	-	D	D	D	D	D	-	-	-	-
E	D	D	D	N	-	-	E	E	E	E	D	-	-	-	D	N	-	-	-	E	E	-	-	-	D	N	N
D	D	L	-	-	L	L	N	N	N	-	-	-	-	L	L	L	L	N	-	-	L	L	L	-	-	-	L
E	E	D	N	N	-	-	-	-	E	E	D	N	N	-	-	E	E	D	D	-	-	D	D	D	-	-	-
E	E	D	D	N	-	-	E	N	-	-	E	N	-	-	D	D	D	D	-	-	-	-	-	E	E	D	N
-	-	-	L	L	-	-	D	D	L	L	L	-	-	D	D	L	-	-	D	D	L	N	-	-	D	N	N
-	E	E	E	E	D	-	-	-	E	E	L	-	-	L	L	L	L	N	-	-	D	D	D	L	L	-	-
E	E	D	D	D	-	-	D	D	-	-	D	D	L	-	-	-	E	E	-	-	L	L	L	-	-	D	L
E	E	E	E	D	-	-	-	-	D	D	D	-	-	E	D	D	D	-	-	E	D	-	-	E	E	E	E
L	L	-	-	-	E	D	N	N	N	N	-	-	-	-	E	L	L	L	-	-	-	-	E	D	D	L	L
D	D	D	D	-	-	-	-	D	D	-	-	-	D	D	D	D	D	-	-	-	-	D	D	D	D	D	D
D	D	L	L	-	-	-	D	L	L	L	L	-	-	-	-	D	D	L	L	L	-	-	-	-	L	L	L
D	L	L	L	L	-	-	-	-	D	D	D	L	L	L	-	-	-	E	E	E	E	E	D	-	-	-	-
E	E	D	N	N	N	-	-	-	E	D	-	-	-	E	E	E	D	N	-	-	-	-	-	E	D	D	D
E	E	L	L	N	-	-	-	E	D	-	-	-	-	E	L	L	N	-	-	-	-	E	L	L	L	L	L
-	-	-	E	D	D	D	D	D	-	-	-	-	-	E	D	D	D	N	-	-	-	E	E	D	D	N	N
N	-	-	-	-	-	-	-	-	-	D	D	D	D	N	-	-	-	-	-	D	-	-	D	-	-	D	D
L	-	-	-	-	-	-	-	-	-	-	D	L	L	L	-	-	-	D	L	-	-	-	L	-	-	D	D
-	-	-	D	N	-	-	-	E	E	L	N	-	-	-	-	L	-	-	L	-	-	E	D	-	-	-	-
L	L	L	-	-	N	-	-	-	L	L	-	-	-	-	-	-	-	-	D	D	N	-	-	-	D	-	-
-	-	N	-	-	-	-	D	L	-	-	-	L	-	-	N	-	-	-	E	L	L	L	-	-	E	-	-
D	N	-	-	-	-	D	-	-	-	-	-	-	-	-	-	-	-	D	D	-	-	-	D	-	D	-	-
-	-	D	D	-	D	D	D	-	-	-	-	-	-	N	-	-	-	-	-	-	-	-	-	-	L	-	-
Objective 0: 11792
Objective 1: 174
Constr violation: 0
Restrictions violated:
0 0 0 0 0 0 0 0 

Individual 1
1	2	3	4	5	6	7	8	9	10	11	12	13	14	15	16	17	18	19	20	21	22	23	24	25	26	27	28
-	-	-	D	D	D	N	-	-	D	D	N	-	-	D	D	D	D	D	-	-	D	N	N	-	-	D	D
E	E	E	D	-	-	-	E	N	-	-	D	N	N	-	-	E	E	E	-	-	D	D	N	-	-	E	E
N	N	N	-	-	-	-	D	D	D	D	D	-	-	D	D	-	-	D	D	D	N	-	-	-	D	D	D
D	L	L	L	-	-	-	-	-	D	D	D	D	D	-	-	L	L	L	L	L	-	-	D	D	L	-	-
D	N	-	-	E	N	N	N	-	-	-	E	E	E	-	-	E	E	E	-	-	E	E	E	D	D	-	-
E	N	-	-	E	E	N	-	-	-	E	E	E	D	D	-	-	E	E	-	-	E	E	D	N	N	-	-
D	D	D	N	N	-	-	D	D	D	D	D	-	-	-	D	D	D	-	-	-	D	D	N	N	-	-	-
E	E	E	E	-	-	E	E	E	E	E	-	-	-	E	E	E	-	-	D	D	D	D	D	-	-	-	-
E	D	D	D	N	-	-	E	E	E	E	D	-	-	-	D	N	-	-	-	E	E	-	-	E	D	N	N
D	D	L	-	-	L	L	N	N	N	-	-	-	-	L	L	L	L	N	-	-	L	L	L	-	-	-	L
E	E	D	N	N	-	-	-	-	E	E	D	N	N	-	-	E	E	D	D	-	-	D	D	D	-	-	-
E	N	-	-	E	D	D	N	-	-	E	D	N	-	-	E	D	D	D	-	-	E	E	D	D	N	-	-
-	-	-	L	L	-	-	D	D	L	L	L	-	-	D	D	L	-	-	D	D	L	N	-	-	D	N	N
L	L	-	-	E	L	-	-	-	E	E	L	-	-	L	L	L	L	N	-	-	-	E	E	D	L	N	-
E	E	D	D	D	-	-	E	D	L	L	-	-	-	-	-	-	-	E	E	E	L	L	-	-	L	L	L
E	E	E	E	D	-	-	-	-	D	D	D	-	-	E	D	D	D	-	-	E	D	-	-	E	E	E	E
L	L	-	-	-	E	D	N	N	N	N	-	-	-	-	E	L	L	L	-	-	-	-	E	D	D	L	L
D	D	D	D	-	-	-	-	D	D	-	-	-	D	D	D	D	D	-	-	-	-	D	D	D	D	D	D
D	D	L	L	-	-	-	D	L	L	L	L	-	-	-	-	D	D	L	L	L	-	-	-	-	L	L	L
D	L	L	L	L	-	-	-	-	D	D	D	L	L	L	-	-	-	E	E	E	E	E	D	-	-	-	-
E	N	N	-	-	-	-	E	E	E	N	N	-	-	-	E	E	D	D	D	D	-	-	-	E	E	E	E
D	D	D	L	-	-	-	D	D	-	-	-	D	L	L	L	N	-	-	-	-	-	L	L	L	N	N	N
-	-	-	-	E	E	E	D	D	N	-	-	-	-	E	D	N	N	N	-	-	-	E	D	D	D	D	D
N	-	-	-	-	-	-	-	-	-	D	D	D	D	N	-	-	-	-	-	D	-	-	D	-	-	D	D
L	-	-	L	-	-	L	-	-	D	-	-	L	-	-	L	L	-	-	L	-	-	-	D	L	-	-	-
D	-	-	D	L	-	-	-	E	L	-	-	-	-	L	N	-	-	-	L	L	N	-	-	-	-	-	-
L	L	L	-	-	N	-	-	-	L	L	-	-	-	-	-	-	-	-	D	D	N	-	-	-	D	-	-
-	-	N	-	-	-	-	D	L	-	-	-	L	-	-	N	-	-	-	E	L	L	L	-	-	E	-	-
D	N	-	-	-	-	D	-	-	-	-	-	-	-	-	-	-	-	D	D	-	-	-	D	-	D	-	-
-	-	D	D	-	D	D	D	-	-	-	-	-	-	N	-	-	-	-	-	-	-	-	-	L	-	-	-
Objective 0: 9471
Objective 1: 205
Constr violation: 0
Restrictions violated:
0 0 0 0 0 0 0 0 

Individual 2
1	2	3	4	5	6	7	8	9	10	11	12	13	14	15	16	17	18	19	20	21	22	23	24	25	26	27	28
-	-	-	D	D	D	N	-	-	D	D	N	-	-	D	D	D	D	D	-	-	D	N	N	-	-	D	D
E	E	E	D	-	-	-	E	N	-	-	D	N	N	-	-	E	E	E	-	-	D	D	N	-	-	E	E
N	N	N	-	-	-	-	D	D	D	D	D	-	-	D	D	-	-	D	D	D	N	-	-	-	D	D	D
D	L	L	L	-	-	-	-	-	D	D	D	D	D	-	-	L	L	L	L	L	-	-	D	D	L	-	-
D	N	-	-	E	N	N	N	-	-	-	E	E	E	-	-	E	E	E	-	-	E	E	E	D	D	-	-
E	N	-	-	E	E	N	-	-	-	E	E	E	D	D	-	-	E	E	-	-	E	E	D	N	N	-	-
D	D	D	N	N	-	-	D	D	D	D	D	-	-	-	D	D	D	-	-	-	D	D	N	N	-	-	-
E	E	E	E	-	-	E	E	E	E	E	-	-	-	E	E	E	-	-	D	D	D	D	D	-	-	-	-
E	D	D	D	N	-	-	E	E	E	E	D	-	-	-	D	N	-	-	-	E	E	-	-	E	D	N	N
D	D	L	-	-	L	L	N	N	N	-	-	-	-	L	L	L	L	N	-	-	L	L	L	-	-	-	L
E	E	D	N	N	-	-	-	-	E	E	D	N	N	-	-	E	E	D	D	-	-	D	D	D	-	-	-
E	N	-	-	E	D	D	N	-	-	E	D	N	-	-	E	D	D	D	-	-	E	E	D	D	N	-	-
-	-	-	L	L	-	-	D	D	L	L	L	-	-	D	D	L	-	-	D	D	L	N	-	-	D	N	N
-	E	E	E	E	D	-	-	-	E	E	L	-	-	L	L	L	L	N	-	-	D	D	D	L	L	-	-
E	E	D	D	D	-	-	D	D	-	-	D	D	L	-	-	-	E	E	-	-	L	L	L	-	-	D	L
E	E	E	E	D	-	-	-	-	D	D	D	-	-	E	D	D	D	-	-	E	D	-	-	E	E	E	E
L	L	-	-	-	E	D	N	N	N	N	-	-	-	-	E	L	L	L	-	-	-	-	E	D	D	L	L
D	D	D	D	-	-	-	-	D	D	-	-	-	D	D	D	D	D	-	-	-	-	D	D	D	D	D	D
D	D	L	L	-	-	-	D	L	L	L	L	-	-	-	-	D	D	L	L	L	-	-	-	-	L	L	L
D	L	L	L	L	-	-	-	-	D	D	D	L	L	L	-	-	-	E	E	E	E	E	D	-	-	-	-
E	N	N	-	-	-	-	E	E	E	N	N	-	-	-	E	E	D	D	D	D	-	-	-	E	E	E	E
D	D	D	L	-	-	-	D	D	-	-	-	D	L	L	L	N	-	-	-	-	-	L	L	L	N	N	N
-	-	-	E	D	D	D	D	D	-	-	-	-	-	E	D	D	D	N	-	-	-	E	E	D	D	N	N
N	-	-	-	-	-	-	-	-	-	D	D	D	D	N	-	-	-	-	-	D	-	-	D	-	-	D	D
L	-	-	L	-	-	L	-	-	D	-	-	L	-	-	L	L	-	-	L	-	-	-	D	L	-	-	-
D	-	-	D	L	-	-	-	E	L	-	-	-	-	L	N	-	-	-	L	L	N	-	-	-	-	-	-
L	L	L	-	-	N	-	-	-	L	L	-	-	-	-	-	-	-	-	D	D	N	-	-	-	D	-	-
-	-	N	-	-	-	-	D	L	-	-	-	L	-	-	N	-	-	-	E	L	L	L	-	-	E	-	-
D	N	-	-	-	-	D	-	-	-	-	-	-	-	-	-	-	-	D	D	-	-	-	D	-	D	-	-
-	-	D	D	-	D	D	D	-	-	-	-	-	-	N	-	-	-	-	-	-	-	-	-	-	L	-	-
Objective 0: 10179
Objective 1: 187
Constr violation: 0
Restrictions violated:
0 0 0 0 0 0 0 0 

Individual 3
1	2	3	4	5	6	7	8	9	10	11	12	13	14	15	16	17	18	19	20	21	22	23	24	25	26	27	28
-	-	-	D	D	D	N	-	-	D	D	N	-	-	D	D	D	D	D	-	-	D	N	N	-	-	D	D
E	E	E	D	-	-	-	E	N	-	-	D	N	N	-	-	E	E	E	-	-	D	D	N	-	-	E	E
N	N	N	-	-	-	-	D	D	D	D	D	-	-	D	D	-	-	D	D	D	N	-	-	-	D	D	D
D	L	L	L	-	-	-	-	-	D	D	D	D	D	-	-	L	L	L	L	L	-	-	D	D	L	-	-
D	N	-	-	E	N	N	N	-	-	-	E	E	E	-	-	E	E	E	-	-	E	E	E	D	D	-	-
E	N	-	-	E	E	N	-	-	-	E	E	E	D	D	-	-	E	E	-	-	E	E	D	N	N	-	-
D	D	D	N	N	-	-	D	D	D	D	D	-	-	-	D	D	D	-	-	-	D	D	N	N	-	-	-
E	E	E	E	-	-	E	E	E	E	E	-	-	-	E	E	E	-	-	D	D	D	D	D	-	-	-	-
E	D	D	D	N	-	-	E	E	E	E	D	-	-	-	D	N	-	-	-	E	E	-	-	E	D	N	N
D	D	L	-	-	L	L	N	N	N	-	-	-	-	L	L	L	L	N	-	-	L	L	L	-	-	-	L
E	E	D	N	N	-	-	-	-	E	E	D	N	N	-	-	E	E	D	D	-	-	D	D	D	-	-	-
E	N	-	-	E	D	D	N	-	-	E	D	N	-	-	E	D	D	D	-	-	E	E	D	D	N	-	-
-	-	-	L	L	-	-	D	D	L	L	L	-	-	D	D	L	-	-	D	D	L	N	-	-	D	N	N
L	L	-	-	E	L	-	-	-	E	E	L	-	-	L	L	L	L	N	-	-	-	E	E	D	L	N	-
E	E	D	D	D	-	-	E	D	L	L	-	-	-	-	-	-	-	E	E	E	L	L	-	-	L	L	L
E	E	E	E	D	-	-	-	-	D	D	D	-	-	E	D	D	D	-	-	E	D	-	-	E	E	E	E
L	L	-	-	-	E	D	N	N	N	N	-	-	-	-	E	L	L	L	-	-	-	-	E	D	D	L	L
D	D	D	D	-	-	-	-	D	D	-	-	-	D	D	D	D	D	-	-	-	-	D	D	D	D	D	D
D	D	L	L	-	-	-	D	L	L	L	L	-	-	-	-	D	D	L	L	L	-	-	-	-	L	L	L
D	L	L	L	L	-	-	-	-	D	D	D	L	L	L	-	-	-	E	E	E	E	E	D	-	-	-	-
E	N	N	-	-	-	-	E	E	E	N	N	-	-	-	E	E	D	D	D	D	-	-	-	E	E	E	E
D	D	D	L	-	-	-	D	D	-	-	-	D	L	L	L	N	-	-	-	-	-	L	L	L	N	N	N
-	-	-	-	E	E	E	D	D	N	-	-	-	-	E	D	N	N	N	-	-	-	E	D	D	D	D	D
N	-	-	-	-	-	-	-	-	-	D	D	D	D	N	-	-	-	-	-	D	-	-	D	-	-	D	D
L	-	-	L	-	-	L	-	-	D	-	-	L	-	-	L	L	-	-	L	-	-	-	D	L	-	-	-
D	-	-	D	L	-	-	-	E	L	-	-	-	-	L	N	-	-	-	L	L	N	-	-	-	-	-	-
L	L	L	-	-	N	-	-	-	L	L	-	-	-	-	-	-	-	-	D	D	N	-	-	-	D	-	-
-	-	N	-	-	-	-	D	L	-	-	-	L	-	-	N	-	-	-	E	L	L	L	-	-	E	-	-
D	N	-	-	-	-	D	-	-	-	-	-	-	-	-	-	-	-	D	D	-	-	-	D	-	D	-	-
-	-	D	D	-	D	D	D	-	-	-	-	-	-	N	-	-	-	-	-	-	-	-	-	-	L	-	-
Objective 0: 9572
Objective 1: 203
Constr violation: 0
Restrictions violated:
0 0 0 0 0 0 0 0 

Individual 4
1	2	3	4	5	6	7	8	9	10	11	12	13	14	15	16	17	18	19	20	21	22	23	24	25	26	27	28
-	-	-	D	D	D	N	-	-	D	D	N	-	-	D	D	D	D	D	-	-	D	N	N	-	-	D	D
E	E	E	D	-	-	-	E	N	-	-	D	N	N	-	-	E	E	E	-	-	D	D	N	-	-	E	E
N	N	N	-	-	-	-	D	D	D	D	D	-	-	D	D	-	-	D	D	D	N	-	-	-	D	D	D
D	L	L	L	-	-	-	-	-	D	D	D	D	D	-	-	L	L	L	L	L	-	-	D	D	L	-	-
D	N	-	-	E	N	N	N	-	-	-	E	E	E	-	-	E	E	E	-	-	E	E	E	D	D	-	-
E	N	-	-	E	E	N	-	-	-	E	E	E	D	D	-	-	E	E	-	-	E	E	D	N	N	-	-
D	D	D	N	N	-	-	D	D	D	D	D	-	-	-	D	D	D	-	-	-	D	D	N	N	-	-	-
E	E	E	E	-	-	E	E	E	E	E	-	-	-	E	E	E	-	-	D	D	D	D	D	-	-	-	-
E	D	D	D	N	-	-	E	E	E	E	D	-	-	-	D	N	-	-	-	E	E	-	-	E	D	N	N
D	D	L	-	-	L	L	N	N	N	-	-	-	-	L	L	L	L	N	-	-	L	L	L	-	-	-	L
E	E	D	N	N	-	-	-	-	E	E	D	N	N	-	-	E	E	D	D	-	-	D	D	D	-	-	-
E	N	-	-	E	D	D	N	-	-	E	D	N	-	-	E	D	D	D	-	-	E	E	D	D	N	-	-
-	-	-	L	L	-	-	D	D	L	L	L	-	-	D	D	L	-	-	D	D	L	N	-	-	D	N	N
L	L	-	-	E	L	-	-	-	E	E	L	-	-	L	L	L	L	N	-	-	-	E	E	D	L	N	-
E	E	D	D	D	-	-	E	D	L	L	-	-	-	-	-	-	-	E	E	E	L	L	-	-	L	L	L
E	E	E	E	D	-	-	-	-	D	D	D	-	-	E	D	D	D	-	-	E	D	-	-	E	E	E	E
L	L	-	-	-	E	D	N	N	N	N	-	-	-	-	E	L	L	L	-	-	-	-	E	D	D	L	L
D	D	D	D	-	-	-	-	D	D	-	-	-	D	D	D	D	D	-	-	-	-	D	D	D	D	D	D
D	D	L	L	-	-	-	D	L	L	L	L	-	-	-	-	D	D	L	L	L	-	-	-	-	L	L	L
D	L	L	L	L	-	-	-	-	D	D	D	L	L	L	-	-	-	E	E	E	E	E	D	-	-	-	-
E	N	N	-	-	-	-	E	E	E	N	N	-	-	-	E	E	D	D	D	D	-	-	-	E	E	E	E
D	D	D	L	-	-	-	D	D	-	-	-	D	L	L	L	N	-	-	-	-	-	L	L	L	N	N	N
-	-	-	-	E	E	E	D	D	N	-	-	-	-	E	D	N	N	N	-	-	-	E	D	D	D	D	D
N	-	-	-	-	-	-	-	-	-	D	D	D	D	N	-	-	-	-	-	D	-	-	D	-	-	D	D
L	-	-	-	-	-	-	-	-	-	-	D	L	L	L	-	-	-	D	L	-	-	-	L	-	-	D	D
D	-	-	D	L	-	-	-	E	L	-	-	-	-	L	N	-	-	-	L	L	N	-	-	-	-	-	-
L	L	L	-	-	N	-	-	-	L	L	-	-	-	-	-	-	-	-	D	D	N	-	-	-	D	-	-
-	-	N	-	-	-	-	D	L	-	-	-	L	-	-	N	-	-	-	E	L	L	L	-	-	E	-	-
D	N	-	-	-	-	D	-	-	-	-	-	-	-	-	-	-	-	D	D	-	-	-	D	-	D	-	-
-	-	D	D	-	D	D	D	-	-	-	-	-	-	N	-	-	-	-	-	-	-	-	-	-	L	-	-
Objective 0: 9774
Objective 1: 201
Constr violation: 0
Restrictions violated:
0 0 0 0 0 0 0 0 

Individual 5
1	2	3	4	5	6	7	8	9	10	11	12	13	14	15	16	17	18	19	20	21	22	23	24	25	26	27	28
-	-	-	D	D	D	N	-	-	D	D	N	-	-	D	D	D	D	D	-	-	D	N	N	-	-	D	D
E	E	E	D	-	-	-	E	N	-	-	D	N	N	-	-	E	E	E	-	-	D	D	N	-	-	E	E
N	N	N	-	-	-	-	D	D	D	D	D	-	-	D	D	-	-	D	D	D	N	-	-	-	D	D	D
D	L	L	L	-	-	-	-	-	D	D	D	D	D	-	-	L	L	L	L	L	-	-	D	D	L	-	-
D	N	-	-	E	N	N	N	-	-	-	E	E	E	-	-	E	E	E	-	-	E	E	E	D	D	-	-
E	N	-	-	E	E	N	-	-	-	E	E	E	D	D	-	-	E	E	-	-	E	E	D	N	N	-	-
D	D	D	N	N	-	-	D	D	D	D	D	-	-	-	D	D	D	-	-	-	D	D	N	N	-	-	-
E	E	E	E	-	-	E	E	E	E	E	-	-	-	E	E	E	-	-	D	D	D	D	D	-	-	-	-
E	D	D	D	N	-	-	E	E	E	E	D	-	-	-	D	N	-	-	-	E	E	-	-	E	D	N	N
D	D	L	-	-	L	L	N	N	N	-	-	-	-	L	L	L	L	N	-	-	L	L	L	-	-	-	L
E	E	D	N	N	-	-	-	-	E	E	D	N	N	-	-	E	E	D	D	-	-	D	D	D	-	-	-
E	N	-	-	E	D	D	N	-	-	E	D	N	-	-	E	D	D	D	-	-	E	E	D	D	N	-	-
-	-	-	L	L	-	-	D	D	L	L	L	-	-	D	D	L	-	-	D	D	L	N	-	-	D	N	N
-	E	E	E	E	D	-	-	-	E	E	L	-	-	L	L	L	L	N	-	-	D	D	D	L	L	-	-
E	E	D	D	D	-	-	D	D	-	-	D	D	L	-	-	-	E	E	-	-	L	L	L	-	-	D	L
E	E	E	E	D	-	-	-	-	D	D	D	-	-	E	D	D	D	-	-	E	D	-	-	E	E	E	E
L	L	-	-	-	E	D	N	N	N	N	-	-	-	-	E	L	L	L	-	-	-	-	E	D	D	L	L
D	D	D	D	-	-	-	-	D	D	-	-	-	D	D	D	D	D	-	-	-	-	D	D	D	D	D	D
D	D	L	L	-	-	-	D	L	L	L	L	-	-	-	-	D	D	L	L	L	-	-	-	-	L	L	L
D	L	L	L	L	-	-	-	-	D	D	D	L	L	L	-	-	-	E	E	E	E	E	D	-	-	-	-
E	N	N	-	-	-	-	E	E	E	N	N	-	-	-	E	E	D	D	D	D	-	-	-	E	E	E	E
D	D	D	L	-	-	-	D	D	-	-	-	D	L	L	L	N	-	-	-	-	-	L	L	L	N	N	N
-	-	-	E	D	D	D	D	D	-	-	-	-	-	E	D	D	D	N	-	-	-	E	E	D	D	N	N
N	-	-	-	-	-	-	-	-	-	D	D	D	D	N	-	-	-	-	-	D	-	-	D	-	-	D	D
L	-	-	L	-	-	L	-	-	D	-	-	L	-	-	L	L	-	-	L	-	-	-	D	L	-	-	-
-	-	-	D	N	-	-	-	E	E	L	N	-	-	-	-	L	-	-	L	-	-	E	D	-	-	-	-
L	L	L	-	-	N	-	-	-	L	L	-	-	-	-	-	-	-	-	D	D	N	-	-	-	D	-	-
-	-	N	-	-	-	-	D	L	-	-	-	L	-	-	N	-	-	-	E	L	L	L	-	-	E	-	-
D	N	-	-	-	-	D	-	-	-	-	-	-	-	-	-	-	-	D	D	-	-	-	D	-	D	-	-
-	-	D	D	-	D	D	D	-	-	-	-	-	-	N	-	-	-	-	-	-	-	-	-	-	L	-	-
Objective 0: 10583
Objective 1: 184
Constr violation: 0
Restrictions violated:
0 0 0 0 0 0 0 0 

Individual 6
1	2	3	4	5	6	7	8	9	10	11	12	13	14	15	16	17	18	19	20	21	22	23	24	25	26	27	28
-	-	-	D	D	D	N	-	-	D	D	N	-	-	D	D	D	D	D	-	-	D	N	N	-	-	D	D
E	E	E	D	-	-	-	E	N	-	-	D	N	N	-	-	E	E	E	-	-	D	D	N	-	-	E	E
N	N	N	-	-	-	-	D	D	D	D	D	-	-	D	D	-	-	D	D	D	N	-	-	-	D	D	D
D	L	L	L	-	-	-	-	-	D	D	D	D	D	-	-	L	L	L	L	L	-	-	D	D	L	-	-
D	N	-	-	E	N	N	N	-	-	-	E	E	E	-	-	E	E	E	-	-	E	E	E	D	D	-	-
E	N	-	-	E	E	N	-	-	-	E	E	E	D	D	-	-	E	E	-	-	E	E	D	N	N	-	-
D	D	D	N	N	-	-	-	D	D	N	N	-	-	-	D	D	-	-	D	D	D	D	-	-	-	D	D
E	E	E	E	-	-	E	E	E	E	E	-	-	-	E	E	E	-	-	D	D	D	D	D	-	-	-	-
E	D	D	D	N	-	-	E	E	E	E	D	-	-	-	D	N	-	-	-	E	E	-	-	E	D	N	N
D	D	L	-	-	L	L	N	N	N	-	-	-	-	L	L	L	L	N	-	-	L	L	L	-	-	-	L
E	E	D	N	N	-	-	-	-	E	E	D	N	N	-	-	E	E	D	D	-	-	D	D	D	-	-	-
E	N	-	-	E	D	D	N	-	-	E	D	N	-	-	E	D	D	D	-	-	E	E	D	D	N	-	-
-	-	-	L	L	-	-	D	D	L	L	L	-	-	D	D	L	-	-	D	D	L	N	-	-	D	N	N
-	E	E	E	E	D	-	-	-	E	E	L	-	-	L	L	L	L	N	-	-	D	D	D	L	L	-	-
E	E	D	D	D	-	-	D	D	-	-	D	D	L	-	-	-	E	E	-	-	L	L	L	-	-	D	L
E	E	E	E	D	-	-	-	-	D	D	D	-	-	E	D	D	D	-	-	E	D	-	-	E	E	E	E
L	L	-	-	-	E	D	N	N	N	N	-	-	-	-	E	L	L	L	-	-	-	-	E	D	D	L	L
D	D	D	D	-	-	-	-	D	D	-	-	-	D	D	D	D	D	-	-	-	-	D	D	D	D	D	D
D	D	L	L	-	-	-	D	L	L	L	L	-	-	-	-	D	D	L	L	L	-	-	-	-	L	L	L
D	L	L	L	L	-	-	-	-	D	D	D	L	L	L	-	-	-	E	E	E	E	E	D	-	-	-	-
E	E	D	N	N	N	-	-	-	E	D	-	-	-	E	E	E	D	N	-	-	-	-	-	E	D	D	D
E	E	L	L	N	-	-	-	E	D	-	-	-	-	E	L	L	N	-	-	-	-	E	L	L	L	L	L
-	-	-	E	D	D	D	D	D	-	-	-	-	-	E	D	D	D	N	-	-	-	E	E	D	D	N	N
N	-	-	-	-	-	-	-	-	-	D	D	D	D	N	-	-	-	-	-	D	-	-	D	-	-	D	D
L	-	-	-	-	-	-	-	-	-	-	D	L	L	L	-	-	-	D	L	-	-	-	L	-	-	D	D
D	-	-	D	L	-	-	-	E	L	-	-	-	-	L	N	-	-	-	L	L	N	-	-	-	-	-	-
L	L	L	-	-	N	-	-	-	L	L	-	-	-	-	-	-	-	-	D	D	N	-	-	-	D	-	-
-	-	N	-	-	-	-	D	L	-	-	-	L	-	-	N	-	-	-	E	L	L	L	-	-	E	-	-
D	N	-	-	-	-	D	-	-	-	-	-	-	-	-	-	-	-	D	D	-	-	-	D	-	D	-	-
-	-	D	D	-	D	D	D	-	-	-	-	-	-	N	-	-	-	-	-	-	-	-	-	-	L	-	-
Objective 0: 11087
Objective 1: 180
Constr violation: 0
Restrictions violated:
0 0 0 0 0 0 0 0 

Individual 7
1	2	3	4	5	6	7	8	9	10	11	12	13	14	15	16	17	18	19	20	21	22	23	24	25	26	27	28
-	-	-	D	D	D	N	-	-	D	D	N	-	-	D	D	D	D	D	-	-	D	N	N	-	-	D	D
E	E	E	D	-	-	-	E	N	-	-	D	N	N	-	-	E	E	E	-	-	D	D	N	-	-	E	E
N	N	N	-	-	-	-	D	D	D	D	D	-	-	D	D	-	-	D	D	D	N	-	-	-	D	D	D
D	L	L	L	-	-	-	-	-	D	D	D	D	D	-	-	L	L	L	L	L	-	-	D	D	L	-	-
D	N	-	-	E	N	N	N	-	-	-	E	E	E	-	-	E	E	E	-	-	E	E	E	D	D	-	-
E	N	-	-	E	E	N	-	-	-	E	E	E	D	D	-	-	E	E	-	-	E	E	D	N	N	-	-
D	D	D	N	N	-	-	D	D	D	D	D	-	-	-	D	D	D	-	-	-	D	D	N	N	-	-	-
E	E	E	E	-	-	E	E	E	E	E	-	-	-	E	E	E	-	-	D	D	D	D	D	-	-	-	-
E	D	D	D	N	-	-	E	E	E	E	D	-	-	-	D	N	-	-	-	E	E	-	-	E	D	N	N
D	D	L	-	-	L	L	N	N	N	-	-	-	-	L	L	L	L	N	-	-	L	L	L	-	-	-	L
E	E	D	N	N	-	-	-	-	E	E	D	N	N	-	-	E	E	D	D	-	-	D	D	D	-	-	-
E	N	-	-	E	D	D	N	-	-	E	D	N	-	-	E	D	D	D	-	-	E	E	D	D	N	-	-
-	-	-	L	L	-	-	D	D	L	L	L	-	-	D	D	L	-	-	D	D	L	N	-	-	D	N	N
-	E	E	E	E	D	-	-	-	E	E	L	-	-	L	L	L	L	N	-	-	D	D	D	L	L	-	-
E	E	D	D	D	-	-	D	D	-	-	D	D	L	-	-	-	E	E	-	-	L	L	L	-	-	D	L
E	E	E	E	D	-	-	-	-	D	D	D	-	-	E	D	D	D	-	-	E	D	-	-	E	E	E	E
L	L	-	-	-	E	D	N	N	N	N	-	-	-	-	E	L	L	L	-	-	-	-	E	D	D	L	L
D	D	D	D	-	-	-	-	D	D	-	-	-	D	D	D	D	D	-	-	-	-	D	D	D	D	D	D
D	D	L	L	-	-	-	D	L	L	L	L	-	-	-	-	D	D	L	L	L	-	-	-	-	L	L	L
D	L	L	L	L	-	-	-	-	D	D	D	L	L	L	-	-	-	E	E	E	E	E	D	-	-	-	-
E	N	N	-	-	-	-	E	E	E	N	N	-	-	-	E	E	D	D	D	D	-	-	-	E	E	E	E
D	D	D	L	-	-	-	D	D	-	-	-	D	L	L	L	N	-	-	-	-	-	L	L	L	N	N	N
-	-	-	E	D	D	D	D	D	-	-	-	-	-	E	D	D	D	N	-	-	-	E	E	D	D	N	N
N	-	-	-	-	-	-	-	-	-	D	D	D	D	N	-	-	-	-	-	D	-	-	D	-	-	D	D
L	-	-	-	-	-	-	-	-	-	-	D	L	L	L	-	-	-	D	L	-	-	-	L	-	-	D	D
-	-	-	D	N	-	-	-	E	E	L	N	-	-	-	-	L	-	-	L	-	-	E	D	-	-	-	-
L	L	L	-	-	N	-	-	-	L	L	-	-	-	-	-	-	-	-	D	D	N	-	-	-	D	-	-
-	-	N	-	-	-	-	D	L	-	-	-	L	-	-	N	-	-	-	E	L	L	L	-	-	E	-	-
D	N	-	-	-	-	D	-	-	-	-	-	-	-	-	-	-	-	D	D	-	-	-	D	-	D	-	-
-	-	D	D	-	D	D	D	-	-	-	-	-	-	N	-	-	-	-	-	-	-	-	-	-	L	-	-
Objective 0: 10684
Objective 1: 182
Constr violation: 0
Restrictions violated:
0 0 0 0 0 0 0 0 

Individual 8
1	2	3	4	5	6	7	8	9	10	11	12	13	14	15	16	17	18	19	20	21	22	23	24	25	26	27	28
-	-	-	D	D	D	N	-	-	D	D	N	-	-	D	D	D	D	D	-	-	D	N	N	-	-	D	D
E	E	E	D	-	-	-	E	N	-	-	D	N	N	-	-	E	E	E	-	-	D	D	N	-	-	E	E
N	N	N	-	-	-	-	D	D	D	D	D	-	-	D	D	-	-	D	D	D	N	-	-	-	D	D	D
D	L	L	L	-	-	-	-	-	D	D	D	D	D	-	-	L	L	L	L	L	-	-	D	D	L	-	-
D	N	-	-	E	N	N	N	-	-	-	E	E	E	-	-	E	E	E	-	-	E	E	E	D	D	-	-
E	N	-	-	E	E	N	-	-	-	E	E	E	D	D	-	-	E	E	-	-	E	E	D	N	N	-	-
D	D	D	N	N	-	-	-	D	D	N	N	-	-	-	D	D	-	-	D	D	D	D	-	-	-	D	D
E	E	E	E	-	-	E	E	E	E	E	-	-	-	E	E	E	-	-	D	D	D	D	D	-	-	-	-
E	D	D	D	N	-	-	E	E	E	E	D	-	-	-	D	N	-	-	-	E	E	-	-	-	D	N	N
D	D	L	-	-	L	L	N	N	N	-	-	-	-	L	L	L	L	N	-	-	L	L	L	-	-	-	L
E	E	D	N	N	-	-	-	-	E	E	D	N	N	-	-	E	E	D	D	-	-	D	D	D	-	-	-
E	E	D	D	N	-	-	E	N	-	-	E	N	-	-	D	D	D	D	-	-	-	-	-	E	E	D	N
-	-	-	L	L	-	-	D	D	L	L	L	-	-	D	D	L	-	-	D	D	L	N	-	-	D	N	N
-	E	E	E	E	D	-	-	-	E	E	L	-	-	L	L	L	L	N	-	-	D	D	D	L	L	-	-
E	E	D	D	D	-	-	D	D	-	-	D	D	L	-	-	-	E	E	-	-	L	L	L	-	-	D	L
E	E	E	E	D	-	-	-	-	D	D	D	-	-	E	D	D	D	-	-	E	D	-	-	E	E	E	E
L	L	-	-	-	E	D	N	N	N	N	-	-	-	-	E	L	L	L	-	-	-	-	E	D	D	L	L
D	D	D	D	-	-	-	-	D	D	-	-	-	D	D	D	D	D	-	-	-	-	D	D	D	D	D	D
D	D	L	L	-	-	-	D	L	L	L	L	-	-	-	-	D	D	L	L	L	-	-	-	-	L	L	L
D	L	L	L	L	-	-	-	-	D	D	D	L	L	L	-	-	-	E	E	E	E	E	D	-	-	-	-
E	E	D	N	N	N	-	-	-	E	D	-	-	-	E	E	E	D	N	-	-	-	-	-	E	D	D	D
D	D	D	L	-	-	-	D	D	-	-	-	D	L	L	L	N	-	-	-	-	-	L	L	L	N	N	N
-	-	-	E	D	D	D	D	D	-	-	-	-	-	E	D	D	D	N	-	-	-	E	E	D	D	N	N
N	-	-	-	-	-	-	-	-	-	D	D	D	D	N	-	-	-	-	-	D	-	-	D	-	-	D	D
L	-	-	-	-	-	-	-	-	-	-	D	L	L	L	-	-	-	D	L	-	-	-	L	-	-	D	D
-	-	-	D	N	-	-	-	E	E	L	N	-	-	-	-	L	-	-	L	-	-	E	D	-	-	-	-
L	L	L	-	-	N	-	-	-	L	L	-	-	-	-	-	-	-	-	D	D	N	-	-	-	D	-	-
-	-	N	-	-	-	-	D	L	-	-	-	L	-	-	N	-	-	-	E	L	L	L	-	-	E	-	-
D	N	-	-	-	-	D	-	-	-	-	-	-	-	-	-	-	-	D	D	-	-	-	D	-	D	-	-
-	-	D	D	-	D	D	D	-	-	-	-	-	-	N	-	-	-	-	-	-	-	-	-	-	L	-	-
Objective 0: 11489
Objective 1: 175
Constr violation: 0
Restrictions violated:
0 0 0 0 0 0 0 0 

Individual 9
1	2	3	4	5	6	7	8	9	10	11	12	13	14	15	16	17	18	19	20	21	22	23	24	25	26	27	28
-	-	-	D	D	D	N	-	-	D	D	N	-	-	D	D	D	D	D	-	-	D	N	N	-	-	D	D
E	E	E	D	-	-	-	E	N	-	-	D	N	N	-	-	E	E	E	-	-	D	D	N	-	-	E	E
N	N	N	-	-	-	-	D	D	D	D	D	-	-	D	D	-	-	D	D	D	N	-	-	-	D	D	D
D	L	L	L	-	-	-	-	-	D	D	D	D	D	-	-	L	L	L	L	L	-	-	D	D	L	-	-
D	N	-	-	E	N	N	N	-	-	-	E	E	E	-	-	E	E	E	-	-	E	E	E	D	D	-	-
E	N	-	-	E	E	N	-	-	-	E	E	E	D	D	-	-	E	E	-	-	E	E	D	N	N	-	-
D	D	D	N	N	-	-	D	D	D	D	D	-	-	-	D	D	D	-	-	-	D	D	N	N	-	-	-
E	E	E	E	-	-	E	E	E	E	E	-	-	-	E	E	E	-	-	D	D	D	D	D	-	-	-	-
E	D	D	D	N	-	-	E	E	E	E	D	-	-	-	D	N	-	-	-	E	E	-	-	E	D	N	N
D	D	L	-	-	L	L	N	N	N	-	-	-	-	L	L	L	L	N	-	-	L	L	L	-	-	-	L
E	E	D	N	N	-	-	-	-	E	E	D	N	N	-	-	E	E	D	D	-	-	D	D	D	-	-	-
E	N	-	-	E	D	D	N	-	-	E	D	N	-	-	E	D	D	D	-	-	E	E	D	D	N	-	-
-	-	-	L	L	-	-	D	D	L	L	L	-	-	D	D	L	-	-	D	D	L	N	-	-	D	N	N
-	E	E	E	E	D	-	-	-	E	E	L	-	-	L	L	L	L	N	-	-	D	D	D	L	L	-	-
E	E	D	D	D	-	-	D	D	-	-	D	D	L	-	-	-	E	E	-	-	L	L	L	-	-	D	L
E	E	E	E	D	-	-	-	-	D	D	D	-	-	E	D	D	D	-	-	E	D	-	-	E	E	E	E
L	L	-	-	-	E	D	N	N	N	N	-	-	-	-	E	L	L	L	-	-	-	-	E	D	D	L	L
D	D	D	D	-	-	-	-	D	D	-	-	-	D	D	D	D	D	-	-	-	-	D	D	D	D	D	D
D	D	L	L	-	-	-	D	L	L	L	L	-	-	-	-	D	D	L	L	L	-	-	-	-	L	L	L
D	L	L	L	L	-	-	-	-	D	D	D	L	L	L	-	-	-	E	E	E	E	E	D	-	-	-	-
E	N	N	-	-	-	-	E	E	E	N	N	-	-	-	E	E	D	D	D	D	-	-	-	E	E	E	E
D	D	D	L	-	-	-	D	D	-	-	-	D	L	L	L	N	-	-	-	-	-	L	L	L	N	N	N
-	-	-	-	E	E	E	D	D	N	-	-	-	-	E	D	N	N	N	-	-	-	E	D	D	D	D	D
N	-	-	-	-	-	-	-	-	-	D	D	D	D	N	-	-	-	-	-	D	-	-	D	-	-	D	D
L	-	-	-	-	-	-	-	-	-	-	D	L	L	L	-	-	-	D	L	-	-	-	L	-	-	D	D
D	-	-	D	L	-	-	-	E	L	-	-	-	-	L	N	-	-	-	L	L	N	-	-	-	-	-	-
L	L	L	-	-	N	-	-	-	L	L	-	-	-	-	-	-	-	-	D	D	N	-	-	-	D	-	-
-	-	N	-	-	-	-	D	L	-	-	-	L	-	-	N	-	-	-	E	L	L	L	-	-	E	-	-
D	N	-	-	-	-	D	-	-	-	-	-	-	-	-	-	-	-	D	D	-	-	-	D	-	D	-	-
-	-	D	D	-	D	D	D	-	-	-	-	-	-	N	-	-	-	-	-	-	-	-	-	-	L	-	-
Objective 0: 10078
Objective 1: 191
Constr violation: 0
Restrictions violated:
0 0 0 0 0 0 0 0 

Individual 10
1	2	3	4	5	6	7	8	9	10	11	12	13	14	15	16	17	18	19	20	21	22	23	24	25	26	27	28
-	-	-	D	D	D	N	-	-	D	D	N	-	-	D	D	D	D	D	-	-	D	N	N	-	-	D	D
E	E	E	D	-	-	-	E	N	-	-	D	N	N	-	-	E	E	E	-	-	D	D	N	-	-	E	E
N	N	N	-	-	-	-	D	D	D	D	D	-	-	D	D	-	-	D	D	D	N	-	-	-	D	D	D
D	L	L	L	-	-	-	-	-	D	D	D	D	D	-	-	L	L	L	L	L	-	-	D	D	L	-	-
D	N	-	-	E	N	N	N	-	-	-	E	E	E	-	-	E	E	E	-	-	E	E	E	D	D	-	-
E	N	-	-	E	E	N	-	-	-	E	E	E	D	D	-	-	E	E	-	-	E	E	D	N	N	-	-
D	D	D	N	N	-	-	-	D	D	N	N	-	-	-	D	D	-	-	D	D	D	D	-	-	-	D	D
E	E	E	E	-	-	E	E	E	E	E	-	-	-	E	E	E	-	-	D	D	D	D	D	-	-	-	-
E	D	D	D	N	-	-	E	E	E	E	D	-	-	-	D	N	-	-	-	E	E	-	-	E	D	N	N
D	D	L	-	-	L	L	N	N	N	-	-	-	-	L	L	L	L	N	-	-	L	L	L	-	-	-	L
E	E	D	N	N	-	-	-	-	E	E	D	N	N	-	-	E	E	D	D	-	-	D	D	D	-	-	-
E	N	-	-	E	D	D	N	-	-	E	D	N	-	-	E	D	D	D	-	-	E	E	D	D	N	-	-
-	-	-	L	L	-	-	D	D	L	L	L	-	-	D	D	L	-	-	D	D	L	N	-	-	D	N	N
-	E	E	E	E	D	-	-	-	E	E	L	-	-	L	L	L	L	N	-	-	D	D	D	L	L	-	-
E	E	D	D	D	-	-	D	D	-	-	D	D	L	-	-	-	E	E	-	-	L	L	L	-	-	D	L
E	E	E	E	D	-	-	-	-	D	D	D	-	-	E	D	D	D	-	-	E	D	-	-	E	E	E	E
L	L	-	-	-	E	D	N	N	N	N	-	-	-	-	E	L	L	L	-	-	-	-	E	D	D	L	L
D	D	D	D	-	-	-	-	D	D	-	-	-	D	D	D	D	D	-	-	-	-	D	D	D	D	D	D
D	D	L	L	-	-	-	D	L	L	L	L	-	-	-	-	D	D	L	L	L	-	-	-	-	L	L	L
D	L	L	L	L	-	-	-	-	D	D	D	L	L	L	-	-	-	E	E	E	E	E	D	-	-	-	-
E	E	D	N	N	N	-	-	-	E	D	-	-	-	E	E	E	D	N	-	-	-	-	-	E	D	D	D
D	D	D	L	-	-	-	D	D	-	-	-	D	L	L	L	N	-	-	-	-	-	L	L	L	N	N	N
-	-	-	E	D	D	D	D	D	-	-	-	-	-	E	D	D	D	N	-	-	-	E	E	D	D	N	N
N	-	-	-	-	-	-	-	-	-	D	D	D	D	N	-	-	-	-	-	D	-	-	D	-	-	D	D
L	-	-	-	-	-	-	-	-	-	-	D	L	L	L	-	-	-	D	L	-	-	-	L	-	-	D	D
-	-	-	D	N	-	-	-	E	E	L	N	-	-	-	-	L	-	-	L	-	-	E	D	-	-	-	-
L	L	L	-	-	N	-	-	-	L	L	-	-	-	-	-	-	-	-	D	D	N	-	-	-	D	-	-
-	-	N	-	-	-	-	D	L	-	-	-	L	-	-	N	-	-	-	E	L	L	L	-	-	E	-	-
D	N	-	-	-	-	D	-	-	-	-	-	-	-	-	-	-	-	D	D	-	-	-	D	-	D	-	-
-	-	D	D	-	D	D	D	-	-	-	-	-	-	N	-	-	-	-	-	-	-	-	-	-	L	-	-
Objective 0: 11188
Objective 1: 178
Constr violation: 0
Restrictions violated:
0 0 0 0 0 0 0 0 

Individual 11
1	2	3	4	5	6	7	8	9	10	11	12	13	14	15	16	17	18	19	20	21	22	23	24	25	26	27	28
-	-	-	D	D	D	N	-	-	D	D	N	-	-	D	D	D	D	D	-	-	D	N	N	-	-	D	D
E	E	E	D	-	-	-	E	N	-	-	D	N	N	-	-	E	E	E	-	-	D	D	N	-	-	E	E
N	N	N	-	-	-	-	D	D	D	D	D	-	-	D	D	-	-	D	D	D	N	-	-	-	D	D	D
D	L	L	L	-	-	-	-	-	D	D	D	D	D	-	-	L	L	L	L	L	-	-	D	D	L	-	-
D	N	-	-	E	N	N	N	-	-	-	E	E	E	-	-	E	E	E	-	-	E	E	E	D	D	-	-
E	N	-	-	E	E	N	-	-	-	E	E	E	D	D	-	-	E	E	-	-	E	E	D	N	N	-	-
D	D	D	N	N	-	-	D	D	D	D	D	-	-	-	D	D	D	-	-	-	D	D	N	N	-	-	-
E	E	E	E	-	-	E	E	E	E	E	-	-	-	E	E	E	-	-	D	D	D	D	D	-	-	-	-
E	D	D	D	N	-	-	E	E	E	E	D	-	-	-	D	N	-	-	-	E	E	-	-	E	D	N	N
D	D	L	-	-	L	L	N	N	N	-	-	-	-	L	L	L	L	N	-	-	L	L	L	-	-	-	L
E	E	D	N	N	-	-	-	-	E	E	D	N	N	-	-	E	E	D	D	-	-	D	D	D	-	-	-
E	N	-	-	E	D	D	N	-	-	E	D	N	-	-	E	D	D	D	-	-	E	E	D	D	N	-	-
-	-	-	L	L	-	-	D	D	L	L	L	-	-	D	D	L	-	-	D	D	L	N	-	-	D	N	N
-	E	E	E	E	D	-	-	-	E	E	L	-	-	L	L	L	L	N	-	-	D	D	D	L	L	-	-
E	E	D	D	D	-	-	E	D	L	L	-	-	-	-	-	-	-	E	E	E	L	L	-	-	L	L	L
E	E	E	E	D	-	-	-	-	D	D	D	-	-	E	D	D	D	-	-	E	D	-	-	E	E	E	E
L	L	-	-	-	E	D	N	N	N	N	-	-	-	-	E	L	L	L	-	-	-	-	E	D	D	L	L
D	D	D	D	-	-	-	-	D	D	-	-	-	D	D	D	D	D	-	-	-	-	D	D	D	D	D	D
D	D	L	L	-	-	-	D	L	L	L	L	-	-	-	-	D	D	L	L	L	-	-	-	-	L	L	L
D	L	L	L	L	-	-	-	-	D	D	D	L	L	L	-	-	-	E	E	E	E	E	D	-	-	-	-
E	N	N	-	-	-	-	E	E	E	N	N	-	-	-	E	E	D	D	D	D	-	-	-	E	E	E	E
D	D	D	L	-	-	-	D	D	-	-	-	D	L	L	L	N	-	-	-	-	-	L	L	L	N	N	N
-	-	-	E	D	D	D	D	D	-	-	-	-	-	E	D	D	D	N	-	-	-	E	E	D	D	N	N
N	-	-	-	-	-	-	-	-	-	D	D	D	D	N	-	-	-	-	-	D	-	-	D	-	-	D	D
L	-	-	L	-	-	L	-	-	D	-	-	L	-	-	L	L	-	-	L	-	-	-	D	L	-	-	-
D	-	-	D	L	-	-	-	E	L	-	-	-	-	L	N	-	-	-	L	L	N	-	-	-	-	-	-
L	L	L	-	-	N	-	-	-	L	L	-	-	-	-	-	-	-	-	D	D	N	-	-	-	D	-	-
-	-	N	-	-	-	-	D	L	-	-	-	L	-	-	N	-	-	-	E	L	L	L	-	-	E	-	-
D	N	-	-	-	-	D	-	-	-	-	-	-	-	-	-	-	-	D	D	-	-	-	D	-	D	-	-
-	-	D	D	-	D	D	D	-	-	-	-	-	-	N	-	-	-	-	-	-	-	-	-	L	-	-	-
Objective 0: 9775
Objective 1: 198
Constr violation: 0
Restrictions violated:
0 0 0 0 0 0 0 0 

Individual 12
1	2	3	4	5	6	7	8	9	10	11	12	13	14	15	16	17	18	19	20	21	22	23	24	25	26	27	28
-	-	-	D	D	D	N	-	-	D	D	N	-	-	D	D	D	D	D	-	-	D	N	N	-	-	D	D
E	E	E	D	-	-	-	E	N	-	-	D	N	N	-	-	E	E	E	-	-	D	D	N	-	-	E	E
N	N	N	-	-	-	-	D	D	D	D	D	-	-	D	D	-	-	D	D	D	N	-	-	-	D	D	D
D	L	L	L	-	-	-	-	-	D	D	D	D	D	-	-	L	L	L	L	L	-	-	D	D	L	-	-
D	N	-	-	E	N	N	N	-	-	-	E	E	E	-	-	E	E	E	-	-	E	E	E	D	D	-	-
E	N	-	-	E	E	N	-	-	-	E	E	E	D	D	-	-	E	E	-	-	E	E	D	N	N	-	-
D	D	D	N	N	-	-	D	D	D	D	D	-	-	-	D	D	D	-	-	-	D	D	N	N	-	-	-
E	E	E	E	-	-	E	E	E	E	E	-	-	-	E	E	E	-	-	D	D	D	D	D	-	-	-	-
E	D	D	D	N	-	-	E	E	E	E	D	-	-	-	D	N	-	-	-	E	E	-	-	E	D	N	N
D	D	L	-	-	L	L	N	N	N	-	-	-	-	L	L	L	L	N	-	-	L	L	L	-	-	-	L
E	E	D	N	N	-	-	-	-	E	E	D	N	N	-	-	E	E	D	D	-	-	D	D	D	-	-	-
E	N	-	-	E	D	D	N	-	-	E	D	N	-	-	E	D	D	D	-	-	E	E	D	D	N	-	-
-	-	-	L	L	-	-	D	D	L	L	L	-	-	D	D	L	-	-	D	D	L	N	-	-	D	N	N
L	L	-	-	E	L	-	-	-	E	E	L	-	-	L	L	L	L	N	-	-	-	E	E	D	L	N	-
E	E	D	D	D	-	-	D	D	-	-	D	D	L	-	-	-	E	E	-	-	L	L	L	-	-	D	L
E	E	E	E	D	-	-	-	-	D	D	D	-	-	E	D	D	D	-	-	E	D	-	-	E	E	E	E
L	L	-	-	-	E	D	N	N	N	N	-	-	-	-	E	L	L	L	-	-	-	-	E	D	D	L	L
D	D	D	D	-	-	-	-	D	D	-	-	-	D	D	D	D	D	-	-	-	-	D	D	D	D	D	D
D	D	L	L	-	-	-	D	L	L	L	L	-	-	-	-	D	D	L	L	L	-	-	-	-	L	L	L
D	L	L	L	L	-	-	-	-	D	D	D	L	L	L	-	-	-	E	E	E	E	E	D	-	-	-	-
E	N	N	-	-	-	-	E	E	E	N	N	-	-	-	E	E	D	D	D	D	-	-	-	E	E	E	E
D	D	D	L	-	-	-	D	D	-	-	-	D	L	L	L	N	-	-	-	-	-	L	L	L	N	N	N
-	-	-	-	E	E	E	D	D	N	-	-	-	-	E	D	N	N	N	-	-	-	E	D	D	D	D	D
N	-	-	-	-	-	-	-	-	-	D	D	D	D	N	-	-	-	-	-	D	-	-	D	-	-	D	D
L	-	-	L	-	-	L	-	-	D	-	-	L	-	-	L	L	-	-	L	-	-	-	D	L	-	-	-
D	-	-	D	L	-	-	-	E	L	-	-	-	-	L	N	-	-	-	L	L	N	-	-	-	-	-	-
L	L	L	-	-	N	-	-	-	L	L	-	-	-	-	-	-	-	-	D	D	N	-	-	-	D	-	-
-	-	N	-	-	-	-	D	L	-	-	-	L	-	-	N	-	-	-	E	L	L	L	-	-	E	-	-
D	N	-	-	-	-	D	-	-	-	-	-	-	-	-	-	-	-	D	D	-	-	-	D	-	D	-	-
-	-	D	D	-	D	D	D	-	-	-	-	-	-	N	-	-	-	-	-	-	-	-	-	-	L	-	-
Objective 0: 9875
Objective 1: 194
Constr violation: 0
Restrictions violated:
0 0 0 0 0 0 0 0 

Individual 13
1	2	3	4	5	6	7	8	9	10	11	12	13	14	15	16	17	18	19	20	21	22	23	24	25	26	27	28
-	-	-	D	D	D	N	-	-	D	D	N	-	-	D	D	D	D	D	-	-	D	N	N	-	-	D	D
E	E	E	D	-	-	-	E	N	-	-	D	N	N	-	-	E	E	E	-	-	D	D	N	-	-	E	E
N	N	N	-	-	-	-	D	D	D	D	D	-	-	D	D	-	-	D	D	D	N	-	-	-	D	D	D
D	L	L	L	-	-	-	-	-	D	D	D	D	D	-	-	L	L	L	L	L	-	-	D	D	L	-	-
D	N	-	-	E	N	N	N	-	-	-	E	E	E	-	-	E	E	E	-	-	E	E	E	D	D	-	-
E	N	-	-	E	E	N	-	-	-	E	E	E	D	D	-	-	E	E	-	-	E	E	D	N	N	-	-
D	D	D	N	N	-	-	-	D	D	N	N	-	-	-	D	D	-	-	D	D	D	D	-	-	-	D	D
E	E	E	E	-	-	E	E	E	E	E	-	-	-	E	E	E	-	-	D	D	D	D	D	-	-	-	-
E	D	D	D	N	-	-	E	E	E	E	D	-	-	-	D	N	-	-	-	E	E	-	-	-	D	N	N
D	D	L	-	-	L	L	N	N	N	-	-	-	-	L	L	L	L	N	-	-	L	L	L	-	-	-	L
E	E	D	N	N	-	-	-	-	E	E	D	N	N	-	-	E	E	D	D	-	-	D	D	D	-	-	-
E	E	D	D	N	-	-	E	N	-	-	E	N	-	-	D	D	D	D	-	-	-	-	-	E	E	D	N
-	-	-	L	L	-	-	D	D	L	L	L	-	-	D	D	L	-	-	D	D	L	N	-	-	D	N	N
-	E	E	E	E	D	-	-	-	E	E	L	-	-	L	L	L	L	N	-	-	D	D	D	L	L	-	-
E	E	D	D	D	-	-	D	D	-	-	D	D	L	-	-	-	E	E	-	-	L	L	L	-	-	D	L
E	E	E	E	D	-	-	-	-	D	D	D	-	-	E	D	D	D	-	-	E	D	-	-	E	E	E	E
L	L	-	-	-	E	D	N	N	N	N	-	-	-	-	E	L	L	L	-	-	-	-	E	D	D	L	L
D	D	D	D	-	-	-	-	D	D	-	-	-	D	D	D	D	D	-	-	-	-	D	D	D	D	D	D
D	D	L	L	-	-	-	D	L	L	L	L	-	-	-	-	D	D	L	L	L	-	-	-	-	L	L	L
D	L	L	L	L	-	-	-	-	D	D	D	L	L	L	-	-	-	E	E	E	E	E	D	-	-	-	-
E	E	D	N	N	N	-	-	-	E	D	-	-	-	E	E	E	D	N	-	-	-	-	-	E	D	D	D
D	D	D	L	-	-	-	D	D	-	-	-	D	L	L	L	N	-	-	-	-	-	L	L	L	N	N	N
-	-	-	E	D	D	D	D	D	-	-	-	-	-	E	D	D	D	N	-	-	-	E	E	D	D	N	N
N	-	-	-	-	-	-	-	-	-	D	D	D	D	N	-	-	-	-	-	D	-	-	D	-	-	D	D
L	-	-	-	-	-	-	-	-	-	-	D	L	L	L	-	-	-	D	L	-	-	-	L	-	-	D	D
-	-	-	D	N	-	-	-	E	E	L	N	-	-	-	-	L	-	-	L	-	-	E	D	-	-	-	-
L	L	L	-	-	N	-	-	-	L	L	-	-	-	-	-	-	-	-	D	D	N	-	-	-	D	-	-
-	-	N	-	-	-	-	D	L	-	-	-	L	-	-	N	-	-	-	E	L	L	L	-	-	E	-	-
D	N	-	-	-	-	D	-	-	-	-	-	-	-	-	-	-	-	D	D	-	-	-	D	-	D	-	-
-	-	D	D	-	D	D	D	-	-	-	-	-	-	N	-	-	-	-	-	-	-	-	-	-	L	-	-
Objective 0: 11489
Objective 1: 175
Constr violation: 0
Restrictions violated:
0 0 0 0 0 0 0 0 

Individual 14
1	2	3	4	5	6	7	8	9	10	11	12	13	14	15	16	17	18	19	20	21	22	23	24	25	26	27	28
-	-	-	D	D	D	N	-	-	D	D	N	-	-	D	D	D	D	D	-	-	D	N	N	-	-	D	D
E	E	E	D	-	-	-	E	N	-	-	D	N	N	-	-	E	E	E	-	-	D	D	N	-	-	E	E
N	N	N	-	-	-	-	D	D	D	D	D	-	-	D	D	-	-	D	D	D	N	-	-	-	D	D	D
D	L	L	L	-	-	-	-	-	D	D	D	D	D	-	-	L	L	L	L	L	-	-	D	D	L	-	-
D	N	-	-	E	N	N	N	-	-	-	E	E	E	-	-	E	E	E	-	-	E	E	E	D	D	-	-
E	N	-	-	E	E	N	-	-	-	E	E	E	D	D	-	-	E	E	-	-	E	E	D	N	N	-	-
D	D	D	N	N	-	-	D	D	D	D	D	-	-	-	D	D	D	-	-	-	D	D	N	N	-	-	-
E	E	E	E	-	-	E	E	E	E	E	-	-	-	E	E	E	-	-	D	D	D	D	D	-	-	-	-
E	D	D	D	N	-	-	E	E	E	E	D	-	-	-	D	N	-	-	-	E	E	-	-	E	D	N	N
D	D	L	-	-	L	L	N	N	N	-	-	-	-	L	L	L	L	N	-	-	L	L	L	-	-	-	L
E	E	D	N	N	-	-	-	-	E	E	D	N	N	-	-	E	E	D	D	-	-	D	D	D	-	-	-
E	N	-	-	E	D	D	N	-	-	E	D	N	-	-	E	D	D	D	-	-	E	E	D	D	N	-	-
-	-	-	L	L	-	-	D	D	L	L	L	-	-	D	D	L	-	-	D	D	L	N	-	-	D	N	N
-	E	E	E	E	D	-	-	-	E	E	L	-	-	L	L	L	L	N	-	-	D	D	D	L	L	-	-
E	E	D	D	D	-	-	D	D	-	-	D	D	L	-	-	-	E	E	-	-	L	L	L	-	-	D	L
E	E	E	E	D	-	-	-	-	D	D	D	-	-	E	D	D	D	-	-	E	D	-	-	E	E	E	E
L	L	-	-	-	E	D	N	N	N	N	-	-	-	-	E	L	L	L	-	-	-	-	E	D	D	L	L
D	D	D	D	-	-	-	-	D	D	-	-	-	D	D	D	D	D	-	-	-	-	D	D	D	D	D	D
D	D	L	L	-	-	-	D	L	L	L	L	-	-	-	-	D	D	L	L	L	-	-	-	-	L	L	L
D	L	L	L	L	-	-	-	-	D	D	D	L	L	L	-	-	-	E	E	E	E	E	D	-	-	-	-
E	N	N	-	-	-	-	E	E	E	N	N	-	-	-	E	E	D	D	D	D	-	-	-	E	E	E	E
D	D	D	L	-	-	-	D	D	-	-	-	D	L	L	L	N	-	-	-	-	-	L	L	L	N	N	N
-	-	-	-	E	E	E	D	D	N	-	-	-	-	E	D	N	N	N	-	-	-	E	D	D	D	D	D
N	-	-	-	-	-	-	-	-	-	D	D	D	D	N	-	-	-	-	-	D	-	-	D	-	-	D	D
L	-	-	L	-	-	L	-	-	D	-	-	L	-	-	L	L	-	-	L	-	-	-	D	L	-	-	-
D	-	-	D	L	-	-	-	E	L	-	-	-	-	L	N	-	-	-	L	L	N	-	-	-	-	-	-
L	L	L	-	-	N	-	-	-	L	L	-	-	-	-	-	-	-	-	D	D	N	-	-	-	D	-	-
-	-	N	-	-	-	-	D	L	-	-	-	L	-	-	N	-	-	-	E	L	L	L	-	-	E	-	-
D	N	-	-	-	-	D	-	-	-	-	-	-	-	-	-	-	-	D	D	-	-	-	D	-	D	-	-
-	-	D	D	-	D	D	D	-	-	-	-	-	-	N	-	-	-	-	-	-	-	-	-	-	L	-	-
Objective 0: 9876
Objective 1: 193
Constr violation: 0
Restrictions violated:
0 0 0 0 0 0 0 0 

Individual 15
1	2	3	4	5	6	7	8	9	10	11	12	13	14	15	16	17	18	19	20	21	22	23	24	25	26	27	28
-	-	-	D	D	D	N	-	-	D	D	N	-	-	D	D	D	D	D	-	-	D	N	N	-	-	D	D
E	E	E	D	-	-	-	E	N	-	-	D	N	N	-	-	E	E	E	-	-	D	D	N	-	-	E	E
N	N	N	-	-	-	-	D	D	D	D	D	-	-	D	D	-	-	D	D	D	N	-	-	-	D	D	D
D	L	L	L	-	-	-	-	-	D	D	D	D	D	-	-	L	L	L	L	L	-	-	D	D	L	-	-
D	N	-	-	E	N	N	N	-	-	-	E	E	E	-	-	E	E	E	-	-	E	E	E	D	D	-	-
E	N	-	-	E	E	N	-	-	-	E	E	E	D	D	-	-	E	E	-	-	E	E	D	N	N	-	-
D	D	D	N	N	-	-	D	D	D	D	D	-	-	-	D	D	D	-	-	-	D	D	N	N	-	-	-
E	E	E	E	-	-	E	E	E	E	E	-	-	-	E	E	E	-	-	D	D	D	D	D	-	-	-	-
E	D	D	D	N	-	-	E	E	E	E	D	-	-	-	D	N	-	-	-	E	E	-	-	E	D	N	N
D	D	L	-	-	L	L	N	N	N	-	-	-	-	L	L	L	L	N	-	-	L	L	L	-	-	-	L
E	E	D	N	N	-	-	-	-	E	E	D	N	N	-	-	E	E	D	D	-	-	D	D	D	-	-	-
E	N	-	-	E	D	D	N	-	-	E	D	N	-	-	E	D	D	D	-	-	E	E	D	D	N	-	-
-	-	-	L	L	-	-	D	D	L	L	L	-	-	D	D	L	-	-	D	D	L	N	-	-	D	N	N
L	L	-	-	E	L	-	-	-	E	E	L	-	-	L	L	L	L	N	-	-	-	E	E	D	L	N	-
E	E	D	D	D	-	-	D	D	-	-	D	D	L	-	-	-	E	E	-	-	L	L	L	-	-	D	L
E	E	E	E	D	-	-	-	-	D	D	D	-	-	E	D	D	D	-	-	E	D	-	-	E	E	E	E
L	L	-	-	-	E	D	N	N	N	N	-	-	-	-	E	L	L	L	-	-	-	-	E	D	D	L	L
D	D	D	D	-	-	-	-	D	D	-	-	-	D	D	D	D	D	-	-	-	-	D	D	D	D	D	D
D	D	L	L	-	-	-	D	L	L	L	L	-	-	-	-	D	D	L	L	L	-	-	-	-	L	L	L
D	L	L	L	L	-	-	-	-	D	D	D	L	L	L	-	-	-	E	E	E	E	E	D	-	-	-	-
E	N	N	-	-	-	-	E	E	E	N	N	-	-	-	E	E	D	D	D	D	-	-	-	E	E	E	E
D	D	D	L	-	-	-	D	D	-	-	-	D	L	L	L	N	-	-	-	-	-	L	L	L	N	N	N
-	-	-	-	E	E	E	D	D	N	-	-	-	-	E	D	N	N	N	-	-	-	E	D	D	D	D	D
N	-	-	-	-	-	-	-	-	-	D	D	D	D	N	-	-	-	-	-	D	-	-	D	-	-	D	D
L	-	-	-	-	-	-	-	-	-	-	D	L	L	L	-	-	-	D	L	-	-	-	L	-	-	D	D
D	-	-	D	L	-	-	-	E	L	-	-	-	-	L	N	-	-	-	L	L	N	-	-	-	-	-	-
L	L	L	-	-	N	-	-	-	L	L	-	-	-	-	-	-	-	-	D	D	N	-	-	-	D	-	-
-	-	N	-	-	-	-	D	L	-	-	-	L	-	-	N	-	-	-	E	L	L	L	-	-	E	-	-
D	N	-	-	-	-	D	-	-	-	-	-	-	-	-	-	-	-	D	D	-	-	-	D	-	D	-	-
-	-	D	D	-	D	D	D	-	-	-	-	-	-	N	-	-	-	-	-	-	-	-	-	-	L	-	-
Objective 0: 10077
Objective 1: 192
Constr violation: 0
Restrictions violated:
0 0 0 0 0 0 0 0 

Individual 16
1	2	3	4	5	6	7	8	9	10	11	12	13	14	15	16	17	18	19	20	21	22	23	24	25	26	27	28
-	-	-	D	D	D	N	-	-	D	D	N	-	-	D	D	D	D	D	-	-	D	N	N	-	-	D	D
E	E	E	D	-	-	-	E	N	-	-	D	N	N	-	-	E	E	E	-	-	D	D	N	-	-	E	E
N	N	N	-	-	-	-	D	D	D	D	D	-	-	D	D	-	-	D	D	D	N	-	-	-	D	D	D
D	L	L	L	-	-	-	-	-	D	D	D	D	D	-	-	L	L	L	L	L	-	-	D	D	L	-	-
D	N	-	-	E	N	N	N	-	-	-	E	E	E	-	-	E	E	E	-	-	E	E	E	D	D	-	-
E	N	-	-	E	E	N	-	-	-	E	E	E	D	D	-	-	E	E	-	-	E	E	D	N	N	-	-
D	D	D	N	N	-	-	D	D	D	D	D	-	-	-	D	D	D	-	-	-	D	D	N	N	-	-	-
E	E	E	E	-	-	E	E	E	E	E	-	-	-	E	E	E	-	-	D	D	D	D	D	-	-	-	-
E	D	D	D	N	-	-	E	E	E	E	D	-	-	-	D	N	-	-	-	E	E	-	-	E	D	N	N
D	D	L	-	-	L	L	N	N	N	-	-	-	-	L	L	L	L	N	-	-	L	L	L	-	-	-	L
E	E	D	N	N	-	-	-	-	E	E	D	N	N	-	-	E	E	D	D	-	-	D	D	D	-	-	-
E	N	-	-	E	D	D	N	-	-	E	D	N	-	-	E	D	D	D	-	-	E	E	D	D	N	-	-
-	-	-	L	L	-	-	D	D	L	L	L	-	-	D	D	L	-	-	D	D	L	N	-	-	D	N	N
-	E	E	E	E	D	-	-	-	E	E	L	-	-	L	L	L	L	N	-	-	D	D	D	L	L	-	-
E	E	D	D	D	-	-	D	D	-	-	D	D	L	-	-	-	E	E	-	-	L	L	L	-	-	D	L
E	E	E	E	D	-	-	-	-	D	D	D	-	-	E	D	D	D	-	-	E	D	-	-	E	E	E	E
L	L	-	-	-	E	D	N	N	N	N	-	-	-	-	E	L	L	L	-	-	-	-	E	D	D	L	L
D	D	D	D	-	-	-	-	D	D	-	-	-	D	D	D	D	D	-	-	-	-	D	D	D	D	D	D
D	D	L	L	-	-	-	D	L	L	L	L	-	-	-	-	D	D	L	L	L	-	-	-	-	L	L	L
D	L	L	L	L	-	-	-	-	D	D	D	L	L	L	-	-	-	E	E	E	E	E	D	-	-	-	-
E	N	N	-	-	-	-	E	E	E	N	N	-	-	-	E	E	D	D	D	D	-	-	-	E	E	E	E
D	D	D	L	-	-	-	D	D	-	-	-	D	L	L	L	N	-	-	-	-	-	L	L	L	N	N	N
-	-	-	E	D	D	D	D	D	-	-	-	-	-	E	D	D	D	N	-	-	-	E	E	D	D	N	N
N	-	-	-	-	-	-	-	-	-	D	D	D	D	N	-	-	-	-	-	D	-	-	D	-	-	D	D
L	-	-	-	-	-	-	-	-	-	-	D	L	L	L	-	-	-	D	L	-	-	-	L	-	-	D	D
D	-	-	D	L	-	-	-	E	L	-	-	-	-	L	N	-	-	-	L	L	N	-	-	-	-	-	-
L	L	L	-	-	N	-	-	-	L	L	-	-	-	-	-	-	-	-	D	D	N	-	-	-	D	-	-
-	-	N	-	-	-	-	D	L	-	-	-	L	-	-	N	-	-	-	E	L	L	L	-	-	E	-	-
D	N	-	-	-	-	D	-	-	-	-	-	-	-	-	-	-	-	D	D	-	-	-	D	-	D	-	-
-	-	D	D	-	D	D	D	-	-	-	-	-	-	N	-	-	-	-	-	-	-	-	-	-	L	-	-
Objective 0: 10381
Objective 1: 185
Constr violation: 0
Restrictions violated:
0 0 0 0 0 0 0 0 

Individual 17
1	2	3	4	5	6	7	8	9	10	11	12	13	14	15	16	17	18	19	20	21	22	23	24	25	26	27	28
-	-	-	D	D	D	N	-	-	D	D	N	-	-	D	D	D	D	D	-	-	D	N	N	-	-	D	D
E	E	E	D	-	-	-	E	N	-	-	D	N	N	-	-	E	E	E	-	-	D	D	N	-	-	E	E
N	N	N	-	-	-	-	D	D	D	D	D	-	-	D	D	-	-	D	D	D	N	-	-	-	D	D	D
D	L	L	L	-	-	-	-	-	D	D	D	D	D	-	-	L	L	L	L	L	-	-	D	D	L	-	-
D	N	-	-	E	N	N	N	-	-	-	E	E	E	-	-	E	E	E	-	-	E	E	E	D	D	-	-
E	N	-	-	E	E	N	-	-	-	E	E	E	D	D	-	-	E	E	-	-	E	E	D	N	N	-	-
D	D	D	N	N	-	-	-	D	D	N	N	-	-	-	D	D	-	-	D	D	D	D	-	-	-	D	D
E	E	E	E	-	-	E	E	E	E	E	-	-	-	E	E	E	-	-	D	D	D	D	D	-	-	-	-
E	D	D	D	N	-	-	E	E	E	E	D	-	-	-	D	N	-	-	-	E	E	-	-	E	D	N	N
D	D	L	-	-	L	L	N	N	N	-	-	-	-	L	L	L	L	N	-	-	L	L	L	-	-	-	L
E	E	D	N	N	-	-	-	-	E	E	D	N	N	-	-	E	E	D	D	-	-	D	D	D	-	-	-
E	N	-	-	E	D	D	N	-	-	E	D	N	-	-	E	D	D	D	-	-	E	E	D	D	N	-	-
-	-	-	L	L	-	-	D	D	L	L	L	-	-	D	D	L	-	-	D	D	L	N	-	-	D	N	N
-	E	E	E	E	D	-	-	-	E	E	L	-	-	L	L	L	L	N	-	-	D	D	D	L	L	-	-
E	E	D	D	D	-	-	D	D	-	-	D	D	L	-	-	-	E	E	-	-	L	L	L	-	-	D	L
E	E	E	E	D	-	-	-	-	D	D	D	-	-	E	D	D	D	-	-	E	D	-	-	E	E	E	E
L	L	-	-	-	E	D	N	N	N	N	-	-	-	-	E	L	L	L	-	-	-	-	E	D	D	L	L
D	D	D	D	-	-	-	-	D	D	-	-	-	D	D	D	D	D	-	-	-	-	D	D	D	D	D	D
D	D	L	L	-	-	-	D	L	L	L	L	-	-	-	-	D	D	L	L	L	-	-	-	-	L	L	L
D	L	L	L	L	-	-	-	-	D	D	D	L	L	L	-	-	-	E	E	E	E	E	D	-	-	-	-
E	E	D	N	N	N	-	-	-	E	D	-	-	-	E	E	E	D	N	-	-	-	-	-	E	D	D	D
D	D	D	L	-	-	-	D	D	-	-	-	D	L	L	L	N	-	-	-	-	-	L	L	L	N	N	N
-	-	-	E	D	D	D	D	D	-	-	-	-	-	E	D	D	D	N	-	-	-	E	E	D	D	N	N
N	-	-	-	-	-	-	-	-	-	D	D	D	D	N	-	-	-	-	-	D	-	-	D	-	-	D	D
L	-	-	-	-	-	-	-	-	-	-	D	L	L	L	-	-	-	D	L	-	-	-	L	-	-	D	D
-	-	-	D	N	-	-	-	E	E	L	N	-	-	-	-	L	-	-	L	-	-	E	D	-	-	-	-
L	L	L	-	-	N	-	-	-	L	L	-	-	-	-	-	-	-	-	D	D	N	-	-	-	D	-	-
-	-	N	-	-	-	-	D	L	-	-	-	L	-	-	N	-	-	-	E	L	L	L	-	-	E	-	-
D	N	-	-	-	-	D	-	-	-	-	-	-	-	-	-	-	-	D	D	-	-	-	D	-	D	-	-
-	-	D	D	-	D	D	D	-	-	-	-	-	-	N	-	-	-	-	-	-	-	-	-	-	L	-	-
Objective 0: 11188
Objective 1: 178
Constr violation: 0
Restrictions violated:
0 0 0 0 0 0 0 0 

Individual 18
1	2	3	4	5	6	7	8	9	10	11	12	13	14	15	16	17	18	19	20	21	22	23	24	25	26	27	28
-	-	-	D	D	D	N	-	-	D	D	N	-	-	D	D	D	D	D	-	-	D	N	N	-	-	D	D
E	E	E	D	-	-	-	E	N	-	-	D	N	N	-	-	E	E	E	-	-	D	D	N	-	-	E	E
N	N	N	-	-	-	-	D	D	D	D	D	-	-	D	D	-	-	D	D	D	N	-	-	-	D	D	D
D	L	L	L	-	-	-	-	-	D	D	D	D	D	-	-	L	L	L	L	L	-	-	D	D	L	-	-
D	N	-	-	E	N	N	N	-	-	-	E	E	E	-	-	E	E	E	-	-	E	E	E	D	D	-	-
E	N	-	-	E	E	N	-	-	-	E	E	E	D	D	-	-	E	E	-	-	E	E	D	N	N	-	-
D	D	D	N	N	-	-	D	D	D	D	D	-	-	-	D	D	D	-	-	-	D	D	N	N	-	-	-
E	E	E	E	-	-	E	E	E	E	E	-	-	-	E	E	E	-	-	D	D	D	D	D	-	-	-	-
E	D	D	D	N	-	-	E	E	E	E	D	-	-	-	D	N	-	-	-	E	E	-	-	E	D	N	N
D	D	L	-	-	L	L	N	N	N	-	-	-	-	L	L	L	L	N	-	-	L	L	L	-	-	-	L
E	E	D	N	N	-	-	-	-	E	E	D	N	N	-	-	E	E	D	D	-	-	D	D	D	-	-	-
E	N	-	-	E	D	D	N	-	-	E	D	N	-	-	E	D	D	D	-	-	E	E	D	D	N	-	-
-	-	-	L	L	-	-	D	D	L	L	L	-	-	D	D	L	-	-	D	D	L	N	-	-	D	N	N
-	E	E	E	E	D	-	-	-	E	E	L	-	-	L	L	L	L	N	-	-	D	D	D	L	L	-	-
E	E	D	D	D	-	-	D	D	-	-	D	D	L	-	-	-	E	E	-	-	L	L	L	-	-	D	L
E	E	E	E	D	-	-	-	-	D	D	D	-	-	E	D	D	D	-	-	E	D	-	-	E	E	E	E
L	L	-	-	-	E	D	N	N	N	N	-	-	-	-	E	L	L	L	-	-	-	-	E	D	D	L	L
D	D	D	D	-	-	-	-	D	D	-	-	-	D	D	D	D	D	-	-	-	-	D	D	D	D	D	D
D	D	L	L	-	-	-	D	L	L	L	L	-	-	-	-	D	D	L	L	L	-	-	-	-	L	L	L
D	L	L	L	L	-	-	-	-	D	D	D	L	L	L	-	-	-	E	E	E	E	E	D	-	-	-	-
E	N	N	-	-	-	-	E	E	E	N	N	-	-	-	E	E	D	D	D	D	-	-	-	E	E	E	E
D	D	D	L	-	-	-	D	D	-	-	-	D	L	L	L	N	-	-	-	-	-	L	L	L	N	N	N
-	-	-	E	D	D	D	D	D	-	-	-	-	-	E	D	D	D	N	-	-	-	E	E	D	D	N	N
N	-	-	-	-	-	-	-	-	-	D	D	D	D	N	-	-	-	-	-	D	-	-	D	-	-	D	D
L	-	-	-	-	-	-	-	-	-	-	D	L	L	L	-	-	-	D	L	-	-	-	L	-	-	D	D
D	-	-	D	L	-	-	-	E	L	-	-	-	-	L	N	-	-	-	L	L	N	-	-	-	-	-	-
L	L	L	-	-	N	-	-	-	L	L	-	-	-	-	-	-	-	-	D	D	N	-	-	-	D	-	-
-	-	N	-	-	-	-	D	L	-	-	-	L	-	-	N	-	-	-	E	L	L	L	-	-	E	-	-
D	N	-	-	-	-	D	-	-	-	-	-	-	-	-	-	-	-	D	D	-	-	-	D	-	D	-	-
-	-	D	D	-	D	D	D	-	-	-	-	-	-	N	-	-	-	-	-	-	-	-	-	-	L	-	-
Objective 0: 10381
Objective 1: 185
Constr violation: 0
Restrictions violated:
0 0 0 0 0 0 0 0 

Individual 19
1	2	3	4	5	6	7	8	9	10	11	12	13	14	15	16	17	18	19	20	21	22	23	24	25	26	27	28
-	-	-	D	D	D	N	-	-	D	D	N	-	-	D	D	D	D	D	-	-	D	N	N	-	-	D	D
E	E	E	D	-	-	-	E	N	-	-	D	N	N	-	-	E	E	E	-	-	D	D	N	-	-	E	E
N	N	N	-	-	-	-	D	D	D	D	D	-	-	D	D	-	-	D	D	D	N	-	-	-	D	D	D
D	L	L	L	-	-	-	-	-	D	D	D	D	D	-	-	L	L	L	L	L	-	-	D	D	L	-	-
D	N	-	-	E	N	N	N	-	-	-	E	E	E	-	-	E	E	E	-	-	E	E	E	D	D	-	-
E	N	-	-	E	E	N	-	-	-	E	E	E	D	D	-	-	E	E	-	-	E	E	D	N	N	-	-
D	D	D	N	N	-	-	-	D	D	N	N	-	-	-	D	D	-	-	D	D	D	D	-	-	-	D	D
E	E	E	E	-	-	E	E	E	E	E	-	-	-	E	E	E	-	-	D	D	D	D	D	-	-	-	-
E	D	D	D	N	-	-	E	E	E	E	D	-	-	-	D	N	-	-	-	E	E	-	-	E	D	N	N
D	D	L	-	-	L	L	N	N	N	-	-	-	-	L	L	L	L	N	-	-	L	L	L	-	-	-	L
E	E	D	N	N	-	-	-	-	E	E	D	N	N	-	-	E	E	D	D	-	-	D	D	D	-	-	-
E	N	-	-	E	D	D	N	-	-	E	D	N	-	-	E	D	D	D	-	-	E	E	D	D	N	-	-
-	-	-	L	L	-	-	D	D	L	L	L	-	-	D	D	L	-	-	D	D	L	N	-	-	D	N	N
-	E	E	E	E	D	-	-	-	E	E	L	-	-	L	L	L	L	N	-	-	D	D	D	L	L	-	-
E	E	D	D	D	-	-	D	D	-	-	D	D	L	-	-	-	E	E	-	-	L	L	L	-	-	D	L
E	E	E	E	D	-	-	-	-	D	D	D	-	-	E	D	D	D	-	-	E	D	-	-	E	E	E	E
L	L	-	-	-	E	D	N	N	N	N	-	-	-	-	E	L	L	L	-	-	-	-	E	D	D	L	L
D	D	D	D	-	-	-	-	D	D	-	-	-	D	D	D	D	D	-	-	-	-	D	D	D	D	D	D
D	D	L	L	-	-	-	D	L	L	L	L	-	-	-	-	D	D	L	L	L	-	-	-	-	L	L	L
D	L	L	L	L	-	-	-	-	D	D	D	L	L	L	-	-	-	E	E	E	E	E	D	-	-	-	-
E	E	D	N	N	N	-	-	-	E	D	-	-	-	E	E	E	D	N	-	-	-	-	-	E	D	D	D
D	D	D	L	-	-	-	D	D	-	-	-	D	L	L	L	N	-	-	-	-	-	L	L	L	N	N	N
-	-	-	E	D	D	D	D	D	-	-	-	-	-	E	D	D	D	N	-	-	-	E	E	D	D	N	N
N	-	-	-	-	-	-	-	-	-	D	D	D	D	N	-	-	-	-	-	D	-	-	D	-	-	D	D
L	-	-	-	-	-	-	-	-	-	-	D	L	L	L	-	-	-	D	L	-	-	-	L	-	-	D	D
D	-	-	D	L	-	-	-	E	L	-	-	-	-	L	N	-	-	-	L	L	N	-	-	-	-	-	-
L	L	L	-	-	N	-	-	-	L	L	-	-	-	-	-	-	-	-	D	D	N	-	-	-	D	-	-
-	-	N	-	-	-	-	D	L	-	-	-	L	-	-	N	-	-	-	E	L	L	L	-	-	E	-	-
D	N	-	-	-	-	D	-	-	-	-	-	-	-	-	-	-	-	D	D	-	-	-	D	-	D	-	-
-	-	D	D	-	D	D	D	-	-	-	-	-	-	N	-	-	-	-	-	-	-	-	-	-	L	-	-
Objective 0: 10885
Objective 1: 181
Constr violation: 0
Restrictions violated:
0 0 0 0 0 0 0 0 

