Individual 0
1	2	3	4	5	6	7	8	9	10	11	12	13	14	15	16	17	18	19	20	21	22	23	24	25	26	27	28
-	-	-	N	N	N	-	-	D	D	D	D	-	-	D	D	D	D	N	-	-	D	D	D	D	-	-	D
E	E	D	N	-	-	-	E	E	-	-	E	E	E	-	-	D	N	N	-	-	E	E	D	D	N	-	-
D	D	N	-	-	-	-	-	D	D	D	N	-	-	D	N	-	-	D	D	D	N	-	-	D	D	D	D
L	L	L	L	L	-	-	-	L	L	L	-	-	D	L	L	L	-	-	D	D	-	-	D	D	D	-	-
D	N	-	-	E	E	D	D	-	-	D	N	N	N	-	-	E	E	E	-	-	D	D	D	D	-	-	-
E	E	E	E	N	-	-	D	N	-	-	E	E	E	E	E	-	-	E	E	E	E	D	-	-	-	-	-
D	D	D	D	N	-	-	D	D	D	D	D	-	-	-	-	D	D	D	N	N	-	-	D	N	-	-	-
D	D	D	D	-	-	E	E	E	E	E	-	-	E	E	E	D	-	-	-	-	E	E	E	D	D	-	-
-	-	E	E	E	-	-	E	E	E	E	E	-	-	E	E	E	N	N	-	-	-	-	E	E	E	E	N
D	D	-	-	L	L	L	L	L	-	-	-	D	L	L	-	-	L	L	-	-	D	L	L	L	L	-	-
D	D	N	N	N	-	-	E	N	-	-	-	E	E	-	-	E	D	D	D	-	-	E	D	D	D	-	-
E	E	E	-	-	N	N	N	-	-	E	E	D	D	-	-	D	N	-	-	-	E	E	E	D	D	-	-
-	-	D	L	L	-	-	D	L	L	N	-	-	-	L	L	L	N	-	-	L	L	-	-	D	D	L	L
-	-	E	E	N	N	N	-	-	E	D	D	-	-	-	L	L	L	L	N	-	-	L	L	L	L	-	-
E	D	L	L	L	-	-	E	E	D	D	-	-	-	-	-	E	E	L	-	-	E	L	-	-	E	E	E
E	E	E	E	-	-	-	-	-	D	D	D	-	-	D	D	-	-	E	E	E	D	-	-	E	E	E	E
L	N	N	-	-	-	L	L	L	L	N	-	-	-	-	D	D	D	L	-	-	-	L	L	L	L	L	L
D	D	D	D	-	-	-	-	D	D	-	-	-	D	D	D	D	D	D	-	-	-	D	D	D	D	D	D
L	L	L	-	-	-	-	D	D	D	L	L	-	-	-	-	D	D	L	L	L	L	-	-	-	D	D	D
D	D	D	D	D	-	-	-	-	E	E	E	D	L	L	-	-	-	-	D	D	D	D	D	L	-	-	-
N	N	-	-	-	E	E	D	D	D	D	-	-	-	E	E	E	E	N	-	-	-	-	E	E	D	D	D
L	L	-	-	-	D	L	L	L	N	-	-	-	-	E	E	D	L	-	-	-	-	D	L	L	L	N	N
-	-	-	-	D	D	D	N	N	N	-	-	-	-	E	E	D	D	D	-	-	-	E	D	D	D	D	N
-	-	-	-	-	D	-	-	-	-	-	-	D	N	N	-	-	D	D	D	D	-	-	-	D	D	-	-
L	-	-	D	-	-	L	-	-	-	-	-	L	L	-	-	D	L	-	-	L	-	-	L	L	-	-	-
D	-	-	-	E	L	N	-	-	E	L	L	N	-	-	-	-	-	-	-	L	-	-	-	L	-	-	-
-	L	-	-	-	L	L	-	-	-	-	-	-	-	D	L	-	-	-	D	L	N	N	-	-	-	L	-
N	-	-	E	L	-	-	-	-	-	N	-	-	-	-	-	D	-	-	L	-	-	-	-	E	E	E	E
-	-	N	-	-	-	-	-	-	-	-	D	-	D	-	-	-	D	-	D	-	D	D	-	-	-	-	-
L	L	-	-	D	D	D	-	-	-	-	-	N	-	-	-	-	-	-	-	-	-	-	-	-	-	L	-
Objective 0: 9673
Objective 1: 172
Constr violation: 0
Restrictions violated:
0 0 0 0 0 0 0 0 

Individual 1
1	2	3	4	5	6	7	8	9	10	11	12	13	14	15	16	17	18	19	20	21	22	23	24	25	26	27	28
-	-	-	N	N	N	-	-	D	D	D	D	-	-	D	D	D	D	N	-	-	D	D	D	D	-	-	D
E	E	D	N	-	-	-	E	E	-	-	E	E	E	-	-	D	N	N	-	-	E	E	D	D	N	-	-
D	D	D	N	N	-	-	-	D	D	D	-	-	-	D	D	-	-	-	D	D	D	N	-	-	D	D	N
L	L	L	L	L	-	-	-	L	L	L	-	-	D	L	L	L	-	-	D	D	-	-	D	D	D	-	-
D	N	-	-	-	D	N	N	-	-	E	D	D	-	-	E	E	E	D	-	-	E	D	D	D	N	-	-
E	E	E	E	N	-	-	D	N	-	-	E	E	E	E	E	-	-	E	E	E	E	D	-	-	-	-	-
D	D	D	D	N	-	-	D	D	D	D	D	-	-	-	-	D	D	D	N	N	-	-	D	N	-	-	-
D	D	D	D	-	-	E	E	E	E	E	-	-	E	E	E	D	-	-	-	-	E	E	E	D	D	-	-
E	N	N	N	N	-	-	E	E	E	E	E	-	-	-	-	-	E	E	-	-	D	D	D	-	-	E	D
D	D	-	-	L	L	L	L	L	-	-	-	D	L	L	-	-	L	L	-	-	D	L	L	L	L	-	-
D	D	N	N	N	-	-	D	D	D	-	-	E	N	-	-	D	D	D	D	-	-	E	E	E	E	-	-
E	E	E	-	-	-	D	N	-	-	E	E	N	-	-	D	D	D	D	-	-	E	E	E	D	N	-	-
-	-	D	L	L	-	-	D	L	L	N	-	-	-	L	L	L	N	-	-	L	L	-	-	D	D	L	L
-	-	E	E	N	N	N	-	-	E	D	D	-	-	-	L	L	L	L	N	-	-	L	L	L	L	-	-
E	D	L	L	L	-	-	E	E	D	D	-	-	-	-	-	E	E	L	-	-	E	L	-	-	E	E	E
E	D	-	-	-	E	D	-	-	D	D	D	D	-	-	D	D	D	D	-	-	E	E	E	E	D	-	-
L	N	N	-	-	-	L	L	L	L	N	-	-	-	-	D	D	D	L	-	-	-	L	L	L	L	L	L
D	D	D	D	-	-	-	-	D	D	-	-	-	D	D	D	D	D	-	-	-	-	D	D	D	D	D	D
L	L	L	-	-	-	-	D	D	D	L	L	-	-	-	-	D	D	L	L	L	L	-	-	-	D	D	D
D	D	D	D	D	-	-	-	-	-	E	D	L	L	L	L	-	-	-	D	D	D	D	D	D	-	-	-
N	N	-	-	-	E	E	D	D	D	D	-	-	-	E	E	E	E	N	-	-	-	-	E	E	D	D	D
L	L	-	-	-	D	L	L	L	N	-	-	-	-	E	E	D	L	-	-	-	-	D	L	L	L	N	N
-	-	-	-	D	D	D	N	N	N	-	-	-	-	E	E	D	D	D	-	-	-	E	D	D	D	D	N
-	-	-	-	-	D	-	-	-	-	-	-	D	N	N	-	-	D	D	D	D	-	-	-	D	D	-	-
L	L	L	-	-	-	-	-	-	-	-	-	L	-	-	-	L	-	-	-	D	D	L	L	-	-	-	L
D	-	-	-	E	L	N	-	-	E	L	L	N	-	-	-	-	-	-	-	L	-	-	-	L	-	-	-
-	L	-	-	-	L	L	-	-	-	-	-	-	-	D	L	-	-	-	D	L	N	N	-	-	-	L	-
N	-	-	E	L	-	-	-	-	-	N	-	-	-	-	-	D	-	-	L	-	-	-	-	E	E	E	E
-	-	N	-	-	-	-	-	-	-	-	D	-	D	-	-	-	D	-	D	-	D	D	-	-	-	-	-
L	L	-	-	D	D	D	-	-	-	-	-	N	-	-	-	-	-	-	-	-	-	-	-	-	-	L	-
Objective 0: 11693
Objective 1: 148
Constr violation: 0
Restrictions violated:
0 0 0 0 0 0 0 0 

Individual 2
1	2	3	4	5	6	7	8	9	10	11	12	13	14	15	16	17	18	19	20	21	22	23	24	25	26	27	28
-	-	-	N	N	N	-	-	D	D	D	D	-	-	D	D	D	D	N	-	-	D	D	D	D	-	-	D
E	E	D	N	-	-	-	E	E	-	-	E	E	E	-	-	D	N	N	-	-	E	E	D	D	N	-	-
D	D	N	-	-	-	-	-	D	D	D	N	-	-	D	N	-	-	D	D	D	N	-	-	D	D	D	D
L	L	L	L	L	-	-	-	L	L	L	-	-	D	L	L	L	-	-	D	D	-	-	D	D	D	-	-
D	N	-	-	E	E	D	D	-	-	D	N	N	N	-	-	E	E	E	-	-	D	D	D	D	-	-	-
E	E	E	E	N	-	-	D	N	-	-	E	E	E	E	E	-	-	E	E	E	E	D	-	-	-	-	-
D	D	D	D	N	-	-	D	D	D	D	D	-	-	-	-	D	D	D	N	N	-	-	D	N	-	-	-
D	D	D	D	-	-	E	E	E	E	E	-	-	E	E	E	D	-	-	-	-	E	E	E	D	D	-	-
-	-	E	E	E	-	-	E	E	E	E	E	-	-	E	E	E	N	N	-	-	-	-	E	E	E	E	N
D	D	-	-	L	L	L	L	L	-	-	-	D	L	L	-	-	L	L	-	-	D	L	L	L	L	-	-
D	N	-	-	E	N	N	N	-	-	-	E	E	D	-	-	E	D	D	-	-	D	D	D	D	D	-	-
E	E	E	-	-	-	D	N	-	-	E	E	N	-	-	D	D	D	D	-	-	E	E	E	D	N	-	-
-	-	D	L	L	-	-	D	L	L	N	-	-	-	L	L	L	N	-	-	L	L	-	-	D	D	L	L
-	-	E	E	N	N	N	-	-	E	D	D	-	-	-	L	L	L	L	N	-	-	L	L	L	L	-	-
E	D	L	L	L	-	-	E	E	D	D	-	-	-	-	-	E	E	L	-	-	E	L	-	-	E	E	E
E	E	E	E	-	-	-	-	-	D	D	D	-	-	D	D	-	-	E	E	E	D	-	-	E	E	E	E
L	N	N	-	-	-	L	L	L	L	N	-	-	-	-	D	D	D	L	-	-	-	L	L	L	L	L	L
D	D	D	D	-	-	-	-	D	D	-	-	-	D	D	D	D	D	-	-	-	-	D	D	D	D	D	D
L	L	L	-	-	-	-	D	D	D	L	L	-	-	-	-	D	D	L	L	L	L	-	-	-	D	D	D
D	D	D	D	D	-	-	-	-	-	E	D	L	L	L	L	-	-	-	D	D	D	D	D	D	-	-	-
N	N	-	-	-	E	E	D	D	D	D	-	-	-	E	E	E	E	N	-	-	-	-	E	E	D	D	D
L	L	-	-	-	D	L	L	L	N	-	-	-	-	E	E	D	L	-	-	-	-	D	L	L	L	N	N
-	-	-	-	D	D	D	N	N	N	-	-	-	-	E	E	D	D	D	-	-	-	E	D	D	D	D	N
-	-	-	-	-	D	-	-	-	-	-	-	D	N	N	-	-	D	D	D	D	-	-	-	D	D	-	-
L	-	-	D	-	-	L	-	-	-	-	-	L	L	-	-	D	L	-	-	L	-	-	L	L	-	-	-
D	-	-	-	E	L	N	-	-	E	L	L	N	-	-	-	-	-	-	-	L	-	-	-	L	-	-	-
-	L	-	-	-	L	L	-	-	-	-	-	-	-	D	L	-	-	-	D	L	N	N	-	-	-	L	-
N	-	-	E	L	-	-	-	-	-	N	-	-	-	-	-	D	-	-	L	-	-	-	-	E	E	E	E
-	-	N	-	-	-	-	-	-	-	-	D	-	D	-	-	-	D	-	D	-	D	D	-	-	-	-	-
L	L	-	-	D	D	D	-	-	-	-	-	N	-	-	-	-	-	-	-	-	-	-	-	-	-	L	-
Objective 0: 9874
Objective 1: 163
Constr violation: 0
Restrictions violated:
0 0 0 0 0 0 0 0 

Individual 3
1	2	3	4	5	6	7	8	9	10	11	12	13	14	15	16	17	18	19	20	21	22	23	24	25	26	27	28
-	-	-	N	N	N	-	-	D	D	D	D	-	-	D	D	D	D	N	-	-	D	D	D	D	-	-	D
E	E	D	N	-	-	-	E	E	-	-	E	E	E	-	-	D	N	N	-	-	E	E	D	D	N	-	-
D	D	N	-	-	-	-	-	D	D	D	N	-	-	D	N	-	-	D	D	D	N	-	-	D	D	D	D
L	L	L	L	L	-	-	-	L	L	L	-	-	D	L	L	L	-	-	D	D	-	-	D	D	D	-	-
D	N	-	-	E	E	D	D	-	-	D	N	N	N	-	-	E	E	E	-	-	D	D	D	D	-	-	-
E	E	E	E	N	-	-	D	N	-	-	E	E	E	E	E	-	-	E	E	E	E	D	-	-	-	-	-
D	D	D	D	N	-	-	D	D	D	D	D	-	-	-	-	D	D	D	N	N	-	-	D	N	-	-	-
D	D	D	D	-	-	E	E	E	E	E	-	-	E	E	E	D	-	-	-	-	E	E	E	D	D	-	-
-	-	E	E	E	-	-	E	E	E	E	E	-	-	E	E	E	N	N	-	-	-	-	E	E	E	E	N
D	D	-	-	L	L	L	L	L	-	-	-	D	L	L	-	-	L	L	-	-	D	L	L	L	L	-	-
D	D	N	N	N	-	-	E	N	-	-	-	E	E	-	-	E	D	D	D	-	-	E	D	D	D	-	-
E	E	E	-	-	N	N	N	-	-	E	E	D	D	-	-	D	N	-	-	-	E	E	E	D	D	-	-
-	-	D	L	L	-	-	D	L	L	N	-	-	-	L	L	L	N	-	-	L	L	-	-	D	D	L	L
-	-	E	E	N	N	N	-	-	E	D	D	-	-	-	L	L	L	L	N	-	-	L	L	L	L	-	-
E	D	L	L	L	-	-	E	E	D	D	-	-	-	-	-	E	E	L	-	-	E	L	-	-	E	E	E
E	E	E	E	-	-	-	-	-	D	D	D	-	-	D	D	-	-	E	E	E	D	-	-	E	E	E	E
L	N	N	-	-	-	L	L	L	L	N	-	-	-	-	D	D	D	L	-	-	-	L	L	L	L	L	L
D	D	D	D	-	-	-	-	D	D	-	-	-	D	D	D	D	D	D	-	-	-	D	D	D	D	D	D
L	L	L	-	-	-	-	D	D	D	L	L	-	-	-	-	D	D	L	L	L	L	-	-	-	D	D	D
D	D	D	D	D	-	-	-	-	-	E	D	L	L	L	L	-	-	-	D	D	D	D	D	D	-	-	-
N	N	-	-	-	E	E	D	D	D	D	-	-	-	E	E	E	E	N	-	-	-	-	E	E	D	D	D
L	L	-	-	-	D	L	L	L	N	-	-	-	-	E	E	D	L	-	-	-	-	D	L	L	L	N	N
-	-	-	-	D	D	D	N	N	N	-	-	-	-	E	E	D	D	D	-	-	-	E	D	D	D	D	N
-	-	-	-	-	D	-	-	-	-	-	-	D	N	N	-	-	D	D	D	D	-	-	-	D	D	-	-
L	-	-	D	-	-	L	-	-	-	-	-	L	L	-	-	D	L	-	-	L	-	-	L	L	-	-	-
D	-	-	-	E	L	N	-	-	E	L	L	N	-	-	-	-	-	-	-	L	-	-	-	L	-	-	-
-	L	-	-	-	L	L	-	-	-	-	-	-	-	D	L	-	-	-	D	L	N	N	-	-	-	L	-
N	-	-	E	L	-	-	-	-	-	N	-	-	-	-	-	D	-	-	L	-	-	-	-	E	E	E	E
-	-	N	-	-	-	-	-	-	-	-	D	-	D	-	-	-	D	-	D	-	D	D	-	-	-	-	-
L	L	-	-	D	D	D	-	-	-	-	-	N	-	-	-	-	-	-	-	-	-	-	-	-	-	L	-
Objective 0: 9774
Objective 1: 169
Constr violation: 0
Restrictions violated:
0 0 0 0 0 0 0 0 

Individual 4
1	2	3	4	5	6	7	8	9	10	11	12	13	14	15	16	17	18	19	20	21	22	23	24	25	26	27	28
-	-	-	N	N	N	-	-	D	D	D	D	-	-	D	D	D	D	N	-	-	D	D	D	D	-	-	D
E	E	D	N	-	-	-	E	E	-	-	E	E	E	-	-	D	N	N	-	-	E	E	D	D	N	-	-
D	D	D	N	N	-	-	-	D	D	D	-	-	-	D	D	-	-	-	D	D	D	N	-	-	D	D	N
L	L	L	L	L	-	-	-	L	L	L	-	-	D	L	L	L	-	-	D	D	-	-	D	D	D	-	-
D	N	-	-	-	D	N	N	-	-	E	D	D	-	-	E	E	E	D	-	-	E	D	D	D	N	-	-
E	E	E	E	N	-	-	D	N	-	-	E	E	E	E	E	-	-	E	E	E	E	D	-	-	-	-	-
D	D	D	D	N	-	-	D	D	D	D	D	-	-	-	-	D	D	D	N	N	-	-	D	N	-	-	-
D	D	D	D	-	-	E	E	E	E	E	-	-	E	E	E	D	-	-	-	-	E	E	E	D	D	-	-
-	-	E	E	E	-	-	E	E	E	E	E	-	-	E	E	E	N	N	-	-	-	-	E	E	E	E	N
D	D	-	-	L	L	L	L	L	-	-	-	D	L	L	-	-	L	L	-	-	D	L	L	L	L	-	-
D	D	N	N	N	-	-	D	D	D	-	-	E	N	-	-	D	D	D	D	-	-	E	E	E	E	-	-
E	E	E	-	-	-	D	N	-	-	E	E	N	-	-	D	D	D	D	-	-	E	E	E	D	N	-	-
-	-	D	L	L	-	-	D	L	L	N	-	-	-	L	L	L	N	-	-	L	L	-	-	D	D	L	L
-	-	E	E	N	N	N	-	-	E	D	D	-	-	-	L	L	L	L	N	-	-	L	L	L	L	-	-
E	D	L	L	L	-	-	E	E	D	D	-	-	-	-	-	E	E	L	-	-	E	L	-	-	E	E	E
E	D	-	-	-	E	D	-	-	D	D	D	D	-	-	D	D	D	D	-	-	E	E	E	E	D	-	-
L	N	N	-	-	-	L	L	L	L	N	-	-	-	-	D	D	D	L	-	-	-	L	L	L	L	L	L
D	D	D	D	-	-	-	-	D	D	-	-	-	D	D	D	D	D	-	-	-	-	D	D	D	D	D	D
L	L	L	-	-	-	-	D	D	D	L	L	-	-	-	-	D	D	L	L	L	L	-	-	-	D	D	D
D	D	D	D	D	-	-	-	-	-	E	D	L	L	L	L	-	-	-	D	D	D	D	D	D	-	-	-
N	N	-	-	-	E	E	D	D	D	D	-	-	-	E	E	E	E	N	-	-	-	-	E	E	D	D	D
L	L	-	-	-	D	L	L	L	N	-	-	-	-	E	E	D	L	-	-	-	-	D	L	L	L	N	N
-	-	-	-	D	D	D	N	N	N	-	-	-	-	E	E	D	D	D	-	-	-	E	D	D	D	D	N
-	-	-	-	-	D	-	-	-	-	-	-	D	N	N	-	-	D	D	D	D	-	-	-	D	D	-	-
L	-	-	D	-	-	L	-	-	-	-	-	L	L	-	-	D	L	-	-	L	-	-	L	L	-	-	-
D	-	-	-	E	L	N	-	-	E	L	L	N	-	-	-	-	-	-	-	L	-	-	-	L	-	-	-
-	L	-	-	-	L	L	-	-	-	-	-	-	-	D	L	-	-	-	D	L	N	N	-	-	-	L	-
N	-	-	E	L	-	-	-	-	-	N	-	-	-	-	-	D	-	-	L	-	-	-	-	E	E	E	E
-	-	N	-	-	-	-	-	-	-	-	D	-	D	-	-	-	D	-	D	-	D	D	-	-	-	-	-
L	L	-	-	D	D	D	-	-	-	-	-	N	-	-	-	-	-	-	-	-	-	-	-	-	-	L	-
Objective 0: 10986
Objective 1: 153
Constr violation: 0
Restrictions violated:
0 0 0 0 0 0 0 0 

Individual 5
1	2	3	4	5	6	7	8	9	10	11	12	13	14	15	16	17	18	19	20	21	22	23	24	25	26	27	28
-	-	-	N	N	N	-	-	D	D	D	D	-	-	D	D	D	D	N	-	-	D	D	D	D	-	-	D
E	E	D	N	-	-	-	E	E	-	-	E	E	E	-	-	D	N	N	-	-	E	E	D	D	N	-	-
D	D	N	-	-	-	-	-	D	D	D	N	-	-	D	N	-	-	D	D	D	N	-	-	D	D	D	D
L	L	L	L	L	-	-	-	L	L	L	-	-	D	L	L	L	-	-	D	D	-	-	D	D	D	-	-
D	N	-	-	-	D	N	N	-	-	E	D	D	-	-	E	E	E	D	-	-	E	D	D	D	N	-	-
E	E	E	E	N	-	-	D	N	-	-	E	E	E	E	E	-	-	E	E	E	E	D	-	-	-	-	-
D	D	D	D	N	-	-	D	D	D	D	D	-	-	-	-	D	D	D	N	N	-	-	D	N	-	-	-
D	D	D	D	-	-	E	E	E	E	E	-	-	E	E	E	D	-	-	-	-	E	E	E	D	D	-	-
E	N	N	N	N	-	-	E	E	E	E	E	-	-	-	-	-	E	E	-	-	D	D	D	-	-	E	D
D	D	-	-	L	L	L	L	L	-	-	-	D	L	L	-	-	L	L	-	-	D	L	L	L	L	-	-
D	D	N	N	N	-	-	D	D	D	-	-	E	N	-	-	D	D	D	D	-	-	E	E	E	E	-	-
E	E	E	-	-	-	D	N	-	-	E	E	N	-	-	D	D	D	D	-	-	E	E	E	D	N	-	-
-	-	D	L	L	-	-	D	L	L	N	-	-	-	L	L	L	N	-	-	L	L	-	-	D	D	L	L
-	-	E	E	N	N	N	-	-	E	D	D	-	-	-	L	L	L	L	N	-	-	L	L	L	L	-	-
E	D	L	L	L	-	-	E	E	D	D	-	-	-	-	-	E	E	L	-	-	E	L	-	-	E	E	E
E	D	-	-	-	E	D	-	-	D	D	D	D	-	-	D	D	D	D	-	-	E	E	E	E	D	-	-
L	N	N	-	-	-	L	L	L	L	N	-	-	-	-	D	D	D	L	-	-	-	L	L	L	L	L	L
D	D	D	D	-	-	-	-	D	D	-	-	-	D	D	D	D	D	-	-	-	-	D	D	D	D	D	D
L	L	L	-	-	-	-	D	D	D	L	L	-	-	-	-	D	D	L	L	L	L	-	-	-	D	D	D
D	D	D	D	D	-	-	-	-	-	E	D	L	L	L	L	-	-	-	D	D	D	D	D	D	-	-	-
N	N	-	-	-	E	E	D	D	D	D	-	-	-	E	E	E	E	N	-	-	-	-	E	E	D	D	D
L	L	-	-	-	D	L	L	L	N	-	-	-	-	E	E	D	L	-	-	-	-	D	L	L	L	N	N
-	-	-	-	D	D	D	N	N	N	-	-	-	-	E	E	D	D	D	-	-	-	E	D	D	D	D	N
-	-	-	-	-	D	-	-	-	-	-	-	D	N	N	-	-	D	D	D	D	-	-	-	D	D	-	-
L	L	L	-	-	-	-	-	-	-	-	-	L	-	-	-	L	-	-	-	D	D	L	L	-	-	-	L
D	-	-	-	E	L	N	-	-	E	L	L	N	-	-	-	-	-	-	-	L	-	-	-	L	-	-	-
-	L	-	-	-	L	L	-	-	-	-	-	-	-	D	L	-	-	-	D	L	N	N	-	-	-	L	-
N	-	-	E	L	-	-	-	-	-	N	-	-	-	-	-	D	-	-	L	-	-	-	-	E	E	E	E
-	-	N	-	-	-	-	-	-	-	-	D	-	D	-	-	-	D	-	D	-	D	D	-	-	-	-	-
L	L	-	-	D	D	D	-	-	-	-	-	N	-	-	-	-	-	-	-	-	-	-	-	-	-	L	-
Objective 0: 11491
Objective 1: 149
Constr violation: 0
Restrictions violated:
0 0 0 0 0 0 0 0 

Individual 6
1	2	3	4	5	6	7	8	9	10	11	12	13	14	15	16	17	18	19	20	21	22	23	24	25	26	27	28
-	-	-	N	N	N	-	-	D	D	D	D	-	-	D	D	D	D	N	-	-	D	D	D	D	-	-	D
E	E	D	N	-	-	-	E	E	-	-	E	E	E	-	-	D	N	N	-	-	E	E	D	D	N	-	-
D	D	N	-	-	-	-	-	D	D	D	N	-	-	D	N	-	-	D	D	D	N	-	-	D	D	D	D
L	L	L	L	L	-	-	-	L	L	L	-	-	D	L	L	L	-	-	D	D	-	-	D	D	D	-	-
D	N	-	-	E	E	D	D	-	-	D	N	N	N	-	-	E	E	E	-	-	D	D	D	D	-	-	-
E	E	E	E	N	-	-	D	N	-	-	E	E	E	E	E	-	-	E	E	E	E	D	-	-	-	-	-
D	D	D	D	N	-	-	D	D	D	D	D	-	-	-	-	D	D	D	N	N	-	-	D	N	-	-	-
D	D	D	D	-	-	E	E	E	E	E	-	-	E	E	E	D	-	-	-	-	E	E	E	D	D	-	-
-	-	E	E	E	-	-	E	E	E	E	E	-	-	E	E	E	N	N	-	-	-	-	E	E	E	E	N
D	D	-	-	L	L	L	L	L	-	-	-	D	L	L	-	-	L	L	-	-	D	L	L	L	L	-	-
D	D	N	N	N	-	-	E	N	-	-	-	E	E	-	-	E	D	D	D	-	-	E	D	D	D	-	-
E	E	E	-	-	-	D	N	-	-	E	E	N	-	-	D	D	D	D	-	-	E	E	E	D	N	-	-
-	-	D	L	L	-	-	D	L	L	N	-	-	-	L	L	L	N	-	-	L	L	-	-	D	D	L	L
-	-	E	E	N	N	N	-	-	E	D	D	-	-	-	L	L	L	L	N	-	-	L	L	L	L	-	-
E	D	L	L	L	-	-	E	E	D	D	-	-	-	-	-	E	E	L	-	-	E	L	-	-	E	E	E
E	E	E	E	-	-	-	-	-	D	D	D	-	-	D	D	-	-	E	E	E	D	-	-	E	E	E	E
L	N	N	-	-	-	L	L	L	L	N	-	-	-	-	D	D	D	L	-	-	-	L	L	L	L	L	L
D	D	D	D	-	-	-	-	D	D	-	-	-	D	D	D	D	D	-	-	-	-	D	D	D	D	D	D
L	L	L	-	-	-	-	D	D	D	L	L	-	-	-	-	D	D	L	L	L	L	-	-	-	D	D	D
D	D	D	D	D	-	-	-	-	-	E	D	L	L	L	L	-	-	-	D	D	D	D	D	D	-	-	-
N	N	-	-	-	E	E	D	D	D	D	-	-	-	E	E	E	E	N	-	-	-	-	E	E	D	D	D
L	L	-	-	-	D	L	L	L	N	-	-	-	-	E	E	D	L	-	-	-	-	D	L	L	L	N	N
-	-	-	-	D	D	D	N	N	N	-	-	-	-	E	E	D	D	D	-	-	-	E	D	D	D	D	N
-	-	-	-	-	D	-	-	-	-	-	-	D	N	N	-	-	D	D	D	D	-	-	-	D	D	-	-
L	-	-	D	-	-	L	-	-	-	-	-	L	L	-	-	D	L	-	-	L	-	-	L	L	-	-	-
D	-	-	-	E	L	N	-	-	E	L	L	N	-	-	-	-	-	-	-	L	-	-	-	L	-	-	-
-	L	-	-	-	L	L	-	-	-	-	-	-	-	D	L	-	-	-	D	L	N	N	-	-	-	L	-
N	-	-	E	L	-	-	-	-	-	N	-	-	-	-	-	D	-	-	L	-	-	-	-	E	E	E	E
-	-	N	-	-	-	-	-	-	-	-	D	-	D	-	-	-	D	-	D	-	D	D	-	-	-	-	-
L	L	-	-	D	D	D	-	-	-	-	-	N	-	-	-	-	-	-	-	-	-	-	-	-	-	L	-
Objective 0: 9975
Objective 1: 162
Constr violation: 0
Restrictions violated:
0 0 0 0 0 0 0 0 

Individual 7
1	2	3	4	5	6	7	8	9	10	11	12	13	14	15	16	17	18	19	20	21	22	23	24	25	26	27	28
-	-	-	N	N	N	-	-	D	D	D	D	-	-	D	D	D	D	N	-	-	D	D	D	D	-	-	D
E	E	D	N	-	-	-	E	E	-	-	E	E	E	-	-	D	N	N	-	-	E	E	D	D	N	-	-
D	D	N	-	-	-	-	-	D	D	D	N	-	-	D	N	-	-	D	D	D	N	-	-	D	D	D	D
L	L	L	L	L	-	-	-	L	L	L	-	-	D	L	L	L	-	-	D	D	-	-	D	D	D	-	-
D	N	-	-	E	E	D	D	-	-	D	N	N	N	-	-	E	E	E	-	-	D	D	D	D	-	-	-
E	E	E	E	N	-	-	D	N	-	-	E	E	E	E	E	-	-	E	E	E	E	D	-	-	-	-	-
D	D	D	D	N	-	-	D	D	D	D	D	-	-	-	-	D	D	D	N	N	-	-	D	N	-	-	-
D	D	D	D	-	-	E	E	E	E	E	-	-	E	E	E	D	-	-	-	-	E	E	E	D	D	-	-
-	-	E	E	E	-	-	E	E	E	E	E	-	-	E	E	E	N	N	-	-	-	-	E	E	E	E	N
D	D	-	-	L	L	L	L	L	-	-	-	D	L	L	-	-	L	L	-	-	D	L	L	L	L	-	-
D	N	-	-	E	N	N	N	-	-	-	E	E	D	-	-	E	D	D	-	-	D	D	D	D	D	-	-
E	E	E	-	-	-	D	N	-	-	E	E	N	-	-	D	D	D	D	-	-	E	E	E	D	N	-	-
-	-	D	L	L	-	-	D	L	L	N	-	-	-	L	L	L	N	-	-	L	L	-	-	D	D	L	L
-	-	E	E	N	N	N	-	-	E	D	D	-	-	-	L	L	L	L	N	-	-	L	L	L	L	-	-
E	D	L	L	L	-	-	E	E	D	D	-	-	-	-	-	E	E	L	-	-	E	L	-	-	E	E	E
E	D	-	-	-	E	D	-	-	D	D	D	D	-	-	D	D	D	D	-	-	E	E	E	E	D	-	-
L	N	N	-	-	-	L	L	L	L	N	-	-	-	-	D	D	D	L	-	-	-	L	L	L	L	L	L
D	D	D	D	-	-	-	-	D	D	-	-	-	D	D	D	D	D	-	-	-	-	D	D	D	D	D	D
L	L	L	-	-	-	-	D	D	D	L	L	-	-	-	-	D	D	L	L	L	L	-	-	-	D	D	D
D	D	D	D	D	-	-	-	-	-	E	D	L	L	L	L	-	-	-	D	D	D	D	D	D	-	-	-
N	N	-	-	-	E	E	D	D	D	D	-	-	-	E	E	E	E	N	-	-	-	-	E	E	D	D	D
L	L	-	-	-	D	L	L	L	N	-	-	-	-	E	E	D	L	-	-	-	-	D	L	L	L	N	N
-	-	-	-	D	D	D	N	N	N	-	-	-	-	E	E	D	D	D	-	-	-	E	D	D	D	D	N
-	-	-	-	-	D	-	-	-	-	-	-	D	N	N	-	-	D	D	D	D	-	-	-	D	D	-	-
L	L	L	-	-	-	-	-	-	-	-	-	L	-	-	-	L	-	-	-	D	D	L	L	-	-	-	L
D	-	-	-	E	L	N	-	-	E	L	L	N	-	-	-	-	-	-	-	L	-	-	-	L	-	-	-
-	L	-	-	-	L	L	-	-	-	-	-	-	-	D	L	-	-	-	D	L	N	N	-	-	-	L	-
N	-	-	E	L	-	-	-	-	-	N	-	-	-	-	-	D	-	-	L	-	-	-	-	E	E	E	E
-	-	N	-	-	-	-	-	-	-	-	D	-	D	-	-	-	D	-	D	-	D	D	-	-	-	-	-
L	L	-	-	D	D	D	-	-	-	-	-	N	-	-	-	-	-	-	-	-	-	-	-	-	-	L	-
Objective 0: 10884
Objective 1: 154
Constr violation: 0
Restrictions violated:
0 0 0 0 0 0 0 0 

Individual 8
1	2	3	4	5	6	7	8	9	10	11	12	13	14	15	16	17	18	19	20	21	22	23	24	25	26	27	28
-	-	-	N	N	N	-	-	D	D	D	D	-	-	D	D	D	D	N	-	-	D	D	D	D	-	-	D
E	E	D	N	-	-	-	E	E	-	-	E	E	E	-	-	D	N	N	-	-	E	E	D	D	N	-	-
D	D	N	-	-	-	-	-	D	D	D	N	-	-	D	N	-	-	D	D	D	N	-	-	D	D	D	D
L	L	L	L	L	-	-	-	L	L	L	-	-	D	L	L	L	-	-	D	D	-	-	D	D	D	-	-
D	N	-	-	-	D	N	N	-	-	E	D	D	-	-	E	E	E	D	-	-	E	D	D	D	N	-	-
E	E	E	E	N	-	-	D	N	-	-	E	E	E	E	E	-	-	E	E	E	E	D	-	-	-	-	-
D	D	D	D	N	-	-	D	D	D	D	D	-	-	-	-	D	D	D	N	N	-	-	D	N	-	-	-
D	D	D	D	-	-	E	E	E	E	E	-	-	E	E	E	D	-	-	-	-	E	E	E	D	D	-	-
-	-	E	E	E	-	-	E	E	E	E	E	-	-	E	E	E	N	N	-	-	-	-	E	E	E	E	N
D	D	-	-	L	L	L	L	L	-	-	-	D	L	L	-	-	L	L	-	-	D	L	L	L	L	-	-
D	D	N	N	N	-	-	D	D	D	-	-	E	N	-	-	D	D	D	D	-	-	E	E	E	E	-	-
E	E	E	-	-	-	D	N	-	-	E	E	N	-	-	D	D	D	D	-	-	E	E	E	D	N	-	-
-	-	D	L	L	-	-	D	L	L	N	-	-	-	L	L	L	N	-	-	L	L	-	-	D	D	L	L
-	-	E	E	N	N	N	-	-	E	D	D	-	-	-	L	L	L	L	N	-	-	L	L	L	L	-	-
E	D	L	L	L	-	-	E	E	D	D	-	-	-	-	-	E	E	L	-	-	E	L	-	-	E	E	E
E	E	E	E	-	-	-	-	-	D	D	D	-	-	D	D	-	-	E	E	E	D	-	-	E	E	E	E
L	N	N	-	-	-	L	L	L	L	N	-	-	-	-	D	D	D	L	-	-	-	L	L	L	L	L	L
D	D	D	D	-	-	-	-	D	D	-	-	-	D	D	D	D	D	-	-	-	-	D	D	D	D	D	D
L	L	L	-	-	-	-	D	D	D	L	L	-	-	-	-	D	D	L	L	L	L	-	-	-	D	D	D
D	D	D	D	D	-	-	-	-	-	E	D	L	L	L	L	-	-	-	D	D	D	D	D	D	-	-	-
N	N	-	-	-	E	E	D	D	D	D	-	-	-	E	E	E	E	N	-	-	-	-	E	E	D	D	D
L	L	-	-	-	D	L	L	L	N	-	-	-	-	E	E	D	L	-	-	-	-	D	L	L	L	N	N
-	-	-	-	D	D	D	N	N	N	-	-	-	-	E	E	D	D	D	-	-	-	E	D	D	D	D	N
-	-	-	-	-	D	-	-	-	-	-	-	D	N	N	-	-	D	D	D	D	-	-	-	D	D	-	-
L	-	-	D	-	-	L	-	-	-	-	-	L	L	-	-	D	L	-	-	L	-	-	L	L	-	-	-
D	-	-	-	E	L	N	-	-	E	L	L	N	-	-	-	-	-	-	-	L	-	-	-	L	-	-	-
-	L	-	-	-	L	L	-	-	-	-	-	-	-	D	L	-	-	-	D	L	N	N	-	-	-	L	-
N	-	-	E	L	-	-	-	-	-	N	-	-	-	-	-	D	-	-	L	-	-	-	-	E	E	E	E
-	-	N	-	-	-	-	-	-	-	-	D	-	D	-	-	-	D	-	D	-	D	D	-	-	-	-	-
L	L	-	-	D	D	D	-	-	-	-	-	N	-	-	-	-	-	-	-	-	-	-	-	-	-	L	-
Objective 0: 10077
Objective 1: 160
Constr violation: 0
Restrictions violated:
0 0 0 0 0 0 0 0 

Individual 9
1	2	3	4	5	6	7	8	9	10	11	12	13	14	15	16	17	18	19	20	21	22	23	24	25	26	27	28
-	-	-	N	N	N	-	-	D	D	D	D	-	-	D	D	D	D	N	-	-	D	D	D	D	-	-	D
E	E	D	N	-	-	-	E	E	-	-	E	E	E	-	-	D	N	N	-	-	E	E	D	D	N	-	-
D	D	N	-	-	-	-	-	D	D	D	N	-	-	D	N	-	-	D	D	D	N	-	-	D	D	D	D
L	L	L	L	L	-	-	-	L	L	L	-	-	D	L	L	L	-	-	D	D	-	-	D	D	D	-	-
D	N	-	-	E	E	D	D	-	-	D	N	N	N	-	-	E	E	E	-	-	D	D	D	D	-	-	-
E	E	E	E	N	-	-	D	N	-	-	E	E	E	E	E	-	-	E	E	E	E	D	-	-	-	-	-
D	D	D	D	N	-	-	D	D	D	D	D	-	-	-	-	D	D	D	N	N	-	-	D	N	-	-	-
D	D	D	D	-	-	E	E	E	E	E	-	-	E	E	E	D	-	-	-	-	E	E	E	D	D	-	-
-	-	E	E	E	-	-	E	E	E	E	E	-	-	E	E	E	N	N	-	-	-	-	E	E	E	E	N
D	D	-	-	L	L	L	L	L	-	-	-	D	L	L	-	-	L	L	-	-	D	L	L	L	L	-	-
D	N	-	-	E	N	N	N	-	-	-	E	E	D	-	-	E	D	D	-	-	D	D	D	D	D	-	-
E	E	E	-	-	-	D	N	-	-	E	E	N	-	-	D	D	D	D	-	-	E	E	E	D	N	-	-
-	-	D	L	L	-	-	D	L	L	N	-	-	-	L	L	L	N	-	-	L	L	-	-	D	D	L	L
-	-	E	E	N	N	N	-	-	E	D	D	-	-	-	L	L	L	L	N	-	-	L	L	L	L	-	-
E	D	L	L	L	-	-	E	E	D	D	-	-	-	-	-	E	E	L	-	-	E	L	-	-	E	E	E
E	D	-	-	-	E	D	-	-	D	D	D	D	-	-	D	D	D	D	-	-	E	E	E	E	D	-	-
L	N	N	-	-	-	L	L	L	L	N	-	-	-	-	D	D	D	L	-	-	-	L	L	L	L	L	L
D	D	D	D	-	-	-	-	D	D	-	-	-	D	D	D	D	D	-	-	-	-	D	D	D	D	D	D
L	L	L	-	-	-	-	D	D	D	L	L	-	-	-	-	D	D	L	L	L	L	-	-	-	D	D	D
D	D	D	D	D	-	-	-	-	-	E	D	L	L	L	L	-	-	-	D	D	D	D	D	D	-	-	-
N	N	-	-	-	E	E	D	D	D	D	-	-	-	E	E	E	E	N	-	-	-	-	E	E	D	D	D
L	L	-	-	-	D	L	L	L	N	-	-	-	-	E	E	D	L	-	-	-	-	D	L	L	L	N	N
-	-	-	-	D	D	D	N	N	N	-	-	-	-	E	E	D	D	D	-	-	-	E	D	D	D	D	N
-	-	-	-	-	D	-	-	-	-	-	-	D	N	N	-	-	D	D	D	D	-	-	-	D	D	-	-
L	-	-	D	-	-	L	-	-	-	-	-	L	L	-	-	D	L	-	-	L	-	-	L	L	-	-	-
D	-	-	-	E	L	N	-	-	E	L	L	N	-	-	-	-	-	-	-	L	-	-	-	L	-	-	-
-	L	-	-	-	L	L	-	-	-	-	-	-	-	D	L	-	-	-	D	L	N	N	-	-	-	L	-
N	-	-	E	L	-	-	-	-	-	N	-	-	-	-	-	D	-	-	L	-	-	-	-	E	E	E	E
-	-	N	-	-	-	-	-	-	-	-	D	-	D	-	-	-	D	-	D	-	D	D	-	-	-	-	-
L	L	-	-	D	D	D	-	-	-	-	-	N	-	-	-	-	-	-	-	-	-	-	-	-	-	L	-
Objective 0: 10480
Objective 1: 157
Constr violation: 0
Restrictions violated:
0 0 0 0 0 0 0 0 

Individual 10
1	2	3	4	5	6	7	8	9	10	11	12	13	14	15	16	17	18	19	20	21	22	23	24	25	26	27	28
-	-	-	N	N	N	-	-	D	D	D	D	-	-	D	D	D	D	N	-	-	D	D	D	D	-	-	D
E	E	D	N	-	-	-	E	E	-	-	E	E	E	-	-	D	N	N	-	-	E	E	D	D	N	-	-
D	D	N	-	-	-	-	-	D	D	D	N	-	-	D	N	-	-	D	D	D	N	-	-	D	D	D	D
L	L	L	L	L	-	-	-	L	L	L	-	-	D	L	L	L	-	-	D	D	-	-	D	D	D	-	-
D	N	-	-	-	D	N	N	-	-	E	D	D	-	-	E	E	E	D	-	-	E	D	D	D	N	-	-
E	E	E	E	N	-	-	D	N	-	-	E	E	E	E	E	-	-	E	E	E	E	D	-	-	-	-	-
D	D	D	D	N	-	-	D	D	D	D	D	-	-	-	-	D	D	D	N	N	-	-	D	N	-	-	-
D	D	D	D	-	-	E	E	E	E	E	-	-	E	E	E	D	-	-	-	-	E	E	E	D	D	-	-
-	-	E	E	E	-	-	E	E	E	E	E	-	-	E	E	E	N	N	-	-	-	-	E	E	E	E	N
D	D	-	-	L	L	L	L	L	-	-	-	D	L	L	-	-	L	L	-	-	D	L	L	L	L	-	-
D	D	N	N	N	-	-	D	D	D	-	-	E	N	-	-	D	D	D	D	-	-	E	E	E	E	-	-
E	E	E	-	-	-	D	N	-	-	E	E	N	-	-	D	D	D	D	-	-	E	E	E	D	N	-	-
-	-	D	L	L	-	-	D	L	L	N	-	-	-	L	L	L	N	-	-	L	L	-	-	D	D	L	L
-	-	E	E	N	N	N	-	-	E	D	D	-	-	-	L	L	L	L	N	-	-	L	L	L	L	-	-
E	D	L	L	L	-	-	E	E	D	D	-	-	-	-	-	E	E	L	-	-	E	L	-	-	E	E	E
E	D	-	-	-	E	D	-	-	D	D	D	D	-	-	D	D	D	D	-	-	E	E	E	E	D	-	-
L	N	N	-	-	-	L	L	L	L	N	-	-	-	-	D	D	D	L	-	-	-	L	L	L	L	L	L
D	D	D	D	-	-	-	-	D	D	-	-	-	D	D	D	D	D	-	-	-	-	D	D	D	D	D	D
L	L	L	-	-	-	-	D	D	D	L	L	-	-	-	-	D	D	L	L	L	L	-	-	-	D	D	D
D	D	D	D	D	-	-	-	-	-	E	D	L	L	L	L	-	-	-	D	D	D	D	D	D	-	-	-
N	N	-	-	-	E	E	D	D	D	D	-	-	-	E	E	E	E	N	-	-	-	-	E	E	D	D	D
L	L	-	-	-	D	L	L	L	N	-	-	-	-	E	E	D	L	-	-	-	-	D	L	L	L	N	N
-	-	-	-	D	D	D	N	N	N	-	-	-	-	E	E	D	D	D	-	-	-	E	D	D	D	D	N
-	-	-	-	-	D	-	-	-	-	-	-	D	N	N	-	-	D	D	D	D	-	-	-	D	D	-	-
L	L	L	-	-	-	-	-	-	-	-	-	L	-	-	-	L	-	-	-	D	D	L	L	-	-	-	L
D	-	-	-	E	L	N	-	-	E	L	L	N	-	-	-	-	-	-	-	L	-	-	-	L	-	-	-
-	L	-	-	-	L	L	-	-	-	-	-	-	-	D	L	-	-	-	D	L	N	N	-	-	-	L	-
N	-	-	E	L	-	-	-	-	-	N	-	-	-	-	-	D	-	-	L	-	-	-	-	E	E	E	E
-	-	N	-	-	-	-	-	-	-	-	D	-	D	-	-	-	D	-	D	-	D	D	-	-	-	-	-
L	L	-	-	D	D	D	-	-	-	-	-	N	-	-	-	-	-	-	-	-	-	-	-	-	-	L	-
Objective 0: 11188
Objective 1: 151
Constr violation: 0
Restrictions violated:
0 0 0 0 0 0 0 0 

Individual 11
1	2	3	4	5	6	7	8	9	10	11	12	13	14	15	16	17	18	19	20	21	22	23	24	25	26	27	28
-	-	-	N	N	N	-	-	D	D	D	D	-	-	D	D	D	D	N	-	-	D	D	D	D	-	-	D
E	E	D	N	-	-	-	E	E	-	-	E	E	E	-	-	D	N	N	-	-	E	E	D	D	N	-	-
D	D	D	N	N	-	-	-	D	D	D	-	-	-	D	D	-	-	-	D	D	D	N	-	-	D	D	N
L	L	L	L	L	-	-	-	L	L	L	-	-	D	L	L	L	-	-	D	D	-	-	D	D	D	-	-
D	N	-	-	-	D	N	N	-	-	E	D	D	-	-	E	E	E	D	-	-	E	D	D	D	N	-	-
E	E	E	E	N	-	-	D	N	-	-	E	E	E	E	E	-	-	E	E	E	E	D	-	-	-	-	-
D	D	D	D	N	-	-	D	D	D	D	D	-	-	-	-	D	D	D	N	N	-	-	D	N	-	-	-
D	D	D	D	-	-	E	E	E	E	E	-	-	E	E	E	D	-	-	-	-	E	E	E	D	D	-	-
-	-	E	E	E	-	-	E	E	E	E	E	-	-	E	E	E	N	N	-	-	-	-	E	E	E	E	N
D	D	-	-	L	L	L	L	L	-	-	-	D	L	L	-	-	L	L	-	-	D	L	L	L	L	-	-
D	D	N	N	N	-	-	D	D	D	-	-	E	N	-	-	D	D	D	D	-	-	E	E	E	E	-	-
E	E	E	-	-	-	D	N	-	-	E	E	N	-	-	D	D	D	D	-	-	E	E	E	D	N	-	-
-	-	D	L	L	-	-	D	L	L	N	-	-	-	L	L	L	N	-	-	L	L	-	-	D	D	L	L
-	-	E	E	N	N	N	-	-	E	D	D	-	-	-	L	L	L	L	N	-	-	L	L	L	L	-	-
E	D	L	L	L	-	-	E	E	D	D	-	-	-	-	-	E	E	L	-	-	E	L	-	-	E	E	E
E	E	E	E	-	-	-	-	-	D	D	D	-	-	D	D	-	-	E	E	E	D	-	-	E	E	E	E
L	N	N	-	-	-	L	L	L	L	N	-	-	-	-	D	D	D	L	-	-	-	L	L	L	L	L	L
D	D	D	D	-	-	-	-	D	D	-	-	-	D	D	D	D	D	-	-	-	-	D	D	D	D	D	D
L	L	L	-	-	-	-	D	D	D	L	L	-	-	-	-	D	D	L	L	L	L	-	-	-	D	D	D
D	D	D	D	D	-	-	-	-	-	E	D	L	L	L	L	-	-	-	D	D	D	D	D	D	-	-	-
N	N	-	-	-	E	E	D	D	D	D	-	-	-	E	E	E	E	N	-	-	-	-	E	E	D	D	D
L	L	-	-	-	D	L	L	L	N	-	-	-	-	E	E	D	L	-	-	-	-	D	L	L	L	N	N
-	-	-	-	D	D	D	N	N	N	-	-	-	-	E	E	D	D	D	-	-	-	E	D	D	D	D	N
-	-	-	-	-	D	-	-	-	-	-	-	D	N	N	-	-	D	D	D	D	-	-	-	D	D	-	-
L	-	-	D	-	-	L	-	-	-	-	-	L	L	-	-	D	L	-	-	L	-	-	L	L	-	-	-
D	-	-	-	E	L	N	-	-	E	L	L	N	-	-	-	-	-	-	-	L	-	-	-	L	-	-	-
-	L	-	-	-	L	L	-	-	-	-	-	-	-	D	L	-	-	-	D	L	N	N	-	-	-	L	-
N	-	-	E	L	-	-	-	-	-	N	-	-	-	-	-	D	-	-	L	-	-	-	-	E	E	E	E
-	-	N	-	-	-	-	-	-	-	-	D	-	D	-	-	-	D	-	D	-	D	D	-	-	-	-	-
L	L	-	-	D	D	D	-	-	-	-	-	N	-	-	-	-	-	-	-	-	-	-	-	-	-	L	-
Objective 0: 10279
Objective 1: 159
Constr violation: 0
Restrictions violated:
0 0 0 0 0 0 0 0 

Individual 12
1	2	3	4	5	6	7	8	9	10	11	12	13	14	15	16	17	18	19	20	21	22	23	24	25	26	27	28
-	-	-	N	N	N	-	-	D	D	D	D	-	-	D	D	D	D	N	-	-	D	D	D	D	-	-	D
E	E	D	N	-	-	-	E	E	-	-	E	E	E	-	-	D	N	N	-	-	E	E	D	D	N	-	-
D	D	N	-	-	-	-	-	D	D	D	N	-	-	D	N	-	-	D	D	D	N	-	-	D	D	D	D
L	L	L	L	L	-	-	-	L	L	L	-	-	D	L	L	L	-	-	D	D	-	-	D	D	D	-	-
D	N	-	-	E	E	D	D	-	-	D	N	N	N	-	-	E	E	E	-	-	D	D	D	D	-	-	-
E	E	E	E	N	-	-	D	N	-	-	E	E	E	E	E	-	-	E	E	E	E	D	-	-	-	-	-
D	D	D	D	N	-	-	D	D	D	D	D	-	-	-	-	D	D	D	N	N	-	-	D	N	-	-	-
D	D	D	D	-	-	E	E	E	E	E	-	-	E	E	E	D	-	-	-	-	E	E	E	D	D	-	-
-	-	E	E	E	-	-	E	E	E	E	E	-	-	E	E	E	N	N	-	-	-	-	E	E	E	E	N
D	D	-	-	L	L	L	L	L	-	-	-	D	L	L	-	-	L	L	-	-	D	L	L	L	L	-	-
D	D	N	N	N	-	-	E	N	-	-	-	E	E	-	-	E	D	D	D	-	-	E	D	D	D	-	-
E	E	E	-	-	N	N	N	-	-	E	E	D	D	-	-	D	N	-	-	-	E	E	E	D	D	-	-
-	-	D	L	L	-	-	D	L	L	N	-	-	-	L	L	L	N	-	-	L	L	-	-	D	D	L	L
-	-	E	E	N	N	N	-	-	E	D	D	-	-	-	L	L	L	L	N	-	-	L	L	L	L	-	-
E	D	L	L	L	-	-	E	E	D	D	-	-	-	-	-	E	E	L	-	-	E	L	-	-	E	E	E
E	E	E	E	-	-	-	-	-	D	D	D	-	-	D	D	-	-	E	E	E	D	-	-	E	E	E	E
L	N	N	-	-	-	L	L	L	L	N	-	-	-	-	D	D	D	L	-	-	-	L	L	L	L	L	L
D	D	D	D	-	-	-	-	D	D	-	-	-	D	D	D	D	D	D	-	-	-	D	D	D	D	D	D
L	L	L	-	-	-	-	D	D	D	L	L	-	-	-	-	D	D	L	L	L	L	-	-	-	D	D	D
D	D	D	D	D	-	-	-	-	-	E	D	L	L	L	L	-	-	-	D	D	D	D	D	D	-	-	-
N	N	-	-	-	E	E	D	D	D	D	-	-	-	E	E	E	E	N	-	-	-	-	E	E	D	D	D
L	L	-	-	-	D	L	L	L	N	-	-	-	-	E	E	D	L	-	-	-	-	D	L	L	L	N	N
-	-	-	-	D	D	D	N	N	N	-	-	-	-	E	E	D	D	D	-	-	-	E	D	D	D	D	N
-	-	-	-	-	D	-	-	-	-	-	-	D	N	N	-	-	D	D	D	D	-	-	-	D	D	-	-
L	-	-	D	-	-	L	-	-	-	-	-	L	L	-	-	D	L	-	-	L	-	-	L	L	-	-	-
D	-	-	-	E	L	N	-	-	E	L	L	N	-	-	-	-	-	-	-	L	-	-	-	L	-	-	-
-	L	-	-	-	L	L	-	-	-	-	-	-	-	D	L	-	-	-	D	L	N	N	-	-	-	L	-
N	-	-	E	L	-	-	-	-	-	N	-	-	-	-	-	D	-	-	L	-	-	-	-	E	E	E	E
-	-	N	-	-	-	-	-	-	-	-	D	-	D	-	-	-	D	-	D	-	D	D	-	-	-	-	-
L	L	-	-	D	D	D	-	-	-	-	-	N	-	-	-	-	-	-	-	-	-	-	-	-	-	L	-
Objective 0: 9774
Objective 1: 169
Constr violation: 0
Restrictions violated:
0 0 0 0 0 0 0 0 

Individual 13
1	2	3	4	5	6	7	8	9	10	11	12	13	14	15	16	17	18	19	20	21	22	23	24	25	26	27	28
-	-	-	N	N	N	-	-	D	D	D	D	-	-	D	D	D	D	N	-	-	D	D	D	D	-	-	D
E	E	D	N	-	-	-	E	E	-	-	E	E	E	-	-	D	N	N	-	-	E	E	D	D	N	-	-
D	D	D	N	N	-	-	-	D	D	D	-	-	-	D	D	-	-	-	D	D	D	N	-	-	D	D	N
L	L	L	L	L	-	-	-	L	L	L	-	-	D	L	L	L	-	-	D	D	-	-	D	D	D	-	-
D	N	-	-	-	D	N	N	-	-	E	D	D	-	-	E	E	E	D	-	-	E	D	D	D	N	-	-
E	E	E	E	N	-	-	D	N	-	-	E	E	E	E	E	-	-	E	E	E	E	D	-	-	-	-	-
D	D	D	D	N	-	-	D	D	D	D	D	-	-	-	-	D	D	D	N	N	-	-	D	N	-	-	-
D	D	D	D	-	-	E	E	E	E	E	-	-	E	E	E	D	-	-	-	-	E	E	E	D	D	-	-
-	-	E	E	E	-	-	E	E	E	E	E	-	-	E	E	E	N	N	-	-	-	-	E	E	E	E	N
D	D	-	-	L	L	L	L	L	-	-	-	D	L	L	-	-	L	L	-	-	D	L	L	L	L	-	-
D	D	N	N	N	-	-	D	D	D	-	-	E	N	-	-	D	D	D	D	-	-	E	E	E	E	-	-
E	E	E	-	-	-	D	N	-	-	E	E	N	-	-	D	D	D	D	-	-	E	E	E	D	N	-	-
-	-	D	L	L	-	-	D	L	L	N	-	-	-	L	L	L	N	-	-	L	L	-	-	D	D	L	L
-	-	E	E	N	N	N	-	-	E	D	D	-	-	-	L	L	L	L	N	-	-	L	L	L	L	-	-
E	D	L	L	L	-	-	E	E	D	D	-	-	-	-	-	E	E	L	-	-	E	L	-	-	E	E	E
E	D	-	-	-	E	D	-	-	D	D	D	D	-	-	D	D	D	D	-	-	E	E	E	E	D	-	-
L	N	N	-	-	-	L	L	L	L	N	-	-	-	-	D	D	D	L	-	-	-	L	L	L	L	L	L
D	D	D	D	-	-	-	-	D	D	-	-	-	D	D	D	D	D	-	-	-	-	D	D	D	D	D	D
L	L	L	-	-	-	-	D	D	D	L	L	-	-	-	-	D	D	L	L	L	L	-	-	-	D	D	D
D	D	D	D	D	-	-	-	-	-	E	D	L	L	L	L	-	-	-	D	D	D	D	D	D	-	-	-
N	N	-	-	-	E	E	D	D	D	D	-	-	-	E	E	E	E	N	-	-	-	-	E	E	D	D	D
L	L	-	-	-	D	L	L	L	N	-	-	-	-	E	E	D	L	-	-	-	-	D	L	L	L	N	N
-	-	-	-	D	D	D	N	N	N	-	-	-	-	E	E	D	D	D	-	-	-	E	D	D	D	D	N
-	-	-	-	-	D	-	-	-	-	-	-	D	N	N	-	-	D	D	D	D	-	-	-	D	D	-	-
L	L	L	-	-	-	-	-	-	-	-	-	L	-	-	-	L	-	-	-	D	D	L	L	-	-	-	L
D	-	-	-	E	L	N	-	-	E	L	L	N	-	-	-	-	-	-	-	L	-	-	-	L	-	-	-
-	L	-	-	-	L	L	-	-	-	-	-	-	-	D	L	-	-	-	D	L	N	N	-	-	-	L	-
N	-	-	E	L	-	-	-	-	-	N	-	-	-	-	-	D	-	-	L	-	-	-	-	E	E	E	E
-	-	N	-	-	-	-	-	-	-	-	D	-	D	-	-	-	D	-	D	-	D	D	-	-	-	-	-
L	L	-	-	D	D	D	-	-	-	-	-	N	-	-	-	-	-	-	-	-	-	-	-	-	-	L	-
Objective 0: 11390
Objective 1: 150
Constr violation: 0
Restrictions violated:
0 0 0 0 0 0 0 0 

Individual 14
1	2	3	4	5	6	7	8	9	10	11	12	13	14	15	16	17	18	19	20	21	22	23	24	25	26	27	28
-	-	-	N	N	N	-	-	D	D	D	D	-	-	D	D	D	D	N	-	-	D	D	D	D	-	-	D
E	E	D	N	-	-	-	E	E	-	-	E	E	E	-	-	D	N	N	-	-	E	E	D	D	N	-	-
D	D	N	-	-	-	-	-	D	D	D	N	-	-	D	N	-	-	D	D	D	N	-	-	D	D	D	D
L	L	L	L	L	-	-	-	L	L	L	-	-	D	L	L	L	-	-	D	D	-	-	D	D	D	-	-
D	N	-	-	-	D	N	N	-	-	E	D	D	-	-	E	E	E	D	-	-	E	D	D	D	N	-	-
E	E	E	E	N	-	-	D	N	-	-	E	E	E	E	E	-	-	E	E	E	E	D	-	-	-	-	-
D	D	D	D	N	-	-	D	D	D	D	D	-	-	-	-	D	D	D	N	N	-	-	D	N	-	-	-
D	D	D	D	-	-	E	E	E	E	E	-	-	E	E	E	D	-	-	-	-	E	E	E	D	D	-	-
-	-	E	E	E	-	-	E	E	E	E	E	-	-	E	E	E	N	N	-	-	-	-	E	E	E	E	N
D	D	-	-	L	L	L	L	L	-	-	-	D	L	L	-	-	L	L	-	-	D	L	L	L	L	-	-
D	D	N	N	N	-	-	D	D	D	-	-	E	N	-	-	D	D	D	D	-	-	E	E	E	E	-	-
E	E	E	-	-	-	D	N	-	-	E	E	N	-	-	D	D	D	D	-	-	E	E	E	D	N	-	-
-	-	D	L	L	-	-	D	L	L	N	-	-	-	L	L	L	N	-	-	L	L	-	-	D	D	L	L
-	-	E	E	N	N	N	-	-	E	D	D	-	-	-	L	L	L	L	N	-	-	L	L	L	L	-	-
E	D	L	L	L	-	-	E	E	D	D	-	-	-	-	-	E	E	L	-	-	E	L	-	-	E	E	E
E	D	-	-	-	E	D	-	-	D	D	D	D	-	-	D	D	D	D	-	-	E	E	E	E	D	-	-
L	N	N	-	-	-	L	L	L	L	N	-	-	-	-	D	D	D	L	-	-	-	L	L	L	L	L	L
D	D	D	D	-	-	-	-	D	D	-	-	-	D	D	D	D	D	-	-	-	-	D	D	D	D	D	D
L	L	L	-	-	-	-	D	D	D	L	L	-	-	-	-	D	D	L	L	L	L	-	-	-	D	D	D
D	D	D	D	D	-	-	-	-	-	E	D	L	L	L	L	-	-	-	D	D	D	D	D	D	-	-	-
N	N	-	-	-	E	E	D	D	D	D	-	-	-	E	E	E	E	N	-	-	-	-	E	E	D	D	D
L	L	-	-	-	D	L	L	L	N	-	-	-	-	E	E	D	L	-	-	-	-	D	L	L	L	N	N
-	-	-	-	D	D	D	N	N	N	-	-	-	-	E	E	D	D	D	-	-	-	E	D	D	D	D	N
-	-	-	-	-	D	-	-	-	-	-	-	D	N	N	-	-	D	D	D	D	-	-	-	D	D	-	-
L	L	L	-	-	-	-	-	-	-	-	-	L	-	-	-	L	-	-	-	D	D	L	L	-	-	-	L
D	-	-	-	E	L	N	-	-	E	L	L	N	-	-	-	-	-	-	-	L	-	-	-	L	-	-	-
-	L	-	-	-	L	L	-	-	-	-	-	-	-	D	L	-	-	-	D	L	N	N	-	-	-	L	-
N	-	-	E	L	-	-	-	-	-	N	-	-	-	-	-	D	-	-	L	-	-	-	-	E	E	E	E
-	-	N	-	-	-	-	-	-	-	-	D	-	D	-	-	-	D	-	D	-	D	D	-	-	-	-	-
L	L	-	-	D	D	D	-	-	-	-	-	N	-	-	-	-	-	-	-	-	-	-	-	-	-	L	-
Objective 0: 11188
Objective 1: 151
Constr violation: 0
Restrictions violated:
0 0 0 0 0 0 0 0 

Individual 15
1	2	3	4	5	6	7	8	9	10	11	12	13	14	15	16	17	18	19	20	21	22	23	24	25	26	27	28
-	-	-	N	N	N	-	-	D	D	D	D	-	-	D	D	D	D	N	-	-	D	D	D	D	-	-	D
E	E	D	N	-	-	-	E	E	-	-	E	E	E	-	-	D	N	N	-	-	E	E	D	D	N	-	-
D	D	D	N	N	-	-	-	D	D	D	-	-	-	D	D	-	-	-	D	D	D	N	-	-	D	D	N
L	L	L	L	L	-	-	-	L	L	L	-	-	D	L	L	L	-	-	D	D	-	-	D	D	D	-	-
D	N	-	-	E	E	D	D	-	-	D	N	N	N	-	-	E	E	E	-	-	D	D	D	D	-	-	-
E	E	E	E	N	-	-	D	N	-	-	E	E	E	E	E	-	-	E	E	E	E	D	-	-	-	-	-
D	D	D	D	N	-	-	D	D	D	D	D	-	-	-	-	D	D	D	N	N	-	-	D	N	-	-	-
D	D	D	D	-	-	E	E	E	E	E	-	-	E	E	E	D	-	-	-	-	E	E	E	D	D	-	-
-	-	E	E	E	-	-	E	E	E	E	E	-	-	E	E	E	N	N	-	-	-	-	E	E	E	E	N
D	D	-	-	L	L	L	L	L	-	-	-	D	L	L	-	-	L	L	-	-	D	L	L	L	L	-	-
D	N	-	-	E	N	N	N	-	-	-	E	E	D	-	-	E	D	D	-	-	D	D	D	D	D	-	-
E	E	E	-	-	-	D	N	-	-	E	E	N	-	-	D	D	D	D	-	-	E	E	E	D	N	-	-
-	-	D	L	L	-	-	D	L	L	N	-	-	-	L	L	L	N	-	-	L	L	-	-	D	D	L	L
-	-	E	E	N	N	N	-	-	E	D	D	-	-	-	L	L	L	L	N	-	-	L	L	L	L	-	-
E	D	L	L	L	-	-	E	E	D	D	-	-	-	-	-	E	E	L	-	-	E	L	-	-	E	E	E
E	D	-	-	-	E	D	-	-	D	D	D	D	-	-	D	D	D	D	-	-	E	E	E	E	D	-	-
L	N	N	-	-	-	L	L	L	L	N	-	-	-	-	D	D	D	L	-	-	-	L	L	L	L	L	L
D	D	D	D	-	-	-	-	D	D	-	-	-	D	D	D	D	D	-	-	-	-	D	D	D	D	D	D
L	L	L	-	-	-	-	D	D	D	L	L	-	-	-	-	D	D	L	L	L	L	-	-	-	D	D	D
D	D	D	D	D	-	-	-	-	-	E	D	L	L	L	L	-	-	-	D	D	D	D	D	D	-	-	-
N	N	-	-	-	E	E	D	D	D	D	-	-	-	E	E	E	E	N	-	-	-	-	E	E	D	D	D
L	L	-	-	-	D	L	L	L	N	-	-	-	-	E	E	D	L	-	-	-	-	D	L	L	L	N	N
-	-	-	-	D	D	D	N	N	N	-	-	-	-	E	E	D	D	D	-	-	-	E	D	D	D	D	N
-	-	-	-	-	D	-	-	-	-	-	-	D	N	N	-	-	D	D	D	D	-	-	-	D	D	-	-
L	-	-	D	-	-	L	-	-	-	-	-	L	L	-	-	D	L	-	-	L	-	-	L	L	-	-	-
D	-	-	-	E	L	N	-	-	E	L	L	N	-	-	-	-	-	-	-	L	-	-	-	L	-	-	-
-	L	-	-	-	L	L	-	-	-	-	-	-	-	D	L	-	-	-	D	L	N	N	-	-	-	L	-
N	-	-	E	L	-	-	-	-	-	N	-	-	-	-	-	D	-	-	L	-	-	-	-	E	E	E	E
-	-	N	-	-	-	-	-	-	-	-	D	-	D	-	-	-	D	-	D	-	D	D	-	-	-	-	-
L	L	-	-	D	D	D	-	-	-	-	-	N	-	-	-	-	-	-	-	-	-	-	-	-	-	L	-
Objective 0: 10682
Objective 1: 156
Constr violation: 0
Restrictions violated:
0 0 0 0 0 0 0 0 

Individual 16
1	2	3	4	5	6	7	8	9	10	11	12	13	14	15	16	17	18	19	20	21	22	23	24	25	26	27	28
-	-	-	N	N	N	-	-	D	D	D	D	-	-	D	D	D	D	N	-	-	D	D	D	D	-	-	D
E	E	D	N	-	-	-	E	E	-	-	E	E	E	-	-	D	N	N	-	-	E	E	D	D	N	-	-
D	D	D	N	N	-	-	-	D	D	D	-	-	-	D	D	-	-	-	D	D	D	N	-	-	D	D	N
L	L	L	L	L	-	-	-	L	L	L	-	-	D	L	L	L	-	-	D	D	-	-	D	D	D	-	-
D	N	-	-	-	D	N	N	-	-	E	D	D	-	-	E	E	E	D	-	-	E	D	D	D	N	-	-
E	E	E	E	N	-	-	D	N	-	-	E	E	E	E	E	-	-	E	E	E	E	D	-	-	-	-	-
D	D	D	D	N	-	-	D	D	D	D	D	-	-	-	-	D	D	D	N	N	-	-	D	N	-	-	-
D	D	D	D	-	-	E	E	E	E	E	-	-	E	E	E	D	-	-	-	-	E	E	E	D	D	-	-
-	-	E	E	E	-	-	E	E	E	E	E	-	-	E	E	E	N	N	-	-	-	-	E	E	E	E	N
D	D	-	-	L	L	L	L	L	-	-	-	D	L	L	-	-	L	L	-	-	D	L	L	L	L	-	-
D	D	N	N	N	-	-	D	D	D	-	-	E	N	-	-	D	D	D	D	-	-	E	E	E	E	-	-
E	E	E	-	-	-	D	N	-	-	E	E	N	-	-	D	D	D	D	-	-	E	E	E	D	N	-	-
-	-	D	L	L	-	-	D	L	L	N	-	-	-	L	L	L	N	-	-	L	L	-	-	D	D	L	L
-	-	E	E	N	N	N	-	-	E	D	D	-	-	-	L	L	L	L	N	-	-	L	L	L	L	-	-
E	D	L	L	L	-	-	E	E	D	D	-	-	-	-	-	E	E	L	-	-	E	L	-	-	E	E	E
E	E	E	E	-	-	-	-	-	D	D	D	-	-	D	D	-	-	E	E	E	D	-	-	E	E	E	E
L	N	N	-	-	-	L	L	L	L	N	-	-	-	-	D	D	D	L	-	-	-	L	L	L	L	L	L
D	D	D	D	-	-	-	-	D	D	-	-	-	D	D	D	D	D	-	-	-	-	D	D	D	D	D	D
L	L	L	-	-	-	-	D	D	D	L	L	-	-	-	-	D	D	L	L	L	L	-	-	-	D	D	D
D	D	D	D	D	-	-	-	-	-	E	D	L	L	L	L	-	-	-	D	D	D	D	D	D	-	-	-
N	N	-	-	-	E	E	D	D	D	D	-	-	-	E	E	E	E	N	-	-	-	-	E	E	D	D	D
L	L	-	-	-	D	L	L	L	N	-	-	-	-	E	E	D	L	-	-	-	-	D	L	L	L	N	N
-	-	-	-	D	D	D	N	N	N	-	-	-	-	E	E	D	D	D	-	-	-	E	D	D	D	D	N
-	-	-	-	-	D	-	-	-	-	-	-	D	N	N	-	-	D	D	D	D	-	-	-	D	D	-	-
L	-	-	D	-	-	L	-	-	-	-	-	L	L	-	-	D	L	-	-	L	-	-	L	L	-	-	-
D	-	-	-	E	L	N	-	-	E	L	L	N	-	-	-	-	-	-	-	L	-	-	-	L	-	-	-
-	L	-	-	-	L	L	-	-	-	-	-	-	-	D	L	-	-	-	D	L	N	N	-	-	-	L	-
N	-	-	E	L	-	-	-	-	-	N	-	-	-	-	-	D	-	-	L	-	-	-	-	E	E	E	E
-	-	N	-	-	-	-	-	-	-	-	D	-	D	-	-	-	D	-	D	-	D	D	-	-	-	-	-
L	L	-	-	D	D	D	-	-	-	-	-	N	-	-	-	-	-	-	-	-	-	-	-	-	-	L	-
Objective 0: 10279
Objective 1: 159
Constr violation: 0
Restrictions violated:
0 0 0 0 0 0 0 0 

Individual 17
1	2	3	4	5	6	7	8	9	10	11	12	13	14	15	16	17	18	19	20	21	22	23	24	25	26	27	28
-	-	-	N	N	N	-	-	D	D	D	D	-	-	D	D	D	D	N	-	-	D	D	D	D	-	-	D
E	E	D	N	-	-	-	E	E	-	-	E	E	E	-	-	D	N	N	-	-	E	E	D	D	N	-	-
D	D	N	-	-	-	-	-	D	D	D	N	-	-	D	N	-	-	D	D	D	N	-	-	D	D	D	D
L	L	L	L	L	-	-	-	L	L	L	-	-	D	L	L	L	-	-	D	D	-	-	D	D	D	-	-
D	N	-	-	E	E	D	D	-	-	D	N	N	N	-	-	E	E	E	-	-	D	D	D	D	-	-	-
E	E	E	E	N	-	-	D	N	-	-	E	E	E	E	E	-	-	E	E	E	E	D	-	-	-	-	-
D	D	D	D	N	-	-	D	D	D	D	D	-	-	-	-	D	D	D	N	N	-	-	D	N	-	-	-
D	D	D	D	-	-	E	E	E	E	E	-	-	E	E	E	D	-	-	-	-	E	E	E	D	D	-	-
-	-	E	E	E	-	-	E	E	E	E	E	-	-	E	E	E	N	N	-	-	-	-	E	E	E	E	N
D	D	-	-	L	L	L	L	L	-	-	-	D	L	L	-	-	L	L	-	-	D	L	L	L	L	-	-
D	N	-	-	E	N	N	N	-	-	-	E	E	D	-	-	E	D	D	-	-	D	D	D	D	D	-	-
E	E	E	-	-	-	D	N	-	-	E	E	N	-	-	D	D	D	D	-	-	E	E	E	D	N	-	-
-	-	D	L	L	-	-	D	L	L	N	-	-	-	L	L	L	N	-	-	L	L	-	-	D	D	L	L
-	-	E	E	N	N	N	-	-	E	D	D	-	-	-	L	L	L	L	N	-	-	L	L	L	L	-	-
E	D	L	L	L	-	-	E	E	D	D	-	-	-	-	-	E	E	L	-	-	E	L	-	-	E	E	E
E	D	-	-	-	E	D	-	-	D	D	D	D	-	-	D	D	D	D	-	-	E	E	E	E	D	-	-
L	N	N	-	-	-	L	L	L	L	N	-	-	-	-	D	D	D	L	-	-	-	L	L	L	L	L	L
D	D	D	D	-	-	-	-	D	D	-	-	-	D	D	D	D	D	-	-	-	-	D	D	D	D	D	D
L	L	L	-	-	-	-	D	D	D	L	L	-	-	-	-	D	D	L	L	L	L	-	-	-	D	D	D
D	D	D	D	D	-	-	-	-	-	E	D	L	L	L	L	-	-	-	D	D	D	D	D	D	-	-	-
N	N	-	-	-	E	E	D	D	D	D	-	-	-	E	E	E	E	N	-	-	-	-	E	E	D	D	D
L	L	-	-	-	D	L	L	L	N	-	-	-	-	E	E	D	L	-	-	-	-	D	L	L	L	N	N
-	-	-	-	D	D	D	N	N	N	-	-	-	-	E	E	D	D	D	-	-	-	E	D	D	D	D	N
-	-	-	-	-	D	-	-	-	-	-	-	D	N	N	-	-	D	D	D	D	-	-	-	D	D	-	-
L	-	-	D	-	-	L	-	-	-	-	-	L	L	-	-	D	L	-	-	L	-	-	L	L	-	-	-
D	-	-	-	E	L	N	-	-	E	L	L	N	-	-	-	-	-	-	-	L	-	-	-	L	-	-	-
-	L	-	-	-	L	L	-	-	-	-	-	-	-	D	L	-	-	-	D	L	N	N	-	-	-	L	-
N	-	-	E	L	-	-	-	-	-	N	-	-	-	-	-	D	-	-	L	-	-	-	-	E	E	E	E
-	-	N	-	-	-	-	-	-	-	-	D	-	D	-	-	-	D	-	D	-	D	D	-	-	-	-	-
L	L	-	-	D	D	D	-	-	-	-	-	N	-	-	-	-	-	-	-	-	-	-	-	-	-	L	-
Objective 0: 10480
Objective 1: 157
Constr violation: 0
Restrictions violated:
0 0 0 0 0 0 0 0 

Individual 18
1	2	3	4	5	6	7	8	9	10	11	12	13	14	15	16	17	18	19	20	21	22	23	24	25	26	27	28
-	-	-	N	N	N	-	-	D	D	D	D	-	-	D	D	D	D	N	-	-	D	D	D	D	-	-	D
E	E	D	N	-	-	-	E	E	-	-	E	E	E	-	-	D	N	N	-	-	E	E	D	D	N	-	-
D	D	D	N	N	-	-	-	D	D	D	-	-	-	D	D	-	-	-	D	D	D	N	-	-	D	D	N
L	L	L	L	L	-	-	-	L	L	L	-	-	D	L	L	L	-	-	D	D	-	-	D	D	D	-	-
D	N	-	-	E	E	D	D	-	-	D	N	N	N	-	-	E	E	E	-	-	D	D	D	D	-	-	-
E	E	E	E	N	-	-	D	N	-	-	E	E	E	E	E	-	-	E	E	E	E	D	-	-	-	-	-
D	D	D	D	N	-	-	D	D	D	D	D	-	-	-	-	D	D	D	N	N	-	-	D	N	-	-	-
D	D	D	D	-	-	E	E	E	E	E	-	-	E	E	E	D	-	-	-	-	E	E	E	D	D	-	-
-	-	E	E	E	-	-	E	E	E	E	E	-	-	E	E	E	N	N	-	-	-	-	E	E	E	E	N
D	D	-	-	L	L	L	L	L	-	-	-	D	L	L	-	-	L	L	-	-	D	L	L	L	L	-	-
D	N	-	-	E	N	N	N	-	-	-	E	E	D	-	-	E	D	D	-	-	D	D	D	D	D	-	-
E	E	E	-	-	-	D	N	-	-	E	E	N	-	-	D	D	D	D	-	-	E	E	E	D	N	-	-
-	-	D	L	L	-	-	D	L	L	N	-	-	-	L	L	L	N	-	-	L	L	-	-	D	D	L	L
-	-	E	E	N	N	N	-	-	E	D	D	-	-	-	L	L	L	L	N	-	-	L	L	L	L	-	-
E	D	L	L	L	-	-	E	E	D	D	-	-	-	-	-	E	E	L	-	-	E	L	-	-	E	E	E
E	D	-	-	-	E	D	-	-	D	D	D	D	-	-	D	D	D	D	-	-	E	E	E	E	D	-	-
L	N	N	-	-	-	L	L	L	L	N	-	-	-	-	D	D	D	L	-	-	-	L	L	L	L	L	L
D	D	D	D	-	-	-	-	D	D	-	-	-	D	D	D	D	D	-	-	-	-	D	D	D	D	D	D
L	L	L	-	-	-	-	D	D	D	L	L	-	-	-	-	D	D	L	L	L	L	-	-	-	D	D	D
D	D	D	D	D	-	-	-	-	-	E	D	L	L	L	L	-	-	-	D	D	D	D	D	D	-	-	-
N	N	-	-	-	E	E	D	D	D	D	-	-	-	E	E	E	E	N	-	-	-	-	E	E	D	D	D
L	L	-	-	-	D	L	L	L	N	-	-	-	-	E	E	D	L	-	-	-	-	D	L	L	L	N	N
-	-	-	-	D	D	D	N	N	N	-	-	-	-	E	E	D	D	D	-	-	-	E	D	D	D	D	N
-	-	-	-	-	D	-	-	-	-	-	-	D	N	N	-	-	D	D	D	D	-	-	-	D	D	-	-
L	-	-	D	-	-	L	-	-	-	-	-	L	L	-	-	D	L	-	-	L	-	-	L	L	-	-	-
D	-	-	-	E	L	N	-	-	E	L	L	N	-	-	-	-	-	-	-	L	-	-	-	L	-	-	-
-	L	-	-	-	L	L	-	-	-	-	-	-	-	D	L	-	-	-	D	L	N	N	-	-	-	L	-
N	-	-	E	L	-	-	-	-	-	N	-	-	-	-	-	D	-	-	L	-	-	-	-	E	E	E	E
-	-	N	-	-	-	-	-	-	-	-	D	-	D	-	-	-	D	-	D	-	D	D	-	-	-	-	-
L	L	-	-	D	D	D	-	-	-	-	-	N	-	-	-	-	-	-	-	-	-	-	-	-	-	L	-
Objective 0: 10682
Objective 1: 156
Constr violation: 0
Restrictions violated:
0 0 0 0 0 0 0 0 

Individual 19
1	2	3	4	5	6	7	8	9	10	11	12	13	14	15	16	17	18	19	20	21	22	23	24	25	26	27	28
-	-	-	N	N	N	-	-	D	D	D	D	-	-	D	D	D	D	N	-	-	D	D	D	D	-	-	D
E	E	D	N	-	-	-	E	E	-	-	E	E	E	-	-	D	N	N	-	-	E	E	D	D	N	-	-
D	D	N	-	-	-	-	-	D	D	D	N	-	-	D	N	-	-	D	D	D	N	-	-	D	D	D	D
L	L	L	L	L	-	-	-	L	L	L	-	-	D	L	L	L	-	-	D	D	-	-	D	D	D	-	-
D	N	-	-	-	D	N	N	-	-	E	D	D	-	-	E	E	E	D	-	-	E	D	D	D	N	-	-
E	E	E	E	N	-	-	D	N	-	-	E	E	E	E	E	-	-	E	E	E	E	D	-	-	-	-	-
D	D	D	D	N	-	-	D	D	D	D	D	-	-	-	-	D	D	D	N	N	-	-	D	N	-	-	-
D	D	D	D	-	-	E	E	E	E	E	-	-	E	E	E	D	-	-	-	-	E	E	E	D	D	-	-
E	N	N	N	N	-	-	E	E	E	E	E	-	-	-	-	-	E	E	-	-	D	D	D	-	-	E	D
D	D	-	-	L	L	L	L	L	-	-	-	D	L	L	-	-	L	L	-	-	D	L	L	L	L	-	-
D	D	N	N	N	-	-	D	D	D	-	-	E	N	-	-	D	D	D	D	-	-	E	E	E	E	-	-
E	E	E	-	-	-	D	N	-	-	E	E	N	-	-	D	D	D	D	-	-	E	E	E	D	N	-	-
-	-	D	L	L	-	-	D	L	L	N	-	-	-	L	L	L	N	-	-	L	L	-	-	D	D	L	L
-	-	E	E	N	N	N	-	-	E	D	D	-	-	-	L	L	L	L	N	-	-	L	L	L	L	-	-
E	D	L	L	L	-	-	E	E	D	D	-	-	-	-	-	E	E	L	-	-	E	L	-	-	E	E	E
E	E	E	E	-	-	-	-	-	D	D	D	-	-	D	D	-	-	E	E	E	D	-	-	E	E	E	E
L	N	N	-	-	-	L	L	L	L	N	-	-	-	-	D	D	D	L	-	-	-	L	L	L	L	L	L
D	D	D	D	-	-	-	-	D	D	-	-	-	D	D	D	D	D	-	-	-	-	D	D	D	D	D	D
L	L	L	-	-	-	-	D	D	D	L	L	-	-	-	-	D	D	L	L	L	L	-	-	-	D	D	D
D	D	D	D	D	-	-	-	-	-	E	D	L	L	L	L	-	-	-	D	D	D	D	D	D	-	-	-
N	N	-	-	-	E	E	D	D	D	D	-	-	-	E	E	E	E	N	-	-	-	-	E	E	D	D	D
L	L	-	-	-	D	L	L	L	N	-	-	-	-	E	E	D	L	-	-	-	-	D	L	L	L	N	N
-	-	-	-	D	D	D	N	N	N	-	-	-	-	E	E	D	D	D	-	-	-	E	D	D	D	D	N
-	-	-	-	-	D	-	-	-	-	-	-	D	N	N	-	-	D	D	D	D	-	-	-	D	D	-	-
L	L	L	-	-	-	-	-	-	-	-	-	L	-	-	-	L	-	-	-	D	D	L	L	-	-	-	L
D	-	-	-	E	L	N	-	-	E	L	L	N	-	-	-	-	-	-	-	L	-	-	-	L	-	-	-
-	L	-	-	-	L	L	-	-	-	-	-	-	-	D	L	-	-	-	D	L	N	N	-	-	-	L	-
N	-	-	E	L	-	-	-	-	-	N	-	-	-	-	-	D	-	-	L	-	-	-	-	E	E	E	E
-	-	N	-	-	-	-	-	-	-	-	D	-	D	-	-	-	D	-	D	-	D	D	-	-	-	-	-
L	L	-	-	D	D	D	-	-	-	-	-	N	-	-	-	-	-	-	-	-	-	-	-	-	-	L	-
Objective 0: 10784
Objective 1: 155
Constr violation: 0
Restrictions violated:
0 0 0 0 0 0 0 0 

