Individual 0
1	2	3	4	5	6	7	8	9	10	11	12	13	14	15	16	17	18	19	20	21	22	23	24	25	26	27	28
-	-	-	D	N	-	-	D	D	D	D	D	-	-	D	D	D	D	N	-	-	D	N	N	-	-	D	D
N	N	N	N	-	-	E	D	D	-	-	E	E	E	E	-	-	E	E	-	-	E	D	D	D	D	-	-
D	D	D	D	N	-	-	-	D	D	D	D	-	-	D	N	-	-	N	N	-	-	-	D	D	D	D	D
L	L	L	L	-	-	-	D	D	L	L	L	-	-	L	L	-	-	D	D	L	-	-	D	L	L	-	-
E	E	-	-	D	N	N	-	-	D	D	D	D	N	-	-	D	N	-	-	-	E	E	E	E	D	-	-
D	D	D	N	N	-	-	E	E	E	D	N	-	-	D	N	-	-	E	E	D	D	D	-	-	-	-	-
D	D	D	D	D	-	-	-	D	D	D	N	-	-	-	-	-	D	D	D	N	-	-	-	D	D	N	N
E	E	D	D	D	-	-	E	E	E	-	-	-	-	E	E	-	-	E	D	D	D	-	-	-	E	E	E
D	N	N	N	-	-	-	-	E	E	E	E	E	-	-	E	E	E	E	E	-	-	-	E	E	N	-	-
D	D	-	-	L	N	N	N	-	-	-	D	D	D	N	-	-	L	L	-	-	D	D	L	L	L	-	-
E	E	D	N	N	-	-	D	N	N	-	-	D	D	-	-	E	D	D	D	D	-	-	-	D	D	-	-
D	D	-	-	E	E	E	D	-	-	E	E	-	-	-	D	D	D	N	-	-	D	N	-	-	E	D	D
-	-	L	L	L	L	-	-	L	L	N	N	-	-	L	L	L	L	L	-	-	D	L	-	-	-	N	N
L	L	L	-	-	E	E	-	-	-	E	E	L	-	-	E	E	L	L	-	-	L	L	L	L	N	-	-
E	E	E	L	L	-	-	E	D	-	-	E	E	-	-	E	E	E	L	-	-	E	E	D	-	-	L	L
-	-	E	E	E	E	E	-	-	-	E	D	-	-	E	E	E	D	D	-	-	E	E	-	-	E	E	D
D	L	-	-	-	E	E	E	L	L	-	-	-	-	-	D	L	L	L	-	-	-	E	L	L	N	N	N
D	D	D	D	-	-	-	-	D	D	-	-	-	-	D	D	D	D	D	D	-	-	-	D	D	D	D	D
L	L	L	-	-	-	-	D	D	L	L	L	-	-	-	D	D	L	L	L	L	-	-	-	-	D	L	L
E	D	D	D	L	-	-	-	-	-	E	E	E	D	D	D	-	-	-	E	E	E	E	E	L	-	-	-
E	E	-	-	-	-	E	E	D	D	N	-	-	-	E	E	E	D	D	-	-	-	-	E	E	E	E	E
E	E	D	N	-	-	-	E	E	-	-	-	-	E	L	L	N	N	-	-	-	-	E	E	E	E	E	E
-	-	-	E	E	E	D	N	N	-	-	-	-	-	D	D	D	D	D	-	-	-	D	D	D	D	N	N
D	-	-	-	-	N	N	-	-	-	-	D	D	-	-	D	D	-	-	D	D	-	-	D	-	-	-	-
D	-	-	D	-	-	-	-	D	D	-	-	-	L	L	L	L	-	-	-	D	L	-	-	-	-	-	-
N	-	-	-	-	-	L	-	-	E	E	E	E	N	-	-	L	-	-	E	-	-	-	-	-	L	-	-
L	N	-	-	-	-	-	-	-	D	-	-	D	D	-	-	L	-	-	D	D	L	-	-	-	L	-	-
L	L	-	-	L	-	-	-	-	L	-	-	-	E	-	-	-	N	-	-	L	-	-	N	-	-	E	E
-	-	N	-	-	D	D	-	-	-	-	-	-	-	-	-	-	D	-	-	D	D	D	-	-	-	-	-
-	-	-	N	-	D	-	-	-	-	-	-	-	-	-	-	-	-	D	-	L	-	L	-	-	L	L	-
Objective 0: 10379
Objective 1: 170
Constr violation: 0
Restrictions violated:
0 0 0 0 0 0 0 0 

Individual 1
1	2	3	4	5	6	7	8	9	10	11	12	13	14	15	16	17	18	19	20	21	22	23	24	25	26	27	28
-	-	-	D	N	-	-	D	D	D	D	D	-	-	D	D	D	D	N	-	-	D	N	N	-	-	D	D
N	N	N	N	-	-	E	D	D	-	-	E	E	E	E	-	-	E	E	-	-	E	D	D	D	D	-	-
D	D	D	D	N	-	-	-	D	D	D	D	-	-	D	N	-	-	N	N	-	-	-	D	D	D	D	D
L	L	L	L	-	-	-	D	D	L	L	L	-	-	L	L	-	-	D	D	L	-	-	D	L	L	-	-
E	E	-	-	D	N	N	-	-	D	D	D	D	N	-	-	D	N	-	-	-	E	E	E	E	D	-	-
D	D	D	N	N	-	-	E	E	E	D	N	-	-	D	N	-	-	E	E	D	D	D	-	-	-	-	-
D	D	D	D	D	-	-	-	D	D	D	N	-	-	-	-	-	D	D	D	N	-	-	-	D	D	N	N
E	E	D	D	D	-	-	E	E	E	-	-	-	-	E	E	-	-	E	D	D	D	-	-	-	E	E	E
D	N	N	N	-	-	-	-	E	E	E	E	E	-	-	E	E	E	E	E	-	-	-	E	E	N	-	-
D	D	-	-	L	N	N	N	-	-	-	D	D	D	N	-	-	L	L	-	-	D	D	L	L	L	-	-
E	E	D	N	N	-	-	D	N	N	-	-	D	D	-	-	E	D	D	D	D	-	-	-	D	D	-	-
D	D	-	-	E	E	E	D	-	-	E	E	-	-	-	D	D	D	N	-	-	D	N	-	-	E	D	D
-	-	L	L	L	L	-	-	L	L	N	N	-	-	L	L	L	L	L	-	-	D	L	-	-	-	N	N
L	L	L	-	-	E	E	-	-	-	E	E	L	-	-	E	E	L	L	-	-	L	L	L	L	N	-	-
E	E	E	L	L	-	-	E	D	-	-	E	E	-	-	E	E	E	L	-	-	E	E	D	-	-	L	L
-	-	E	E	E	E	E	-	-	-	E	D	-	-	E	E	E	D	D	-	-	E	E	-	-	E	E	D
D	L	-	-	-	E	E	E	L	L	-	-	-	-	-	D	L	L	L	-	-	-	E	L	L	N	N	N
D	D	D	D	-	-	-	-	D	D	-	-	-	-	D	D	D	D	D	D	-	-	-	D	D	D	D	D
L	L	L	-	-	-	-	D	D	L	L	L	-	-	-	D	D	L	L	L	L	-	-	-	-	D	L	L
E	D	D	D	L	-	-	-	-	-	E	E	E	D	D	D	-	-	-	E	E	E	E	E	L	-	-	-
E	E	-	-	-	-	E	E	D	D	N	-	-	-	E	E	E	D	D	-	-	-	-	E	E	E	E	E
E	E	D	N	-	-	-	E	E	-	-	-	-	E	L	L	N	N	-	-	-	-	E	E	E	E	E	E
-	-	-	E	E	E	D	N	N	-	-	-	-	-	D	D	D	D	D	-	-	-	D	D	D	D	N	N
D	-	-	-	-	N	N	-	-	-	-	D	D	-	-	D	D	-	-	D	D	-	-	D	-	-	-	-
D	-	-	D	-	-	-	-	D	D	-	-	-	L	L	L	L	-	-	-	D	L	-	-	-	-	-	-
N	-	-	-	-	-	L	-	-	E	E	E	E	N	-	-	L	-	-	E	-	-	-	-	-	L	-	-
L	N	-	-	-	-	-	-	-	D	-	-	D	D	-	-	L	-	-	D	D	L	-	-	-	L	-	-
L	L	-	-	L	-	-	-	-	L	-	-	-	E	-	-	-	N	-	-	L	-	-	N	-	-	E	E
-	-	N	-	-	D	D	-	-	-	-	-	-	-	-	-	-	D	-	-	D	D	D	-	-	-	-	-
-	-	-	N	-	D	-	-	-	-	-	-	-	-	-	-	-	-	D	-	L	-	L	-	-	L	L	-
Objective 0: 10379
Objective 1: 170
Constr violation: 0
Restrictions violated:
0 0 0 0 0 0 0 0 

Individual 2
1	2	3	4	5	6	7	8	9	10	11	12	13	14	15	16	17	18	19	20	21	22	23	24	25	26	27	28
-	-	-	D	N	-	-	D	D	D	D	D	-	-	D	D	D	D	N	-	-	D	N	N	-	-	D	D
N	N	N	N	-	-	E	D	D	-	-	E	E	E	E	-	-	E	E	-	-	E	D	D	D	D	-	-
D	D	D	D	N	-	-	-	D	D	D	D	-	-	D	N	-	-	N	N	-	-	-	D	D	D	D	D
L	L	L	L	-	-	-	D	D	L	L	L	-	-	L	L	-	-	D	D	L	-	-	D	L	L	-	-
E	E	-	-	D	N	N	-	-	D	D	D	D	N	-	-	D	N	-	-	-	E	E	E	E	D	-	-
D	D	D	N	N	-	-	E	E	E	D	N	-	-	D	N	-	-	E	E	D	D	D	-	-	-	-	-
D	D	D	D	D	-	-	-	D	D	D	N	-	-	-	-	-	D	D	D	N	-	-	-	D	D	N	N
E	E	D	D	D	-	-	E	E	E	-	-	-	-	E	E	-	-	E	D	D	D	-	-	-	E	E	E
D	N	N	N	-	-	-	-	E	E	E	E	E	-	-	E	E	E	E	E	-	-	-	E	E	N	-	-
D	D	-	-	L	N	N	N	-	-	-	D	D	D	N	-	-	L	L	-	-	D	D	L	L	L	-	-
E	E	D	N	N	-	-	D	N	N	-	-	D	D	-	-	E	D	D	D	D	-	-	-	D	D	-	-
D	D	-	-	E	E	E	D	-	-	E	E	-	-	-	D	D	D	N	-	-	D	N	-	-	E	D	D
-	-	L	L	L	L	-	-	L	L	N	N	-	-	L	L	L	L	L	-	-	D	L	-	-	-	N	N
L	L	L	-	-	E	E	-	-	-	E	E	L	-	-	E	E	L	L	-	-	L	L	L	L	N	-	-
L	L	L	L	-	-	-	L	L	L	L	-	-	-	-	L	L	-	-	E	E	D	L	L	-	-	D	L
-	-	E	E	E	E	E	-	-	-	E	D	-	-	E	E	E	D	D	-	-	E	E	-	-	E	E	D
D	L	-	-	-	E	E	E	L	L	-	-	-	-	-	D	L	L	L	-	-	-	E	L	L	N	N	N
D	D	D	D	-	-	-	-	D	D	-	-	-	-	D	D	D	D	D	D	-	-	-	D	D	D	D	D
L	L	L	-	-	-	-	D	D	L	L	L	-	-	-	D	D	L	L	L	L	-	-	-	-	D	L	L
E	D	D	D	L	-	-	-	-	-	E	E	E	D	D	D	-	-	-	E	E	E	E	E	L	-	-	-
E	E	-	-	-	-	E	E	D	D	N	-	-	-	E	E	E	D	D	-	-	-	-	E	E	E	E	E
E	E	D	N	-	-	-	E	E	-	-	-	-	E	L	L	N	N	-	-	-	-	E	E	E	E	E	E
-	-	-	E	E	E	D	N	N	-	-	-	-	-	D	D	D	D	D	-	-	-	D	D	D	D	N	N
D	-	-	-	-	N	N	-	-	-	-	D	D	-	-	D	D	-	-	D	D	-	-	D	-	-	-	-
D	-	-	D	-	-	-	-	D	D	-	-	-	L	L	L	L	-	-	-	D	L	-	-	-	-	-	-
N	-	-	-	-	-	L	-	-	E	E	E	E	N	-	-	L	-	-	E	-	-	-	-	-	L	-	-
L	N	-	-	-	-	-	-	-	D	-	-	D	D	-	-	L	-	-	D	D	L	-	-	-	L	-	-
L	L	-	-	L	-	-	-	-	L	-	-	-	E	-	-	-	N	-	-	L	-	-	N	-	-	E	E
-	-	N	-	-	D	D	-	-	-	-	-	-	-	-	-	-	D	-	-	D	D	D	-	-	-	-	-
-	-	-	N	-	D	-	-	-	-	-	-	-	-	-	-	-	-	D	-	L	-	L	-	-	L	L	-
Objective 0: 10176
Objective 1: 181
Constr violation: 0
Restrictions violated:
0 0 0 0 0 0 0 0 

Individual 3
1	2	3	4	5	6	7	8	9	10	11	12	13	14	15	16	17	18	19	20	21	22	23	24	25	26	27	28
-	-	-	D	N	-	-	D	D	D	D	D	-	-	D	D	D	D	N	-	-	D	N	N	-	-	D	D
N	N	N	N	-	-	E	D	D	-	-	E	E	E	E	-	-	E	E	-	-	E	D	D	D	D	-	-
D	D	D	D	N	-	-	-	D	D	D	D	-	-	D	N	-	-	N	N	-	-	-	D	D	D	D	D
L	L	L	L	-	-	-	D	D	L	L	L	-	-	L	L	-	-	D	D	L	-	-	D	L	L	-	-
E	E	-	-	D	N	N	-	-	D	D	D	D	N	-	-	D	N	-	-	-	E	E	E	E	D	-	-
E	E	-	-	D	D	D	N	-	-	D	D	D	D	N	-	-	E	E	-	-	E	E	D	D	D	-	-
D	D	D	D	D	-	-	-	D	D	D	N	-	-	-	-	-	D	D	D	N	-	-	-	D	D	N	N
E	E	D	D	D	-	-	E	E	E	-	-	-	-	E	E	-	-	E	D	D	D	-	-	-	E	E	E
D	N	N	N	-	-	-	-	E	E	E	E	E	-	-	E	E	E	E	E	-	-	-	E	E	N	-	-
D	D	-	-	L	N	N	N	-	-	-	D	D	D	N	-	-	L	L	-	-	D	D	L	L	L	-	-
E	E	D	N	N	-	-	D	N	N	-	-	D	D	-	-	E	D	D	D	D	-	-	-	D	D	-	-
D	D	-	-	E	E	E	D	-	-	E	E	-	-	-	D	D	D	N	-	-	D	N	-	-	E	D	D
-	-	L	L	L	L	-	-	L	L	N	N	-	-	L	L	L	L	L	-	-	D	L	-	-	-	N	N
L	L	L	-	-	E	E	-	-	-	E	E	L	-	-	E	E	L	L	-	-	L	L	L	L	N	-	-
E	E	E	L	L	-	-	E	D	-	-	E	E	-	-	E	E	E	L	-	-	E	E	D	-	-	L	L
-	-	E	E	E	E	E	-	-	E	E	-	-	-	E	E	E	E	E	-	-	E	D	D	D	-	-	D
D	L	-	-	-	E	E	E	L	L	-	-	-	-	-	D	L	L	L	-	-	-	E	L	L	N	N	N
D	D	D	D	-	-	-	-	D	D	-	-	-	-	D	D	D	D	D	D	-	-	-	D	D	D	D	D
L	L	L	-	-	-	-	D	D	L	L	L	-	-	-	D	D	L	L	L	L	-	-	-	-	D	L	L
E	D	D	D	L	-	-	-	-	-	E	E	E	D	D	D	-	-	-	E	E	E	E	E	L	-	-	-
E	E	-	-	-	-	E	E	D	D	N	-	-	-	E	E	E	D	D	-	-	-	-	E	E	E	E	E
E	E	D	N	-	-	-	E	E	-	-	-	-	E	L	L	N	N	-	-	-	-	E	E	E	E	E	E
-	-	-	E	E	E	D	N	N	-	-	-	-	-	D	D	D	D	D	-	-	-	D	D	D	D	N	N
D	-	-	-	-	N	N	-	-	-	-	D	D	-	-	D	D	-	-	D	D	-	-	D	-	-	-	-
D	-	-	D	-	-	-	-	D	D	-	-	-	L	L	L	L	-	-	-	D	L	-	-	-	-	-	-
N	-	-	-	-	-	L	-	-	E	E	E	E	N	-	-	L	-	-	E	-	-	-	-	-	L	-	-
-	-	L	-	-	L	L	-	-	-	D	-	-	L	L	N	N	-	-	D	D	-	-	-	-	-	-	-
L	L	-	-	L	-	-	-	-	L	-	-	-	E	-	-	-	N	-	-	L	-	-	N	-	-	E	E
-	-	N	-	-	D	D	-	-	-	-	-	-	-	-	-	-	D	-	-	D	D	D	-	-	-	-	-
-	-	-	N	-	D	-	-	-	-	-	-	-	-	-	-	-	-	D	-	L	-	L	-	-	L	L	-
Objective 0: 10178
Objective 1: 179
Constr violation: 0
Restrictions violated:
0 0 0 0 0 0 0 0 

Individual 4
1	2	3	4	5	6	7	8	9	10	11	12	13	14	15	16	17	18	19	20	21	22	23	24	25	26	27	28
-	-	-	D	N	-	-	D	D	D	D	D	-	-	D	D	D	D	N	-	-	D	N	N	-	-	D	D
N	N	N	N	-	-	E	D	D	-	-	E	E	E	E	-	-	E	E	-	-	E	D	D	D	D	-	-
D	D	D	D	N	-	-	-	D	D	D	D	-	-	D	N	-	-	N	N	-	-	-	D	D	D	D	D
L	L	L	L	-	-	-	D	D	L	L	L	-	-	L	L	-	-	D	D	L	-	-	D	D	D	D	-
E	E	-	-	D	N	N	-	-	D	D	D	D	N	-	-	D	N	-	-	-	E	E	E	E	D	-	-
D	D	D	N	N	-	-	E	E	E	D	N	-	-	D	N	-	-	E	E	D	D	D	-	-	-	-	-
D	D	D	D	D	-	-	-	D	D	D	N	-	-	-	-	-	D	D	D	N	-	-	-	D	D	N	N
E	E	D	D	D	-	-	E	E	E	-	-	-	-	E	E	-	-	E	D	D	D	-	-	-	E	E	E
D	N	N	N	-	-	-	-	E	E	E	E	E	-	-	E	E	E	E	E	-	-	-	E	E	N	-	-
D	D	-	-	L	N	N	N	-	-	-	D	D	D	N	-	-	L	L	-	-	D	D	L	L	L	-	-
E	E	D	N	N	-	-	D	N	N	-	-	D	D	-	-	E	D	D	D	D	-	-	-	D	D	-	-
D	D	-	-	E	E	E	D	-	-	E	E	-	-	-	D	D	D	N	-	-	D	N	-	-	E	D	D
-	-	L	L	L	L	-	-	L	L	N	N	-	-	L	L	L	L	L	-	-	D	L	-	-	-	N	N
L	L	L	-	-	E	E	-	-	-	E	E	L	-	-	E	E	L	L	-	-	L	L	L	L	N	-	-
E	E	E	L	L	-	-	E	D	-	-	E	E	-	-	E	E	E	L	-	-	E	E	D	-	-	L	L
-	-	E	E	E	E	E	-	-	-	E	D	-	-	E	E	E	D	D	-	-	E	E	-	-	E	E	D
D	L	-	-	-	E	E	E	L	L	-	-	-	-	-	D	L	L	L	-	-	-	E	L	L	N	N	N
D	D	D	D	-	-	-	-	D	D	-	-	-	-	D	D	D	D	D	D	-	-	-	D	D	D	D	D
L	L	L	-	-	-	-	D	D	L	L	L	-	-	-	D	D	L	L	L	L	-	-	-	-	D	L	L
E	D	D	D	L	-	-	-	-	-	E	E	E	D	D	D	-	-	-	E	E	E	E	E	L	-	-	-
E	E	-	-	-	-	E	E	D	D	N	-	-	-	E	E	E	D	D	-	-	-	-	E	E	E	E	E
E	E	D	N	-	-	-	E	E	-	-	-	-	E	L	L	N	N	-	-	-	-	E	E	E	E	E	E
-	-	-	E	E	E	D	N	N	-	-	-	-	-	D	D	D	D	D	-	-	-	D	D	D	D	N	N
D	-	-	-	-	N	N	-	-	-	-	D	D	-	-	D	D	-	-	D	D	-	-	D	-	-	-	-
D	-	-	D	-	-	-	-	D	D	-	-	-	L	L	L	L	-	-	-	D	L	-	-	-	-	-	-
N	-	-	-	-	-	L	-	-	E	E	E	E	N	-	-	L	-	-	E	-	-	-	-	-	L	-	-
L	N	-	-	-	-	-	-	-	D	-	-	D	D	-	-	L	-	-	D	D	L	-	-	-	L	-	-
L	L	-	-	L	-	-	-	-	L	-	-	-	E	-	-	-	N	-	-	L	-	-	N	-	-	E	E
-	-	N	-	-	D	D	-	-	-	-	-	-	-	-	-	-	D	-	-	D	D	D	-	-	-	-	-
-	-	-	N	-	D	-	-	-	-	-	-	-	-	-	-	-	-	D	-	L	-	L	-	-	L	L	-
Objective 0: 10480
Objective 1: 168
Constr violation: 0
Restrictions violated:
0 0 0 0 0 0 0 0 

Individual 5
1	2	3	4	5	6	7	8	9	10	11	12	13	14	15	16	17	18	19	20	21	22	23	24	25	26	27	28
-	-	-	D	N	-	-	D	D	D	D	D	-	-	D	D	D	D	N	-	-	D	N	N	-	-	D	D
N	N	N	N	-	-	E	D	D	-	-	E	E	E	E	-	-	E	E	-	-	E	D	D	D	D	-	-
D	D	D	D	N	-	-	-	D	D	D	D	-	-	D	N	-	-	N	N	-	-	-	D	D	D	D	D
L	L	L	L	-	-	-	D	D	L	L	L	-	-	L	L	-	-	D	D	L	-	-	D	L	L	-	-
E	E	-	-	D	N	N	-	-	D	D	D	D	N	-	-	D	N	-	-	-	E	E	E	E	D	-	-
D	D	D	N	N	-	-	E	E	E	D	N	-	-	D	N	-	-	E	E	D	D	D	-	-	-	-	-
D	D	D	D	D	-	-	-	D	D	D	N	-	-	-	-	-	D	D	D	N	-	-	-	D	D	N	N
E	E	D	D	D	-	-	E	E	E	-	-	-	-	E	E	-	-	E	D	D	D	-	-	-	E	E	E
D	N	N	N	-	-	-	-	E	E	E	E	E	-	-	E	E	E	E	E	-	-	-	E	E	N	-	-
D	D	-	-	L	N	N	N	-	-	-	D	D	D	N	-	-	L	L	-	-	D	D	L	L	L	-	-
E	E	D	N	N	-	-	D	N	N	-	-	D	D	-	-	E	D	D	D	D	-	-	-	D	D	-	-
D	D	-	-	E	E	E	D	-	-	E	E	-	-	-	D	D	D	N	-	-	D	N	-	-	E	D	D
-	-	L	L	L	L	-	-	L	L	N	N	-	-	L	L	L	L	L	-	-	D	L	-	-	-	N	N
L	L	L	-	-	E	E	-	-	-	E	E	L	-	-	E	E	L	L	-	-	L	L	L	L	N	-	-
L	L	L	L	-	-	-	L	L	L	L	-	-	-	-	L	L	-	-	E	E	D	L	L	-	-	D	L
-	-	E	E	E	E	E	-	-	-	E	D	-	-	E	E	E	D	D	-	-	E	E	-	-	E	E	D
D	L	-	-	-	E	E	E	L	L	-	-	-	-	-	D	L	L	L	-	-	-	E	L	L	N	N	N
D	D	D	D	-	-	-	-	D	D	-	-	-	-	D	D	D	D	D	D	-	-	-	D	D	D	D	D
L	L	L	-	-	-	-	D	D	L	L	L	-	-	-	D	D	L	L	L	L	-	-	-	-	D	L	L
E	D	D	D	L	-	-	-	-	-	E	E	E	D	D	D	-	-	-	E	E	E	E	E	L	-	-	-
E	E	-	-	-	-	E	E	D	D	N	-	-	-	E	E	E	D	D	-	-	-	-	E	E	E	E	E
E	E	D	N	-	-	-	E	E	-	-	-	-	E	L	L	N	N	-	-	-	-	E	E	E	E	E	E
-	-	-	E	E	E	D	N	N	-	-	-	-	-	D	D	D	D	D	-	-	-	D	D	D	D	N	N
D	-	-	-	-	N	N	-	-	-	-	D	D	-	-	D	D	-	-	D	D	-	-	D	-	-	-	-
D	-	-	D	-	-	-	-	D	D	-	-	-	L	L	L	L	-	-	-	D	L	-	-	-	-	-	-
N	-	-	-	-	-	L	-	-	E	E	E	E	N	-	-	L	-	-	E	-	-	-	-	-	L	-	-
L	N	-	-	-	-	-	-	-	D	-	-	D	D	-	-	L	-	-	D	D	L	-	-	-	L	-	-
L	L	-	-	L	-	-	-	-	L	-	-	-	E	-	-	-	N	-	-	L	-	-	N	-	-	E	E
-	-	N	-	-	D	D	-	-	-	-	-	-	-	-	-	-	D	-	-	D	D	D	-	-	-	-	-
-	-	-	N	-	D	-	-	-	-	-	-	-	-	-	-	-	-	D	-	L	-	L	-	-	L	L	-
Objective 0: 10176
Objective 1: 181
Constr violation: 0
Restrictions violated:
0 0 0 0 0 0 0 0 

Individual 6
1	2	3	4	5	6	7	8	9	10	11	12	13	14	15	16	17	18	19	20	21	22	23	24	25	26	27	28
-	-	-	D	N	-	-	D	D	D	D	D	-	-	D	D	D	D	N	-	-	D	N	N	-	-	D	D
N	N	N	N	-	-	E	D	D	-	-	E	E	E	E	-	-	E	E	-	-	E	D	D	D	D	-	-
D	D	D	D	N	-	-	-	D	D	D	D	-	-	D	N	-	-	N	N	-	-	-	D	D	D	D	D
L	L	L	L	-	-	-	D	D	L	L	L	-	-	L	L	-	-	D	D	L	-	-	D	D	D	D	-
E	E	-	-	D	N	N	-	-	D	D	D	D	N	-	-	D	N	-	-	-	E	E	E	E	D	-	-
E	E	-	-	D	D	D	N	-	-	D	D	D	D	N	-	-	E	E	-	-	E	E	D	D	D	-	-
D	D	D	D	D	-	-	-	D	D	D	N	-	-	-	-	-	D	D	D	N	-	-	-	D	D	N	N
E	E	D	D	D	-	-	E	E	E	-	-	-	-	E	E	-	-	E	D	D	D	-	-	-	E	E	E
D	N	N	N	-	-	-	-	E	E	E	E	E	-	-	E	E	E	E	E	-	-	-	E	E	N	-	-
D	D	-	-	L	N	N	N	-	-	-	D	D	D	N	-	-	L	L	-	-	D	D	L	L	L	-	-
E	E	D	N	N	-	-	D	N	N	-	-	D	D	-	-	E	D	D	D	D	-	-	-	D	D	-	-
D	D	-	-	E	E	E	D	-	-	E	E	-	-	-	D	D	D	N	-	-	D	N	-	-	E	D	D
-	-	L	L	L	L	-	-	L	L	N	N	-	-	L	L	L	L	L	-	-	D	L	-	-	-	N	N
L	L	L	-	-	E	E	-	-	-	E	E	L	-	-	E	E	L	L	-	-	L	L	L	L	N	-	-
L	L	L	L	-	-	-	L	L	L	L	-	-	-	-	L	L	-	-	E	E	D	L	L	-	-	D	L
-	-	E	E	E	E	E	-	-	-	E	D	-	-	E	E	E	D	D	-	-	E	E	-	-	E	E	D
D	L	-	-	-	E	E	E	L	L	-	-	-	-	-	D	L	L	L	-	-	-	E	L	L	N	N	N
D	D	D	D	-	-	-	-	D	D	-	-	-	-	D	D	D	D	D	D	-	-	-	D	D	D	D	D
L	L	L	-	-	-	-	D	D	L	L	L	-	-	-	D	D	L	L	L	L	-	-	-	-	D	L	L
E	D	D	D	L	-	-	-	-	-	E	E	E	D	D	D	-	-	-	E	E	E	E	E	L	-	-	-
E	E	-	-	-	-	E	E	D	D	N	-	-	-	E	E	E	D	D	-	-	-	-	E	E	E	E	E
E	E	D	N	-	-	-	E	E	-	-	-	-	E	L	L	N	N	-	-	-	-	E	E	E	E	E	E
-	-	-	E	E	E	D	N	N	-	-	-	-	-	D	D	D	D	D	-	-	-	D	D	D	D	N	N
D	-	-	-	-	N	N	-	-	-	-	D	D	-	-	D	D	-	-	D	D	-	-	D	-	-	-	-
D	-	-	D	-	-	-	-	D	D	-	-	-	L	L	L	L	-	-	-	D	L	-	-	-	-	-	-
N	-	-	-	-	-	L	-	-	E	E	E	E	N	-	-	L	-	-	E	-	-	-	-	-	L	-	-
-	-	L	-	-	L	L	-	-	-	D	-	-	L	L	N	N	-	-	D	D	-	-	-	-	-	-	-
L	L	-	-	L	-	-	-	-	L	-	-	-	E	-	-	-	N	-	-	L	-	-	N	-	-	E	E
-	-	N	-	-	D	D	-	-	-	-	-	-	-	-	-	-	D	-	-	D	D	D	-	-	-	-	-
-	-	-	N	-	D	-	-	-	-	-	-	-	-	-	-	-	-	D	-	L	-	L	-	-	L	L	-
Objective 0: 9975
Objective 1: 182
Constr violation: 0
Restrictions violated:
0 0 0 0 0 0 0 0 

Individual 7
1	2	3	4	5	6	7	8	9	10	11	12	13	14	15	16	17	18	19	20	21	22	23	24	25	26	27	28
-	-	-	D	N	-	-	D	D	D	D	D	-	-	D	D	D	D	N	-	-	D	N	N	-	-	D	D
N	N	N	N	-	-	E	D	D	-	-	E	E	E	E	-	-	E	E	-	-	E	D	D	D	D	-	-
D	D	D	D	N	-	-	-	D	D	D	D	-	-	D	N	-	-	N	N	-	-	-	D	D	D	D	D
L	L	L	L	-	-	-	D	D	L	L	L	-	-	L	L	-	-	D	D	L	-	-	D	D	D	D	-
E	E	-	-	D	N	N	-	-	D	D	D	D	N	-	-	D	N	-	-	-	E	E	E	E	D	-	-
D	D	D	N	N	-	-	E	E	E	D	N	-	-	D	N	-	-	E	E	D	D	D	-	-	-	-	-
D	D	D	D	D	-	-	-	D	D	D	N	-	-	-	-	-	D	D	D	N	-	-	-	D	D	N	N
E	E	D	D	D	-	-	E	E	E	-	-	-	-	E	E	-	-	E	D	D	D	-	-	-	E	E	E
D	N	N	N	-	-	-	-	E	E	E	E	E	-	-	E	E	E	E	E	-	-	-	E	E	N	-	-
D	D	-	-	L	N	N	N	-	-	-	D	D	D	N	-	-	L	L	-	-	D	D	L	L	L	-	-
E	E	D	N	N	-	-	D	N	N	-	-	D	D	-	-	E	D	D	D	D	-	-	-	D	D	-	-
D	D	-	-	E	E	E	D	-	-	E	E	-	-	-	D	D	D	N	-	-	D	N	-	-	E	D	D
-	-	L	L	L	L	-	-	L	L	N	N	-	-	L	L	L	L	L	-	-	D	L	-	-	-	N	N
L	L	L	-	-	E	E	-	-	-	E	E	L	-	-	E	E	L	L	-	-	L	L	L	L	N	-	-
E	E	E	L	L	-	-	E	D	-	-	E	E	-	-	E	E	E	L	-	-	E	E	D	-	-	L	L
E	D	-	-	E	D	D	-	-	-	E	D	-	-	E	E	D	D	D	-	-	-	E	E	E	E	E	-
D	L	-	-	-	E	E	E	L	L	-	-	-	-	-	D	L	L	L	-	-	-	E	L	L	N	N	N
D	D	D	D	-	-	-	-	D	D	-	-	-	-	D	D	D	D	D	D	-	-	-	D	D	D	D	D
L	L	L	-	-	-	-	D	D	L	L	L	-	-	-	D	D	L	L	L	L	-	-	-	-	D	L	L
E	D	D	D	L	-	-	-	-	-	E	E	E	D	D	D	-	-	-	E	E	E	E	E	L	-	-	-
E	E	-	-	-	-	E	E	D	D	N	-	-	-	E	E	E	D	D	-	-	-	-	E	E	E	E	E
E	E	D	N	-	-	-	E	E	-	-	-	-	E	L	L	N	N	-	-	-	-	E	E	E	E	E	E
-	-	-	E	E	E	D	N	N	-	-	-	-	-	D	D	D	D	D	-	-	-	D	D	D	D	N	N
D	-	-	-	-	N	N	-	-	-	-	D	D	-	-	D	D	-	-	D	D	-	-	D	-	-	-	-
D	-	-	D	-	-	-	-	D	D	-	-	-	L	L	L	L	-	-	-	D	L	-	-	-	-	-	-
N	-	-	-	-	-	L	-	-	E	E	E	E	N	-	-	L	-	-	E	-	-	-	-	-	L	-	-
L	N	-	-	-	-	-	-	-	D	-	-	D	D	-	-	L	-	-	D	D	L	-	-	-	L	-	-
L	L	-	-	L	-	-	-	-	L	-	-	-	E	-	-	-	N	-	-	L	-	-	N	-	-	E	E
-	-	N	-	-	D	D	-	-	-	-	-	-	-	-	-	-	D	-	-	D	D	D	-	-	-	-	-
-	-	-	N	-	D	-	-	-	-	-	-	-	-	-	-	-	-	D	-	L	-	L	-	-	L	L	-
Objective 0: 10682
Objective 1: 166
Constr violation: 0
Restrictions violated:
0 0 0 0 0 0 0 0 

Individual 8
1	2	3	4	5	6	7	8	9	10	11	12	13	14	15	16	17	18	19	20	21	22	23	24	25	26	27	28
-	-	-	D	N	-	-	D	D	D	D	D	-	-	D	D	D	D	N	-	-	D	N	N	-	-	D	D
N	N	N	N	-	-	E	D	D	-	-	E	E	E	E	-	-	E	E	-	-	E	D	D	D	D	-	-
D	D	D	D	N	-	-	-	D	D	D	D	-	-	D	N	-	-	N	N	-	-	-	D	D	D	D	D
L	L	L	L	-	-	-	D	D	L	L	L	-	-	L	L	-	-	D	D	L	-	-	D	D	D	D	-
E	E	-	-	D	N	N	-	-	D	D	D	D	N	-	-	D	N	-	-	-	E	E	E	E	D	-	-
E	E	-	-	D	D	D	N	-	-	D	D	D	D	N	-	-	E	E	-	-	E	E	D	D	D	-	-
D	D	D	D	D	-	-	-	D	D	D	N	-	-	-	-	-	D	D	D	N	-	-	-	D	D	N	N
E	E	D	D	D	-	-	E	E	E	-	-	-	-	E	E	-	-	E	D	D	D	-	-	-	E	E	E
D	N	N	N	-	-	-	-	E	E	E	E	E	-	-	E	E	E	E	E	-	-	-	E	E	N	-	-
D	D	-	-	L	N	N	N	-	-	-	D	D	D	N	-	-	L	L	-	-	D	D	L	L	L	-	-
E	E	D	N	N	-	-	D	N	N	-	-	D	D	-	-	E	D	D	D	D	-	-	-	D	D	-	-
D	D	-	-	E	E	E	D	-	-	E	E	-	-	-	D	D	D	N	-	-	D	N	-	-	E	D	D
-	-	L	L	L	L	-	-	L	L	N	N	-	-	L	L	L	L	L	-	-	D	L	-	-	-	N	N
L	L	L	-	-	E	E	-	-	-	E	E	L	-	-	E	E	L	L	-	-	L	L	L	L	N	-	-
L	L	L	L	-	-	-	L	L	L	L	-	-	-	-	L	L	-	-	E	E	D	L	L	-	-	D	L
-	-	E	E	E	E	E	-	-	-	E	D	-	-	E	E	E	D	D	-	-	E	E	-	-	E	E	D
D	L	-	-	-	E	E	E	L	L	-	-	-	-	-	D	L	L	L	-	-	-	E	L	L	N	N	N
D	D	D	D	-	-	-	-	D	D	-	-	-	-	D	D	D	D	D	D	-	-	-	D	D	D	D	D
L	L	L	-	-	-	-	D	D	L	L	L	-	-	-	D	D	L	L	L	L	-	-	-	-	D	L	L
E	D	D	D	L	-	-	-	-	-	E	E	E	D	D	D	-	-	-	E	E	E	E	E	L	-	-	-
E	E	-	-	-	-	E	E	D	D	N	-	-	-	E	E	E	D	D	-	-	-	-	E	E	E	E	E
E	E	D	N	-	-	-	E	E	-	-	-	-	E	L	L	N	N	-	-	-	-	E	E	E	E	E	E
-	-	-	E	E	E	D	N	N	-	-	-	-	-	D	D	D	D	D	-	-	-	D	D	D	D	N	N
D	-	-	-	-	N	N	-	-	-	-	D	D	-	-	D	D	-	-	D	D	-	-	D	-	-	-	-
D	-	-	D	-	-	-	-	D	D	-	-	-	L	L	L	L	-	-	-	D	L	-	-	-	-	-	-
N	-	-	-	-	-	L	-	-	E	E	E	E	N	-	-	L	-	-	E	-	-	-	-	-	L	-	-
-	-	L	-	-	L	L	-	-	-	D	-	-	L	L	N	N	-	-	D	D	-	-	-	-	-	-	-
L	L	-	-	L	-	-	-	-	L	-	-	-	E	-	-	-	N	-	-	L	-	-	N	-	-	E	E
-	-	N	-	-	D	D	-	-	-	-	-	-	-	-	-	-	D	-	-	D	D	D	-	-	-	-	-
-	-	-	N	-	D	-	-	-	-	-	-	-	-	-	-	-	-	D	-	L	-	L	-	-	L	L	-
Objective 0: 9975
Objective 1: 182
Constr violation: 0
Restrictions violated:
0 0 0 0 0 0 0 0 

Individual 9
1	2	3	4	5	6	7	8	9	10	11	12	13	14	15	16	17	18	19	20	21	22	23	24	25	26	27	28
-	-	-	D	N	-	-	D	D	D	D	D	-	-	D	D	D	D	N	-	-	D	N	N	-	-	D	D
N	N	N	N	-	-	E	D	D	-	-	E	E	E	E	-	-	E	E	-	-	E	D	D	D	D	-	-
D	D	D	D	N	-	-	-	D	D	D	D	-	-	D	N	-	-	N	N	-	-	-	D	D	D	D	D
L	L	L	L	-	-	-	D	D	L	L	L	-	-	L	L	-	-	D	D	L	-	-	D	D	D	D	-
E	E	-	-	D	N	N	-	-	D	D	D	D	N	-	-	D	N	-	-	-	E	E	E	E	D	-	-
D	D	D	N	N	-	-	E	E	E	D	N	-	-	D	N	-	-	E	E	D	D	D	-	-	-	-	-
D	D	D	D	D	-	-	-	D	D	D	N	-	-	-	-	-	D	D	D	N	-	-	-	D	D	N	N
E	E	D	D	D	-	-	E	E	E	-	-	-	-	E	E	-	-	E	D	D	D	-	-	-	E	E	E
D	N	N	N	-	-	-	-	E	E	E	E	E	-	-	E	E	E	E	E	-	-	-	E	E	N	-	-
D	D	-	-	L	N	N	N	-	-	-	D	D	D	N	-	-	L	L	-	-	D	D	L	L	L	-	-
E	E	D	N	N	-	-	D	N	N	-	-	D	D	-	-	E	D	D	D	D	-	-	-	D	D	-	-
D	D	-	-	E	E	E	D	-	-	E	E	-	-	-	D	D	D	N	-	-	D	N	-	-	E	D	D
-	-	L	L	L	L	-	-	L	L	N	N	-	-	L	L	L	L	L	-	-	D	L	-	-	-	N	N
L	L	L	-	-	E	E	-	-	-	E	E	L	-	-	E	E	L	L	-	-	L	L	L	L	N	-	-
E	E	E	L	L	-	-	E	D	-	-	E	E	-	-	E	E	E	L	-	-	E	E	D	-	-	L	L
-	-	E	E	E	E	E	-	-	-	E	D	-	-	E	E	E	D	D	-	-	E	E	-	-	E	E	D
D	L	-	-	-	E	E	E	L	L	-	-	-	-	-	D	L	L	L	-	-	-	E	L	L	N	N	N
D	D	D	D	-	-	-	-	D	D	-	-	-	-	D	D	D	D	D	D	-	-	-	D	D	D	D	D
L	L	L	-	-	-	-	D	D	L	L	L	-	-	-	D	D	L	L	L	L	-	-	-	-	D	L	L
E	D	D	D	L	-	-	-	-	-	E	E	E	D	D	D	-	-	-	E	E	E	E	E	L	-	-	-
E	E	-	-	-	-	E	E	D	D	N	-	-	-	E	E	E	D	D	-	-	-	-	E	E	E	E	E
E	E	D	N	-	-	-	E	E	-	-	-	-	E	L	L	N	N	-	-	-	-	E	E	E	E	E	E
-	-	-	E	E	E	D	N	N	-	-	-	-	-	D	D	D	D	D	-	-	-	D	D	D	D	N	N
D	-	-	-	-	N	N	-	-	-	-	D	D	-	-	D	D	-	-	D	D	-	-	D	-	-	-	-
D	-	-	D	-	-	-	-	D	D	-	-	-	L	L	L	L	-	-	-	D	L	-	-	-	-	-	-
N	-	-	-	-	-	L	-	-	E	E	E	E	N	-	-	L	-	-	E	-	-	-	-	-	L	-	-
L	N	-	-	-	-	-	-	-	D	-	-	D	D	-	-	L	-	-	D	D	L	-	-	-	L	-	-
L	L	-	-	L	-	-	-	-	L	-	-	-	E	-	-	-	N	-	-	L	-	-	N	-	-	E	E
-	-	N	-	-	D	D	-	-	-	-	-	-	-	-	-	-	D	-	-	D	D	D	-	-	-	-	-
-	-	-	N	-	D	-	-	-	-	-	-	-	-	-	-	-	-	D	-	L	-	L	-	-	L	L	-
Objective 0: 10480
Objective 1: 168
Constr violation: 0
Restrictions violated:
0 0 0 0 0 0 0 0 

Individual 10
1	2	3	4	5	6	7	8	9	10	11	12	13	14	15	16	17	18	19	20	21	22	23	24	25	26	27	28
-	-	-	D	N	-	-	D	D	D	D	D	-	-	D	D	D	D	N	-	-	D	N	N	-	-	D	D
N	N	N	N	-	-	E	D	D	-	-	E	E	E	E	-	-	E	E	-	-	E	D	D	D	D	-	-
D	D	D	D	N	-	-	-	D	D	D	D	-	-	D	N	-	-	N	N	-	-	-	D	D	D	D	D
L	L	L	L	-	-	-	D	D	L	L	L	-	-	L	L	-	-	D	D	L	-	-	D	L	L	-	-
E	E	-	-	D	N	N	-	-	D	D	D	D	N	-	-	D	N	-	-	-	E	E	E	E	D	-	-
E	E	-	-	D	D	D	N	-	-	D	D	D	D	N	-	-	E	E	-	-	E	E	D	D	D	-	-
D	D	D	D	D	-	-	-	D	D	D	N	-	-	-	-	-	D	D	D	N	-	-	-	D	D	N	N
E	E	D	D	D	-	-	E	E	E	-	-	-	-	E	E	-	-	E	D	D	D	-	-	-	E	E	E
D	N	N	N	-	-	-	-	E	E	E	E	E	-	-	E	E	E	E	E	-	-	-	E	E	N	-	-
D	D	-	-	L	N	N	N	-	-	-	D	D	D	N	-	-	L	L	-	-	D	D	L	L	L	-	-
E	E	D	N	N	-	-	D	N	N	-	-	D	D	-	-	E	D	D	D	D	-	-	-	D	D	-	-
D	D	-	-	E	E	E	D	-	-	E	E	-	-	-	D	D	D	N	-	-	D	N	-	-	E	D	D
-	-	L	L	L	L	-	-	L	L	N	N	-	-	L	L	L	L	L	-	-	D	L	-	-	-	N	N
L	L	L	-	-	E	E	-	-	-	E	E	L	-	-	E	E	L	L	-	-	L	L	L	L	N	-	-
L	L	L	L	-	-	-	L	L	L	L	-	-	-	-	L	L	-	-	E	E	D	L	L	-	-	D	L
-	-	E	E	E	E	E	-	-	-	E	D	-	-	E	E	E	D	D	-	-	E	E	-	-	E	E	D
D	L	-	-	-	E	E	E	L	L	-	-	-	-	-	D	L	L	L	-	-	-	E	L	L	N	N	N
D	D	D	D	-	-	-	-	D	D	-	-	-	-	D	D	D	D	D	D	-	-	-	D	D	D	D	D
L	L	L	-	-	-	-	D	D	L	L	L	-	-	-	D	D	L	L	L	L	-	-	-	-	D	L	L
E	D	D	D	L	-	-	-	-	-	E	E	E	D	D	D	-	-	-	E	E	E	E	E	L	-	-	-
E	E	-	-	-	-	E	E	D	D	N	-	-	-	E	E	E	D	D	-	-	-	-	E	E	E	E	E
E	E	D	N	-	-	-	E	E	-	-	-	-	E	L	L	N	N	-	-	-	-	E	E	E	E	E	E
-	-	-	E	E	E	D	N	N	-	-	-	-	-	D	D	D	D	D	-	-	-	D	D	D	D	N	N
D	-	-	-	-	N	N	-	-	-	-	D	D	-	-	D	D	-	-	D	D	-	-	D	-	-	-	-
D	-	-	D	-	-	-	-	D	D	-	-	-	L	L	L	L	-	-	-	D	L	-	-	-	-	-	-
N	-	-	-	-	-	L	-	-	E	E	E	E	N	-	-	L	-	-	E	-	-	-	-	-	L	-	-
-	-	L	-	-	L	L	-	-	-	D	-	-	L	L	N	N	-	-	D	D	-	-	-	-	-	-	-
L	L	-	-	L	-	-	-	-	L	-	-	-	E	-	-	-	N	-	-	L	-	-	N	-	-	E	E
-	-	N	-	-	D	D	-	-	-	-	-	-	-	-	-	-	D	-	-	D	D	D	-	-	-	-	-
-	-	-	N	-	D	-	-	-	-	-	-	-	-	-	-	-	-	D	-	L	-	L	-	-	L	L	-
Objective 0: 9773
Objective 1: 184
Constr violation: 0
Restrictions violated:
0 0 0 0 0 0 0 0 

Individual 11
1	2	3	4	5	6	7	8	9	10	11	12	13	14	15	16	17	18	19	20	21	22	23	24	25	26	27	28
-	-	-	D	N	-	-	D	D	D	D	D	-	-	D	D	D	D	N	-	-	D	N	N	-	-	D	D
N	N	N	N	-	-	E	D	D	-	-	E	E	E	E	-	-	E	E	-	-	E	D	D	D	D	-	-
D	D	D	D	N	-	-	-	D	D	D	D	-	-	D	N	-	-	N	N	-	-	-	D	D	D	D	D
L	L	L	L	-	-	-	D	D	L	L	L	-	-	L	L	-	-	D	D	L	-	-	D	L	L	-	-
E	E	-	-	D	N	N	-	-	D	D	D	D	N	-	-	D	N	-	-	-	E	E	E	E	D	-	-
D	D	D	N	N	-	-	E	E	E	D	N	-	-	D	N	-	-	E	E	D	D	D	-	-	-	-	-
D	D	D	D	D	-	-	-	D	D	D	N	-	-	-	-	-	D	D	D	N	-	-	-	D	D	N	N
E	E	D	D	D	-	-	E	E	E	-	-	-	-	E	E	-	-	E	D	D	D	-	-	-	E	E	E
D	N	N	N	-	-	-	-	E	E	E	E	E	-	-	E	E	E	E	E	-	-	-	E	E	N	-	-
D	D	-	-	L	N	N	N	-	-	-	D	D	D	N	-	-	L	L	-	-	D	D	L	L	L	-	-
E	E	D	N	N	-	-	D	N	N	-	-	D	D	-	-	E	D	D	D	D	-	-	-	D	D	-	-
D	D	-	-	E	E	E	D	-	-	E	E	-	-	-	D	D	D	N	-	-	D	N	-	-	E	D	D
-	-	L	L	L	L	-	-	L	L	N	N	-	-	L	L	L	L	L	-	-	D	L	-	-	-	N	N
L	L	L	-	-	E	E	-	-	-	E	E	L	-	-	E	E	L	L	-	-	L	L	L	L	N	-	-
E	E	E	L	L	-	-	E	D	-	-	E	E	-	-	E	E	E	L	-	-	E	E	D	-	-	L	L
-	-	E	E	E	E	E	-	-	-	E	D	-	-	E	E	E	D	D	-	-	E	E	-	-	E	E	D
D	L	-	-	-	E	E	E	L	L	-	-	-	-	-	D	L	L	L	-	-	-	E	L	L	N	N	N
D	D	D	D	-	-	-	-	D	D	-	-	-	-	D	D	D	D	D	D	-	-	-	D	D	D	D	D
L	L	L	-	-	-	-	D	D	L	L	L	-	-	-	D	D	L	L	L	L	-	-	-	-	D	L	L
E	D	D	D	L	-	-	-	-	-	E	E	E	D	D	D	-	-	-	E	E	E	E	E	L	-	-	-
E	E	-	-	-	-	E	E	D	D	N	-	-	-	E	E	E	D	D	-	-	-	-	E	E	E	E	E
E	E	D	N	-	-	-	E	E	-	-	-	-	E	L	L	N	N	-	-	-	-	E	E	E	E	E	E
-	-	-	E	E	E	D	N	N	-	-	-	-	-	D	D	D	D	D	-	-	-	D	D	D	D	N	N
D	-	-	-	-	N	N	-	-	-	-	D	D	-	-	D	D	-	-	D	D	-	-	D	-	-	-	-
D	-	-	D	-	-	-	-	D	D	-	-	-	L	L	L	L	-	-	-	D	L	-	-	-	-	-	-
N	-	-	-	-	-	L	-	-	E	E	E	E	N	-	-	L	-	-	E	-	-	-	-	-	L	-	-
L	N	-	-	-	-	-	-	-	D	-	-	D	D	-	-	L	-	-	D	D	L	-	-	-	L	-	-
L	L	-	-	L	-	-	-	-	L	-	-	-	E	-	-	-	N	-	-	L	-	-	N	-	-	E	E
-	-	N	-	-	D	D	-	-	-	-	-	-	-	-	-	-	D	-	-	D	D	D	-	-	-	-	-
-	-	-	N	-	D	-	-	-	-	-	-	-	-	-	-	-	-	D	-	L	-	L	-	-	L	L	-
Objective 0: 10379
Objective 1: 170
Constr violation: 0
Restrictions violated:
0 0 0 0 0 0 0 0 

Individual 12
1	2	3	4	5	6	7	8	9	10	11	12	13	14	15	16	17	18	19	20	21	22	23	24	25	26	27	28
-	-	-	D	N	-	-	D	D	D	D	D	-	-	D	D	D	D	N	-	-	D	N	N	-	-	D	D
N	N	N	N	-	-	E	D	D	-	-	E	E	E	E	-	-	E	E	-	-	E	D	D	D	D	-	-
D	D	D	D	N	-	-	-	D	D	D	D	-	-	D	N	-	-	N	N	-	-	-	D	D	D	D	D
L	L	L	L	-	-	-	D	D	L	L	L	-	-	L	L	-	-	D	D	L	-	-	D	L	L	-	-
E	E	-	-	D	N	N	-	-	D	D	D	D	N	-	-	D	N	-	-	-	E	E	E	E	D	-	-
D	D	D	N	N	-	-	E	E	E	D	N	-	-	D	N	-	-	E	E	D	D	D	-	-	-	-	-
D	D	D	D	D	-	-	-	D	D	D	N	-	-	-	-	-	D	D	D	N	-	-	-	D	D	N	N
E	E	D	D	D	-	-	E	E	E	-	-	-	-	E	E	-	-	E	D	D	D	-	-	-	E	E	E
D	N	N	N	-	-	-	-	E	E	E	E	E	-	-	E	E	E	E	E	-	-	-	E	E	N	-	-
D	D	-	-	L	N	N	N	-	-	-	D	D	D	N	-	-	L	L	-	-	D	D	L	L	L	-	-
E	E	D	N	N	-	-	D	N	N	-	-	D	D	-	-	E	D	D	D	D	-	-	-	D	D	-	-
D	D	-	-	E	E	E	D	-	-	E	E	-	-	-	D	D	D	N	-	-	D	N	-	-	E	D	D
-	-	L	L	L	L	-	-	L	L	N	N	-	-	L	L	L	L	L	-	-	D	L	-	-	-	N	N
L	L	L	-	-	E	E	-	-	-	E	E	L	-	-	E	E	L	L	-	-	L	L	L	L	N	-	-
E	E	E	L	L	-	-	E	D	-	-	E	E	-	-	E	E	E	L	-	-	E	E	D	-	-	L	L
-	-	E	E	E	E	E	-	-	-	E	D	-	-	E	E	E	D	D	-	-	E	E	-	-	E	E	D
D	L	-	-	-	E	E	E	L	L	-	-	-	-	-	D	L	L	L	-	-	-	E	L	L	N	N	N
D	D	D	D	-	-	-	-	D	D	-	-	-	-	D	D	D	D	D	D	-	-	-	D	D	D	D	D
L	L	L	-	-	-	-	D	D	L	L	L	-	-	-	D	D	L	L	L	L	-	-	-	-	D	L	L
E	D	D	D	L	-	-	-	-	-	E	E	E	D	D	D	-	-	-	E	E	E	E	E	L	-	-	-
E	E	D	D	N	-	-	-	E	D	N	-	-	-	-	E	E	E	E	N	N	-	-	-	-	D	D	D
E	E	D	N	-	-	-	E	E	-	-	-	-	E	L	L	N	N	-	-	-	-	E	E	E	E	E	E
-	-	-	E	E	E	D	N	N	-	-	-	-	-	D	D	D	D	D	-	-	-	D	D	D	D	N	N
D	-	-	-	-	N	N	-	-	-	-	D	D	-	-	D	D	-	-	D	D	-	-	D	-	-	-	-
D	-	-	D	-	-	-	-	D	D	-	-	-	L	L	L	L	-	-	-	D	L	-	-	-	-	-	-
N	-	-	-	-	-	L	-	-	E	E	E	E	N	-	-	L	-	-	E	-	-	-	-	-	L	-	-
L	N	-	-	-	-	-	-	-	D	-	-	D	D	-	-	L	-	-	D	D	L	-	-	-	L	-	-
L	L	-	-	L	-	-	-	-	L	-	-	-	E	-	-	-	N	-	-	L	-	-	N	-	-	E	E
-	-	N	-	-	D	D	-	-	-	-	-	-	-	-	-	-	D	-	-	D	D	D	-	-	-	-	-
-	-	-	N	-	D	-	-	-	-	-	-	-	-	-	-	-	-	D	-	L	-	L	-	-	L	L	-
Objective 0: 10278
Objective 1: 174
Constr violation: 0
Restrictions violated:
0 0 0 0 0 0 0 0 

Individual 13
1	2	3	4	5	6	7	8	9	10	11	12	13	14	15	16	17	18	19	20	21	22	23	24	25	26	27	28
-	-	-	D	N	-	-	D	D	D	D	D	-	-	D	D	D	D	N	-	-	D	N	N	-	-	D	D
N	N	N	N	-	-	E	D	D	-	-	E	E	E	E	-	-	E	E	-	-	E	D	D	D	D	-	-
D	D	D	D	N	-	-	-	D	D	D	D	-	-	D	N	-	-	N	N	-	-	-	D	D	D	D	D
L	L	L	L	-	-	-	D	D	L	L	L	-	-	L	L	-	-	D	D	L	-	-	D	L	L	-	-
E	E	-	-	D	N	N	-	-	D	D	D	D	N	-	-	D	N	-	-	-	E	E	E	E	D	-	-
D	D	D	N	N	-	-	E	E	E	D	N	-	-	D	N	-	-	E	E	D	D	D	-	-	-	-	-
D	D	D	D	D	-	-	-	D	D	D	N	-	-	-	-	-	D	D	D	N	-	-	-	D	D	N	N
E	E	D	D	D	-	-	E	E	E	-	-	-	-	E	E	-	-	E	D	D	D	-	-	-	E	E	E
D	N	N	N	-	-	-	-	E	E	E	E	E	-	-	E	E	E	E	E	-	-	-	E	E	N	-	-
D	D	-	-	L	N	N	N	-	-	-	D	D	D	N	-	-	L	L	-	-	D	D	L	L	L	-	-
E	E	D	N	N	-	-	D	N	N	-	-	D	D	-	-	E	D	D	D	D	-	-	-	D	D	-	-
D	D	-	-	E	E	E	D	-	-	E	E	-	-	-	D	D	D	N	-	-	D	N	-	-	E	D	D
-	-	L	L	L	L	-	-	L	L	N	N	-	-	L	L	L	L	L	-	-	D	L	-	-	-	N	N
L	L	L	-	-	E	E	-	-	-	E	E	L	-	-	E	E	L	L	-	-	L	L	L	L	N	-	-
E	E	E	L	L	-	-	E	D	-	-	E	E	-	-	E	E	E	L	-	-	E	E	D	-	-	L	L
-	-	E	E	E	E	E	-	-	-	E	D	-	-	E	E	E	D	D	-	-	E	E	-	-	E	E	D
D	L	-	-	-	E	E	E	L	L	-	-	-	-	-	D	L	L	L	-	-	-	E	L	L	N	N	N
D	D	D	D	-	-	-	-	D	D	-	-	-	-	D	D	D	D	D	D	-	-	-	D	D	D	D	D
L	L	L	-	-	-	-	D	D	L	L	L	-	-	-	D	D	L	L	L	L	-	-	-	-	D	L	L
E	D	D	D	L	-	-	-	-	-	E	E	E	D	D	D	-	-	-	E	E	E	E	E	L	-	-	-
E	E	D	D	N	-	-	-	E	D	N	-	-	-	-	E	E	E	E	N	N	-	-	-	-	D	D	D
E	E	D	N	-	-	-	E	E	-	-	-	-	E	L	L	N	N	-	-	-	-	E	E	E	E	E	E
-	-	-	E	E	E	D	N	N	-	-	-	-	-	D	D	D	D	D	-	-	-	D	D	D	D	N	N
D	-	-	-	-	N	N	-	-	-	-	D	D	-	-	D	D	-	-	D	D	-	-	D	-	-	-	-
D	-	-	D	-	-	-	-	D	D	-	-	-	L	L	L	L	-	-	-	D	L	-	-	-	-	-	-
N	-	-	-	-	-	L	-	-	E	E	E	E	N	-	-	L	-	-	E	-	-	-	-	-	L	-	-
L	N	-	-	-	-	-	-	-	D	-	-	D	D	-	-	L	-	-	D	D	L	-	-	-	L	-	-
L	L	-	-	L	-	-	-	-	L	-	-	-	E	-	-	-	N	-	-	L	-	-	N	-	-	E	E
-	-	N	-	-	D	D	-	-	-	-	-	-	-	-	-	-	D	-	-	D	D	D	-	-	-	-	-
-	-	-	N	-	D	-	-	-	-	-	-	-	-	-	-	-	-	D	-	L	-	L	-	-	L	L	-
Objective 0: 10278
Objective 1: 174
Constr violation: 0
Restrictions violated:
0 0 0 0 0 0 0 0 

Individual 14
1	2	3	4	5	6	7	8	9	10	11	12	13	14	15	16	17	18	19	20	21	22	23	24	25	26	27	28
-	-	-	D	N	-	-	D	D	D	D	D	-	-	D	D	D	D	N	-	-	D	N	N	-	-	D	D
N	N	N	N	-	-	E	D	D	-	-	E	E	E	E	-	-	E	E	-	-	E	D	D	D	D	-	-
D	D	D	D	N	-	-	-	D	D	D	D	-	-	D	N	-	-	N	N	-	-	-	D	D	D	D	D
L	L	L	L	-	-	-	D	D	L	L	L	-	-	L	L	-	-	D	D	L	-	-	D	L	L	-	-
E	E	-	-	D	N	N	-	-	D	D	D	D	N	-	-	D	N	-	-	-	E	E	E	E	D	-	-
E	E	-	-	D	D	D	N	-	-	D	D	D	D	N	-	-	E	E	-	-	E	E	D	D	D	-	-
D	D	D	D	D	-	-	-	D	D	D	N	-	-	-	-	-	D	D	D	N	-	-	-	D	D	N	N
E	E	D	D	D	-	-	E	E	E	-	-	-	-	E	E	-	-	E	D	D	D	-	-	-	E	E	E
D	N	N	N	-	-	-	-	E	E	E	E	E	-	-	E	E	E	E	E	-	-	-	E	E	N	-	-
D	D	-	-	L	N	N	N	-	-	-	D	D	D	N	-	-	L	L	-	-	D	D	L	L	L	-	-
E	E	D	N	N	-	-	D	N	N	-	-	D	D	-	-	E	D	D	D	D	-	-	-	D	D	-	-
D	D	-	-	E	E	E	D	-	-	E	E	-	-	-	D	D	D	N	-	-	D	N	-	-	E	D	D
-	-	L	L	L	L	-	-	L	L	N	N	-	-	L	L	L	L	L	-	-	D	L	-	-	-	N	N
L	L	L	-	-	E	E	-	-	-	E	E	L	-	-	E	E	L	L	-	-	L	L	L	L	N	-	-
E	E	E	L	L	-	-	E	D	-	-	E	E	-	-	E	E	E	L	-	-	E	E	D	-	-	L	L
-	-	E	E	E	E	E	-	-	E	E	-	-	-	E	E	E	E	E	-	-	E	D	D	D	-	-	D
D	L	-	-	-	E	E	E	L	L	-	-	-	-	-	D	L	L	L	-	-	-	E	L	L	N	N	N
D	D	D	D	-	-	-	-	D	D	-	-	-	-	D	D	D	D	D	D	-	-	-	D	D	D	D	D
L	L	L	-	-	-	-	D	D	L	L	L	-	-	-	D	D	L	L	L	L	-	-	-	-	D	L	L
E	D	D	D	L	-	-	-	-	-	E	E	E	D	D	D	-	-	-	E	E	E	E	E	L	-	-	-
E	E	-	-	-	-	E	E	D	D	N	-	-	-	E	E	E	D	D	-	-	-	-	E	E	E	E	E
E	E	D	N	-	-	-	E	E	-	-	-	-	E	L	L	N	N	-	-	-	-	E	E	E	E	E	E
-	-	-	E	E	E	D	N	N	-	-	-	-	-	D	D	D	D	D	-	-	-	D	D	D	D	N	N
D	-	-	-	-	N	N	-	-	-	-	D	D	-	-	D	D	-	-	D	D	-	-	D	-	-	-	-
D	-	-	D	-	-	-	-	D	D	-	-	-	L	L	L	L	-	-	-	D	L	-	-	-	-	-	-
N	-	-	-	-	-	L	-	-	E	E	E	E	N	-	-	L	-	-	E	-	-	-	-	-	L	-	-
-	-	L	-	-	L	L	-	-	-	D	-	-	L	L	N	N	-	-	D	D	-	-	-	-	-	-	-
L	L	-	-	L	-	-	-	-	L	-	-	-	E	-	-	-	N	-	-	L	-	-	N	-	-	E	E
-	-	N	-	-	D	D	-	-	-	-	-	-	-	-	-	-	D	-	-	D	D	D	-	-	-	-	-
-	-	-	N	-	D	-	-	-	-	-	-	-	-	-	-	-	-	D	-	L	-	L	-	-	L	L	-
Objective 0: 10178
Objective 1: 179
Constr violation: 0
Restrictions violated:
0 0 0 0 0 0 0 0 

Individual 15
1	2	3	4	5	6	7	8	9	10	11	12	13	14	15	16	17	18	19	20	21	22	23	24	25	26	27	28
-	-	-	D	N	-	-	D	D	D	D	D	-	-	D	D	D	D	N	-	-	D	N	N	-	-	D	D
N	N	N	N	-	-	E	D	D	-	-	E	E	E	E	-	-	E	E	-	-	E	D	D	D	D	-	-
D	D	D	D	N	-	-	-	D	D	D	D	-	-	D	N	-	-	N	N	-	-	-	D	D	D	D	D
L	L	L	L	-	-	-	D	D	L	L	L	-	-	L	L	-	-	D	D	L	-	-	D	L	L	-	-
E	E	-	-	D	N	N	-	-	D	D	D	D	N	-	-	D	N	-	-	-	E	E	E	E	D	-	-
E	E	-	-	D	D	D	N	-	-	D	D	D	D	N	-	-	E	E	-	-	E	E	D	D	D	-	-
D	D	D	D	D	-	-	-	D	D	D	N	-	-	-	-	-	D	D	D	N	-	-	-	D	D	N	N
E	E	D	D	D	-	-	E	E	E	-	-	-	-	E	E	-	-	E	D	D	D	-	-	-	E	E	E
D	N	N	N	-	-	-	-	E	E	E	E	E	-	-	E	E	E	E	E	-	-	-	E	E	N	-	-
D	D	-	-	L	N	N	N	-	-	-	D	D	D	N	-	-	L	L	-	-	D	D	L	L	L	-	-
E	E	D	N	N	-	-	D	N	N	-	-	D	D	-	-	E	D	D	D	D	-	-	-	D	D	-	-
D	D	-	-	E	E	E	D	-	-	E	E	-	-	-	D	D	D	N	-	-	D	N	-	-	E	D	D
-	-	L	L	L	L	-	-	L	L	N	N	-	-	L	L	L	L	L	-	-	D	L	-	-	-	N	N
L	L	L	-	-	E	E	-	-	-	E	E	L	-	-	E	E	L	L	-	-	L	L	L	L	N	-	-
L	L	L	L	-	-	-	L	L	L	L	-	-	-	-	L	L	-	-	E	E	D	L	L	-	-	D	L
-	-	E	E	E	E	E	-	-	E	E	-	-	-	E	E	E	E	E	-	-	E	D	D	D	-	-	D
D	L	-	-	-	E	E	E	L	L	-	-	-	-	-	D	L	L	L	-	-	-	E	L	L	N	N	N
D	D	D	D	-	-	-	-	D	D	-	-	-	-	D	D	D	D	D	D	-	-	-	D	D	D	D	D
L	L	L	-	-	-	-	D	D	L	L	L	-	-	-	D	D	L	L	L	L	-	-	-	-	D	L	L
E	D	D	D	L	-	-	-	-	-	E	E	E	D	D	D	-	-	-	E	E	E	E	E	L	-	-	-
E	E	-	-	-	-	E	E	D	D	N	-	-	-	E	E	E	D	D	-	-	-	-	E	E	E	E	E
E	E	D	N	-	-	-	E	E	-	-	-	-	E	L	L	N	N	-	-	-	-	E	E	E	E	E	E
-	-	-	E	E	E	D	N	N	-	-	-	-	-	D	D	D	D	D	-	-	-	D	D	D	D	N	N
D	-	-	-	-	N	N	-	-	-	-	D	D	-	-	D	D	-	-	D	D	-	-	D	-	-	-	-
D	-	-	D	-	-	-	-	D	D	-	-	-	L	L	L	L	-	-	-	D	L	-	-	-	-	-	-
N	-	-	-	-	-	L	-	-	E	E	E	E	N	-	-	L	-	-	E	-	-	-	-	-	L	-	-
-	-	L	-	-	L	L	-	-	-	D	-	-	L	L	N	N	-	-	D	D	-	-	-	-	-	-	-
L	L	-	-	L	-	-	-	-	L	-	-	-	E	-	-	-	N	-	-	L	-	-	N	-	-	E	E
-	-	N	-	-	D	D	-	-	-	-	-	-	-	-	-	-	D	-	-	D	D	D	-	-	-	-	-
-	-	-	N	-	D	-	-	-	-	-	-	-	-	-	-	-	-	D	-	L	-	L	-	-	L	L	-
Objective 0: 9571
Objective 1: 190
Constr violation: 0
Restrictions violated:
0 0 0 0 0 0 0 0 

Individual 16
1	2	3	4	5	6	7	8	9	10	11	12	13	14	15	16	17	18	19	20	21	22	23	24	25	26	27	28
-	-	-	D	N	-	-	D	D	D	D	D	-	-	D	D	D	D	N	-	-	D	N	N	-	-	D	D
N	N	N	N	-	-	E	D	D	-	-	E	E	E	E	-	-	E	E	-	-	E	D	D	D	D	-	-
D	D	D	D	N	-	-	-	D	D	D	D	-	-	D	N	-	-	N	N	-	-	-	D	D	D	D	D
L	L	L	L	-	-	-	D	D	L	L	L	-	-	L	L	-	-	D	D	L	-	-	D	L	L	-	-
E	E	-	-	D	N	N	-	-	D	D	D	D	N	-	-	D	N	-	-	-	E	E	E	E	D	-	-
E	E	-	-	D	D	D	N	-	-	D	D	D	D	N	-	-	E	E	-	-	E	E	D	D	D	-	-
D	D	D	D	D	-	-	-	D	D	D	N	-	-	-	-	-	D	D	D	N	-	-	-	D	D	N	N
E	E	D	D	D	-	-	E	E	E	-	-	-	-	E	E	-	-	E	D	D	D	-	-	-	E	E	E
D	N	N	N	-	-	-	-	E	E	E	E	E	-	-	E	E	E	E	E	-	-	-	E	E	N	-	-
D	D	-	-	L	N	N	N	-	-	-	D	D	D	N	-	-	L	L	-	-	D	D	L	L	L	-	-
E	E	D	N	N	-	-	D	N	N	-	-	D	D	-	-	E	D	D	D	D	-	-	-	D	D	-	-
D	D	-	-	E	E	E	D	-	-	E	E	-	-	-	D	D	D	N	-	-	D	N	-	-	E	D	D
-	-	L	L	L	L	-	-	L	L	N	N	-	-	L	L	L	L	L	-	-	D	L	-	-	-	N	N
L	L	L	-	-	E	E	-	-	-	E	E	L	-	-	E	E	L	L	-	-	L	L	L	L	N	-	-
L	L	L	L	-	-	-	L	L	L	L	-	-	-	-	L	L	-	-	E	E	D	L	L	-	-	D	L
-	-	E	E	E	E	E	-	-	-	E	D	-	-	E	E	E	D	D	-	-	E	E	-	-	E	E	D
D	L	-	-	-	E	E	E	L	L	-	-	-	-	-	D	L	L	L	-	-	-	E	L	L	N	N	N
D	D	D	D	-	-	-	-	D	D	-	-	-	-	D	D	D	D	D	D	-	-	-	D	D	D	D	D
L	L	L	-	-	-	-	D	D	L	L	L	-	-	-	D	D	L	L	L	L	-	-	-	-	D	L	L
E	D	D	D	L	-	-	-	-	-	E	E	E	D	D	D	-	-	-	E	E	E	E	E	L	-	-	-
E	E	-	-	-	-	E	E	D	D	N	-	-	-	E	E	E	D	D	-	-	-	-	E	E	E	E	E
E	E	D	N	-	-	-	E	E	-	-	-	-	E	L	L	N	N	-	-	-	-	E	E	E	E	E	E
-	-	-	E	E	E	D	N	N	-	-	-	-	-	D	D	D	D	D	-	-	-	D	D	D	D	N	N
D	-	-	-	-	N	N	-	-	-	-	D	D	-	-	D	D	-	-	D	D	-	-	D	-	-	-	-
D	-	-	D	-	-	-	-	D	D	-	-	-	L	L	L	L	-	-	-	D	L	-	-	-	-	-	-
N	-	-	-	-	-	L	-	-	E	E	E	E	N	-	-	L	-	-	E	-	-	-	-	-	L	-	-
-	-	L	-	-	L	L	-	-	-	D	-	-	L	L	N	N	-	-	D	D	-	-	-	-	-	-	-
L	L	-	-	L	-	-	-	-	L	-	-	-	E	-	-	-	N	-	-	L	-	-	N	-	-	E	E
-	-	N	-	-	D	D	-	-	-	-	-	-	-	-	-	-	D	-	-	D	D	D	-	-	-	-	-
-	-	-	N	-	D	-	-	-	-	-	-	-	-	-	-	-	-	D	-	L	-	L	-	-	L	L	-
Objective 0: 9773
Objective 1: 184
Constr violation: 0
Restrictions violated:
0 0 0 0 0 0 0 0 

Individual 17
1	2	3	4	5	6	7	8	9	10	11	12	13	14	15	16	17	18	19	20	21	22	23	24	25	26	27	28
-	-	-	D	N	-	-	D	D	D	D	D	-	-	D	D	D	D	N	-	-	D	N	N	-	-	D	D
N	N	N	N	-	-	E	D	D	-	-	E	E	E	E	-	-	E	E	-	-	E	D	D	D	D	-	-
D	D	D	D	N	-	-	-	D	D	D	D	-	-	D	N	-	-	N	N	-	-	-	D	D	D	D	D
L	L	L	L	-	-	-	D	D	L	L	L	-	-	L	L	-	-	D	D	L	-	-	D	D	D	D	-
E	E	-	-	D	N	N	-	-	D	D	D	D	N	-	-	D	N	-	-	-	E	E	E	E	D	-	-
D	D	D	N	N	-	-	E	E	E	D	N	-	-	D	N	-	-	E	E	D	D	D	-	-	-	-	-
D	D	D	D	D	-	-	-	D	D	D	N	-	-	-	-	-	D	D	D	N	-	-	-	D	D	N	N
E	E	D	D	D	-	-	E	E	E	-	-	-	-	E	E	-	-	E	D	D	D	-	-	-	E	E	E
D	N	N	N	-	-	-	-	E	E	E	E	E	-	-	E	E	E	E	E	-	-	-	E	E	N	-	-
D	D	-	-	L	N	N	N	-	-	-	D	D	D	N	-	-	L	L	-	-	D	D	L	L	L	-	-
E	E	D	N	N	-	-	D	N	N	-	-	D	D	-	-	E	D	D	D	D	-	-	-	D	D	-	-
D	D	-	-	E	E	E	D	-	-	E	E	-	-	-	D	D	D	N	-	-	D	N	-	-	E	D	D
-	-	L	L	L	L	-	-	L	L	N	N	-	-	L	L	L	L	L	-	-	D	L	-	-	-	N	N
L	L	L	-	-	E	E	-	-	-	E	E	L	-	-	E	E	L	L	-	-	L	L	L	L	N	-	-
E	E	E	L	L	-	-	E	D	-	-	E	E	-	-	E	E	E	L	-	-	E	E	D	-	-	L	L
E	D	-	-	E	D	D	-	-	-	E	D	-	-	E	E	D	D	D	-	-	-	E	E	E	E	E	-
D	L	-	-	-	E	E	E	L	L	-	-	-	-	-	D	L	L	L	-	-	-	E	L	L	N	N	N
D	D	D	D	-	-	-	-	D	D	-	-	-	-	D	D	D	D	D	D	-	-	-	D	D	D	D	D
L	L	L	-	-	-	-	D	D	L	L	L	-	-	-	D	D	L	L	L	L	-	-	-	-	D	L	L
E	D	D	D	L	-	-	-	-	-	E	E	E	D	D	D	-	-	-	E	E	E	E	E	L	-	-	-
E	E	-	-	-	-	E	E	D	D	N	-	-	-	E	E	E	D	D	-	-	-	-	E	E	E	E	E
E	E	D	N	-	-	-	E	E	-	-	-	-	E	L	L	N	N	-	-	-	-	E	E	E	E	E	E
-	-	-	E	E	E	D	N	N	-	-	-	-	-	D	D	D	D	D	-	-	-	D	D	D	D	N	N
D	-	-	-	-	N	N	-	-	-	-	D	D	-	-	D	D	-	-	D	D	-	-	D	-	-	-	-
D	-	-	D	-	-	-	-	D	D	-	-	-	L	L	L	L	-	-	-	D	L	-	-	-	-	-	-
N	-	-	-	-	-	L	-	-	E	E	E	E	N	-	-	L	-	-	E	-	-	-	-	-	L	-	-
L	N	-	-	-	-	-	-	-	D	-	-	D	D	-	-	L	-	-	D	D	L	-	-	-	L	-	-
L	L	-	-	L	-	-	-	-	L	-	-	-	E	-	-	-	N	-	-	L	-	-	N	-	-	E	E
-	-	N	-	-	D	D	-	-	-	-	-	-	-	-	-	-	D	-	-	D	D	D	-	-	-	-	-
-	-	-	N	-	D	-	-	-	-	-	-	-	-	-	-	-	-	D	-	L	-	L	-	-	L	L	-
Objective 0: 10682
Objective 1: 166
Constr violation: 0
Restrictions violated:
0 0 0 0 0 0 0 0 

Individual 18
1	2	3	4	5	6	7	8	9	10	11	12	13	14	15	16	17	18	19	20	21	22	23	24	25	26	27	28
-	-	-	D	N	-	-	D	D	D	D	D	-	-	D	D	D	D	N	-	-	D	N	N	-	-	D	D
N	N	N	N	-	-	E	D	D	-	-	E	E	E	E	-	-	E	E	-	-	E	D	D	D	D	-	-
D	D	D	D	N	-	-	-	D	D	D	D	-	-	D	N	-	-	N	N	-	-	-	D	D	D	D	D
L	L	L	L	-	-	-	D	D	D	D	-	-	D	D	D	D	-	-	D	L	-	-	D	L	L	-	-
E	E	-	-	D	N	N	-	-	D	D	D	D	N	-	-	D	N	-	-	-	E	E	E	E	D	-	-
D	D	D	N	N	-	-	E	E	E	D	N	-	-	D	N	-	-	E	E	D	D	D	-	-	-	-	-
D	D	D	D	D	-	-	-	D	D	D	N	-	-	-	-	-	D	D	D	N	-	-	-	D	D	N	N
E	E	D	D	D	-	-	E	E	E	-	-	-	-	E	E	-	-	E	D	D	D	-	-	-	E	E	E
D	N	N	N	-	-	-	-	E	E	E	E	E	-	-	E	E	E	E	E	-	-	-	E	E	N	-	-
D	D	-	-	L	N	N	N	-	-	-	D	D	D	N	-	-	L	L	-	-	D	D	L	L	L	-	-
E	E	D	N	N	-	-	D	N	N	-	-	D	D	-	-	E	D	D	D	D	-	-	-	D	D	-	-
D	D	-	-	E	E	E	D	-	-	E	E	-	-	-	D	D	D	N	-	-	D	N	-	-	E	D	D
-	-	L	L	L	L	-	-	L	L	N	N	-	-	L	L	L	L	L	-	-	D	L	-	-	-	N	N
L	L	L	-	-	E	E	-	-	-	E	E	L	-	-	E	E	L	L	-	-	L	L	L	L	N	-	-
E	E	E	L	L	-	-	E	D	-	-	E	E	-	-	E	E	E	L	-	-	E	E	D	-	-	L	L
E	D	-	-	E	D	D	-	-	-	E	D	-	-	E	E	D	D	D	-	-	-	E	E	E	E	E	-
D	L	-	-	-	E	E	E	L	L	-	-	-	-	-	D	L	L	L	-	-	-	E	L	L	N	N	N
D	D	D	D	-	-	-	-	D	D	-	-	-	-	D	D	D	D	D	D	-	-	-	D	D	D	D	D
L	L	L	-	-	-	-	D	D	L	L	L	-	-	-	D	D	L	L	L	L	-	-	-	-	D	L	L
E	D	D	D	L	-	-	-	-	-	E	E	E	D	D	D	-	-	-	E	E	E	E	E	L	-	-	-
E	E	-	-	-	-	E	E	D	D	N	-	-	-	E	E	E	D	D	-	-	-	-	E	E	E	E	E
E	E	D	N	-	-	-	E	E	-	-	-	-	E	L	L	N	N	-	-	-	-	E	E	E	E	E	E
-	-	-	E	E	E	D	N	N	-	-	-	-	-	D	D	D	D	D	-	-	-	D	D	D	D	N	N
D	-	-	-	-	N	N	-	-	-	-	D	D	-	-	D	D	-	-	D	D	-	-	D	-	-	-	-
D	-	-	D	-	-	-	-	D	D	-	-	-	L	L	L	L	-	-	-	D	L	-	-	-	-	-	-
N	-	-	-	-	-	L	-	-	E	E	E	E	N	-	-	L	-	-	E	-	-	-	-	-	L	-	-
L	N	-	-	-	-	-	-	-	D	-	-	D	D	-	-	L	-	-	D	D	L	-	-	-	L	-	-
L	L	-	-	L	-	-	-	-	L	-	-	-	E	-	-	-	N	-	-	L	-	-	N	-	-	E	E
-	-	N	-	-	-	D	-	-	-	-	-	D	-	-	-	-	D	-	-	D	D	D	-	-	-	-	-
-	-	-	N	-	D	-	-	-	-	-	-	-	-	-	-	-	-	D	-	L	-	L	-	-	L	L	-
Objective 0: 11187
Objective 1: 165
Constr violation: 0
Restrictions violated:
0 0 0 0 0 0 0 0 

Individual 19
1	2	3	4	5	6	7	8	9	10	11	12	13	14	15	16	17	18	19	20	21	22	23	24	25	26	27	28
-	-	-	D	N	-	-	D	D	D	D	D	-	-	D	D	D	D	N	-	-	D	N	N	-	-	D	D
N	N	N	N	-	-	E	D	D	-	-	E	E	E	E	-	-	E	E	-	-	E	D	D	D	D	-	-
D	D	D	D	N	-	-	-	D	D	D	D	-	-	D	N	-	-	N	N	-	-	-	D	D	D	D	D
L	L	L	L	-	-	-	D	D	L	L	L	-	-	L	L	-	-	D	D	L	-	-	D	L	L	-	-
E	E	-	-	D	N	N	-	-	D	D	D	D	N	-	-	D	N	-	-	-	E	E	E	E	D	-	-
E	E	-	-	D	D	D	N	-	-	D	D	D	D	N	-	-	E	E	-	-	E	E	D	D	D	-	-
D	D	D	D	D	-	-	-	D	D	D	N	-	-	-	-	-	D	D	D	N	-	-	-	D	D	N	N
E	E	D	D	D	-	-	E	E	E	-	-	-	-	E	E	-	-	E	D	D	D	-	-	-	E	E	E
D	N	N	N	-	-	-	-	E	E	E	E	E	-	-	E	E	E	E	E	-	-	-	E	E	N	-	-
D	D	-	-	L	N	N	N	-	-	-	D	D	D	N	-	-	L	L	-	-	D	D	L	L	L	-	-
E	E	D	N	N	-	-	D	N	N	-	-	D	D	-	-	E	D	D	D	D	-	-	-	D	D	-	-
D	D	-	-	E	E	E	D	-	-	E	E	-	-	-	D	D	D	N	-	-	D	N	-	-	E	D	D
-	-	L	L	L	L	-	-	L	L	N	N	-	-	L	L	L	L	L	-	-	D	L	-	-	-	N	N
L	L	L	-	-	E	E	-	-	-	E	E	L	-	-	E	E	L	L	-	-	L	L	L	L	N	-	-
L	L	L	L	-	-	-	L	L	L	L	-	-	-	-	L	L	-	-	E	E	D	L	L	-	-	D	L
-	-	E	E	E	E	E	-	-	E	E	-	-	-	E	E	E	E	E	-	-	E	D	D	D	-	-	D
D	L	-	-	-	E	E	E	L	L	-	-	-	-	-	D	L	L	L	-	-	-	E	L	L	N	N	N
D	D	D	D	-	-	-	-	D	D	-	-	-	-	D	D	D	D	D	D	-	-	-	D	D	D	D	D
L	L	L	-	-	-	-	D	D	L	L	L	-	-	-	D	D	L	L	L	L	-	-	-	-	D	L	L
E	D	D	D	L	-	-	-	-	-	E	E	E	D	D	D	-	-	-	E	E	E	E	E	L	-	-	-
E	E	-	-	-	-	E	E	D	D	N	-	-	-	E	E	E	D	D	-	-	-	-	E	E	E	E	E
E	E	D	N	-	-	-	E	E	-	-	-	-	E	L	L	N	N	-	-	-	-	E	E	E	E	E	E
-	-	-	E	E	E	D	N	N	-	-	-	-	-	D	D	D	D	D	-	-	-	D	D	D	D	N	N
D	-	-	-	-	N	N	-	-	-	-	D	D	-	-	D	D	-	-	D	D	-	-	D	-	-	-	-
D	-	-	D	-	-	-	-	D	D	-	-	-	L	L	L	L	-	-	-	D	L	-	-	-	-	-	-
N	-	-	-	-	-	L	-	-	E	E	E	E	N	-	-	L	-	-	E	-	-	-	-	-	L	-	-
-	-	L	-	-	L	L	-	-	-	D	-	-	L	L	N	N	-	-	D	D	-	-	-	-	-	-	-
L	L	-	-	L	-	-	-	-	L	-	-	-	E	-	-	-	N	-	-	L	-	-	N	-	-	E	E
-	-	N	-	-	D	D	-	-	-	-	-	-	-	-	-	-	D	-	-	D	D	D	-	-	-	-	-
-	-	-	N	-	D	-	-	-	-	-	-	-	-	-	-	-	-	D	-	L	-	L	-	-	L	L	-
Objective 0: 9571
Objective 1: 190
Constr violation: 0
Restrictions violated:
0 0 0 0 0 0 0 0 

