Individual 0
1	2	3	4	5	6	7	8	9	10	11	12	13	14	15	16	17	18	19	20	21	22	23	24	25	26	27	28
-	-	-	D	N	N	N	N	-	-	D	D	D	D	-	-	D	D	D	-	-	D	D	D	D	D	-	-
E	E	E	-	-	D	N	N	-	-	E	E	E	E	E	-	-	N	N	-	-	-	E	E	E	E	-	-
D	D	N	N	N	-	-	D	D	D	D	D	-	-	D	N	-	-	D	D	D	D	-	-	-	-	-	D
L	L	L	L	-	-	-	L	L	L	L	-	-	D	D	L	L	-	-	D	L	-	-	D	L	L	-	-
-	-	-	E	E	E	E	-	-	E	E	E	E	N	-	-	E	E	D	-	-	E	E	E	N	N	-	-
E	E	D	D	N	-	-	-	E	E	E	E	E	-	-	-	D	D	N	N	-	-	-	E	E	D	-	-
D	D	D	D	N	-	-	D	D	D	-	-	-	-	-	D	D	-	-	D	D	N	N	N	-	-	D	D
E	E	E	E	D	-	-	E	D	D	-	-	-	-	-	-	-	E	E	E	E	-	-	E	E	E	E	E
E	E	E	E	E	-	-	E	E	D	D	D	-	-	-	E	D	-	-	-	-	N	N	-	-	E	N	N
D	D	-	-	-	L	L	N	N	N	-	-	-	-	D	D	L	L	L	-	-	D	L	L	L	N	-	-
E	E	D	D	N	-	-	-	D	D	D	D	D	-	-	-	D	D	N	-	-	E	E	N	N	-	-	-
E	N	N	-	-	E	E	N	-	-	D	N	-	-	-	D	D	D	D	D	-	-	E	D	D	D	-	-
-	-	D	L	-	-	D	L	L	N	N	-	-	D	L	L	L	N	-	-	-	D	D	L	L	N	-	-
-	-	D	D	D	D	L	-	-	E	E	L	-	-	E	E	E	L	-	-	E	L	L	N	N	-	-	-
E	D	L	L	L	-	-	E	E	E	D	-	-	-	-	-	E	E	E	-	-	E	D	D	-	-	D	D
E	E	E	D	D	-	-	-	-	-	E	E	E	-	-	D	D	D	D	-	-	E	E	D	D	-	-	E
E	D	-	-	-	E	E	L	L	L	N	-	-	-	D	L	N	-	-	-	-	-	E	E	L	L	N	N
D	D	D	D	-	-	-	-	D	D	-	-	-	-	D	D	D	D	D	-	-	-	D	D	D	D	D	D
D	D	L	L	-	-	-	-	L	L	L	L	-	-	-	D	D	L	L	L	L	-	-	-	-	D	L	L
D	D	D	L	L	-	-	-	D	D	L	L	L	L	-	-	-	D	D	L	L	L	L	-	-	-	-	-
E	E	E	N	-	-	-	E	D	D	D	N	-	-	-	E	E	D	D	D	N	-	-	-	-	-	D	N
E	L	N	N	-	-	-	L	L	N	-	-	-	E	E	D	L	N	-	-	-	-	D	L	L	L	L	L
-	-	-	E	D	D	D	D	N	-	-	-	-	-	E	E	E	D	D	-	-	-	E	E	E	D	N	N
-	-	-	-	-	N	-	-	-	-	-	-	D	D	N	-	-	-	D	D	D	-	-	D	D	D	-	-
-	-	-	L	L	-	-	-	-	-	-	-	D	L	L	L	-	-	L	-	-	D	L	L	-	-	-	-
-	-	-	L	-	-	E	D	-	-	-	D	-	-	-	-	N	-	-	E	E	L	-	-	-	-	E	N
-	-	-	-	-	-	N	-	-	N	-	-	D	D	L	L	-	-	D	D	D	L	-	-	-	-	-	-
-	-	-	-	E	-	-	N	-	-	D	L	-	-	-	L	N	-	-	E	-	-	-	D	D	-	-	E
-	-	N	-	D	D	-	D	-	-	D	-	-	-	-	-	-	-	-	-	-	-	D	D	-	-	-	-
-	N	-	L	-	-	D	D	-	L	-	-	-	-	-	-	-	-	-	-	-	-	-	-	-	D	L	-
Objective 0: 10175
Objective 1: 164
Constr violation: 0
Restrictions violated:
0 0 0 0 0 0 0 0 

Individual 1
1	2	3	4	5	6	7	8	9	10	11	12	13	14	15	16	17	18	19	20	21	22	23	24	25	26	27	28
-	-	-	D	N	N	N	N	-	-	D	D	D	D	-	-	D	D	D	-	-	D	D	D	D	D	-	-
E	E	E	-	-	D	N	N	-	-	E	E	E	E	E	-	-	N	N	-	-	-	E	E	E	E	-	-
D	D	N	N	N	-	-	D	D	D	D	D	-	-	D	N	-	-	D	D	D	D	-	-	-	-	-	D
L	L	L	L	-	-	-	L	L	L	L	-	-	D	D	L	L	-	-	D	L	-	-	D	L	L	-	-
E	D	-	-	E	D	D	D	-	-	D	N	-	-	-	E	E	E	N	-	-	E	E	N	N	-	-	D
E	E	D	D	N	-	-	-	E	E	E	E	E	-	-	-	D	D	N	N	-	-	-	E	E	D	-	-
D	D	D	D	N	-	-	D	D	D	-	-	-	-	-	D	D	-	-	D	D	N	N	N	-	-	D	D
-	-	E	E	D	D	-	-	E	E	E	-	-	-	E	E	E	D	D	-	-	E	E	E	E	E	-	-
E	E	E	E	E	-	-	-	E	E	D	D	D	-	-	N	N	N	N	-	-	E	D	D	D	-	-	-
D	D	-	-	-	L	L	N	N	N	-	-	-	-	D	D	L	L	L	-	-	D	L	L	L	N	-	-
E	N	N	-	-	-	-	-	E	E	E	D	-	-	-	-	E	D	D	D	D	-	-	E	E	E	E	N
E	N	N	-	-	E	E	N	-	-	D	N	-	-	-	D	D	D	D	D	-	-	E	D	D	D	-	-
-	-	D	L	-	-	D	L	L	N	N	-	-	D	L	L	L	N	-	-	-	D	D	L	L	N	-	-
-	-	D	D	D	D	L	-	-	E	E	L	-	-	E	E	E	L	-	-	E	L	L	N	N	-	-	-
E	D	L	L	L	-	-	E	E	E	D	-	-	-	-	-	E	E	E	-	-	E	D	D	-	-	D	D
E	E	E	D	D	-	-	-	-	-	E	E	E	-	-	D	D	D	D	-	-	E	E	D	D	-	-	E
E	D	-	-	-	E	E	L	L	L	N	-	-	-	D	L	N	-	-	-	-	-	E	E	L	L	N	N
D	D	D	D	-	-	-	-	D	D	-	-	-	-	D	D	D	D	D	-	-	-	D	D	D	D	D	D
D	D	L	L	-	-	-	-	L	L	L	L	-	-	-	D	D	L	L	L	L	-	-	-	-	D	L	L
D	D	D	L	L	-	-	-	D	D	L	L	L	L	-	-	-	D	D	L	L	L	L	-	-	-	-	-
E	E	E	N	-	-	-	D	D	D	D	-	-	-	-	E	E	N	N	N	-	-	-	-	E	D	D	D
E	L	N	N	-	-	-	L	L	N	-	-	-	E	E	D	L	N	-	-	-	-	D	L	L	L	L	L
-	-	-	E	D	D	D	D	N	-	-	-	-	-	E	E	E	D	D	-	-	-	E	E	E	D	N	N
-	-	-	-	-	N	-	-	-	-	-	-	D	D	N	-	-	-	D	D	D	-	-	D	D	D	-	-
D	L	L	-	-	-	-	-	-	D	D	L	L	L	-	-	D	L	-	-	-	-	-	-	-	-	-	-
-	-	-	L	-	-	E	D	-	-	-	D	-	-	-	-	N	-	-	E	E	L	-	-	-	-	E	N
-	-	-	-	-	-	N	-	-	N	-	-	D	D	L	L	-	-	D	D	D	L	-	-	-	-	-	-
-	-	-	-	E	-	-	N	-	-	D	L	-	-	-	L	N	-	-	E	-	-	-	D	D	-	-	E
-	-	N	-	D	D	-	D	-	-	D	-	-	-	-	-	-	-	-	-	-	-	D	D	-	-	-	-
-	N	-	L	-	-	D	D	-	L	-	-	-	-	-	-	-	-	-	-	-	-	-	-	-	D	L	-
Objective 0: 11792
Objective 1: 144
Constr violation: 0
Restrictions violated:
0 0 0 0 0 0 0 0 

Individual 2
1	2	3	4	5	6	7	8	9	10	11	12	13	14	15	16	17	18	19	20	21	22	23	24	25	26	27	28
-	-	-	D	N	N	N	N	-	-	D	D	D	D	-	-	D	D	D	-	-	D	D	D	D	D	-	-
E	E	E	-	-	D	N	N	-	-	E	E	E	E	E	-	-	N	N	-	-	-	E	E	E	E	-	-
D	D	N	N	N	-	-	D	D	D	D	D	-	-	D	N	-	-	D	D	D	D	-	-	-	-	-	D
L	L	L	L	-	-	-	L	L	L	L	-	-	D	D	L	L	-	-	D	L	-	-	D	L	L	-	-
E	D	-	-	E	D	D	D	-	-	D	N	-	-	-	E	E	E	N	-	-	E	E	N	N	-	-	D
E	E	D	D	N	-	-	-	E	E	E	E	E	-	-	-	D	D	N	N	-	-	-	E	E	D	-	-
D	D	D	D	N	-	-	D	D	D	-	-	-	-	-	D	D	-	-	D	D	N	N	N	-	-	D	D
-	-	E	E	D	D	-	-	E	E	E	-	-	-	E	E	E	D	D	-	-	E	E	E	E	E	-	-
E	E	E	E	E	-	-	-	E	E	D	D	D	-	-	N	N	N	N	-	-	E	D	D	D	-	-	-
D	D	-	-	-	L	L	N	N	N	-	-	-	-	D	D	L	L	L	-	-	D	L	L	L	N	-	-
-	E	D	D	N	-	-	-	-	D	D	D	D	D	-	-	E	D	D	-	-	E	D	N	-	-	E	D
E	N	N	-	-	E	E	N	-	-	D	N	-	-	-	D	D	D	D	D	-	-	E	D	D	D	-	-
-	-	D	L	-	-	D	L	L	N	N	-	-	D	L	L	L	N	-	-	-	D	D	L	L	N	-	-
-	-	D	D	D	D	L	-	-	E	E	L	-	-	E	E	E	L	-	-	E	L	L	N	N	-	-	-
E	D	L	L	L	-	-	E	E	E	D	-	-	-	-	-	E	E	E	-	-	E	D	D	-	-	D	D
E	E	E	D	D	-	-	-	-	-	E	E	E	-	-	D	D	D	D	-	-	E	E	D	D	-	-	E
E	D	-	-	-	E	E	L	L	L	N	-	-	-	D	L	N	-	-	-	-	-	E	E	L	L	N	N
D	D	D	D	-	-	-	-	D	D	-	-	-	-	D	D	D	D	D	-	-	-	D	D	D	D	D	D
D	D	L	L	-	-	-	-	L	L	L	L	-	-	-	D	D	L	L	L	L	-	-	-	-	D	L	L
D	D	D	L	L	-	-	-	D	D	L	L	L	L	-	-	-	D	D	L	L	L	L	-	-	-	-	-
E	E	E	N	-	-	-	E	D	D	D	N	-	-	-	E	E	D	D	D	N	-	-	-	-	-	D	N
E	L	N	N	-	-	-	L	L	N	-	-	-	E	E	D	L	N	-	-	-	-	D	L	L	L	L	L
-	-	-	E	D	D	D	D	N	-	-	-	-	-	E	E	E	D	D	-	-	-	E	E	E	D	N	N
-	-	-	-	-	N	-	-	-	-	-	-	D	D	N	-	-	-	D	D	D	-	-	D	D	D	-	-
D	L	L	-	-	-	-	-	-	D	D	L	L	L	-	-	D	L	-	-	-	-	-	-	-	-	-	-
-	-	-	L	-	-	E	D	-	-	-	D	-	-	-	-	N	-	-	E	E	L	-	-	-	-	E	N
-	-	-	-	-	-	N	-	-	N	-	-	D	D	L	L	-	-	D	D	D	L	-	-	-	-	-	-
-	-	-	-	E	-	-	N	-	-	D	L	-	-	-	L	N	-	-	E	-	-	-	D	D	-	-	E
-	-	N	-	D	D	-	D	-	-	D	-	-	-	-	-	-	-	-	-	-	-	D	D	-	-	-	-
-	N	-	L	-	-	D	D	-	L	-	-	-	-	-	-	-	-	-	-	-	-	-	-	-	D	L	-
Objective 0: 11590
Objective 1: 146
Constr violation: 0
Restrictions violated:
0 0 0 0 0 0 0 0 

Individual 3
1	2	3	4	5	6	7	8	9	10	11	12	13	14	15	16	17	18	19	20	21	22	23	24	25	26	27	28
-	-	-	D	N	N	N	N	-	-	D	D	D	D	-	-	D	D	D	-	-	D	D	D	D	D	-	-
E	E	E	-	-	D	N	N	-	-	E	E	E	E	E	-	-	N	N	-	-	-	E	E	E	E	-	-
D	D	N	N	N	-	-	D	D	D	D	D	-	-	D	N	-	-	D	D	D	D	-	-	-	-	-	D
L	L	L	L	-	-	-	L	L	L	L	-	-	D	D	L	L	-	-	D	L	-	-	D	L	L	-	-
-	-	-	E	E	E	E	-	-	E	E	E	E	N	-	-	E	E	D	-	-	E	E	E	N	N	-	-
E	E	D	D	N	-	-	-	E	E	E	E	E	-	-	-	D	D	N	N	-	-	-	E	E	D	-	-
D	D	D	D	N	-	-	D	D	D	-	-	-	-	-	D	D	-	-	D	D	N	N	N	-	-	D	D
-	-	E	E	D	D	-	-	E	E	E	-	-	-	E	E	E	D	D	-	-	E	E	E	E	E	-	-
E	E	E	E	E	-	-	E	E	D	D	D	-	-	-	E	D	-	-	-	-	N	N	-	-	E	N	N
D	D	-	-	-	L	L	N	N	N	-	-	-	-	D	D	L	L	L	-	-	D	L	L	L	N	-	-
-	E	D	D	N	-	-	-	-	D	D	D	D	D	-	-	E	D	D	-	-	E	D	N	-	-	E	D
E	N	N	-	-	E	E	N	-	-	D	N	-	-	-	D	D	D	D	D	-	-	E	D	D	D	-	-
-	-	D	L	-	-	D	L	L	N	N	-	-	D	L	L	L	N	-	-	-	D	D	L	L	N	-	-
-	-	D	D	D	D	L	-	-	E	E	L	-	-	E	E	E	L	-	-	E	L	L	N	N	-	-	-
E	D	L	L	L	-	-	E	E	E	D	-	-	-	-	-	E	E	E	-	-	E	D	D	-	-	D	D
E	E	E	D	D	-	-	-	-	-	E	E	E	-	-	D	D	D	D	-	-	E	E	D	D	-	-	E
E	D	-	-	-	E	E	L	L	L	N	-	-	-	D	L	N	-	-	-	-	-	E	E	L	L	N	N
D	D	D	D	-	-	-	-	D	D	-	-	-	-	D	D	D	D	D	-	-	-	D	D	D	D	D	D
D	D	L	L	-	-	-	-	L	L	L	L	-	-	-	D	D	L	L	L	L	-	-	-	-	D	L	L
D	D	D	L	L	-	-	-	D	D	L	L	L	L	-	-	-	D	D	L	L	L	L	-	-	-	-	-
E	E	E	N	-	-	-	E	D	D	D	N	-	-	-	E	E	D	D	D	N	-	-	-	-	-	D	N
E	L	N	N	-	-	-	L	L	N	-	-	-	E	E	D	L	N	-	-	-	-	D	L	L	L	L	L
-	-	-	E	D	D	D	D	N	-	-	-	-	-	E	E	E	D	D	-	-	-	E	E	E	D	N	N
-	-	-	-	-	N	-	-	-	-	-	-	D	D	N	-	-	-	D	D	D	-	-	D	D	D	-	-
-	-	-	L	L	-	-	-	-	-	-	-	D	L	L	L	-	-	L	-	-	D	L	L	-	-	-	-
D	D	-	-	E	-	-	D	L	L	L	-	-	D	L	-	-	-	-	-	-	N	-	-	-	-	-	-
-	-	-	-	-	-	N	-	-	N	-	-	D	D	L	L	-	-	D	D	D	L	-	-	-	-	-	-
-	-	-	-	E	-	-	N	-	-	D	L	-	-	-	L	N	-	-	E	-	-	-	D	D	-	-	E
-	-	N	-	D	D	-	D	-	-	D	-	-	-	-	-	-	-	-	-	-	-	D	D	-	-	-	-
-	N	-	L	-	-	D	D	-	L	-	-	-	-	-	-	-	-	-	-	-	-	-	-	-	D	L	-
Objective 0: 10680
Objective 1: 153
Constr violation: 0
Restrictions violated:
0 0 0 0 0 0 0 0 

Individual 4
1	2	3	4	5	6	7	8	9	10	11	12	13	14	15	16	17	18	19	20	21	22	23	24	25	26	27	28
-	-	-	D	N	N	N	N	-	-	D	D	D	D	-	-	D	D	D	-	-	D	D	D	D	D	-	-
E	E	E	-	-	D	N	N	-	-	E	E	E	E	E	-	-	N	N	-	-	-	E	E	E	E	-	-
D	D	N	N	N	-	-	D	D	D	D	D	-	-	D	N	-	-	D	D	D	D	-	-	-	-	-	D
L	L	L	L	-	-	-	L	L	L	L	-	-	D	D	L	L	-	-	D	L	-	-	D	L	L	-	-
E	D	-	-	E	D	D	D	-	-	D	N	-	-	-	E	E	E	N	-	-	E	E	N	N	-	-	D
E	E	D	D	N	-	-	-	E	E	E	E	E	-	-	-	D	D	N	N	-	-	-	E	E	D	-	-
D	D	D	D	N	-	-	D	D	D	-	-	-	-	-	D	D	-	-	D	D	N	N	N	-	-	D	D
-	-	E	E	D	D	-	-	E	E	E	-	-	-	E	E	E	D	D	-	-	E	E	E	E	E	-	-
E	E	E	E	E	-	-	E	E	D	D	D	-	-	-	E	D	-	-	-	-	N	N	-	-	E	N	N
D	D	-	-	-	L	L	N	N	N	-	-	-	-	D	D	L	L	L	-	-	D	L	L	L	N	-	-
-	E	D	D	N	-	-	-	-	D	D	D	D	D	-	-	E	D	D	-	-	E	D	N	-	-	E	D
E	N	N	-	-	E	E	N	-	-	D	N	-	-	-	D	D	D	D	D	-	-	E	D	D	D	-	-
-	-	D	L	-	-	D	L	L	N	N	-	-	D	L	L	L	N	-	-	-	D	D	L	L	N	-	-
-	-	D	D	D	D	L	-	-	E	E	L	-	-	E	E	E	L	-	-	E	L	L	N	N	-	-	-
E	D	L	L	L	-	-	E	E	E	D	-	-	-	-	-	E	E	E	-	-	E	D	D	-	-	D	D
E	E	E	D	D	-	-	-	-	-	E	E	E	-	-	D	D	D	D	-	-	E	E	D	D	-	-	E
E	D	-	-	-	E	E	L	L	L	N	-	-	-	D	L	N	-	-	-	-	-	E	E	L	L	N	N
D	D	D	D	-	-	-	-	D	D	-	-	-	-	D	D	D	D	D	-	-	-	D	D	D	D	D	D
D	D	L	L	-	-	-	-	L	L	L	L	-	-	-	D	D	L	L	L	L	-	-	-	-	D	L	L
D	D	D	L	L	-	-	-	D	D	L	L	L	L	-	-	-	D	D	L	L	L	L	-	-	-	-	-
E	E	E	N	-	-	-	E	D	D	D	N	-	-	-	E	E	D	D	D	N	-	-	-	-	-	D	N
E	L	N	N	-	-	-	L	L	N	-	-	-	E	E	D	L	N	-	-	-	-	D	L	L	L	L	L
-	-	-	E	D	D	D	D	N	-	-	-	-	-	E	E	E	D	D	-	-	-	E	E	E	D	N	N
-	-	-	-	-	N	-	-	-	-	-	-	D	D	N	-	-	-	D	D	D	-	-	D	D	D	-	-
-	-	-	L	L	-	-	-	-	-	-	-	D	L	L	L	-	-	L	-	-	D	L	L	-	-	-	-
-	-	-	L	-	-	E	D	-	-	-	D	-	-	-	-	N	-	-	E	E	L	-	-	-	-	E	N
-	-	-	-	-	-	N	-	-	N	-	-	D	D	L	L	-	-	D	D	D	L	-	-	-	-	-	-
-	-	-	-	E	-	-	N	-	-	D	L	-	-	-	L	N	-	-	E	-	-	-	D	D	-	-	E
-	-	N	-	D	D	-	D	-	-	D	-	-	-	-	-	-	-	-	-	-	-	D	D	-	-	-	-
-	N	-	L	-	-	D	D	-	L	-	-	-	-	-	-	-	-	-	-	-	-	-	-	-	D	L	-
Objective 0: 11185
Objective 1: 149
Constr violation: 0
Restrictions violated:
0 0 0 0 0 0 0 0 

Individual 5
1	2	3	4	5	6	7	8	9	10	11	12	13	14	15	16	17	18	19	20	21	22	23	24	25	26	27	28
-	-	-	D	N	N	N	N	-	-	D	D	D	D	-	-	D	D	D	-	-	D	D	D	D	D	-	-
E	E	E	-	-	D	N	N	-	-	E	E	E	E	E	-	-	N	N	-	-	-	E	E	E	E	-	-
D	D	N	N	N	-	-	D	D	D	D	D	-	-	D	N	-	-	D	D	D	D	-	-	-	-	-	D
L	L	L	L	-	-	-	L	L	L	L	-	-	D	D	L	L	-	-	D	L	-	-	D	L	L	-	-
-	-	-	E	E	E	E	-	-	E	E	E	E	N	-	-	E	E	D	-	-	E	E	E	N	N	-	-
E	E	D	D	N	-	-	-	E	E	E	E	E	-	-	-	D	D	N	N	-	-	-	E	E	D	-	-
D	D	D	D	N	-	-	D	D	D	-	-	-	-	-	D	D	-	-	D	D	N	N	N	-	-	D	D
-	-	E	E	D	D	-	-	E	E	E	-	-	-	E	E	E	D	D	-	-	E	E	E	E	E	-	-
E	E	E	E	E	-	-	-	E	E	D	D	D	-	-	N	N	N	N	-	-	E	D	D	D	-	-	-
D	D	-	-	-	L	L	N	N	N	-	-	-	-	D	D	L	L	L	-	-	D	L	L	L	N	-	-
-	E	D	D	N	-	-	-	-	D	D	D	D	D	-	-	E	D	D	-	-	E	D	N	-	-	E	D
E	N	N	-	-	E	E	N	-	-	D	N	-	-	-	D	D	D	D	D	-	-	E	D	D	D	-	-
-	-	D	L	-	-	D	L	L	N	N	-	-	D	L	L	L	N	-	-	-	D	D	L	L	N	-	-
-	-	D	D	D	D	L	-	-	E	E	L	-	-	E	E	E	L	-	-	E	L	L	N	N	-	-	-
E	D	L	L	L	-	-	E	E	E	D	-	-	-	-	-	E	E	E	-	-	E	D	D	-	-	D	D
E	E	E	D	D	-	-	-	-	-	E	E	E	-	-	D	D	D	D	-	-	E	E	D	D	-	-	E
E	D	-	-	-	E	E	L	L	L	N	-	-	-	D	L	N	-	-	-	-	-	E	E	L	L	N	N
D	D	D	D	-	-	-	-	D	D	-	-	-	-	D	D	D	D	D	-	-	-	D	D	D	D	D	D
D	D	L	L	-	-	-	-	L	L	L	L	-	-	-	D	D	L	L	L	L	-	-	-	-	D	L	L
D	D	D	L	L	-	-	-	D	D	L	L	L	L	-	-	-	D	D	L	L	L	L	-	-	-	-	-
E	E	E	N	-	-	-	E	D	D	D	N	-	-	-	E	E	D	D	D	N	-	-	-	-	-	D	N
E	L	N	N	-	-	-	L	L	N	-	-	-	E	E	D	L	N	-	-	-	-	D	L	L	L	L	L
-	-	-	E	D	D	D	D	N	-	-	-	-	-	E	E	E	D	D	-	-	-	E	E	E	D	N	N
-	-	-	-	-	N	-	-	-	-	-	-	D	D	N	-	-	-	D	D	D	-	-	D	D	D	-	-
-	-	-	L	L	-	-	-	-	-	-	-	D	L	L	L	-	-	L	-	-	D	L	L	-	-	-	-
D	D	-	-	E	-	-	D	L	L	L	-	-	D	L	-	-	-	-	-	-	N	-	-	-	-	-	-
-	-	-	-	-	-	N	-	-	N	-	-	D	D	L	L	-	-	D	D	D	L	-	-	-	-	-	-
-	-	-	-	E	-	-	N	-	-	D	L	-	-	-	L	N	-	-	E	-	-	-	D	D	-	-	E
-	-	N	-	D	D	-	D	-	-	D	-	-	-	-	-	-	-	-	-	-	-	D	D	-	-	-	-
-	N	-	L	-	-	D	D	-	L	-	-	-	-	-	-	-	-	-	-	-	-	-	-	-	D	L	-
Objective 0: 10984
Objective 1: 151
Constr violation: 0
Restrictions violated:
0 0 0 0 0 0 0 0 

Individual 6
1	2	3	4	5	6	7	8	9	10	11	12	13	14	15	16	17	18	19	20	21	22	23	24	25	26	27	28
-	-	-	D	N	N	N	N	-	-	D	D	D	D	-	-	D	D	D	-	-	D	D	D	D	D	-	-
E	E	E	-	-	D	N	N	-	-	E	E	E	E	E	-	-	N	N	-	-	-	E	E	E	E	-	-
D	D	N	N	N	-	-	D	D	D	D	D	-	-	D	N	-	-	D	D	D	D	-	-	-	-	-	D
L	L	L	L	-	-	-	L	L	L	L	-	-	D	D	L	L	-	-	D	L	-	-	D	L	L	-	-
-	-	-	E	E	E	E	-	-	E	E	E	E	N	-	-	E	E	D	-	-	E	E	E	N	N	-	-
E	E	D	D	N	-	-	-	E	E	E	E	E	-	-	-	D	D	N	N	-	-	-	E	E	D	-	-
D	D	D	D	N	-	-	D	D	D	-	-	-	-	-	D	D	-	-	D	D	N	N	N	-	-	D	D
-	-	E	E	D	D	-	-	E	E	E	-	-	-	E	E	E	D	D	-	-	E	E	E	E	E	-	-
E	E	E	E	E	-	-	E	E	D	D	D	-	-	-	E	D	-	-	-	-	N	N	-	-	E	N	N
D	D	-	-	-	L	L	N	N	N	-	-	-	-	D	D	L	L	L	-	-	D	L	L	L	N	-	-
E	E	D	D	N	-	-	-	D	D	D	D	D	-	-	-	D	D	N	-	-	E	E	N	N	-	-	-
E	N	N	-	-	E	E	N	-	-	D	N	-	-	-	D	D	D	D	D	-	-	E	D	D	D	-	-
-	-	D	L	-	-	D	L	L	N	N	-	-	D	L	L	L	N	-	-	-	D	D	L	L	N	-	-
-	-	D	D	D	D	L	-	-	E	E	L	-	-	E	E	E	L	-	-	E	L	L	N	N	-	-	-
E	D	L	L	L	-	-	E	E	E	D	-	-	-	-	-	E	E	E	-	-	E	D	D	-	-	D	D
E	E	E	D	D	-	-	-	-	-	E	E	E	-	-	D	D	D	D	-	-	E	E	D	D	-	-	E
E	D	-	-	-	E	E	L	L	L	N	-	-	-	D	L	N	-	-	-	-	-	E	E	L	L	N	N
D	D	D	D	-	-	-	-	D	D	-	-	-	-	D	D	D	D	D	-	-	-	D	D	D	D	D	D
D	D	L	L	-	-	-	-	L	L	L	L	-	-	-	D	D	L	L	L	L	-	-	-	-	D	L	L
D	D	D	L	L	-	-	-	D	D	L	L	L	L	-	-	-	D	D	L	L	L	L	-	-	-	-	-
E	E	E	N	-	-	-	E	D	D	D	N	-	-	-	E	E	D	D	D	N	-	-	-	-	-	D	N
E	L	N	N	-	-	-	L	L	N	-	-	-	E	E	D	L	N	-	-	-	-	D	L	L	L	L	L
-	-	-	E	D	D	D	D	N	-	-	-	-	-	E	E	E	D	D	-	-	-	E	E	E	D	N	N
-	-	-	-	-	N	-	-	-	-	-	-	D	D	N	-	-	-	D	D	D	-	-	D	D	D	-	-
-	-	-	L	L	-	-	-	-	-	-	-	D	L	L	L	-	-	L	-	-	D	L	L	-	-	-	-
-	-	-	L	-	-	E	D	-	-	-	D	-	-	-	-	N	-	-	E	E	L	-	-	-	-	E	N
-	-	-	-	-	-	N	-	-	N	-	-	D	D	L	L	-	-	D	D	D	L	-	-	-	-	-	-
-	-	-	-	E	-	-	N	-	-	D	L	-	-	-	L	N	-	-	E	-	-	-	D	D	-	-	E
-	-	N	-	D	D	-	D	-	-	D	-	-	-	-	-	-	-	-	-	-	-	D	D	-	-	-	-
-	N	-	L	-	-	D	D	-	L	-	-	-	-	-	-	-	-	-	-	-	-	-	-	-	D	L	-
Objective 0: 10377
Objective 1: 158
Constr violation: 0
Restrictions violated:
0 0 0 0 0 0 0 0 

Individual 7
1	2	3	4	5	6	7	8	9	10	11	12	13	14	15	16	17	18	19	20	21	22	23	24	25	26	27	28
-	-	-	D	N	N	N	N	-	-	D	D	D	D	-	-	D	D	D	-	-	D	D	D	D	D	-	-
E	E	E	-	-	D	N	N	-	-	E	E	E	E	E	-	-	N	N	-	-	-	E	E	E	E	-	-
D	D	N	N	N	-	-	D	D	D	D	D	-	-	D	N	-	-	D	D	D	D	-	-	-	-	-	D
L	L	L	L	-	-	-	L	L	L	L	-	-	D	D	L	L	-	-	D	L	-	-	D	L	L	-	-
-	-	-	E	E	E	E	-	-	E	E	E	E	N	-	-	E	E	D	-	-	E	E	E	N	N	-	-
E	E	D	D	N	-	-	-	E	E	E	E	E	-	-	-	D	D	N	N	-	-	-	E	E	D	-	-
D	D	D	D	N	-	-	D	D	D	-	-	-	-	-	D	D	-	-	D	D	N	N	N	-	-	D	D
E	E	E	E	D	-	-	E	D	D	-	-	-	-	-	-	-	E	E	E	E	-	-	E	E	E	E	E
E	E	E	E	E	-	-	E	E	D	D	D	-	-	-	E	D	-	-	-	-	N	N	-	-	E	N	N
D	D	-	-	-	L	L	N	N	N	-	-	-	-	D	D	L	L	L	-	-	D	L	L	L	N	-	-
-	E	D	D	N	-	-	-	-	D	D	D	D	D	-	-	E	D	D	-	-	E	D	N	-	-	E	D
E	N	N	-	-	E	E	N	-	-	D	N	-	-	-	D	D	D	D	D	-	-	E	D	D	D	-	-
-	-	D	L	-	-	D	L	L	N	N	-	-	D	L	L	L	N	-	-	-	D	D	L	L	N	-	-
-	-	D	D	D	D	L	-	-	E	E	L	-	-	E	E	E	L	-	-	E	L	L	N	N	-	-	-
E	D	L	L	L	-	-	E	E	E	D	-	-	-	-	-	E	E	E	-	-	E	D	D	-	-	D	D
E	E	E	D	D	-	-	-	-	-	E	E	E	-	-	D	D	D	D	-	-	E	E	D	D	-	-	E
E	D	-	-	-	E	E	L	L	L	N	-	-	-	D	L	N	-	-	-	-	-	E	E	L	L	N	N
D	D	D	D	-	-	-	-	D	D	-	-	-	-	D	D	D	D	D	-	-	-	D	D	D	D	D	D
D	D	L	L	-	-	-	-	L	L	L	L	-	-	-	D	D	L	L	L	L	-	-	-	-	D	L	L
D	D	D	L	L	-	-	-	D	D	L	L	L	L	-	-	-	D	D	L	L	L	L	-	-	-	-	-
E	E	E	N	-	-	-	E	D	D	D	N	-	-	-	E	E	D	D	D	N	-	-	-	-	-	D	N
E	L	N	N	-	-	-	L	L	N	-	-	-	E	E	D	L	N	-	-	-	-	D	L	L	L	L	L
-	-	-	E	D	D	D	D	N	-	-	-	-	-	E	E	E	D	D	-	-	-	E	E	E	D	N	N
-	-	-	-	-	N	-	-	-	-	-	-	D	D	N	-	-	-	D	D	D	-	-	D	D	D	-	-
-	-	-	L	L	-	-	-	-	-	-	-	D	L	L	L	-	-	L	-	-	D	L	L	-	-	-	-
-	-	-	L	-	-	E	D	-	-	-	D	-	-	-	-	N	-	-	E	E	L	-	-	-	-	E	N
-	-	-	-	-	-	N	-	-	N	-	-	D	D	L	L	-	-	D	D	D	L	-	-	-	-	-	-
-	-	-	-	E	-	-	N	-	-	D	L	-	-	-	L	N	-	-	E	-	-	-	D	D	-	-	E
-	-	N	-	D	D	-	D	-	-	D	-	-	-	-	-	-	-	-	-	-	-	D	D	-	-	-	-
-	N	-	L	-	-	D	D	-	L	-	-	-	-	-	-	-	-	-	-	-	-	-	-	-	D	L	-
Objective 0: 10276
Objective 1: 161
Constr violation: 0
Restrictions violated:
0 0 0 0 0 0 0 0 

Individual 8
1	2	3	4	5	6	7	8	9	10	11	12	13	14	15	16	17	18	19	20	21	22	23	24	25	26	27	28
-	-	-	D	N	N	N	N	-	-	D	D	D	D	-	-	D	D	D	-	-	D	D	D	D	D	-	-
E	E	E	-	-	D	N	N	-	-	E	E	E	E	E	-	-	N	N	-	-	-	E	E	E	E	-	-
D	D	N	N	N	-	-	D	D	D	D	D	-	-	D	N	-	-	D	D	D	D	-	-	-	-	-	D
L	L	L	L	-	-	-	L	L	L	L	-	-	D	D	L	L	-	-	D	L	-	-	D	L	L	-	-
-	-	-	E	E	E	E	-	-	E	E	E	E	N	-	-	E	E	D	-	-	E	E	E	N	N	-	-
E	E	D	D	N	-	-	-	E	E	E	E	E	-	-	-	D	D	N	N	-	-	-	E	E	D	-	-
D	D	D	D	N	-	-	D	D	D	-	-	-	-	-	D	D	-	-	D	D	N	N	N	-	-	D	D
E	E	E	E	D	-	-	E	D	D	-	-	-	-	-	-	-	E	E	E	E	-	-	E	E	E	E	E
E	E	E	E	E	-	-	E	E	D	D	D	-	-	-	E	D	-	-	-	-	N	N	-	-	E	N	N
D	D	-	-	-	L	L	N	N	N	-	-	-	-	D	D	L	L	L	-	-	D	L	L	L	N	-	-
-	E	D	D	N	-	-	-	-	D	D	D	D	D	-	-	E	D	D	-	-	E	D	N	-	-	E	D
E	N	N	-	-	E	E	N	-	-	D	N	-	-	-	D	D	D	D	D	-	-	E	D	D	D	-	-
-	-	D	L	-	-	D	L	L	N	N	-	-	D	L	L	L	N	-	-	-	D	D	L	L	N	-	-
-	-	D	D	D	D	L	-	-	E	E	L	-	-	E	E	E	L	-	-	E	L	L	N	N	-	-	-
E	D	L	L	L	-	-	E	E	E	D	-	-	-	-	-	E	E	E	-	-	E	D	D	-	-	D	D
E	E	E	D	D	-	-	-	-	-	E	E	E	-	-	D	D	D	D	-	-	E	E	D	D	-	-	E
E	D	-	-	-	E	E	L	L	L	N	-	-	-	D	L	N	-	-	-	-	-	E	E	L	L	N	N
D	D	D	D	-	-	-	-	D	D	-	-	-	-	D	D	D	D	D	-	-	-	D	D	D	D	D	D
D	D	L	L	-	-	-	-	L	L	L	L	-	-	-	D	D	L	L	L	L	-	-	-	-	D	L	L
D	D	D	L	L	-	-	-	D	D	L	L	L	L	-	-	-	D	D	L	L	L	L	-	-	-	-	-
E	E	E	N	-	-	-	E	D	D	D	N	-	-	-	E	E	D	D	D	N	-	-	-	-	-	D	N
E	L	N	N	-	-	-	L	L	N	-	-	-	E	E	D	L	N	-	-	-	-	D	L	L	L	L	L
-	-	-	E	D	D	D	D	N	-	-	-	-	-	E	E	E	D	D	-	-	-	E	E	E	D	N	N
-	-	-	-	-	N	-	-	-	-	-	-	D	D	N	-	-	-	D	D	D	-	-	D	D	D	-	-
-	-	-	L	L	-	-	-	-	-	-	-	D	L	L	L	-	-	L	-	-	D	L	L	-	-	-	-
-	-	-	L	-	-	E	D	-	-	-	D	-	-	-	-	N	-	-	E	E	L	-	-	-	-	E	N
-	-	-	-	-	-	N	-	-	N	-	-	D	D	L	L	-	-	D	D	D	L	-	-	-	-	-	-
-	-	-	-	E	-	-	N	-	-	D	L	-	-	-	L	N	-	-	E	-	-	-	D	D	-	-	E
-	-	N	-	D	D	-	D	-	-	D	-	-	-	-	-	-	-	-	-	-	-	D	D	-	-	-	-
-	N	-	L	-	-	D	D	-	L	-	-	-	-	-	-	-	-	-	-	-	-	-	-	-	D	L	-
Objective 0: 10276
Objective 1: 161
Constr violation: 0
Restrictions violated:
0 0 0 0 0 0 0 0 

Individual 9
1	2	3	4	5	6	7	8	9	10	11	12	13	14	15	16	17	18	19	20	21	22	23	24	25	26	27	28
-	-	-	D	N	N	N	N	-	-	D	D	D	D	-	-	D	D	D	-	-	D	D	D	D	D	-	-
E	E	E	-	-	D	N	N	-	-	E	E	E	E	E	-	-	N	N	-	-	-	E	E	E	E	-	-
D	D	N	N	N	-	-	D	D	D	D	D	-	-	D	N	-	-	D	D	D	D	-	-	-	-	-	D
L	L	L	L	-	-	-	L	L	L	L	-	-	D	D	L	L	-	-	D	L	-	-	D	L	L	-	-
-	-	-	E	E	E	E	-	-	E	E	E	E	N	-	-	E	E	D	-	-	E	E	E	N	N	-	-
E	E	D	D	N	-	-	-	E	E	E	E	E	-	-	-	D	D	N	N	-	-	-	E	E	D	-	-
D	D	D	D	N	-	-	D	D	D	-	-	-	-	-	D	D	-	-	D	D	N	N	N	-	-	D	D
-	-	E	E	D	D	-	-	E	E	E	-	-	-	E	E	E	D	D	-	-	E	E	E	E	E	-	-
E	E	E	E	E	-	-	-	E	E	D	D	D	-	-	N	N	N	N	-	-	E	D	D	D	-	-	-
D	D	-	-	-	L	L	N	N	N	-	-	-	-	D	D	L	L	L	-	-	D	L	L	L	N	-	-
-	E	D	D	N	-	-	-	-	D	D	D	D	D	-	-	E	D	D	-	-	E	D	N	-	-	E	D
E	N	N	-	-	E	E	N	-	-	D	N	-	-	-	D	D	D	D	D	-	-	E	D	D	D	-	-
-	-	D	L	-	-	D	L	L	N	N	-	-	D	L	L	L	N	-	-	-	D	D	L	L	N	-	-
-	-	D	D	D	D	L	-	-	E	E	L	-	-	E	E	E	L	-	-	E	L	L	N	N	-	-	-
E	D	L	L	L	-	-	E	E	E	D	-	-	-	-	-	E	E	E	-	-	E	D	D	-	-	D	D
E	E	E	D	D	-	-	-	-	-	E	E	E	-	-	D	D	D	D	-	-	E	E	D	D	-	-	E
E	D	-	-	-	E	E	L	L	L	N	-	-	-	D	L	N	-	-	-	-	-	E	E	L	L	N	N
D	D	D	D	-	-	-	-	D	D	-	-	-	-	D	D	D	D	D	-	-	-	D	D	D	D	D	D
D	D	L	L	-	-	-	-	L	L	L	L	-	-	-	D	D	L	L	L	L	-	-	-	-	D	L	L
D	D	D	L	L	-	-	-	D	D	L	L	L	L	-	-	-	D	D	L	L	L	L	-	-	-	-	-
E	E	E	N	-	-	-	E	D	D	D	N	-	-	-	E	E	D	D	D	N	-	-	-	-	-	D	N
E	L	N	N	-	-	-	L	L	N	-	-	-	E	E	D	L	N	-	-	-	-	D	L	L	L	L	L
-	-	-	E	D	D	D	D	N	-	-	-	-	-	E	E	E	D	D	-	-	-	E	E	E	D	N	N
-	-	-	-	-	N	-	-	-	-	-	-	D	D	N	-	-	-	D	D	D	-	-	D	D	D	-	-
D	L	L	-	-	-	-	-	-	D	D	L	L	L	-	-	D	L	-	-	-	-	-	-	-	-	-	-
-	-	-	L	-	-	E	D	-	-	-	D	-	-	-	-	N	-	-	E	E	L	-	-	-	-	E	N
-	-	-	-	-	-	N	-	-	N	-	-	D	D	L	L	-	-	D	D	D	L	-	-	-	-	-	-
-	-	-	-	E	-	-	N	-	-	D	L	-	-	-	L	N	-	-	E	-	-	-	D	D	-	-	E
-	-	N	-	D	D	-	D	-	-	D	-	-	-	-	-	-	-	-	-	-	-	D	D	-	-	-	-
-	N	-	L	-	-	D	D	-	L	-	-	-	-	-	-	-	-	-	-	-	-	-	-	-	D	L	-
Objective 0: 10883
Objective 1: 152
Constr violation: 0
Restrictions violated:
0 0 0 0 0 0 0 0 

Individual 10
1	2	3	4	5	6	7	8	9	10	11	12	13	14	15	16	17	18	19	20	21	22	23	24	25	26	27	28
-	-	-	D	N	N	N	N	-	-	D	D	D	D	-	-	D	D	D	-	-	D	D	D	D	D	-	-
E	E	E	-	-	D	N	N	-	-	E	E	E	E	E	-	-	N	N	-	-	-	E	E	E	E	-	-
D	D	N	N	N	-	-	D	D	D	D	D	-	-	D	N	-	-	D	D	D	D	-	-	-	-	-	D
L	L	L	L	-	-	-	L	L	L	L	-	-	D	D	L	L	-	-	D	L	-	-	D	L	L	-	-
E	D	-	-	E	D	D	D	-	-	D	N	-	-	-	E	E	E	N	-	-	E	E	N	N	-	-	D
E	E	D	D	N	-	-	-	E	E	E	E	E	-	-	-	D	D	N	N	-	-	-	E	E	D	-	-
D	D	D	D	N	-	-	D	D	D	-	-	-	-	-	D	D	-	-	D	D	N	N	N	-	-	D	D
-	-	E	E	D	D	-	-	E	E	E	-	-	-	E	E	E	D	D	-	-	E	E	E	E	E	-	-
E	E	E	E	E	-	-	E	E	D	D	D	-	-	-	E	D	-	-	-	-	N	N	-	-	E	N	N
D	D	-	-	-	L	L	N	N	N	-	-	-	-	D	D	L	L	L	-	-	D	L	L	L	N	-	-
-	E	D	D	N	-	-	-	-	D	D	D	D	D	-	-	E	D	D	-	-	E	D	N	-	-	E	D
E	N	N	-	-	E	E	N	-	-	D	N	-	-	-	D	D	D	D	D	-	-	E	D	D	D	-	-
-	-	D	L	-	-	D	L	L	N	N	-	-	D	L	L	L	N	-	-	-	D	D	L	L	N	-	-
-	-	D	D	D	D	L	-	-	E	E	L	-	-	E	E	E	L	-	-	E	L	L	N	N	-	-	-
E	D	L	L	L	-	-	E	E	E	D	-	-	-	-	-	E	E	E	-	-	E	D	D	-	-	D	D
E	E	E	D	D	-	-	-	-	-	E	E	E	-	-	D	D	D	D	-	-	E	E	D	D	-	-	E
E	D	-	-	-	E	E	L	L	L	N	-	-	-	D	L	N	-	-	-	-	-	E	E	L	L	N	N
D	D	D	D	-	-	-	-	D	D	-	-	-	-	D	D	D	D	D	-	-	-	D	D	D	D	D	D
D	D	L	L	-	-	-	-	L	L	L	L	-	-	-	D	D	L	L	L	L	-	-	-	-	D	L	L
D	D	D	L	L	-	-	-	D	D	L	L	L	L	-	-	-	D	D	L	L	L	L	-	-	-	-	-
E	E	E	N	-	-	-	E	D	D	D	N	-	-	-	E	E	D	D	D	N	-	-	-	-	-	D	N
E	L	N	N	-	-	-	L	L	N	-	-	-	E	E	D	L	N	-	-	-	-	D	L	L	L	L	L
-	-	-	E	D	D	D	D	N	-	-	-	-	-	E	E	E	D	D	-	-	-	E	E	E	D	N	N
-	-	-	-	-	N	-	-	-	-	-	-	D	D	N	-	-	-	D	D	D	-	-	D	D	D	-	-
-	-	-	L	L	-	-	-	-	-	-	-	D	L	L	L	-	-	L	-	-	D	L	L	-	-	-	-
D	D	-	-	E	-	-	D	L	L	L	-	-	D	L	-	-	-	-	-	-	N	-	-	-	-	-	-
-	-	-	-	-	-	N	-	-	N	-	-	D	D	L	L	-	-	D	D	D	L	-	-	-	-	-	-
-	-	-	-	E	-	-	N	-	-	D	L	-	-	-	L	N	-	-	E	-	-	-	D	D	-	-	E
-	-	N	-	D	D	-	D	-	-	D	-	-	-	-	-	-	-	-	-	-	-	D	D	-	-	-	-
-	N	-	L	-	-	D	D	-	L	-	-	-	-	-	-	-	-	-	-	-	-	-	-	-	D	L	-
Objective 0: 11387
Objective 1: 147
Constr violation: 0
Restrictions violated:
0 0 0 0 0 0 0 0 

Individual 11
1	2	3	4	5	6	7	8	9	10	11	12	13	14	15	16	17	18	19	20	21	22	23	24	25	26	27	28
-	-	-	D	N	N	N	N	-	-	D	D	D	D	-	-	D	D	D	-	-	D	D	D	D	D	-	-
E	E	E	-	-	D	N	N	-	-	E	E	E	E	E	-	-	N	N	-	-	-	E	E	E	E	-	-
D	D	N	N	N	-	-	D	D	D	D	D	-	-	D	N	-	-	D	D	D	D	-	-	-	-	-	D
L	L	L	L	-	-	-	L	L	L	L	-	-	D	D	L	L	-	-	D	L	-	-	D	L	L	-	-
-	-	-	E	E	E	E	-	-	E	E	E	E	N	-	-	E	E	D	-	-	E	E	E	N	N	-	-
E	E	D	D	N	-	-	-	E	E	E	E	E	-	-	-	D	D	N	N	-	-	-	E	E	D	-	-
D	D	D	D	N	-	-	D	D	D	-	-	-	-	-	D	D	-	-	D	D	N	N	N	-	-	D	D
-	-	E	E	D	D	-	-	E	E	E	-	-	-	E	E	E	D	D	-	-	E	E	E	E	E	-	-
E	E	E	E	E	-	-	E	E	D	D	D	-	-	-	E	D	-	-	-	-	N	N	-	-	E	N	N
D	D	-	-	-	L	L	N	N	N	-	-	-	-	D	D	L	L	L	-	-	D	L	L	L	N	-	-
-	E	D	D	N	-	-	-	-	D	D	D	D	D	-	-	E	D	D	-	-	E	D	N	-	-	E	D
E	N	N	-	-	E	E	N	-	-	D	N	-	-	-	D	D	D	D	D	-	-	E	D	D	D	-	-
-	-	D	L	-	-	D	L	L	N	N	-	-	D	L	L	L	N	-	-	-	D	D	L	L	N	-	-
-	-	D	D	D	D	L	-	-	E	E	L	-	-	E	E	E	L	-	-	E	L	L	N	N	-	-	-
E	D	L	L	L	-	-	E	E	E	D	-	-	-	-	-	E	E	E	-	-	E	D	D	-	-	D	D
E	E	E	D	D	-	-	-	-	-	E	E	E	-	-	D	D	D	D	-	-	E	E	D	D	-	-	E
E	D	-	-	-	E	E	L	L	L	N	-	-	-	D	L	N	-	-	-	-	-	E	E	L	L	N	N
D	D	D	D	-	-	-	-	D	D	-	-	-	-	D	D	D	D	D	-	-	-	D	D	D	D	D	D
D	D	L	L	-	-	-	-	L	L	L	L	-	-	-	D	D	L	L	L	L	-	-	-	-	D	L	L
D	D	D	L	L	-	-	-	D	D	L	L	L	L	-	-	-	D	D	L	L	L	L	-	-	-	-	-
E	E	E	N	-	-	-	E	D	D	D	N	-	-	-	E	E	D	D	D	N	-	-	-	-	-	D	N
E	L	N	N	-	-	-	L	L	N	-	-	-	E	E	D	L	N	-	-	-	-	D	L	L	L	L	L
-	-	-	E	D	D	D	D	N	-	-	-	-	-	E	E	E	D	D	-	-	-	E	E	E	D	N	N
-	-	-	-	-	N	-	-	-	-	-	-	D	D	N	-	-	-	D	D	D	-	-	D	D	D	-	-
-	-	-	L	L	-	-	-	-	-	-	-	D	L	L	L	-	-	L	-	-	D	L	L	-	-	-	-
D	D	-	-	E	-	-	D	L	L	L	-	-	D	L	-	-	-	-	-	-	N	-	-	-	-	-	-
-	-	-	-	-	-	N	-	-	N	-	-	D	D	L	L	-	-	D	D	D	L	-	-	-	-	-	-
-	-	-	-	E	-	-	N	-	-	D	L	-	-	-	L	N	-	-	E	-	-	-	D	D	-	-	E
-	-	N	-	D	D	-	D	-	-	D	-	-	-	-	-	-	-	-	-	-	-	D	D	-	-	-	-
-	N	-	L	-	-	D	D	-	L	-	-	-	-	-	-	-	-	-	-	-	-	-	-	-	D	L	-
Objective 0: 10680
Objective 1: 153
Constr violation: 0
Restrictions violated:
0 0 0 0 0 0 0 0 

Individual 12
1	2	3	4	5	6	7	8	9	10	11	12	13	14	15	16	17	18	19	20	21	22	23	24	25	26	27	28
-	-	-	D	N	N	N	N	-	-	D	D	D	D	-	-	D	D	D	-	-	D	D	D	D	D	-	-
E	E	E	-	-	D	N	N	-	-	E	E	E	E	E	-	-	N	N	-	-	-	E	E	E	E	-	-
D	D	N	N	N	-	-	D	D	D	D	D	-	-	D	N	-	-	D	D	D	D	-	-	-	-	-	D
L	L	L	L	-	-	-	L	L	L	L	-	-	D	D	L	L	-	-	D	L	-	-	D	L	L	-	-
-	-	-	E	E	E	E	-	-	E	E	E	E	N	-	-	E	E	D	-	-	E	E	E	N	N	-	-
E	E	D	D	N	-	-	-	E	E	E	E	E	-	-	-	D	D	N	N	-	-	-	E	E	D	-	-
D	D	D	D	N	-	-	D	D	D	-	-	-	-	-	D	D	-	-	D	D	N	N	N	-	-	D	D
-	-	E	E	D	D	-	-	E	E	E	-	-	-	E	E	E	D	D	-	-	E	E	E	E	E	-	-
E	E	E	E	E	-	-	E	E	D	D	D	-	-	-	E	D	-	-	-	-	N	N	-	-	E	N	N
D	D	-	-	-	L	L	N	N	N	-	-	-	-	D	D	L	L	L	-	-	D	L	L	L	N	-	-
-	E	D	D	N	-	-	-	-	D	D	D	D	D	-	-	E	D	D	-	-	E	D	N	-	-	E	D
E	N	N	-	-	E	E	N	-	-	D	N	-	-	-	D	D	D	D	D	-	-	E	D	D	D	-	-
-	-	D	L	-	-	D	L	L	N	N	-	-	D	L	L	L	N	-	-	-	D	D	L	L	N	-	-
-	-	D	D	D	D	L	-	-	E	E	L	-	-	E	E	E	L	-	-	E	L	L	N	N	-	-	-
E	D	L	L	L	-	-	E	E	E	D	-	-	-	-	-	E	E	E	-	-	E	D	D	-	-	D	D
E	E	E	D	D	-	-	-	-	-	E	E	E	-	-	D	D	D	D	-	-	E	E	D	D	-	-	E
E	D	-	-	-	E	E	L	L	L	N	-	-	-	D	L	N	-	-	-	-	-	E	E	L	L	N	N
D	D	D	D	-	-	-	-	D	D	-	-	-	-	D	D	D	D	D	-	-	-	D	D	D	D	D	D
D	D	L	L	-	-	-	-	L	L	L	L	-	-	-	D	D	L	L	L	L	-	-	-	-	D	L	L
D	D	D	L	L	-	-	-	D	D	L	L	L	L	-	-	-	D	D	L	L	L	L	-	-	-	-	-
E	E	E	N	-	-	-	E	D	D	D	N	-	-	-	E	E	D	D	D	N	-	-	-	-	-	D	N
E	L	N	N	-	-	-	L	L	N	-	-	-	E	E	D	L	N	-	-	-	-	D	L	L	L	L	L
-	-	-	E	D	D	D	D	N	-	-	-	-	-	E	E	E	D	D	-	-	-	E	E	E	D	N	N
-	-	-	-	-	N	-	-	-	-	-	-	D	D	N	-	-	-	D	D	D	-	-	D	D	D	-	-
-	-	-	L	L	-	-	-	-	-	-	-	D	L	L	L	-	-	L	-	-	D	L	L	-	-	-	-
-	-	-	L	-	-	E	D	-	-	-	D	-	-	-	-	N	-	-	E	E	L	-	-	-	-	E	N
-	-	-	-	-	-	N	-	-	N	-	-	D	D	L	L	-	-	D	D	D	L	-	-	-	-	-	-
-	-	-	-	E	-	-	N	-	-	D	L	-	-	-	L	N	-	-	E	-	-	-	D	D	-	-	E
-	-	N	-	D	D	-	D	-	-	D	-	-	-	-	-	-	-	-	-	-	-	D	D	-	-	-	-
-	N	-	L	-	-	D	D	-	L	-	-	-	-	-	-	-	-	-	-	-	-	-	-	-	D	L	-
Objective 0: 10478
Objective 1: 155
Constr violation: 0
Restrictions violated:
0 0 0 0 0 0 0 0 

Individual 13
1	2	3	4	5	6	7	8	9	10	11	12	13	14	15	16	17	18	19	20	21	22	23	24	25	26	27	28
-	-	-	D	N	N	N	N	-	-	D	D	D	D	-	-	D	D	D	-	-	D	D	D	D	D	-	-
E	E	E	-	-	D	N	N	-	-	E	E	E	E	E	-	-	N	N	-	-	-	E	E	E	E	-	-
D	D	N	N	N	-	-	D	D	D	D	D	-	-	D	N	-	-	D	D	D	D	-	-	-	-	-	D
L	L	L	L	-	-	-	L	L	L	L	-	-	D	D	L	L	-	-	D	L	-	-	D	L	L	-	-
-	-	-	E	E	E	E	-	-	E	E	E	E	N	-	-	E	E	D	-	-	E	E	E	N	N	-	-
E	E	D	D	N	-	-	-	E	E	E	E	E	-	-	-	D	D	N	N	-	-	-	E	E	D	-	-
D	D	D	D	N	-	-	D	D	D	-	-	-	-	-	D	D	-	-	D	D	N	N	N	-	-	D	D
-	-	E	E	D	D	-	-	E	E	E	-	-	-	E	E	E	D	D	-	-	E	E	E	E	E	-	-
E	E	E	E	E	-	-	E	E	D	D	D	-	-	-	E	D	-	-	-	-	N	N	-	-	E	N	N
D	D	-	-	-	L	L	N	N	N	-	-	-	-	D	D	L	L	L	-	-	D	L	L	L	N	-	-
-	E	D	D	N	-	-	-	-	D	D	D	D	D	-	-	E	D	D	-	-	E	D	N	-	-	E	D
E	N	N	-	-	E	E	N	-	-	D	N	-	-	-	D	D	D	D	D	-	-	E	D	D	D	-	-
-	-	D	L	-	-	D	L	L	N	N	-	-	D	L	L	L	N	-	-	-	D	D	L	L	N	-	-
-	-	D	D	D	D	L	-	-	E	E	L	-	-	E	E	E	L	-	-	E	L	L	N	N	-	-	-
E	D	L	L	L	-	-	E	E	E	D	-	-	-	-	-	E	E	E	-	-	E	D	D	-	-	D	D
E	E	E	D	D	-	-	-	-	-	E	E	E	-	-	D	D	D	D	-	-	E	E	D	D	-	-	E
E	D	-	-	-	E	E	L	L	L	N	-	-	-	D	L	N	-	-	-	-	-	E	E	L	L	N	N
D	D	D	D	-	-	-	-	D	D	-	-	-	-	D	D	D	D	D	-	-	-	D	D	D	D	D	D
D	D	L	L	-	-	-	-	L	L	L	L	-	-	-	D	D	L	L	L	L	-	-	-	-	D	L	L
D	D	D	L	L	-	-	-	D	D	L	L	L	L	-	-	-	D	D	L	L	L	L	-	-	-	-	-
E	E	E	N	-	-	-	E	D	D	D	N	-	-	-	E	E	D	D	D	N	-	-	-	-	-	D	N
E	L	N	N	-	-	-	L	L	N	-	-	-	E	E	D	L	N	-	-	-	-	D	L	L	L	L	L
-	-	-	E	D	D	D	D	N	-	-	-	-	-	E	E	E	D	D	-	-	-	E	E	E	D	N	N
-	-	-	-	-	N	-	-	-	-	-	-	D	D	N	-	-	-	D	D	D	-	-	D	D	D	-	-
-	-	-	L	L	-	-	-	-	-	-	-	D	L	L	L	-	-	L	-	-	D	L	L	-	-	-	-
-	-	-	L	-	-	E	D	-	-	-	D	-	-	-	-	N	-	-	E	E	L	-	-	-	-	E	N
-	-	-	-	-	-	N	-	-	N	-	-	D	D	L	L	-	-	D	D	D	L	-	-	-	-	-	-
-	-	-	-	E	-	-	N	-	-	D	L	-	-	-	L	N	-	-	E	-	-	-	D	D	-	-	E
-	-	N	-	D	D	-	D	-	-	D	-	-	-	-	-	-	-	-	-	-	-	D	D	-	-	-	-
-	N	-	L	-	-	D	D	-	L	-	-	-	-	-	-	-	-	-	-	-	-	-	-	-	D	L	-
Objective 0: 10478
Objective 1: 155
Constr violation: 0
Restrictions violated:
0 0 0 0 0 0 0 0 

Individual 14
1	2	3	4	5	6	7	8	9	10	11	12	13	14	15	16	17	18	19	20	21	22	23	24	25	26	27	28
-	-	-	D	N	N	N	N	-	-	D	D	D	D	-	-	D	D	D	-	-	D	D	D	D	D	-	-
E	E	E	-	-	D	N	N	-	-	E	E	E	E	E	-	-	N	N	-	-	-	E	E	E	E	-	-
D	D	N	N	N	-	-	D	D	D	D	D	-	-	D	N	-	-	D	D	D	D	-	-	-	-	-	D
L	L	L	L	-	-	-	L	L	L	L	-	-	D	D	L	L	-	-	D	L	-	-	D	L	L	-	-
-	-	-	E	E	E	E	-	-	E	E	E	E	N	-	-	E	E	D	-	-	E	E	E	N	N	-	-
E	E	D	D	N	-	-	-	E	E	E	E	E	-	-	-	D	D	N	N	-	-	-	E	E	D	-	-
D	D	D	D	N	-	-	D	D	D	-	-	-	-	-	D	D	-	-	D	D	N	N	N	-	-	D	D
-	-	E	E	D	D	-	-	E	E	E	-	-	-	E	E	E	D	D	-	-	E	E	E	E	E	-	-
E	E	E	E	E	-	-	E	E	D	D	D	-	-	-	E	D	-	-	-	-	N	N	-	-	E	N	N
D	D	-	-	-	L	L	N	N	N	-	-	-	-	D	D	L	L	L	-	-	D	L	L	L	N	-	-
E	E	D	D	N	-	-	-	D	D	D	D	D	-	-	-	D	D	N	-	-	E	E	N	N	-	-	-
E	N	N	-	-	E	E	N	-	-	D	N	-	-	-	D	D	D	D	D	-	-	E	D	D	D	-	-
-	-	D	L	-	-	D	L	L	N	N	-	-	D	L	L	L	N	-	-	-	D	D	L	L	N	-	-
-	-	D	D	D	D	L	-	-	E	E	L	-	-	E	E	E	L	-	-	E	L	L	N	N	-	-	-
E	D	L	L	L	-	-	E	E	E	D	-	-	-	-	-	E	E	E	-	-	E	D	D	-	-	D	D
E	E	E	D	D	-	-	-	-	-	E	E	E	-	-	D	D	D	D	-	-	E	E	D	D	-	-	E
E	D	-	-	-	E	E	L	L	L	N	-	-	-	D	L	N	-	-	-	-	-	E	E	L	L	N	N
D	D	D	D	-	-	-	-	D	D	-	-	-	-	D	D	D	D	D	-	-	-	D	D	D	D	D	D
D	D	L	L	-	-	-	-	L	L	L	L	-	-	-	D	D	L	L	L	L	-	-	-	-	D	L	L
D	D	D	L	L	-	-	-	D	D	L	L	L	L	-	-	-	D	D	L	L	L	L	-	-	-	-	-
E	E	E	N	-	-	-	E	D	D	D	N	-	-	-	E	E	D	D	D	N	-	-	-	-	-	D	N
E	L	N	N	-	-	-	L	L	N	-	-	-	E	E	D	L	N	-	-	-	-	D	L	L	L	L	L
-	-	-	E	D	D	D	D	N	-	-	-	-	-	E	E	E	D	D	-	-	-	E	E	E	D	N	N
-	-	-	-	-	N	-	-	-	-	-	-	D	D	N	-	-	-	D	D	D	-	-	D	D	D	-	-
-	-	-	L	L	-	-	-	-	-	-	-	D	L	L	L	-	-	L	-	-	D	L	L	-	-	-	-
-	-	-	L	-	-	E	D	-	-	-	D	-	-	-	-	N	-	-	E	E	L	-	-	-	-	E	N
-	-	-	-	-	-	N	-	-	N	-	-	D	D	L	L	-	-	D	D	D	L	-	-	-	-	-	-
-	-	-	-	E	-	-	N	-	-	D	L	-	-	-	L	N	-	-	E	-	-	-	D	D	-	-	E
-	-	N	-	D	D	-	D	-	-	D	-	-	-	-	-	-	-	-	-	-	-	D	D	-	-	-	-
-	N	-	L	-	-	D	D	-	L	-	-	-	-	-	-	-	-	-	-	-	-	-	-	-	D	L	-
Objective 0: 10377
Objective 1: 158
Constr violation: 0
Restrictions violated:
0 0 0 0 0 0 0 0 

Individual 15
1	2	3	4	5	6	7	8	9	10	11	12	13	14	15	16	17	18	19	20	21	22	23	24	25	26	27	28
-	-	-	D	N	N	N	N	-	-	D	D	D	D	-	-	D	D	D	-	-	D	D	D	D	D	-	-
E	E	E	-	-	D	N	N	-	-	E	E	E	E	E	-	-	N	N	-	-	-	E	E	E	E	-	-
D	D	N	N	N	-	-	D	D	D	D	D	-	-	D	N	-	-	D	D	D	D	-	-	-	-	-	D
L	L	L	L	-	-	-	L	L	L	L	-	-	D	D	L	L	-	-	D	L	-	-	D	L	L	-	-
E	D	-	-	E	D	D	D	-	-	D	N	-	-	-	E	E	E	N	-	-	E	E	N	N	-	-	D
E	E	D	D	N	-	-	-	E	E	E	E	E	-	-	-	D	D	N	N	-	-	-	E	E	D	-	-
D	D	D	D	N	-	-	D	D	D	-	-	-	-	-	D	D	-	-	D	D	N	N	N	-	-	D	D
-	-	E	E	D	D	-	-	E	E	E	-	-	-	E	E	E	D	D	-	-	E	E	E	E	E	-	-
E	E	E	E	E	-	-	E	E	D	D	D	-	-	-	E	D	-	-	-	-	N	N	-	-	E	N	N
D	D	-	-	-	L	L	N	N	N	-	-	-	-	D	D	L	L	L	-	-	D	L	L	L	N	-	-
-	E	D	D	N	-	-	-	-	D	D	D	D	D	-	-	E	D	D	-	-	E	D	N	-	-	E	D
E	N	N	-	-	E	E	N	-	-	D	N	-	-	-	D	D	D	D	D	-	-	E	D	D	D	-	-
-	-	D	L	-	-	D	L	L	N	N	-	-	D	L	L	L	N	-	-	-	D	D	L	L	N	-	-
-	-	D	D	D	D	L	-	-	E	E	L	-	-	E	E	E	L	-	-	E	L	L	N	N	-	-	-
E	D	L	L	L	-	-	E	E	E	D	-	-	-	-	-	E	E	E	-	-	E	D	D	-	-	D	D
E	E	E	D	D	-	-	-	-	-	E	E	E	-	-	D	D	D	D	-	-	E	E	D	D	-	-	E
E	D	-	-	-	E	E	L	L	L	N	-	-	-	D	L	N	-	-	-	-	-	E	E	L	L	N	N
D	D	D	D	-	-	-	-	D	D	-	-	-	-	D	D	D	D	D	-	-	-	D	D	D	D	D	D
D	D	L	L	-	-	-	-	L	L	L	L	-	-	-	D	D	L	L	L	L	-	-	-	-	D	L	L
D	D	D	L	L	-	-	-	D	D	L	L	L	L	-	-	-	D	D	L	L	L	L	-	-	-	-	-
E	E	E	N	-	-	-	E	D	D	D	N	-	-	-	E	E	D	D	D	N	-	-	-	-	-	D	N
E	L	N	N	-	-	-	L	L	N	-	-	-	E	E	D	L	N	-	-	-	-	D	L	L	L	L	L
-	-	-	E	D	D	D	D	N	-	-	-	-	-	E	E	E	D	D	-	-	-	E	E	E	D	N	N
-	-	-	-	-	N	-	-	-	-	-	-	D	D	N	-	-	-	D	D	D	-	-	D	D	D	-	-
-	-	-	L	L	-	-	-	-	-	-	-	D	L	L	L	-	-	L	-	-	D	L	L	-	-	-	-
D	D	-	-	E	-	-	D	L	L	L	-	-	D	L	-	-	-	-	-	-	N	-	-	-	-	-	-
-	-	-	-	-	-	N	-	-	N	-	-	D	D	L	L	-	-	D	D	D	L	-	-	-	-	-	-
-	-	-	-	E	-	-	N	-	-	D	L	-	-	-	L	N	-	-	E	-	-	-	D	D	-	-	E
-	-	N	-	D	D	-	D	-	-	D	-	-	-	-	-	-	-	-	-	-	-	D	D	-	-	-	-
-	N	-	L	-	-	D	D	-	L	-	-	-	-	-	-	-	-	-	-	-	-	-	-	-	D	L	-
Objective 0: 11387
Objective 1: 147
Constr violation: 0
Restrictions violated:
0 0 0 0 0 0 0 0 

Individual 16
1	2	3	4	5	6	7	8	9	10	11	12	13	14	15	16	17	18	19	20	21	22	23	24	25	26	27	28
-	-	-	D	N	N	N	N	-	-	D	D	D	D	-	-	D	D	D	-	-	D	D	D	D	D	-	-
E	E	E	-	-	D	N	N	-	-	E	E	E	E	E	-	-	N	N	-	-	-	E	E	E	E	-	-
D	D	N	N	N	-	-	D	D	D	D	D	-	-	D	N	-	-	D	D	D	D	-	-	-	-	-	D
L	L	L	L	-	-	-	L	L	L	L	-	-	D	D	L	L	-	-	D	L	-	-	D	L	L	-	-
-	-	-	E	E	E	E	-	-	E	E	E	E	N	-	-	E	E	D	-	-	E	E	E	N	N	-	-
E	E	D	D	N	-	-	-	E	E	E	E	E	-	-	-	D	D	N	N	-	-	-	E	E	D	-	-
D	D	D	D	N	-	-	D	D	D	-	-	-	-	-	D	D	-	-	D	D	N	N	N	-	-	D	D
-	-	E	E	D	D	-	-	E	E	E	-	-	-	E	E	E	D	D	-	-	E	E	E	E	E	-	-
E	E	E	E	E	-	-	E	E	D	D	D	-	-	-	E	D	-	-	-	-	N	N	-	-	E	N	N
D	D	-	-	-	L	L	N	N	N	-	-	-	-	D	D	L	L	L	-	-	D	L	L	L	N	-	-
-	E	D	D	N	-	-	-	-	D	D	D	D	D	-	-	E	D	D	-	-	E	D	N	-	-	E	D
E	N	N	-	-	E	E	N	-	-	D	N	-	-	-	D	D	D	D	D	-	-	E	D	D	D	-	-
-	-	D	L	-	-	D	L	L	N	N	-	-	D	L	L	L	N	-	-	-	D	D	L	L	N	-	-
-	-	D	D	D	D	L	-	-	E	E	L	-	-	E	E	E	L	-	-	E	L	L	N	N	-	-	-
E	D	L	L	L	-	-	E	E	E	D	-	-	-	-	-	E	E	E	-	-	E	D	D	-	-	D	D
E	E	E	D	D	-	-	-	-	-	E	E	E	-	-	D	D	D	D	-	-	E	E	D	D	-	-	E
E	D	-	-	-	E	E	L	L	L	N	-	-	-	D	L	N	-	-	-	-	-	E	E	L	L	N	N
D	D	D	D	-	-	-	-	D	D	-	-	-	-	D	D	D	D	D	-	-	-	D	D	D	D	D	D
D	D	L	L	-	-	-	-	L	L	L	L	-	-	-	D	D	L	L	L	L	-	-	-	-	D	L	L
D	D	D	L	L	-	-	-	D	D	L	L	L	L	-	-	-	D	D	L	L	L	L	-	-	-	-	-
E	E	E	N	-	-	-	E	D	D	D	N	-	-	-	E	E	D	D	D	N	-	-	-	-	-	D	N
E	L	N	N	-	-	-	L	L	N	-	-	-	E	E	D	L	N	-	-	-	-	D	L	L	L	L	L
-	-	-	E	D	D	D	D	N	-	-	-	-	-	E	E	E	D	D	-	-	-	E	E	E	D	N	N
-	-	-	-	-	N	-	-	-	-	-	-	D	D	N	-	-	-	D	D	D	-	-	D	D	D	-	-
-	-	-	L	L	-	-	-	-	-	-	-	D	L	L	L	-	-	L	-	-	D	L	L	-	-	-	-
-	-	-	L	-	-	E	D	-	-	-	D	-	-	-	-	N	-	-	E	E	L	-	-	-	-	E	N
-	-	-	-	-	-	N	-	-	N	-	-	D	D	L	L	-	-	D	D	D	L	-	-	-	-	-	-
-	-	-	-	E	-	-	N	-	-	D	L	-	-	-	L	N	-	-	E	-	-	-	D	D	-	-	E
-	-	N	-	D	D	-	D	-	-	D	-	-	-	-	-	-	-	-	-	-	-	D	D	-	-	-	-
-	N	-	L	-	-	D	D	-	L	-	-	-	-	-	-	-	-	-	-	-	-	-	-	-	D	L	-
Objective 0: 10478
Objective 1: 155
Constr violation: 0
Restrictions violated:
0 0 0 0 0 0 0 0 

Individual 17
1	2	3	4	5	6	7	8	9	10	11	12	13	14	15	16	17	18	19	20	21	22	23	24	25	26	27	28
-	-	-	D	N	N	N	N	-	-	D	D	D	D	-	-	D	D	D	-	-	D	D	D	D	D	-	-
E	E	E	-	-	D	N	N	-	-	E	E	E	E	E	-	-	N	N	-	-	-	E	E	E	E	-	-
D	D	N	N	N	-	-	D	D	D	D	D	-	-	D	N	-	-	D	D	D	D	-	-	-	-	-	D
L	L	L	L	-	-	-	L	L	L	L	-	-	D	D	L	L	-	-	D	L	-	-	D	L	L	-	-
E	D	-	-	E	D	D	D	-	-	D	N	-	-	-	E	E	E	N	-	-	E	E	N	N	-	-	D
E	E	D	D	N	-	-	-	E	E	E	E	E	-	-	-	D	D	N	N	-	-	-	E	E	D	-	-
D	D	D	D	N	-	-	D	D	D	-	-	-	-	-	D	D	-	-	D	D	N	N	N	-	-	D	D
-	-	E	E	D	D	-	-	E	E	E	-	-	-	E	E	E	D	D	-	-	E	E	E	E	E	-	-
E	E	E	E	E	-	-	E	E	D	D	D	-	-	-	E	D	-	-	-	-	N	N	-	-	E	N	N
D	D	-	-	-	L	L	N	N	N	-	-	-	-	D	D	L	L	L	-	-	D	L	L	L	N	-	-
-	E	D	D	N	-	-	-	-	D	D	D	D	D	-	-	E	D	D	-	-	E	D	N	-	-	E	D
E	N	N	-	-	E	E	N	-	-	D	N	-	-	-	D	D	D	D	D	-	-	E	D	D	D	-	-
-	-	D	L	-	-	D	L	L	N	N	-	-	D	L	L	L	N	-	-	-	D	D	L	L	N	-	-
-	-	D	D	D	D	L	-	-	E	E	L	-	-	E	E	E	L	-	-	E	L	L	N	N	-	-	-
E	D	L	L	L	-	-	E	E	E	D	-	-	-	-	-	E	E	E	-	-	E	D	D	-	-	D	D
E	E	E	D	D	-	-	-	-	-	E	E	E	-	-	D	D	D	D	-	-	E	E	D	D	-	-	E
E	D	-	-	-	E	E	L	L	L	N	-	-	-	D	L	N	-	-	-	-	-	E	E	L	L	N	N
D	D	D	D	-	-	-	-	D	D	-	-	-	-	D	D	D	D	D	-	-	-	D	D	D	D	D	D
D	D	L	L	-	-	-	-	L	L	L	L	-	-	-	D	D	L	L	L	L	-	-	-	-	D	L	L
D	D	D	L	L	-	-	-	D	D	L	L	L	L	-	-	-	D	D	L	L	L	L	-	-	-	-	-
E	E	E	N	-	-	-	E	D	D	D	N	-	-	-	E	E	D	D	D	N	-	-	-	-	-	D	N
E	L	N	N	-	-	-	L	L	N	-	-	-	E	E	D	L	N	-	-	-	-	D	L	L	L	L	L
-	-	-	E	D	D	D	D	N	-	-	-	-	-	E	E	E	D	D	-	-	-	E	E	E	D	N	N
-	-	-	-	-	N	-	-	-	-	-	-	D	D	N	-	-	-	D	D	D	-	-	D	D	D	-	-
-	-	-	L	L	-	-	-	-	-	-	-	D	L	L	L	-	-	L	-	-	D	L	L	-	-	-	-
-	-	-	L	-	-	E	D	-	-	-	D	-	-	-	-	N	-	-	E	E	L	-	-	-	-	E	N
-	-	-	-	-	-	N	-	-	N	-	-	D	D	L	L	-	-	D	D	D	L	-	-	-	-	-	-
-	-	-	-	E	-	-	N	-	-	D	L	-	-	-	L	N	-	-	E	-	-	-	D	D	-	-	E
-	-	N	-	D	D	-	D	-	-	D	-	-	-	-	-	-	-	-	-	-	-	D	D	-	-	-	-
-	N	-	L	-	-	D	D	-	L	-	-	-	-	-	-	-	-	-	-	-	-	-	-	-	D	L	-
Objective 0: 11185
Objective 1: 149
Constr violation: 0
Restrictions violated:
0 0 0 0 0 0 0 0 

Individual 18
1	2	3	4	5	6	7	8	9	10	11	12	13	14	15	16	17	18	19	20	21	22	23	24	25	26	27	28
-	-	-	D	N	N	N	N	-	-	D	D	D	D	-	-	D	D	D	-	-	D	D	D	D	D	-	-
E	E	E	-	-	D	N	N	-	-	E	E	E	E	E	-	-	N	N	-	-	-	E	E	E	E	-	-
D	D	N	N	N	-	-	D	D	D	D	D	-	-	D	N	-	-	D	D	D	D	-	-	-	-	-	D
L	L	L	L	-	-	-	L	L	L	L	-	-	D	D	L	L	-	-	D	L	-	-	D	L	L	-	-
-	-	-	E	E	E	E	-	-	E	E	E	E	N	-	-	E	E	D	-	-	E	E	E	N	N	-	-
E	E	D	D	N	-	-	-	E	E	E	E	E	-	-	-	D	D	N	N	-	-	-	E	E	D	-	-
D	D	D	D	N	-	-	D	D	D	-	-	-	-	-	D	D	-	-	D	D	N	N	N	-	-	D	D
-	-	E	E	D	D	-	-	E	E	E	-	-	-	E	E	E	D	D	-	-	E	E	E	E	E	-	-
E	E	E	E	E	-	-	-	E	E	D	D	D	-	-	N	N	N	N	-	-	E	D	D	D	-	-	-
D	D	-	-	-	L	L	N	N	N	-	-	-	-	D	D	L	L	L	-	-	D	L	L	L	N	-	-
-	E	D	D	N	-	-	-	-	D	D	D	D	D	-	-	E	D	D	-	-	E	D	N	-	-	E	D
E	N	N	-	-	E	E	N	-	-	D	N	-	-	-	D	D	D	D	D	-	-	E	D	D	D	-	-
-	-	D	L	-	-	D	L	L	N	N	-	-	D	L	L	L	N	-	-	-	D	D	L	L	N	-	-
-	-	D	D	D	D	L	-	-	E	E	L	-	-	E	E	E	L	-	-	E	L	L	N	N	-	-	-
E	D	L	L	L	-	-	E	E	E	D	-	-	-	-	-	E	E	E	-	-	E	D	D	-	-	D	D
E	E	E	D	D	-	-	-	-	-	E	E	E	-	-	D	D	D	D	-	-	E	E	D	D	-	-	E
E	D	-	-	-	E	E	L	L	L	N	-	-	-	D	L	N	-	-	-	-	-	E	E	L	L	N	N
D	D	D	D	-	-	-	-	D	D	-	-	-	-	D	D	D	D	D	-	-	-	D	D	D	D	D	D
D	D	L	L	-	-	-	-	L	L	L	L	-	-	-	D	D	L	L	L	L	-	-	-	-	D	L	L
D	D	D	L	L	-	-	-	D	D	L	L	L	L	-	-	-	D	D	L	L	L	L	-	-	-	-	-
E	E	E	N	-	-	-	E	D	D	D	N	-	-	-	E	E	D	D	D	N	-	-	-	-	-	D	N
E	L	N	N	-	-	-	L	L	N	-	-	-	E	E	D	L	N	-	-	-	-	D	L	L	L	L	L
-	-	-	E	D	D	D	D	N	-	-	-	-	-	E	E	E	D	D	-	-	-	E	E	E	D	N	N
-	-	-	-	-	N	-	-	-	-	-	-	D	D	N	-	-	-	D	D	D	-	-	D	D	D	-	-
-	-	-	L	L	-	-	-	-	-	-	-	D	L	L	L	-	-	L	-	-	D	L	L	-	-	-	-
D	D	-	-	E	-	-	D	L	L	L	-	-	D	L	-	-	-	-	-	-	N	-	-	-	-	-	-
-	-	-	-	-	-	N	-	-	N	-	-	D	D	L	L	-	-	D	D	D	L	-	-	-	-	-	-
-	-	-	-	E	-	-	N	-	-	D	L	-	-	-	L	N	-	-	E	-	-	-	D	D	-	-	E
-	-	N	-	D	D	-	D	-	-	D	-	-	-	-	-	-	-	-	-	-	-	D	D	-	-	-	-
-	N	-	L	-	-	D	D	-	L	-	-	-	-	-	-	-	-	-	-	-	-	-	-	-	D	L	-
Objective 0: 10984
Objective 1: 151
Constr violation: 0
Restrictions violated:
0 0 0 0 0 0 0 0 

Individual 19
1	2	3	4	5	6	7	8	9	10	11	12	13	14	15	16	17	18	19	20	21	22	23	24	25	26	27	28
-	-	-	D	N	N	N	N	-	-	D	D	D	D	-	-	D	D	D	-	-	D	D	D	D	D	-	-
E	E	E	-	-	D	N	N	-	-	E	E	E	E	E	-	-	N	N	-	-	-	E	E	E	E	-	-
D	D	N	N	N	-	-	D	D	D	D	D	-	-	D	N	-	-	D	D	D	D	-	-	-	-	-	D
L	L	L	L	-	-	-	L	L	L	L	-	-	D	D	L	L	-	-	D	L	-	-	D	L	L	-	-
E	D	-	-	E	D	D	D	-	-	D	N	-	-	-	E	E	E	N	-	-	E	E	N	N	-	-	D
E	E	D	D	N	-	-	-	E	E	E	E	E	-	-	-	D	D	N	N	-	-	-	E	E	D	-	-
D	D	D	D	N	-	-	D	D	D	-	-	-	-	-	D	D	-	-	D	D	N	N	N	-	-	D	D
-	-	E	E	D	D	-	-	E	E	E	-	-	-	E	E	E	D	D	-	-	E	E	E	E	E	-	-
E	E	E	E	E	-	-	E	E	D	D	D	-	-	-	E	D	-	-	-	-	N	N	-	-	E	N	N
D	D	-	-	-	L	L	N	N	N	-	-	-	-	D	D	L	L	L	-	-	D	L	L	L	N	-	-
-	E	D	D	N	-	-	-	-	D	D	D	D	D	-	-	E	D	D	-	-	E	D	N	-	-	E	D
E	N	N	-	-	E	E	N	-	-	D	N	-	-	-	D	D	D	D	D	-	-	E	D	D	D	-	-
-	-	D	L	-	-	D	L	L	N	N	-	-	D	L	L	L	N	-	-	-	D	D	L	L	N	-	-
-	-	D	D	D	D	L	-	-	E	E	L	-	-	E	E	E	L	-	-	E	L	L	N	N	-	-	-
E	D	L	L	L	-	-	E	E	E	D	-	-	-	-	-	E	E	E	-	-	E	D	D	-	-	D	D
E	E	E	D	D	-	-	-	-	-	E	E	E	-	-	D	D	D	D	-	-	E	E	D	D	-	-	E
E	D	-	-	-	E	E	L	L	L	N	-	-	-	D	L	N	-	-	-	-	-	E	E	L	L	N	N
D	D	D	D	-	-	-	-	D	D	-	-	-	-	D	D	D	D	D	-	-	-	D	D	D	D	D	D
D	D	L	L	-	-	-	-	L	L	L	L	-	-	-	D	D	L	L	L	L	-	-	-	-	D	L	L
D	D	D	L	L	-	-	-	D	D	L	L	L	L	-	-	-	D	D	L	L	L	L	-	-	-	-	-
E	E	E	N	-	-	-	E	D	D	D	N	-	-	-	E	E	D	D	D	N	-	-	-	-	-	D	N
E	L	N	N	-	-	-	L	L	N	-	-	-	E	E	D	L	N	-	-	-	-	D	L	L	L	L	L
-	-	-	E	D	D	D	D	N	-	-	-	-	-	E	E	E	D	D	-	-	-	E	E	E	D	N	N
-	-	-	-	-	N	-	-	-	-	-	-	D	D	N	-	-	-	D	D	D	-	-	D	D	D	-	-
-	-	-	L	L	-	-	-	-	-	-	-	D	L	L	L	-	-	L	-	-	D	L	L	-	-	-	-
-	-	-	L	-	-	E	D	-	-	-	D	-	-	-	-	N	-	-	E	E	L	-	-	-	-	E	N
-	-	-	-	-	-	N	-	-	N	-	-	D	D	L	L	-	-	D	D	D	L	-	-	-	-	-	-
-	-	-	-	E	-	-	N	-	-	D	L	-	-	-	L	N	-	-	E	-	-	-	D	D	-	-	E
-	-	N	-	D	D	-	D	-	-	D	-	-	-	-	-	-	-	-	-	-	-	D	D	-	-	-	-
-	N	-	L	-	-	D	D	-	L	-	-	-	-	-	-	-	-	-	-	-	-	-	-	-	D	L	-
Objective 0: 11185
Objective 1: 149
Constr violation: 0
Restrictions violated:
0 0 0 0 0 0 0 0 

