Individual 0
1	2	3	4	5	6	7	8	9	10	11	12	13	14	15	16	17	18	19	20	21	22	23	24	25	26	27	28
-	-	-	D	D	N	N	N	-	-	D	D	N	-	-	D	D	D	D	-	-	D	D	D	D	D	-	-
-	E	E	-	-	E	D	D	-	-	E	E	E	E	E	-	-	E	E	-	-	E	E	N	N	N	-	-
N	N	N	-	-	-	-	D	D	D	D	D	-	-	D	D	-	-	D	D	D	D	N	-	-	D	D	D
L	L	L	L	-	-	-	L	L	L	-	-	D	D	D	D	L	-	-	D	L	-	-	D	D	L	-	-
N	N	-	-	E	D	D	N	-	-	E	E	E	N	-	-	E	E	E	-	-	E	E	D	D	D	-	-
E	D	D	N	N	-	-	-	E	E	E	E	E	-	-	D	D	-	-	E	E	D	D	N	-	-	-	-
D	D	D	D	D	-	-	-	D	N	N	-	-	-	-	-	-	D	D	D	N	N	-	-	D	D	D	D
-	-	E	E	D	-	-	D	D	D	D	-	-	E	E	E	E	D	-	-	-	-	-	E	E	E	E	D
E	E	D	N	-	-	-	D	D	D	D	N	-	-	-	E	N	N	-	-	E	E	D	-	-	E	E	E
L	N	-	-	L	L	L	N	N	-	-	D	D	L	-	-	D	L	L	-	-	-	D	L	L	N	-	-
E	E	D	D	-	-	-	-	-	E	E	D	D	N	-	-	D	D	D	D	N	-	-	E	N	N	-	-
E	E	-	-	E	E	E	E	N	-	-	E	D	N	-	-	D	D	D	-	-	D	D	D	N	-	-	-
-	-	D	L	N	-	-	-	D	D	D	L	-	-	L	L	L	L	-	-	D	L	N	-	-	L	L	N
E	D	D	D	D	-	-	-	-	E	E	L	L	L	-	-	L	N	N	N	N	-	-	E	E	D	-	-
E	D	D	L	L	-	-	E	D	D	-	-	-	-	-	E	E	E	D	D	-	-	L	L	-	-	E	D
-	-	E	E	E	D	D	-	-	D	D	D	-	-	-	D	D	D	D	-	-	E	E	D	D	D	-	-
E	L	L	N	-	-	E	E	E	E	L	-	-	-	D	L	L	L	-	-	-	-	-	E	D	L	L	L
D	D	D	-	-	-	-	-	D	D	-	-	-	D	D	D	D	D	D	-	-	-	D	D	D	D	D	D
D	L	L	L	-	-	-	-	D	D	L	L	-	-	-	-	D	D	D	D	L	L	-	-	-	L	L	L
D	D	D	D	L	-	-	-	-	-	D	D	D	D	D	D	-	-	-	E	E	E	E	D	D	-	-	-
N	N	-	-	-	E	D	D	D	D	D	-	-	-	-	E	E	E	E	-	-	-	-	E	E	E	D	N
E	E	D	-	-	-	E	E	L	N	-	-	-	-	E	L	L	L	-	-	-	-	D	L	L	N	N	N
-	-	-	-	-	E	D	D	D	D	D	-	-	-	D	N	N	N	N	-	-	-	D	D	D	D	D	D
D	-	-	-	-	N	-	-	-	-	-	D	N	-	-	D	D	D	-	-	D	-	-	D	D	-	-	-
-	-	D	-	-	-	-	D	D	-	-	-	-	D	L	L	-	-	-	-	-	L	L	L	L	-	-	-
D	-	-	-	E	-	-	E	E	L	L	L	-	-	-	N	-	-	-	E	D	-	-	-	-	-	-	-
-	-	-	D	D	-	-	L	-	-	N	-	-	N	-	-	D	D	D	D	D	-	-	-	-	-	-	-
E	-	-	E	E	N	N	N	-	-	-	-	-	D	-	-	-	D	D	D	-	-	-	-	E	D	-	-
-	-	N	-	-	-	D	D	D	-	-	-	-	-	-	-	-	-	-	-	-	-	D	D	-	D	-	-
-	-	-	-	-	D	D	-	-	-	-	-	-	-	L	-	-	-	-	-	-	-	-	L	-	L	L	L
Objective 0: 12602
Objective 1: 135
Constr violation: 0
Restrictions violated:
0 0 0 0 0 0 0 0 

Individual 1
1	2	3	4	5	6	7	8	9	10	11	12	13	14	15	16	17	18	19	20	21	22	23	24	25	26	27	28
-	-	-	D	D	N	N	N	-	-	D	D	N	-	-	D	D	D	D	-	-	D	D	D	D	D	-	-
-	E	E	-	-	E	D	D	-	-	E	E	E	E	E	-	-	E	E	-	-	E	E	N	N	N	-	-
N	N	N	-	-	-	-	D	D	D	D	D	-	-	D	D	-	-	D	D	D	D	N	-	-	D	D	D
L	L	L	L	L	-	-	-	D	L	L	-	-	L	L	-	-	D	L	L	L	-	-	D	L	L	-	-
N	N	-	-	E	D	D	N	-	-	E	E	E	N	-	-	E	E	E	-	-	E	E	D	D	D	-	-
E	D	D	N	N	-	-	-	E	E	E	E	E	-	-	D	D	-	-	E	E	D	D	N	-	-	-	-
D	D	D	D	D	-	-	-	-	N	N	N	-	-	-	-	D	D	D	D	D	-	-	-	D	D	D	N
-	-	E	E	D	-	-	D	D	D	D	-	-	E	E	E	E	D	-	-	-	-	-	E	E	E	E	D
E	E	D	N	-	-	-	D	D	D	D	N	-	-	-	E	N	N	-	-	E	E	D	-	-	E	E	E
L	N	-	-	L	L	L	N	N	-	-	D	D	L	-	-	D	L	L	-	-	-	D	L	L	N	-	-
E	E	D	D	-	-	-	-	-	E	E	D	D	N	-	-	D	D	D	D	N	-	-	E	N	N	-	-
E	E	-	-	E	E	E	E	N	-	-	E	D	N	-	-	D	D	D	-	-	D	D	D	N	-	-	-
-	-	D	L	N	-	-	-	D	D	D	L	-	-	L	L	L	L	-	-	D	L	N	-	-	L	L	N
E	D	D	D	D	-	-	-	-	E	E	L	L	L	-	-	L	N	N	N	N	-	-	E	E	D	-	-
E	D	D	L	L	-	-	E	D	D	-	-	-	-	-	E	E	E	D	D	-	-	L	L	-	-	E	D
-	-	E	E	E	D	D	-	-	D	D	D	-	-	-	D	D	D	D	-	-	E	E	D	D	D	-	-
E	L	L	N	-	-	E	E	E	E	L	-	-	-	D	L	L	L	-	-	-	-	-	E	D	L	L	L
D	D	D	D	-	-	-	-	D	D	-	-	-	-	D	D	D	D	D	D	-	-	-	D	D	D	D	D
D	L	L	L	-	-	-	-	D	D	L	L	-	-	-	-	D	D	D	D	L	L	-	-	-	L	L	L
D	D	D	D	L	-	-	-	E	E	E	D	D	D	-	-	-	D	L	L	L	L	L	-	-	-	-	-
E	E	E	N	N	-	-	-	E	D	-	-	-	E	E	E	E	D	N	-	-	-	-	E	E	E	E	N
E	E	D	-	-	-	E	E	L	N	-	-	-	-	E	L	L	L	-	-	-	-	D	L	L	N	N	N
-	-	-	-	-	E	D	D	D	D	D	-	-	-	D	N	N	N	N	-	-	-	D	D	D	D	D	D
-	-	-	-	-	D	D	N	-	-	-	-	-	D	D	-	-	-	-	D	D	D	N	-	-	D	-	-
D	-	-	L	-	-	-	L	-	-	-	-	-	L	L	L	-	-	L	-	-	D	L	L	-	-	-	-
-	-	L	L	L	L	-	-	-	-	-	N	-	-	L	L	N	-	-	E	L	-	-	-	-	-	-	-
L	L	N	-	-	D	L	-	-	-	-	D	D	L	-	-	-	L	-	-	N	-	-	-	-	-	-	-
L	L	L	-	-	-	-	D	L	-	-	-	L	-	-	N	-	-	-	-	E	L	N	-	-	-	-	-
-	-	N	-	-	-	D	D	D	-	-	-	-	-	-	-	-	-	-	-	-	-	D	D	-	D	-	-
-	-	-	-	-	D	D	-	-	-	L	L	L	-	L	-	-	-	-	-	-	-	-	L	-	-	-	-
Objective 0: 9775
Objective 1: 171
Constr violation: 0
Restrictions violated:
0 0 0 0 0 0 0 0 

Individual 2
1	2	3	4	5	6	7	8	9	10	11	12	13	14	15	16	17	18	19	20	21	22	23	24	25	26	27	28
-	-	-	D	D	N	N	N	-	-	D	D	N	-	-	D	D	D	D	-	-	D	D	D	D	D	-	-
-	E	E	-	-	E	D	D	-	-	E	E	E	E	E	-	-	E	E	-	-	E	E	N	N	N	-	-
N	N	N	-	-	-	-	D	D	D	D	D	-	-	D	D	-	-	D	D	D	D	N	-	-	D	D	D
L	L	L	L	-	-	-	L	L	L	-	-	D	D	D	D	L	-	-	D	L	-	-	D	D	L	-	-
N	N	-	-	E	D	D	N	-	-	E	E	E	N	-	-	E	E	E	-	-	E	E	D	D	D	-	-
E	D	D	N	N	-	-	-	E	E	E	E	E	-	-	D	D	-	-	E	E	D	D	N	-	-	-	-
D	D	D	D	D	-	-	-	D	N	N	-	-	-	-	-	-	D	D	D	N	N	-	-	D	D	D	D
-	-	E	E	D	-	-	D	D	D	D	-	-	E	E	E	E	D	-	-	-	-	-	E	E	E	E	D
E	E	D	N	-	-	-	D	D	D	D	N	-	-	-	E	N	N	-	-	E	E	D	-	-	E	E	E
L	N	-	-	L	L	L	N	N	-	-	D	D	L	-	-	D	L	L	-	-	-	D	L	L	N	-	-
E	E	D	D	-	-	-	-	-	E	E	D	D	N	-	-	D	D	D	D	N	-	-	E	N	N	-	-
E	E	-	-	E	E	E	E	N	-	-	E	D	N	-	-	D	D	D	-	-	D	D	D	N	-	-	-
-	-	D	L	N	-	-	-	D	D	D	L	-	-	L	L	L	L	-	-	D	L	N	-	-	L	L	N
E	D	D	D	D	-	-	-	-	E	E	L	L	L	-	-	L	N	N	N	N	-	-	E	E	D	-	-
E	D	D	L	L	-	-	E	D	D	-	-	-	-	-	E	E	E	D	D	-	-	L	L	-	-	E	D
-	-	E	E	E	D	D	-	-	D	D	D	-	-	-	D	D	D	D	-	-	E	E	D	D	D	-	-
E	L	L	N	-	-	E	E	E	E	L	-	-	-	D	L	L	L	-	-	-	-	-	E	D	L	L	L
D	D	D	-	-	-	-	-	D	D	-	-	-	D	D	D	D	D	D	-	-	-	D	D	D	D	D	D
D	L	L	L	-	-	-	-	D	D	L	L	-	-	-	-	D	D	D	D	L	L	-	-	-	L	L	L
D	D	D	D	L	-	-	-	-	-	D	D	D	D	D	D	-	-	-	E	E	E	E	D	D	-	-	-
E	E	E	N	N	-	-	-	E	D	-	-	-	E	E	E	E	D	N	-	-	-	-	E	E	E	E	N
E	E	D	-	-	-	E	E	L	N	-	-	-	-	E	L	L	L	-	-	-	-	D	L	L	N	N	N
-	-	-	-	-	E	D	D	D	D	D	-	-	-	D	N	N	N	N	-	-	-	D	D	D	D	D	D
D	-	-	-	-	N	-	-	-	-	-	D	N	-	-	D	D	D	-	-	D	-	-	D	D	-	-	-
D	-	-	L	-	-	-	L	-	-	-	-	-	L	L	L	-	-	L	-	-	D	L	L	-	-	-	-
-	-	L	L	L	L	-	-	-	-	-	N	-	-	L	L	N	-	-	E	L	-	-	-	-	-	-	-
-	-	-	D	D	-	-	L	-	-	N	-	-	N	-	-	D	D	D	D	D	-	-	-	-	-	-	-
L	L	L	-	-	-	-	D	L	-	-	-	L	-	-	N	-	-	-	-	E	L	N	-	-	-	-	-
-	-	N	-	-	-	D	D	D	-	-	-	-	-	-	-	-	-	-	-	-	-	D	D	-	D	-	-
-	-	-	-	-	D	D	-	-	-	-	-	-	-	L	-	-	-	-	-	-	-	-	L	-	L	L	L
Objective 0: 10987
Objective 1: 144
Constr violation: 0
Restrictions violated:
0 0 0 0 0 0 0 0 

Individual 3
1	2	3	4	5	6	7	8	9	10	11	12	13	14	15	16	17	18	19	20	21	22	23	24	25	26	27	28
-	-	-	D	D	N	N	N	-	-	D	D	N	-	-	D	D	D	D	-	-	D	D	D	D	D	-	-
-	E	E	-	-	E	D	D	-	-	E	E	E	E	E	-	-	E	E	-	-	E	E	N	N	N	-	-
N	N	N	-	-	-	-	D	D	D	D	D	-	-	D	D	-	-	D	D	D	D	N	-	-	D	D	D
L	L	L	L	-	-	-	L	L	L	-	-	D	D	D	D	L	-	-	D	L	-	-	D	D	L	-	-
N	N	-	-	E	D	D	N	-	-	E	E	E	N	-	-	E	E	E	-	-	E	E	D	D	D	-	-
E	D	D	N	N	-	-	-	E	E	E	E	E	-	-	D	D	-	-	E	E	D	D	N	-	-	-	-
D	D	D	D	D	-	-	-	D	N	N	-	-	-	-	-	-	D	D	D	N	N	-	-	D	D	D	D
-	-	E	E	D	-	-	D	D	D	D	-	-	E	E	E	E	D	-	-	-	-	-	E	E	E	E	D
E	E	D	N	-	-	-	D	D	D	D	N	-	-	-	E	N	N	-	-	E	E	D	-	-	E	E	E
L	N	-	-	L	L	L	N	N	-	-	D	D	L	-	-	D	L	L	-	-	-	D	L	L	N	-	-
E	E	D	D	-	-	-	-	-	E	E	D	D	N	-	-	D	D	D	D	N	-	-	E	N	N	-	-
E	E	-	-	E	E	E	E	N	-	-	E	D	N	-	-	D	D	D	-	-	D	D	D	N	-	-	-
-	-	D	L	N	-	-	-	D	D	D	L	-	-	L	L	L	L	-	-	D	L	N	-	-	L	L	N
E	D	D	D	D	-	-	-	-	E	E	L	L	L	-	-	L	N	N	N	N	-	-	E	E	D	-	-
E	D	D	L	L	-	-	E	D	D	-	-	-	-	-	E	E	E	D	D	-	-	L	L	-	-	E	D
-	-	E	E	E	D	D	-	-	D	D	D	-	-	-	D	D	D	D	-	-	E	E	D	D	D	-	-
E	L	L	N	-	-	E	E	E	E	L	-	-	-	D	L	L	L	-	-	-	-	-	E	D	L	L	L
D	D	D	-	-	-	-	-	D	D	-	-	-	D	D	D	D	D	D	-	-	-	D	D	D	D	D	D
D	L	L	L	-	-	-	-	D	D	L	L	-	-	-	-	D	D	D	D	L	L	-	-	-	L	L	L
D	D	D	D	L	-	-	-	-	-	D	D	D	D	D	D	-	-	-	E	E	E	E	D	D	-	-	-
E	E	E	N	N	-	-	-	E	D	-	-	-	E	E	E	E	D	N	-	-	-	-	E	E	E	E	N
E	E	D	-	-	-	E	E	L	N	-	-	-	-	E	L	L	L	-	-	-	-	D	L	L	N	N	N
-	-	-	-	-	E	D	D	D	D	D	-	-	-	D	N	N	N	N	-	-	-	D	D	D	D	D	D
D	-	-	-	-	N	-	-	-	-	-	D	N	-	-	D	D	D	-	-	D	-	-	D	D	-	-	-
-	-	D	-	-	-	-	D	D	-	-	-	-	D	L	L	-	-	-	-	-	L	L	L	L	-	-	-
D	-	-	-	E	-	-	E	E	L	L	L	-	-	-	N	-	-	-	E	D	-	-	-	-	-	-	-
-	-	-	D	D	-	-	L	-	-	N	-	-	N	-	-	D	D	D	D	D	-	-	-	-	-	-	-
L	L	L	-	-	-	-	D	L	-	-	-	L	-	-	N	-	-	-	-	E	L	N	-	-	-	-	-
-	-	N	-	-	-	D	D	D	-	-	-	-	-	-	-	-	-	-	-	-	-	D	D	-	D	-	-
-	-	-	-	-	D	D	-	-	-	-	-	-	-	L	-	-	-	-	-	-	-	-	L	-	L	L	L
Objective 0: 11290
Objective 1: 141
Constr violation: 0
Restrictions violated:
0 0 0 0 0 0 0 0 

Individual 4
1	2	3	4	5	6	7	8	9	10	11	12	13	14	15	16	17	18	19	20	21	22	23	24	25	26	27	28
-	-	-	D	D	N	N	N	-	-	D	D	N	-	-	D	D	D	D	-	-	D	D	D	D	D	-	-
-	E	E	-	-	E	D	D	-	-	E	E	E	E	E	-	-	E	E	-	-	E	E	N	N	N	-	-
N	N	N	-	-	-	-	D	D	D	D	D	-	-	D	D	-	-	D	D	D	D	N	-	-	D	D	D
L	L	L	L	-	-	-	L	L	L	-	-	D	D	D	D	L	-	-	D	L	-	-	D	D	L	-	-
N	N	-	-	E	D	D	N	-	-	E	E	E	N	-	-	E	E	E	-	-	E	E	D	D	D	-	-
E	D	D	N	N	-	-	-	E	E	E	E	E	-	-	D	D	-	-	E	E	D	D	N	-	-	-	-
D	D	D	D	D	-	-	-	D	N	N	-	-	-	-	-	-	D	D	D	N	N	-	-	D	D	D	D
-	-	E	E	D	-	-	D	D	D	D	-	-	E	E	E	E	D	-	-	-	-	-	E	E	E	E	D
E	E	D	N	-	-	-	D	D	D	D	N	-	-	-	E	N	N	-	-	E	E	D	-	-	E	E	E
L	N	-	-	L	L	L	N	N	-	-	D	D	L	-	-	D	L	L	-	-	-	D	L	L	N	-	-
E	E	D	D	-	-	-	-	-	E	E	D	D	N	-	-	D	D	D	D	N	-	-	E	N	N	-	-
E	E	-	-	E	E	E	E	N	-	-	E	D	N	-	-	D	D	D	-	-	D	D	D	N	-	-	-
-	-	D	L	N	-	-	-	D	D	D	L	-	-	L	L	L	L	-	-	D	L	N	-	-	L	L	N
E	D	D	D	D	-	-	-	-	E	E	L	L	L	-	-	L	N	N	N	N	-	-	E	E	D	-	-
E	D	D	L	L	-	-	E	D	D	-	-	-	-	-	E	E	E	D	D	-	-	L	L	-	-	E	D
-	-	E	E	E	D	D	-	-	D	D	D	-	-	-	D	D	D	D	-	-	E	E	D	D	D	-	-
E	L	L	N	-	-	E	E	E	E	L	-	-	-	D	L	L	L	-	-	-	-	-	E	D	L	L	L
D	D	D	-	-	-	-	-	D	D	-	-	-	D	D	D	D	D	D	-	-	-	D	D	D	D	D	D
D	L	L	L	-	-	-	-	D	D	L	L	-	-	-	-	D	D	D	D	L	L	-	-	-	L	L	L
D	D	D	D	L	-	-	-	-	-	D	D	D	D	D	D	-	-	-	E	E	E	E	D	D	-	-	-
E	E	E	N	N	-	-	-	E	D	-	-	-	E	E	E	E	D	N	-	-	-	-	E	E	E	E	N
E	E	D	-	-	-	E	E	L	N	-	-	-	-	E	L	L	L	-	-	-	-	D	L	L	N	N	N
-	-	-	-	-	E	D	D	D	D	D	-	-	-	D	N	N	N	N	-	-	-	D	D	D	D	D	D
D	-	-	-	-	N	-	-	-	-	-	D	N	-	-	D	D	D	-	-	D	-	-	D	D	-	-	-
D	-	-	L	-	-	-	L	-	-	-	-	-	L	L	L	-	-	L	-	-	D	L	L	-	-	-	-
D	-	-	-	E	-	-	E	E	L	L	L	-	-	-	N	-	-	-	E	D	-	-	-	-	-	-	-
-	-	-	D	D	-	-	L	-	-	N	-	-	N	-	-	D	D	D	D	D	-	-	-	-	-	-	-
E	-	-	E	E	N	N	N	-	-	-	-	-	D	-	-	-	D	D	D	-	-	-	-	E	D	-	-
-	-	N	-	-	-	D	D	D	-	-	-	-	-	-	-	-	-	-	-	-	-	D	D	-	D	-	-
-	-	-	-	-	D	D	-	-	-	-	-	-	-	L	-	-	-	-	-	-	-	-	L	-	L	L	L
Objective 0: 11593
Objective 1: 140
Constr violation: 0
Restrictions violated:
0 0 0 0 0 0 0 0 

Individual 5
1	2	3	4	5	6	7	8	9	10	11	12	13	14	15	16	17	18	19	20	21	22	23	24	25	26	27	28
-	-	-	D	D	N	N	N	-	-	D	D	N	-	-	D	D	D	D	-	-	D	D	D	D	D	-	-
-	E	E	-	-	E	D	D	-	-	E	E	E	E	E	-	-	E	E	-	-	E	E	N	N	N	-	-
N	N	N	-	-	-	-	D	D	D	D	D	-	-	D	D	-	-	D	D	D	D	N	-	-	D	D	D
L	L	L	L	-	-	-	L	L	L	-	-	D	D	D	D	L	-	-	D	L	-	-	D	D	L	-	-
N	N	-	-	E	D	D	N	-	-	E	E	E	N	-	-	E	E	E	-	-	E	E	D	D	D	-	-
E	D	D	N	N	-	-	-	E	E	E	E	E	-	-	D	D	-	-	E	E	D	D	N	-	-	-	-
D	D	D	D	D	-	-	-	-	N	N	N	-	-	-	-	D	D	D	D	D	-	-	-	D	D	D	N
-	-	E	E	D	-	-	D	D	D	D	-	-	E	E	E	E	D	-	-	-	-	-	E	E	E	E	D
E	E	D	N	-	-	-	D	D	D	D	N	-	-	-	E	N	N	-	-	E	E	D	-	-	E	E	E
L	N	-	-	L	L	L	N	N	-	-	D	D	L	-	-	D	L	L	-	-	-	D	L	L	N	-	-
E	E	D	D	-	-	-	-	-	E	E	D	D	N	-	-	D	D	D	D	N	-	-	E	N	N	-	-
E	E	-	-	E	E	E	E	N	-	-	E	D	N	-	-	D	D	D	-	-	D	D	D	N	-	-	-
-	-	D	L	N	-	-	-	D	D	D	L	-	-	L	L	L	L	-	-	D	L	N	-	-	L	L	N
E	D	D	D	D	-	-	-	-	E	E	L	L	L	-	-	L	N	N	N	N	-	-	E	E	D	-	-
E	D	D	L	L	-	-	E	D	D	-	-	-	-	-	E	E	E	D	D	-	-	L	L	-	-	E	D
-	-	E	E	E	D	D	-	-	D	D	D	-	-	-	D	D	D	D	-	-	E	E	D	D	D	-	-
E	L	L	N	-	-	E	E	E	E	L	-	-	-	D	L	L	L	-	-	-	-	-	E	D	L	L	L
D	D	D	D	-	-	-	-	D	D	-	-	-	-	D	D	D	D	D	D	-	-	-	D	D	D	D	D
D	L	L	L	-	-	-	-	D	D	L	L	-	-	-	-	D	D	D	D	L	L	-	-	-	L	L	L
D	D	D	D	L	-	-	-	E	E	E	D	D	D	-	-	-	D	L	L	L	L	L	-	-	-	-	-
E	E	E	N	N	-	-	-	E	D	-	-	-	E	E	E	E	D	N	-	-	-	-	E	E	E	E	N
E	E	D	-	-	-	E	E	L	N	-	-	-	-	E	L	L	L	-	-	-	-	D	L	L	N	N	N
-	-	-	-	-	E	D	D	D	D	D	-	-	-	D	N	N	N	N	-	-	-	D	D	D	D	D	D
D	-	-	-	-	N	-	-	-	-	-	D	N	-	-	D	D	D	-	-	D	-	-	D	D	-	-	-
D	-	-	L	-	-	-	L	-	-	-	-	-	L	L	L	-	-	L	-	-	D	L	L	-	-	-	-
-	-	L	L	L	L	-	-	-	-	-	N	-	-	L	L	N	-	-	E	L	-	-	-	-	-	-	-
L	L	N	-	-	D	L	-	-	-	-	D	D	L	-	-	-	L	-	-	N	-	-	-	-	-	-	-
L	L	L	-	-	-	-	D	L	-	-	-	L	-	-	N	-	-	-	-	E	L	N	-	-	-	-	-
-	-	N	-	-	-	D	D	D	-	-	-	-	-	-	-	-	-	-	-	-	-	D	D	-	D	-	-
-	-	-	-	-	D	D	-	-	-	L	L	L	-	L	N	N	-	-	-	-	-	-	L	-	-	-	-
Objective 0: 9977
Objective 1: 165
Constr violation: 0
Restrictions violated:
0 0 0 0 0 0 0 0 

Individual 6
1	2	3	4	5	6	7	8	9	10	11	12	13	14	15	16	17	18	19	20	21	22	23	24	25	26	27	28
-	-	-	D	D	N	N	N	-	-	D	D	N	-	-	D	D	D	D	-	-	D	D	D	D	D	-	-
-	E	E	-	-	E	D	D	-	-	E	E	E	E	E	-	-	E	E	-	-	E	E	N	N	N	-	-
N	N	N	-	-	-	-	D	D	D	D	D	-	-	D	D	-	-	D	D	D	D	N	-	-	D	D	D
L	L	L	L	-	-	-	L	L	L	-	-	D	D	D	D	L	-	-	D	L	-	-	D	D	L	-	-
N	N	-	-	E	D	D	N	-	-	E	E	E	N	-	-	E	E	E	-	-	E	E	D	D	D	-	-
E	D	D	N	N	-	-	-	E	E	E	E	E	-	-	D	D	-	-	E	E	D	D	N	-	-	-	-
D	D	D	D	D	-	-	-	D	N	N	-	-	-	-	-	-	D	D	D	N	N	-	-	D	D	D	D
-	-	E	E	D	-	-	D	D	D	D	-	-	E	E	E	E	D	-	-	-	-	-	E	E	E	E	D
E	E	D	N	-	-	-	D	D	D	D	N	-	-	-	E	N	N	-	-	E	E	D	-	-	E	E	E
L	N	-	-	L	L	L	N	N	-	-	D	D	L	-	-	D	L	L	-	-	-	D	L	L	N	-	-
E	E	D	D	-	-	-	-	-	E	E	D	D	N	-	-	D	D	D	D	N	-	-	E	N	N	-	-
E	E	-	-	E	E	E	E	N	-	-	E	D	N	-	-	D	D	D	-	-	D	D	D	N	-	-	-
-	-	D	L	N	-	-	-	D	D	D	L	-	-	L	L	L	L	-	-	D	L	N	-	-	L	L	N
E	D	D	D	D	-	-	-	-	E	E	L	L	L	-	-	L	N	N	N	N	-	-	E	E	D	-	-
E	D	D	L	L	-	-	E	D	D	-	-	-	-	-	E	E	E	D	D	-	-	L	L	-	-	E	D
-	-	E	E	E	D	D	-	-	D	D	D	-	-	-	D	D	D	D	-	-	E	E	D	D	D	-	-
E	L	L	N	-	-	E	E	E	E	L	-	-	-	D	L	L	L	-	-	-	-	-	E	D	L	L	L
D	D	D	-	-	-	-	-	D	D	-	-	-	D	D	D	D	D	D	-	-	-	D	D	D	D	D	D
D	L	L	L	-	-	-	-	D	D	L	L	-	-	-	-	D	D	D	D	L	L	-	-	-	L	L	L
D	D	D	D	L	-	-	-	E	E	E	D	D	D	-	-	-	D	L	L	L	L	L	-	-	-	-	-
E	E	E	N	N	-	-	-	E	D	-	-	-	E	E	E	E	D	N	-	-	-	-	E	E	E	E	N
E	E	D	-	-	-	E	E	L	N	-	-	-	-	E	L	L	L	-	-	-	-	D	L	L	N	N	N
-	-	-	-	-	E	D	D	D	D	D	-	-	-	D	N	N	N	N	-	-	-	D	D	D	D	D	D
-	-	-	-	-	D	D	N	-	-	-	-	-	D	D	-	-	-	-	D	D	D	N	-	-	D	-	-
D	-	-	L	-	-	-	L	-	-	-	-	-	L	L	L	-	-	L	-	-	D	L	L	-	-	-	-
-	-	L	L	L	L	-	-	-	-	-	N	-	-	L	L	N	-	-	E	L	-	-	-	-	-	-	-
-	-	-	D	D	-	-	L	-	-	N	-	-	N	-	-	D	D	D	D	D	-	-	-	-	-	-	-
L	L	L	-	-	-	-	D	L	-	-	-	L	-	-	N	-	-	-	-	E	L	N	-	-	-	-	-
-	-	N	-	-	-	D	D	D	-	-	-	-	-	-	-	-	-	-	-	-	-	D	D	-	D	-	-
-	-	-	-	-	D	D	-	-	-	L	L	L	-	L	-	-	-	-	-	-	-	-	L	-	-	-	-
Objective 0: 10280
Objective 1: 158
Constr violation: 0
Restrictions violated:
0 0 0 0 0 0 0 0 

Individual 7
1	2	3	4	5	6	7	8	9	10	11	12	13	14	15	16	17	18	19	20	21	22	23	24	25	26	27	28
-	-	-	D	D	N	N	N	-	-	D	D	N	-	-	D	D	D	D	-	-	D	D	D	D	D	-	-
-	E	E	-	-	E	D	D	-	-	E	E	E	E	E	-	-	E	E	-	-	E	E	N	N	N	-	-
N	N	N	-	-	-	-	D	D	D	D	D	-	-	D	D	-	-	D	D	D	D	N	-	-	D	D	D
L	L	L	L	-	-	-	L	L	L	-	-	D	D	D	D	L	-	-	D	L	-	-	D	D	L	-	-
N	N	-	-	E	D	D	N	-	-	E	E	E	N	-	-	E	E	E	-	-	E	E	D	D	D	-	-
E	D	D	N	N	-	-	-	E	E	E	E	E	-	-	D	D	-	-	E	E	D	D	N	-	-	-	-
D	D	D	D	D	-	-	-	D	N	N	-	-	-	-	-	-	D	D	D	N	N	-	-	D	D	D	D
-	-	E	E	D	-	-	D	D	D	D	-	-	E	E	E	E	D	-	-	-	-	-	E	E	E	E	D
E	E	D	N	-	-	-	D	D	D	D	N	-	-	-	E	N	N	-	-	E	E	D	-	-	E	E	E
L	N	-	-	L	L	L	N	N	-	-	D	D	L	-	-	D	L	L	-	-	-	D	L	L	N	-	-
E	E	D	D	-	-	-	-	-	E	E	D	D	N	-	-	D	D	D	D	N	-	-	E	N	N	-	-
E	E	-	-	E	E	E	E	N	-	-	E	D	N	-	-	D	D	D	-	-	D	D	D	N	-	-	-
-	-	D	L	N	-	-	-	D	D	D	L	-	-	L	L	L	L	-	-	D	L	N	-	-	L	L	N
E	D	D	D	D	-	-	-	-	E	E	L	L	L	-	-	L	N	N	N	N	-	-	E	E	D	-	-
E	D	D	L	L	-	-	E	D	D	-	-	-	-	-	E	E	E	D	D	-	-	L	L	-	-	E	D
-	-	E	E	E	D	D	-	-	D	D	D	-	-	-	D	D	D	D	-	-	E	E	D	D	D	-	-
E	L	L	N	-	-	E	E	E	E	L	-	-	-	D	L	L	L	-	-	-	-	-	E	D	L	L	L
D	D	D	-	-	-	-	-	D	D	-	-	-	D	D	D	D	D	D	-	-	-	D	D	D	D	D	D
D	L	L	L	-	-	-	-	D	D	L	L	-	-	-	-	D	D	D	D	L	L	-	-	-	L	L	L
D	D	D	D	L	-	-	-	-	-	D	D	D	D	D	D	-	-	-	E	E	E	E	D	D	-	-	-
N	N	-	-	-	E	D	D	D	D	D	-	-	-	-	E	E	E	E	-	-	-	-	E	E	E	D	N
E	E	D	-	-	-	E	E	L	N	-	-	-	-	E	L	L	L	-	-	-	-	D	L	L	N	N	N
-	-	-	-	-	E	D	D	D	D	D	-	-	-	D	N	N	N	N	-	-	-	D	D	D	D	D	D
D	-	-	-	-	N	-	-	-	-	-	D	N	-	-	D	D	D	-	-	D	-	-	D	D	-	-	-
D	-	-	L	-	-	-	L	-	-	-	-	-	L	L	L	-	-	L	-	-	D	L	L	-	-	-	-
D	-	-	-	E	-	-	E	E	L	L	L	-	-	-	N	-	-	-	E	D	-	-	-	-	-	-	-
-	-	-	D	D	-	-	L	-	-	N	-	-	N	-	-	D	D	D	D	D	-	-	-	-	-	-	-
E	-	-	E	E	N	N	N	-	-	-	-	-	D	-	-	-	D	D	D	-	-	-	-	E	D	-	-
-	-	N	-	-	-	D	D	D	-	-	-	-	-	-	-	-	-	-	-	-	-	D	D	-	D	-	-
-	-	-	-	-	D	D	-	-	-	-	-	-	-	L	-	-	-	-	-	-	-	-	L	-	L	L	L
Objective 0: 12299
Objective 1: 137
Constr violation: 0
Restrictions violated:
0 0 0 0 0 0 0 0 

Individual 8
1	2	3	4	5	6	7	8	9	10	11	12	13	14	15	16	17	18	19	20	21	22	23	24	25	26	27	28
-	-	-	D	D	N	N	N	-	-	D	D	N	-	-	D	D	D	D	-	-	D	D	D	D	D	-	-
-	E	E	-	-	E	D	D	-	-	E	E	E	E	E	-	-	E	E	-	-	E	E	N	N	N	-	-
N	N	N	-	-	-	-	D	D	D	D	D	-	-	D	D	-	-	D	D	D	D	N	-	-	D	D	D
L	L	L	L	-	-	-	L	L	L	-	-	D	D	D	D	L	-	-	D	L	-	-	D	D	L	-	-
N	N	-	-	E	D	D	N	-	-	E	E	E	N	-	-	E	E	E	-	-	E	E	D	D	D	-	-
E	D	D	N	N	-	-	-	E	E	E	E	E	-	-	D	D	-	-	E	E	D	D	N	-	-	-	-
D	D	D	D	D	-	-	-	-	N	N	N	-	-	-	-	D	D	D	D	D	-	-	-	D	D	D	N
-	-	E	E	D	-	-	D	D	D	D	-	-	E	E	E	E	D	-	-	-	-	-	E	E	E	E	D
E	E	D	N	-	-	-	D	D	D	D	N	-	-	-	E	N	N	-	-	E	E	D	-	-	E	E	E
L	N	-	-	L	L	L	N	N	-	-	D	D	L	-	-	D	L	L	-	-	-	D	L	L	N	-	-
E	E	D	D	-	-	-	-	-	E	E	D	D	N	-	-	D	D	D	D	N	-	-	E	N	N	-	-
E	E	-	-	E	E	E	E	N	-	-	E	D	N	-	-	D	D	D	-	-	D	D	D	N	-	-	-
-	-	D	L	N	-	-	-	D	D	D	L	-	-	L	L	L	L	-	-	D	L	N	-	-	L	L	N
E	D	D	D	D	-	-	-	-	E	E	L	L	L	-	-	L	N	N	N	N	-	-	E	E	D	-	-
E	D	D	L	L	-	-	E	D	D	-	-	-	-	-	E	E	E	D	D	-	-	L	L	-	-	E	D
-	-	E	E	E	D	D	-	-	D	D	D	-	-	-	D	D	D	D	-	-	E	E	D	D	D	-	-
E	L	L	N	-	-	E	E	E	E	L	-	-	-	D	L	L	L	-	-	-	-	-	E	D	L	L	L
D	D	D	D	-	-	-	-	D	D	-	-	-	-	D	D	D	D	D	D	-	-	-	D	D	D	D	D
D	L	L	L	-	-	-	-	D	D	L	L	-	-	-	-	D	D	D	D	L	L	-	-	-	L	L	L
D	D	D	D	L	-	-	-	E	E	E	D	D	D	-	-	-	D	L	L	L	L	L	-	-	-	-	-
E	E	E	N	N	-	-	-	E	D	-	-	-	E	E	E	E	D	N	-	-	-	-	E	E	E	E	N
E	E	D	-	-	-	E	E	L	N	-	-	-	-	E	L	L	L	-	-	-	-	D	L	L	N	N	N
-	-	-	-	-	E	D	D	D	D	D	-	-	-	D	N	N	N	N	-	-	-	D	D	D	D	D	D
D	-	-	-	-	N	-	-	-	-	-	D	N	-	-	D	D	D	-	-	D	-	-	D	D	-	-	-
D	-	-	L	-	-	-	L	-	-	-	-	-	L	L	L	-	-	L	-	-	D	L	L	-	-	-	-
-	-	L	L	L	L	-	-	-	-	-	N	-	-	L	L	N	-	-	E	L	-	-	-	-	-	-	-
L	L	N	-	-	D	L	-	-	-	-	D	D	L	-	-	-	L	-	-	N	-	-	-	-	-	-	-
L	L	L	-	-	-	-	D	L	-	-	-	L	-	-	N	-	-	-	-	E	L	N	-	-	-	-	-
-	-	N	-	-	-	D	D	D	-	-	-	-	-	-	-	-	-	-	-	-	-	D	D	-	D	-	-
-	-	-	-	-	D	D	-	-	-	L	L	L	-	L	N	N	-	-	-	-	-	-	L	-	-	-	-
Objective 0: 9977
Objective 1: 165
Constr violation: 0
Restrictions violated:
0 0 0 0 0 0 0 0 

Individual 9
1	2	3	4	5	6	7	8	9	10	11	12	13	14	15	16	17	18	19	20	21	22	23	24	25	26	27	28
-	-	-	D	D	N	N	N	-	-	D	D	N	-	-	D	D	D	D	-	-	D	D	D	D	D	-	-
-	E	E	-	-	E	D	D	-	-	E	E	E	E	E	-	-	E	E	-	-	E	E	N	N	N	-	-
N	N	N	-	-	-	-	D	D	D	D	D	-	-	D	D	-	-	D	D	D	D	N	-	-	D	D	D
L	L	L	L	-	-	-	L	L	L	-	-	D	D	D	D	L	-	-	D	L	-	-	D	D	L	-	-
N	N	-	-	E	D	D	N	-	-	E	E	E	N	-	-	E	E	E	-	-	E	E	D	D	D	-	-
E	D	D	N	N	-	-	-	E	E	E	E	E	-	-	D	D	-	-	E	E	D	D	N	-	-	-	-
D	D	D	D	D	-	-	-	D	N	N	-	-	-	-	-	-	D	D	D	N	N	-	-	D	D	D	D
-	-	E	E	D	-	-	D	D	D	D	-	-	E	E	E	E	D	-	-	-	-	-	E	E	E	E	D
E	E	D	N	-	-	-	D	D	D	D	N	-	-	-	E	N	N	-	-	E	E	D	-	-	E	E	E
L	N	-	-	L	L	L	N	N	-	-	D	D	L	-	-	D	L	L	-	-	-	D	L	L	N	-	-
E	E	D	D	-	-	-	-	-	E	E	D	D	N	-	-	D	D	D	D	N	-	-	E	N	N	-	-
E	E	-	-	E	E	E	E	N	-	-	E	D	N	-	-	D	D	D	-	-	D	D	D	N	-	-	-
-	-	D	L	N	-	-	-	D	D	D	L	-	-	L	L	L	L	-	-	D	L	N	-	-	L	L	N
E	D	D	D	D	-	-	-	-	E	E	L	L	L	-	-	L	N	N	N	N	-	-	E	E	D	-	-
E	D	D	L	L	-	-	E	D	D	-	-	-	-	-	E	E	E	D	D	-	-	L	L	-	-	E	D
-	-	E	E	E	D	D	-	-	D	D	D	-	-	-	D	D	D	D	-	-	E	E	D	D	D	-	-
E	L	L	N	-	-	E	E	E	E	L	-	-	-	D	L	L	L	-	-	-	-	-	E	D	L	L	L
D	D	D	-	-	-	-	-	D	D	-	-	-	D	D	D	D	D	D	-	-	-	D	D	D	D	D	D
D	L	L	L	-	-	-	-	D	D	L	L	-	-	-	-	D	D	D	D	L	L	-	-	-	L	L	L
D	D	D	D	L	-	-	-	-	-	D	D	D	D	D	D	-	-	-	E	E	E	E	D	D	-	-	-
E	E	E	N	N	-	-	-	E	D	-	-	-	E	E	E	E	D	N	-	-	-	-	E	E	E	E	N
E	E	D	-	-	-	E	E	L	N	-	-	-	-	E	L	L	L	-	-	-	-	D	L	L	N	N	N
-	-	-	-	-	E	D	D	D	D	D	-	-	-	D	N	N	N	N	-	-	-	D	D	D	D	D	D
D	-	-	-	-	N	-	-	-	-	-	D	N	-	-	D	D	D	-	-	D	-	-	D	D	-	-	-
-	-	D	-	-	-	-	D	D	-	-	-	-	D	L	L	-	-	-	-	-	L	L	L	L	-	-	-
D	-	-	-	E	-	-	E	E	L	L	L	-	-	-	N	-	-	-	E	D	-	-	-	-	-	-	-
-	-	-	D	D	-	-	L	-	-	N	-	-	N	-	-	D	D	D	D	D	-	-	-	-	-	-	-
E	-	-	E	E	N	N	N	-	-	-	-	-	D	-	-	-	D	D	D	-	-	-	-	E	D	-	-
-	-	N	-	-	-	D	D	D	-	-	-	-	-	-	-	-	-	-	-	-	-	D	D	-	D	-	-
-	-	-	-	-	D	D	-	-	-	-	-	-	-	L	-	-	-	-	-	-	-	-	L	-	L	L	L
Objective 0: 11896
Objective 1: 138
Constr violation: 0
Restrictions violated:
0 0 0 0 0 0 0 0 

Individual 10
1	2	3	4	5	6	7	8	9	10	11	12	13	14	15	16	17	18	19	20	21	22	23	24	25	26	27	28
-	-	-	D	D	N	N	N	-	-	D	D	N	-	-	D	D	D	D	-	-	D	D	D	D	D	-	-
-	E	E	-	-	E	D	D	-	-	E	E	E	E	E	-	-	E	E	-	-	E	E	N	N	N	-	-
N	N	N	-	-	-	-	D	D	D	D	D	-	-	D	D	-	-	D	D	D	D	N	-	-	D	D	D
L	L	L	L	-	-	-	L	L	L	-	-	D	D	D	D	L	-	-	D	L	-	-	D	D	L	-	-
N	N	-	-	E	D	D	N	-	-	E	E	E	N	-	-	E	E	E	-	-	E	E	D	D	D	-	-
E	D	D	N	N	-	-	-	E	E	E	E	E	-	-	D	D	-	-	E	E	D	D	N	-	-	-	-
D	D	D	D	D	-	-	-	D	N	N	-	-	-	-	-	-	D	D	D	N	N	-	-	D	D	D	D
-	-	E	E	D	-	-	D	D	D	D	-	-	E	E	E	E	D	-	-	-	-	-	E	E	E	E	D
E	E	D	N	-	-	-	D	D	D	D	N	-	-	-	E	N	N	-	-	E	E	D	-	-	E	E	E
L	N	-	-	L	L	L	N	N	-	-	D	D	L	-	-	D	L	L	-	-	-	D	L	L	N	-	-
E	E	D	D	-	-	-	-	-	E	E	D	D	N	-	-	D	D	D	D	N	-	-	E	N	N	-	-
E	E	-	-	E	E	E	E	N	-	-	E	D	N	-	-	D	D	D	-	-	D	D	D	N	-	-	-
-	-	D	L	N	-	-	-	D	D	D	L	-	-	L	L	L	L	-	-	D	L	N	-	-	L	L	N
E	D	D	D	D	-	-	-	-	E	E	L	L	L	-	-	L	N	N	N	N	-	-	E	E	D	-	-
E	D	D	L	L	-	-	E	D	D	-	-	-	-	-	E	E	E	D	D	-	-	L	L	-	-	E	D
-	-	E	E	E	D	D	-	-	D	D	D	-	-	-	D	D	D	D	-	-	E	E	D	D	D	-	-
E	L	L	N	-	-	E	E	E	E	L	-	-	-	D	L	L	L	-	-	-	-	-	E	D	L	L	L
D	D	D	-	-	-	-	-	D	D	-	-	-	D	D	D	D	D	D	-	-	-	D	D	D	D	D	D
D	L	L	L	-	-	-	-	D	D	L	L	-	-	-	-	D	D	D	D	L	L	-	-	-	L	L	L
D	D	D	D	L	-	-	-	-	-	D	D	D	D	D	D	-	-	-	E	E	E	E	D	D	-	-	-
E	E	E	N	N	-	-	-	E	D	-	-	-	E	E	E	E	D	N	-	-	-	-	E	E	E	E	N
E	E	D	-	-	-	E	E	L	N	-	-	-	-	E	L	L	L	-	-	-	-	D	L	L	N	N	N
-	-	-	-	-	E	D	D	D	D	D	-	-	-	D	N	N	N	N	-	-	-	D	D	D	D	D	D
D	-	-	-	-	N	-	-	-	-	-	D	N	-	-	D	D	D	-	-	D	-	-	D	D	-	-	-
D	-	-	L	-	-	-	L	-	-	-	-	-	L	L	L	-	-	L	-	-	D	L	L	-	-	-	-
-	-	L	L	L	L	-	-	-	-	-	N	-	-	L	L	N	-	-	E	L	-	-	-	-	-	-	-
-	-	-	D	D	-	-	L	-	-	N	-	-	N	-	-	D	D	D	D	D	-	-	-	-	-	-	-
L	L	L	-	-	-	-	D	L	-	-	-	L	-	-	N	-	-	-	-	E	L	N	-	-	-	-	-
-	-	N	-	-	-	D	D	D	-	-	-	-	-	-	-	-	-	-	-	-	-	D	D	-	D	-	-
-	-	-	-	-	D	D	-	-	-	L	L	L	-	L	-	-	-	-	-	-	-	-	L	-	-	-	-
Objective 0: 10785
Objective 1: 148
Constr violation: 0
Restrictions violated:
0 0 0 0 0 0 0 0 

Individual 11
1	2	3	4	5	6	7	8	9	10	11	12	13	14	15	16	17	18	19	20	21	22	23	24	25	26	27	28
-	-	-	D	D	N	N	N	-	-	D	D	N	-	-	D	D	D	D	-	-	D	D	D	D	D	-	-
-	E	E	-	-	E	D	D	-	-	E	E	E	E	E	-	-	E	E	-	-	E	E	N	N	N	-	-
N	N	N	-	-	-	-	D	D	D	D	D	-	-	D	D	-	-	D	D	D	D	N	-	-	D	D	D
L	L	L	L	L	-	-	-	D	L	L	-	-	L	L	-	-	D	L	L	L	-	-	D	L	L	-	-
N	N	-	-	E	D	D	N	-	-	E	E	E	N	-	-	E	E	E	-	-	E	E	D	D	D	-	-
E	D	D	N	N	-	-	-	E	E	E	E	E	-	-	D	D	-	-	E	E	D	D	N	-	-	-	-
D	D	D	D	D	-	-	-	D	N	N	-	-	-	-	-	-	D	D	D	N	N	-	-	D	D	D	D
-	-	E	E	D	-	-	D	D	D	D	-	-	E	E	E	E	D	-	-	-	-	-	E	E	E	E	D
E	E	D	N	-	-	-	D	D	D	D	N	-	-	-	E	N	N	-	-	E	E	D	-	-	E	E	E
L	N	-	-	L	L	L	N	N	-	-	D	D	L	-	-	D	L	L	-	-	-	D	L	L	N	-	-
E	E	D	D	-	-	-	-	-	E	E	D	D	N	-	-	D	D	D	D	N	-	-	E	N	N	-	-
E	E	-	-	E	E	E	E	N	-	-	E	D	N	-	-	D	D	D	-	-	D	D	D	N	-	-	-
-	-	D	L	N	-	-	-	D	D	D	L	-	-	L	L	L	L	-	-	D	L	N	-	-	L	L	N
E	D	D	D	D	-	-	-	-	E	E	L	L	L	-	-	L	N	N	N	N	-	-	E	E	D	-	-
E	D	D	L	L	-	-	E	D	D	-	-	-	-	-	E	E	E	D	D	-	-	L	L	-	-	E	D
-	-	E	E	E	D	D	-	-	D	D	D	-	-	-	D	D	D	D	-	-	E	E	D	D	D	-	-
E	L	L	N	-	-	E	E	E	E	L	-	-	-	D	L	L	L	-	-	-	-	-	E	D	L	L	L
D	D	D	-	-	-	-	-	D	D	-	-	-	D	D	D	D	D	D	-	-	-	D	D	D	D	D	D
D	L	L	L	-	-	-	-	D	D	L	L	-	-	-	-	D	D	D	D	L	L	-	-	-	L	L	L
D	D	D	D	L	-	-	-	E	E	E	D	D	D	-	-	-	D	L	L	L	L	L	-	-	-	-	-
E	E	E	N	N	-	-	-	E	D	-	-	-	E	E	E	E	D	N	-	-	-	-	E	E	E	E	N
E	E	D	-	-	-	E	E	L	N	-	-	-	-	E	L	L	L	-	-	-	-	D	L	L	N	N	N
-	-	-	-	-	E	D	D	D	D	D	-	-	-	D	N	N	N	N	-	-	-	D	D	D	D	D	D
-	-	-	-	-	D	D	N	-	-	-	-	-	D	D	-	-	-	-	D	D	D	N	-	-	D	-	-
D	-	-	L	-	-	-	L	-	-	-	-	-	L	L	L	-	-	L	-	-	D	L	L	-	-	-	-
-	-	L	L	L	L	-	-	-	-	-	N	-	-	L	L	N	-	-	E	L	-	-	-	-	-	-	-
-	-	-	D	D	-	-	L	-	-	N	-	-	N	-	-	D	D	D	D	D	-	-	-	-	-	-	-
L	L	L	-	-	-	-	D	L	-	-	-	L	-	-	N	-	-	-	-	E	L	N	-	-	-	-	-
-	-	N	-	-	-	D	D	D	-	-	-	-	-	-	-	-	-	-	-	-	-	D	D	-	D	-	-
-	-	-	-	-	D	D	-	-	-	L	L	L	-	L	-	-	-	-	-	-	-	-	L	-	-	-	-
Objective 0: 10179
Objective 1: 160
Constr violation: 0
Restrictions violated:
0 0 0 0 0 0 0 0 

Individual 12
1	2	3	4	5	6	7	8	9	10	11	12	13	14	15	16	17	18	19	20	21	22	23	24	25	26	27	28
-	-	-	D	D	N	N	N	-	-	D	D	N	-	-	D	D	D	D	-	-	D	D	D	D	D	-	-
-	E	E	-	-	E	D	D	-	-	E	E	E	E	E	-	-	E	E	-	-	E	E	N	N	N	-	-
N	N	N	-	-	-	-	D	D	D	D	D	-	-	D	D	-	-	D	D	D	D	N	-	-	D	D	D
L	L	L	L	-	-	-	L	L	L	-	-	D	D	D	D	L	-	-	D	L	-	-	D	D	L	-	-
N	N	-	-	E	D	D	N	-	-	E	E	E	N	-	-	E	E	E	-	-	E	E	D	D	D	-	-
E	D	D	N	N	-	-	-	E	E	E	E	E	-	-	D	D	-	-	E	E	D	D	N	-	-	-	-
D	D	D	D	D	-	-	-	D	N	N	-	-	-	-	-	-	D	D	D	N	N	-	-	D	D	D	D
-	-	E	E	D	-	-	D	D	D	D	-	-	E	E	E	E	D	-	-	-	-	-	E	E	E	E	D
E	E	D	N	-	-	-	D	D	D	D	N	-	-	-	E	N	N	-	-	E	E	D	-	-	E	E	E
L	N	-	-	L	L	L	N	N	-	-	D	D	L	-	-	D	L	L	-	-	-	D	L	L	N	-	-
E	E	D	D	-	-	-	-	-	E	E	D	D	N	-	-	D	D	D	D	N	-	-	E	N	N	-	-
E	E	-	-	E	E	E	E	N	-	-	E	D	N	-	-	D	D	D	-	-	D	D	D	N	-	-	-
-	-	D	L	N	-	-	-	D	D	D	L	-	-	L	L	L	L	-	-	D	L	N	-	-	L	L	N
E	D	D	D	D	-	-	-	-	E	E	L	L	L	-	-	L	N	N	N	N	-	-	E	E	D	-	-
E	D	D	L	L	-	-	E	D	D	-	-	-	-	-	E	E	E	D	D	-	-	L	L	-	-	E	D
-	-	E	E	E	D	D	-	-	D	D	D	-	-	-	D	D	D	D	-	-	E	E	D	D	D	-	-
E	L	L	N	-	-	E	E	E	E	L	-	-	-	D	L	L	L	-	-	-	-	-	E	D	L	L	L
D	D	D	-	-	-	-	-	D	D	-	-	-	D	D	D	D	D	D	-	-	-	D	D	D	D	D	D
D	L	L	L	-	-	-	-	D	D	L	L	-	-	-	-	D	D	D	D	L	L	-	-	-	L	L	L
D	D	D	D	L	-	-	-	-	-	D	D	D	D	D	D	-	-	-	E	E	E	E	D	D	-	-	-
N	N	-	-	-	E	D	D	D	D	D	-	-	-	-	E	E	E	E	-	-	-	-	E	E	E	D	N
E	E	D	-	-	-	E	E	L	N	-	-	-	-	E	L	L	L	-	-	-	-	D	L	L	N	N	N
-	-	-	-	-	E	D	D	D	D	D	-	-	-	D	N	N	N	N	-	-	-	D	D	D	D	D	D
D	-	-	-	-	N	-	-	-	-	-	D	N	-	-	D	D	D	-	-	D	-	-	D	D	-	-	-
-	-	D	-	-	-	-	D	D	-	-	-	-	D	L	L	-	-	-	-	-	L	L	L	L	-	-	-
-	-	L	L	L	L	-	-	-	-	-	N	-	-	L	L	N	-	-	E	L	-	-	-	-	-	-	-
-	-	-	D	D	-	-	L	-	-	N	-	-	N	-	-	D	D	D	D	D	-	-	-	-	-	-	-
E	-	-	E	E	N	N	N	-	-	-	-	-	D	-	-	-	D	D	D	-	-	-	-	E	D	-	-
-	-	N	-	-	-	D	D	D	-	-	-	-	-	-	-	-	-	-	-	-	-	D	D	-	D	-	-
-	-	-	-	-	D	D	-	-	-	-	-	-	-	L	-	-	-	-	-	-	-	-	L	-	L	L	L
Objective 0: 12400
Objective 1: 136
Constr violation: 0
Restrictions violated:
0 0 0 0 0 0 0 0 

Individual 13
1	2	3	4	5	6	7	8	9	10	11	12	13	14	15	16	17	18	19	20	21	22	23	24	25	26	27	28
-	-	-	D	D	N	N	N	-	-	D	D	N	-	-	D	D	D	D	-	-	D	D	D	D	D	-	-
-	E	E	-	-	E	D	D	-	-	E	E	E	E	E	-	-	E	E	-	-	E	E	N	N	N	-	-
N	N	N	-	-	-	-	D	D	D	D	D	-	-	D	D	-	-	D	D	D	D	N	-	-	D	D	D
L	L	L	L	-	-	-	L	L	L	-	-	D	D	D	D	L	-	-	D	L	-	-	D	D	L	-	-
N	N	-	-	E	D	D	N	-	-	E	E	E	N	-	-	E	E	E	-	-	E	E	D	D	D	-	-
E	D	D	N	N	-	-	-	E	E	E	E	E	-	-	D	D	-	-	E	E	D	D	N	-	-	-	-
D	D	D	D	D	-	-	-	D	N	N	-	-	-	-	-	-	D	D	D	N	N	-	-	D	D	D	D
-	-	E	E	D	-	-	D	D	D	D	-	-	E	E	E	E	D	-	-	-	-	-	E	E	E	E	D
E	E	D	N	-	-	-	D	D	D	D	N	-	-	-	E	N	N	-	-	E	E	D	-	-	E	E	E
L	N	-	-	L	L	L	N	N	-	-	D	D	L	-	-	D	L	L	-	-	-	D	L	L	N	-	-
E	E	D	D	-	-	-	-	-	E	E	D	D	N	-	-	D	D	D	D	N	-	-	E	N	N	-	-
E	E	-	-	E	E	E	E	N	-	-	E	D	N	-	-	D	D	D	-	-	D	D	D	N	-	-	-
-	-	D	L	N	-	-	-	D	D	D	L	-	-	L	L	L	L	-	-	D	L	N	-	-	L	L	N
E	D	D	D	D	-	-	-	-	E	E	L	L	L	-	-	L	N	N	N	N	-	-	E	E	D	-	-
E	D	D	L	L	-	-	E	D	D	-	-	-	-	-	E	E	E	D	D	-	-	L	L	-	-	E	D
-	-	E	E	E	D	D	-	-	D	D	D	-	-	-	D	D	D	D	-	-	E	E	D	D	D	-	-
E	L	L	N	-	-	E	E	E	E	L	-	-	-	D	L	L	L	-	-	-	-	-	E	D	L	L	L
D	D	D	-	-	-	-	-	D	D	-	-	-	D	D	D	D	D	D	-	-	-	D	D	D	D	D	D
D	L	L	L	-	-	-	-	D	D	L	L	-	-	-	-	D	D	D	D	L	L	-	-	-	L	L	L
D	D	D	D	L	-	-	-	E	E	E	D	D	D	-	-	-	D	L	L	L	L	L	-	-	-	-	-
E	E	E	N	N	-	-	-	E	D	-	-	-	E	E	E	E	D	N	-	-	-	-	E	E	E	E	N
E	E	D	-	-	-	E	E	L	N	-	-	-	-	E	L	L	L	-	-	-	-	D	L	L	N	N	N
-	-	-	-	-	E	D	D	D	D	D	-	-	-	D	N	N	N	N	-	-	-	D	D	D	D	D	D
D	-	-	-	-	N	-	-	-	-	-	D	N	-	-	D	D	D	-	-	D	-	-	D	D	-	-	-
D	-	-	L	-	-	-	L	-	-	-	-	-	L	L	L	-	-	L	-	-	D	L	L	-	-	-	-
-	-	L	L	L	L	-	-	-	-	-	N	-	-	L	L	N	-	-	E	L	-	-	-	-	-	-	-
-	-	-	D	D	-	-	L	-	-	N	-	-	N	-	-	D	D	D	D	D	-	-	-	-	-	-	-
L	L	L	-	-	-	-	D	L	-	-	-	L	-	-	N	-	-	-	-	E	L	N	-	-	-	-	-
-	-	N	-	-	-	D	D	D	-	-	-	-	-	-	-	-	-	-	-	-	-	D	D	-	D	-	-
-	-	-	-	-	D	D	-	-	-	L	L	L	-	L	-	-	-	-	-	-	-	-	L	-	-	-	-
Objective 0: 10381
Objective 1: 154
Constr violation: 0
Restrictions violated:
0 0 0 0 0 0 0 0 

Individual 14
1	2	3	4	5	6	7	8	9	10	11	12	13	14	15	16	17	18	19	20	21	22	23	24	25	26	27	28
-	-	-	D	D	N	N	N	-	-	D	D	N	-	-	D	D	D	D	-	-	D	D	D	D	D	-	-
-	E	E	-	-	E	D	D	-	-	E	E	E	E	E	-	-	E	E	-	-	E	E	N	N	N	-	-
N	N	N	-	-	-	-	D	D	D	D	D	-	-	D	D	-	-	D	D	D	D	N	-	-	D	D	D
L	L	L	L	-	-	-	L	L	L	-	-	D	D	D	D	L	-	-	D	L	-	-	D	D	L	-	-
N	N	-	-	E	D	D	N	-	-	E	E	E	N	-	-	E	E	E	-	-	E	E	D	D	D	-	-
E	D	D	N	N	-	-	-	E	E	E	E	E	-	-	D	D	-	-	E	E	D	D	N	-	-	-	-
D	D	D	D	D	-	-	-	D	N	N	-	-	-	-	-	-	D	D	D	N	N	-	-	D	D	D	D
-	-	E	E	D	-	-	D	D	D	D	-	-	E	E	E	E	D	-	-	-	-	-	E	E	E	E	D
E	E	D	N	-	-	-	D	D	D	D	N	-	-	-	E	N	N	-	-	E	E	D	-	-	E	E	E
L	N	-	-	L	L	L	N	N	-	-	D	D	L	-	-	D	L	L	-	-	-	D	L	L	N	-	-
E	E	D	D	-	-	-	-	-	E	E	D	D	N	-	-	D	D	D	D	N	-	-	E	N	N	-	-
E	E	-	-	E	E	E	E	N	-	-	E	D	N	-	-	D	D	D	-	-	D	D	D	N	-	-	-
-	-	D	L	N	-	-	-	D	D	D	L	-	-	L	L	L	L	-	-	D	L	N	-	-	L	L	N
E	D	D	D	D	-	-	-	-	E	E	L	L	L	-	-	L	N	N	N	N	-	-	E	E	D	-	-
E	D	D	L	L	-	-	E	D	D	-	-	-	-	-	E	E	E	D	D	-	-	L	L	-	-	E	D
-	-	E	E	E	D	D	-	-	D	D	D	-	-	-	D	D	D	D	-	-	E	E	D	D	D	-	-
E	L	L	N	-	-	E	E	E	E	L	-	-	-	D	L	L	L	-	-	-	-	-	E	D	L	L	L
D	D	D	-	-	-	-	-	D	D	-	-	-	D	D	D	D	D	D	-	-	-	D	D	D	D	D	D
D	L	L	L	-	-	-	-	D	D	L	L	-	-	-	-	D	D	D	D	L	L	-	-	-	L	L	L
D	D	D	D	L	-	-	-	-	-	D	D	D	D	D	D	-	-	-	E	E	E	E	D	D	-	-	-
E	E	E	N	N	-	-	-	E	D	-	-	-	E	E	E	E	D	N	-	-	-	-	E	E	E	E	N
E	E	D	-	-	-	E	E	L	N	-	-	-	-	E	L	L	L	-	-	-	-	D	L	L	N	N	N
-	-	-	-	-	E	D	D	D	D	D	-	-	-	D	N	N	N	N	-	-	-	D	D	D	D	D	D
D	-	-	-	-	N	-	-	-	-	-	D	N	-	-	D	D	D	-	-	D	-	-	D	D	-	-	-
-	-	D	-	-	-	-	D	D	-	-	-	-	D	L	L	-	-	-	-	-	L	L	L	L	-	-	-
D	-	-	-	E	-	-	E	E	L	L	L	-	-	-	N	-	-	-	E	D	-	-	-	-	-	-	-
-	-	-	D	D	-	-	L	-	-	N	-	-	N	-	-	D	D	D	D	D	-	-	-	-	-	-	-
E	-	-	E	E	N	N	N	-	-	-	-	-	D	-	-	-	D	D	D	-	-	-	-	E	D	-	-
-	-	N	-	-	-	D	D	D	-	-	-	-	-	-	-	-	-	-	-	-	-	D	D	-	D	-	-
-	-	-	-	-	D	D	-	-	-	-	-	-	-	L	-	-	-	-	-	-	-	-	L	-	L	L	L
Objective 0: 11896
Objective 1: 138
Constr violation: 0
Restrictions violated:
0 0 0 0 0 0 0 0 

Individual 15
1	2	3	4	5	6	7	8	9	10	11	12	13	14	15	16	17	18	19	20	21	22	23	24	25	26	27	28
-	-	-	D	D	N	N	N	-	-	D	D	N	-	-	D	D	D	D	-	-	D	D	D	D	D	-	-
-	E	E	-	-	E	D	D	-	-	E	E	E	E	E	-	-	E	E	-	-	E	E	N	N	N	-	-
N	N	N	-	-	-	-	D	D	D	D	D	-	-	D	D	-	-	D	D	D	D	N	-	-	D	D	D
L	L	L	L	L	-	-	-	D	L	L	-	-	L	L	-	-	D	L	L	L	-	-	D	L	L	-	-
N	N	-	-	E	D	D	N	-	-	E	E	E	N	-	-	E	E	E	-	-	E	E	D	D	D	-	-
E	D	D	N	N	-	-	-	E	E	E	E	E	-	-	D	D	-	-	E	E	D	D	N	-	-	-	-
D	D	D	D	D	-	-	-	D	N	N	-	-	-	-	-	-	D	D	D	N	N	-	-	D	D	D	D
-	-	E	E	D	-	-	D	D	D	D	-	-	E	E	E	E	D	-	-	-	-	-	E	E	E	E	D
E	E	D	N	-	-	-	D	D	D	D	N	-	-	-	E	N	N	-	-	E	E	D	-	-	E	E	E
L	N	-	-	L	L	L	N	N	-	-	D	D	L	-	-	D	L	L	-	-	-	D	L	L	N	-	-
E	E	D	D	-	-	-	-	-	E	E	D	D	N	-	-	D	D	D	D	N	-	-	E	N	N	-	-
E	E	-	-	E	E	E	E	N	-	-	E	D	N	-	-	D	D	D	-	-	D	D	D	N	-	-	-
-	-	D	L	N	-	-	-	D	D	D	L	-	-	L	L	L	L	-	-	D	L	N	-	-	L	L	N
E	D	D	D	D	-	-	-	-	E	E	L	L	L	-	-	L	N	N	N	N	-	-	E	E	D	-	-
E	D	D	L	L	-	-	E	D	D	-	-	-	-	-	E	E	E	D	D	-	-	L	L	-	-	E	D
-	-	E	E	E	D	D	-	-	D	D	D	-	-	-	D	D	D	D	-	-	E	E	D	D	D	-	-
E	L	L	N	-	-	E	E	E	E	L	-	-	-	D	L	L	L	-	-	-	-	-	E	D	L	L	L
D	D	D	-	-	-	-	-	D	D	-	-	-	D	D	D	D	D	D	-	-	-	D	D	D	D	D	D
D	L	L	L	-	-	-	-	D	D	L	L	-	-	-	-	D	D	D	D	L	L	-	-	-	L	L	L
D	D	D	D	L	-	-	-	E	E	E	D	D	D	-	-	-	D	L	L	L	L	L	-	-	-	-	-
E	E	E	N	N	-	-	-	E	D	-	-	-	E	E	E	E	D	N	-	-	-	-	E	E	E	E	N
E	E	D	-	-	-	E	E	L	N	-	-	-	-	E	L	L	L	-	-	-	-	D	L	L	N	N	N
-	-	-	-	-	E	D	D	D	D	D	-	-	-	D	N	N	N	N	-	-	-	D	D	D	D	D	D
-	-	-	-	-	D	D	N	-	-	-	-	-	D	D	-	-	-	-	D	D	D	N	-	-	D	-	-
D	-	-	L	-	-	-	L	-	-	-	-	-	L	L	L	-	-	L	-	-	D	L	L	-	-	-	-
-	-	L	L	L	L	-	-	-	-	-	N	-	-	L	L	N	-	-	E	L	-	-	-	-	-	-	-
-	-	-	D	D	-	-	L	-	-	N	-	-	N	-	-	D	D	D	D	D	-	-	-	-	-	-	-
L	L	L	-	-	-	-	D	L	-	-	-	L	-	-	N	-	-	-	-	E	L	N	-	-	-	-	-
-	-	N	-	-	-	D	D	D	-	-	-	-	-	-	-	-	-	-	-	-	-	D	D	-	D	-	-
-	-	-	-	-	D	D	-	-	-	L	L	L	-	L	-	-	-	-	-	-	-	-	L	-	-	-	-
Objective 0: 10179
Objective 1: 160
Constr violation: 0
Restrictions violated:
0 0 0 0 0 0 0 0 

Individual 16
1	2	3	4	5	6	7	8	9	10	11	12	13	14	15	16	17	18	19	20	21	22	23	24	25	26	27	28
-	-	-	D	D	N	N	N	-	-	D	D	N	-	-	D	D	D	D	-	-	D	D	D	D	D	-	-
-	E	E	-	-	E	D	D	-	-	E	E	E	E	E	-	-	E	E	-	-	E	E	N	N	N	-	-
N	N	N	-	-	-	-	D	D	D	D	D	-	-	D	D	-	-	D	D	D	D	N	-	-	D	D	D
L	L	L	L	-	-	-	L	L	L	-	-	D	D	D	D	L	-	-	D	L	-	-	D	D	L	-	-
N	N	-	-	E	D	D	N	-	-	E	E	E	N	-	-	E	E	E	-	-	E	E	D	D	D	-	-
E	D	D	N	N	-	-	-	E	E	E	E	E	-	-	D	D	-	-	E	E	D	D	N	-	-	-	-
D	D	D	D	D	-	-	-	D	N	N	-	-	-	-	-	-	D	D	D	N	N	-	-	D	D	D	D
-	-	E	E	D	-	-	D	D	D	D	-	-	E	E	E	E	D	-	-	-	-	-	E	E	E	E	D
E	E	D	N	-	-	-	D	D	D	D	N	-	-	-	E	N	N	-	-	E	E	D	-	-	E	E	E
L	N	-	-	L	L	L	N	N	-	-	D	D	L	-	-	D	L	L	-	-	-	D	L	L	N	-	-
E	E	D	D	-	-	-	-	-	E	E	D	D	N	-	-	D	D	D	D	N	-	-	E	N	N	-	-
E	E	-	-	E	E	E	E	N	-	-	E	D	N	-	-	D	D	D	-	-	D	D	D	N	-	-	-
-	-	D	L	N	-	-	-	D	D	D	L	-	-	L	L	L	L	-	-	D	L	N	-	-	L	L	N
E	D	D	D	D	-	-	-	-	E	E	L	L	L	-	-	L	N	N	N	N	-	-	E	E	D	-	-
E	D	D	L	L	-	-	E	D	D	-	-	-	-	-	E	E	E	D	D	-	-	L	L	-	-	E	D
-	-	E	E	E	D	D	-	-	D	D	D	-	-	-	D	D	D	D	-	-	E	E	D	D	D	-	-
E	L	L	N	-	-	E	E	E	E	L	-	-	-	D	L	L	L	-	-	-	-	-	E	D	L	L	L
D	D	D	-	-	-	-	-	D	D	-	-	-	D	D	D	D	D	D	-	-	-	D	D	D	D	D	D
D	L	L	L	-	-	-	-	D	D	L	L	-	-	-	-	D	D	D	D	L	L	-	-	-	L	L	L
D	D	D	D	L	-	-	-	E	E	E	D	D	D	-	-	-	D	L	L	L	L	L	-	-	-	-	-
E	E	E	N	N	-	-	-	E	D	-	-	-	E	E	E	E	D	N	-	-	-	-	E	E	E	E	N
E	E	D	-	-	-	E	E	L	N	-	-	-	-	E	L	L	L	-	-	-	-	D	L	L	N	N	N
-	-	-	-	-	E	D	D	D	D	D	-	-	-	D	N	N	N	N	-	-	-	D	D	D	D	D	D
D	-	-	-	-	N	-	-	-	-	-	D	N	-	-	D	D	D	-	-	D	-	-	D	D	-	-	-
D	-	-	L	-	-	-	L	-	-	-	-	-	L	L	L	-	-	L	-	-	D	L	L	-	-	-	-
-	-	L	L	L	L	-	-	-	-	-	N	-	-	L	L	N	-	-	E	L	-	-	-	-	-	-	-
-	-	-	D	D	-	-	L	-	-	N	-	-	N	-	-	D	D	D	D	D	-	-	-	-	-	-	-
L	L	L	-	-	-	-	D	L	-	-	-	L	-	-	N	-	-	-	-	E	L	N	-	-	-	-	-
-	-	N	-	-	-	D	D	D	-	-	-	-	-	-	-	-	-	-	-	-	-	D	D	-	D	-	-
-	-	-	-	-	D	D	-	-	-	-	-	-	-	L	-	-	-	-	-	-	-	-	L	-	L	L	L
Objective 0: 10583
Objective 1: 150
Constr violation: 0
Restrictions violated:
0 0 0 0 0 0 0 0 

Individual 17
1	2	3	4	5	6	7	8	9	10	11	12	13	14	15	16	17	18	19	20	21	22	23	24	25	26	27	28
-	-	-	D	D	N	N	N	-	-	D	D	N	-	-	D	D	D	D	-	-	D	D	D	D	D	-	-
-	E	E	-	-	E	D	D	-	-	E	E	E	E	E	-	-	E	E	-	-	E	E	N	N	N	-	-
N	N	N	-	-	-	-	D	D	D	D	D	-	-	D	D	-	-	D	D	D	D	N	-	-	D	D	D
L	L	L	L	-	-	-	L	L	L	-	-	D	D	D	D	L	-	-	D	L	-	-	D	D	L	-	-
N	N	-	-	E	D	D	N	-	-	E	E	E	N	-	-	E	E	E	-	-	E	E	D	D	D	-	-
E	D	D	N	N	-	-	-	E	E	E	E	E	-	-	D	D	-	-	E	E	D	D	N	-	-	-	-
D	D	D	D	D	-	-	-	D	N	N	-	-	-	-	-	-	D	D	D	N	N	-	-	D	D	D	D
-	-	E	E	D	-	-	D	D	D	D	-	-	E	E	E	E	D	-	-	-	-	-	E	E	E	E	D
E	E	D	N	-	-	-	D	D	D	D	N	-	-	-	E	N	N	-	-	E	E	D	-	-	E	E	E
L	N	-	-	L	L	L	N	N	-	-	D	D	L	-	-	D	L	L	-	-	-	D	L	L	N	-	-
E	E	D	D	-	-	-	-	-	E	E	D	D	N	-	-	D	D	D	D	N	-	-	E	N	N	-	-
E	E	-	-	E	E	E	E	N	-	-	E	D	N	-	-	D	D	D	-	-	D	D	D	N	-	-	-
-	-	D	L	N	-	-	-	D	D	D	L	-	-	L	L	L	L	-	-	D	L	N	-	-	L	L	N
E	D	D	D	D	-	-	-	-	E	E	L	L	L	-	-	L	N	N	N	N	-	-	E	E	D	-	-
E	D	D	L	L	-	-	E	D	D	-	-	-	-	-	E	E	E	D	D	-	-	L	L	-	-	E	D
-	-	E	E	E	D	D	-	-	D	D	D	-	-	-	D	D	D	D	-	-	E	E	D	D	D	-	-
E	L	L	N	-	-	E	E	E	E	L	-	-	-	D	L	L	L	-	-	-	-	-	E	D	L	L	L
D	D	D	-	-	-	-	-	D	D	-	-	-	D	D	D	D	D	D	-	-	-	D	D	D	D	D	D
D	L	L	L	-	-	-	-	D	D	L	L	-	-	-	-	D	D	D	D	L	L	-	-	-	L	L	L
D	D	D	D	L	-	-	-	-	-	D	D	D	D	D	D	-	-	-	E	E	E	E	D	D	-	-	-
E	E	E	N	N	-	-	-	E	D	-	-	-	E	E	E	E	D	N	-	-	-	-	E	E	E	E	N
E	E	D	-	-	-	E	E	L	N	-	-	-	-	E	L	L	L	-	-	-	-	D	L	L	N	N	N
-	-	-	-	-	E	D	D	D	D	D	-	-	-	D	N	N	N	N	-	-	-	D	D	D	D	D	D
D	-	-	-	-	N	-	-	-	-	-	D	N	-	-	D	D	D	-	-	D	-	-	D	D	-	-	-
D	-	-	L	-	-	-	L	-	-	-	-	-	L	L	L	-	-	L	-	-	D	L	L	-	-	-	-
-	-	L	L	L	L	-	-	-	-	-	N	-	-	L	L	N	-	-	E	L	-	-	-	-	-	-	-
-	-	-	D	D	-	-	L	-	-	N	-	-	N	-	-	D	D	D	D	D	-	-	-	-	-	-	-
L	L	L	-	-	-	-	D	L	-	-	-	L	-	-	N	-	-	-	-	E	L	N	-	-	-	-	-
-	-	N	-	-	-	D	D	D	-	-	-	-	-	-	-	-	-	-	-	-	-	D	D	-	D	-	-
-	-	-	-	-	D	D	-	-	-	L	L	L	-	L	-	-	-	-	-	-	-	-	L	-	-	-	-
Objective 0: 10785
Objective 1: 148
Constr violation: 0
Restrictions violated:
0 0 0 0 0 0 0 0 

Individual 18
1	2	3	4	5	6	7	8	9	10	11	12	13	14	15	16	17	18	19	20	21	22	23	24	25	26	27	28
-	-	-	D	D	N	N	N	-	-	D	D	N	-	-	D	D	D	D	-	-	D	D	D	D	D	-	-
-	E	E	-	-	E	D	D	-	-	E	E	E	E	E	-	-	E	E	-	-	E	E	N	N	N	-	-
N	N	N	-	-	-	-	D	D	D	D	D	-	-	D	D	-	-	D	D	D	D	N	-	-	D	D	D
L	L	L	L	-	-	-	L	L	L	-	-	D	D	D	D	L	-	-	D	L	-	-	D	D	L	-	-
N	N	-	-	E	D	D	N	-	-	E	E	E	N	-	-	E	E	E	-	-	E	E	D	D	D	-	-
E	D	D	N	N	-	-	-	E	E	E	E	E	-	-	D	D	-	-	E	E	D	D	N	-	-	-	-
D	D	D	D	D	-	-	-	D	N	N	-	-	-	-	-	-	D	D	D	N	N	-	-	D	D	D	D
-	-	E	E	D	-	-	D	D	D	D	-	-	E	E	E	E	D	-	-	-	-	-	E	E	E	E	D
E	E	D	N	-	-	-	D	D	D	D	N	-	-	-	E	N	N	-	-	E	E	D	-	-	E	E	E
L	N	-	-	L	L	L	N	N	-	-	D	D	L	-	-	D	L	L	-	-	-	D	L	L	N	-	-
E	E	D	D	-	-	-	-	-	E	E	D	D	N	-	-	D	D	D	D	N	-	-	E	N	N	-	-
E	E	-	-	E	E	E	E	N	-	-	E	D	N	-	-	D	D	D	-	-	D	D	D	N	-	-	-
-	-	D	L	N	-	-	-	D	D	D	L	-	-	L	L	L	L	-	-	D	L	N	-	-	L	L	N
E	D	D	D	D	-	-	-	-	E	E	L	L	L	-	-	L	N	N	N	N	-	-	E	E	D	-	-
E	D	D	L	L	-	-	E	D	D	-	-	-	-	-	E	E	E	D	D	-	-	L	L	-	-	E	D
-	-	E	E	E	D	D	-	-	D	D	D	-	-	-	D	D	D	D	-	-	E	E	D	D	D	-	-
E	L	L	N	-	-	E	E	E	E	L	-	-	-	D	L	L	L	-	-	-	-	-	E	D	L	L	L
D	D	D	-	-	-	-	-	D	D	-	-	-	D	D	D	D	D	D	-	-	-	D	D	D	D	D	D
D	L	L	L	-	-	-	-	D	D	L	L	-	-	-	-	D	D	D	D	L	L	-	-	-	L	L	L
D	D	D	D	L	-	-	-	E	E	E	D	D	D	-	-	-	D	L	L	L	L	L	-	-	-	-	-
E	E	E	N	N	-	-	-	E	D	-	-	-	E	E	E	E	D	N	-	-	-	-	E	E	E	E	N
E	E	D	-	-	-	E	E	L	N	-	-	-	-	E	L	L	L	-	-	-	-	D	L	L	N	N	N
-	-	-	-	-	E	D	D	D	D	D	-	-	-	D	N	N	N	N	-	-	-	D	D	D	D	D	D
D	-	-	-	-	N	-	-	-	-	-	D	N	-	-	D	D	D	-	-	D	-	-	D	D	-	-	-
D	-	-	L	-	-	-	L	-	-	-	-	-	L	L	L	-	-	L	-	-	D	L	L	-	-	-	-
-	-	L	L	L	L	-	-	-	-	-	N	-	-	L	L	N	-	-	E	L	-	-	-	-	-	-	-
-	-	-	D	D	-	-	L	-	-	N	-	-	N	-	-	D	D	D	D	D	-	-	-	-	-	-	-
L	L	L	-	-	-	-	D	L	-	-	-	L	-	-	N	-	-	-	-	E	L	N	-	-	-	-	-
-	-	N	-	-	-	D	D	D	-	-	-	-	-	-	-	-	-	-	-	-	-	D	D	-	D	-	-
-	-	-	-	-	D	D	-	-	-	L	L	L	-	L	-	-	-	-	-	-	-	-	L	-	-	-	-
Objective 0: 10381
Objective 1: 154
Constr violation: 0
Restrictions violated:
0 0 0 0 0 0 0 0 

Individual 19
1	2	3	4	5	6	7	8	9	10	11	12	13	14	15	16	17	18	19	20	21	22	23	24	25	26	27	28
-	-	-	D	D	N	N	N	-	-	D	D	N	-	-	D	D	D	D	-	-	D	D	D	D	D	-	-
-	E	E	-	-	E	D	D	-	-	E	E	E	E	E	-	-	E	E	-	-	E	E	N	N	N	-	-
N	N	N	-	-	-	-	D	D	D	D	D	-	-	D	D	-	-	D	D	D	D	N	-	-	D	D	D
L	L	L	L	-	-	-	L	L	L	-	-	D	D	D	D	L	-	-	D	L	-	-	D	D	L	-	-
N	N	-	-	E	D	D	N	-	-	E	E	E	N	-	-	E	E	E	-	-	E	E	D	D	D	-	-
E	D	D	N	N	-	-	-	E	E	E	E	E	-	-	D	D	-	-	E	E	D	D	N	-	-	-	-
D	D	D	D	D	-	-	-	D	N	N	-	-	-	-	-	-	D	D	D	N	N	-	-	D	D	D	D
-	-	E	E	D	-	-	D	D	D	D	-	-	E	E	E	E	D	-	-	-	-	-	E	E	E	E	D
E	E	D	N	-	-	-	D	D	D	D	N	-	-	-	E	N	N	-	-	E	E	D	-	-	E	E	E
L	N	-	-	L	L	L	N	N	-	-	D	D	L	-	-	D	L	L	-	-	-	D	L	L	N	-	-
E	E	D	D	-	-	-	-	-	E	E	D	D	N	-	-	D	D	D	D	N	-	-	E	N	N	-	-
E	E	-	-	E	E	E	E	N	-	-	E	D	N	-	-	D	D	D	-	-	D	D	D	N	-	-	-
-	-	D	L	N	-	-	-	D	D	D	L	-	-	L	L	L	L	-	-	D	L	N	-	-	L	L	N
E	D	D	D	D	-	-	-	-	E	E	L	L	L	-	-	L	N	N	N	N	-	-	E	E	D	-	-
E	D	D	L	L	-	-	E	D	D	-	-	-	-	-	E	E	E	D	D	-	-	L	L	-	-	E	D
-	-	E	E	E	D	D	-	-	D	D	D	-	-	-	D	D	D	D	-	-	E	E	D	D	D	-	-
E	L	L	N	-	-	E	E	E	E	L	-	-	-	D	L	L	L	-	-	-	-	-	E	D	L	L	L
D	D	D	-	-	-	-	-	D	D	-	-	-	D	D	D	D	D	D	-	-	-	D	D	D	D	D	D
D	L	L	L	-	-	-	-	D	D	L	L	-	-	-	-	D	D	D	D	L	L	-	-	-	L	L	L
D	D	D	D	L	-	-	-	E	E	E	D	D	D	-	-	-	D	L	L	L	L	L	-	-	-	-	-
E	E	E	N	N	-	-	-	E	D	-	-	-	E	E	E	E	D	N	-	-	-	-	E	E	E	E	N
E	E	D	-	-	-	E	E	L	N	-	-	-	-	E	L	L	L	-	-	-	-	D	L	L	N	N	N
-	-	-	-	-	E	D	D	D	D	D	-	-	-	D	N	N	N	N	-	-	-	D	D	D	D	D	D
D	-	-	-	-	N	-	-	-	-	-	D	N	-	-	D	D	D	-	-	D	-	-	D	D	-	-	-
D	-	-	L	-	-	-	L	-	-	-	-	-	L	L	L	-	-	L	-	-	D	L	L	-	-	-	-
-	-	L	L	L	L	-	-	-	-	-	N	-	-	L	L	N	-	-	E	L	-	-	-	-	-	-	-
-	-	-	D	D	-	-	L	-	-	N	-	-	N	-	-	D	D	D	D	D	-	-	-	-	-	-	-
L	L	L	-	-	-	-	D	L	-	-	-	L	-	-	N	-	-	-	-	E	L	N	-	-	-	-	-
-	-	N	-	-	-	D	D	D	-	-	-	-	-	-	-	-	-	-	-	-	-	D	D	-	D	-	-
-	-	-	-	-	D	D	-	-	-	-	-	-	-	L	-	-	-	-	-	-	-	-	L	-	L	L	L
Objective 0: 10583
Objective 1: 150
Constr violation: 0
Restrictions violated:
0 0 0 0 0 0 0 0 

