Individual 0
1	2	3	4	5	6	7	8	9	10	11	12	13	14	15	16	17	18	19	20	21	22	23	24	25	26	27	28
-	-	-	D	N	N	-	-	D	D	D	D	N	-	-	D	D	D	N	-	-	D	D	D	D	D	-	-
D	D	N	N	-	-	-	D	N	-	-	E	E	E	E	D	-	-	E	E	-	-	E	E	D	N	-	-
-	-	D	D	N	-	-	D	D	D	D	D	-	-	D	D	-	-	-	D	N	-	-	D	D	D	N	N
D	D	D	D	L	-	-	D	L	-	-	D	D	D	L	L	-	-	L	L	L	-	-	D	D	-	-	-
N	N	-	-	D	D	D	N	-	-	E	D	-	-	-	E	E	E	N	-	-	E	E	-	-	E	E	E
E	N	-	-	E	E	N	N	-	-	E	E	E	E	-	-	E	E	E	-	-	E	E	E	D	D	-	-
D	D	D	N	-	-	-	-	-	D	D	D	D	-	-	D	D	D	D	-	-	D	N	N	N	-	-	D
D	D	D	D	D	-	-	E	E	E	D	-	-	E	E	E	D	D	-	-	E	E	D	-	-	-	-	-
E	N	N	N	-	-	E	E	E	D	N	-	-	-	-	-	E	E	D	-	-	E	E	-	-	E	E	E
L	L	N	-	-	L	L	N	N	N	-	-	L	L	-	-	L	L	L	-	-	L	L	L	L	-	-	-
E	E	E	D	N	-	-	-	-	E	E	D	D	N	-	-	E	E	D	D	N	-	-	E	N	-	-	-
-	-	E	E	E	D	D	-	-	-	E	D	N	N	-	-	D	D	D	-	-	E	E	E	E	D	-	-
-	-	L	L	-	-	D	L	L	N	N	-	-	-	D	L	L	L	L	-	-	D	L	L	L	N	-	-
E	D	D	L	-	-	-	-	-	E	D	L	L	L	-	-	N	N	N	N	-	-	L	L	L	L	-	-
E	E	L	L	L	-	-	E	E	L	-	-	E	L	-	-	E	E	E	-	-	-	D	D	-	-	E	L
E	E	E	E	E	-	-	-	-	-	E	D	-	-	E	E	D	D	D	-	-	E	D	-	-	E	E	E
D	L	-	-	-	E	E	D	D	L	-	-	-	-	E	D	N	N	-	-	-	-	D	L	L	L	L	N
D	D	D	D	-	-	-	-	D	D	-	-	-	-	D	D	D	D	D	D	-	-	-	D	D	D	D	D
L	L	L	L	-	-	-	D	D	L	L	L	-	-	-	D	L	L	L	L	L	-	-	-	D	D	L	L
D	L	L	L	L	-	-	-	-	E	E	E	D	D	D	-	-	-	D	D	D	D	D	D	-	-	-	-
E	E	-	-	-	-	-	E	E	E	E	-	-	-	E	E	E	E	D	N	-	-	-	E	E	D	D	D
D	L	L	L	L	-	-	-	L	L	-	-	-	E	L	L	L	L	-	-	-	-	-	E	E	D	L	L
-	-	-	-	D	D	D	D	N	N	-	-	-	-	E	E	E	E	E	-	-	-	E	D	D	D	D	D
N	-	-	-	-	-	N	-	-	-	-	-	D	D	D	D	D	-	-	-	D	-	-	D	D	-	-	-
-	-	-	L	L	-	-	-	-	D	-	-	D	L	L	L	L	-	-	L	-	-	-	D	-	-	-	-
L	-	-	-	-	-	-	-	E	-	-	E	E	E	L	N	-	-	-	E	E	L	-	-	-	-	-	-
-	-	-	-	L	-	-	L	L	L	-	-	N	-	-	N	-	-	D	D	D	L	-	-	-	-	-	-
-	-	E	N	-	-	-	-	-	-	N	-	-	L	-	-	-	-	E	L	-	-	-	-	E	L	L	L
-	-	-	N	-	-	-	-	-	-	-	-	-	-	-	-	-	-	-	D	D	-	D	-	D	D	D	-
N	-	-	-	D	D	D	-	-	-	-	-	-	-	-	-	-	-	-	D	-	L	-	-	L	-	-	-
Objective 0: 9974
Objective 1: 159
Constr violation: 0
Restrictions violated:
0 0 0 0 0 0 0 0 

Individual 1
1	2	3	4	5	6	7	8	9	10	11	12	13	14	15	16	17	18	19	20	21	22	23	24	25	26	27	28
-	-	-	D	N	N	-	-	D	D	D	D	N	-	-	D	D	D	N	-	-	D	D	D	D	D	-	-
D	D	N	N	-	-	-	D	N	-	-	E	E	E	E	D	-	-	E	E	-	-	E	E	D	N	-	-
-	-	D	D	N	-	-	D	D	D	D	D	-	-	D	D	-	-	-	D	N	-	-	D	D	D	N	N
D	D	D	D	L	-	-	D	L	-	-	D	D	D	L	L	-	-	L	L	L	-	-	D	D	-	-	-
N	N	-	-	D	D	D	N	-	-	E	D	-	-	-	E	E	E	N	-	-	E	E	-	-	E	E	E
E	N	-	-	E	E	N	N	-	-	E	E	E	E	-	-	E	E	E	-	-	E	E	E	D	D	-	-
D	D	D	N	-	-	-	-	-	D	D	D	D	-	-	D	D	D	D	-	-	D	N	N	N	-	-	D
D	D	D	D	D	-	-	E	E	E	D	-	-	E	E	E	D	D	-	-	E	E	D	-	-	-	-	-
E	N	N	N	-	-	E	E	E	D	N	-	-	-	-	-	E	E	D	-	-	E	E	-	-	E	E	E
L	L	N	-	-	L	L	N	N	N	-	-	L	L	-	-	L	L	L	-	-	L	L	L	L	-	-	-
E	E	E	D	N	-	-	-	E	E	D	D	N	-	-	-	E	D	D	D	N	-	-	D	D	N	-	-
-	-	E	E	E	D	D	-	-	-	E	D	N	N	-	-	D	D	D	-	-	E	E	E	E	D	-	-
-	-	L	L	-	-	D	L	L	N	N	-	-	-	D	L	L	L	L	-	-	D	L	L	L	N	-	-
E	D	D	L	-	-	-	-	-	E	D	L	L	L	-	-	N	N	N	N	-	-	L	L	L	L	-	-
E	E	L	L	L	-	-	E	E	L	-	-	E	L	-	-	E	E	E	-	-	-	D	D	-	-	E	L
E	E	E	E	E	-	-	-	-	-	E	D	-	-	E	E	D	D	D	-	-	E	D	-	-	E	E	E
D	L	-	-	-	E	E	D	D	L	-	-	-	-	E	D	N	N	-	-	-	-	D	L	L	L	L	N
D	D	D	D	-	-	-	-	D	D	-	-	-	-	D	D	D	D	D	D	-	-	-	D	D	D	D	D
L	L	L	L	-	-	-	D	D	L	L	L	-	-	-	D	L	L	L	L	L	-	-	-	-	-	D	D
D	L	L	L	L	-	-	-	-	E	E	E	D	D	D	-	-	-	D	D	D	D	D	D	-	-	-	-
E	E	-	-	-	-	-	E	E	E	E	-	-	-	E	E	E	E	D	N	-	-	-	E	E	D	D	D
D	L	L	L	L	-	-	-	L	L	-	-	-	E	L	L	L	L	-	-	-	-	-	E	E	D	L	L
-	-	-	-	D	D	D	D	N	N	-	-	-	-	E	E	E	E	E	-	-	-	E	D	D	D	D	D
N	-	-	-	-	-	N	-	-	-	-	-	D	D	D	D	D	-	-	-	D	-	-	D	D	-	-	-
-	-	-	L	L	-	-	-	-	D	-	-	D	L	L	L	L	-	-	L	-	-	-	D	-	-	-	-
L	-	-	-	-	-	-	-	E	-	-	E	E	E	L	N	-	-	-	E	E	L	-	-	-	-	-	-
-	-	-	-	L	-	-	L	L	L	-	-	N	-	-	N	-	-	D	D	D	L	-	-	-	-	-	-
-	-	E	N	-	-	-	-	-	-	N	-	-	L	-	-	-	-	E	L	-	-	-	-	E	L	L	L
-	-	-	N	-	-	-	-	-	-	-	-	-	-	-	-	-	-	-	D	D	-	D	-	D	D	D	-
-	-	-	-	-	D	D	D	N	-	-	-	-	-	-	-	-	-	-	L	-	-	-	-	-	L	-	L
Objective 0: 10277
Objective 1: 156
Constr violation: 0
Restrictions violated:
0 0 0 0 0 0 0 0 

Individual 2
1	2	3	4	5	6	7	8	9	10	11	12	13	14	15	16	17	18	19	20	21	22	23	24	25	26	27	28
-	-	-	D	N	N	-	-	D	D	D	D	N	-	-	D	D	D	N	-	-	D	D	D	D	D	-	-
D	D	N	N	-	-	-	D	N	-	-	E	E	E	E	D	-	-	E	E	-	-	E	E	D	N	-	-
-	-	D	D	N	-	-	D	D	D	D	D	-	-	D	D	-	-	-	D	N	-	-	D	D	D	N	N
D	D	D	D	L	-	-	D	L	-	-	D	D	D	L	L	-	-	L	L	L	-	-	D	D	-	-	-
N	N	-	-	D	D	D	N	-	-	E	D	-	-	-	E	E	E	N	-	-	E	E	-	-	E	E	E
E	D	D	D	N	-	-	-	N	N	-	-	E	D	-	-	E	E	E	D	D	-	-	E	D	D	-	-
D	D	D	N	-	-	-	-	-	D	D	D	D	-	-	D	D	D	D	-	-	D	N	N	N	-	-	D
D	D	D	D	D	-	-	E	E	E	D	-	-	E	E	E	D	D	-	-	E	E	D	-	-	-	-	-
E	N	N	N	-	-	E	E	E	D	N	-	-	-	-	-	E	E	D	-	-	E	E	-	-	E	E	E
L	L	N	-	-	L	L	N	N	N	-	-	L	L	-	-	L	L	L	-	-	L	L	L	L	-	-	-
E	E	E	D	N	-	-	-	E	E	D	D	N	-	-	-	E	D	D	D	N	-	-	D	D	N	-	-
-	-	E	E	E	D	D	-	-	-	E	D	N	N	-	-	D	D	D	-	-	E	E	E	E	D	-	-
-	-	L	L	-	-	D	L	L	N	N	-	-	-	D	L	L	L	L	-	-	D	L	L	L	N	-	-
E	D	D	L	-	-	-	-	-	E	D	L	L	L	-	-	N	N	N	N	-	-	L	L	L	L	-	-
E	E	L	L	L	-	-	E	E	L	-	-	E	L	-	-	E	E	E	-	-	-	D	D	-	-	E	L
E	E	E	E	E	-	-	-	-	-	E	D	-	-	E	E	D	D	D	-	-	E	D	-	-	E	E	E
D	L	-	-	-	E	E	D	D	L	-	-	-	-	E	D	N	N	-	-	-	-	D	L	L	L	L	N
D	D	D	D	-	-	-	-	D	D	-	-	-	-	D	D	D	D	D	D	-	-	-	D	D	D	D	D
L	L	L	L	-	-	-	D	D	L	L	L	-	-	-	D	L	L	L	L	L	-	-	-	-	-	D	D
D	L	L	L	L	-	-	-	-	E	E	E	D	D	D	-	-	-	D	D	D	D	D	D	-	-	-	-
E	E	-	-	-	-	-	E	E	E	E	-	-	-	E	E	E	E	D	N	-	-	-	E	E	D	D	D
D	L	L	L	L	-	-	-	L	L	-	-	-	E	L	L	L	L	-	-	-	-	-	E	E	D	L	L
-	-	-	-	D	D	D	D	N	N	-	-	-	-	E	E	E	E	E	-	-	-	E	D	D	D	D	D
N	-	-	-	-	-	N	-	-	-	-	-	D	D	D	D	D	-	-	-	D	-	-	D	D	-	-	-
-	-	-	L	L	-	-	-	-	D	-	-	D	L	L	L	L	-	-	L	-	-	-	D	-	-	-	-
L	-	-	-	-	-	-	-	E	-	-	E	E	E	L	N	-	-	-	E	E	L	-	-	-	-	-	-
-	-	-	-	L	-	-	L	L	L	-	-	N	-	-	N	-	-	D	D	D	L	-	-	-	-	-	-
-	-	E	N	-	-	-	-	-	-	N	-	-	L	-	-	-	-	E	L	-	-	-	-	E	L	L	L
-	-	-	N	-	-	-	-	-	-	-	-	-	-	-	-	-	-	-	D	D	-	D	-	D	D	D	-
-	-	-	-	-	D	D	D	N	-	-	-	-	-	-	-	-	-	-	L	-	-	-	-	-	L	-	L
Objective 0: 10882
Objective 1: 152
Constr violation: 0
Restrictions violated:
0 0 0 0 0 0 0 0 

Individual 3
1	2	3	4	5	6	7	8	9	10	11	12	13	14	15	16	17	18	19	20	21	22	23	24	25	26	27	28
-	-	-	D	N	N	-	-	D	D	D	D	N	-	-	D	D	D	N	-	-	D	D	D	D	D	-	-
D	D	N	N	-	-	-	D	N	-	-	E	E	E	E	D	-	-	E	E	-	-	E	E	D	N	-	-
-	-	D	D	N	-	-	D	D	D	D	D	-	-	D	D	-	-	-	D	N	-	-	D	D	D	N	N
D	D	D	D	L	-	-	D	L	-	-	D	D	D	L	L	-	-	L	L	L	-	-	D	D	-	-	-
N	N	-	-	D	D	D	N	-	-	E	D	-	-	-	E	E	E	N	-	-	E	E	-	-	E	E	E
E	D	D	D	N	-	-	-	N	N	-	-	E	D	-	-	E	E	E	D	D	-	-	E	D	D	-	-
D	D	D	N	-	-	-	-	-	D	D	D	D	-	-	D	D	D	D	-	-	D	N	N	N	-	-	D
D	D	D	D	D	-	-	E	E	E	D	-	-	E	E	E	D	D	-	-	E	E	D	-	-	-	-	-
E	N	N	N	-	-	E	E	E	D	N	-	-	-	-	-	E	E	D	-	-	E	E	-	-	E	E	E
L	L	N	-	-	L	L	N	N	N	-	-	L	L	-	-	L	L	L	-	-	L	L	L	L	-	-	-
E	E	E	D	N	-	-	-	E	E	D	D	N	-	-	-	E	D	D	D	N	-	-	D	D	N	-	-
-	-	E	E	E	D	D	-	-	-	E	D	N	N	-	-	D	D	D	-	-	E	E	E	E	D	-	-
-	-	L	L	-	-	D	L	L	N	N	-	-	-	D	L	L	L	L	-	-	D	L	L	L	N	-	-
E	D	D	L	-	-	-	-	-	E	D	L	L	L	-	-	N	N	N	N	-	-	L	L	L	L	-	-
E	E	L	L	L	-	-	E	E	L	-	-	E	L	-	-	E	E	E	-	-	-	D	D	-	-	E	L
E	E	E	E	E	-	-	-	-	-	E	D	-	-	E	E	D	D	D	-	-	E	D	-	-	E	E	E
D	L	-	-	-	E	E	D	D	L	-	-	-	-	E	D	N	N	-	-	-	-	D	L	L	L	L	N
D	D	D	D	-	-	-	-	D	D	-	-	-	-	D	D	D	D	D	D	-	-	-	D	D	D	D	D
L	L	L	L	-	-	-	D	D	L	L	L	-	-	-	D	L	L	L	L	L	-	-	-	-	-	D	D
D	L	L	L	L	-	-	-	-	E	E	E	D	D	D	-	-	-	D	D	D	D	D	D	-	-	-	-
E	E	-	-	-	-	-	E	E	E	E	-	-	-	E	E	E	E	D	N	-	-	-	E	E	D	D	D
D	L	L	L	L	-	-	-	L	L	-	-	-	E	L	L	L	L	-	-	-	-	-	E	E	D	L	L
-	-	-	-	D	D	D	D	N	N	-	-	-	-	E	E	E	E	E	-	-	-	E	D	D	D	D	D
N	-	-	-	-	-	N	-	-	-	-	-	D	D	D	D	D	-	-	-	D	-	-	D	D	-	-	-
-	-	-	L	L	-	-	-	-	D	-	-	D	L	L	L	L	-	-	L	-	-	-	D	-	-	-	-
L	-	-	D	D	N	-	-	E	D	L	L	-	-	-	-	-	-	-	E	-	-	-	-	-	-	-	D
L	-	-	-	-	-	-	L	L	L	-	-	N	N	-	-	-	D	D	-	-	L	L	-	-	-	-	-
-	-	E	N	-	-	-	-	-	-	N	-	-	L	-	-	-	-	E	L	-	-	-	-	E	L	L	L
-	-	-	N	-	-	-	-	-	-	-	-	-	-	-	-	-	-	-	D	D	-	D	-	D	D	D	-
N	-	-	-	D	D	D	-	-	-	-	-	-	-	-	-	-	-	-	D	-	L	-	-	L	-	-	-
Objective 0: 11084
Objective 1: 151
Constr violation: 0
Restrictions violated:
0 0 0 0 0 0 0 0 

Individual 4
1	2	3	4	5	6	7	8	9	10	11	12	13	14	15	16	17	18	19	20	21	22	23	24	25	26	27	28
-	-	-	D	N	N	-	-	D	D	D	D	N	-	-	D	D	D	N	-	-	D	D	D	D	D	-	-
D	D	N	N	-	-	-	D	N	-	-	E	E	E	E	D	-	-	E	E	-	-	E	E	D	N	-	-
-	-	D	D	N	-	-	D	D	D	D	D	-	-	D	D	-	-	-	D	N	-	-	D	D	D	N	N
D	D	D	D	L	-	-	D	L	-	-	D	D	D	L	L	-	-	L	L	L	-	-	D	D	-	-	-
N	N	-	-	D	D	D	N	-	-	E	D	-	-	-	E	E	E	N	-	-	E	E	-	-	E	E	E
E	D	D	D	N	-	-	-	N	N	-	-	E	D	-	-	E	E	E	D	D	-	-	E	D	D	-	-
D	D	D	N	-	-	-	-	-	D	D	D	D	-	-	D	D	D	D	-	-	D	N	N	N	-	-	D
D	D	D	D	D	-	-	E	E	E	D	-	-	E	E	E	D	D	-	-	E	E	D	-	-	-	-	-
E	N	N	N	-	-	E	E	E	D	N	-	-	-	-	-	E	E	D	-	-	E	E	-	-	E	E	E
L	L	N	-	-	L	L	N	N	N	-	-	L	L	-	-	L	L	L	-	-	L	L	L	L	-	-	-
E	E	E	D	N	-	-	-	E	E	D	D	N	-	-	-	E	D	D	D	N	-	-	D	D	N	-	-
-	-	E	E	E	D	D	-	-	-	E	D	N	N	-	-	D	D	D	-	-	E	E	E	E	D	-	-
-	-	L	L	-	-	D	L	L	N	N	-	-	-	D	L	L	L	L	-	-	D	L	L	L	N	-	-
E	D	D	L	-	-	-	-	-	E	D	L	L	L	-	-	N	N	N	N	-	-	L	L	L	L	-	-
E	E	L	L	L	-	-	E	E	L	-	-	E	L	-	-	E	E	E	-	-	-	D	D	-	-	E	L
E	E	E	E	E	-	-	-	-	-	E	D	-	-	E	E	D	D	D	-	-	E	D	-	-	E	E	E
D	L	-	-	-	E	E	D	D	L	-	-	-	-	E	D	N	N	-	-	-	-	D	L	L	L	L	N
D	D	D	D	-	-	-	-	D	D	-	-	-	-	D	D	D	D	D	D	-	-	-	D	D	D	D	D
L	L	L	L	-	-	-	D	D	L	L	L	-	-	-	D	L	L	L	L	L	-	-	-	-	-	D	D
D	L	L	L	L	-	-	-	-	E	E	E	D	D	D	-	-	-	D	D	D	D	D	D	-	-	-	-
E	E	-	-	-	-	-	E	E	E	E	-	-	-	E	E	E	E	D	N	-	-	-	E	E	D	D	D
D	L	L	L	L	-	-	-	L	L	-	-	-	E	L	L	L	L	-	-	-	-	-	E	E	D	L	L
-	-	-	-	D	D	D	D	N	N	-	-	-	-	E	E	E	E	E	-	-	-	E	D	D	D	D	D
N	-	-	-	-	-	N	-	-	-	-	-	D	D	D	D	D	-	-	-	D	-	-	D	D	-	-	-
-	-	-	L	L	-	-	-	-	D	-	-	D	L	L	L	L	-	-	L	-	-	-	D	-	-	-	-
L	-	-	-	-	-	-	-	E	-	-	E	E	E	L	N	-	-	-	E	E	L	-	-	-	-	-	-
-	-	-	-	L	-	-	L	L	L	-	-	N	-	-	N	-	-	D	D	D	L	-	-	-	-	-	-
-	-	E	N	-	-	-	-	-	-	N	-	-	L	-	-	-	-	E	L	-	-	-	-	E	L	L	L
-	-	-	N	-	-	-	-	-	-	-	-	-	-	-	-	-	-	-	D	D	-	D	-	D	D	D	-
-	-	-	-	-	D	D	D	N	-	-	-	-	-	-	-	-	-	-	L	-	-	-	-	-	L	-	L
Objective 0: 10882
Objective 1: 152
Constr violation: 0
Restrictions violated:
0 0 0 0 0 0 0 0 

Individual 5
1	2	3	4	5	6	7	8	9	10	11	12	13	14	15	16	17	18	19	20	21	22	23	24	25	26	27	28
-	-	-	D	N	N	-	-	D	D	D	D	N	-	-	D	D	D	N	-	-	D	D	D	D	D	-	-
D	D	N	N	-	-	-	D	N	-	-	E	E	E	E	D	-	-	E	E	-	-	E	E	D	N	-	-
-	-	D	D	N	-	-	D	D	D	D	D	-	-	D	D	-	-	-	D	N	-	-	D	D	D	N	N
D	D	D	D	L	-	-	D	L	-	-	D	D	D	L	L	-	-	L	L	L	-	-	D	D	-	-	-
N	N	-	-	D	D	D	N	-	-	E	D	-	-	-	E	E	E	N	-	-	E	E	-	-	E	E	E
E	D	D	D	N	-	-	-	N	N	-	-	E	D	-	-	E	E	E	D	D	-	-	E	D	D	-	-
D	D	D	N	-	-	-	-	-	D	D	D	D	-	-	D	D	D	D	-	-	D	N	N	N	-	-	D
D	D	D	D	D	-	-	E	E	E	D	-	-	E	E	E	D	D	-	-	E	E	D	-	-	-	-	-
E	N	N	N	-	-	E	E	E	D	N	-	-	-	-	-	E	E	D	-	-	E	E	-	-	E	E	E
L	L	N	-	-	L	L	N	N	N	-	-	L	L	-	-	L	L	L	-	-	L	L	L	L	-	-	-
E	E	E	D	N	-	-	-	E	E	D	D	N	-	-	-	E	D	D	D	N	-	-	D	D	N	-	-
-	-	E	E	E	D	D	-	-	-	E	D	N	N	-	-	D	D	D	-	-	E	E	E	E	D	-	-
-	-	L	L	-	-	D	L	L	N	N	-	-	-	D	L	L	L	L	-	-	D	L	L	L	N	-	-
E	D	D	L	-	-	-	-	-	E	D	L	L	L	-	-	N	N	N	N	-	-	L	L	L	L	-	-
E	E	L	L	L	-	-	E	E	L	-	-	E	L	-	-	E	E	E	-	-	-	D	D	-	-	E	L
E	E	E	E	E	-	-	-	-	-	E	D	-	-	E	E	D	D	D	-	-	E	D	-	-	E	E	E
D	L	-	-	-	E	E	D	D	L	-	-	-	-	E	D	N	N	-	-	-	-	D	L	L	L	L	N
D	D	D	D	-	-	-	-	D	D	-	-	-	-	D	D	D	D	D	D	-	-	-	D	D	D	D	D
L	L	L	L	-	-	-	D	D	L	L	L	-	-	-	D	L	L	L	L	L	-	-	-	-	-	D	D
D	L	L	L	L	-	-	-	-	E	E	E	D	D	D	-	-	-	D	D	D	D	D	D	-	-	-	-
E	E	-	-	-	-	-	E	E	E	E	-	-	-	E	E	E	E	D	N	-	-	-	E	E	D	D	D
D	L	L	L	L	-	-	-	L	L	-	-	-	E	L	L	L	L	-	-	-	-	-	E	E	D	L	L
-	-	-	-	D	D	D	D	N	N	-	-	-	-	E	E	E	E	E	-	-	-	E	D	D	D	D	D
N	-	-	-	-	-	N	-	-	-	-	-	D	D	D	D	D	-	-	-	D	-	-	D	D	-	-	-
-	-	-	L	L	-	-	-	-	D	-	-	D	L	L	L	L	-	-	L	-	-	-	D	-	-	-	-
L	-	-	D	D	N	-	-	E	D	L	L	-	-	-	-	-	-	-	E	-	-	-	-	-	-	-	D
L	-	-	-	-	-	-	L	L	L	-	-	N	N	-	-	-	D	D	-	-	L	L	-	-	-	-	-
-	-	E	N	-	-	-	-	-	-	N	-	-	L	-	-	-	-	E	L	-	-	-	-	E	L	L	L
-	-	-	N	-	-	-	-	-	-	-	-	-	-	-	-	-	-	-	D	D	-	D	-	D	D	D	-
N	-	-	-	D	D	D	-	-	-	-	-	-	-	-	-	-	-	-	D	-	L	-	-	L	-	-	-
Objective 0: 11084
Objective 1: 151
Constr violation: 0
Restrictions violated:
0 0 0 0 0 0 0 0 

Individual 6
1	2	3	4	5	6	7	8	9	10	11	12	13	14	15	16	17	18	19	20	21	22	23	24	25	26	27	28
-	-	-	D	N	N	-	-	D	D	D	D	N	-	-	D	D	D	N	-	-	D	D	D	D	D	-	-
D	D	N	N	-	-	-	D	N	-	-	E	E	E	E	D	-	-	E	E	-	-	E	E	D	N	-	-
-	-	D	D	N	-	-	D	D	D	D	D	-	-	D	D	-	-	-	D	N	-	-	D	D	D	N	N
D	D	D	D	L	-	-	D	L	-	-	D	D	D	L	L	-	-	L	L	L	-	-	D	D	-	-	-
N	N	-	-	D	D	D	N	-	-	E	D	-	-	-	E	E	E	N	-	-	E	E	-	-	E	E	E
E	D	D	D	N	-	-	-	N	N	-	-	E	D	-	-	E	E	E	D	D	-	-	E	D	D	-	-
D	D	D	N	-	-	-	-	-	D	D	D	D	-	-	D	D	D	D	-	-	D	N	N	N	-	-	D
D	D	D	D	D	-	-	E	E	E	D	-	-	E	E	E	D	D	-	-	E	E	D	-	-	-	-	-
E	N	N	N	-	-	E	E	E	D	N	-	-	-	-	-	E	E	D	-	-	E	E	-	-	E	E	E
L	L	N	-	-	L	L	N	N	N	-	-	L	L	-	-	L	L	L	-	-	L	L	L	L	-	-	-
E	E	E	D	N	-	-	-	E	E	D	D	N	-	-	-	E	D	D	D	N	-	-	D	D	N	-	-
-	-	E	E	E	D	D	-	-	-	E	D	N	N	-	-	D	D	D	-	-	E	E	E	E	D	-	-
-	-	L	L	-	-	D	L	L	N	N	-	-	-	D	L	L	L	L	-	-	D	L	L	L	N	-	-
E	D	D	L	-	-	-	-	-	E	D	L	L	L	-	-	N	N	N	N	-	-	L	L	L	L	-	-
E	E	L	L	L	-	-	E	E	L	-	-	E	L	-	-	E	E	E	-	-	-	D	D	-	-	E	L
E	E	E	E	E	-	-	-	-	-	E	D	-	-	E	E	D	D	D	-	-	E	D	-	-	E	E	E
D	L	-	-	-	E	E	D	D	L	-	-	-	-	E	D	N	N	-	-	-	-	D	L	L	L	L	N
D	D	D	D	-	-	-	-	D	D	-	-	-	-	D	D	D	D	D	D	-	-	-	D	D	D	D	D
L	L	L	L	-	-	-	D	D	L	L	L	-	-	-	D	L	L	L	L	L	-	-	-	-	-	D	D
D	L	L	L	L	-	-	-	-	E	E	E	D	D	D	-	-	-	D	D	D	D	D	D	-	-	-	-
E	E	-	-	-	-	-	E	E	E	E	-	-	-	E	E	E	E	D	N	-	-	-	E	E	D	D	D
D	L	L	L	L	-	-	-	L	L	-	-	-	E	L	L	L	L	-	-	-	-	-	E	E	D	L	L
-	-	-	-	D	D	D	D	N	N	-	-	-	-	E	E	E	E	E	-	-	-	E	D	D	D	D	D
N	-	-	-	-	-	N	-	-	-	-	-	D	D	D	D	D	-	-	-	D	-	-	D	D	-	-	-
-	-	-	L	L	-	-	-	-	D	-	-	D	L	L	L	L	-	-	L	-	-	-	D	-	-	-	-
L	-	-	-	-	-	-	-	E	-	-	E	E	E	L	N	-	-	-	E	E	L	-	-	-	-	-	-
-	-	-	-	L	-	-	L	L	L	-	-	N	-	-	N	-	-	D	D	D	L	-	-	-	-	-	-
-	-	E	N	-	-	-	-	-	-	N	-	-	L	-	-	-	-	E	L	-	-	-	-	E	L	L	L
-	-	-	N	-	-	-	-	-	-	-	-	-	-	-	-	-	-	-	D	D	-	D	-	D	D	D	-
-	-	-	-	-	D	D	D	N	-	-	-	-	-	-	-	-	-	-	L	-	-	-	-	-	L	-	L
Objective 0: 10882
Objective 1: 152
Constr violation: 0
Restrictions violated:
0 0 0 0 0 0 0 0 

Individual 7
1	2	3	4	5	6	7	8	9	10	11	12	13	14	15	16	17	18	19	20	21	22	23	24	25	26	27	28
-	-	-	D	N	N	-	-	D	D	D	D	N	-	-	D	D	D	N	-	-	D	D	D	D	D	-	-
D	D	N	N	-	-	-	D	N	-	-	E	E	E	E	D	-	-	E	E	-	-	E	E	D	N	-	-
-	-	D	D	N	-	-	D	D	D	D	D	-	-	D	D	-	-	-	D	N	-	-	D	D	D	N	N
D	D	D	D	L	-	-	D	L	-	-	D	D	D	L	L	-	-	L	L	L	-	-	D	D	-	-	-
N	N	-	-	D	D	D	N	-	-	E	D	-	-	-	E	E	E	N	-	-	E	E	-	-	E	E	E
E	N	-	-	E	E	N	N	-	-	E	E	E	E	-	-	E	E	E	-	-	E	E	E	D	D	-	-
D	D	D	N	-	-	-	-	-	D	D	D	D	-	-	D	D	D	D	-	-	D	N	N	N	-	-	D
E	E	E	E	-	-	E	E	E	E	E	-	-	E	E	-	-	D	D	-	-	-	E	E	D	D	-	-
E	N	N	N	-	-	E	E	E	D	N	-	-	-	-	-	E	E	D	-	-	E	E	-	-	E	E	E
L	L	N	-	-	L	L	N	N	N	-	-	L	L	-	-	L	L	L	-	-	L	L	L	L	-	-	-
E	E	E	D	N	-	-	-	-	E	E	D	D	N	-	-	E	E	D	D	N	-	-	E	N	-	-	-
-	-	E	E	E	D	D	-	-	-	E	D	N	N	-	-	D	D	D	-	-	E	E	E	E	D	-	-
-	-	L	L	-	-	D	L	L	N	N	-	-	-	D	L	L	L	L	-	-	D	L	L	L	N	-	-
E	D	D	L	-	-	-	-	-	E	D	L	L	L	-	-	N	N	N	N	-	-	L	L	L	L	-	-
L	L	L	L	-	-	-	E	L	L	L	L	-	-	-	D	L	L	-	-	L	L	L	L	-	-	-	D
E	E	E	E	E	-	-	-	-	-	E	D	-	-	E	E	D	D	D	-	-	E	D	-	-	E	E	E
D	L	-	-	-	E	E	D	D	L	-	-	-	-	E	D	N	N	-	-	-	-	D	L	L	L	L	N
D	D	D	D	-	-	-	-	D	D	-	-	-	-	D	D	D	D	D	D	-	-	-	D	D	D	D	D
L	L	L	L	-	-	-	D	D	L	L	L	-	-	-	D	L	L	L	L	L	-	-	-	-	-	D	D
D	L	L	L	L	-	-	-	-	E	E	E	D	D	D	-	-	-	D	D	D	D	D	D	-	-	-	-
E	E	-	-	-	-	-	E	E	E	E	-	-	-	E	E	E	E	D	N	-	-	-	E	E	D	D	D
D	L	L	L	L	-	-	-	L	L	-	-	-	E	L	L	L	L	-	-	-	-	-	E	E	D	L	L
-	-	-	E	D	N	N	N	N	-	-	-	-	-	E	E	E	E	E	-	-	-	E	D	D	D	D	D
-	-	-	-	-	D	-	-	-	D	D	-	-	D	N	N	-	-	-	D	D	D	D	-	-	-	-	-
-	-	-	L	L	-	-	-	-	D	-	-	D	L	L	L	L	-	-	L	-	-	-	D	-	-	-	-
L	-	-	-	-	-	-	-	E	-	-	E	E	E	L	N	-	-	-	E	E	L	-	-	-	-	-	-
-	-	-	-	L	-	-	L	L	L	-	-	N	-	-	N	-	-	D	D	D	L	-	-	-	-	-	-
-	-	E	N	-	-	-	-	-	-	N	-	-	L	-	-	-	-	E	L	-	-	-	-	E	L	L	L
-	-	-	N	-	-	-	-	-	-	-	-	-	-	-	-	-	-	-	D	D	-	D	-	D	D	D	-
N	-	-	-	D	D	D	-	-	-	-	-	-	-	-	-	-	-	-	D	-	L	-	-	L	-	-	-
Objective 0: 9165
Objective 1: 189
Constr violation: 0
Restrictions violated:
0 0 0 0 0 0 0 0 

Individual 8
1	2	3	4	5	6	7	8	9	10	11	12	13	14	15	16	17	18	19	20	21	22	23	24	25	26	27	28
-	-	-	D	N	N	-	-	D	D	D	D	N	-	-	D	D	D	N	-	-	D	D	D	D	D	-	-
D	D	N	N	-	-	-	D	N	-	-	E	E	E	E	D	-	-	E	E	-	-	E	E	D	N	-	-
-	-	D	D	N	-	-	D	D	D	D	D	-	-	D	D	-	-	-	D	N	-	-	D	D	D	N	N
D	D	D	D	L	-	-	D	L	-	-	D	D	D	L	L	-	-	L	L	L	-	-	D	D	-	-	-
N	N	-	-	D	D	D	N	-	-	E	D	-	-	-	E	E	E	N	-	-	E	E	-	-	E	E	E
E	N	-	-	E	E	N	N	-	-	E	E	E	E	-	-	E	E	E	-	-	E	E	E	D	D	-	-
D	D	D	N	-	-	-	-	-	D	D	D	D	-	-	D	D	D	D	-	-	D	N	N	N	-	-	D
E	E	E	E	-	-	E	E	E	E	E	-	-	E	E	-	-	D	D	-	-	-	E	E	D	D	-	-
E	N	N	N	-	-	E	E	E	D	N	-	-	-	-	-	E	E	D	-	-	E	E	-	-	E	E	E
L	L	N	-	-	L	L	N	N	N	-	-	L	L	-	-	L	L	L	-	-	L	L	L	L	-	-	-
E	E	E	D	N	-	-	-	-	E	E	D	D	N	-	-	E	E	D	D	N	-	-	E	N	-	-	-
-	-	E	E	E	D	D	-	-	-	E	D	N	N	-	-	D	D	D	-	-	E	E	E	E	D	-	-
-	-	L	L	-	-	D	L	L	N	N	-	-	-	D	L	L	L	L	-	-	D	L	L	L	N	-	-
E	D	D	L	-	-	-	-	-	E	D	L	L	L	-	-	N	N	N	N	-	-	L	L	L	L	-	-
E	E	L	L	L	-	-	E	E	L	-	-	E	L	-	-	E	E	E	-	-	-	D	D	-	-	E	L
E	E	E	E	E	-	-	-	-	-	E	D	-	-	E	E	D	D	D	-	-	E	D	-	-	E	E	E
D	L	-	-	-	E	E	D	D	L	-	-	-	-	E	D	N	N	-	-	-	-	D	L	L	L	L	N
D	D	D	D	-	-	-	-	D	D	-	-	-	-	D	D	D	D	D	D	-	-	-	D	D	D	D	D
L	L	L	L	-	-	-	D	D	L	L	L	-	-	-	D	L	L	L	L	L	-	-	-	-	-	D	D
D	L	L	L	L	-	-	-	-	E	E	E	D	D	D	-	-	-	D	D	D	D	D	D	-	-	-	-
E	E	-	-	-	-	-	E	E	E	E	-	-	-	E	E	E	E	D	N	-	-	-	E	E	D	D	D
D	L	L	L	L	-	-	-	L	L	-	-	-	E	L	L	L	L	-	-	-	-	-	E	E	D	L	L
-	-	-	E	D	N	N	N	N	-	-	-	-	-	E	E	E	E	E	-	-	-	E	D	D	D	D	D
-	-	-	-	-	D	-	-	-	D	D	-	-	D	N	N	-	-	-	D	D	D	D	-	-	-	-	-
-	-	-	L	L	-	-	-	-	D	-	-	D	L	L	L	L	-	-	L	-	-	-	D	-	-	-	-
L	-	-	-	-	-	-	-	E	-	-	E	E	E	L	N	-	-	-	E	E	L	-	-	-	-	-	-
-	-	-	-	L	-	-	L	L	L	-	-	N	-	-	N	-	-	D	D	D	L	-	-	-	-	-	-
-	-	E	N	-	-	-	-	-	-	N	-	-	L	-	-	-	-	E	L	-	-	-	-	E	L	L	L
-	-	-	N	-	-	-	-	-	-	-	-	-	-	-	-	-	-	-	D	D	-	D	-	D	D	D	-
N	-	-	-	D	D	D	-	-	-	-	-	-	-	-	-	-	-	-	D	-	L	-	-	L	-	-	-
Objective 0: 9367
Objective 1: 173
Constr violation: 0
Restrictions violated:
0 0 0 0 0 0 0 0 

Individual 9
1	2	3	4	5	6	7	8	9	10	11	12	13	14	15	16	17	18	19	20	21	22	23	24	25	26	27	28
-	-	-	D	N	N	-	-	D	D	D	D	N	-	-	D	D	D	N	-	-	D	D	D	D	D	-	-
D	D	N	N	-	-	-	D	N	-	-	E	E	E	E	D	-	-	E	E	-	-	E	E	D	N	-	-
-	-	D	D	N	-	-	D	D	D	D	D	-	-	D	D	-	-	-	D	N	-	-	D	D	D	N	N
D	D	D	D	L	-	-	D	L	-	-	D	D	D	L	L	-	-	L	L	L	-	-	D	D	-	-	-
N	N	-	-	D	D	D	N	-	-	E	D	-	-	-	E	E	E	N	-	-	E	E	-	-	E	E	E
E	N	-	-	E	E	N	N	-	-	E	E	E	E	-	-	E	E	E	-	-	E	E	E	D	D	-	-
D	D	D	N	-	-	-	-	-	D	D	D	D	-	-	D	D	D	D	-	-	D	N	N	N	-	-	D
D	D	D	D	D	-	-	E	E	E	D	-	-	E	E	E	D	D	-	-	E	E	D	-	-	-	-	-
E	N	N	N	-	-	E	E	E	D	N	-	-	-	-	-	E	E	D	-	-	E	E	-	-	E	E	E
L	L	N	-	-	L	L	N	N	N	-	-	L	L	-	-	L	L	L	-	-	L	L	L	L	-	-	-
E	E	E	D	N	-	-	-	-	E	E	D	D	N	-	-	E	E	D	D	N	-	-	E	N	-	-	-
-	-	E	E	E	D	D	-	-	-	E	D	N	N	-	-	D	D	D	-	-	E	E	E	E	D	-	-
-	-	L	L	-	-	D	L	L	N	N	-	-	-	D	L	L	L	L	-	-	D	L	L	L	N	-	-
E	D	D	L	-	-	-	-	-	E	D	L	L	L	-	-	N	N	N	N	-	-	L	L	L	L	-	-
E	E	L	L	L	-	-	E	E	L	-	-	E	L	-	-	E	E	E	-	-	-	D	D	-	-	E	L
E	E	E	E	E	-	-	-	-	-	E	D	-	-	E	E	D	D	D	-	-	E	D	-	-	E	E	E
D	L	-	-	-	E	E	D	D	L	-	-	-	-	E	D	N	N	-	-	-	-	D	L	L	L	L	N
D	D	D	D	-	-	-	-	D	D	-	-	-	-	D	D	D	D	D	D	-	-	-	D	D	D	D	D
L	L	L	L	-	-	-	D	D	L	L	L	-	-	-	D	L	L	L	L	L	-	-	-	-	-	D	D
D	L	L	L	L	-	-	-	-	E	E	E	D	D	D	-	-	-	D	D	D	D	D	D	-	-	-	-
E	E	-	-	-	-	-	E	E	E	E	-	-	-	E	E	E	E	D	N	-	-	-	E	E	D	D	D
D	L	L	L	L	-	-	-	L	L	-	-	-	E	L	L	L	L	-	-	-	-	-	E	E	D	L	L
-	-	-	-	D	D	D	D	N	N	-	-	-	-	E	E	E	E	E	-	-	-	E	D	D	D	D	D
N	-	-	-	-	-	N	-	-	-	-	-	D	D	D	D	D	-	-	-	D	-	-	D	D	-	-	-
-	-	-	L	L	-	-	-	-	D	-	-	D	L	L	L	L	-	-	L	-	-	-	D	-	-	-	-
L	-	-	D	D	N	-	-	E	D	L	L	-	-	-	-	-	-	-	E	-	-	-	-	-	-	-	D
-	-	-	-	L	-	-	L	L	L	-	-	N	-	-	N	-	-	D	D	D	L	-	-	-	-	-	-
-	-	E	N	-	-	-	-	-	-	N	-	-	L	-	-	-	-	E	L	-	-	-	-	E	L	L	L
-	-	-	N	-	-	-	-	-	-	-	-	-	-	-	-	-	-	-	D	D	-	D	-	D	D	D	-
-	-	-	-	-	D	D	D	N	-	-	-	-	-	-	-	-	-	-	L	-	-	-	-	-	L	-	L
Objective 0: 10478
Objective 1: 154
Constr violation: 0
Restrictions violated:
0 0 0 0 0 0 0 0 

Individual 10
1	2	3	4	5	6	7	8	9	10	11	12	13	14	15	16	17	18	19	20	21	22	23	24	25	26	27	28
-	-	-	D	N	N	-	-	D	D	D	D	N	-	-	D	D	D	N	-	-	D	D	D	D	D	-	-
D	D	N	N	-	-	-	D	N	-	-	E	E	E	E	D	-	-	E	E	-	-	E	E	D	N	-	-
-	-	D	D	N	-	-	D	D	D	D	D	-	-	D	D	-	-	-	D	N	-	-	D	D	D	N	N
D	D	D	D	L	-	-	D	L	-	-	D	D	D	L	L	-	-	L	L	L	-	-	D	D	-	-	-
N	N	-	-	D	D	D	N	-	-	E	D	-	-	-	E	E	E	N	-	-	E	E	-	-	E	E	E
E	N	-	-	E	E	N	N	-	-	E	E	E	E	-	-	E	E	E	-	-	E	E	E	D	D	-	-
D	D	D	N	-	-	-	-	-	D	D	D	D	-	-	D	D	D	D	-	-	D	N	N	N	-	-	D
D	D	D	D	D	-	-	E	E	E	D	-	-	E	E	E	D	D	-	-	E	E	D	-	-	-	-	-
E	N	N	N	-	-	E	E	E	D	N	-	-	-	-	-	E	E	D	-	-	E	E	-	-	E	E	E
L	L	N	-	-	L	L	N	N	N	-	-	L	L	-	-	L	L	L	-	-	L	L	L	L	-	-	-
E	E	E	D	N	-	-	-	-	E	E	D	D	N	-	-	E	E	D	D	N	-	-	E	N	-	-	-
-	-	E	E	E	D	D	-	-	-	E	D	N	N	-	-	D	D	D	-	-	E	E	E	E	D	-	-
-	-	L	L	-	-	D	L	L	N	N	-	-	-	D	L	L	L	L	-	-	D	L	L	L	N	-	-
E	D	D	L	-	-	-	-	-	E	D	L	L	L	-	-	N	N	N	N	-	-	L	L	L	L	-	-
E	E	L	L	L	-	-	E	E	L	-	-	E	L	-	-	E	E	E	-	-	-	D	D	-	-	E	L
E	E	E	E	E	-	-	-	-	-	E	D	-	-	E	E	D	D	D	-	-	E	D	-	-	E	E	E
D	L	-	-	-	E	E	D	D	L	-	-	-	-	E	D	N	N	-	-	-	-	D	L	L	L	L	N
D	D	D	D	-	-	-	-	D	D	-	-	-	-	D	D	D	D	D	D	-	-	-	D	D	D	D	D
L	L	L	L	-	-	-	D	D	L	L	L	-	-	-	D	L	L	L	L	L	-	-	-	-	-	D	D
D	L	L	L	L	-	-	-	-	E	E	E	D	D	D	-	-	-	D	D	D	D	D	D	-	-	-	-
E	E	-	-	-	-	-	E	E	E	E	-	-	-	E	E	E	E	D	N	-	-	-	E	E	D	D	D
D	L	L	L	L	-	-	-	L	L	-	-	-	E	L	L	L	L	-	-	-	-	-	E	E	D	L	L
-	-	-	-	D	D	D	D	N	N	-	-	-	-	E	E	E	E	E	-	-	-	E	D	D	D	D	D
N	-	-	-	-	-	N	-	-	-	-	-	D	D	D	D	D	-	-	-	D	-	-	D	D	-	-	-
-	-	-	L	L	-	-	-	-	D	-	-	D	L	L	L	L	-	-	L	-	-	-	D	-	-	-	-
L	-	-	-	-	-	-	-	E	-	-	E	E	E	L	N	-	-	-	E	E	L	-	-	-	-	-	-
-	-	-	-	L	-	-	L	L	L	-	-	N	-	-	N	-	-	D	D	D	L	-	-	-	-	-	-
-	-	E	N	-	-	-	-	-	-	N	-	-	L	-	-	-	-	E	L	-	-	-	-	E	L	L	L
-	-	-	N	-	-	-	-	-	-	-	-	-	-	-	-	-	-	-	D	D	-	D	-	D	D	D	-
-	-	-	-	-	D	D	D	N	-	-	-	-	-	-	-	-	-	-	L	-	-	-	-	-	L	-	L
Objective 0: 10175
Objective 1: 157
Constr violation: 0
Restrictions violated:
0 0 0 0 0 0 0 0 

Individual 11
1	2	3	4	5	6	7	8	9	10	11	12	13	14	15	16	17	18	19	20	21	22	23	24	25	26	27	28
-	-	-	D	N	N	-	-	D	D	D	D	N	-	-	D	D	D	N	-	-	D	D	D	D	D	-	-
D	D	N	N	-	-	-	D	N	-	-	E	E	E	E	D	-	-	E	E	-	-	E	E	D	N	-	-
-	-	D	D	N	-	-	D	D	D	D	D	-	-	D	D	-	-	-	D	N	-	-	D	D	D	N	N
D	D	D	D	L	-	-	D	L	-	-	D	D	D	L	L	-	-	L	L	L	-	-	D	D	-	-	-
N	N	-	-	D	D	D	N	-	-	E	D	-	-	-	E	E	E	N	-	-	E	E	-	-	E	E	E
E	N	-	-	E	E	N	N	-	-	E	E	E	E	-	-	E	E	E	-	-	E	E	E	D	D	-	-
D	D	D	N	-	-	-	-	-	D	D	D	D	-	-	D	D	D	D	-	-	D	N	N	N	-	-	D
D	D	D	D	D	-	-	E	E	E	D	-	-	E	E	E	D	D	-	-	E	E	D	-	-	-	-	-
E	N	N	N	-	-	E	E	E	D	N	-	-	-	-	-	E	E	D	-	-	E	E	-	-	E	E	E
L	L	N	-	-	L	L	N	N	N	-	-	L	L	-	-	L	L	L	-	-	L	L	L	L	-	-	-
E	E	E	D	N	-	-	-	E	E	D	D	N	-	-	-	E	D	D	D	N	-	-	D	D	N	-	-
-	-	E	E	E	D	D	-	-	-	E	D	N	N	-	-	D	D	D	-	-	E	E	E	E	D	-	-
-	-	L	L	-	-	D	L	L	N	N	-	-	-	D	L	L	L	L	-	-	D	L	L	L	N	-	-
E	D	D	L	-	-	-	-	-	E	D	L	L	L	-	-	N	N	N	N	-	-	L	L	L	L	-	-
E	E	L	L	L	-	-	E	E	L	-	-	E	L	-	-	E	E	E	-	-	-	D	D	-	-	E	L
E	E	E	E	E	-	-	-	-	-	E	D	-	-	E	E	D	D	D	-	-	E	D	-	-	E	E	E
D	L	-	-	-	E	E	D	D	L	-	-	-	-	E	D	N	N	-	-	-	-	D	L	L	L	L	N
D	D	D	D	-	-	-	-	D	D	-	-	-	-	D	D	D	D	D	D	-	-	-	D	D	D	D	D
L	L	L	L	-	-	-	D	D	L	L	L	-	-	-	D	L	L	L	L	L	-	-	-	-	-	D	D
D	L	L	L	L	-	-	-	-	E	E	E	D	D	D	-	-	-	D	D	D	D	D	D	-	-	-	-
E	E	-	-	-	-	-	E	E	E	E	-	-	-	E	E	E	E	D	N	-	-	-	E	E	D	D	D
D	L	L	L	L	-	-	-	L	L	-	-	-	E	L	L	L	L	-	-	-	-	-	E	E	D	L	L
-	-	-	-	D	D	D	D	N	N	-	-	-	-	E	E	E	E	E	-	-	-	E	D	D	D	D	D
N	-	-	-	-	-	N	-	-	-	-	-	D	D	D	D	D	-	-	-	D	-	-	D	D	-	-	-
-	-	-	L	L	-	-	-	-	D	-	-	D	L	L	L	L	-	-	L	-	-	-	D	-	-	-	-
L	-	-	D	D	N	-	-	E	D	L	L	-	-	-	-	-	-	-	E	-	-	-	-	-	-	-	D
-	-	-	-	L	-	-	L	L	L	-	-	N	-	-	N	-	-	D	D	D	L	-	-	-	-	-	-
-	-	E	N	-	-	-	-	-	-	N	-	-	L	-	-	-	-	E	L	-	-	-	-	E	L	L	L
-	-	-	N	-	-	-	-	-	-	-	-	-	-	-	-	-	-	-	D	D	-	D	-	D	D	D	-
-	-	-	-	-	D	D	D	N	-	-	-	-	-	-	-	-	-	-	L	-	-	-	-	-	L	-	L
Objective 0: 10580
Objective 1: 153
Constr violation: 0
Restrictions violated:
0 0 0 0 0 0 0 0 

Individual 12
1	2	3	4	5	6	7	8	9	10	11	12	13	14	15	16	17	18	19	20	21	22	23	24	25	26	27	28
-	-	-	D	N	N	-	-	D	D	D	D	N	-	-	D	D	D	N	-	-	D	D	D	D	D	-	-
D	D	N	N	-	-	-	D	N	-	-	E	E	E	E	D	-	-	E	E	-	-	E	E	D	N	-	-
-	-	D	D	N	-	-	D	D	D	D	D	-	-	D	D	-	-	-	D	N	-	-	D	D	D	N	N
D	D	D	D	L	-	-	D	L	-	-	D	D	D	L	L	-	-	L	L	L	-	-	D	D	-	-	-
N	N	-	-	D	D	D	N	-	-	E	D	-	-	-	E	E	E	N	-	-	E	E	-	-	E	E	E
E	N	-	-	E	E	N	N	-	-	E	E	E	E	-	-	E	E	E	-	-	E	E	E	D	D	-	-
D	D	D	N	-	-	-	-	-	D	D	D	D	-	-	D	D	D	D	-	-	D	N	N	N	-	-	D
D	D	D	D	D	-	-	E	E	E	D	-	-	E	E	E	D	D	-	-	E	E	D	-	-	-	-	-
E	N	N	N	-	-	E	E	E	D	N	-	-	-	-	-	E	E	D	-	-	E	E	-	-	E	E	E
L	L	N	-	-	L	L	N	N	N	-	-	L	L	-	-	L	L	L	-	-	L	L	L	L	-	-	-
E	E	E	D	N	-	-	-	-	E	E	D	D	N	-	-	E	E	D	D	N	-	-	E	N	-	-	-
-	-	E	E	E	D	D	-	-	-	E	D	N	N	-	-	D	D	D	-	-	E	E	E	E	D	-	-
-	-	L	L	-	-	D	L	L	N	N	-	-	-	D	L	L	L	L	-	-	D	L	L	L	N	-	-
E	D	D	L	-	-	-	-	-	E	D	L	L	L	-	-	N	N	N	N	-	-	L	L	L	L	-	-
E	E	L	L	L	-	-	E	E	L	-	-	E	L	-	-	E	E	E	-	-	-	D	D	-	-	E	L
E	E	E	E	E	-	-	-	-	-	E	D	-	-	E	E	D	D	D	-	-	E	D	-	-	E	E	E
D	L	-	-	-	E	E	D	D	L	-	-	-	-	E	D	N	N	-	-	-	-	D	L	L	L	L	N
D	D	D	D	-	-	-	-	D	D	-	-	-	-	D	D	D	D	D	D	-	-	-	D	D	D	D	D
L	L	L	L	-	-	-	D	D	L	L	L	-	-	-	D	L	L	L	L	L	-	-	-	-	-	D	D
D	L	L	L	L	-	-	-	-	E	E	E	D	D	D	-	-	-	D	D	D	D	D	D	-	-	-	-
E	E	-	-	-	-	-	E	E	E	E	-	-	-	E	E	E	E	D	N	-	-	-	E	E	D	D	D
D	L	L	L	L	-	-	-	L	L	-	-	-	E	L	L	L	L	-	-	-	-	-	E	E	D	L	L
-	-	-	E	D	N	N	N	N	-	-	-	-	-	E	E	E	E	E	-	-	-	E	D	D	D	D	D
-	-	-	-	-	D	-	-	-	D	D	-	-	D	N	N	-	-	-	D	D	D	D	-	-	-	-	-
-	-	-	L	L	-	-	-	-	D	-	-	D	L	L	L	L	-	-	L	-	-	-	D	-	-	-	-
L	-	-	-	-	-	-	-	E	-	-	E	E	E	L	N	-	-	-	E	E	L	-	-	-	-	-	-
-	-	-	-	L	-	-	L	L	L	-	-	N	-	-	N	-	-	D	D	D	L	-	-	-	-	-	-
-	-	E	N	-	-	-	-	-	-	N	-	-	L	-	-	-	-	E	L	-	-	-	-	E	L	L	L
-	-	-	N	-	-	-	-	-	-	-	-	-	-	-	-	-	-	-	D	D	-	D	-	D	D	D	-
N	-	-	-	D	D	D	-	-	-	-	-	-	-	-	-	-	-	-	D	-	L	-	-	L	-	-	-
Objective 0: 9569
Objective 1: 170
Constr violation: 0
Restrictions violated:
0 0 0 0 0 0 0 0 

Individual 13
1	2	3	4	5	6	7	8	9	10	11	12	13	14	15	16	17	18	19	20	21	22	23	24	25	26	27	28
-	-	-	D	N	N	-	-	D	D	D	D	N	-	-	D	D	D	N	-	-	D	D	D	D	D	-	-
D	D	N	N	-	-	-	D	N	-	-	E	E	E	E	D	-	-	E	E	-	-	E	E	D	N	-	-
-	-	D	D	N	-	-	D	D	D	D	D	-	-	D	D	-	-	-	D	N	-	-	D	D	D	N	N
D	D	D	D	L	-	-	D	L	-	-	D	D	D	L	L	-	-	L	L	L	-	-	D	D	-	-	-
N	N	-	-	D	D	D	N	-	-	E	D	-	-	-	E	E	E	N	-	-	E	E	-	-	E	E	E
E	N	-	-	E	E	N	N	-	-	E	E	E	E	-	-	E	E	E	-	-	E	E	E	D	D	-	-
D	D	D	N	-	-	-	-	-	D	D	D	D	-	-	D	D	D	D	-	-	D	N	N	N	-	-	D
D	D	D	D	D	-	-	E	E	E	D	-	-	E	E	E	D	D	-	-	E	E	D	-	-	-	-	-
E	N	N	N	-	-	E	E	E	D	N	-	-	-	-	-	E	E	D	-	-	E	E	-	-	E	E	E
L	L	N	-	-	L	L	N	N	N	-	-	L	L	-	-	L	L	L	-	-	L	L	L	L	-	-	-
E	E	E	D	N	-	-	-	-	E	E	D	D	N	-	-	E	E	D	D	N	-	-	E	N	-	-	-
-	-	E	E	E	D	D	-	-	-	E	D	N	N	-	-	D	D	D	-	-	E	E	E	E	D	-	-
-	-	L	L	-	-	D	L	L	N	N	-	-	-	D	L	L	L	L	-	-	D	L	L	L	N	-	-
E	D	D	L	-	-	-	-	-	E	D	L	L	L	-	-	N	N	N	N	-	-	L	L	L	L	-	-
E	E	L	L	L	-	-	E	E	L	-	-	E	L	-	-	E	E	E	-	-	-	D	D	-	-	E	L
E	E	E	E	E	-	-	-	-	-	E	D	-	-	E	E	D	D	D	-	-	E	D	-	-	E	E	E
D	L	-	-	-	E	E	D	D	L	-	-	-	-	E	D	N	N	-	-	-	-	D	L	L	L	L	N
D	D	D	D	-	-	-	-	D	D	-	-	-	-	D	D	D	D	D	D	-	-	-	D	D	D	D	D
L	L	L	L	-	-	-	D	D	L	L	L	-	-	-	D	L	L	L	L	L	-	-	-	-	-	D	D
D	L	L	L	L	-	-	-	-	E	E	E	D	D	D	-	-	-	D	D	D	D	D	D	-	-	-	-
E	E	-	-	-	-	-	E	E	E	E	-	-	-	E	E	E	E	D	N	-	-	-	E	E	D	D	D
D	L	L	L	L	-	-	-	L	L	-	-	-	E	L	L	L	L	-	-	-	-	-	E	E	D	L	L
-	-	-	E	D	N	N	N	N	-	-	-	-	-	E	E	E	E	E	-	-	-	E	D	D	D	D	D
N	-	-	-	-	-	N	-	-	-	-	-	D	D	D	D	D	-	-	-	D	-	-	D	D	-	-	-
-	-	-	L	L	-	-	-	-	D	-	-	D	L	L	L	L	-	-	L	-	-	-	D	-	-	-	-
L	-	-	-	-	-	-	-	E	-	-	E	E	E	L	N	-	-	-	E	E	L	-	-	-	-	-	-
-	-	-	-	L	-	-	L	L	L	-	-	N	-	-	N	-	-	D	D	D	L	-	-	-	-	-	-
-	-	E	N	-	-	-	-	-	-	N	-	-	L	-	-	-	-	E	L	-	-	-	-	E	L	L	L
-	-	-	N	-	-	-	-	-	-	-	-	-	-	-	-	-	-	-	D	D	-	D	-	D	D	D	-
-	-	-	-	-	D	D	D	N	-	-	-	-	-	-	-	-	-	-	L	-	-	-	-	-	L	-	L
Objective 0: 9973
Objective 1: 163
Constr violation: 0
Restrictions violated:
0 0 0 0 0 0 0 0 

Individual 14
1	2	3	4	5	6	7	8	9	10	11	12	13	14	15	16	17	18	19	20	21	22	23	24	25	26	27	28
-	-	-	D	N	N	-	-	D	D	D	D	N	-	-	D	D	D	N	-	-	D	D	D	D	D	-	-
D	D	N	N	-	-	-	D	N	-	-	E	E	E	E	D	-	-	E	E	-	-	E	E	D	N	-	-
-	-	D	D	N	-	-	D	D	D	D	D	-	-	D	D	-	-	-	D	N	-	-	D	D	D	N	N
D	D	D	D	L	-	-	D	L	-	-	D	D	D	L	L	-	-	L	L	L	-	-	D	D	-	-	-
N	N	-	-	D	D	D	N	-	-	E	D	-	-	-	E	E	E	N	-	-	E	E	-	-	E	E	E
E	N	-	-	E	E	N	N	-	-	E	E	E	E	-	-	E	E	E	-	-	E	E	E	D	D	-	-
D	D	D	N	-	-	-	-	-	D	D	D	D	-	-	D	D	D	D	-	-	D	N	N	N	-	-	D
E	E	E	E	-	-	E	E	E	E	E	-	-	E	E	-	-	D	D	-	-	-	E	E	D	D	-	-
E	N	N	N	-	-	E	E	E	D	N	-	-	-	-	-	E	E	D	-	-	E	E	-	-	E	E	E
L	L	N	-	-	L	L	N	N	N	-	-	L	L	-	-	L	L	L	-	-	L	L	L	L	-	-	-
E	E	E	D	N	-	-	-	-	E	E	D	D	N	-	-	E	E	D	D	N	-	-	E	N	-	-	-
-	-	E	E	E	D	D	-	-	-	E	D	N	N	-	-	D	D	D	-	-	E	E	E	E	D	-	-
-	-	L	L	-	-	D	L	L	N	N	-	-	-	D	L	L	L	L	-	-	D	L	L	L	N	-	-
E	D	D	L	-	-	-	-	-	E	D	L	L	L	-	-	N	N	N	N	-	-	L	L	L	L	-	-
E	E	L	L	L	-	-	E	E	L	-	-	E	L	-	-	E	E	E	-	-	-	D	D	-	-	E	L
E	E	E	E	E	-	-	-	-	-	E	D	-	-	E	E	D	D	D	-	-	E	D	-	-	E	E	E
D	L	-	-	-	E	E	D	D	L	-	-	-	-	E	D	N	N	-	-	-	-	D	L	L	L	L	N
D	D	D	D	-	-	-	-	D	D	-	-	-	-	D	D	D	D	D	D	-	-	-	D	D	D	D	D
L	L	L	L	-	-	-	D	D	L	L	L	-	-	-	D	L	L	L	L	L	-	-	-	D	D	L	L
D	L	L	L	L	-	-	-	-	E	E	E	D	D	D	-	-	-	D	D	D	D	D	D	-	-	-	-
E	E	-	-	-	-	-	E	E	E	E	-	-	-	E	E	E	E	D	N	-	-	-	E	E	D	D	D
D	L	L	L	L	-	-	-	L	L	-	-	-	E	L	L	L	L	-	-	-	-	-	E	E	D	L	L
-	-	-	-	D	D	D	D	N	N	-	-	-	-	E	E	E	E	E	-	-	-	E	D	D	D	D	D
-	-	-	-	-	D	-	-	-	D	D	-	-	D	N	N	-	-	-	D	D	D	D	-	-	-	-	-
-	-	-	L	L	-	-	-	-	D	-	-	D	L	L	L	L	-	-	L	-	-	-	D	-	-	-	-
L	-	-	-	-	-	-	-	E	-	-	E	E	E	L	N	-	-	-	E	E	L	-	-	-	-	-	-
-	-	-	-	L	-	-	L	L	L	-	-	N	-	-	N	-	-	D	D	D	L	-	-	-	-	-	-
-	-	E	N	-	-	-	-	-	-	N	-	-	L	-	-	-	-	E	L	-	-	-	-	E	L	L	L
-	-	-	N	-	-	-	-	-	-	-	-	-	-	-	-	-	-	-	D	D	-	D	-	D	D	D	-
N	-	-	-	D	D	D	-	-	-	-	-	-	-	-	-	-	-	-	D	-	L	-	-	L	-	-	-
Objective 0: 9570
Objective 1: 167
Constr violation: 0
Restrictions violated:
0 0 0 0 0 0 0 0 

Individual 15
1	2	3	4	5	6	7	8	9	10	11	12	13	14	15	16	17	18	19	20	21	22	23	24	25	26	27	28
-	-	-	D	N	N	-	-	D	D	D	D	N	-	-	D	D	D	N	-	-	D	D	D	D	D	-	-
D	D	N	N	-	-	-	D	N	-	-	E	E	E	E	D	-	-	E	E	-	-	E	E	D	N	-	-
-	-	D	D	N	-	-	D	D	D	D	D	-	-	D	D	-	-	-	D	N	-	-	D	D	D	N	N
D	D	D	D	L	-	-	D	L	-	-	D	D	D	L	L	-	-	L	L	L	-	-	D	D	-	-	-
N	N	-	-	D	D	D	N	-	-	E	D	-	-	-	E	E	E	N	-	-	E	E	-	-	E	E	E
E	N	-	-	E	E	N	N	-	-	E	E	E	E	-	-	E	E	E	-	-	E	E	E	D	D	-	-
D	D	D	N	-	-	-	-	-	D	D	D	D	-	-	D	D	D	D	-	-	D	N	N	N	-	-	D
E	E	E	E	-	-	E	E	E	E	E	-	-	E	E	-	-	D	D	-	-	-	E	E	D	D	-	-
E	N	N	N	-	-	E	E	E	D	N	-	-	-	-	-	E	E	D	-	-	E	E	-	-	E	E	E
L	L	N	-	-	L	L	N	N	N	-	-	L	L	-	-	L	L	L	-	-	L	L	L	L	-	-	-
E	E	E	D	N	-	-	-	-	E	E	D	D	N	-	-	E	E	D	D	N	-	-	E	N	-	-	-
-	-	E	E	E	D	D	-	-	-	E	D	N	N	-	-	D	D	D	-	-	E	E	E	E	D	-	-
-	-	L	L	-	-	D	L	L	N	N	-	-	-	D	L	L	L	L	-	-	D	L	L	L	N	-	-
E	D	D	L	-	-	-	-	-	E	D	L	L	L	-	-	N	N	N	N	-	-	L	L	L	L	-	-
E	E	L	L	L	-	-	E	E	L	-	-	E	L	-	-	E	E	E	-	-	-	D	D	-	-	E	L
E	E	E	E	E	-	-	-	-	-	E	D	-	-	E	E	D	D	D	-	-	E	D	-	-	E	E	E
D	L	-	-	-	E	E	D	D	L	-	-	-	-	E	D	N	N	-	-	-	-	D	L	L	L	L	N
D	D	D	D	-	-	-	-	D	D	-	-	-	-	D	D	D	D	D	D	-	-	-	D	D	D	D	D
L	L	L	L	-	-	-	D	D	L	L	L	-	-	-	D	L	L	L	L	L	-	-	-	-	-	D	D
D	L	L	L	L	-	-	-	-	E	E	E	D	D	D	-	-	-	D	D	D	D	D	D	-	-	-	-
E	E	-	-	-	-	-	E	E	E	E	-	-	-	E	E	E	E	D	N	-	-	-	E	E	D	D	D
D	L	L	L	L	-	-	-	L	L	-	-	-	E	L	L	L	L	-	-	-	-	-	E	E	D	L	L
-	-	-	E	D	N	N	N	N	-	-	-	-	-	E	E	E	E	E	-	-	-	E	D	D	D	D	D
-	-	-	-	-	D	-	-	-	D	D	-	-	D	N	N	-	-	-	D	D	D	D	-	-	-	-	-
-	-	-	L	L	-	-	-	-	D	-	-	D	L	L	L	L	-	-	L	-	-	-	D	-	-	-	-
L	-	-	-	-	-	-	-	E	-	-	E	E	E	L	N	-	-	-	E	E	L	-	-	-	-	-	-
-	-	-	-	L	-	-	L	L	L	-	-	N	-	-	N	-	-	D	D	D	L	-	-	-	-	-	-
-	-	E	N	-	-	-	-	-	-	N	-	-	L	-	-	-	-	E	L	-	-	-	-	E	L	L	L
-	-	-	N	-	-	-	-	-	-	-	-	-	-	-	-	-	-	-	D	D	-	D	-	D	D	D	-
N	-	-	-	D	D	D	-	-	-	-	-	-	-	-	-	-	-	-	D	-	L	-	-	L	-	-	-
Objective 0: 9367
Objective 1: 173
Constr violation: 0
Restrictions violated:
0 0 0 0 0 0 0 0 

Individual 16
1	2	3	4	5	6	7	8	9	10	11	12	13	14	15	16	17	18	19	20	21	22	23	24	25	26	27	28
-	-	-	D	N	N	-	-	D	D	D	D	N	-	-	D	D	D	N	-	-	D	D	D	D	D	-	-
D	D	N	N	-	-	-	D	N	-	-	E	E	E	E	D	-	-	E	E	-	-	E	E	D	N	-	-
-	-	D	D	N	-	-	D	D	D	D	D	-	-	D	D	-	-	-	D	N	-	-	D	D	D	N	N
D	D	D	D	L	-	-	D	L	-	-	D	D	D	L	L	-	-	L	L	L	-	-	D	D	-	-	-
N	N	-	-	D	D	D	N	-	-	E	D	-	-	-	E	E	E	N	-	-	E	E	-	-	E	E	E
E	N	-	-	E	E	N	N	-	-	E	E	E	E	-	-	E	E	E	-	-	E	E	E	D	D	-	-
D	D	D	N	-	-	-	-	-	D	D	D	D	-	-	D	D	D	D	-	-	D	N	N	N	-	-	D
D	D	D	D	D	-	-	E	E	E	D	-	-	E	E	E	D	D	-	-	E	E	D	-	-	-	-	-
E	N	N	N	-	-	E	E	E	D	N	-	-	-	-	-	E	E	D	-	-	E	E	-	-	E	E	E
L	L	N	-	-	L	L	N	N	N	-	-	-	-	D	L	L	L	-	-	-	-	-	L	L	L	L	L
E	E	E	D	N	-	-	-	-	E	E	D	D	N	-	-	E	E	D	D	N	-	-	E	N	-	-	-
-	-	E	E	E	D	D	-	-	-	E	D	N	N	-	-	D	D	D	-	-	E	E	E	E	D	-	-
-	-	L	L	-	-	D	L	L	N	N	-	-	-	D	L	L	L	L	-	-	D	L	L	L	N	-	-
E	D	D	L	-	-	-	-	-	E	D	L	L	L	-	-	N	N	N	N	-	-	L	L	L	L	-	-
L	L	L	L	-	-	-	E	L	L	L	L	-	-	-	D	L	L	-	-	L	L	L	L	-	-	-	D
E	E	E	E	E	-	-	-	-	-	E	D	-	-	E	E	D	D	D	-	-	E	D	-	-	E	E	E
D	L	-	-	-	E	E	D	D	L	-	-	-	-	E	D	N	N	-	-	-	-	D	L	L	L	L	N
D	D	D	D	-	-	-	-	D	D	-	-	-	-	D	D	D	D	D	D	-	-	-	D	D	D	D	D
L	L	L	L	-	-	-	D	D	L	L	L	-	-	-	D	L	L	L	L	L	-	-	-	-	-	D	D
D	L	L	L	L	-	-	-	-	E	E	E	D	D	D	-	-	-	D	D	D	D	D	D	-	-	-	-
E	E	-	-	-	-	-	E	E	E	E	-	-	-	E	E	E	E	D	N	-	-	-	E	E	D	D	D
D	L	L	L	L	-	-	-	L	L	-	-	-	E	L	L	L	L	-	-	-	-	-	E	E	D	L	L
-	-	-	E	D	N	N	N	N	-	-	-	-	-	E	E	E	E	E	-	-	-	E	D	D	D	D	D
-	-	-	-	-	D	-	-	-	D	D	-	-	D	N	N	-	-	-	D	D	D	D	-	-	-	-	-
-	-	-	L	L	-	-	-	-	D	-	-	D	L	L	L	L	-	-	L	-	-	-	D	-	-	-	-
L	-	-	-	-	-	-	-	E	-	-	E	E	E	L	N	-	-	-	E	E	L	-	-	-	-	-	-
-	-	-	-	L	-	-	L	L	L	-	-	N	-	-	N	-	-	D	D	D	L	-	-	-	-	-	-
-	-	E	N	-	-	-	-	-	-	N	-	-	L	-	-	-	-	E	L	-	-	-	-	E	L	L	L
-	-	-	N	-	-	-	-	-	-	-	-	-	-	-	-	-	-	-	D	D	-	D	-	D	D	D	-
N	-	-	-	D	D	D	-	-	-	-	-	-	-	-	-	-	-	-	D	-	L	-	-	L	-	-	-
Objective 0: 9266
Objective 1: 188
Constr violation: 0
Restrictions violated:
0 0 0 0 0 0 0 0 

Individual 17
1	2	3	4	5	6	7	8	9	10	11	12	13	14	15	16	17	18	19	20	21	22	23	24	25	26	27	28
-	-	-	D	N	N	-	-	D	D	D	D	N	-	-	D	D	D	N	-	-	D	D	D	D	D	-	-
D	D	N	N	-	-	-	D	N	-	-	E	E	E	E	D	-	-	E	E	-	-	E	E	D	N	-	-
-	-	D	D	N	-	-	D	D	D	D	D	-	-	D	D	-	-	-	D	N	-	-	D	D	D	N	N
D	D	D	D	L	-	-	D	L	-	-	D	D	D	L	L	-	-	L	L	L	-	-	D	D	-	-	-
N	N	-	-	D	D	D	N	-	-	E	D	-	-	-	E	E	E	N	-	-	E	E	-	-	E	E	E
E	D	D	D	N	-	-	-	N	N	-	-	E	D	-	-	E	E	E	D	D	-	-	E	D	D	-	-
D	D	D	N	-	-	-	-	-	D	D	D	D	-	-	D	D	D	D	-	-	D	N	N	N	-	-	D
D	D	D	D	D	-	-	E	E	E	D	-	-	E	E	E	D	D	-	-	E	E	D	-	-	-	-	-
E	N	N	N	-	-	E	E	E	D	N	-	-	-	-	-	E	E	D	-	-	E	E	-	-	E	E	E
L	L	N	-	-	L	L	N	N	N	-	-	L	L	-	-	L	L	L	-	-	L	L	L	L	-	-	-
E	E	E	D	N	-	-	-	E	E	D	D	N	-	-	-	E	D	D	D	N	-	-	D	D	N	-	-
-	-	E	E	E	D	D	-	-	-	E	D	N	N	-	-	D	D	D	-	-	E	E	E	E	D	-	-
-	-	L	L	-	-	D	L	L	N	N	-	-	-	D	L	L	L	L	-	-	D	L	L	L	N	-	-
E	D	D	L	-	-	-	-	-	E	D	L	L	L	-	-	N	N	N	N	-	-	L	L	L	L	-	-
E	E	L	L	L	-	-	E	E	L	-	-	E	L	-	-	E	E	E	-	-	-	D	D	-	-	E	L
E	E	E	E	E	-	-	-	-	-	E	D	-	-	E	E	D	D	D	-	-	E	D	-	-	E	E	E
D	L	-	-	-	E	E	D	D	L	-	-	-	-	E	D	N	N	-	-	-	-	D	L	L	L	L	N
D	D	D	D	-	-	-	-	D	D	-	-	-	-	D	D	D	D	D	D	-	-	-	D	D	D	D	D
L	L	L	L	-	-	-	D	D	L	L	L	-	-	-	D	L	L	L	L	L	-	-	-	-	-	D	D
D	L	L	L	L	-	-	-	-	E	E	E	D	D	D	-	-	-	D	D	D	D	D	D	-	-	-	-
E	E	-	-	-	-	-	E	E	E	E	-	-	-	E	E	E	E	D	N	-	-	-	E	E	D	D	D
D	L	L	L	L	-	-	-	L	L	-	-	-	E	L	L	L	L	-	-	-	-	-	E	E	D	L	L
-	-	-	-	D	D	D	D	N	N	-	-	-	-	E	E	E	E	E	-	-	-	E	D	D	D	D	D
N	-	-	-	-	-	N	-	-	-	-	-	D	D	D	D	D	-	-	-	D	-	-	D	D	-	-	-
-	-	-	L	L	-	-	-	-	D	-	-	D	L	L	L	L	-	-	L	-	-	-	D	-	-	-	-
L	-	-	D	D	N	-	-	E	D	L	L	-	-	-	-	-	-	-	E	-	-	-	-	-	-	-	D
L	-	-	-	-	-	-	L	L	L	-	-	N	N	-	-	-	D	D	-	-	L	L	-	-	-	-	-
-	-	E	N	-	-	-	-	-	-	N	-	-	L	-	-	-	-	E	L	-	-	-	-	E	L	L	L
-	-	-	N	-	-	-	-	-	-	-	-	-	-	-	-	-	-	-	D	D	-	D	-	D	D	D	-
-	-	-	-	-	D	D	D	N	-	-	-	-	-	-	-	-	-	-	L	-	-	-	-	-	L	-	L
Objective 0: 11185
Objective 1: 149
Constr violation: 0
Restrictions violated:
0 0 0 0 0 0 0 0 

Individual 18
1	2	3	4	5	6	7	8	9	10	11	12	13	14	15	16	17	18	19	20	21	22	23	24	25	26	27	28
-	-	-	D	N	N	-	-	D	D	D	D	N	-	-	D	D	D	N	-	-	D	D	D	D	D	-	-
D	D	N	N	-	-	-	D	N	-	-	E	E	E	E	D	-	-	E	E	-	-	E	E	D	N	-	-
-	-	D	D	N	-	-	D	D	D	D	D	-	-	D	D	-	-	-	D	N	-	-	D	D	D	N	N
D	D	D	D	L	-	-	D	L	-	-	D	D	D	L	L	-	-	L	L	L	-	-	D	D	-	-	-
N	N	-	-	D	D	D	N	-	-	E	D	-	-	-	E	E	E	N	-	-	E	E	-	-	E	E	E
E	N	-	-	E	E	N	N	-	-	E	E	E	E	-	-	E	E	E	-	-	E	E	E	D	D	-	-
D	D	D	N	-	-	-	-	-	D	D	D	D	-	-	D	D	D	D	-	-	D	N	N	N	-	-	D
E	E	E	E	-	-	E	E	E	E	E	-	-	E	E	-	-	D	D	-	-	-	E	E	D	D	-	-
E	N	N	N	-	-	E	E	E	D	N	-	-	-	-	-	E	E	D	-	-	E	E	-	-	E	E	E
L	L	N	-	-	L	L	N	N	N	-	-	-	-	D	L	L	L	-	-	-	-	-	L	L	L	L	L
E	E	E	D	N	-	-	-	-	E	E	D	D	N	-	-	E	E	D	D	N	-	-	E	N	-	-	-
-	-	E	E	E	D	D	-	-	-	E	D	N	N	-	-	D	D	D	-	-	E	E	E	E	D	-	-
-	-	L	L	-	-	D	L	L	N	N	-	-	-	D	L	L	L	L	-	-	D	L	L	L	N	-	-
E	D	D	L	-	-	-	-	-	E	D	L	L	L	-	-	N	N	N	N	-	-	L	L	L	L	-	-
L	L	L	L	-	-	-	E	L	L	L	L	-	-	-	D	L	L	-	-	L	L	L	L	-	-	-	D
E	E	E	E	E	-	-	-	-	-	E	D	-	-	E	E	D	D	D	-	-	E	D	-	-	E	E	E
D	L	-	-	-	E	E	D	D	L	-	-	-	-	E	D	N	N	-	-	-	-	D	L	L	L	L	N
D	D	D	D	-	-	-	-	D	D	-	-	-	-	D	D	D	D	D	D	-	-	-	D	D	D	D	D
L	L	L	L	-	-	-	D	D	L	L	L	-	-	-	D	L	L	L	L	L	-	-	-	-	-	D	D
D	L	L	L	L	-	-	-	-	E	E	E	D	D	D	-	-	-	D	D	D	D	D	D	-	-	-	-
E	E	-	-	-	-	-	E	E	E	E	-	-	-	E	E	E	E	D	N	-	-	-	E	E	D	D	D
D	L	L	L	L	-	-	-	L	L	-	-	-	E	L	L	L	L	-	-	-	-	-	E	E	D	L	L
-	-	-	E	D	N	N	N	N	-	-	-	-	-	E	E	E	E	E	-	-	-	E	D	D	D	D	D
-	-	-	-	-	D	-	-	-	D	D	-	-	D	N	N	-	-	-	D	D	D	D	-	-	-	-	-
-	-	-	L	L	-	-	-	-	D	-	-	D	L	L	L	L	-	-	L	-	-	-	D	-	-	-	-
L	-	-	-	-	-	-	-	E	-	-	E	E	E	L	N	-	-	-	E	E	L	-	-	-	-	-	-
-	-	-	-	L	-	-	L	L	L	-	-	N	-	-	N	-	-	D	D	D	L	-	-	-	-	-	-
-	-	E	N	-	-	-	-	-	-	N	-	-	L	-	-	-	-	E	L	-	-	-	-	E	L	L	L
-	-	-	N	-	-	-	-	-	-	-	-	-	-	-	-	-	-	-	D	D	-	D	-	D	D	D	-
N	-	-	-	D	D	D	-	-	-	-	-	-	-	-	-	-	-	-	D	-	L	-	-	L	-	-	-
Objective 0: 9064
Objective 1: 191
Constr violation: 0
Restrictions violated:
0 0 0 0 0 0 0 0 

Individual 19
1	2	3	4	5	6	7	8	9	10	11	12	13	14	15	16	17	18	19	20	21	22	23	24	25	26	27	28
-	-	-	D	N	N	-	-	D	D	D	D	N	-	-	D	D	D	N	-	-	D	D	D	D	D	-	-
D	D	N	N	-	-	-	D	N	-	-	E	E	E	E	D	-	-	E	E	-	-	E	E	D	N	-	-
-	-	D	D	N	-	-	D	D	D	D	D	-	-	D	D	-	-	-	D	N	-	-	D	D	D	N	N
D	D	D	D	L	-	-	D	L	-	-	D	D	D	L	L	-	-	L	L	L	-	-	D	D	-	-	-
N	N	-	-	D	D	D	N	-	-	E	D	-	-	-	E	E	E	N	-	-	E	E	-	-	E	E	E
E	N	-	-	E	E	N	N	-	-	E	E	E	E	-	-	E	E	E	-	-	E	E	E	D	D	-	-
D	D	D	N	-	-	-	-	-	D	D	D	D	-	-	D	D	D	D	-	-	D	N	N	N	-	-	D
D	D	D	D	D	-	-	E	E	E	D	-	-	E	E	E	D	D	-	-	E	E	D	-	-	-	-	-
E	N	N	N	-	-	E	E	E	D	N	-	-	-	-	-	E	E	D	-	-	E	E	-	-	E	E	E
L	L	N	-	-	L	L	N	N	N	-	-	L	L	-	-	L	L	L	-	-	L	L	L	L	-	-	-
E	E	E	D	N	-	-	-	-	E	E	D	D	N	-	-	E	E	D	D	N	-	-	E	N	-	-	-
-	-	E	E	E	D	D	-	-	-	E	D	N	N	-	-	D	D	D	-	-	E	E	E	E	D	-	-
-	-	L	L	-	-	D	L	L	N	N	-	-	-	D	L	L	L	L	-	-	D	L	L	L	N	-	-
E	D	D	L	-	-	-	-	-	E	D	L	L	L	-	-	N	N	N	N	-	-	L	L	L	L	-	-
E	E	L	L	L	-	-	E	E	L	-	-	E	L	-	-	E	E	E	-	-	-	D	D	-	-	E	L
E	E	E	E	E	-	-	-	-	-	E	D	-	-	E	E	D	D	D	-	-	E	D	-	-	E	E	E
D	L	-	-	-	E	E	D	D	L	-	-	-	-	E	D	N	N	-	-	-	-	D	L	L	L	L	N
D	D	D	D	-	-	-	-	D	D	-	-	-	-	D	D	D	D	D	D	-	-	-	D	D	D	D	D
L	L	L	L	-	-	-	D	D	L	L	L	-	-	-	D	L	L	L	L	L	-	-	-	-	-	D	D
D	L	L	L	L	-	-	-	-	E	E	E	D	D	D	-	-	-	D	D	D	D	D	D	-	-	-	-
E	E	-	-	-	-	-	E	E	E	E	-	-	-	E	E	E	E	D	N	-	-	-	E	E	D	D	D
D	L	L	L	L	-	-	-	L	L	-	-	-	E	L	L	L	L	-	-	-	-	-	E	E	D	L	L
-	-	-	-	D	D	D	D	N	N	-	-	-	-	E	E	E	E	E	-	-	-	E	D	D	D	D	D
N	-	-	-	-	-	N	-	-	-	-	-	D	D	D	D	D	-	-	-	D	-	-	D	D	-	-	-
-	-	-	L	L	-	-	-	-	D	-	-	D	L	L	L	L	-	-	L	-	-	-	D	-	-	-	-
L	-	-	D	D	N	-	-	E	D	L	L	-	-	-	-	-	-	-	E	-	-	-	-	-	-	-	D
-	-	-	-	L	-	-	L	L	L	-	-	N	-	-	N	-	-	D	D	D	L	-	-	-	-	-	-
-	-	E	N	-	-	-	-	-	-	N	-	-	L	-	-	-	-	E	L	-	-	-	-	E	L	L	L
-	-	-	N	-	-	-	-	-	-	-	-	-	-	-	-	-	-	-	D	D	-	D	-	D	D	D	-
N	-	-	-	D	D	D	-	-	-	-	-	-	-	-	-	-	-	-	D	-	L	-	-	L	-	-	-
Objective 0: 10377
Objective 1: 156
Constr violation: 0
Restrictions violated:
0 0 0 0 0 0 0 0 

