Individual 0
1	2	3	4	5	6	7	8	9	10	11	12	13	14	15	16	17	18	19	20	21	22	23	24	25	26	27	28
-	-	-	N	N	N	N	-	-	D	D	D	-	-	D	D	D	D	D	-	-	D	D	D	D	D	-	-
E	E	E	D	-	-	E	N	N	-	-	E	E	D	-	-	E	N	N	-	-	E	E	E	E	-	-	-
D	D	N	N	N	-	-	-	D	D	D	D	-	-	D	D	-	-	-	D	D	D	N	-	-	-	D	D
L	L	L	L	L	-	-	L	L	L	-	-	L	L	L	L	L	-	-	D	L	-	-	D	D	D	-	-
-	-	-	E	E	E	D	N	-	-	E	E	D	-	-	E	N	N	N	-	-	D	D	D	D	D	-	-
E	E	E	N	N	-	-	E	E	N	-	-	E	E	E	N	-	-	E	E	D	-	-	-	E	D	-	-
D	N	N	N	N	-	-	D	D	D	D	D	-	-	-	-	-	D	D	D	D	D	-	-	-	-	D	D
E	E	E	E	-	-	E	E	E	E	E	-	-	E	E	E	D	D	-	-	-	E	D	D	-	-	-	-
E	N	-	-	D	D	D	-	-	D	N	N	-	-	-	E	E	D	N	-	-	E	E	D	-	-	E	E
L	N	-	-	L	L	L	N	N	-	-	L	N	-	-	D	L	L	L	-	-	D	D	L	L	-	-	-
E	E	E	D	N	-	-	-	-	E	E	E	D	N	-	-	D	D	D	D	N	-	-	E	N	-	-	-
E	E	E	D	-	-	E	D	-	-	E	E	E	-	-	-	D	D	D	-	-	E	E	E	E	N	-	-
-	-	L	L	-	-	D	L	L	L	L	-	-	D	D	D	D	L	-	-	-	L	L	L	L	L	-	-
D	L	-	-	D	D	L	-	-	E	L	N	N	N	-	-	-	L	L	-	-	E	L	L	L	N	-	-
E	D	L	L	-	-	-	E	E	E	D	L	-	-	-	E	E	E	E	E	-	-	-	-	-	D	D	D
D	D	D	-	-	E	E	-	-	-	E	D	-	-	E	E	E	E	E	-	-	D	D	-	-	E	E	E
D	D	-	-	-	-	D	L	L	L	L	N	-	-	-	E	D	N	-	-	-	-	E	E	L	L	N	N
D	D	D	D	-	-	-	-	D	D	-	-	-	D	D	D	D	D	-	-	-	-	D	D	D	D	D	D
D	D	D	L	-	-	-	-	D	D	D	L	-	-	-	L	L	L	L	L	L	-	-	-	-	L	L	L
E	E	E	D	L	-	-	-	E	E	L	L	L	L	-	-	-	D	L	L	L	L	L	-	-	-	-	-
E	E	E	E	-	-	-	D	D	N	-	-	-	-	E	E	E	E	N	N	-	-	-	-	E	E	E	D
L	L	-	-	-	E	E	E	L	L	-	-	-	-	L	L	N	N	-	-	-	-	E	D	L	L	L	L
-	-	-	E	E	E	D	D	N	-	-	-	-	-	E	E	E	E	D	-	-	-	D	D	D	D	D	N
D	-	-	-	-	D	D	-	-	-	-	-	D	D	N	N	-	-	-	D	D	-	-	-	-	D	-	-
D	L	-	-	-	-	-	-	-	-	-	D	-	-	D	L	-	-	-	D	-	-	L	L	-	-	L	L
D	-	-	-	E	L	N	N	-	-	-	D	L	L	-	-	-	D	-	-	-	-	-	-	-	-	E	E
D	L	-	-	-	N	-	-	D	L	-	-	D	-	-	-	-	-	D	D	D	N	-	-	-	-	-	-
-	-	L	L	L	L	-	-	E	L	-	-	-	-	D	N	N	-	-	E	E	-	-	-	-	-	-	-
D	D	N	-	-	-	-	-	-	-	-	-	D	-	-	-	-	-	D	-	-	-	-	D	D	-	-	-
-	-	-	D	D	-	-	-	-	-	-	-	-	L	-	-	-	L	-	-	L	L	-	-	-	-	L	-
Objective 0: 9266
Objective 1: 189
Constr violation: 0
Restrictions violated:
0 0 0 0 0 0 0 0 

Individual 1
1	2	3	4	5	6	7	8	9	10	11	12	13	14	15	16	17	18	19	20	21	22	23	24	25	26	27	28
-	-	-	N	N	N	N	-	-	D	D	D	-	-	D	D	D	D	D	-	-	D	D	D	D	D	-	-
E	E	E	D	-	-	E	N	N	-	-	E	E	D	-	-	E	N	N	-	-	E	E	E	E	-	-	-
D	D	N	N	N	-	-	-	D	D	D	D	-	-	D	D	-	-	-	D	D	D	N	-	-	-	D	D
L	L	L	L	L	-	-	L	L	L	L	-	-	L	L	L	-	-	D	L	L	-	-	D	D	-	-	-
-	-	-	E	E	E	D	N	-	-	E	E	D	-	-	E	N	N	N	-	-	D	D	D	D	D	-	-
E	D	D	D	-	-	-	D	D	N	-	-	E	E	E	-	-	E	N	-	-	E	D	D	D	D	-	-
D	N	N	N	N	-	-	D	D	D	D	D	-	-	-	-	-	D	D	D	D	D	-	-	-	-	D	D
E	E	E	E	-	-	E	E	E	E	E	-	-	E	E	E	D	D	-	-	-	E	D	D	-	-	-	-
E	N	-	-	D	D	D	-	-	D	N	N	-	-	-	E	E	D	N	-	-	E	E	D	-	-	E	E
L	N	-	-	L	L	L	N	N	-	-	L	N	-	-	D	L	L	L	-	-	D	D	L	L	-	-	-
E	E	E	D	N	-	-	-	-	E	E	E	D	N	-	-	D	D	D	D	N	-	-	E	N	-	-	-
E	E	E	D	-	-	E	D	-	-	E	E	E	-	-	-	D	D	D	-	-	E	E	E	E	N	-	-
-	-	L	L	-	-	D	L	L	L	L	-	-	D	D	D	D	L	-	-	-	L	L	L	L	L	-	-
D	L	-	-	D	D	L	-	-	E	L	N	N	N	-	-	-	L	L	-	-	E	L	L	L	N	-	-
E	D	L	L	-	-	-	E	E	E	D	L	-	-	-	E	E	E	E	E	-	-	-	-	-	D	D	D
E	E	D	D	D	-	-	-	-	E	E	E	-	-	-	D	D	D	D	-	-	-	-	E	E	E	E	E
D	D	-	-	-	-	D	L	L	L	L	N	-	-	-	E	D	N	-	-	-	-	E	E	L	L	N	N
D	D	D	D	-	-	-	-	D	D	-	-	-	D	D	D	D	D	-	-	-	-	D	D	D	D	D	D
D	D	D	L	-	-	-	-	D	D	D	L	-	-	-	L	L	L	L	L	L	-	-	-	-	L	L	L
E	E	E	D	L	-	-	-	E	E	L	L	L	L	-	-	-	D	L	L	L	L	L	-	-	-	-	-
E	E	E	E	-	-	-	D	D	N	-	-	-	-	E	E	E	E	N	N	-	-	-	-	E	E	E	D
L	L	-	-	-	E	E	E	L	L	-	-	-	-	L	L	N	N	-	-	-	-	E	D	L	L	L	L
-	-	-	E	E	E	D	D	N	-	-	-	-	-	E	E	E	E	D	-	-	-	D	D	D	D	D	N
-	-	D	-	-	N	N	-	-	-	-	-	-	-	D	D	-	-	-	D	-	-	-	-	D	D	D	D
D	L	-	-	-	-	-	-	-	-	-	D	-	-	D	L	-	-	-	D	-	-	L	L	-	-	L	L
-	-	E	L	L	L	L	-	-	E	L	L	-	-	E	-	-	-	-	-	-	-	-	-	D	-	-	-
D	L	-	-	-	N	-	-	D	L	-	-	D	-	-	-	-	-	D	D	D	N	-	-	-	-	-	-
-	-	D	-	-	-	-	E	L	N	-	-	-	D	L	-	-	-	-	-	D	N	-	-	E	-	-	E
D	D	N	-	-	-	-	-	-	-	-	-	D	-	-	-	-	-	D	-	-	-	-	D	D	-	-	-
-	-	-	D	D	-	-	-	-	-	-	-	-	L	-	-	-	L	-	-	L	L	-	-	-	-	L	-
Objective 0: 10982
Objective 1: 166
Constr violation: 0
Restrictions violated:
0 0 0 0 0 0 0 0 

Individual 2
1	2	3	4	5	6	7	8	9	10	11	12	13	14	15	16	17	18	19	20	21	22	23	24	25	26	27	28
-	-	-	N	N	N	N	-	-	D	D	D	-	-	D	D	D	D	D	-	-	D	D	D	D	D	-	-
E	E	E	D	-	-	E	N	N	-	-	E	E	D	-	-	E	N	N	-	-	E	E	E	E	-	-	-
D	D	N	N	N	-	-	-	D	D	D	D	-	-	D	D	-	-	-	D	D	D	N	-	-	-	D	D
L	L	L	L	L	-	-	L	L	L	L	-	-	L	L	L	-	-	D	L	L	-	-	D	D	-	-	-
-	-	-	E	E	E	D	N	-	-	E	E	D	-	-	E	N	N	N	-	-	D	D	D	D	D	-	-
E	D	D	D	-	-	-	D	D	N	-	-	E	E	E	-	-	E	N	-	-	E	D	D	D	D	-	-
D	N	N	N	N	-	-	D	D	D	D	D	-	-	-	-	-	D	D	D	D	D	-	-	-	-	D	D
E	E	E	E	-	-	E	E	E	E	E	-	-	E	E	E	D	D	-	-	-	E	D	D	-	-	-	-
E	N	-	-	D	D	D	-	-	D	N	N	-	-	-	E	E	D	N	-	-	E	E	D	-	-	E	E
L	N	-	-	L	L	L	N	N	-	-	L	N	-	-	D	L	L	L	-	-	D	D	L	L	-	-	-
E	E	E	D	N	-	-	-	-	E	E	E	D	N	-	-	D	D	D	D	N	-	-	E	N	-	-	-
E	E	E	D	-	-	E	D	-	-	E	E	E	-	-	-	D	D	D	-	-	E	E	E	E	N	-	-
-	-	L	L	-	-	D	L	L	L	L	-	-	D	D	D	D	L	-	-	-	L	L	L	L	L	-	-
D	L	-	-	D	D	L	-	-	E	L	N	N	N	-	-	-	L	L	-	-	E	L	L	L	N	-	-
E	D	L	L	-	-	-	E	E	E	D	L	-	-	-	E	E	E	E	E	-	-	-	-	-	D	D	D
E	E	D	D	D	-	-	-	-	E	E	E	-	-	-	D	D	D	D	-	-	-	-	E	E	E	E	E
D	D	-	-	-	-	D	L	L	L	L	N	-	-	-	E	D	N	-	-	-	-	E	E	L	L	N	N
D	D	D	D	-	-	-	-	D	D	-	-	-	D	D	D	D	D	-	-	-	-	D	D	D	D	D	D
D	D	D	L	-	-	-	-	D	D	D	L	-	-	-	L	L	L	L	L	L	-	-	-	-	L	L	L
E	E	E	D	L	-	-	-	E	E	L	L	L	L	-	-	-	D	L	L	L	L	L	-	-	-	-	-
E	E	E	E	-	-	-	D	D	N	-	-	-	-	E	E	E	E	N	N	-	-	-	-	E	E	E	D
L	L	-	-	-	E	E	E	L	L	-	-	-	-	L	L	N	N	-	-	-	-	E	D	L	L	L	L
-	-	-	E	E	E	D	D	N	-	-	-	-	-	E	E	E	E	D	-	-	-	D	D	D	D	D	N
D	-	-	-	-	D	D	-	-	-	-	-	D	D	N	N	-	-	-	D	D	-	-	-	-	D	-	-
D	L	-	-	-	-	-	-	-	-	-	D	-	-	D	L	-	-	-	D	-	-	L	L	-	-	L	L
D	-	-	-	E	L	N	N	-	-	-	D	L	L	-	-	-	D	-	-	-	-	-	-	-	-	E	E
D	L	-	-	-	N	-	-	D	L	-	-	D	-	-	-	-	-	D	D	D	N	-	-	-	-	-	-
-	-	D	-	-	-	-	E	L	N	-	-	-	D	L	-	-	-	-	-	D	N	-	-	E	-	-	E
D	D	N	-	-	-	-	-	-	-	-	-	D	-	-	-	-	-	D	-	-	-	-	D	D	-	-	-
-	-	-	D	D	-	-	-	-	-	-	-	-	L	-	-	-	L	-	-	L	L	-	-	-	-	L	-
Objective 0: 10477
Objective 1: 170
Constr violation: 0
Restrictions violated:
0 0 0 0 0 0 0 0 

Individual 3
1	2	3	4	5	6	7	8	9	10	11	12	13	14	15	16	17	18	19	20	21	22	23	24	25	26	27	28
-	-	-	N	N	N	N	-	-	D	D	D	-	-	D	D	D	D	D	-	-	D	D	D	D	D	-	-
E	E	E	D	-	-	E	N	N	-	-	E	E	D	-	-	E	N	N	-	-	E	E	E	E	-	-	-
D	D	N	N	N	-	-	-	D	D	D	D	-	-	D	D	-	-	-	D	D	D	N	-	-	-	D	D
L	L	L	L	L	-	-	L	L	L	L	-	-	L	L	L	-	-	D	L	L	-	-	D	D	-	-	-
-	-	-	E	E	E	D	N	-	-	E	E	D	-	-	E	N	N	N	-	-	D	D	D	D	D	-	-
E	D	D	D	-	-	-	D	D	N	-	-	E	E	E	-	-	E	N	-	-	E	D	D	D	D	-	-
D	N	N	N	N	-	-	D	D	D	D	D	-	-	-	-	-	D	D	D	D	D	-	-	-	-	D	D
E	E	E	E	-	-	E	E	E	E	E	-	-	E	E	E	D	D	-	-	-	E	D	D	-	-	-	-
E	N	-	-	D	D	D	-	-	D	N	N	-	-	-	E	E	D	N	-	-	E	E	D	-	-	E	E
L	N	-	-	L	L	L	N	N	-	-	L	N	-	-	D	L	L	L	-	-	D	D	L	L	-	-	-
E	E	E	D	N	-	-	-	-	E	E	E	D	N	-	-	D	D	D	D	N	-	-	E	N	-	-	-
E	E	E	D	-	-	E	D	-	-	E	E	E	-	-	-	D	D	D	-	-	E	E	E	E	N	-	-
-	-	L	L	-	-	D	L	L	L	L	-	-	D	D	D	D	L	-	-	-	L	L	L	L	L	-	-
D	L	-	-	D	D	L	-	-	E	L	N	N	N	-	-	-	L	L	-	-	E	L	L	L	N	-	-
E	D	L	L	-	-	-	E	E	E	D	L	-	-	-	E	E	E	E	E	-	-	-	-	-	D	D	D
E	E	D	D	D	-	-	-	-	E	E	E	-	-	-	D	D	D	D	-	-	-	-	E	E	E	E	E
D	D	-	-	-	-	D	L	L	L	L	N	-	-	-	E	D	N	-	-	-	-	E	E	L	L	N	N
D	D	D	D	-	-	-	-	D	D	-	-	-	D	D	D	D	D	-	-	-	-	D	D	D	D	D	D
D	D	D	L	-	-	-	-	D	D	D	L	-	-	-	L	L	L	L	L	L	-	-	-	-	L	L	L
E	E	E	D	L	-	-	-	E	E	L	L	L	L	-	-	-	D	L	L	L	L	L	-	-	-	-	-
E	E	E	E	-	-	-	D	D	N	-	-	-	-	E	E	E	E	N	N	-	-	-	-	E	E	E	D
L	L	-	-	-	E	E	E	L	L	-	-	-	-	L	L	N	N	-	-	-	-	E	D	L	L	L	L
-	-	-	E	E	E	D	D	N	-	-	-	-	-	E	E	E	E	D	-	-	-	D	D	D	D	D	N
-	-	D	-	-	N	N	-	-	-	-	-	-	-	D	D	-	-	-	D	-	-	-	-	D	D	D	D
D	L	-	-	-	-	-	-	-	-	-	D	-	-	D	L	-	-	-	D	-	-	L	L	-	-	L	L
-	-	E	L	L	L	L	-	-	E	L	L	-	-	E	-	-	-	-	-	-	-	-	-	D	-	-	-
D	L	-	-	-	N	-	-	D	L	-	-	D	-	-	-	-	-	D	D	D	N	-	-	-	-	-	-
-	-	D	-	-	-	-	E	L	N	-	-	-	D	L	-	-	-	-	-	D	N	-	-	E	-	-	E
D	D	N	-	-	-	-	-	-	-	-	-	D	-	-	-	-	-	D	-	-	-	-	D	D	-	-	-
-	-	-	D	D	-	-	-	-	-	-	-	-	L	-	-	-	L	-	-	L	L	-	-	-	-	L	-
Objective 0: 10982
Objective 1: 166
Constr violation: 0
Restrictions violated:
0 0 0 0 0 0 0 0 

Individual 4
1	2	3	4	5	6	7	8	9	10	11	12	13	14	15	16	17	18	19	20	21	22	23	24	25	26	27	28
-	-	-	N	N	N	N	-	-	D	D	D	-	-	D	D	D	D	D	-	-	D	D	D	D	D	-	-
E	E	E	D	-	-	E	N	N	-	-	E	E	D	-	-	E	N	N	-	-	E	E	E	E	-	-	-
D	D	N	N	N	-	-	-	D	D	D	D	-	-	D	D	-	-	-	D	D	D	N	-	-	-	D	D
L	L	L	L	L	-	-	L	L	L	L	-	-	L	L	L	-	-	D	L	L	-	-	D	D	-	-	-
-	-	-	E	E	E	D	N	-	-	E	E	D	-	-	E	N	N	N	-	-	D	D	D	D	D	-	-
E	D	D	D	-	-	-	D	D	N	-	-	E	E	E	-	-	E	N	-	-	E	D	D	D	D	-	-
D	N	N	N	N	-	-	D	D	D	D	D	-	-	-	-	-	D	D	D	D	D	-	-	-	-	D	D
E	E	E	E	-	-	E	E	E	E	E	-	-	E	E	E	D	D	-	-	-	E	D	D	-	-	-	-
E	N	-	-	D	D	D	-	-	D	N	N	-	-	-	E	E	D	N	-	-	E	E	D	-	-	E	E
L	N	-	-	L	L	L	N	N	-	-	L	N	-	-	D	L	L	L	-	-	D	D	L	L	-	-	-
E	E	E	D	N	-	-	-	-	E	E	E	D	N	-	-	D	D	D	D	N	-	-	E	N	-	-	-
E	E	E	D	-	-	E	D	-	-	E	E	E	-	-	-	D	D	D	-	-	E	E	E	E	N	-	-
-	-	L	L	-	-	D	L	L	L	L	-	-	D	D	D	D	L	-	-	-	L	L	L	L	L	-	-
D	L	-	-	D	D	L	-	-	E	L	N	N	N	-	-	-	L	L	-	-	E	L	L	L	N	-	-
E	D	L	L	-	-	-	E	E	E	D	L	-	-	-	E	E	E	E	E	-	-	-	-	-	D	D	D
E	E	D	D	D	-	-	-	-	E	E	E	-	-	-	D	D	D	D	-	-	-	-	E	E	E	E	E
D	D	-	-	-	-	D	L	L	L	L	N	-	-	-	E	D	N	-	-	-	-	E	E	L	L	N	N
D	D	D	D	-	-	-	-	D	D	-	-	-	D	D	D	D	D	-	-	-	-	D	D	D	D	D	D
D	D	D	L	-	-	-	-	D	D	D	L	-	-	-	L	L	L	L	L	L	-	-	-	-	L	L	L
E	E	E	D	L	-	-	-	E	E	L	L	L	L	-	-	-	D	L	L	L	L	L	-	-	-	-	-
E	E	E	E	-	-	-	D	D	N	-	-	-	-	E	E	E	E	N	N	-	-	-	-	E	E	E	D
L	L	-	-	-	E	E	E	L	L	-	-	-	-	L	L	N	N	-	-	-	-	E	D	L	L	L	L
-	-	-	E	E	E	D	D	N	-	-	-	-	-	E	E	E	E	D	-	-	-	D	D	D	D	D	N
-	-	D	-	-	N	N	-	-	-	-	-	-	-	D	D	-	-	-	D	-	-	-	-	D	D	D	D
D	L	-	-	-	-	-	-	-	-	-	D	-	-	D	L	-	-	-	D	-	-	L	L	-	-	L	L
D	-	-	-	E	L	N	N	-	-	-	D	L	L	-	-	-	D	-	-	-	-	-	-	-	-	E	E
D	L	-	-	-	N	-	-	D	L	-	-	D	-	-	-	-	-	D	D	D	N	-	-	-	-	-	-
-	-	D	-	-	-	-	E	L	N	-	-	-	D	L	-	-	-	-	-	D	N	-	-	E	-	-	E
D	D	N	-	-	-	-	-	-	-	-	-	D	-	-	-	-	-	D	-	-	-	-	D	D	-	-	-
-	-	-	D	D	-	-	-	-	-	-	-	-	L	-	-	-	L	-	-	L	L	-	-	-	-	L	-
Objective 0: 10679
Objective 1: 168
Constr violation: 0
Restrictions violated:
0 0 0 0 0 0 0 0 

Individual 5
1	2	3	4	5	6	7	8	9	10	11	12	13	14	15	16	17	18	19	20	21	22	23	24	25	26	27	28
-	-	-	N	N	N	N	-	-	D	D	D	-	-	D	D	D	D	D	-	-	D	D	D	D	D	-	-
E	E	E	D	-	-	E	N	N	-	-	E	E	D	-	-	E	N	N	-	-	E	E	E	E	-	-	-
D	D	N	N	N	-	-	-	D	D	D	D	-	-	D	D	-	-	-	D	D	D	N	-	-	-	D	D
L	L	L	L	L	-	-	L	L	L	L	-	-	L	L	L	-	-	D	L	L	-	-	D	D	-	-	-
-	-	-	E	E	E	D	N	-	-	E	E	D	-	-	E	N	N	N	-	-	D	D	D	D	D	-	-
E	E	E	N	N	-	-	E	E	N	-	-	E	E	E	N	-	-	E	E	D	-	-	-	E	D	-	-
D	N	N	N	N	-	-	D	D	D	D	D	-	-	-	-	-	D	D	D	D	D	-	-	-	-	D	D
E	E	E	E	-	-	E	E	E	E	E	-	-	E	E	E	D	D	-	-	-	E	D	D	-	-	-	-
E	N	-	-	D	D	D	-	-	D	N	N	-	-	-	E	E	D	N	-	-	E	E	D	-	-	E	E
L	N	-	-	L	L	L	N	N	-	-	L	N	-	-	D	L	L	L	-	-	D	D	L	L	-	-	-
E	E	E	D	N	-	-	-	-	E	E	E	D	N	-	-	D	D	D	D	N	-	-	E	N	-	-	-
E	E	E	D	-	-	E	D	-	-	E	E	E	-	-	-	D	D	D	-	-	E	E	E	E	N	-	-
-	-	L	L	-	-	D	L	L	L	L	-	-	D	D	D	D	L	-	-	-	L	L	L	L	L	-	-
D	L	-	-	D	D	L	-	-	E	L	N	N	N	-	-	-	L	L	-	-	E	L	L	L	N	-	-
E	D	L	L	-	-	-	E	E	E	D	L	-	-	-	E	E	E	E	E	-	-	-	-	-	D	D	D
E	E	D	D	D	-	-	-	-	E	E	E	-	-	-	D	D	D	D	-	-	-	-	E	E	E	E	E
D	D	-	-	-	-	D	L	L	L	L	N	-	-	-	E	D	N	-	-	-	-	E	E	L	L	N	N
D	D	D	D	-	-	-	-	D	D	-	-	-	D	D	D	D	D	-	-	-	-	D	D	D	D	D	D
D	D	D	L	-	-	-	-	D	D	D	L	-	-	-	L	L	L	L	L	L	-	-	-	-	L	L	L
E	E	E	D	L	-	-	-	E	E	L	L	L	L	-	-	-	D	L	L	L	L	L	-	-	-	-	-
E	E	E	E	-	-	-	D	D	N	-	-	-	-	E	E	E	E	N	N	-	-	-	-	E	E	E	D
L	L	-	-	-	E	E	E	L	L	-	-	-	-	L	L	N	N	-	-	-	-	E	D	L	L	L	L
-	-	-	E	E	E	D	D	N	-	-	-	-	-	E	E	E	E	D	-	-	-	D	D	D	D	D	N
-	-	D	-	-	N	N	-	-	-	-	-	-	-	D	D	-	-	-	D	-	-	-	-	D	D	D	D
D	L	-	-	-	-	-	-	-	-	-	D	-	-	D	L	-	-	-	D	-	-	L	L	-	-	L	L
D	-	-	-	E	L	N	N	-	-	-	D	L	L	-	-	-	D	-	-	-	-	-	-	-	-	E	E
D	L	-	-	-	N	-	-	D	L	-	-	D	-	-	-	-	-	D	D	D	N	-	-	-	-	-	-
-	-	D	-	-	-	-	E	L	N	-	-	-	D	L	-	-	-	-	-	D	N	-	-	E	-	-	E
D	D	N	-	-	-	-	-	-	-	-	-	D	-	-	-	-	-	D	-	-	-	-	D	D	-	-	-
-	-	-	D	D	-	-	-	-	-	-	-	-	L	-	-	-	L	-	-	L	L	-	-	-	-	L	-
Objective 0: 10174
Objective 1: 173
Constr violation: 0
Restrictions violated:
0 0 0 0 0 0 0 0 

Individual 6
1	2	3	4	5	6	7	8	9	10	11	12	13	14	15	16	17	18	19	20	21	22	23	24	25	26	27	28
-	-	-	N	N	N	N	-	-	D	D	D	-	-	D	D	D	D	D	-	-	D	D	D	D	D	-	-
E	E	E	D	-	-	E	N	N	-	-	E	E	D	-	-	E	N	N	-	-	E	E	E	E	-	-	-
D	D	N	N	N	-	-	-	D	D	D	D	-	-	D	D	-	-	-	D	D	D	N	-	-	-	D	D
L	L	L	L	L	-	-	L	L	L	L	-	-	L	L	L	-	-	D	L	L	-	-	D	D	-	-	-
-	-	-	E	E	E	D	N	-	-	E	E	D	-	-	E	N	N	N	-	-	D	D	D	D	D	-	-
E	E	E	N	N	-	-	E	E	N	-	-	E	E	E	N	-	-	E	E	D	-	-	-	E	D	-	-
D	N	N	N	N	-	-	D	D	D	D	D	-	-	-	-	-	D	D	D	D	D	-	-	-	-	D	D
E	E	E	E	-	-	E	E	E	E	E	-	-	E	E	E	D	D	-	-	-	E	D	D	-	-	-	-
E	N	-	-	D	D	D	-	-	D	N	N	-	-	-	E	E	D	N	-	-	E	E	D	-	-	E	E
L	N	-	-	L	L	L	N	N	-	-	L	N	-	-	D	L	L	L	-	-	D	D	L	L	-	-	-
E	E	E	D	N	-	-	-	-	E	E	E	D	N	-	-	D	D	D	D	N	-	-	E	N	-	-	-
E	E	E	D	-	-	E	D	-	-	E	E	E	-	-	-	D	D	D	-	-	E	E	E	E	N	-	-
-	-	L	L	-	-	D	L	L	L	L	-	-	D	D	D	D	L	-	-	-	L	L	L	L	L	-	-
D	L	-	-	D	D	L	-	-	E	L	N	N	N	-	-	-	L	L	-	-	E	L	L	L	N	-	-
E	D	L	L	-	-	-	E	E	E	D	L	-	-	-	E	E	E	E	E	-	-	-	-	-	D	D	D
D	D	D	-	-	E	E	-	-	-	E	D	-	-	E	E	E	E	E	-	-	D	D	-	-	E	E	E
D	D	-	-	-	-	D	L	L	L	L	N	-	-	-	E	D	N	-	-	-	-	E	E	L	L	N	N
D	D	D	D	-	-	-	-	D	D	-	-	-	D	D	D	D	D	-	-	-	-	D	D	D	D	D	D
D	D	D	L	-	-	-	-	D	D	D	L	-	-	-	L	L	L	L	L	L	-	-	-	-	L	L	L
E	E	E	D	L	-	-	-	E	E	L	L	L	L	-	-	-	D	L	L	L	L	L	-	-	-	-	-
E	E	E	E	-	-	-	D	D	N	-	-	-	-	E	E	E	E	N	N	-	-	-	-	E	E	E	D
L	L	-	-	-	E	E	E	L	L	-	-	-	-	L	L	N	N	-	-	-	-	E	D	L	L	L	L
-	-	-	E	E	E	D	D	N	-	-	-	-	-	E	E	E	E	D	-	-	-	D	D	D	D	D	N
D	-	-	-	-	D	D	-	-	-	-	-	D	D	N	N	-	-	-	D	D	-	-	-	-	D	-	-
D	L	-	-	-	-	-	-	-	-	-	D	-	-	D	L	-	-	-	D	-	-	L	L	-	-	L	L
D	-	-	-	E	L	N	N	-	-	-	D	L	L	-	-	-	D	-	-	-	-	-	-	-	-	E	E
D	L	-	-	-	N	-	-	D	L	-	-	D	-	-	-	-	-	D	D	D	N	-	-	-	-	-	-
-	-	L	L	L	L	-	-	E	L	-	-	-	-	D	N	N	-	-	E	E	-	-	-	-	-	-	-
D	D	N	-	-	-	-	-	-	-	-	-	D	-	-	-	-	-	D	-	-	-	-	D	D	-	-	-
-	-	-	D	D	-	-	-	-	-	-	-	-	L	-	-	-	L	-	-	L	L	-	-	-	-	L	-
Objective 0: 9366
Objective 1: 186
Constr violation: 0
Restrictions violated:
0 0 0 0 0 0 0 0 

Individual 7
1	2	3	4	5	6	7	8	9	10	11	12	13	14	15	16	17	18	19	20	21	22	23	24	25	26	27	28
-	-	-	N	N	N	N	-	-	D	D	D	-	-	D	D	D	D	D	-	-	D	D	D	D	D	-	-
E	E	E	D	-	-	E	N	N	-	-	E	E	D	-	-	E	N	N	-	-	E	E	E	E	-	-	-
D	D	N	N	N	-	-	-	D	D	D	D	-	-	D	D	-	-	-	D	D	D	N	-	-	-	D	D
L	L	L	L	L	-	-	L	L	L	-	-	L	L	L	L	L	-	-	D	L	-	-	D	D	D	-	-
-	-	-	E	E	E	D	N	-	-	E	E	D	-	-	E	N	N	N	-	-	D	D	D	D	D	-	-
E	E	E	N	N	-	-	E	E	N	-	-	E	E	E	N	-	-	E	E	D	-	-	-	E	D	-	-
D	N	N	N	N	-	-	D	D	D	D	D	-	-	-	-	-	D	D	D	D	D	-	-	-	-	D	D
E	E	E	E	-	-	E	E	E	E	E	-	-	E	E	E	D	D	-	-	-	E	D	D	-	-	-	-
E	N	-	-	D	D	D	-	-	D	N	N	-	-	-	E	E	D	N	-	-	E	E	D	-	-	E	E
L	N	-	-	L	L	L	N	N	-	-	L	N	-	-	D	L	L	L	-	-	D	D	L	L	-	-	-
E	E	E	D	N	-	-	-	-	E	E	E	D	N	-	-	D	D	D	D	N	-	-	E	N	-	-	-
E	E	E	D	-	-	E	D	-	-	E	E	E	-	-	-	D	D	D	-	-	E	E	E	E	N	-	-
-	-	L	L	-	-	D	L	L	L	L	-	-	D	D	D	D	L	-	-	-	L	L	L	L	L	-	-
D	L	-	-	D	D	L	-	-	E	L	N	N	N	-	-	-	L	L	-	-	E	L	L	L	N	-	-
E	D	L	L	-	-	-	E	E	E	D	L	-	-	-	E	E	E	E	E	-	-	-	-	-	D	D	D
E	E	D	D	D	-	-	-	-	E	E	E	-	-	-	D	D	D	D	-	-	-	-	E	E	E	E	E
D	D	-	-	-	-	D	L	L	L	L	N	-	-	-	E	D	N	-	-	-	-	E	E	L	L	N	N
D	D	D	D	-	-	-	-	D	D	-	-	-	D	D	D	D	D	-	-	-	-	D	D	D	D	D	D
D	D	D	L	-	-	-	-	D	D	D	L	-	-	-	L	L	L	L	L	L	-	-	-	-	L	L	L
E	E	E	D	L	-	-	-	E	E	L	L	L	L	-	-	-	D	L	L	L	L	L	-	-	-	-	-
E	E	E	E	-	-	-	D	D	N	-	-	-	-	E	E	E	E	N	N	-	-	-	-	E	E	E	D
L	L	-	-	-	E	E	E	L	L	-	-	-	-	L	L	N	N	-	-	-	-	E	D	L	L	L	L
-	-	-	E	E	E	D	D	N	-	-	-	-	-	E	E	E	E	D	-	-	-	D	D	D	D	D	N
D	-	-	-	-	D	D	-	-	-	-	-	D	D	N	N	-	-	-	D	D	-	-	-	-	D	-	-
D	L	-	-	-	-	-	-	-	-	-	D	-	-	D	L	-	-	-	D	-	-	L	L	-	-	L	L
D	-	-	-	E	L	N	N	-	-	-	D	L	L	-	-	-	D	-	-	-	-	-	-	-	-	E	E
D	L	-	-	-	N	-	-	D	L	-	-	D	-	-	-	-	-	D	D	D	N	-	-	-	-	-	-
-	-	L	L	L	L	-	-	E	L	-	-	-	-	D	N	N	-	-	E	E	-	-	-	-	-	-	-
D	D	N	-	-	-	-	-	-	-	-	-	D	-	-	-	-	-	D	-	-	-	-	D	D	-	-	-
-	-	-	D	D	-	-	-	-	-	-	-	-	L	-	-	-	L	-	-	L	L	-	-	-	-	L	-
Objective 0: 9569
Objective 1: 183
Constr violation: 0
Restrictions violated:
0 0 0 0 0 0 0 0 

Individual 8
1	2	3	4	5	6	7	8	9	10	11	12	13	14	15	16	17	18	19	20	21	22	23	24	25	26	27	28
-	-	-	N	N	N	N	-	-	D	D	D	-	-	D	D	D	D	D	-	-	D	D	D	D	D	-	-
E	E	E	D	-	-	E	N	N	-	-	E	E	D	-	-	E	N	N	-	-	E	E	E	E	-	-	-
D	D	N	N	N	-	-	-	D	D	D	D	-	-	D	D	-	-	-	D	D	D	N	-	-	-	D	D
L	L	L	L	L	-	-	L	L	L	L	-	-	L	L	L	-	-	D	L	L	-	-	D	D	-	-	-
-	-	-	E	E	E	D	N	-	-	E	E	D	-	-	E	N	N	N	-	-	D	D	D	D	D	-	-
E	E	E	N	N	-	-	E	E	N	-	-	E	E	E	N	-	-	E	E	D	-	-	-	E	D	-	-
D	N	N	N	N	-	-	D	D	D	D	D	-	-	-	-	-	D	D	D	D	D	-	-	-	-	D	D
E	E	E	E	-	-	E	E	E	E	E	-	-	E	E	E	D	D	-	-	-	E	D	D	-	-	-	-
E	N	-	-	D	D	D	-	-	D	N	N	-	-	-	E	E	D	N	-	-	E	E	D	-	-	E	E
L	N	-	-	L	L	L	N	N	-	-	L	N	-	-	D	L	L	L	-	-	D	D	L	L	-	-	-
E	E	E	D	N	-	-	-	-	E	E	E	D	N	-	-	D	D	D	D	N	-	-	E	N	-	-	-
E	E	E	D	-	-	E	D	-	-	E	E	E	-	-	-	D	D	D	-	-	E	E	E	E	N	-	-
-	-	L	L	-	-	D	L	L	L	L	-	-	D	D	D	D	L	-	-	-	L	L	L	L	L	-	-
D	L	-	-	D	D	L	-	-	E	L	N	N	N	-	-	-	L	L	-	-	E	L	L	L	N	-	-
E	D	L	L	-	-	-	E	E	E	D	L	-	-	-	E	E	E	E	E	-	-	-	-	-	D	D	D
E	E	D	D	D	-	-	-	-	E	E	E	-	-	-	D	D	D	D	-	-	-	-	E	E	E	E	E
D	D	-	-	-	-	D	L	L	L	L	N	-	-	-	E	D	N	-	-	-	-	E	E	L	L	N	N
D	D	D	D	-	-	-	-	D	D	-	-	-	D	D	D	D	D	-	-	-	-	D	D	D	D	D	D
D	D	D	L	-	-	-	-	D	D	D	L	-	-	-	L	L	L	L	L	L	-	-	-	-	L	L	L
E	E	E	D	L	-	-	-	E	E	L	L	L	L	-	-	-	D	L	L	L	L	L	-	-	-	-	-
E	E	E	E	-	-	-	D	D	N	-	-	-	-	E	E	E	E	N	N	-	-	-	-	E	E	E	D
L	L	-	-	-	E	E	E	L	L	-	-	-	-	L	L	N	N	-	-	-	-	E	D	L	L	L	L
-	-	-	E	E	E	D	D	N	-	-	-	-	-	E	E	E	E	D	-	-	-	D	D	D	D	D	N
-	-	D	-	-	N	N	-	-	-	-	-	-	-	D	D	-	-	-	D	-	-	-	-	D	D	D	D
D	L	-	-	-	-	-	-	-	-	-	D	-	-	D	L	-	-	-	D	-	-	L	L	-	-	L	L
D	-	-	-	E	L	N	N	-	-	-	D	L	L	-	-	-	D	-	-	-	-	-	-	-	-	E	E
D	L	-	-	-	N	-	-	D	L	-	-	D	-	-	-	-	-	D	D	D	N	-	-	-	-	-	-
-	-	D	-	-	-	-	E	L	N	-	-	-	D	L	-	-	-	-	-	D	N	-	-	E	-	-	E
D	D	N	-	-	-	-	-	-	-	-	-	D	-	-	-	-	-	D	-	-	-	-	D	D	-	-	-
-	-	-	D	D	-	-	-	-	-	-	-	-	L	-	-	-	L	-	-	L	L	-	-	-	-	L	-
Objective 0: 10174
Objective 1: 173
Constr violation: 0
Restrictions violated:
0 0 0 0 0 0 0 0 

Individual 9
1	2	3	4	5	6	7	8	9	10	11	12	13	14	15	16	17	18	19	20	21	22	23	24	25	26	27	28
-	-	-	N	N	N	N	-	-	D	D	D	-	-	D	D	D	D	D	-	-	D	D	D	D	D	-	-
E	E	E	D	-	-	E	N	N	-	-	E	E	D	-	-	E	N	N	-	-	E	E	E	E	-	-	-
D	D	N	N	N	-	-	-	D	D	D	D	-	-	D	D	-	-	-	D	D	D	N	-	-	-	D	D
L	L	L	L	L	-	-	L	L	L	L	-	-	L	L	L	-	-	D	L	L	-	-	D	D	-	-	-
-	-	-	E	E	E	D	N	-	-	E	E	D	-	-	E	N	N	N	-	-	D	D	D	D	D	-	-
E	E	E	N	N	-	-	E	E	N	-	-	E	E	E	N	-	-	E	E	D	-	-	-	E	D	-	-
D	N	N	N	N	-	-	D	D	D	D	D	-	-	-	-	-	D	D	D	D	D	-	-	-	-	D	D
E	E	E	E	-	-	E	E	E	E	E	-	-	E	E	E	D	D	-	-	-	E	D	D	-	-	-	-
E	N	-	-	D	D	D	-	-	D	N	N	-	-	-	E	E	D	N	-	-	E	E	D	-	-	E	E
L	N	-	-	L	L	L	N	N	-	-	L	N	-	-	D	L	L	L	-	-	D	D	L	L	-	-	-
E	E	E	D	N	-	-	-	-	E	E	E	D	N	-	-	D	D	D	D	N	-	-	E	N	-	-	-
E	E	E	D	-	-	E	D	-	-	E	E	E	-	-	-	D	D	D	-	-	E	E	E	E	N	-	-
-	-	L	L	-	-	D	L	L	L	L	-	-	D	D	D	D	L	-	-	-	L	L	L	L	L	-	-
D	L	-	-	D	D	L	-	-	E	L	N	N	N	-	-	-	L	L	-	-	E	L	L	L	N	-	-
E	D	L	L	-	-	-	E	E	E	D	L	-	-	-	E	E	E	E	E	-	-	-	-	-	D	D	D
E	E	D	D	D	-	-	-	-	E	E	E	-	-	-	D	D	D	D	-	-	-	-	E	E	E	E	E
D	D	-	-	-	-	D	L	L	L	L	N	-	-	-	E	D	N	-	-	-	-	E	E	L	L	N	N
D	D	D	D	-	-	-	-	D	D	-	-	-	D	D	D	D	D	-	-	-	-	D	D	D	D	D	D
D	D	D	L	-	-	-	-	D	D	D	L	-	-	-	L	L	L	L	L	L	-	-	-	-	L	L	L
E	E	E	D	L	-	-	-	E	E	L	L	L	L	-	-	-	D	L	L	L	L	L	-	-	-	-	-
E	E	E	E	-	-	-	D	D	N	-	-	-	-	E	E	E	E	N	N	-	-	-	-	E	E	E	D
L	L	-	-	-	E	E	E	L	L	-	-	-	-	L	L	N	N	-	-	-	-	E	D	L	L	L	L
-	-	-	E	E	E	D	D	N	-	-	-	-	-	E	E	E	E	D	-	-	-	D	D	D	D	D	N
D	-	-	-	-	D	D	-	-	-	-	-	D	D	N	N	-	-	-	D	D	-	-	-	-	D	-	-
D	L	-	-	-	-	-	-	-	-	-	D	-	-	D	L	-	-	-	D	-	-	L	L	-	-	L	L
D	-	-	-	E	L	N	N	-	-	-	D	L	L	-	-	-	D	-	-	-	-	-	-	-	-	E	E
D	L	-	-	-	N	-	-	D	L	-	-	D	-	-	-	-	-	D	D	D	N	-	-	-	-	-	-
-	-	D	-	-	-	-	E	L	N	-	-	-	D	L	-	-	-	-	-	D	N	-	-	E	-	-	E
D	D	N	-	-	-	-	-	-	-	-	-	D	-	-	-	-	-	D	-	-	-	-	D	D	-	-	-
-	-	-	D	D	-	-	-	-	-	-	-	-	L	-	-	-	L	-	-	L	L	-	-	-	-	L	-
Objective 0: 9972
Objective 1: 175
Constr violation: 0
Restrictions violated:
0 0 0 0 0 0 0 0 

Individual 10
1	2	3	4	5	6	7	8	9	10	11	12	13	14	15	16	17	18	19	20	21	22	23	24	25	26	27	28
-	-	-	N	N	N	N	-	-	D	D	D	-	-	D	D	D	D	D	-	-	D	D	D	D	D	-	-
E	E	E	D	-	-	E	N	N	-	-	E	E	D	-	-	E	N	N	-	-	E	E	E	E	-	-	-
D	D	N	N	N	-	-	-	D	D	D	D	-	-	D	D	-	-	-	D	D	D	N	-	-	-	D	D
L	L	L	L	L	-	-	L	L	L	-	-	L	L	L	L	L	-	-	D	L	-	-	D	D	D	-	-
-	-	-	E	E	E	D	N	-	-	E	E	D	-	-	E	N	N	N	-	-	D	D	D	D	D	-	-
E	E	E	N	N	-	-	E	E	N	-	-	E	E	E	N	-	-	E	E	D	-	-	-	E	D	-	-
D	N	N	N	N	-	-	D	D	D	D	D	-	-	-	-	-	D	D	D	D	D	-	-	-	-	D	D
E	E	E	E	-	-	E	E	E	E	E	-	-	E	E	E	D	D	-	-	-	E	D	D	-	-	-	-
E	N	-	-	D	D	D	-	-	D	N	N	-	-	-	E	E	D	N	-	-	E	E	D	-	-	E	E
L	N	-	-	L	L	L	N	N	-	-	L	N	-	-	D	L	L	L	-	-	D	D	L	L	-	-	-
E	E	E	D	N	-	-	-	-	E	E	E	D	N	-	-	D	D	D	D	N	-	-	E	N	-	-	-
E	E	E	D	-	-	E	D	-	-	E	E	E	-	-	-	D	D	D	-	-	E	E	E	E	N	-	-
-	-	L	L	-	-	D	L	L	L	L	-	-	D	D	D	D	L	-	-	-	L	L	L	L	L	-	-
D	L	-	-	D	D	L	-	-	E	L	N	N	N	-	-	-	L	L	-	-	E	L	L	L	N	-	-
E	D	L	L	-	-	-	E	E	E	D	L	-	-	-	E	E	E	E	E	-	-	-	-	-	D	D	D
E	E	D	D	D	-	-	-	-	E	E	E	-	-	-	D	D	D	D	-	-	-	-	E	E	E	E	E
D	D	-	-	-	-	D	L	L	L	L	N	-	-	-	E	D	N	-	-	-	-	E	E	L	L	N	N
D	D	D	D	-	-	-	-	D	D	-	-	-	D	D	D	D	D	-	-	-	-	D	D	D	D	D	D
D	D	D	L	-	-	-	-	D	D	D	L	-	-	-	L	L	L	L	L	L	-	-	-	-	L	L	L
E	E	E	D	L	-	-	-	E	E	L	L	L	L	-	-	-	D	L	L	L	L	L	-	-	-	-	-
E	E	E	E	-	-	-	D	D	N	-	-	-	-	E	E	E	E	N	N	-	-	-	-	E	E	E	D
L	L	-	-	-	E	E	E	L	L	-	-	-	-	L	L	N	N	-	-	-	-	E	D	L	L	L	L
-	-	-	E	E	E	D	D	N	-	-	-	-	-	E	E	E	E	D	-	-	-	D	D	D	D	D	N
D	-	-	-	-	D	D	-	-	-	-	-	D	D	N	N	-	-	-	D	D	-	-	-	-	D	-	-
D	L	-	-	-	-	-	-	-	-	-	D	-	-	D	L	-	-	-	D	-	-	L	L	-	-	L	L
D	-	-	-	E	L	N	N	-	-	-	D	L	L	-	-	-	D	-	-	-	-	-	-	-	-	E	E
D	L	-	-	-	N	-	-	D	L	-	-	D	-	-	-	-	-	D	D	D	N	-	-	-	-	-	-
-	-	D	-	-	-	-	E	L	N	-	-	-	D	L	-	-	-	-	-	D	N	-	-	E	-	-	E
D	D	N	-	-	-	-	-	-	-	-	-	D	-	-	-	-	-	D	-	-	-	-	D	D	-	-	-
-	-	-	D	D	-	-	-	-	-	-	-	-	L	-	-	-	L	-	-	L	L	-	-	-	-	L	-
Objective 0: 9872
Objective 1: 178
Constr violation: 0
Restrictions violated:
0 0 0 0 0 0 0 0 

Individual 11
1	2	3	4	5	6	7	8	9	10	11	12	13	14	15	16	17	18	19	20	21	22	23	24	25	26	27	28
-	-	-	N	N	N	N	-	-	D	D	D	-	-	D	D	D	D	D	-	-	D	D	D	D	D	-	-
E	E	E	D	-	-	E	N	N	-	-	E	E	D	-	-	E	N	N	-	-	E	E	E	E	-	-	-
D	D	N	N	N	-	-	-	D	D	D	D	-	-	D	D	-	-	-	D	D	D	N	-	-	-	D	D
L	L	L	L	L	-	-	L	L	L	L	-	-	L	L	L	-	-	D	L	L	-	-	D	D	-	-	-
-	-	-	E	E	E	D	N	-	-	E	E	D	-	-	E	N	N	N	-	-	D	D	D	D	D	-	-
E	D	D	D	-	-	-	D	D	N	-	-	E	E	E	-	-	E	N	-	-	E	D	D	D	D	-	-
D	N	N	N	N	-	-	D	D	D	D	D	-	-	-	-	-	D	D	D	D	D	-	-	-	-	D	D
E	E	E	E	-	-	E	E	E	E	E	-	-	E	E	E	D	D	-	-	-	E	D	D	-	-	-	-
E	N	-	-	D	D	D	-	-	D	N	N	-	-	-	E	E	D	N	-	-	E	E	D	-	-	E	E
L	N	-	-	L	L	L	N	N	-	-	L	N	-	-	D	L	L	L	-	-	D	D	L	L	-	-	-
E	E	E	D	N	-	-	-	-	E	E	E	D	N	-	-	D	D	D	D	N	-	-	E	N	-	-	-
E	E	E	D	-	-	E	D	-	-	E	E	E	-	-	-	D	D	D	-	-	E	E	E	E	N	-	-
-	-	L	L	-	-	D	L	L	L	L	-	-	D	D	D	D	L	-	-	-	L	L	L	L	L	-	-
D	L	-	-	D	D	L	-	-	E	L	N	N	N	-	-	-	L	L	-	-	E	L	L	L	N	-	-
E	D	L	L	-	-	-	E	E	E	D	L	-	-	-	E	E	E	E	E	-	-	-	-	-	D	D	D
E	E	D	D	D	-	-	-	-	E	E	E	-	-	-	D	D	D	D	-	-	-	-	E	E	E	E	E
D	D	-	-	-	-	D	L	L	L	L	N	-	-	-	E	D	N	-	-	-	-	E	E	L	L	N	N
D	D	D	D	-	-	-	-	D	D	-	-	-	D	D	D	D	D	-	-	-	-	D	D	D	D	D	D
D	D	D	L	-	-	-	-	D	D	D	L	-	-	-	L	L	L	L	L	L	-	-	-	-	L	L	L
E	E	E	D	L	-	-	-	E	E	L	L	L	L	-	-	-	D	L	L	L	L	L	-	-	-	-	-
E	E	E	E	-	-	-	D	D	N	-	-	-	-	E	E	E	E	N	N	-	-	-	-	E	E	E	D
L	L	-	-	-	E	E	E	L	L	-	-	-	-	L	L	N	N	-	-	-	-	E	D	L	L	L	L
-	-	-	E	E	E	D	D	N	-	-	-	-	-	E	E	E	E	D	-	-	-	D	D	D	D	D	N
D	-	-	-	-	D	D	-	-	-	-	-	D	D	N	N	-	-	-	D	D	-	-	-	-	D	-	-
D	L	-	-	-	-	-	-	-	-	-	D	-	-	D	L	-	-	-	D	-	-	L	L	-	-	L	L
D	-	-	-	E	L	N	N	-	-	-	D	L	L	-	-	-	D	-	-	-	-	-	-	-	-	E	E
D	L	-	-	-	N	-	-	D	L	-	-	D	-	-	-	-	-	D	D	D	N	-	-	-	-	-	-
-	-	D	-	-	-	-	E	L	N	-	-	-	D	L	-	-	-	-	-	D	N	-	-	E	-	-	E
D	D	N	-	-	-	-	-	-	-	-	-	D	-	-	-	-	-	D	-	-	-	-	D	D	-	-	-
-	-	-	D	D	-	-	-	-	-	-	-	-	L	-	-	-	L	-	-	L	L	-	-	-	-	L	-
Objective 0: 10477
Objective 1: 170
Constr violation: 0
Restrictions violated:
0 0 0 0 0 0 0 0 

Individual 12
1	2	3	4	5	6	7	8	9	10	11	12	13	14	15	16	17	18	19	20	21	22	23	24	25	26	27	28
-	-	-	N	N	N	N	-	-	D	D	D	-	-	D	D	D	D	D	-	-	D	D	D	D	D	-	-
E	E	E	D	-	-	E	N	N	-	-	E	E	D	-	-	E	N	N	-	-	E	E	E	E	-	-	-
D	D	N	N	N	-	-	-	D	D	D	D	-	-	D	D	-	-	-	D	D	D	N	-	-	-	D	D
L	L	L	L	L	-	-	L	L	L	L	-	-	L	L	L	-	-	D	L	L	-	-	D	D	-	-	-
-	-	-	E	E	E	D	N	-	-	E	E	D	-	-	E	N	N	N	-	-	D	D	D	D	D	-	-
E	E	E	N	N	-	-	E	E	N	-	-	E	E	E	N	-	-	E	E	D	-	-	-	E	D	-	-
D	N	N	N	N	-	-	D	D	D	D	D	-	-	-	-	-	D	D	D	D	D	-	-	-	-	D	D
E	E	E	E	-	-	E	E	E	E	E	-	-	E	E	E	D	D	-	-	-	E	D	D	-	-	-	-
E	N	-	-	D	D	D	-	-	D	N	N	-	-	-	E	E	D	N	-	-	E	E	D	-	-	E	E
L	N	-	-	L	L	L	N	N	-	-	L	N	-	-	D	L	L	L	-	-	D	D	L	L	-	-	-
E	E	E	D	N	-	-	-	-	E	E	E	D	N	-	-	D	D	D	D	N	-	-	E	N	-	-	-
E	E	E	D	-	-	E	D	-	-	E	E	E	-	-	-	D	D	D	-	-	E	E	E	E	N	-	-
-	-	L	L	-	-	D	L	L	L	L	-	-	D	D	D	D	L	-	-	-	L	L	L	L	L	-	-
D	L	-	-	D	D	L	-	-	E	L	N	N	N	-	-	-	L	L	-	-	E	L	L	L	N	-	-
E	D	L	L	-	-	-	E	E	E	D	L	-	-	-	E	E	E	E	E	-	-	-	-	-	D	D	D
E	E	D	D	D	-	-	-	-	E	E	E	-	-	-	D	D	D	D	-	-	-	-	E	E	E	E	E
D	D	-	-	-	-	D	L	L	L	L	N	-	-	-	E	D	N	-	-	-	-	E	E	L	L	N	N
D	D	D	D	-	-	-	-	D	D	-	-	-	D	D	D	D	D	-	-	-	-	D	D	D	D	D	D
D	D	D	L	-	-	-	-	D	D	D	L	-	-	-	L	L	L	L	L	L	-	-	-	-	L	L	L
E	E	E	D	L	-	-	-	E	E	L	L	L	L	-	-	-	D	L	L	L	L	L	-	-	-	-	-
E	E	E	E	-	-	-	D	D	N	-	-	-	-	E	E	E	E	N	N	-	-	-	-	E	E	E	D
L	L	-	-	-	E	E	E	L	L	-	-	-	-	L	L	N	N	-	-	-	-	E	D	L	L	L	L
-	-	-	E	E	E	D	D	N	-	-	-	-	-	E	E	E	E	D	-	-	-	D	D	D	D	D	N
D	-	-	-	-	D	D	-	-	-	-	-	D	D	N	N	-	-	-	D	D	-	-	-	-	D	-	-
D	L	-	-	-	-	-	-	-	-	-	D	-	-	D	L	-	-	-	D	-	-	L	L	-	-	L	L
D	-	-	-	E	L	N	N	-	-	-	D	L	L	-	-	-	D	-	-	-	-	-	-	-	-	E	E
D	L	-	-	-	N	-	-	D	L	-	-	D	-	-	-	-	-	D	D	D	N	-	-	-	-	-	-
-	-	L	L	L	L	-	-	E	L	-	-	-	-	D	N	N	-	-	E	E	-	-	-	-	-	-	-
D	D	N	-	-	-	-	-	-	-	-	-	D	-	-	-	-	-	D	-	-	-	-	D	D	-	-	-
-	-	-	D	D	-	-	-	-	-	-	-	-	L	-	-	-	L	-	-	L	L	-	-	-	-	L	-
Objective 0: 9669
Objective 1: 180
Constr violation: 0
Restrictions violated:
0 0 0 0 0 0 0 0 

Individual 13
1	2	3	4	5	6	7	8	9	10	11	12	13	14	15	16	17	18	19	20	21	22	23	24	25	26	27	28
-	-	-	N	N	N	N	-	-	D	D	D	-	-	D	D	D	D	D	-	-	D	D	D	D	D	-	-
E	E	E	D	-	-	E	N	N	-	-	E	E	D	-	-	E	N	N	-	-	E	E	E	E	-	-	-
D	D	N	N	N	-	-	-	D	D	D	D	-	-	D	D	-	-	-	D	D	D	N	-	-	-	D	D
L	L	L	L	L	-	-	L	L	L	-	-	L	L	L	L	L	-	-	D	L	-	-	D	D	D	-	-
-	-	-	E	E	E	D	N	-	-	E	E	D	-	-	E	N	N	N	-	-	D	D	D	D	D	-	-
E	E	E	N	N	-	-	E	E	N	-	-	E	E	E	N	-	-	E	E	D	-	-	-	E	D	-	-
D	N	N	N	N	-	-	D	D	D	D	D	-	-	-	-	-	D	D	D	D	D	-	-	-	-	D	D
E	E	E	E	-	-	E	E	E	E	E	-	-	E	E	E	D	D	-	-	-	E	D	D	-	-	-	-
E	N	-	-	D	D	D	-	-	D	N	N	-	-	-	E	E	D	N	-	-	E	E	D	-	-	E	E
L	N	-	-	L	L	L	N	N	-	-	L	N	-	-	D	L	L	L	-	-	D	D	L	L	-	-	-
E	E	E	D	N	-	-	-	-	E	E	E	D	N	-	-	D	D	D	D	N	-	-	E	N	-	-	-
E	E	E	D	-	-	E	D	-	-	E	E	E	-	-	-	D	D	D	-	-	E	E	E	E	N	-	-
-	-	L	L	-	-	D	L	L	L	L	-	-	D	D	D	D	L	-	-	-	L	L	L	L	L	-	-
D	L	-	-	D	D	L	-	-	E	L	N	N	N	-	-	-	L	L	-	-	E	L	L	L	N	-	-
E	D	L	L	-	-	-	E	E	E	D	L	-	-	-	E	E	E	E	E	-	-	-	-	-	D	D	D
E	E	D	D	D	-	-	-	-	E	E	E	-	-	-	D	D	D	D	-	-	-	-	E	E	E	E	E
D	D	-	-	-	-	D	L	L	L	L	N	-	-	-	E	D	N	-	-	-	-	E	E	L	L	N	N
D	D	D	D	-	-	-	-	D	D	-	-	-	D	D	D	D	D	-	-	-	-	D	D	D	D	D	D
D	D	D	L	-	-	-	-	D	D	D	L	-	-	-	L	L	L	L	L	L	-	-	-	-	L	L	L
E	E	E	D	L	-	-	-	E	E	L	L	L	L	-	-	-	D	L	L	L	L	L	-	-	-	-	-
E	E	E	E	-	-	-	D	D	N	-	-	-	-	E	E	E	E	N	N	-	-	-	-	E	E	E	D
L	L	-	-	-	E	E	E	L	L	-	-	-	-	L	L	N	N	-	-	-	-	E	D	L	L	L	L
-	-	-	E	E	E	D	D	N	-	-	-	-	-	E	E	E	E	D	-	-	-	D	D	D	D	D	N
D	-	-	-	-	D	D	-	-	-	-	-	D	D	N	N	-	-	-	D	D	-	-	-	-	D	-	-
D	L	-	-	-	-	-	-	-	-	-	D	-	-	D	L	-	-	-	D	-	-	L	L	-	-	L	L
D	-	-	-	E	L	N	N	-	-	-	D	L	L	-	-	-	D	-	-	-	-	-	-	-	-	E	E
D	L	-	-	-	N	-	-	D	L	-	-	D	-	-	-	-	-	D	D	D	N	-	-	-	-	-	-
-	-	L	L	L	L	-	-	E	L	-	-	-	-	D	N	N	-	-	E	E	-	-	-	-	-	-	-
D	D	N	-	-	-	-	-	-	-	-	-	D	-	-	-	-	-	D	-	-	-	-	D	D	-	-	-
-	-	-	D	D	-	-	-	-	-	-	-	-	L	-	-	-	L	-	-	L	L	-	-	-	-	L	-
Objective 0: 9569
Objective 1: 183
Constr violation: 0
Restrictions violated:
0 0 0 0 0 0 0 0 

Individual 14
1	2	3	4	5	6	7	8	9	10	11	12	13	14	15	16	17	18	19	20	21	22	23	24	25	26	27	28
-	-	-	N	N	N	N	-	-	D	D	D	-	-	D	D	D	D	D	-	-	D	D	D	D	D	-	-
E	E	E	D	-	-	E	N	N	-	-	E	E	D	-	-	E	N	N	-	-	E	E	E	E	-	-	-
D	D	N	N	N	-	-	-	D	D	D	D	-	-	D	D	-	-	-	D	D	D	N	-	-	-	D	D
L	L	L	L	L	-	-	L	L	L	L	-	-	L	L	L	-	-	D	L	L	-	-	D	D	-	-	-
-	-	-	E	E	E	D	N	-	-	E	E	D	-	-	E	N	N	N	-	-	D	D	D	D	D	-	-
E	E	E	N	N	-	-	E	E	N	-	-	E	E	E	N	-	-	E	E	D	-	-	-	E	D	-	-
D	N	N	N	N	-	-	D	D	D	D	D	-	-	-	-	-	D	D	D	D	D	-	-	-	-	D	D
E	E	E	E	-	-	E	E	E	E	E	-	-	E	E	E	D	D	-	-	-	E	D	D	-	-	-	-
E	N	-	-	D	D	D	-	-	D	N	N	-	-	-	E	E	D	N	-	-	E	E	D	-	-	E	E
L	N	-	-	L	L	L	N	N	-	-	L	N	-	-	D	L	L	L	-	-	D	D	L	L	-	-	-
E	E	E	D	N	-	-	-	-	E	E	E	D	N	-	-	D	D	D	D	N	-	-	E	N	-	-	-
E	E	E	D	-	-	E	D	-	-	E	E	E	-	-	-	D	D	D	-	-	E	E	E	E	N	-	-
-	-	L	L	-	-	D	L	L	L	L	-	-	D	D	D	D	L	-	-	-	L	L	L	L	L	-	-
D	L	-	-	D	D	L	-	-	E	L	N	N	N	-	-	-	L	L	-	-	E	L	L	L	N	-	-
E	D	L	L	-	-	-	E	E	E	D	L	-	-	-	E	E	E	E	E	-	-	-	-	-	D	D	D
E	E	D	D	D	-	-	-	-	E	E	E	-	-	-	D	D	D	D	-	-	-	-	E	E	E	E	E
D	D	-	-	-	-	D	L	L	L	L	N	-	-	-	E	D	N	-	-	-	-	E	E	L	L	N	N
D	D	D	D	-	-	-	-	D	D	-	-	-	D	D	D	D	D	-	-	-	-	D	D	D	D	D	D
D	D	D	L	-	-	-	-	D	D	D	L	-	-	-	L	L	L	L	L	L	-	-	-	-	L	L	L
E	E	E	D	L	-	-	-	E	E	L	L	L	L	-	-	-	D	L	L	L	L	L	-	-	-	-	-
E	E	E	E	-	-	-	D	D	N	-	-	-	-	E	E	E	E	N	N	-	-	-	-	E	E	E	D
L	L	-	-	-	E	E	E	L	L	-	-	-	-	L	L	N	N	-	-	-	-	E	D	L	L	L	L
-	-	-	E	E	E	D	D	N	-	-	-	-	-	E	E	E	E	D	-	-	-	D	D	D	D	D	N
D	-	-	-	-	D	D	-	-	-	-	-	D	D	N	N	-	-	-	D	D	-	-	-	-	D	-	-
D	L	-	-	-	-	-	-	-	-	-	D	-	-	D	L	-	-	-	D	-	-	L	L	-	-	L	L
D	-	-	-	E	L	N	N	-	-	-	D	L	L	-	-	-	D	-	-	-	-	-	-	-	-	E	E
D	L	-	-	-	N	-	-	D	L	-	-	D	-	-	-	-	-	D	D	D	N	-	-	-	-	-	-
-	-	L	L	L	L	-	-	E	L	-	-	-	-	D	N	N	-	-	E	E	-	-	-	-	-	-	-
D	D	N	-	-	-	-	-	-	-	-	-	D	-	-	-	-	-	D	-	-	-	-	D	D	-	-	-
-	-	-	D	D	-	-	-	-	-	-	-	-	L	-	-	-	L	-	-	L	L	-	-	-	-	L	-
Objective 0: 9669
Objective 1: 180
Constr violation: 0
Restrictions violated:
0 0 0 0 0 0 0 0 

Individual 15
1	2	3	4	5	6	7	8	9	10	11	12	13	14	15	16	17	18	19	20	21	22	23	24	25	26	27	28
-	-	-	N	N	N	N	-	-	D	D	D	-	-	D	D	D	D	D	-	-	D	D	D	D	D	-	-
E	E	E	D	-	-	E	N	N	-	-	E	E	D	-	-	E	N	N	-	-	E	E	E	E	-	-	-
D	D	N	N	N	-	-	-	D	D	D	D	-	-	D	D	-	-	-	D	D	D	N	-	-	-	D	D
L	L	L	L	L	-	-	L	L	L	L	-	-	L	L	L	-	-	D	L	L	-	-	D	D	-	-	-
-	-	-	E	E	E	D	N	-	-	E	E	D	-	-	E	N	N	N	-	-	D	D	D	D	D	-	-
E	E	E	N	N	-	-	E	E	N	-	-	E	E	E	N	-	-	E	E	D	-	-	-	E	D	-	-
D	N	N	N	N	-	-	D	D	D	D	D	-	-	-	-	-	D	D	D	D	D	-	-	-	-	D	D
E	E	E	E	-	-	E	E	E	E	E	-	-	E	E	E	D	D	-	-	-	E	D	D	-	-	-	-
E	N	-	-	D	D	D	-	-	D	N	N	-	-	-	E	E	D	N	-	-	E	E	D	-	-	E	E
L	N	-	-	L	L	L	N	N	-	-	L	N	-	-	D	L	L	L	-	-	D	D	L	L	-	-	-
E	E	E	D	N	-	-	-	-	E	E	E	D	N	-	-	D	D	D	D	N	-	-	E	N	-	-	-
E	E	E	D	-	-	E	D	-	-	E	E	E	-	-	-	D	D	D	-	-	E	E	E	E	N	-	-
-	-	L	L	-	-	D	L	L	L	L	-	-	D	D	D	D	L	-	-	-	L	L	L	L	L	-	-
D	L	-	-	D	D	L	-	-	E	L	N	N	N	-	-	-	L	L	-	-	E	L	L	L	N	-	-
E	D	L	L	-	-	-	E	E	E	D	L	-	-	-	E	E	E	E	E	-	-	-	-	-	D	D	D
D	D	D	-	-	E	E	-	-	-	E	D	-	-	E	E	E	E	E	-	-	D	D	-	-	E	E	E
D	D	-	-	-	-	D	L	L	L	L	N	-	-	-	E	D	N	-	-	-	-	E	E	L	L	N	N
D	D	D	D	-	-	-	-	D	D	-	-	-	D	D	D	D	D	-	-	-	-	D	D	D	D	D	D
D	D	D	L	-	-	-	-	D	D	D	L	-	-	-	L	L	L	L	L	L	-	-	-	-	L	L	L
E	E	E	D	L	-	-	-	E	E	L	L	L	L	-	-	-	D	L	L	L	L	L	-	-	-	-	-
E	E	E	E	-	-	-	D	D	N	-	-	-	-	E	E	E	E	N	N	-	-	-	-	E	E	E	D
L	L	-	-	-	E	E	E	L	L	-	-	-	-	L	L	N	N	-	-	-	-	E	D	L	L	L	L
-	-	-	E	E	E	D	D	N	-	-	-	-	-	E	E	E	E	D	-	-	-	D	D	D	D	D	N
-	-	D	-	-	N	N	-	-	-	-	-	-	-	D	D	-	-	-	D	-	-	-	-	D	D	D	D
D	L	-	-	-	-	-	-	-	-	-	D	-	-	D	L	-	-	-	D	-	-	L	L	-	-	L	L
D	-	-	-	E	L	N	N	-	-	-	D	L	L	-	-	-	D	-	-	-	-	-	-	-	-	E	E
D	L	-	-	-	N	-	-	D	L	-	-	D	-	-	-	-	-	D	D	D	N	-	-	-	-	-	-
-	-	D	-	-	-	-	E	L	N	-	-	-	D	L	-	-	-	-	-	D	N	-	-	E	-	-	E
D	D	N	-	-	-	-	-	-	-	-	-	D	-	-	-	-	-	D	-	-	-	-	D	D	-	-	-
-	-	-	D	D	-	-	-	-	-	-	-	-	L	-	-	-	L	-	-	L	L	-	-	-	-	L	-
Objective 0: 9871
Objective 1: 179
Constr violation: 0
Restrictions violated:
0 0 0 0 0 0 0 0 

Individual 16
1	2	3	4	5	6	7	8	9	10	11	12	13	14	15	16	17	18	19	20	21	22	23	24	25	26	27	28
-	-	-	N	N	N	N	-	-	D	D	D	-	-	D	D	D	D	D	-	-	D	D	D	D	D	-	-
E	E	E	D	-	-	E	N	N	-	-	E	E	D	-	-	E	N	N	-	-	E	E	E	E	-	-	-
D	D	N	N	N	-	-	-	D	D	D	D	-	-	D	D	-	-	-	D	D	D	N	-	-	-	D	D
L	L	L	L	L	-	-	L	L	L	L	-	-	L	L	L	-	-	D	L	L	-	-	D	D	-	-	-
-	-	-	E	E	E	D	N	-	-	E	E	D	-	-	E	N	N	N	-	-	D	D	D	D	D	-	-
E	E	E	N	N	-	-	E	E	N	-	-	E	E	E	N	-	-	E	E	D	-	-	-	E	D	-	-
D	N	N	N	N	-	-	D	D	D	D	D	-	-	-	-	-	D	D	D	D	D	-	-	-	-	D	D
E	E	E	E	-	-	E	E	E	E	E	-	-	E	E	E	D	D	-	-	-	E	D	D	-	-	-	-
E	N	-	-	D	D	D	-	-	D	N	N	-	-	-	E	E	D	N	-	-	E	E	D	-	-	E	E
L	N	-	-	L	L	L	N	N	-	-	L	N	-	-	D	L	L	L	-	-	D	D	L	L	-	-	-
E	E	E	D	N	-	-	-	-	E	E	E	D	N	-	-	D	D	D	D	N	-	-	E	N	-	-	-
E	E	E	D	-	-	E	D	-	-	E	E	E	-	-	-	D	D	D	-	-	E	E	E	E	N	-	-
-	-	L	L	-	-	D	L	L	L	L	-	-	D	D	D	D	L	-	-	-	L	L	L	L	L	-	-
D	L	-	-	D	D	L	-	-	E	L	N	N	N	-	-	-	L	L	-	-	E	L	L	L	N	-	-
E	D	L	L	-	-	-	E	E	E	D	L	-	-	-	E	E	E	E	E	-	-	-	-	-	D	D	D
E	E	D	D	D	-	-	-	-	E	E	E	-	-	-	D	D	D	D	-	-	-	-	E	E	E	E	E
D	D	-	-	-	-	D	L	L	L	L	N	-	-	-	E	D	N	-	-	-	-	E	E	L	L	N	N
D	D	D	D	-	-	-	-	D	D	-	-	-	D	D	D	D	D	-	-	-	-	D	D	D	D	D	D
D	D	D	L	-	-	-	-	D	D	D	L	-	-	-	L	L	L	L	L	L	-	-	-	-	L	L	L
E	E	E	D	L	-	-	-	E	E	L	L	L	L	-	-	-	D	L	L	L	L	L	-	-	-	-	-
E	E	E	E	-	-	-	D	D	N	-	-	-	-	E	E	E	E	N	N	-	-	-	-	E	E	E	D
L	L	-	-	-	E	E	E	L	L	-	-	-	-	L	L	N	N	-	-	-	-	E	D	L	L	L	L
-	-	-	E	E	E	D	D	N	-	-	-	-	-	E	E	E	E	D	-	-	-	D	D	D	D	D	N
D	-	-	-	-	D	D	-	-	-	-	-	D	D	N	N	-	-	-	D	D	-	-	-	-	D	-	-
D	L	-	-	-	-	-	-	-	-	-	D	-	-	D	L	-	-	-	D	-	-	L	L	-	-	L	L
D	-	-	-	E	L	N	N	-	-	-	D	L	L	-	-	-	D	-	-	-	-	-	-	-	-	E	E
D	L	-	-	-	N	-	-	D	L	-	-	D	-	-	-	-	-	D	D	D	N	-	-	-	-	-	-
-	-	D	-	-	-	-	E	L	N	-	-	-	D	L	-	-	-	-	-	D	N	-	-	E	-	-	E
D	D	N	-	-	-	-	-	-	-	-	-	D	-	-	-	-	-	D	-	-	-	-	D	D	-	-	-
-	-	-	D	D	-	-	-	-	-	-	-	-	L	-	-	-	L	-	-	L	L	-	-	-	-	L	-
Objective 0: 9972
Objective 1: 175
Constr violation: 0
Restrictions violated:
0 0 0 0 0 0 0 0 

Individual 17
1	2	3	4	5	6	7	8	9	10	11	12	13	14	15	16	17	18	19	20	21	22	23	24	25	26	27	28
-	-	-	N	N	N	N	-	-	D	D	D	-	-	D	D	D	D	D	-	-	D	D	D	D	D	-	-
E	E	E	D	-	-	E	N	N	-	-	E	E	D	-	-	E	N	N	-	-	E	E	E	E	-	-	-
D	D	N	N	N	-	-	-	D	D	D	D	-	-	D	D	-	-	-	D	D	D	N	-	-	-	D	D
L	L	L	L	L	-	-	L	L	L	L	-	-	L	L	L	-	-	D	L	L	-	-	D	D	-	-	-
-	-	-	E	E	E	D	N	-	-	E	E	D	-	-	E	N	N	N	-	-	D	D	D	D	D	-	-
E	E	E	N	N	-	-	E	E	N	-	-	E	E	E	N	-	-	E	E	D	-	-	-	E	D	-	-
D	N	N	N	N	-	-	D	D	D	D	D	-	-	-	-	-	D	D	D	D	D	-	-	-	-	D	D
E	E	E	E	-	-	E	E	E	E	E	-	-	E	E	E	D	D	-	-	-	E	D	D	-	-	-	-
E	N	-	-	D	D	D	-	-	D	N	N	-	-	-	E	E	D	N	-	-	E	E	D	-	-	E	E
L	N	-	-	L	L	L	N	N	-	-	L	N	-	-	D	L	L	L	-	-	D	D	L	L	-	-	-
E	E	E	D	N	-	-	-	-	E	E	E	D	N	-	-	D	D	D	D	N	-	-	E	N	-	-	-
E	E	E	D	-	-	E	D	-	-	E	E	E	-	-	-	D	D	D	-	-	E	E	E	E	N	-	-
-	-	L	L	-	-	D	L	L	L	L	-	-	D	D	D	D	L	-	-	-	L	L	L	L	L	-	-
D	L	-	-	D	D	L	-	-	E	L	N	N	N	-	-	-	L	L	-	-	E	L	L	L	N	-	-
E	D	L	L	-	-	-	E	E	E	D	L	-	-	-	E	E	E	E	E	-	-	-	-	-	D	D	D
D	D	D	-	-	E	E	-	-	-	E	D	-	-	E	E	E	E	E	-	-	D	D	-	-	E	E	E
D	D	-	-	-	-	D	L	L	L	L	N	-	-	-	E	D	N	-	-	-	-	E	E	L	L	N	N
D	D	D	D	-	-	-	-	D	D	-	-	-	D	D	D	D	D	-	-	-	-	D	D	D	D	D	D
D	D	D	L	-	-	-	-	D	D	D	L	-	-	-	L	L	L	L	L	L	-	-	-	-	L	L	L
E	E	E	D	L	-	-	-	E	E	L	L	L	L	-	-	-	D	L	L	L	L	L	-	-	-	-	-
E	E	E	E	-	-	-	D	D	N	-	-	-	-	E	E	E	E	N	N	-	-	-	-	E	E	E	D
L	L	-	-	-	E	E	E	L	L	-	-	-	-	L	L	N	N	-	-	-	-	E	D	L	L	L	L
-	-	-	E	E	E	D	D	N	-	-	-	-	-	E	E	E	E	D	-	-	-	D	D	D	D	D	N
D	-	-	-	-	D	D	-	-	-	-	-	D	D	N	N	-	-	-	D	D	-	-	-	-	D	-	-
D	L	-	-	-	-	-	-	-	-	-	D	-	-	D	L	-	-	-	D	-	-	L	L	-	-	L	L
D	-	-	-	E	L	N	N	-	-	-	D	L	L	-	-	-	D	-	-	-	-	-	-	-	-	E	E
D	L	-	-	-	N	-	-	D	L	-	-	D	-	-	-	-	-	D	D	D	N	-	-	-	-	-	-
-	-	L	L	L	L	-	-	E	L	-	-	-	-	D	N	N	-	-	E	E	-	-	-	-	-	-	-
D	D	N	-	-	-	-	-	-	-	-	-	D	-	-	-	-	-	D	-	-	-	-	D	D	-	-	-
-	-	-	D	D	-	-	-	-	-	-	-	-	L	-	-	-	L	-	-	L	L	-	-	-	-	L	-
Objective 0: 9366
Objective 1: 186
Constr violation: 0
Restrictions violated:
0 0 0 0 0 0 0 0 

Individual 18
1	2	3	4	5	6	7	8	9	10	11	12	13	14	15	16	17	18	19	20	21	22	23	24	25	26	27	28
-	-	-	N	N	N	N	-	-	D	D	D	-	-	D	D	D	D	D	-	-	D	D	D	D	D	-	-
E	E	E	D	-	-	E	N	N	-	-	E	E	D	-	-	E	N	N	-	-	E	E	E	E	-	-	-
D	D	N	N	N	-	-	-	D	D	D	D	-	-	D	D	-	-	-	D	D	D	N	-	-	-	D	D
L	L	L	L	L	-	-	L	L	L	L	-	-	L	L	L	-	-	D	L	L	-	-	D	D	-	-	-
-	-	-	E	E	E	D	N	-	-	E	E	D	-	-	E	N	N	N	-	-	D	D	D	D	D	-	-
E	D	D	D	-	-	-	D	D	N	-	-	E	E	E	-	-	E	N	-	-	E	D	D	D	D	-	-
D	N	N	N	N	-	-	D	D	D	D	D	-	-	-	-	-	D	D	D	D	D	-	-	-	-	D	D
E	E	E	E	-	-	E	E	E	E	E	-	-	E	E	E	D	D	-	-	-	E	D	D	-	-	-	-
E	N	-	-	D	D	D	-	-	D	N	N	-	-	-	E	E	D	N	-	-	E	E	D	-	-	E	E
L	N	-	-	L	L	L	N	N	-	-	L	N	-	-	D	L	L	L	-	-	D	D	L	L	-	-	-
E	E	E	D	N	-	-	-	-	E	E	E	D	N	-	-	D	D	D	D	N	-	-	E	N	-	-	-
E	E	E	D	-	-	E	D	-	-	E	E	E	-	-	-	D	D	D	-	-	E	E	E	E	N	-	-
-	-	L	L	-	-	D	L	L	L	L	-	-	D	D	D	D	L	-	-	-	L	L	L	L	L	-	-
D	L	-	-	D	D	L	-	-	E	L	N	N	N	-	-	-	L	L	-	-	E	L	L	L	N	-	-
E	D	L	L	-	-	-	E	E	E	D	L	-	-	-	E	E	E	E	E	-	-	-	-	-	D	D	D
E	E	D	D	D	-	-	-	-	E	E	E	-	-	-	D	D	D	D	-	-	-	-	E	E	E	E	E
D	D	-	-	-	-	D	L	L	L	L	N	-	-	-	E	D	N	-	-	-	-	E	E	L	L	N	N
D	D	D	D	-	-	-	-	D	D	-	-	-	D	D	D	D	D	-	-	-	-	D	D	D	D	D	D
D	D	D	L	-	-	-	-	D	D	D	L	-	-	-	L	L	L	L	L	L	-	-	-	-	L	L	L
E	E	E	D	L	-	-	-	E	E	L	L	L	L	-	-	-	D	L	L	L	L	L	-	-	-	-	-
E	E	E	E	-	-	-	D	D	N	-	-	-	-	E	E	E	E	N	N	-	-	-	-	E	E	E	D
L	L	-	-	-	E	E	E	L	L	-	-	-	-	L	L	N	N	-	-	-	-	E	D	L	L	L	L
-	-	-	E	E	E	D	D	N	-	-	-	-	-	E	E	E	E	D	-	-	-	D	D	D	D	D	N
-	-	D	-	-	N	N	-	-	-	-	-	-	-	D	D	-	-	-	D	-	-	-	-	D	D	D	D
D	L	-	-	-	-	-	-	-	-	-	D	-	-	D	L	-	-	-	D	-	-	L	L	-	-	L	L
D	-	-	-	E	L	N	N	-	-	-	D	L	L	-	-	-	D	-	-	-	-	-	-	-	-	E	E
D	L	-	-	-	N	-	-	D	L	-	-	D	-	-	-	-	-	D	D	D	N	-	-	-	-	-	-
-	-	D	-	-	-	-	E	L	N	-	-	-	D	L	-	-	-	-	-	D	N	-	-	E	-	-	E
D	D	N	-	-	-	-	-	-	-	-	-	D	-	-	-	-	-	D	-	-	-	-	D	D	-	-	-
-	-	-	D	D	-	-	-	-	-	-	-	-	L	-	-	-	L	-	-	L	L	-	-	-	-	L	-
Objective 0: 10679
Objective 1: 168
Constr violation: 0
Restrictions violated:
0 0 0 0 0 0 0 0 

Individual 19
1	2	3	4	5	6	7	8	9	10	11	12	13	14	15	16	17	18	19	20	21	22	23	24	25	26	27	28
-	-	-	N	N	N	N	-	-	D	D	D	-	-	D	D	D	D	D	-	-	D	D	D	D	D	-	-
E	E	E	D	-	-	E	N	N	-	-	E	E	D	-	-	E	N	N	-	-	E	E	E	E	-	-	-
D	D	N	N	N	-	-	-	D	D	D	D	-	-	D	D	-	-	-	D	D	D	N	-	-	-	D	D
L	L	L	L	L	-	-	L	L	L	L	-	-	L	L	L	-	-	D	L	L	-	-	D	D	-	-	-
-	-	-	E	E	E	D	N	-	-	E	E	D	-	-	E	N	N	N	-	-	D	D	D	D	D	-	-
E	D	D	D	-	-	-	D	D	N	-	-	E	E	E	-	-	E	N	-	-	E	D	D	D	D	-	-
D	N	N	N	N	-	-	D	D	D	D	D	-	-	-	-	-	D	D	D	D	D	-	-	-	-	D	D
E	E	E	E	-	-	E	E	E	E	E	-	-	E	E	E	D	D	-	-	-	E	D	D	-	-	-	-
E	N	-	-	D	D	D	-	-	D	N	N	-	-	-	E	E	D	N	-	-	E	E	D	-	-	E	E
L	N	-	-	L	L	L	N	N	-	-	L	N	-	-	D	L	L	L	-	-	D	D	L	L	-	-	-
E	E	E	D	N	-	-	-	-	E	E	E	D	N	-	-	D	D	D	D	N	-	-	E	N	-	-	-
E	E	E	D	-	-	E	D	-	-	E	E	E	-	-	-	D	D	D	-	-	E	E	E	E	N	-	-
-	-	L	L	-	-	D	L	L	L	L	-	-	D	D	D	D	L	-	-	-	L	L	L	L	L	-	-
D	L	-	-	D	D	L	-	-	E	L	N	N	N	-	-	-	L	L	-	-	E	L	L	L	N	-	-
E	D	L	L	-	-	-	E	E	E	D	L	-	-	-	E	E	E	E	E	-	-	-	-	-	D	D	D
E	E	D	D	D	-	-	-	-	E	E	E	-	-	-	D	D	D	D	-	-	-	-	E	E	E	E	E
D	D	-	-	-	-	D	L	L	L	L	N	-	-	-	E	D	N	-	-	-	-	E	E	L	L	N	N
D	D	D	D	-	-	-	-	D	D	-	-	-	D	D	D	D	D	-	-	-	-	D	D	D	D	D	D
D	D	D	L	-	-	-	-	D	D	D	L	-	-	-	L	L	L	L	L	L	-	-	-	-	L	L	L
E	E	E	D	L	-	-	-	E	E	L	L	L	L	-	-	-	D	L	L	L	L	L	-	-	-	-	-
E	E	E	E	-	-	-	D	D	N	-	-	-	-	E	E	E	E	N	N	-	-	-	-	E	E	E	D
L	L	-	-	-	E	E	E	L	L	-	-	-	-	L	L	N	N	-	-	-	-	E	D	L	L	L	L
-	-	-	E	E	E	D	D	N	-	-	-	-	-	E	E	E	E	D	-	-	-	D	D	D	D	D	N
-	-	D	-	-	N	N	-	-	-	-	-	-	-	D	D	-	-	-	D	-	-	-	-	D	D	D	D
D	L	-	-	-	-	-	-	-	-	-	D	-	-	D	L	-	-	-	D	-	-	L	L	-	-	L	L
D	-	-	-	E	L	N	N	-	-	-	D	L	L	-	-	-	D	-	-	-	-	-	-	-	-	E	E
D	L	-	-	-	N	-	-	D	L	-	-	D	-	-	-	-	-	D	D	D	N	-	-	-	-	-	-
-	-	D	-	-	-	-	E	L	N	-	-	-	D	L	-	-	-	-	-	D	N	-	-	E	-	-	E
D	D	N	-	-	-	-	-	-	-	-	-	D	-	-	-	-	-	D	-	-	-	-	D	D	-	-	-
-	-	-	D	D	-	-	-	-	-	-	-	-	L	-	-	-	L	-	-	L	L	-	-	-	-	L	-
Objective 0: 10679
Objective 1: 168
Constr violation: 0
Restrictions violated:
0 0 0 0 0 0 0 0 

