Individual 0
1	2	3	4	5	6	7	8	9	10	11	12	13	14	15	16	17	18	19	20	21	22	23	24	25	26	27	28
-	-	-	D	D	N	N	N	-	-	D	D	D	D	-	-	D	D	N	-	-	D	D	D	D	D	-	-
E	E	N	-	-	E	D	D	-	-	E	D	D	-	-	E	E	E	N	-	-	E	E	E	N	N	-	-
D	D	D	D	D	-	-	D	D	D	D	D	-	-	N	N	-	-	D	D	N	N	-	-	-	-	D	D
L	L	L	L	-	-	-	D	L	L	L	-	-	D	D	-	-	D	D	D	L	-	-	D	D	D	-	-
E	D	-	-	-	D	D	-	-	E	E	E	E	N	-	-	E	D	D	-	-	E	E	E	N	N	-	-
E	D	D	D	D	-	-	E	E	D	-	-	E	E	E	-	-	E	E	E	N	N	-	-	E	D	-	-
D	D	D	D	D	-	-	D	N	-	-	D	D	-	-	D	D	D	D	-	-	-	D	D	D	D	-	-
E	E	E	E	D	-	-	E	E	E	-	-	-	-	E	E	E	D	-	-	E	E	-	-	-	E	E	D
E	D	N	-	-	D	D	-	-	E	E	E	D	-	-	E	E	D	N	-	-	D	D	D	N	N	-	-
L	L	-	-	D	D	D	L	L	-	-	-	-	-	D	D	D	L	L	-	-	L	L	L	L	N	-	-
N	N	N	-	-	E	D	N	-	-	E	E	E	E	-	-	E	D	D	-	-	E	D	D	D	-	-	-
E	E	E	E	-	-	E	N	N	-	-	D	N	N	-	-	-	D	D	-	-	E	E	E	E	E	-	-
-	-	D	D	D	-	-	D	D	L	L	N	-	-	D	D	L	-	-	D	D	N	N	N	-	-	-	D
E	E	-	-	E	L	N	-	-	E	E	L	-	-	L	L	N	N	N	-	-	D	L	L	L	-	-	-
E	E	E	D	L	-	-	E	D	-	-	E	D	-	-	E	E	E	E	-	-	E	D	-	-	-	L	L
-	-	E	E	E	E	E	E	E	-	E	D	-	-	D	D	D	D	D	-	-	E	E	E	E	-	-	E
N	N	-	-	-	L	L	L	L	N	N	-	-	-	E	L	L	L	L	-	-	-	E	E	D	L	L	-
D	D	D	D	-	-	-	-	D	D	-	-	-	D	D	D	D	D	-	-	-	-	D	D	D	D	D	D
-	L	L	L	L	-	-	L	L	L	L	L	-	-	-	D	D	L	L	L	L	-	-	-	-	D	L	L
E	L	L	L	L	-	-	-	-	E	D	D	L	L	L	-	-	-	E	E	E	D	D	D	-	-	-	-
D	D	-	-	-	D	D	D	D	D	N	-	-	-	E	E	E	N	-	-	-	-	-	E	D	D	N	N
L	N	N	N	-	-	-	D	L	N	-	-	-	E	E	E	E	-	-	-	-	-	E	D	D	L	L	L
-	-	-	D	D	D	D	D	D	-	-	-	-	-	D	D	N	N	N	-	-	-	D	D	D	D	D	D
D	D	D	-	-	-	-	-	-	N	-	-	D	D	D	-	-	-	D	D	-	-	-	N	-	-	-	-
D	L	-	-	-	-	D	L	-	-	-	-	L	-	-	L	-	-	-	L	L	L	L	-	-	-	-	-
N	-	-	-	-	E	E	E	-	-	-	E	-	-	L	L	-	-	-	-	-	-	E	L	N	-	-	-
-	-	L	-	-	D	L	N	-	-	-	L	L	-	-	-	-	D	D	D	N	-	-	-	-	-	-	-
-	-	-	D	-	-	-	-	E	N	-	-	-	D	L	N	-	-	E	E	-	-	-	-	E	E	-	-
-	-	-	N	-	-	-	D	-	D	-	-	D	-	-	-	-	D	-	-	D	-	-	-	D	-	-	-
L	-	-	D	D	-	-	-	-	D	-	-	-	-	-	-	-	-	-	N	-	-	L	L	-	-	-	-
Objective 0: 11795
Objective 1: 151
Constr violation: 0
Restrictions violated:
0 0 0 0 0 0 0 0 

Individual 1
1	2	3	4	5	6	7	8	9	10	11	12	13	14	15	16	17	18	19	20	21	22	23	24	25	26	27	28
-	-	-	D	D	N	N	N	-	-	D	D	D	D	-	-	D	D	N	-	-	D	D	D	D	D	-	-
E	E	E	D	-	-	E	E	E	-	-	E	D	N	-	-	-	E	D	-	-	E	D	N	N	N	-	-
D	D	D	D	D	-	-	D	D	D	D	D	-	-	N	N	-	-	D	D	N	N	-	-	-	-	D	D
L	L	L	L	-	-	-	D	L	L	L	-	-	L	L	-	-	D	D	D	L	-	D	L	L	L	L	-
E	D	-	-	E	E	D	D	-	-	E	E	N	-	-	-	E	E	E	-	-	E	E	E	D	N	-	-
E	D	D	D	D	-	-	E	E	D	-	-	E	E	E	-	-	E	E	E	N	N	-	-	E	D	-	-
D	D	D	D	D	-	-	-	D	D	N	N	N	-	-	D	N	-	-	D	D	D	D	D	-	-	-	-
E	E	E	E	D	-	-	E	E	-	-	-	-	-	E	D	-	-	E	D	D	-	-	E	E	E	E	D
E	E	D	N	N	-	-	E	E	E	E	E	-	-	-	E	D	N	-	-	D	D	N	-	-	-	E	E
L	L	-	-	D	D	D	L	L	-	-	-	-	-	D	D	D	L	L	-	-	L	L	L	L	N	-	-
N	N	N	-	-	E	D	N	-	-	E	E	E	E	-	-	E	D	D	-	-	E	D	D	D	-	-	-
E	E	E	E	-	-	E	N	N	-	-	D	N	N	-	-	-	D	D	-	-	E	E	E	E	E	-	-
-	-	D	L	N	N	-	-	D	D	D	L	-	-	L	L	L	L	-	-	-	D	N	N	-	-	D	L
E	E	-	-	E	L	N	-	-	E	E	L	-	-	L	L	N	N	N	-	-	D	L	L	L	-	-	-
E	E	E	D	L	-	-	-	E	E	E	D	L	-	-	E	E	-	-	E	E	L	L	L	-	-	-	-
-	-	E	E	E	E	E	E	E	-	E	D	-	-	D	D	D	D	D	-	-	E	E	E	E	-	-	E
N	N	-	-	-	L	L	L	L	N	N	-	-	-	E	L	L	L	L	-	-	-	E	E	D	L	L	-
D	D	D	D	-	-	-	-	D	D	-	-	-	D	D	D	D	D	-	-	-	-	D	D	D	D	D	D
-	L	L	L	L	-	-	L	L	L	L	L	-	-	-	D	D	L	L	L	L	-	-	-	-	D	L	L
E	L	L	L	L	-	-	-	-	E	D	D	L	L	L	-	-	-	E	E	E	D	D	D	-	-	-	-
D	D	-	-	-	D	D	D	D	D	N	-	-	-	E	E	E	N	-	-	-	-	-	E	D	D	N	N
L	N	N	N	-	-	-	D	L	N	-	-	-	E	E	E	E	-	-	-	-	-	E	D	D	L	L	L
-	-	-	D	D	D	D	D	D	-	-	-	-	-	D	D	N	N	N	-	-	-	D	D	D	D	D	D
D	D	D	-	-	-	-	-	-	N	-	-	D	D	D	-	-	-	D	D	-	-	-	N	-	-	-	-
D	L	-	-	-	-	D	L	-	-	-	-	L	-	-	L	-	-	-	L	L	L	L	-	-	-	-	-
N	-	-	-	-	E	E	E	-	-	-	E	-	-	L	L	-	-	-	-	-	-	E	L	N	-	-	-
-	-	L	-	-	D	L	N	-	-	-	L	L	-	-	-	-	D	D	D	N	-	-	-	-	-	-	-
-	-	-	D	-	-	-	-	E	N	-	-	-	D	L	N	-	-	E	E	-	-	-	-	E	E	-	-
-	-	-	N	-	-	-	D	-	D	-	-	D	-	-	-	-	D	-	-	D	-	-	-	D	-	-	-
L	-	-	D	D	-	-	-	-	D	-	-	-	-	-	-	-	-	-	N	-	-	L	L	-	-	-	-
Objective 0: 9269
Objective 1: 176
Constr violation: 0
Restrictions violated:
0 0 0 0 0 0 0 0 

Individual 2
1	2	3	4	5	6	7	8	9	10	11	12	13	14	15	16	17	18	19	20	21	22	23	24	25	26	27	28
-	-	-	D	D	N	N	N	-	-	D	D	D	D	-	-	D	D	N	-	-	D	D	D	D	D	-	-
E	E	N	-	-	E	D	D	-	-	E	D	D	-	-	E	E	E	N	-	-	E	E	E	N	N	-	-
D	D	D	D	D	-	-	D	D	D	D	D	-	-	N	N	-	-	D	D	N	N	-	-	-	-	D	D
L	L	L	L	-	-	-	D	L	L	L	-	-	D	D	-	-	D	D	D	L	-	-	D	D	D	-	-
E	D	-	-	-	D	D	-	-	E	E	E	E	N	-	-	E	D	D	-	-	E	E	E	N	N	-	-
E	D	D	D	D	-	-	E	E	D	-	-	E	E	E	-	-	E	E	E	N	N	-	-	E	D	-	-
D	D	D	D	D	-	-	-	D	D	N	N	N	-	-	D	N	-	-	D	D	D	D	D	-	-	-	-
E	E	E	E	D	-	-	E	E	E	-	-	-	-	E	E	E	D	-	-	E	E	-	-	-	E	E	D
E	E	D	N	N	-	-	E	E	E	E	E	-	-	-	E	D	N	-	-	D	D	N	-	-	-	E	E
L	L	-	-	D	D	D	L	L	-	-	-	-	-	D	D	D	L	L	-	-	L	L	L	L	N	-	-
N	N	N	-	-	E	D	N	-	-	E	E	E	E	-	-	E	D	D	-	-	E	D	D	D	-	-	-
E	E	E	E	-	-	E	N	N	-	-	D	N	N	-	-	-	D	D	-	-	E	E	E	E	E	-	-
-	-	D	D	D	-	-	D	D	L	L	N	-	-	D	D	L	-	-	D	D	N	N	N	-	-	-	D
E	E	-	-	E	L	N	-	-	E	E	L	-	-	L	L	N	N	N	-	-	D	L	L	L	-	-	-
E	E	E	D	L	-	-	E	D	-	-	E	D	-	-	E	E	E	E	-	-	E	D	-	-	-	L	L
-	-	E	E	E	E	E	E	E	-	E	D	-	-	D	D	D	D	D	-	-	E	E	E	E	-	-	E
N	N	-	-	-	L	L	L	L	N	N	-	-	-	E	L	L	L	L	-	-	-	E	E	D	L	L	-
D	D	D	D	-	-	-	-	D	D	-	-	-	D	D	D	D	D	-	-	-	-	D	D	D	D	D	D
-	L	L	L	L	-	-	L	L	L	L	L	-	-	-	D	D	L	L	L	L	-	-	-	-	D	L	L
E	L	L	L	L	-	-	-	-	E	D	D	L	L	L	-	-	-	E	E	E	D	D	D	-	-	-	-
D	D	-	-	-	D	D	D	D	D	N	-	-	-	E	E	E	N	-	-	-	-	-	E	D	D	N	N
L	N	N	N	-	-	-	D	L	N	-	-	-	E	E	E	E	-	-	-	-	-	E	D	D	L	L	L
-	-	-	D	D	D	D	D	D	-	-	-	-	-	D	D	N	N	N	-	-	-	D	D	D	D	D	D
D	D	D	-	-	-	-	-	-	N	-	-	D	D	D	-	-	-	D	D	-	-	-	N	-	-	-	-
D	L	-	-	-	-	D	L	-	-	-	-	L	-	-	L	-	-	-	L	L	L	L	-	-	-	-	-
N	-	-	-	-	E	E	E	-	-	-	E	-	-	L	L	-	-	-	-	-	-	E	L	N	-	-	-
-	-	L	-	-	D	L	N	-	-	-	L	L	-	-	-	-	D	D	D	N	-	-	-	-	-	-	-
-	-	-	D	-	-	-	-	E	N	-	-	-	D	L	N	-	-	E	E	-	-	-	-	E	E	-	-
-	-	-	N	-	-	D	-	-	-	D	-	D	-	-	-	-	-	-	-	D	-	D	D	-	-	-	-
L	-	-	D	D	-	-	-	-	D	-	-	-	-	-	-	-	-	-	N	-	-	L	L	-	-	-	-
Objective 0: 10482
Objective 1: 153
Constr violation: 0
Restrictions violated:
0 0 0 0 0 0 0 0 

Individual 3
1	2	3	4	5	6	7	8	9	10	11	12	13	14	15	16	17	18	19	20	21	22	23	24	25	26	27	28
-	-	-	D	D	N	N	N	-	-	D	D	D	D	-	-	D	D	N	-	-	D	D	D	D	D	-	-
E	E	E	D	-	-	E	E	E	-	-	E	D	N	-	-	-	E	D	-	-	E	D	N	N	N	-	-
D	D	D	D	D	-	-	D	D	D	D	D	-	-	N	N	-	-	D	D	N	N	-	-	-	-	D	D
L	L	L	L	-	-	-	D	L	L	L	-	-	L	L	-	-	D	D	D	L	-	D	L	L	L	L	-
E	D	-	-	E	E	D	D	-	-	E	E	N	-	-	-	E	E	E	-	-	E	E	E	D	N	-	-
E	D	D	D	D	-	-	E	E	D	-	-	E	E	E	-	-	E	E	E	N	N	-	-	E	D	-	-
D	D	D	D	D	-	-	-	D	D	N	N	N	-	-	D	N	-	-	D	D	D	D	D	-	-	-	-
E	E	E	E	D	-	-	E	E	E	-	-	-	-	E	E	E	D	-	-	E	E	-	-	-	E	E	D
E	E	D	N	N	-	-	E	E	E	E	E	-	-	-	E	D	N	-	-	D	D	N	-	-	-	E	E
L	L	-	-	D	D	D	L	L	-	-	-	-	-	D	D	D	L	L	-	-	L	L	L	L	N	-	-
N	N	N	-	-	E	D	N	-	-	E	E	E	E	-	-	E	D	D	-	-	E	D	D	D	-	-	-
E	E	E	E	-	-	E	N	N	-	-	D	N	N	-	-	-	D	D	-	-	E	E	E	E	E	-	-
-	-	D	D	D	-	-	D	D	L	L	N	-	-	D	D	L	-	-	D	D	N	N	N	-	-	-	D
E	E	-	-	E	L	N	-	-	E	E	L	-	-	L	L	N	N	N	-	-	D	L	L	L	-	-	-
E	E	E	D	L	-	-	-	E	E	E	D	L	-	-	E	E	-	-	E	E	L	L	L	-	-	-	-
-	-	E	E	E	E	E	E	E	-	E	D	-	-	D	D	D	D	D	-	-	E	E	E	E	-	-	E
N	N	-	-	-	L	L	L	L	N	N	-	-	-	E	L	L	L	L	-	-	-	E	E	D	L	L	-
D	D	D	D	-	-	-	-	D	D	-	-	-	D	D	D	D	D	-	-	-	-	D	D	D	D	D	D
-	L	L	L	L	-	-	L	L	L	L	L	-	-	-	D	D	L	L	L	L	-	-	-	-	D	L	L
E	L	L	L	L	-	-	-	-	E	D	D	L	L	L	-	-	-	E	E	E	D	D	D	-	-	-	-
D	D	-	-	-	D	D	D	D	D	N	-	-	-	E	E	E	N	-	-	-	-	-	E	D	D	N	N
L	N	N	N	-	-	-	D	L	N	-	-	-	E	E	E	E	-	-	-	-	-	E	D	D	L	L	L
-	-	-	D	D	D	D	D	D	-	-	-	-	-	D	D	N	N	N	-	-	-	D	D	D	D	D	D
D	D	D	-	-	-	-	-	-	N	-	-	D	D	D	-	-	-	D	D	-	-	-	N	-	-	-	-
D	L	-	-	-	-	D	L	-	-	-	-	L	-	-	L	-	-	-	L	L	L	L	-	-	-	-	-
N	-	-	-	-	E	E	E	-	-	-	E	-	-	L	L	-	-	-	-	-	-	E	L	N	-	-	-
-	-	L	-	-	D	L	N	-	-	-	L	L	-	-	-	-	D	D	D	N	-	-	-	-	-	-	-
-	-	-	D	-	-	-	-	E	N	-	-	-	D	L	N	-	-	E	E	-	-	-	-	E	E	-	-
-	-	-	N	-	-	-	D	-	D	-	-	D	-	-	-	-	D	-	-	D	-	-	-	D	-	-	-
L	-	-	D	D	-	-	-	-	D	-	-	-	-	-	-	-	-	-	N	-	-	L	L	-	-	-	-
Objective 0: 9471
Objective 1: 168
Constr violation: 0
Restrictions violated:
0 0 0 0 0 0 0 0 

Individual 4
1	2	3	4	5	6	7	8	9	10	11	12	13	14	15	16	17	18	19	20	21	22	23	24	25	26	27	28
-	-	-	D	D	N	N	N	-	-	D	D	D	D	-	-	D	D	N	-	-	D	D	D	D	D	-	-
E	E	N	-	-	E	D	D	-	-	E	D	D	-	-	E	E	E	N	-	-	E	E	E	N	N	-	-
D	D	D	D	D	-	-	D	D	D	D	D	-	-	N	N	-	-	D	D	N	N	-	-	-	-	D	D
L	L	L	L	-	-	-	D	L	L	L	-	-	D	D	-	-	D	D	D	L	-	-	D	D	D	-	-
E	D	-	-	-	D	D	-	-	E	E	E	E	N	-	-	E	D	D	-	-	E	E	E	N	N	-	-
E	D	D	D	D	-	-	E	E	D	-	-	E	E	E	-	-	E	E	E	N	N	-	-	E	D	-	-
D	D	D	D	D	-	-	-	D	D	N	N	N	-	-	D	N	-	-	D	D	D	D	D	-	-	-	-
E	E	E	E	D	-	-	E	E	E	-	-	-	-	E	E	E	D	-	-	E	E	-	-	-	E	E	D
E	D	N	-	-	D	D	-	-	E	E	E	D	-	-	E	E	D	N	-	-	D	D	D	N	N	-	-
L	L	-	-	D	D	D	L	L	-	-	-	-	-	D	D	D	L	L	-	-	L	L	L	L	N	-	-
N	N	N	-	-	E	D	N	-	-	E	E	E	E	-	-	E	D	D	-	-	E	D	D	D	-	-	-
E	E	E	E	-	-	E	N	N	-	-	D	N	N	-	-	-	D	D	-	-	E	E	E	E	E	-	-
-	-	D	D	D	-	-	D	D	L	L	N	-	-	D	D	L	-	-	D	D	N	N	N	-	-	-	D
E	E	-	-	E	L	N	-	-	E	E	L	-	-	L	L	N	N	N	-	-	D	L	L	L	-	-	-
E	E	E	D	L	-	-	E	D	-	-	E	D	-	-	E	E	E	E	-	-	E	D	-	-	-	L	L
-	-	E	E	E	E	E	E	E	-	E	D	-	-	D	D	D	D	D	-	-	E	E	E	E	-	-	E
N	N	-	-	-	L	L	L	L	N	N	-	-	-	E	L	L	L	L	-	-	-	E	E	D	L	L	-
D	D	D	D	-	-	-	-	D	D	-	-	-	D	D	D	D	D	-	-	-	-	D	D	D	D	D	D
-	L	L	L	L	-	-	L	L	L	L	L	-	-	-	D	D	L	L	L	L	-	-	-	-	D	L	L
E	L	L	L	L	-	-	-	-	E	D	D	L	L	L	-	-	-	E	E	E	D	D	D	-	-	-	-
D	D	-	-	-	D	D	D	D	D	N	-	-	-	E	E	E	N	-	-	-	-	-	E	D	D	N	N
L	N	N	N	-	-	-	D	L	N	-	-	-	E	E	E	E	-	-	-	-	-	E	D	D	L	L	L
-	-	-	D	D	D	D	D	D	-	-	-	-	-	D	D	N	N	N	-	-	-	D	D	D	D	D	D
D	D	D	-	-	-	-	-	-	N	-	-	D	D	D	-	-	-	D	D	-	-	-	N	-	-	-	-
D	L	-	-	-	-	D	L	-	-	-	-	L	-	-	L	-	-	-	L	L	L	L	-	-	-	-	-
N	-	-	-	-	E	E	E	-	-	-	E	-	-	L	L	-	-	-	-	-	-	E	L	N	-	-	-
-	-	L	-	-	D	L	N	-	-	-	L	L	-	-	-	-	D	D	D	N	-	-	-	-	-	-	-
-	-	-	D	-	-	-	-	E	N	-	-	-	D	L	N	-	-	E	E	-	-	-	-	E	E	-	-
-	-	-	N	-	-	-	D	-	D	-	-	D	-	-	-	-	D	-	-	D	-	-	-	D	-	-	-
L	-	-	D	D	-	-	-	-	D	-	-	-	-	-	-	-	-	-	N	-	-	L	L	-	-	-	-
Objective 0: 11189
Objective 1: 152
Constr violation: 0
Restrictions violated:
0 0 0 0 0 0 0 0 

Individual 5
1	2	3	4	5	6	7	8	9	10	11	12	13	14	15	16	17	18	19	20	21	22	23	24	25	26	27	28
-	-	-	D	D	N	N	N	-	-	D	D	D	D	-	-	D	D	N	-	-	D	D	D	D	D	-	-
E	E	N	-	-	E	D	D	-	-	E	D	D	-	-	E	E	E	N	-	-	E	E	E	N	N	-	-
D	D	D	D	D	-	-	D	D	D	D	D	-	-	N	N	-	-	D	D	N	N	-	-	-	-	D	D
L	L	L	L	-	-	-	D	L	L	L	-	-	L	L	-	-	D	D	D	L	-	D	L	L	L	L	-
E	D	-	-	-	D	D	-	-	E	E	E	E	N	-	-	E	D	D	-	-	E	E	E	N	N	-	-
E	D	D	D	D	-	-	E	E	D	-	-	E	E	E	-	-	E	E	E	N	N	-	-	E	D	-	-
D	D	D	D	D	-	-	-	D	D	N	N	N	-	-	D	N	-	-	D	D	D	D	D	-	-	-	-
E	E	E	E	D	-	-	E	E	-	-	-	-	-	E	D	-	-	E	D	D	-	-	E	E	E	E	D
E	E	D	N	N	-	-	E	E	E	E	E	-	-	-	E	D	N	-	-	D	D	N	-	-	-	E	E
L	L	-	-	D	D	D	L	L	-	-	-	-	-	D	D	D	L	L	-	-	L	L	L	L	N	-	-
N	N	N	-	-	E	D	N	-	-	E	E	E	E	-	-	E	D	D	-	-	E	D	D	D	-	-	-
E	E	E	E	-	-	E	N	N	-	-	D	N	N	-	-	-	D	D	-	-	E	E	E	E	E	-	-
-	-	D	L	N	N	-	-	D	D	D	L	-	-	L	L	L	L	-	-	-	D	N	N	-	-	D	L
E	E	-	-	E	L	N	-	-	E	E	L	-	-	L	L	N	N	N	-	-	D	L	L	L	-	-	-
E	E	E	D	L	-	-	E	D	-	-	E	D	-	-	E	E	E	E	-	-	E	D	-	-	-	L	L
-	-	E	E	E	E	E	E	E	-	E	D	-	-	D	D	D	D	D	-	-	E	E	E	E	-	-	E
N	N	-	-	-	L	L	L	L	N	N	-	-	-	E	L	L	L	L	-	-	-	E	E	D	L	L	-
D	D	D	D	-	-	-	-	D	D	-	-	-	D	D	D	D	D	-	-	-	-	D	D	D	D	D	D
-	L	L	L	L	-	-	L	L	L	L	L	-	-	-	D	D	L	L	L	L	-	-	-	-	D	L	L
E	L	L	L	L	-	-	-	-	E	D	D	L	L	L	-	-	-	E	E	E	D	D	D	-	-	-	-
D	D	-	-	-	D	D	D	D	D	N	-	-	-	E	E	E	N	-	-	-	-	-	E	D	D	N	N
L	N	N	N	-	-	-	D	L	N	-	-	-	E	E	E	E	-	-	-	-	-	E	D	D	L	L	L
-	-	-	D	D	D	D	D	D	-	-	-	-	-	D	D	N	N	N	-	-	-	D	D	D	D	D	D
D	D	D	-	-	-	-	-	-	N	-	-	D	D	D	-	-	-	D	D	-	-	-	N	-	-	-	-
D	L	-	-	-	-	D	L	-	-	-	-	L	-	-	L	-	-	-	L	L	L	L	-	-	-	-	-
N	-	-	-	-	E	E	E	-	-	-	E	-	-	L	L	-	-	-	-	-	-	E	L	N	-	-	-
-	-	L	-	-	D	L	N	-	-	-	L	L	-	-	-	-	D	D	D	N	-	-	-	-	-	-	-
-	-	-	D	-	-	-	-	E	N	-	-	-	D	L	N	-	-	E	E	-	-	-	-	E	E	-	-
-	-	-	N	-	-	-	D	-	D	-	-	D	-	-	-	-	D	-	-	D	-	-	-	D	-	-	-
L	-	-	D	D	-	-	-	-	D	-	-	-	-	-	-	-	-	-	N	-	-	L	L	-	-	-	-
Objective 0: 9674
Objective 1: 166
Constr violation: 0
Restrictions violated:
0 0 0 0 0 0 0 0 

Individual 6
1	2	3	4	5	6	7	8	9	10	11	12	13	14	15	16	17	18	19	20	21	22	23	24	25	26	27	28
-	-	-	D	D	N	N	N	-	-	D	D	D	D	-	-	D	D	N	-	-	D	D	D	D	D	-	-
E	E	N	-	-	E	D	D	-	-	E	D	D	-	-	E	E	E	N	-	-	E	E	E	N	N	-	-
D	D	D	D	D	-	-	D	D	D	D	D	-	-	N	N	-	-	D	D	N	N	-	-	-	-	D	D
L	L	L	L	-	-	-	D	L	L	L	-	-	D	D	-	-	D	D	D	L	-	-	D	D	D	-	-
E	D	-	-	-	D	D	-	-	E	E	E	E	N	-	-	E	D	D	-	-	E	E	E	N	N	-	-
E	D	D	D	D	-	-	E	E	D	-	-	E	E	E	-	-	E	E	E	N	N	-	-	E	D	-	-
D	D	D	D	D	-	-	-	D	D	N	N	N	-	-	D	N	-	-	D	D	D	D	D	-	-	-	-
E	E	E	E	D	-	-	E	E	E	-	-	-	-	E	E	E	D	-	-	E	E	-	-	-	E	E	D
E	D	N	-	-	D	D	-	-	E	E	E	D	-	-	E	E	D	N	-	-	D	D	D	N	N	-	-
L	L	-	-	D	D	D	L	L	-	-	-	-	-	D	D	D	L	L	-	-	L	L	L	L	N	-	-
N	N	N	-	-	E	D	N	-	-	E	E	E	E	-	-	E	D	D	-	-	E	D	D	D	-	-	-
E	E	E	E	-	-	E	N	N	-	-	D	N	N	-	-	-	D	D	-	-	E	E	E	E	E	-	-
-	-	D	D	D	-	-	D	D	L	L	N	-	-	D	D	L	-	-	D	D	N	N	N	-	-	-	D
E	E	-	-	E	L	N	-	-	E	E	L	-	-	L	L	N	N	N	-	-	D	L	L	L	-	-	-
E	E	E	D	L	-	-	E	D	-	-	E	D	-	-	E	E	E	E	-	-	E	D	-	-	-	L	L
-	-	E	E	E	E	E	E	E	-	E	D	-	-	D	D	D	D	D	-	-	E	E	E	E	-	-	E
N	N	-	-	-	L	L	L	L	N	N	-	-	-	E	L	L	L	L	-	-	-	E	E	D	L	L	-
D	D	D	D	-	-	-	-	D	D	-	-	-	D	D	D	D	D	-	-	-	-	D	D	D	D	D	D
-	L	L	L	L	-	-	L	L	L	L	L	-	-	-	D	D	L	L	L	L	-	-	-	-	D	L	L
E	L	L	L	L	-	-	-	-	E	D	D	L	L	L	-	-	-	E	E	E	D	D	D	-	-	-	-
D	D	-	-	-	D	D	D	D	D	N	-	-	-	E	E	E	N	-	-	-	-	-	E	D	D	N	N
L	N	N	N	-	-	-	D	L	N	-	-	-	E	E	E	E	-	-	-	-	-	E	D	D	L	L	L
-	-	-	D	D	D	D	D	D	-	-	-	-	-	D	D	N	N	N	-	-	-	D	D	D	D	D	D
D	D	D	-	-	-	-	-	-	N	-	-	D	D	D	-	-	-	D	D	-	-	-	N	-	-	-	-
D	L	-	-	-	-	D	L	-	-	-	-	L	-	-	L	-	-	-	L	L	L	L	-	-	-	-	-
N	-	-	-	-	E	E	E	-	-	-	E	-	-	L	L	-	-	-	-	-	-	E	L	N	-	-	-
-	-	L	-	-	D	L	N	-	-	-	L	L	-	-	-	-	D	D	D	N	-	-	-	-	-	-	-
-	-	-	D	-	-	-	-	E	N	-	-	-	D	L	N	-	-	E	E	-	-	-	-	E	E	-	-
-	-	-	N	-	-	-	D	-	D	-	-	D	-	-	-	-	D	-	-	D	-	-	-	D	-	-	-
L	-	-	D	D	-	-	-	-	D	-	-	-	-	-	-	-	-	-	N	-	-	L	L	-	-	-	-
Objective 0: 11189
Objective 1: 152
Constr violation: 0
Restrictions violated:
0 0 0 0 0 0 0 0 

Individual 7
1	2	3	4	5	6	7	8	9	10	11	12	13	14	15	16	17	18	19	20	21	22	23	24	25	26	27	28
-	-	-	D	D	N	N	N	-	-	D	D	D	D	-	-	D	D	N	-	-	D	D	D	D	D	-	-
E	E	E	D	-	-	E	E	E	-	-	E	D	N	-	-	-	E	D	-	-	E	D	N	N	N	-	-
D	D	D	D	D	-	-	D	D	D	D	D	-	-	N	N	-	-	D	D	N	N	-	-	-	-	D	D
L	L	L	L	-	-	-	D	L	L	L	-	-	D	D	-	-	D	D	D	L	-	-	D	D	D	-	-
E	D	-	-	-	D	D	-	-	E	E	E	E	N	-	-	E	D	D	-	-	E	E	E	N	N	-	-
E	D	D	D	D	-	-	E	E	D	-	-	E	E	E	-	-	E	E	E	N	N	-	-	E	D	-	-
D	D	D	D	D	-	-	-	D	D	N	N	N	-	-	D	N	-	-	D	D	D	D	D	-	-	-	-
E	E	E	E	D	-	-	E	E	E	-	-	-	-	E	E	E	D	-	-	E	E	-	-	-	E	E	D
E	E	D	N	N	-	-	E	E	E	E	E	-	-	-	E	D	N	-	-	D	D	N	-	-	-	E	E
L	L	-	-	D	D	D	L	L	-	-	-	-	-	D	D	D	L	L	-	-	L	L	L	L	N	-	-
N	N	N	-	-	E	D	N	-	-	E	E	E	E	-	-	E	D	D	-	-	E	D	D	D	-	-	-
E	E	E	E	-	-	E	N	N	-	-	D	N	N	-	-	-	D	D	-	-	E	E	E	E	E	-	-
-	-	D	D	D	-	-	D	D	L	L	N	-	-	D	D	L	-	-	D	D	N	N	N	-	-	-	D
E	E	-	-	E	L	N	-	-	E	E	L	-	-	L	L	N	N	N	-	-	D	L	L	L	-	-	-
E	E	E	D	L	-	-	E	D	-	-	E	D	-	-	E	E	E	E	-	-	E	D	-	-	-	L	L
-	-	E	E	E	E	E	E	E	-	E	D	-	-	D	D	D	D	D	-	-	E	E	E	E	-	-	E
N	N	-	-	-	L	L	L	L	N	N	-	-	-	E	L	L	L	L	-	-	-	E	E	D	L	L	-
D	D	D	D	-	-	-	-	D	D	-	-	-	D	D	D	D	D	-	-	-	-	D	D	D	D	D	D
-	L	L	L	L	-	-	L	L	L	L	L	-	-	-	D	D	L	L	L	L	-	-	-	-	D	L	L
E	L	L	L	L	-	-	-	-	E	D	D	L	L	L	-	-	-	E	E	E	D	D	D	-	-	-	-
D	D	-	-	-	D	D	D	D	D	N	-	-	-	E	E	E	N	-	-	-	-	-	E	D	D	N	N
L	N	N	N	-	-	-	D	L	N	-	-	-	E	E	E	E	-	-	-	-	-	E	D	D	L	L	L
-	-	-	D	D	D	D	D	D	-	-	-	-	-	D	D	N	N	N	-	-	-	D	D	D	D	D	D
D	D	D	-	-	-	-	-	-	N	-	-	D	D	D	-	-	-	D	D	-	-	-	N	-	-	-	-
D	L	-	-	-	-	D	L	-	-	-	-	L	-	-	L	-	-	-	L	L	L	L	-	-	-	-	-
N	-	-	-	-	E	E	E	-	-	-	E	-	-	L	L	-	-	-	-	-	-	E	L	N	-	-	-
-	-	L	-	-	D	L	N	-	-	-	L	L	-	-	-	-	D	D	D	N	-	-	-	-	-	-	-
-	-	-	D	-	-	-	-	E	N	-	-	-	D	L	N	-	-	E	E	-	-	-	-	E	E	-	-
-	-	-	N	-	-	-	D	-	D	-	-	D	-	-	-	-	D	-	-	D	-	-	-	D	-	-	-
L	-	-	D	D	-	-	-	-	D	-	-	-	-	-	-	-	-	-	N	-	-	L	L	-	-	-	-
Objective 0: 10380
Objective 1: 156
Constr violation: 0
Restrictions violated:
0 0 0 0 0 0 0 0 

Individual 8
1	2	3	4	5	6	7	8	9	10	11	12	13	14	15	16	17	18	19	20	21	22	23	24	25	26	27	28
-	-	-	D	D	N	N	N	-	-	D	D	D	D	-	-	D	D	N	-	-	D	D	D	D	D	-	-
E	E	E	D	-	-	E	E	E	-	-	E	D	N	-	-	-	E	D	-	-	E	D	N	N	N	-	-
D	D	D	D	D	-	-	D	D	D	D	D	-	-	N	N	-	-	D	D	N	N	-	-	-	-	D	D
L	L	L	L	-	-	-	D	L	L	L	-	-	L	L	-	-	D	D	D	L	-	D	L	L	L	L	-
E	D	-	-	E	E	D	D	-	-	E	E	N	-	-	-	E	E	E	-	-	E	E	E	D	N	-	-
E	D	D	D	D	-	-	E	E	D	-	-	E	E	E	-	-	E	E	E	N	N	-	-	E	D	-	-
D	D	D	D	D	-	-	-	D	D	N	N	N	-	-	D	N	-	-	D	D	D	D	D	-	-	-	-
E	E	E	E	D	-	-	E	E	E	-	-	-	-	E	E	E	D	-	-	E	E	-	-	-	E	E	D
E	E	D	N	N	-	-	E	E	E	E	E	-	-	-	E	D	N	-	-	D	D	N	-	-	-	E	E
L	L	-	-	D	D	D	L	L	-	-	-	-	-	D	D	D	L	L	-	-	L	L	L	L	N	-	-
N	N	N	-	-	E	D	N	-	-	E	E	E	E	-	-	E	D	D	-	-	E	D	D	D	-	-	-
E	E	E	E	-	-	E	N	N	-	-	D	N	N	-	-	-	D	D	-	-	E	E	E	E	E	-	-
-	-	D	L	N	N	-	-	D	D	D	L	-	-	L	L	L	L	-	-	-	D	N	N	-	-	D	L
E	E	-	-	E	L	N	-	-	E	E	L	-	-	L	L	N	N	N	-	-	D	L	L	L	-	-	-
E	E	E	D	L	-	-	-	E	E	E	D	L	-	-	E	E	-	-	E	E	L	L	L	-	-	-	-
-	-	E	E	E	E	E	E	E	-	E	D	-	-	D	D	D	D	D	-	-	E	E	E	E	-	-	E
N	N	-	-	-	L	L	L	L	N	N	-	-	-	E	L	L	L	L	-	-	-	E	E	D	L	L	-
D	D	D	D	-	-	-	-	D	D	-	-	-	D	D	D	D	D	-	-	-	-	D	D	D	D	D	D
-	L	L	L	L	-	-	L	L	L	L	L	-	-	-	D	D	L	L	L	L	-	-	-	-	D	L	L
E	L	L	L	L	-	-	-	-	E	D	D	L	L	L	-	-	-	E	E	E	D	D	D	-	-	-	-
D	D	-	-	-	D	D	D	D	D	N	-	-	-	E	E	E	N	-	-	-	-	-	E	D	D	N	N
L	N	N	N	-	-	-	D	L	N	-	-	-	E	E	E	E	-	-	-	-	-	E	D	D	L	L	L
-	-	-	D	D	D	D	D	D	-	-	-	-	-	D	D	N	N	N	-	-	-	D	D	D	D	D	D
D	D	D	-	-	-	-	-	-	N	-	-	D	D	D	-	-	-	D	D	-	-	-	N	-	-	-	-
D	L	-	-	-	-	D	L	-	-	-	-	L	-	-	L	-	-	-	L	L	L	L	-	-	-	-	-
N	-	-	-	-	E	E	E	-	-	-	E	-	-	L	L	-	-	-	-	-	-	E	L	N	-	-	-
-	-	L	-	-	D	L	N	-	-	-	L	L	-	-	-	-	D	D	D	N	-	-	-	-	-	-	-
-	-	-	D	-	-	-	-	E	N	-	-	-	D	L	N	-	-	E	E	-	-	-	-	E	E	-	-
-	-	-	N	-	-	-	D	-	D	-	-	D	-	-	-	-	D	-	-	D	-	-	-	D	-	-	-
L	-	-	D	D	-	-	-	-	D	-	-	-	-	-	-	-	-	-	N	-	-	L	L	-	-	-	-
Objective 0: 9370
Objective 1: 173
Constr violation: 0
Restrictions violated:
0 0 0 0 0 0 0 0 

Individual 9
1	2	3	4	5	6	7	8	9	10	11	12	13	14	15	16	17	18	19	20	21	22	23	24	25	26	27	28
-	-	-	D	D	N	N	N	-	-	D	D	D	D	-	-	D	D	N	-	-	D	D	D	D	D	-	-
E	E	E	D	-	-	E	E	E	-	-	E	D	N	-	-	-	E	D	-	-	E	D	N	N	N	-	-
D	D	D	D	D	-	-	D	D	D	D	D	-	-	N	N	-	-	D	D	N	N	-	-	-	-	D	D
L	L	L	L	-	-	-	D	L	L	L	-	-	L	L	-	-	D	D	D	L	-	D	L	L	L	L	-
E	D	-	-	E	E	D	D	-	-	E	E	N	-	-	-	E	E	E	-	-	E	E	E	D	N	-	-
E	D	D	D	D	-	-	E	E	D	-	-	E	E	E	-	-	E	E	E	N	N	-	-	E	D	-	-
D	D	D	D	D	-	-	-	D	D	N	N	N	-	-	D	N	-	-	D	D	D	D	D	-	-	-	-
E	E	E	E	D	-	-	E	E	E	-	-	-	-	E	E	E	D	-	-	E	E	-	-	-	E	E	D
E	E	D	N	N	-	-	E	E	E	E	E	-	-	-	E	D	N	-	-	D	D	N	-	-	-	E	E
L	L	-	-	D	D	D	L	L	-	-	-	-	-	D	D	D	L	L	-	-	L	L	L	L	N	-	-
N	N	N	-	-	E	D	N	-	-	E	E	E	E	-	-	E	D	D	-	-	E	D	D	D	-	-	-
E	E	E	E	-	-	E	N	N	-	-	D	N	N	-	-	-	D	D	-	-	E	E	E	E	E	-	-
-	-	D	D	D	-	-	D	D	L	L	N	-	-	D	D	L	-	-	D	D	N	N	N	-	-	-	D
E	E	-	-	E	L	N	-	-	E	E	L	-	-	L	L	N	N	N	-	-	D	L	L	L	-	-	-
E	E	E	D	L	-	-	E	D	-	-	E	D	-	-	E	E	E	E	-	-	E	D	-	-	-	L	L
-	-	E	E	E	E	E	E	E	-	E	D	-	-	D	D	D	D	D	-	-	E	E	E	E	-	-	E
N	N	-	-	-	L	L	L	L	N	N	-	-	-	E	L	L	L	L	-	-	-	E	E	D	L	L	-
D	D	D	D	-	-	-	-	D	D	-	-	-	D	D	D	D	D	-	-	-	-	D	D	D	D	D	D
-	L	L	L	L	-	-	L	L	L	L	L	-	-	-	D	D	L	L	L	L	-	-	-	-	D	L	L
E	L	L	L	L	-	-	-	-	E	D	D	L	L	L	-	-	-	E	E	E	D	D	D	-	-	-	-
D	D	-	-	-	D	D	D	D	D	N	-	-	-	E	E	E	N	-	-	-	-	-	E	D	D	N	N
L	N	N	N	-	-	-	D	L	N	-	-	-	E	E	E	E	-	-	-	-	-	E	D	D	L	L	L
-	-	-	D	D	D	D	D	D	-	-	-	-	-	D	D	N	N	N	-	-	-	D	D	D	D	D	D
D	D	D	-	-	-	-	-	-	N	-	-	D	D	D	-	-	-	D	D	-	-	-	N	-	-	-	-
D	L	-	-	-	-	D	L	-	-	-	-	L	-	-	L	-	-	-	L	L	L	L	-	-	-	-	-
N	-	-	-	-	E	E	E	-	-	-	E	-	-	L	L	-	-	-	-	-	-	E	L	N	-	-	-
-	-	L	-	-	D	L	N	-	-	-	L	L	-	-	-	-	D	D	D	N	-	-	-	-	-	-	-
-	-	-	D	-	-	-	-	E	N	-	-	-	D	L	N	-	-	E	E	-	-	-	-	E	E	-	-
-	-	-	N	-	-	-	D	-	D	-	-	D	-	-	-	-	D	-	-	D	-	-	-	D	-	-	-
L	-	-	D	D	-	-	-	-	D	-	-	-	-	-	-	-	-	-	N	-	-	L	L	-	-	-	-
Objective 0: 9774
Objective 1: 162
Constr violation: 0
Restrictions violated:
0 0 0 0 0 0 0 0 

Individual 10
1	2	3	4	5	6	7	8	9	10	11	12	13	14	15	16	17	18	19	20	21	22	23	24	25	26	27	28
-	-	-	D	D	N	N	N	-	-	D	D	D	D	-	-	D	D	N	-	-	D	D	D	D	D	-	-
E	E	N	-	-	E	D	D	-	-	E	D	D	-	-	E	E	E	N	-	-	E	E	E	N	N	-	-
D	D	D	D	D	-	-	D	D	D	D	D	-	-	N	N	-	-	D	D	N	N	-	-	-	-	D	D
L	L	L	L	-	-	-	D	L	L	L	-	-	L	L	-	-	D	D	D	L	-	D	L	L	L	L	-
E	D	-	-	-	D	D	-	-	E	E	E	E	N	-	-	E	D	D	-	-	E	E	E	N	N	-	-
E	D	D	D	D	-	-	E	E	D	-	-	E	E	E	-	-	E	E	E	N	N	-	-	E	D	-	-
D	D	D	D	D	-	-	-	D	D	N	N	N	-	-	D	N	-	-	D	D	D	D	D	-	-	-	-
E	E	E	E	D	-	-	E	E	E	-	-	-	-	E	E	E	D	-	-	E	E	-	-	-	E	E	D
E	E	D	N	N	-	-	E	E	E	E	E	-	-	-	E	D	N	-	-	D	D	N	-	-	-	E	E
L	L	-	-	D	D	D	L	L	-	-	-	-	-	D	D	D	L	L	-	-	L	L	L	L	N	-	-
N	N	N	-	-	E	D	N	-	-	E	E	E	E	-	-	E	D	D	-	-	E	D	D	D	-	-	-
E	E	E	E	-	-	E	N	N	-	-	D	N	N	-	-	-	D	D	-	-	E	E	E	E	E	-	-
-	-	D	D	D	-	-	D	D	L	L	N	-	-	D	D	L	-	-	D	D	N	N	N	-	-	-	D
E	E	-	-	E	L	N	-	-	E	E	L	-	-	L	L	N	N	N	-	-	D	L	L	L	-	-	-
E	E	E	D	L	-	-	E	D	-	-	E	D	-	-	E	E	E	E	-	-	E	D	-	-	-	L	L
-	-	E	E	E	E	E	E	E	-	E	D	-	-	D	D	D	D	D	-	-	E	E	E	E	-	-	E
N	N	-	-	-	L	L	L	L	N	N	-	-	-	E	L	L	L	L	-	-	-	E	E	D	L	L	-
D	D	D	D	-	-	-	-	D	D	-	-	-	D	D	D	D	D	-	-	-	-	D	D	D	D	D	D
-	L	L	L	L	-	-	L	L	L	L	L	-	-	-	D	D	L	L	L	L	-	-	-	-	D	L	L
E	L	L	L	L	-	-	-	-	E	D	D	L	L	L	-	-	-	E	E	E	D	D	D	-	-	-	-
D	D	-	-	-	D	D	D	D	D	N	-	-	-	E	E	E	N	-	-	-	-	-	E	D	D	N	N
L	N	N	N	-	-	-	D	L	N	-	-	-	E	E	E	E	-	-	-	-	-	E	D	D	L	L	L
-	-	-	D	D	D	D	D	D	-	-	-	-	-	D	D	N	N	N	-	-	-	D	D	D	D	D	D
D	D	D	-	-	-	-	-	-	N	-	-	D	D	D	-	-	-	D	D	-	-	-	N	-	-	-	-
D	L	-	-	-	-	D	L	-	-	-	-	L	-	-	L	-	-	-	L	L	L	L	-	-	-	-	-
N	-	-	-	-	E	E	E	-	-	-	E	-	-	L	L	-	-	-	-	-	-	E	L	N	-	-	-
-	-	L	-	-	D	L	N	-	-	-	L	L	-	-	-	-	D	D	D	N	-	-	-	-	-	-	-
-	-	-	D	-	-	-	-	E	N	-	-	-	D	L	N	-	-	E	E	-	-	-	-	E	E	-	-
-	-	-	N	-	-	-	D	-	D	-	-	D	-	-	-	-	D	-	-	D	-	-	-	D	-	-	-
L	-	-	D	D	-	-	-	-	D	-	-	-	-	-	-	-	-	-	N	-	-	L	L	-	-	-	-
Objective 0: 9876
Objective 1: 158
Constr violation: 0
Restrictions violated:
0 0 0 0 0 0 0 0 

Individual 11
1	2	3	4	5	6	7	8	9	10	11	12	13	14	15	16	17	18	19	20	21	22	23	24	25	26	27	28
-	-	-	D	D	N	N	N	-	-	D	D	D	D	-	-	D	D	N	-	-	D	D	D	D	D	-	-
E	E	N	-	-	E	D	D	-	-	E	D	D	-	-	E	E	E	N	-	-	E	E	E	N	N	-	-
D	D	D	D	D	-	-	D	D	D	D	D	-	-	N	N	-	-	D	D	N	N	-	-	-	-	D	D
L	L	L	L	-	-	-	D	L	L	L	-	-	D	D	-	-	D	D	D	L	-	-	D	D	D	-	-
E	D	-	-	-	D	D	-	-	E	E	E	E	N	-	-	E	D	D	-	-	E	E	E	N	N	-	-
E	D	D	D	D	-	-	E	E	D	-	-	E	E	E	-	-	E	E	E	N	N	-	-	E	D	-	-
D	D	D	D	D	-	-	-	D	D	N	N	N	-	-	D	N	-	-	D	D	D	D	D	-	-	-	-
E	E	E	E	D	-	-	E	E	E	-	-	-	-	E	E	E	D	-	-	E	E	-	-	-	E	E	D
E	E	D	N	N	-	-	E	E	E	E	E	-	-	-	E	D	N	-	-	D	D	N	-	-	-	E	E
L	L	-	-	D	D	D	L	L	-	-	-	-	-	D	D	D	L	L	-	-	L	L	L	L	N	-	-
N	N	N	-	-	E	D	N	-	-	E	E	E	E	-	-	E	D	D	-	-	E	D	D	D	-	-	-
E	E	E	E	-	-	E	N	N	-	-	D	N	N	-	-	-	D	D	-	-	E	E	E	E	E	-	-
-	-	D	D	D	-	-	D	D	L	L	N	-	-	D	D	L	-	-	D	D	N	N	N	-	-	-	D
E	E	-	-	E	L	N	-	-	E	E	L	-	-	L	L	N	N	N	-	-	D	L	L	L	-	-	-
E	E	E	D	L	-	-	E	D	-	-	E	D	-	-	E	E	E	E	-	-	E	D	-	-	-	L	L
-	-	E	E	E	E	E	E	E	-	E	D	-	-	D	D	D	D	D	-	-	E	E	E	E	-	-	E
N	N	-	-	-	L	L	L	L	N	N	-	-	-	E	L	L	L	L	-	-	-	E	E	D	L	L	-
D	D	D	D	-	-	-	-	D	D	-	-	-	D	D	D	D	D	-	-	-	-	D	D	D	D	D	D
-	L	L	L	L	-	-	L	L	L	L	L	-	-	-	D	D	L	L	L	L	-	-	-	-	D	L	L
E	L	L	L	L	-	-	-	-	E	D	D	L	L	L	-	-	-	E	E	E	D	D	D	-	-	-	-
D	D	-	-	-	D	D	D	D	D	N	-	-	-	E	E	E	N	-	-	-	-	-	E	D	D	N	N
L	N	N	N	-	-	-	D	L	N	-	-	-	E	E	E	E	-	-	-	-	-	E	D	D	L	L	L
-	-	-	D	D	D	D	D	D	-	-	-	-	-	D	D	N	N	N	-	-	-	D	D	D	D	D	D
D	D	D	-	-	-	-	-	-	N	-	-	D	D	D	-	-	-	D	D	-	-	-	N	-	-	-	-
D	L	-	-	-	-	D	L	-	-	-	-	L	-	-	L	-	-	-	L	L	L	L	-	-	-	-	-
N	-	-	-	-	E	E	E	-	-	-	E	-	-	L	L	-	-	-	-	-	-	E	L	N	-	-	-
-	-	L	-	-	D	L	N	-	-	-	L	L	-	-	-	-	D	D	D	N	-	-	-	-	-	-	-
-	-	-	D	-	-	-	-	E	N	-	-	-	D	L	N	-	-	E	E	-	-	-	-	E	E	-	-
-	-	-	N	-	-	-	D	-	D	-	-	D	-	-	-	-	D	-	-	D	-	-	-	D	-	-	-
L	-	-	D	D	-	-	-	-	D	-	-	-	-	-	-	-	-	-	N	-	-	L	L	-	-	-	-
Objective 0: 10381
Objective 1: 154
Constr violation: 0
Restrictions violated:
0 0 0 0 0 0 0 0 

Individual 12
1	2	3	4	5	6	7	8	9	10	11	12	13	14	15	16	17	18	19	20	21	22	23	24	25	26	27	28
-	-	-	D	D	N	N	N	-	-	D	D	D	D	-	-	D	D	N	-	-	D	D	D	D	D	-	-
E	E	E	D	-	-	E	E	E	-	-	E	D	N	-	-	-	E	D	-	-	E	D	N	N	N	-	-
D	D	D	D	D	-	-	D	D	D	D	D	-	-	N	N	-	-	D	D	N	N	-	-	-	-	D	D
L	L	L	L	-	-	-	D	L	L	L	-	-	L	L	-	-	D	D	D	L	-	D	L	L	L	L	-
E	D	-	-	E	E	D	D	-	-	E	E	N	-	-	-	E	E	E	-	-	E	E	E	D	N	-	-
E	D	D	D	D	-	-	E	E	D	-	-	E	E	E	-	-	E	E	E	N	N	-	-	E	D	-	-
D	D	D	D	D	-	-	-	D	D	N	N	N	-	-	D	N	-	-	D	D	D	D	D	-	-	-	-
E	E	E	E	D	-	-	E	E	E	-	-	-	-	E	E	E	D	-	-	E	E	-	-	-	E	E	D
E	E	D	N	N	-	-	E	E	E	E	E	-	-	-	E	D	N	-	-	D	D	N	-	-	-	E	E
L	L	-	-	D	D	D	L	L	-	-	-	-	-	D	D	D	L	L	-	-	L	L	L	L	N	-	-
N	N	N	-	-	E	D	N	-	-	E	E	E	E	-	-	E	D	D	-	-	E	D	D	D	-	-	-
E	E	E	E	-	-	E	N	N	-	-	D	N	N	-	-	-	D	D	-	-	E	E	E	E	E	-	-
-	-	D	D	D	-	-	D	D	L	L	N	-	-	D	D	L	-	-	D	D	N	N	N	-	-	-	D
E	E	-	-	E	L	N	-	-	E	E	L	-	-	L	L	N	N	N	-	-	D	L	L	L	-	-	-
E	E	E	D	L	-	-	-	E	E	E	D	L	-	-	E	E	-	-	E	E	L	L	L	-	-	-	-
-	-	E	E	E	E	E	E	E	-	E	D	-	-	D	D	D	D	D	-	-	E	E	E	E	-	-	E
N	N	-	-	-	L	L	L	L	N	N	-	-	-	E	L	L	L	L	-	-	-	E	E	D	L	L	-
D	D	D	D	-	-	-	-	D	D	-	-	-	D	D	D	D	D	-	-	-	-	D	D	D	D	D	D
-	L	L	L	L	-	-	L	L	L	L	L	-	-	-	D	D	L	L	L	L	-	-	-	-	D	L	L
E	L	L	L	L	-	-	-	-	E	D	D	L	L	L	-	-	-	E	E	E	D	D	D	-	-	-	-
D	D	-	-	-	D	D	D	D	D	N	-	-	-	E	E	E	N	-	-	-	-	-	E	D	D	N	N
L	N	N	N	-	-	-	D	L	N	-	-	-	E	E	E	E	-	-	-	-	-	E	D	D	L	L	L
-	-	-	D	D	D	D	D	D	-	-	-	-	-	D	D	N	N	N	-	-	-	D	D	D	D	D	D
D	D	D	-	-	-	-	-	-	N	-	-	D	D	D	-	-	-	D	D	-	-	-	N	-	-	-	-
D	L	-	-	-	-	D	L	-	-	-	-	L	-	-	L	-	-	-	L	L	L	L	-	-	-	-	-
N	-	-	-	-	E	E	E	-	-	-	E	-	-	L	L	-	-	-	-	-	-	E	L	N	-	-	-
-	-	L	-	-	D	L	N	-	-	-	L	L	-	-	-	-	D	D	D	N	-	-	-	-	-	-	-
-	-	-	D	-	-	-	-	E	N	-	-	-	D	L	N	-	-	E	E	-	-	-	-	E	E	-	-
-	-	-	N	-	-	D	-	-	-	D	-	D	-	-	-	-	-	-	-	D	-	D	D	-	-	-	-
L	-	-	D	D	-	-	-	-	D	-	-	-	-	-	-	-	-	-	N	-	-	L	L	-	-	-	-
Objective 0: 9572
Objective 1: 167
Constr violation: 0
Restrictions violated:
0 0 0 0 0 0 0 0 

Individual 13
1	2	3	4	5	6	7	8	9	10	11	12	13	14	15	16	17	18	19	20	21	22	23	24	25	26	27	28
-	-	-	D	D	N	N	N	-	-	D	D	D	D	-	-	D	D	N	-	-	D	D	D	D	D	-	-
E	E	E	D	-	-	E	E	E	-	-	E	D	N	-	-	-	E	D	-	-	E	D	N	N	N	-	-
D	D	D	D	D	-	-	D	D	D	D	D	-	-	N	N	-	-	D	D	N	N	-	-	-	-	D	D
L	L	L	L	-	-	-	D	L	L	L	-	-	L	L	-	-	D	D	D	L	-	D	L	L	L	L	-
E	D	-	-	E	E	D	D	-	-	E	E	N	-	-	-	E	E	E	-	-	E	E	E	D	N	-	-
E	D	D	D	D	-	-	E	E	D	-	-	E	E	E	-	-	E	E	E	N	N	-	-	E	D	-	-
D	D	D	D	D	-	-	-	D	D	N	N	N	-	-	D	N	-	-	D	D	D	D	D	-	-	-	-
E	E	E	E	D	-	-	E	E	E	-	-	-	-	E	E	E	D	-	-	E	E	-	-	-	E	E	D
E	E	D	N	N	-	-	E	E	E	E	E	-	-	-	E	D	N	-	-	D	D	N	-	-	-	E	E
L	L	-	-	D	D	D	L	L	-	-	-	-	-	D	D	D	L	L	-	-	L	L	L	L	N	-	-
N	N	N	-	-	E	D	N	-	-	E	E	E	E	-	-	E	D	D	-	-	E	D	D	D	-	-	-
E	E	E	E	-	-	E	N	N	-	-	D	N	N	-	-	-	D	D	-	-	E	E	E	E	E	-	-
-	-	D	L	N	N	-	-	D	D	D	L	-	-	L	L	L	L	-	-	-	D	N	N	-	-	D	L
E	E	-	-	E	L	N	-	-	E	E	L	-	-	L	L	N	N	N	-	-	D	L	L	L	-	-	-
E	E	E	D	L	-	-	-	E	E	E	D	L	-	-	E	E	-	-	E	E	L	L	L	-	-	-	-
-	-	E	E	E	E	E	E	E	-	E	D	-	-	D	D	D	D	D	-	-	E	E	E	E	-	-	E
N	N	-	-	-	L	L	L	L	N	N	-	-	-	E	L	L	L	L	-	-	-	E	E	D	L	L	-
D	D	D	D	-	-	-	-	D	D	-	-	-	D	D	D	D	D	-	-	-	-	D	D	D	D	D	D
-	L	L	L	L	-	-	L	L	L	L	L	-	-	-	D	D	L	L	L	L	-	-	-	-	D	L	L
E	L	L	L	L	-	-	-	-	E	D	D	L	L	L	-	-	-	E	E	E	D	D	D	-	-	-	-
D	D	-	-	-	D	D	D	D	D	N	-	-	-	E	E	E	N	-	-	-	-	-	E	D	D	N	N
L	N	N	N	-	-	-	D	L	N	-	-	-	E	E	E	E	-	-	-	-	-	E	D	D	L	L	L
-	-	-	D	D	D	D	D	D	-	-	-	-	-	D	D	N	N	N	-	-	-	D	D	D	D	D	D
D	D	D	-	-	-	-	-	-	N	-	-	D	D	D	-	-	-	D	D	-	-	-	N	-	-	-	-
D	L	-	-	-	-	D	L	-	-	-	-	L	-	-	L	-	-	-	L	L	L	L	-	-	-	-	-
N	-	-	-	-	E	E	E	-	-	-	E	-	-	L	L	-	-	-	-	-	-	E	L	N	-	-	-
-	-	L	-	-	D	L	N	-	-	-	L	L	-	-	-	-	D	D	D	N	-	-	-	-	-	-	-
-	-	-	D	-	-	-	-	E	N	-	-	-	D	L	N	-	-	E	E	-	-	-	-	E	E	-	-
-	-	-	N	-	-	-	D	-	D	-	-	D	-	-	-	-	D	-	-	D	-	-	-	D	-	-	-
L	-	-	D	D	-	-	-	-	D	-	-	-	-	-	-	-	-	-	N	-	-	L	L	-	-	-	-
Objective 0: 9370
Objective 1: 173
Constr violation: 0
Restrictions violated:
0 0 0 0 0 0 0 0 

Individual 14
1	2	3	4	5	6	7	8	9	10	11	12	13	14	15	16	17	18	19	20	21	22	23	24	25	26	27	28
-	-	-	D	D	N	N	N	-	-	D	D	D	D	-	-	D	D	N	-	-	D	D	D	D	D	-	-
E	E	E	D	-	-	E	E	E	-	-	E	D	N	-	-	-	E	D	-	-	E	D	N	N	N	-	-
D	D	D	D	D	-	-	D	D	D	D	D	-	-	N	N	-	-	D	D	N	N	-	-	-	-	D	D
L	L	L	L	-	-	-	D	L	L	L	-	-	L	L	-	-	D	D	D	L	-	D	L	L	L	L	-
E	D	-	-	-	D	D	-	-	E	E	E	E	N	-	-	E	D	D	-	-	E	E	E	N	N	-	-
E	D	D	D	D	-	-	E	E	D	-	-	E	E	E	-	-	E	E	E	N	N	-	-	E	D	-	-
D	D	D	D	D	-	-	-	D	D	N	N	N	-	-	D	N	-	-	D	D	D	D	D	-	-	-	-
E	E	E	E	D	-	-	E	E	E	-	-	-	-	E	E	E	D	-	-	E	E	-	-	-	E	E	D
E	E	D	N	N	-	-	E	E	E	E	E	-	-	-	E	D	N	-	-	D	D	N	-	-	-	E	E
L	L	-	-	D	D	D	L	L	-	-	-	-	-	D	D	D	L	L	-	-	L	L	L	L	N	-	-
N	N	N	-	-	E	D	N	-	-	E	E	E	E	-	-	E	D	D	-	-	E	D	D	D	-	-	-
E	E	E	E	-	-	E	N	N	-	-	D	N	N	-	-	-	D	D	-	-	E	E	E	E	E	-	-
-	-	D	D	D	-	-	D	D	L	L	N	-	-	D	D	L	-	-	D	D	N	N	N	-	-	-	D
E	E	-	-	E	L	N	-	-	E	E	L	-	-	L	L	N	N	N	-	-	D	L	L	L	-	-	-
E	E	E	D	L	-	-	E	D	-	-	E	D	-	-	E	E	E	E	-	-	E	D	-	-	-	L	L
-	-	E	E	E	E	E	E	E	-	E	D	-	-	D	D	D	D	D	-	-	E	E	E	E	-	-	E
N	N	-	-	-	L	L	L	L	N	N	-	-	-	E	L	L	L	L	-	-	-	E	E	D	L	L	-
D	D	D	D	-	-	-	-	D	D	-	-	-	D	D	D	D	D	-	-	-	-	D	D	D	D	D	D
-	L	L	L	L	-	-	L	L	L	L	L	-	-	-	D	D	L	L	L	L	-	-	-	-	D	L	L
E	L	L	L	L	-	-	-	-	E	D	D	L	L	L	-	-	-	E	E	E	D	D	D	-	-	-	-
D	D	-	-	-	D	D	D	D	D	N	-	-	-	E	E	E	N	-	-	-	-	-	E	D	D	N	N
L	N	N	N	-	-	-	D	L	N	-	-	-	E	E	E	E	-	-	-	-	-	E	D	D	L	L	L
-	-	-	D	D	D	D	D	D	-	-	-	-	-	D	D	N	N	N	-	-	-	D	D	D	D	D	D
D	D	D	-	-	-	-	-	-	N	-	-	D	D	D	-	-	-	D	D	-	-	-	N	-	-	-	-
D	L	-	-	-	-	D	L	-	-	-	-	L	-	-	L	-	-	-	L	L	L	L	-	-	-	-	-
N	-	-	-	-	E	E	E	-	-	-	E	-	-	L	L	-	-	-	-	-	-	E	L	N	-	-	-
-	-	L	-	-	D	L	N	-	-	-	L	L	-	-	-	-	D	D	D	N	-	-	-	-	-	-	-
-	-	-	D	-	-	-	-	E	N	-	-	-	D	L	N	-	-	E	E	-	-	-	-	E	E	-	-
-	-	-	N	-	-	-	D	-	D	-	-	D	-	-	-	-	D	-	-	D	-	-	-	D	-	-	-
L	-	-	D	D	-	-	-	-	D	-	-	-	-	-	-	-	-	-	N	-	-	L	L	-	-	-	-
Objective 0: 9875
Objective 1: 160
Constr violation: 0
Restrictions violated:
0 0 0 0 0 0 0 0 

Individual 15
1	2	3	4	5	6	7	8	9	10	11	12	13	14	15	16	17	18	19	20	21	22	23	24	25	26	27	28
-	-	-	D	D	N	N	N	-	-	D	D	D	D	-	-	D	D	N	-	-	D	D	D	D	D	-	-
E	E	E	D	-	-	E	E	E	-	-	E	D	N	-	-	-	E	D	-	-	E	D	N	N	N	-	-
D	D	D	D	D	-	-	D	D	D	D	D	-	-	N	N	-	-	D	D	N	N	-	-	-	-	D	D
L	L	L	L	-	-	-	D	L	L	L	-	-	L	L	-	-	D	D	D	L	-	D	L	L	L	L	-
E	D	-	-	E	E	D	D	-	-	E	E	N	-	-	-	E	E	E	-	-	E	E	E	D	N	-	-
E	D	D	D	D	-	-	E	E	D	-	-	E	E	E	-	-	E	E	E	N	N	-	-	E	D	-	-
D	D	D	D	D	-	-	-	D	D	N	N	N	-	-	D	N	-	-	D	D	D	D	D	-	-	-	-
E	E	E	E	D	-	-	E	E	E	-	-	-	-	E	E	E	D	-	-	E	E	-	-	-	E	E	D
E	E	D	N	N	-	-	E	E	E	E	E	-	-	-	E	D	N	-	-	D	D	N	-	-	-	E	E
L	L	-	-	D	D	D	L	L	-	-	-	-	-	D	D	D	L	L	-	-	L	L	L	L	N	-	-
N	N	N	-	-	E	D	N	-	-	E	E	E	E	-	-	E	D	D	-	-	E	D	D	D	-	-	-
E	E	E	E	-	-	E	N	N	-	-	D	N	N	-	-	-	D	D	-	-	E	E	E	E	E	-	-
-	-	D	D	D	-	-	D	D	L	L	N	-	-	D	D	L	-	-	D	D	N	N	N	-	-	-	D
E	E	-	-	E	L	N	-	-	E	E	L	-	-	L	L	N	N	N	-	-	D	L	L	L	-	-	-
E	E	E	D	L	-	-	E	D	-	-	E	D	-	-	E	E	E	E	-	-	E	D	-	-	-	L	L
-	-	E	E	E	E	E	E	E	-	E	D	-	-	D	D	D	D	D	-	-	E	E	E	E	-	-	E
N	N	-	-	-	L	L	L	L	N	N	-	-	-	E	L	L	L	L	-	-	-	E	E	D	L	L	-
D	D	D	D	-	-	-	-	D	D	-	-	-	D	D	D	D	D	-	-	-	-	D	D	D	D	D	D
-	L	L	L	L	-	-	L	L	L	L	L	-	-	-	D	D	L	L	L	L	-	-	-	-	D	L	L
E	L	L	L	L	-	-	-	-	E	D	D	L	L	L	-	-	-	E	E	E	D	D	D	-	-	-	-
D	D	-	-	-	D	D	D	D	D	N	-	-	-	E	E	E	N	-	-	-	-	-	E	D	D	N	N
L	N	N	N	-	-	-	D	L	N	-	-	-	E	E	E	E	-	-	-	-	-	E	D	D	L	L	L
-	-	-	D	D	D	D	D	D	-	-	-	-	-	D	D	N	N	N	-	-	-	D	D	D	D	D	D
D	D	D	-	-	-	-	-	-	N	-	-	D	D	D	-	-	-	D	D	-	-	-	N	-	-	-	-
D	L	-	-	-	-	D	L	-	-	-	-	L	-	-	L	-	-	-	L	L	L	L	-	-	-	-	-
N	-	-	-	-	E	E	E	-	-	-	E	-	-	L	L	-	-	-	-	-	-	E	L	N	-	-	-
-	-	L	-	-	D	L	N	-	-	-	L	L	-	-	-	-	D	D	D	N	-	-	-	-	-	-	-
-	-	-	D	-	-	-	-	E	N	-	-	-	D	L	N	-	-	E	E	-	-	-	-	E	E	-	-
-	-	-	N	-	-	-	D	-	D	-	-	D	-	-	-	-	D	-	-	D	-	-	-	D	-	-	-
L	-	-	D	D	-	-	-	-	D	-	-	-	-	-	-	-	-	-	N	-	-	L	L	-	-	-	-
Objective 0: 9774
Objective 1: 162
Constr violation: 0
Restrictions violated:
0 0 0 0 0 0 0 0 

Individual 16
1	2	3	4	5	6	7	8	9	10	11	12	13	14	15	16	17	18	19	20	21	22	23	24	25	26	27	28
-	-	-	D	D	N	N	N	-	-	D	D	D	D	-	-	D	D	N	-	-	D	D	D	D	D	-	-
E	E	E	D	-	-	E	E	E	-	-	E	D	N	-	-	-	E	D	-	-	E	D	N	N	N	-	-
D	D	D	D	D	-	-	D	D	D	D	D	-	-	N	N	-	-	D	D	N	N	-	-	-	-	D	D
L	L	L	L	-	-	-	D	L	L	L	-	-	L	L	-	-	D	D	D	L	-	D	L	L	L	L	-
E	D	-	-	-	D	D	-	-	E	E	E	E	N	-	-	E	D	D	-	-	E	E	E	N	N	-	-
E	D	D	D	D	-	-	E	E	D	-	-	E	E	E	-	-	E	E	E	N	N	-	-	E	D	-	-
D	D	D	D	D	-	-	-	D	D	N	N	N	-	-	D	N	-	-	D	D	D	D	D	-	-	-	-
E	E	E	E	D	-	-	E	E	E	-	-	-	-	E	E	E	D	-	-	E	E	-	-	-	E	E	D
E	E	D	N	N	-	-	E	E	E	E	E	-	-	-	E	D	N	-	-	D	D	N	-	-	-	E	E
L	L	-	-	D	D	D	L	L	-	-	-	-	-	D	D	D	L	L	-	-	L	L	L	L	N	-	-
N	N	N	-	-	E	D	N	-	-	E	E	E	E	-	-	E	D	D	-	-	E	D	D	D	-	-	-
E	E	E	E	-	-	E	N	N	-	-	D	N	N	-	-	-	D	D	-	-	E	E	E	E	E	-	-
-	-	D	D	D	-	-	D	D	L	L	N	-	-	D	D	L	-	-	D	D	N	N	N	-	-	-	D
E	E	-	-	E	L	N	-	-	E	E	L	-	-	L	L	N	N	N	-	-	D	L	L	L	-	-	-
E	E	E	D	L	-	-	E	D	-	-	E	D	-	-	E	E	E	E	-	-	E	D	-	-	-	L	L
-	-	E	E	E	E	E	E	E	-	E	D	-	-	D	D	D	D	D	-	-	E	E	E	E	-	-	E
N	N	-	-	-	L	L	L	L	N	N	-	-	-	E	L	L	L	L	-	-	-	E	E	D	L	L	-
D	D	D	D	-	-	-	-	D	D	-	-	-	D	D	D	D	D	-	-	-	-	D	D	D	D	D	D
-	L	L	L	L	-	-	L	L	L	L	L	-	-	-	D	D	L	L	L	L	-	-	-	-	D	L	L
E	L	L	L	L	-	-	-	-	E	D	D	L	L	L	-	-	-	E	E	E	D	D	D	-	-	-	-
D	D	-	-	-	D	D	D	D	D	N	-	-	-	E	E	E	N	-	-	-	-	-	E	D	D	N	N
L	N	N	N	-	-	-	D	L	N	-	-	-	E	E	E	E	-	-	-	-	-	E	D	D	L	L	L
-	-	-	D	D	D	D	D	D	-	-	-	-	-	D	D	N	N	N	-	-	-	D	D	D	D	D	D
D	D	D	-	-	-	-	-	-	N	-	-	D	D	D	-	-	-	D	D	-	-	-	N	-	-	-	-
D	L	-	-	-	-	D	L	-	-	-	-	L	-	-	L	-	-	-	L	L	L	L	-	-	-	-	-
N	-	-	-	-	E	E	E	-	-	-	E	-	-	L	L	-	-	-	-	-	-	E	L	N	-	-	-
-	-	L	-	-	D	L	N	-	-	-	L	L	-	-	-	-	D	D	D	N	-	-	-	-	-	-	-
-	-	-	D	-	-	-	-	E	N	-	-	-	D	L	N	-	-	E	E	-	-	-	-	E	E	-	-
-	-	-	N	-	-	-	D	-	D	-	-	D	-	-	-	-	D	-	-	D	-	-	-	D	-	-	-
L	-	-	D	D	-	-	-	-	D	-	-	-	-	-	-	-	-	-	N	-	-	L	L	-	-	-	-
Objective 0: 9875
Objective 1: 160
Constr violation: 0
Restrictions violated:
0 0 0 0 0 0 0 0 

Individual 17
1	2	3	4	5	6	7	8	9	10	11	12	13	14	15	16	17	18	19	20	21	22	23	24	25	26	27	28
-	-	-	D	D	N	N	N	-	-	D	D	D	D	-	-	D	D	N	-	-	D	D	D	D	D	-	-
E	E	E	D	-	-	E	E	E	-	-	E	D	N	-	-	-	E	D	-	-	E	D	N	N	N	-	-
D	D	D	D	D	-	-	D	D	D	D	D	-	-	N	N	-	-	D	D	N	N	-	-	-	-	D	D
L	L	L	L	-	-	-	D	L	L	L	-	-	D	D	-	-	D	D	D	L	-	-	D	D	D	-	-
E	D	-	-	-	D	D	-	-	E	E	E	E	N	-	-	E	D	D	-	-	E	E	E	N	N	-	-
E	D	D	D	D	-	-	E	E	D	-	-	E	E	E	-	-	E	E	E	N	N	-	-	E	D	-	-
D	D	D	D	D	-	-	-	D	D	N	N	N	-	-	D	N	-	-	D	D	D	D	D	-	-	-	-
E	E	E	E	D	-	-	E	E	E	-	-	-	-	E	E	E	D	-	-	E	E	-	-	-	E	E	D
E	E	D	N	N	-	-	E	E	E	E	E	-	-	-	E	D	N	-	-	D	D	N	-	-	-	E	E
L	L	-	-	D	D	D	L	L	-	-	-	-	-	D	D	D	L	L	-	-	L	L	L	L	N	-	-
N	N	N	-	-	E	D	N	-	-	E	E	E	E	-	-	E	D	D	-	-	E	D	D	D	-	-	-
E	E	E	E	-	-	E	N	N	-	-	D	N	N	-	-	-	D	D	-	-	E	E	E	E	E	-	-
-	-	D	D	D	-	-	D	D	L	L	N	-	-	D	D	L	-	-	D	D	N	N	N	-	-	-	D
E	E	-	-	E	L	N	-	-	E	E	L	-	-	L	L	N	N	N	-	-	D	L	L	L	-	-	-
E	E	E	D	L	-	-	E	D	-	-	E	D	-	-	E	E	E	E	-	-	E	D	-	-	-	L	L
-	-	E	E	E	E	E	E	E	-	E	D	-	-	D	D	D	D	D	-	-	E	E	E	E	-	-	E
N	N	-	-	-	L	L	L	L	N	N	-	-	-	E	L	L	L	L	-	-	-	E	E	D	L	L	-
D	D	D	D	-	-	-	-	D	D	-	-	-	D	D	D	D	D	-	-	-	-	D	D	D	D	D	D
-	L	L	L	L	-	-	L	L	L	L	L	-	-	-	D	D	L	L	L	L	-	-	-	-	D	L	L
E	L	L	L	L	-	-	-	-	E	D	D	L	L	L	-	-	-	E	E	E	D	D	D	-	-	-	-
D	D	-	-	-	D	D	D	D	D	N	-	-	-	E	E	E	N	-	-	-	-	-	E	D	D	N	N
L	N	N	N	-	-	-	D	L	N	-	-	-	E	E	E	E	-	-	-	-	-	E	D	D	L	L	L
-	-	-	D	D	D	D	D	D	-	-	-	-	-	D	D	N	N	N	-	-	-	D	D	D	D	D	D
D	D	D	-	-	-	-	-	-	N	-	-	D	D	D	-	-	-	D	D	-	-	-	N	-	-	-	-
D	L	-	-	-	-	D	L	-	-	-	-	L	-	-	L	-	-	-	L	L	L	L	-	-	-	-	-
N	-	-	-	-	E	E	E	-	-	-	E	-	-	L	L	-	-	-	-	-	-	E	L	N	-	-	-
-	-	L	-	-	D	L	N	-	-	-	L	L	-	-	-	-	D	D	D	N	-	-	-	-	-	-	-
-	-	-	D	-	-	-	-	E	N	-	-	-	D	L	N	-	-	E	E	-	-	-	-	E	E	-	-
-	-	-	N	-	-	-	D	-	D	-	-	D	-	-	-	-	D	-	-	D	-	-	-	D	-	-	-
L	-	-	D	D	-	-	-	-	D	-	-	-	-	-	-	-	-	-	N	-	-	L	L	-	-	-	-
Objective 0: 10380
Objective 1: 156
Constr violation: 0
Restrictions violated:
0 0 0 0 0 0 0 0 

Individual 18
1	2	3	4	5	6	7	8	9	10	11	12	13	14	15	16	17	18	19	20	21	22	23	24	25	26	27	28
-	-	-	D	D	N	N	N	-	-	D	D	D	D	-	-	D	D	N	-	-	D	D	D	D	D	-	-
E	E	N	-	-	E	D	D	-	-	E	D	D	-	-	E	E	E	N	-	-	E	E	E	N	N	-	-
D	D	D	D	D	-	-	D	D	D	D	D	-	-	N	N	-	-	D	D	N	N	-	-	-	-	D	D
L	L	L	L	-	-	-	D	L	L	L	-	-	L	L	-	-	D	D	D	L	-	D	L	L	L	L	-
E	D	-	-	-	D	D	-	-	E	E	E	E	N	-	-	E	D	D	-	-	E	E	E	N	N	-	-
E	D	D	D	D	-	-	E	E	D	-	-	E	E	E	-	-	E	E	E	N	N	-	-	E	D	-	-
D	D	D	D	D	-	-	-	D	D	N	N	N	-	-	D	N	-	-	D	D	D	D	D	-	-	-	-
E	E	E	E	D	-	-	E	E	E	-	-	-	-	E	E	E	D	-	-	E	E	-	-	-	E	E	D
E	E	D	N	N	-	-	E	E	E	E	E	-	-	-	E	D	N	-	-	D	D	N	-	-	-	E	E
L	L	-	-	D	D	D	L	L	-	-	-	-	-	D	D	D	L	L	-	-	L	L	L	L	N	-	-
N	N	N	-	-	E	D	N	-	-	E	E	E	E	-	-	E	D	D	-	-	E	D	D	D	-	-	-
E	E	E	E	-	-	E	N	N	-	-	D	N	N	-	-	-	D	D	-	-	E	E	E	E	E	-	-
-	-	D	D	D	-	-	D	D	L	L	N	-	-	D	D	L	-	-	D	D	N	N	N	-	-	-	D
E	E	-	-	E	L	N	-	-	E	E	L	-	-	L	L	N	N	N	-	-	D	L	L	L	-	-	-
E	E	E	D	L	-	-	E	D	-	-	E	D	-	-	E	E	E	E	-	-	E	D	-	-	-	L	L
-	-	E	E	E	E	E	E	E	-	E	D	-	-	D	D	D	D	D	-	-	E	E	E	E	-	-	E
N	N	-	-	-	L	L	L	L	N	N	-	-	-	E	L	L	L	L	-	-	-	E	E	D	L	L	-
D	D	D	D	-	-	-	-	D	D	-	-	-	D	D	D	D	D	-	-	-	-	D	D	D	D	D	D
-	L	L	L	L	-	-	L	L	L	L	L	-	-	-	D	D	L	L	L	L	-	-	-	-	D	L	L
E	L	L	L	L	-	-	-	-	E	D	D	L	L	L	-	-	-	E	E	E	D	D	D	-	-	-	-
D	D	-	-	-	D	D	D	D	D	N	-	-	-	E	E	E	N	-	-	-	-	-	E	D	D	N	N
L	N	N	N	-	-	-	D	L	N	-	-	-	E	E	E	E	-	-	-	-	-	E	D	D	L	L	L
-	-	-	D	D	D	D	D	D	-	-	-	-	-	D	D	N	N	N	-	-	-	D	D	D	D	D	D
D	D	D	-	-	-	-	-	-	N	-	-	D	D	D	-	-	-	D	D	-	-	-	N	-	-	-	-
D	L	-	-	-	-	D	L	-	-	-	-	L	-	-	L	-	-	-	L	L	L	L	-	-	-	-	-
N	-	-	-	-	E	E	E	-	-	-	E	-	-	L	L	-	-	-	-	-	-	E	L	N	-	-	-
-	-	L	-	-	D	L	N	-	-	-	L	L	-	-	-	-	D	D	D	N	-	-	-	-	-	-	-
-	-	-	D	-	-	-	-	E	N	-	-	-	D	L	N	-	-	E	E	-	-	-	-	E	E	-	-
-	-	-	N	-	-	-	D	-	D	-	-	D	-	-	-	-	D	-	-	D	-	-	-	D	-	-	-
L	-	-	D	D	-	-	-	-	D	-	-	-	-	-	-	-	-	-	N	-	-	L	L	-	-	-	-
Objective 0: 9876
Objective 1: 158
Constr violation: 0
Restrictions violated:
0 0 0 0 0 0 0 0 

Individual 19
1	2	3	4	5	6	7	8	9	10	11	12	13	14	15	16	17	18	19	20	21	22	23	24	25	26	27	28
-	-	-	D	D	N	N	N	-	-	D	D	D	D	-	-	D	D	N	-	-	D	D	D	D	D	-	-
E	E	N	-	-	E	D	D	-	-	E	D	D	-	-	E	E	E	N	-	-	E	E	E	N	N	-	-
D	D	D	D	D	-	-	D	D	D	D	D	-	-	N	N	-	-	D	D	N	N	-	-	-	-	D	D
L	L	L	L	-	-	-	D	L	L	L	-	-	L	L	-	-	D	D	D	L	-	D	L	L	L	L	-
E	D	-	-	-	D	D	-	-	E	E	E	E	N	-	-	E	D	D	-	-	E	E	E	N	N	-	-
E	D	D	D	D	-	-	E	E	D	-	-	E	E	E	-	-	E	E	E	N	N	-	-	E	D	-	-
D	D	D	D	D	-	-	-	D	D	N	N	N	-	-	D	N	-	-	D	D	D	D	D	-	-	-	-
E	E	E	E	D	-	-	E	E	E	-	-	-	-	E	E	E	D	-	-	E	E	-	-	-	E	E	D
E	E	D	N	N	-	-	E	E	E	E	E	-	-	-	E	D	N	-	-	D	D	N	-	-	-	E	E
L	L	-	-	D	D	D	L	L	-	-	-	-	-	D	D	D	L	L	-	-	L	L	L	L	N	-	-
N	N	N	-	-	E	D	N	-	-	E	E	E	E	-	-	E	D	D	-	-	E	D	D	D	-	-	-
E	E	E	E	-	-	E	N	N	-	-	D	N	N	-	-	-	D	D	-	-	E	E	E	E	E	-	-
-	-	D	D	D	-	-	D	D	L	L	N	-	-	D	D	L	-	-	D	D	N	N	N	-	-	-	D
E	E	-	-	E	L	N	-	-	E	E	L	-	-	L	L	N	N	N	-	-	D	L	L	L	-	-	-
E	E	E	D	L	-	-	E	D	-	-	E	D	-	-	E	E	E	E	-	-	E	D	-	-	-	L	L
-	-	E	E	E	E	E	E	E	-	E	D	-	-	D	D	D	D	D	-	-	E	E	E	E	-	-	E
N	N	-	-	-	L	L	L	L	N	N	-	-	-	E	L	L	L	L	-	-	-	E	E	D	L	L	-
D	D	D	D	-	-	-	-	D	D	-	-	-	D	D	D	D	D	-	-	-	-	D	D	D	D	D	D
-	L	L	L	L	-	-	L	L	L	L	L	-	-	-	D	D	L	L	L	L	-	-	-	-	D	L	L
E	L	L	L	L	-	-	-	-	E	D	D	L	L	L	-	-	-	E	E	E	D	D	D	-	-	-	-
D	D	-	-	-	D	D	D	D	D	N	-	-	-	E	E	E	N	-	-	-	-	-	E	D	D	N	N
L	N	N	N	-	-	-	D	L	N	-	-	-	E	E	E	E	-	-	-	-	-	E	D	D	L	L	L
-	-	-	D	D	D	D	D	D	-	-	-	-	-	D	D	N	N	N	-	-	-	D	D	D	D	D	D
D	D	D	-	-	-	-	-	-	N	-	-	D	D	D	-	-	-	D	D	-	-	-	N	-	-	-	-
D	L	-	-	-	-	D	L	-	-	-	-	L	-	-	L	-	-	-	L	L	L	L	-	-	-	-	-
N	-	-	-	-	E	E	E	-	-	-	E	-	-	L	L	-	-	-	-	-	-	E	L	N	-	-	-
-	-	L	-	-	D	L	N	-	-	-	L	L	-	-	-	-	D	D	D	N	-	-	-	-	-	-	-
-	-	-	D	-	-	-	-	E	N	-	-	-	D	L	N	-	-	E	E	-	-	-	-	E	E	-	-
-	-	-	N	-	-	-	D	-	D	-	-	D	-	-	-	-	D	-	-	D	-	-	-	D	-	-	-
L	-	-	D	D	-	-	-	-	D	-	-	-	-	-	-	-	-	-	N	-	-	L	L	-	-	-	-
Objective 0: 9876
Objective 1: 158
Constr violation: 0
Restrictions violated:
0 0 0 0 0 0 0 0 

