Individual 0
1	2	3	4	5	6	7	8	9	10	11	12	13	14
-	D	D	-	-	-	-	E	D	D	-	-	D	D
-	-	D	D	D	L	-	-	E	E	L	L	-	-
-	-	-	E	E	D	D	D	-	-	D	L	-	-
-	-	E	L	L	-	-	E	E	E	-	-	E	E
-	E	E	E	-	-	-	E	E	-	-	E	E	E
-	-	-	E	D	-	-	E	E	-	-	D	D	D
D	L	L	-	-	E	E	D	L	L	-	-	-	-
-	-	-	E	D	L	L	L	-	-	D	L	-	-
-	D	D	D	D	-	-	L	L	L	-	-	-	E
-	-	-	D	D	D	D	D	-	-	E	D	-	-
E	E	D	-	-	-	E	D	D	D	D	-	-	-
L	L	L	-	-	-	-	D	D	D	D	L	L	-
-	-	E	D	L	-	-	-	-	E	E	E	L	L
-	D	D	D	L	-	-	-	-	D	D	D	L	L
D	L	-	-	-	D	D	D	D	L	L	-	-	-
L	-	-	-	-	-	E	-	-	E	D	-	-	-
-	-	-	L	L	-	-	-	-	-	-	-	D	D
-	-	-	-	-	E	D	D	-	-	-	-	-	-
E	E	-	-	-	-	E	L	-	-	-	-	-	-
-	-	-	E	E	E	E	-	-	-	-	-	-	-
Objective 0: 2203
Objective 1: 23
Constr violation: 0
Restrictions violated:
0 0 0 0 0 0 0 0 

Individual 1
1	2	3	4	5	6	7	8	9	10	11	12	13	14
-	D	D	-	-	-	-	E	D	D	-	-	D	D
-	-	D	D	D	L	-	-	E	E	L	L	-	-
-	-	-	E	E	D	D	D	-	-	D	L	-	-
-	-	E	L	L	-	-	E	E	E	-	-	E	E
-	E	E	E	-	-	-	E	E	-	-	E	E	E
-	-	-	E	D	-	-	E	E	-	-	D	D	D
D	L	L	-	-	E	E	D	L	L	-	-	-	-
-	-	-	E	D	L	L	L	-	-	D	L	-	-
-	D	D	D	D	-	-	L	L	L	-	-	-	E
-	-	-	D	D	D	-	-	D	D	D	D	-	-
E	E	D	-	-	-	E	D	D	D	D	-	-	-
L	L	L	-	-	-	D	D	L	L	-	-	-	-
-	-	E	D	L	-	-	-	-	E	E	E	L	L
-	D	D	D	L	-	-	-	-	D	D	D	L	L
D	L	-	-	-	D	D	D	D	L	L	-	-	-
L	-	-	-	-	-	E	-	-	E	D	-	-	-
-	-	-	L	L	-	-	-	-	-	-	-	D	D
-	-	-	-	-	E	D	D	-	-	-	-	-	-
E	E	-	-	-	-	E	L	-	-	-	-	-	-
-	-	-	E	E	E	E	-	-	-	-	-	-	-
Objective 0: 2403
Objective 1: 17
Constr violation: 0
Restrictions violated:
0 0 0 0 0 0 0 0 

Individual 2
1	2	3	4	5	6	7	8	9	10	11	12	13	14
-	D	D	-	-	-	-	E	D	D	-	-	D	D
-	-	D	D	D	L	-	-	E	E	L	L	-	-
-	-	-	E	E	D	D	D	-	-	D	L	-	-
-	-	E	L	L	-	-	E	E	E	-	-	E	E
-	E	E	E	-	-	-	E	E	-	-	E	E	E
-	-	-	E	D	-	-	E	E	-	-	D	D	D
D	L	L	-	-	E	E	D	L	L	-	-	-	-
-	-	-	E	D	L	L	L	-	-	D	L	-	-
-	D	D	D	D	-	-	L	L	L	-	-	-	E
-	-	-	D	D	D	D	D	-	-	E	D	-	-
E	E	D	-	-	-	E	D	D	D	D	-	-	-
L	L	L	-	-	-	-	D	D	D	D	L	L	-
-	-	E	D	L	-	-	-	-	E	E	E	L	L
-	D	D	D	L	-	-	-	-	D	D	D	L	L
D	L	-	-	-	D	D	D	D	L	L	-	-	-
L	-	-	-	-	-	E	-	-	E	D	-	-	-
-	-	-	L	L	-	-	-	-	-	-	-	D	D
-	-	-	-	-	E	D	D	-	-	-	-	-	-
E	E	-	-	-	-	E	L	-	-	-	-	-	-
-	-	-	E	E	E	E	-	-	-	-	-	-	-
Objective 0: 2203
Objective 1: 23
Constr violation: 0
Restrictions violated:
0 0 0 0 0 0 0 0 

Individual 3
1	2	3	4	5	6	7	8	9	10	11	12	13	14
-	D	D	-	-	-	-	E	D	D	-	-	D	D
-	-	D	D	D	L	-	-	E	E	L	L	-	-
-	-	-	E	E	D	D	D	-	-	D	L	-	-
-	-	E	L	L	-	-	E	E	E	-	-	E	E
-	E	E	E	-	-	-	E	E	-	-	E	E	E
-	-	-	E	D	-	-	E	E	-	-	D	D	D
D	L	L	-	-	E	E	D	L	L	-	-	-	-
-	-	-	E	D	L	L	L	-	-	D	L	-	-
-	D	D	D	D	-	-	L	L	L	-	-	-	E
-	-	-	D	D	D	-	-	D	D	D	D	-	-
E	E	D	-	-	-	E	D	D	D	D	-	-	-
L	L	L	-	-	-	-	D	D	D	D	L	L	-
-	-	E	D	L	-	-	-	-	E	E	E	L	L
-	D	D	D	L	-	-	-	-	D	D	D	L	L
D	L	-	-	-	D	D	D	D	L	L	-	-	-
L	-	-	-	-	-	E	-	-	E	D	-	-	-
-	-	-	L	L	-	-	-	-	-	-	-	D	D
-	-	-	-	-	E	D	D	-	-	-	-	-	-
E	E	-	-	-	-	E	L	-	-	-	-	-	-
-	-	-	E	E	E	E	-	-	-	-	-	-	-
Objective 0: 2304
Objective 1: 19
Constr violation: 0
Restrictions violated:
0 0 0 0 0 0 0 0 

Individual 4
1	2	3	4	5	6	7	8	9	10	11	12	13	14
-	D	D	-	-	-	-	E	D	D	-	-	D	D
-	-	D	D	D	L	-	-	E	E	L	L	-	-
-	-	-	E	E	D	D	D	-	-	D	L	-	-
-	-	E	L	L	-	-	E	E	E	-	-	E	E
-	E	E	E	-	-	-	E	E	-	-	E	E	E
-	-	-	E	D	-	-	E	E	-	-	D	D	D
D	L	L	-	-	E	E	D	L	L	-	-	-	-
-	-	E	E	D	D	D	-	-	-	D	L	-	-
-	D	D	D	D	-	-	L	L	L	-	-	-	E
-	-	-	D	D	D	-	-	D	D	D	D	-	-
E	E	D	-	-	-	E	D	D	D	D	-	-	-
L	L	L	-	-	-	D	D	L	L	-	-	-	-
-	-	-	D	L	-	-	-	-	E	E	E	L	L
-	D	D	D	L	-	-	-	-	D	D	D	L	L
D	L	-	-	-	D	D	D	D	L	L	-	-	-
L	-	-	-	-	-	E	-	-	E	D	-	-	-
-	-	-	L	L	-	-	-	-	-	-	-	D	D
-	-	-	-	-	E	D	D	-	-	-	-	-	-
E	E	-	-	-	-	E	L	-	-	-	-	-	-
-	-	-	E	E	E	E	-	-	-	-	-	-	-
Objective 0: 2503
Objective 1: 16
Constr violation: 0
Restrictions violated:
0 0 0 0 0 0 0 0 

Individual 5
1	2	3	4	5	6	7	8	9	10	11	12	13	14
-	D	D	-	-	-	-	E	D	D	-	-	D	D
-	-	D	D	D	L	-	-	E	E	L	L	-	-
-	-	-	E	E	D	D	D	-	-	D	L	-	-
-	-	E	L	L	-	-	E	E	E	-	-	E	E
-	E	E	E	-	-	-	E	E	-	-	E	E	E
-	-	-	E	D	-	-	E	E	-	-	D	D	D
D	L	L	-	-	E	E	D	L	L	-	-	-	-
-	-	-	E	D	L	L	L	-	-	D	L	-	-
-	D	D	D	D	-	-	L	L	L	-	-	-	E
-	-	-	D	D	D	-	-	D	D	D	D	-	-
E	E	D	-	-	-	E	D	D	D	D	-	-	-
L	L	L	-	-	-	D	D	L	L	-	-	-	-
-	-	E	D	L	-	-	-	-	E	E	E	L	L
-	D	D	D	L	-	-	-	-	D	D	D	L	L
D	L	-	-	-	D	D	D	D	L	L	-	-	-
L	-	-	-	-	-	E	-	-	E	D	-	-	-
-	-	-	L	L	-	-	-	-	-	-	-	D	D
-	-	-	-	-	E	D	D	-	-	-	-	-	-
E	E	-	-	-	-	E	L	-	-	-	-	-	-
-	-	-	E	E	E	E	-	-	-	-	-	-	-
Objective 0: 2403
Objective 1: 17
Constr violation: 0
Restrictions violated:
0 0 0 0 0 0 0 0 

Individual 6
1	2	3	4	5	6	7	8	9	10	11	12	13	14
-	D	D	-	-	-	-	E	D	D	-	-	D	D
-	-	D	D	D	L	-	-	E	E	L	L	-	-
-	-	-	E	E	D	D	D	-	-	D	L	-	-
-	-	E	L	L	-	-	E	E	E	-	-	E	E
-	E	E	E	-	-	-	E	E	-	-	E	E	E
-	-	-	E	D	-	-	E	E	-	-	D	D	D
D	L	L	-	-	E	E	D	L	L	-	-	-	-
-	-	E	E	D	D	D	-	-	-	D	L	-	-
-	D	D	D	D	-	-	L	L	L	-	-	-	E
-	-	-	D	D	D	-	-	D	D	D	D	-	-
E	E	D	-	-	-	E	D	D	D	D	-	-	-
L	L	L	-	-	-	D	D	L	L	-	-	-	-
-	-	-	D	L	-	-	-	-	E	E	E	L	L
-	D	D	D	L	-	-	-	-	D	D	D	L	L
D	L	-	-	-	D	D	D	D	L	L	-	-	-
L	-	-	-	-	-	E	-	-	E	D	-	-	-
-	-	-	L	L	-	-	-	-	-	-	-	D	D
-	-	-	-	-	E	D	D	-	-	-	-	-	-
E	E	-	-	-	-	E	L	-	-	-	-	-	-
-	-	-	E	E	E	E	-	-	-	-	-	-	-
Objective 0: 2503
Objective 1: 16
Constr violation: 0
Restrictions violated:
0 0 0 0 0 0 0 0 

Individual 7
1	2	3	4	5	6	7	8	9	10	11	12	13	14
-	D	D	-	-	-	-	E	D	D	-	-	D	D
-	-	D	D	D	L	-	-	E	E	L	L	-	-
-	-	-	E	E	D	D	D	-	-	D	L	-	-
-	-	E	L	L	-	-	E	E	E	-	-	E	E
-	E	E	E	-	-	-	E	E	-	-	E	E	E
-	-	-	E	D	-	-	E	E	-	-	D	D	D
D	L	L	-	-	E	E	D	L	L	-	-	-	-
-	-	-	E	D	L	L	L	-	-	D	L	-	-
-	D	D	D	D	-	-	L	L	L	-	-	-	E
-	-	-	D	D	D	-	-	D	D	D	D	-	-
E	E	D	-	-	-	E	D	D	D	D	-	-	-
L	L	L	-	-	-	-	D	D	D	D	L	L	-
-	-	E	D	L	-	-	-	-	E	E	E	L	L
-	D	D	D	L	-	-	-	-	D	D	D	L	L
D	L	-	-	-	D	D	D	D	L	L	-	-	-
L	-	-	-	-	-	E	-	-	E	D	-	-	-
-	-	-	L	L	-	-	-	-	-	-	-	D	D
-	-	-	-	-	E	D	D	-	-	-	-	-	-
E	E	-	-	-	-	E	L	-	-	-	-	-	-
-	-	-	E	E	E	E	-	-	-	-	-	-	-
Objective 0: 2304
Objective 1: 19
Constr violation: 0
Restrictions violated:
0 0 0 0 0 0 0 0 

Individual 8
1	2	3	4	5	6	7	8	9	10	11	12	13	14
-	D	D	-	-	-	-	E	D	D	-	-	D	D
-	-	D	D	D	L	-	-	E	E	L	L	-	-
-	-	-	E	E	D	D	D	-	-	D	L	-	-
-	-	E	L	L	-	-	E	E	E	-	-	E	E
-	E	E	E	-	-	-	E	E	-	-	E	E	E
-	-	-	E	D	-	-	E	E	-	-	D	D	D
D	L	L	-	-	E	E	D	L	L	-	-	-	-
-	-	E	E	D	D	D	-	-	-	D	L	-	-
-	D	D	D	D	-	-	L	L	L	-	-	-	E
-	-	-	D	D	D	-	-	D	D	D	D	-	-
E	E	D	-	-	-	E	D	D	D	D	-	-	-
L	L	L	-	-	-	D	D	L	L	-	-	-	-
-	-	E	D	L	-	-	-	-	E	E	E	L	L
-	-	-	L	L	-	-	-	-	D	D	D	L	L
D	L	-	-	-	D	D	D	D	L	L	-	-	-
L	-	-	-	-	-	E	-	-	E	D	-	-	-
-	-	-	L	L	-	-	-	-	-	-	-	D	D
-	-	-	-	-	E	D	D	-	-	-	-	-	-
E	E	-	-	-	-	E	L	-	-	-	-	-	-
-	-	-	E	E	E	E	-	-	-	-	-	-	-
Objective 0: 2805
Objective 1: 15
Constr violation: 0
Restrictions violated:
0 0 0 0 0 0 0 0 

Individual 9
1	2	3	4	5	6	7	8	9	10	11	12	13	14
-	D	D	-	-	-	-	E	D	D	-	-	D	D
-	-	D	D	D	L	-	-	E	E	L	L	-	-
-	-	-	E	E	D	D	D	-	-	D	L	-	-
-	-	E	L	L	-	-	E	E	E	-	-	E	E
-	E	E	E	-	-	-	E	E	-	-	E	E	E
-	-	-	E	D	-	-	E	E	-	-	D	D	D
D	L	L	-	-	E	E	D	L	L	-	-	-	-
-	-	E	E	D	D	D	-	-	-	D	L	-	-
-	D	D	D	D	-	-	L	L	L	-	-	-	E
-	-	-	D	D	D	D	D	-	-	E	D	-	-
E	E	D	-	-	-	E	D	D	D	D	-	-	-
L	L	L	-	-	-	-	D	D	D	D	L	L	-
-	-	-	D	L	-	-	-	-	E	E	E	L	L
-	D	D	D	L	-	-	-	-	D	D	D	L	L
D	L	-	-	-	D	D	D	D	L	L	-	-	-
L	-	-	-	-	-	E	-	-	E	D	-	-	-
-	-	-	L	L	-	-	-	-	-	-	-	D	D
-	-	-	-	-	E	D	D	-	-	-	-	-	-
E	E	-	-	-	-	E	L	-	-	-	-	-	-
-	-	-	E	E	E	E	-	-	-	-	-	-	-
Objective 0: 2303
Objective 1: 22
Constr violation: 0
Restrictions violated:
0 0 0 0 0 0 0 0 

Individual 10
1	2	3	4	5	6	7	8	9	10	11	12	13	14
-	D	D	-	-	-	-	E	D	D	-	-	D	D
-	-	D	D	D	L	-	-	E	E	L	L	-	-
-	-	-	E	E	D	D	D	-	-	D	L	-	-
-	-	E	L	L	-	-	E	E	E	-	-	E	E
-	E	E	E	-	-	-	E	E	-	-	E	E	E
-	-	-	E	D	-	-	E	E	-	-	D	D	D
D	L	L	-	-	E	E	D	L	L	-	-	-	-
-	-	E	E	D	D	D	-	-	-	D	L	-	-
-	D	D	D	D	-	-	L	L	L	-	-	-	E
-	-	-	D	D	D	-	-	D	D	D	D	-	-
E	E	D	-	-	-	E	D	D	D	D	-	-	-
L	L	L	-	-	-	D	D	L	L	-	-	-	-
-	-	E	D	L	-	-	-	-	E	E	E	L	L
-	-	-	L	L	-	-	-	-	D	D	D	L	L
D	L	-	-	-	D	D	D	D	L	L	-	-	-
L	-	-	-	-	-	E	-	-	E	D	-	-	-
-	-	-	L	L	-	-	-	-	-	-	-	D	D
-	-	-	-	-	E	D	D	-	-	-	-	-	-
E	E	-	-	-	-	E	L	-	-	-	-	-	-
-	-	-	E	E	E	E	-	-	-	-	-	-	-
Objective 0: 2805
Objective 1: 15
Constr violation: 0
Restrictions violated:
0 0 0 0 0 0 0 0 

Individual 11
1	2	3	4	5	6	7	8	9	10	11	12	13	14
-	D	D	-	-	-	-	E	D	D	-	-	D	D
-	-	D	D	D	L	-	-	E	E	L	L	-	-
-	-	-	E	E	D	D	D	-	-	D	L	-	-
-	-	E	L	L	-	-	E	E	E	-	-	E	E
-	E	E	E	-	-	-	E	E	-	-	E	E	E
-	-	-	E	D	-	-	E	E	-	-	D	D	D
D	L	L	-	-	E	E	D	L	L	-	-	-	-
-	-	-	E	D	L	L	L	-	-	D	L	-	-
-	D	D	D	D	-	-	L	L	L	-	-	-	E
-	-	-	D	D	D	D	D	-	-	E	D	-	-
E	E	D	-	-	-	E	D	D	D	D	-	-	-
L	L	L	-	-	-	-	D	D	D	D	L	L	-
-	-	E	D	L	-	-	-	-	E	E	E	L	L
-	D	D	D	L	-	-	-	-	D	D	D	L	L
D	L	-	-	-	D	D	D	D	L	L	-	-	-
L	-	-	-	-	-	E	-	-	E	D	-	-	-
-	-	-	L	L	-	-	-	-	-	-	-	D	D
-	-	-	-	-	E	D	D	-	-	-	-	-	-
E	E	-	-	-	-	E	L	-	-	-	-	-	-
-	-	-	E	E	E	E	-	-	-	-	-	-	-
Objective 0: 2203
Objective 1: 23
Constr violation: 0
Restrictions violated:
0 0 0 0 0 0 0 0 

