Individual 0
1	2	3	4	5	6	7	8	9	10	11	12	13	14
-	-	E	E	D	-	-	D	D	-	-	D	D	D
-	D	D	D	L	-	-	E	E	D	D	-	-	D
-	-	E	D	D	-	-	-	-	E	D	L	L	L
-	-	E	E	L	-	-	L	L	-	-	E	E	E
E	E	-	-	-	E	E	-	-	E	E	E	-	-
-	D	D	D	D	-	-	-	-	E	E	E	D	D
D	D	D	D	-	-	-	-	-	L	L	L	L	-
-	-	E	E	D	-	-	L	L	L	L	L	-	-
D	D	D	D	L	-	-	-	-	-	-	-	E	L
E	E	-	-	-	E	D	D	D	D	-	-	-	-
E	E	-	-	-	-	E	D	D	D	D	-	-	-
L	L	-	-	-	D	D	D	D	L	-	-	-	-
-	D	L	L	L	-	-	-	D	D	D	D	D	L
D	D	L	L	L	-	-	-	-	-	D	D	D	D
D	L	-	-	-	D	D	D	L	L	L	-	-	-
-	-	-	-	-	D	D	D	D	-	-	-	-	-
-	-	-	-	-	-	-	L	L	-	-	-	D	D
-	-	-	-	E	E	E	E	-	-	-	-	-	-
-	-	-	-	-	E	E	E	E	-	-	-	-	-
-	-	-	E	E	-	-	E	E	-	-	-	-	-
Objective 0: 2711
Objective 1: 18
Constr violation: 0
Restrictions violated:
0 0 0 0 0 0 0 0 

Individual 1
1	2	3	4	5	6	7	8	9	10	11	12	13	14
-	-	E	E	D	-	-	D	D	-	-	D	D	D
-	D	D	D	L	-	-	E	E	D	D	-	-	D
-	-	E	D	D	-	-	-	-	E	D	L	L	L
-	-	-	E	L	-	-	E	E	L	L	L	-	-
E	E	-	-	-	E	E	-	-	E	E	E	-	-
-	D	D	D	D	-	-	-	-	E	E	E	D	D
D	D	D	D	-	-	-	-	-	L	L	L	L	-
-	-	E	E	D	-	-	L	L	L	L	L	-	-
D	D	D	D	L	-	-	-	-	-	-	-	E	L
E	E	-	-	-	E	D	D	D	D	-	-	-	-
E	E	-	-	-	-	E	D	D	D	D	-	-	-
L	L	-	-	-	D	D	D	D	L	-	-	-	-
-	D	L	L	L	-	-	-	D	D	D	D	D	L
D	L	L	L	-	-	-	-	-	-	D	D	D	D
D	D	D	-	-	-	D	D	D	D	-	-	-	-
-	-	-	-	-	D	D	D	D	-	-	-	-	-
-	-	-	-	-	-	-	L	L	-	-	-	D	D
-	-	-	-	E	E	E	E	-	-	-	-	-	-
-	-	-	-	-	E	E	L	-	-	-	-	-	-
-	-	-	E	E	-	-	E	E	-	-	-	-	-
Objective 0: 2607
Objective 1: 22
Constr violation: 0
Restrictions violated:
0 0 0 0 0 0 0 0 

Individual 2
1	2	3	4	5	6	7	8	9	10	11	12	13	14
-	-	E	E	D	-	-	D	D	-	-	D	D	D
-	D	D	D	L	-	-	E	E	D	D	-	-	D
-	-	E	D	D	-	-	-	-	E	D	L	L	L
-	-	E	E	L	-	-	L	L	-	-	E	E	E
E	E	-	-	-	E	E	-	-	E	E	E	-	-
-	D	D	D	D	-	-	-	-	E	E	E	D	D
D	D	D	D	-	-	-	-	-	L	L	L	L	-
-	-	E	E	D	-	-	L	L	L	L	L	-	-
D	D	D	D	L	-	-	-	-	-	-	-	E	L
E	E	-	-	-	E	D	D	D	D	-	-	-	-
E	E	-	-	-	-	E	D	D	D	D	-	-	-
L	L	-	-	-	D	D	D	D	L	-	-	-	-
-	D	L	L	L	-	-	-	D	D	D	D	D	L
D	D	L	L	L	-	-	-	-	-	D	D	D	D
D	L	-	-	-	D	D	D	L	L	L	-	-	-
-	-	-	-	-	D	D	D	D	-	-	-	-	-
-	-	-	-	-	-	-	L	L	-	-	-	D	D
-	-	-	-	E	E	E	E	-	-	-	-	-	-
-	-	-	-	-	E	E	E	E	-	-	-	-	-
-	-	-	E	E	-	-	E	E	-	-	-	-	-
Objective 0: 2711
Objective 1: 18
Constr violation: 0
Restrictions violated:
0 0 0 0 0 0 0 0 

Individual 3
1	2	3	4	5	6	7	8	9	10	11	12	13	14
-	-	E	E	D	-	-	D	D	-	-	D	D	D
-	D	D	D	L	-	-	E	E	D	D	-	-	D
-	-	E	D	D	-	-	-	-	E	D	L	L	L
-	-	E	E	L	-	-	L	L	-	-	E	E	E
E	E	-	-	-	E	E	-	-	E	E	E	-	-
-	D	D	D	D	-	-	-	-	E	E	E	D	D
D	D	D	D	-	-	-	-	-	L	L	L	L	-
-	-	E	E	D	-	-	L	L	L	L	L	-	-
D	D	D	D	L	-	-	-	-	-	-	-	E	L
E	E	-	-	-	E	D	D	D	D	-	-	-	-
E	E	-	-	-	-	E	D	D	D	D	-	-	-
L	L	-	-	-	D	D	D	D	L	-	-	-	-
-	D	L	L	L	-	-	-	D	D	D	D	D	L
D	L	L	L	-	-	-	-	-	-	D	D	D	D
D	L	-	-	-	D	D	D	L	L	L	-	-	-
-	-	-	-	-	D	D	D	D	-	-	-	-	-
-	-	-	-	-	-	-	L	L	-	-	-	D	D
-	-	-	-	E	E	E	E	-	-	-	-	-	-
-	-	-	-	-	E	E	E	E	-	-	-	-	-
-	-	-	E	E	-	-	E	E	-	-	-	-	-
Objective 0: 2609
Objective 1: 19
Constr violation: 0
Restrictions violated:
0 0 0 0 0 0 0 0 

Individual 4
1	2	3	4	5	6	7	8	9	10	11	12	13	14
-	-	E	E	D	-	-	D	D	-	-	D	D	D
-	D	D	D	L	-	-	E	E	D	D	-	-	D
-	-	E	D	D	-	-	-	-	E	D	L	L	L
-	-	E	E	L	-	-	L	L	-	-	E	E	E
E	E	-	-	-	E	E	-	-	E	E	E	-	-
-	D	D	D	D	-	-	-	-	E	E	E	D	D
D	D	D	D	-	-	-	-	-	L	L	L	L	-
-	-	E	E	D	-	-	L	L	L	L	L	-	-
D	D	D	D	L	-	-	-	-	-	-	-	E	L
E	E	-	-	-	E	D	D	D	D	-	-	-	-
E	E	-	-	-	-	E	D	D	D	D	-	-	-
L	L	-	-	-	D	D	D	D	L	-	-	-	-
-	D	L	L	L	-	-	-	D	D	D	D	D	L
D	L	L	L	-	-	-	-	-	-	D	D	D	D
D	L	-	-	-	D	D	D	L	L	L	-	-	-
-	-	-	-	-	D	D	D	D	-	-	-	-	-
-	-	-	-	-	-	-	L	L	-	-	-	D	D
-	-	-	-	E	E	E	E	-	-	-	-	-	-
-	-	-	-	-	E	E	E	E	-	-	-	-	-
-	-	-	E	E	-	-	E	E	-	-	-	-	-
Objective 0: 2609
Objective 1: 19
Constr violation: 0
Restrictions violated:
0 0 0 0 0 0 0 0 

Individual 5
1	2	3	4	5	6	7	8	9	10	11	12	13	14
-	-	E	E	D	-	-	D	D	-	-	D	D	D
-	D	D	D	L	-	-	E	E	D	D	-	-	D
-	-	E	D	D	-	-	-	-	E	D	L	L	L
-	-	-	E	L	-	-	E	E	L	L	L	-	-
E	E	-	-	-	E	E	-	-	E	E	E	-	-
-	D	D	D	D	-	-	-	-	E	E	E	D	D
D	D	D	D	-	-	-	-	-	L	L	L	L	-
-	-	E	E	D	-	-	L	L	L	L	L	-	-
D	D	D	D	L	-	-	-	-	-	-	-	E	L
E	E	-	-	-	E	D	D	D	D	-	-	-	-
E	E	-	-	-	-	E	D	D	D	D	-	-	-
L	L	-	-	-	D	D	D	D	L	-	-	-	-
-	D	L	L	L	-	-	-	D	D	D	D	D	L
D	L	L	L	-	-	-	-	-	-	D	D	D	D
D	L	-	-	-	D	D	D	L	L	L	-	-	-
-	-	-	-	-	D	D	D	D	-	-	-	-	-
-	-	-	-	-	-	-	L	L	-	-	-	D	D
-	-	-	-	E	E	E	E	-	-	-	-	-	-
-	-	-	-	-	E	E	L	-	-	-	-	-	-
-	-	-	E	E	-	-	E	E	-	-	-	-	-
Objective 0: 2608
Objective 1: 21
Constr violation: 0
Restrictions violated:
0 0 0 0 0 0 0 0 

Individual 6
1	2	3	4	5	6	7	8	9	10	11	12	13	14
-	-	E	E	D	-	-	D	D	-	-	D	D	D
-	D	D	D	L	-	-	E	E	D	D	-	-	D
-	-	E	D	D	-	-	-	-	E	D	L	L	L
-	-	E	E	L	-	-	L	L	-	-	E	E	E
E	E	-	-	-	E	E	-	-	E	E	E	-	-
-	D	D	D	D	-	-	-	-	E	E	E	D	D
D	D	D	D	-	-	-	-	-	L	L	L	L	-
-	-	E	E	D	-	-	L	L	L	L	L	-	-
D	D	D	D	L	-	-	-	-	-	-	-	E	L
E	E	-	-	-	E	D	D	D	D	-	-	-	-
E	E	-	-	-	-	E	D	D	D	D	-	-	-
L	L	-	-	-	D	D	D	D	L	-	-	-	-
-	D	L	L	L	-	-	-	D	D	D	D	D	L
D	L	L	L	-	-	-	-	-	-	D	D	D	D
D	L	-	-	-	D	D	D	L	L	L	-	-	-
-	-	-	-	-	D	D	D	D	-	-	-	-	-
-	-	-	-	-	-	-	L	L	-	-	-	D	D
-	-	-	-	E	E	E	E	-	-	-	-	-	-
-	-	-	-	-	E	E	E	E	-	-	-	-	-
-	-	-	E	E	-	-	E	E	-	-	-	-	-
Objective 0: 2609
Objective 1: 19
Constr violation: 0
Restrictions violated:
0 0 0 0 0 0 0 0 

Individual 7
1	2	3	4	5	6	7	8	9	10	11	12	13	14
-	-	E	E	D	-	-	D	D	-	-	D	D	D
-	D	D	D	L	-	-	E	E	D	D	-	-	D
-	-	E	D	D	-	-	-	-	E	D	L	L	L
-	-	-	E	L	-	-	E	E	L	L	L	-	-
E	E	-	-	-	E	E	-	-	E	E	E	-	-
-	D	D	D	D	-	-	-	-	E	E	E	D	D
D	D	D	D	-	-	-	-	-	L	L	L	L	-
-	-	E	E	D	-	-	L	L	L	L	L	-	-
D	D	D	D	L	-	-	-	-	-	-	-	E	L
E	E	-	-	-	E	D	D	D	D	-	-	-	-
E	E	-	-	-	-	E	D	D	D	D	-	-	-
L	L	-	-	-	D	D	D	D	L	-	-	-	-
-	D	L	L	L	-	-	-	D	D	D	D	D	L
D	L	L	L	-	-	-	-	-	-	D	D	D	D
D	D	D	-	-	-	D	D	D	D	-	-	-	-
-	-	-	-	-	D	D	D	D	-	-	-	-	-
-	-	-	-	-	-	-	L	L	-	-	-	D	D
-	-	-	-	E	E	E	E	-	-	-	-	-	-
-	-	-	-	-	E	E	L	-	-	-	-	-	-
-	-	-	E	E	-	-	E	E	-	-	-	-	-
Objective 0: 2607
Objective 1: 22
Constr violation: 0
Restrictions violated:
0 0 0 0 0 0 0 0 

Individual 8
1	2	3	4	5	6	7	8	9	10	11	12	13	14
-	-	E	E	D	-	-	D	D	-	-	D	D	D
-	D	D	D	L	-	-	E	E	D	D	-	-	D
-	-	E	D	D	-	-	-	-	E	D	L	L	L
-	-	-	E	L	-	-	E	E	L	L	L	-	-
E	E	-	-	-	E	E	-	-	E	E	E	-	-
-	D	D	D	D	-	-	-	-	E	E	E	D	D
D	D	D	D	-	-	-	-	-	L	L	L	L	-
-	-	E	E	D	-	-	L	L	L	L	L	-	-
D	D	D	D	L	-	-	-	-	-	-	-	E	L
E	E	-	-	-	E	D	D	D	D	-	-	-	-
E	E	-	-	-	-	E	D	D	D	D	-	-	-
L	L	-	-	-	D	D	D	D	L	-	-	-	-
-	D	L	L	L	-	-	-	D	D	D	D	D	L
D	L	L	L	-	-	-	-	-	-	D	D	D	D
D	L	-	-	-	D	D	D	L	L	L	-	-	-
-	-	-	-	-	D	D	D	D	-	-	-	-	-
-	-	-	-	-	-	-	L	L	-	-	-	D	D
-	-	-	-	E	E	E	E	-	-	-	-	-	-
-	-	-	-	-	E	E	L	-	-	-	-	-	-
-	-	-	E	E	-	-	E	E	-	-	-	-	-
Objective 0: 2608
Objective 1: 21
Constr violation: 0
Restrictions violated:
0 0 0 0 0 0 0 0 

Individual 9
1	2	3	4	5	6	7	8	9	10	11	12	13	14
-	-	E	E	D	-	-	D	D	-	-	D	D	D
-	D	D	D	L	-	-	E	E	D	D	-	-	D
-	-	E	D	D	-	-	-	-	E	D	L	L	L
-	-	E	E	L	-	-	L	L	-	-	E	E	E
E	E	-	-	-	E	E	-	-	E	E	E	-	-
-	D	D	D	D	-	-	-	-	E	E	E	D	D
D	D	D	D	-	-	-	-	-	L	L	L	L	-
-	-	E	E	D	-	-	L	L	L	L	L	-	-
D	D	D	D	L	-	-	-	-	-	-	-	E	L
E	E	-	-	-	E	D	D	D	D	-	-	-	-
E	E	-	-	-	-	E	D	D	D	D	-	-	-
L	L	-	-	-	D	D	D	D	L	-	-	-	-
-	D	L	L	L	-	-	-	D	D	D	D	D	L
D	D	L	L	L	-	-	-	-	-	D	D	D	D
D	L	-	-	-	D	D	D	L	L	L	-	-	-
-	-	-	-	-	D	D	D	D	-	-	-	-	-
-	-	-	-	-	-	-	L	L	-	-	-	D	D
-	-	-	-	E	E	E	E	-	-	-	-	-	-
-	-	-	-	-	E	E	E	E	-	-	-	-	-
-	-	-	E	E	-	-	E	E	-	-	-	-	-
Objective 0: 2711
Objective 1: 18
Constr violation: 0
Restrictions violated:
0 0 0 0 0 0 0 0 

Individual 10
1	2	3	4	5	6	7	8	9	10	11	12	13	14
-	-	E	E	D	-	-	D	D	-	-	D	D	D
-	D	D	D	L	-	-	E	E	D	D	-	-	D
-	-	E	D	D	-	-	-	-	E	D	L	L	L
-	-	-	E	L	-	-	E	E	L	L	L	-	-
E	E	-	-	-	E	E	-	-	E	E	E	-	-
-	D	D	D	D	-	-	-	-	E	E	E	D	D
D	D	D	D	-	-	-	-	-	L	L	L	L	-
-	-	E	E	D	-	-	L	L	L	L	L	-	-
D	D	D	D	L	-	-	-	-	-	-	-	E	L
E	E	-	-	-	E	D	D	D	D	-	-	-	-
E	E	-	-	-	-	E	D	D	D	D	-	-	-
L	L	-	-	-	D	D	D	D	L	-	-	-	-
-	D	L	L	L	-	-	-	D	D	D	D	D	L
D	L	L	L	-	-	-	-	-	-	D	D	D	D
D	L	-	-	-	D	D	D	L	L	L	-	-	-
-	-	-	-	-	D	D	D	D	-	-	-	-	-
-	-	-	-	-	-	-	L	L	-	-	-	D	D
-	-	-	-	E	E	E	E	-	-	-	-	-	-
-	-	-	-	-	E	E	L	-	-	-	-	-	-
-	-	-	E	E	-	-	E	E	-	-	-	-	-
Objective 0: 2608
Objective 1: 21
Constr violation: 0
Restrictions violated:
0 0 0 0 0 0 0 0 

Individual 11
1	2	3	4	5	6	7	8	9	10	11	12	13	14
-	-	E	E	D	-	-	D	D	-	-	D	D	D
-	D	D	D	L	-	-	E	E	D	D	-	-	D
-	-	E	D	D	-	-	-	-	E	D	L	L	L
-	-	-	E	L	-	-	E	E	L	L	L	-	-
E	E	-	-	-	E	E	-	-	E	E	E	-	-
-	D	D	D	D	-	-	-	-	E	E	E	D	D
D	D	D	D	-	-	-	-	-	L	L	L	L	-
-	-	E	E	D	-	-	L	L	L	L	L	-	-
D	D	D	D	L	-	-	-	-	-	-	-	E	L
E	E	-	-	-	E	D	D	D	D	-	-	-	-
E	E	-	-	-	-	E	D	D	D	D	-	-	-
L	L	-	-	-	D	D	D	D	L	-	-	-	-
-	D	L	L	L	-	-	-	D	D	D	D	D	L
D	L	L	L	-	-	-	-	-	-	D	D	D	D
D	L	-	-	-	D	D	D	L	L	L	-	-	-
-	-	-	-	-	D	D	D	D	-	-	-	-	-
-	-	-	-	-	-	-	L	L	-	-	-	D	D
-	-	-	-	E	E	E	E	-	-	-	-	-	-
-	-	-	-	-	E	E	L	-	-	-	-	-	-
-	-	-	E	E	-	-	E	E	-	-	-	-	-
Objective 0: 2608
Objective 1: 21
Constr violation: 0
Restrictions violated:
0 0 0 0 0 0 0 0 

