Individual 0
1	2	3	4	5	6	7	8	9	10	11	12	13	14
-	D	D	D	-	-	E	E	E	D	-	-	-	-
-	-	D	D	D	-	-	-	-	E	E	L	L	L
-	-	E	D	D	-	-	-	-	-	L	L	L	L
-	E	E	E	L	-	-	E	E	L	-	-	E	E
E	E	-	-	-	E	E	E	E	E	-	-	-	-
-	-	-	E	D	-	-	-	-	E	D	D	D	D
-	L	L	-	-	E	E	D	D	L	-	-	-	-
-	-	E	E	D	D	D	-	-	D	D	L	-	-
D	D	D	L	L	-	-	-	-	-	E	E	D	D
-	-	-	D	D	-	-	D	D	D	D	D	-	-
E	D	D	-	-	-	D	D	D	D	D	-	-	-
L	L	-	-	-	D	D	L	L	L	-	-	-	-
-	-	L	L	L	-	-	-	-	E	D	D	D	D
D	D	D	D	L	L	-	-	-	L	L	L	-	-
D	L	L	-	-	-	D	D	D	D	-	-	-	-
L	-	-	-	-	E	E	E	-	-	-	-	-	-
L	-	-	-	-	-	-	D	L	-	-	-	D	-
-	-	-	-	E	E	D	D	-	-	-	-	-	-
-	E	-	-	-	-	-	-	-	-	-	E	E	L
-	-	-	E	E	-	-	-	-	-	-	-	D	D
Objective 0: 1900
Objective 1: 15
Constr violation: 0
Restrictions violated:
0 0 0 0 0 0 0 0 

Individual 1
1	2	3	4	5	6	7	8	9	10	11	12	13	14
-	D	D	D	-	-	E	E	E	D	-	-	-	-
-	D	D	D	D	-	-	-	-	E	E	L	L	L
-	-	E	D	D	-	-	-	-	-	E	E	D	D
-	E	E	E	L	-	-	E	E	L	-	-	E	E
E	E	-	-	-	E	E	E	E	E	-	-	-	-
-	-	-	E	D	-	-	-	-	E	D	D	D	D
-	L	L	-	-	-	-	D	D	L	L	L	-	-
-	-	E	E	D	D	D	-	-	D	D	L	-	-
D	D	D	L	L	-	-	-	-	-	E	E	D	D
-	-	-	D	D	-	-	D	D	D	D	D	-	-
E	D	D	-	-	-	D	D	D	D	D	-	-	-
L	L	-	-	-	D	D	L	L	L	-	-	-	-
-	-	L	L	L	-	-	-	-	E	D	D	D	D
D	D	D	D	L	L	-	-	-	L	L	L	-	-
D	L	L	-	-	-	D	D	D	D	-	-	-	-
L	-	-	-	-	E	E	E	-	-	-	-	-	-
L	-	-	-	-	-	-	D	L	-	-	-	D	-
-	-	-	-	E	E	D	D	-	-	-	-	-	-
-	E	-	-	-	-	E	L	-	-	-	-	-	-
-	-	-	E	E	-	-	-	-	-	-	-	D	D
Objective 0: 2102
Objective 1: 8
Constr violation: 0
Restrictions violated:
0 0 0 0 0 0 0 0 

Individual 2
1	2	3	4	5	6	7	8	9	10	11	12	13	14
-	D	D	D	-	-	E	E	E	D	-	-	-	-
-	D	D	D	D	-	-	-	-	E	E	L	L	L
-	-	E	D	D	-	-	-	-	-	L	L	L	L
-	E	E	E	L	-	-	E	E	L	-	-	E	E
E	E	-	-	-	E	E	E	E	E	-	-	-	-
-	-	-	E	D	-	-	-	-	E	D	D	D	D
-	L	L	-	-	E	E	D	D	L	-	-	-	-
-	-	E	E	D	D	D	-	-	D	D	L	-	-
D	D	D	L	L	-	-	-	-	-	E	E	D	D
-	-	-	D	D	-	-	D	D	D	D	D	-	-
E	D	D	-	-	-	D	D	D	D	D	-	-	-
L	L	-	-	-	D	D	L	L	L	-	-	-	-
-	-	L	L	L	-	-	-	-	E	D	D	D	D
D	D	D	D	L	L	-	-	-	L	L	L	-	-
D	L	L	-	-	-	D	D	D	D	-	-	-	-
L	-	-	-	-	E	E	E	-	-	-	-	-	-
L	-	-	-	-	-	-	D	L	-	-	-	D	-
-	-	-	-	E	E	D	D	-	-	-	-	-	-
-	E	-	-	-	-	E	L	-	-	-	-	-	-
-	-	-	E	E	-	-	-	-	-	-	-	D	D
Objective 0: 2001
Objective 1: 12
Constr violation: 0
Restrictions violated:
0 0 0 0 0 0 0 0 

Individual 3
1	2	3	4	5	6	7	8	9	10	11	12	13	14
-	D	D	D	-	-	E	E	E	D	-	-	-	-
-	-	D	D	D	-	-	-	-	E	E	L	L	L
-	-	E	D	D	-	-	-	-	-	E	E	D	D
-	E	E	E	L	-	-	E	E	L	-	-	E	E
E	E	-	-	-	E	E	E	E	E	-	-	-	-
-	-	-	E	D	-	-	-	-	E	D	D	D	D
-	L	L	-	-	-	-	D	D	L	L	L	-	-
-	-	E	E	D	D	D	-	-	D	D	L	-	-
D	D	D	L	L	-	-	-	-	-	E	E	D	D
-	-	-	D	D	-	-	D	D	D	D	D	-	-
E	D	D	-	-	-	D	D	D	D	D	-	-	-
L	L	-	-	-	D	D	L	L	L	-	-	-	-
-	-	L	L	L	-	-	-	-	E	D	D	D	D
D	D	D	D	L	L	-	-	-	L	L	L	-	-
D	L	L	-	-	-	D	D	D	D	-	-	-	-
L	-	-	-	-	E	E	E	-	-	-	-	-	-
L	-	-	-	-	-	-	D	L	-	-	-	D	-
-	-	-	-	E	E	D	D	-	-	-	-	-	-
-	E	-	-	-	-	E	L	-	-	-	-	-	-
-	-	-	E	E	-	-	-	-	-	-	-	D	D
Objective 0: 2101
Objective 1: 9
Constr violation: 0
Restrictions violated:
0 0 0 0 0 0 0 0 

Individual 4
1	2	3	4	5	6	7	8	9	10	11	12	13	14
-	D	D	D	-	-	E	E	E	D	-	-	-	-
-	D	D	D	D	-	-	-	-	E	E	L	L	L
-	-	E	D	D	-	-	-	-	-	L	L	L	L
-	E	E	E	L	-	-	E	E	L	-	-	E	E
E	E	-	-	-	E	E	E	E	E	-	-	-	-
-	-	-	E	D	-	-	-	-	E	D	D	D	D
-	L	L	-	-	E	E	D	D	L	-	-	-	-
-	-	E	E	D	D	D	-	-	D	D	L	-	-
D	D	D	L	L	-	-	-	-	-	E	E	D	D
-	-	-	D	D	-	-	D	D	D	D	D	-	-
E	D	D	-	-	-	D	D	D	D	D	-	-	-
L	L	-	-	-	D	D	L	L	L	-	-	-	-
-	-	L	L	L	-	-	-	-	E	D	D	D	D
D	D	D	D	L	L	-	-	-	L	L	L	-	-
D	L	L	-	-	-	D	D	D	D	-	-	-	-
L	-	-	-	-	E	E	E	-	-	-	-	-	-
L	-	-	-	-	-	-	D	L	-	-	-	D	-
-	-	-	-	E	E	D	D	-	-	-	-	-	-
-	E	-	-	-	-	-	-	-	-	-	E	E	L
-	-	-	E	E	-	-	-	-	-	-	-	D	D
Objective 0: 1901
Objective 1: 14
Constr violation: 0
Restrictions violated:
0 0 0 0 0 0 0 0 

Individual 5
1	2	3	4	5	6	7	8	9	10	11	12	13	14
-	D	D	D	-	-	E	E	E	D	-	-	-	-
-	-	D	D	D	-	-	-	-	E	E	L	L	L
-	-	E	D	D	-	-	-	-	-	L	L	L	L
-	E	E	E	L	-	-	E	E	L	-	-	E	E
E	E	-	-	-	E	E	E	E	E	-	-	-	-
-	-	-	E	D	-	-	-	-	E	D	D	D	D
-	L	L	-	-	E	E	D	D	L	-	-	-	-
-	-	E	E	D	D	D	-	-	D	D	L	-	-
D	D	D	L	L	-	-	-	-	-	E	E	D	D
-	-	-	D	D	-	-	D	D	D	D	D	-	-
E	D	D	-	-	-	D	D	D	D	D	-	-	-
L	L	-	-	-	D	D	L	L	L	-	-	-	-
-	-	L	L	L	-	-	-	-	E	D	D	D	D
D	D	D	D	L	L	-	-	-	L	L	L	-	-
D	L	L	-	-	-	D	D	D	D	-	-	-	-
L	-	-	-	-	E	E	E	-	-	-	-	-	-
L	-	-	-	-	-	-	D	L	-	-	-	D	-
-	-	-	-	E	E	D	D	-	-	-	-	-	-
-	E	-	-	-	-	E	L	-	-	-	-	-	-
-	-	-	E	E	-	-	-	-	-	-	-	D	D
Objective 0: 2000
Objective 1: 13
Constr violation: 0
Restrictions violated:
0 0 0 0 0 0 0 0 

Individual 6
1	2	3	4	5	6	7	8	9	10	11	12	13	14
-	D	D	D	-	-	E	E	E	D	-	-	-	-
-	-	D	D	D	-	-	-	-	E	E	L	L	L
-	-	E	D	D	-	-	-	-	-	E	E	D	D
-	E	E	E	L	-	-	E	E	L	-	-	E	E
E	E	-	-	-	E	E	E	E	E	-	-	-	-
-	-	-	E	D	-	-	-	-	E	D	D	D	D
-	L	L	-	-	-	-	D	D	L	L	L	-	-
-	-	E	E	D	D	D	-	-	D	D	L	-	-
D	D	D	L	L	-	-	-	-	-	E	E	D	D
-	-	-	D	D	-	-	D	D	D	D	D	-	-
E	D	D	-	-	-	D	D	D	D	D	-	-	-
L	L	-	-	-	D	D	L	L	L	-	-	-	-
-	-	L	L	L	-	-	-	-	E	D	D	D	D
D	D	D	D	L	L	-	-	-	L	L	L	-	-
D	L	L	-	-	-	D	D	D	D	-	-	-	-
L	-	-	-	-	E	E	E	-	-	-	-	-	-
L	-	-	-	-	-	-	D	L	-	-	-	D	-
-	-	-	-	E	E	D	D	-	-	-	-	-	-
-	E	-	-	-	-	E	L	-	-	-	-	-	-
-	-	-	E	E	-	-	-	-	-	-	-	D	D
Objective 0: 2101
Objective 1: 9
Constr violation: 0
Restrictions violated:
0 0 0 0 0 0 0 0 

Individual 7
1	2	3	4	5	6	7	8	9	10	11	12	13	14
-	D	D	D	-	-	E	E	E	D	-	-	-	-
-	D	D	D	D	-	-	-	-	E	E	L	L	L
-	-	E	D	D	-	-	-	-	-	L	L	L	L
-	E	E	E	L	-	-	E	E	L	-	-	E	E
E	E	-	-	-	E	E	E	E	E	-	-	-	-
-	-	-	E	D	-	-	-	-	E	D	D	D	D
-	L	L	-	-	E	E	D	D	L	-	-	-	-
-	-	E	E	D	D	D	-	-	D	D	L	-	-
D	D	D	L	L	-	-	-	-	-	E	E	D	D
-	-	-	D	D	-	-	D	D	D	D	D	-	-
E	D	D	-	-	-	D	D	D	D	D	-	-	-
L	L	-	-	-	D	D	L	L	L	-	-	-	-
-	-	L	L	L	-	-	-	-	E	D	D	D	D
D	D	D	D	L	L	-	-	-	L	L	L	-	-
D	L	L	-	-	-	D	D	D	D	-	-	-	-
L	-	-	-	-	E	E	E	-	-	-	-	-	-
L	-	-	-	-	-	-	D	L	-	-	-	D	-
-	-	-	-	E	E	D	D	-	-	-	-	-	-
-	E	-	-	-	-	E	L	-	-	-	-	-	-
-	-	-	E	E	-	-	-	-	-	-	-	D	D
Objective 0: 2001
Objective 1: 12
Constr violation: 0
Restrictions violated:
0 0 0 0 0 0 0 0 

Individual 8
1	2	3	4	5	6	7	8	9	10	11	12	13	14
-	D	D	D	-	-	E	E	E	D	-	-	-	-
-	D	D	D	D	-	-	-	-	E	E	L	L	L
-	-	E	D	D	-	-	-	-	-	E	E	D	D
-	E	E	E	L	-	-	E	E	L	-	-	E	E
E	E	-	-	-	E	E	E	E	E	-	-	-	-
-	-	-	E	D	-	-	-	-	E	D	D	D	D
-	L	L	-	-	-	-	D	D	L	L	L	-	-
-	-	E	E	D	D	D	-	-	D	D	L	-	-
D	D	D	L	L	-	-	-	-	-	E	E	D	D
-	-	-	D	D	-	-	D	D	D	D	D	-	-
E	D	D	-	-	-	D	D	D	D	D	-	-	-
L	L	-	-	-	D	D	L	L	L	-	-	-	-
-	-	L	L	L	-	-	-	-	E	D	D	D	D
D	D	D	D	L	L	-	-	-	L	L	L	-	-
D	L	L	-	-	-	D	D	D	D	-	-	-	-
L	-	-	-	-	E	E	E	-	-	-	-	-	-
L	-	-	-	-	-	-	D	L	-	-	-	D	-
-	-	-	-	E	E	D	D	-	-	-	-	-	-
-	E	-	-	-	-	E	L	-	-	-	-	-	-
-	-	-	E	E	-	-	-	-	-	-	-	D	D
Objective 0: 2102
Objective 1: 8
Constr violation: 0
Restrictions violated:
0 0 0 0 0 0 0 0 

Individual 9
1	2	3	4	5	6	7	8	9	10	11	12	13	14
-	D	D	D	-	-	E	E	E	D	-	-	-	-
-	-	D	D	D	-	-	-	-	E	E	L	L	L
-	-	E	D	D	-	-	-	-	-	L	L	L	L
-	E	E	E	L	-	-	E	E	L	-	-	E	E
E	E	-	-	-	E	E	E	E	E	-	-	-	-
-	-	-	E	D	-	-	-	-	E	D	D	D	D
-	L	L	-	-	E	E	D	D	L	-	-	-	-
-	-	E	E	D	D	D	-	-	D	D	L	-	-
D	D	D	L	L	-	-	-	-	-	E	E	D	D
-	-	-	D	D	-	-	D	D	D	D	D	-	-
E	D	D	-	-	-	D	D	D	D	D	-	-	-
L	L	-	-	-	D	D	L	L	L	-	-	-	-
-	-	L	L	L	-	-	-	-	E	D	D	D	D
D	D	D	D	L	L	-	-	-	L	L	L	-	-
D	L	L	-	-	-	D	D	D	D	-	-	-	-
L	-	-	-	-	E	E	E	-	-	-	-	-	-
L	-	-	-	-	-	-	D	L	-	-	-	D	-
-	-	-	-	E	E	D	D	-	-	-	-	-	-
-	E	-	-	-	-	E	L	-	-	-	-	-	-
-	-	-	E	E	-	-	-	-	-	-	-	D	D
Objective 0: 2000
Objective 1: 13
Constr violation: 0
Restrictions violated:
0 0 0 0 0 0 0 0 

Individual 10
1	2	3	4	5	6	7	8	9	10	11	12	13	14
-	D	D	D	-	-	E	E	E	D	-	-	-	-
-	D	D	D	D	-	-	-	-	E	E	L	L	L
-	-	E	D	D	-	-	-	-	-	L	L	L	L
-	E	E	E	L	-	-	E	E	L	-	-	E	E
E	E	-	-	-	E	E	E	E	E	-	-	-	-
-	-	-	E	D	-	-	-	-	E	D	D	D	D
-	L	L	-	-	E	E	D	D	L	-	-	-	-
-	-	E	E	D	D	D	-	-	D	D	L	-	-
D	D	D	L	L	-	-	-	-	-	E	E	D	D
-	-	-	D	D	-	-	D	D	D	D	D	-	-
E	D	D	-	-	-	D	D	D	D	D	-	-	-
L	L	-	-	-	D	D	L	L	L	-	-	-	-
-	-	L	L	L	-	-	-	-	E	D	D	D	D
D	D	D	D	L	L	-	-	-	L	L	L	-	-
D	L	L	-	-	-	D	D	D	D	-	-	-	-
L	-	-	-	-	E	E	E	-	-	-	-	-	-
L	-	-	-	-	-	-	D	L	-	-	-	D	-
-	-	-	-	E	E	D	D	-	-	-	-	-	-
-	E	-	-	-	-	-	-	-	-	-	E	E	L
-	-	-	E	E	-	-	-	-	-	-	-	D	D
Objective 0: 1901
Objective 1: 14
Constr violation: 0
Restrictions violated:
0 0 0 0 0 0 0 0 

Individual 11
1	2	3	4	5	6	7	8	9	10	11	12	13	14
-	D	D	D	-	-	E	E	E	D	-	-	-	-
-	-	D	D	D	-	-	-	-	E	E	L	L	L
-	-	E	D	D	-	-	-	-	-	L	L	L	L
-	E	E	E	L	-	-	E	E	L	-	-	E	E
E	E	-	-	-	E	E	E	E	E	-	-	-	-
-	-	-	E	D	-	-	-	-	E	D	D	D	D
-	L	L	-	-	E	E	D	D	L	-	-	-	-
-	-	E	E	D	D	D	-	-	D	D	L	-	-
D	D	D	L	L	-	-	-	-	-	E	E	D	D
-	-	-	D	D	-	-	D	D	D	D	D	-	-
E	D	D	-	-	-	D	D	D	D	D	-	-	-
L	L	-	-	-	D	D	L	L	L	-	-	-	-
-	-	L	L	L	-	-	-	-	E	D	D	D	D
D	D	D	D	L	L	-	-	-	L	L	L	-	-
D	L	L	-	-	-	D	D	D	D	-	-	-	-
L	-	-	-	-	E	E	E	-	-	-	-	-	-
L	-	-	-	-	-	-	D	L	-	-	-	D	-
-	-	-	-	E	E	D	D	-	-	-	-	-	-
-	E	-	-	-	-	E	L	-	-	-	-	-	-
-	-	-	E	E	-	-	-	-	-	-	-	D	D
Objective 0: 2000
Objective 1: 13
Constr violation: 0
Restrictions violated:
0 0 0 0 0 0 0 0 

