Individual 0
1	2	3	4	5	6	7	8	9	10	11	12	13	14
-	-	D	D	D	-	-	E	E	-	-	D	D	D
D	L	L	L	L	-	-	E	E	E	E	-	-	-
-	-	D	D	D	-	-	L	L	-	-	-	E	L
-	-	-	E	L	-	-	E	E	-	-	E	E	L
E	E	E	-	-	E	E	-	-	E	E	-	-	-
-	-	-	E	E	-	-	-	-	D	D	D	D	D
-	-	D	L	L	-	-	D	D	L	L	L	-	-
-	-	E	D	D	-	-	D	D	D	D	L	-	-
-	E	E	E	D	-	-	L	L	L	L	-	-	-
E	E	-	-	-	D	D	D	D	D	-	-	-	-
-	D	D	D	-	-	-	D	D	D	D	-	-	-
D	D	D	-	-	-	-	-	-	D	D	L	L	L
-	-	-	D	L	-	-	-	E	E	E	E	D	D
L	L	L	L	-	-	-	-	-	D	D	D	D	D
L	L	L	-	-	-	D	D	L	L	-	-	-	-
D	D	D	-	L	-	-	-	-	-	-	-	-	E
L	-	-	-	-	-	-	-	-	-	-	-	D	D
-	-	-	-	-	D	D	D	-	-	-	-	-	-
-	E	E	-	-	-	-	E	-	-	-	L	-	-
-	-	-	E	E	E	E	-	-	-	-	-	-	-
Objective 0: 2907
Objective 1: 26
Constr violation: 0
Restrictions violated:
0 0 0 0 0 0 0 0 

Individual 1
1	2	3	4	5	6	7	8	9	10	11	12	13	14
-	-	D	D	D	-	-	E	E	-	-	D	D	D
D	D	D	D	L	-	-	E	E	E	E	-	-	-
-	-	D	D	D	-	-	L	L	-	-	-	E	L
-	-	-	E	L	-	-	E	E	-	-	E	E	L
E	E	E	-	-	E	E	-	-	E	E	-	-	-
-	-	-	E	E	-	-	-	-	D	D	D	D	D
-	E	L	L	-	-	-	D	D	L	L	L	-	-
-	-	E	D	D	-	-	D	D	D	D	L	-	-
D	D	D	L	-	-	-	E	E	E	E	E	-	-
E	E	-	-	-	D	D	D	D	D	-	-	-	-
-	D	D	D	-	-	-	D	D	D	D	-	-	-
D	L	-	-	-	D	D	D	L	L	L	-	-	-
-	-	-	D	L	-	-	-	-	D	D	D	D	D
-	L	L	L	L	-	-	-	-	-	-	D	D	L
L	L	L	-	-	-	D	D	L	L	-	-	-	-
D	D	D	-	L	-	-	-	-	-	-	-	-	E
L	-	-	-	-	-	-	-	-	-	-	-	D	D
-	-	-	-	-	D	D	D	-	-	-	-	-	-
-	E	E	-	-	-	-	E	-	-	-	L	-	-
-	-	-	E	E	E	E	-	-	-	-	-	-	-
Objective 0: 3411
Objective 1: 14
Constr violation: 0
Restrictions violated:
0 0 0 0 0 0 0 0 

Individual 2
1	2	3	4	5	6	7	8	9	10	11	12	13	14
-	-	D	D	D	-	-	E	E	-	-	D	D	D
D	L	L	L	L	-	-	E	E	E	E	-	-	-
-	-	D	D	D	-	-	L	L	-	-	-	E	L
-	-	-	E	L	-	-	E	E	-	-	E	E	L
E	E	E	-	-	E	E	-	-	E	E	-	-	-
-	-	-	E	E	-	-	-	-	D	D	D	D	D
-	-	D	L	L	-	-	D	D	L	L	L	-	-
-	-	E	D	D	-	-	D	D	D	D	L	-	-
E	D	D	-	-	-	-	L	L	L	L	-	-	-
E	E	-	-	-	D	D	D	D	D	-	-	-	-
-	D	D	D	-	-	-	D	D	D	D	-	-	-
D	D	D	-	-	-	-	-	-	D	D	L	L	L
-	-	-	D	L	-	-	-	E	E	E	E	D	D
L	L	L	L	-	-	-	-	-	D	D	D	D	D
L	L	L	-	-	-	D	D	L	L	-	-	-	-
D	D	D	-	L	-	-	-	-	-	-	-	-	E
L	-	-	-	-	-	-	-	-	-	-	-	D	D
-	-	-	-	-	D	D	D	-	-	-	-	-	-
-	E	E	-	-	-	-	E	-	-	-	L	-	-
-	-	-	E	E	E	E	-	-	-	-	-	-	-
Objective 0: 3007
Objective 1: 22
Constr violation: 0
Restrictions violated:
0 0 0 0 0 0 0 0 

Individual 3
1	2	3	4	5	6	7	8	9	10	11	12	13	14
-	-	D	D	D	-	-	E	E	-	-	D	D	D
D	D	D	D	L	-	-	E	E	E	E	-	-	-
-	-	D	D	D	-	-	L	L	-	-	-	E	L
-	-	-	E	L	-	-	E	E	-	-	E	E	L
E	E	E	-	-	E	E	-	-	E	E	-	-	-
-	-	-	E	E	-	-	-	-	D	D	D	D	D
-	E	L	L	-	-	-	D	D	L	L	L	-	-
-	-	E	D	D	-	-	D	D	D	D	L	-	-
D	D	D	L	-	-	-	E	E	E	E	E	-	-
E	E	-	-	-	D	D	D	D	D	-	-	-	-
-	D	D	D	-	-	-	D	D	D	D	-	-	-
D	L	-	-	-	D	D	D	L	L	L	-	-	-
-	-	-	D	L	-	-	-	-	D	D	D	D	D
L	L	L	L	-	-	-	-	-	D	D	D	D	D
L	L	L	-	-	-	D	D	L	L	-	-	-	-
D	D	D	-	L	-	-	-	-	-	-	-	-	E
L	-	-	-	-	-	-	-	-	-	-	-	D	D
-	-	-	-	-	D	D	D	-	-	-	-	-	-
-	E	E	-	-	-	-	E	-	-	-	L	-	-
-	-	-	E	E	E	E	-	-	-	-	-	-	-
Objective 0: 3211
Objective 1: 15
Constr violation: 0
Restrictions violated:
0 0 0 0 0 0 0 0 

Individual 4
1	2	3	4	5	6	7	8	9	10	11	12	13	14
-	-	D	D	D	-	-	E	E	-	-	D	D	D
D	D	D	D	L	-	-	E	E	E	E	-	-	-
-	-	D	D	D	-	-	L	L	-	-	-	E	L
-	-	-	E	L	-	-	E	E	-	-	E	E	L
E	E	E	-	-	E	E	-	-	E	E	-	-	-
-	-	-	E	E	-	-	-	-	D	D	D	D	D
-	E	L	L	-	-	-	D	D	L	L	L	-	-
-	-	E	D	D	-	-	D	D	D	D	L	-	-
E	D	D	-	-	-	-	L	L	L	L	-	-	-
E	E	-	-	-	D	D	D	D	D	-	-	-	-
-	D	D	D	-	-	-	D	D	D	D	-	-	-
D	L	-	-	-	D	D	D	L	L	L	-	-	-
-	-	-	D	L	-	-	-	E	E	E	E	D	D
L	L	L	L	-	-	-	-	-	D	D	D	D	D
L	L	L	-	-	-	D	D	L	L	-	-	-	-
D	D	D	-	L	-	-	-	-	-	-	-	-	E
L	-	-	-	-	-	-	-	-	-	-	-	D	D
-	-	-	-	-	D	D	D	-	-	-	-	-	-
-	E	E	-	-	-	-	E	-	-	-	L	-	-
-	-	-	E	E	E	E	-	-	-	-	-	-	-
Objective 0: 3109
Objective 1: 17
Constr violation: 0
Restrictions violated:
0 0 0 0 0 0 0 0 

Individual 5
1	2	3	4	5	6	7	8	9	10	11	12	13	14
-	-	D	D	D	-	-	E	E	-	-	D	D	D
D	D	D	D	L	-	-	E	E	E	E	-	-	-
-	-	D	D	D	-	-	L	L	-	-	-	E	L
-	-	-	E	L	-	-	E	E	-	-	E	E	L
E	E	E	-	-	E	E	-	-	E	E	-	-	-
-	-	-	E	E	-	-	-	-	D	D	D	D	D
-	E	L	L	-	-	-	D	D	L	L	L	-	-
-	-	E	D	D	-	-	D	D	D	D	L	-	-
E	D	D	-	-	-	-	L	L	L	L	-	-	-
E	E	-	-	-	D	D	D	D	D	-	-	-	-
-	D	D	D	-	-	-	D	D	D	D	-	-	-
D	L	-	-	-	D	D	D	L	L	L	-	-	-
-	-	-	D	L	-	-	-	E	E	E	E	D	D
L	L	L	L	-	-	-	-	-	D	D	D	D	D
L	L	L	-	-	-	D	D	L	L	-	-	-	-
D	D	D	-	L	-	-	-	-	-	-	-	-	E
L	-	-	-	-	-	-	-	-	-	-	-	D	D
-	-	-	-	-	D	D	D	-	-	-	-	-	-
-	E	E	-	-	-	-	E	-	-	-	L	-	-
-	-	-	E	E	E	E	-	-	-	-	-	-	-
Objective 0: 3109
Objective 1: 17
Constr violation: 0
Restrictions violated:
0 0 0 0 0 0 0 0 

Individual 6
1	2	3	4	5	6	7	8	9	10	11	12	13	14
-	-	D	D	D	-	-	E	E	-	-	D	D	D
D	D	D	D	L	-	-	E	E	E	E	-	-	-
-	-	D	D	D	-	-	L	L	-	-	-	E	L
-	-	-	E	L	-	-	E	E	-	-	E	E	L
E	E	E	-	-	E	E	-	-	E	E	-	-	-
-	-	-	E	E	-	-	-	-	D	D	D	D	D
-	E	L	L	-	-	-	D	D	L	L	L	-	-
-	-	E	D	D	-	-	D	D	D	D	L	-	-
D	D	D	L	-	-	-	E	E	E	E	E	-	-
E	E	-	-	-	D	D	D	D	D	-	-	-	-
-	D	D	D	-	-	-	D	D	D	D	-	-	-
D	L	-	-	-	D	D	D	L	L	L	-	-	-
-	-	-	D	L	-	-	-	-	D	D	D	D	D
L	L	L	L	-	-	-	-	-	D	D	D	D	D
L	L	L	-	-	-	D	D	L	L	-	-	-	-
D	D	D	-	L	-	-	-	-	-	-	-	-	E
L	-	-	-	-	-	-	-	-	-	-	-	D	D
-	-	-	-	-	D	D	D	-	-	-	-	-	-
-	E	E	-	-	-	-	E	-	-	-	L	-	-
-	-	-	E	E	E	E	-	-	-	-	-	-	-
Objective 0: 3211
Objective 1: 15
Constr violation: 0
Restrictions violated:
0 0 0 0 0 0 0 0 

Individual 7
1	2	3	4	5	6	7	8	9	10	11	12	13	14
-	-	D	D	D	-	-	E	E	-	-	D	D	D
D	D	D	D	L	-	-	E	E	E	E	-	-	-
-	-	D	D	D	-	-	L	L	-	-	-	E	L
-	-	-	E	L	-	-	E	E	-	-	E	E	L
E	E	E	-	-	E	E	-	-	E	E	-	-	-
-	-	-	E	E	-	-	-	-	D	D	D	D	D
-	E	L	L	-	-	-	D	D	L	L	L	-	-
-	-	E	D	D	-	-	D	D	D	D	L	-	-
-	E	E	E	D	-	-	L	L	L	L	-	-	-
E	E	-	-	-	D	D	D	D	D	-	-	-	-
-	D	D	D	-	-	-	D	D	D	D	-	-	-
D	D	D	-	-	-	-	-	-	D	D	L	L	L
-	-	-	D	L	-	-	-	E	E	E	E	D	D
L	L	L	L	-	-	-	-	-	D	D	D	D	D
L	L	L	-	-	-	D	D	L	L	-	-	-	-
D	D	D	-	L	-	-	-	-	-	-	-	-	E
L	-	-	-	-	-	-	-	-	-	-	-	D	D
-	-	-	-	-	D	D	D	-	-	-	-	-	-
-	E	E	-	-	-	-	E	-	-	-	L	-	-
-	-	-	E	E	E	E	-	-	-	-	-	-	-
Objective 0: 2908
Objective 1: 23
Constr violation: 0
Restrictions violated:
0 0 0 0 0 0 0 0 

Individual 8
1	2	3	4	5	6	7	8	9	10	11	12	13	14
-	-	D	D	D	-	-	E	E	-	-	D	D	D
D	L	L	L	L	-	-	E	E	E	E	-	-	-
-	-	D	D	D	-	-	L	L	-	-	-	E	L
-	-	-	E	L	-	-	E	E	-	-	E	E	L
E	E	E	-	-	E	E	-	-	E	E	-	-	-
-	-	-	E	E	-	-	-	-	D	D	D	D	D
-	-	D	L	L	-	-	D	D	L	L	L	-	-
-	-	E	D	D	-	-	D	D	D	D	L	-	-
-	E	E	E	D	-	-	L	L	L	L	-	-	-
E	E	-	-	-	D	D	D	D	D	-	-	-	-
-	D	D	D	-	-	-	D	D	D	D	-	-	-
D	D	D	-	-	-	-	-	-	D	D	L	L	L
-	-	-	D	L	-	-	-	E	E	E	E	D	D
L	L	L	L	-	-	-	-	-	D	D	D	D	D
L	L	L	-	-	-	D	D	L	L	-	-	-	-
D	D	D	-	L	-	-	-	-	-	-	-	-	E
L	-	-	-	-	-	-	-	-	-	-	-	D	D
-	-	-	-	-	D	D	D	-	-	-	-	-	-
-	E	E	-	-	-	-	E	-	-	-	L	-	-
-	-	-	E	E	E	E	-	-	-	-	-	-	-
Objective 0: 2907
Objective 1: 26
Constr violation: 0
Restrictions violated:
0 0 0 0 0 0 0 0 

Individual 9
1	2	3	4	5	6	7	8	9	10	11	12	13	14
-	-	D	D	D	-	-	E	E	-	-	D	D	D
D	D	D	D	L	-	-	E	E	E	E	-	-	-
-	-	D	D	D	-	-	L	L	-	-	-	E	L
-	-	-	E	L	-	-	E	E	-	-	E	E	L
E	E	E	-	-	E	E	-	-	E	E	-	-	-
-	-	-	E	E	-	-	-	-	D	D	D	D	D
-	E	L	L	-	-	-	D	D	L	L	L	-	-
-	-	E	D	D	-	-	D	D	D	D	L	-	-
E	D	D	-	-	-	-	L	L	L	L	-	-	-
E	E	-	-	-	D	D	D	D	D	-	-	-	-
-	D	D	D	-	-	-	D	D	D	D	-	-	-
D	L	-	-	-	D	D	D	L	L	L	-	-	-
-	-	-	D	L	-	-	-	E	E	E	E	D	D
L	L	L	L	-	-	-	-	-	D	D	D	D	D
L	L	L	-	-	-	D	D	L	L	-	-	-	-
D	D	D	-	L	-	-	-	-	-	-	-	-	E
L	-	-	-	-	-	-	-	-	-	-	-	D	D
-	-	-	-	-	D	D	D	-	-	-	-	-	-
-	E	E	-	-	-	-	E	-	-	-	L	-	-
-	-	-	E	E	E	E	-	-	-	-	-	-	-
Objective 0: 3109
Objective 1: 17
Constr violation: 0
Restrictions violated:
0 0 0 0 0 0 0 0 

Individual 10
1	2	3	4	5	6	7	8	9	10	11	12	13	14
-	-	D	D	D	-	-	E	E	-	-	D	D	D
D	L	L	L	L	-	-	E	E	E	E	-	-	-
-	-	D	D	D	-	-	L	L	-	-	-	E	L
-	-	-	E	L	-	-	E	E	-	-	E	E	L
E	E	E	-	-	E	E	-	-	E	E	-	-	-
-	-	-	E	E	-	-	-	-	D	D	D	D	D
-	-	D	L	L	-	-	D	D	L	L	L	-	-
-	-	E	D	D	-	-	D	D	D	D	L	-	-
E	D	D	-	-	-	-	L	L	L	L	-	-	-
E	E	-	-	-	D	D	D	D	D	-	-	-	-
-	D	D	D	-	-	-	D	D	D	D	-	-	-
D	D	D	-	-	-	-	-	-	D	D	L	L	L
-	-	-	D	L	-	-	-	E	E	E	E	D	D
L	L	L	L	-	-	-	-	-	D	D	D	D	D
L	L	L	-	-	-	D	D	L	L	-	-	-	-
D	D	D	-	L	-	-	-	-	-	-	-	-	E
L	-	-	-	-	-	-	-	-	-	-	-	D	D
-	-	-	-	-	D	D	D	-	-	-	-	-	-
-	E	E	-	-	-	-	E	-	-	-	L	-	-
-	-	-	E	E	E	E	-	-	-	-	-	-	-
Objective 0: 3007
Objective 1: 22
Constr violation: 0
Restrictions violated:
0 0 0 0 0 0 0 0 

Individual 11
1	2	3	4	5	6	7	8	9	10	11	12	13	14
-	-	D	D	D	-	-	E	E	-	-	D	D	D
D	D	D	D	L	-	-	E	E	E	E	-	-	-
-	-	D	D	D	-	-	L	L	-	-	-	E	L
-	-	-	E	L	-	-	E	E	-	-	E	E	L
E	E	E	-	-	E	E	-	-	E	E	-	-	-
-	-	-	E	E	-	-	-	-	D	D	D	D	D
-	E	L	L	-	-	-	D	D	L	L	L	-	-
-	-	E	D	D	-	-	D	D	D	D	L	-	-
-	E	E	E	D	-	-	L	L	L	L	-	-	-
E	E	-	-	-	D	D	D	D	D	-	-	-	-
-	D	D	D	-	-	-	D	D	D	D	-	-	-
D	D	D	-	-	-	-	-	-	D	D	L	L	L
-	-	-	D	L	-	-	-	E	E	E	E	D	D
L	L	L	L	-	-	-	-	-	D	D	D	D	D
L	L	L	-	-	-	D	D	L	L	-	-	-	-
D	D	D	-	L	-	-	-	-	-	-	-	-	E
L	-	-	-	-	-	-	-	-	-	-	-	D	D
-	-	-	-	-	D	D	D	-	-	-	-	-	-
-	E	E	-	-	-	-	E	-	-	-	L	-	-
-	-	-	E	E	E	E	-	-	-	-	-	-	-
Objective 0: 2908
Objective 1: 23
Constr violation: 0
Restrictions violated:
0 0 0 0 0 0 0 0 

