Individual 0
1	2	3	4	5	6	7	8	9	10	11	12	13	14
-	E	E	E	D	-	-	E	E	D	-	-	D	D
D	D	D	D	-	-	-	D	D	-	-	L	L	L
-	-	-	E	L	-	-	-	-	E	D	D	L	L
-	L	L	L	L	-	-	E	E	L	-	-	E	E
-	E	E	-	-	-	-	-	-	E	E	E	E	E
-	-	-	D	D	-	-	-	-	E	E	E	D	D
E	E	D	D	-	-	-	-	E	L	L	L	L	-
-	-	E	E	L	L	L	-	-	D	L	L	-	-
D	D	D	D	D	-	-	L	L	-	-	-	D	D
E	D	-	-	-	D	D	D	D	D	-	-	-	-
D	D	-	-	-	E	D	D	D	D	D	-	-	-
L	L	-	-	-	D	D	L	L	L	-	-	-	-
-	-	D	D	D	-	-	-	-	E	D	D	L	L
-	-	D	L	L	-	-	-	-	D	D	L	L	-
L	L	-	-	-	D	D	D	D	L	-	-	-	-
L	-	-	-	-	E	E	D	-	-	-	-	-	-
-	-	-	-	-	-	-	-	-	-	D	D	D	D
-	-	-	-	D	D	D	D	-	-	-	-	-	-
-	-	-	-	E	E	E	E	-	-	-	-	-	-
-	-	-	E	E	E	E	-	-	-	-	-	-	-
Objective 0: 1600
Objective 1: 8
Constr violation: 0
Restrictions violated:
0 0 0 0 0 0 0 0 

Individual 1
1	2	3	4	5	6	7	8	9	10	11	12	13	14
-	E	E	E	D	-	-	E	E	D	-	-	D	D
D	D	D	D	D	-	-	-	-	-	E	L	L	L
-	-	-	E	L	-	-	-	-	E	D	D	L	L
-	L	L	L	L	-	-	E	E	L	-	-	E	E
-	E	E	-	-	-	-	-	-	E	E	E	E	E
-	-	-	D	D	-	-	-	-	E	E	E	D	D
E	E	D	D	-	-	-	-	E	L	L	L	L	-
-	-	E	E	L	L	L	-	-	D	L	L	-	-
D	D	D	D	D	-	-	L	L	-	-	-	D	D
E	D	-	-	-	D	D	D	D	D	-	-	-	-
D	D	-	-	-	E	D	D	D	D	D	-	-	-
L	L	-	-	-	D	D	L	L	L	-	-	-	-
-	-	D	D	D	-	-	-	-	E	D	D	L	L
-	-	D	L	L	-	-	-	-	D	D	L	L	-
L	L	-	-	-	D	D	D	D	L	-	-	-	-
L	-	-	-	-	E	E	D	-	-	-	-	-	-
-	-	-	-	-	-	-	-	-	-	D	D	D	D
-	-	-	-	-	D	D	D	D	-	-	-	-	-
-	-	-	-	E	E	E	E	-	-	-	-	-	-
-	-	-	E	E	E	E	-	-	-	-	-	-	-
Objective 0: 1701
Objective 1: 7
Constr violation: 0
Restrictions violated:
0 0 0 0 0 0 0 0 

Individual 2
1	2	3	4	5	6	7	8	9	10	11	12	13	14
-	E	E	E	D	-	-	E	E	D	-	-	D	D
D	D	D	D	-	-	-	D	D	-	-	L	L	L
-	-	-	E	L	-	-	-	-	E	D	D	L	L
-	L	L	L	L	-	-	E	E	L	-	-	E	E
-	E	E	-	-	-	-	-	-	E	E	E	E	E
-	-	-	D	D	-	-	-	-	E	E	E	D	D
E	E	D	D	-	-	-	-	E	L	L	L	L	-
-	-	E	E	L	L	L	-	-	D	L	L	-	-
D	D	D	D	D	-	-	L	L	-	-	-	D	D
E	D	-	-	-	D	D	D	D	D	-	-	-	-
D	D	-	-	-	E	D	D	D	D	D	-	-	-
L	L	-	-	-	D	D	L	L	L	-	-	-	-
-	-	D	D	D	-	-	-	-	E	D	D	L	L
-	-	D	L	L	-	-	-	-	D	D	L	L	-
L	L	-	-	-	D	D	D	D	L	-	-	-	-
L	-	-	-	-	E	E	D	-	-	-	-	-	-
-	-	-	-	-	-	-	-	-	-	D	D	D	D
-	-	-	-	D	D	D	D	-	-	-	-	-	-
-	-	-	-	E	E	E	E	-	-	-	-	-	-
-	-	-	E	E	E	E	-	-	-	-	-	-	-
Objective 0: 1600
Objective 1: 8
Constr violation: 0
Restrictions violated:
0 0 0 0 0 0 0 0 

Individual 3
1	2	3	4	5	6	7	8	9	10	11	12	13	14
-	E	E	E	D	-	-	E	E	D	-	-	D	D
D	D	D	D	D	-	-	-	-	-	E	L	L	L
-	-	-	E	L	-	-	-	-	E	D	D	L	L
-	L	L	L	L	-	-	E	E	L	-	-	E	E
-	E	E	-	-	-	-	-	-	E	E	E	E	E
-	-	-	D	D	-	-	-	-	E	E	E	D	D
E	E	D	D	-	-	-	-	E	L	L	L	L	-
-	-	E	E	L	L	L	-	-	D	L	L	-	-
D	D	D	D	D	-	-	L	L	-	-	-	D	D
E	D	-	-	-	D	D	D	D	D	-	-	-	-
D	D	-	-	-	E	D	D	D	D	D	-	-	-
L	L	-	-	-	D	D	L	L	L	-	-	-	-
-	-	D	D	D	-	-	-	-	E	D	D	L	L
-	-	D	L	L	-	-	-	-	D	D	L	L	-
L	L	-	-	-	D	D	D	D	L	-	-	-	-
L	-	-	-	-	E	E	D	-	-	-	-	-	-
-	-	-	-	-	-	-	-	-	-	D	D	D	D
-	-	-	-	-	D	D	D	D	-	-	-	-	-
-	-	-	-	E	E	E	E	-	-	-	-	-	-
-	-	-	E	E	E	E	-	-	-	-	-	-	-
Objective 0: 1701
Objective 1: 7
Constr violation: 0
Restrictions violated:
0 0 0 0 0 0 0 0 

Individual 4
1	2	3	4	5	6	7	8	9	10	11	12	13	14
-	E	E	E	D	-	-	E	E	D	-	-	D	D
D	D	D	D	-	-	-	D	D	-	-	L	L	L
-	-	-	E	L	-	-	-	-	E	D	D	L	L
-	L	L	L	L	-	-	E	E	L	-	-	E	E
-	E	E	-	-	-	-	-	-	E	E	E	E	E
-	-	-	D	D	-	-	-	-	E	E	E	D	D
E	E	D	D	-	-	-	-	E	L	L	L	L	-
-	-	E	E	L	L	L	-	-	D	L	L	-	-
D	D	D	D	D	-	-	L	L	-	-	-	D	D
E	D	-	-	-	D	D	D	D	D	-	-	-	-
D	D	-	-	-	E	D	D	D	D	D	-	-	-
L	L	-	-	-	D	D	L	L	L	-	-	-	-
-	-	D	D	D	-	-	-	-	E	D	D	L	L
-	-	D	L	L	-	-	-	-	D	D	L	L	-
L	L	-	-	-	D	D	D	D	L	-	-	-	-
L	-	-	-	-	E	E	D	-	-	-	-	-	-
-	-	-	-	-	-	-	-	-	-	D	D	D	D
-	-	-	-	D	D	D	D	-	-	-	-	-	-
-	-	-	-	E	E	E	E	-	-	-	-	-	-
-	-	-	E	E	E	E	-	-	-	-	-	-	-
Objective 0: 1600
Objective 1: 8
Constr violation: 0
Restrictions violated:
0 0 0 0 0 0 0 0 

Individual 5
1	2	3	4	5	6	7	8	9	10	11	12	13	14
-	E	E	E	D	-	-	E	E	D	-	-	D	D
D	D	D	D	D	-	-	-	-	-	E	L	L	L
-	-	-	E	L	-	-	-	-	E	D	D	L	L
-	L	L	L	L	-	-	E	E	L	-	-	E	E
-	E	E	-	-	-	-	-	-	E	E	E	E	E
-	-	-	D	D	-	-	-	-	E	E	E	D	D
E	E	D	D	-	-	-	-	E	L	L	L	L	-
-	-	E	E	L	L	L	-	-	D	L	L	-	-
D	D	D	D	D	-	-	L	L	-	-	-	D	D
E	D	-	-	-	D	D	D	D	D	-	-	-	-
D	D	-	-	-	E	D	D	D	D	D	-	-	-
L	L	-	-	-	D	D	L	L	L	-	-	-	-
-	-	D	D	D	-	-	-	-	E	D	D	L	L
-	-	D	L	L	-	-	-	-	D	D	L	L	-
L	L	-	-	-	D	D	D	D	L	-	-	-	-
L	-	-	-	-	E	E	D	-	-	-	-	-	-
-	-	-	-	-	-	-	-	-	-	D	D	D	D
-	-	-	-	-	D	D	D	D	-	-	-	-	-
-	-	-	-	E	E	E	E	-	-	-	-	-	-
-	-	-	E	E	E	E	-	-	-	-	-	-	-
Objective 0: 1701
Objective 1: 7
Constr violation: 0
Restrictions violated:
0 0 0 0 0 0 0 0 

Individual 6
1	2	3	4	5	6	7	8	9	10	11	12	13	14
-	E	E	E	D	-	-	E	E	D	-	-	D	D
D	D	D	D	D	-	-	-	-	-	E	L	L	L
-	-	-	E	L	-	-	-	-	E	D	D	L	L
-	L	L	L	L	-	-	E	E	L	-	-	E	E
-	E	E	-	-	-	-	-	-	E	E	E	E	E
-	-	-	D	D	-	-	-	-	E	E	E	D	D
E	E	D	D	-	-	-	-	E	L	L	L	L	-
-	-	E	E	L	L	L	-	-	D	L	L	-	-
D	D	D	D	D	-	-	L	L	-	-	-	D	D
E	D	-	-	-	D	D	D	D	D	-	-	-	-
D	D	-	-	-	E	D	D	D	D	D	-	-	-
L	L	-	-	-	D	D	L	L	L	-	-	-	-
-	-	D	D	D	-	-	-	-	E	D	D	L	L
-	-	D	L	L	-	-	-	-	D	D	L	L	-
L	L	-	-	-	D	D	D	D	L	-	-	-	-
L	-	-	-	-	E	E	D	-	-	-	-	-	-
-	-	-	-	-	-	-	-	-	-	D	D	D	D
-	-	-	-	-	D	D	D	D	-	-	-	-	-
-	-	-	-	E	E	E	E	-	-	-	-	-	-
-	-	-	E	E	E	E	-	-	-	-	-	-	-
Objective 0: 1701
Objective 1: 7
Constr violation: 0
Restrictions violated:
0 0 0 0 0 0 0 0 

Individual 7
1	2	3	4	5	6	7	8	9	10	11	12	13	14
-	E	E	E	D	-	-	E	E	D	-	-	D	D
D	D	D	D	D	-	-	-	-	-	E	L	L	L
-	-	-	E	L	-	-	-	-	E	D	D	L	L
-	L	L	L	L	-	-	E	E	L	-	-	E	E
-	E	E	-	-	-	-	-	-	E	E	E	E	E
-	-	-	D	D	-	-	-	-	E	E	E	D	D
E	E	D	D	-	-	-	-	E	L	L	L	L	-
-	-	E	E	L	L	L	-	-	D	L	L	-	-
D	D	D	D	D	-	-	L	L	-	-	-	D	D
E	D	-	-	-	D	D	D	D	D	-	-	-	-
D	D	-	-	-	E	D	D	D	D	D	-	-	-
L	L	-	-	-	D	D	L	L	L	-	-	-	-
-	-	D	D	D	-	-	-	-	E	D	D	L	L
-	-	D	L	L	-	-	-	-	D	D	L	L	-
L	L	-	-	-	D	D	D	D	L	-	-	-	-
L	-	-	-	-	E	E	D	-	-	-	-	-	-
-	-	-	-	-	-	-	-	-	-	D	D	D	D
-	-	-	-	-	D	D	D	D	-	-	-	-	-
-	-	-	-	E	E	E	E	-	-	-	-	-	-
-	-	-	E	E	E	E	-	-	-	-	-	-	-
Objective 0: 1701
Objective 1: 7
Constr violation: 0
Restrictions violated:
0 0 0 0 0 0 0 0 

Individual 8
1	2	3	4	5	6	7	8	9	10	11	12	13	14
-	E	E	E	D	-	-	E	E	D	-	-	D	D
D	D	D	D	-	-	-	D	D	-	-	L	L	L
-	-	-	E	L	-	-	-	-	E	D	D	L	L
-	L	L	L	L	-	-	E	E	L	-	-	E	E
-	E	E	-	-	-	-	-	-	E	E	E	E	E
-	-	-	D	D	-	-	-	-	E	E	E	D	D
E	E	D	D	-	-	-	-	E	L	L	L	L	-
-	-	E	E	L	L	L	-	-	D	L	L	-	-
D	D	D	D	D	-	-	L	L	-	-	-	D	D
E	D	-	-	-	D	D	D	D	D	-	-	-	-
D	D	-	-	-	E	D	D	D	D	D	-	-	-
L	L	-	-	-	D	D	L	L	L	-	-	-	-
-	-	D	D	D	-	-	-	-	E	D	D	L	L
-	-	D	L	L	-	-	-	-	D	D	L	L	-
L	L	-	-	-	D	D	D	D	L	-	-	-	-
L	-	-	-	-	E	E	D	-	-	-	-	-	-
-	-	-	-	-	-	-	-	-	-	D	D	D	D
-	-	-	-	D	D	D	D	-	-	-	-	-	-
-	-	-	-	E	E	E	E	-	-	-	-	-	-
-	-	-	E	E	E	E	-	-	-	-	-	-	-
Objective 0: 1600
Objective 1: 8
Constr violation: 0
Restrictions violated:
0 0 0 0 0 0 0 0 

Individual 9
1	2	3	4	5	6	7	8	9	10	11	12	13	14
-	E	E	E	D	-	-	E	E	D	-	-	D	D
D	D	D	D	D	-	-	-	-	-	E	L	L	L
-	-	-	E	L	-	-	-	-	E	D	D	L	L
-	L	L	L	L	-	-	E	E	L	-	-	E	E
-	E	E	-	-	-	-	-	-	E	E	E	E	E
-	-	-	D	D	-	-	-	-	E	E	E	D	D
E	E	D	D	-	-	-	-	E	L	L	L	L	-
-	-	E	E	L	L	L	-	-	D	L	L	-	-
D	D	D	D	D	-	-	L	L	-	-	-	D	D
E	D	-	-	-	D	D	D	D	D	-	-	-	-
D	D	-	-	-	E	D	D	D	D	D	-	-	-
L	L	-	-	-	D	D	L	L	L	-	-	-	-
-	-	D	D	D	-	-	-	-	E	D	D	L	L
-	-	D	L	L	-	-	-	-	D	D	L	L	-
L	L	-	-	-	D	D	D	D	L	-	-	-	-
L	-	-	-	-	E	E	D	-	-	-	-	-	-
-	-	-	-	-	-	-	-	-	-	D	D	D	D
-	-	-	-	-	D	D	D	D	-	-	-	-	-
-	-	-	-	E	E	E	E	-	-	-	-	-	-
-	-	-	E	E	E	E	-	-	-	-	-	-	-
Objective 0: 1701
Objective 1: 7
Constr violation: 0
Restrictions violated:
0 0 0 0 0 0 0 0 

Individual 10
1	2	3	4	5	6	7	8	9	10	11	12	13	14
-	E	E	E	D	-	-	E	E	D	-	-	D	D
D	D	D	D	D	-	-	-	-	-	E	L	L	L
-	-	-	E	L	-	-	-	-	E	D	D	L	L
-	L	L	L	L	-	-	E	E	L	-	-	E	E
-	E	E	-	-	-	-	-	-	E	E	E	E	E
-	-	-	D	D	-	-	-	-	E	E	E	D	D
E	E	D	D	-	-	-	-	E	L	L	L	L	-
-	-	E	E	L	L	L	-	-	D	L	L	-	-
D	D	D	D	D	-	-	L	L	-	-	-	D	D
E	D	-	-	-	D	D	D	D	D	-	-	-	-
D	D	-	-	-	E	D	D	D	D	D	-	-	-
L	L	-	-	-	D	D	L	L	L	-	-	-	-
-	-	D	D	D	-	-	-	-	E	D	D	L	L
-	-	D	L	L	-	-	-	-	D	D	L	L	-
L	L	-	-	-	D	D	D	D	L	-	-	-	-
L	-	-	-	-	E	E	D	-	-	-	-	-	-
-	-	-	-	-	-	-	-	-	-	D	D	D	D
-	-	-	-	-	D	D	D	D	-	-	-	-	-
-	-	-	-	E	E	E	E	-	-	-	-	-	-
-	-	-	E	E	E	E	-	-	-	-	-	-	-
Objective 0: 1701
Objective 1: 7
Constr violation: 0
Restrictions violated:
0 0 0 0 0 0 0 0 

Individual 11
1	2	3	4	5	6	7	8	9	10	11	12	13	14
-	E	E	E	D	-	-	E	E	D	-	-	D	D
D	D	D	D	D	-	-	-	-	-	E	L	L	L
-	-	-	E	L	-	-	-	-	E	D	D	L	L
-	L	L	L	L	-	-	E	E	L	-	-	E	E
-	E	E	-	-	-	-	-	-	E	E	E	E	E
-	-	-	D	D	-	-	-	-	E	E	E	D	D
E	E	D	D	-	-	-	-	E	L	L	L	L	-
-	-	E	E	L	L	L	-	-	D	L	L	-	-
D	D	D	D	D	-	-	L	L	-	-	-	D	D
E	D	-	-	-	D	D	D	D	D	-	-	-	-
D	D	-	-	-	E	D	D	D	D	D	-	-	-
L	L	-	-	-	D	D	L	L	L	-	-	-	-
-	-	D	D	D	-	-	-	-	E	D	D	L	L
-	-	D	L	L	-	-	-	-	D	D	L	L	-
L	L	-	-	-	D	D	D	D	L	-	-	-	-
L	-	-	-	-	E	E	D	-	-	-	-	-	-
-	-	-	-	-	-	-	-	-	-	D	D	D	D
-	-	-	-	-	D	D	D	D	-	-	-	-	-
-	-	-	-	E	E	E	E	-	-	-	-	-	-
-	-	-	E	E	E	E	-	-	-	-	-	-	-
Objective 0: 1701
Objective 1: 7
Constr violation: 0
Restrictions violated:
0 0 0 0 0 0 0 0 

