3510 39 
3612 37 
3510 39 
3510 39 
3612 37 
3612 37 
3510 39 
3510 39 
3510 39 
3510 39 
3510 39 
3612 37 
3510 39 
3510 39 
3510 39 
3510 39 
3510 39 
3612 37 
3510 39 
3510 39 
3510 39 
3510 39 
3510 39 
3510 39 
3510 39 
3510 39 
3510 39 
3612 37 
3510 39 
3510 39 
3510 39 
3612 37 
3510 39 
3510 39 
3510 39 
3510 39 
3510 39 
3510 39 
3510 39 
3510 39 
3510 39 
3510 39 
3510 39 
3510 39 
3510 39 
3612 37 
3510 39 
3510 39 
3510 39 
3612 37 
3510 39 
3510 39 
3510 39 
3510 39 
3510 39 
3510 39 
3510 39 
3510 39 
3510 39 
3510 39 
3510 39 
3510 39 
3510 39 
3510 39 
3510 39 
3510 39 
3612 37 
3510 39 
3510 39 
3510 39 
3510 39 
3510 39 
3510 39 
3510 39 
3510 39 
3510 39 
3510 39 
3510 39 
3510 39 
3510 39 
3510 39 
3510 39 
3510 39 
3612 37 
3510 39 
3612 37 
3510 39 
3510 39 
3510 39 
3510 39 
3510 39 
3510 39 
3510 39 
3510 39 
3510 39 
3510 39 
3612 37 
3510 39 
3510 39 
3510 39 
