4215 50 
4115 52 
4115 52 
4115 52 
4215 50 
4215 50 
4115 52 
4215 50 
4115 52 
4115 52 
4215 50 
4115 52 
4215 50 
4115 52 
4115 52 
4215 50 
4115 52 
4115 52 
4215 50 
4115 52 
4215 50 
4115 52 
4215 50 
4215 50 
4115 52 
4115 52 
4115 52 
4115 52 
4115 52 
4115 52 
4215 50 
4115 52 
4115 52 
4115 52 
4115 52 
4115 52 
4215 50 
4215 50 
4115 52 
4115 52 
4115 52 
4115 52 
4215 50 
4115 52 
4115 52 
4115 52 
4115 52 
4115 52 
4215 50 
4115 52 
4215 50 
4115 52 
4115 52 
4115 52 
4115 52 
4215 50 
4215 50 
4115 52 
4115 52 
4115 52 
4115 52 
4115 52 
4215 50 
4115 52 
4115 52 
4115 52 
4115 52 
4115 52 
4115 52 
4115 52 
4215 50 
4215 50 
4215 50 
4215 50 
4115 52 
4115 52 
4215 50 
4215 50 
4115 52 
4115 52 
4115 52 
4115 52 
4215 50 
4115 52 
4115 52 
4215 50 
4115 52 
4115 52 
4115 52 
4115 52 
4215 50 
4215 50 
4115 52 
4115 52 
4115 52 
4115 52 
4215 50 
4115 52 
4215 50 
4215 50 
