3711 60 
3610 61 
3711 60 
3711 60 
3610 61 
3610 61 
3610 61 
3711 60 
3610 61 
3711 60 
3610 61 
3711 60 
3610 61 
3610 61 
3711 60 
3711 60 
3711 60 
3711 60 
3711 60 
3711 60 
3711 60 
3711 60 
3711 60 
3610 61 
3711 60 
3711 60 
3610 61 
3610 61 
3610 61 
3610 61 
3711 60 
3711 60 
3610 61 
3610 61 
3610 61 
3711 60 
3711 60 
3610 61 
3610 61 
3711 60 
3711 60 
3610 61 
3711 60 
3711 60 
3711 60 
3711 60 
3711 60 
3610 61 
3711 60 
3711 60 
3610 61 
3610 61 
3610 61 
3711 60 
3711 60 
3610 61 
3610 61 
3711 60 
3610 61 
3610 61 
3711 60 
3711 60 
3610 61 
3711 60 
3711 60 
3610 61 
3610 61 
3610 61 
3711 60 
3711 60 
3711 60 
3610 61 
3711 60 
3610 61 
3711 60 
3711 60 
3610 61 
3610 61 
3711 60 
3711 60 
3711 60 
3610 61 
3610 61 
3610 61 
3610 61 
3711 60 
3711 60 
3610 61 
3711 60 
3711 60 
3610 61 
3711 60 
3610 61 
3711 60 
3711 60 
3711 60 
3610 61 
3711 60 
3711 60 
3711 60 
