2201 8 
2403 6 
2403 6 
2302 7 
2302 7 
2201 8 
2302 7 
2201 8 
2201 8 
2201 8 
2201 8 
2201 8 
2201 8 
2201 8 
2201 8 
2201 8 
2201 8 
2201 8 
2201 8 
2201 8 
2201 8 
2201 8 
2201 8 
2201 8 
2201 8 
2201 8 
2201 8 
2201 8 
2201 8 
2201 8 
2201 8 
2201 8 
2201 8 
2201 8 
2201 8 
2201 8 
2201 8 
2201 8 
2201 8 
2201 8 
2201 8 
2201 8 
2201 8 
2201 8 
2201 8 
2201 8 
2201 8 
2201 8 
2201 8 
2201 8 
2201 8 
2201 8 
2201 8 
2201 8 
2201 8 
2201 8 
2201 8 
2201 8 
2201 8 
2201 8 
2302 7 
2201 8 
2201 8 
2201 8 
2201 8 
2201 8 
2201 8 
2302 7 
2201 8 
2201 8 
2201 8 
2201 8 
2201 8 
2201 8 
2201 8 
2201 8 
2201 8 
2201 8 
2201 8 
2201 8 
2403 6 
2201 8 
2201 8 
2201 8 
2201 8 
2201 8 
2201 8 
2201 8 
2201 8 
2201 8 
2201 8 
2201 8 
2201 8 
2201 8 
2201 8 
2201 8 
2201 8 
2201 8 
2201 8 
2201 8 
