5228 62 
5428 56 
5328 59 
5228 62 
5328 59 
5328 59 
5228 62 
5428 56 
5428 56 
5328 59 
5428 56 
5428 56 
5428 56 
5428 56 
5328 59 
5428 56 
5328 59 
5328 59 
5328 59 
5328 59 
5428 56 
5428 56 
5228 62 
5328 59 
5328 59 
5328 59 
5428 56 
5328 59 
5328 59 
5428 56 
5428 56 
5428 56 
5328 59 
5328 59 
5428 56 
5328 59 
5328 59 
5428 56 
5328 59 
5428 56 
5428 56 
5328 59 
5428 56 
5328 59 
5328 59 
5328 59 
5328 59 
5328 59 
5428 56 
5428 56 
5328 59 
5428 56 
5328 59 
5428 56 
5328 59 
5428 56 
5328 59 
5428 56 
5328 59 
5428 56 
5428 56 
5328 59 
5328 59 
5328 59 
5328 59 
5328 59 
5328 59 
5428 56 
5328 59 
5328 59 
5428 56 
5328 59 
5428 56 
5428 56 
5328 59 
5328 59 
5428 56 
5428 56 
5428 56 
5428 56 
5428 56 
5428 56 
5328 59 
5428 56 
5428 56 
5428 56 
5328 59 
5428 56 
5228 62 
5328 59 
5428 56 
5328 59 
5428 56 
5328 59 
5428 56 
5428 56 
5328 59 
5328 59 
5328 59 
5328 59 
