4217 35 
4115 40 
4217 35 
4116 37 
4116 37 
4217 35 
4116 37 
4116 37 
4115 40 
4116 37 
4116 37 
4115 40 
4217 35 
4116 37 
4116 37 
4116 37 
4116 37 
4116 37 
4116 37 
4116 37 
4115 40 
4116 37 
4115 40 
4116 37 
4116 37 
4115 40 
4116 37 
4116 37 
4115 40 
4116 37 
4116 37 
4115 40 
4116 37 
4116 37 
4116 37 
4116 37 
4116 37 
4116 37 
4116 37 
4116 37 
4217 35 
4116 37 
4115 40 
4116 37 
4116 37 
4116 37 
4116 37 
4116 37 
4116 37 
4116 37 
4116 37 
4217 35 
4116 37 
4116 37 
4116 37 
4115 40 
4116 37 
4116 37 
4115 40 
4115 40 
4115 40 
4115 40 
4115 40 
4116 37 
4116 37 
4116 37 
4116 37 
4115 40 
4116 37 
4116 37 
4115 40 
4116 37 
4115 40 
4116 37 
4116 37 
4116 37 
4116 37 
4116 37 
4217 35 
4116 37 
4116 37 
4116 37 
4116 37 
4116 37 
4115 40 
4115 40 
4116 37 
4116 37 
4115 40 
4116 37 
4116 37 
4217 35 
4116 37 
4116 37 
4115 40 
4116 37 
4116 37 
4116 37 
4115 40 
4116 37 
