3611 48 
3914 44 
3913 45 
3712 47 
3913 45 
3712 47 
3611 48 
3712 47 
3914 44 
3611 48 
3712 47 
3913 45 
3914 44 
3913 45 
3611 48 
3712 47 
3913 45 
3611 48 
3611 48 
3913 45 
3913 45 
3611 48 
3712 47 
3913 45 
3712 47 
3913 45 
3913 45 
3611 48 
3913 45 
3712 47 
3913 45 
3913 45 
3712 47 
3712 47 
3712 47 
3611 48 
3712 47 
3914 44 
3611 48 
3712 47 
3712 47 
3914 44 
3913 45 
3913 45 
3712 47 
3712 47 
3611 48 
3611 48 
3914 44 
3913 45 
3611 48 
3712 47 
3611 48 
3913 45 
3611 48 
3712 47 
3914 44 
3913 45 
3712 47 
3913 45 
3712 47 
3913 45 
3913 45 
3712 47 
3712 47 
3913 45 
3611 48 
3913 45 
3712 47 
3611 48 
3712 47 
3712 47 
3611 48 
3611 48 
3913 45 
3712 47 
3611 48 
3913 45 
3611 48 
3611 48 
3712 47 
3611 48 
3913 45 
3913 45 
3712 47 
3913 45 
3913 45 
3913 45 
3611 48 
3712 47 
3611 48 
3913 45 
3712 47 
3913 45 
3611 48 
3913 45 
3913 45 
3611 48 
3611 48 
3913 45 
