4014 46 
4115 43 
4014 46 
4115 43 
4014 46 
4115 43 
4014 46 
4014 46 
4115 43 
4115 43 
4115 43 
4014 46 
4115 43 
4014 46 
4014 46 
4115 43 
4014 46 
4115 43 
4115 43 
4014 46 
4115 43 
4014 46 
4014 46 
4115 43 
4115 43 
4115 43 
4115 43 
4115 43 
4115 43 
4115 43 
4115 43 
4115 43 
4014 46 
4014 46 
4115 43 
4014 46 
4014 46 
4115 43 
4014 46 
4014 46 
4115 43 
4115 43 
4115 43 
4014 46 
4014 46 
4014 46 
4115 43 
4115 43 
4115 43 
4014 46 
4014 46 
4115 43 
4115 43 
4115 43 
4014 46 
4014 46 
4014 46 
4115 43 
4115 43 
4115 43 
4115 43 
4115 43 
4115 43 
4014 46 
4014 46 
4115 43 
4115 43 
4014 46 
4115 43 
4115 43 
4115 43 
4014 46 
4014 46 
4115 43 
4014 46 
4014 46 
4115 43 
4115 43 
4115 43 
4115 43 
4115 43 
4014 46 
4115 43 
4115 43 
4014 46 
4115 43 
4014 46 
4115 43 
4014 46 
4115 43 
4014 46 
4115 43 
4115 43 
4115 43 
4115 43 
4115 43 
4115 43 
4115 43 
4014 46 
4014 46 
