3511 44 
3814 41 
3813 42 
3512 43 
3512 43 
3511 44 
3813 42 
3512 43 
3813 42 
3814 41 
3813 42 
3512 43 
3511 44 
3814 41 
3814 41 
3814 41 
3813 42 
3814 41 
3814 41 
3813 42 
3813 42 
3813 42 
3813 42 
3814 41 
3814 41 
3813 42 
3813 42 
3511 44 
3814 41 
3512 43 
3813 42 
3814 41 
3814 41 
3813 42 
3814 41 
3814 41 
3813 42 
3813 42 
3814 41 
3813 42 
3813 42 
3512 43 
3814 41 
3813 42 
3813 42 
3813 42 
3813 42 
3813 42 
3813 42 
3813 42 
3813 42 
3813 42 
3814 41 
3813 42 
3512 43 
3813 42 
3813 42 
3814 41 
3813 42 
3511 44 
3814 41 
3814 41 
3813 42 
3813 42 
3813 42 
3813 42 
3813 42 
3813 42 
3813 42 
3814 41 
3813 42 
3813 42 
3813 42 
3813 42 
3813 42 
3814 41 
3512 43 
3813 42 
3814 41 
3813 42 
3511 44 
3814 41 
3813 42 
3814 41 
3813 42 
3511 44 
3813 42 
3511 44 
3814 41 
3813 42 
3511 44 
3813 42 
3814 41 
3814 41 
3511 44 
3813 42 
3813 42 
3813 42 
3814 41 
3813 42 
