6233 117 
6536 111 
6233 117 
6233 117 
6536 111 
6536 111 
6536 111 
6536 111 
6536 111 
6536 111 
6536 111 
6536 111 
6536 111 
6536 111 
6536 111 
6536 111 
6536 111 
6536 111 
6536 111 
6536 111 
6536 111 
6233 117 
6536 111 
6233 117 
6536 111 
6536 111 
6233 117 
6536 111 
6233 117 
6536 111 
6536 111 
6536 111 
6536 111 
6536 111 
6536 111 
6233 117 
6536 111 
6536 111 
6536 111 
6233 117 
6233 117 
6536 111 
6536 111 
6536 111 
6536 111 
6536 111 
6536 111 
6233 117 
6536 111 
6233 117 
6536 111 
6233 117 
6536 111 
6536 111 
6233 117 
6536 111 
6536 111 
6233 117 
6536 111 
6536 111 
6233 117 
6536 111 
6536 111 
6536 111 
6536 111 
6536 111 
6536 111 
6536 111 
6536 111 
6233 117 
6536 111 
6536 111 
6536 111 
6536 111 
6536 111 
6536 111 
6233 117 
6536 111 
6536 111 
6536 111 
6536 111 
6233 117 
6536 111 
6536 111 
6536 111 
6536 111 
6536 111 
6536 111 
6233 117 
6536 111 
6536 111 
6536 111 
6536 111 
6233 117 
6233 117 
6233 117 
6536 111 
6536 111 
6233 117 
6233 117 
