Individual 0
1	2	3	4	5	6	7	8	9	10	11	12	13	14	15	16	17	18	19	20	21	22	23	24	25	26	27	28
-	E	E	E	-	-	-	L	L	L	-	-	E	E	-	-	E	L	L	L	L	-	-	E	E	L	-	-
E	-	-	-	-	-	-	-	E	E	-	-	-	-	E	E	-	-	-	E	E	E	-	-	E	E	E	-
L	-	-	E	L	-	-	-	E	L	L	L	-	-	-	-	-	E	E	E	E	-	-	E	E	E	L	L
E	-	-	E	E	-	-	E	E	E	L	-	-	E	L	L	L	-	-	L	L	-	-	E	L	L	-	-
E	E	E	L	L	-	-	E	L	L	L	L	-	-	E	E	L	-	-	E	E	E	L	-	-	-	-	E
-	-	L	L	L	L	-	-	-	L	L	-	-	L	L	L	L	-	-	L	L	-	-	L	L	L	L	-
E	L	L	L	L	-	-	L	L	L	L	L	-	-	E	L	-	-	E	E	-	-	L	L	L	-	-	L
L	-	-	L	L	-	-	L	L	L	-	-	-	-	L	L	L	-	-	E	L	L	L	-	-	L	L	L
E	L	L	L	-	-	E	E	-	-	L	L	L	L	L	-	-	E	L	-	-	E	L	L	L	L	-	-
E	L	L	-	-	E	E	-	-	L	L	-	-	-	E	E	E	E	L	-	-	-	L	L	-	-	E	E
Objective 0: 5130
Objective 1: 72
Constr violation: -2
Restrictions violated:
0 0 0 0 0 0 1 1 

Individual 1
1	2	3	4	5	6	7	8	9	10	11	12	13	14	15	16	17	18	19	20	21	22	23	24	25	26	27	28
-	E	E	E	-	-	-	L	L	L	-	-	E	E	-	-	E	L	L	L	L	-	-	E	E	L	-	-
E	-	-	-	-	-	-	-	E	E	-	-	-	-	E	E	-	-	-	E	E	E	-	-	E	E	E	-
L	-	-	E	L	-	-	-	E	L	L	L	-	-	-	-	-	E	E	E	E	-	-	E	E	E	L	L
E	-	-	E	E	-	-	E	E	E	L	-	-	E	L	L	L	-	-	L	L	-	-	E	L	L	-	-
E	E	E	L	L	-	-	E	L	L	L	L	-	-	E	E	L	-	-	E	E	E	-	-	-	-	-	E
L	-	-	L	L	L	L	L	-	-	-	-	-	L	L	L	L	-	-	L	L	L	-	-	L	L	L	-
E	L	L	L	L	-	-	-	E	E	-	-	E	E	E	L	-	-	E	E	-	-	L	L	L	-	-	-
L	-	-	L	L	-	-	L	L	L	-	-	-	-	L	L	L	-	-	E	L	L	L	-	-	L	L	L
L	L	L	L	-	-	E	E	-	-	-	E	L	L	L	-	-	E	L	-	-	E	L	L	L	L	-	-
E	L	L	-	-	E	E	-	-	L	L	L	-	-	E	E	E	E	L	-	-	-	L	L	-	-	E	E
Objective 0: 4420
Objective 1: 93
Constr violation: -2
Restrictions violated:
0 0 0 0 0 0 1 1 

Individual 2
1	2	3	4	5	6	7	8	9	10	11	12	13	14	15	16	17	18	19	20	21	22	23	24	25	26	27	28
-	E	E	E	-	-	-	L	L	L	-	-	E	E	-	-	E	L	L	L	L	-	-	E	E	L	-	-
E	-	-	-	-	-	-	-	E	E	-	-	-	-	E	E	-	-	-	-	-	-	-	-	E	E	E	-
L	-	-	E	L	-	-	-	E	L	L	L	-	-	-	-	-	E	E	E	E	-	-	E	E	E	L	L
E	-	-	E	E	-	-	E	E	E	L	-	-	E	L	L	L	-	-	L	L	-	-	E	L	L	-	-
E	E	E	L	L	-	-	E	L	L	L	L	-	-	E	E	L	-	-	E	E	E	-	-	-	-	-	E
L	-	-	L	L	L	L	L	-	-	-	-	-	L	L	L	L	-	-	L	L	L	-	-	L	L	L	-
E	L	L	L	L	-	-	-	E	E	-	-	E	E	E	L	-	-	E	E	-	-	L	L	L	-	-	-
L	-	-	L	L	-	-	L	L	L	-	-	-	-	L	L	L	-	-	E	L	L	L	-	-	L	L	L
E	L	L	L	-	-	E	E	-	-	-	E	L	L	-	-	-	E	L	-	-	E	L	L	L	L	-	-
E	L	L	-	-	E	E	-	-	L	L	L	-	-	E	E	E	E	L	-	-	-	L	L	-	-	E	E
Objective 0: 4719
Objective 1: 91
Constr violation: -2
Restrictions violated:
0 0 0 0 0 0 1 1 

Individual 3
1	2	3	4	5	6	7	8	9	10	11	12	13	14	15	16	17	18	19	20	21	22	23	24	25	26	27	28
E	E	E	E	L	-	-	-	L	L	L	L	-	-	-	L	L	-	-	L	L	-	-	E	L	L	L	L
E	-	-	-	-	-	-	-	E	E	-	-	-	-	E	E	-	-	-	E	E	E	-	-	E	E	E	-
L	-	-	E	L	-	-	-	E	L	L	L	-	-	-	-	-	E	E	E	E	-	-	E	E	E	L	L
E	-	-	E	E	-	-	E	L	L	L	-	-	E	E	L	L	-	-	L	L	-	-	E	L	L	-	-
E	E	E	L	L	-	-	E	L	L	L	L	-	-	E	E	L	-	-	E	E	E	L	-	-	-	-	E
-	-	L	L	L	L	L	-	-	L	L	-	-	L	L	L	L	-	-	L	L	L	-	-	L	L	L	-
E	L	L	L	L	-	-	-	E	E	-	-	E	E	E	L	-	-	E	E	-	-	L	L	L	-	-	-
L	-	-	L	L	-	-	L	L	L	-	-	-	-	L	L	L	-	-	E	L	L	L	-	-	L	L	L
L	L	L	L	-	-	E	E	-	-	L	L	L	L	L	-	-	E	L	-	-	E	L	L	L	L	-	-
E	L	L	-	-	E	E	-	-	L	L	L	-	-	E	E	E	E	L	-	-	-	L	L	-	-	E	E
Objective 0: 5435
Objective 1: 95
Constr violation: -2
Restrictions violated:
0 0 0 0 0 0 1 1 

Individual 4
1	2	3	4	5	6	7	8	9	10	11	12	13	14	15	16	17	18	19	20	21	22	23	24	25	26	27	28
E	L	L	L	L	-	-	-	L	L	L	L	-	-	-	L	L	-	-	L	L	-	-	E	L	L	L	L
E	-	-	-	-	-	-	-	E	E	-	-	-	-	E	E	-	-	-	E	E	E	-	-	E	E	E	-
L	-	-	E	L	-	-	-	E	L	L	L	-	-	-	-	-	E	E	E	E	-	-	E	E	E	L	L
E	-	-	E	E	-	-	E	L	L	L	-	-	E	E	L	L	-	-	L	L	-	-	L	L	L	-	-
E	E	E	L	L	-	-	E	L	L	L	L	-	-	E	E	L	-	-	E	E	E	L	-	-	-	-	E
-	-	L	L	-	-	-	-	-	L	L	L	-	-	-	L	L	-	-	L	L	-	-	L	L	L	L	-
E	L	L	L	L	-	-	L	L	L	L	L	-	-	E	L	-	-	E	E	-	-	L	L	L	-	-	L
L	-	-	L	L	-	-	L	L	L	-	-	-	-	L	L	L	-	-	E	L	L	L	-	-	L	L	L
E	L	L	L	-	-	E	E	-	-	L	L	L	L	L	-	-	E	L	-	-	E	L	L	L	L	-	-
E	L	L	-	-	E	E	-	-	L	L	L	-	-	E	E	E	E	L	-	-	-	L	L	-	-	L	L
Objective 0: 6847
Objective 1: 83
Constr violation: -2
Restrictions violated:
0 0 0 0 0 0 0 2 

Individual 5
1	2	3	4	5	6	7	8	9	10	11	12	13	14	15	16	17	18	19	20	21	22	23	24	25	26	27	28
E	E	E	E	L	-	-	L	L	L	-	-	E	E	-	-	E	L	L	L	L	-	-	E	E	L	-	-
E	-	-	-	-	-	-	-	E	E	-	-	-	-	E	E	-	-	-	E	E	E	-	-	E	E	E	-
L	-	-	E	L	-	-	-	E	L	L	L	-	-	-	-	-	E	E	E	E	-	-	E	E	E	L	L
E	-	-	E	E	-	-	E	E	E	L	-	-	E	E	L	L	-	-	L	L	-	-	L	L	L	-	-
E	E	E	L	L	-	-	E	L	L	L	L	-	-	E	E	L	-	-	E	E	E	L	-	-	-	-	E
-	-	L	L	L	L	L	-	-	L	L	L	-	-	L	L	L	-	-	L	L	-	-	L	L	L	L	-
E	L	L	L	L	-	-	L	L	L	L	L	-	-	E	L	-	-	E	E	-	-	L	L	L	-	-	L
L	-	-	L	L	-	-	L	L	L	-	-	-	-	L	L	L	-	-	E	L	L	L	-	-	L	L	L
E	L	L	L	-	-	E	E	-	-	L	L	L	L	L	-	-	E	L	-	-	E	L	L	L	L	-	-
E	L	L	-	-	E	E	-	-	L	L	L	-	-	E	E	E	E	L	-	-	-	L	L	-	-	E	E
Objective 0: 5336
Objective 1: 77
Constr violation: -2
Restrictions violated:
0 0 0 0 0 0 1 1 

Individual 6
1	2	3	4	5	6	7	8	9	10	11	12	13	14	15	16	17	18	19	20	21	22	23	24	25	26	27	28
E	L	L	L	L	-	-	-	L	L	L	L	-	-	-	L	L	-	-	L	L	-	-	E	E	L	-	-
E	-	-	-	-	-	-	-	E	E	-	-	-	-	E	E	-	-	-	-	-	-	-	-	E	E	-	-
L	-	-	E	L	-	-	-	E	L	L	L	-	-	-	-	-	E	E	E	E	-	-	E	E	E	L	L
E	-	-	E	E	-	-	E	L	L	L	-	-	E	E	L	L	-	-	L	L	-	-	L	L	L	-	-
E	E	E	L	L	-	-	E	L	L	L	L	-	-	E	E	L	-	-	E	E	-	-	-	-	-	-	E
-	-	L	L	-	-	-	-	-	L	L	L	-	-	-	L	L	-	-	L	L	-	-	-	L	L	L	-
E	L	L	L	L	-	-	-	L	L	L	L	-	-	E	L	-	-	E	E	-	-	L	L	L	-	-	-
L	-	-	L	L	-	-	L	L	L	-	-	-	-	L	L	L	-	-	E	L	L	L	-	-	L	L	L
E	L	L	L	-	-	E	E	-	-	-	E	L	L	-	-	-	E	L	-	-	E	L	L	L	L	-	-
E	L	L	-	-	E	E	-	-	L	L	-	-	-	E	E	E	E	L	-	-	-	L	L	-	-	E	E
Objective 0: 7136
Objective 1: 90
Constr violation: -2
Restrictions violated:
0 0 0 0 0 0 0 2 

Individual 7
1	2	3	4	5	6	7	8	9	10	11	12	13	14	15	16	17	18	19	20	21	22	23	24	25	26	27	28
E	L	L	L	L	-	-	L	L	L	-	-	E	E	-	-	E	L	L	L	L	-	-	E	E	L	-	-
E	-	-	-	-	-	-	-	E	E	-	-	-	-	E	E	-	-	-	E	E	E	-	-	E	E	E	-
L	-	-	E	L	-	-	-	E	L	L	L	-	-	-	-	-	E	E	E	E	-	-	E	E	E	L	L
E	-	-	E	E	-	-	E	L	L	L	-	-	E	E	L	L	-	-	L	L	-	-	L	L	L	-	-
E	E	E	L	L	-	-	E	L	L	L	L	-	-	E	E	L	-	-	E	E	E	L	-	-	-	-	E
-	-	L	L	L	L	L	-	-	L	L	-	-	L	L	L	L	-	-	L	L	-	-	L	L	L	L	-
E	L	L	L	L	-	-	L	L	L	L	L	-	-	E	L	-	-	E	E	-	-	L	L	L	-	-	L
L	-	-	L	L	-	-	L	L	L	-	-	-	-	L	L	L	-	-	E	L	L	L	-	-	L	L	L
L	L	L	L	-	-	E	E	-	-	L	L	L	L	L	-	-	E	L	-	-	E	L	L	L	L	-	-
E	L	L	-	-	E	E	-	-	L	L	L	-	-	E	E	E	E	L	-	-	-	L	L	-	-	E	E
Objective 0: 5538
Objective 1: 80
Constr violation: -2
Restrictions violated:
0 0 0 0 0 0 1 1 

Individual 8
1	2	3	4	5	6	7	8	9	10	11	12	13	14	15	16	17	18	19	20	21	22	23	24	25	26	27	28
-	E	E	E	-	-	-	L	L	L	-	-	E	E	-	-	E	L	L	L	L	-	-	E	E	L	-	-
E	-	-	-	-	-	-	-	E	E	-	-	-	-	E	E	-	-	-	-	-	-	-	-	E	E	E	-
L	-	-	E	L	-	-	-	E	L	L	L	-	-	-	-	-	E	E	E	E	-	-	E	E	E	L	L
E	-	-	E	E	-	-	E	E	E	L	-	-	E	L	L	L	-	-	L	L	-	-	E	L	L	-	-
E	E	E	L	L	-	-	E	L	L	L	L	-	-	E	E	L	-	-	E	E	E	-	-	-	-	-	E
-	-	L	L	-	-	-	-	-	L	L	L	-	-	-	L	L	-	-	-	L	L	-	-	L	L	L	-
E	L	L	L	L	-	-	-	E	E	-	-	E	E	E	L	-	-	E	E	-	-	L	L	L	-	-	-
L	-	-	L	L	-	-	L	L	L	-	-	-	-	L	L	L	-	-	E	L	L	L	-	-	L	L	L
L	L	L	L	-	-	E	E	-	-	-	E	L	L	L	-	-	E	L	-	-	E	L	L	L	L	-	-
E	L	L	-	-	E	E	-	-	L	L	-	-	-	E	E	E	E	L	-	-	-	L	L	-	-	E	E
Objective 0: 5119
Objective 1: 96
Constr violation: -2
Restrictions violated:
0 0 0 0 0 0 0 2 

Individual 9
1	2	3	4	5	6	7	8	9	10	11	12	13	14	15	16	17	18	19	20	21	22	23	24	25	26	27	28
E	L	L	L	L	-	-	L	L	L	-	-	E	E	-	-	E	L	L	L	L	-	-	E	E	L	-	-
E	-	-	-	-	-	-	-	E	E	-	-	-	-	E	E	-	-	-	E	E	E	-	-	E	E	E	-
L	-	-	E	L	-	-	-	E	L	L	L	-	-	-	-	-	E	E	E	E	-	-	E	E	E	L	L
E	-	-	E	E	-	-	E	L	L	L	-	-	E	E	L	L	-	-	L	L	-	-	L	L	L	-	-
E	E	E	L	L	-	-	E	L	L	L	L	-	-	E	E	L	-	-	E	E	E	L	-	-	-	-	E
-	-	L	L	L	L	L	-	-	L	L	-	-	L	L	L	L	-	-	L	L	-	-	L	L	L	L	-
E	L	L	L	L	-	-	L	L	L	L	L	-	-	E	L	-	-	E	E	-	-	L	L	L	-	-	L
L	-	-	L	L	-	-	L	L	L	-	-	-	-	L	L	L	-	-	E	L	L	L	-	-	L	L	L
E	L	L	L	-	-	E	E	-	-	L	L	L	L	L	-	-	E	L	-	-	E	L	L	L	L	-	-
E	L	L	-	-	E	E	-	-	L	L	L	-	-	E	E	E	E	L	-	-	-	L	L	-	-	E	E
Objective 0: 5639
Objective 1: 78
Constr violation: -2
Restrictions violated:
0 0 0 0 0 0 1 1 

Individual 10
1	2	3	4	5	6	7	8	9	10	11	12	13	14	15	16	17	18	19	20	21	22	23	24	25	26	27	28
-	E	E	E	-	-	-	L	L	L	-	-	E	E	-	-	E	L	L	L	L	-	-	E	E	L	-	-
E	-	-	-	-	-	-	-	E	E	-	-	-	-	E	E	-	-	-	-	-	-	-	-	E	E	-	-
L	-	-	E	L	-	-	-	E	L	L	L	-	-	-	-	-	E	E	E	E	-	-	E	E	E	L	L
E	-	-	E	E	-	-	E	E	E	L	-	-	E	E	L	L	-	-	L	L	-	-	E	L	L	-	-
E	E	E	L	L	-	-	E	L	L	L	L	-	-	E	E	L	-	-	E	E	-	-	-	-	-	-	E
-	-	L	L	-	-	-	-	-	L	L	L	-	-	-	L	L	-	-	L	L	-	-	-	L	L	L	-
E	L	L	L	L	-	-	-	E	E	-	-	E	E	E	L	-	-	E	E	-	-	L	L	L	-	-	-
L	-	-	L	L	-	-	L	L	L	-	-	-	-	L	L	L	-	-	E	L	L	L	-	-	L	L	L
L	L	L	L	-	-	E	E	-	-	-	E	L	L	-	-	-	E	L	-	-	E	L	L	L	L	-	-
E	L	L	-	-	E	E	-	-	L	L	L	-	-	E	E	E	E	L	-	-	-	L	L	-	-	E	E
Objective 0: 5521
Objective 1: 94
Constr violation: -2
Restrictions violated:
0 0 0 0 0 0 0 2 

Individual 11
1	2	3	4	5	6	7	8	9	10	11	12	13	14	15	16	17	18	19	20	21	22	23	24	25	26	27	28
-	E	E	E	-	-	-	L	L	L	-	-	E	E	-	-	E	L	L	L	L	-	-	E	E	L	-	-
E	-	-	-	-	-	-	-	E	E	-	-	-	-	E	E	-	-	-	-	-	-	-	-	E	E	-	-
L	-	-	E	L	-	-	-	E	L	L	L	-	-	-	-	-	E	E	E	E	-	-	E	E	E	L	L
E	-	-	E	E	-	-	E	L	L	L	-	-	E	E	L	L	-	-	L	L	-	-	L	L	L	-	-
E	E	E	L	L	-	-	E	L	L	L	L	-	-	E	E	L	-	-	E	E	-	-	-	-	-	-	E
-	-	L	L	-	-	-	-	-	L	L	L	-	-	-	L	L	-	-	L	L	-	-	-	L	L	L	-
E	L	L	L	L	-	-	-	L	L	L	L	-	-	E	L	-	-	E	E	-	-	L	L	L	-	-	-
L	-	-	L	L	-	-	L	L	L	-	-	-	-	L	L	L	-	-	E	L	L	L	-	-	L	L	L
E	L	L	L	-	-	E	E	-	-	-	E	L	L	-	-	-	E	L	-	-	E	L	L	L	L	-	-
E	L	L	-	-	E	E	-	-	L	L	-	-	-	E	E	E	E	L	-	-	-	L	L	-	-	E	E
Objective 0: 6328
Objective 1: 88
Constr violation: -2
Restrictions violated:
0 0 0 0 0 0 0 2 

Individual 12
1	2	3	4	5	6	7	8	9	10	11	12	13	14	15	16	17	18	19	20	21	22	23	24	25	26	27	28
E	L	L	L	L	-	-	-	L	L	L	L	-	-	-	L	L	-	-	L	L	-	-	E	L	L	L	L
E	-	-	-	-	-	-	-	E	E	-	-	-	-	E	E	-	-	-	E	E	E	-	-	E	E	E	-
L	-	-	E	L	-	-	-	E	L	L	L	-	-	-	-	-	E	E	E	E	-	-	E	E	E	L	L
E	-	-	E	E	-	-	E	L	L	L	-	-	E	E	L	L	-	-	L	L	-	-	E	L	L	-	-
E	E	E	L	L	-	-	E	L	L	L	L	-	-	E	E	L	-	-	E	E	E	L	-	-	-	-	E
-	-	L	L	L	L	L	-	-	L	L	-	-	L	L	L	L	-	-	L	L	-	-	L	L	L	L	-
E	L	L	L	L	-	-	L	L	L	L	L	-	-	E	L	-	-	E	E	-	-	L	L	L	-	-	L
L	-	-	L	L	-	-	L	L	L	-	-	-	-	L	L	L	-	-	E	L	L	L	-	-	L	L	L
L	L	L	L	-	-	E	E	-	-	L	L	L	L	L	-	-	E	L	-	-	E	L	L	L	L	-	-
E	L	L	-	-	E	E	-	-	L	L	L	-	-	E	E	E	E	L	-	-	-	L	L	-	-	E	E
Objective 0: 6043
Objective 1: 81
Constr violation: -2
Restrictions violated:
0 0 0 0 0 0 1 1 

Individual 13
1	2	3	4	5	6	7	8	9	10	11	12	13	14	15	16	17	18	19	20	21	22	23	24	25	26	27	28
E	L	L	L	L	-	-	-	L	L	L	L	-	-	-	L	L	-	-	L	L	-	-	E	L	L	L	L
E	-	-	-	-	-	-	-	E	E	-	-	-	-	E	E	-	-	-	E	E	E	-	-	E	E	E	-
L	-	-	E	L	-	-	-	E	L	L	L	-	-	-	-	-	E	E	E	E	-	-	E	E	E	L	L
E	-	-	E	E	-	-	E	L	L	L	-	-	E	E	L	L	-	-	L	L	-	-	E	L	L	-	-
E	E	E	L	L	-	-	E	L	L	L	L	-	-	E	E	L	-	-	E	E	E	L	-	-	-	-	E
-	-	L	L	L	L	L	-	-	L	L	L	-	-	L	L	L	-	-	L	L	-	-	L	L	L	L	-
E	L	L	L	L	-	-	L	L	L	L	L	-	-	E	L	-	-	E	E	-	-	L	L	L	-	-	L
L	-	-	L	L	-	-	L	L	L	-	-	-	-	L	L	L	-	-	E	L	L	L	-	-	L	L	L
L	L	L	L	-	-	E	E	-	-	L	L	L	L	L	-	-	E	L	-	-	E	L	L	L	L	-	-
E	L	L	-	-	E	E	-	-	L	L	L	-	-	E	E	E	E	L	-	-	-	L	L	-	-	L	L
Objective 0: 6346
Objective 1: 84
Constr violation: -2
Restrictions violated:
0 0 0 0 0 0 1 1 

Individual 14
1	2	3	4	5	6	7	8	9	10	11	12	13	14	15	16	17	18	19	20	21	22	23	24	25	26	27	28
-	E	E	E	-	-	-	L	L	L	-	-	E	E	-	-	E	L	L	L	L	-	-	E	E	L	-	-
E	-	-	-	-	-	-	-	E	E	-	-	-	-	E	E	-	-	-	-	-	-	-	-	E	E	-	-
L	-	-	E	L	-	-	-	E	L	L	L	-	-	-	-	-	E	E	E	E	-	-	E	E	E	L	L
E	-	-	E	E	-	-	E	L	L	L	-	-	E	E	L	L	-	-	L	L	-	-	L	L	L	-	-
E	E	E	L	L	-	-	E	L	L	L	L	-	-	E	E	L	-	-	E	E	-	-	-	-	-	-	E
-	-	L	L	-	-	-	-	-	L	L	L	-	-	-	L	L	-	-	-	L	L	-	-	L	L	L	-
E	L	L	L	L	-	-	-	E	E	-	-	E	E	E	L	-	-	E	E	-	-	L	L	L	-	-	-
L	-	-	L	L	-	-	L	L	L	-	-	-	-	L	L	L	-	-	E	L	L	L	-	-	L	L	L
E	L	L	L	-	-	E	E	-	-	-	E	L	L	-	-	-	E	L	-	-	E	L	L	L	L	-	-
E	L	L	-	-	E	E	-	-	L	L	-	-	-	E	E	E	E	L	-	-	-	L	L	-	-	E	E
Objective 0: 5924
Objective 1: 99
Constr violation: -2
Restrictions violated:
0 0 0 0 0 0 0 2 

Individual 15
1	2	3	4	5	6	7	8	9	10	11	12	13	14	15	16	17	18	19	20	21	22	23	24	25	26	27	28
E	L	L	L	L	-	-	-	L	L	L	L	-	-	-	L	L	-	-	L	L	-	-	E	L	L	L	L
E	-	-	-	-	-	-	-	E	E	-	-	-	-	E	E	-	-	-	E	E	E	-	-	E	E	E	-
L	-	-	E	L	-	-	-	E	L	L	L	-	-	-	-	-	E	E	E	E	-	-	E	E	E	L	L
E	-	-	E	E	-	-	E	L	L	L	-	-	E	E	L	L	-	-	L	L	-	-	E	L	L	-	-
E	E	E	L	L	-	-	E	L	L	L	L	-	-	E	E	L	-	-	E	E	E	L	-	-	-	-	E
-	-	L	L	L	L	L	-	-	L	L	-	-	L	L	L	L	-	-	L	L	L	-	-	L	L	L	-
E	L	L	L	L	-	-	-	E	E	-	-	E	E	E	L	-	-	E	E	-	-	L	L	L	-	-	-
L	-	-	L	L	-	-	L	L	L	-	-	-	-	L	L	L	-	-	E	L	L	L	-	-	L	L	L
L	L	L	L	-	-	E	E	-	-	L	L	L	L	L	-	-	E	L	-	-	E	L	L	L	L	-	-
E	L	L	-	-	E	E	-	-	L	L	L	-	-	E	E	E	E	L	-	-	-	L	L	-	-	E	E
Objective 0: 5637
Objective 1: 95
Constr violation: -2
Restrictions violated:
0 0 0 0 0 0 1 1 

Individual 16
1	2	3	4	5	6	7	8	9	10	11	12	13	14	15	16	17	18	19	20	21	22	23	24	25	26	27	28
E	E	E	E	L	-	-	L	L	L	-	-	E	E	-	-	E	L	L	L	L	-	-	E	E	L	-	-
E	-	-	-	-	-	-	-	E	E	-	-	-	-	E	E	-	-	-	-	-	-	-	-	E	E	-	-
L	-	-	E	L	-	-	-	E	L	L	L	-	-	-	-	-	E	E	E	E	-	-	E	E	E	L	L
E	-	-	E	E	-	-	E	E	E	L	-	-	E	L	L	L	-	-	L	L	-	-	E	L	L	-	-
E	E	E	L	L	-	-	E	L	L	L	L	-	-	E	E	L	-	-	E	E	-	-	-	-	-	-	E
-	-	L	L	-	-	-	-	-	L	L	L	-	-	-	L	L	-	-	-	L	L	-	-	L	L	L	-
E	L	L	L	L	-	-	-	E	E	-	-	E	E	E	L	-	-	E	E	-	-	L	L	L	-	-	-
L	-	-	L	L	-	-	L	L	L	-	-	-	-	L	L	L	-	-	E	L	L	L	-	-	L	L	L
L	L	L	L	-	-	E	E	-	-	L	L	L	L	L	-	-	E	L	-	-	E	L	L	L	L	-	-
E	L	L	-	-	E	E	-	-	L	L	L	-	-	E	E	E	E	L	-	-	-	L	L	-	-	E	E
Objective 0: 5424
Objective 1: 92
Constr violation: -2
Restrictions violated:
0 0 0 0 0 0 0 2 

Individual 17
1	2	3	4	5	6	7	8	9	10	11	12	13	14	15	16	17	18	19	20	21	22	23	24	25	26	27	28
E	L	L	L	L	-	-	-	L	L	L	L	-	-	-	L	L	-	-	L	L	-	-	E	E	L	-	-
E	-	-	-	-	-	-	-	E	E	-	-	-	-	E	E	-	-	-	-	-	-	-	-	E	E	-	-
L	-	-	E	L	-	-	-	E	L	L	L	-	-	-	-	-	E	E	E	E	-	-	E	E	E	L	L
E	-	-	E	E	-	-	E	L	L	L	-	-	E	E	L	L	-	-	L	L	-	-	E	L	L	-	-
E	E	E	L	L	-	-	E	L	L	L	L	-	-	E	E	L	-	-	E	E	-	-	-	-	-	-	E
-	-	L	L	-	-	-	-	-	L	L	L	-	-	-	L	L	-	-	-	L	L	-	-	L	L	L	-
E	L	L	L	L	-	-	L	L	L	-	-	E	E	E	L	-	-	E	E	-	-	L	L	L	-	-	-
L	-	-	L	L	-	-	L	L	L	-	-	-	-	L	L	L	-	-	E	L	L	L	-	-	L	L	L
E	L	L	L	-	-	E	E	-	-	L	L	L	L	L	-	-	E	L	-	-	E	L	L	L	L	-	-
E	L	L	-	-	E	E	-	-	L	L	L	-	-	E	E	E	E	L	-	-	-	L	L	-	-	E	E
Objective 0: 6736
Objective 1: 87
Constr violation: -2
Restrictions violated:
0 0 0 0 0 0 0 2 

Individual 18
1	2	3	4	5	6	7	8	9	10	11	12	13	14	15	16	17	18	19	20	21	22	23	24	25	26	27	28
E	E	E	E	L	-	-	L	L	L	-	-	E	E	-	-	E	L	L	L	L	-	-	E	E	L	-	-
E	-	-	-	-	-	-	-	E	E	-	-	-	-	E	E	-	-	-	E	E	E	-	-	E	E	E	-
L	-	-	E	L	-	-	-	E	L	L	L	-	-	-	-	-	E	E	E	E	-	-	E	E	E	L	L
E	-	-	E	E	-	-	E	E	E	L	-	-	E	L	L	L	-	-	L	L	-	-	E	L	L	-	-
E	E	E	L	L	-	-	E	L	L	L	L	-	-	E	E	L	-	-	E	E	E	L	-	-	-	-	E
-	-	L	L	L	L	L	-	-	L	L	-	-	L	L	L	L	-	-	L	L	L	-	-	L	L	L	-
E	L	L	L	L	-	-	L	L	L	L	L	-	-	E	L	-	-	E	E	-	-	L	L	L	-	-	L
L	-	-	L	L	-	-	L	L	L	-	-	-	-	L	L	L	-	-	E	L	L	L	-	-	L	L	L
L	L	L	L	-	-	E	E	-	-	-	E	L	L	L	-	-	E	L	-	-	E	L	L	L	L	-	-
E	L	L	-	-	E	E	-	-	L	L	L	-	-	E	E	E	E	L	-	-	-	L	L	-	-	E	E
Objective 0: 4729
Objective 1: 81
Constr violation: -2
Restrictions violated:
0 0 0 0 0 0 1 1 

Individual 19
1	2	3	4	5	6	7	8	9	10	11	12	13	14	15	16	17	18	19	20	21	22	23	24	25	26	27	28
E	L	L	L	L	-	-	-	L	L	L	L	-	-	-	L	L	-	-	L	L	-	-	E	E	L	-	-
E	-	-	-	-	-	-	-	E	E	-	-	-	-	E	E	-	-	-	-	-	-	-	-	E	E	-	-
L	-	-	E	L	-	-	-	E	L	L	L	-	-	-	-	-	E	E	E	E	-	-	E	E	E	L	L
E	-	-	E	E	-	-	E	L	L	L	-	-	E	E	L	L	-	-	L	L	-	-	E	L	L	-	-
E	E	E	L	L	-	-	E	L	L	L	L	-	-	E	E	L	-	-	E	E	E	L	-	-	-	-	E
-	-	L	L	L	L	L	-	-	L	L	-	-	L	L	L	L	-	-	L	L	-	-	L	L	L	L	-
E	L	L	L	L	-	-	L	L	L	L	L	-	-	E	L	-	-	E	E	-	-	L	L	L	-	-	L
L	-	-	L	L	-	-	L	L	L	-	-	-	-	L	L	L	-	-	E	L	L	L	-	-	L	L	L
L	L	L	L	-	-	E	E	-	-	L	L	L	L	L	-	-	E	L	-	-	E	L	L	L	L	-	-
E	L	L	-	-	E	E	-	-	L	L	L	-	-	E	E	E	E	L	-	-	-	L	L	-	-	E	E
Objective 0: 6340
Objective 1: 81
Constr violation: -2
Restrictions violated:
0 0 0 0 0 0 1 1 

Individual 20
1	2	3	4	5	6	7	8	9	10	11	12	13	14	15	16	17	18	19	20	21	22	23	24	25	26	27	28
-	E	E	E	-	-	-	L	L	L	-	-	E	E	-	-	E	L	L	L	L	-	-	E	E	L	-	-
E	-	-	-	-	-	-	-	E	E	-	-	-	-	E	E	-	-	-	-	-	-	-	-	E	E	E	-
L	-	-	E	L	-	-	-	E	L	L	L	-	-	-	-	-	E	E	E	E	-	-	E	E	E	L	L
E	-	-	E	E	-	-	E	E	E	L	-	-	E	L	L	L	-	-	L	L	-	-	E	L	L	-	-
E	E	E	L	L	-	-	E	L	L	L	L	-	-	E	E	L	-	-	E	E	E	-	-	-	-	-	E
L	-	-	L	L	L	L	L	-	-	-	-	-	L	L	L	L	-	-	L	L	L	-	-	L	L	L	-
E	L	L	L	L	-	-	-	E	E	-	-	E	E	E	L	-	-	E	E	-	-	L	L	L	-	-	-
L	-	-	L	L	-	-	L	L	L	-	-	-	-	L	L	L	-	-	E	L	L	L	-	-	L	L	L
E	L	L	L	-	-	E	E	-	-	L	L	L	L	L	-	-	E	L	-	-	E	L	L	L	L	-	-
E	L	L	-	-	E	E	-	-	L	L	L	-	-	E	E	E	E	L	-	-	-	L	L	-	-	L	L
Objective 0: 4822
Objective 1: 87
Constr violation: -2
Restrictions violated:
0 0 0 0 0 0 1 1 

Individual 21
1	2	3	4	5	6	7	8	9	10	11	12	13	14	15	16	17	18	19	20	21	22	23	24	25	26	27	28
E	E	E	E	L	-	-	L	L	L	-	-	E	E	-	-	E	L	L	L	L	-	-	E	E	L	-	-
E	-	-	-	-	-	-	-	E	E	-	-	-	-	E	E	-	-	-	-	-	-	-	-	E	E	-	-
L	-	-	E	L	-	-	-	E	L	L	L	-	-	-	-	-	E	E	E	E	-	-	E	E	E	L	L
E	-	-	E	E	-	-	E	E	E	L	-	-	E	L	L	L	-	-	L	L	-	-	E	L	L	-	-
E	E	E	L	L	-	-	E	L	L	L	L	-	-	E	E	L	-	-	E	E	-	-	-	-	-	-	E
-	-	L	L	L	L	L	-	-	L	L	-	-	L	L	L	L	-	-	L	L	L	-	-	L	L	L	-
E	L	L	L	L	-	-	L	L	L	L	L	-	-	E	L	-	-	E	E	-	-	L	L	L	-	-	-
L	-	-	L	L	-	-	L	L	L	-	-	-	-	L	L	L	-	-	E	L	L	L	-	-	L	L	L
E	L	L	L	-	-	E	E	-	-	L	L	L	L	L	-	-	E	L	-	-	E	L	L	L	L	-	-
E	L	L	-	-	E	E	-	-	L	L	L	-	-	E	E	E	E	L	-	-	-	L	L	-	-	E	E
Objective 0: 5329
Objective 1: 75
Constr violation: -2
Restrictions violated:
0 0 0 0 0 0 1 1 

Individual 22
1	2	3	4	5	6	7	8	9	10	11	12	13	14	15	16	17	18	19	20	21	22	23	24	25	26	27	28
E	L	L	L	L	-	-	-	L	L	L	L	-	-	-	L	L	-	-	L	L	-	-	E	E	L	-	-
E	-	-	-	-	-	-	-	E	E	-	-	-	-	E	E	-	-	-	-	-	-	-	-	E	E	-	-
L	-	-	E	L	-	-	-	E	L	L	L	-	-	-	-	-	E	E	E	E	-	-	E	E	E	L	L
E	-	-	E	E	-	-	E	L	L	L	-	-	E	E	L	L	-	-	L	L	-	-	L	L	L	-	-
E	E	E	L	L	-	-	E	L	L	L	L	-	-	E	E	L	-	-	E	E	E	L	-	-	-	-	E
-	-	L	L	-	-	-	-	-	L	L	L	-	-	-	L	L	-	-	L	L	L	-	-	L	L	L	-
E	L	L	L	L	-	-	-	E	E	-	-	E	E	E	L	-	-	E	E	-	-	L	L	L	-	-	-
L	-	-	L	L	-	-	L	L	L	-	-	-	-	L	L	L	-	-	E	L	L	L	-	-	L	L	L
E	L	L	L	-	-	E	E	-	-	-	E	L	L	-	-	-	E	L	-	-	E	L	L	L	L	-	-
E	L	L	-	-	E	E	-	-	L	L	-	-	-	E	E	E	E	L	-	-	-	L	L	-	-	E	E
Objective 0: 6533
Objective 1: 101
Constr violation: -2
Restrictions violated:
0 0 0 0 0 0 0 2 

Individual 23
1	2	3	4	5	6	7	8	9	10	11	12	13	14	15	16	17	18	19	20	21	22	23	24	25	26	27	28
-	E	E	E	-	-	-	L	L	L	-	-	E	E	-	-	E	L	L	L	L	-	-	E	E	L	-	-
E	-	-	-	-	-	-	-	E	E	-	-	-	-	E	E	-	-	-	-	-	-	-	-	E	E	-	-
L	-	-	E	L	-	-	-	E	L	L	L	-	-	-	-	-	E	E	E	E	-	-	E	E	E	L	L
E	-	-	E	E	-	-	E	E	E	L	-	-	E	L	L	L	-	-	L	L	-	-	E	L	L	-	-
E	E	E	L	L	-	-	E	L	L	L	L	-	-	E	E	L	-	-	E	E	-	-	-	-	-	-	E
L	-	-	L	L	L	L	L	-	-	-	-	-	L	L	L	L	-	-	L	L	L	-	-	L	L	L	-
E	L	L	L	L	-	-	-	E	E	-	-	E	E	E	L	-	-	E	E	-	-	L	L	L	-	-	-
L	-	-	L	L	-	-	L	L	L	-	-	-	-	L	L	L	-	-	E	L	L	L	-	-	L	L	L
E	L	L	L	-	-	E	E	-	-	-	E	L	L	-	-	-	E	L	-	-	E	L	L	L	L	-	-
E	L	L	-	-	E	E	-	-	L	L	-	-	-	E	E	E	E	L	-	-	-	L	L	-	-	E	E
Objective 0: 5019
Objective 1: 91
Constr violation: -2
Restrictions violated:
0 0 0 0 0 0 1 1 

Individual 24
1	2	3	4	5	6	7	8	9	10	11	12	13	14	15	16	17	18	19	20	21	22	23	24	25	26	27	28
-	E	E	E	-	-	-	L	L	L	-	-	E	E	-	-	E	L	L	L	L	-	-	E	E	L	-	-
E	-	-	-	-	-	-	-	E	E	-	-	-	-	E	E	-	-	-	E	E	E	-	-	E	E	E	-
L	-	-	E	L	-	-	-	E	L	L	L	-	-	-	-	-	E	E	E	E	-	-	E	E	E	L	L
E	-	-	E	E	-	-	E	E	E	L	-	-	E	L	L	L	-	-	L	L	-	-	E	L	L	-	-
E	E	E	L	L	-	-	E	L	L	L	L	-	-	E	E	L	-	-	E	E	E	-	-	-	-	-	E
L	-	-	L	L	L	L	L	-	-	-	-	-	L	L	L	L	-	-	L	L	L	-	-	L	L	L	-
E	L	L	L	L	-	-	-	E	E	-	-	E	E	E	L	-	-	E	E	-	-	L	L	L	-	-	-
L	-	-	L	L	-	-	L	L	L	-	-	-	-	L	L	L	-	-	E	L	L	L	-	-	L	L	L
L	L	L	L	-	-	E	E	-	-	-	E	L	L	L	-	-	E	L	-	-	E	L	L	L	L	-	-
E	L	L	-	-	E	E	-	-	L	L	-	-	-	E	E	E	E	L	-	-	-	L	L	-	-	E	E
Objective 0: 4520
Objective 1: 93
Constr violation: -2
Restrictions violated:
0 0 0 0 0 0 1 1 

Individual 25
1	2	3	4	5	6	7	8	9	10	11	12	13	14	15	16	17	18	19	20	21	22	23	24	25	26	27	28
-	E	E	E	-	-	-	L	L	L	-	-	E	E	-	-	E	L	L	L	L	-	-	E	E	L	-	-
E	-	-	-	-	-	-	-	E	E	-	-	-	-	E	E	-	-	-	E	E	E	-	-	E	E	E	-
L	-	-	E	L	-	-	-	E	L	L	L	-	-	-	-	-	E	E	E	E	-	-	E	E	E	L	L
E	-	-	E	E	-	-	E	E	E	L	-	-	E	L	L	L	-	-	L	L	-	-	E	L	L	-	-
E	E	E	L	L	-	-	E	L	L	L	L	-	-	E	E	L	-	-	E	E	E	-	-	-	-	-	E
L	-	-	L	L	L	L	L	-	-	-	-	-	L	L	L	L	-	-	L	L	L	-	-	L	L	L	-
E	L	L	L	L	-	-	L	L	L	L	L	-	-	E	L	-	-	E	E	-	-	L	L	L	-	-	L
L	-	-	L	L	-	-	L	L	L	-	-	-	-	L	L	L	-	-	E	L	L	L	-	-	L	L	L
E	L	L	L	-	-	E	E	-	-	L	L	L	L	L	-	-	E	L	-	-	E	L	L	L	L	-	-
E	L	L	-	-	E	E	-	-	L	L	L	-	-	E	E	E	E	L	-	-	-	L	L	-	-	E	E
Objective 0: 4928
Objective 1: 75
Constr violation: -2
Restrictions violated:
0 0 0 0 0 0 1 1 

Individual 26
1	2	3	4	5	6	7	8	9	10	11	12	13	14	15	16	17	18	19	20	21	22	23	24	25	26	27	28
E	L	L	L	L	-	-	-	L	L	L	L	-	-	-	L	L	-	-	L	L	-	-	E	L	L	L	L
E	-	-	-	-	-	-	-	E	E	-	-	-	-	E	E	-	-	-	E	E	E	-	-	E	E	E	-
L	-	-	E	L	-	-	-	E	L	L	L	-	-	-	-	-	E	E	E	E	-	-	E	E	E	L	L
E	-	-	E	E	-	-	E	L	L	L	-	-	E	E	L	L	-	-	L	L	-	-	L	L	L	-	-
E	E	E	L	L	-	-	E	L	L	L	L	-	-	E	E	L	-	-	E	E	E	L	-	-	-	-	E
-	-	L	L	-	-	-	-	-	L	L	L	-	-	L	L	L	-	-	L	L	L	-	-	L	L	L	-
E	L	L	L	L	-	-	-	E	E	-	-	E	E	E	L	-	-	E	E	-	-	L	L	L	-	-	-
L	-	-	L	L	-	-	L	L	L	-	-	-	-	L	L	L	-	-	E	L	L	L	-	-	L	L	L
E	L	L	L	-	-	E	E	-	-	-	E	L	L	-	-	-	E	L	-	-	E	L	L	L	L	-	-
E	L	L	-	-	E	E	-	-	L	L	L	-	-	E	E	E	E	L	-	-	-	L	L	-	-	E	E
Objective 0: 6137
Objective 1: 98
Constr violation: -2
Restrictions violated:
0 0 0 0 0 0 0 2 

Individual 27
1	2	3	4	5	6	7	8	9	10	11	12	13	14	15	16	17	18	19	20	21	22	23	24	25	26	27	28
E	L	L	L	L	-	-	-	L	L	L	L	-	-	-	L	L	-	-	L	L	-	-	E	L	L	L	L
E	-	-	-	-	-	-	-	E	E	-	-	-	-	E	E	-	-	-	E	E	E	-	-	E	E	E	-
L	-	-	E	L	-	-	-	E	L	L	L	-	-	-	-	-	E	E	E	E	-	-	E	E	E	L	L
E	-	-	E	E	-	-	E	L	L	L	-	-	E	E	L	L	-	-	L	L	-	-	E	L	L	-	-
E	E	E	L	L	-	-	E	L	L	L	L	-	-	E	E	L	-	-	E	E	E	L	-	-	-	-	E
-	-	L	L	L	L	L	-	-	L	L	-	-	L	L	L	L	-	-	L	L	-	-	L	L	L	L	-
E	L	L	L	L	-	-	-	L	L	L	L	-	-	E	L	-	-	E	E	-	-	L	L	L	-	-	-
L	-	-	L	L	-	-	L	L	L	-	-	-	-	L	L	L	-	-	E	L	L	L	-	-	L	L	L
E	L	L	L	-	-	E	E	-	-	L	L	L	L	L	-	-	E	L	-	-	E	L	L	L	L	-	-
E	L	L	-	-	E	E	-	-	L	L	L	-	-	E	E	E	E	L	-	-	-	L	L	-	-	L	L
Objective 0: 6445
Objective 1: 82
Constr violation: -2
Restrictions violated:
0 0 0 0 0 0 1 1 

Individual 28
1	2	3	4	5	6	7	8	9	10	11	12	13	14	15	16	17	18	19	20	21	22	23	24	25	26	27	28
E	E	E	E	L	-	-	L	L	L	-	-	E	E	-	-	E	L	L	L	L	-	-	E	E	L	-	-
E	-	-	-	-	-	-	-	E	E	-	-	-	-	E	E	-	-	-	E	E	E	-	-	E	E	E	-
L	-	-	E	L	-	-	-	E	L	L	L	-	-	-	-	-	E	E	E	E	-	-	E	E	E	L	L
E	-	-	E	E	-	-	E	E	E	L	-	-	E	L	L	L	-	-	L	L	-	-	E	L	L	-	-
E	E	E	L	L	-	-	E	L	L	L	L	-	-	E	E	L	-	-	E	E	E	L	-	-	-	-	E
-	-	L	L	L	L	L	-	-	L	L	-	-	L	L	L	L	-	-	L	L	L	-	-	L	L	L	-
E	L	L	L	L	-	-	L	L	L	L	L	-	-	E	L	-	-	E	E	-	-	L	L	L	-	-	L
L	-	-	L	L	-	-	L	L	L	-	-	-	-	L	L	L	-	-	E	L	L	L	-	-	L	L	L
L	L	L	L	-	-	E	E	-	-	L	L	L	L	L	-	-	E	L	-	-	E	L	L	L	L	-	-
E	L	L	-	-	E	E	-	-	L	L	L	-	-	E	E	E	E	L	-	-	-	L	L	-	-	E	E
Objective 0: 4831
Objective 1: 77
Constr violation: -2
Restrictions violated:
0 0 0 0 0 0 1 1 

Individual 29
1	2	3	4	5	6	7	8	9	10	11	12	13	14	15	16	17	18	19	20	21	22	23	24	25	26	27	28
E	L	L	L	L	-	-	-	L	L	L	L	-	-	-	L	L	-	-	L	L	-	-	E	E	L	-	-
E	-	-	-	-	-	-	-	E	E	-	-	-	-	E	E	-	-	-	-	-	-	-	-	E	E	-	-
L	-	-	E	L	-	-	-	E	L	L	L	-	-	-	-	-	E	E	E	E	-	-	E	E	E	L	L
E	-	-	E	E	-	-	E	L	L	L	-	-	E	E	L	L	-	-	L	L	-	-	L	L	L	-	-
E	E	E	L	L	-	-	E	L	L	L	L	-	-	E	E	L	-	-	E	E	E	L	-	-	-	-	E
-	-	L	L	-	-	-	-	-	L	L	L	-	-	-	L	L	-	-	L	L	-	-	L	L	L	L	-
E	L	L	L	L	-	-	-	L	L	L	L	-	-	E	L	-	-	E	E	-	-	L	L	L	-	-	-
L	-	-	L	L	-	-	L	L	L	-	-	-	-	L	L	L	-	-	E	L	L	L	-	-	L	L	L
L	L	L	L	-	-	E	E	-	-	-	E	L	L	-	-	-	E	L	-	-	E	L	L	L	L	-	-
E	L	L	-	-	E	E	-	-	L	L	-	-	-	E	E	E	E	L	-	-	-	L	L	-	-	E	E
Objective 0: 6937
Objective 1: 92
Constr violation: -2
Restrictions violated:
0 0 0 0 0 0 0 2 

Individual 30
1	2	3	4	5	6	7	8	9	10	11	12	13	14	15	16	17	18	19	20	21	22	23	24	25	26	27	28
E	E	E	E	L	-	-	L	L	L	-	-	E	E	-	-	E	L	L	L	L	-	-	E	E	L	-	-
E	-	-	-	-	-	-	-	E	E	-	-	-	-	E	E	-	-	-	E	E	E	-	-	E	E	E	-
L	-	-	E	L	-	-	-	E	L	L	L	-	-	-	-	-	E	E	E	E	-	-	E	E	E	L	L
E	-	-	E	E	-	-	E	E	E	L	-	-	E	L	L	L	-	-	L	L	-	-	E	L	L	-	-
E	E	E	L	L	-	-	E	L	L	L	L	-	-	E	E	L	-	-	E	E	E	L	-	-	-	-	E
-	-	L	L	L	L	L	-	-	L	L	-	-	L	L	L	L	-	-	L	L	L	-	-	L	L	L	-
E	L	L	L	L	-	-	-	E	E	-	-	E	E	E	L	-	-	E	E	-	-	L	L	L	-	-	-
L	-	-	L	L	-	-	L	L	L	-	-	-	-	L	L	L	-	-	E	L	L	L	-	-	L	L	L
L	L	L	L	-	-	E	E	-	-	-	E	L	L	L	-	-	E	L	-	-	E	L	L	L	L	-	-
E	L	L	-	-	E	E	-	-	L	L	L	-	-	E	E	E	E	L	-	-	-	L	L	-	-	E	E
Objective 0: 4424
Objective 1: 93
Constr violation: -2
Restrictions violated:
0 0 0 0 0 0 1 1 

Individual 31
1	2	3	4	5	6	7	8	9	10	11	12	13	14	15	16	17	18	19	20	21	22	23	24	25	26	27	28
E	L	L	L	L	-	-	-	L	L	L	L	-	-	-	L	L	-	-	L	L	-	-	E	E	L	-	-
E	-	-	-	-	-	-	-	E	E	-	-	-	-	E	E	-	-	-	-	-	-	-	-	E	E	-	-
L	-	-	E	L	-	-	-	E	L	L	L	-	-	-	-	-	E	E	E	E	-	-	E	E	E	L	L
E	-	-	E	E	-	-	E	L	L	L	-	-	E	E	L	L	-	-	L	L	-	-	L	L	L	-	-
E	E	E	L	L	-	-	E	L	L	L	L	-	-	E	E	L	-	-	E	E	E	L	-	-	-	-	E
-	-	L	L	-	-	-	-	-	L	L	L	-	-	-	L	L	-	-	L	L	-	-	L	L	L	L	-
E	L	L	L	L	-	-	L	L	L	L	L	-	-	E	L	-	-	E	E	-	-	L	L	L	-	-	L
L	-	-	L	L	-	-	L	L	L	-	-	-	-	L	L	L	-	-	E	L	L	L	-	-	L	L	L
E	L	L	L	-	-	E	E	-	-	L	L	L	L	L	-	-	E	L	-	-	E	L	L	L	L	-	-
E	L	L	-	-	E	E	-	-	L	L	L	-	-	E	E	E	E	L	-	-	-	L	L	-	-	L	L
Objective 0: 7043
Objective 1: 83
Constr violation: -2
Restrictions violated:
0 0 0 0 0 0 0 2 

Individual 32
1	2	3	4	5	6	7	8	9	10	11	12	13	14	15	16	17	18	19	20	21	22	23	24	25	26	27	28
E	L	L	L	L	-	-	-	L	L	L	L	-	-	-	L	L	-	-	L	L	-	-	E	L	L	L	L
E	-	-	-	-	-	-	-	E	E	-	-	-	-	E	E	-	-	-	E	E	E	-	-	E	E	E	-
L	-	-	E	L	-	-	-	E	L	L	L	-	-	-	-	-	E	E	E	E	-	-	E	E	E	L	L
E	-	-	E	E	-	-	E	L	L	L	-	-	E	E	L	L	-	-	L	L	-	-	L	L	L	-	-
E	E	E	L	L	-	-	E	L	L	L	L	-	-	E	E	L	-	-	E	E	E	L	-	-	-	-	E
-	-	L	L	-	-	-	-	-	L	L	L	-	-	-	L	L	-	-	L	L	-	-	L	L	L	L	-
E	L	L	L	L	-	-	L	L	L	L	L	-	-	E	L	-	-	E	E	-	-	L	L	L	-	-	L
L	-	-	L	L	-	-	L	L	L	-	-	-	-	L	L	L	-	-	E	L	L	L	-	-	L	L	L
L	L	L	L	-	-	E	E	-	-	-	E	L	L	-	-	-	E	L	-	-	E	L	L	L	L	-	-
E	L	L	-	-	E	E	-	-	L	L	-	-	-	E	E	E	E	L	-	-	-	L	L	-	-	E	E
Objective 0: 6541
Objective 1: 89
Constr violation: -2
Restrictions violated:
0 0 0 0 0 0 0 2 

Individual 33
1	2	3	4	5	6	7	8	9	10	11	12	13	14	15	16	17	18	19	20	21	22	23	24	25	26	27	28
E	L	L	L	L	-	-	-	L	L	L	L	-	-	-	L	L	-	-	L	L	-	-	E	E	L	-	-
E	-	-	-	-	-	-	-	E	E	-	-	-	-	E	E	-	-	-	-	-	-	-	-	E	E	-	-
L	-	-	E	L	-	-	-	E	L	L	L	-	-	-	-	-	E	E	E	E	-	-	E	E	E	L	L
E	-	-	E	E	-	-	E	L	L	L	-	-	E	E	L	L	-	-	L	L	-	-	E	L	L	-	-
E	E	E	L	L	-	-	E	L	L	L	L	-	-	E	E	L	-	-	E	E	-	-	-	-	-	-	E
-	-	L	L	-	-	-	-	-	L	L	L	-	-	-	L	L	-	-	-	L	L	-	-	L	L	L	-
E	L	L	L	L	-	-	-	L	L	L	L	-	-	E	L	-	-	E	E	-	-	L	L	L	-	-	-
L	-	-	L	L	-	-	L	L	L	-	-	-	-	L	L	L	-	-	E	L	L	L	-	-	L	L	L
E	L	L	L	-	-	E	E	-	-	-	E	L	L	-	-	-	E	L	-	-	E	L	L	L	L	-	-
E	L	L	-	-	E	E	-	-	L	L	-	-	-	E	E	E	E	L	-	-	-	L	L	-	-	E	E
Objective 0: 7035
Objective 1: 91
Constr violation: -2
Restrictions violated:
0 0 0 0 0 0 0 2 

Individual 34
1	2	3	4	5	6	7	8	9	10	11	12	13	14	15	16	17	18	19	20	21	22	23	24	25	26	27	28
E	L	L	L	L	-	-	-	L	L	L	L	-	-	-	L	L	-	-	L	L	-	-	E	L	L	-	-
E	-	-	-	-	-	-	-	E	E	-	-	-	-	E	E	-	-	-	E	E	E	-	-	E	E	E	-
L	-	-	E	L	-	-	-	E	L	L	L	-	-	-	-	-	E	E	E	E	-	-	E	E	E	L	L
E	-	-	E	E	-	-	E	E	E	L	-	-	E	E	L	L	-	-	L	L	-	-	L	L	L	-	-
E	E	E	L	L	-	-	E	L	L	L	L	-	-	E	E	L	-	-	E	E	E	L	-	-	-	-	E
-	-	L	L	L	L	L	-	-	L	L	-	-	L	L	L	L	-	-	L	L	-	-	L	L	L	L	-
E	L	L	L	L	-	-	L	L	L	L	L	-	-	E	L	-	-	E	E	-	-	L	L	L	-	-	L
L	-	-	L	L	-	-	L	L	L	-	-	-	-	L	L	L	-	-	E	L	L	L	-	-	L	L	L
L	L	L	L	-	-	E	E	-	-	L	L	L	L	L	-	-	E	L	-	-	E	L	L	L	L	-	-
E	L	L	-	-	E	E	-	-	L	L	L	-	-	E	E	E	E	L	-	-	-	L	L	-	-	E	E
Objective 0: 6041
Objective 1: 78
Constr violation: -2
Restrictions violated:
0 0 0 0 0 0 1 1 

Individual 35
1	2	3	4	5	6	7	8	9	10	11	12	13	14	15	16	17	18	19	20	21	22	23	24	25	26	27	28
E	L	L	L	L	-	-	-	L	L	L	L	-	-	-	L	L	-	-	L	L	-	-	E	E	L	-	-
E	-	-	-	-	-	-	-	E	E	-	-	-	-	E	E	-	-	-	-	-	-	-	-	E	E	-	-
L	-	-	E	L	-	-	-	E	L	L	L	-	-	-	-	-	E	E	E	E	-	-	E	E	E	L	L
E	-	-	E	E	-	-	E	L	L	L	-	-	E	E	L	L	-	-	L	L	-	-	E	L	L	-	-
E	E	E	L	L	-	-	E	L	L	L	L	-	-	E	E	L	-	-	E	E	-	-	-	-	-	-	E
-	-	L	L	-	-	-	-	-	L	L	L	-	-	-	L	L	-	-	-	L	L	-	-	L	L	L	-
E	L	L	L	L	-	-	L	L	L	L	L	-	-	E	L	-	-	E	E	-	-	L	L	L	-	-	-
L	-	-	L	L	-	-	L	L	L	-	-	-	-	L	L	L	-	-	E	L	L	L	-	-	L	L	L
L	L	L	L	-	-	E	E	-	-	L	L	L	L	L	-	-	E	L	-	-	E	L	L	L	L	-	-
E	L	L	-	-	E	E	-	-	L	L	L	-	-	E	E	E	E	L	-	-	-	L	L	-	-	E	E
Objective 0: 6837
Objective 1: 86
Constr violation: -2
Restrictions violated:
0 0 0 0 0 0 0 2 

Individual 36
1	2	3	4	5	6	7	8	9	10	11	12	13	14	15	16	17	18	19	20	21	22	23	24	25	26	27	28
E	E	E	E	L	-	-	L	L	L	-	-	E	E	-	-	E	L	L	L	L	-	-	E	E	L	-	-
E	-	-	-	-	-	-	-	E	E	-	-	-	-	E	E	-	-	-	E	E	E	-	-	E	E	E	-
L	-	-	E	L	-	-	-	E	L	L	L	-	-	-	-	-	E	E	E	E	-	-	E	E	E	L	L
E	-	-	E	E	-	-	E	E	E	L	-	-	E	L	L	L	-	-	L	L	-	-	E	L	L	-	-
E	E	E	L	L	-	-	E	L	L	L	L	-	-	E	E	L	-	-	E	E	E	L	-	-	-	-	E
-	-	L	L	L	L	L	-	-	L	L	-	-	L	L	L	L	-	-	L	L	L	-	-	L	L	L	-
E	L	L	L	L	-	-	-	E	E	-	-	E	E	E	L	-	-	E	E	-	-	L	L	L	-	-	-
L	-	-	L	L	-	-	L	L	L	-	-	-	-	L	L	L	-	-	E	L	L	L	-	-	L	L	L
L	L	L	L	-	-	E	E	-	-	L	L	L	L	L	-	-	E	L	-	-	E	L	L	L	L	-	-
E	L	L	-	-	E	E	-	-	L	L	L	-	-	E	E	E	E	L	-	-	-	L	L	-	-	E	E
Objective 0: 4526
Objective 1: 89
Constr violation: -2
Restrictions violated:
0 0 0 0 0 0 1 1 

Individual 37
1	2	3	4	5	6	7	8	9	10	11	12	13	14	15	16	17	18	19	20	21	22	23	24	25	26	27	28
-	E	E	E	-	-	-	L	L	L	-	-	E	E	-	-	E	L	L	L	L	-	-	E	E	L	-	-
E	-	-	-	-	-	-	-	E	E	-	-	-	-	E	E	-	-	-	-	-	-	-	-	E	E	E	-
L	-	-	E	L	-	-	-	E	L	L	L	-	-	-	-	-	E	E	E	E	-	-	E	E	E	L	L
E	-	-	E	E	-	-	E	E	E	L	-	-	E	L	L	L	-	-	L	L	-	-	E	L	L	-	-
E	E	E	L	L	-	-	E	L	L	L	L	-	-	E	E	L	-	-	E	E	E	-	-	-	-	-	E
L	-	-	L	L	L	L	L	-	-	-	-	-	L	L	L	L	-	-	L	L	L	-	-	L	L	L	-
E	L	L	L	L	-	-	-	E	E	-	-	E	E	E	L	-	-	E	E	-	-	L	L	L	-	-	-
L	-	-	L	L	-	-	L	L	L	-	-	-	-	L	L	L	-	-	E	L	L	L	-	-	L	L	L
L	L	L	L	-	-	E	E	-	-	-	E	L	L	L	-	-	E	L	-	-	E	L	L	L	L	-	-
E	L	L	-	-	E	E	-	-	L	L	L	-	-	E	E	E	E	L	-	-	-	L	L	-	-	E	E
Objective 0: 4619
Objective 1: 93
Constr violation: -2
Restrictions violated:
0 0 0 0 0 0 1 1 

Individual 38
1	2	3	4	5	6	7	8	9	10	11	12	13	14	15	16	17	18	19	20	21	22	23	24	25	26	27	28
-	E	E	E	-	-	-	L	L	L	-	-	E	E	-	-	E	L	L	L	L	-	-	E	E	L	-	-
E	-	-	-	-	-	-	-	E	E	-	-	-	-	E	E	-	-	-	E	E	E	-	-	E	E	E	-
L	-	-	E	L	-	-	-	E	L	L	L	-	-	-	-	-	E	E	E	E	-	-	E	E	E	L	L
E	-	-	E	E	-	-	E	E	E	L	-	-	E	L	L	L	-	-	L	L	-	-	E	L	L	-	-
E	E	E	L	L	-	-	E	L	L	L	L	-	-	E	E	L	-	-	E	E	E	-	-	-	-	-	E
L	-	-	L	L	L	L	L	-	-	-	-	-	L	L	L	L	-	-	L	L	L	-	-	L	L	L	-
E	L	L	L	L	-	-	-	E	E	-	-	E	E	E	L	-	-	E	E	-	-	L	L	L	-	-	-
L	-	-	L	L	-	-	L	L	L	-	-	-	-	L	L	L	-	-	E	L	L	L	-	-	L	L	L
L	L	L	L	-	-	E	E	-	-	L	L	L	L	L	-	-	E	L	-	-	E	L	L	L	L	-	-
E	L	L	-	-	E	E	-	-	L	L	L	-	-	E	E	E	E	L	-	-	-	L	L	-	-	E	E
Objective 0: 4522
Objective 1: 89
Constr violation: -2
Restrictions violated:
0 0 0 0 0 0 1 1 

Individual 39
1	2	3	4	5	6	7	8	9	10	11	12	13	14	15	16	17	18	19	20	21	22	23	24	25	26	27	28
E	L	L	L	L	-	-	-	L	L	L	L	-	-	-	L	L	-	-	L	L	-	-	E	L	L	L	L
E	-	-	-	-	-	-	-	E	E	-	-	-	-	E	E	-	-	-	E	E	E	-	-	E	E	E	-
L	-	-	E	L	-	-	-	E	L	L	L	-	-	-	-	-	E	E	E	E	-	-	E	E	E	L	L
E	-	-	E	E	-	-	E	L	L	L	-	-	E	E	L	L	-	-	L	L	-	-	L	L	L	-	-
E	E	E	L	L	-	-	E	L	L	L	L	-	-	E	E	L	-	-	E	E	E	L	-	-	-	-	E
-	-	L	L	L	L	-	-	-	L	L	L	-	-	L	L	L	-	-	L	L	-	-	L	L	L	L	-
E	L	L	L	L	-	-	L	L	L	L	L	-	-	E	L	-	-	E	E	-	-	L	L	L	-	-	L
L	-	-	L	L	-	-	L	L	L	-	-	-	-	L	L	L	-	-	E	L	L	L	-	-	L	L	L
L	L	L	L	-	-	E	E	-	-	-	E	L	L	-	-	-	E	L	-	-	E	L	L	L	L	-	-
E	L	L	-	-	E	E	-	-	L	L	-	-	-	E	E	E	E	L	-	-	-	L	L	-	-	E	E
Objective 0: 6342
Objective 1: 88
Constr violation: -2
Restrictions violated:
0 0 0 0 0 0 1 1 

Individual 40
1	2	3	4	5	6	7	8	9	10	11	12	13	14	15	16	17	18	19	20	21	22	23	24	25	26	27	28
E	L	L	L	L	-	-	-	L	L	L	L	-	-	-	L	L	-	-	L	L	-	-	E	E	L	-	-
E	-	-	-	-	-	-	-	E	E	-	-	-	-	E	E	-	-	-	-	-	-	-	-	E	E	E	-
L	-	-	E	L	-	-	-	E	L	L	L	-	-	-	-	-	E	E	E	E	-	-	E	E	E	L	L
E	-	-	E	E	-	-	E	L	L	L	-	-	E	E	L	L	-	-	L	L	-	-	L	L	L	-	-
E	E	E	L	L	-	-	E	L	L	L	L	-	-	E	E	L	-	-	E	E	E	L	-	-	-	-	E
-	-	L	L	-	-	-	-	-	L	L	L	-	-	-	L	L	-	-	L	L	-	-	L	L	L	L	-
E	L	L	L	L	-	-	L	L	L	L	L	-	-	E	L	-	-	E	E	-	-	L	L	L	-	-	L
L	-	-	L	L	-	-	L	L	L	-	-	-	-	L	L	L	-	-	E	L	L	L	-	-	L	L	L
E	L	L	L	-	-	E	E	-	-	L	L	L	L	L	-	-	E	L	-	-	E	L	L	L	L	-	-
E	L	L	-	-	E	E	-	-	L	L	L	-	-	E	E	E	E	L	-	-	-	L	L	-	-	L	L
Objective 0: 6943
Objective 1: 83
Constr violation: -2
Restrictions violated:
0 0 0 0 0 0 0 2 

Individual 41
1	2	3	4	5	6	7	8	9	10	11	12	13	14	15	16	17	18	19	20	21	22	23	24	25	26	27	28
-	E	E	E	-	-	-	L	L	L	-	-	E	E	-	-	E	L	L	L	L	-	-	E	E	L	-	-
E	-	-	-	-	-	-	-	E	E	-	-	-	-	E	E	-	-	-	-	-	-	-	-	E	E	-	-
L	-	-	E	L	-	-	-	E	L	L	L	-	-	-	-	-	E	E	E	E	-	-	E	E	E	L	L
E	-	-	E	E	-	-	E	L	L	L	-	-	E	E	L	L	-	-	L	L	-	-	L	L	L	-	-
E	E	E	L	L	-	-	E	L	L	L	L	-	-	E	E	L	-	-	E	E	-	-	-	-	-	-	E
-	-	L	L	-	-	-	-	-	L	L	L	-	-	-	L	L	-	-	-	L	L	-	-	L	L	L	-
E	L	L	L	L	-	-	-	E	E	-	-	E	E	E	L	-	-	E	E	-	-	L	L	L	-	-	-
L	-	-	L	L	-	-	L	L	L	-	-	-	-	L	L	L	-	-	E	L	L	L	-	-	L	L	L
E	L	L	L	-	-	E	E	-	-	-	E	L	L	-	-	-	E	L	-	-	E	L	L	L	L	-	-
E	L	L	-	-	E	E	-	-	L	L	-	-	-	E	E	E	E	L	-	-	-	L	L	-	-	E	E
Objective 0: 5924
Objective 1: 99
Constr violation: -2
Restrictions violated:
0 0 0 0 0 0 0 2 

Individual 42
1	2	3	4	5	6	7	8	9	10	11	12	13	14	15	16	17	18	19	20	21	22	23	24	25	26	27	28
E	E	E	E	L	-	-	L	L	L	-	-	E	E	-	-	E	L	L	L	L	-	-	E	E	L	-	-
E	-	-	-	-	-	-	-	E	E	-	-	-	-	E	E	-	-	-	E	E	E	-	-	E	E	E	-
L	-	-	E	L	-	-	-	E	L	L	L	-	-	-	-	-	E	E	E	E	-	-	E	E	E	L	L
E	-	-	E	E	-	-	E	E	E	L	-	-	E	E	L	L	-	-	L	L	-	-	L	L	L	-	-
E	E	E	L	L	-	-	E	L	L	L	L	-	-	E	E	L	-	-	E	E	E	L	-	-	-	-	E
-	-	L	L	L	L	L	-	-	L	L	-	-	L	L	L	L	-	-	L	L	-	-	L	L	L	L	-
E	L	L	L	L	-	-	L	L	L	L	L	-	-	E	L	-	-	E	E	-	-	L	L	L	-	-	L
L	-	-	L	L	-	-	L	L	L	-	-	-	-	L	L	L	-	-	E	L	L	L	-	-	L	L	L
L	L	L	L	-	-	E	E	-	-	L	L	L	L	L	-	-	E	L	-	-	E	L	L	L	L	-	-
E	L	L	-	-	E	E	-	-	L	L	L	-	-	E	E	E	E	L	-	-	-	L	L	-	-	E	E
Objective 0: 5134
Objective 1: 76
Constr violation: -2
Restrictions violated:
0 0 0 0 0 0 1 1 

Individual 43
1	2	3	4	5	6	7	8	9	10	11	12	13	14	15	16	17	18	19	20	21	22	23	24	25	26	27	28
E	L	L	L	-	-	-	L	L	L	-	-	E	E	-	-	E	L	L	L	L	-	-	E	E	L	-	-
E	-	-	-	-	-	-	-	E	E	-	-	-	-	E	E	-	-	-	-	-	-	-	-	E	E	-	-
L	-	-	E	L	-	-	-	E	L	L	L	-	-	-	-	-	E	E	E	E	-	-	E	E	E	L	L
E	-	-	E	E	-	-	E	L	L	L	-	-	E	E	L	L	-	-	L	L	-	-	E	L	L	-	-
E	E	E	L	L	-	-	E	L	L	L	L	-	-	E	E	L	-	-	E	E	-	-	-	-	-	-	E
-	-	L	L	L	L	L	-	-	L	L	-	-	L	L	L	L	-	-	L	L	L	-	-	L	L	L	-
E	L	L	L	L	-	-	L	L	L	L	L	-	-	E	L	-	-	E	E	-	-	L	L	L	-	-	-
L	-	-	L	L	-	-	L	L	L	-	-	-	-	L	L	L	-	-	E	L	L	L	-	-	L	L	L
E	L	L	L	-	-	E	E	-	-	L	L	L	L	L	-	-	E	L	-	-	E	L	L	L	L	-	-
E	L	L	-	-	E	E	-	-	L	L	L	-	-	E	E	E	E	L	-	-	-	L	L	-	-	E	E
Objective 0: 5833
Objective 1: 79
Constr violation: -2
Restrictions violated:
0 0 0 0 0 0 1 1 

Individual 44
1	2	3	4	5	6	7	8	9	10	11	12	13	14	15	16	17	18	19	20	21	22	23	24	25	26	27	28
E	L	L	L	L	-	-	-	L	L	L	L	-	-	-	L	L	-	-	L	L	-	-	E	L	L	-	-
E	-	-	-	-	-	-	-	E	E	-	-	-	-	E	E	-	-	-	-	-	-	-	-	E	E	-	-
L	-	-	E	L	-	-	-	E	L	L	L	-	-	-	-	-	E	E	E	E	-	-	E	E	E	L	L
E	-	-	E	E	-	-	E	L	L	L	-	-	E	E	L	L	-	-	L	L	-	-	L	L	L	-	-
E	E	E	L	L	-	-	E	L	L	L	L	-	-	E	E	L	-	-	E	E	-	-	-	-	-	-	E
-	-	L	L	-	-	-	-	-	L	L	L	-	-	-	L	L	-	-	L	L	L	-	-	L	L	L	-
E	L	L	L	L	-	-	-	E	E	-	-	E	E	E	L	-	-	E	E	-	-	L	L	L	-	-	-
L	-	-	L	L	-	-	L	L	L	-	-	-	-	L	L	L	-	-	E	L	L	L	-	-	L	L	L
E	L	L	L	-	-	E	E	-	-	-	E	L	L	-	-	-	E	L	-	-	E	L	L	L	L	-	-
E	L	L	-	-	E	E	-	-	L	L	-	-	-	E	E	E	E	L	-	-	-	L	L	-	-	E	E
Objective 0: 6733
Objective 1: 101
Constr violation: -2
Restrictions violated:
0 0 0 0 0 0 0 2 

Individual 45
1	2	3	4	5	6	7	8	9	10	11	12	13	14	15	16	17	18	19	20	21	22	23	24	25	26	27	28
E	L	L	L	L	-	-	-	L	L	L	L	-	-	-	L	L	-	-	L	L	-	-	E	E	L	-	-
E	-	-	-	-	-	-	-	E	E	-	-	-	-	E	E	-	-	-	-	-	-	-	-	E	E	-	-
L	-	-	E	L	-	-	-	E	L	L	L	-	-	-	-	-	E	E	E	E	-	-	E	E	E	L	L
E	-	-	E	E	-	-	E	L	L	L	-	-	E	E	L	L	-	-	L	L	-	-	E	L	L	-	-
E	E	E	L	L	-	-	E	L	L	L	L	-	-	E	E	L	-	-	E	E	-	-	-	-	-	-	E
L	-	-	L	L	L	L	L	-	-	-	-	-	L	L	L	L	-	-	L	L	L	-	-	L	L	L	-
E	L	L	L	L	-	-	-	E	E	-	-	E	E	E	L	-	-	E	E	-	-	L	L	L	-	-	-
L	-	-	L	L	-	-	L	L	L	-	-	-	-	L	L	L	-	-	E	L	L	L	-	-	L	L	L
E	L	L	L	-	-	E	E	-	-	-	E	L	L	-	-	-	E	L	-	-	E	L	L	L	L	-	-
E	L	L	-	-	E	E	-	-	L	L	-	-	-	E	E	E	E	L	-	-	-	L	L	-	-	E	E
Objective 0: 5928
Objective 1: 97
Constr violation: -2
Restrictions violated:
0 0 0 0 0 0 1 1 

Individual 46
1	2	3	4	5	6	7	8	9	10	11	12	13	14	15	16	17	18	19	20	21	22	23	24	25	26	27	28
E	L	L	L	L	-	-	-	L	L	L	L	-	-	-	L	L	-	-	L	L	-	-	E	E	L	-	-
E	-	-	-	-	-	-	-	E	E	-	-	-	-	E	E	-	-	-	-	-	-	-	-	E	E	-	-
L	-	-	E	L	-	-	-	E	L	L	L	-	-	-	-	-	E	E	E	E	-	-	E	E	E	L	L
E	-	-	E	E	-	-	E	L	L	L	-	-	E	E	L	L	-	-	L	L	-	-	E	L	L	-	-
E	E	E	L	L	-	-	E	L	L	L	L	-	-	E	E	L	-	-	E	E	-	-	-	-	-	-	E
L	-	-	L	L	L	L	L	-	-	-	-	-	L	L	L	L	-	-	L	L	L	-	-	L	L	L	-
E	L	L	L	L	-	-	-	E	E	-	-	E	E	E	L	-	-	E	E	-	-	L	L	L	-	-	-
L	-	-	L	L	-	-	L	L	L	-	-	-	-	L	L	L	-	-	E	L	L	L	-	-	L	L	L
E	L	L	L	-	-	E	E	-	-	-	E	L	L	-	-	-	E	L	-	-	E	L	L	L	L	-	-
E	L	L	-	-	E	E	-	-	L	L	-	-	-	E	E	E	E	L	-	-	-	L	L	-	-	E	E
Objective 0: 5928
Objective 1: 97
Constr violation: -2
Restrictions violated:
0 0 0 0 0 0 1 1 

Individual 47
1	2	3	4	5	6	7	8	9	10	11	12	13	14	15	16	17	18	19	20	21	22	23	24	25	26	27	28
E	E	E	E	L	-	-	L	L	L	-	-	E	E	-	-	E	L	L	L	L	-	-	E	E	L	-	-
E	-	-	-	-	-	-	-	E	E	-	-	-	-	E	E	-	-	-	E	E	E	-	-	E	E	E	-
L	-	-	E	L	-	-	-	E	L	L	L	-	-	-	-	-	E	E	E	E	-	-	E	E	E	L	L
E	-	-	E	E	-	-	E	E	E	L	-	-	E	L	L	L	-	-	L	L	-	-	E	L	L	-	-
E	E	E	L	L	-	-	E	L	L	L	L	-	-	E	E	L	-	-	E	E	E	L	-	-	-	-	E
-	-	L	L	L	L	L	-	-	L	L	-	-	L	L	L	L	-	-	L	L	L	-	-	L	L	L	-
E	L	L	L	L	-	-	L	L	L	-	-	E	E	E	L	-	-	E	E	-	-	L	L	L	-	-	-
L	-	-	L	L	-	-	L	L	L	-	-	-	-	L	L	L	-	-	E	L	L	L	-	-	L	L	L
L	L	L	L	-	-	E	E	-	-	L	L	L	L	L	-	-	E	L	-	-	E	L	L	L	L	-	-
E	L	L	-	-	E	E	-	-	L	L	L	-	-	E	E	E	E	L	-	-	-	L	L	-	-	E	E
Objective 0: 4628
Objective 1: 80
Constr violation: -2
Restrictions violated:
0 0 0 0 0 0 1 1 

Individual 48
1	2	3	4	5	6	7	8	9	10	11	12	13	14	15	16	17	18	19	20	21	22	23	24	25	26	27	28
E	E	E	E	L	-	-	L	L	L	-	-	E	E	-	-	E	L	L	L	L	-	-	E	E	L	-	-
E	-	-	-	-	-	-	-	E	E	-	-	-	-	E	E	-	-	-	E	E	E	-	-	E	E	E	-
L	-	-	E	L	-	-	-	E	L	L	L	-	-	-	-	-	E	E	E	E	-	-	E	E	E	L	L
E	-	-	E	E	-	-	E	E	E	L	-	-	E	L	L	L	-	-	L	L	-	-	E	L	L	-	-
E	E	E	L	L	-	-	E	L	L	L	L	-	-	E	E	L	-	-	E	E	E	L	-	-	-	-	E
-	-	L	L	L	L	L	-	-	L	L	-	-	L	L	L	L	-	-	L	L	-	-	L	L	L	L	-
E	L	L	L	L	-	-	L	L	L	L	L	-	-	E	L	-	-	E	E	-	-	L	L	L	-	-	L
L	-	-	L	L	-	-	L	L	L	-	-	-	-	L	L	L	-	-	E	L	L	L	-	-	L	L	L
E	L	L	L	-	-	E	E	-	-	L	L	L	L	L	-	-	E	L	-	-	E	L	L	L	L	-	-
E	L	L	-	-	E	E	-	-	L	L	L	-	-	E	E	E	E	L	-	-	-	L	L	-	-	E	E
Objective 0: 5033
Objective 1: 73
Constr violation: -2
Restrictions violated:
0 0 0 0 0 0 1 1 

Individual 49
1	2	3	4	5	6	7	8	9	10	11	12	13	14	15	16	17	18	19	20	21	22	23	24	25	26	27	28
E	E	E	E	L	-	-	L	L	L	-	-	E	E	-	-	E	L	L	L	L	-	-	E	E	L	-	-
E	-	-	-	-	-	-	-	E	E	-	-	-	-	E	E	-	-	-	E	E	E	-	-	E	E	E	-
L	-	-	E	L	-	-	-	E	L	L	L	-	-	-	-	-	E	E	E	E	-	-	E	E	E	L	L
E	-	-	E	E	-	-	E	E	E	L	-	-	E	L	L	L	-	-	L	L	-	-	E	L	L	-	-
E	E	E	L	L	-	-	E	L	L	L	L	-	-	E	E	L	-	-	E	E	-	-	-	-	-	-	E
-	-	L	L	-	-	-	-	-	L	L	L	-	-	-	L	L	-	-	-	L	L	-	-	L	L	L	-
E	L	L	L	L	-	-	-	E	E	-	-	E	E	E	L	-	-	E	E	-	-	L	L	L	-	-	-
L	-	-	L	L	-	-	L	L	L	-	-	-	-	L	L	L	-	-	E	L	L	L	-	-	L	L	L
L	L	L	L	-	-	E	E	-	-	-	E	L	L	-	-	-	E	L	-	-	E	L	L	L	L	-	-
E	L	L	-	-	E	E	-	-	L	L	-	-	-	E	E	E	E	L	-	-	-	L	L	-	-	E	E
Objective 0: 5122
Objective 1: 96
Constr violation: -2
Restrictions violated:
0 0 0 0 0 0 0 2 

Individual 50
1	2	3	4	5	6	7	8	9	10	11	12	13	14	15	16	17	18	19	20	21	22	23	24	25	26	27	28
E	L	L	L	L	-	-	-	L	L	L	L	-	-	-	L	L	-	-	L	L	-	-	E	L	L	-	-
E	-	-	-	-	-	-	-	E	E	-	-	-	-	E	E	-	-	-	-	-	-	-	-	E	E	-	-
L	-	-	E	L	-	-	-	E	L	L	L	-	-	-	-	-	E	E	E	E	-	-	E	E	E	L	L
E	-	-	E	E	-	-	E	L	L	L	-	-	E	E	L	L	-	-	L	L	-	-	L	L	L	-	-
E	E	E	L	L	-	-	E	L	L	L	L	-	-	E	E	L	-	-	E	E	-	-	-	-	-	-	E
-	-	L	L	-	-	-	-	-	L	L	L	-	-	-	L	L	-	-	-	L	L	-	-	L	L	L	-
E	L	L	L	L	-	-	-	E	E	-	-	E	E	E	L	-	-	E	E	-	-	L	L	L	-	-	-
L	-	-	L	L	-	-	L	L	L	-	-	-	-	L	L	L	-	-	E	L	L	L	-	-	L	L	L
E	L	L	L	-	-	E	E	-	-	-	E	L	L	-	-	-	E	L	-	-	E	L	L	L	L	-	-
E	L	L	-	-	E	E	-	-	L	L	-	-	-	E	E	E	E	L	-	-	-	L	L	-	-	E	E
Objective 0: 6833
Objective 1: 101
Constr violation: -2
Restrictions violated:
0 0 0 0 0 0 0 2 

Individual 51
1	2	3	4	5	6	7	8	9	10	11	12	13	14	15	16	17	18	19	20	21	22	23	24	25	26	27	28
E	E	E	E	L	-	-	L	L	L	-	-	E	E	-	-	E	L	L	L	L	-	-	E	E	L	-	-
E	-	-	-	-	-	-	-	E	E	-	-	-	-	E	E	-	-	-	E	E	E	-	-	E	E	E	-
L	-	-	E	L	-	-	-	E	L	L	L	-	-	-	-	-	E	E	E	E	-	-	E	E	E	L	L
E	-	-	E	E	-	-	E	E	E	L	-	-	E	L	L	L	-	-	L	L	-	-	E	L	L	-	-
E	E	E	L	L	-	-	E	L	L	L	L	-	-	E	E	L	-	-	E	E	E	L	-	-	-	-	E
-	-	L	L	L	L	L	-	-	L	L	-	-	L	L	L	L	-	-	L	L	L	-	-	L	L	L	-
E	L	L	L	L	-	-	L	L	L	L	L	-	-	E	L	-	-	E	E	-	-	L	L	L	-	-	L
L	-	-	L	L	-	-	L	L	L	-	-	-	-	L	L	L	-	-	E	L	L	L	-	-	L	L	L
E	L	L	L	-	-	E	E	-	-	L	L	L	L	L	-	-	E	L	-	-	E	L	L	L	L	-	-
E	L	L	-	-	E	E	-	-	L	L	L	-	-	E	E	E	E	L	-	-	-	L	L	-	-	E	E
Objective 0: 4932
Objective 1: 75
Constr violation: -2
Restrictions violated:
0 0 0 0 0 0 1 1 

Individual 52
1	2	3	4	5	6	7	8	9	10	11	12	13	14	15	16	17	18	19	20	21	22	23	24	25	26	27	28
-	E	E	E	-	-	-	L	L	L	-	-	E	E	-	-	E	L	L	L	L	-	-	E	E	L	-	-
E	-	-	-	-	-	-	-	E	E	-	-	-	-	E	E	-	-	-	-	-	-	-	-	E	E	E	-
L	-	-	E	L	-	-	-	E	L	L	L	-	-	-	-	-	E	E	E	E	-	-	E	E	E	L	L
E	-	-	E	E	-	-	E	E	E	L	-	-	E	L	L	L	-	-	L	L	-	-	E	L	L	-	-
E	E	E	L	L	-	-	E	L	L	L	L	-	-	E	E	L	-	-	E	E	E	-	-	-	-	-	E
L	-	-	L	L	L	L	L	-	-	-	-	-	L	L	L	L	-	-	L	L	L	-	-	L	L	L	-
E	L	L	L	L	-	-	-	E	E	-	-	E	E	E	L	-	-	E	E	-	-	L	L	L	-	-	-
L	-	-	L	L	-	-	L	L	L	-	-	-	-	L	L	L	-	-	E	L	L	L	-	-	L	L	L
E	L	L	L	-	-	E	E	-	-	-	E	L	L	-	-	-	E	L	-	-	E	L	L	L	L	-	-
E	L	L	-	-	E	E	-	-	L	L	-	-	-	E	E	E	E	L	-	-	-	L	L	-	-	E	E
Objective 0: 4819
Objective 1: 91
Constr violation: -2
Restrictions violated:
0 0 0 0 0 0 1 1 

Individual 53
1	2	3	4	5	6	7	8	9	10	11	12	13	14	15	16	17	18	19	20	21	22	23	24	25	26	27	28
E	L	L	L	L	-	-	-	L	L	L	L	-	-	-	L	L	-	-	L	L	-	-	E	E	L	-	-
E	-	-	-	-	-	-	-	E	E	-	-	-	-	E	E	-	-	-	-	-	-	-	-	E	E	-	-
L	-	-	E	L	-	-	-	E	L	L	L	-	-	-	-	-	E	E	E	E	-	-	E	E	E	L	L
E	-	-	E	E	-	-	E	L	L	L	-	-	E	E	L	L	-	-	L	L	-	-	E	L	L	-	-
E	E	E	L	L	-	-	E	L	L	L	L	-	-	E	E	L	-	-	E	E	-	-	-	-	-	-	E
-	-	L	L	-	-	-	-	-	L	L	L	-	-	-	L	L	-	-	-	L	L	-	-	L	L	L	-
E	L	L	L	L	-	-	-	L	L	L	L	-	-	E	L	-	-	E	E	-	-	L	L	L	-	-	-
L	-	-	L	L	-	-	L	L	L	-	-	-	-	L	L	L	-	-	E	L	L	L	-	-	L	L	L
L	L	L	L	-	-	E	E	-	-	-	E	L	L	-	-	-	E	L	-	-	E	L	L	L	L	-	-
E	L	L	-	-	E	E	-	-	L	L	-	-	-	E	E	E	E	L	-	-	-	L	L	-	-	E	E
Objective 0: 6934
Objective 1: 93
Constr violation: -2
Restrictions violated:
0 0 0 0 0 0 0 2 

Individual 54
1	2	3	4	5	6	7	8	9	10	11	12	13	14	15	16	17	18	19	20	21	22	23	24	25	26	27	28
-	E	E	E	-	-	-	L	L	L	-	-	E	E	-	-	E	L	L	L	L	-	-	E	E	L	-	-
E	-	-	-	-	-	-	-	E	E	-	-	-	-	E	E	-	-	-	-	-	-	-	-	E	E	-	-
L	-	-	E	L	-	-	-	E	L	L	L	-	-	-	-	-	E	E	E	E	-	-	E	E	E	L	L
E	-	-	E	E	-	-	E	E	E	L	-	-	E	L	L	L	-	-	L	L	-	-	E	L	L	-	-
E	E	E	L	L	-	-	E	L	L	L	L	-	-	E	E	L	-	-	E	E	-	-	-	-	-	-	E
-	-	L	L	-	-	-	-	-	L	L	L	-	-	-	L	L	-	-	L	L	L	-	-	L	L	L	-
E	L	L	L	L	-	-	-	E	E	-	-	E	E	E	L	-	-	E	E	-	-	L	L	L	-	-	-
L	-	-	L	L	-	-	L	L	L	-	-	-	-	L	L	L	-	-	E	L	L	L	-	-	L	L	L
L	L	L	L	-	-	E	E	-	-	-	E	L	L	-	-	-	E	L	-	-	E	L	L	L	L	-	-
E	L	L	-	-	E	E	-	-	L	L	-	-	-	E	E	E	E	L	-	-	-	L	L	-	-	E	E
Objective 0: 5319
Objective 1: 96
Constr violation: -2
Restrictions violated:
0 0 0 0 0 0 0 2 

Individual 55
1	2	3	4	5	6	7	8	9	10	11	12	13	14	15	16	17	18	19	20	21	22	23	24	25	26	27	28
E	E	E	E	L	-	-	L	L	L	-	-	E	E	-	-	E	L	L	L	L	-	-	E	E	L	-	-
E	-	-	-	-	-	-	-	E	E	-	-	-	-	E	E	-	-	-	E	E	E	-	-	E	E	E	-
L	-	-	E	L	-	-	-	E	L	L	L	-	-	-	-	-	E	E	E	E	-	-	E	E	E	L	L
E	-	-	E	E	-	-	E	E	E	L	-	-	E	L	L	L	-	-	L	L	-	-	E	L	L	-	-
E	E	E	L	L	-	-	E	L	L	L	L	-	-	E	E	L	-	-	E	E	E	L	-	-	-	-	E
-	-	L	L	L	L	L	-	-	L	L	-	-	L	L	L	L	-	-	L	L	L	-	-	L	L	L	-
E	L	L	L	L	-	-	L	L	L	-	-	E	E	E	L	-	-	E	E	-	-	L	L	L	-	-	-
L	-	-	L	L	-	-	L	L	L	-	-	-	-	L	L	L	-	-	E	L	L	L	-	-	L	L	L
L	L	L	L	-	-	E	E	-	-	L	L	L	L	L	-	-	E	L	-	-	E	L	L	L	L	-	-
E	L	L	-	-	E	E	-	-	L	L	-	-	-	E	E	E	E	L	-	-	-	L	L	-	-	E	E
Objective 0: 4627
Objective 1: 80
Constr violation: -2
Restrictions violated:
0 0 0 0 0 0 1 1 

Individual 56
1	2	3	4	5	6	7	8	9	10	11	12	13	14	15	16	17	18	19	20	21	22	23	24	25	26	27	28
-	E	E	E	-	-	-	L	L	L	-	-	E	E	-	-	E	L	L	L	L	-	-	E	E	L	-	-
E	-	-	-	-	-	-	-	E	E	-	-	-	-	E	E	-	-	-	E	E	E	-	-	E	E	E	-
L	-	-	E	L	-	-	-	E	L	L	L	-	-	-	-	-	E	E	E	E	-	-	E	E	E	L	L
E	-	-	E	E	-	-	E	E	E	L	-	-	E	L	L	L	-	-	L	L	-	-	E	L	L	-	-
E	E	E	L	L	-	-	E	L	L	L	L	-	-	E	E	L	-	-	E	E	E	L	-	-	-	-	E
-	-	L	L	L	L	-	-	-	L	L	-	-	L	L	L	L	-	-	L	L	-	-	L	L	L	L	-
E	L	L	L	L	-	-	L	L	L	L	L	-	-	E	L	-	-	E	E	-	-	L	L	L	-	-	-
L	-	-	L	L	-	-	L	L	L	-	-	-	-	L	L	L	-	-	E	L	L	L	-	-	L	L	L
E	L	L	L	-	-	E	E	-	-	L	L	L	L	L	-	-	E	L	-	-	E	L	L	L	L	-	-
E	L	L	-	-	E	E	-	-	L	L	-	-	-	E	E	E	E	L	-	-	-	L	L	-	-	E	E
Objective 0: 5129
Objective 1: 72
Constr violation: -2
Restrictions violated:
0 0 0 0 0 0 1 1 

Individual 57
1	2	3	4	5	6	7	8	9	10	11	12	13	14	15	16	17	18	19	20	21	22	23	24	25	26	27	28
E	L	L	L	-	-	-	L	L	L	-	-	E	E	-	-	E	L	L	L	L	-	-	E	E	L	-	-
E	-	-	-	-	-	-	-	E	E	-	-	-	-	E	E	-	-	-	-	-	-	-	-	E	E	-	-
L	-	-	E	L	-	-	-	E	L	L	L	-	-	-	-	-	E	E	E	E	-	-	E	E	E	L	L
E	-	-	E	E	-	-	E	L	L	L	-	-	E	E	L	L	-	-	L	L	-	-	E	L	L	-	-
E	E	E	L	L	-	-	E	L	L	L	L	-	-	E	E	L	-	-	E	E	-	-	-	-	-	-	E
-	-	L	L	L	L	L	-	-	L	L	-	-	L	L	L	L	-	-	L	L	L	-	-	L	L	L	-
E	L	L	L	L	-	-	L	L	L	L	L	-	-	E	L	-	-	E	E	-	-	L	L	L	-	-	-
L	-	-	L	L	-	-	L	L	L	-	-	-	-	L	L	L	-	-	E	L	L	L	-	-	L	L	L
E	L	L	L	-	-	E	E	-	-	L	L	L	L	L	-	-	E	L	-	-	E	L	L	L	L	-	-
E	L	L	-	-	E	E	-	-	L	L	L	-	-	E	E	E	E	L	-	-	-	L	L	-	-	E	E
Objective 0: 5833
Objective 1: 79
Constr violation: -2
Restrictions violated:
0 0 0 0 0 0 1 1 

Individual 58
1	2	3	4	5	6	7	8	9	10	11	12	13	14	15	16	17	18	19	20	21	22	23	24	25	26	27	28
E	L	L	L	L	-	-	-	L	L	L	L	-	-	-	L	L	-	-	L	L	-	-	E	L	L	-	-
E	-	-	-	-	-	-	-	E	E	-	-	-	-	E	E	-	-	-	-	-	-	-	-	E	E	-	-
L	-	-	E	L	-	-	-	E	L	L	L	-	-	-	-	-	E	E	E	E	-	-	E	E	E	L	L
E	-	-	E	E	-	-	E	L	L	L	-	-	E	E	L	L	-	-	L	L	-	-	L	L	L	-	-
E	E	E	L	L	-	-	E	L	L	L	L	-	-	E	E	L	-	-	E	E	-	-	-	-	-	-	E
-	-	L	L	-	-	-	-	-	L	L	L	-	-	-	L	L	-	-	L	L	L	-	-	L	L	L	-
E	L	L	L	L	-	-	-	E	E	-	-	E	E	E	L	-	-	E	E	-	-	L	L	L	-	-	-
L	-	-	L	L	-	-	L	L	L	-	-	-	-	L	L	L	-	-	E	L	L	L	-	-	L	L	L
L	L	L	L	-	-	E	E	-	-	-	E	L	L	-	-	-	E	L	-	-	E	L	L	L	L	-	-
E	L	L	-	-	E	E	-	-	L	L	L	-	-	E	E	E	E	L	-	-	-	L	L	-	-	E	E
Objective 0: 6633
Objective 1: 103
Constr violation: -2
Restrictions violated:
0 0 0 0 0 0 0 2 

Individual 59
1	2	3	4	5	6	7	8	9	10	11	12	13	14	15	16	17	18	19	20	21	22	23	24	25	26	27	28
-	E	E	E	-	-	-	L	L	L	-	-	E	E	-	-	E	L	L	L	L	-	-	E	E	L	-	-
E	-	-	-	-	-	-	-	E	E	-	-	-	-	E	E	-	-	-	E	E	E	-	-	E	E	E	-
L	-	-	E	L	-	-	-	E	L	L	L	-	-	-	-	-	E	E	E	E	-	-	E	E	E	L	L
E	-	-	E	E	-	-	E	E	E	L	-	-	E	L	L	L	-	-	L	L	-	-	E	L	L	-	-
E	E	E	L	L	-	-	E	L	L	L	L	-	-	E	E	L	-	-	E	E	E	L	-	-	-	-	E
-	-	L	L	L	L	-	-	-	L	L	-	-	L	L	L	L	-	-	L	L	-	-	L	L	L	L	-
E	L	L	L	L	-	-	L	L	L	L	L	-	-	E	L	-	-	E	E	-	-	L	L	L	-	-	-
L	-	-	L	L	-	-	L	L	L	-	-	-	-	L	L	L	-	-	E	L	L	L	-	-	L	L	L
E	L	L	L	-	-	E	E	-	-	-	E	L	L	-	-	-	E	L	-	-	E	L	L	L	L	-	-
E	L	L	-	-	E	E	-	-	L	L	L	-	-	E	E	E	E	L	-	-	-	L	L	-	-	E	E
Objective 0: 5128
Objective 1: 76
Constr violation: -2
Restrictions violated:
0 0 0 0 0 0 1 1 

Individual 60
1	2	3	4	5	6	7	8	9	10	11	12	13	14	15	16	17	18	19	20	21	22	23	24	25	26	27	28
E	L	L	L	L	-	-	-	L	L	L	L	-	-	-	L	L	-	-	L	L	-	-	E	E	L	-	-
E	-	-	-	-	-	-	-	E	E	-	-	-	-	E	E	-	-	-	-	-	-	-	-	E	E	-	-
L	-	-	E	L	-	-	-	E	L	L	L	-	-	-	-	-	E	E	E	E	-	-	E	E	E	L	L
E	-	-	E	E	-	-	E	L	L	L	-	-	E	E	L	L	-	-	L	L	-	-	E	L	L	-	-
E	E	E	L	L	-	-	E	L	L	L	L	-	-	E	E	L	-	-	E	E	-	-	-	-	-	-	E
-	-	L	L	-	-	-	-	-	L	L	L	-	-	-	L	L	-	-	-	L	L	-	-	L	L	L	-
E	L	L	L	L	-	-	-	E	E	-	-	E	E	E	L	-	-	E	E	-	-	L	L	L	-	-	-
L	-	-	L	L	-	-	L	L	L	-	-	-	-	L	L	L	-	-	E	L	L	L	-	-	L	L	L
E	L	L	L	-	-	E	E	-	-	-	E	L	L	-	-	-	E	L	-	-	E	L	L	L	L	-	-
E	L	L	-	-	E	E	-	-	L	L	-	-	-	E	E	E	E	L	-	-	-	L	L	-	-	E	E
Objective 0: 6631
Objective 1: 100
Constr violation: -2
Restrictions violated:
0 0 0 0 0 0 0 2 

Individual 61
1	2	3	4	5	6	7	8	9	10	11	12	13	14	15	16	17	18	19	20	21	22	23	24	25	26	27	28
E	L	L	L	L	-	-	-	L	L	L	L	-	-	-	L	L	-	-	L	L	-	-	E	L	L	-	-
E	-	-	-	-	-	-	-	E	E	-	-	-	-	E	E	-	-	-	E	E	E	-	-	E	E	E	-
L	-	-	E	L	-	-	-	E	L	L	L	-	-	-	-	-	E	E	E	E	-	-	E	E	E	L	L
E	-	-	E	E	-	-	E	L	L	L	-	-	E	E	L	L	-	-	L	L	-	-	L	L	L	-	-
E	E	E	L	L	-	-	E	L	L	L	L	-	-	E	E	L	-	-	E	E	E	L	-	-	-	-	E
-	-	L	L	L	L	-	-	-	L	L	L	-	-	L	L	L	-	-	L	L	-	-	L	L	L	L	-
E	L	L	L	L	-	-	-	E	E	-	-	E	E	E	L	-	-	E	E	-	-	L	L	L	-	-	-
L	-	-	L	L	-	-	L	L	L	-	-	-	-	L	L	L	-	-	E	L	L	L	-	-	L	L	L
E	L	L	L	-	-	E	E	-	-	-	E	L	L	-	-	-	E	L	-	-	E	L	L	L	L	-	-
E	L	L	-	-	E	E	-	-	L	L	-	-	-	E	E	E	E	L	-	-	-	L	L	-	-	E	E
Objective 0: 6237
Objective 1: 98
Constr violation: -2
Restrictions violated:
0 0 0 0 0 0 1 1 

Individual 62
1	2	3	4	5	6	7	8	9	10	11	12	13	14	15	16	17	18	19	20	21	22	23	24	25	26	27	28
E	L	L	L	L	-	-	-	L	L	L	L	-	-	-	L	L	-	-	L	L	-	-	E	L	L	L	L
E	-	-	-	-	-	-	-	E	E	-	-	-	-	E	E	-	-	-	E	E	E	-	-	E	E	E	-
L	-	-	E	L	-	-	-	E	L	L	L	-	-	-	-	-	E	E	E	E	-	-	E	E	E	L	L
E	-	-	E	E	-	-	E	E	L	L	-	-	E	E	L	L	-	-	L	L	-	-	L	L	L	-	-
E	E	E	L	L	-	-	E	L	L	L	L	-	-	E	E	L	-	-	E	E	E	L	-	-	-	-	E
-	-	L	L	L	L	L	-	-	L	L	L	-	-	L	L	L	-	-	L	L	-	-	L	L	L	L	-
E	L	L	L	L	-	-	L	L	L	L	L	-	-	E	L	-	-	E	E	-	-	L	L	L	-	-	L
L	-	-	L	L	-	-	L	L	L	-	-	-	-	L	L	L	-	-	E	L	L	L	-	-	L	L	L
L	L	L	L	-	-	E	E	-	-	L	L	L	L	L	-	-	E	L	-	-	E	L	L	L	L	-	-
E	L	L	-	-	E	E	-	-	L	L	L	-	-	E	E	E	E	L	-	-	-	L	L	-	-	E	E
Objective 0: 6144
Objective 1: 83
Constr violation: -2
Restrictions violated:
0 0 0 0 0 0 1 1 

Individual 63
1	2	3	4	5	6	7	8	9	10	11	12	13	14	15	16	17	18	19	20	21	22	23	24	25	26	27	28
E	L	L	L	L	-	-	-	L	L	L	L	-	-	-	L	L	-	-	L	L	-	-	E	L	L	-	-
E	-	-	-	-	-	-	-	E	E	-	-	-	-	E	E	-	-	-	-	-	-	-	-	E	E	-	-
L	-	-	E	L	-	-	-	E	L	L	L	-	-	-	-	-	E	E	E	E	-	-	E	E	E	L	L
E	-	-	E	E	-	-	E	L	L	L	-	-	E	E	L	L	-	-	L	L	-	-	L	L	L	-	-
E	E	E	L	L	-	-	E	L	L	L	L	-	-	E	E	L	-	-	E	E	-	-	-	-	-	-	E
-	-	L	L	-	-	-	-	-	L	L	L	-	-	-	L	L	-	-	-	L	L	-	-	L	L	L	-
E	L	L	L	L	-	-	L	L	L	L	L	-	-	E	L	-	-	E	E	-	-	L	L	L	-	-	-
L	-	-	L	L	-	-	L	L	L	-	-	-	-	L	L	L	-	-	E	L	L	L	-	-	L	L	L
E	L	L	L	-	-	E	E	-	-	L	L	L	L	L	-	-	E	L	-	-	E	L	L	L	L	-	-
E	L	L	-	-	E	E	-	-	L	L	L	-	-	E	E	E	E	L	-	-	-	L	L	-	-	E	E
Objective 0: 7140
Objective 1: 85
Constr violation: -2
Restrictions violated:
0 0 0 0 0 0 0 2 

Individual 64
1	2	3	4	5	6	7	8	9	10	11	12	13	14	15	16	17	18	19	20	21	22	23	24	25	26	27	28
E	L	L	L	-	-	-	L	L	L	-	-	E	E	-	-	E	L	L	L	L	-	-	E	E	L	-	-
E	-	-	-	-	-	-	-	E	E	-	-	-	-	E	E	-	-	-	-	-	-	-	-	E	E	-	-
L	-	-	E	L	-	-	-	E	L	L	L	-	-	-	-	-	E	E	E	E	-	-	E	E	E	L	L
E	-	-	E	E	-	-	E	L	L	L	-	-	E	E	L	L	-	-	L	L	-	-	E	L	L	-	-
E	E	E	L	L	-	-	E	L	L	L	L	-	-	E	E	L	-	-	E	E	-	-	-	-	-	-	E
-	-	L	L	-	-	-	-	-	L	L	L	-	-	-	L	L	-	-	-	L	L	-	-	L	L	L	-
E	L	L	L	L	-	-	-	E	E	-	-	E	E	E	L	-	-	E	E	-	-	L	L	L	-	-	-
L	-	-	L	L	-	-	L	L	L	-	-	-	-	L	L	L	-	-	E	L	L	L	-	-	L	L	L
E	L	L	L	-	-	E	E	-	-	-	E	L	L	-	-	-	E	L	-	-	E	L	L	L	L	-	-
E	L	L	-	-	E	E	-	-	L	L	-	-	-	E	E	E	E	L	-	-	-	L	L	-	-	E	E
Objective 0: 6026
Objective 1: 98
Constr violation: -2
Restrictions violated:
0 0 0 0 0 0 0 2 

Individual 65
1	2	3	4	5	6	7	8	9	10	11	12	13	14	15	16	17	18	19	20	21	22	23	24	25	26	27	28
E	E	E	E	L	-	-	L	L	L	-	-	E	E	-	-	E	L	L	L	L	-	-	E	E	L	-	-
E	-	-	-	-	-	-	-	E	E	-	-	-	-	E	E	-	-	-	E	E	E	-	-	E	E	E	-
L	-	-	E	L	-	-	-	E	L	L	L	-	-	-	-	-	E	E	E	E	-	-	E	E	E	L	L
E	-	-	E	E	-	-	E	E	E	L	-	-	E	L	L	L	-	-	L	L	-	-	L	L	L	-	-
E	E	E	L	L	-	-	E	L	L	L	L	-	-	E	E	L	-	-	E	E	E	-	-	-	-	-	E
-	-	L	L	L	L	L	-	-	L	L	-	-	L	L	L	L	-	-	L	L	-	-	-	L	L	L	-
E	L	L	L	L	-	-	L	L	L	L	L	-	-	E	L	-	-	E	E	-	-	L	L	L	-	-	-
L	-	-	L	L	-	-	L	L	L	-	-	-	-	L	L	L	-	-	E	L	L	L	-	-	L	L	L
E	L	L	L	-	-	E	E	-	-	L	L	L	L	L	-	-	E	L	-	-	E	L	L	L	L	-	-
E	L	L	-	-	E	E	-	-	L	L	-	-	-	E	E	E	E	L	-	-	-	L	L	-	-	E	E
Objective 0: 5130
Objective 1: 74
Constr violation: -2
Restrictions violated:
0 0 0 0 0 0 1 1 

Individual 66
1	2	3	4	5	6	7	8	9	10	11	12	13	14	15	16	17	18	19	20	21	22	23	24	25	26	27	28
E	L	L	L	L	-	-	-	L	L	L	L	-	-	-	L	L	-	-	L	L	-	-	E	L	L	-	-
E	-	-	-	-	-	-	-	E	E	-	-	-	-	E	E	-	-	-	E	E	E	-	-	E	E	E	-
L	-	-	E	L	-	-	-	E	L	L	L	-	-	-	-	-	E	E	E	E	-	-	E	E	E	L	L
E	-	-	E	E	-	-	E	L	L	L	-	-	E	E	L	L	-	-	L	L	-	-	L	L	L	-	-
E	E	E	L	L	-	-	E	L	L	L	L	-	-	E	E	L	-	-	E	E	E	L	-	-	-	-	E
-	-	L	L	L	L	-	-	-	L	L	L	-	-	L	L	L	-	-	L	L	-	-	L	L	L	L	-
E	L	L	L	L	-	-	L	L	L	L	L	-	-	E	L	-	-	E	E	-	-	L	L	L	-	-	-
L	-	-	L	L	-	-	L	L	L	-	-	-	-	L	L	L	-	-	E	L	L	L	-	-	L	L	L
E	L	L	L	-	-	E	E	-	-	L	L	L	L	L	-	-	E	L	-	-	E	L	L	L	L	-	-
E	L	L	-	-	E	E	-	-	L	L	L	-	-	E	E	E	E	L	-	-	-	L	L	-	-	E	E
Objective 0: 6544
Objective 1: 82
Constr violation: -2
Restrictions violated:
0 0 0 0 0 0 1 1 

Individual 67
1	2	3	4	5	6	7	8	9	10	11	12	13	14	15	16	17	18	19	20	21	22	23	24	25	26	27	28
E	L	L	L	L	-	-	-	L	L	L	L	-	-	-	L	L	-	-	L	L	-	-	E	L	L	L	L
E	-	-	-	-	-	-	-	E	E	-	-	-	-	E	E	-	-	-	E	E	E	-	-	E	E	E	-
L	-	-	E	L	-	-	-	E	L	L	L	-	-	-	-	-	E	E	E	E	-	-	E	E	E	L	L
E	-	-	E	E	-	-	E	L	L	L	-	-	E	E	L	L	-	-	L	L	-	-	L	L	L	-	-
E	E	E	L	L	-	-	E	L	L	L	L	-	-	E	E	L	-	-	E	E	E	L	-	-	-	-	E
-	-	L	L	L	L	-	-	-	L	L	L	-	-	L	L	L	-	-	L	L	-	-	L	L	L	L	-
E	L	L	L	L	-	-	L	L	L	L	L	-	-	E	L	-	-	E	E	-	-	L	L	L	-	-	L
L	-	-	L	L	-	-	L	L	L	-	-	-	-	L	L	L	-	-	E	L	L	L	-	-	L	L	L
L	L	L	L	-	-	E	E	-	-	L	L	L	L	L	-	-	E	L	-	-	E	L	L	L	L	-	-
E	L	L	-	-	E	E	-	-	L	L	L	-	-	E	E	E	E	L	-	-	-	L	L	-	-	E	E
Objective 0: 6345
Objective 1: 84
Constr violation: -2
Restrictions violated:
0 0 0 0 0 0 1 1 

Individual 68
1	2	3	4	5	6	7	8	9	10	11	12	13	14	15	16	17	18	19	20	21	22	23	24	25	26	27	28
-	E	E	E	-	-	-	L	L	L	-	-	E	E	-	-	E	L	L	L	L	-	-	E	E	L	-	-
E	-	-	-	-	-	-	-	E	E	-	-	-	-	E	E	-	-	-	-	-	-	-	-	E	E	-	-
L	-	-	E	L	-	-	-	E	L	L	L	-	-	-	-	-	E	E	E	E	-	-	E	E	E	L	L
E	-	-	E	E	-	-	E	E	E	L	-	-	E	E	L	L	-	-	L	L	-	-	E	L	L	-	-
E	E	E	L	L	-	-	E	L	L	L	L	-	-	E	E	L	-	-	E	E	-	-	-	-	-	-	E
-	-	L	L	-	-	-	-	-	L	L	L	-	-	-	L	L	-	-	L	L	-	-	-	L	L	L	-
E	L	L	L	L	-	-	-	E	E	-	-	E	E	E	L	-	-	E	E	-	-	L	L	L	-	-	-
L	-	-	L	L	-	-	L	L	L	-	-	-	-	L	L	L	-	-	E	L	L	L	-	-	L	L	L
L	L	L	L	-	-	E	E	-	-	-	E	L	L	-	-	-	E	L	-	-	E	L	L	L	L	-	-
E	L	L	-	-	E	E	-	-	L	L	L	-	-	E	E	E	E	L	-	-	-	L	L	-	-	E	E
Objective 0: 5521
Objective 1: 94
Constr violation: -2
Restrictions violated:
0 0 0 0 0 0 0 2 

Individual 69
1	2	3	4	5	6	7	8	9	10	11	12	13	14	15	16	17	18	19	20	21	22	23	24	25	26	27	28
E	E	E	E	L	-	-	L	L	L	-	-	E	E	-	-	E	L	L	L	L	-	-	E	E	L	-	-
E	-	-	-	-	-	-	-	E	E	-	-	-	-	E	E	-	-	-	E	E	E	-	-	E	E	E	-
L	-	-	E	L	-	-	-	E	L	L	L	-	-	-	-	-	E	E	E	E	-	-	E	E	E	L	L
E	-	-	E	E	-	-	E	E	E	L	-	-	E	L	L	L	-	-	L	L	-	-	E	L	L	-	-
E	E	E	L	L	-	-	E	L	L	L	L	-	-	E	E	L	-	-	E	E	E	L	-	-	-	-	E
-	-	L	L	L	L	L	-	-	L	L	-	-	L	L	L	L	-	-	L	L	L	-	-	L	L	L	-
E	L	L	L	L	-	-	L	L	L	L	L	-	-	E	L	-	-	E	E	-	-	L	L	L	-	-	L
L	-	-	L	L	-	-	L	L	L	-	-	-	-	L	L	L	-	-	E	L	L	L	-	-	L	L	L
L	L	L	L	-	-	E	E	-	-	L	L	L	L	L	-	-	E	L	-	-	E	L	L	L	L	-	-
E	L	L	-	-	E	E	-	-	L	L	L	-	-	E	E	E	E	L	-	-	-	L	L	-	-	E	E
Objective 0: 4831
Objective 1: 77
Constr violation: -2
Restrictions violated:
0 0 0 0 0 0 1 1 

Individual 70
1	2	3	4	5	6	7	8	9	10	11	12	13	14	15	16	17	18	19	20	21	22	23	24	25	26	27	28
-	E	E	E	-	-	-	L	L	L	-	-	E	E	-	-	E	L	L	L	L	-	-	E	E	L	-	-
E	-	-	-	-	-	-	-	E	E	-	-	-	-	E	E	-	-	-	-	-	-	-	-	E	E	-	-
L	-	-	E	L	-	-	-	E	L	L	L	-	-	-	-	-	E	E	E	E	-	-	E	E	E	L	L
E	-	-	E	E	-	-	E	E	E	L	-	-	E	L	L	L	-	-	L	L	-	-	E	L	L	-	-
E	E	E	L	L	-	-	E	L	L	L	L	-	-	E	E	L	-	-	E	E	-	-	-	-	-	-	E
L	-	-	L	L	L	L	L	-	-	-	-	-	L	L	L	L	-	-	L	L	L	-	-	L	L	L	-
E	L	L	L	L	-	-	-	E	E	-	-	E	E	E	L	-	-	E	E	-	-	L	L	L	-	-	-
L	-	-	L	L	-	-	L	L	L	-	-	-	-	L	L	L	-	-	E	L	L	L	-	-	L	L	L
L	L	L	L	-	-	E	E	-	-	-	E	L	L	L	-	-	E	L	-	-	E	L	L	L	L	-	-
E	L	L	-	-	E	E	-	-	L	L	-	-	-	E	E	E	E	L	-	-	-	L	L	-	-	E	E
Objective 0: 4919
Objective 1: 93
Constr violation: -2
Restrictions violated:
0 0 0 0 0 0 1 1 

Individual 71
1	2	3	4	5	6	7	8	9	10	11	12	13	14	15	16	17	18	19	20	21	22	23	24	25	26	27	28
E	L	L	L	L	-	-	-	L	L	L	L	-	-	-	L	L	-	-	L	L	-	-	E	E	L	-	-
E	-	-	-	-	-	-	-	E	E	-	-	-	-	E	E	-	-	-	-	-	-	-	-	E	E	-	-
L	-	-	E	L	-	-	-	E	L	L	L	-	-	-	-	-	E	E	E	E	-	-	E	E	E	L	L
E	-	-	E	E	-	-	E	L	L	L	-	-	E	E	L	L	-	-	L	L	-	-	E	L	L	-	-
E	E	E	L	L	-	-	E	L	L	L	L	-	-	E	E	L	-	-	E	E	-	-	-	-	-	-	E
-	-	L	L	-	-	-	-	-	L	L	L	-	-	-	L	L	-	-	-	L	L	-	-	L	L	L	-
E	L	L	L	L	-	-	-	E	E	-	-	E	E	E	L	-	-	E	E	-	-	L	L	L	-	-	-
L	-	-	L	L	-	-	L	L	L	-	-	-	-	L	L	L	-	-	E	L	L	L	-	-	L	L	L
E	L	L	L	-	-	E	E	-	-	-	E	L	L	-	-	-	E	L	-	-	E	L	L	L	L	-	-
E	L	L	-	-	E	E	-	-	L	L	-	-	-	E	E	E	E	L	-	-	-	L	L	-	-	E	E
Objective 0: 6631
Objective 1: 100
Constr violation: -2
Restrictions violated:
0 0 0 0 0 0 0 2 

Individual 72
1	2	3	4	5	6	7	8	9	10	11	12	13	14	15	16	17	18	19	20	21	22	23	24	25	26	27	28
E	L	L	L	L	-	-	-	L	L	L	L	-	-	-	L	L	-	-	L	L	-	-	E	E	L	-	-
E	-	-	-	-	-	-	-	E	E	-	-	-	-	E	E	-	-	-	-	-	-	-	-	E	E	-	-
L	-	-	E	L	-	-	-	E	L	L	L	-	-	-	-	-	E	E	E	E	-	-	E	E	E	L	L
E	-	-	E	E	-	-	E	L	L	L	-	-	E	E	L	L	-	-	L	L	-	-	L	L	L	-	-
E	E	E	L	L	-	-	E	L	L	L	L	-	-	E	E	L	-	-	E	E	E	L	-	-	-	-	E
-	-	L	L	-	-	-	-	-	L	L	L	-	-	-	L	L	-	-	L	L	-	-	L	L	L	L	-
E	L	L	L	L	-	-	-	L	L	L	L	-	-	E	L	-	-	E	E	-	-	L	L	L	-	-	-
L	-	-	L	L	-	-	L	L	L	-	-	-	-	L	L	L	-	-	E	L	L	L	-	-	L	L	L
E	L	L	L	-	-	E	E	-	-	L	L	L	L	L	-	-	E	L	-	-	E	L	L	L	L	-	-
E	L	L	-	-	E	E	-	-	L	L	L	-	-	E	E	E	E	L	-	-	-	L	L	-	-	L	L
Objective 0: 7142
Objective 1: 86
Constr violation: -2
Restrictions violated:
0 0 0 0 0 0 0 2 

Individual 73
1	2	3	4	5	6	7	8	9	10	11	12	13	14	15	16	17	18	19	20	21	22	23	24	25	26	27	28
-	E	E	E	-	-	-	L	L	L	-	-	E	E	-	-	E	L	L	L	L	-	-	E	E	L	-	-
E	-	-	-	-	-	-	-	E	E	-	-	-	-	E	E	-	-	-	-	-	-	-	-	E	E	-	-
L	-	-	E	L	-	-	-	E	L	L	L	-	-	-	-	-	E	E	E	E	-	-	E	E	E	L	L
E	-	-	E	E	-	-	E	E	E	L	-	-	E	L	L	L	-	-	L	L	-	-	E	L	L	-	-
E	E	E	L	L	-	-	E	L	L	L	L	-	-	E	E	L	-	-	E	E	-	-	-	-	-	-	E
L	-	-	L	L	L	L	L	-	-	-	-	-	L	L	L	L	-	-	L	L	L	-	-	L	L	L	-
E	L	L	L	L	-	-	-	E	E	-	-	E	E	E	L	-	-	E	E	-	-	L	L	L	-	-	-
L	-	-	L	L	-	-	L	L	L	-	-	-	-	L	L	L	-	-	E	L	L	L	-	-	L	L	L
L	L	L	L	-	-	E	E	-	-	-	E	L	L	-	-	-	E	L	-	-	E	L	L	L	L	-	-
E	L	L	-	-	E	E	-	-	L	L	-	-	-	E	E	E	E	L	-	-	-	L	L	-	-	E	E
Objective 0: 5019
Objective 1: 93
Constr violation: -2
Restrictions violated:
0 0 0 0 0 0 1 1 

Individual 74
1	2	3	4	5	6	7	8	9	10	11	12	13	14	15	16	17	18	19	20	21	22	23	24	25	26	27	28
-	E	E	E	-	-	-	L	L	L	-	-	E	E	-	-	E	L	L	L	L	-	-	E	E	L	-	-
E	-	-	-	-	-	-	-	E	E	-	-	-	-	E	E	-	-	-	-	-	-	-	-	E	E	E	-
L	-	-	E	L	-	-	-	E	L	L	L	-	-	-	-	-	E	E	E	E	-	-	E	E	E	L	L
E	-	-	E	E	-	-	E	E	E	L	-	-	E	L	L	L	-	-	L	L	-	-	E	L	L	-	-
E	E	E	L	L	-	-	E	L	L	L	L	-	-	E	E	L	-	-	E	E	E	-	-	-	-	-	E
L	-	-	L	L	L	L	L	-	-	-	-	-	L	L	L	L	-	-	L	L	L	-	-	L	L	L	-
E	L	L	L	L	-	-	-	E	E	-	-	E	E	E	L	-	-	E	E	-	-	L	L	L	-	-	-
L	-	-	L	L	-	-	L	L	L	-	-	-	-	L	L	L	-	-	E	L	L	L	-	-	L	L	L
L	L	L	L	-	-	E	E	-	-	-	E	L	L	L	-	-	E	L	-	-	E	L	L	L	L	-	-
E	L	L	-	-	E	E	-	-	L	L	L	-	-	E	E	E	E	L	-	-	-	L	L	-	-	E	E
Objective 0: 4619
Objective 1: 93
Constr violation: -2
Restrictions violated:
0 0 0 0 0 0 1 1 

Individual 75
1	2	3	4	5	6	7	8	9	10	11	12	13	14	15	16	17	18	19	20	21	22	23	24	25	26	27	28
E	E	E	E	L	-	-	L	L	L	-	-	E	E	-	-	E	L	L	L	L	-	-	E	E	L	-	-
E	-	-	-	-	-	-	-	E	E	-	-	-	-	E	E	-	-	-	E	E	E	-	-	E	E	E	-
L	-	-	E	L	-	-	-	E	L	L	L	-	-	-	-	-	E	E	E	E	-	-	E	E	E	L	L
E	-	-	E	E	-	-	E	E	E	L	-	-	E	L	L	L	-	-	L	L	-	-	L	L	L	-	-
E	E	E	L	L	-	-	E	L	L	L	L	-	-	E	E	L	-	-	E	E	E	-	-	-	-	-	E
-	-	L	L	L	L	L	-	-	L	L	-	-	L	L	L	L	-	-	L	L	-	-	-	L	L	L	-
E	L	L	L	L	-	-	L	L	L	L	L	-	-	E	L	-	-	E	E	-	-	L	L	L	-	-	-
L	-	-	L	L	-	-	L	L	L	-	-	-	-	L	L	L	-	-	E	L	L	L	-	-	L	L	L
E	L	L	L	-	-	E	E	-	-	L	L	L	L	L	-	-	E	L	-	-	E	L	L	L	L	-	-
E	L	L	-	-	E	E	-	-	L	L	-	-	-	E	E	E	E	L	-	-	-	L	L	-	-	E	E
Objective 0: 5130
Objective 1: 74
Constr violation: -2
Restrictions violated:
0 0 0 0 0 0 1 1 

Individual 76
1	2	3	4	5	6	7	8	9	10	11	12	13	14	15	16	17	18	19	20	21	22	23	24	25	26	27	28
E	E	E	E	L	-	-	L	L	L	-	-	E	E	-	-	E	L	L	L	L	-	-	E	E	L	-	-
E	-	-	-	-	-	-	-	E	E	-	-	-	-	E	E	-	-	-	E	E	E	-	-	E	E	E	-
L	-	-	E	L	-	-	-	E	L	L	L	-	-	-	-	-	E	E	E	E	-	-	E	E	E	L	L
E	-	-	E	E	-	-	E	E	E	L	-	-	E	L	L	L	-	-	L	L	-	-	E	L	L	-	-
E	E	E	L	L	-	-	E	L	L	L	L	-	-	E	E	L	-	-	E	E	E	L	-	-	-	-	E
-	-	L	L	L	L	L	-	-	L	L	-	-	L	L	L	L	-	-	L	L	-	-	L	L	L	L	-
E	L	L	L	L	-	-	L	L	L	L	L	-	-	E	L	-	-	E	E	-	-	L	L	L	-	-	L
L	-	-	L	L	-	-	L	L	L	-	-	-	-	L	L	L	-	-	E	L	L	L	-	-	L	L	L
E	L	L	L	-	-	E	E	-	-	L	L	L	L	L	-	-	E	L	-	-	E	L	L	L	L	-	-
E	L	L	-	-	E	E	-	-	L	L	L	-	-	E	E	E	E	L	-	-	-	L	L	-	-	E	E
Objective 0: 5033
Objective 1: 73
Constr violation: -2
Restrictions violated:
0 0 0 0 0 0 1 1 

Individual 77
1	2	3	4	5	6	7	8	9	10	11	12	13	14	15	16	17	18	19	20	21	22	23	24	25	26	27	28
E	L	L	L	L	-	-	-	L	L	L	L	-	-	-	L	L	-	-	L	L	-	-	E	E	L	-	-
E	-	-	-	-	-	-	-	E	E	-	-	-	-	E	E	-	-	-	-	-	-	-	-	E	E	-	-
L	-	-	E	L	-	-	-	E	L	L	L	-	-	-	-	-	E	E	E	E	-	-	E	E	E	L	L
E	-	-	E	E	-	-	E	L	L	L	-	-	E	E	L	L	-	-	L	L	-	-	E	L	L	-	-
E	E	E	L	L	-	-	E	L	L	L	L	-	-	E	E	L	-	-	E	E	E	L	-	-	-	-	E
-	-	L	L	L	L	L	-	-	L	L	-	-	L	L	L	L	-	-	L	L	-	-	L	L	L	L	-
E	L	L	L	L	-	-	L	L	L	L	L	-	-	E	L	-	-	E	E	-	-	L	L	L	-	-	L
L	-	-	L	L	-	-	L	L	L	-	-	-	-	L	L	L	-	-	E	L	L	L	-	-	L	L	L
L	L	L	L	-	-	E	E	-	-	-	E	L	L	L	-	-	E	L	-	-	E	L	L	L	L	-	-
E	L	L	-	-	E	E	-	-	L	L	-	-	-	E	E	E	E	L	-	-	-	L	L	-	-	E	E
Objective 0: 6237
Objective 1: 85
Constr violation: -2
Restrictions violated:
0 0 0 0 0 0 1 1 

Individual 78
1	2	3	4	5	6	7	8	9	10	11	12	13	14	15	16	17	18	19	20	21	22	23	24	25	26	27	28
E	L	L	L	L	-	-	-	L	L	L	L	-	-	-	L	L	-	-	L	L	-	-	E	E	L	-	-
E	-	-	-	-	-	-	-	E	E	-	-	-	-	E	E	-	-	-	-	-	-	-	-	E	E	-	-
L	-	-	E	L	-	-	-	E	L	L	L	-	-	-	-	-	E	E	E	E	-	-	E	E	E	L	L
E	-	-	E	E	-	-	E	L	L	L	-	-	E	E	L	L	-	-	L	L	-	-	E	L	L	-	-
E	E	E	L	L	-	-	E	L	L	L	L	-	-	E	E	L	-	-	E	E	-	-	-	-	-	-	E
-	-	L	L	-	-	-	-	-	L	L	L	-	-	-	L	L	-	-	-	L	L	-	-	L	L	L	-
E	L	L	L	L	-	-	-	E	E	-	-	E	E	E	L	-	-	E	E	-	-	L	L	L	-	-	-
L	-	-	L	L	-	-	L	L	L	-	-	-	-	L	L	L	-	-	E	L	L	L	-	-	L	L	L
L	L	L	L	-	-	E	E	-	-	-	E	L	L	-	-	-	E	L	-	-	E	L	L	L	L	-	-
E	L	L	-	-	E	E	-	-	L	L	-	-	-	E	E	E	E	L	-	-	-	L	L	-	-	E	E
Objective 0: 6530
Objective 1: 102
Constr violation: -2
Restrictions violated:
0 0 0 0 0 0 0 2 

Individual 79
1	2	3	4	5	6	7	8	9	10	11	12	13	14	15	16	17	18	19	20	21	22	23	24	25	26	27	28
E	L	L	L	L	-	-	-	L	L	L	L	-	-	-	L	L	-	-	L	L	-	-	E	E	L	-	-
E	-	-	-	-	-	-	-	E	E	-	-	-	-	E	E	-	-	-	-	-	-	-	-	E	E	-	-
L	-	-	E	L	-	-	-	E	L	L	L	-	-	-	-	-	E	E	E	E	-	-	E	E	E	L	L
E	-	-	E	E	-	-	E	L	L	L	-	-	E	E	L	L	-	-	L	L	-	-	L	L	L	-	-
E	E	E	L	L	-	-	E	L	L	L	L	-	-	E	E	L	-	-	E	E	-	-	-	-	-	-	E
-	-	L	L	-	-	-	-	-	L	L	L	-	-	-	L	L	-	-	L	L	-	-	-	L	L	L	-
E	L	L	L	L	-	-	-	L	L	L	L	-	-	E	L	-	-	E	E	-	-	L	L	L	-	-	-
L	-	-	L	L	-	-	L	L	L	-	-	-	-	L	L	L	-	-	E	L	L	L	-	-	L	L	L
E	L	L	L	-	-	E	E	-	-	-	E	L	L	-	-	-	E	L	-	-	E	L	L	L	L	-	-
E	L	L	-	-	E	E	-	-	L	L	-	-	-	E	E	E	E	L	-	-	-	L	L	-	-	E	E
Objective 0: 7136
Objective 1: 90
Constr violation: -2
Restrictions violated:
0 0 0 0 0 0 0 2 

Individual 80
1	2	3	4	5	6	7	8	9	10	11	12	13	14	15	16	17	18	19	20	21	22	23	24	25	26	27	28
E	L	L	L	L	-	-	-	L	L	L	L	-	-	-	L	L	-	-	L	L	-	-	E	E	L	-	-
E	-	-	-	-	-	-	-	E	E	-	-	-	-	E	E	-	-	-	-	-	-	-	-	E	E	-	-
L	-	-	E	L	-	-	-	E	L	L	L	-	-	-	-	-	E	E	E	E	-	-	E	E	E	L	L
E	-	-	E	E	-	-	E	L	L	L	-	-	E	E	L	L	-	-	L	L	-	-	E	L	L	-	-
E	E	E	L	L	-	-	E	L	L	L	L	-	-	E	E	L	-	-	E	E	-	-	-	-	-	-	E
-	-	L	L	-	-	-	-	-	L	L	L	-	-	-	L	L	-	-	-	L	L	-	-	L	L	L	-
E	L	L	L	L	-	-	-	E	E	-	-	E	E	E	L	-	-	E	E	-	-	L	L	L	-	-	-
L	-	-	L	L	-	-	L	L	L	-	-	-	-	L	L	L	-	-	E	L	L	L	-	-	L	L	L
L	L	L	L	-	-	E	E	-	-	-	E	L	L	-	-	-	E	L	-	-	E	L	L	L	L	-	-
E	L	L	-	-	E	E	-	-	L	L	-	-	-	E	E	E	E	L	-	-	-	L	L	-	-	E	E
Objective 0: 6530
Objective 1: 102
Constr violation: -2
Restrictions violated:
0 0 0 0 0 0 0 2 

Individual 81
1	2	3	4	5	6	7	8	9	10	11	12	13	14	15	16	17	18	19	20	21	22	23	24	25	26	27	28
E	L	L	L	L	-	-	-	L	L	L	L	-	-	-	L	L	-	-	L	L	-	-	E	L	L	L	L
E	-	-	-	-	-	-	-	E	E	-	-	-	-	E	E	-	-	-	E	E	E	-	-	E	E	E	-
L	-	-	E	L	-	-	-	E	L	L	L	-	-	-	-	-	E	E	E	E	-	-	E	E	E	L	L
E	-	-	E	E	-	-	E	L	L	L	-	-	E	E	L	L	-	-	L	L	-	-	L	L	L	-	-
E	E	E	L	L	-	-	E	L	L	L	L	-	-	E	E	L	-	-	E	E	E	L	-	-	-	-	E
-	-	L	L	-	-	-	-	-	L	L	L	-	-	-	L	L	-	-	L	L	-	-	L	L	L	L	-
E	L	L	L	L	-	-	L	L	L	L	L	-	-	E	L	-	-	E	E	-	-	L	L	L	-	-	L
L	-	-	L	L	-	-	L	L	L	-	-	-	-	L	L	L	-	-	E	L	L	L	-	-	L	L	L
L	L	L	L	-	-	E	E	-	-	L	L	L	L	L	-	-	E	L	-	-	E	L	L	L	L	-	-
E	L	L	-	-	E	E	-	-	L	L	L	-	-	E	E	E	E	L	-	-	-	L	L	-	-	E	E
Objective 0: 6544
Objective 1: 85
Constr violation: -2
Restrictions violated:
0 0 0 0 0 0 0 2 

Individual 82
1	2	3	4	5	6	7	8	9	10	11	12	13	14	15	16	17	18	19	20	21	22	23	24	25	26	27	28
-	E	E	E	-	-	-	L	L	L	-	-	E	E	-	-	E	L	L	L	L	-	-	E	E	L	-	-
E	-	-	-	-	-	-	-	E	E	-	-	-	-	E	E	-	-	-	-	-	-	-	-	E	E	-	-
L	-	-	E	L	-	-	-	E	L	L	L	-	-	-	-	-	E	E	E	E	-	-	E	E	E	L	L
E	-	-	E	E	-	-	E	E	E	L	-	-	E	L	L	L	-	-	L	L	-	-	E	L	L	-	-
E	E	E	L	L	-	-	E	L	L	L	L	-	-	E	E	L	-	-	E	E	-	-	-	-	-	-	E
L	-	-	L	L	L	L	L	-	-	-	-	-	L	L	L	L	-	-	L	L	L	-	-	L	L	L	-
E	L	L	L	L	-	-	-	E	E	-	-	E	E	E	L	-	-	E	E	-	-	L	L	L	-	-	-
L	-	-	L	L	-	-	L	L	L	-	-	-	-	L	L	L	-	-	E	L	L	L	-	-	L	L	L
E	L	L	L	-	-	E	E	-	-	-	E	L	L	-	-	-	E	L	-	-	E	L	L	L	L	-	-
E	L	L	-	-	E	E	-	-	L	L	-	-	-	E	E	E	E	L	-	-	-	L	L	-	-	E	E
Objective 0: 5019
Objective 1: 91
Constr violation: -2
Restrictions violated:
0 0 0 0 0 0 1 1 

Individual 83
1	2	3	4	5	6	7	8	9	10	11	12	13	14	15	16	17	18	19	20	21	22	23	24	25	26	27	28
-	E	E	E	-	-	-	L	L	L	-	-	E	E	-	-	E	L	L	L	L	-	-	E	E	L	-	-
E	-	-	-	-	-	-	-	E	E	-	-	-	-	E	E	-	-	-	-	-	-	-	-	E	E	-	-
L	-	-	E	L	-	-	-	E	L	L	L	-	-	-	-	-	E	E	E	E	-	-	E	E	E	L	L
E	-	-	E	E	-	-	E	E	L	L	-	-	E	E	L	L	-	-	L	L	-	-	E	L	L	-	-
E	E	E	L	L	-	-	E	L	L	L	L	-	-	E	E	L	-	-	E	E	-	-	-	-	-	-	E
-	-	L	L	-	-	-	-	-	L	L	L	-	-	-	L	L	-	-	L	L	-	-	-	L	L	L	-
E	L	L	L	L	-	-	-	L	L	L	L	-	-	E	L	-	-	E	E	-	-	L	L	L	-	-	-
L	-	-	L	L	-	-	L	L	L	-	-	-	-	L	L	L	-	-	E	L	L	L	-	-	L	L	L
E	L	L	L	-	-	E	E	-	-	-	E	L	L	-	-	-	E	L	-	-	E	L	L	L	L	-	-
E	L	L	-	-	E	E	-	-	L	L	-	-	-	E	E	E	E	L	-	-	-	L	L	-	-	E	E
Objective 0: 6126
Objective 1: 85
Constr violation: -2
Restrictions violated:
0 0 0 0 0 0 0 2 

Individual 84
1	2	3	4	5	6	7	8	9	10	11	12	13	14	15	16	17	18	19	20	21	22	23	24	25	26	27	28
E	L	L	L	L	-	-	-	L	L	L	L	-	-	-	L	L	-	-	L	L	-	-	E	E	L	-	-
E	-	-	-	-	-	-	-	E	E	-	-	-	-	E	E	-	-	-	-	-	-	-	-	E	E	-	-
L	-	-	E	L	-	-	-	E	L	L	L	-	-	-	-	-	E	E	E	E	-	-	E	E	E	L	L
E	-	-	E	E	-	-	E	L	L	L	-	-	E	E	L	L	-	-	L	L	-	-	E	L	L	-	-
E	E	E	L	L	-	-	E	L	L	L	L	-	-	E	E	L	-	-	E	E	-	-	-	-	-	-	E
-	-	L	L	-	-	-	-	-	L	L	L	-	-	-	L	L	-	-	-	L	L	-	-	L	L	L	-
E	L	L	L	L	-	-	-	E	E	-	-	E	E	E	L	-	-	E	E	-	-	L	L	L	-	-	-
L	-	-	L	L	-	-	L	L	L	-	-	-	-	L	L	L	-	-	E	L	L	L	-	-	L	L	L
E	L	L	L	-	-	E	E	-	-	-	E	L	L	-	-	-	E	L	-	-	E	L	L	L	L	-	-
E	L	L	-	-	E	E	-	-	L	L	-	-	-	E	E	E	E	L	-	-	-	L	L	-	-	E	E
Objective 0: 6631
Objective 1: 100
Constr violation: -2
Restrictions violated:
0 0 0 0 0 0 0 2 

Individual 85
1	2	3	4	5	6	7	8	9	10	11	12	13	14	15	16	17	18	19	20	21	22	23	24	25	26	27	28
E	E	E	E	L	-	-	L	L	L	-	-	E	E	-	-	E	L	L	L	L	-	-	E	E	L	-	-
E	-	-	-	-	-	-	-	E	E	-	-	-	-	E	E	-	-	-	E	E	E	-	-	E	E	E	-
L	-	-	E	L	-	-	-	E	L	L	L	-	-	-	-	-	E	E	E	E	-	-	E	E	E	L	L
E	-	-	E	E	-	-	E	E	E	L	-	-	E	E	L	L	-	-	L	L	-	-	L	L	L	-	-
E	E	E	L	L	-	-	E	L	L	L	L	-	-	E	E	L	-	-	E	E	E	L	-	-	-	-	E
-	-	L	L	L	L	L	-	-	L	L	-	-	L	L	L	L	-	-	L	L	-	-	L	L	L	L	-
E	L	L	L	L	-	-	L	L	L	L	L	-	-	E	L	-	-	E	E	-	-	L	L	L	-	-	L
L	-	-	L	L	-	-	L	L	L	-	-	-	-	L	L	L	-	-	E	L	L	L	-	-	L	L	L
L	L	L	L	-	-	E	E	-	-	L	L	L	L	L	-	-	E	L	-	-	E	L	L	L	L	-	-
E	L	L	-	-	E	E	-	-	L	L	L	-	-	E	E	E	E	L	-	-	-	L	L	-	-	L	L
Objective 0: 5235
Objective 1: 76
Constr violation: -2
Restrictions violated:
0 0 0 0 0 0 1 1 

Individual 86
1	2	3	4	5	6	7	8	9	10	11	12	13	14	15	16	17	18	19	20	21	22	23	24	25	26	27	28
E	E	E	E	L	-	-	L	L	L	-	-	E	E	-	-	E	L	L	L	L	-	-	E	E	L	-	-
E	-	-	-	-	-	-	-	E	E	-	-	-	-	E	E	-	-	-	-	-	-	-	-	E	E	-	-
L	-	-	E	L	-	-	-	E	L	L	L	-	-	-	-	-	E	E	E	E	-	-	E	E	E	L	L
E	-	-	E	E	-	-	E	E	E	L	-	-	E	L	L	L	-	-	L	L	-	-	E	L	L	-	-
E	E	E	L	L	-	-	E	L	L	L	L	-	-	E	E	L	-	-	E	E	-	-	-	-	-	-	E
-	-	L	L	-	-	-	-	-	L	L	L	-	-	-	L	L	-	-	L	L	L	-	-	L	L	L	-
E	L	L	L	L	-	-	-	E	E	-	-	E	E	E	L	-	-	E	E	-	-	L	L	L	-	-	-
L	-	-	L	L	-	-	L	L	L	-	-	-	-	L	L	L	-	-	E	L	L	L	-	-	L	L	L
E	L	L	L	-	-	E	E	-	-	-	E	L	L	-	-	-	E	L	-	-	E	L	L	L	L	-	-
E	L	L	-	-	E	E	-	-	L	L	-	-	-	E	E	E	E	L	-	-	-	L	L	-	-	E	E
Objective 0: 5422
Objective 1: 94
Constr violation: -2
Restrictions violated:
0 0 0 0 0 0 0 2 

Individual 87
1	2	3	4	5	6	7	8	9	10	11	12	13	14	15	16	17	18	19	20	21	22	23	24	25	26	27	28
E	L	L	L	L	-	-	-	L	L	L	L	-	-	-	L	L	-	-	L	L	-	-	E	L	L	L	L
E	-	-	-	-	-	-	-	E	E	-	-	-	-	E	E	-	-	-	E	E	E	-	-	E	E	E	-
L	-	-	E	L	-	-	-	E	L	L	L	-	-	-	-	-	E	E	E	E	-	-	E	E	E	L	L
E	-	-	E	E	-	-	E	L	L	L	-	-	E	E	L	L	-	-	L	L	-	-	L	L	L	-	-
E	E	E	L	L	-	-	E	L	L	L	L	-	-	E	E	L	-	-	E	E	E	L	-	-	-	-	E
-	-	L	L	-	-	-	-	-	L	L	L	-	-	L	L	L	-	-	L	L	-	-	L	L	L	L	-
E	L	L	L	L	-	-	L	L	L	L	L	-	-	E	L	-	-	E	E	-	-	L	L	L	-	-	L
L	-	-	L	L	-	-	L	L	L	-	-	-	-	L	L	L	-	-	E	L	L	L	-	-	L	L	L
E	L	L	L	-	-	E	E	-	-	L	L	L	L	L	-	-	E	L	-	-	E	L	L	L	L	-	-
E	L	L	-	-	E	E	-	-	L	L	L	-	-	E	E	E	E	L	-	-	-	L	L	-	-	L	L
Objective 0: 6747
Objective 1: 80
Constr violation: -2
Restrictions violated:
0 0 0 0 0 0 0 2 

Individual 88
1	2	3	4	5	6	7	8	9	10	11	12	13	14	15	16	17	18	19	20	21	22	23	24	25	26	27	28
E	L	L	L	L	-	-	-	L	L	L	L	-	-	-	L	L	-	-	L	L	-	-	E	L	L	L	L
E	-	-	-	-	-	-	-	E	E	-	-	-	-	E	E	-	-	-	E	E	E	-	-	E	E	E	-
L	-	-	E	L	-	-	-	E	L	L	L	-	-	-	-	-	E	E	E	E	-	-	E	E	E	L	L
E	-	-	E	E	-	-	E	L	L	L	-	-	E	E	L	L	-	-	L	L	-	-	L	L	L	-	-
E	E	E	L	L	-	-	E	L	L	L	L	-	-	E	E	L	-	-	E	E	E	L	-	-	-	-	E
-	-	L	L	L	L	L	-	-	L	L	L	-	-	L	L	L	-	-	L	L	-	-	L	L	L	L	-
E	L	L	L	L	-	-	L	L	L	L	L	-	-	E	L	-	-	E	E	-	-	L	L	L	-	-	L
L	-	-	L	L	-	-	L	L	L	-	-	-	-	L	L	L	-	-	E	L	L	L	-	-	L	L	L
L	L	L	L	-	-	E	E	-	-	-	E	L	L	-	-	-	E	L	-	-	E	L	L	L	L	-	-
E	L	L	-	-	E	E	-	-	L	L	-	-	-	E	E	E	E	L	-	-	-	L	L	-	-	E	E
Objective 0: 6242
Objective 1: 89
Constr violation: -2
Restrictions violated:
0 0 0 0 0 0 1 1 

Individual 89
1	2	3	4	5	6	7	8	9	10	11	12	13	14	15	16	17	18	19	20	21	22	23	24	25	26	27	28
E	E	E	E	L	-	-	L	L	L	-	-	E	E	-	-	E	L	L	L	L	-	-	E	E	L	-	-
E	-	-	-	-	-	-	-	E	E	-	-	-	-	E	E	-	-	-	E	E	E	-	-	E	E	E	-
L	-	-	E	L	-	-	-	E	L	L	L	-	-	-	-	-	E	E	E	E	-	-	E	E	E	L	L
E	-	-	E	E	-	-	E	E	E	L	-	-	E	L	L	L	-	-	L	L	-	-	E	L	L	-	-
E	E	E	L	L	-	-	E	L	L	L	L	-	-	E	E	L	-	-	E	E	E	L	-	-	-	-	E
-	-	L	L	L	L	L	-	-	L	L	-	-	L	L	L	L	-	-	L	L	-	-	L	L	L	L	-
E	L	L	L	L	-	-	L	L	L	L	L	-	-	E	L	-	-	E	E	-	-	L	L	L	-	-	L
L	-	-	L	L	-	-	L	L	L	-	-	-	-	L	L	L	-	-	E	L	L	L	-	-	L	L	L
E	L	L	L	-	-	E	E	-	-	L	L	L	L	L	-	-	E	L	-	-	E	L	L	L	L	-	-
E	L	L	-	-	E	E	-	-	L	L	L	-	-	E	E	E	E	L	-	-	-	L	L	-	-	E	E
Objective 0: 5033
Objective 1: 73
Constr violation: -2
Restrictions violated:
0 0 0 0 0 0 1 1 

Individual 90
1	2	3	4	5	6	7	8	9	10	11	12	13	14	15	16	17	18	19	20	21	22	23	24	25	26	27	28
E	E	E	E	L	-	-	L	L	L	-	-	E	E	-	-	E	L	L	L	L	-	-	E	E	L	-	-
E	-	-	-	-	-	-	-	E	E	-	-	-	-	E	E	-	-	-	E	E	E	-	-	E	E	E	-
L	-	-	E	L	-	-	-	E	L	L	L	-	-	-	-	-	E	E	E	E	-	-	E	E	E	L	L
E	-	-	E	E	-	-	E	E	E	L	-	-	E	E	L	L	-	-	L	L	-	-	L	L	L	-	-
E	E	E	L	L	-	-	E	L	L	L	L	-	-	E	E	L	-	-	E	E	E	L	-	-	-	-	E
-	-	L	L	L	L	L	-	-	L	L	-	-	L	L	L	L	-	-	L	L	-	-	L	L	L	L	-
E	L	L	L	L	-	-	L	L	L	L	L	-	-	E	L	-	-	E	E	-	-	L	L	L	-	-	L
L	-	-	L	L	-	-	L	L	L	-	-	-	-	L	L	L	-	-	E	L	L	L	-	-	L	L	L
L	L	L	L	-	-	E	E	-	-	L	L	L	L	L	-	-	E	L	-	-	E	L	L	L	L	-	-
E	L	L	-	-	E	E	-	-	L	L	L	-	-	E	E	E	E	L	-	-	-	L	L	-	-	E	E
Objective 0: 5134
Objective 1: 76
Constr violation: -2
Restrictions violated:
0 0 0 0 0 0 1 1 

Individual 91
1	2	3	4	5	6	7	8	9	10	11	12	13	14	15	16	17	18	19	20	21	22	23	24	25	26	27	28
E	L	L	L	L	-	-	-	L	L	L	L	-	-	-	L	L	-	-	L	L	-	-	E	L	L	L	L
E	-	-	-	-	-	-	-	E	E	-	-	-	-	E	E	-	-	-	E	E	E	-	-	E	E	E	-
L	-	-	E	L	-	-	-	E	L	L	L	-	-	-	-	-	E	E	E	E	-	-	E	E	E	L	L
E	-	-	E	E	-	-	E	L	L	L	-	-	E	E	L	L	-	-	L	L	-	-	E	L	L	-	-
E	E	E	L	L	-	-	E	L	L	L	L	-	-	E	E	L	-	-	E	E	E	L	-	-	-	-	E
-	-	L	L	L	L	L	-	-	L	L	L	-	-	L	L	L	-	-	L	L	-	-	L	L	L	L	-
E	L	L	L	L	-	-	L	L	L	L	L	-	-	E	L	-	-	E	E	-	-	L	L	L	-	-	L
L	-	-	L	L	-	-	L	L	L	-	-	-	-	L	L	L	-	-	E	L	L	L	-	-	L	L	L
E	L	L	L	-	-	E	E	-	-	L	L	L	L	L	-	-	E	L	-	-	E	L	L	L	L	-	-
E	L	L	-	-	E	E	-	-	L	L	L	-	-	E	E	E	E	L	-	-	-	L	L	-	-	L	L
Objective 0: 6447
Objective 1: 82
Constr violation: -2
Restrictions violated:
0 0 0 0 0 0 1 1 

Individual 92
1	2	3	4	5	6	7	8	9	10	11	12	13	14	15	16	17	18	19	20	21	22	23	24	25	26	27	28
E	L	L	L	L	-	-	-	L	L	L	L	-	-	-	L	L	-	-	L	L	-	-	E	L	L	-	-
E	-	-	-	-	-	-	-	E	E	-	-	-	-	E	E	-	-	-	-	-	-	-	-	E	E	-	-
L	-	-	E	L	-	-	-	E	L	L	L	-	-	-	-	-	E	E	E	E	-	-	E	E	E	L	L
E	-	-	E	E	-	-	E	L	L	L	-	-	E	E	L	L	-	-	L	L	-	-	L	L	L	-	-
E	E	E	L	L	-	-	E	L	L	L	L	-	-	E	E	L	-	-	E	E	-	-	-	-	-	-	E
-	-	L	L	-	-	-	-	-	L	L	L	-	-	-	L	L	-	-	-	L	L	-	-	L	L	L	-
E	L	L	L	L	-	-	-	E	E	-	-	E	E	E	L	-	-	E	E	-	-	L	L	L	-	-	-
L	-	-	L	L	-	-	L	L	L	-	-	-	-	L	L	L	-	-	E	L	L	L	-	-	L	L	L
L	L	L	L	-	-	E	E	-	-	-	E	L	L	-	-	-	E	L	-	-	E	L	L	L	L	-	-
E	L	L	-	-	E	E	-	-	L	L	-	-	-	E	E	E	E	L	-	-	-	L	L	-	-	E	E
Objective 0: 6732
Objective 1: 103
Constr violation: -2
Restrictions violated:
0 0 0 0 0 0 0 2 

Individual 93
1	2	3	4	5	6	7	8	9	10	11	12	13	14	15	16	17	18	19	20	21	22	23	24	25	26	27	28
-	E	E	E	-	-	-	L	L	L	-	-	E	E	-	-	E	L	L	L	L	-	-	E	E	L	-	-
E	-	-	-	-	-	-	-	E	E	-	-	-	-	E	E	-	-	-	-	-	-	-	-	E	E	-	-
L	-	-	E	L	-	-	-	E	L	L	L	-	-	-	-	-	E	E	E	E	-	-	E	E	E	L	L
E	-	-	E	E	-	-	E	E	E	L	-	-	E	L	L	L	-	-	L	L	-	-	E	L	L	-	-
E	E	E	L	L	-	-	E	L	L	L	L	-	-	E	E	L	-	-	E	E	-	-	-	-	-	-	E
-	-	L	L	-	-	-	-	-	L	L	L	-	-	-	L	L	-	-	L	L	L	-	-	L	L	L	-
E	L	L	L	L	-	-	-	E	E	-	-	E	E	E	L	-	-	E	E	-	-	L	L	L	-	-	-
L	-	-	L	L	-	-	L	L	L	-	-	-	-	L	L	L	-	-	E	L	L	L	-	-	L	L	L
L	L	L	L	-	-	E	E	-	-	-	E	L	L	L	-	-	E	L	-	-	E	L	L	L	L	-	-
E	L	L	-	-	E	E	-	-	L	L	-	-	-	E	E	E	E	L	-	-	-	L	L	-	-	E	E
Objective 0: 5219
Objective 1: 96
Constr violation: -2
Restrictions violated:
0 0 0 0 0 0 0 2 

Individual 94
1	2	3	4	5	6	7	8	9	10	11	12	13	14	15	16	17	18	19	20	21	22	23	24	25	26	27	28
E	L	L	L	-	-	-	L	L	L	-	-	E	E	-	-	E	L	L	L	L	-	-	E	E	L	-	-
E	-	-	-	-	-	-	-	E	E	-	-	-	-	E	E	-	-	-	-	-	-	-	-	E	E	-	-
L	-	-	E	L	-	-	-	E	L	L	L	-	-	-	-	-	E	E	E	E	-	-	E	E	E	L	L
E	-	-	E	E	-	-	E	E	E	L	-	-	E	E	L	L	-	-	L	L	-	-	E	L	L	-	-
E	E	E	L	L	-	-	E	L	L	L	L	-	-	E	E	L	-	-	E	E	-	-	-	-	-	-	E
-	-	L	L	-	-	-	-	-	L	L	L	-	-	-	L	L	-	-	L	L	-	-	-	L	L	L	-
E	L	L	L	L	-	-	-	E	E	-	-	E	E	E	L	-	-	E	E	-	-	L	L	L	-	-	-
L	-	-	L	L	-	-	L	L	L	-	-	-	-	L	L	L	-	-	E	L	L	L	-	-	L	L	L
L	L	L	L	-	-	E	E	-	-	-	E	L	L	-	-	-	E	L	-	-	E	L	L	L	L	-	-
E	L	L	-	-	E	E	-	-	L	L	L	-	-	E	E	E	E	L	-	-	-	L	L	-	-	E	E
Objective 0: 5724
Objective 1: 94
Constr violation: -2
Restrictions violated:
0 0 0 0 0 0 0 2 

Individual 95
1	2	3	4	5	6	7	8	9	10	11	12	13	14	15	16	17	18	19	20	21	22	23	24	25	26	27	28
E	E	E	E	L	-	-	-	L	L	L	L	-	-	-	L	L	-	-	L	L	-	-	E	L	L	L	L
E	-	-	-	-	-	-	-	E	E	-	-	-	-	E	E	-	-	-	E	E	E	-	-	E	E	E	-
L	-	-	E	L	-	-	-	E	L	L	L	-	-	-	-	-	E	E	E	E	-	-	E	E	E	L	L
E	-	-	E	E	-	-	E	E	L	L	-	-	E	E	L	L	-	-	L	L	-	-	L	L	L	-	-
E	E	E	L	L	-	-	E	L	L	L	L	-	-	E	E	L	-	-	E	E	E	L	-	-	-	-	E
-	-	L	L	L	L	L	-	-	L	L	L	-	-	L	L	L	-	-	L	L	-	-	L	L	L	L	-
E	L	L	L	L	-	-	L	L	L	L	L	-	-	E	L	-	-	E	E	-	-	L	L	L	-	-	L
L	-	-	L	L	-	-	L	L	L	-	-	-	-	L	L	L	-	-	E	L	L	L	-	-	L	L	L
L	L	L	L	-	-	E	E	-	-	L	L	L	L	L	-	-	E	L	-	-	E	L	L	L	L	-	-
E	L	L	-	-	E	E	-	-	L	L	L	-	-	E	E	E	E	L	-	-	-	L	L	-	-	E	E
Objective 0: 5942
Objective 1: 83
Constr violation: -2
Restrictions violated:
0 0 0 0 0 0 1 1 

Individual 96
1	2	3	4	5	6	7	8	9	10	11	12	13	14	15	16	17	18	19	20	21	22	23	24	25	26	27	28
E	L	L	L	L	-	-	-	L	L	L	L	-	-	-	L	L	-	-	L	L	-	-	E	E	L	-	-
E	-	-	-	-	-	-	-	E	E	-	-	-	-	E	E	-	-	-	-	-	-	-	-	E	E	-	-
L	-	-	E	L	-	-	-	E	L	L	L	-	-	-	-	-	E	E	E	E	-	-	E	E	E	L	L
E	-	-	E	E	-	-	E	L	L	L	-	-	E	L	L	L	-	-	L	L	-	-	E	L	L	-	-
E	E	E	L	L	-	-	E	L	L	L	L	-	-	E	E	L	-	-	E	E	-	-	-	-	-	-	E
-	-	L	L	-	-	-	-	-	L	L	L	-	-	-	L	L	-	-	L	L	-	-	-	L	L	L	-
E	L	L	L	L	-	-	-	E	E	-	-	E	E	E	L	-	-	E	E	-	-	L	L	L	-	-	-
L	-	-	L	L	-	-	L	L	L	-	-	-	-	L	L	L	-	-	E	L	L	L	-	-	L	L	L
L	L	L	L	-	-	E	E	-	-	-	E	L	L	-	-	-	E	L	-	-	E	L	L	L	L	-	-
E	L	L	-	-	E	E	-	-	L	L	-	-	-	E	E	E	E	L	-	-	-	L	L	-	-	E	E
Objective 0: 6429
Objective 1: 100
Constr violation: -2
Restrictions violated:
0 0 0 0 0 0 0 2 

Individual 97
1	2	3	4	5	6	7	8	9	10	11	12	13	14	15	16	17	18	19	20	21	22	23	24	25	26	27	28
E	L	L	L	L	-	-	-	L	L	L	L	-	-	-	L	L	-	-	L	L	-	-	E	L	L	L	L
E	-	-	-	-	-	-	-	E	E	-	-	-	-	E	E	-	-	-	E	E	E	-	-	E	E	E	-
L	-	-	E	L	-	-	-	E	L	L	L	-	-	-	-	-	E	E	E	E	-	-	E	E	E	L	L
E	-	-	E	E	-	-	E	L	L	L	-	-	E	E	L	L	-	-	L	L	-	-	L	L	L	-	-
E	E	E	L	L	-	-	E	L	L	L	L	-	-	E	E	L	-	-	E	E	E	L	-	-	-	-	E
-	-	L	L	L	L	-	-	-	L	L	L	-	-	L	L	L	-	-	L	L	-	-	L	L	L	L	-
E	L	L	L	L	-	-	L	L	L	L	L	-	-	E	L	-	-	E	E	-	-	L	L	L	-	-	L
L	-	-	L	L	-	-	L	L	L	-	-	-	-	L	L	L	-	-	E	L	L	L	-	-	L	L	L
E	L	L	L	-	-	E	E	-	-	L	L	L	L	L	-	-	E	L	-	-	E	L	L	L	L	-	-
E	L	L	-	-	E	E	-	-	L	L	L	-	-	E	E	E	E	L	-	-	-	L	L	-	-	L	L
Objective 0: 6648
Objective 1: 82
Constr violation: -2
Restrictions violated:
0 0 0 0 0 0 1 1 

Individual 98
1	2	3	4	5	6	7	8	9	10	11	12	13	14	15	16	17	18	19	20	21	22	23	24	25	26	27	28
-	E	E	E	-	-	-	L	L	L	-	-	E	E	-	-	E	L	L	L	L	-	-	E	E	L	-	-
E	-	-	-	-	-	-	-	E	E	-	-	-	-	E	E	-	-	-	-	-	-	-	-	E	E	-	-
L	-	-	E	L	-	-	-	E	L	L	L	-	-	-	-	-	E	E	E	E	-	-	E	E	E	L	L
E	-	-	E	E	-	-	E	L	L	L	-	-	E	E	L	L	-	-	L	L	-	-	L	L	L	-	-
E	E	E	L	L	-	-	E	L	L	L	L	-	-	E	E	L	-	-	E	E	-	-	-	-	-	-	E
-	-	L	L	-	-	-	-	-	L	L	L	-	-	-	L	L	-	-	L	L	-	-	-	L	L	L	-
E	L	L	L	L	-	-	-	E	E	-	-	E	E	E	L	-	-	E	E	-	-	L	L	L	-	-	-
L	-	-	L	L	-	-	L	L	L	-	-	-	-	L	L	L	-	-	E	L	L	L	-	-	L	L	L
L	L	L	L	-	-	E	E	-	-	-	E	L	L	-	-	-	E	L	-	-	E	L	L	L	L	-	-
E	L	L	-	-	E	E	-	-	L	L	-	-	-	E	E	E	E	L	-	-	-	L	L	-	-	E	E
Objective 0: 5823
Objective 1: 99
Constr violation: -2
Restrictions violated:
0 0 0 0 0 0 0 2 

Individual 99
1	2	3	4	5	6	7	8	9	10	11	12	13	14	15	16	17	18	19	20	21	22	23	24	25	26	27	28
E	E	E	E	L	-	-	-	L	L	L	L	-	-	-	L	L	-	-	L	L	-	-	E	L	L	L	L
E	-	-	-	-	-	-	-	E	E	-	-	-	-	E	E	-	-	-	E	E	E	-	-	E	E	E	-
L	-	-	E	L	-	-	-	E	L	L	L	-	-	-	-	-	E	E	E	E	-	-	E	E	E	L	L
E	-	-	E	E	-	-	E	L	L	L	-	-	E	E	L	L	-	-	L	L	-	-	E	L	L	-	-
E	E	E	L	L	-	-	E	L	L	L	L	-	-	E	E	L	-	-	E	E	E	L	-	-	-	-	E
-	-	L	L	L	L	L	-	-	L	L	-	-	L	L	L	L	-	-	L	L	-	-	L	L	L	L	-
E	L	L	L	L	-	-	L	L	L	L	L	-	-	E	L	-	-	E	E	-	-	L	L	L	-	-	L
L	-	-	L	L	-	-	L	L	L	-	-	-	-	L	L	L	-	-	E	L	L	L	-	-	L	L	L
L	L	L	L	-	-	E	E	-	-	L	L	L	L	L	-	-	E	L	-	-	E	L	L	L	L	-	-
E	L	L	-	-	E	E	-	-	L	L	L	-	-	E	E	E	E	L	-	-	-	L	L	-	-	E	E
Objective 0: 5841
Objective 1: 81
Constr violation: -2
Restrictions violated:
0 0 0 0 0 0 1 1 

