Individual 0
1	2	3	4	5	6	7	8	9	10	11	12	13	14	15	16	17	18	19	20	21	22	23	24	25	26	27	28
E	L	L	L	-	-	-	L	L	L	L	L	-	-	E	E	E	E	E	-	-	-	L	L	L	L	-	-
E	E	E	E	E	-	-	E	E	E	E	-	-	E	E	-	-	E	E	-	-	-	-	E	E	E	E	E
E	E	L	L	L	-	-	E	E	E	E	E	-	-	-	-	-	L	L	L	-	-	E	E	E	E	L	-
L	-	-	-	E	E	E	-	-	E	L	L	-	-	E	E	E	E	-	-	-	-	-	E	E	L	L	L
-	E	L	L	-	-	-	E	E	E	E	-	-	E	E	-	-	E	E	-	-	E	L	-	-	L	L	L
L	-	-	L	L	L	L	L	-	-	L	L	L	-	-	L	L	-	-	-	-	L	L	L	L	L	-	-
L	L	L	-	-	-	E	L	L	L	L	-	-	-	E	E	E	E	L	-	-	E	L	L	L	-	-	-
E	E	E	E	E	-	-	E	E	E	-	-	E	E	L	-	-	-	-	-	-	-	E	E	E	L	L	-
-	-	E	E	E	-	-	E	E	E	L	-	-	E	E	-	-	L	L	-	-	E	E	-	-	E	E	L
-	-	-	-	-	-	-	-	-	-	-	E	E	-	-	-	-	E	E	-	-	-	-	-	-	-	E	L
Objective 0: 5429
Objective 1: 73
Constr violation: -1
Restrictions violated:
0 0 0 0 0 0 0 1 

Individual 1
1	2	3	4	5	6	7	8	9	10	11	12	13	14	15	16	17	18	19	20	21	22	23	24	25	26	27	28
E	L	L	L	-	-	-	-	-	-	L	L	L	L	L	-	-	E	E	L	-	-	L	L	L	L	-	-
E	E	E	E	E	-	-	-	E	E	E	-	-	-	-	-	-	E	E	E	-	-	-	E	E	E	E	E
E	L	L	L	L	-	-	E	L	L	L	-	-	-	-	-	-	L	L	L	-	-	E	E	E	E	L	-
L	-	-	-	-	-	-	L	L	L	L	L	-	-	E	E	-	-	E	L	L	-	-	E	E	L	L	L
-	E	L	L	-	-	-	E	E	E	E	-	-	E	E	-	-	E	E	-	-	E	L	-	-	L	L	L
L	-	-	L	L	L	L	L	-	-	L	L	L	-	-	L	L	-	-	-	-	L	L	L	L	L	-	-
L	L	L	-	-	-	E	L	L	L	L	-	-	-	E	E	E	E	L	-	-	E	L	L	L	-	-	-
E	E	E	E	E	-	-	E	E	E	-	-	E	E	L	-	-	-	-	-	-	-	E	E	E	L	L	-
-	-	E	E	E	-	-	E	E	E	L	-	-	E	E	-	-	L	L	-	-	E	E	-	-	E	E	L
E	E	L	L	-	-	-	-	E	E	-	-	E	L	L	-	-	E	E	L	L	-	-	-	-	E	E	L
Objective 0: 4828
Objective 1: 89
Constr violation: -1
Restrictions violated:
0 0 0 0 0 0 1 0 

Individual 2
1	2	3	4	5	6	7	8	9	10	11	12	13	14	15	16	17	18	19	20	21	22	23	24	25	26	27	28
E	L	L	L	-	-	-	-	-	-	L	L	L	L	L	-	-	E	E	L	-	-	L	L	L	L	-	-
E	E	E	E	E	-	-	-	E	E	E	-	-	-	-	-	-	E	E	E	-	-	-	E	E	E	E	E
E	L	L	L	L	-	-	E	L	L	L	-	-	-	-	-	-	L	L	L	-	-	E	E	E	E	L	-
L	-	-	-	-	-	-	L	L	L	L	L	-	-	E	E	-	-	E	L	L	-	-	E	E	L	L	L
-	E	L	L	-	-	-	E	E	E	E	-	-	E	E	-	-	E	E	-	-	E	L	-	-	L	L	L
L	-	-	L	L	L	L	L	-	-	L	L	L	-	-	L	L	-	-	-	-	L	L	L	L	L	-	-
L	L	L	-	-	-	E	L	L	L	L	-	-	-	E	E	E	E	L	-	-	E	L	L	L	-	-	-
E	E	E	E	E	-	-	E	E	E	-	-	E	E	L	-	-	-	-	-	-	-	E	E	E	L	L	-
-	-	E	E	E	-	-	E	E	E	L	-	-	E	E	-	-	L	L	-	-	E	E	-	-	E	E	L
-	-	-	-	-	-	-	-	-	-	-	E	E	L	L	-	-	E	E	-	-	-	-	-	-	E	E	L
Objective 0: 4922
Objective 1: 89
Constr violation: -1
Restrictions violated:
0 0 0 0 0 0 0 1 

Individual 3
1	2	3	4	5	6	7	8	9	10	11	12	13	14	15	16	17	18	19	20	21	22	23	24	25	26	27	28
E	L	L	L	-	-	-	L	L	L	L	L	-	-	E	E	E	E	E	-	-	-	L	L	L	L	-	-
E	E	E	E	E	-	-	E	E	E	E	-	-	E	E	-	-	E	E	-	-	-	-	E	E	E	E	E
E	E	L	L	L	-	-	E	E	E	E	E	-	-	-	-	-	L	L	L	-	-	E	E	E	E	L	-
L	-	-	E	E	-	-	L	L	L	L	L	-	-	E	E	-	-	E	L	L	-	-	E	E	L	L	L
-	E	L	L	-	-	-	E	E	E	E	-	-	E	E	-	-	E	E	-	-	E	L	-	-	L	L	L
L	-	-	L	L	L	L	L	-	-	L	L	L	-	-	L	L	-	-	-	-	L	L	L	L	L	-	-
L	L	L	-	-	-	E	L	L	L	L	-	-	-	E	E	E	E	L	-	-	E	L	L	L	-	-	-
E	E	E	E	E	-	-	E	E	E	-	-	E	E	L	-	-	-	-	-	-	-	E	E	E	L	L	-
-	-	E	E	E	-	-	E	E	E	L	-	-	E	E	-	-	L	L	-	-	E	E	-	-	E	E	L
E	E	L	L	-	-	-	-	E	E	-	-	E	L	L	-	-	E	E	L	L	-	-	-	-	E	E	L
Objective 0: 5037
Objective 1: 77
Constr violation: -1
Restrictions violated:
0 0 0 0 0 0 1 0 

Individual 4
1	2	3	4	5	6	7	8	9	10	11	12	13	14	15	16	17	18	19	20	21	22	23	24	25	26	27	28
E	L	L	L	-	-	-	E	E	E	L	L	-	-	E	E	-	-	E	L	-	-	L	L	L	-	-	-
E	E	E	E	E	-	-	-	E	E	E	-	-	-	-	-	-	E	E	E	-	-	-	E	E	E	E	E
E	E	L	L	L	-	-	E	E	E	L	-	-	-	-	-	-	L	L	L	-	-	E	E	-	-	L	L
L	-	-	-	E	E	E	-	-	E	L	L	-	-	E	E	E	E	-	-	-	L	L	-	-	L	L	L
-	E	L	L	-	-	-	E	E	E	E	-	-	E	E	-	-	E	E	-	-	E	L	-	-	L	L	L
L	-	-	L	L	L	L	L	-	-	L	L	L	-	-	L	L	-	-	-	-	L	L	L	L	L	-	-
L	L	L	-	-	-	E	L	L	L	L	-	-	-	E	E	E	E	-	-	-	E	L	L	L	-	-	-
E	E	E	E	E	-	-	E	E	E	-	-	E	E	L	-	-	-	-	-	-	-	E	E	E	L	L	-
-	-	E	E	E	-	-	E	E	E	L	-	-	E	E	-	-	L	L	-	-	E	E	-	-	E	E	L
-	-	-	-	-	-	-	-	-	-	-	E	E	-	-	-	-	E	E	-	-	-	-	-	-	-	E	L
Objective 0: 6331
Objective 1: 85
Constr violation: -1
Restrictions violated:
0 0 0 0 0 0 0 1 

Individual 5
1	2	3	4	5	6	7	8	9	10	11	12	13	14	15	16	17	18	19	20	21	22	23	24	25	26	27	28
E	L	L	L	-	-	-	E	E	E	L	L	-	-	E	E	-	-	E	L	-	-	L	L	L	-	-	-
E	E	E	E	E	-	-	-	E	E	E	-	-	-	-	-	-	E	E	E	-	-	-	E	E	E	E	E
E	E	L	L	L	-	-	E	E	E	L	-	-	-	-	-	-	L	L	L	-	-	E	E	-	-	L	L
E	-	-	-	E	E	E	-	-	E	L	L	-	-	E	E	E	E	-	-	-	L	L	-	-	L	L	L
-	E	L	L	-	-	-	E	E	E	E	-	-	E	E	-	-	E	E	-	-	E	L	-	-	L	L	L
L	-	-	L	L	L	L	L	-	-	L	L	L	-	-	L	L	-	-	-	-	L	L	L	L	L	-	-
L	L	L	-	-	-	E	L	L	L	L	-	-	-	E	E	E	E	-	-	-	E	L	L	L	-	-	-
E	E	E	E	E	-	-	E	E	E	-	-	E	E	L	-	-	-	-	-	-	-	E	E	E	L	L	-
-	-	E	E	E	-	-	E	E	E	L	-	-	E	E	-	-	L	L	-	-	E	E	-	-	E	E	L
-	-	-	-	-	-	-	-	-	-	-	E	E	-	-	-	-	E	E	-	-	-	-	-	-	-	E	L
Objective 0: 6432
Objective 1: 85
Constr violation: -1
Restrictions violated:
0 0 0 0 0 0 0 1 

Individual 6
1	2	3	4	5	6	7	8	9	10	11	12	13	14	15	16	17	18	19	20	21	22	23	24	25	26	27	28
E	L	L	L	-	-	-	E	E	E	L	L	-	-	E	E	E	E	E	-	-	-	L	L	L	-	-	L
E	E	E	E	E	-	-	E	E	E	E	-	-	E	E	-	-	E	E	-	-	E	E	E	E	-	-	E
E	E	L	L	L	-	-	E	E	E	E	E	-	-	-	-	-	L	L	L	-	-	E	E	E	E	L	-
E	-	-	E	E	-	-	L	L	L	L	L	-	-	E	E	-	-	E	L	L	L	L	-	-	L	L	L
-	E	L	L	-	-	-	E	E	E	E	-	-	E	E	-	-	E	E	-	-	E	L	-	-	L	L	L
L	-	-	L	L	L	L	L	-	-	L	L	L	-	-	L	L	-	-	-	-	L	L	L	L	L	-	-
L	L	L	-	-	-	E	L	L	L	L	-	-	-	E	E	E	E	L	-	-	E	L	L	L	-	-	-
E	E	E	E	E	-	-	E	E	E	-	-	E	E	L	-	-	-	-	-	-	-	E	E	E	L	L	-
-	-	E	E	E	-	-	E	E	E	L	-	-	E	E	-	-	L	L	-	-	E	E	-	-	E	E	L
E	E	L	L	-	-	-	-	E	E	-	-	E	L	L	-	-	E	E	L	-	-	L	L	-	-	E	L
Objective 0: 5744
Objective 1: 84
Constr violation: -1
Restrictions violated:
0 0 0 0 0 0 1 0 

Individual 7
1	2	3	4	5	6	7	8	9	10	11	12	13	14	15	16	17	18	19	20	21	22	23	24	25	26	27	28
E	L	L	L	-	-	-	E	E	E	L	L	-	-	E	E	-	-	E	L	-	-	L	L	L	-	-	-
E	E	E	E	E	-	-	-	E	E	E	-	-	-	-	-	-	E	E	E	-	-	-	E	E	E	E	E
E	L	L	L	L	-	-	E	L	L	L	-	-	-	-	-	-	L	L	-	-	-	E	E	E	E	L	-
E	-	-	-	-	-	-	L	L	L	L	L	-	-	E	E	-	-	E	L	L	-	-	E	E	L	L	L
-	E	L	L	-	-	-	E	E	E	E	-	-	E	E	-	-	E	E	-	-	E	L	-	-	L	L	L
L	-	-	L	L	L	L	L	-	-	L	L	L	-	-	L	L	-	-	-	-	L	L	L	L	L	-	-
L	L	L	-	-	-	E	L	L	L	L	-	-	-	E	E	E	E	-	-	-	E	L	L	L	-	-	-
E	E	E	E	E	-	-	E	E	E	-	-	E	E	L	-	-	-	-	-	-	-	E	E	E	L	L	-
-	-	E	E	E	-	-	E	E	E	L	-	-	E	E	-	-	L	L	-	-	E	E	-	-	E	E	L
-	-	-	-	-	-	-	-	-	-	-	E	E	-	-	-	-	E	E	-	-	-	-	-	-	-	E	L
Objective 0: 5826
Objective 1: 90
Constr violation: -1
Restrictions violated:
0 0 0 0 0 0 0 1 

Individual 8
1	2	3	4	5	6	7	8	9	10	11	12	13	14	15	16	17	18	19	20	21	22	23	24	25	26	27	28
E	L	L	L	-	-	-	E	E	E	L	L	-	-	E	E	E	E	E	-	-	-	L	L	L	-	-	L
E	E	E	E	E	-	-	E	E	E	E	-	-	E	E	-	-	E	E	-	-	E	E	E	E	-	-	E
E	E	L	L	L	-	-	E	E	E	E	E	-	-	-	-	-	L	L	-	-	E	E	E	-	-	L	L
E	-	-	E	E	E	E	-	-	E	L	L	-	-	E	E	E	E	-	-	-	L	L	-	-	L	L	L
-	E	L	L	-	-	-	E	E	E	E	-	-	E	E	-	-	E	E	-	-	E	L	-	-	L	L	L
L	-	-	L	L	L	L	L	-	-	L	L	L	-	-	L	L	-	-	-	-	L	L	L	L	L	-	-
L	L	L	-	-	-	E	L	L	L	L	-	-	-	E	E	E	E	-	-	-	E	L	L	L	-	-	-
E	E	E	E	E	-	-	E	E	E	-	-	E	E	L	-	-	-	-	-	-	-	E	E	E	L	L	-
-	-	E	E	E	-	-	E	E	E	L	-	-	E	E	-	-	L	L	-	-	E	E	-	-	E	E	L
-	-	-	-	-	-	-	-	E	E	-	-	E	L	L	-	-	E	E	-	-	-	-	-	-	-	E	L
Objective 0: 6441
Objective 1: 87
Constr violation: -1
Restrictions violated:
0 0 0 0 0 0 0 1 

Individual 9
1	2	3	4	5	6	7	8	9	10	11	12	13	14	15	16	17	18	19	20	21	22	23	24	25	26	27	28
E	L	L	L	-	-	-	E	E	E	L	L	-	-	E	E	E	E	E	-	-	-	L	L	L	-	-	L
E	E	E	E	E	-	-	E	E	E	E	-	-	E	E	-	-	E	E	-	-	E	E	E	E	-	-	E
E	E	L	L	L	-	-	E	E	E	E	E	-	-	-	-	-	L	L	L	-	-	E	E	E	E	L	-
E	-	-	E	E	-	-	L	L	L	L	L	-	-	E	E	-	-	E	L	L	L	L	-	-	L	L	L
-	E	L	L	-	-	-	E	E	E	E	-	-	E	E	-	-	E	E	-	-	E	L	-	-	L	L	L
L	-	-	L	L	L	L	L	-	-	L	L	L	-	-	L	L	-	-	-	-	L	L	L	L	L	-	-
L	L	L	-	-	-	E	L	L	L	L	-	-	-	E	E	E	E	-	-	-	E	L	L	L	-	-	-
E	E	E	E	E	-	-	E	E	E	-	-	E	E	L	-	-	-	-	-	-	-	E	E	E	L	L	-
-	-	E	E	E	-	-	E	E	E	L	-	-	E	E	-	-	L	L	-	-	E	E	-	-	E	E	L
-	-	-	-	-	-	-	-	E	E	-	-	E	L	L	-	-	E	E	-	-	-	-	-	-	-	E	L
Objective 0: 5938
Objective 1: 87
Constr violation: -1
Restrictions violated:
0 0 0 0 0 0 0 1 

Individual 10
1	2	3	4	5	6	7	8	9	10	11	12	13	14	15	16	17	18	19	20	21	22	23	24	25	26	27	28
E	L	L	L	-	-	-	L	L	L	L	L	-	-	E	E	E	E	E	-	-	-	L	L	L	L	-	-
E	E	E	E	E	-	-	-	E	E	E	-	-	-	-	-	-	E	E	E	-	-	-	E	E	E	E	E
E	E	L	L	L	-	-	E	E	E	L	-	-	-	-	-	-	L	L	L	-	-	E	E	-	-	L	L
E	-	-	-	E	E	E	-	-	E	L	L	-	-	E	E	E	E	-	-	-	L	L	-	-	L	L	L
-	E	L	L	-	-	-	E	E	E	E	-	-	E	E	-	-	E	E	-	-	E	L	-	-	L	L	L
L	-	-	L	L	L	L	L	-	-	L	L	L	-	-	L	L	-	-	-	-	L	L	L	L	L	-	-
L	L	L	-	-	-	E	L	L	L	L	-	-	-	E	E	E	E	L	-	-	E	L	L	L	-	-	-
E	E	E	E	E	-	-	E	E	E	-	-	E	E	L	-	-	-	-	-	-	-	E	E	E	L	L	-
-	-	E	E	E	-	-	E	E	E	L	-	-	E	E	-	-	L	L	-	-	E	E	-	-	E	E	L
-	-	-	-	-	-	-	-	-	-	-	E	E	-	-	-	-	E	E	-	-	-	-	-	-	-	E	L
Objective 0: 5930
Objective 1: 78
Constr violation: -1
Restrictions violated:
0 0 0 0 0 0 0 1 

Individual 11
1	2	3	4	5	6	7	8	9	10	11	12	13	14	15	16	17	18	19	20	21	22	23	24	25	26	27	28
E	L	L	L	-	-	-	L	L	L	L	L	-	-	E	E	E	E	E	-	-	-	L	L	L	L	-	-
E	E	E	E	E	-	-	E	E	E	E	-	-	E	E	-	-	E	E	-	-	-	-	E	E	E	E	E
E	E	L	L	L	-	-	E	E	E	E	E	-	-	-	-	-	L	L	L	-	-	E	E	E	E	L	-
L	-	-	-	E	E	E	-	-	E	L	L	-	-	E	E	E	E	-	-	-	-	-	E	E	L	L	L
-	E	L	L	-	-	-	E	E	E	E	-	-	E	E	-	-	E	E	-	-	E	L	-	-	L	L	L
L	-	-	L	L	L	L	L	-	-	L	L	L	-	-	L	L	-	-	-	-	L	L	L	L	L	-	-
L	L	L	-	-	-	E	L	L	L	L	-	-	-	E	E	E	E	-	-	-	E	L	L	L	-	-	-
E	E	E	E	E	-	-	E	E	E	-	-	E	E	L	-	-	-	-	-	-	-	E	E	E	L	L	-
-	-	E	E	E	-	-	E	E	E	L	-	-	E	E	-	-	L	L	-	-	E	E	-	-	E	E	L
-	-	-	-	-	-	-	-	-	-	-	E	E	-	-	-	-	E	E	-	-	-	-	-	-	-	E	L
Objective 0: 5529
Objective 1: 76
Constr violation: -1
Restrictions violated:
0 0 0 0 0 0 0 1 

Individual 12
1	2	3	4	5	6	7	8	9	10	11	12	13	14	15	16	17	18	19	20	21	22	23	24	25	26	27	28
E	L	L	L	-	-	-	-	-	-	L	L	L	L	L	-	-	E	E	L	-	-	L	L	L	L	-	-
E	E	E	E	E	-	-	E	E	E	E	-	-	E	E	-	-	E	E	-	-	-	-	E	E	E	E	E
E	E	L	L	L	-	-	E	E	E	E	E	-	-	-	-	-	L	L	L	-	-	E	E	E	E	L	-
E	-	-	E	E	E	E	-	-	E	L	L	-	-	E	E	E	E	-	-	-	-	-	E	E	L	L	L
-	E	L	L	-	-	-	E	E	E	E	-	-	E	E	-	-	E	E	-	-	E	L	-	-	L	L	L
L	-	-	L	L	L	L	L	-	-	L	L	L	-	-	L	L	-	-	-	-	L	L	L	L	L	-	-
L	L	L	-	-	-	E	L	L	L	L	-	-	-	E	E	E	E	L	-	-	E	L	L	L	-	-	-
E	E	E	E	E	-	-	E	E	E	-	-	E	E	L	-	-	-	-	-	-	-	E	E	E	L	L	-
-	-	E	E	E	-	-	E	E	E	L	-	-	E	E	-	-	L	L	-	-	E	E	-	-	E	E	L
E	E	L	L	-	-	-	-	-	-	-	E	E	L	L	-	-	E	E	-	-	-	L	L	-	-	E	L
Objective 0: 5436
Objective 1: 79
Constr violation: -1
Restrictions violated:
0 0 0 0 0 0 0 1 

Individual 13
1	2	3	4	5	6	7	8	9	10	11	12	13	14	15	16	17	18	19	20	21	22	23	24	25	26	27	28
E	L	L	L	-	-	-	L	L	L	L	L	-	-	E	E	E	E	E	-	-	-	L	L	L	L	-	-
E	E	E	E	E	-	-	E	E	E	E	-	-	E	E	-	-	E	E	-	-	-	-	E	E	E	E	E
E	E	L	L	L	-	-	E	E	E	E	E	-	-	-	-	-	L	L	L	-	-	E	E	E	E	L	-
E	-	-	E	E	-	-	L	L	L	L	L	-	-	E	E	-	-	E	L	L	-	-	E	E	L	L	L
-	E	L	L	-	-	-	E	E	E	E	-	-	E	E	-	-	E	E	-	-	E	L	-	-	L	L	L
L	-	-	L	L	L	L	L	-	-	L	L	L	-	-	L	L	-	-	-	-	L	L	L	L	L	-	-
L	L	L	-	-	-	E	L	L	L	L	-	-	-	E	E	E	E	L	-	-	E	L	L	L	-	-	-
E	E	E	E	E	-	-	E	E	E	-	-	E	E	L	-	-	-	-	-	-	-	E	E	E	L	L	-
-	-	E	E	E	-	-	E	E	E	L	-	-	E	E	-	-	L	L	-	-	E	E	-	-	E	E	L
-	-	-	-	-	-	-	-	-	-	-	E	E	-	-	-	-	E	E	-	-	-	-	-	-	-	E	L
Objective 0: 5532
Objective 1: 75
Constr violation: -1
Restrictions violated:
0 0 0 0 0 0 0 1 

Individual 14
1	2	3	4	5	6	7	8	9	10	11	12	13	14	15	16	17	18	19	20	21	22	23	24	25	26	27	28
E	L	L	L	-	-	-	E	E	E	L	L	-	-	E	E	E	E	E	-	-	-	L	L	L	-	-	L
E	E	E	E	E	-	-	E	E	E	E	-	-	E	E	-	-	E	E	-	-	E	E	E	E	-	-	E
E	E	L	L	L	-	-	E	E	E	E	E	-	-	-	-	-	L	L	-	-	E	E	E	-	-	L	L
E	-	-	E	E	E	E	-	-	E	L	L	-	-	E	E	E	E	-	-	-	-	-	E	E	L	L	L
-	E	L	L	-	-	-	E	E	E	E	-	-	E	E	-	-	E	E	-	-	E	L	-	-	L	L	L
L	-	-	L	L	L	L	L	-	-	L	L	L	-	-	L	L	-	-	-	-	L	L	L	L	L	-	-
L	L	L	-	-	-	E	L	L	L	L	-	-	-	E	E	E	E	L	-	-	E	L	L	L	-	-	-
E	E	E	E	E	-	-	E	E	E	-	-	E	E	L	-	-	-	-	-	-	-	E	E	E	L	L	-
-	-	E	E	E	-	-	E	E	E	L	-	-	E	E	-	-	L	L	-	-	E	E	-	-	E	E	L
-	-	-	-	-	-	-	-	-	-	-	E	E	L	L	-	-	E	E	-	-	-	-	-	-	E	E	L
Objective 0: 6038
Objective 1: 83
Constr violation: -1
Restrictions violated:
0 0 0 0 0 0 0 1 

Individual 15
1	2	3	4	5	6	7	8	9	10	11	12	13	14	15	16	17	18	19	20	21	22	23	24	25	26	27	28
E	L	L	L	-	-	-	L	L	L	L	L	-	-	E	E	E	E	E	-	-	-	L	L	L	L	-	-
E	E	E	E	E	-	-	E	E	E	E	-	-	E	E	-	-	E	E	-	-	-	-	E	E	E	E	E
E	E	L	L	L	-	-	E	E	E	E	E	-	-	-	-	-	L	L	L	-	-	E	E	E	E	L	-
E	-	-	-	E	E	E	-	-	E	L	L	-	-	E	E	E	E	-	-	-	L	L	-	-	L	L	L
-	E	L	L	-	-	-	E	E	E	E	-	-	E	E	-	-	E	E	-	-	E	L	-	-	L	L	L
L	-	-	L	L	L	L	L	-	-	L	L	L	-	-	L	L	-	-	-	-	L	L	L	L	L	-	-
L	L	L	-	-	-	E	L	L	L	L	-	-	-	E	E	E	E	-	-	-	E	L	L	L	-	-	-
E	E	E	E	E	-	-	E	E	E	-	-	E	E	L	-	-	-	-	-	-	-	E	E	E	L	L	-
-	-	E	E	E	-	-	E	E	E	L	-	-	E	E	-	-	L	L	-	-	E	E	-	-	E	E	L
E	E	L	L	-	-	-	-	E	E	-	-	E	L	L	-	-	E	E	L	-	-	L	L	-	-	E	L
Objective 0: 5539
Objective 1: 79
Constr violation: -1
Restrictions violated:
0 0 0 0 0 0 1 0 

Individual 16
1	2	3	4	5	6	7	8	9	10	11	12	13	14	15	16	17	18	19	20	21	22	23	24	25	26	27	28
E	L	L	L	-	-	-	-	-	-	L	L	L	L	L	-	-	E	E	L	-	-	L	L	L	L	-	-
E	E	E	E	E	-	-	-	E	E	E	-	-	-	-	-	-	E	E	E	-	-	-	E	E	E	E	E
E	L	L	L	L	-	-	E	L	L	L	-	-	-	-	-	-	L	L	L	-	-	E	E	E	E	L	-
L	-	-	-	E	E	E	-	-	E	L	L	-	-	E	E	E	E	-	-	-	L	L	-	-	L	L	L
-	E	L	L	-	-	-	E	E	E	E	-	-	E	E	-	-	E	E	-	-	E	L	-	-	L	L	L
L	-	-	L	L	L	L	L	-	-	L	L	L	-	-	L	L	-	-	-	-	L	L	L	L	L	-	-
L	L	L	-	-	-	E	L	L	L	L	-	-	-	E	E	E	E	-	-	-	E	L	L	L	-	-	-
E	E	E	E	E	-	-	E	E	E	-	-	E	E	L	-	-	-	-	-	-	-	E	E	E	L	L	-
-	-	E	E	E	-	-	E	E	E	L	-	-	E	E	-	-	L	L	-	-	E	E	-	-	E	E	L
E	E	L	L	-	-	-	-	E	E	-	-	E	L	L	-	-	E	E	L	L	-	-	-	-	E	E	L
Objective 0: 5130
Objective 1: 91
Constr violation: -1
Restrictions violated:
0 0 0 0 0 0 1 0 

Individual 17
1	2	3	4	5	6	7	8	9	10	11	12	13	14	15	16	17	18	19	20	21	22	23	24	25	26	27	28
E	L	L	L	-	-	-	E	E	E	L	L	-	-	E	E	E	E	E	-	-	-	L	L	L	-	-	-
E	E	E	E	E	-	-	E	E	E	E	-	-	E	E	-	-	E	E	-	-	E	E	E	E	-	-	E
E	E	L	L	L	-	-	E	E	E	E	E	-	-	-	-	-	L	L	L	-	-	E	E	E	E	L	-
E	-	-	E	E	E	E	-	-	E	L	L	-	-	E	E	E	E	-	-	-	-	-	E	E	L	L	L
-	E	L	L	-	-	-	E	E	E	E	-	-	E	E	-	-	E	E	-	-	E	L	-	-	L	L	L
L	-	-	L	L	L	L	L	-	-	L	L	L	-	-	L	L	-	-	-	-	L	L	L	L	L	-	-
L	L	L	-	-	-	E	L	L	L	L	-	-	-	E	E	E	E	L	-	-	E	L	L	L	-	-	-
E	E	E	E	E	-	-	E	E	E	-	-	E	E	L	-	-	-	-	-	-	-	E	E	E	L	L	-
-	-	E	E	E	-	-	E	E	E	L	-	-	E	E	-	-	L	L	-	-	E	E	-	-	E	E	L
E	E	L	L	-	-	-	-	E	E	-	-	E	L	L	-	-	E	E	L	-	-	L	L	-	-	E	L
Objective 0: 5843
Objective 1: 81
Constr violation: -1
Restrictions violated:
0 0 0 0 0 0 1 0 

Individual 18
1	2	3	4	5	6	7	8	9	10	11	12	13	14	15	16	17	18	19	20	21	22	23	24	25	26	27	28
E	L	L	L	-	-	-	E	E	E	L	L	-	-	E	E	E	E	E	-	-	-	L	L	L	-	-	L
E	E	E	E	E	-	-	E	E	E	E	-	-	E	E	-	-	E	E	-	-	E	E	E	E	-	-	E
E	E	L	L	L	-	-	E	E	E	E	E	-	-	-	-	-	L	L	-	-	E	E	E	-	-	L	L
L	-	-	E	E	-	-	L	L	L	L	L	-	-	E	E	-	-	E	L	L	L	L	-	-	L	L	L
-	E	L	L	-	-	-	E	E	E	E	-	-	E	E	-	-	E	E	-	-	E	L	-	-	L	L	L
L	-	-	L	L	L	L	L	-	-	L	L	L	-	-	L	L	-	-	-	-	L	L	L	L	L	-	-
L	L	L	-	-	-	E	L	L	L	L	-	-	-	E	E	E	E	L	-	-	E	L	L	L	-	-	-
E	E	E	E	E	-	-	E	E	E	-	-	E	E	L	-	-	-	-	-	-	-	E	E	E	L	L	-
-	-	E	E	E	-	-	E	E	E	L	-	-	E	E	-	-	L	L	-	-	E	E	-	-	E	E	L
E	E	L	L	-	-	-	-	-	-	-	E	E	-	-	-	-	E	E	-	-	-	-	-	-	-	E	L
Objective 0: 6141
Objective 1: 84
Constr violation: -1
Restrictions violated:
0 0 0 0 0 0 0 1 

Individual 19
1	2	3	4	5	6	7	8	9	10	11	12	13	14	15	16	17	18	19	20	21	22	23	24	25	26	27	28
E	L	L	L	-	-	-	E	E	E	L	L	-	-	E	E	E	E	E	-	-	-	L	L	L	-	-	L
E	E	E	E	E	-	-	-	E	E	E	-	-	-	-	-	-	E	E	E	-	-	-	E	E	E	E	E
E	L	L	L	L	-	-	E	E	E	L	-	-	-	-	-	-	L	L	L	-	-	E	E	-	-	L	L
E	-	-	-	E	E	E	-	-	E	L	L	-	-	E	E	E	E	-	-	-	L	L	-	-	L	L	L
-	E	L	L	-	-	-	E	E	E	E	-	-	E	E	-	-	E	E	-	-	E	L	-	-	L	L	L
L	-	-	L	L	L	L	L	-	-	L	L	L	-	-	L	L	-	-	-	-	L	L	L	L	L	-	-
L	L	L	-	-	-	E	L	L	L	L	-	-	-	E	E	E	E	-	-	-	E	L	L	L	-	-	-
E	E	E	E	E	-	-	E	E	E	-	-	E	E	L	-	-	-	-	-	-	-	E	E	E	L	L	-
-	-	E	E	E	-	-	E	E	E	L	-	-	E	E	-	-	L	L	-	-	E	E	-	-	E	E	L
-	-	-	-	-	-	-	-	-	-	-	E	E	-	-	-	-	E	E	-	-	-	-	-	-	-	E	L
Objective 0: 6333
Objective 1: 88
Constr violation: -1
Restrictions violated:
0 0 0 0 0 0 0 1 

Individual 20
1	2	3	4	5	6	7	8	9	10	11	12	13	14	15	16	17	18	19	20	21	22	23	24	25	26	27	28
E	L	L	L	-	-	-	L	L	L	L	L	-	-	E	E	E	E	E	-	-	-	L	L	L	L	-	-
E	E	E	E	E	-	-	E	E	E	E	-	-	E	E	-	-	E	E	-	-	-	-	E	E	E	E	E
E	L	L	L	L	-	-	E	E	E	E	E	-	-	-	-	-	L	L	L	-	-	E	E	E	E	L	-
L	-	-	E	E	-	-	L	L	L	L	L	-	-	E	E	-	-	E	L	L	-	-	E	E	L	L	L
-	E	L	L	-	-	-	E	E	E	E	-	-	E	E	-	-	E	E	-	-	E	L	-	-	L	L	L
L	-	-	L	L	L	L	L	-	-	L	L	L	-	-	L	L	-	-	-	-	L	L	L	L	L	-	-
L	L	L	-	-	-	E	L	L	L	L	-	-	-	E	E	E	E	L	-	-	E	L	L	L	-	-	-
E	E	E	E	E	-	-	E	E	E	-	-	E	E	L	-	-	-	-	-	-	-	E	E	E	L	L	-
-	-	E	E	E	-	-	E	E	E	L	-	-	E	E	-	-	L	L	-	-	E	E	-	-	E	E	L
E	E	L	L	-	-	-	-	E	E	-	-	E	L	L	-	-	E	E	L	L	-	-	-	-	E	E	L
Objective 0: 4936
Objective 1: 80
Constr violation: -1
Restrictions violated:
0 0 0 0 0 0 1 0 

Individual 21
1	2	3	4	5	6	7	8	9	10	11	12	13	14	15	16	17	18	19	20	21	22	23	24	25	26	27	28
E	L	L	L	-	-	-	-	-	-	L	L	L	L	L	-	-	E	E	L	-	-	L	L	L	L	-	-
E	E	E	E	E	-	-	-	E	E	E	-	-	-	-	-	-	E	E	E	-	-	-	E	E	E	E	E
E	L	L	L	L	-	-	E	L	L	L	-	-	-	-	-	-	L	L	-	-	-	E	E	E	E	L	-
L	-	-	-	-	-	-	L	L	L	L	L	-	-	E	E	-	-	E	L	L	-	-	E	E	L	L	L
-	E	L	L	-	-	-	E	E	E	E	-	-	E	E	-	-	E	E	-	-	E	L	-	-	L	L	L
L	-	-	L	L	L	L	L	-	-	L	L	L	-	-	L	L	-	-	-	-	L	L	L	L	L	-	-
L	L	L	-	-	-	E	L	L	L	L	-	-	-	E	E	E	E	-	-	-	E	L	L	L	-	-	-
E	E	E	E	E	-	-	E	E	E	-	-	E	E	L	-	-	-	-	-	-	-	E	E	E	L	L	-
-	-	E	E	E	-	-	E	E	E	L	-	-	E	E	-	-	L	L	-	-	E	E	-	-	E	E	L
E	E	L	L	-	-	-	-	E	E	-	-	E	L	L	-	-	E	E	L	-	-	L	L	-	-	E	L
Objective 0: 5230
Objective 1: 92
Constr violation: -1
Restrictions violated:
0 0 0 0 0 0 1 0 

Individual 22
1	2	3	4	5	6	7	8	9	10	11	12	13	14	15	16	17	18	19	20	21	22	23	24	25	26	27	28
E	L	L	L	-	-	-	E	E	E	L	L	-	-	E	E	E	E	E	-	-	-	L	L	L	-	-	L
E	E	E	E	E	-	-	E	E	E	E	-	-	E	E	-	-	E	E	-	-	E	E	E	E	-	-	E
E	E	L	L	L	-	-	E	E	E	E	E	-	-	-	-	-	L	L	L	-	-	E	E	E	E	L	-
L	-	-	E	E	-	-	L	L	L	L	L	-	-	E	E	-	-	E	L	L	L	L	-	-	L	L	L
-	E	L	L	-	-	-	E	E	E	E	-	-	E	E	-	-	E	E	-	-	E	L	-	-	L	L	L
L	-	-	L	L	L	L	L	-	-	L	L	L	-	-	L	L	-	-	-	-	L	L	L	L	L	-	-
L	L	L	-	-	-	E	L	L	L	L	-	-	-	E	E	E	E	L	-	-	E	L	L	L	-	-	-
E	E	E	E	E	-	-	E	E	E	-	-	E	E	L	-	-	-	-	-	-	-	E	E	E	L	L	-
-	-	E	E	E	-	-	E	E	E	L	-	-	E	E	-	-	L	L	-	-	E	E	-	-	E	E	L
-	-	-	-	-	-	-	-	-	-	-	E	E	-	-	-	-	E	E	-	-	-	-	-	-	-	E	L
Objective 0: 5835
Objective 1: 82
Constr violation: -1
Restrictions violated:
0 0 0 0 0 0 0 1 

Individual 23
1	2	3	4	5	6	7	8	9	10	11	12	13	14	15	16	17	18	19	20	21	22	23	24	25	26	27	28
E	L	L	L	-	-	-	-	-	-	L	L	L	L	L	-	-	E	E	L	-	-	L	L	L	L	-	-
E	E	E	E	E	-	-	-	E	E	E	-	-	-	-	-	-	E	E	E	-	-	-	E	E	E	E	E
E	L	L	L	L	-	-	E	E	E	L	-	-	-	-	-	-	L	L	L	-	-	E	E	-	-	L	L
E	-	-	-	E	E	E	-	-	E	L	L	-	-	E	E	E	E	-	-	-	L	L	-	-	L	L	L
-	E	L	L	-	-	-	E	E	E	E	-	-	E	E	-	-	E	E	-	-	E	L	-	-	L	L	L
L	-	-	L	L	L	L	L	-	-	L	L	L	-	-	L	L	-	-	-	-	L	L	L	L	L	-	-
L	L	L	-	-	-	E	L	L	L	L	-	-	-	E	E	E	E	-	-	-	E	L	L	L	-	-	-
E	E	E	E	E	-	-	E	E	E	-	-	E	E	L	-	-	-	-	-	-	-	E	E	E	L	L	-
-	-	E	E	E	-	-	E	E	E	L	-	-	E	E	-	-	L	L	-	-	E	E	-	-	E	E	L
-	-	-	-	-	-	-	-	-	-	-	E	E	-	-	-	-	E	E	-	-	-	-	-	-	-	E	L
Objective 0: 6028
Objective 1: 88
Constr violation: -1
Restrictions violated:
0 0 0 0 0 0 0 1 

Individual 24
1	2	3	4	5	6	7	8	9	10	11	12	13	14	15	16	17	18	19	20	21	22	23	24	25	26	27	28
E	L	L	L	-	-	-	-	-	-	L	L	L	L	L	-	-	E	E	L	-	-	L	L	L	L	-	-
E	E	E	E	E	-	-	-	E	E	E	-	-	-	-	-	-	E	E	E	-	-	-	E	E	E	E	E
E	E	L	L	L	-	-	E	L	L	L	-	-	-	-	-	-	L	L	-	-	-	E	E	E	E	L	-
L	-	-	-	-	-	-	L	L	L	L	L	-	-	E	E	-	-	E	L	L	-	-	E	E	L	L	L
-	E	L	L	-	-	-	E	E	E	E	-	-	E	E	-	-	E	E	-	-	E	L	-	-	L	L	L
L	-	-	L	L	L	L	L	-	-	L	L	L	-	-	L	L	-	-	-	-	L	L	L	L	L	-	-
L	L	L	-	-	-	E	L	L	L	L	-	-	-	E	E	E	E	L	-	-	E	L	L	L	-	-	-
E	E	E	E	E	-	-	E	E	E	-	-	E	E	L	-	-	-	-	-	-	-	E	E	E	L	L	-
-	-	E	E	E	-	-	E	E	E	L	-	-	E	E	-	-	L	L	-	-	E	E	-	-	E	E	L
E	E	L	L	-	-	-	-	E	E	-	-	E	L	L	-	-	E	E	L	L	-	-	-	-	E	E	L
Objective 0: 5029
Objective 1: 86
Constr violation: -1
Restrictions violated:
0 0 0 0 0 0 1 0 

Individual 25
1	2	3	4	5	6	7	8	9	10	11	12	13	14	15	16	17	18	19	20	21	22	23	24	25	26	27	28
E	L	L	L	-	-	-	L	L	L	L	L	-	-	E	E	E	E	E	-	-	-	L	L	L	L	-	-
E	E	E	E	E	-	-	E	E	E	E	-	-	E	E	-	-	E	E	-	-	-	-	E	E	E	E	E
E	E	L	L	L	-	-	E	E	E	E	E	-	-	-	-	-	L	L	L	-	-	E	E	E	E	L	-
E	-	-	-	E	E	E	-	-	E	L	L	-	-	E	E	E	E	-	-	-	L	L	-	-	L	L	L
-	E	L	L	-	-	-	E	E	E	E	-	-	E	E	-	-	E	E	-	-	E	L	-	-	L	L	L
L	-	-	L	L	L	L	L	-	-	L	L	L	-	-	L	L	-	-	-	-	L	L	L	L	L	-	-
L	L	L	-	-	-	E	L	L	L	L	-	-	-	E	E	E	E	L	-	-	E	L	L	L	-	-	-
E	E	E	E	E	-	-	E	E	E	-	-	E	E	L	-	-	-	-	-	-	-	E	E	E	L	L	-
-	-	E	E	E	-	-	E	E	E	L	-	-	E	E	-	-	L	L	-	-	E	E	-	-	E	E	L
-	-	-	-	-	-	-	-	-	-	-	E	E	-	-	-	-	E	E	-	-	-	-	-	-	-	E	L
Objective 0: 5631
Objective 1: 74
Constr violation: -1
Restrictions violated:
0 0 0 0 0 0 0 1 

Individual 26
1	2	3	4	5	6	7	8	9	10	11	12	13	14	15	16	17	18	19	20	21	22	23	24	25	26	27	28
E	L	L	L	-	-	-	E	E	E	L	L	-	-	E	E	E	E	E	-	-	-	L	L	L	-	-	L
E	E	E	E	E	-	-	E	E	E	E	-	-	E	E	-	-	E	E	-	-	E	E	E	E	-	-	E
E	L	L	L	L	-	-	E	L	L	L	-	-	-	-	-	-	L	L	-	-	-	E	E	E	E	L	-
L	-	-	-	E	E	E	-	-	E	L	L	-	-	E	E	E	E	-	-	-	L	L	-	-	L	L	L
-	E	L	L	-	-	-	E	E	E	E	-	-	E	E	-	-	E	E	-	-	E	L	-	-	L	L	L
L	-	-	L	L	L	L	L	-	-	L	L	L	-	-	L	L	-	-	-	-	L	L	L	L	L	-	-
L	L	L	-	-	-	E	L	L	L	L	-	-	-	E	E	E	E	-	-	-	E	L	L	L	-	-	-
E	E	E	E	E	-	-	E	E	E	-	-	E	E	L	-	-	-	-	-	-	-	E	E	E	L	L	-
-	-	E	E	E	-	-	E	E	E	L	-	-	E	E	-	-	L	L	-	-	E	E	-	-	E	E	L
E	E	L	L	-	-	-	-	E	E	-	-	E	L	L	-	-	E	E	L	L	-	-	-	-	E	E	L
Objective 0: 5638
Objective 1: 91
Constr violation: -1
Restrictions violated:
0 0 0 0 0 0 1 0 

Individual 27
1	2	3	4	5	6	7	8	9	10	11	12	13	14	15	16	17	18	19	20	21	22	23	24	25	26	27	28
E	L	L	L	-	-	-	E	E	E	L	L	-	-	E	E	E	E	E	-	-	-	L	L	L	-	-	L
E	E	E	E	E	-	-	E	E	E	E	-	-	E	E	-	-	E	E	-	-	E	E	E	E	-	-	E
E	E	L	L	L	-	-	E	E	E	E	E	-	-	-	-	-	L	L	-	-	E	E	E	-	-	L	L
E	-	-	E	E	E	E	-	-	E	L	L	-	-	E	E	E	E	-	-	-	-	-	E	E	L	L	L
-	E	L	L	-	-	-	E	E	E	E	-	-	E	E	-	-	E	E	-	-	E	L	-	-	L	L	L
L	-	-	L	L	L	L	L	-	-	L	L	L	-	-	L	L	-	-	-	-	L	L	L	L	L	-	-
L	L	L	-	-	-	E	L	L	L	L	-	-	-	E	E	E	E	L	-	-	E	L	L	L	-	-	-
E	E	E	E	E	-	-	E	E	E	-	-	E	E	L	-	-	-	-	-	-	-	E	E	E	L	L	-
-	-	E	E	E	-	-	E	E	E	L	-	-	E	E	-	-	L	L	-	-	E	E	-	-	E	E	L
-	-	-	-	-	-	-	-	-	-	-	E	E	-	-	-	-	E	E	-	-	-	-	-	-	-	E	L
Objective 0: 6338
Objective 1: 81
Constr violation: -1
Restrictions violated:
0 0 0 0 0 0 0 1 

Individual 28
1	2	3	4	5	6	7	8	9	10	11	12	13	14	15	16	17	18	19	20	21	22	23	24	25	26	27	28
E	L	L	L	-	-	-	L	L	L	L	L	-	-	E	E	E	E	E	-	-	-	L	L	L	L	-	-
E	E	E	E	E	-	-	E	E	E	E	-	-	E	E	-	-	E	E	-	-	-	-	E	E	E	E	E
E	E	L	L	L	-	-	E	E	E	E	E	-	-	-	-	-	L	L	L	-	-	E	E	E	E	L	-
E	-	-	-	E	E	E	-	-	E	L	L	-	-	E	E	E	E	-	-	-	L	L	-	-	L	L	L
-	E	L	L	-	-	-	E	E	E	E	-	-	E	E	-	-	E	E	-	-	E	L	-	-	L	L	L
L	-	-	L	L	L	L	L	-	-	L	L	L	-	-	L	L	-	-	-	-	L	L	L	L	L	-	-
L	L	L	-	-	-	E	L	L	L	L	-	-	-	E	E	E	E	L	-	-	E	L	L	L	-	-	-
E	E	E	E	E	-	-	E	E	E	-	-	E	E	L	-	-	-	-	-	-	-	E	E	E	L	L	-
-	-	E	E	E	-	-	E	E	E	L	-	-	E	E	-	-	L	L	-	-	E	E	-	-	E	E	L
-	-	-	-	-	-	-	-	-	-	-	E	E	-	-	-	-	E	E	-	-	-	-	-	-	-	E	L
Objective 0: 5631
Objective 1: 74
Constr violation: -1
Restrictions violated:
0 0 0 0 0 0 0 1 

Individual 29
1	2	3	4	5	6	7	8	9	10	11	12	13	14	15	16	17	18	19	20	21	22	23	24	25	26	27	28
E	L	L	L	-	-	-	-	-	-	L	L	L	L	L	-	-	E	E	L	-	-	L	L	L	L	-	-
E	E	E	E	E	-	-	E	E	E	E	-	-	E	E	-	-	E	E	-	-	E	E	E	E	-	-	E
E	L	L	L	L	-	-	E	E	E	E	E	-	-	-	-	-	L	L	L	-	-	E	E	E	E	L	-
L	-	-	E	E	-	-	L	L	L	L	L	-	-	E	E	-	-	E	L	L	-	-	E	E	L	L	L
-	E	L	L	-	-	-	E	E	E	E	-	-	E	E	-	-	E	E	-	-	E	L	-	-	L	L	L
L	-	-	L	L	L	L	L	-	-	L	L	L	-	-	L	L	-	-	-	-	L	L	L	L	L	-	-
L	L	L	-	-	-	E	L	L	L	L	-	-	-	E	E	E	E	L	-	-	E	L	L	L	-	-	-
E	E	E	E	E	-	-	E	E	E	-	-	E	E	L	-	-	-	-	-	-	-	E	E	E	L	L	-
-	-	E	E	E	-	-	E	E	E	L	-	-	E	E	-	-	L	L	-	-	E	E	-	-	E	E	L
E	E	L	L	-	-	-	-	E	E	-	-	E	L	L	-	-	E	E	L	-	-	L	L	-	-	E	L
Objective 0: 5136
Objective 1: 86
Constr violation: -1
Restrictions violated:
0 0 0 0 0 0 1 0 

Individual 30
1	2	3	4	5	6	7	8	9	10	11	12	13	14	15	16	17	18	19	20	21	22	23	24	25	26	27	28
E	L	L	L	-	-	-	L	L	L	L	L	-	-	L	L	-	-	E	L	-	-	L	L	L	L	-	-
E	E	E	E	E	-	-	E	E	E	E	-	-	E	E	-	-	E	E	-	-	-	-	E	E	E	E	E
E	L	L	L	L	-	-	E	E	E	E	E	-	-	-	-	-	L	L	L	-	-	E	E	E	E	L	-
L	-	-	E	E	-	-	L	L	L	L	L	-	-	E	E	-	-	E	L	L	-	-	E	E	L	L	L
-	E	L	L	-	-	-	E	E	E	E	-	-	E	E	-	-	E	E	-	-	E	L	-	-	L	L	L
L	-	-	L	L	L	L	L	-	-	L	L	L	-	-	L	L	-	-	-	-	L	L	L	L	L	-	-
L	L	L	-	-	-	E	L	L	L	L	-	-	-	E	E	E	E	L	-	-	E	L	L	L	-	-	-
E	E	E	E	E	-	-	E	E	E	-	-	E	E	L	-	-	-	-	-	-	-	E	E	E	L	L	-
-	-	E	E	E	-	-	E	E	E	L	-	-	E	E	-	-	L	L	-	-	E	E	-	-	E	E	L
E	E	L	L	-	-	-	-	E	E	-	-	E	L	L	-	-	E	E	L	L	-	-	-	-	E	E	L
Objective 0: 4834
Objective 1: 80
Constr violation: -1
Restrictions violated:
0 0 0 0 0 0 1 0 

Individual 31
1	2	3	4	5	6	7	8	9	10	11	12	13	14	15	16	17	18	19	20	21	22	23	24	25	26	27	28
E	L	L	L	-	-	-	-	-	-	L	L	L	L	L	-	-	E	E	L	-	-	L	L	L	L	-	-
E	E	E	E	E	-	-	-	E	E	E	-	-	-	-	-	-	E	E	E	-	-	-	E	E	E	E	E
E	L	L	L	L	-	-	E	L	L	L	-	-	-	-	-	-	L	L	-	-	-	E	E	E	E	L	-
E	-	-	-	-	-	-	L	L	L	L	L	-	-	E	E	-	-	E	L	L	-	-	E	E	L	L	L
-	E	L	L	-	-	-	E	E	E	E	-	-	E	E	-	-	E	E	-	-	E	L	-	-	L	L	L
L	-	-	L	L	L	L	L	-	-	L	L	L	-	-	L	L	-	-	-	-	L	L	L	L	L	-	-
L	L	L	-	-	-	E	L	L	L	L	-	-	-	E	E	E	E	-	-	-	E	L	L	L	-	-	-
E	E	E	E	E	-	-	E	E	E	-	-	E	E	L	-	-	-	-	-	-	-	E	E	E	L	L	-
-	-	E	E	E	-	-	E	E	E	L	-	-	E	E	-	-	L	L	-	-	E	E	-	-	E	E	L
-	-	-	-	-	-	-	-	-	-	-	E	E	-	-	-	-	E	E	-	-	-	-	-	-	-	E	L
Objective 0: 5523
Objective 1: 90
Constr violation: -1
Restrictions violated:
0 0 0 0 0 0 0 1 

Individual 32
1	2	3	4	5	6	7	8	9	10	11	12	13	14	15	16	17	18	19	20	21	22	23	24	25	26	27	28
E	L	L	L	-	-	-	-	-	-	L	L	L	L	L	-	-	E	E	L	-	-	L	L	L	L	-	-
E	E	E	E	E	-	-	E	E	E	E	-	-	E	E	-	-	E	E	-	-	-	-	E	E	E	E	E
E	E	L	L	L	-	-	E	E	E	E	E	-	-	-	-	-	L	L	L	-	-	E	E	E	E	L	-
E	-	-	E	E	-	-	L	L	L	L	L	-	-	E	E	-	-	E	L	L	L	L	-	-	L	L	L
-	E	L	L	-	-	-	E	E	E	E	-	-	E	E	-	-	E	E	-	-	E	L	-	-	L	L	L
L	-	-	L	L	L	L	L	-	-	L	L	L	-	-	L	L	-	-	-	-	L	L	L	L	L	-	-
L	L	L	-	-	-	E	L	L	L	L	-	-	-	E	E	E	E	L	-	-	E	L	L	L	-	-	-
E	E	E	E	E	-	-	E	E	E	-	-	E	E	L	-	-	-	-	-	-	-	E	E	E	L	L	-
-	-	E	E	E	-	-	E	E	E	L	-	-	E	E	-	-	L	L	-	-	E	E	-	-	E	E	L
E	E	L	-	-	-	-	-	-	-	-	E	E	L	L	-	-	E	E	-	-	-	-	-	-	E	E	L
Objective 0: 5233
Objective 1: 82
Constr violation: -1
Restrictions violated:
0 0 0 0 0 0 0 1 

Individual 33
1	2	3	4	5	6	7	8	9	10	11	12	13	14	15	16	17	18	19	20	21	22	23	24	25	26	27	28
E	L	L	L	-	-	-	L	L	L	L	L	-	-	E	E	E	E	E	-	-	-	L	L	L	L	-	-
E	E	E	E	E	-	-	E	E	E	E	-	-	E	E	-	-	E	E	-	-	-	-	E	E	E	E	E
E	E	L	L	L	-	-	E	E	E	E	E	-	-	-	-	-	L	L	L	-	-	E	E	E	E	L	-
E	-	-	-	E	E	E	-	-	E	L	L	-	-	E	E	E	E	-	-	-	L	L	-	-	L	L	L
-	E	L	L	-	-	-	E	E	E	E	-	-	E	E	-	-	E	E	-	-	E	L	-	-	L	L	L
L	-	-	L	L	L	L	L	-	-	L	L	L	-	-	L	L	-	-	-	-	L	L	L	L	L	-	-
L	L	L	-	-	-	E	L	L	L	L	-	-	-	E	E	E	E	L	-	-	E	L	L	L	-	-	-
E	E	E	E	E	-	-	E	E	E	-	-	E	E	L	-	-	-	-	-	-	-	E	E	E	L	L	-
-	-	E	E	E	-	-	E	E	E	L	-	-	E	E	-	-	L	L	-	-	E	E	-	-	E	E	L
E	E	L	L	-	-	-	-	E	E	-	-	E	L	L	-	-	E	E	L	L	-	-	-	-	E	E	L
Objective 0: 5237
Objective 1: 76
Constr violation: -1
Restrictions violated:
0 0 0 0 0 0 1 0 

Individual 34
1	2	3	4	5	6	7	8	9	10	11	12	13	14	15	16	17	18	19	20	21	22	23	24	25	26	27	28
E	L	L	L	-	-	-	L	L	L	L	L	-	-	E	E	E	E	E	-	-	-	L	L	L	L	-	-
E	E	E	E	E	-	-	E	E	E	E	-	-	E	E	-	-	E	E	-	-	-	-	E	E	E	E	E
E	E	L	L	L	-	-	E	E	E	E	E	-	-	-	-	-	L	L	L	-	-	E	E	E	E	L	-
L	-	-	E	E	-	-	L	L	L	L	L	-	-	E	E	-	-	E	L	L	-	-	E	E	L	L	L
-	E	L	L	-	-	-	E	E	E	E	-	-	E	E	-	-	E	E	-	-	E	L	-	-	L	L	L
L	-	-	L	L	L	L	L	-	-	L	L	L	-	-	L	L	-	-	-	-	L	L	L	L	L	-	-
L	L	L	-	-	-	E	L	L	L	L	-	-	-	E	E	E	E	L	-	-	E	L	L	L	-	-	-
E	E	E	E	E	-	-	E	E	E	-	-	E	E	L	-	-	-	-	-	-	-	E	E	E	L	L	-
-	-	E	E	E	-	-	E	E	E	L	-	-	E	E	-	-	L	L	-	-	E	E	-	-	E	E	L
E	E	L	L	-	-	-	-	E	E	-	-	E	L	L	-	-	E	E	L	-	-	L	L	-	-	E	L
Objective 0: 5239
Objective 1: 77
Constr violation: -1
Restrictions violated:
0 0 0 0 0 0 1 0 

Individual 35
1	2	3	4	5	6	7	8	9	10	11	12	13	14	15	16	17	18	19	20	21	22	23	24	25	26	27	28
E	L	L	L	-	-	-	L	L	L	L	L	-	-	E	E	E	E	E	-	-	-	L	L	L	L	-	-
E	E	E	E	E	-	-	E	E	E	E	-	-	E	E	-	-	E	E	-	-	-	-	E	E	E	E	E
E	E	L	L	L	-	-	E	E	E	E	E	-	-	-	-	-	L	L	L	-	-	E	E	E	E	L	-
E	-	-	-	E	E	E	-	-	E	L	L	-	-	E	E	E	E	-	-	-	-	-	E	E	L	L	L
-	E	L	L	-	-	-	E	E	E	E	-	-	E	E	-	-	E	E	-	-	E	L	-	-	L	L	L
L	-	-	L	L	L	L	L	-	-	L	L	L	-	-	L	L	-	-	-	-	L	L	L	L	L	-	-
L	L	L	-	-	-	E	L	L	L	L	-	-	-	E	E	E	E	L	-	-	E	L	L	L	-	-	-
E	E	E	E	E	-	-	E	E	E	-	-	E	E	L	-	-	-	-	-	-	-	E	E	E	L	L	-
-	-	E	E	E	-	-	E	E	E	L	-	-	E	E	-	-	L	L	-	-	E	E	-	-	E	E	L
-	-	-	-	-	-	-	-	-	-	-	E	E	L	L	-	-	E	E	-	-	-	L	L	-	-	E	L
Objective 0: 5332
Objective 1: 75
Constr violation: -1
Restrictions violated:
0 0 0 0 0 0 0 1 

Individual 36
1	2	3	4	5	6	7	8	9	10	11	12	13	14	15	16	17	18	19	20	21	22	23	24	25	26	27	28
E	L	L	L	-	-	-	L	L	L	L	L	-	-	L	L	-	-	E	L	-	-	L	L	L	L	-	-
E	E	E	E	E	-	-	E	E	E	E	-	-	E	E	-	-	E	E	-	-	-	-	E	E	E	E	E
E	L	L	L	L	-	-	E	E	E	E	E	-	-	-	-	-	L	L	L	-	-	E	E	E	E	L	-
L	-	-	E	E	-	-	L	L	L	L	L	-	-	E	E	-	-	E	L	L	-	-	E	E	L	L	L
-	E	L	L	-	-	-	E	E	E	E	-	-	E	E	-	-	E	E	-	-	E	L	-	-	L	L	L
L	-	-	L	L	L	L	L	-	-	L	L	L	-	-	L	L	-	-	-	-	L	L	L	L	L	-	-
L	L	L	-	-	-	E	L	L	L	L	-	-	-	E	E	E	E	L	-	-	E	L	L	L	-	-	-
E	E	E	E	E	-	-	E	E	E	-	-	E	E	L	-	-	-	-	-	-	-	E	E	E	L	L	-
-	-	E	E	E	-	-	E	E	E	L	-	-	E	E	-	-	L	L	-	-	E	E	-	-	E	E	L
E	E	L	L	-	-	-	-	E	E	-	-	E	L	L	-	-	E	E	L	L	-	-	-	-	E	E	L
Objective 0: 4834
Objective 1: 80
Constr violation: -1
Restrictions violated:
0 0 0 0 0 0 1 0 

Individual 37
1	2	3	4	5	6	7	8	9	10	11	12	13	14	15	16	17	18	19	20	21	22	23	24	25	26	27	28
E	L	L	L	-	-	-	L	L	L	L	L	-	-	E	E	E	E	E	-	-	-	L	L	L	L	-	-
E	E	E	E	E	-	-	E	E	E	E	-	-	E	E	-	-	E	E	-	-	-	-	E	E	E	E	E
E	E	L	L	L	-	-	E	E	E	E	E	-	-	-	-	-	L	L	L	-	-	E	E	E	E	L	-
L	-	-	E	E	-	-	L	L	L	L	L	-	-	E	E	-	-	E	L	L	L	L	-	-	L	L	L
-	E	L	L	-	-	-	E	E	E	E	-	-	E	E	-	-	E	E	-	-	E	L	-	-	L	L	L
L	-	-	L	L	L	L	L	-	-	L	L	L	-	-	L	L	-	-	-	-	L	L	L	L	L	-	-
L	L	L	-	-	-	E	L	L	L	L	-	-	-	E	E	E	E	L	-	-	E	L	L	L	-	-	-
E	E	E	E	E	-	-	E	E	E	-	-	E	E	L	-	-	-	-	-	-	-	E	E	E	L	L	-
-	-	E	E	E	-	-	E	E	E	L	-	-	E	E	-	-	L	L	-	-	E	E	-	-	E	E	L
E	E	L	L	-	-	-	-	E	E	-	-	E	L	L	-	-	E	E	L	L	-	-	-	-	E	E	L
Objective 0: 5138
Objective 1: 78
Constr violation: -1
Restrictions violated:
0 0 0 0 0 0 1 0 

Individual 38
1	2	3	4	5	6	7	8	9	10	11	12	13	14	15	16	17	18	19	20	21	22	23	24	25	26	27	28
E	L	L	L	-	-	-	E	E	E	L	L	-	-	E	E	E	E	E	-	-	-	L	L	L	-	-	L
E	E	E	E	E	-	-	E	E	E	E	-	-	E	E	-	-	E	E	-	-	E	E	E	E	-	-	E
E	E	L	L	L	-	-	E	E	E	E	E	-	-	-	-	-	L	L	-	-	E	E	E	-	-	L	L
E	-	-	E	E	-	-	L	L	L	L	L	-	-	E	E	-	-	E	L	L	L	L	-	-	L	L	L
-	E	L	L	-	-	-	E	E	E	E	-	-	E	E	-	-	E	E	-	-	E	L	-	-	L	L	L
L	-	-	L	L	L	L	L	-	-	L	L	L	-	-	L	L	-	-	-	-	L	L	L	L	L	-	-
L	L	L	-	-	-	E	L	L	L	L	-	-	-	E	E	E	E	L	-	-	E	L	L	L	-	-	-
E	E	E	E	E	-	-	E	E	E	-	-	E	E	L	-	-	-	-	-	-	-	E	E	E	L	L	-
-	-	E	E	E	-	-	E	E	E	L	-	-	E	E	-	-	L	L	-	-	E	E	-	-	E	E	L
E	E	L	L	-	-	-	-	E	E	-	-	E	L	L	-	-	E	E	L	-	-	L	L	-	-	E	L
Objective 0: 6046
Objective 1: 86
Constr violation: -1
Restrictions violated:
0 0 0 0 0 0 1 0 

Individual 39
1	2	3	4	5	6	7	8	9	10	11	12	13	14	15	16	17	18	19	20	21	22	23	24	25	26	27	28
E	L	L	L	-	-	-	-	-	-	L	L	L	L	L	-	-	E	E	L	-	-	L	L	L	L	-	-
E	E	E	E	E	-	-	-	E	E	E	-	-	-	-	-	-	E	E	E	-	-	-	E	E	E	E	E
E	L	L	L	L	-	-	E	L	L	L	-	-	-	-	-	-	L	L	L	-	-	E	E	-	-	L	L
L	-	-	-	-	-	-	L	L	L	L	L	-	-	E	E	-	-	E	L	L	L	L	-	-	L	L	L
-	E	L	L	-	-	-	E	E	E	E	-	-	E	E	-	-	E	E	-	-	E	L	-	-	L	L	L
L	-	-	L	L	L	L	L	-	-	L	L	L	-	-	L	L	-	-	-	-	L	L	L	L	L	-	-
L	L	L	-	-	-	E	L	L	L	L	-	-	-	E	E	E	E	-	-	-	E	L	L	L	-	-	-
E	E	E	E	E	-	-	E	E	E	-	-	E	E	L	-	-	-	-	-	-	-	E	E	E	L	L	-
-	-	E	E	E	-	-	E	E	E	L	-	-	E	E	-	-	L	L	-	-	E	E	-	-	E	E	L
-	-	-	-	-	-	-	-	-	-	-	E	E	-	-	-	-	E	E	-	-	-	-	-	-	-	E	L
Objective 0: 5624
Objective 1: 93
Constr violation: -1
Restrictions violated:
0 0 0 0 0 0 0 1 

Individual 40
1	2	3	4	5	6	7	8	9	10	11	12	13	14	15	16	17	18	19	20	21	22	23	24	25	26	27	28
E	L	L	L	-	-	-	-	-	-	L	L	L	L	L	-	-	E	E	L	-	-	L	L	L	L	-	-
E	E	E	E	E	-	-	-	E	E	E	-	-	-	-	-	-	E	E	E	-	-	-	E	E	E	E	E
E	L	L	L	L	-	-	E	L	L	L	-	-	-	-	-	-	L	L	-	-	-	E	E	E	E	L	-
L	-	-	-	-	-	-	L	L	L	L	L	-	-	E	E	-	-	E	L	L	-	-	E	E	L	L	L
-	E	L	L	-	-	-	E	E	E	E	-	-	E	E	-	-	E	E	-	-	E	L	-	-	L	L	L
L	-	-	L	L	L	L	L	-	-	L	L	L	-	-	L	L	-	-	-	-	L	L	L	L	L	-	-
L	L	L	-	-	-	E	L	L	L	L	-	-	-	E	E	E	E	L	-	-	E	L	L	L	-	-	-
E	E	E	E	E	-	-	E	E	E	-	-	E	E	L	-	-	-	-	-	-	-	E	E	E	L	L	-
-	-	E	E	E	-	-	E	E	E	L	-	-	E	E	-	-	L	L	-	-	E	E	-	-	E	E	L
-	-	-	-	-	-	-	-	-	-	-	E	E	L	L	-	-	E	E	-	-	-	-	-	-	E	E	L
Objective 0: 5022
Objective 1: 89
Constr violation: -1
Restrictions violated:
0 0 0 0 0 0 0 1 

Individual 41
1	2	3	4	5	6	7	8	9	10	11	12	13	14	15	16	17	18	19	20	21	22	23	24	25	26	27	28
E	L	L	L	-	-	-	E	E	E	L	L	-	-	E	E	-	-	E	L	-	-	L	L	L	-	-	-
E	E	E	E	E	-	-	-	E	E	E	-	-	-	-	-	-	E	E	E	-	-	-	E	E	E	E	E
E	L	L	L	L	-	-	E	L	L	L	-	-	-	-	-	-	L	L	-	-	-	E	E	E	E	L	-
L	-	-	-	E	E	E	-	-	E	L	L	-	-	E	E	E	E	-	-	-	L	L	-	-	L	L	L
-	E	L	L	-	-	-	E	E	E	E	-	-	E	E	-	-	E	E	-	-	E	L	-	-	L	L	L
L	-	-	L	L	L	L	L	-	-	L	L	L	-	-	L	L	-	-	-	-	L	L	L	L	L	-	-
L	L	L	-	-	-	E	L	L	L	L	-	-	-	E	E	E	E	-	-	-	E	L	L	L	-	-	-
E	E	E	E	E	-	-	E	E	E	-	-	E	E	L	-	-	-	-	-	-	-	E	E	E	L	L	-
-	-	E	E	E	-	-	E	E	E	L	-	-	E	E	-	-	L	L	-	-	E	E	-	-	E	E	L
-	-	-	-	-	-	-	-	-	-	-	E	E	-	-	-	-	E	E	-	-	-	-	-	-	-	E	L
Objective 0: 5927
Objective 1: 89
Constr violation: -1
Restrictions violated:
0 0 0 0 0 0 0 1 

Individual 42
1	2	3	4	5	6	7	8	9	10	11	12	13	14	15	16	17	18	19	20	21	22	23	24	25	26	27	28
E	L	L	L	-	-	-	-	-	-	L	L	L	L	L	-	-	E	E	L	-	-	L	L	L	L	-	-
E	E	E	E	E	-	-	-	E	E	E	-	-	-	-	-	-	E	E	E	-	-	-	E	E	E	E	E
E	L	L	L	L	-	-	E	L	L	L	-	-	-	-	-	-	L	L	-	-	-	E	E	E	E	L	-
L	-	-	-	-	-	-	L	L	L	L	L	-	-	E	E	-	-	E	L	L	-	-	E	E	L	L	L
-	E	L	L	-	-	-	E	E	E	E	-	-	E	E	-	-	E	E	-	-	E	L	-	-	L	L	L
L	-	-	L	L	L	L	L	-	-	L	L	L	-	-	L	L	-	-	-	-	L	L	L	L	L	-	-
L	L	L	-	-	-	E	L	L	L	L	-	-	-	E	E	E	E	-	-	-	E	L	L	L	-	-	-
E	E	E	E	E	-	-	E	E	E	-	-	E	E	L	-	-	-	-	-	-	-	E	E	E	L	L	-
-	-	E	E	E	-	-	E	E	E	L	-	-	E	E	-	-	L	L	-	-	E	E	-	-	E	E	L
-	-	-	-	-	-	-	-	-	-	-	E	E	-	-	-	-	E	E	-	-	-	-	-	-	-	E	L
Objective 0: 5422
Objective 1: 90
Constr violation: -1
Restrictions violated:
0 0 0 0 0 0 0 1 

Individual 43
1	2	3	4	5	6	7	8	9	10	11	12	13	14	15	16	17	18	19	20	21	22	23	24	25	26	27	28
E	L	L	L	-	-	-	E	E	E	L	L	-	-	E	E	E	E	E	-	-	-	L	L	L	-	-	L
E	E	E	E	E	-	-	E	E	E	E	-	-	E	E	-	-	E	E	-	-	E	E	E	E	-	-	E
E	E	L	L	L	-	-	E	E	E	E	E	-	-	-	-	-	L	L	-	-	E	E	E	-	-	L	L
E	-	-	E	E	E	E	-	-	E	L	L	-	-	E	E	E	E	-	-	-	-	-	E	E	L	L	L
-	E	L	L	-	-	-	E	E	E	E	-	-	E	E	-	-	E	E	-	-	E	L	-	-	L	L	L
L	-	-	L	L	L	L	L	-	-	L	L	L	-	-	L	L	-	-	-	-	L	L	L	L	L	-	-
L	L	L	-	-	-	E	L	L	L	L	-	-	-	E	E	E	E	L	-	-	E	L	L	L	-	-	-
E	E	E	E	E	-	-	E	E	E	-	-	E	E	L	-	-	-	-	-	-	-	E	E	E	L	L	-
-	-	E	E	E	-	-	E	E	E	L	-	-	E	E	-	-	L	L	-	-	E	E	-	-	E	E	L
E	E	L	L	-	-	-	-	E	E	-	-	E	L	L	-	-	E	E	L	L	-	-	-	-	E	E	L
Objective 0: 5944
Objective 1: 83
Constr violation: -1
Restrictions violated:
0 0 0 0 0 0 1 0 

Individual 44
1	2	3	4	5	6	7	8	9	10	11	12	13	14	15	16	17	18	19	20	21	22	23	24	25	26	27	28
E	L	L	L	-	-	-	-	-	-	L	L	L	L	L	-	-	E	E	L	-	-	L	L	L	L	-	-
E	E	E	E	E	-	-	-	E	E	E	-	-	-	-	-	-	E	E	E	-	-	-	E	E	E	E	E
E	L	L	L	L	-	-	E	L	L	L	-	-	-	-	-	-	L	L	-	-	-	E	E	E	E	L	-
L	-	-	-	-	-	-	L	L	L	L	L	-	-	E	E	-	-	E	L	L	-	-	E	E	L	L	L
-	E	L	L	-	-	-	E	E	E	E	-	-	E	E	-	-	E	E	-	-	E	L	-	-	L	L	L
L	-	-	L	L	L	L	L	-	-	L	L	L	-	-	L	L	-	-	-	-	L	L	L	L	L	-	-
L	L	L	-	-	-	E	L	L	L	L	-	-	-	E	E	E	E	L	-	-	E	L	L	L	-	-	-
E	E	E	E	E	-	-	E	E	E	-	-	E	E	L	-	-	-	-	-	-	-	E	E	E	L	L	-
-	-	E	E	E	-	-	E	E	E	L	-	-	E	E	-	-	L	L	-	-	E	E	-	-	E	E	L
-	-	-	-	-	-	-	-	-	-	-	E	E	-	-	-	-	E	E	-	-	-	-	-	-	-	E	L
Objective 0: 5322
Objective 1: 87
Constr violation: -1
Restrictions violated:
0 0 0 0 0 0 0 1 

Individual 45
1	2	3	4	5	6	7	8	9	10	11	12	13	14	15	16	17	18	19	20	21	22	23	24	25	26	27	28
E	L	L	L	-	-	-	E	E	E	L	L	-	-	E	E	E	E	E	-	-	-	L	L	L	-	-	L
E	E	E	E	E	-	-	E	E	E	E	-	-	E	E	-	-	E	E	-	-	E	E	E	E	-	-	E
E	E	L	L	L	-	-	E	E	E	E	E	-	-	-	-	-	L	L	L	-	-	E	E	E	E	L	-
E	-	-	-	E	E	E	-	-	E	L	L	-	-	E	E	E	E	-	-	-	L	L	-	-	L	L	L
-	E	L	L	-	-	-	E	E	E	E	-	-	E	E	-	-	E	E	-	-	E	L	-	-	L	L	L
L	-	-	L	L	L	L	L	-	-	L	L	L	-	-	L	L	-	-	-	-	L	L	L	L	L	-	-
L	L	L	-	-	-	E	L	L	L	L	-	-	-	E	E	E	E	L	-	-	E	L	L	L	-	-	-
E	E	E	E	E	-	-	E	E	E	-	-	E	E	L	-	-	-	-	-	-	-	E	E	E	L	L	-
-	-	E	E	E	-	-	E	E	E	L	-	-	E	E	-	-	L	L	-	-	E	E	-	-	E	E	L
-	-	-	-	-	-	-	-	-	-	-	E	E	-	-	-	-	E	E	-	-	-	-	-	-	-	E	L
Objective 0: 6136
Objective 1: 80
Constr violation: -1
Restrictions violated:
0 0 0 0 0 0 0 1 

Individual 46
1	2	3	4	5	6	7	8	9	10	11	12	13	14	15	16	17	18	19	20	21	22	23	24	25	26	27	28
E	L	L	L	-	-	-	-	-	-	L	L	L	L	L	-	-	E	E	L	-	-	L	L	L	L	-	-
E	E	E	E	E	-	-	-	E	E	E	-	-	-	-	-	-	E	E	E	-	-	-	E	E	E	E	E
E	L	L	L	L	-	-	E	L	L	L	-	-	-	-	-	-	L	L	L	-	-	E	E	-	-	L	L
L	-	-	-	-	-	-	L	L	L	L	L	-	-	E	E	-	-	E	L	L	L	L	-	-	L	L	L
-	E	L	L	-	-	-	E	E	E	E	-	-	E	E	-	-	E	E	-	-	E	L	-	-	L	L	L
L	-	-	L	L	L	L	L	-	-	L	L	L	-	-	L	L	-	-	-	-	L	L	L	L	L	-	-
L	L	L	-	-	-	E	L	L	L	L	-	-	-	E	E	E	E	L	-	-	E	L	L	L	-	-	-
E	E	E	E	E	-	-	E	E	E	-	-	E	E	L	-	-	-	-	-	-	-	E	E	E	L	L	-
-	-	E	E	E	-	-	E	E	E	L	-	-	E	E	-	-	L	L	-	-	E	E	-	-	E	E	L
E	E	L	L	-	-	-	-	E	E	-	-	E	L	L	-	-	E	E	L	-	-	L	L	-	-	E	L
Objective 0: 5332
Objective 1: 92
Constr violation: -1
Restrictions violated:
0 0 0 0 0 0 1 0 

Individual 47
1	2	3	4	5	6	7	8	9	10	11	12	13	14	15	16	17	18	19	20	21	22	23	24	25	26	27	28
E	L	L	L	-	-	-	L	L	L	L	L	-	-	E	E	E	E	E	-	-	-	L	L	L	L	-	-
E	E	E	E	E	-	-	E	E	E	E	-	-	E	E	-	-	E	E	-	-	-	-	E	E	E	E	E
E	E	L	L	L	-	-	E	E	E	E	E	-	-	-	-	-	L	L	L	-	-	E	E	E	E	L	-
L	-	-	-	E	E	E	-	-	E	L	L	-	-	E	E	E	E	-	-	-	-	-	E	E	L	L	L
-	E	L	L	-	-	-	E	E	E	E	-	-	E	E	-	-	E	E	-	-	E	L	-	-	L	L	L
L	-	-	L	L	L	L	L	-	-	L	L	L	-	-	L	L	-	-	-	-	L	L	L	L	L	-	-
L	L	L	-	-	-	E	L	L	L	L	-	-	-	E	E	E	E	L	-	-	E	L	L	L	-	-	-
E	E	E	E	E	-	-	E	E	E	-	-	E	E	L	-	-	-	-	-	-	-	E	E	E	L	L	-
-	-	E	E	E	-	-	E	E	E	L	-	-	E	E	-	-	L	L	-	-	E	E	-	-	E	E	L
-	-	-	-	-	-	-	-	-	-	-	E	E	-	-	-	-	E	E	-	-	-	-	-	-	-	E	L
Objective 0: 5429
Objective 1: 73
Constr violation: -1
Restrictions violated:
0 0 0 0 0 0 0 1 

Individual 48
1	2	3	4	5	6	7	8	9	10	11	12	13	14	15	16	17	18	19	20	21	22	23	24	25	26	27	28
E	L	L	L	-	-	-	-	-	-	L	L	L	L	L	-	-	E	E	L	-	-	L	L	L	L	-	-
E	E	E	E	E	-	-	-	E	E	E	-	-	-	-	-	-	E	E	E	-	-	-	E	E	E	E	E
E	L	L	L	L	-	-	E	L	L	L	-	-	-	-	-	-	L	L	L	-	-	E	E	E	E	L	-
L	-	-	-	-	-	-	L	L	L	L	L	-	-	E	E	-	-	E	L	L	-	-	E	E	L	L	L
-	E	L	L	-	-	-	E	E	E	E	-	-	E	E	-	-	E	E	-	-	E	L	-	-	L	L	L
L	-	-	L	L	L	L	L	-	-	L	L	L	-	-	L	L	-	-	-	-	L	L	L	L	L	-	-
L	L	L	-	-	-	E	L	L	L	L	-	-	-	E	E	E	E	L	-	-	E	L	L	L	-	-	-
E	E	E	E	E	-	-	E	E	E	-	-	E	E	L	-	-	-	-	-	-	-	E	E	E	L	L	-
-	-	E	E	E	-	-	E	E	E	L	-	-	E	E	-	-	L	L	-	-	E	E	-	-	E	E	L
E	E	L	L	-	-	-	-	E	E	-	-	E	L	L	-	-	E	E	L	L	-	-	-	-	E	E	L
Objective 0: 4828
Objective 1: 89
Constr violation: -1
Restrictions violated:
0 0 0 0 0 0 1 0 

Individual 49
1	2	3	4	5	6	7	8	9	10	11	12	13	14	15	16	17	18	19	20	21	22	23	24	25	26	27	28
E	L	L	L	-	-	-	E	E	E	L	L	-	-	E	E	E	E	E	-	-	-	L	L	L	-	-	L
E	E	E	E	E	-	-	E	E	E	E	-	-	E	E	-	-	E	E	-	-	E	E	E	E	-	-	E
E	E	L	L	L	-	-	E	E	E	E	E	-	-	-	-	-	L	L	-	-	E	E	E	-	-	L	L
E	-	-	E	E	E	E	-	-	E	L	L	-	-	E	E	E	E	-	-	-	L	L	-	-	L	L	L
-	E	L	L	-	-	-	E	E	E	E	-	-	E	E	-	-	E	E	-	-	E	L	-	-	L	L	L
L	-	-	L	L	L	L	L	-	-	L	L	L	-	-	L	L	-	-	-	-	L	L	L	L	L	-	-
L	L	L	-	-	-	E	L	L	L	L	-	-	-	E	E	E	E	-	-	-	E	L	L	L	-	-	-
E	E	E	E	E	-	-	E	E	E	-	-	E	E	L	-	-	-	-	-	-	-	E	E	E	L	L	-
-	-	E	E	E	-	-	E	E	E	L	-	-	E	E	-	-	L	L	-	-	E	E	-	-	E	E	L
E	E	L	L	-	-	-	-	E	E	-	-	E	L	L	-	-	E	E	L	-	-	L	L	-	-	E	L
Objective 0: 6347
Objective 1: 87
Constr violation: -1
Restrictions violated:
0 0 0 0 0 0 1 0 

Individual 50
1	2	3	4	5	6	7	8	9	10	11	12	13	14	15	16	17	18	19	20	21	22	23	24	25	26	27	28
E	L	L	L	-	-	-	-	-	-	L	L	L	L	L	-	-	E	E	L	-	-	L	L	L	L	-	-
E	E	E	E	E	-	-	-	E	E	E	-	-	-	-	-	-	E	E	E	-	-	-	E	E	E	E	E
E	L	L	L	L	-	-	E	L	L	L	-	-	-	-	-	-	L	L	L	-	-	E	E	E	E	L	-
L	-	-	-	-	-	-	L	L	L	L	L	-	-	E	E	-	-	E	L	L	-	-	E	E	L	L	L
-	E	L	L	-	-	-	E	E	E	E	-	-	E	E	-	-	E	E	-	-	E	L	-	-	L	L	L
L	-	-	L	L	L	L	L	-	-	L	L	L	-	-	L	L	-	-	-	-	L	L	L	L	L	-	-
L	L	L	-	-	-	E	L	L	L	L	-	-	-	E	E	E	E	L	-	-	E	L	L	L	-	-	-
E	E	E	E	E	-	-	E	E	E	-	-	E	E	L	-	-	-	-	-	-	-	E	E	E	L	L	-
-	-	E	E	E	-	-	E	E	E	L	-	-	E	E	-	-	L	L	-	-	E	E	-	-	E	E	L
-	-	-	-	-	-	-	-	-	-	-	E	E	-	-	-	-	E	E	-	-	-	-	-	-	E	E	L
Objective 0: 5122
Objective 1: 87
Constr violation: -1
Restrictions violated:
0 0 0 0 0 0 0 1 

Individual 51
1	2	3	4	5	6	7	8	9	10	11	12	13	14	15	16	17	18	19	20	21	22	23	24	25	26	27	28
E	L	L	L	-	-	-	E	E	E	L	L	-	-	E	E	E	E	E	-	-	-	L	L	L	-	-	L
E	E	E	E	E	-	-	E	E	E	E	-	-	E	E	-	-	E	E	-	-	E	E	E	E	-	-	E
E	E	L	L	L	-	-	E	E	E	E	E	-	-	-	-	-	L	L	L	-	-	E	E	E	E	L	-
E	-	-	E	E	-	-	L	L	L	L	L	-	-	E	E	-	-	E	L	L	L	L	-	-	L	L	L
-	E	L	L	-	-	-	E	E	E	E	-	-	E	E	-	-	E	E	-	-	E	L	-	-	L	L	L
L	-	-	L	L	L	L	L	-	-	L	L	L	-	-	L	L	-	-	-	-	L	L	L	L	L	-	-
L	L	L	-	-	-	E	L	L	L	L	-	-	-	E	E	E	E	L	-	-	E	L	L	L	-	-	-
E	E	E	E	E	-	-	E	E	E	-	-	E	E	L	-	-	-	-	-	-	-	E	E	E	L	L	-
-	-	E	E	E	-	-	E	E	E	L	-	-	E	E	-	-	L	L	-	-	E	E	-	-	E	E	L
E	E	L	L	-	-	-	-	E	E	-	-	E	L	L	-	-	E	E	L	L	-	-	-	-	E	E	L
Objective 0: 5542
Objective 1: 84
Constr violation: -1
Restrictions violated:
0 0 0 0 0 0 1 0 

Individual 52
1	2	3	4	5	6	7	8	9	10	11	12	13	14	15	16	17	18	19	20	21	22	23	24	25	26	27	28
E	L	L	L	-	-	-	E	E	E	L	L	-	-	E	E	E	E	E	-	-	-	L	L	L	-	-	L
E	E	E	E	E	-	-	E	E	E	E	-	-	E	E	-	-	E	E	-	-	E	E	E	E	-	-	E
E	E	L	L	L	-	-	E	E	E	E	E	-	-	-	-	-	L	L	-	-	E	E	E	-	-	L	L
E	-	-	E	E	E	E	-	-	E	L	L	-	-	E	E	E	E	-	-	-	-	-	E	E	L	L	L
-	E	L	L	-	-	-	E	E	E	E	-	-	E	E	-	-	E	E	-	-	E	L	-	-	L	L	L
L	-	-	L	L	L	L	L	-	-	L	L	L	-	-	L	L	-	-	-	-	L	L	L	L	L	-	-
L	L	L	-	-	-	E	L	L	L	L	-	-	-	E	E	E	E	L	-	-	E	L	L	L	-	-	-
E	E	E	E	E	-	-	E	E	E	-	-	E	E	L	-	-	-	-	-	-	-	E	E	E	L	L	-
-	-	E	E	E	-	-	E	E	E	L	-	-	E	E	-	-	L	L	-	-	E	E	-	-	E	E	L
E	E	L	L	-	-	-	-	E	E	-	-	E	L	L	-	-	E	E	L	-	-	L	L	-	-	E	L
Objective 0: 6146
Objective 1: 83
Constr violation: -1
Restrictions violated:
0 0 0 0 0 0 1 0 

Individual 53
1	2	3	4	5	6	7	8	9	10	11	12	13	14	15	16	17	18	19	20	21	22	23	24	25	26	27	28
E	L	L	L	-	-	-	E	E	E	L	L	-	-	E	E	-	-	E	L	-	-	L	L	L	-	-	-
E	E	E	E	E	-	-	-	E	E	E	-	-	-	-	-	-	E	E	E	-	-	-	E	E	E	E	E
E	L	L	L	L	-	-	E	E	E	L	-	-	-	-	-	-	L	L	L	-	-	E	E	-	-	L	L
L	-	-	-	E	E	E	-	-	E	L	L	-	-	E	E	E	E	-	-	-	L	L	-	-	L	L	L
-	E	L	L	-	-	-	E	E	E	E	-	-	E	E	-	-	E	E	-	-	E	L	-	-	L	L	L
L	-	-	L	L	L	L	L	-	-	L	L	L	-	-	L	L	-	-	-	-	L	L	L	L	L	-	-
L	L	L	-	-	-	E	L	L	L	L	-	-	-	E	E	E	E	-	-	-	E	L	L	L	-	-	-
E	E	E	E	E	-	-	E	E	E	-	-	E	E	L	-	-	-	-	-	-	-	E	E	E	L	L	-
-	-	E	E	E	-	-	E	E	E	L	-	-	E	E	-	-	L	L	-	-	E	E	-	-	E	E	L
-	-	-	-	-	-	-	-	-	-	-	E	E	-	-	-	-	E	E	-	-	-	-	-	-	-	E	L
Objective 0: 6230
Objective 1: 88
Constr violation: -1
Restrictions violated:
0 0 0 0 0 0 0 1 

Individual 54
1	2	3	4	5	6	7	8	9	10	11	12	13	14	15	16	17	18	19	20	21	22	23	24	25	26	27	28
E	L	L	L	-	-	-	-	-	-	L	L	L	L	L	-	-	E	E	L	-	-	L	L	L	L	-	-
E	E	E	E	E	-	-	-	E	E	E	-	-	-	-	-	-	E	E	E	-	-	-	E	E	E	E	E
E	L	L	L	L	-	-	E	L	L	L	-	-	-	-	-	-	L	L	-	-	-	E	E	E	E	L	-
E	-	-	-	E	E	E	-	-	E	L	L	-	-	E	E	E	E	-	-	-	L	L	-	-	L	L	L
-	E	L	L	-	-	-	E	E	E	E	-	-	E	E	-	-	E	E	-	-	E	L	-	-	L	L	L
L	-	-	L	L	L	L	L	-	-	L	L	L	-	-	L	L	-	-	-	-	L	L	L	L	L	-	-
L	L	L	-	-	-	E	L	L	L	L	-	-	-	E	E	E	E	-	-	-	E	L	L	L	-	-	-
E	E	E	E	E	-	-	E	E	E	-	-	E	E	L	-	-	-	-	-	-	-	E	E	E	L	L	-
-	-	E	E	E	-	-	E	E	E	L	-	-	E	E	-	-	L	L	-	-	E	E	-	-	E	E	L
-	-	-	-	-	-	-	-	-	-	-	E	E	-	-	-	-	E	E	-	-	-	-	-	-	-	E	L
Objective 0: 5725
Objective 1: 89
Constr violation: -1
Restrictions violated:
0 0 0 0 0 0 0 1 

Individual 55
1	2	3	4	5	6	7	8	9	10	11	12	13	14	15	16	17	18	19	20	21	22	23	24	25	26	27	28
E	L	L	L	-	-	-	E	E	E	L	L	-	-	E	E	E	E	E	-	-	-	L	L	L	-	-	L
E	E	E	E	E	-	-	E	E	E	E	-	-	E	E	-	-	E	E	-	-	E	E	E	E	-	-	E
E	E	L	L	L	-	-	E	E	E	E	E	-	-	-	-	-	L	L	-	-	E	E	E	-	-	L	L
E	-	-	E	E	E	E	-	-	E	L	L	-	-	E	E	E	E	-	-	-	L	L	-	-	L	L	L
-	E	L	L	-	-	-	E	E	E	E	-	-	E	E	-	-	E	E	-	-	E	L	-	-	L	L	L
L	-	-	L	L	L	L	L	-	-	L	L	L	-	-	L	L	-	-	-	-	L	L	L	L	L	-	-
L	L	L	-	-	-	E	L	L	L	L	-	-	-	E	E	E	E	L	-	-	E	L	L	L	-	-	-
E	E	E	E	E	-	-	E	E	E	-	-	E	E	L	-	-	-	-	-	-	-	E	E	E	L	L	-
-	-	E	E	E	-	-	E	E	E	L	-	-	E	E	-	-	L	L	-	-	E	E	-	-	E	E	L
E	E	L	L	-	-	-	-	E	E	-	-	E	L	L	-	-	E	E	L	-	-	L	L	-	-	E	L
Objective 0: 6247
Objective 1: 84
Constr violation: -1
Restrictions violated:
0 0 0 0 0 0 1 0 

Individual 56
1	2	3	4	5	6	7	8	9	10	11	12	13	14	15	16	17	18	19	20	21	22	23	24	25	26	27	28
E	L	L	L	-	-	-	-	-	-	L	L	L	L	L	-	-	E	E	L	-	-	L	L	L	L	-	-
E	E	E	E	E	-	-	-	E	E	E	-	-	-	-	-	-	E	E	E	-	-	-	E	E	E	E	E
E	L	L	L	L	-	-	E	L	L	L	-	-	-	-	-	-	L	L	-	-	-	E	E	E	E	L	-
L	-	-	-	-	-	-	L	L	L	L	L	-	-	E	E	-	-	E	L	L	-	-	E	E	L	L	L
-	E	L	L	-	-	-	E	E	E	E	-	-	E	E	-	-	E	E	-	-	E	L	-	-	L	L	L
L	-	-	L	L	L	L	L	-	-	L	L	L	-	-	L	L	-	-	-	-	L	L	L	L	L	-	-
L	L	L	-	-	-	E	L	L	L	L	-	-	-	E	E	E	E	L	-	-	E	L	L	L	-	-	-
E	E	E	E	E	-	-	E	E	E	-	-	E	E	L	-	-	-	-	-	-	-	E	E	E	L	L	-
-	-	E	E	E	-	-	E	E	E	L	-	-	E	E	-	-	L	L	-	-	E	E	-	-	E	E	L
-	-	-	-	-	-	-	-	-	-	-	E	E	-	-	-	-	E	E	-	-	-	-	-	-	E	E	L
Objective 0: 5222
Objective 1: 87
Constr violation: -1
Restrictions violated:
0 0 0 0 0 0 0 1 

Individual 57
1	2	3	4	5	6	7	8	9	10	11	12	13	14	15	16	17	18	19	20	21	22	23	24	25	26	27	28
E	L	L	L	-	-	-	E	E	E	L	L	-	-	E	E	E	E	E	-	-	-	L	L	L	-	-	L
E	E	E	E	E	-	-	E	E	E	E	-	-	E	E	-	-	E	E	-	-	E	E	E	E	-	-	E
E	E	L	L	L	-	-	E	E	E	E	E	-	-	-	-	-	L	L	L	-	-	E	E	E	E	L	-
L	-	-	E	E	-	-	L	L	L	L	L	-	-	E	E	-	-	E	L	L	L	L	-	-	L	L	L
-	E	L	L	-	-	-	E	E	E	E	-	-	E	E	-	-	E	E	-	-	E	L	-	-	L	L	L
L	-	-	L	L	L	L	L	-	-	L	L	L	-	-	L	L	-	-	-	-	L	L	L	L	L	-	-
L	L	L	-	-	-	E	L	L	L	L	-	-	-	E	E	E	E	L	-	-	E	L	L	L	-	-	-
E	E	E	E	E	-	-	E	E	E	-	-	E	E	L	-	-	-	-	-	-	-	E	E	E	L	L	-
-	-	E	E	E	-	-	E	E	E	L	-	-	E	E	-	-	L	L	-	-	E	E	-	-	E	E	L
E	E	L	L	-	-	-	-	E	E	-	-	E	L	L	-	-	E	E	L	L	-	-	-	-	E	E	L
Objective 0: 5441
Objective 1: 84
Constr violation: -1
Restrictions violated:
0 0 0 0 0 0 1 0 

Individual 58
1	2	3	4	5	6	7	8	9	10	11	12	13	14	15	16	17	18	19	20	21	22	23	24	25	26	27	28
E	L	L	L	-	-	-	E	E	E	L	L	-	-	E	E	E	E	E	-	-	-	L	L	L	-	-	L
E	E	E	E	E	-	-	E	E	E	E	-	-	E	E	-	-	E	E	-	-	E	E	E	E	-	-	E
E	E	L	L	L	-	-	E	E	E	E	E	-	-	-	-	-	L	L	-	-	E	E	E	-	-	L	L
L	-	-	E	E	-	-	L	L	L	L	L	-	-	E	E	-	-	E	L	L	L	L	-	-	L	L	L
-	E	L	L	-	-	-	E	E	E	E	-	-	E	E	-	-	E	E	-	-	E	L	-	-	L	L	L
L	-	-	L	L	L	L	L	-	-	L	L	L	-	-	L	L	-	-	-	-	L	L	L	L	L	-	-
L	L	L	-	-	-	E	L	L	L	L	-	-	-	E	E	E	E	L	-	-	E	L	L	L	-	-	-
E	E	E	E	E	-	-	E	E	E	-	-	E	E	L	-	-	-	-	-	-	-	E	E	E	L	L	-
-	-	E	E	E	-	-	E	E	E	L	-	-	E	E	-	-	L	L	-	-	E	E	-	-	E	E	L
E	E	L	L	-	-	-	-	E	E	-	-	E	L	L	-	-	E	E	L	-	-	L	L	-	-	E	L
Objective 0: 5945
Objective 1: 86
Constr violation: -1
Restrictions violated:
0 0 0 0 0 0 1 0 

Individual 59
1	2	3	4	5	6	7	8	9	10	11	12	13	14	15	16	17	18	19	20	21	22	23	24	25	26	27	28
E	L	L	L	-	-	-	L	L	L	L	L	-	-	E	E	E	E	E	-	-	-	L	L	L	L	-	-
E	E	E	E	E	-	-	E	E	E	E	-	-	E	E	-	-	E	E	-	-	-	-	E	E	E	E	E
E	E	L	L	L	-	-	E	E	E	E	E	-	-	-	-	-	L	L	L	-	-	E	E	E	E	L	-
L	-	-	E	E	-	-	L	L	L	L	L	-	-	E	E	-	-	E	L	L	L	L	-	-	L	L	L
-	E	L	L	-	-	-	E	E	E	E	-	-	E	E	-	-	E	E	-	-	E	L	-	-	L	L	L
L	-	-	L	L	L	L	L	-	-	L	L	L	-	-	L	L	-	-	-	-	L	L	L	L	L	-	-
L	L	L	-	-	-	E	L	L	L	L	-	-	-	E	E	E	E	L	-	-	E	L	L	L	-	-	-
E	E	E	E	E	-	-	E	E	E	-	-	E	E	L	-	-	-	-	-	-	-	E	E	E	L	L	-
-	-	E	E	E	-	-	E	E	E	L	-	-	E	E	-	-	L	L	-	-	E	E	-	-	E	E	L
E	E	L	L	-	-	-	-	E	E	-	-	E	L	L	-	-	E	E	L	L	-	-	-	-	E	E	L
Objective 0: 5138
Objective 1: 78
Constr violation: -1
Restrictions violated:
0 0 0 0 0 0 1 0 

Individual 60
1	2	3	4	5	6	7	8	9	10	11	12	13	14	15	16	17	18	19	20	21	22	23	24	25	26	27	28
E	L	L	L	-	-	-	L	L	L	L	L	-	-	E	E	E	E	E	-	-	-	L	L	L	L	-	-
E	E	E	E	E	-	-	E	E	E	E	-	-	E	E	-	-	E	E	-	-	-	-	E	E	E	E	E
E	E	L	L	L	-	-	E	E	E	E	E	-	-	-	-	-	L	L	L	-	-	E	E	E	E	L	-
E	-	-	E	E	-	-	L	L	L	L	L	-	-	E	E	-	-	E	L	L	L	L	-	-	L	L	L
-	E	L	L	-	-	-	E	E	E	E	-	-	E	E	-	-	E	E	-	-	E	L	-	-	L	L	L
L	-	-	L	L	L	L	L	-	-	L	L	L	-	-	L	L	-	-	-	-	L	L	L	L	L	-	-
L	L	L	-	-	-	E	L	L	L	L	-	-	-	E	E	E	E	L	-	-	E	L	L	L	-	-	-
E	E	E	E	E	-	-	E	E	E	-	-	E	E	L	-	-	-	-	-	-	-	E	E	E	L	L	-
-	-	E	E	E	-	-	E	E	E	L	-	-	E	E	-	-	L	L	-	-	E	E	-	-	E	E	L
E	E	L	L	-	-	-	-	E	E	-	-	E	L	L	-	-	E	E	L	L	-	-	-	-	E	E	L
Objective 0: 5239
Objective 1: 78
Constr violation: -1
Restrictions violated:
0 0 0 0 0 0 1 0 

Individual 61
1	2	3	4	5	6	7	8	9	10	11	12	13	14	15	16	17	18	19	20	21	22	23	24	25	26	27	28
E	L	L	L	-	-	-	E	E	E	L	L	-	-	E	E	E	E	E	-	-	-	L	L	L	-	-	L
E	E	E	E	E	-	-	E	E	E	E	-	-	E	E	-	-	E	E	-	-	E	E	E	E	-	-	E
E	E	L	L	L	-	-	E	E	E	E	E	-	-	-	-	-	L	L	L	-	-	E	E	E	E	L	-
E	-	-	E	E	E	E	-	-	E	L	L	-	-	E	E	E	E	-	-	-	-	-	E	E	L	L	L
-	E	L	L	-	-	-	E	E	E	E	-	-	E	E	-	-	E	E	-	-	E	L	-	-	L	L	L
L	-	-	L	L	L	L	L	-	-	L	L	L	-	-	L	L	-	-	-	-	L	L	L	L	L	-	-
L	L	L	-	-	-	E	L	L	L	L	-	-	-	E	E	E	E	L	-	-	E	L	L	L	-	-	-
E	E	E	E	E	-	-	E	E	E	-	-	E	E	L	-	-	-	-	-	-	-	E	E	E	L	L	-
-	-	E	E	E	-	-	E	E	E	L	-	-	E	E	-	-	L	L	-	-	E	E	-	-	E	E	L
E	E	L	L	-	-	-	-	E	E	-	-	E	L	L	-	-	E	E	L	-	-	L	L	-	-	E	L
Objective 0: 5844
Objective 1: 81
Constr violation: -1
Restrictions violated:
0 0 0 0 0 0 1 0 

Individual 62
1	2	3	4	5	6	7	8	9	10	11	12	13	14	15	16	17	18	19	20	21	22	23	24	25	26	27	28
E	L	L	L	-	-	-	-	-	-	L	L	L	L	L	-	-	E	E	L	-	-	L	L	L	L	-	-
E	E	E	E	E	-	-	-	E	E	E	-	-	-	-	-	-	E	E	E	-	-	-	E	E	E	E	E
E	L	L	L	L	-	-	E	L	L	L	-	-	-	-	-	-	L	L	-	-	-	E	E	E	E	L	-
L	-	-	-	-	-	-	L	L	L	L	L	-	-	E	E	-	-	E	L	L	-	-	E	E	L	L	L
-	E	L	L	-	-	-	E	E	E	E	-	-	E	E	-	-	E	E	-	-	E	L	-	-	L	L	L
L	-	-	L	L	L	L	L	-	-	L	L	L	-	-	L	L	-	-	-	-	L	L	L	L	L	-	-
L	L	L	-	-	-	E	L	L	L	L	-	-	-	E	E	E	E	L	-	-	E	L	L	L	-	-	-
E	E	E	E	E	-	-	E	E	E	-	-	E	E	L	-	-	-	-	-	-	-	E	E	E	L	L	-
-	-	E	E	E	-	-	E	E	E	L	-	-	E	E	-	-	L	L	-	-	E	E	-	-	E	E	L
-	-	-	-	-	-	-	-	-	-	-	E	E	-	-	-	-	E	E	-	-	-	-	-	-	-	E	L
Objective 0: 5322
Objective 1: 87
Constr violation: -1
Restrictions violated:
0 0 0 0 0 0 0 1 

Individual 63
1	2	3	4	5	6	7	8	9	10	11	12	13	14	15	16	17	18	19	20	21	22	23	24	25	26	27	28
E	L	L	L	-	-	-	-	-	-	L	L	L	L	L	-	-	E	E	L	-	-	L	L	L	L	-	-
E	E	E	E	E	-	-	-	E	E	E	-	-	-	-	-	-	E	E	E	-	-	-	E	E	E	E	E
E	L	L	L	L	-	-	E	E	E	L	-	-	-	-	-	-	L	L	L	-	-	E	E	-	-	L	L
E	-	-	-	E	E	E	-	-	E	L	L	-	-	E	E	E	E	-	-	-	L	L	-	-	L	L	L
-	E	L	L	-	-	-	E	E	E	E	-	-	E	E	-	-	E	E	-	-	E	L	-	-	L	L	L
L	-	-	L	L	L	L	L	-	-	L	L	L	-	-	L	L	-	-	-	-	L	L	L	L	L	-	-
L	L	L	-	-	-	E	L	L	L	L	-	-	-	E	E	E	E	-	-	-	E	L	L	L	-	-	-
E	E	E	E	E	-	-	E	E	E	-	-	E	E	L	-	-	-	-	-	-	-	E	E	E	L	L	-
-	-	E	E	E	-	-	E	E	E	L	-	-	E	E	-	-	L	L	-	-	E	E	-	-	E	E	L
-	-	-	-	-	-	-	-	-	-	-	E	E	-	-	-	-	E	E	-	-	-	-	-	-	-	E	L
Objective 0: 6028
Objective 1: 88
Constr violation: -1
Restrictions violated:
0 0 0 0 0 0 0 1 

Individual 64
1	2	3	4	5	6	7	8	9	10	11	12	13	14	15	16	17	18	19	20	21	22	23	24	25	26	27	28
E	L	L	L	-	-	-	-	-	-	L	L	L	L	L	-	-	E	E	L	-	-	L	L	L	L	-	-
E	E	E	E	E	-	-	-	E	E	E	-	-	-	-	-	-	E	E	E	-	-	-	E	E	E	E	E
E	E	L	L	L	-	-	E	E	E	L	-	-	-	-	-	-	L	L	L	-	-	E	E	-	-	L	L
E	-	-	-	E	E	E	-	-	E	L	L	-	-	E	E	E	E	-	-	-	L	L	-	-	L	L	L
-	E	L	L	-	-	-	E	E	E	E	-	-	E	E	-	-	E	E	-	-	E	L	-	-	L	L	L
L	-	-	L	L	L	L	L	-	-	L	L	L	-	-	L	L	-	-	-	-	L	L	L	L	L	-	-
L	L	L	-	-	-	E	L	L	L	L	-	-	-	E	E	E	E	-	-	-	E	L	L	L	-	-	-
E	E	E	E	E	-	-	E	E	E	-	-	E	E	L	-	-	-	-	-	-	-	E	E	E	L	L	-
-	-	E	E	E	-	-	E	E	E	L	-	-	E	E	-	-	L	L	-	-	E	E	-	-	E	E	L
-	-	-	-	-	-	-	-	-	-	-	E	E	-	-	-	-	E	E	-	-	-	-	-	-	-	E	L
Objective 0: 6129
Objective 1: 85
Constr violation: -1
Restrictions violated:
0 0 0 0 0 0 0 1 

Individual 65
1	2	3	4	5	6	7	8	9	10	11	12	13	14	15	16	17	18	19	20	21	22	23	24	25	26	27	28
E	L	L	L	-	-	-	E	E	E	L	L	-	-	E	E	E	E	E	-	-	-	L	L	L	-	-	L
E	E	E	E	E	-	-	E	E	E	E	-	-	E	E	-	-	E	E	-	-	E	E	E	E	-	-	E
E	E	L	L	L	-	-	E	E	E	E	E	-	-	-	-	-	L	L	L	-	-	E	E	E	E	L	-
L	-	-	E	E	-	-	L	L	L	L	L	-	-	E	E	-	-	E	L	L	L	L	-	-	L	L	L
-	E	L	L	-	-	-	E	E	E	E	-	-	E	E	-	-	E	E	-	-	E	L	-	-	L	L	L
L	-	-	L	L	L	L	L	-	-	L	L	L	-	-	L	L	-	-	-	-	L	L	L	L	L	-	-
L	L	L	-	-	-	E	L	L	L	L	-	-	-	E	E	E	E	L	-	-	E	L	L	L	-	-	-
E	E	E	E	E	-	-	E	E	E	-	-	E	E	L	-	-	-	-	-	-	-	E	E	E	L	L	-
-	-	E	E	E	-	-	E	E	E	L	-	-	E	E	-	-	L	L	-	-	E	E	-	-	E	E	L
E	E	L	L	-	-	-	-	E	E	-	-	E	L	L	-	-	E	E	L	-	-	L	L	-	-	E	L
Objective 0: 5643
Objective 1: 84
Constr violation: -1
Restrictions violated:
0 0 0 0 0 0 1 0 

Individual 66
1	2	3	4	5	6	7	8	9	10	11	12	13	14	15	16	17	18	19	20	21	22	23	24	25	26	27	28
E	L	L	L	-	-	-	E	E	E	L	L	-	-	E	E	E	E	E	-	-	-	L	L	L	-	-	L
E	E	E	E	E	-	-	E	E	E	E	-	-	E	E	-	-	E	E	-	-	E	E	E	E	-	-	E
E	E	L	L	L	-	-	E	E	E	E	E	-	-	-	-	-	L	L	L	-	-	E	E	E	E	L	-
L	-	-	E	E	-	-	L	L	L	L	L	-	-	E	E	-	-	E	L	L	-	-	E	E	L	L	L
-	E	L	L	-	-	-	E	E	E	E	-	-	E	E	-	-	E	E	-	-	E	L	-	-	L	L	L
L	-	-	L	L	L	L	L	-	-	L	L	L	-	-	L	L	-	-	-	-	L	L	L	L	L	-	-
L	L	L	-	-	-	E	L	L	L	L	-	-	-	E	E	E	E	L	-	-	E	L	L	L	-	-	-
E	E	E	E	E	-	-	E	E	E	-	-	E	E	L	-	-	-	-	-	-	-	E	E	E	L	L	-
-	-	E	E	E	-	-	E	E	E	L	-	-	E	E	-	-	L	L	-	-	E	E	-	-	E	E	L
E	E	L	L	-	-	-	-	E	E	-	-	E	L	L	-	-	E	E	L	L	-	-	-	-	E	E	L
Objective 0: 5340
Objective 1: 83
Constr violation: -1
Restrictions violated:
0 0 0 0 0 0 1 0 

Individual 67
1	2	3	4	5	6	7	8	9	10	11	12	13	14	15	16	17	18	19	20	21	22	23	24	25	26	27	28
E	L	L	L	-	-	-	-	-	-	L	L	L	L	L	-	-	E	E	L	-	-	L	L	L	L	-	-
E	E	E	E	E	-	-	-	E	E	E	-	-	-	-	-	-	E	E	E	-	-	-	E	E	E	E	E
E	L	L	L	L	-	-	E	L	L	L	-	-	-	-	-	-	L	L	-	-	-	E	E	E	E	L	-
L	-	-	-	-	-	-	L	L	L	L	L	-	-	E	E	-	-	E	L	L	-	-	E	E	L	L	L
-	E	L	L	-	-	-	E	E	E	E	-	-	E	E	-	-	E	E	-	-	E	L	-	-	L	L	L
L	-	-	L	L	L	L	L	-	-	L	L	L	-	-	L	L	-	-	-	-	L	L	L	L	L	-	-
L	L	L	-	-	-	E	L	L	L	L	-	-	-	E	E	E	E	-	-	-	E	L	L	L	-	-	-
E	E	E	E	E	-	-	E	E	E	-	-	E	E	L	-	-	-	-	-	-	-	E	E	E	L	L	-
-	-	E	E	E	-	-	E	E	E	L	-	-	E	E	-	-	L	L	-	-	E	E	-	-	E	E	L
-	-	-	-	-	-	-	-	-	-	-	E	E	-	-	-	-	E	E	-	-	-	-	-	-	-	E	L
Objective 0: 5422
Objective 1: 90
Constr violation: -1
Restrictions violated:
0 0 0 0 0 0 0 1 

Individual 68
1	2	3	4	5	6	7	8	9	10	11	12	13	14	15	16	17	18	19	20	21	22	23	24	25	26	27	28
E	L	L	L	-	-	-	L	L	L	L	L	-	-	E	E	E	E	E	-	-	-	L	L	L	L	-	-
E	E	E	E	E	-	-	E	E	E	E	-	-	E	E	-	-	E	E	-	-	-	-	E	E	E	E	E
E	E	L	L	L	-	-	E	E	E	E	E	-	-	-	-	-	L	L	-	-	E	E	E	-	-	L	L
L	-	-	E	E	-	-	L	L	L	L	L	-	-	E	E	-	-	E	L	L	L	L	-	-	L	L	L
-	E	L	L	-	-	-	E	E	E	E	-	-	E	E	-	-	E	E	-	-	E	L	-	-	L	L	L
L	-	-	L	L	L	L	L	-	-	L	L	L	-	-	L	L	-	-	-	-	L	L	L	L	L	-	-
L	L	L	-	-	-	E	L	L	L	L	-	-	-	E	E	E	E	L	-	-	E	L	L	L	-	-	-
E	E	E	E	E	-	-	E	E	E	-	-	E	E	L	-	-	-	-	-	-	-	E	E	E	L	L	-
-	-	E	E	E	-	-	E	E	E	L	-	-	E	E	-	-	L	L	-	-	E	E	-	-	E	E	L
E	E	L	L	-	-	-	-	-	-	-	E	E	-	-	-	-	E	E	-	-	-	-	-	-	-	E	L
Objective 0: 5737
Objective 1: 78
Constr violation: -1
Restrictions violated:
0 0 0 0 0 0 0 1 

Individual 69
1	2	3	4	5	6	7	8	9	10	11	12	13	14	15	16	17	18	19	20	21	22	23	24	25	26	27	28
E	L	L	L	-	-	-	L	L	L	L	L	-	-	E	E	E	E	E	-	-	-	L	L	L	L	-	-
E	E	E	E	E	-	-	-	E	E	E	-	-	-	-	-	-	E	E	E	-	-	-	E	E	E	E	E
E	L	L	L	L	-	-	E	L	L	L	-	-	-	-	-	-	L	L	-	-	-	E	E	E	E	L	-
E	-	-	-	-	-	-	L	L	L	L	L	-	-	E	E	-	-	E	L	L	-	-	E	E	L	L	L
-	E	L	L	-	-	-	E	E	E	E	-	-	E	E	-	-	E	E	-	-	E	L	-	-	L	L	L
L	-	-	L	L	L	L	L	-	-	L	L	L	-	-	L	L	-	-	-	-	L	L	L	L	L	-	-
L	L	L	-	-	-	E	L	L	L	L	-	-	-	E	E	E	E	-	-	-	E	L	L	L	-	-	-
E	E	E	E	E	-	-	E	E	E	-	-	E	E	L	-	-	-	-	-	-	-	E	E	E	L	L	-
-	-	E	E	E	-	-	E	E	E	L	-	-	E	E	-	-	L	L	-	-	E	E	-	-	E	E	L
-	-	-	-	-	-	-	-	-	-	-	E	E	-	-	-	-	E	E	-	-	-	-	-	-	-	E	L
Objective 0: 5727
Objective 1: 86
Constr violation: -1
Restrictions violated:
0 0 0 0 0 0 0 1 

Individual 70
1	2	3	4	5	6	7	8	9	10	11	12	13	14	15	16	17	18	19	20	21	22	23	24	25	26	27	28
E	L	L	L	-	-	-	-	-	-	L	L	L	L	L	-	-	E	E	L	-	-	L	L	L	L	-	-
E	E	E	E	E	-	-	-	E	E	E	-	-	-	-	-	-	E	E	E	-	-	-	E	E	E	E	E
E	E	L	L	L	-	-	E	E	E	E	E	-	-	-	-	-	L	L	L	-	-	E	E	E	E	L	-
L	-	-	E	E	-	-	L	L	L	L	L	-	-	E	E	-	-	E	L	L	-	-	E	E	L	L	L
-	E	L	L	-	-	-	E	E	E	E	-	-	E	E	-	-	E	E	-	-	E	L	-	-	L	L	L
L	-	-	L	L	L	L	L	-	-	L	L	L	-	-	L	L	-	-	-	-	L	L	L	L	L	-	-
L	L	L	-	-	-	E	L	L	L	L	-	-	-	E	E	E	E	L	-	-	E	L	L	L	-	-	-
E	E	E	E	E	-	-	E	E	E	-	-	E	E	L	-	-	-	-	-	-	-	E	E	E	L	L	-
-	-	E	E	E	-	-	E	E	E	L	-	-	E	E	-	-	L	L	-	-	E	E	-	-	E	E	L
E	E	L	L	-	-	-	-	E	E	-	-	E	L	L	-	-	E	E	L	L	-	-	-	-	E	E	L
Objective 0: 4932
Objective 1: 83
Constr violation: -1
Restrictions violated:
0 0 0 0 0 0 1 0 

Individual 71
1	2	3	4	5	6	7	8	9	10	11	12	13	14	15	16	17	18	19	20	21	22	23	24	25	26	27	28
E	L	L	L	-	-	-	E	E	E	L	L	-	-	E	E	E	E	E	-	-	-	L	L	L	-	-	L
E	E	E	E	E	-	-	E	E	E	E	-	-	E	E	-	-	E	E	-	-	E	E	E	E	-	-	E
E	L	L	L	L	-	-	E	E	E	L	-	-	-	-	-	-	L	L	L	-	-	E	E	-	-	L	L
L	-	-	-	E	E	E	-	-	E	L	L	-	-	E	E	E	E	-	-	-	L	L	-	-	L	L	L
-	E	L	L	-	-	-	E	E	E	E	-	-	E	E	-	-	E	E	-	-	E	L	-	-	L	L	L
L	-	-	L	L	L	L	L	-	-	L	L	L	-	-	L	L	-	-	-	-	L	L	L	L	L	-	-
L	L	L	-	-	-	E	L	L	L	L	-	-	-	E	E	E	E	L	-	-	E	L	L	L	-	-	-
E	E	E	E	E	-	-	E	E	E	-	-	E	E	L	-	-	-	-	-	-	-	E	E	E	L	L	-
-	-	E	E	E	-	-	E	E	E	L	-	-	E	E	-	-	L	L	-	-	E	E	-	-	E	E	L
E	E	L	L	-	-	-	-	E	E	-	-	E	L	L	-	-	E	E	L	-	-	L	L	-	-	E	L
Objective 0: 6043
Objective 1: 87
Constr violation: -1
Restrictions violated:
0 0 0 0 0 0 1 0 

Individual 72
1	2	3	4	5	6	7	8	9	10	11	12	13	14	15	16	17	18	19	20	21	22	23	24	25	26	27	28
E	L	L	L	-	-	-	-	-	-	L	L	L	L	L	-	-	E	E	L	-	-	L	L	L	L	-	-
E	E	E	E	E	-	-	-	E	E	E	-	-	-	-	-	-	E	E	E	-	-	-	E	E	E	E	E
E	E	L	L	L	-	-	E	E	E	E	E	-	-	-	-	-	L	L	L	-	-	E	E	E	E	L	-
L	-	-	E	E	-	-	L	L	L	L	L	-	-	E	E	-	-	E	L	L	L	L	-	-	L	L	L
-	E	L	L	-	-	-	E	E	E	E	-	-	E	E	-	-	E	E	-	-	E	L	-	-	L	L	L
L	-	-	L	L	L	L	L	-	-	L	L	L	-	-	L	L	-	-	-	-	L	L	L	L	L	-	-
L	L	L	-	-	-	E	L	L	L	L	-	-	-	E	E	E	E	L	-	-	E	L	L	L	-	-	-
E	E	E	E	E	-	-	E	E	E	-	-	E	E	L	-	-	-	-	-	-	-	E	E	E	L	L	-
-	-	E	E	E	-	-	E	E	E	L	-	-	E	E	-	-	L	L	-	-	E	E	-	-	E	E	L
E	E	L	L	-	-	-	-	E	E	-	-	E	L	L	-	-	E	E	L	L	-	-	-	-	E	E	L
Objective 0: 5033
Objective 1: 84
Constr violation: -1
Restrictions violated:
0 0 0 0 0 0 1 0 

Individual 73
1	2	3	4	5	6	7	8	9	10	11	12	13	14	15	16	17	18	19	20	21	22	23	24	25	26	27	28
E	L	L	L	-	-	-	E	E	E	L	L	-	-	E	E	E	E	E	-	-	-	L	L	L	-	-	L
E	E	E	E	E	-	-	E	E	E	E	-	-	E	E	-	-	E	E	-	-	E	E	E	E	-	-	E
E	L	L	L	L	-	-	E	L	L	L	-	-	-	-	-	-	L	L	-	-	-	E	E	E	E	L	-
L	-	-	-	E	E	E	-	-	E	L	L	-	-	E	E	E	E	-	-	-	L	L	-	-	L	L	L
-	E	L	L	-	-	-	E	E	E	E	-	-	E	E	-	-	E	E	-	-	E	L	-	-	L	L	L
L	-	-	L	L	L	L	L	-	-	L	L	L	-	-	L	L	-	-	-	-	L	L	L	L	L	-	-
L	L	L	-	-	-	E	L	L	L	L	-	-	-	E	E	E	E	-	-	-	E	L	L	L	-	-	-
E	E	E	E	E	-	-	E	E	E	-	-	E	E	L	-	-	-	-	-	-	-	E	E	E	L	L	-
-	-	E	E	E	-	-	E	E	E	L	-	-	E	E	-	-	L	L	-	-	E	E	-	-	E	E	L
-	-	-	-	-	-	-	-	-	-	-	E	E	-	-	-	-	E	E	-	-	-	-	-	-	-	E	L
Objective 0: 6032
Objective 1: 89
Constr violation: -1
Restrictions violated:
0 0 0 0 0 0 0 1 

Individual 74
1	2	3	4	5	6	7	8	9	10	11	12	13	14	15	16	17	18	19	20	21	22	23	24	25	26	27	28
E	L	L	L	-	-	-	-	-	-	L	L	L	L	L	-	-	E	E	L	-	-	L	L	L	L	-	-
E	E	E	E	E	-	-	-	E	E	E	-	-	-	-	-	-	E	E	E	-	-	-	E	E	E	E	E
E	E	L	L	L	-	-	E	E	E	L	-	-	-	-	-	-	L	L	L	-	-	E	E	-	-	L	L
E	-	-	E	E	E	E	-	-	E	L	L	-	-	E	E	E	E	-	-	-	L	L	-	-	L	L	L
-	E	L	L	-	-	-	E	E	E	E	-	-	E	E	-	-	E	E	-	-	E	L	-	-	L	L	L
L	-	-	L	L	L	L	L	-	-	L	L	L	-	-	L	L	-	-	-	-	L	L	L	L	L	-	-
L	L	L	-	-	-	E	L	L	L	L	-	-	-	E	E	E	E	L	-	-	E	L	L	L	-	-	-
E	E	E	E	E	-	-	E	E	E	-	-	E	E	L	-	-	-	-	-	-	-	E	E	E	L	L	-
-	-	E	E	E	-	-	E	E	E	L	-	-	E	E	-	-	L	L	-	-	E	E	-	-	E	E	L
E	E	L	L	-	-	-	-	E	E	-	-	E	L	L	-	-	E	E	L	-	-	L	L	-	-	E	L
Objective 0: 5838
Objective 1: 84
Constr violation: -1
Restrictions violated:
0 0 0 0 0 0 1 0 

Individual 75
1	2	3	4	5	6	7	8	9	10	11	12	13	14	15	16	17	18	19	20	21	22	23	24	25	26	27	28
E	L	L	L	-	-	-	-	-	-	L	L	L	L	L	-	-	E	E	L	-	-	L	L	L	L	-	-
E	E	E	E	E	-	-	-	E	E	E	-	-	-	-	-	-	E	E	E	-	-	-	E	E	E	E	E
E	L	L	L	L	-	-	E	L	L	L	-	-	-	-	-	-	L	L	L	-	-	E	E	E	E	L	-
L	-	-	-	-	-	-	L	L	L	L	L	-	-	E	E	-	-	E	L	L	-	-	E	E	L	L	L
-	E	L	L	-	-	-	E	E	E	E	-	-	E	E	-	-	E	E	-	-	E	L	-	-	L	L	L
L	-	-	L	L	L	L	L	-	-	L	L	L	-	-	L	L	-	-	-	-	L	L	L	L	L	-	-
L	L	L	-	-	-	E	L	L	L	L	-	-	-	E	E	E	E	L	-	-	E	L	L	L	-	-	-
E	E	E	E	E	-	-	E	E	E	-	-	E	E	L	-	-	-	-	-	-	-	E	E	E	L	L	-
-	-	E	E	E	-	-	E	E	E	L	-	-	E	E	-	-	L	L	-	-	E	E	-	-	E	E	L
-	-	-	-	-	-	-	-	-	-	-	E	E	L	L	-	-	E	E	-	-	-	L	L	-	-	E	L
Objective 0: 5024
Objective 1: 89
Constr violation: -1
Restrictions violated:
0 0 0 0 0 0 0 1 

Individual 76
1	2	3	4	5	6	7	8	9	10	11	12	13	14	15	16	17	18	19	20	21	22	23	24	25	26	27	28
E	L	L	L	-	-	-	E	E	E	L	L	-	-	E	E	E	E	E	-	-	-	L	L	L	-	-	L
E	E	E	E	E	-	-	E	E	E	E	-	-	E	E	-	-	E	E	-	-	E	E	E	E	-	-	E
E	E	L	L	L	-	-	E	E	E	E	E	-	-	-	-	-	L	L	-	-	E	E	E	-	-	L	L
E	-	-	-	-	-	-	L	L	L	L	L	-	-	E	E	-	-	E	L	L	-	-	E	E	L	L	L
-	E	L	L	-	-	-	E	E	E	E	-	-	E	E	-	-	E	E	-	-	E	L	-	-	L	L	L
L	-	-	L	L	L	L	L	-	-	L	L	L	-	-	L	L	-	-	-	-	L	L	L	L	L	-	-
L	L	L	-	-	-	E	L	L	L	L	-	-	-	E	E	E	E	-	-	-	E	L	L	L	-	-	-
E	E	E	E	E	-	-	E	E	E	-	-	E	E	L	-	-	-	-	-	-	-	E	E	E	L	L	-
-	-	E	E	E	-	-	E	E	E	L	-	-	E	E	-	-	L	L	-	-	E	E	-	-	E	E	L
-	-	-	-	-	-	-	-	-	-	-	E	E	-	-	-	-	E	E	-	-	-	-	-	-	-	E	L
Objective 0: 6235
Objective 1: 86
Constr violation: -1
Restrictions violated:
0 0 0 0 0 0 0 1 

Individual 77
1	2	3	4	5	6	7	8	9	10	11	12	13	14	15	16	17	18	19	20	21	22	23	24	25	26	27	28
E	L	L	L	-	-	-	E	E	E	L	L	-	-	E	E	E	E	E	-	-	-	L	L	L	-	-	L
E	E	E	E	E	-	-	E	E	E	E	-	-	E	E	-	-	E	E	-	-	E	E	E	E	-	-	E
E	E	L	L	L	-	-	E	E	E	E	E	-	-	-	-	-	L	L	L	-	-	E	E	-	-	L	L
E	-	-	E	E	E	E	-	-	E	L	L	-	-	E	E	E	E	-	-	-	L	L	-	-	L	L	L
-	E	L	L	-	-	-	E	E	E	E	-	-	E	E	-	-	E	E	-	-	E	L	-	-	L	L	L
L	-	-	L	L	L	L	L	-	-	L	L	L	-	-	L	L	-	-	-	-	L	L	L	L	L	-	-
L	L	L	-	-	-	E	L	L	L	L	-	-	-	E	E	E	E	-	-	-	E	L	L	L	-	-	-
E	E	E	E	E	-	-	E	E	E	-	-	E	E	L	-	-	-	-	-	-	-	E	E	E	L	L	-
-	-	E	E	E	-	-	E	E	E	L	-	-	E	E	-	-	L	L	-	-	E	E	-	-	E	E	L
E	E	L	L	-	-	-	-	E	E	-	-	E	L	L	-	-	E	E	-	-	-	-	-	-	-	E	L
Objective 0: 6344
Objective 1: 87
Constr violation: -1
Restrictions violated:
0 0 0 0 0 0 0 1 

Individual 78
1	2	3	4	5	6	7	8	9	10	11	12	13	14	15	16	17	18	19	20	21	22	23	24	25	26	27	28
E	L	L	L	-	-	-	-	-	-	L	L	L	L	L	-	-	E	E	L	-	-	L	L	L	L	-	-
E	E	E	E	E	-	-	-	E	E	E	-	-	-	-	-	-	E	E	E	-	-	-	E	E	E	E	E
E	L	L	L	L	-	-	E	L	L	L	-	-	-	-	-	-	L	L	-	-	-	E	E	E	E	L	-
L	-	-	-	-	-	-	L	L	L	L	L	-	-	E	E	-	-	E	L	L	-	-	E	E	L	L	L
-	E	L	L	-	-	-	E	E	E	E	-	-	E	E	-	-	E	E	-	-	E	L	-	-	L	L	L
L	-	-	L	L	L	L	L	-	-	L	L	L	-	-	L	L	-	-	-	-	L	L	L	L	L	-	-
L	L	L	-	-	-	E	L	L	L	L	-	-	-	E	E	E	E	L	-	-	E	L	L	L	-	-	-
E	E	E	E	E	-	-	E	E	E	-	-	E	E	L	-	-	-	-	-	-	-	E	E	E	L	L	-
-	-	E	E	E	-	-	E	E	E	L	-	-	E	E	-	-	L	L	-	-	E	E	-	-	E	E	L
E	E	L	L	-	-	-	-	E	E	-	-	E	L	L	-	-	E	E	L	L	-	-	-	-	E	E	L
Objective 0: 4928
Objective 1: 89
Constr violation: -1
Restrictions violated:
0 0 0 0 0 0 1 0 

Individual 79
1	2	3	4	5	6	7	8	9	10	11	12	13	14	15	16	17	18	19	20	21	22	23	24	25	26	27	28
E	L	L	L	-	-	-	-	-	-	L	L	L	L	L	-	-	E	E	L	-	-	L	L	L	L	-	-
E	E	E	E	E	-	-	E	E	E	E	-	-	E	E	-	-	E	E	-	-	E	E	E	E	-	-	E
E	E	L	L	L	-	-	E	E	E	E	E	-	-	-	-	-	L	L	-	-	E	E	E	-	-	L	L
E	-	-	E	E	E	E	-	-	E	L	L	-	-	E	E	E	E	-	-	-	L	L	-	-	L	L	L
-	E	L	L	-	-	-	E	E	E	E	-	-	E	E	-	-	E	E	-	-	E	L	-	-	L	L	L
L	-	-	L	L	L	L	L	-	-	L	L	L	-	-	L	L	-	-	-	-	L	L	L	L	L	-	-
L	L	L	-	-	-	E	L	L	L	L	-	-	-	E	E	E	E	L	-	-	E	L	L	L	-	-	-
E	E	E	E	E	-	-	E	E	E	-	-	E	E	L	-	-	-	-	-	-	-	E	E	E	L	L	-
-	-	E	E	E	-	-	E	E	E	L	-	-	E	E	-	-	L	L	-	-	E	E	-	-	E	E	L
-	-	-	-	-	-	-	-	-	-	-	E	E	-	-	-	-	E	E	-	-	-	-	-	-	-	E	L
Objective 0: 6134
Objective 1: 82
Constr violation: -1
Restrictions violated:
0 0 0 0 0 0 0 1 

Individual 80
1	2	3	4	5	6	7	8	9	10	11	12	13	14	15	16	17	18	19	20	21	22	23	24	25	26	27	28
E	L	L	L	-	-	-	-	-	-	L	L	L	L	L	-	-	E	E	L	-	-	L	L	L	L	-	-
E	E	E	E	E	-	-	-	E	E	E	-	-	-	-	-	-	E	E	E	-	-	-	E	E	E	E	E
E	L	L	L	L	-	-	E	L	L	L	-	-	-	-	-	-	L	L	-	-	-	E	E	E	E	L	-
E	-	-	-	-	-	-	L	L	L	L	L	-	-	E	E	-	-	E	L	L	-	-	E	E	L	L	L
-	E	L	L	-	-	-	E	E	E	E	-	-	E	E	-	-	E	E	-	-	E	L	-	-	L	L	L
L	-	-	L	L	L	L	L	-	-	L	L	L	-	-	L	L	-	-	-	-	L	L	L	L	L	-	-
L	L	L	-	-	-	E	L	L	L	L	-	-	-	E	E	E	E	L	-	-	E	L	L	L	-	-	-
E	E	E	E	E	-	-	E	E	E	-	-	E	E	L	-	-	-	-	-	-	-	E	E	E	L	L	-
-	-	E	E	E	-	-	E	E	E	L	-	-	E	E	-	-	L	L	-	-	E	E	-	-	E	E	L
-	-	-	-	-	-	-	-	-	-	-	E	E	-	-	-	-	E	E	-	-	-	-	-	-	-	E	L
Objective 0: 5423
Objective 1: 87
Constr violation: -1
Restrictions violated:
0 0 0 0 0 0 0 1 

Individual 81
1	2	3	4	5	6	7	8	9	10	11	12	13	14	15	16	17	18	19	20	21	22	23	24	25	26	27	28
E	L	L	L	-	-	-	-	-	-	L	L	L	L	L	-	-	E	E	L	-	-	L	L	L	L	-	-
E	E	E	E	E	-	-	E	E	E	E	-	-	E	E	-	-	E	E	-	-	-	-	E	E	E	E	E
E	E	L	L	L	-	-	E	E	E	E	E	-	-	-	-	-	L	L	L	-	-	E	E	E	E	L	-
E	-	-	-	E	E	E	-	-	E	L	L	-	-	E	E	E	E	-	-	-	L	L	-	-	L	L	L
-	E	L	L	-	-	-	E	E	E	E	-	-	E	E	-	-	E	E	-	-	E	L	-	-	L	L	L
L	-	-	L	L	L	L	L	-	-	L	L	L	-	-	L	L	-	-	-	-	L	L	L	L	L	-	-
L	L	L	-	-	-	E	L	L	L	L	-	-	-	E	E	E	E	L	-	-	E	L	L	L	-	-	-
E	E	E	E	E	-	-	E	E	E	-	-	E	E	L	-	-	-	-	-	-	-	E	E	E	L	L	-
-	-	E	E	E	-	-	E	E	E	L	-	-	E	E	-	-	L	L	-	-	E	E	-	-	E	E	L
E	E	L	L	-	-	-	-	E	E	-	-	E	L	L	-	-	E	E	L	L	-	-	-	-	E	E	L
Objective 0: 5336
Objective 1: 80
Constr violation: -1
Restrictions violated:
0 0 0 0 0 0 1 0 

Individual 82
1	2	3	4	5	6	7	8	9	10	11	12	13	14	15	16	17	18	19	20	21	22	23	24	25	26	27	28
E	L	L	L	-	-	-	L	L	L	L	L	-	-	E	E	E	E	E	-	-	-	L	L	L	L	-	-
E	E	E	E	E	-	-	E	E	E	E	-	-	E	E	-	-	E	E	-	-	-	-	E	E	E	E	E
E	L	L	L	L	-	-	E	L	L	L	-	-	-	-	-	-	L	L	L	-	-	E	E	E	E	L	-
L	-	-	-	-	-	-	L	L	L	L	L	-	-	E	E	-	-	E	L	L	-	-	E	E	L	L	L
-	E	L	L	-	-	-	E	E	E	E	-	-	E	E	-	-	E	E	-	-	E	L	-	-	L	L	L
L	-	-	L	L	L	L	L	-	-	L	L	L	-	-	L	L	-	-	-	-	L	L	L	L	L	-	-
L	L	L	-	-	-	E	L	L	L	L	-	-	-	E	E	E	E	L	-	-	E	L	L	L	-	-	-
E	E	E	E	E	-	-	E	E	E	-	-	E	E	L	-	-	-	-	-	-	-	E	E	E	L	L	-
-	-	E	E	E	-	-	E	E	E	L	-	-	E	E	-	-	L	L	-	-	E	E	-	-	E	E	L
-	-	-	-	-	-	-	-	-	-	-	E	E	-	-	-	-	E	E	-	-	-	-	-	-	E	E	L
Objective 0: 5328
Objective 1: 81
Constr violation: -1
Restrictions violated:
0 0 0 0 0 0 0 1 

Individual 83
1	2	3	4	5	6	7	8	9	10	11	12	13	14	15	16	17	18	19	20	21	22	23	24	25	26	27	28
E	L	L	L	-	-	-	L	L	L	L	L	-	-	E	E	E	E	E	-	-	-	L	L	L	L	-	-
E	E	E	E	E	-	-	E	E	E	E	-	-	E	E	-	-	E	E	-	-	-	-	E	E	E	E	E
E	L	L	L	L	-	-	E	L	L	L	-	-	-	-	-	-	L	L	-	-	-	E	E	E	E	L	-
L	-	-	-	-	-	-	L	L	L	L	L	-	-	E	E	-	-	E	L	L	-	-	E	E	L	L	L
-	E	L	L	-	-	-	E	E	E	E	-	-	E	E	-	-	E	E	-	-	E	L	-	-	L	L	L
L	-	-	L	L	L	L	L	-	-	L	L	L	-	-	L	L	-	-	-	-	L	L	L	L	L	-	-
L	L	L	-	-	-	E	L	L	L	L	-	-	-	E	E	E	E	-	-	-	E	L	L	L	-	-	-
E	E	E	E	E	-	-	E	E	E	-	-	E	E	L	-	-	-	-	-	-	-	E	E	E	L	L	-
-	-	E	E	E	-	-	E	E	E	L	-	-	E	E	-	-	L	L	-	-	E	E	-	-	E	E	L
-	-	-	-	-	-	-	-	-	-	-	E	E	-	-	-	-	E	E	-	-	-	-	-	-	-	E	L
Objective 0: 5628
Objective 1: 84
Constr violation: -1
Restrictions violated:
0 0 0 0 0 0 0 1 

Individual 84
1	2	3	4	5	6	7	8	9	10	11	12	13	14	15	16	17	18	19	20	21	22	23	24	25	26	27	28
E	L	L	L	-	-	-	-	-	-	L	L	L	L	L	-	-	E	E	L	-	-	L	L	L	L	-	-
E	E	E	E	E	-	-	-	E	E	E	-	-	-	-	-	-	E	E	E	-	-	-	E	E	E	E	E
E	L	L	L	L	-	-	E	L	L	L	-	-	-	-	-	-	L	L	L	-	-	E	E	E	E	L	-
L	-	-	-	-	-	-	L	L	L	L	L	-	-	E	E	-	-	E	L	L	-	-	E	E	L	L	L
-	E	L	L	-	-	-	E	E	E	E	-	-	E	E	-	-	E	E	-	-	E	L	-	-	L	L	L
L	-	-	L	L	L	L	L	-	-	L	L	L	-	-	L	L	-	-	-	-	L	L	L	L	L	-	-
L	L	L	-	-	-	E	L	L	L	L	-	-	-	E	E	E	E	L	-	-	E	L	L	L	-	-	-
E	E	E	E	E	-	-	E	E	E	-	-	E	E	L	-	-	-	-	-	-	-	E	E	E	L	L	-
-	-	E	E	E	-	-	E	E	E	L	-	-	E	E	-	-	L	L	-	-	E	E	-	-	E	E	L
E	E	L	-	-	-	-	-	-	-	-	E	E	L	L	-	-	E	E	-	-	-	-	-	-	E	E	L
Objective 0: 4925
Objective 1: 89
Constr violation: -1
Restrictions violated:
0 0 0 0 0 0 0 1 

Individual 85
1	2	3	4	5	6	7	8	9	10	11	12	13	14	15	16	17	18	19	20	21	22	23	24	25	26	27	28
E	L	L	L	-	-	-	-	-	-	L	L	L	L	L	-	-	E	E	L	-	-	L	L	L	L	-	-
E	E	E	E	E	-	-	E	E	E	E	-	-	E	E	-	-	E	E	-	-	-	-	E	E	E	E	E
E	L	L	L	L	-	-	E	E	E	E	E	-	-	-	-	-	L	L	L	-	-	E	E	E	E	L	-
L	-	-	E	E	-	-	L	L	L	L	L	-	-	E	E	-	-	E	L	L	-	-	E	E	L	L	L
-	E	L	L	-	-	-	E	E	E	E	-	-	E	E	-	-	E	E	-	-	E	L	-	-	L	L	L
L	-	-	L	L	L	L	L	-	-	L	L	L	-	-	L	L	-	-	-	-	L	L	L	L	L	-	-
L	L	L	-	-	-	E	L	L	L	L	-	-	-	E	E	E	E	L	-	-	E	L	L	L	-	-	-
E	E	E	E	E	-	-	E	E	E	-	-	E	E	L	-	-	-	-	-	-	-	E	E	E	L	L	-
-	-	E	E	E	-	-	E	E	E	L	-	-	E	E	-	-	L	L	-	-	E	E	-	-	E	E	L
E	E	L	L	-	-	-	-	E	E	-	-	E	L	L	-	-	E	E	L	L	-	-	-	-	E	E	L
Objective 0: 4833
Objective 1: 84
Constr violation: -1
Restrictions violated:
0 0 0 0 0 0 1 0 

Individual 86
1	2	3	4	5	6	7	8	9	10	11	12	13	14	15	16	17	18	19	20	21	22	23	24	25	26	27	28
E	L	L	L	-	-	-	L	L	L	L	L	-	-	L	L	-	-	E	L	-	-	L	L	L	L	-	-
E	E	E	E	E	-	-	E	E	E	E	-	-	E	E	-	-	E	E	-	-	-	-	E	E	E	E	E
E	L	L	L	L	-	-	E	L	L	L	-	-	-	-	-	-	L	L	L	-	-	E	E	E	E	L	-
L	-	-	-	-	-	-	L	L	L	L	L	-	-	E	E	-	-	E	L	L	-	-	E	E	L	L	L
-	E	L	L	-	-	-	E	E	E	E	-	-	E	E	-	-	E	E	-	-	E	L	-	-	L	L	L
L	-	-	L	L	L	L	L	-	-	L	L	L	-	-	L	L	-	-	-	-	L	L	L	L	L	-	-
L	L	L	-	-	-	E	L	L	L	L	-	-	-	E	E	E	E	L	-	-	E	L	L	L	-	-	-
E	E	E	E	E	-	-	E	E	E	-	-	E	E	L	-	-	-	-	-	-	-	E	E	E	L	L	-
-	-	E	E	E	-	-	E	E	E	L	-	-	E	E	-	-	L	L	-	-	E	E	-	-	E	E	L
-	-	-	-	-	-	-	-	-	-	-	E	E	L	L	-	-	E	E	-	-	-	L	L	-	-	E	L
Objective 0: 5128
Objective 1: 83
Constr violation: -1
Restrictions violated:
0 0 0 0 0 0 0 1 

Individual 87
1	2	3	4	5	6	7	8	9	10	11	12	13	14	15	16	17	18	19	20	21	22	23	24	25	26	27	28
E	L	L	L	-	-	-	E	E	E	L	L	-	-	E	E	E	E	E	-	-	-	L	L	L	-	-	L
E	E	E	E	E	-	-	E	E	E	E	-	-	E	E	-	-	E	E	-	-	E	E	E	E	-	-	E
E	E	L	L	L	-	-	E	E	E	E	E	-	-	-	-	-	L	L	L	-	-	E	E	E	E	L	-
E	-	-	E	E	E	E	-	-	E	L	L	-	-	E	E	E	E	-	-	-	-	-	E	E	L	L	L
-	E	L	L	-	-	-	E	E	E	E	-	-	E	E	-	-	E	E	-	-	E	L	-	-	L	L	L
L	-	-	L	L	L	L	L	-	-	L	L	L	-	-	L	L	-	-	-	-	L	L	L	L	L	-	-
L	L	L	-	-	-	E	L	L	L	L	-	-	-	E	E	E	E	L	-	-	E	L	L	L	-	-	-
E	E	E	E	E	-	-	E	E	E	-	-	E	E	L	-	-	-	-	-	-	-	E	E	E	L	L	-
-	-	E	E	E	-	-	E	E	E	L	-	-	E	E	-	-	L	L	-	-	E	E	-	-	E	E	L
-	-	-	-	-	-	-	-	-	-	-	E	E	-	-	-	-	E	E	-	-	-	-	-	-	-	E	L
Objective 0: 6036
Objective 1: 79
Constr violation: -1
Restrictions violated:
0 0 0 0 0 0 0 1 

Individual 88
1	2	3	4	5	6	7	8	9	10	11	12	13	14	15	16	17	18	19	20	21	22	23	24	25	26	27	28
E	L	L	L	-	-	-	L	L	L	L	L	-	-	E	E	E	E	E	-	-	-	L	L	L	-	-	L
E	E	E	E	E	-	-	E	E	E	E	-	-	E	E	-	-	E	E	-	-	E	E	E	E	-	-	E
E	L	L	L	L	-	-	E	L	L	L	-	-	-	-	-	-	L	L	L	-	-	E	E	-	-	L	L
L	-	-	-	-	-	-	L	L	L	L	L	-	-	E	E	-	-	E	L	L	L	L	-	-	L	L	L
-	E	L	L	-	-	-	E	E	E	E	-	-	E	E	-	-	E	E	-	-	E	L	-	-	L	L	L
L	-	-	L	L	L	L	L	-	-	L	L	L	-	-	L	L	-	-	-	-	L	L	L	L	L	-	-
L	L	L	-	-	-	E	L	L	L	L	-	-	-	E	E	E	E	L	-	-	E	L	L	L	-	-	-
E	E	E	E	E	-	-	E	E	E	-	-	E	E	L	-	-	-	-	-	-	-	E	E	E	L	L	-
-	-	E	E	E	-	-	E	E	E	L	-	-	E	E	-	-	L	L	-	-	E	E	-	-	E	E	L
E	E	L	L	-	-	-	-	E	E	-	-	E	L	L	-	-	E	E	L	-	-	L	L	-	-	E	L
Objective 0: 5740
Objective 1: 88
Constr violation: -1
Restrictions violated:
0 0 0 0 0 0 1 0 

Individual 89
1	2	3	4	5	6	7	8	9	10	11	12	13	14	15	16	17	18	19	20	21	22	23	24	25	26	27	28
E	L	L	L	-	-	-	-	-	-	L	L	L	L	L	-	-	E	E	L	-	-	L	L	L	L	-	-
E	E	E	E	E	-	-	E	E	E	E	-	-	E	E	-	-	E	E	-	-	E	E	E	E	-	-	E
E	E	L	L	L	-	-	E	E	E	E	E	-	-	-	-	-	L	L	-	-	E	E	E	-	-	L	L
E	-	-	E	E	E	E	-	-	E	L	L	-	-	E	E	E	E	-	-	-	L	L	-	-	L	L	L
-	E	L	L	-	-	-	E	E	E	E	-	-	E	E	-	-	E	E	-	-	E	L	-	-	L	L	L
L	-	-	L	L	L	L	L	-	-	L	L	L	-	-	L	L	-	-	-	-	L	L	L	L	L	-	-
L	L	L	-	-	-	E	L	L	L	L	-	-	-	E	E	E	E	L	-	-	E	L	L	L	-	-	-
E	E	E	E	E	-	-	E	E	E	-	-	E	E	L	-	-	-	-	-	-	-	E	E	E	L	L	-
-	-	E	E	E	-	-	E	E	E	L	-	-	E	E	-	-	L	L	-	-	E	E	-	-	E	E	L
E	E	L	L	-	-	-	-	E	E	-	-	E	L	L	-	-	E	E	L	-	-	L	L	-	-	E	L
Objective 0: 5942
Objective 1: 84
Constr violation: -1
Restrictions violated:
0 0 0 0 0 0 1 0 

Individual 90
1	2	3	4	5	6	7	8	9	10	11	12	13	14	15	16	17	18	19	20	21	22	23	24	25	26	27	28
E	L	L	L	-	-	-	E	E	E	L	L	-	-	E	E	E	E	E	-	-	-	L	L	L	-	-	L
E	E	E	E	E	-	-	E	E	E	E	-	-	E	E	-	-	E	E	-	-	E	E	E	E	-	-	E
E	E	L	L	L	-	-	E	E	E	E	E	-	-	-	-	-	L	L	-	-	E	E	E	-	-	L	L
E	-	-	E	E	E	E	-	-	E	L	L	-	-	E	E	E	E	-	-	-	-	-	E	E	L	L	L
-	E	L	L	-	-	-	E	E	E	E	-	-	E	E	-	-	E	E	-	-	E	L	-	-	L	L	L
L	-	-	L	L	L	L	L	-	-	L	L	L	-	-	L	L	-	-	-	-	L	L	L	L	L	-	-
L	L	L	-	-	-	E	L	L	L	L	-	-	-	E	E	E	E	-	-	-	E	L	L	L	-	-	-
E	E	E	E	E	-	-	E	E	E	-	-	E	E	L	-	-	-	-	-	-	-	E	E	E	L	L	-
-	-	E	E	E	-	-	E	E	E	L	-	-	E	E	-	-	L	L	-	-	E	E	-	-	E	E	L
E	E	L	L	-	-	-	-	E	E	-	-	E	L	L	-	-	E	E	L	-	-	L	L	-	-	E	L
Objective 0: 6246
Objective 1: 86
Constr violation: -1
Restrictions violated:
0 0 0 0 0 0 1 0 

Individual 91
1	2	3	4	5	6	7	8	9	10	11	12	13	14	15	16	17	18	19	20	21	22	23	24	25	26	27	28
E	L	L	L	-	-	-	-	-	-	L	L	L	L	L	-	-	E	E	L	-	-	L	L	L	L	-	-
E	E	E	E	E	-	-	-	E	E	E	-	-	-	-	-	-	E	E	E	-	-	-	E	E	E	E	E
E	L	L	L	L	-	-	E	L	L	L	-	-	-	-	-	-	L	L	L	-	-	E	E	E	E	L	-
L	-	-	-	-	-	-	L	L	L	L	L	-	-	E	E	-	-	E	L	L	-	-	E	E	L	L	L
-	E	L	L	-	-	-	E	E	E	E	-	-	E	E	-	-	E	E	-	-	E	L	-	-	L	L	L
L	-	-	L	L	L	L	L	-	-	L	L	L	-	-	L	L	-	-	-	-	L	L	L	L	L	-	-
L	L	L	-	-	-	E	L	L	L	L	-	-	-	E	E	E	E	-	-	-	E	L	L	L	-	-	-
E	E	E	E	E	-	-	E	E	E	-	-	E	E	L	-	-	-	-	-	-	-	E	E	E	L	L	-
-	-	E	E	E	-	-	E	E	E	L	-	-	E	E	-	-	L	L	-	-	E	E	-	-	E	E	L
-	-	-	-	-	-	-	-	-	-	-	E	E	L	L	-	-	E	E	-	-	-	L	L	-	-	E	L
Objective 0: 5124
Objective 1: 92
Constr violation: -1
Restrictions violated:
0 0 0 0 0 0 0 1 

Individual 92
1	2	3	4	5	6	7	8	9	10	11	12	13	14	15	16	17	18	19	20	21	22	23	24	25	26	27	28
E	L	L	L	-	-	-	-	-	-	L	L	L	L	L	-	-	E	E	L	-	-	L	L	L	L	-	-
E	E	E	E	E	-	-	-	E	E	E	-	-	-	-	-	-	E	E	E	-	-	-	E	E	E	E	E
E	L	L	L	L	-	-	E	L	L	L	-	-	-	-	-	-	L	L	-	-	-	E	E	E	E	L	-
L	-	-	-	-	-	-	L	L	L	L	L	-	-	E	E	-	-	E	L	L	-	-	E	E	L	L	L
-	E	L	L	-	-	-	E	E	E	E	-	-	E	E	-	-	E	E	-	-	E	L	-	-	L	L	L
L	-	-	L	L	L	L	L	-	-	L	L	L	-	-	L	L	-	-	-	-	L	L	L	L	L	-	-
L	L	L	-	-	-	E	L	L	L	L	-	-	-	E	E	E	E	L	-	-	E	L	L	L	-	-	-
E	E	E	E	E	-	-	E	E	E	-	-	E	E	L	-	-	-	-	-	-	-	E	E	E	L	L	-
-	-	E	E	E	-	-	E	E	E	L	-	-	E	E	-	-	L	L	-	-	E	E	-	-	E	E	L
-	-	-	-	-	-	-	-	-	-	-	E	E	-	-	-	-	E	E	-	-	-	-	-	-	-	E	L
Objective 0: 5322
Objective 1: 87
Constr violation: -1
Restrictions violated:
0 0 0 0 0 0 0 1 

Individual 93
1	2	3	4	5	6	7	8	9	10	11	12	13	14	15	16	17	18	19	20	21	22	23	24	25	26	27	28
E	L	L	L	-	-	-	E	E	E	L	L	-	-	E	E	E	E	E	-	-	-	L	L	L	-	-	L
E	E	E	E	E	-	-	E	E	E	E	-	-	E	E	-	-	E	E	-	-	E	E	E	E	-	-	E
E	E	L	L	L	-	-	E	E	E	E	-	-	-	-	-	-	L	L	L	-	-	E	E	-	-	L	L
L	-	-	E	E	-	-	L	L	L	L	L	-	-	E	E	E	E	-	-	-	L	L	-	-	L	L	L
-	E	L	L	-	-	-	E	E	E	E	-	-	E	E	-	-	E	E	-	-	E	L	-	-	L	L	L
L	-	-	L	L	L	L	L	-	-	L	L	L	-	-	L	L	-	-	-	-	L	L	L	L	L	-	-
L	L	L	-	-	-	E	L	L	L	L	-	-	-	E	E	E	E	-	-	-	E	L	L	L	-	-	-
E	E	E	E	E	-	-	E	E	E	-	-	E	E	L	-	-	-	-	-	-	-	E	E	E	L	L	-
-	-	E	E	E	-	-	E	E	E	L	-	-	E	E	-	-	L	L	-	-	E	E	-	-	E	E	L
E	E	L	L	-	-	-	-	-	-	-	E	E	-	-	-	-	E	E	-	-	-	-	-	-	-	E	L
Objective 0: 6340
Objective 1: 87
Constr violation: -1
Restrictions violated:
0 0 0 0 0 0 0 1 

Individual 94
1	2	3	4	5	6	7	8	9	10	11	12	13	14	15	16	17	18	19	20	21	22	23	24	25	26	27	28
E	L	L	L	-	-	-	-	-	-	L	L	L	L	L	-	-	E	E	L	-	-	L	L	L	L	-	-
E	E	E	E	E	-	-	E	E	E	E	-	-	E	E	-	-	E	E	-	-	-	-	E	E	E	E	E
E	L	L	L	L	-	-	E	E	E	E	E	-	-	-	-	-	L	L	L	-	-	E	E	E	E	L	-
L	-	-	E	E	-	-	L	L	L	L	L	-	-	E	E	-	-	E	L	L	-	-	E	E	L	L	L
-	E	L	L	-	-	-	E	E	E	E	-	-	E	E	-	-	E	E	-	-	E	L	-	-	L	L	L
L	-	-	L	L	L	L	L	-	-	L	L	L	-	-	L	L	-	-	-	-	L	L	L	L	L	-	-
L	L	L	-	-	-	E	L	L	L	L	-	-	-	E	E	E	E	L	-	-	E	L	L	L	-	-	-
E	E	E	E	E	-	-	E	E	E	-	-	E	E	L	-	-	-	-	-	-	-	E	E	E	L	L	-
-	-	E	E	E	-	-	E	E	E	L	-	-	E	E	-	-	L	L	-	-	E	E	-	-	E	E	L
-	-	-	-	-	-	-	-	-	-	-	E	E	-	-	-	-	E	E	-	-	-	-	-	-	-	E	L
Objective 0: 5227
Objective 1: 82
Constr violation: -1
Restrictions violated:
0 0 0 0 0 0 0 1 

Individual 95
1	2	3	4	5	6	7	8	9	10	11	12	13	14	15	16	17	18	19	20	21	22	23	24	25	26	27	28
E	L	L	L	-	-	-	E	E	E	L	L	-	-	E	E	E	E	E	-	-	-	L	L	L	-	-	L
E	E	E	E	E	-	-	E	E	E	E	-	-	E	E	-	-	E	E	-	-	E	E	E	E	-	-	E
E	E	L	L	L	-	-	E	E	E	E	E	-	-	-	-	-	L	L	-	-	E	E	E	-	-	L	L
E	-	-	E	E	E	E	-	-	E	L	L	-	-	E	E	E	E	-	-	-	-	-	E	E	L	L	L
-	E	L	L	-	-	-	E	E	E	E	-	-	E	E	-	-	E	E	-	-	E	L	-	-	L	L	L
L	-	-	L	L	L	L	L	-	-	L	L	L	-	-	L	L	-	-	-	-	L	L	L	L	L	-	-
L	L	L	-	-	-	E	L	L	L	L	-	-	-	E	E	E	E	L	-	-	E	L	L	L	-	-	-
E	E	E	E	E	-	-	E	E	E	-	-	E	E	L	-	-	-	-	-	-	-	E	E	E	L	L	-
-	-	E	E	E	-	-	E	E	E	L	-	-	E	E	-	-	L	L	-	-	E	E	-	-	E	E	L
E	E	L	L	-	-	-	-	E	E	-	-	E	L	L	-	-	E	E	L	-	-	L	L	-	-	E	L
Objective 0: 6146
Objective 1: 83
Constr violation: -1
Restrictions violated:
0 0 0 0 0 0 1 0 

Individual 96
1	2	3	4	5	6	7	8	9	10	11	12	13	14	15	16	17	18	19	20	21	22	23	24	25	26	27	28
E	L	L	L	-	-	-	-	-	-	L	L	L	L	L	-	-	E	E	L	-	-	L	L	L	L	-	-
E	E	E	E	E	-	-	-	E	E	E	-	-	-	-	-	-	E	E	E	-	-	-	E	E	E	E	E
E	L	L	L	L	-	-	E	L	L	L	-	-	-	-	-	-	L	L	-	-	-	E	E	E	E	L	-
E	-	-	-	-	-	-	L	L	L	L	L	-	-	E	E	-	-	E	L	L	-	-	E	E	L	L	L
-	E	L	L	-	-	-	E	E	E	E	-	-	E	E	-	-	E	E	-	-	E	L	-	-	L	L	L
L	-	-	L	L	L	L	L	-	-	L	L	L	-	-	L	L	-	-	-	-	L	L	L	L	L	-	-
L	L	L	-	-	-	E	L	L	L	L	-	-	-	E	E	E	E	L	-	-	E	L	L	L	-	-	-
E	E	E	E	E	-	-	E	E	E	-	-	E	E	L	-	-	-	-	-	-	-	E	E	E	L	L	-
-	-	E	E	E	-	-	E	E	E	L	-	-	E	E	-	-	L	L	-	-	E	E	-	-	E	E	L
E	E	L	L	-	-	-	-	E	E	-	-	E	L	L	-	-	E	E	L	L	-	-	-	-	E	E	L
Objective 0: 5029
Objective 1: 89
Constr violation: -1
Restrictions violated:
0 0 0 0 0 0 1 0 

Individual 97
1	2	3	4	5	6	7	8	9	10	11	12	13	14	15	16	17	18	19	20	21	22	23	24	25	26	27	28
E	L	L	L	-	-	-	L	L	L	L	L	-	-	E	E	E	E	E	-	-	-	L	L	L	L	-	-
E	E	E	E	E	-	-	E	E	E	E	-	-	E	E	-	-	E	E	-	-	-	-	E	E	E	E	E
E	E	L	L	L	-	-	E	E	E	E	E	-	-	-	-	-	L	L	L	-	-	E	E	E	E	L	-
E	-	-	-	E	E	E	-	-	E	L	L	-	-	E	E	E	E	-	-	-	L	L	-	-	L	L	L
-	E	L	L	-	-	-	E	E	E	E	-	-	E	E	-	-	E	E	-	-	E	L	-	-	L	L	L
L	-	-	L	L	L	L	L	-	-	L	L	L	-	-	L	L	-	-	-	-	L	L	L	L	L	-	-
L	L	L	-	-	-	E	L	L	L	L	-	-	-	E	E	E	E	-	-	-	E	L	L	L	-	-	-
E	E	E	E	E	-	-	E	E	E	-	-	E	E	L	-	-	-	-	-	-	-	E	E	E	L	L	-
-	-	E	E	E	-	-	E	E	E	L	-	-	E	E	-	-	L	L	-	-	E	E	-	-	E	E	L
-	-	-	-	-	-	-	-	-	-	-	E	E	L	L	-	-	E	E	-	-	-	-	-	-	E	E	L
Objective 0: 5431
Objective 1: 79
Constr violation: -1
Restrictions violated:
0 0 0 0 0 0 0 1 

Individual 98
1	2	3	4	5	6	7	8	9	10	11	12	13	14	15	16	17	18	19	20	21	22	23	24	25	26	27	28
E	L	L	L	-	-	-	E	E	E	L	L	-	-	E	E	E	E	E	-	-	-	L	L	L	-	-	L
E	E	E	E	E	-	-	E	E	E	E	-	-	E	E	-	-	E	E	-	-	E	E	E	E	-	-	E
E	L	L	L	L	-	-	E	E	E	L	-	-	-	-	-	-	L	L	L	-	-	E	E	-	-	L	L
E	-	-	-	E	E	E	-	-	E	L	L	-	-	E	E	E	E	-	-	-	L	L	-	-	L	L	L
-	E	L	L	-	-	-	E	E	E	E	-	-	E	E	-	-	E	E	-	-	E	L	-	-	L	L	L
L	-	-	L	L	L	L	L	-	-	L	L	L	-	-	L	L	-	-	-	-	L	L	L	L	L	-	-
L	L	L	-	-	-	E	L	L	L	L	-	-	-	E	E	E	E	L	-	-	E	L	L	L	-	-	-
E	E	E	E	E	-	-	E	E	E	-	-	E	E	L	-	-	-	-	-	-	-	E	E	E	L	L	-
-	-	E	E	E	-	-	E	E	E	L	-	-	E	E	-	-	L	L	-	-	E	E	-	-	E	E	L
-	-	-	-	-	-	-	-	-	-	-	E	E	-	-	-	-	E	E	-	-	-	-	-	-	-	E	L
Objective 0: 6336
Objective 1: 85
Constr violation: -1
Restrictions violated:
0 0 0 0 0 0 0 1 

Individual 99
1	2	3	4	5	6	7	8	9	10	11	12	13	14	15	16	17	18	19	20	21	22	23	24	25	26	27	28
E	L	L	L	-	-	-	L	L	L	L	L	-	-	E	E	E	E	E	-	-	-	L	L	L	L	-	-
E	E	E	E	E	-	-	E	E	E	E	-	-	E	E	-	-	E	E	-	-	-	-	E	E	E	E	E
E	E	L	L	L	-	-	E	E	E	E	E	-	-	-	-	-	L	L	L	-	-	E	E	E	E	L	-
E	-	-	E	E	-	-	L	L	L	L	L	-	-	E	E	-	-	E	L	L	L	L	-	-	L	L	L
-	E	L	L	-	-	-	E	E	E	E	-	-	E	E	-	-	E	E	-	-	E	L	-	-	L	L	L
L	-	-	L	L	L	L	L	-	-	L	L	L	-	-	L	L	-	-	-	-	L	L	L	L	L	-	-
L	L	L	-	-	-	E	L	L	L	L	-	-	-	E	E	E	E	-	-	-	E	L	L	L	-	-	-
E	E	E	E	E	-	-	E	E	E	-	-	E	E	L	-	-	-	-	-	-	-	E	E	E	L	L	-
-	-	E	E	E	-	-	E	E	E	L	-	-	E	E	-	-	L	L	-	-	E	E	-	-	E	E	L
-	-	-	-	-	-	-	-	E	E	-	-	E	L	L	-	-	E	E	-	-	-	-	-	-	-	E	L
Objective 0: 5635
Objective 1: 81
Constr violation: -1
Restrictions violated:
0 0 0 0 0 0 0 1 

