Individual 0
1	2	3	4	5	6	7	8	9	10	11	12	13	14	15	16	17	18	19	20	21	22	23	24	25	26	27	28
E	L	L	L	-	-	-	L	L	L	-	-	L	L	-	-	L	L	-	-	-	L	L	-	-	E	E	E
E	E	E	E	E	-	-	E	E	E	E	-	-	E	E	-	-	E	E	-	-	E	E	-	-	-	-	E
E	E	L	L	L	-	-	-	-	L	L	L	L	-	-	-	-	E	E	E	E	E	-	-	L	L	-	-
L	-	-	E	E	-	-	E	E	E	L	L	-	-	E	E	E	-	-	E	E	E	E	-	-	L	L	-
E	E	E	E	L	-	-	L	L	L	L	L	-	-	L	L	L	-	-	-	E	L	-	-	-	E	L	L
L	L	-	-	-	-	-	-	-	-	-	-	-	-	-	L	L	-	-	-	L	L	L	-	-	-	-	L
E	E	E	-	-	E	E	E	-	-	E	E	-	-	L	L	L	L	L	-	-	E	L	L	L	-	-	L
E	L	L	L	L	-	-	L	L	L	-	-	E	L	-	-	L	L	L	-	-	L	L	-	-	E	E	E
L	-	-	E	L	-	-	-	E	E	E	E	E	-	-	-	E	L	L	-	-	E	E	-	-	L	L	L
-	E	E	E	-	-	-	E	E	E	L	L	-	-	-	E	E	E	E	E	-	-	-	-	-	L	L	L
Objective 0: 5229
Objective 1: 90
Constr violation: -1
Restrictions violated:
0 0 0 0 0 0 0 1 

Individual 1
1	2	3	4	5	6	7	8	9	10	11	12	13	14	15	16	17	18	19	20	21	22	23	24	25	26	27	28
E	L	L	L	-	-	-	L	L	L	-	-	L	L	-	-	L	L	-	-	-	L	L	-	-	E	E	E
E	E	E	E	E	-	-	E	E	E	E	-	-	E	E	-	-	E	E	-	-	E	E	-	-	-	-	E
E	E	L	L	L	-	-	-	-	L	L	L	L	-	-	-	-	E	E	E	E	E	-	-	L	L	-	-
L	-	-	E	E	-	-	-	E	E	L	L	-	-	E	E	E	-	-	E	E	E	E	-	-	L	L	-
-	-	E	E	L	-	-	L	L	L	L	L	-	-	L	L	L	-	-	-	E	L	-	-	-	E	L	L
L	L	-	-	-	L	L	L	-	-	L	L	L	-	-	L	L	-	-	L	L	L	L	L	-	-	-	L
E	E	E	-	-	E	E	E	-	-	E	E	-	-	L	L	L	L	L	-	-	-	L	L	L	-	-	-
E	L	L	L	-	-	-	L	L	L	-	-	E	L	-	-	E	L	L	L	L	-	-	E	L	-	-	-
L	-	-	E	L	-	-	-	E	E	E	E	E	-	-	-	E	L	L	-	-	E	E	-	-	L	L	L
-	E	E	E	-	-	-	E	E	E	L	L	-	-	-	E	E	E	E	E	-	-	-	-	-	L	L	L
Objective 0: 4624
Objective 1: 94
Constr violation: -1
Restrictions violated:
0 0 0 0 0 0 1 0 

Individual 2
1	2	3	4	5	6	7	8	9	10	11	12	13	14	15	16	17	18	19	20	21	22	23	24	25	26	27	28
E	E	E	E	-	-	-	E	L	L	-	-	E	L	-	-	L	L	-	-	-	E	L	-	-	E	E	L
E	E	E	E	E	-	-	E	E	E	E	-	-	E	E	-	-	E	E	-	-	E	E	-	-	-	-	E
E	E	L	L	L	-	-	-	-	L	L	L	L	-	-	-	-	E	E	E	E	E	-	-	L	L	-	-
L	-	-	E	E	-	-	-	E	E	L	L	-	-	E	E	E	-	-	E	E	E	E	-	-	L	L	-
-	-	E	E	L	-	-	L	L	L	L	L	-	-	L	L	L	L	L	-	-	-	-	-	-	E	L	L
-	-	-	-	-	-	-	-	-	-	-	-	-	-	-	-	-	-	-	-	L	L	L	-	-	-	-	L
E	E	E	-	-	-	-	E	E	E	-	-	-	-	L	L	L	L	L	-	-	E	L	L	L	-	-	L
E	L	L	L	-	-	-	L	L	L	-	-	E	L	-	-	E	L	L	L	L	-	-	E	L	-	-	-
L	-	-	E	L	-	-	-	E	E	E	E	E	-	-	-	E	L	L	-	-	E	E	-	-	L	L	L
-	E	E	E	-	-	-	E	E	E	L	L	-	-	-	E	E	E	E	E	-	-	-	-	-	L	L	L
Objective 0: 6632
Objective 1: 103
Constr violation: -1
Restrictions violated:
0 0 0 0 0 0 0 1 

Individual 3
1	2	3	4	5	6	7	8	9	10	11	12	13	14	15	16	17	18	19	20	21	22	23	24	25	26	27	28
E	L	L	L	-	-	-	L	L	L	-	-	L	L	-	-	L	L	-	-	-	L	L	-	-	E	E	E
E	E	E	E	E	-	-	E	E	E	E	-	-	E	E	-	-	E	E	-	-	E	E	-	-	-	-	E
E	E	L	L	L	-	-	-	-	L	L	L	L	-	-	-	-	E	E	E	E	E	-	-	L	L	-	-
L	-	-	E	E	-	-	-	E	E	L	L	-	-	E	E	E	-	-	E	E	E	E	-	-	L	L	-
-	-	E	E	L	-	-	L	L	L	L	L	-	-	L	L	L	-	-	-	E	L	-	-	-	E	L	L
L	L	-	-	-	-	-	-	-	-	-	-	-	-	-	L	L	-	-	-	L	L	L	L	-	-	-	L
E	E	E	-	-	E	E	E	-	-	E	E	-	-	L	L	L	L	L	-	-	-	L	L	L	-	-	-
E	L	L	L	-	-	-	L	L	L	-	-	E	L	-	-	E	L	L	L	L	-	-	E	L	-	-	-
L	-	-	E	L	-	-	-	E	E	E	E	E	-	-	-	E	L	L	-	-	E	E	-	-	L	L	L
-	E	E	E	-	-	-	E	E	E	L	L	-	-	-	E	E	E	E	E	-	-	-	-	-	L	L	L
Objective 0: 5021
Objective 1: 92
Constr violation: -1
Restrictions violated:
0 0 0 0 0 0 0 1 

Individual 4
1	2	3	4	5	6	7	8	9	10	11	12	13	14	15	16	17	18	19	20	21	22	23	24	25	26	27	28
E	E	E	E	-	-	-	E	L	L	-	-	E	L	-	-	L	L	-	-	-	E	L	-	-	E	E	E
E	E	E	E	E	-	-	E	E	E	E	-	-	E	E	-	-	E	E	-	-	E	E	-	-	-	-	E
E	E	L	L	L	-	-	-	-	L	L	L	L	-	-	-	-	E	E	E	E	E	-	-	L	L	-	-
L	-	-	E	E	-	-	-	E	E	L	L	-	-	E	E	E	-	-	E	E	E	E	-	-	L	L	-
-	-	E	E	L	-	-	L	L	L	L	L	-	-	L	L	L	L	L	-	-	-	-	-	-	E	L	L
-	-	-	-	-	-	-	-	-	-	-	-	-	-	-	-	-	-	-	-	L	L	L	-	-	-	-	L
E	E	E	-	-	-	-	E	E	E	-	-	-	-	L	L	L	L	L	-	-	E	L	L	L	-	-	L
E	L	L	L	-	-	-	L	L	L	-	-	E	L	-	-	E	L	L	L	L	-	-	E	L	-	-	-
L	-	-	E	L	-	-	-	E	E	E	E	E	-	-	-	E	L	L	-	-	E	E	-	-	L	L	L
-	E	E	E	-	-	-	E	E	E	L	L	-	-	-	E	E	E	E	E	-	-	-	-	-	L	L	L
Objective 0: 6531
Objective 1: 103
Constr violation: -1
Restrictions violated:
0 0 0 0 0 0 0 1 

Individual 5
1	2	3	4	5	6	7	8	9	10	11	12	13	14	15	16	17	18	19	20	21	22	23	24	25	26	27	28
E	E	E	E	E	-	-	E	L	L	-	-	E	L	-	-	L	L	-	-	-	E	L	-	-	E	E	L
E	E	E	E	E	-	-	E	E	E	E	-	-	E	E	-	-	E	E	-	-	E	E	-	-	-	-	E
E	E	L	L	L	-	-	-	-	L	L	L	L	-	-	-	-	E	E	E	E	E	-	-	L	L	-	-
E	-	-	E	L	-	-	E	E	E	L	L	-	-	E	E	L	-	-	E	E	E	L	-	-	L	L	L
E	E	E	E	L	-	-	L	L	L	L	L	-	-	L	L	L	L	L	-	-	-	-	-	-	E	L	L
L	L	-	-	L	L	L	L	-	-	L	L	L	-	-	L	L	-	-	L	L	L	L	L	-	-	L	L
E	E	E	-	-	E	E	E	-	-	E	E	-	-	L	L	L	L	L	-	-	E	L	L	L	-	-	L
E	L	L	L	L	-	-	L	L	L	-	-	E	L	-	-	L	L	L	-	-	L	L	-	-	E	E	E
L	-	-	E	L	-	-	-	E	E	E	E	E	-	-	-	E	L	L	-	-	E	E	-	-	L	L	L
-	E	E	E	-	-	-	E	E	E	L	L	-	-	-	E	E	E	E	E	-	-	-	-	-	L	L	L
Objective 0: 5746
Objective 1: 102
Constr violation: -1
Restrictions violated:
0 0 0 0 0 0 1 0 

Individual 6
1	2	3	4	5	6	7	8	9	10	11	12	13	14	15	16	17	18	19	20	21	22	23	24	25	26	27	28
E	E	E	E	-	-	-	E	L	L	-	-	L	L	-	-	L	L	-	-	-	L	L	-	-	E	E	L
E	E	E	E	E	-	-	E	E	E	E	-	-	E	E	-	-	E	E	-	-	E	E	-	-	-	-	E
E	E	L	L	L	-	-	-	-	L	L	L	L	-	-	-	-	E	E	E	E	E	-	-	L	L	-	-
L	-	-	E	E	-	-	-	E	E	L	L	-	-	E	E	E	-	-	E	E	E	L	-	-	L	L	-
-	-	E	E	L	-	-	L	L	L	L	L	-	-	L	L	L	-	-	-	E	L	-	-	-	E	L	L
-	-	-	-	-	-	-	-	-	-	-	-	-	-	-	-	-	-	-	-	L	L	L	-	-	-	-	L
E	E	E	-	-	-	-	E	E	E	-	-	-	-	L	L	L	L	L	-	-	E	L	L	L	-	-	L
E	L	L	L	-	-	-	L	L	L	-	-	E	L	-	-	E	L	L	L	L	-	-	E	L	-	-	-
L	-	-	E	L	-	-	-	E	E	E	E	E	-	-	-	E	L	L	-	-	E	E	-	-	L	L	L
-	E	E	E	-	-	-	E	E	E	L	L	-	-	-	E	E	E	E	E	-	-	-	-	-	L	L	L
Objective 0: 6430
Objective 1: 98
Constr violation: -1
Restrictions violated:
0 0 0 0 0 0 0 1 

Individual 7
1	2	3	4	5	6	7	8	9	10	11	12	13	14	15	16	17	18	19	20	21	22	23	24	25	26	27	28
E	L	L	L	-	-	-	L	L	L	-	-	L	L	-	-	L	L	-	-	-	L	L	-	-	E	E	E
E	E	E	E	E	-	-	E	E	E	E	-	-	E	E	-	-	E	E	-	-	E	E	-	-	-	-	E
E	E	L	L	L	-	-	-	-	L	L	L	L	-	-	-	-	E	E	E	E	E	-	-	L	L	-	-
L	-	-	E	E	-	-	-	E	E	L	L	-	-	E	E	E	-	-	E	E	E	E	-	-	L	L	-
-	-	E	E	L	-	-	L	L	L	L	L	-	-	L	L	L	-	-	-	E	L	-	-	-	E	L	L
L	L	-	-	-	-	-	-	-	-	-	-	-	-	-	-	-	-	-	-	L	L	L	-	-	-	-	L
E	E	E	-	-	E	E	E	-	-	E	E	-	-	L	L	L	L	L	-	-	-	L	L	L	-	-	-
E	L	L	L	-	-	-	L	L	L	-	-	E	L	-	-	E	L	L	L	L	-	-	E	L	-	-	-
L	-	-	E	L	-	-	-	E	E	E	E	E	-	-	-	E	L	L	-	-	E	E	-	-	L	L	L
-	E	E	E	-	-	-	E	E	E	L	L	-	-	-	E	E	E	E	E	-	-	-	-	-	L	L	L
Objective 0: 5321
Objective 1: 95
Constr violation: -1
Restrictions violated:
0 0 0 0 0 0 0 1 

Individual 8
1	2	3	4	5	6	7	8	9	10	11	12	13	14	15	16	17	18	19	20	21	22	23	24	25	26	27	28
E	L	L	L	-	-	-	L	L	L	-	-	L	L	-	-	L	L	-	-	-	L	L	-	-	E	E	E
E	E	E	E	E	-	-	E	E	E	E	-	-	E	E	-	-	E	E	-	-	E	E	-	-	-	-	E
E	E	L	L	L	-	-	-	-	L	L	L	L	-	-	-	-	E	E	E	E	E	-	-	L	L	-	-
L	-	-	E	E	-	-	-	E	E	L	L	-	-	E	E	E	-	-	E	E	E	E	-	-	L	L	-
E	E	E	E	L	-	-	L	L	L	L	L	-	-	L	L	L	L	L	-	-	-	-	-	-	E	L	L
-	-	-	-	-	-	-	-	-	-	-	-	-	-	-	L	L	-	-	-	L	L	L	-	-	-	-	L
E	E	E	-	-	E	E	E	-	-	E	E	-	-	L	L	L	L	L	-	-	E	L	L	L	-	-	L
E	L	L	L	L	-	-	L	L	L	-	-	E	L	-	-	E	L	L	-	-	L	L	-	-	E	E	E
L	-	-	E	L	-	-	-	E	E	E	E	E	-	-	-	E	L	L	-	-	E	E	-	-	L	L	L
-	E	E	E	-	-	-	E	E	E	L	L	-	-	-	E	E	E	E	E	-	-	-	-	-	L	L	L
Objective 0: 5428
Objective 1: 98
Constr violation: -1
Restrictions violated:
0 0 0 0 0 0 0 1 

Individual 9
1	2	3	4	5	6	7	8	9	10	11	12	13	14	15	16	17	18	19	20	21	22	23	24	25	26	27	28
E	L	L	L	-	-	-	L	L	L	-	-	L	L	-	-	L	L	-	-	-	L	L	-	-	E	E	E
E	E	E	E	E	-	-	E	E	E	E	-	-	E	E	-	-	E	E	-	-	E	E	-	-	-	-	E
E	E	L	L	L	-	-	-	-	L	L	L	L	-	-	-	-	E	E	E	E	E	-	-	L	L	-	-
L	-	-	E	E	-	-	-	E	E	L	L	-	-	E	E	E	-	-	E	E	E	E	-	-	L	L	-
E	E	E	E	L	-	-	L	L	L	L	L	-	-	L	L	L	L	L	-	-	-	-	-	-	E	L	L
L	L	-	-	L	L	L	L	-	-	L	L	-	-	-	L	L	-	-	L	L	L	L	L	-	-	L	L
E	E	E	L	L	-	-	E	E	E	-	-	-	-	L	L	L	L	L	-	-	E	L	L	L	-	-	L
E	E	E	L	L	-	-	L	L	L	-	-	E	L	-	-	L	L	L	-	-	L	L	-	-	E	E	-
L	-	-	E	L	-	-	-	E	E	E	E	E	-	-	-	E	L	L	-	-	E	E	-	-	L	L	L
-	E	E	E	-	-	-	E	E	E	L	L	-	-	-	E	E	E	E	E	-	-	-	-	-	L	L	L
Objective 0: 5539
Objective 1: 101
Constr violation: -1
Restrictions violated:
0 0 0 0 0 0 1 0 

Individual 10
1	2	3	4	5	6	7	8	9	10	11	12	13	14	15	16	17	18	19	20	21	22	23	24	25	26	27	28
E	E	E	L	-	-	-	L	L	L	-	-	L	L	-	-	L	L	-	-	-	L	L	-	-	E	E	E
E	E	E	E	E	-	-	E	E	E	E	-	-	E	E	-	-	E	E	-	-	E	E	-	-	-	-	E
E	E	L	L	L	-	-	-	-	L	L	L	L	-	-	-	-	E	E	E	E	E	-	-	L	L	-	-
L	-	-	E	E	-	-	-	E	E	L	L	-	-	E	E	E	-	-	E	E	E	E	-	-	L	L	-
-	-	E	E	L	-	-	L	L	L	L	L	-	-	L	L	L	-	-	-	E	L	-	-	-	E	L	L
L	L	-	-	-	L	L	L	-	-	L	L	L	-	-	L	L	-	-	L	L	L	L	L	-	-	-	L
E	E	E	-	-	E	E	E	-	-	E	E	-	-	L	L	L	L	L	-	-	-	L	L	L	-	-	-
E	L	L	L	-	-	-	L	L	L	-	-	E	L	-	-	E	L	L	L	L	-	-	E	L	-	-	-
L	-	-	E	L	-	-	-	E	E	E	E	E	-	-	-	E	L	L	-	-	E	E	-	-	L	L	L
-	E	E	E	-	-	-	E	E	E	L	L	-	-	-	E	E	E	E	E	-	-	-	-	-	L	L	L
Objective 0: 4826
Objective 1: 94
Constr violation: -1
Restrictions violated:
0 0 0 0 0 0 1 0 

Individual 11
1	2	3	4	5	6	7	8	9	10	11	12	13	14	15	16	17	18	19	20	21	22	23	24	25	26	27	28
E	L	L	L	-	-	-	L	L	L	-	-	L	L	-	-	L	L	-	-	-	L	L	-	-	E	E	E
E	E	E	E	E	-	-	E	E	E	E	-	-	E	E	-	-	E	E	-	-	E	E	-	-	-	-	E
E	E	L	L	L	-	-	-	-	L	L	L	L	-	-	-	-	E	E	E	E	E	-	-	L	L	-	-
E	-	-	E	L	-	-	E	E	E	L	L	-	-	E	E	L	-	-	E	E	E	L	-	-	L	L	L
-	-	E	E	L	-	-	L	L	L	L	L	-	-	L	L	L	-	-	-	E	L	-	-	-	E	L	L
L	L	-	-	-	-	-	-	-	-	-	-	-	-	-	L	L	-	-	L	L	L	L	L	-	-	L	L
E	E	E	L	L	-	-	E	E	E	-	-	-	-	L	L	L	L	L	-	-	E	L	L	L	-	-	L
E	E	E	L	L	-	-	L	L	L	-	-	E	L	-	-	L	L	L	-	-	L	L	-	-	E	E	E
L	-	-	E	L	-	-	-	E	E	E	E	E	-	-	-	E	L	L	-	-	E	E	-	-	L	L	L
-	E	E	E	-	-	-	E	E	E	L	L	-	-	-	E	E	E	E	E	-	-	-	-	-	L	L	L
Objective 0: 5938
Objective 1: 91
Constr violation: -1
Restrictions violated:
0 0 0 0 0 0 0 1 

Individual 12
1	2	3	4	5	6	7	8	9	10	11	12	13	14	15	16	17	18	19	20	21	22	23	24	25	26	27	28
E	E	E	E	E	-	-	L	L	L	-	-	L	L	-	-	L	L	-	-	-	E	L	-	-	E	E	L
E	E	E	E	E	-	-	E	E	E	E	-	-	E	E	-	-	E	E	-	-	E	E	-	-	-	-	E
E	E	L	L	L	-	-	-	-	L	L	L	L	-	-	-	-	E	E	E	E	E	-	-	L	L	-	-
E	-	-	E	L	-	-	E	E	E	L	L	-	-	E	E	L	-	-	E	E	E	L	-	-	L	L	L
-	-	E	E	L	-	-	L	L	L	L	L	-	-	L	L	L	L	L	-	-	-	-	-	-	E	L	L
L	L	-	-	L	L	L	L	-	-	L	L	-	-	-	L	L	-	-	L	L	L	L	L	-	-	L	L
E	E	E	L	L	-	-	E	E	E	-	-	-	-	L	L	L	L	L	-	-	E	L	L	L	-	-	L
E	E	E	L	L	-	-	L	L	L	-	-	E	L	-	-	L	L	L	-	-	L	L	-	-	E	E	E
L	-	-	E	L	-	-	-	E	E	E	E	E	-	-	-	E	L	L	-	-	E	E	-	-	L	L	L
-	E	E	E	-	-	-	E	E	E	L	L	-	-	-	E	E	E	E	E	-	-	-	-	-	L	L	L
Objective 0: 6147
Objective 1: 100
Constr violation: -1
Restrictions violated:
0 0 0 0 0 0 1 0 

Individual 13
1	2	3	4	5	6	7	8	9	10	11	12	13	14	15	16	17	18	19	20	21	22	23	24	25	26	27	28
E	L	L	L	-	-	-	L	L	L	-	-	L	L	-	-	L	L	-	-	-	L	L	-	-	E	E	E
E	E	E	E	E	-	-	E	E	E	E	-	-	E	E	-	-	E	E	-	-	E	E	-	-	-	-	E
E	E	L	L	L	-	-	-	-	L	L	L	L	-	-	-	-	E	E	E	E	E	-	-	L	L	-	-
E	-	-	E	L	-	-	E	E	E	L	L	-	-	E	E	L	-	-	E	E	E	L	-	-	L	L	L
E	E	E	E	L	-	-	L	L	L	L	L	-	-	L	L	L	-	-	-	E	L	-	-	-	E	L	L
L	L	-	-	-	-	-	-	-	-	-	-	-	-	-	L	L	-	-	-	L	L	L	-	-	-	-	L
E	E	E	-	-	E	E	E	-	-	E	E	-	-	L	L	L	L	L	-	-	-	L	L	L	-	-	-
E	L	L	L	-	-	-	L	L	L	-	-	E	L	-	-	E	L	L	L	L	-	-	E	L	-	-	-
L	-	-	E	L	-	-	-	E	E	E	E	E	-	-	-	E	L	L	-	-	E	E	-	-	L	L	L
-	E	E	E	-	-	-	E	E	E	L	L	-	-	-	E	E	E	E	E	-	-	-	-	-	L	L	L
Objective 0: 5529
Objective 1: 91
Constr violation: -1
Restrictions violated:
0 0 0 0 0 0 0 1 

Individual 14
1	2	3	4	5	6	7	8	9	10	11	12	13	14	15	16	17	18	19	20	21	22	23	24	25	26	27	28
E	E	E	E	E	-	-	E	L	L	-	-	L	L	-	-	L	L	-	-	-	L	L	-	-	E	E	E
E	E	E	E	E	-	-	E	E	E	E	-	-	E	E	-	-	E	E	-	-	E	E	-	-	-	-	E
E	E	L	L	L	-	-	-	-	L	L	L	L	-	-	-	-	E	E	E	E	E	-	-	L	L	-	-
E	-	-	E	E	-	-	E	E	E	L	L	-	-	E	E	L	-	-	E	E	E	L	-	-	L	L	L
E	E	E	E	L	-	-	L	L	L	L	L	-	-	L	L	L	-	-	-	E	L	-	-	-	E	L	L
L	L	-	-	-	-	-	-	-	-	-	-	-	-	-	L	L	-	-	L	L	L	L	L	-	-	L	L
E	E	E	L	L	-	-	E	E	E	-	-	-	-	L	L	L	L	L	-	-	E	L	L	L	-	-	L
E	E	E	L	L	-	-	L	L	L	-	-	E	L	-	-	E	L	L	-	-	L	L	-	-	E	E	E
L	-	-	E	L	-	-	-	E	E	E	E	E	-	-	-	E	L	L	-	-	E	E	-	-	L	L	L
-	E	E	E	-	-	-	E	E	E	L	L	-	-	-	E	E	E	E	E	-	-	-	-	-	L	L	L
Objective 0: 6042
Objective 1: 93
Constr violation: -1
Restrictions violated:
0 0 0 0 0 0 0 1 

Individual 15
1	2	3	4	5	6	7	8	9	10	11	12	13	14	15	16	17	18	19	20	21	22	23	24	25	26	27	28
E	E	E	E	E	-	-	E	L	L	-	-	L	L	-	-	L	L	-	-	-	L	L	-	-	E	E	E
E	E	E	E	E	-	-	E	E	E	E	-	-	E	E	-	-	E	E	-	-	E	E	-	-	-	-	E
E	E	L	L	L	-	-	-	-	L	L	L	L	-	-	-	-	E	E	E	E	E	-	-	L	L	-	-
E	-	-	E	L	-	-	E	E	E	L	L	-	-	E	E	L	-	-	E	E	E	L	-	-	L	L	L
E	E	E	E	L	-	-	L	L	L	L	L	-	-	L	L	L	-	-	-	E	L	-	-	-	E	L	L
-	-	-	-	-	-	-	-	-	-	-	-	-	-	-	-	-	-	-	-	L	L	L	-	-	-	-	L
E	E	E	-	-	-	-	E	E	E	-	-	-	-	L	L	L	L	L	-	-	E	L	L	L	-	-	L
E	L	L	L	-	-	-	L	L	L	-	-	E	L	-	-	E	L	L	L	L	-	-	E	L	-	-	-
L	-	-	E	L	-	-	-	E	E	E	E	E	-	-	-	E	L	L	-	-	E	E	-	-	L	L	L
-	E	E	E	-	-	-	E	E	E	L	L	-	-	-	E	E	E	E	E	-	-	-	-	-	L	L	L
Objective 0: 6435
Objective 1: 96
Constr violation: -1
Restrictions violated:
0 0 0 0 0 0 0 1 

Individual 16
1	2	3	4	5	6	7	8	9	10	11	12	13	14	15	16	17	18	19	20	21	22	23	24	25	26	27	28
E	E	E	E	-	-	-	E	L	L	-	-	E	L	-	-	L	L	-	-	-	E	L	-	-	E	E	L
E	E	E	E	E	-	-	E	E	E	E	-	-	E	E	-	-	E	E	-	-	E	E	-	-	-	-	E
E	E	L	L	L	-	-	-	-	L	L	L	L	-	-	-	-	E	E	E	E	E	-	-	L	L	-	-
L	-	-	E	E	-	-	-	E	E	L	L	-	-	E	E	E	-	-	E	E	E	E	-	-	L	L	-
-	-	E	E	L	-	-	L	L	L	L	L	-	-	L	L	L	-	-	-	E	L	-	-	-	E	L	L
L	L	-	-	L	L	L	L	-	-	L	L	-	-	-	L	L	-	-	L	L	L	L	L	-	-	L	L
E	E	E	L	L	-	-	E	E	E	-	-	-	-	L	L	L	L	L	-	-	E	L	L	L	-	-	L
E	E	E	L	L	-	-	L	L	L	-	-	E	L	-	-	E	L	L	-	-	L	L	-	-	E	E	-
L	-	-	E	L	-	-	-	E	E	E	E	E	-	-	-	E	L	L	-	-	E	E	-	-	L	L	L
-	E	E	E	-	-	-	E	E	E	L	L	-	-	-	E	E	E	E	E	-	-	-	-	-	L	L	L
Objective 0: 5840
Objective 1: 97
Constr violation: -1
Restrictions violated:
0 0 0 0 0 0 1 0 

Individual 17
1	2	3	4	5	6	7	8	9	10	11	12	13	14	15	16	17	18	19	20	21	22	23	24	25	26	27	28
E	L	L	L	-	-	-	L	L	L	-	-	L	L	-	-	L	L	-	-	-	E	L	-	-	E	E	L
E	E	E	E	E	-	-	E	E	E	E	-	-	E	E	-	-	E	E	-	-	E	E	-	-	-	-	E
E	E	L	L	L	-	-	-	-	L	L	L	L	-	-	-	-	E	E	E	E	E	-	-	L	L	-	-
L	-	-	E	E	-	-	-	E	E	L	L	-	-	E	E	L	-	-	E	E	E	L	-	-	L	L	L
E	E	E	E	L	-	-	L	L	L	L	L	-	-	L	L	L	L	L	-	-	-	-	-	-	E	L	L
-	-	-	-	-	-	-	-	-	-	-	-	-	-	-	L	L	-	-	L	L	L	L	L	-	-	L	L
E	E	E	-	-	E	E	E	-	-	E	E	-	-	L	L	L	L	L	-	-	E	L	L	L	-	-	L
E	L	L	L	-	-	-	L	L	L	-	-	E	L	-	-	L	L	L	-	-	L	L	-	-	E	E	E
L	-	-	E	L	-	-	-	E	E	E	E	E	-	-	-	E	L	L	-	-	E	E	-	-	L	L	L
-	E	E	E	-	-	-	E	E	E	L	L	-	-	-	E	E	E	E	E	-	-	-	-	-	L	L	L
Objective 0: 5734
Objective 1: 99
Constr violation: -1
Restrictions violated:
0 0 0 0 0 0 0 1 

Individual 18
1	2	3	4	5	6	7	8	9	10	11	12	13	14	15	16	17	18	19	20	21	22	23	24	25	26	27	28
E	E	E	E	E	-	-	E	L	L	-	-	L	L	-	-	L	L	-	-	-	L	L	-	-	E	E	E
E	E	E	E	E	-	-	E	E	E	E	-	-	E	E	-	-	E	E	-	-	E	E	-	-	-	-	E
E	E	L	L	L	-	-	-	-	L	L	L	L	-	-	-	-	E	E	E	E	E	-	-	L	L	-	-
E	-	-	E	L	-	-	E	E	E	L	L	-	-	E	E	L	-	-	E	E	E	L	-	-	L	L	L
E	E	E	E	L	-	-	L	L	L	L	L	-	-	L	L	L	-	-	-	E	L	-	-	-	E	L	L
L	L	-	-	L	L	L	L	-	-	L	L	L	-	-	L	L	-	-	L	L	L	L	L	-	-	L	L
E	E	E	-	-	E	E	E	-	-	E	E	-	-	L	L	L	L	L	-	-	-	L	L	L	-	-	-
E	L	L	L	-	-	-	L	L	L	-	-	E	L	-	-	E	L	L	L	L	-	-	E	L	-	-	-
L	-	-	E	L	-	-	-	E	E	E	E	E	-	-	-	E	L	L	-	-	E	E	-	-	L	L	L
-	E	E	E	-	-	-	E	E	E	L	L	-	-	-	E	E	E	E	E	-	-	-	-	-	L	L	L
Objective 0: 5237
Objective 1: 96
Constr violation: -1
Restrictions violated:
0 0 0 0 0 0 1 0 

Individual 19
1	2	3	4	5	6	7	8	9	10	11	12	13	14	15	16	17	18	19	20	21	22	23	24	25	26	27	28
E	E	E	E	E	-	-	L	L	L	-	-	E	L	-	-	L	L	-	-	-	E	L	-	-	E	E	L
E	E	E	E	E	-	-	E	E	E	E	-	-	E	E	-	-	E	E	-	-	E	E	-	-	-	-	E
E	E	L	L	L	-	-	-	-	L	L	L	L	-	-	-	-	E	E	E	E	E	-	-	L	L	-	-
E	-	-	E	L	-	-	E	E	E	L	L	-	-	E	E	L	-	-	E	E	E	L	-	-	L	L	L
E	E	E	E	L	-	-	L	L	L	L	L	-	-	L	L	L	L	L	-	-	-	-	-	-	E	L	L
-	-	-	-	-	-	-	-	-	-	-	-	-	-	-	L	L	-	-	L	L	L	L	L	-	-	L	L
E	E	E	-	-	-	-	E	E	E	-	-	-	-	L	L	L	L	L	-	-	E	L	L	L	-	-	L
E	L	L	L	-	-	-	L	L	L	-	-	E	L	-	-	L	L	L	-	-	L	L	-	-	E	E	-
L	-	-	E	L	-	-	-	E	E	E	E	E	-	-	-	E	L	L	-	-	E	E	-	-	L	L	L
-	E	E	E	-	-	-	E	E	E	L	L	-	-	-	E	E	E	E	E	-	-	-	-	-	L	L	L
Objective 0: 6642
Objective 1: 97
Constr violation: -1
Restrictions violated:
0 0 0 0 0 0 0 1 

Individual 20
1	2	3	4	5	6	7	8	9	10	11	12	13	14	15	16	17	18	19	20	21	22	23	24	25	26	27	28
E	L	L	L	-	-	-	L	L	L	-	-	L	L	-	-	L	L	-	-	-	L	L	-	-	E	E	E
E	E	E	E	E	-	-	E	E	E	E	-	-	E	E	-	-	E	E	-	-	E	E	-	-	-	-	E
E	E	L	L	L	-	-	-	-	L	L	L	L	-	-	-	-	E	E	E	E	E	-	-	L	L	-	-
L	-	-	E	E	-	-	-	E	E	L	L	-	-	E	E	E	-	-	E	E	E	L	-	-	L	L	-
-	-	E	E	L	-	-	L	L	L	L	L	-	-	L	L	L	L	L	-	-	-	-	-	-	E	L	L
-	-	-	-	-	-	-	-	-	-	-	-	-	-	-	-	-	-	-	-	L	L	L	-	-	-	-	L
E	E	E	-	-	-	-	E	E	E	-	-	-	-	L	L	L	L	L	-	-	E	L	L	L	-	-	L
E	E	E	L	L	-	-	L	L	L	-	-	E	L	-	-	L	L	L	-	-	L	L	-	-	E	E	-
L	-	-	E	L	-	-	-	E	E	E	E	E	-	-	-	E	L	L	-	-	E	E	-	-	L	L	L
-	E	E	E	-	-	-	E	E	E	L	L	-	-	-	E	E	E	E	E	-	-	-	-	-	L	L	L
Objective 0: 6330
Objective 1: 102
Constr violation: -1
Restrictions violated:
0 0 0 0 0 0 0 1 

Individual 21
1	2	3	4	5	6	7	8	9	10	11	12	13	14	15	16	17	18	19	20	21	22	23	24	25	26	27	28
E	L	L	L	-	-	-	L	L	L	-	-	L	L	-	-	L	L	-	-	-	L	L	-	-	E	E	E
E	E	E	E	E	-	-	E	E	E	E	-	-	E	E	-	-	E	E	-	-	E	E	-	-	-	-	E
E	E	L	L	L	-	-	-	-	L	L	L	L	-	-	-	-	E	E	E	E	E	-	-	L	L	-	-
L	-	-	E	E	-	-	-	E	E	L	L	-	-	E	E	E	-	-	E	E	E	E	-	-	L	L	-
-	-	E	E	L	-	-	L	L	L	L	L	-	-	L	L	L	-	-	-	E	L	-	-	-	E	L	L
-	-	-	-	-	-	-	-	-	-	-	-	-	-	-	L	L	-	-	L	L	L	L	L	-	-	L	L
E	E	E	-	-	E	E	E	-	-	E	E	-	-	L	L	L	L	L	-	-	E	L	L	L	-	-	L
E	L	L	L	-	-	-	L	L	L	-	-	E	L	-	-	L	L	L	-	-	L	L	-	-	E	E	E
L	-	-	E	L	-	-	-	E	E	E	E	E	-	-	-	E	L	L	-	-	E	E	-	-	L	L	L
-	E	E	E	-	-	-	E	E	E	L	L	-	-	-	E	E	E	E	E	-	-	-	-	-	L	L	L
Objective 0: 5226
Objective 1: 92
Constr violation: -1
Restrictions violated:
0 0 0 0 0 0 0 1 

Individual 22
1	2	3	4	5	6	7	8	9	10	11	12	13	14	15	16	17	18	19	20	21	22	23	24	25	26	27	28
E	L	L	L	-	-	-	L	L	L	-	-	L	L	-	-	L	L	-	-	-	L	L	-	-	E	E	E
E	E	E	E	E	-	-	E	E	E	E	-	-	E	E	-	-	E	E	-	-	E	E	-	-	-	-	E
E	E	L	L	L	-	-	-	-	L	L	L	L	-	-	-	-	E	E	E	E	E	-	-	L	L	-	-
L	-	-	E	E	-	-	E	E	E	L	L	-	-	E	E	E	-	-	E	E	E	E	-	-	L	L	L
E	E	E	E	L	-	-	L	L	L	L	L	-	-	L	L	L	-	-	-	E	L	-	-	-	E	L	L
L	L	-	-	-	-	-	-	-	-	-	-	-	-	-	L	L	-	-	L	L	L	L	L	-	-	L	L
E	E	E	-	-	E	E	E	-	-	E	E	-	-	L	L	L	L	L	-	-	-	L	L	L	-	-	-
E	E	E	L	L	-	-	L	L	L	-	-	E	L	-	-	E	L	L	L	L	-	-	E	L	-	-	-
L	-	-	E	L	-	-	-	E	E	E	E	E	-	-	-	E	L	L	-	-	E	E	-	-	L	L	L
-	E	E	E	-	-	-	E	E	E	L	L	-	-	-	E	E	E	E	E	-	-	-	-	-	L	L	L
Objective 0: 5129
Objective 1: 90
Constr violation: -1
Restrictions violated:
0 0 0 0 0 0 0 1 

Individual 23
1	2	3	4	5	6	7	8	9	10	11	12	13	14	15	16	17	18	19	20	21	22	23	24	25	26	27	28
E	L	L	L	-	-	-	L	L	L	-	-	L	L	-	-	L	L	-	-	-	L	L	-	-	E	E	E
E	E	E	E	E	-	-	E	E	E	E	-	-	E	E	-	-	E	E	-	-	E	E	-	-	-	-	E
E	E	L	L	L	-	-	-	-	L	L	L	L	-	-	-	-	E	E	E	E	E	-	-	L	L	-	-
E	-	-	E	L	-	-	E	E	E	L	L	-	-	E	E	L	-	-	E	E	E	L	-	-	L	L	L
E	E	E	E	L	-	-	L	L	L	L	L	-	-	L	L	L	L	L	-	-	-	-	-	-	E	L	L
L	L	-	-	L	L	L	L	-	-	L	L	L	-	-	L	L	-	-	L	L	L	L	L	-	-	L	L
E	E	E	L	L	-	-	E	E	E	-	-	-	-	L	L	L	L	L	-	-	E	L	L	L	-	-	L
E	L	L	L	L	-	-	L	L	L	-	-	E	L	-	-	L	L	L	-	-	L	L	-	-	E	E	E
L	-	-	E	L	-	-	-	E	E	E	E	E	-	-	-	E	L	L	-	-	E	E	-	-	L	L	L
-	E	E	E	-	-	-	E	E	E	L	L	-	-	-	E	E	E	E	E	-	-	-	-	-	L	L	L
Objective 0: 5543
Objective 1: 100
Constr violation: -1
Restrictions violated:
0 0 0 0 0 0 1 0 

Individual 24
1	2	3	4	5	6	7	8	9	10	11	12	13	14	15	16	17	18	19	20	21	22	23	24	25	26	27	28
E	L	L	L	-	-	-	L	L	L	-	-	L	L	-	-	L	L	-	-	-	L	L	-	-	E	E	E
E	E	E	E	E	-	-	E	E	E	E	-	-	E	E	-	-	E	E	-	-	E	E	-	-	-	-	E
E	E	L	L	L	-	-	-	-	L	L	L	L	-	-	-	-	E	E	E	E	E	-	-	L	L	-	-
L	-	-	E	E	-	-	-	E	E	L	L	-	-	E	E	E	-	-	E	E	E	E	-	-	L	L	-
-	-	E	E	L	-	-	L	L	L	L	L	-	-	L	L	L	L	L	-	-	-	-	-	-	E	L	L
-	-	-	-	-	-	-	-	-	-	-	-	-	-	-	-	-	-	-	-	L	L	L	-	-	-	-	L
E	E	E	-	-	-	-	E	E	E	-	-	-	-	L	L	L	L	L	-	-	E	L	L	L	-	-	L
E	L	L	L	-	-	-	L	L	L	-	-	E	L	-	-	E	L	L	L	L	-	-	E	L	-	-	-
L	-	-	E	L	-	-	-	E	E	E	E	E	-	-	-	E	L	L	-	-	E	E	-	-	L	L	L
-	E	E	E	-	-	-	E	E	E	L	L	-	-	-	E	E	E	E	E	-	-	-	-	-	L	L	L
Objective 0: 5925
Objective 1: 101
Constr violation: -1
Restrictions violated:
0 0 0 0 0 0 0 1 

Individual 25
1	2	3	4	5	6	7	8	9	10	11	12	13	14	15	16	17	18	19	20	21	22	23	24	25	26	27	28
E	L	L	L	-	-	-	L	L	L	-	-	L	L	-	-	L	L	-	-	-	L	L	-	-	E	E	E
E	E	E	E	E	-	-	E	E	E	E	-	-	E	E	-	-	E	E	-	-	E	E	-	-	-	-	E
E	E	L	L	L	-	-	-	-	L	L	L	L	-	-	-	-	E	E	E	E	E	-	-	L	L	-	-
L	-	-	E	E	-	-	E	E	E	L	L	-	-	E	E	E	-	-	E	E	E	E	-	-	L	L	L
E	E	E	E	L	-	-	L	L	L	L	L	-	-	L	L	L	-	-	-	E	L	-	-	-	E	L	L
L	L	-	-	L	L	L	L	-	-	L	L	L	-	-	L	L	-	-	L	L	L	L	L	-	-	L	L
E	E	E	-	-	E	E	E	-	-	E	E	-	-	L	L	L	L	L	-	-	E	L	L	L	-	-	L
E	L	L	L	L	-	-	L	L	L	-	-	E	L	-	-	E	L	L	-	-	L	L	-	-	E	E	E
L	-	-	E	L	-	-	-	E	E	E	E	E	-	-	-	E	L	L	-	-	E	E	-	-	L	L	L
-	E	E	E	-	-	-	E	E	E	L	L	-	-	-	E	E	E	E	E	-	-	-	-	-	L	L	L
Objective 0: 4634
Objective 1: 93
Constr violation: -1
Restrictions violated:
0 0 0 0 0 0 1 0 

Individual 26
1	2	3	4	5	6	7	8	9	10	11	12	13	14	15	16	17	18	19	20	21	22	23	24	25	26	27	28
E	L	L	L	-	-	-	L	L	L	-	-	L	L	-	-	L	L	-	-	-	E	L	-	-	E	E	E
E	E	E	E	E	-	-	E	E	E	E	-	-	E	E	-	-	E	E	-	-	E	E	-	-	-	-	E
E	E	L	L	L	-	-	-	-	L	L	L	L	-	-	-	-	E	E	E	E	E	-	-	L	L	-	-
L	-	-	E	E	-	-	-	E	E	L	L	-	-	E	E	L	-	-	E	E	E	L	-	-	L	L	L
-	-	E	E	L	-	-	L	L	L	L	L	-	-	L	L	L	L	L	-	-	-	-	-	-	E	L	L
-	-	-	-	-	-	-	-	-	-	-	-	-	-	-	L	L	-	-	L	L	L	L	L	-	-	L	L
E	E	E	-	-	E	E	E	-	-	E	E	-	-	L	L	L	L	L	-	-	E	L	L	L	-	-	L
E	L	L	L	-	-	-	L	L	L	-	-	E	L	-	-	L	L	L	-	-	L	L	-	-	E	E	E
L	-	-	E	L	-	-	-	E	E	E	E	E	-	-	-	E	L	L	-	-	E	E	-	-	L	L	L
-	E	E	E	-	-	-	E	E	E	L	L	-	-	-	E	E	E	E	E	-	-	-	-	-	L	L	L
Objective 0: 5631
Objective 1: 99
Constr violation: -1
Restrictions violated:
0 0 0 0 0 0 0 1 

Individual 27
1	2	3	4	5	6	7	8	9	10	11	12	13	14	15	16	17	18	19	20	21	22	23	24	25	26	27	28
E	L	L	L	-	-	-	L	L	L	-	-	L	L	-	-	L	L	-	-	-	L	L	-	-	E	E	E
E	E	E	E	E	-	-	E	E	E	E	-	-	E	E	-	-	E	E	-	-	E	E	-	-	-	-	E
E	E	L	L	L	-	-	-	-	L	L	L	L	-	-	-	-	E	E	E	E	E	-	-	L	L	-	-
L	-	-	E	E	-	-	-	E	E	L	L	-	-	E	E	E	-	-	E	E	E	E	-	-	L	L	-
-	-	E	E	L	-	-	L	L	L	L	L	-	-	L	L	L	-	-	-	E	L	-	-	-	E	L	L
-	-	-	-	-	-	-	-	-	-	-	-	-	-	-	-	-	-	-	-	L	L	L	-	-	-	-	L
E	E	E	-	-	-	-	E	E	E	-	-	-	-	L	L	L	L	L	-	-	E	L	L	L	-	-	L
E	E	E	L	L	-	-	L	L	L	-	-	E	L	-	-	L	L	L	-	-	L	L	-	-	E	E	E
L	-	-	E	L	-	-	-	E	E	E	E	E	-	-	-	E	L	L	-	-	E	E	-	-	L	L	L
-	E	E	E	-	-	-	E	E	E	L	L	-	-	-	E	E	E	E	E	-	-	-	-	-	L	L	L
Objective 0: 6028
Objective 1: 95
Constr violation: -1
Restrictions violated:
0 0 0 0 0 0 0 1 

Individual 28
1	2	3	4	5	6	7	8	9	10	11	12	13	14	15	16	17	18	19	20	21	22	23	24	25	26	27	28
E	E	E	E	-	-	-	E	L	L	-	-	E	L	-	-	L	L	-	-	-	E	L	-	-	E	E	E
E	E	E	E	E	-	-	E	E	E	E	-	-	E	E	-	-	E	E	-	-	E	E	-	-	-	-	E
E	E	L	L	L	-	-	-	-	L	L	L	L	-	-	-	-	E	E	E	E	E	-	-	L	L	-	-
L	-	-	E	E	-	-	-	E	E	L	L	-	-	E	E	E	-	-	E	E	E	L	-	-	L	L	-
-	-	E	E	L	-	-	L	L	L	L	L	-	-	L	L	L	L	L	-	-	-	-	-	-	E	L	L
-	-	-	-	-	-	-	-	-	-	-	-	-	-	-	-	-	-	-	-	L	L	L	-	-	-	-	L
E	E	E	-	-	-	-	E	E	E	-	-	-	-	L	L	L	L	L	-	-	E	L	L	L	-	-	L
E	E	E	L	L	-	-	L	L	L	-	-	E	L	-	-	L	L	L	-	-	L	L	-	-	E	E	-
L	-	-	E	L	-	-	-	E	E	E	E	E	-	-	-	E	L	L	-	-	E	E	-	-	L	L	L
-	E	E	E	-	-	-	E	E	E	L	L	-	-	-	E	E	E	E	E	-	-	-	-	-	L	L	L
Objective 0: 6936
Objective 1: 104
Constr violation: -1
Restrictions violated:
0 0 0 0 0 0 0 1 

Individual 29
1	2	3	4	5	6	7	8	9	10	11	12	13	14	15	16	17	18	19	20	21	22	23	24	25	26	27	28
E	E	E	E	E	-	-	L	L	L	-	-	L	L	-	-	L	L	-	-	-	E	L	-	-	E	E	E
E	E	E	E	E	-	-	E	E	E	E	-	-	E	E	-	-	E	E	-	-	E	E	-	-	-	-	E
E	E	L	L	L	-	-	-	-	L	L	L	L	-	-	-	-	E	E	E	E	E	-	-	L	L	-	-
E	-	-	E	L	-	-	E	E	E	L	L	-	-	E	E	L	-	-	E	E	E	L	-	-	L	L	L
E	E	E	E	L	-	-	L	L	L	L	L	-	-	L	L	L	-	-	-	E	L	-	-	-	E	L	L
L	L	-	-	L	L	L	L	-	-	L	L	L	-	-	L	L	-	-	L	L	L	L	L	-	-	L	L
E	E	E	-	-	E	E	E	-	-	E	E	-	-	L	L	L	L	L	-	-	E	L	L	L	-	-	L
E	L	L	L	L	-	-	L	L	L	-	-	E	L	-	-	E	L	L	-	-	L	L	-	-	E	E	E
L	-	-	E	L	-	-	-	E	E	E	E	E	-	-	-	E	L	L	-	-	E	E	-	-	L	L	L
-	E	E	E	-	-	-	E	E	E	L	L	-	-	-	E	E	E	E	E	-	-	-	-	-	L	L	L
Objective 0: 5342
Objective 1: 94
Constr violation: -1
Restrictions violated:
0 0 0 0 0 0 1 0 

Individual 30
1	2	3	4	5	6	7	8	9	10	11	12	13	14	15	16	17	18	19	20	21	22	23	24	25	26	27	28
E	E	E	E	E	-	-	E	L	L	-	-	E	L	-	-	L	L	-	-	-	E	L	-	-	E	E	L
E	E	E	E	E	-	-	E	E	E	E	-	-	E	E	-	-	E	E	-	-	E	E	-	-	-	-	E
E	E	L	L	L	-	-	-	-	L	L	L	L	-	-	-	-	E	E	E	E	E	-	-	L	L	-	-
E	-	-	E	L	-	-	E	E	E	L	L	-	-	E	E	L	-	-	E	E	E	L	-	-	L	L	L
E	E	E	E	L	-	-	L	L	L	L	L	-	-	L	L	L	L	L	-	-	-	-	-	-	E	L	L
-	-	-	-	-	-	-	-	-	-	-	-	-	-	-	-	-	-	-	-	L	L	L	-	-	-	-	L
E	E	E	-	-	-	-	E	E	E	-	-	-	-	L	L	L	L	L	-	-	E	L	L	L	-	-	L
E	L	L	L	-	-	-	L	L	L	-	-	E	L	-	-	E	L	L	L	L	-	-	E	L	-	-	-
L	-	-	E	L	-	-	-	E	E	E	E	E	-	-	-	E	L	L	-	-	E	E	-	-	L	L	L
-	E	E	E	-	-	-	E	E	E	L	L	-	-	-	E	E	E	E	E	-	-	-	-	-	L	L	L
Objective 0: 6839
Objective 1: 102
Constr violation: -1
Restrictions violated:
0 0 0 0 0 0 0 1 

Individual 31
1	2	3	4	5	6	7	8	9	10	11	12	13	14	15	16	17	18	19	20	21	22	23	24	25	26	27	28
E	E	E	E	-	-	-	E	L	L	-	-	E	L	-	-	L	L	-	-	-	E	L	-	-	E	E	L
E	E	E	E	E	-	-	E	E	E	E	-	-	E	E	-	-	E	E	-	-	E	E	-	-	-	-	E
E	E	L	L	L	-	-	-	-	L	L	L	L	-	-	-	-	E	E	E	E	E	-	-	L	L	-	-
L	-	-	E	E	-	-	-	E	E	L	L	-	-	E	E	E	-	-	E	E	E	E	-	-	L	L	-
-	-	E	E	L	-	-	L	L	L	L	L	-	-	L	L	L	L	L	-	-	-	-	-	-	E	L	L
-	-	-	-	-	-	-	-	-	-	-	-	-	-	-	-	-	-	-	-	L	L	L	-	-	-	-	L
E	E	E	-	-	-	-	E	E	E	-	-	-	-	L	L	L	L	L	-	-	E	L	L	L	-	-	L
E	E	E	L	L	-	-	L	L	L	-	-	E	L	-	-	E	L	L	L	L	-	-	E	L	-	-	-
L	-	-	E	L	-	-	-	E	E	E	E	E	-	-	-	E	L	L	-	-	E	E	-	-	L	L	L
-	E	E	E	-	-	-	E	E	E	L	L	-	-	-	E	E	E	E	E	-	-	-	-	-	L	L	L
Objective 0: 6835
Objective 1: 103
Constr violation: -1
Restrictions violated:
0 0 0 0 0 0 0 1 

Individual 32
1	2	3	4	5	6	7	8	9	10	11	12	13	14	15	16	17	18	19	20	21	22	23	24	25	26	27	28
E	E	E	E	E	-	-	L	L	L	-	-	L	L	-	-	L	L	-	-	-	E	L	-	-	E	E	L
E	E	E	E	E	-	-	E	E	E	E	-	-	E	E	-	-	E	E	-	-	E	E	-	-	-	-	E
E	E	L	L	L	-	-	-	-	L	L	L	L	-	-	-	-	E	E	E	E	E	-	-	L	L	-	-
E	-	-	E	L	-	-	E	E	E	L	L	-	-	E	E	E	-	-	E	E	E	L	-	-	L	L	L
E	E	E	E	L	-	-	L	L	L	L	L	-	-	L	L	L	L	L	-	-	-	-	-	-	E	L	L
L	L	-	-	L	L	L	L	-	-	L	L	L	-	-	L	L	-	-	L	L	L	L	L	-	-	L	L
E	E	E	-	-	E	E	E	-	-	E	E	-	-	L	L	L	L	L	-	-	E	L	L	L	-	-	L
E	L	L	L	L	-	-	L	L	L	-	-	E	L	-	-	E	L	L	-	-	L	L	-	-	E	E	E
L	-	-	E	L	-	-	-	E	E	E	E	E	-	-	-	E	L	L	-	-	E	E	-	-	L	L	L
-	E	E	E	-	-	-	E	E	E	L	L	-	-	-	E	E	E	E	E	-	-	-	-	-	L	L	L
Objective 0: 5443
Objective 1: 100
Constr violation: -1
Restrictions violated:
0 0 0 0 0 0 1 0 

Individual 33
1	2	3	4	5	6	7	8	9	10	11	12	13	14	15	16	17	18	19	20	21	22	23	24	25	26	27	28
E	E	E	E	E	-	-	E	L	L	-	-	E	L	-	-	L	L	-	-	-	E	L	-	-	E	E	L
E	E	E	E	E	-	-	E	E	E	E	-	-	E	E	-	-	E	E	-	-	E	E	-	-	-	-	E
E	E	L	L	L	-	-	-	-	L	L	L	L	-	-	-	-	E	E	E	E	E	-	-	L	L	-	-
E	-	-	E	L	-	-	E	E	E	L	L	-	-	E	E	L	-	-	E	E	E	L	-	-	L	L	L
E	E	E	E	L	-	-	L	L	L	L	L	-	-	L	L	L	L	L	-	-	-	-	-	-	E	L	L
-	-	-	-	-	-	-	-	-	-	-	-	-	-	-	L	L	-	-	L	L	L	L	L	-	-	L	L
E	E	E	-	-	-	-	E	E	E	-	-	-	-	L	L	L	L	L	-	-	E	L	L	L	-	-	L
E	L	L	L	-	-	-	L	L	L	-	-	E	L	-	-	L	L	L	-	-	L	L	-	-	E	E	-
L	-	-	E	L	-	-	-	E	E	E	E	E	-	-	-	E	L	L	-	-	E	E	-	-	L	L	L
-	E	E	E	-	-	-	E	E	E	L	L	-	-	-	E	E	E	E	E	-	-	-	-	-	L	L	L
Objective 0: 6743
Objective 1: 99
Constr violation: -1
Restrictions violated:
0 0 0 0 0 0 0 1 

Individual 34
1	2	3	4	5	6	7	8	9	10	11	12	13	14	15	16	17	18	19	20	21	22	23	24	25	26	27	28
E	E	E	E	E	-	-	L	L	L	-	-	L	L	-	-	L	L	-	-	-	L	L	-	-	E	E	E
E	E	E	E	E	-	-	E	E	E	E	-	-	E	E	-	-	E	E	-	-	E	E	-	-	-	-	E
E	E	L	L	L	-	-	-	-	L	L	L	L	-	-	-	-	E	E	E	E	E	-	-	L	L	-	-
E	-	-	E	L	-	-	E	E	E	L	L	-	-	E	E	E	-	-	E	E	E	E	-	-	L	L	L
E	E	E	E	L	-	-	L	L	L	L	L	-	-	L	L	L	-	-	-	E	L	-	-	-	E	L	L
L	L	-	-	L	L	L	L	-	-	L	L	L	-	-	L	L	-	-	L	L	L	L	L	-	-	L	L
E	E	E	-	-	E	E	E	-	-	E	E	-	-	L	L	L	L	L	-	-	E	L	L	L	-	-	L
E	L	L	L	L	-	-	L	L	L	-	-	E	L	-	-	E	L	L	-	-	L	L	-	-	E	E	E
L	-	-	E	L	-	-	-	E	E	E	E	E	-	-	-	E	L	L	-	-	E	E	-	-	L	L	L
-	E	E	E	-	-	-	E	E	E	L	L	-	-	-	E	E	E	E	E	-	-	-	-	-	L	L	L
Objective 0: 5039
Objective 1: 93
Constr violation: -1
Restrictions violated:
0 0 0 0 0 0 1 0 

Individual 35
1	2	3	4	5	6	7	8	9	10	11	12	13	14	15	16	17	18	19	20	21	22	23	24	25	26	27	28
E	E	E	L	-	-	-	L	L	L	-	-	L	L	-	-	L	L	-	-	-	L	L	-	-	E	E	E
E	E	E	E	E	-	-	E	E	E	E	-	-	E	E	-	-	E	E	-	-	E	E	-	-	-	-	E
E	E	L	L	L	-	-	-	-	L	L	L	L	-	-	-	-	E	E	E	E	E	-	-	L	L	-	-
L	-	-	E	E	-	-	-	E	E	L	L	-	-	E	E	E	-	-	E	E	E	E	-	-	L	L	-
-	-	E	E	L	-	-	L	L	L	L	L	-	-	L	L	L	-	-	-	E	L	-	-	-	E	L	L
L	L	-	-	-	L	L	L	-	-	L	L	L	-	-	L	L	-	-	L	L	L	L	L	-	-	-	L
E	E	E	-	-	E	E	E	-	-	E	E	-	-	L	L	L	L	L	-	-	-	L	L	L	-	-	-
E	L	L	L	-	-	-	L	L	L	-	-	E	L	-	-	E	L	L	L	L	-	-	E	L	-	-	-
L	-	-	E	L	-	-	-	E	E	E	E	E	-	-	-	E	L	L	-	-	E	E	-	-	L	L	L
-	E	E	E	-	-	-	E	E	E	L	L	-	-	-	E	E	E	E	E	-	-	-	-	-	L	L	L
Objective 0: 4826
Objective 1: 94
Constr violation: -1
Restrictions violated:
0 0 0 0 0 0 1 0 

Individual 36
1	2	3	4	5	6	7	8	9	10	11	12	13	14	15	16	17	18	19	20	21	22	23	24	25	26	27	28
E	L	L	L	-	-	-	L	L	L	-	-	L	L	-	-	L	L	-	-	-	L	L	-	-	E	E	E
E	E	E	E	E	-	-	E	E	E	E	-	-	E	E	-	-	E	E	-	-	E	E	-	-	-	-	E
E	E	L	L	L	-	-	-	-	L	L	L	L	-	-	-	-	E	E	E	E	E	-	-	L	L	-	-
L	-	-	E	E	-	-	E	E	E	L	L	-	-	E	E	E	-	-	E	E	E	E	-	-	L	L	L
E	E	E	E	L	-	-	L	L	L	L	L	-	-	L	L	L	-	-	-	E	L	-	-	-	E	L	L
L	L	-	-	L	L	L	L	-	-	L	L	L	-	-	L	L	-	-	L	L	L	L	L	-	-	L	L
E	E	E	-	-	E	E	E	-	-	E	E	-	-	L	L	L	L	L	-	-	E	L	L	L	-	-	L
E	L	L	L	L	-	-	L	L	L	-	-	E	L	-	-	L	L	L	-	-	L	L	-	-	E	E	E
L	-	-	E	L	-	-	-	E	E	E	E	E	-	-	-	E	L	L	-	-	E	E	-	-	L	L	L
-	E	E	E	-	-	-	E	E	E	L	L	-	-	-	E	E	E	E	E	-	-	-	-	-	L	L	L
Objective 0: 4735
Objective 1: 93
Constr violation: -1
Restrictions violated:
0 0 0 0 0 0 1 0 

Individual 37
1	2	3	4	5	6	7	8	9	10	11	12	13	14	15	16	17	18	19	20	21	22	23	24	25	26	27	28
E	E	E	E	-	-	-	E	L	L	-	-	E	L	-	-	L	L	-	-	-	E	L	-	-	E	E	L
E	E	E	E	E	-	-	E	E	E	E	-	-	E	E	-	-	E	E	-	-	E	E	-	-	-	-	E
E	E	L	L	L	-	-	-	-	L	L	L	L	-	-	-	-	E	E	E	E	E	-	-	L	L	-	-
E	-	-	E	L	-	-	E	E	E	L	L	-	-	E	E	L	-	-	E	E	E	L	-	-	L	L	L
-	-	E	E	L	-	-	L	L	L	L	L	-	-	L	L	L	-	-	-	E	L	-	-	-	E	L	L
L	L	-	-	-	-	-	-	-	-	-	-	-	-	-	L	L	-	-	L	L	L	L	L	-	-	L	L
E	E	E	L	L	-	-	E	E	E	-	-	-	-	L	L	L	L	L	-	-	E	L	L	L	-	-	L
E	E	E	L	L	-	-	L	L	L	-	-	E	L	-	-	L	L	L	-	-	L	L	-	-	E	E	E
L	-	-	E	L	-	-	-	E	E	E	E	E	-	-	-	E	L	L	-	-	E	E	-	-	L	L	L
-	E	E	E	-	-	-	E	E	E	L	L	-	-	-	E	E	E	E	E	-	-	-	-	-	L	L	L
Objective 0: 6544
Objective 1: 93
Constr violation: -1
Restrictions violated:
0 0 0 0 0 0 0 1 

Individual 38
1	2	3	4	5	6	7	8	9	10	11	12	13	14	15	16	17	18	19	20	21	22	23	24	25	26	27	28
E	E	E	E	-	-	-	E	L	L	-	-	E	L	-	-	L	L	-	-	-	E	L	-	-	E	E	E
E	E	E	E	E	-	-	E	E	E	E	-	-	E	E	-	-	E	E	-	-	E	E	-	-	-	-	E
E	E	L	L	L	-	-	-	-	L	L	L	L	-	-	-	-	E	E	E	E	E	-	-	L	L	-	-
L	-	-	E	E	-	-	-	E	E	L	L	-	-	E	E	E	-	-	E	E	E	E	-	-	L	L	-
-	-	E	E	L	-	-	L	L	L	L	L	-	-	L	L	L	L	L	-	-	-	-	-	-	E	L	L
-	-	-	-	-	-	-	-	-	-	-	-	-	-	-	-	-	-	-	-	L	L	L	-	-	-	-	L
E	E	E	-	-	-	-	E	E	E	-	-	-	-	L	L	L	L	L	-	-	E	L	L	L	-	-	L
E	E	E	L	L	-	-	L	L	L	-	-	E	L	-	-	E	L	L	L	L	-	-	E	L	-	-	-
L	-	-	E	L	-	-	-	E	E	E	E	E	-	-	-	E	L	L	-	-	E	E	-	-	L	L	L
-	E	E	E	-	-	-	E	E	E	L	L	-	-	-	E	E	E	E	E	-	-	-	-	-	L	L	L
Objective 0: 6734
Objective 1: 103
Constr violation: -1
Restrictions violated:
0 0 0 0 0 0 0 1 

Individual 39
1	2	3	4	5	6	7	8	9	10	11	12	13	14	15	16	17	18	19	20	21	22	23	24	25	26	27	28
E	L	L	L	-	-	-	L	L	L	-	-	L	L	-	-	L	L	-	-	-	L	L	-	-	E	E	L
E	E	E	E	E	-	-	E	E	E	E	-	-	E	E	-	-	E	E	-	-	E	E	-	-	-	-	E
E	E	L	L	L	-	-	-	-	L	L	L	L	-	-	-	-	E	E	E	E	E	-	-	L	L	-	-
L	-	-	E	E	-	-	-	E	E	L	L	-	-	E	E	E	-	-	E	E	E	E	-	-	L	L	-
-	-	E	E	L	-	-	L	L	L	L	L	-	-	L	L	L	-	-	-	E	L	-	-	-	E	L	L
L	L	-	-	-	L	L	L	-	-	L	L	L	-	-	L	L	-	-	L	L	L	L	L	-	-	-	L
E	E	E	-	-	E	E	E	-	-	E	E	-	-	L	L	L	L	L	-	-	-	L	L	L	-	-	-
E	L	L	L	-	-	-	L	L	L	-	-	E	L	-	-	E	L	L	L	L	-	-	E	L	-	-	-
L	-	-	E	L	-	-	-	E	E	E	E	E	-	-	-	E	L	L	-	-	E	E	-	-	L	L	L
-	E	E	E	-	-	-	E	E	E	L	L	-	-	-	E	E	E	E	E	-	-	-	-	-	L	L	L
Objective 0: 4725
Objective 1: 94
Constr violation: -1
Restrictions violated:
0 0 0 0 0 0 1 0 

Individual 40
1	2	3	4	5	6	7	8	9	10	11	12	13	14	15	16	17	18	19	20	21	22	23	24	25	26	27	28
E	L	L	L	-	-	-	L	L	L	-	-	L	L	-	-	L	L	-	-	-	L	L	-	-	E	E	E
E	E	E	E	E	-	-	E	E	E	E	-	-	E	E	-	-	E	E	-	-	E	E	-	-	-	-	E
E	E	L	L	L	-	-	-	-	L	L	L	L	-	-	-	-	E	E	E	E	E	-	-	L	L	-	-
L	-	-	E	E	-	-	E	E	E	L	L	-	-	E	E	E	-	-	E	E	E	E	-	-	L	L	L
E	E	E	E	L	-	-	L	L	L	L	L	-	-	L	L	L	-	-	-	E	L	-	-	-	E	L	L
L	L	-	-	L	L	L	L	-	-	L	L	L	-	-	L	L	-	-	L	L	L	L	L	-	-	L	L
E	E	E	-	-	E	E	E	-	-	E	E	-	-	L	L	L	L	L	-	-	E	L	L	L	-	-	L
E	L	L	L	L	-	-	L	L	L	-	-	E	L	-	-	E	L	L	-	-	L	L	-	-	E	E	E
L	-	-	E	L	-	-	-	E	E	E	E	E	-	-	-	E	L	L	-	-	E	E	-	-	L	L	L
-	E	E	E	-	-	-	E	E	E	L	L	-	-	-	E	E	E	E	E	-	-	-	-	-	L	L	L
Objective 0: 4634
Objective 1: 93
Constr violation: -1
Restrictions violated:
0 0 0 0 0 0 1 0 

Individual 41
1	2	3	4	5	6	7	8	9	10	11	12	13	14	15	16	17	18	19	20	21	22	23	24	25	26	27	28
E	E	E	E	E	-	-	E	L	L	-	-	E	L	-	-	L	L	-	-	-	E	L	-	-	E	E	L
E	E	E	E	E	-	-	E	E	E	E	-	-	E	E	-	-	E	E	-	-	E	E	-	-	-	-	E
E	E	L	L	L	-	-	-	-	L	L	L	L	-	-	-	-	E	E	E	E	E	-	-	L	L	-	-
L	-	-	E	E	-	-	-	E	E	L	L	-	-	E	E	L	-	-	E	E	E	L	-	-	L	L	L
-	-	E	E	L	-	-	L	L	L	L	L	-	-	L	L	L	L	L	-	-	-	-	-	-	E	L	L
-	-	-	-	-	-	-	-	-	-	-	-	-	-	-	L	L	-	-	L	L	L	L	L	-	-	L	L
E	E	E	L	L	-	-	E	E	E	-	-	-	-	L	L	L	L	L	-	-	E	L	L	L	-	-	L
E	E	E	L	L	-	-	L	L	L	-	-	E	L	-	-	L	L	L	-	-	L	L	-	-	E	E	E
L	-	-	E	L	-	-	-	E	E	E	E	E	-	-	-	E	L	L	-	-	E	E	-	-	L	L	L
-	E	E	E	-	-	-	E	E	E	L	L	-	-	-	E	E	E	E	E	-	-	-	-	-	L	L	L
Objective 0: 6643
Objective 1: 101
Constr violation: -1
Restrictions violated:
0 0 0 0 0 0 0 1 

Individual 42
1	2	3	4	5	6	7	8	9	10	11	12	13	14	15	16	17	18	19	20	21	22	23	24	25	26	27	28
E	E	E	E	E	-	-	E	L	L	-	-	E	L	-	-	L	L	-	-	-	E	L	-	-	E	E	L
E	E	E	E	E	-	-	E	E	E	E	-	-	E	E	-	-	E	E	-	-	E	E	-	-	-	-	E
E	E	L	L	L	-	-	-	-	L	L	L	L	-	-	-	-	E	E	E	E	E	-	-	L	L	-	-
E	-	-	E	L	-	-	E	E	E	L	L	-	-	E	E	L	-	-	E	E	E	L	-	-	L	L	L
E	E	E	E	L	-	-	L	L	L	L	L	-	-	L	L	L	L	L	-	-	-	-	-	-	E	L	L
L	L	-	-	L	L	L	L	-	-	L	L	L	-	-	L	L	-	-	L	L	L	L	L	-	-	L	L
E	E	E	L	L	-	-	E	E	E	-	-	-	-	L	L	L	L	L	-	-	E	L	L	L	-	-	L
E	L	L	L	L	-	-	L	L	L	-	-	E	L	-	-	L	L	L	-	-	L	L	-	-	E	E	E
L	-	-	E	L	-	-	-	E	E	E	E	E	-	-	-	E	L	L	-	-	E	E	-	-	L	L	L
-	E	E	E	-	-	-	E	E	E	L	L	-	-	-	E	E	E	E	E	-	-	-	-	-	L	L	L
Objective 0: 5948
Objective 1: 102
Constr violation: -1
Restrictions violated:
0 0 0 0 0 0 1 0 

Individual 43
1	2	3	4	5	6	7	8	9	10	11	12	13	14	15	16	17	18	19	20	21	22	23	24	25	26	27	28
E	L	L	L	-	-	-	L	L	L	-	-	L	L	-	-	L	L	-	-	-	L	L	-	-	E	E	E
E	E	E	E	E	-	-	E	E	E	E	-	-	E	E	-	-	E	E	-	-	E	E	-	-	-	-	E
E	E	L	L	L	-	-	-	-	L	L	L	L	-	-	-	-	E	E	E	E	E	-	-	L	L	-	-
L	-	-	E	E	-	-	-	E	E	L	L	-	-	E	E	E	-	-	E	E	E	E	-	-	L	L	-
-	-	E	E	L	-	-	L	L	L	L	L	-	-	L	L	L	-	-	-	E	L	-	-	-	E	L	L
L	-	-	-	-	-	-	-	-	-	-	-	-	-	-	-	-	-	-	-	L	L	L	-	-	-	-	L
E	E	E	-	-	E	E	E	-	-	E	E	-	-	L	L	L	L	L	-	-	-	L	L	L	-	-	-
E	L	L	L	-	-	-	L	L	L	-	-	E	L	-	-	E	L	L	L	L	-	-	E	L	-	-	-
L	-	-	E	L	-	-	-	E	E	E	E	E	-	-	-	E	L	L	-	-	E	E	-	-	L	L	L
-	E	E	E	-	-	-	E	E	E	L	L	-	-	-	E	E	E	E	E	-	-	-	-	-	L	L	L
Objective 0: 5421
Objective 1: 95
Constr violation: -1
Restrictions violated:
0 0 0 0 0 0 0 1 

Individual 44
1	2	3	4	5	6	7	8	9	10	11	12	13	14	15	16	17	18	19	20	21	22	23	24	25	26	27	28
E	E	E	E	E	-	-	E	L	L	-	-	E	L	-	-	L	L	-	-	-	E	L	-	-	E	E	L
E	E	E	E	E	-	-	E	E	E	E	-	-	E	E	-	-	E	E	-	-	E	E	-	-	-	-	E
E	E	L	L	L	-	-	-	-	L	L	L	L	-	-	-	-	E	E	E	E	E	-	-	L	L	-	-
E	-	-	E	L	-	-	E	E	E	L	L	-	-	E	E	L	-	-	E	E	E	L	-	-	L	L	L
E	E	E	E	L	-	-	L	L	L	L	L	-	-	L	L	L	L	L	-	-	-	-	-	-	E	L	L
L	L	-	-	L	L	L	L	-	-	L	L	L	-	-	L	L	-	-	L	L	L	L	L	-	-	L	L
E	E	E	L	L	-	-	E	E	E	-	-	-	-	L	L	L	L	L	-	-	E	L	L	L	-	-	L
E	E	E	L	L	-	-	L	L	L	-	-	E	L	-	-	E	L	L	-	-	L	L	-	-	E	E	E
L	-	-	E	L	-	-	-	E	E	E	E	E	-	-	-	E	L	L	-	-	E	E	-	-	L	L	L
-	E	E	E	-	-	-	E	E	E	L	L	-	-	-	E	E	E	E	E	-	-	-	-	-	L	L	L
Objective 0: 6049
Objective 1: 102
Constr violation: -1
Restrictions violated:
0 0 0 0 0 0 1 0 

Individual 45
1	2	3	4	5	6	7	8	9	10	11	12	13	14	15	16	17	18	19	20	21	22	23	24	25	26	27	28
E	L	L	L	-	-	-	L	L	L	-	-	L	L	-	-	L	L	-	-	-	L	L	-	-	E	E	E
E	E	E	E	E	-	-	E	E	E	E	-	-	E	E	-	-	E	E	-	-	E	E	-	-	-	-	E
E	E	L	L	L	-	-	-	-	L	L	L	L	-	-	-	-	E	E	E	E	E	-	-	L	L	-	-
L	-	-	E	E	-	-	-	E	E	L	L	-	-	E	E	E	-	-	E	E	E	E	-	-	L	L	-
-	-	E	E	L	-	-	L	L	L	L	L	-	-	L	L	L	-	-	-	E	L	-	-	-	E	L	L
-	-	-	-	-	-	-	-	-	-	-	-	-	-	-	L	L	-	-	L	L	L	L	L	-	-	-	L
E	E	E	-	-	E	E	E	-	-	E	E	-	-	L	L	L	L	L	-	-	-	L	L	L	-	-	-
E	L	L	L	-	-	-	L	L	L	-	-	E	L	-	-	E	L	L	L	L	-	-	E	L	-	-	-
L	-	-	E	L	-	-	-	E	E	E	E	E	-	-	-	E	L	L	-	-	E	E	-	-	L	L	L
-	E	E	E	-	-	-	E	E	E	L	L	-	-	-	E	E	E	E	E	-	-	-	-	-	L	L	L
Objective 0: 5121
Objective 1: 92
Constr violation: -1
Restrictions violated:
0 0 0 0 0 0 0 1 

Individual 46
1	2	3	4	5	6	7	8	9	10	11	12	13	14	15	16	17	18	19	20	21	22	23	24	25	26	27	28
E	L	L	L	-	-	-	L	L	L	-	-	L	L	-	-	L	L	-	-	-	L	L	-	-	E	E	L
E	E	E	E	E	-	-	E	E	E	E	-	-	E	E	-	-	E	E	-	-	E	E	-	-	-	-	E
E	E	L	L	L	-	-	-	-	L	L	L	L	-	-	-	-	E	E	E	E	E	-	-	L	L	-	-
L	-	-	E	E	-	-	-	E	E	L	L	-	-	E	E	E	-	-	E	E	E	E	-	-	L	L	-
-	-	E	E	L	-	-	L	L	L	L	L	-	-	L	L	L	L	L	-	-	-	-	-	-	E	L	L
-	-	-	-	-	-	-	-	-	-	-	-	-	-	-	-	-	-	-	-	L	L	L	-	-	-	-	L
E	E	E	-	-	E	E	E	-	-	E	E	-	-	L	L	L	L	L	-	-	-	L	L	L	-	-	-
E	L	L	L	-	-	-	L	L	L	-	-	E	L	-	-	E	L	L	L	L	-	-	E	L	-	-	-
L	-	-	E	L	-	-	-	E	E	E	E	E	-	-	-	E	L	L	-	-	E	E	-	-	L	L	L
-	E	E	E	-	-	-	E	E	E	L	L	-	-	-	E	E	E	E	E	-	-	-	-	-	L	L	L
Objective 0: 5723
Objective 1: 101
Constr violation: -1
Restrictions violated:
0 0 0 0 0 0 0 1 

Individual 47
1	2	3	4	5	6	7	8	9	10	11	12	13	14	15	16	17	18	19	20	21	22	23	24	25	26	27	28
E	E	E	E	E	-	-	L	L	L	-	-	L	L	-	-	L	L	-	-	-	L	L	-	-	E	E	E
E	E	E	E	E	-	-	E	E	E	E	-	-	E	E	-	-	E	E	-	-	E	E	-	-	-	-	E
E	E	L	L	L	-	-	-	-	L	L	L	L	-	-	-	-	E	E	E	E	E	-	-	L	L	-	-
L	-	-	L	L	-	-	E	E	E	L	L	-	-	E	E	E	-	-	E	E	E	E	-	-	L	L	L
E	E	E	E	L	-	-	L	L	L	L	L	-	-	L	L	L	-	-	-	E	L	-	-	-	E	L	L
L	L	-	-	L	L	L	L	-	-	L	L	L	-	-	L	L	-	-	L	L	L	L	L	-	-	L	L
E	E	E	-	-	E	E	E	-	-	E	E	-	-	L	L	L	L	L	-	-	E	L	L	L	-	-	L
E	L	L	L	L	-	-	L	L	L	-	-	E	L	-	-	E	L	L	-	-	L	L	-	-	E	E	E
L	-	-	E	L	-	-	-	E	E	E	E	E	-	-	-	E	L	L	-	-	E	E	-	-	L	L	L
-	E	E	E	-	-	-	E	E	E	L	L	-	-	-	E	E	E	E	E	-	-	-	-	-	L	L	L
Objective 0: 4837
Objective 1: 93
Constr violation: -1
Restrictions violated:
0 0 0 0 0 0 1 0 

Individual 48
1	2	3	4	5	6	7	8	9	10	11	12	13	14	15	16	17	18	19	20	21	22	23	24	25	26	27	28
E	L	L	L	-	-	-	L	L	L	-	-	L	L	-	-	L	L	-	-	-	L	L	-	-	E	E	E
E	E	E	E	E	-	-	E	E	E	E	-	-	E	E	-	-	E	E	-	-	E	E	-	-	-	-	E
E	E	L	L	L	-	-	-	-	L	L	L	L	-	-	-	-	E	E	E	E	E	-	-	L	L	-	-
L	-	-	E	E	-	-	-	E	E	L	L	-	-	E	E	E	-	-	E	E	E	E	-	-	L	L	-
-	-	E	E	L	-	-	L	L	L	L	L	-	-	L	L	L	-	-	-	E	L	-	-	-	E	L	L
L	L	-	-	-	-	-	-	-	-	-	-	-	-	-	L	L	-	-	L	L	L	L	L	-	-	-	L
E	E	E	-	-	E	E	E	-	-	E	E	-	-	L	L	L	L	L	-	-	-	L	L	L	-	-	-
E	L	L	L	-	-	-	L	L	L	-	-	E	L	-	-	E	L	L	L	L	-	-	E	L	-	-	-
L	-	-	E	L	-	-	-	E	E	E	E	E	-	-	-	E	L	L	-	-	E	E	-	-	L	L	L
-	E	E	E	-	-	-	E	E	E	L	L	-	-	-	E	E	E	E	E	-	-	-	-	-	L	L	L
Objective 0: 4921
Objective 1: 92
Constr violation: -1
Restrictions violated:
0 0 0 0 0 0 0 1 

Individual 49
1	2	3	4	5	6	7	8	9	10	11	12	13	14	15	16	17	18	19	20	21	22	23	24	25	26	27	28
E	E	E	E	E	-	-	E	L	L	-	-	E	L	-	-	L	L	-	-	-	E	L	-	-	E	E	L
E	E	E	E	E	-	-	E	E	E	E	-	-	E	E	-	-	E	E	-	-	E	E	-	-	-	-	E
E	E	L	L	L	-	-	-	-	L	L	L	L	-	-	-	-	E	E	E	E	E	-	-	L	L	-	-
L	-	-	E	E	-	-	E	E	E	L	L	-	-	E	E	E	-	-	E	E	E	E	-	-	L	L	L
E	E	E	E	L	-	-	L	L	L	L	L	-	-	L	L	L	-	-	-	E	L	-	-	-	E	L	L
L	L	-	-	L	L	L	L	-	-	L	L	L	-	-	L	L	-	-	L	L	L	L	L	-	-	L	L
E	E	E	-	-	E	E	E	-	-	E	E	-	-	L	L	L	L	L	-	-	E	L	L	L	-	-	L
E	L	L	L	L	-	-	L	L	L	-	-	E	L	-	-	E	L	L	-	-	L	L	-	-	E	E	E
L	-	-	E	L	-	-	-	E	E	E	E	E	-	-	-	E	L	L	-	-	E	E	-	-	L	L	L
-	E	E	E	-	-	-	E	E	E	L	L	-	-	-	E	E	E	E	E	-	-	-	-	-	L	L	L
Objective 0: 5241
Objective 1: 95
Constr violation: -1
Restrictions violated:
0 0 0 0 0 0 1 0 

Individual 50
1	2	3	4	5	6	7	8	9	10	11	12	13	14	15	16	17	18	19	20	21	22	23	24	25	26	27	28
E	E	E	E	E	-	-	L	L	L	-	-	L	L	-	-	L	L	-	-	-	L	L	-	-	E	E	E
E	E	E	E	E	-	-	E	E	E	E	-	-	E	E	-	-	E	E	-	-	E	E	-	-	-	-	E
E	E	L	L	L	-	-	-	-	L	L	L	L	-	-	-	-	E	E	E	E	E	-	-	L	L	-	-
L	-	-	E	E	-	-	E	E	E	L	L	-	-	E	E	E	-	-	E	E	E	E	-	-	L	L	L
E	E	E	E	L	-	-	L	L	L	L	L	-	-	L	L	L	-	-	-	E	L	-	-	-	E	L	L
L	L	-	-	L	L	L	L	-	-	L	L	L	-	-	L	L	-	-	L	L	L	L	L	-	-	L	L
E	E	E	-	-	E	E	E	-	-	E	E	-	-	L	L	L	L	L	-	-	E	L	L	L	-	-	L
E	L	L	L	L	-	-	L	L	L	-	-	E	L	-	-	E	L	L	-	-	L	L	-	-	E	E	E
L	-	-	E	L	-	-	-	E	E	E	E	E	-	-	-	E	L	L	-	-	E	E	-	-	L	L	L
-	E	E	E	-	-	-	E	E	E	L	L	-	-	-	E	E	E	E	E	-	-	-	-	-	L	L	L
Objective 0: 4938
Objective 1: 93
Constr violation: -1
Restrictions violated:
0 0 0 0 0 0 1 0 

Individual 51
1	2	3	4	5	6	7	8	9	10	11	12	13	14	15	16	17	18	19	20	21	22	23	24	25	26	27	28
E	E	E	L	-	-	-	L	L	L	-	-	L	L	-	-	L	L	-	-	-	L	L	-	-	E	E	E
E	E	E	E	E	-	-	E	E	E	E	-	-	E	E	-	-	E	E	-	-	E	E	-	-	-	-	E
E	E	L	L	L	-	-	-	-	L	L	L	L	-	-	-	-	E	E	E	E	E	-	-	L	L	-	-
L	-	-	E	E	-	-	-	E	E	L	L	-	-	E	E	E	-	-	E	E	E	L	-	-	L	L	-
-	-	E	E	L	-	-	L	L	L	L	L	-	-	L	L	L	-	-	-	E	L	-	-	-	E	L	L
-	-	-	-	-	-	-	-	-	-	-	-	-	-	-	-	-	-	-	-	L	L	L	-	-	-	-	L
E	E	E	-	-	E	E	E	-	-	E	E	-	-	L	L	L	L	L	-	-	-	L	L	L	-	-	-
E	L	L	L	-	-	-	L	L	L	-	-	E	L	-	-	E	L	L	L	L	-	-	E	L	-	-	-
L	-	-	E	L	-	-	-	E	E	E	E	E	-	-	-	E	L	L	-	-	E	E	-	-	L	L	L
-	E	E	E	-	-	-	E	E	E	L	L	-	-	-	E	E	E	E	E	-	-	-	-	-	L	L	L
Objective 0: 5824
Objective 1: 96
Constr violation: -1
Restrictions violated:
0 0 0 0 0 0 0 1 

Individual 52
1	2	3	4	5	6	7	8	9	10	11	12	13	14	15	16	17	18	19	20	21	22	23	24	25	26	27	28
E	E	E	E	E	-	-	L	L	L	-	-	L	L	-	-	L	L	-	-	-	L	L	-	-	E	E	L
E	E	E	E	E	-	-	E	E	E	E	-	-	E	E	-	-	E	E	-	-	E	E	-	-	-	-	E
E	E	L	L	L	-	-	-	-	L	L	L	L	-	-	-	-	E	E	E	E	E	-	-	L	L	-	-
E	-	-	E	L	-	-	E	E	E	L	L	-	-	E	E	E	-	-	E	E	E	E	-	-	L	L	L
E	E	E	E	L	-	-	L	L	L	L	L	-	-	L	L	L	-	-	-	E	L	-	-	-	E	L	L
L	L	-	-	L	L	L	L	-	-	L	L	L	-	-	L	L	-	-	L	L	L	L	L	-	-	L	L
E	E	E	-	-	E	E	E	-	-	E	E	-	-	L	L	L	L	L	-	-	E	L	L	L	-	-	L
E	L	L	L	L	-	-	L	L	L	-	-	E	L	-	-	E	L	L	-	-	L	L	-	-	E	E	E
L	-	-	E	L	-	-	-	E	E	E	E	E	-	-	-	E	L	L	-	-	E	E	-	-	L	L	L
-	E	E	E	-	-	-	E	E	E	L	L	-	-	-	E	E	E	E	E	-	-	-	-	-	L	L	L
Objective 0: 5140
Objective 1: 93
Constr violation: -1
Restrictions violated:
0 0 0 0 0 0 1 0 

Individual 53
1	2	3	4	5	6	7	8	9	10	11	12	13	14	15	16	17	18	19	20	21	22	23	24	25	26	27	28
E	L	L	L	-	-	-	L	L	L	-	-	L	L	-	-	L	L	-	-	-	L	L	-	-	E	E	E
E	E	E	E	E	-	-	E	E	E	E	-	-	E	E	-	-	E	E	-	-	E	E	-	-	-	-	E
E	E	L	L	L	-	-	-	-	L	L	L	L	-	-	-	-	E	E	E	E	E	-	-	L	L	-	-
L	-	-	E	E	-	-	-	E	E	L	L	-	-	E	E	E	-	-	E	E	E	E	-	-	L	L	-
-	-	E	E	L	-	-	L	L	L	L	L	-	-	L	L	L	-	-	-	E	L	-	-	-	E	L	L
-	-	-	-	-	-	-	-	-	-	-	-	-	-	-	L	L	-	-	-	L	L	L	L	-	-	-	L
E	E	E	-	-	E	E	E	-	-	E	E	-	-	L	L	L	L	L	-	-	-	L	L	L	-	-	-
E	L	L	L	-	-	-	L	L	L	-	-	E	L	-	-	E	L	L	L	L	-	-	E	L	-	-	-
L	-	-	E	L	-	-	-	E	E	E	E	E	-	-	-	E	L	L	-	-	E	E	-	-	L	L	L
-	E	E	E	-	-	-	E	E	E	L	L	-	-	-	E	E	E	E	E	-	-	-	-	-	L	L	L
Objective 0: 5221
Objective 1: 92
Constr violation: -1
Restrictions violated:
0 0 0 0 0 0 0 1 

Individual 54
1	2	3	4	5	6	7	8	9	10	11	12	13	14	15	16	17	18	19	20	21	22	23	24	25	26	27	28
E	E	E	E	-	-	-	E	L	L	-	-	E	L	-	-	L	L	-	-	-	E	L	-	-	E	E	L
E	E	E	E	E	-	-	E	E	E	E	-	-	E	E	-	-	E	E	-	-	E	E	-	-	-	-	E
E	E	L	L	L	-	-	-	-	L	L	L	L	-	-	-	-	E	E	E	E	E	-	-	L	L	-	-
E	-	-	E	L	-	-	E	E	E	L	L	-	-	E	E	L	-	-	E	E	E	L	-	-	L	L	L
E	E	E	E	L	-	-	L	L	L	L	L	-	-	L	L	L	L	L	-	-	-	-	-	-	E	L	L
L	L	-	-	L	L	L	L	-	-	L	L	-	-	-	L	L	-	-	L	L	L	L	L	-	-	L	L
E	E	E	L	L	-	-	E	E	E	-	-	-	-	L	L	L	L	L	-	-	E	L	L	L	-	-	L
E	E	E	L	L	-	-	L	L	L	-	-	E	L	-	-	L	L	L	-	-	L	L	-	-	E	E	-
L	-	-	E	L	-	-	-	E	E	E	E	E	-	-	-	E	L	L	-	-	E	E	-	-	L	L	L
-	E	E	E	-	-	-	E	E	E	L	L	-	-	-	E	E	E	E	E	-	-	-	-	-	L	L	L
Objective 0: 6450
Objective 1: 102
Constr violation: -1
Restrictions violated:
0 0 0 0 0 0 1 0 

Individual 55
1	2	3	4	5	6	7	8	9	10	11	12	13	14	15	16	17	18	19	20	21	22	23	24	25	26	27	28
E	E	E	E	E	-	-	L	L	L	-	-	E	L	-	-	L	L	-	-	-	E	L	-	-	E	E	L
E	E	E	E	E	-	-	E	E	E	E	-	-	E	E	-	-	E	E	-	-	E	E	-	-	-	-	E
E	E	L	L	L	-	-	-	-	L	L	L	L	-	-	-	-	E	E	E	E	E	-	-	L	L	-	-
E	-	-	E	L	-	-	E	E	E	L	L	-	-	E	E	L	-	-	E	E	E	L	-	-	L	L	L
E	E	E	E	L	-	-	L	L	L	L	L	-	-	L	L	L	L	L	-	-	-	-	-	-	E	L	L
L	L	-	-	L	L	L	L	-	-	L	L	L	-	-	L	L	-	-	L	L	L	L	L	-	-	L	L
E	E	E	L	L	-	-	E	E	E	-	-	-	-	L	L	L	L	L	-	-	E	L	L	L	-	-	L
E	E	E	L	L	-	-	L	L	L	-	-	E	L	-	-	L	L	L	-	-	L	L	-	-	E	E	E
L	-	-	E	L	-	-	-	E	E	E	E	E	-	-	-	E	L	L	-	-	E	E	-	-	L	L	L
-	E	E	E	-	-	-	E	E	E	L	L	-	-	-	E	E	E	E	E	-	-	-	-	-	L	L	L
Objective 0: 6150
Objective 1: 100
Constr violation: -1
Restrictions violated:
0 0 0 0 0 0 1 0 

Individual 56
1	2	3	4	5	6	7	8	9	10	11	12	13	14	15	16	17	18	19	20	21	22	23	24	25	26	27	28
E	E	E	E	-	-	-	E	L	L	-	-	E	L	-	-	L	L	-	-	-	E	L	-	-	E	E	E
E	E	E	E	E	-	-	E	E	E	E	-	-	E	E	-	-	E	E	-	-	E	E	-	-	-	-	E
E	E	L	L	L	-	-	-	-	L	L	L	L	-	-	-	-	E	E	E	E	E	-	-	L	L	-	-
L	-	-	E	E	-	-	-	E	E	L	L	-	-	E	E	E	-	-	E	E	E	E	-	-	L	L	-
-	-	E	E	L	-	-	L	L	L	L	L	-	-	L	L	L	L	L	-	-	-	-	-	-	E	L	L
-	-	-	-	-	-	-	-	-	-	-	-	-	-	-	-	-	-	-	-	L	L	L	-	-	-	-	L
E	E	E	-	-	E	E	E	-	-	E	E	-	-	L	L	L	L	L	-	-	-	L	L	L	-	-	-
E	L	L	L	-	-	-	L	L	L	-	-	E	L	-	-	E	L	L	L	L	-	-	E	L	-	-	-
L	-	-	E	L	-	-	-	E	E	E	E	E	-	-	-	E	L	L	-	-	E	E	-	-	L	L	L
-	E	E	E	-	-	-	E	E	E	L	L	-	-	-	E	E	E	E	E	-	-	-	-	-	L	L	L
Objective 0: 6228
Objective 1: 103
Constr violation: -1
Restrictions violated:
0 0 0 0 0 0 0 1 

Individual 57
1	2	3	4	5	6	7	8	9	10	11	12	13	14	15	16	17	18	19	20	21	22	23	24	25	26	27	28
E	E	E	E	-	-	-	E	L	L	-	-	L	L	-	-	L	L	-	-	-	L	L	-	-	E	E	E
E	E	E	E	E	-	-	E	E	E	E	-	-	E	E	-	-	E	E	-	-	E	E	-	-	-	-	E
E	E	L	L	L	-	-	-	-	L	L	L	L	-	-	-	-	E	E	E	E	E	-	-	L	L	-	-
L	-	-	E	E	-	-	-	E	E	L	L	-	-	E	E	E	-	-	E	E	E	E	-	-	L	L	-
-	-	E	E	L	-	-	L	L	L	L	L	-	-	L	L	L	L	L	-	-	-	-	-	-	E	L	L
-	-	-	-	-	-	-	-	-	-	-	-	-	-	-	-	-	-	-	-	L	L	L	-	-	-	-	L
E	E	E	-	-	-	-	E	E	E	-	-	-	-	L	L	L	L	L	-	-	E	L	L	L	-	-	L
E	L	L	L	-	-	-	L	L	L	-	-	E	L	-	-	E	L	L	L	L	-	-	E	L	-	-	-
L	-	-	E	L	-	-	-	E	E	E	E	E	-	-	-	E	L	L	-	-	E	E	-	-	L	L	L
-	E	E	E	-	-	-	E	E	E	L	L	-	-	-	E	E	E	E	E	-	-	-	-	-	L	L	L
Objective 0: 6329
Objective 1: 103
Constr violation: -1
Restrictions violated:
0 0 0 0 0 0 0 1 

Individual 58
1	2	3	4	5	6	7	8	9	10	11	12	13	14	15	16	17	18	19	20	21	22	23	24	25	26	27	28
E	E	E	E	E	-	-	L	L	L	-	-	E	L	-	-	L	L	-	-	-	E	L	-	-	E	E	L
E	E	E	E	E	-	-	E	E	E	E	-	-	E	E	-	-	E	E	-	-	E	E	-	-	-	-	E
E	E	L	L	L	-	-	-	-	L	L	L	L	-	-	-	-	E	E	E	E	E	-	-	L	L	-	-
E	-	-	E	L	-	-	E	E	E	L	L	-	-	E	E	L	-	-	E	E	E	L	-	-	L	L	L
E	E	E	E	L	-	-	L	L	L	L	L	-	-	L	L	L	L	L	-	-	-	-	-	-	E	L	L
L	L	-	-	L	L	L	L	-	-	L	L	-	-	-	L	L	-	-	L	L	L	L	L	-	-	L	L
E	E	E	L	L	-	-	E	E	E	-	-	-	-	L	L	L	L	L	-	-	E	L	L	L	-	-	L
E	E	E	L	L	-	-	L	L	L	-	-	E	L	-	-	L	L	L	-	-	L	L	-	-	E	E	-
L	-	-	E	L	-	-	-	E	E	E	E	E	-	-	-	E	L	L	-	-	E	E	-	-	L	L	L
-	E	E	E	-	-	-	E	E	E	L	L	-	-	-	E	E	E	E	E	-	-	-	-	-	L	L	L
Objective 0: 6350
Objective 1: 100
Constr violation: -1
Restrictions violated:
0 0 0 0 0 0 1 0 

Individual 59
1	2	3	4	5	6	7	8	9	10	11	12	13	14	15	16	17	18	19	20	21	22	23	24	25	26	27	28
E	E	E	E	E	-	-	L	L	L	-	-	E	L	-	-	L	L	-	-	-	E	L	-	-	E	E	L
E	E	E	E	E	-	-	E	E	E	E	-	-	E	E	-	-	E	E	-	-	E	E	-	-	-	-	E
E	E	L	L	L	-	-	-	-	L	L	L	L	-	-	-	-	E	E	E	E	E	-	-	L	L	-	-
E	-	-	E	L	-	-	E	E	E	L	L	-	-	E	E	L	-	-	E	E	E	L	-	-	L	L	L
E	E	E	E	L	-	-	L	L	L	L	L	-	-	L	L	L	L	L	-	-	-	-	-	-	E	L	L
L	L	-	-	L	L	L	L	-	-	L	L	L	-	-	L	L	-	-	L	L	L	L	L	-	-	L	L
E	E	E	L	L	-	-	E	E	E	-	-	-	-	L	L	L	L	L	-	-	E	L	L	L	-	-	L
E	E	E	L	L	-	-	L	L	L	-	-	E	L	-	-	L	L	L	-	-	L	L	-	-	E	E	-
L	-	-	E	L	-	-	-	E	E	E	E	E	-	-	-	E	L	L	-	-	E	E	-	-	L	L	L
-	E	E	E	-	-	-	E	E	E	L	L	-	-	-	E	E	E	E	E	-	-	-	-	-	L	L	L
Objective 0: 6250
Objective 1: 100
Constr violation: -1
Restrictions violated:
0 0 0 0 0 0 1 0 

Individual 60
1	2	3	4	5	6	7	8	9	10	11	12	13	14	15	16	17	18	19	20	21	22	23	24	25	26	27	28
E	L	L	L	-	-	-	L	L	L	-	-	L	L	-	-	L	L	-	-	-	L	L	-	-	E	E	L
E	E	E	E	E	-	-	E	E	E	E	-	-	E	E	-	-	E	E	-	-	E	E	-	-	-	-	E
E	E	L	L	L	-	-	-	-	L	L	L	L	-	-	-	-	E	E	E	E	E	-	-	L	L	-	-
L	-	-	E	E	-	-	-	E	E	L	L	-	-	E	E	E	-	-	E	E	E	L	-	-	L	L	-
-	-	E	E	L	-	-	L	L	L	L	L	-	-	L	L	L	-	-	-	E	L	-	-	-	E	L	L
-	-	-	-	-	-	-	-	-	-	-	-	-	-	-	-	-	-	-	-	L	L	L	-	-	-	-	L
E	E	E	-	-	-	-	E	E	E	-	-	-	-	L	L	L	L	L	-	-	E	L	L	L	-	-	L
E	L	L	L	-	-	-	L	L	L	-	-	E	L	-	-	E	L	L	L	L	-	-	E	L	-	-	-
L	-	-	E	L	-	-	-	E	E	E	E	E	-	-	-	E	L	L	-	-	E	E	-	-	L	L	L
-	E	E	E	-	-	-	E	E	E	L	L	-	-	-	E	E	E	E	E	-	-	-	-	-	L	L	L
Objective 0: 6026
Objective 1: 96
Constr violation: -1
Restrictions violated:
0 0 0 0 0 0 0 1 

Individual 61
1	2	3	4	5	6	7	8	9	10	11	12	13	14	15	16	17	18	19	20	21	22	23	24	25	26	27	28
E	L	L	L	-	-	-	L	L	L	-	-	L	L	-	-	L	L	-	-	-	E	L	-	-	E	E	E
E	E	E	E	E	-	-	E	E	E	E	-	-	E	E	-	-	E	E	-	-	E	E	-	-	-	-	E
E	E	L	L	L	-	-	-	-	L	L	L	L	-	-	-	-	E	E	E	E	E	-	-	L	L	-	-
L	-	-	E	E	-	-	-	E	E	L	L	-	-	E	E	E	-	-	E	E	E	E	-	-	L	L	-
-	-	E	E	L	-	-	L	L	L	L	L	-	-	L	L	L	-	-	-	E	L	-	-	-	E	L	L
-	-	-	-	-	-	-	-	-	-	-	-	-	-	-	-	-	-	-	-	L	L	L	-	-	-	-	L
E	E	E	-	-	E	E	E	-	-	E	E	-	-	L	L	L	L	L	-	-	-	L	L	L	-	-	-
E	L	L	L	-	-	-	L	L	L	-	-	E	L	-	-	E	L	L	L	L	-	-	E	L	-	-	-
L	-	-	E	L	-	-	-	E	E	E	E	E	-	-	-	E	L	L	-	-	E	E	-	-	L	L	L
-	E	E	E	-	-	-	E	E	E	L	L	-	-	-	E	E	E	E	E	-	-	-	-	-	L	L	L
Objective 0: 5622
Objective 1: 95
Constr violation: -1
Restrictions violated:
0 0 0 0 0 0 0 1 

Individual 62
1	2	3	4	5	6	7	8	9	10	11	12	13	14	15	16	17	18	19	20	21	22	23	24	25	26	27	28
E	E	E	E	E	-	-	L	L	L	-	-	L	L	-	-	L	L	-	-	-	E	L	-	-	E	E	E
E	E	E	E	E	-	-	E	E	E	E	-	-	E	E	-	-	E	E	-	-	E	E	-	-	-	-	E
E	E	L	L	L	-	-	-	-	L	L	L	L	-	-	-	-	E	E	E	E	E	-	-	L	L	-	-
E	-	-	E	L	-	-	E	E	E	L	L	-	-	E	E	L	-	-	E	E	E	L	-	-	L	L	L
E	E	E	E	L	-	-	L	L	L	L	L	-	-	L	L	L	-	-	-	E	L	-	-	-	E	L	L
L	L	-	-	L	L	L	L	-	-	L	L	L	-	-	L	L	-	-	L	L	L	L	L	-	-	L	L
E	E	E	-	-	E	E	E	-	-	E	E	-	-	L	L	L	L	L	-	-	E	L	L	L	-	-	L
E	L	L	L	L	-	-	L	L	L	-	-	E	L	-	-	E	L	L	-	-	L	L	-	-	E	E	E
L	-	-	E	L	-	-	-	E	E	E	E	E	-	-	-	E	L	L	-	-	E	E	-	-	L	L	L
-	E	E	E	-	-	-	E	E	E	L	L	-	-	-	E	E	E	E	E	-	-	-	-	-	L	L	L
Objective 0: 5342
Objective 1: 94
Constr violation: -1
Restrictions violated:
0 0 0 0 0 0 1 0 

Individual 63
1	2	3	4	5	6	7	8	9	10	11	12	13	14	15	16	17	18	19	20	21	22	23	24	25	26	27	28
E	L	L	L	-	-	-	L	L	L	-	-	L	L	-	-	L	L	-	-	-	L	L	-	-	E	E	E
E	E	E	E	E	-	-	E	E	E	E	-	-	E	E	-	-	E	E	-	-	E	E	-	-	-	-	E
E	E	L	L	L	-	-	-	-	L	L	L	L	-	-	-	-	E	E	E	E	E	-	-	L	L	-	-
L	-	-	E	E	-	-	-	E	E	L	L	-	-	E	E	E	-	-	E	E	E	E	-	-	L	L	-
-	-	E	E	L	-	-	L	L	L	L	L	-	-	L	L	L	-	-	-	E	L	-	-	-	E	L	L
-	-	-	-	-	-	-	-	-	-	-	-	-	-	-	-	-	-	-	-	L	L	L	-	-	-	-	L
E	E	E	-	-	E	E	E	-	-	E	E	-	-	L	L	L	L	L	-	-	-	L	L	L	-	-	-
E	L	L	L	-	-	-	L	L	L	-	-	E	L	-	-	E	L	L	L	L	-	-	E	L	-	-	-
L	-	-	E	L	-	-	-	E	E	E	E	E	-	-	-	E	L	L	-	-	E	E	-	-	L	L	L
-	E	E	E	-	-	-	E	E	E	L	L	-	-	-	E	E	E	E	E	-	-	-	-	-	L	L	L
Objective 0: 5521
Objective 1: 95
Constr violation: -1
Restrictions violated:
0 0 0 0 0 0 0 1 

Individual 64
1	2	3	4	5	6	7	8	9	10	11	12	13	14	15	16	17	18	19	20	21	22	23	24	25	26	27	28
E	L	L	L	-	-	-	L	L	L	-	-	L	L	-	-	L	L	-	-	-	E	L	-	-	E	E	E
E	E	E	E	E	-	-	E	E	E	E	-	-	E	E	-	-	E	E	-	-	E	E	-	-	-	-	E
E	E	L	L	L	-	-	-	-	L	L	L	L	-	-	-	-	E	E	E	E	E	-	-	L	L	-	-
L	-	-	E	E	-	-	-	E	E	L	L	-	-	E	E	E	-	-	E	E	E	E	-	-	L	L	-
-	-	E	E	L	-	-	L	L	L	L	L	-	-	L	L	L	L	L	-	-	-	-	-	-	E	L	L
-	-	-	-	-	-	-	-	-	-	-	-	-	-	-	-	-	-	-	-	L	L	L	-	-	-	-	L
E	E	E	-	-	-	-	E	E	E	-	-	-	-	L	L	L	L	L	-	-	E	L	L	L	-	-	L
E	L	L	L	-	-	-	L	L	L	-	-	E	L	-	-	L	L	L	-	-	L	L	-	-	E	E	-
L	-	-	E	L	-	-	-	E	E	E	E	E	-	-	-	E	L	L	-	-	E	E	-	-	L	L	L
-	E	E	E	-	-	-	E	E	E	L	L	-	-	-	E	E	E	E	E	-	-	-	-	-	L	L	L
Objective 0: 6127
Objective 1: 101
Constr violation: -1
Restrictions violated:
0 0 0 0 0 0 0 1 

Individual 65
1	2	3	4	5	6	7	8	9	10	11	12	13	14	15	16	17	18	19	20	21	22	23	24	25	26	27	28
E	E	E	E	E	-	-	L	L	L	-	-	E	L	-	-	L	L	-	-	-	E	L	-	-	E	E	L
E	E	E	E	E	-	-	E	E	E	E	-	-	E	E	-	-	E	E	-	-	E	E	-	-	-	-	E
E	E	L	L	L	-	-	-	-	L	L	L	L	-	-	-	-	E	E	E	E	E	-	-	L	L	-	-
E	-	-	E	L	-	-	E	E	E	L	L	-	-	E	E	L	-	-	E	E	E	L	-	-	L	L	L
E	E	E	E	L	-	-	L	L	L	L	L	-	-	L	L	L	L	L	-	-	-	-	-	-	E	L	L
L	L	-	-	L	L	L	L	-	-	L	L	L	-	-	L	L	-	-	L	L	L	L	L	-	-	L	L
E	E	E	-	-	E	E	E	E	E	-	-	-	-	L	L	L	L	L	-	-	E	L	L	L	-	-	L
E	L	L	L	L	-	-	L	L	L	-	-	E	L	-	-	L	L	L	-	-	L	L	-	-	E	E	E
L	-	-	E	L	-	-	-	E	E	E	E	E	-	-	-	E	L	L	-	-	E	E	-	-	L	L	L
-	E	E	E	-	-	-	E	E	E	L	L	-	-	-	E	E	E	E	E	-	-	-	-	-	L	L	L
Objective 0: 5847
Objective 1: 100
Constr violation: -1
Restrictions violated:
0 0 0 0 0 0 1 0 

Individual 66
1	2	3	4	5	6	7	8	9	10	11	12	13	14	15	16	17	18	19	20	21	22	23	24	25	26	27	28
E	E	E	E	E	-	-	L	L	L	-	-	L	L	-	-	L	L	-	-	-	E	L	-	-	E	E	L
E	E	E	E	E	-	-	E	E	E	E	-	-	E	E	-	-	E	E	-	-	E	E	-	-	-	-	E
E	E	L	L	L	-	-	-	-	L	L	L	L	-	-	-	-	E	E	E	E	E	-	-	L	L	-	-
E	-	-	E	L	-	-	E	E	E	L	L	-	-	E	E	L	-	-	E	E	E	L	-	-	L	L	L
E	E	E	E	L	-	-	L	L	L	L	L	-	-	L	L	L	L	L	-	-	-	-	-	-	E	L	L
L	L	-	-	L	L	L	L	-	-	L	L	L	-	-	L	L	-	-	L	L	L	L	L	-	-	L	L
E	E	E	-	-	E	E	E	-	-	E	E	-	-	L	L	L	L	L	-	-	E	L	L	L	-	-	L
E	L	L	L	L	-	-	L	L	L	-	-	E	L	-	-	L	L	L	-	-	L	L	-	-	E	E	E
L	-	-	E	L	-	-	-	E	E	E	E	E	-	-	-	E	L	L	-	-	E	E	-	-	L	L	L
-	E	E	E	-	-	-	E	E	E	L	L	-	-	-	E	E	E	E	E	-	-	-	-	-	L	L	L
Objective 0: 5645
Objective 1: 100
Constr violation: -1
Restrictions violated:
0 0 0 0 0 0 1 0 

Individual 67
1	2	3	4	5	6	7	8	9	10	11	12	13	14	15	16	17	18	19	20	21	22	23	24	25	26	27	28
E	L	L	L	-	-	-	L	L	L	-	-	L	L	-	-	L	L	-	-	-	L	L	-	-	E	E	E
E	E	E	E	E	-	-	E	E	E	E	-	-	E	E	-	-	E	E	-	-	E	E	-	-	-	-	E
E	E	L	L	L	-	-	-	-	L	L	L	L	-	-	-	-	E	E	E	E	E	-	-	L	L	-	-
L	-	-	E	E	-	-	-	E	E	L	L	-	-	E	E	E	-	-	E	E	E	E	-	-	L	L	-
-	-	E	E	L	-	-	L	L	L	L	L	-	-	L	L	L	L	L	-	-	-	-	-	-	E	L	L
-	-	-	-	-	-	-	-	-	-	-	-	-	-	-	-	-	-	-	-	L	L	L	-	-	-	-	L
E	E	E	-	-	-	-	E	E	E	-	-	-	-	L	L	L	L	L	-	-	E	L	L	L	-	-	L
E	L	L	L	-	-	-	L	L	L	-	-	E	L	-	-	E	L	L	L	L	-	-	E	L	-	-	-
L	-	-	E	L	-	-	-	E	E	E	E	E	-	-	-	E	L	L	-	-	E	E	-	-	L	L	L
-	E	E	E	-	-	-	E	E	E	L	L	-	-	-	E	E	E	E	E	-	-	-	-	-	L	L	L
Objective 0: 5925
Objective 1: 101
Constr violation: -1
Restrictions violated:
0 0 0 0 0 0 0 1 

Individual 68
1	2	3	4	5	6	7	8	9	10	11	12	13	14	15	16	17	18	19	20	21	22	23	24	25	26	27	28
E	E	E	E	E	-	-	L	L	L	-	-	L	L	-	-	L	L	-	-	-	E	L	-	-	E	E	E
E	E	E	E	E	-	-	E	E	E	E	-	-	E	E	-	-	E	E	-	-	E	E	-	-	-	-	E
E	E	L	L	L	-	-	-	-	L	L	L	L	-	-	-	-	E	E	E	E	E	-	-	L	L	-	-
E	-	-	E	L	-	-	E	E	E	L	L	-	-	E	E	L	-	-	E	E	E	L	-	-	L	L	L
E	E	E	E	L	-	-	L	L	L	L	L	-	-	L	L	L	L	L	-	-	-	-	-	-	E	L	L
L	L	-	-	L	L	L	L	-	-	L	L	L	-	-	L	L	-	-	L	L	L	L	L	-	-	L	L
E	E	E	-	-	E	E	E	-	-	E	E	-	-	L	L	L	L	L	-	-	E	L	L	L	-	-	L
E	L	L	L	L	-	-	L	L	L	-	-	E	L	-	-	L	L	L	-	-	L	L	-	-	E	E	E
L	-	-	E	L	-	-	-	E	E	E	E	E	-	-	-	E	L	L	-	-	E	E	-	-	L	L	L
-	E	E	E	-	-	-	E	E	E	L	L	-	-	-	E	E	E	E	E	-	-	-	-	-	L	L	L
Objective 0: 5544
Objective 1: 100
Constr violation: -1
Restrictions violated:
0 0 0 0 0 0 1 0 

Individual 69
1	2	3	4	5	6	7	8	9	10	11	12	13	14	15	16	17	18	19	20	21	22	23	24	25	26	27	28
E	E	E	E	E	-	-	E	L	L	-	-	E	L	-	-	L	L	-	-	-	L	L	-	-	E	E	E
E	E	E	E	E	-	-	E	E	E	E	-	-	E	E	-	-	E	E	-	-	E	E	-	-	-	-	E
E	E	L	L	L	-	-	-	-	L	L	L	L	-	-	-	-	E	E	E	E	E	-	-	L	L	-	-
L	-	-	E	E	-	-	-	E	E	L	L	-	-	E	E	E	-	-	E	E	E	E	-	-	L	L	-
-	-	E	E	L	-	-	L	L	L	L	L	-	-	L	L	L	-	-	-	E	L	-	-	-	E	L	L
L	L	-	-	-	L	L	L	-	-	L	L	L	-	-	L	L	-	-	L	L	L	L	L	-	-	-	L
E	E	E	-	-	E	E	E	-	-	E	E	-	-	L	L	L	L	L	-	-	-	L	L	L	-	-	-
E	L	L	L	-	-	-	L	L	L	-	-	E	L	-	-	E	L	L	L	L	-	-	E	L	-	-	-
L	-	-	E	L	-	-	-	E	E	E	E	E	-	-	-	E	L	L	-	-	E	E	-	-	L	L	L
-	E	E	E	-	-	-	E	E	E	L	L	-	-	-	E	E	E	E	E	-	-	-	-	-	L	L	L
Objective 0: 5029
Objective 1: 96
Constr violation: -1
Restrictions violated:
0 0 0 0 0 0 1 0 

Individual 70
1	2	3	4	5	6	7	8	9	10	11	12	13	14	15	16	17	18	19	20	21	22	23	24	25	26	27	28
E	E	E	L	-	-	-	L	L	L	-	-	L	L	-	-	L	L	-	-	-	L	L	-	-	E	E	L
E	E	E	E	E	-	-	E	E	E	E	-	-	E	E	-	-	E	E	-	-	E	E	-	-	-	-	E
E	E	L	L	L	-	-	-	-	L	L	L	L	-	-	-	-	E	E	E	E	E	-	-	L	L	-	-
L	-	-	E	E	-	-	-	E	E	L	L	-	-	E	E	E	-	-	E	E	E	E	-	-	L	L	-
-	-	E	E	L	-	-	L	L	L	L	L	-	-	L	L	L	-	-	-	E	L	-	-	-	E	L	L
L	L	-	-	-	L	L	L	-	-	L	L	L	-	-	L	L	-	-	L	L	L	L	L	-	-	-	L
E	E	E	-	-	E	E	E	-	-	E	E	-	-	L	L	L	L	L	-	-	E	L	L	L	-	-	L
E	L	L	L	L	-	-	L	L	L	-	-	E	L	-	-	E	L	L	-	-	L	L	-	-	E	E	E
L	-	-	E	L	-	-	-	E	E	E	E	E	-	-	-	E	L	L	-	-	E	E	-	-	L	L	L
-	E	E	E	-	-	-	E	E	E	L	L	-	-	-	E	E	E	E	E	-	-	-	-	-	L	L	L
Objective 0: 4931
Objective 1: 94
Constr violation: -1
Restrictions violated:
0 0 0 0 0 0 1 0 

Individual 71
1	2	3	4	5	6	7	8	9	10	11	12	13	14	15	16	17	18	19	20	21	22	23	24	25	26	27	28
E	L	L	L	-	-	-	L	L	L	-	-	L	L	-	-	L	L	-	-	-	E	L	-	-	E	E	L
E	E	E	E	E	-	-	E	E	E	E	-	-	E	E	-	-	E	E	-	-	E	E	-	-	-	-	E
E	E	L	L	L	-	-	-	-	L	L	L	L	-	-	-	-	E	E	E	E	E	-	-	L	L	-	-
L	-	-	E	E	-	-	-	E	E	L	L	-	-	E	E	L	-	-	E	E	E	L	-	-	L	L	L
E	E	E	E	L	-	-	L	L	L	L	L	-	-	L	L	L	L	L	-	-	-	-	-	-	E	L	L
-	-	-	-	-	-	-	-	-	-	-	-	-	-	-	L	L	-	-	L	L	L	L	L	-	-	L	L
E	E	E	-	-	E	E	E	-	-	E	E	-	-	L	L	L	L	L	-	-	E	L	L	L	-	-	L
E	L	L	L	-	-	-	L	L	L	-	-	E	L	-	-	E	L	L	L	L	-	-	E	L	-	-	-
L	-	-	E	L	-	-	-	E	E	E	E	E	-	-	-	E	L	L	-	-	E	E	-	-	L	L	L
-	E	E	E	-	-	-	E	E	E	L	L	-	-	-	E	E	E	E	E	-	-	-	-	-	L	L	L
Objective 0: 5632
Objective 1: 99
Constr violation: -1
Restrictions violated:
0 0 0 0 0 0 0 1 

Individual 72
1	2	3	4	5	6	7	8	9	10	11	12	13	14	15	16	17	18	19	20	21	22	23	24	25	26	27	28
E	E	E	E	-	-	-	E	L	L	-	-	E	L	-	-	L	L	-	-	-	E	L	-	-	E	E	L
E	E	E	E	E	-	-	E	E	E	E	-	-	E	E	-	-	E	E	-	-	E	E	-	-	-	-	E
E	E	L	L	L	-	-	-	-	L	L	L	L	-	-	-	-	E	E	E	E	E	-	-	L	L	-	-
E	-	-	E	L	-	-	E	E	E	L	L	-	-	E	E	L	-	-	E	E	E	L	-	-	L	L	L
E	E	E	E	L	-	-	L	L	L	L	L	-	-	L	L	L	L	L	-	-	-	-	-	-	E	L	L
-	-	-	-	-	-	-	-	-	-	-	-	-	-	-	L	L	-	-	-	L	L	L	-	-	-	-	L
E	E	E	-	-	E	E	E	-	-	E	E	-	-	L	L	L	L	L	-	-	E	L	L	L	-	-	L
E	L	L	L	L	-	-	L	L	L	-	-	E	L	-	-	E	L	L	-	-	L	L	-	-	E	E	E
L	-	-	E	L	-	-	-	E	E	E	E	E	-	-	-	E	L	L	-	-	E	E	-	-	L	L	L
-	E	E	E	-	-	-	E	E	E	L	L	-	-	-	E	E	E	E	E	-	-	-	-	-	L	L	L
Objective 0: 6541
Objective 1: 99
Constr violation: -1
Restrictions violated:
0 0 0 0 0 0 0 1 

Individual 73
1	2	3	4	5	6	7	8	9	10	11	12	13	14	15	16	17	18	19	20	21	22	23	24	25	26	27	28
E	E	E	E	E	-	-	L	L	L	-	-	L	L	-	-	L	L	-	-	-	E	L	-	-	E	E	L
E	E	E	E	E	-	-	E	E	E	E	-	-	E	E	-	-	E	E	-	-	E	E	-	-	-	-	E
E	E	L	L	L	-	-	-	-	L	L	L	L	-	-	-	-	E	E	E	E	E	-	-	L	L	-	-
E	-	-	E	L	-	-	E	E	E	L	L	-	-	E	E	L	-	-	E	E	E	L	-	-	L	L	L
E	E	E	E	L	-	-	L	L	L	L	L	-	-	L	L	L	L	L	-	-	-	-	-	-	E	L	L
L	L	-	-	L	L	L	L	-	-	L	L	L	-	-	L	L	-	-	L	L	L	L	L	-	-	L	L
E	E	E	-	-	E	E	E	-	-	E	E	-	-	L	L	L	L	L	-	-	E	L	L	L	-	-	L
E	L	L	L	L	-	-	L	L	L	-	-	E	L	-	-	L	L	L	-	-	L	L	-	-	E	E	E
L	-	-	E	L	-	-	-	E	E	E	E	E	-	-	-	E	L	L	-	-	E	E	-	-	L	L	L
-	E	E	E	-	-	-	E	E	E	L	L	-	-	-	E	E	E	E	E	-	-	-	-	-	L	L	L
Objective 0: 5645
Objective 1: 100
Constr violation: -1
Restrictions violated:
0 0 0 0 0 0 1 0 

Individual 74
1	2	3	4	5	6	7	8	9	10	11	12	13	14	15	16	17	18	19	20	21	22	23	24	25	26	27	28
E	L	L	L	-	-	-	L	L	L	-	-	L	L	-	-	L	L	-	-	-	L	L	-	-	E	E	E
E	E	E	E	E	-	-	E	E	E	E	-	-	E	E	-	-	E	E	-	-	E	E	-	-	-	-	E
E	E	L	L	L	-	-	-	-	L	L	L	L	-	-	-	-	E	E	E	E	E	-	-	L	L	-	-
E	-	-	E	L	-	-	E	E	E	L	L	-	-	E	E	L	-	-	E	E	E	L	-	-	L	L	L
E	E	E	E	L	-	-	L	L	L	L	L	-	-	L	L	L	L	L	-	-	-	-	-	-	E	L	L
L	L	-	-	L	L	L	L	-	-	L	L	-	-	-	L	L	-	-	L	L	L	L	L	-	-	L	L
E	E	E	L	L	-	-	E	E	E	-	-	-	-	L	L	L	L	L	-	-	E	L	L	L	-	-	L
E	E	E	L	L	-	-	L	L	L	-	-	E	L	-	-	E	L	L	L	L	-	-	E	L	-	-	-
L	-	-	E	L	-	-	-	E	E	E	E	E	-	-	-	E	L	L	-	-	E	E	-	-	L	L	L
-	E	E	E	-	-	-	E	E	E	L	L	-	-	-	E	E	E	E	E	-	-	-	-	-	L	L	L
Objective 0: 5743
Objective 1: 100
Constr violation: -1
Restrictions violated:
0 0 0 0 0 0 1 0 

Individual 75
1	2	3	4	5	6	7	8	9	10	11	12	13	14	15	16	17	18	19	20	21	22	23	24	25	26	27	28
E	E	E	E	E	-	-	L	L	L	-	-	E	L	-	-	L	L	-	-	-	E	L	-	-	E	E	L
E	E	E	E	E	-	-	E	E	E	E	-	-	E	E	-	-	E	E	-	-	E	E	-	-	-	-	E
E	E	L	L	L	-	-	-	-	L	L	L	L	-	-	-	-	E	E	E	E	E	-	-	L	L	-	-
E	-	-	E	L	-	-	E	E	E	L	L	-	-	E	E	E	-	-	E	E	E	E	-	-	L	L	-
-	-	E	E	L	-	-	L	L	L	L	L	-	-	L	L	L	L	L	-	-	-	-	-	-	E	L	L
L	L	-	-	-	-	-	-	-	-	-	-	-	-	-	L	L	-	-	L	L	L	L	L	-	-	L	L
E	E	E	L	L	-	-	E	E	E	-	-	-	-	L	L	L	L	L	-	-	E	L	L	L	-	-	L
E	E	E	L	L	-	-	L	L	L	-	-	E	L	-	-	L	L	L	-	-	L	L	-	-	E	E	-
L	-	-	E	L	-	-	-	E	E	E	E	E	-	-	-	E	L	L	-	-	E	E	-	-	L	L	L
-	E	E	E	-	-	-	E	E	E	L	L	-	-	-	E	E	E	E	E	-	-	-	-	-	L	L	L
Objective 0: 6341
Objective 1: 96
Constr violation: -1
Restrictions violated:
0 0 0 0 0 0 0 1 

Individual 76
1	2	3	4	5	6	7	8	9	10	11	12	13	14	15	16	17	18	19	20	21	22	23	24	25	26	27	28
E	E	E	E	E	-	-	L	L	L	-	-	E	L	-	-	L	L	-	-	-	E	L	-	-	E	E	L
E	E	E	E	E	-	-	E	E	E	E	-	-	E	E	-	-	E	E	-	-	E	E	-	-	-	-	E
E	E	L	L	L	-	-	-	-	L	L	L	L	-	-	-	-	E	E	E	E	E	-	-	L	L	-	-
E	-	-	E	L	-	-	E	E	E	L	L	-	-	E	E	L	-	-	E	E	E	L	-	-	L	L	L
E	E	E	E	L	-	-	L	L	L	L	L	-	-	L	L	L	L	L	-	-	-	-	-	-	E	L	L
L	L	-	-	-	-	-	-	-	-	-	-	-	-	-	-	-	-	-	-	L	L	L	-	-	-	-	L
E	E	E	-	-	E	E	E	-	-	E	E	-	-	L	L	L	L	L	-	-	-	L	L	L	-	-	-
E	L	L	L	-	-	-	L	L	L	-	-	E	L	-	-	E	L	L	L	L	-	-	E	L	-	-	-
L	-	-	E	L	-	-	-	E	E	E	E	E	-	-	-	E	L	L	-	-	E	E	-	-	L	L	L
-	E	E	E	-	-	-	E	E	E	L	L	-	-	-	E	E	E	E	E	-	-	-	-	-	L	L	L
Objective 0: 6235
Objective 1: 100
Constr violation: -1
Restrictions violated:
0 0 0 0 0 0 0 1 

Individual 77
1	2	3	4	5	6	7	8	9	10	11	12	13	14	15	16	17	18	19	20	21	22	23	24	25	26	27	28
E	E	E	E	E	-	-	E	L	L	-	-	E	L	-	-	L	L	-	-	-	L	L	-	-	E	E	L
E	E	E	E	E	-	-	E	E	E	E	-	-	E	E	-	-	E	E	-	-	E	E	-	-	-	-	E
E	E	L	L	L	-	-	-	-	L	L	L	L	-	-	-	-	E	E	E	E	E	-	-	L	L	-	-
L	-	-	E	E	-	-	-	E	E	L	L	-	-	E	E	E	-	-	E	E	E	E	-	-	L	L	L
-	-	E	E	L	-	-	L	L	L	L	L	-	-	L	L	L	-	-	-	E	L	-	-	-	E	L	L
L	L	-	-	-	L	L	L	-	-	L	L	L	-	-	L	L	-	-	L	L	L	L	L	-	-	-	L
E	E	E	-	-	E	E	E	-	-	E	E	-	-	L	L	L	L	L	-	-	-	L	L	L	-	-	-
E	L	L	L	-	-	-	L	L	L	-	-	E	L	-	-	E	L	L	L	L	-	-	E	L	-	-	-
L	-	-	E	L	-	-	-	E	E	E	E	E	-	-	-	E	L	L	-	-	E	E	-	-	L	L	L
-	E	E	E	-	-	-	E	E	E	L	L	-	-	-	E	E	E	E	E	-	-	-	-	-	L	L	L
Objective 0: 5131
Objective 1: 96
Constr violation: -1
Restrictions violated:
0 0 0 0 0 0 1 0 

Individual 78
1	2	3	4	5	6	7	8	9	10	11	12	13	14	15	16	17	18	19	20	21	22	23	24	25	26	27	28
E	E	E	E	E	-	-	L	L	L	-	-	L	L	-	-	L	L	-	-	-	L	L	-	-	E	E	E
E	E	E	E	E	-	-	E	E	E	E	-	-	E	E	-	-	E	E	-	-	E	E	-	-	-	-	E
E	E	L	L	L	-	-	-	-	L	L	L	L	-	-	-	-	E	E	E	E	E	-	-	L	L	-	-
L	-	-	L	L	-	-	E	E	E	L	L	-	-	E	E	E	-	-	E	E	E	E	-	-	L	L	L
E	E	E	E	L	-	-	L	L	L	L	L	-	-	L	L	L	-	-	-	E	L	-	-	-	E	L	L
L	L	-	-	L	L	L	L	-	-	L	L	L	-	-	L	L	-	-	L	L	L	L	L	-	-	L	L
E	E	E	-	-	E	E	E	-	-	E	E	-	-	L	L	L	L	L	-	-	E	L	L	L	-	-	L
E	L	L	L	L	-	-	L	L	L	-	-	E	L	-	-	E	L	L	-	-	L	L	-	-	E	E	E
L	-	-	E	L	-	-	-	E	E	E	E	E	-	-	-	E	L	L	-	-	E	E	-	-	L	L	L
-	E	E	E	-	-	-	E	E	E	L	L	-	-	-	E	E	E	E	E	-	-	-	-	-	L	L	L
Objective 0: 4837
Objective 1: 93
Constr violation: -1
Restrictions violated:
0 0 0 0 0 0 1 0 

Individual 79
1	2	3	4	5	6	7	8	9	10	11	12	13	14	15	16	17	18	19	20	21	22	23	24	25	26	27	28
E	E	E	E	E	-	-	L	L	L	-	-	E	L	-	-	L	L	-	-	-	E	L	-	-	E	E	L
E	E	E	E	E	-	-	E	E	E	E	-	-	E	E	-	-	E	E	-	-	E	E	-	-	-	-	E
E	E	L	L	L	-	-	-	-	L	L	L	L	-	-	-	-	E	E	E	E	E	-	-	L	L	-	-
L	-	-	E	E	-	-	-	E	E	L	L	-	-	E	E	E	-	-	E	E	E	E	-	-	L	L	-
-	-	E	E	L	-	-	L	L	L	L	L	-	-	L	L	L	-	-	-	E	L	-	-	-	E	L	L
L	-	-	-	-	-	-	-	-	-	-	-	-	-	-	-	-	-	-	-	L	L	L	-	-	-	-	L
E	E	E	-	-	-	-	E	E	E	-	-	-	-	L	L	L	L	L	-	-	E	L	L	L	-	-	L
E	E	E	L	L	-	-	L	L	L	-	-	E	L	-	-	L	L	L	-	-	L	L	-	-	E	E	-
L	-	-	E	L	-	-	-	E	E	E	E	E	-	-	-	E	L	L	-	-	E	E	-	-	L	L	L
-	E	E	E	-	-	-	E	E	E	L	L	-	-	-	E	E	E	E	E	-	-	-	-	-	L	L	L
Objective 0: 6635
Objective 1: 95
Constr violation: -1
Restrictions violated:
0 0 0 0 0 0 0 1 

Individual 80
1	2	3	4	5	6	7	8	9	10	11	12	13	14	15	16	17	18	19	20	21	22	23	24	25	26	27	28
E	E	E	E	-	-	-	E	L	L	-	-	E	L	-	-	L	L	-	-	-	E	L	-	-	E	E	E
E	E	E	E	E	-	-	E	E	E	E	-	-	E	E	-	-	E	E	-	-	E	E	-	-	-	-	E
E	E	L	L	L	-	-	-	-	L	L	L	L	-	-	-	-	E	E	E	E	E	-	-	L	L	-	-
L	-	-	E	E	-	-	-	E	E	L	L	-	-	E	E	E	-	-	E	E	E	E	-	-	L	L	-
-	-	E	E	L	-	-	L	L	L	L	L	-	-	L	L	L	L	L	-	-	-	-	-	-	E	L	L
-	-	-	-	-	-	-	-	-	-	-	-	-	-	-	-	-	-	-	-	L	L	L	-	-	-	-	L
E	E	E	-	-	-	-	E	E	E	-	-	-	-	L	L	L	L	L	-	-	E	L	L	L	-	-	L
E	L	L	L	-	-	-	L	L	L	-	-	E	L	-	-	E	L	L	L	L	-	-	E	L	-	-	-
L	-	-	E	L	-	-	-	E	E	E	E	E	-	-	-	E	L	L	-	-	E	E	-	-	L	L	L
-	E	E	E	-	-	-	E	E	E	L	L	-	-	-	E	E	E	E	E	-	-	-	-	-	L	L	L
Objective 0: 6531
Objective 1: 103
Constr violation: -1
Restrictions violated:
0 0 0 0 0 0 0 1 

Individual 81
1	2	3	4	5	6	7	8	9	10	11	12	13	14	15	16	17	18	19	20	21	22	23	24	25	26	27	28
E	L	L	L	-	-	-	L	L	L	-	-	L	L	-	-	L	L	-	-	-	L	L	-	-	E	E	L
E	E	E	E	E	-	-	E	E	E	E	-	-	E	E	-	-	E	E	-	-	E	E	-	-	-	-	E
E	E	L	L	L	-	-	-	-	L	L	L	L	-	-	-	-	E	E	E	E	E	-	-	L	L	-	-
L	-	-	E	E	-	-	-	E	E	L	L	-	-	E	E	E	-	-	E	E	E	E	-	-	L	L	-
-	-	E	E	L	-	-	L	L	L	L	L	-	-	L	L	L	-	-	-	E	L	-	-	-	E	L	L
L	L	-	-	L	L	L	L	-	-	L	L	L	-	-	L	L	-	-	L	L	L	L	L	-	-	L	L
E	E	E	-	-	E	E	E	-	-	E	E	-	-	L	L	L	L	L	-	-	E	L	L	L	-	-	L
E	L	L	L	L	-	-	L	L	L	-	-	E	L	-	-	E	L	L	-	-	L	L	-	-	E	E	E
L	-	-	E	L	-	-	-	E	E	E	E	E	-	-	-	E	L	L	-	-	E	E	-	-	L	L	L
-	E	E	E	-	-	-	E	E	E	L	L	-	-	-	E	E	E	E	E	-	-	-	-	-	L	L	L
Objective 0: 4731
Objective 1: 95
Constr violation: -1
Restrictions violated:
0 0 0 0 0 0 1 0 

Individual 82
1	2	3	4	5	6	7	8	9	10	11	12	13	14	15	16	17	18	19	20	21	22	23	24	25	26	27	28
E	E	E	E	E	-	-	L	L	L	-	-	L	L	-	-	L	L	-	-	-	E	L	-	-	E	E	E
E	E	E	E	E	-	-	E	E	E	E	-	-	E	E	-	-	E	E	-	-	E	E	-	-	-	-	E
E	E	L	L	L	-	-	-	-	L	L	L	L	-	-	-	-	E	E	E	E	E	-	-	L	L	-	-
E	-	-	E	L	-	-	E	E	E	L	L	-	-	E	E	L	-	-	E	E	E	L	-	-	L	L	L
-	-	E	E	L	-	-	L	L	L	L	L	-	-	L	L	L	L	L	-	-	-	-	-	-	E	L	L
-	-	-	-	-	-	-	-	-	-	-	-	-	-	-	L	L	-	-	L	L	L	L	L	-	-	L	L
E	E	E	-	-	E	E	E	-	-	E	E	-	-	L	L	L	L	L	-	-	E	L	L	L	-	-	L
E	L	L	L	-	-	-	L	L	L	-	-	E	L	-	-	L	L	L	-	-	L	L	-	-	E	E	E
L	-	-	E	L	-	-	-	E	E	E	E	E	-	-	-	E	L	L	-	-	E	E	-	-	L	L	L
-	E	E	E	-	-	-	E	E	E	L	L	-	-	-	E	E	E	E	E	-	-	-	-	-	L	L	L
Objective 0: 6037
Objective 1: 97
Constr violation: -1
Restrictions violated:
0 0 0 0 0 0 0 1 

Individual 83
1	2	3	4	5	6	7	8	9	10	11	12	13	14	15	16	17	18	19	20	21	22	23	24	25	26	27	28
E	L	L	L	-	-	-	L	L	L	-	-	L	L	-	-	L	L	-	-	-	L	L	-	-	E	E	E
E	E	E	E	E	-	-	E	E	E	E	-	-	E	E	-	-	E	E	-	-	E	E	-	-	-	-	E
E	E	L	L	L	-	-	-	-	L	L	L	L	-	-	-	-	E	E	E	E	E	-	-	L	L	-	-
L	-	-	E	E	-	-	-	E	E	L	L	-	-	E	E	E	-	-	E	E	E	E	-	-	L	L	-
-	-	E	E	L	-	-	L	L	L	L	L	-	-	L	L	L	-	-	-	E	L	-	-	-	E	L	L
L	L	-	-	-	-	-	-	-	-	-	-	-	-	-	L	L	-	-	L	L	L	L	L	-	-	-	L
E	E	E	-	-	E	E	E	-	-	E	E	-	-	L	L	L	L	L	-	-	-	L	L	L	-	-	-
E	L	L	L	-	-	-	L	L	L	-	-	E	L	-	-	E	L	L	L	L	-	-	E	L	-	-	-
L	-	-	E	L	-	-	-	E	E	E	E	E	-	-	-	E	L	L	-	-	E	E	-	-	L	L	L
-	E	E	E	-	-	-	E	E	E	L	L	-	-	-	E	E	E	E	E	-	-	-	-	-	L	L	L
Objective 0: 4921
Objective 1: 92
Constr violation: -1
Restrictions violated:
0 0 0 0 0 0 0 1 

Individual 84
1	2	3	4	5	6	7	8	9	10	11	12	13	14	15	16	17	18	19	20	21	22	23	24	25	26	27	28
E	E	E	E	-	-	-	E	L	L	-	-	E	L	-	-	L	L	-	-	-	E	L	-	-	E	E	L
E	E	E	E	E	-	-	E	E	E	E	-	-	E	E	-	-	E	E	-	-	E	E	-	-	-	-	E
E	E	L	L	L	-	-	-	-	L	L	L	L	-	-	-	-	E	E	E	E	E	-	-	L	L	-	-
L	-	-	E	E	-	-	-	E	E	L	L	-	-	E	E	E	-	-	E	E	E	E	-	-	L	L	-
-	-	E	E	L	-	-	L	L	L	L	L	-	-	L	L	L	L	L	-	-	-	-	-	-	E	L	L
L	L	-	-	L	L	L	L	-	-	L	L	L	-	-	L	L	-	-	L	L	L	L	L	-	-	L	L
E	E	E	-	-	E	E	E	-	-	E	E	-	-	L	L	L	L	L	-	-	-	L	L	L	-	-	-
E	L	L	L	-	-	-	L	L	L	-	-	E	L	-	-	E	L	L	L	L	-	-	E	L	-	-	-
L	-	-	E	L	-	-	-	E	E	E	E	E	-	-	-	E	L	L	-	-	E	E	-	-	L	L	L
-	E	E	E	-	-	-	E	E	E	L	L	-	-	-	E	E	E	E	E	-	-	-	-	-	L	L	L
Objective 0: 5333
Objective 1: 103
Constr violation: -1
Restrictions violated:
0 0 0 0 0 0 1 0 

Individual 85
1	2	3	4	5	6	7	8	9	10	11	12	13	14	15	16	17	18	19	20	21	22	23	24	25	26	27	28
E	E	E	E	-	-	-	E	L	L	-	-	E	L	-	-	L	L	-	-	-	E	L	-	-	E	E	E
E	E	E	E	E	-	-	E	E	E	E	-	-	E	E	-	-	E	E	-	-	E	E	-	-	-	-	E
E	E	L	L	L	-	-	-	-	L	L	L	L	-	-	-	-	E	E	E	E	E	-	-	L	L	-	-
E	-	-	E	L	-	-	E	E	E	L	L	-	-	E	E	L	-	-	E	E	E	L	-	-	L	L	L
-	-	E	E	L	-	-	L	L	L	L	L	-	-	L	L	L	-	-	-	E	L	-	-	-	E	L	L
L	L	-	-	-	-	-	-	-	-	-	-	-	-	-	L	L	-	-	L	L	L	L	L	-	-	L	L
E	E	E	L	L	-	-	E	E	E	-	-	-	-	L	L	L	L	L	-	-	E	L	L	L	-	-	L
E	E	E	L	L	-	-	L	L	L	-	-	E	L	-	-	L	L	L	-	-	L	L	-	-	E	E	E
L	-	-	E	L	-	-	-	E	E	E	E	E	-	-	-	E	L	L	-	-	E	E	-	-	L	L	L
-	E	E	E	-	-	-	E	E	E	L	L	-	-	-	E	E	E	E	E	-	-	-	-	-	L	L	L
Objective 0: 6443
Objective 1: 93
Constr violation: -1
Restrictions violated:
0 0 0 0 0 0 0 1 

Individual 86
1	2	3	4	5	6	7	8	9	10	11	12	13	14	15	16	17	18	19	20	21	22	23	24	25	26	27	28
E	E	E	E	E	-	-	L	L	L	-	-	E	L	-	-	L	L	-	-	-	E	L	-	-	E	E	L
E	E	E	E	E	-	-	E	E	E	E	-	-	E	E	-	-	E	E	-	-	E	E	-	-	-	-	E
E	E	L	L	L	-	-	-	-	L	L	L	L	-	-	-	-	E	E	E	E	E	-	-	L	L	-	-
E	-	-	E	L	-	-	E	E	E	L	L	-	-	E	E	L	-	-	E	E	E	L	-	-	L	L	L
E	E	E	E	L	-	-	L	L	L	L	L	-	-	L	L	L	L	L	-	-	-	-	-	-	E	L	L
L	L	-	-	L	L	L	L	-	-	L	L	-	-	-	L	L	-	-	L	L	L	L	L	-	-	L	L
E	E	E	L	L	-	-	E	E	E	-	-	-	-	L	L	L	L	L	-	-	E	L	L	L	-	-	L
E	E	E	L	L	-	-	L	L	L	-	-	E	L	-	-	L	L	L	-	-	L	L	-	-	E	E	-
L	-	-	E	L	-	-	-	E	E	E	E	E	-	-	-	E	L	L	-	-	E	E	-	-	L	L	L
-	E	E	E	-	-	-	E	E	E	L	L	-	-	-	E	E	E	E	E	-	-	-	-	-	L	L	L
Objective 0: 6350
Objective 1: 100
Constr violation: -1
Restrictions violated:
0 0 0 0 0 0 1 0 

Individual 87
1	2	3	4	5	6	7	8	9	10	11	12	13	14	15	16	17	18	19	20	21	22	23	24	25	26	27	28
E	E	E	E	E	-	-	E	L	L	-	-	E	L	-	-	L	L	-	-	-	E	L	-	-	E	E	L
E	E	E	E	E	-	-	E	E	E	E	-	-	E	E	-	-	E	E	-	-	E	E	-	-	-	-	E
E	E	L	L	L	-	-	-	-	L	L	L	L	-	-	-	-	E	E	E	E	E	-	-	L	L	-	-
L	-	-	E	E	-	-	-	E	E	L	L	-	-	E	E	L	-	-	E	E	E	L	-	-	L	L	L
-	-	E	E	L	-	-	L	L	L	L	L	-	-	L	L	L	L	L	-	-	-	-	-	-	E	L	L
-	-	-	-	-	-	-	-	-	-	-	-	-	-	-	-	-	-	-	-	L	L	L	-	-	-	-	L
E	E	E	-	-	-	-	E	E	E	-	-	-	-	L	L	L	L	L	-	-	E	L	L	L	-	-	L
E	L	L	L	-	-	-	L	L	L	-	-	E	L	-	-	E	L	L	L	L	-	-	E	L	-	-	-
L	-	-	E	L	-	-	-	E	E	E	E	E	-	-	-	E	L	L	-	-	E	E	-	-	L	L	L
-	E	E	E	-	-	-	E	E	E	L	L	-	-	-	E	E	E	E	E	-	-	-	-	-	L	L	L
Objective 0: 6735
Objective 1: 104
Constr violation: -1
Restrictions violated:
0 0 0 0 0 0 0 1 

Individual 88
1	2	3	4	5	6	7	8	9	10	11	12	13	14	15	16	17	18	19	20	21	22	23	24	25	26	27	28
E	E	E	E	E	-	-	L	L	L	-	-	L	L	-	-	L	L	-	-	-	L	L	-	-	E	E	L
E	E	E	E	E	-	-	E	E	E	E	-	-	E	E	-	-	E	E	-	-	E	E	-	-	-	-	E
E	E	L	L	L	-	-	-	-	L	L	L	L	-	-	-	-	E	E	E	E	E	-	-	L	L	-	-
E	-	-	E	L	-	-	E	E	E	L	L	-	-	E	E	E	-	-	E	E	E	E	-	-	L	L	L
E	E	E	E	L	-	-	L	L	L	L	L	-	-	L	L	L	-	-	-	E	L	-	-	-	E	L	L
L	L	-	-	L	L	L	L	-	-	L	L	L	-	-	L	L	-	-	L	L	L	L	L	-	-	L	L
E	E	E	-	-	E	E	E	-	-	E	E	-	-	L	L	L	L	L	-	-	E	L	L	L	-	-	L
E	L	L	L	L	-	-	L	L	L	-	-	E	L	-	-	E	L	L	-	-	L	L	-	-	E	E	E
L	-	-	E	L	-	-	-	E	E	E	E	E	-	-	-	E	L	L	-	-	E	E	-	-	L	L	L
-	E	E	E	-	-	-	E	E	E	L	L	-	-	-	E	E	E	E	E	-	-	-	-	-	L	L	L
Objective 0: 5140
Objective 1: 93
Constr violation: -1
Restrictions violated:
0 0 0 0 0 0 1 0 

Individual 89
1	2	3	4	5	6	7	8	9	10	11	12	13	14	15	16	17	18	19	20	21	22	23	24	25	26	27	28
E	E	E	E	E	-	-	L	L	L	-	-	L	L	-	-	L	L	-	-	-	E	L	-	-	E	E	L
E	E	E	E	E	-	-	E	E	E	E	-	-	E	E	-	-	E	E	-	-	E	E	-	-	-	-	E
E	E	L	L	L	-	-	-	-	L	L	L	L	-	-	-	-	E	E	E	E	E	-	-	L	L	-	-
E	-	-	E	L	-	-	E	E	E	L	L	-	-	E	E	L	-	-	E	E	E	L	-	-	L	L	L
-	-	E	E	L	-	-	L	L	L	L	L	-	-	L	L	L	L	L	-	-	-	-	-	-	E	L	L
-	-	-	-	-	-	-	-	-	-	-	-	-	-	-	L	L	-	-	L	L	L	L	L	-	-	L	L
E	E	E	-	-	E	E	E	-	-	E	E	-	-	L	L	L	L	L	-	-	E	L	L	L	-	-	L
E	L	L	L	-	-	-	L	L	L	-	-	E	L	-	-	L	L	L	-	-	L	L	-	-	E	E	E
L	-	-	E	L	-	-	-	E	E	E	E	E	-	-	-	E	L	L	-	-	E	E	-	-	L	L	L
-	E	E	E	-	-	-	E	E	E	L	L	-	-	-	E	E	E	E	E	-	-	-	-	-	L	L	L
Objective 0: 6138
Objective 1: 97
Constr violation: -1
Restrictions violated:
0 0 0 0 0 0 0 1 

Individual 90
1	2	3	4	5	6	7	8	9	10	11	12	13	14	15	16	17	18	19	20	21	22	23	24	25	26	27	28
E	E	E	E	E	-	-	L	L	L	-	-	E	L	-	-	L	L	-	-	-	E	L	-	-	E	E	L
E	E	E	E	E	-	-	E	E	E	E	-	-	E	E	-	-	E	E	-	-	E	E	-	-	-	-	E
E	E	L	L	L	-	-	-	-	L	L	L	L	-	-	-	-	E	E	E	E	E	-	-	L	L	-	-
E	-	-	E	L	-	-	E	E	E	L	L	-	-	E	E	E	-	-	E	E	E	E	-	-	L	L	-
-	-	E	E	L	-	-	L	L	L	L	L	-	-	L	L	L	L	L	-	-	-	-	-	-	E	L	L
L	L	-	-	-	-	-	-	-	-	-	-	-	-	-	L	L	-	-	L	L	L	L	L	-	-	L	L
E	E	E	L	L	-	-	E	E	E	-	-	-	-	L	L	L	L	L	-	-	E	L	L	L	-	-	L
E	E	E	L	L	-	-	L	L	L	-	-	E	L	-	-	L	L	L	-	-	L	L	-	-	E	E	E
L	-	-	E	L	-	-	-	E	E	E	E	E	-	-	-	E	L	L	-	-	E	E	-	-	L	L	L
-	E	E	E	-	-	-	E	E	E	L	L	-	-	-	E	E	E	E	E	-	-	-	-	-	L	L	L
Objective 0: 6241
Objective 1: 96
Constr violation: -1
Restrictions violated:
0 0 0 0 0 0 0 1 

Individual 91
1	2	3	4	5	6	7	8	9	10	11	12	13	14	15	16	17	18	19	20	21	22	23	24	25	26	27	28
E	E	E	E	E	-	-	L	L	L	-	-	E	L	-	-	L	L	-	-	-	E	L	-	-	E	E	L
E	E	E	E	E	-	-	E	E	E	E	-	-	E	E	-	-	E	E	-	-	E	E	-	-	-	-	E
E	E	L	L	L	-	-	-	-	L	L	L	L	-	-	-	-	E	E	E	E	E	-	-	L	L	-	-
E	-	-	E	L	-	-	E	E	E	L	L	-	-	E	E	L	-	-	E	E	E	L	-	-	L	L	L
E	E	E	E	L	-	-	L	L	L	L	L	-	-	L	L	L	L	L	-	-	-	-	-	-	E	L	L
L	L	-	-	L	L	L	L	-	-	L	L	-	-	-	L	L	-	-	L	L	L	L	L	-	-	L	L
E	E	E	L	L	-	-	E	E	E	-	-	-	-	L	L	L	L	L	-	-	E	L	L	L	-	-	L
E	E	E	L	L	-	-	L	L	L	-	-	E	L	-	-	L	L	L	-	-	L	L	-	-	E	E	E
L	-	-	E	L	-	-	-	E	E	E	E	E	-	-	-	E	L	L	-	-	E	E	-	-	L	L	L
-	E	E	E	-	-	-	E	E	E	L	L	-	-	-	E	E	E	E	E	-	-	-	-	-	L	L	L
Objective 0: 6250
Objective 1: 100
Constr violation: -1
Restrictions violated:
0 0 0 0 0 0 1 0 

Individual 92
1	2	3	4	5	6	7	8	9	10	11	12	13	14	15	16	17	18	19	20	21	22	23	24	25	26	27	28
E	L	L	L	-	-	-	L	L	L	-	-	L	L	-	-	L	L	-	-	-	L	L	-	-	E	E	E
E	E	E	E	E	-	-	E	E	E	E	-	-	E	E	-	-	E	E	-	-	E	E	-	-	-	-	E
E	E	L	L	L	-	-	-	-	L	L	L	L	-	-	-	-	E	E	E	E	E	-	-	L	L	-	-
L	-	-	E	E	-	-	-	E	E	L	L	-	-	E	E	E	-	-	E	E	E	E	-	-	L	L	-
-	-	E	E	L	-	-	L	L	L	L	L	-	-	L	L	L	-	-	-	E	L	-	-	-	E	L	L
L	-	-	-	-	-	-	-	-	-	-	-	-	-	-	-	-	-	-	-	L	L	L	-	-	-	-	L
E	E	E	-	-	-	-	E	E	E	-	-	-	-	L	L	L	L	L	-	-	E	L	L	L	-	-	L
E	E	E	L	L	-	-	L	L	L	-	-	E	L	-	-	L	L	L	-	-	L	L	-	-	E	E	-
L	-	-	E	L	-	-	-	E	E	E	E	E	-	-	-	E	L	L	-	-	E	E	-	-	L	L	L
-	E	E	E	-	-	-	E	E	E	L	L	-	-	-	E	E	E	E	E	-	-	-	-	-	L	L	L
Objective 0: 6028
Objective 1: 95
Constr violation: -1
Restrictions violated:
0 0 0 0 0 0 0 1 

Individual 93
1	2	3	4	5	6	7	8	9	10	11	12	13	14	15	16	17	18	19	20	21	22	23	24	25	26	27	28
E	L	L	L	-	-	-	L	L	L	-	-	L	L	-	-	L	L	-	-	-	L	L	-	-	E	E	E
E	E	E	E	E	-	-	E	E	E	E	-	-	E	E	-	-	E	E	-	-	E	E	-	-	-	-	E
E	E	L	L	L	-	-	-	-	L	L	L	L	-	-	-	-	E	E	E	E	E	-	-	L	L	-	-
L	-	-	E	E	-	-	-	E	E	L	L	-	-	E	E	E	-	-	E	E	E	E	-	-	L	L	-
-	-	E	E	L	-	-	L	L	L	L	L	-	-	L	L	L	-	-	-	E	L	-	-	-	E	L	L
L	L	-	-	-	-	-	-	-	-	-	-	-	-	-	L	L	-	-	-	L	L	L	L	-	-	-	L
E	E	E	-	-	E	E	E	-	-	E	E	-	-	L	L	L	L	L	-	-	-	L	L	L	-	-	-
E	L	L	L	-	-	-	L	L	L	-	-	E	L	-	-	E	L	L	L	L	-	-	E	L	-	-	-
L	-	-	E	L	-	-	-	E	E	E	E	E	-	-	-	E	L	L	-	-	E	E	-	-	L	L	L
-	E	E	E	-	-	-	E	E	E	L	L	-	-	-	E	E	E	E	E	-	-	-	-	-	L	L	L
Objective 0: 5021
Objective 1: 92
Constr violation: -1
Restrictions violated:
0 0 0 0 0 0 0 1 

Individual 94
1	2	3	4	5	6	7	8	9	10	11	12	13	14	15	16	17	18	19	20	21	22	23	24	25	26	27	28
E	E	E	E	E	-	-	E	L	L	-	-	E	L	-	-	L	L	-	-	-	E	L	-	-	E	E	L
E	E	E	E	E	-	-	E	E	E	E	-	-	E	E	-	-	E	E	-	-	E	E	-	-	-	-	E
E	E	L	L	L	-	-	-	-	L	L	L	L	-	-	-	-	E	E	E	E	E	-	-	L	L	-	-
L	-	-	E	E	-	-	-	E	E	L	L	-	-	E	E	E	-	-	E	E	E	E	-	-	L	L	-
-	-	E	E	L	-	-	L	L	L	L	L	-	-	L	L	L	-	-	-	E	L	-	-	-	E	L	L
L	L	-	-	-	-	-	-	-	-	-	-	-	-	-	L	L	-	-	L	L	L	L	L	-	-	-	L
E	E	E	-	-	E	E	E	-	-	E	E	-	-	L	L	L	L	L	-	-	-	L	L	L	-	-	-
E	L	L	L	-	-	-	L	L	L	-	-	E	L	-	-	E	L	L	L	L	-	-	E	L	-	-	-
L	-	-	E	L	-	-	-	E	E	E	E	E	-	-	-	E	L	L	-	-	E	E	-	-	L	L	L
-	E	E	E	-	-	-	E	E	E	L	L	-	-	-	E	E	E	E	E	-	-	-	-	-	L	L	L
Objective 0: 5629
Objective 1: 94
Constr violation: -1
Restrictions violated:
0 0 0 0 0 0 0 1 

Individual 95
1	2	3	4	5	6	7	8	9	10	11	12	13	14	15	16	17	18	19	20	21	22	23	24	25	26	27	28
E	E	E	E	E	-	-	E	L	L	-	-	E	L	-	-	L	L	-	-	-	E	L	-	-	E	E	L
E	E	E	E	E	-	-	E	E	E	E	-	-	E	E	-	-	E	E	-	-	E	E	-	-	-	-	E
E	E	L	L	L	-	-	-	-	L	L	L	L	-	-	-	-	E	E	E	E	E	-	-	L	L	-	-
E	-	-	E	L	-	-	E	E	E	L	L	-	-	E	E	L	-	-	E	E	E	L	-	-	L	L	L
E	E	E	E	L	-	-	L	L	L	L	L	-	-	L	L	L	L	L	-	-	-	-	-	-	E	L	L
L	L	-	-	-	-	-	-	-	-	-	-	-	-	-	-	-	-	-	-	L	L	L	-	-	-	-	L
E	E	E	-	-	E	E	E	-	-	E	E	-	-	L	L	L	L	L	-	-	-	L	L	L	-	-	-
E	L	L	L	-	-	-	L	L	L	-	-	E	L	-	-	E	L	L	L	L	-	-	E	L	-	-	-
L	-	-	E	L	-	-	-	E	E	E	E	E	-	-	-	E	L	L	-	-	E	E	-	-	L	L	L
-	E	E	E	-	-	-	E	E	E	L	L	-	-	-	E	E	E	E	E	-	-	-	-	-	L	L	L
Objective 0: 6336
Objective 1: 102
Constr violation: -1
Restrictions violated:
0 0 0 0 0 0 0 1 

Individual 96
1	2	3	4	5	6	7	8	9	10	11	12	13	14	15	16	17	18	19	20	21	22	23	24	25	26	27	28
E	L	L	L	-	-	-	L	L	L	-	-	L	L	-	-	L	L	-	-	-	L	L	-	-	E	E	E
E	E	E	E	E	-	-	E	E	E	E	-	-	E	E	-	-	E	E	-	-	E	E	-	-	-	-	E
E	E	L	L	L	-	-	-	-	L	L	L	L	-	-	-	-	E	E	E	E	E	-	-	L	L	-	-
E	-	-	E	L	-	-	E	E	E	L	L	-	-	E	E	L	-	-	E	E	E	L	-	-	L	L	L
E	E	E	E	L	-	-	L	L	L	L	L	-	-	L	L	L	L	L	-	-	-	-	-	-	E	L	L
L	L	-	-	-	-	-	-	-	-	-	-	-	-	-	-	-	-	-	-	L	L	L	-	-	-	-	L
E	E	E	-	-	E	E	E	-	-	E	E	-	-	L	L	L	L	L	-	-	-	L	L	L	-	-	-
E	L	L	L	-	-	-	L	L	L	-	-	E	L	-	-	E	L	L	L	L	-	-	E	L	-	-	-
L	-	-	E	L	-	-	-	E	E	E	E	E	-	-	-	E	L	L	-	-	E	E	-	-	L	L	L
-	E	E	E	-	-	-	E	E	E	L	L	-	-	-	E	E	E	E	E	-	-	-	-	-	L	L	L
Objective 0: 5729
Objective 1: 100
Constr violation: -1
Restrictions violated:
0 0 0 0 0 0 0 1 

Individual 97
1	2	3	4	5	6	7	8	9	10	11	12	13	14	15	16	17	18	19	20	21	22	23	24	25	26	27	28
E	E	E	E	-	-	-	E	L	L	-	-	L	L	-	-	L	L	-	-	-	L	L	-	-	E	E	E
E	E	E	E	E	-	-	E	E	E	E	-	-	E	E	-	-	E	E	-	-	E	E	-	-	-	-	E
E	E	L	L	L	-	-	-	-	L	L	L	L	-	-	-	-	E	E	E	E	E	-	-	L	L	-	-
L	-	-	E	E	-	-	-	E	E	L	L	-	-	E	E	E	-	-	E	E	E	E	-	-	L	L	-
-	-	E	E	L	-	-	L	L	L	L	L	-	-	L	L	L	-	-	-	E	L	-	-	-	E	L	L
L	L	-	-	-	-	-	-	-	-	-	-	-	-	-	L	L	-	-	L	L	L	L	L	-	-	-	L
E	E	E	-	-	E	E	E	-	-	E	E	-	-	L	L	L	L	L	-	-	-	L	L	L	-	-	-
E	L	L	L	-	-	-	L	L	L	-	-	E	L	-	-	E	L	L	L	L	-	-	E	L	-	-	-
L	-	-	E	L	-	-	-	E	E	E	E	E	-	-	-	E	L	L	-	-	E	E	-	-	L	L	L
-	E	E	E	-	-	-	E	E	E	L	L	-	-	-	E	E	E	E	E	-	-	-	-	-	L	L	L
Objective 0: 5325
Objective 1: 94
Constr violation: -1
Restrictions violated:
0 0 0 0 0 0 0 1 

Individual 98
1	2	3	4	5	6	7	8	9	10	11	12	13	14	15	16	17	18	19	20	21	22	23	24	25	26	27	28
E	E	E	E	E	-	-	E	L	L	-	-	E	L	-	-	L	L	-	-	-	E	L	-	-	E	E	L
E	E	E	E	E	-	-	E	E	E	E	-	-	E	E	-	-	E	E	-	-	E	E	-	-	-	-	E
E	E	L	L	L	-	-	-	-	L	L	L	L	-	-	-	-	E	E	E	E	E	-	-	L	L	-	-
E	-	-	E	L	-	-	E	E	E	L	L	-	-	E	E	L	-	-	E	E	E	L	-	-	L	L	L
E	E	E	E	L	-	-	L	L	L	L	L	-	-	L	L	L	L	L	-	-	-	-	-	-	E	L	L
-	-	-	-	-	-	-	-	-	-	-	-	-	-	-	L	L	-	-	L	L	L	L	L	-	-	L	L
E	E	E	-	-	-	-	E	E	E	-	-	-	-	L	L	L	L	L	-	-	E	L	L	L	-	-	L
E	L	L	L	-	-	-	L	L	L	-	-	E	L	-	-	L	L	L	-	-	L	L	-	-	E	E	-
L	-	-	E	L	-	-	-	E	E	E	E	E	-	-	-	E	L	L	-	-	E	E	-	-	L	L	L
-	E	E	E	-	-	-	E	E	E	L	L	-	-	-	E	E	E	E	E	-	-	-	-	-	L	L	L
Objective 0: 6743
Objective 1: 99
Constr violation: -1
Restrictions violated:
0 0 0 0 0 0 0 1 

Individual 99
1	2	3	4	5	6	7	8	9	10	11	12	13	14	15	16	17	18	19	20	21	22	23	24	25	26	27	28
E	E	E	E	-	-	-	E	L	L	-	-	E	L	-	-	L	L	-	-	-	E	L	-	-	E	E	L
E	E	E	E	E	-	-	E	E	E	E	-	-	E	E	-	-	E	E	-	-	E	E	-	-	-	-	E
E	E	L	L	L	-	-	-	-	L	L	L	L	-	-	-	-	E	E	E	E	E	-	-	L	L	-	-
L	-	-	E	E	-	-	-	E	E	L	L	-	-	E	E	E	-	-	E	E	E	E	-	-	L	L	-
-	-	E	E	L	-	-	L	L	L	L	L	-	-	L	L	L	-	-	-	E	L	-	-	-	E	L	L
L	L	-	-	-	L	L	L	-	-	L	L	L	-	-	L	L	-	-	L	L	L	L	L	-	-	-	L
E	E	E	-	-	E	E	E	-	-	E	E	-	-	L	L	L	L	L	-	-	-	L	L	L	-	-	-
E	L	L	L	-	-	-	L	L	L	-	-	E	L	-	-	E	L	L	L	L	-	-	E	L	-	-	-
L	-	-	E	L	-	-	-	E	E	E	E	E	-	-	-	E	L	L	-	-	E	E	-	-	L	L	L
-	E	E	E	-	-	-	E	E	E	L	L	-	-	-	E	E	E	E	E	-	-	-	-	-	L	L	L
Objective 0: 5230
Objective 1: 96
Constr violation: -1
Restrictions violated:
0 0 0 0 0 0 1 0 

