5433 86 
4827 95 
5029 91 
5332 88 
5130 89 
5029 91 
4928 93 
5433 86 
4928 93 
5332 88 
5130 89 
4827 95 
5433 86 
4928 93 
5332 88 
5029 91 
4827 95 
5130 89 
4928 93 
5332 88 
5130 89 
5130 89 
4827 95 
4928 93 
5130 89 
5029 91 
4928 93 
4827 95 
5029 91 
4827 95 
5029 91 
5130 89 
4928 93 
5029 91 
5130 89 
4827 95 
4928 93 
5029 91 
5130 89 
4928 93 
5029 91 
5332 88 
5332 88 
5130 89 
5130 89 
5029 91 
5130 89 
5332 88 
5332 88 
4827 95 
5029 91 
5029 91 
5130 89 
5130 89 
4827 95 
5029 91 
5130 89 
5433 86 
5130 89 
5029 91 
4928 93 
4827 95 
4928 93 
5332 88 
5029 91 
5029 91 
5029 91 
4928 93 
5029 91 
4827 95 
5332 88 
5130 89 
5433 86 
5130 89 
4928 93 
5029 91 
5029 91 
5433 86 
5332 88 
5433 86 
5029 91 
5130 89 
5130 89 
5029 91 
4827 95 
5029 91 
5433 86 
5029 91 
5029 91 
5029 91 
5029 91 
5433 86 
4827 95 
5029 91 
4928 93 
5029 91 
5029 91 
5029 91 
4928 93 
5433 86 
