4734 61 
3924 77 
4734 61 
4431 63 
4228 71 
4329 67 
4025 75 
4329 67 
4026 73 
4228 71 
4025 75 
4430 65 
4026 73 
4026 73 
3924 77 
4228 71 
4430 65 
4431 63 
4431 63 
4734 61 
4430 65 
4329 67 
4228 71 
3924 77 
4430 65 
4431 63 
4026 73 
4431 63 
4026 73 
4430 65 
4734 61 
4228 71 
4026 73 
4228 71 
4430 65 
4329 67 
3924 77 
4734 61 
3924 77 
3924 77 
4026 73 
4228 71 
4430 65 
4026 73 
3924 77 
4228 71 
4430 65 
4430 65 
4329 67 
4430 65 
3924 77 
4329 67 
4430 65 
4431 63 
4430 65 
4430 65 
4026 73 
4430 65 
3924 77 
4430 65 
4431 63 
4431 63 
4228 71 
4431 63 
4026 73 
4431 63 
4026 73 
4025 75 
4430 65 
3924 77 
4329 67 
4734 61 
4734 61 
4329 67 
4026 73 
4431 63 
4329 67 
4430 65 
4025 75 
4430 65 
4329 67 
4329 67 
3924 77 
4228 71 
4431 63 
4026 73 
4228 71 
4430 65 
4329 67 
4329 67 
4026 73 
4329 67 
4431 63 
4734 61 
4431 63 
4329 67 
4430 65 
4430 65 
4431 63 
4430 65 
