4932 91 
4729 92 
4932 91 
4729 92 
4729 92 
4932 91 
4729 92 
4729 92 
4729 92 
4932 91 
4729 92 
4729 92 
4729 92 
4729 92 
4729 92 
4729 92 
4729 92 
4932 91 
4932 91 
4729 92 
4729 92 
4932 91 
4729 92 
4729 92 
4932 91 
4932 91 
4729 92 
4729 92 
4932 91 
4932 91 
4729 92 
4729 92 
4729 92 
4729 92 
4729 92 
4932 91 
4932 91 
4729 92 
4729 92 
4729 92 
4932 91 
4729 92 
4932 91 
4729 92 
4729 92 
4729 92 
4729 92 
4729 92 
4932 91 
4729 92 
4729 92 
4932 91 
4932 91 
4729 92 
4729 92 
4932 91 
4729 92 
4932 91 
4729 92 
4729 92 
4729 92 
4729 92 
4729 92 
4729 92 
4932 91 
4729 92 
4729 92 
4932 91 
4729 92 
4729 92 
4729 92 
4729 92 
4729 92 
4932 91 
4932 91 
4729 92 
4932 91 
4729 92 
4932 91 
4729 92 
4729 92 
4729 92 
4932 91 
4932 91 
4729 92 
4729 92 
4729 92 
4729 92 
4729 92 
4932 91 
4729 92 
4932 91 
4729 92 
4932 91 
4729 92 
4729 92 
4932 91 
4932 91 
4932 91 
4729 92 
