4026 73 
4431 59 
4228 65 
4128 69 
4128 69 
4431 59 
4330 61 
4027 71 
4330 61 
4229 63 
4128 69 
4228 65 
4027 71 
4026 73 
4027 71 
4228 65 
4330 61 
4330 61 
4431 59 
4229 63 
4128 69 
4229 63 
4026 73 
4229 63 
4228 65 
4027 71 
4128 69 
4228 65 
4330 61 
4027 71 
4128 69 
4228 65 
4431 59 
4330 61 
4330 61 
4128 69 
4330 61 
4026 73 
4229 63 
4228 65 
4128 69 
4330 61 
4330 61 
4128 69 
4128 69 
4228 65 
4431 59 
4330 61 
4330 61 
4229 63 
4330 61 
4431 59 
4228 65 
4128 69 
4128 69 
4027 71 
4228 65 
4330 61 
4330 61 
4026 73 
4027 71 
4128 69 
4228 65 
4027 71 
4026 73 
4128 69 
4228 65 
4027 71 
4228 65 
4330 61 
4229 63 
4026 73 
4228 65 
4330 61 
4330 61 
4128 69 
4229 63 
4128 69 
4128 69 
4228 65 
4026 73 
4128 69 
4229 63 
4128 69 
4128 69 
4431 59 
4128 69 
4128 69 
4330 61 
4330 61 
4228 65 
4027 71 
4228 65 
4027 71 
4330 61 
4228 65 
4128 69 
4330 61 
4330 61 
4330 61 
