Individual 0
1	2	3	4	5	6	7	8	9	10	11	12	13	14	15	16	17	18	19	20	21	22	23	24	25	26	27	28
d1	L	L	-	-	d1	d1	-	-	L	L	L	-	-	L	L	L	L	-	-	d1	d1	d1	d1	-	-	-	-
L	L	L	L	L	-	-	-	-	E	E	E	d2	L	-	-	E	E	d2	d2	-	-	-	E	E	d2	-	-
E	E	d1	d1	d1	-	-	L	L	L	-	-	E	E	L	L	-	-	d1	d1	L	L	L	-	-	-	-	-
-	-	d1	L	L	-	-	-	d1	N	N	-	-	d2	d1	d1	d1	N	-	-	-	L	L	-	-	d1	d2	d2
-	-	-	E	E	-	-	E	N	N	N	N	-	-	E	E	E	L	-	-	E	L	-	-	-	E	E	E
d1	N	-	-	L	L	N	N	-	-	-	-	d1	d1	d1	d1	N	-	-	-	-	d1	d1	d1	L	L	-	-
-	-	d2	N	-	-	-	E	d2	d2	L	-	-	-	-	E	L	-	-	E	N	-	-	d2	d2	N	N	N
d2	d2	d2	d2	d2	-	-	d2	d1	-	-	-	d2	d1	d1	-	-	-	d1	d1	d1	d1	-	-	d2	d2	-	-
d1	d1	d1	d1	d1	-	-	-	-	E	d1	d1	d1	d1	-	-	-	d1	d1	d1	d1	-	-	-	E	E	-	-
L	L	N	-	-	-	d1	N	N	N	-	-	-	-	L	L	L	-	-	d1	d1	N	-	-	d1	L	-	-
d1	d1	N	-	-	d1	d1	N	-	-	-	-	-	-	-	d1	d1	d1	N	N	-	d1	d1	d1	d1	N	-	-
d1	L	L	N	-	-	-	-	-	L	L	-	-	-	d2	N	N	N	-	-	d2	d2	d2	d2	d2	-	-	-
E	E	L	-	-	-	-	E	d1	d1	L	-	-	-	-	-	E	E	E	E	E	-	-	E	E	E	E	E
L	L	L	L	L	-	-	L	L	L	-	-	-	-	L	L	-	-	L	L	L	L	-	-	-	L	L	L
E	E	d2	L	-	-	E	L	-	-	-	E	E	E	E	-	-	d2	L	-	-	-	E	d2	d2	L	-	-
-	-	-	-	L	L	L	L	-	-	d2	N	-	-	d1	d1	d2	d1	d1	-	-	d1	L	N	-	-	d2	d1
d2	d2	d2	d2	d2	-	-	d2	d1	d1	d2	d1	-	-	-	-	d2	d1	d2	-	-	-	-	-	-	E	E	E
d1	d2	d1	N	-	-	-	N	N	N	-	-	-	-	-	-	-	-	E	E	E	E	d2	-	-	E	E	d2
E	L	L	-	-	d1	d2	d2	L	L	-	-	E	d1	d1	d1	d1	-	-	-	-	-	E	L	L	-	-	-
d2	d2	L	-	-	d2	d2	d2	-	-	d2	d2	d2	L	L	-	-	d2	L	-	-	L	L	L	L	-	-	-
d2	L	-	-	E	E	E	E	L	-	-	E	E	-	-	-	-	E	E	-	-	E	E	d2	L	L	-	-
-	-	d2	d1	d2	L	-	-	E	E	d2	-	-	E	E	d2	d2	L	-	-	-	-	d1	d2	d2	N	-	-
d2	d1	d2	d1	d2	-	-	d2	d2	d2	-	-	d2	d1	d1	-	-	E	E	E	-	-	d2	d1	d1	d2	d2	-
E	E	d1	d1	-	-	E	E	E	d1	d1	-	-	-	-	E	E	E	-	-	E	d1	-	-	d1	d1	-	-
-	-	E	d2	d1	-	-	d1	d2	L	-	-	-	-	E	d2	-	-	E	E	d2	L	-	-	E	d2	d2	d2
-	-	d1	d1	d1	d2	N	-	-	-	N	N	-	-	E	E	E	E	d2	-	-	-	-	-	E	d1	d1	d2
-	-	-	d1	d1	d1	L	-	-	d1	d1	d1	L	-	-	L	L	L	L	-	-	-	d1	L	L	L	-	-
d1	d2	N	-	-	d2	N	-	-	E	d1	d2	-	-	d2	d2	d2	d2	d2	-	-	-	d2	d1	N	-	-	-
-	-	L	L	L	-	-	d1	d1	L	L	N	-	-	L	L	L	N	N	-	-	L	N	N	-	-	-	-
-	-	E	E	L	-	-	E	E	E	E	L	-	-	E	E	L	-	-	d2	d2	L	-	-	-	E	E	E
L	L	-	-	d1	d2	d2	-	-	d2	d1	L	-	-	-	-	-	d2	L	-	-	d2	d2	d2	d1	d2	-	-
E	E	E	E	E	-	-	-	E	E	d2	d2	d2	-	-	-	-	d2	d2	L	L	-	-	d2	L	-	-	-
E	E	E	E	E	-	-	-	-	-	E	E	E	E	E	-	-	E	E	-	-	-	-	-	-	E	E	E
E	L	-	-	E	d2	d2	L	-	-	L	L	-	-	-	E	d2	-	-	E	E	E	E	E	-	-	-	-
L	L	L	-	-	E	E	d1	-	-	N	N	-	-	-	-	-	L	L	L	L	L	-	-	E	d1	-	-
E	d2	d1	d2	d1	-	-	L	N	-	-	-	-	-	-	-	-	-	d1	d1	d2	N	-	-	E	d1	L	L
d1	d1	-	-	E	E	E	d2	d2	-	-	-	d1	d2	-	-	E	L	-	-	-	d1	d1	L	L	-	-	-
L	N	-	-	N	N	N	-	-	-	d2	d2	-	-	d2	d2	-	-	-	-	-	d2	L	-	-	L	L	L
-	-	-	E	E	N	-	-	-	-	E	E	N	-	-	E	E	E	E	-	-	E	E	N	N	-	-	-
d2	d1	-	-	d1	L	-	-	-	-	-	L	L	L	-	-	d2	N	-	-	-	E	E	E	N	N	-	-
Objective 0: 12866
Objective 1: 221
Constr violation: 0
Restrictions violated:
0 0 0 0 0 0 0 0 

Individual 1
1	2	3	4	5	6	7	8	9	10	11	12	13	14	15	16	17	18	19	20	21	22	23	24	25	26	27	28
d1	L	L	-	-	d1	d1	-	-	L	L	L	-	-	L	L	L	L	-	-	d1	d1	d1	d1	-	-	-	-
L	L	L	L	L	-	-	E	d2	-	-	-	E	E	-	-	E	d2	L	-	-	-	-	-	E	E	E	E
E	E	d1	d1	d1	-	-	L	L	L	-	-	E	E	L	L	-	-	d1	d1	L	L	L	-	-	-	-	-
-	-	d1	L	L	-	-	-	d1	N	N	-	-	d2	d1	d1	d1	N	-	-	-	L	L	-	-	d1	d2	d2
L	N	N	-	-	-	E	L	L	L	L	-	-	-	-	E	N	-	-	-	E	E	E	E	E	-	-	-
d1	N	-	-	L	L	N	N	-	-	-	-	d1	d1	d1	d1	N	-	-	-	-	d1	d1	d1	L	L	-	-
-	-	d2	N	-	-	-	E	d2	d2	L	-	-	-	-	E	L	-	-	E	N	-	-	d2	d2	N	N	N
d2	d2	d2	d2	d2	-	-	d2	d1	-	-	-	d2	d1	d1	-	-	-	d1	d1	d1	d1	-	-	d2	d2	-	-
d1	d1	d1	d1	d1	-	-	-	-	E	d1	d1	d1	d1	-	-	-	d1	d1	d1	d1	-	-	-	E	E	-	-
-	-	N	N	N	N	N	-	-	d1	d1	L	-	-	d1	d1	L	L	-	-	-	-	-	L	L	L	-	-
d1	d1	N	-	-	d1	d1	N	-	-	-	-	-	-	-	d1	d1	d1	N	N	-	d1	d1	d1	d1	N	-	-
d1	L	L	N	-	-	-	-	-	L	L	-	-	-	d2	N	N	N	-	-	d2	d2	d2	d2	d2	-	-	-
E	E	L	-	-	-	-	E	d1	d1	L	-	-	-	-	-	E	E	E	E	E	-	-	E	E	E	E	E
L	L	L	L	L	-	-	L	L	L	-	-	-	-	L	L	-	-	L	L	L	L	-	-	-	L	L	L
E	E	d2	L	-	-	E	L	-	-	-	E	E	E	E	-	-	d2	L	-	-	-	E	d2	d2	L	-	-
-	-	-	-	L	L	L	L	-	-	d2	N	-	-	d1	d1	d2	d1	d1	-	-	d1	L	N	-	-	d2	d1
d2	d2	d2	d2	d2	-	-	d2	d1	d1	d2	d1	-	-	-	-	d2	d1	d2	-	-	-	-	-	-	E	E	E
d1	d2	d1	N	-	-	-	N	N	N	-	-	-	-	-	-	-	-	E	E	E	E	d2	-	-	E	E	d2
E	L	L	-	-	d1	d2	d2	L	L	-	-	E	d1	d1	d1	d1	-	-	-	-	-	E	L	L	-	-	-
d2	d2	L	-	-	d2	d2	d2	-	-	d2	d2	d2	L	L	-	-	d2	L	-	-	L	L	L	L	-	-	-
d2	L	-	-	E	d2	d2	L	-	-	L	L	L	L	-	-	d2	d2	L	-	-	E	d2	L	L	L	-	-
-	-	d2	d1	d2	L	-	-	E	E	d2	-	-	E	E	d2	d2	L	-	-	-	-	d1	d2	d2	N	-	-
d2	d1	d2	d1	d2	-	-	d2	d2	d2	-	-	d2	d1	d1	-	-	E	E	E	-	-	d2	d1	d1	d2	d2	-
E	E	d1	d1	-	-	E	E	E	d1	d1	-	-	-	-	E	E	E	-	-	E	d1	-	-	d1	d1	-	-
-	-	E	d2	d1	-	-	d1	d2	L	-	-	-	-	E	d2	-	-	E	E	d2	L	-	-	E	d2	d2	d2
-	-	d1	d1	d1	d2	N	-	-	-	N	N	-	-	E	E	E	E	d2	-	-	-	-	-	E	d1	d1	d2
-	-	-	d1	d1	d1	L	-	-	d1	d1	d1	L	-	-	L	L	L	L	-	-	-	d1	L	L	L	-	-
d1	d2	N	-	-	d2	N	-	-	E	d1	d2	-	-	d2	d2	d2	d2	d2	-	-	-	d2	d1	N	-	-	-
-	-	L	L	L	-	-	d1	d1	L	L	N	-	-	L	L	L	N	N	-	-	L	N	N	-	-	-	-
-	-	E	E	L	-	-	E	E	E	E	L	-	-	E	E	L	-	-	d2	d2	L	-	-	-	E	E	E
L	L	-	-	d1	d2	d2	-	-	d2	d1	L	-	-	-	-	-	d2	L	-	-	d2	d2	d2	d1	d2	-	-
E	E	E	E	E	-	-	-	E	E	d2	d2	d2	-	-	-	-	d2	d2	L	L	-	-	d2	L	-	-	-
E	E	E	E	-	-	-	-	-	-	E	E	E	-	-	-	E	E	E	E	E	-	-	E	E	E	-	-
E	L	-	-	E	d2	d2	L	-	-	L	L	-	-	-	E	d2	-	-	E	E	E	E	E	-	-	-	-
L	L	L	-	-	E	E	d1	-	-	N	N	-	-	-	-	-	L	L	L	L	L	-	-	E	d1	-	-
E	d2	d1	d2	d1	-	-	L	N	-	-	-	-	-	-	-	-	-	d1	d1	d2	N	-	-	E	d1	L	L
d1	d1	-	-	-	-	E	d1	d2	L	-	-	-	d1	d2	d2	d1	L	-	-	-	E	d1	d2	d2	-	-	-
L	N	-	-	-	-	-	d1	L	L	N	-	-	-	-	d2	d2	d1	d1	d1	-	-	-	-	d1	d2	d1	L
-	-	-	E	E	N	-	-	-	-	E	E	N	-	-	E	E	E	E	-	-	E	E	N	N	-	-	-
d2	d1	-	-	d1	L	-	-	-	-	-	L	L	L	-	-	d2	N	-	-	-	E	E	E	N	N	-	-
Objective 0: 14079
Objective 1: 191
Constr violation: 0
Restrictions violated:
0 0 0 0 0 0 0 0 

Individual 2
1	2	3	4	5	6	7	8	9	10	11	12	13	14	15	16	17	18	19	20	21	22	23	24	25	26	27	28
d1	L	L	-	-	d1	d1	-	-	L	L	L	-	-	L	L	L	L	-	-	d1	d1	d1	d1	-	-	-	-
L	L	L	L	L	-	-	-	-	E	E	E	d2	L	-	-	E	E	d2	d2	-	-	-	E	E	d2	-	-
E	E	d1	d1	d1	-	-	L	L	L	-	-	E	E	L	L	-	-	d1	d1	L	L	L	-	-	-	-	-
-	-	d1	L	L	-	-	-	d1	N	N	-	-	d2	d1	d1	d1	N	-	-	-	L	L	-	-	d1	d2	d2
-	-	-	E	E	-	-	E	N	N	N	N	-	-	E	E	E	L	-	-	E	L	-	-	-	E	E	E
d1	N	-	-	L	L	N	N	-	-	-	-	d1	d1	d1	d1	N	-	-	-	-	d1	d1	d1	L	L	-	-
-	-	d2	N	-	-	-	E	d2	d2	L	-	-	-	-	E	L	-	-	E	N	-	-	d2	d2	N	N	N
d2	d2	d2	d2	d2	-	-	d2	d1	-	-	-	d2	d1	d1	-	-	-	d1	d1	d1	d1	-	-	d2	d2	-	-
d1	d1	d1	d1	d1	-	-	-	-	E	d1	d1	d1	d1	-	-	-	d1	d1	d1	d1	-	-	-	E	E	-	-
L	L	N	-	-	-	d1	N	N	N	-	-	-	-	L	L	L	-	-	d1	d1	N	-	-	d1	L	-	-
d1	d1	N	-	-	d1	d1	N	-	-	-	-	-	-	-	d1	d1	d1	N	N	-	d1	d1	d1	d1	N	-	-
d1	L	L	N	-	-	-	-	-	L	L	-	-	-	d2	N	N	N	-	-	d2	d2	d2	d2	d2	-	-	-
E	E	L	-	-	-	-	E	d1	d1	L	-	-	-	-	-	E	E	E	E	E	-	-	E	E	E	E	E
L	L	L	L	L	-	-	L	L	L	-	-	-	-	L	L	-	-	L	L	L	L	-	-	-	L	L	L
E	E	d2	L	-	-	E	L	-	-	-	E	E	E	E	-	-	d2	L	-	-	-	E	d2	d2	L	-	-
-	-	-	-	L	L	L	L	-	-	d2	N	-	-	d1	d1	d2	d1	d1	-	-	d1	L	N	-	-	d2	d1
d2	d2	d2	d2	d2	-	-	d2	d1	d1	d2	d1	-	-	-	-	d2	d1	d2	-	-	-	-	-	-	E	E	E
d1	d2	d1	N	-	-	-	N	N	N	-	-	-	-	-	-	-	-	E	E	E	E	d2	-	-	E	E	d2
E	L	L	-	-	d1	d2	d2	L	L	-	-	E	d1	d1	d1	d1	-	-	-	-	-	E	L	L	-	-	-
d2	d2	L	-	-	d2	d2	d2	-	-	d2	d2	d2	L	L	-	-	d2	L	-	-	L	L	L	L	-	-	-
d2	L	-	-	E	d2	d2	L	-	-	L	L	L	L	-	-	d2	d2	L	-	-	E	d2	L	L	L	-	-
-	-	d2	d1	d2	L	-	-	E	E	d2	-	-	E	E	d2	d2	L	-	-	-	-	d1	d2	d2	N	-	-
d2	d1	d2	d1	d2	-	-	d2	d2	d2	-	-	d2	d1	d1	-	-	E	E	E	-	-	d2	d1	d1	d2	d2	-
E	E	d1	d1	-	-	E	E	E	d1	d1	-	-	-	-	E	E	E	-	-	E	d1	-	-	d1	d1	-	-
-	-	E	d2	d1	-	-	d1	d2	L	-	-	-	-	E	d2	-	-	E	E	d2	L	-	-	E	d2	d2	d2
-	-	d1	d1	d1	d2	N	-	-	-	N	N	-	-	E	E	E	E	d2	-	-	-	-	-	E	d1	d1	d2
-	-	-	d1	d1	d1	L	-	-	d1	d1	d1	L	-	-	L	L	L	L	-	-	-	d1	L	L	L	-	-
d1	d2	N	-	-	d2	N	-	-	E	d1	d2	-	-	d2	d2	d2	d2	d2	-	-	-	d2	d1	N	-	-	-
-	-	L	L	L	-	-	d1	d1	L	L	N	-	-	L	L	L	N	N	-	-	L	N	N	-	-	-	-
-	-	E	E	L	-	-	E	E	E	E	L	-	-	E	E	L	-	-	d2	d2	L	-	-	-	E	E	E
L	L	-	-	d1	d2	d2	-	-	d2	d1	L	-	-	-	-	-	d2	L	-	-	d2	d2	d2	d1	d2	-	-
E	E	E	E	E	-	-	-	E	E	d2	d2	d2	-	-	-	-	d2	d2	L	L	-	-	d2	L	-	-	-
E	E	E	E	-	-	-	-	-	-	E	E	E	-	-	-	E	E	E	E	E	-	-	E	E	E	-	-
E	L	-	-	E	d2	d2	L	-	-	L	L	-	-	-	E	d2	-	-	E	E	E	E	E	-	-	-	-
L	L	L	-	-	E	E	d1	-	-	N	N	-	-	-	-	-	L	L	L	L	L	-	-	E	d1	-	-
E	d2	d1	d2	d1	-	-	L	N	-	-	-	-	-	-	-	-	-	d1	d1	d2	N	-	-	E	d1	L	L
d1	d1	-	-	E	E	E	d2	d2	-	-	-	d1	d2	-	-	E	L	-	-	-	d1	d1	L	L	-	-	-
L	N	-	-	N	N	N	-	-	-	d2	d2	-	-	d2	d2	-	-	-	-	-	d2	L	-	-	L	L	L
-	-	-	E	E	N	-	-	-	-	E	E	N	-	-	E	E	E	E	-	-	E	E	N	N	-	-	-
d2	d1	-	-	d1	L	-	-	-	-	-	L	L	L	-	-	d2	N	-	-	-	E	E	E	N	N	-	-
Objective 0: 13171
Objective 1: 209
Constr violation: 0
Restrictions violated:
0 0 0 0 0 0 0 0 

Individual 3
1	2	3	4	5	6	7	8	9	10	11	12	13	14	15	16	17	18	19	20	21	22	23	24	25	26	27	28
d1	L	L	-	-	d1	d1	-	-	L	L	L	-	-	L	L	L	L	-	-	d1	d1	d1	d1	-	-	-	-
L	L	L	L	L	-	-	-	-	E	E	E	d2	L	-	-	E	E	d2	d2	-	-	-	E	E	d2	-	-
E	E	d1	d1	d1	-	-	L	L	L	-	-	E	E	L	L	-	-	d1	d1	L	L	L	-	-	-	-	-
-	-	d1	L	L	-	-	-	d1	N	N	-	-	d2	d1	d1	d1	N	-	-	-	L	L	-	-	d1	d2	d2
-	-	-	E	E	-	-	E	N	N	N	N	-	-	E	E	E	L	-	-	E	L	-	-	-	E	E	E
d1	N	-	-	L	L	N	N	-	-	-	-	d1	d1	d1	d1	N	-	-	-	-	d1	d1	d1	L	L	-	-
-	-	d2	N	-	-	-	E	d2	d2	L	-	-	-	-	E	L	-	-	E	N	-	-	d2	d2	N	N	N
d2	d2	d2	d2	d2	-	-	d2	d1	-	-	-	d2	d1	d1	-	-	-	d1	d1	d1	d1	-	-	d2	d2	-	-
d1	d1	d1	d1	d1	-	-	-	-	E	d1	d1	d1	d1	-	-	-	d1	d1	d1	d1	-	-	-	E	E	-	-
-	-	N	N	N	N	N	-	-	d1	d1	L	-	-	d1	d1	L	L	-	-	-	-	-	L	L	L	-	-
d1	d1	N	-	-	d1	d1	N	-	-	-	-	-	-	-	d1	d1	d1	N	N	-	d1	d1	d1	d1	N	-	-
d1	L	L	N	-	-	-	-	-	L	L	-	-	-	d2	N	N	N	-	-	d2	d2	d2	d2	d2	-	-	-
E	E	L	-	-	-	-	E	d1	d1	L	-	-	-	-	-	E	E	E	E	E	-	-	E	E	E	E	E
L	L	L	L	L	-	-	L	L	L	-	-	-	-	L	L	-	-	L	L	L	L	-	-	-	L	L	L
E	E	d2	L	-	-	E	L	-	-	-	E	E	E	E	-	-	d2	L	-	-	-	E	d2	d2	L	-	-
-	-	-	-	L	L	L	L	-	-	d2	N	-	-	d1	d1	d2	d1	d1	-	-	d1	L	N	-	-	d2	d1
d2	d2	d2	d2	d2	-	-	d2	d1	d1	d2	d1	-	-	-	-	d2	d1	d2	-	-	-	-	-	-	E	E	E
d1	d2	d1	N	-	-	-	N	N	N	-	-	-	-	-	-	-	-	E	E	E	E	d2	-	-	E	E	d2
E	L	L	-	-	d1	d2	d2	L	L	-	-	E	d1	d1	d1	d1	-	-	-	-	-	E	L	L	-	-	-
d2	d2	L	-	-	d2	d2	d2	-	-	d2	d2	d2	L	L	-	-	d2	L	-	-	L	L	L	L	-	-	-
d2	L	-	-	E	E	E	E	L	-	-	E	E	-	-	-	-	E	E	-	-	E	E	d2	L	L	-	-
-	-	d2	d1	d2	L	-	-	E	E	d2	-	-	E	E	d2	d2	L	-	-	-	-	d1	d2	d2	N	-	-
d2	d1	d2	d1	d2	-	-	d2	d2	d2	-	-	d2	d1	d1	-	-	E	E	E	-	-	d2	d1	d1	d2	d2	-
E	E	d1	d1	-	-	E	E	E	d1	d1	-	-	-	-	E	E	E	-	-	E	d1	-	-	d1	d1	-	-
-	-	E	d2	d1	-	-	d1	d2	L	-	-	-	-	E	d2	-	-	E	E	d2	L	-	-	E	d2	d2	d2
-	-	d1	d1	d1	d2	N	-	-	-	N	N	-	-	E	E	E	E	d2	-	-	-	-	-	E	d1	d1	d2
-	-	-	d1	d1	d1	L	-	-	d1	d1	d1	L	-	-	L	L	L	L	-	-	-	d1	L	L	L	-	-
d1	d2	N	-	-	d2	N	-	-	E	d1	d2	-	-	d2	d2	d2	d2	d2	-	-	-	d2	d1	N	-	-	-
-	-	L	L	L	-	-	d1	d1	L	L	N	-	-	L	L	L	N	N	-	-	L	N	N	-	-	-	-
-	-	E	E	L	-	-	E	E	E	E	L	-	-	E	E	L	-	-	d2	d2	L	-	-	-	E	E	E
L	L	-	-	d1	d2	d2	-	-	d2	d1	L	-	-	-	-	-	d2	L	-	-	d2	d2	-	-	d1	d2	L
E	E	E	E	E	-	-	-	E	E	d2	d2	d2	-	-	-	-	d2	d2	L	L	-	-	d2	L	-	-	-
E	E	E	E	-	-	-	-	-	-	E	E	E	-	-	-	E	E	E	E	E	-	-	E	E	E	-	-
E	L	-	-	E	d2	d2	L	-	-	L	L	-	-	-	E	d2	-	-	E	E	E	E	E	-	-	-	-
L	L	L	-	-	E	E	d1	-	-	N	N	-	-	-	-	-	L	L	L	L	L	-	-	E	d1	-	-
E	d2	d1	d2	d1	-	-	L	N	-	-	-	-	-	-	-	-	-	d1	d1	d2	N	-	-	E	d1	L	L
d1	d1	-	-	-	-	E	d1	d2	L	-	-	-	d1	d2	d2	d1	L	-	-	-	E	d1	d2	d2	-	-	-
L	N	-	-	-	-	-	d1	L	L	N	-	-	-	-	d2	d2	d1	d1	d1	-	-	-	-	d1	d2	d1	L
-	-	-	E	E	N	-	-	-	-	E	E	N	-	-	E	E	E	E	-	-	E	E	N	N	-	-	-
d2	d1	-	-	d1	L	-	-	-	-	-	L	L	L	-	-	d2	N	-	-	-	E	E	E	N	N	-	-
Objective 0: 13271
Objective 1: 205
Constr violation: 0
Restrictions violated:
0 0 0 0 0 0 0 0 

Individual 4
1	2	3	4	5	6	7	8	9	10	11	12	13	14	15	16	17	18	19	20	21	22	23	24	25	26	27	28
d1	L	L	-	-	d1	d1	-	-	L	L	L	-	-	L	L	L	L	-	-	d1	d1	d1	d1	-	-	-	-
L	L	L	L	L	-	-	-	-	E	E	E	d2	L	-	-	E	E	d2	d2	-	-	-	E	E	d2	-	-
E	E	d1	d1	d1	-	-	L	L	L	-	-	E	E	L	L	-	-	d1	d1	L	L	L	-	-	-	-	-
-	-	d1	L	L	-	-	-	d1	N	N	-	-	d2	d1	d1	d1	N	-	-	-	L	L	-	-	d1	d2	d2
-	-	-	E	E	-	-	E	N	N	N	N	-	-	E	E	E	L	-	-	E	L	-	-	-	E	E	E
d1	N	-	-	L	L	N	N	-	-	-	-	d1	d1	d1	d1	N	-	-	-	-	d1	d1	d1	L	L	-	-
-	-	d2	N	-	-	-	E	d2	d2	L	-	-	-	-	E	L	-	-	E	N	-	-	d2	d2	N	N	N
d2	d2	d2	d2	d2	-	-	d2	d1	-	-	-	d2	d1	d1	-	-	-	d1	d1	d1	d1	-	-	d2	d2	-	-
d1	d1	d1	d1	d1	-	-	-	-	E	d1	d1	d1	d1	-	-	-	d1	d1	d1	d1	-	-	-	E	E	-	-
L	L	N	-	-	-	d1	N	N	N	-	-	-	-	L	L	L	-	-	d1	d1	N	-	-	d1	L	-	-
d1	d1	N	-	-	d1	d1	N	-	-	-	-	-	-	-	d1	d1	d1	N	N	-	d1	d1	d1	d1	N	-	-
d1	L	L	N	-	-	-	-	-	L	L	-	-	-	d2	N	N	N	-	-	d2	d2	d2	d2	d2	-	-	-
E	E	L	-	-	-	-	E	d1	d1	L	-	-	-	-	-	E	E	E	E	E	-	-	E	E	E	E	E
L	L	L	L	L	-	-	L	L	L	-	-	-	-	L	L	-	-	L	L	L	L	-	-	-	L	L	L
E	E	d2	L	-	-	E	L	-	-	-	E	E	E	E	-	-	d2	L	-	-	-	E	d2	d2	L	-	-
-	-	-	-	L	L	L	L	-	-	d2	N	-	-	d1	d1	d2	d1	d1	-	-	d1	L	N	-	-	d2	d1
d2	d2	d2	d2	d2	-	-	d2	d1	d1	d2	d1	-	-	-	-	d2	d1	d2	-	-	-	-	-	-	E	E	E
d1	d2	d1	N	-	-	-	N	N	N	-	-	-	-	-	-	-	-	E	E	E	E	d2	-	-	E	E	d2
E	L	L	-	-	d1	d2	d2	L	L	-	-	E	d1	d1	d1	d1	-	-	-	-	-	E	L	L	-	-	-
d2	d2	L	-	-	d2	d2	d2	-	-	d2	d2	d2	L	L	-	-	d2	L	-	-	L	L	L	L	-	-	-
d2	L	-	-	E	E	E	E	L	-	-	E	E	-	-	-	-	E	E	-	-	E	E	d2	L	L	-	-
-	-	d2	d1	d2	L	-	-	E	E	d2	-	-	E	E	d2	d2	L	-	-	-	-	d1	d2	d2	N	-	-
d2	d1	d2	d1	d2	-	-	d2	d2	d2	-	-	d2	d1	d1	-	-	E	E	E	-	-	d2	d1	d1	d2	d2	-
E	E	d1	d1	-	-	E	E	E	d1	d1	-	-	-	-	E	E	E	-	-	E	d1	-	-	d1	d1	-	-
-	-	E	d2	d1	-	-	d1	d2	L	-	-	-	-	E	d2	-	-	E	E	d2	L	-	-	E	d2	d2	d2
-	-	d1	d1	d1	d2	N	-	-	-	N	N	-	-	E	E	E	E	d2	-	-	-	-	-	E	d1	d1	d2
-	-	-	d1	d1	d1	L	-	-	d1	d1	d1	L	-	-	L	L	L	L	-	-	-	d1	L	L	L	-	-
d1	d2	N	-	-	d2	N	-	-	E	d1	d2	-	-	d2	d2	d2	d2	d2	-	-	-	d2	d1	N	-	-	-
-	-	L	L	L	-	-	d1	d1	L	L	N	-	-	L	L	L	N	N	-	-	L	N	N	-	-	-	-
-	-	E	E	L	-	-	E	E	E	E	L	-	-	E	E	L	-	-	d2	d2	L	-	-	-	E	E	E
L	L	-	-	d1	d2	d2	-	-	d2	d1	L	-	-	-	-	-	d2	L	-	-	d2	d2	d2	d1	d2	-	-
E	E	E	E	E	-	-	-	E	E	d2	d2	d2	-	-	-	-	d2	d2	L	L	-	-	d2	L	-	-	-
E	E	E	E	-	-	-	-	-	-	E	E	E	-	-	-	E	E	E	E	E	-	-	E	E	E	-	-
E	L	-	-	E	d2	d2	L	-	-	L	L	-	-	-	E	d2	-	-	E	E	E	E	E	-	-	-	-
L	L	L	-	-	E	E	d1	-	-	N	N	-	-	-	-	-	L	L	L	L	L	-	-	E	d1	-	-
E	d2	d1	d2	d1	-	-	L	N	-	-	-	-	-	-	-	-	-	d1	d1	d2	N	-	-	E	d1	L	L
d1	d1	-	-	E	E	E	d2	d2	-	-	-	d1	d2	-	-	E	L	-	-	-	d1	d1	L	L	-	-	-
L	N	-	-	N	N	N	-	-	-	d2	d2	-	-	d2	d2	-	-	-	-	-	d2	L	-	-	L	L	L
-	-	-	E	E	N	-	-	-	-	E	E	N	-	-	E	E	E	E	-	-	E	E	N	N	-	-	-
d2	d1	-	-	d1	L	-	-	-	-	-	L	L	L	-	-	d2	N	-	-	-	E	E	E	N	N	-	-
Objective 0: 12967
Objective 1: 215
Constr violation: 0
Restrictions violated:
0 0 0 0 0 0 0 0 

Individual 5
1	2	3	4	5	6	7	8	9	10	11	12	13	14	15	16	17	18	19	20	21	22	23	24	25	26	27	28
d1	L	L	-	-	d1	d1	-	-	L	L	L	-	-	L	L	L	L	-	-	d1	d1	d1	d1	-	-	-	-
L	L	L	L	L	-	-	E	d2	-	-	-	E	E	-	-	E	d2	L	-	-	-	-	-	E	E	E	E
E	E	d1	d1	d1	-	-	L	L	L	-	-	E	E	L	L	-	-	d1	d1	L	L	L	-	-	-	-	-
-	-	d1	L	L	-	-	-	d1	N	N	-	-	d2	d1	d1	d1	N	-	-	-	L	L	-	-	d1	d2	d2
L	N	N	-	-	-	E	L	L	L	L	-	-	-	-	E	N	-	-	-	E	E	E	E	E	-	-	-
d1	N	-	-	L	L	N	N	-	-	-	-	d1	d1	d1	d1	N	-	-	-	-	d1	d1	d1	L	L	-	-
-	-	d2	N	-	-	-	E	d2	d2	L	-	-	-	-	E	L	-	-	E	N	-	-	d2	d2	N	N	N
d2	d2	d2	d2	d2	-	-	d2	d1	-	-	-	d2	d1	d1	-	-	-	d1	d1	d1	d1	-	-	d2	d2	-	-
d1	d1	d1	d1	d1	-	-	-	-	E	d1	d1	d1	d1	-	-	-	d1	d1	d1	d1	-	-	-	E	E	-	-
-	-	N	N	N	N	N	-	-	d1	d1	L	-	-	d1	d1	L	L	-	-	-	-	-	L	L	L	-	-
d1	d1	N	-	-	d1	d1	N	-	-	-	-	-	-	-	d1	d1	d1	N	N	-	d1	d1	d1	d1	N	-	-
d1	L	L	N	-	-	-	-	-	L	L	-	-	-	d2	N	N	N	-	-	d2	d2	d2	d2	d2	-	-	-
E	E	L	-	-	-	-	E	d1	d1	L	-	-	-	-	-	E	E	E	E	E	-	-	E	E	E	E	E
L	L	L	L	L	-	-	L	L	L	-	-	-	-	L	L	-	-	L	L	L	L	-	-	-	L	L	L
E	E	d2	L	-	-	E	L	-	-	-	E	E	E	E	-	-	d2	L	-	-	-	E	d2	d2	L	-	-
-	-	-	-	L	L	L	L	-	-	d2	N	-	-	d1	d1	d2	d1	d1	-	-	d1	L	N	-	-	d2	d1
d2	d2	d2	d2	d2	-	-	d2	d1	d1	d2	d1	-	-	-	-	d2	d1	d2	-	-	-	-	-	-	E	E	E
d1	d2	d1	N	-	-	-	N	N	N	-	-	-	-	-	-	-	-	E	E	E	E	d2	-	-	E	E	d2
E	L	L	-	-	d1	d2	d2	L	L	-	-	E	d1	d1	d1	d1	-	-	-	-	-	E	L	L	-	-	-
d2	d2	L	-	-	d2	d2	d2	-	-	d2	d2	d2	L	L	-	-	d2	L	-	-	L	L	L	L	-	-	-
d2	L	-	-	E	d2	d2	L	-	-	L	L	L	L	-	-	d2	d2	L	-	-	E	d2	L	L	L	-	-
-	-	d2	d1	d2	L	-	-	E	E	d2	-	-	E	E	d2	d2	L	-	-	-	-	d1	d2	d2	N	-	-
d2	d1	d2	d1	d2	-	-	d2	d2	d2	-	-	d2	d1	d1	-	-	E	E	E	-	-	d2	d1	d1	d2	d2	-
E	E	d1	d1	-	-	E	E	E	d1	d1	-	-	-	-	E	E	E	-	-	E	d1	-	-	d1	d1	-	-
-	-	E	d2	d1	-	-	d1	d2	L	-	-	-	-	E	d2	-	-	E	E	d2	L	-	-	E	d2	d2	d2
-	-	d1	d1	d1	d2	N	-	-	-	N	N	-	-	E	E	E	E	d2	-	-	-	-	-	E	d1	d1	d2
-	-	-	d1	d1	d1	L	-	-	d1	d1	d1	L	-	-	L	L	L	L	-	-	-	d1	L	L	L	-	-
d1	d2	N	-	-	d2	N	-	-	E	d1	d2	-	-	d2	d2	d2	d2	d2	-	-	-	d2	d1	N	-	-	-
-	-	L	L	L	-	-	d1	d1	L	L	N	-	-	L	L	L	N	N	-	-	L	N	N	-	-	-	-
-	-	E	E	L	-	-	E	E	E	E	L	-	-	E	E	L	-	-	d2	d2	L	-	-	-	E	E	E
L	L	-	-	d1	d2	d2	-	-	d2	d1	L	-	-	-	-	-	d2	L	-	-	d2	d2	d2	d1	d2	-	-
E	E	E	E	E	-	-	-	E	E	d2	d2	d2	-	-	-	-	d2	d2	L	L	-	-	d2	L	-	-	-
E	E	E	E	-	-	-	-	-	-	E	E	E	-	-	-	E	E	E	E	E	-	-	E	E	E	-	-
E	L	-	-	E	d2	d2	L	-	-	L	L	-	-	-	E	d2	-	-	E	E	E	E	E	-	-	-	-
L	L	L	-	-	E	E	d1	-	-	N	N	-	-	-	-	-	L	L	L	L	L	-	-	E	d1	-	-
E	d2	d1	d2	d1	-	-	L	N	-	-	-	-	-	-	-	-	-	d1	d1	d2	N	-	-	E	d1	L	L
d1	d1	-	-	E	E	E	d2	d2	-	-	-	d1	d2	-	-	E	L	-	-	-	d1	d1	L	L	-	-	-
L	N	-	-	-	-	-	d1	L	L	N	-	-	-	-	d2	d2	d1	d1	d1	-	-	-	-	d1	d2	d1	L
-	-	-	E	E	N	-	-	-	-	E	E	N	-	-	E	E	E	E	-	-	E	E	N	N	-	-	-
d2	d1	-	-	d1	L	-	-	-	-	-	L	L	L	-	-	d2	N	-	-	-	E	E	E	N	N	-	-
Objective 0: 13978
Objective 1: 192
Constr violation: 0
Restrictions violated:
0 0 0 0 0 0 0 0 

Individual 6
1	2	3	4	5	6	7	8	9	10	11	12	13	14	15	16	17	18	19	20	21	22	23	24	25	26	27	28
d1	L	L	-	-	d1	d1	-	-	L	L	L	-	-	L	L	L	L	-	-	d1	d1	d1	d1	-	-	-	-
L	L	L	L	L	-	-	E	d2	-	-	-	E	E	-	-	E	d2	L	-	-	-	-	-	E	E	E	E
E	E	d1	d1	d1	-	-	L	L	L	-	-	E	E	L	L	-	-	d1	d1	L	L	L	-	-	-	-	-
-	-	d1	L	L	-	-	-	d1	N	N	-	-	d2	d1	d1	d1	N	-	-	-	L	L	-	-	d1	d2	d2
-	-	-	E	E	-	-	E	N	N	N	N	-	-	E	E	E	L	-	-	E	L	-	-	-	E	E	E
d1	N	-	-	L	L	N	N	-	-	-	-	d1	d1	d1	d1	N	-	-	-	-	d1	d1	d1	L	L	-	-
-	-	d2	N	-	-	-	E	d2	d2	L	-	-	-	-	E	L	-	-	E	N	-	-	d2	d2	N	N	N
d2	d2	d2	d2	d2	-	-	d2	d1	-	-	-	d2	d1	d1	-	-	-	d1	d1	d1	d1	-	-	d2	d2	-	-
d1	d1	d1	d1	d1	-	-	-	-	E	d1	d1	d1	d1	-	-	-	d1	d1	d1	d1	-	-	-	E	E	-	-
-	-	N	N	N	N	N	-	-	d1	d1	L	-	-	d1	d1	L	L	-	-	-	-	-	L	L	L	-	-
d1	d1	N	-	-	d1	d1	N	-	-	-	-	-	-	-	d1	d1	d1	N	N	-	d1	d1	d1	d1	N	-	-
d1	L	L	N	-	-	-	-	-	L	L	-	-	-	d2	N	N	N	-	-	d2	d2	d2	d2	d2	-	-	-
E	E	L	-	-	-	-	E	d1	d1	L	-	-	-	-	-	E	E	E	E	E	-	-	E	E	E	E	E
L	L	L	L	L	-	-	L	L	L	-	-	-	-	L	L	-	-	L	L	L	L	-	-	-	L	L	L
E	E	d2	L	-	-	E	L	-	-	-	E	E	E	E	-	-	d2	L	-	-	-	E	d2	d2	L	-	-
-	-	-	-	L	L	L	L	-	-	d2	N	-	-	d1	d1	d2	d1	d1	-	-	d1	L	N	-	-	d2	d1
d2	d2	d2	d2	d2	-	-	d2	d1	d1	d2	d1	-	-	-	-	d2	d1	d2	-	-	-	-	-	-	E	E	E
d1	d2	d1	N	-	-	-	N	N	N	-	-	-	-	-	-	-	-	E	E	E	E	d2	-	-	E	E	d2
E	L	L	-	-	d1	d2	d2	L	L	-	-	E	d1	d1	d1	d1	-	-	-	-	-	E	L	L	-	-	-
d2	d2	L	-	-	d2	d2	d2	-	-	d2	d2	d2	L	L	-	-	d2	L	-	-	L	L	L	L	-	-	-
d2	L	-	-	E	d2	d2	L	-	-	L	L	L	L	-	-	d2	d2	L	-	-	E	d2	L	L	L	-	-
-	-	d2	d1	d2	L	-	-	E	E	d2	-	-	E	E	d2	d2	L	-	-	-	-	d1	d2	d2	N	-	-
d2	d1	d2	d1	d2	-	-	d2	d2	d2	-	-	d2	d1	d1	-	-	E	E	E	-	-	d2	d1	d1	d2	d2	-
E	E	d1	d1	-	-	E	E	E	d1	d1	-	-	-	-	E	E	E	-	-	E	d1	-	-	d1	d1	-	-
-	-	E	d2	d1	-	-	d1	d2	L	-	-	-	-	E	d2	-	-	E	E	d2	L	-	-	E	d2	d2	d2
-	-	d1	d1	d1	d2	N	-	-	-	N	N	-	-	E	E	E	E	d2	-	-	-	-	-	E	d1	d1	d2
-	-	-	d1	d1	d1	L	-	-	d1	d1	d1	L	-	-	L	L	L	L	-	-	-	d1	L	L	L	-	-
d1	d2	N	-	-	d2	N	-	-	E	d1	d2	-	-	d2	d2	d2	d2	d2	-	-	-	d2	d1	N	-	-	-
-	-	L	L	L	-	-	d1	d1	L	L	N	-	-	L	L	L	N	N	-	-	L	N	N	-	-	-	-
-	-	E	E	L	-	-	E	E	E	E	L	-	-	E	E	L	-	-	d2	d2	L	-	-	-	E	E	E
L	L	-	-	d1	d2	d2	-	-	d2	d1	L	-	-	-	-	-	d2	L	-	-	d2	d2	d2	d1	d2	-	-
E	E	E	E	E	-	-	-	E	E	d2	d2	d2	-	-	-	-	d2	d2	L	L	-	-	d2	L	-	-	-
E	E	E	E	-	-	-	-	-	-	E	E	E	-	-	-	E	E	E	E	E	-	-	E	E	E	-	-
E	L	-	-	E	d2	d2	L	-	-	L	L	-	-	-	E	d2	-	-	E	E	E	E	E	-	-	-	-
L	L	L	-	-	E	E	d1	-	-	N	N	-	-	-	-	-	L	L	L	L	L	-	-	E	d1	-	-
E	d2	d1	d2	d1	-	-	L	N	-	-	-	-	-	-	-	-	-	d1	d1	d2	N	-	-	E	d1	L	L
d1	d1	-	-	-	-	E	d1	d2	L	-	-	-	d1	d2	d2	d1	L	-	-	-	E	d1	d2	d2	-	-	-
L	N	-	-	-	-	-	d1	L	L	N	-	-	-	-	d2	d2	d1	d1	d1	-	-	-	-	d1	d2	d1	L
-	-	-	E	E	N	-	-	-	-	E	E	N	-	-	E	E	E	E	-	-	E	E	N	N	-	-	-
d2	d1	-	-	d1	L	-	-	-	-	-	L	L	L	-	-	d2	N	-	-	-	E	E	E	N	N	-	-
Objective 0: 13777
Objective 1: 195
Constr violation: 0
Restrictions violated:
0 0 0 0 0 0 0 0 

Individual 7
1	2	3	4	5	6	7	8	9	10	11	12	13	14	15	16	17	18	19	20	21	22	23	24	25	26	27	28
d1	L	L	-	-	d1	d1	-	-	L	L	L	-	-	L	L	L	L	-	-	d1	d1	d1	d1	-	-	-	-
L	L	L	L	L	-	-	E	d2	-	-	-	E	E	-	-	E	d2	L	-	-	-	-	-	E	E	E	E
E	E	d1	d1	d1	-	-	L	L	L	-	-	E	E	L	L	-	-	d1	d1	L	L	L	-	-	-	-	-
-	-	d1	L	L	-	-	-	d1	N	N	-	-	d2	d1	d1	d1	N	-	-	-	L	L	-	-	d1	d2	d2
-	-	-	E	E	-	-	E	N	N	N	N	-	-	E	E	E	L	-	-	E	L	-	-	-	E	E	E
d1	N	-	-	L	L	N	N	-	-	-	-	d1	d1	d1	d1	N	-	-	-	-	d1	d1	d1	L	L	-	-
-	-	d2	N	-	-	-	E	d2	d2	L	-	-	-	-	E	L	-	-	E	N	-	-	d2	d2	N	N	N
d2	d2	d2	d2	d2	-	-	d2	d1	-	-	-	d2	d1	d1	-	-	-	d1	d1	d1	d1	-	-	d2	d2	-	-
d1	d1	d1	d1	d1	-	-	-	-	E	d1	d1	d1	d1	-	-	-	d1	d1	d1	d1	-	-	-	E	E	-	-
-	-	N	N	N	N	N	-	-	d1	d1	L	-	-	d1	d1	L	L	-	-	-	-	-	L	L	L	-	-
d1	d1	N	-	-	d1	d1	N	-	-	-	-	-	-	-	d1	d1	d1	N	N	-	d1	d1	d1	d1	N	-	-
d1	L	L	N	-	-	-	-	-	L	L	-	-	-	d2	N	N	N	-	-	d2	d2	d2	d2	d2	-	-	-
E	E	L	-	-	-	-	E	d1	d1	L	-	-	-	-	-	E	E	E	E	E	-	-	E	E	E	E	E
L	L	L	L	L	-	-	L	L	L	-	-	-	-	L	L	-	-	L	L	L	L	-	-	-	L	L	L
E	E	d2	L	-	-	E	L	-	-	-	E	E	E	E	-	-	d2	L	-	-	-	E	d2	d2	L	-	-
-	-	-	-	L	L	L	L	-	-	d2	N	-	-	d1	d1	d2	d1	d1	-	-	d1	L	N	-	-	d2	d1
d2	d2	d2	d2	d2	-	-	d2	d1	d1	d2	d1	-	-	-	-	d2	d1	d2	-	-	-	-	-	-	E	E	E
d1	d2	d1	N	-	-	-	N	N	N	-	-	-	-	-	-	-	-	E	E	E	E	d2	-	-	E	E	d2
E	L	L	-	-	d1	d2	d2	L	L	-	-	E	d1	d1	d1	d1	-	-	-	-	-	E	L	L	-	-	-
d2	d2	L	-	-	d2	d2	d2	-	-	d2	d2	d2	L	L	-	-	d2	L	-	-	L	L	L	L	-	-	-
d2	L	-	-	E	E	E	E	L	-	-	E	E	-	-	-	-	E	E	-	-	E	E	d2	L	L	-	-
-	-	d2	d1	d2	L	-	-	E	E	d2	-	-	E	E	d2	d2	L	-	-	-	-	d1	d2	d2	N	-	-
d2	d1	d2	d1	d2	-	-	d2	d2	d2	-	-	d2	d1	d1	-	-	E	E	E	-	-	d2	d1	d1	d2	d2	-
E	E	d1	d1	-	-	E	E	E	d1	d1	-	-	-	-	E	E	E	-	-	E	d1	-	-	d1	d1	-	-
-	-	E	d2	d1	-	-	d1	d2	L	-	-	-	-	E	d2	-	-	E	E	d2	L	-	-	E	d2	d2	d2
-	-	d1	d1	d1	d2	N	-	-	-	N	N	-	-	E	E	E	E	d2	-	-	-	-	-	E	d1	d1	d2
-	-	-	d1	d1	d1	L	-	-	d1	d1	d1	L	-	-	L	L	L	L	-	-	-	d1	L	L	L	-	-
d1	d2	N	-	-	d2	N	-	-	E	d1	d2	-	-	d2	d2	d2	d2	d2	-	-	-	d2	d1	N	-	-	-
-	-	L	L	L	-	-	d1	d1	L	L	N	-	-	L	L	L	N	N	-	-	L	N	N	-	-	-	-
-	-	E	E	L	-	-	E	E	E	E	L	-	-	E	E	L	-	-	d2	d2	L	-	-	-	E	E	E
L	L	-	-	d1	d2	d2	-	-	d2	d1	L	-	-	-	-	-	d2	L	-	-	d2	d2	d2	d1	d2	-	-
E	E	E	E	E	-	-	-	E	E	d2	d2	d2	-	-	-	-	d2	d2	L	L	-	-	d2	L	-	-	-
E	E	E	E	-	-	-	-	-	-	E	E	E	-	-	-	E	E	E	E	E	-	-	E	E	E	-	-
E	L	-	-	E	d2	d2	L	-	-	L	L	-	-	-	E	d2	-	-	E	E	E	E	E	-	-	-	-
L	L	L	-	-	E	E	d1	-	-	N	N	-	-	-	-	-	L	L	L	L	L	-	-	E	d1	-	-
E	d2	d1	d2	d1	-	-	L	N	-	-	-	-	-	-	-	-	-	d1	d1	d2	N	-	-	E	d1	L	L
d1	d1	-	-	E	E	E	d2	d2	-	-	-	d1	d2	-	-	E	L	-	-	-	d1	d1	L	L	-	-	-
L	N	-	-	-	-	-	d1	L	L	N	-	-	-	-	d2	d2	d1	d1	d1	-	-	-	-	d1	d2	d1	L
-	-	-	E	E	N	-	-	-	-	E	E	N	-	-	E	E	E	E	-	-	E	E	N	N	-	-	-
d2	d1	-	-	d1	L	-	-	-	-	-	L	L	L	-	-	d2	N	-	-	-	E	E	E	N	N	-	-
Objective 0: 13573
Objective 1: 202
Constr violation: 0
Restrictions violated:
0 0 0 0 0 0 0 0 

Individual 8
1	2	3	4	5	6	7	8	9	10	11	12	13	14	15	16	17	18	19	20	21	22	23	24	25	26	27	28
d1	L	L	-	-	d1	d1	-	-	L	L	L	-	-	L	L	L	L	-	-	d1	d1	d1	d1	-	-	-	-
L	L	L	L	L	-	-	-	-	E	E	E	d2	L	-	-	E	E	d2	d2	-	-	-	E	E	d2	-	-
E	E	d1	d1	d1	-	-	L	L	L	-	-	E	E	L	L	-	-	d1	d1	L	L	L	-	-	-	-	-
-	-	d1	L	L	-	-	-	d1	N	N	-	-	d2	d1	d1	d1	N	-	-	-	L	L	-	-	d1	d2	d2
-	-	-	E	E	-	-	E	N	N	N	N	-	-	E	E	E	L	-	-	E	L	-	-	-	E	E	E
d1	N	-	-	L	L	N	N	-	-	-	-	d1	d1	d1	d1	N	-	-	-	-	d1	d1	d1	L	L	-	-
-	-	d2	N	-	-	-	E	d2	d2	L	-	-	-	-	E	L	-	-	E	N	-	-	d2	d2	N	N	N
d2	d2	d2	d2	d2	-	-	d2	d1	-	-	-	d2	d1	d1	-	-	-	d1	d1	d1	d1	-	-	d2	d2	-	-
d1	d1	d1	d1	d1	-	-	-	-	E	d1	d1	d1	d1	-	-	-	d1	d1	d1	d1	-	-	-	E	E	-	-
-	-	N	N	N	N	N	-	-	d1	d1	L	-	-	d1	d1	L	L	-	-	-	-	-	L	L	L	-	-
d1	d1	N	-	-	d1	d1	N	-	-	-	-	-	-	-	d1	d1	d1	N	N	-	d1	d1	d1	d1	N	-	-
d1	L	L	N	-	-	-	-	-	L	L	-	-	-	d2	N	N	N	-	-	d2	d2	d2	d2	d2	-	-	-
E	E	L	-	-	-	-	E	d1	d1	L	-	-	-	-	-	E	E	E	E	E	-	-	E	E	E	E	E
L	L	L	L	L	-	-	L	L	L	-	-	-	-	L	L	-	-	L	L	L	L	-	-	-	L	L	L
E	E	d2	L	-	-	E	L	-	-	-	E	E	E	E	-	-	d2	L	-	-	-	E	d2	d2	L	-	-
-	-	-	-	L	L	L	L	-	-	d2	N	-	-	d1	d1	d2	d1	d1	-	-	d1	L	N	-	-	d2	d1
d2	d2	d2	d2	d2	-	-	d2	d1	d1	d2	d1	-	-	-	-	d2	d1	d2	-	-	-	-	-	-	E	E	E
d1	d2	d1	N	-	-	-	N	N	N	-	-	-	-	-	-	-	-	E	E	E	E	d2	-	-	E	E	d2
E	L	L	-	-	d1	d2	d2	L	L	-	-	E	d1	d1	d1	d1	-	-	-	-	-	E	L	L	-	-	-
d2	d2	L	-	-	d2	d2	d2	-	-	d2	d2	d2	L	L	-	-	d2	L	-	-	L	L	L	L	-	-	-
d2	L	-	-	E	E	E	E	L	-	-	E	E	-	-	-	-	E	E	-	-	E	E	d2	L	L	-	-
-	-	d2	d1	d2	L	-	-	E	E	d2	-	-	E	E	d2	d2	L	-	-	-	-	d1	d2	d2	N	-	-
d2	d1	d2	d1	d2	-	-	d2	d2	d2	-	-	d2	d1	d1	-	-	E	E	E	-	-	d2	d1	d1	d2	d2	-
E	E	d1	d1	-	-	E	E	E	d1	d1	-	-	-	-	E	E	E	-	-	E	d1	-	-	d1	d1	-	-
-	-	E	d2	d1	-	-	d1	d2	L	-	-	-	-	E	d2	-	-	E	E	d2	L	-	-	E	d2	d2	d2
-	-	d1	d1	d1	d2	N	-	-	-	N	N	-	-	E	E	E	E	d2	-	-	-	-	-	E	d1	d1	d2
-	-	-	d1	d1	d1	L	-	-	d1	d1	d1	L	-	-	L	L	L	L	-	-	-	d1	L	L	L	-	-
d1	d2	N	-	-	d2	N	-	-	E	d1	d2	-	-	d2	d2	d2	d2	d2	-	-	-	d2	d1	N	-	-	-
-	-	L	L	L	-	-	d1	d1	L	L	N	-	-	L	L	L	N	N	-	-	L	N	N	-	-	-	-
-	-	E	E	L	-	-	E	E	E	E	L	-	-	E	E	L	-	-	d2	d2	L	-	-	-	E	E	E
L	L	-	-	d1	d2	d2	-	-	d2	d1	L	-	-	-	-	-	d2	L	-	-	d2	d2	-	-	d1	d2	L
E	E	E	E	E	-	-	-	E	E	d2	d2	d2	-	-	-	-	d2	d2	L	L	-	-	d2	L	-	-	-
E	E	E	E	E	-	-	-	-	-	E	E	E	E	E	-	-	E	E	-	-	-	-	-	-	E	E	E
E	L	-	-	E	d2	d2	L	-	-	L	L	-	-	-	E	d2	-	-	E	E	E	E	E	-	-	-	-
L	L	L	-	-	E	E	d1	-	-	N	N	-	-	-	-	-	L	L	L	L	L	-	-	E	d1	-	-
E	d2	d1	d2	d1	-	-	L	N	-	-	-	-	-	-	-	-	-	d1	d1	d2	N	-	-	E	d1	L	L
d1	d1	-	-	-	-	E	d1	d2	L	-	-	-	d1	d2	d2	d1	L	-	-	-	E	d1	d2	d2	-	-	-
L	N	-	-	-	-	-	d1	L	L	N	-	-	-	-	d2	d2	d1	d1	d1	-	-	-	-	d1	d2	d1	L
-	-	-	E	E	N	-	-	-	-	E	E	N	-	-	E	E	E	E	-	-	E	E	N	N	-	-	-
d2	d1	-	-	d1	L	-	-	-	-	-	L	L	L	-	-	d2	N	-	-	-	E	E	E	N	N	-	-
Objective 0: 13069
Objective 1: 211
Constr violation: 0
Restrictions violated:
0 0 0 0 0 0 0 0 

Individual 9
1	2	3	4	5	6	7	8	9	10	11	12	13	14	15	16	17	18	19	20	21	22	23	24	25	26	27	28
d1	L	L	-	-	d1	d1	-	-	L	L	L	-	-	L	L	L	L	-	-	d1	d1	d1	d1	-	-	-	-
L	L	L	L	L	-	-	-	-	E	E	E	d2	L	-	-	E	E	d2	d2	-	-	-	E	E	d2	-	-
E	E	d1	d1	d1	-	-	L	L	L	-	-	E	E	L	L	-	-	d1	d1	L	L	L	-	-	-	-	-
-	-	d1	L	L	-	-	-	d1	N	N	-	-	d2	d1	d1	d1	N	-	-	-	L	L	-	-	d1	d2	d2
-	-	-	E	E	-	-	E	N	N	N	N	-	-	E	E	E	L	-	-	E	L	-	-	-	E	E	E
d1	N	-	-	L	L	N	N	-	-	-	-	d1	d1	d1	d1	N	-	-	-	-	d1	d1	d1	L	L	-	-
-	-	d2	N	-	-	-	E	d2	d2	L	-	-	-	-	E	L	-	-	E	N	-	-	d2	d2	N	N	N
d2	d2	d2	d2	d2	-	-	d2	d1	-	-	-	d2	d1	d1	-	-	-	d1	d1	d1	d1	-	-	d2	d2	-	-
d1	d1	d1	d1	d1	-	-	-	-	E	d1	d1	d1	d1	-	-	-	d1	d1	d1	d1	-	-	-	E	E	-	-
-	-	N	N	N	N	N	-	-	d1	d1	L	-	-	d1	d1	L	L	-	-	-	-	-	L	L	L	-	-
d1	d1	N	-	-	d1	d1	N	-	-	-	-	-	-	-	d1	d1	d1	N	N	-	d1	d1	d1	d1	N	-	-
d1	L	L	N	-	-	-	-	-	L	L	-	-	-	d2	N	N	N	-	-	d2	d2	d2	d2	d2	-	-	-
E	E	L	-	-	-	-	E	d1	d1	L	-	-	-	-	-	E	E	E	E	E	-	-	E	E	E	E	E
L	L	L	L	L	-	-	L	L	L	-	-	-	-	L	L	-	-	L	L	L	L	-	-	-	L	L	L
E	E	d2	L	-	-	E	L	-	-	-	E	E	E	E	-	-	d2	L	-	-	-	E	d2	d2	L	-	-
-	-	-	-	L	L	L	L	-	-	d2	N	-	-	d1	d1	d2	d1	d1	-	-	d1	L	N	-	-	d2	d1
d2	d2	d2	d2	d2	-	-	d2	d1	d1	d2	d1	-	-	-	-	d2	d1	d2	-	-	-	-	-	-	E	E	E
d1	d2	d1	N	-	-	-	N	N	N	-	-	-	-	-	-	-	-	E	E	E	E	d2	-	-	E	E	d2
E	L	L	-	-	d1	d2	d2	L	L	-	-	E	d1	d1	d1	d1	-	-	-	-	-	E	L	L	-	-	-
d2	d2	L	-	-	d2	d2	d2	-	-	d2	d2	d2	L	L	-	-	d2	L	-	-	L	L	L	L	-	-	-
d2	L	-	-	E	d2	d2	L	-	-	L	L	L	L	-	-	d2	d2	L	-	-	E	d2	L	L	L	-	-
-	-	d2	d1	d2	L	-	-	E	E	d2	-	-	E	E	d2	d2	L	-	-	-	-	d1	d2	d2	N	-	-
d2	d1	d2	d1	d2	-	-	d2	d2	d2	-	-	d2	d1	d1	-	-	E	E	E	-	-	d2	d1	d1	d2	d2	-
E	E	d1	d1	-	-	E	E	E	d1	d1	-	-	-	-	E	E	E	-	-	E	d1	-	-	d1	d1	-	-
-	-	E	d2	d1	-	-	d1	d2	L	-	-	-	-	E	d2	-	-	E	E	d2	L	-	-	E	d2	d2	d2
-	-	d1	d1	d1	d2	N	-	-	-	N	N	-	-	E	E	E	E	d2	-	-	-	-	-	E	d1	d1	d2
-	-	-	d1	d1	d1	L	-	-	d1	d1	d1	L	-	-	L	L	L	L	-	-	-	d1	L	L	L	-	-
d1	d2	N	-	-	d2	N	-	-	E	d1	d2	-	-	d2	d2	d2	d2	d2	-	-	-	d2	d1	N	-	-	-
-	-	L	L	L	-	-	d1	d1	L	L	N	-	-	L	L	L	N	N	-	-	L	N	N	-	-	-	-
-	-	E	E	L	-	-	E	E	E	E	L	-	-	E	E	L	-	-	d2	d2	L	-	-	-	E	E	E
L	L	-	-	d1	d2	d2	-	-	d2	d1	L	-	-	-	-	-	d2	L	-	-	d2	d2	-	-	d1	d2	L
E	E	E	E	E	-	-	-	E	E	d2	d2	d2	-	-	-	-	d2	d2	L	L	-	-	d2	L	-	-	-
E	E	E	E	-	-	-	-	-	-	E	E	E	-	-	-	E	E	E	E	E	-	-	E	E	E	-	-
E	L	-	-	E	d2	d2	L	-	-	L	L	-	-	-	E	d2	-	-	E	E	E	E	E	-	-	-	-
L	L	L	-	-	E	E	d1	-	-	N	N	-	-	-	-	-	L	L	L	L	L	-	-	E	d1	-	-
E	d2	d1	d2	d1	-	-	L	N	-	-	-	-	-	-	-	-	-	d1	d1	d2	N	-	-	E	d1	L	L
d1	d1	-	-	-	-	E	d1	d2	L	-	-	-	d1	d2	d2	d1	L	-	-	-	E	d1	d2	d2	-	-	-
L	N	-	-	-	-	-	d1	L	L	N	-	-	-	-	d2	d2	d1	d1	d1	-	-	-	-	d1	d2	d1	L
-	-	-	E	E	N	-	-	-	-	E	E	N	-	-	E	E	E	E	-	-	E	E	N	N	-	-	-
d2	d1	-	-	d1	L	-	-	-	-	-	L	L	L	-	-	d2	N	-	-	-	E	E	E	N	N	-	-
Objective 0: 13576
Objective 1: 199
Constr violation: 0
Restrictions violated:
0 0 0 0 0 0 0 0 

Individual 10
1	2	3	4	5	6	7	8	9	10	11	12	13	14	15	16	17	18	19	20	21	22	23	24	25	26	27	28
d1	L	L	-	-	d1	d1	-	-	L	L	L	-	-	L	L	L	L	-	-	d1	d1	d1	d1	-	-	-	-
L	L	L	L	L	-	-	-	-	E	E	E	d2	L	-	-	E	E	d2	d2	-	-	-	E	E	d2	-	-
E	E	d1	d1	d1	-	-	L	L	L	-	-	E	E	L	L	-	-	d1	d1	L	L	L	-	-	-	-	-
-	-	d1	L	L	-	-	-	d1	N	N	-	-	d2	d1	d1	d1	N	-	-	-	L	L	-	-	d1	d2	d2
-	-	-	E	E	-	-	E	N	N	N	N	-	-	E	E	E	L	-	-	E	L	-	-	-	E	E	E
d1	N	-	-	L	L	N	N	-	-	-	-	d1	d1	d1	d1	N	-	-	-	-	d1	d1	d1	L	L	-	-
-	-	d2	N	-	-	-	E	d2	d2	L	-	-	-	-	E	L	-	-	E	N	-	-	d2	d2	N	N	N
d2	d2	d2	d2	d2	-	-	d2	d1	-	-	-	d2	d1	d1	-	-	-	d1	d1	d1	d1	-	-	d2	d2	-	-
d1	d1	d1	d1	d1	-	-	-	-	E	d1	d1	d1	d1	-	-	-	d1	d1	d1	d1	-	-	-	E	E	-	-
L	L	N	-	-	-	d1	N	N	N	-	-	-	-	L	L	L	-	-	d1	d1	N	-	-	d1	L	-	-
d1	d1	N	-	-	d1	d1	N	-	-	-	-	-	-	-	d1	d1	d1	N	N	-	d1	d1	d1	d1	N	-	-
d1	L	L	N	-	-	-	-	-	L	L	-	-	-	d2	N	N	N	-	-	d2	d2	d2	d2	d2	-	-	-
E	E	L	-	-	-	-	E	d1	d1	L	-	-	-	-	-	E	E	E	E	E	-	-	E	E	E	E	E
L	L	L	L	L	-	-	L	L	L	-	-	-	-	L	L	-	-	L	L	L	L	-	-	-	L	L	L
E	E	d2	L	-	-	E	L	-	-	-	E	E	E	E	-	-	d2	L	-	-	-	E	d2	d2	L	-	-
-	-	-	-	L	L	L	L	-	-	d2	N	-	-	d1	d1	d2	d1	d1	-	-	d1	L	N	-	-	d2	d1
d2	d2	d2	d2	d2	-	-	d2	d1	d1	d2	d1	-	-	-	-	d2	d1	d2	-	-	-	-	-	-	E	E	E
d1	d2	d1	N	-	-	-	N	N	N	-	-	-	-	-	-	-	-	E	E	E	E	d2	-	-	E	E	d2
E	L	L	-	-	d1	d2	d2	L	L	-	-	E	d1	d1	d1	d1	-	-	-	-	-	E	L	L	-	-	-
d2	d2	L	-	-	d2	d2	d2	-	-	d2	d2	d2	L	L	-	-	d2	L	-	-	L	L	L	L	-	-	-
d2	L	-	-	E	E	E	E	L	-	-	E	E	-	-	-	-	E	E	-	-	E	E	d2	L	L	-	-
-	-	d2	d1	d2	L	-	-	E	E	d2	-	-	E	E	d2	d2	L	-	-	-	-	d1	d2	d2	N	-	-
d2	d1	d2	d1	d2	-	-	d2	d2	d2	-	-	d2	d1	d1	-	-	E	E	E	-	-	d2	d1	d1	d2	d2	-
E	E	d1	d1	-	-	E	E	E	d1	d1	-	-	-	-	E	E	E	-	-	E	d1	-	-	d1	d1	-	-
-	-	E	d2	d1	-	-	d1	d2	L	-	-	-	-	E	d2	-	-	E	E	d2	L	-	-	E	d2	d2	d2
-	-	d1	d1	d1	d2	N	-	-	-	N	N	-	-	E	E	E	E	d2	-	-	-	-	-	E	d1	d1	d2
-	-	-	d1	d1	d1	L	-	-	d1	d1	d1	L	-	-	L	L	L	L	-	-	-	d1	L	L	L	-	-
d1	d2	N	-	-	d2	N	-	-	E	d1	d2	-	-	d2	d2	d2	d2	d2	-	-	-	d2	d1	N	-	-	-
-	-	L	L	L	-	-	d1	d1	L	L	N	-	-	L	L	L	N	N	-	-	L	N	N	-	-	-	-
-	-	E	E	L	-	-	E	E	E	E	L	-	-	E	E	L	-	-	d2	d2	L	-	-	-	E	E	E
L	L	-	-	d1	d2	d2	-	-	d2	d1	L	-	-	-	-	-	d2	L	-	-	d2	d2	d2	d1	d2	-	-
E	E	E	E	E	-	-	-	E	E	d2	d2	d2	-	-	-	-	d2	d2	L	L	-	-	d2	L	-	-	-
E	E	E	E	-	-	-	-	-	-	E	E	E	-	-	-	E	E	E	E	E	-	-	E	E	E	-	-
E	L	-	-	E	d2	d2	L	-	-	L	L	-	-	-	E	d2	-	-	E	E	E	E	E	-	-	-	-
L	L	L	-	-	E	E	d1	-	-	N	N	-	-	-	-	-	L	L	L	L	L	-	-	E	d1	-	-
E	d2	d1	d2	d1	-	-	L	N	-	-	-	-	-	-	-	-	-	d1	d1	d2	N	-	-	E	d1	L	L
d1	d1	-	-	E	E	E	d2	d2	-	-	-	d1	d2	-	-	E	L	-	-	-	d1	d1	L	L	-	-	-
L	N	-	-	N	N	N	-	-	-	d2	d2	-	-	d2	d2	-	-	-	-	-	d2	L	-	-	L	L	L
-	-	-	E	E	N	-	-	-	-	E	E	N	-	-	E	E	E	E	-	-	E	E	N	N	-	-	-
d2	d1	-	-	d1	L	-	-	-	-	-	L	L	L	-	-	d2	N	-	-	-	E	E	E	N	N	-	-
Objective 0: 12967
Objective 1: 215
Constr violation: 0
Restrictions violated:
0 0 0 0 0 0 0 0 

Individual 11
1	2	3	4	5	6	7	8	9	10	11	12	13	14	15	16	17	18	19	20	21	22	23	24	25	26	27	28
d1	L	L	-	-	d1	d1	-	-	L	L	L	-	-	L	L	L	L	-	-	d1	d1	d1	d1	-	-	-	-
L	L	L	L	L	-	-	-	-	E	E	E	d2	L	-	-	E	E	d2	d2	-	-	-	E	E	d2	-	-
E	E	d1	d1	d1	-	-	L	L	L	-	-	E	E	L	L	-	-	d1	d1	L	L	L	-	-	-	-	-
-	-	d1	L	L	-	-	-	d1	N	N	-	-	d2	d1	d1	d1	N	-	-	-	L	L	-	-	d1	d2	d2
-	-	-	E	E	-	-	E	N	N	N	N	-	-	E	E	E	L	-	-	E	L	-	-	-	E	E	E
d1	N	-	-	L	L	N	N	-	-	-	-	d1	d1	d1	d1	N	-	-	-	-	d1	d1	d1	L	L	-	-
-	-	d2	N	-	-	-	E	d2	d2	L	-	-	-	-	E	L	-	-	E	N	-	-	d2	d2	N	N	N
d2	d2	d2	d2	d2	-	-	d2	d1	-	-	-	d2	d1	d1	-	-	-	d1	d1	d1	d1	-	-	d2	d2	-	-
d1	d1	d1	d1	d1	-	-	-	-	E	d1	d1	d1	d1	-	-	-	d1	d1	d1	d1	-	-	-	E	E	-	-
-	-	N	N	N	N	N	-	-	d1	d1	L	-	-	d1	d1	L	L	-	-	-	-	-	L	L	L	-	-
d1	d1	N	-	-	d1	d1	N	-	-	-	-	-	-	-	d1	d1	d1	N	N	-	d1	d1	d1	d1	N	-	-
d1	L	L	N	-	-	-	-	-	L	L	-	-	-	d2	N	N	N	-	-	d2	d2	d2	d2	d2	-	-	-
E	E	L	-	-	-	-	E	d1	d1	L	-	-	-	-	-	E	E	E	E	E	-	-	E	E	E	E	E
L	L	L	L	L	-	-	L	L	L	-	-	-	-	L	L	-	-	L	L	L	L	-	-	-	L	L	L
E	E	d2	L	-	-	E	L	-	-	-	E	E	E	E	-	-	d2	L	-	-	-	E	d2	d2	L	-	-
-	-	-	-	L	L	L	L	-	-	d2	N	-	-	d1	d1	d2	d1	d1	-	-	d1	L	N	-	-	d2	d1
d2	d2	d2	d2	d2	-	-	d2	d1	d1	d2	d1	-	-	-	-	d2	d1	d2	-	-	-	-	-	-	E	E	E
d1	d2	d1	N	-	-	-	N	N	N	-	-	-	-	-	-	-	-	E	E	E	E	d2	-	-	E	E	d2
E	L	L	-	-	d1	d2	d2	L	L	-	-	E	d1	d1	d1	d1	-	-	-	-	-	E	L	L	-	-	-
d2	d2	L	-	-	d2	d2	d2	-	-	d2	d2	d2	L	L	-	-	d2	L	-	-	L	L	L	L	-	-	-
d2	L	-	-	E	E	E	E	L	-	-	E	E	-	-	-	-	E	E	-	-	E	E	d2	L	L	-	-
-	-	d2	d1	d2	L	-	-	E	E	d2	-	-	E	E	d2	d2	L	-	-	-	-	d1	d2	d2	N	-	-
d2	d1	d2	d1	d2	-	-	d2	d2	d2	-	-	d2	d1	d1	-	-	E	E	E	-	-	d2	d1	d1	d2	d2	-
E	E	d1	d1	-	-	E	E	E	d1	d1	-	-	-	-	E	E	E	-	-	E	d1	-	-	d1	d1	-	-
-	-	E	d2	d1	-	-	d1	d2	L	-	-	-	-	E	d2	-	-	E	E	d2	L	-	-	E	d2	d2	d2
-	-	d1	d1	d1	d2	N	-	-	-	N	N	-	-	E	E	E	E	d2	-	-	-	-	-	E	d1	d1	d2
-	-	-	d1	d1	d1	L	-	-	d1	d1	d1	L	-	-	L	L	L	L	-	-	-	d1	L	L	L	-	-
d1	d2	N	-	-	d2	N	-	-	E	d1	d2	-	-	d2	d2	d2	d2	d2	-	-	-	d2	d1	N	-	-	-
-	-	L	L	L	-	-	d1	d1	L	L	N	-	-	L	L	L	N	N	-	-	L	N	N	-	-	-	-
-	-	E	E	L	-	-	E	E	E	E	L	-	-	E	E	L	-	-	d2	d2	L	-	-	-	E	E	E
L	L	-	-	d1	d2	d2	-	-	d2	d1	L	-	-	-	-	-	d2	L	-	-	d2	d2	d2	d1	d2	-	-
E	E	E	E	E	-	-	-	E	E	d2	d2	d2	-	-	-	-	d2	d2	L	L	-	-	d2	L	-	-	-
E	E	E	E	-	-	-	-	-	-	E	E	E	-	-	-	E	E	E	E	E	-	-	E	E	E	-	-
E	L	-	-	E	d2	d2	L	-	-	L	L	-	-	-	E	d2	-	-	E	E	E	E	E	-	-	-	-
L	L	L	-	-	E	E	d1	-	-	N	N	-	-	-	-	-	L	L	L	L	L	-	-	E	d1	-	-
E	d2	d1	d2	d1	-	-	L	N	-	-	-	-	-	-	-	-	-	d1	d1	d2	N	-	-	E	d1	L	L
d1	d1	-	-	-	-	E	d1	d2	L	-	-	-	d1	d2	d2	d1	L	-	-	-	E	d1	d2	d2	-	-	-
L	N	-	-	-	-	-	d1	L	L	N	-	-	-	-	d2	d2	d1	d1	d1	-	-	-	-	d1	d2	d1	L
-	-	-	E	E	N	-	-	-	-	E	E	N	-	-	E	E	E	E	-	-	E	E	N	N	-	-	-
d2	d1	-	-	d1	L	-	-	-	-	-	L	L	L	-	-	d2	N	-	-	-	E	E	E	N	N	-	-
Objective 0: 13473
Objective 1: 204
Constr violation: 0
Restrictions violated:
0 0 0 0 0 0 0 0 

Individual 12
1	2	3	4	5	6	7	8	9	10	11	12	13	14	15	16	17	18	19	20	21	22	23	24	25	26	27	28
d1	L	L	-	-	d1	d1	-	-	L	L	L	-	-	L	L	L	L	-	-	d1	d1	d1	d1	-	-	-	-
L	L	L	L	L	-	-	E	d2	-	-	-	E	E	-	-	E	d2	L	-	-	-	-	-	E	E	E	E
E	E	d1	d1	d1	-	-	L	L	L	-	-	E	E	L	L	-	-	d1	d1	L	L	L	-	-	-	-	-
-	-	d1	L	L	-	-	-	d1	N	N	-	-	d2	d1	d1	d1	N	-	-	-	L	L	-	-	d1	d2	d2
L	N	N	-	-	-	E	L	L	L	L	-	-	-	-	E	N	-	-	-	E	E	E	E	E	-	-	-
d1	N	-	-	L	L	N	N	-	-	-	-	d1	d1	d1	d1	N	-	-	-	-	d1	d1	d1	L	L	-	-
-	-	d2	N	-	-	-	E	d2	d2	L	-	-	-	-	E	L	-	-	E	N	-	-	d2	d2	N	N	N
d2	d2	d2	d2	d2	-	-	d2	d1	-	-	-	d2	d1	d1	-	-	-	d1	d1	d1	d1	-	-	d2	d2	-	-
d1	d1	d1	d1	d1	-	-	-	-	E	d1	d1	d1	d1	-	-	-	d1	d1	d1	d1	-	-	-	E	E	-	-
-	-	N	N	N	N	N	-	-	d1	d1	L	-	-	d1	d1	L	L	-	-	-	-	-	L	L	L	-	-
d1	d1	N	-	-	d1	d1	N	-	-	-	-	-	-	-	d1	d1	d1	N	N	-	d1	d1	d1	d1	N	-	-
d1	L	L	N	-	-	-	-	-	L	L	-	-	-	d2	N	N	N	-	-	d2	d2	d2	d2	d2	-	-	-
E	E	L	-	-	-	-	E	d1	d1	L	-	-	-	-	-	E	E	E	E	E	-	-	E	E	E	E	E
L	L	L	L	L	-	-	L	L	L	-	-	-	-	L	L	-	-	L	L	L	L	-	-	-	L	L	L
E	E	d2	L	-	-	E	L	-	-	-	E	E	E	E	-	-	d2	L	-	-	-	E	d2	d2	L	-	-
-	-	-	-	L	L	L	L	-	-	d2	N	-	-	d1	d1	d2	d1	d1	-	-	d1	L	N	-	-	d2	d1
d2	d2	d2	d2	d2	-	-	d2	d1	d1	d2	d1	-	-	-	-	d2	d1	d2	-	-	-	-	-	-	E	E	E
d1	d2	d1	N	-	-	-	N	N	N	-	-	-	-	-	-	-	-	E	E	E	E	d2	-	-	E	E	d2
E	L	L	-	-	d1	d2	d2	L	L	-	-	E	d1	d1	d1	d1	-	-	-	-	-	E	L	L	-	-	-
d2	d2	L	-	-	d2	d2	d2	-	-	d2	d2	d2	L	L	-	-	d2	L	-	-	L	L	L	L	-	-	-
d2	L	-	-	E	d2	d2	L	-	-	L	L	L	L	-	-	d2	d2	L	-	-	E	d2	L	L	L	-	-
-	-	d2	d1	d2	L	-	-	E	E	d2	-	-	E	E	d2	d2	L	-	-	-	-	d1	d2	d2	N	-	-
d2	d1	d2	d1	d2	-	-	d2	d2	d2	-	-	d2	d1	d1	-	-	E	E	E	-	-	d2	d1	d1	d2	d2	-
E	E	d1	d1	-	-	E	E	E	d1	d1	-	-	-	-	E	E	E	-	-	E	d1	-	-	d1	d1	-	-
-	-	E	d2	d1	-	-	d1	d2	L	-	-	-	-	E	d2	-	-	E	E	d2	L	-	-	E	d2	d2	d2
-	-	d1	d1	d1	d2	N	-	-	-	N	N	-	-	E	E	E	E	d2	-	-	-	-	-	E	d1	d1	d2
-	-	-	d1	d1	d1	L	-	-	d1	d1	d1	L	-	-	L	L	L	L	-	-	-	d1	L	L	L	-	-
d1	d2	N	-	-	d2	N	-	-	E	d1	d2	-	-	d2	d2	d2	d2	d2	-	-	-	d2	d1	N	-	-	-
-	-	L	L	L	-	-	d1	d1	L	L	N	-	-	L	L	L	N	N	-	-	L	N	N	-	-	-	-
-	-	E	E	L	-	-	E	E	E	E	L	-	-	E	E	L	-	-	d2	d2	L	-	-	-	E	E	E
L	L	-	-	d1	d2	d2	-	-	d2	d1	L	-	-	-	-	-	d2	L	-	-	d2	d2	d2	d1	d2	-	-
E	E	E	E	E	-	-	-	E	E	d2	d2	d2	-	-	-	-	d2	d2	L	L	-	-	d2	L	-	-	-
E	E	E	E	E	-	-	-	-	-	E	E	E	E	E	-	-	E	E	-	-	-	-	-	-	E	E	E
E	L	-	-	E	d2	d2	L	-	-	L	L	-	-	-	E	d2	-	-	E	E	E	E	E	-	-	-	-
L	L	L	-	-	E	E	d1	-	-	N	N	-	-	-	-	-	L	L	L	L	L	-	-	E	d1	-	-
E	d2	d1	d2	d1	-	-	L	N	-	-	-	-	-	-	-	-	-	d1	d1	d2	N	-	-	E	d1	L	L
d1	d1	-	-	-	-	E	d1	d2	L	-	-	-	d1	d2	d2	d1	L	-	-	-	E	d1	d2	d2	-	-	-
L	N	-	-	-	-	-	d1	L	L	N	-	-	-	-	d2	d2	d1	d1	d1	-	-	-	-	d1	d2	d1	L
-	-	-	E	E	N	-	-	-	-	E	E	N	-	-	E	E	E	E	-	-	E	E	N	N	-	-	-
d2	d1	-	-	d1	L	-	-	-	-	-	L	L	L	-	-	d2	N	-	-	-	E	E	E	N	N	-	-
Objective 0: 13776
Objective 1: 197
Constr violation: 0
Restrictions violated:
0 0 0 0 0 0 0 0 

Individual 13
1	2	3	4	5	6	7	8	9	10	11	12	13	14	15	16	17	18	19	20	21	22	23	24	25	26	27	28
d1	L	L	-	-	d1	d1	-	-	L	L	L	-	-	L	L	L	L	-	-	d1	d1	d1	d1	-	-	-	-
L	L	L	L	L	-	-	-	-	E	E	E	d2	L	-	-	E	E	d2	d2	-	-	-	E	E	d2	-	-
E	E	d1	d1	d1	-	-	L	L	L	-	-	E	E	L	L	-	-	d1	d1	L	L	L	-	-	-	-	-
-	-	d1	L	L	-	-	-	d1	N	N	-	-	d2	d1	d1	d1	N	-	-	-	L	L	-	-	d1	d2	d2
-	-	-	E	E	-	-	E	N	N	N	N	-	-	E	E	E	L	-	-	E	L	-	-	-	E	E	E
d1	N	-	-	L	L	N	N	-	-	-	-	d1	d1	d1	d1	N	-	-	-	-	d1	d1	d1	L	L	-	-
-	-	d2	N	-	-	-	E	d2	d2	L	-	-	-	-	E	L	-	-	E	N	-	-	d2	d2	N	N	N
d2	d2	d2	d2	d2	-	-	d2	d1	-	-	-	d2	d1	d1	-	-	-	d1	d1	d1	d1	-	-	d2	d2	-	-
d1	d1	d1	d1	d1	-	-	-	-	E	d1	d1	d1	d1	-	-	-	d1	d1	d1	d1	-	-	-	E	E	-	-
-	-	N	N	N	N	N	-	-	d1	d1	L	-	-	d1	d1	L	L	-	-	-	-	-	L	L	L	-	-
d1	d1	N	-	-	d1	d1	N	-	-	-	-	-	-	-	d1	d1	d1	N	N	-	d1	d1	d1	d1	N	-	-
d1	L	L	N	-	-	-	-	-	L	L	-	-	-	d2	N	N	N	-	-	d2	d2	d2	d2	d2	-	-	-
E	E	L	-	-	-	-	E	d1	d1	L	-	-	-	-	-	E	E	E	E	E	-	-	E	E	E	E	E
L	L	L	L	L	-	-	L	L	L	-	-	-	-	L	L	-	-	L	L	L	L	-	-	-	L	L	L
E	E	d2	L	-	-	E	L	-	-	-	E	E	E	E	-	-	d2	L	-	-	-	E	d2	d2	L	-	-
-	-	-	-	L	L	L	L	-	-	d2	N	-	-	d1	d1	d2	d1	d1	-	-	d1	L	N	-	-	d2	d1
d2	d2	d2	d2	d2	-	-	d2	d1	d1	d2	d1	-	-	-	-	d2	d1	d2	-	-	-	-	-	-	E	E	E
d1	d2	d1	N	-	-	-	N	N	N	-	-	-	-	-	-	-	-	E	E	E	E	d2	-	-	E	E	d2
E	L	L	-	-	d1	d2	d2	L	L	-	-	E	d1	d1	d1	d1	-	-	-	-	-	E	L	L	-	-	-
d2	d2	L	-	-	d2	d2	d2	-	-	d2	d2	d2	L	L	-	-	d2	L	-	-	L	L	L	L	-	-	-
d2	L	-	-	E	E	E	E	L	-	-	E	E	-	-	-	-	E	E	-	-	E	E	d2	L	L	-	-
-	-	d2	d1	d2	L	-	-	E	E	d2	-	-	E	E	d2	d2	L	-	-	-	-	d1	d2	d2	N	-	-
d2	d1	d2	d1	d2	-	-	d2	d2	d2	-	-	d2	d1	d1	-	-	E	E	E	-	-	d2	d1	d1	d2	d2	-
E	E	d1	d1	-	-	E	E	E	d1	d1	-	-	-	-	E	E	E	-	-	E	d1	-	-	d1	d1	-	-
-	-	E	d2	d1	-	-	d1	d2	L	-	-	-	-	E	d2	-	-	E	E	d2	L	-	-	E	d2	d2	d2
-	-	d1	d1	d1	d2	N	-	-	-	N	N	-	-	E	E	E	E	d2	-	-	-	-	-	E	d1	d1	d2
-	-	-	d1	d1	d1	L	-	-	d1	d1	d1	L	-	-	L	L	L	L	-	-	-	d1	L	L	L	-	-
d1	d2	N	-	-	d2	N	-	-	E	d1	d2	-	-	d2	d2	d2	d2	d2	-	-	-	d2	d1	N	-	-	-
-	-	L	L	L	-	-	d1	d1	L	L	N	-	-	L	L	L	N	N	-	-	L	N	N	-	-	-	-
-	-	E	E	L	-	-	E	E	E	E	L	-	-	E	E	L	-	-	d2	d2	L	-	-	-	E	E	E
L	L	-	-	d1	d2	d2	-	-	d2	d1	L	-	-	-	-	-	d2	L	-	-	d2	d2	-	-	d1	d2	L
E	E	E	E	E	-	-	-	E	E	d2	d2	d2	-	-	-	-	d2	d2	L	L	-	-	d2	L	-	-	-
E	E	E	E	E	-	-	-	-	-	E	E	E	E	E	-	-	E	E	-	-	-	-	-	-	E	E	E
E	L	-	-	E	d2	d2	L	-	-	L	L	-	-	-	E	d2	-	-	E	E	E	E	E	-	-	-	-
L	L	L	-	-	E	E	d1	-	-	N	N	-	-	-	-	-	L	L	L	L	L	-	-	E	d1	-	-
E	d2	d1	d2	d1	-	-	L	N	-	-	-	-	-	-	-	-	-	d1	d1	d2	N	-	-	E	d1	L	L
d1	d1	-	-	-	-	E	d1	d2	L	-	-	-	d1	d2	d2	d1	L	-	-	-	E	d1	d2	d2	-	-	-
L	N	-	-	-	-	-	d1	L	L	N	-	-	-	-	d2	d2	d1	d1	d1	-	-	-	-	d1	d2	d1	L
-	-	-	E	E	N	-	-	-	-	E	E	N	-	-	E	E	E	E	-	-	E	E	N	N	-	-	-
d2	d1	-	-	d1	L	-	-	-	-	-	L	L	L	-	-	d2	N	-	-	-	E	E	E	N	N	-	-
Objective 0: 13069
Objective 1: 211
Constr violation: 0
Restrictions violated:
0 0 0 0 0 0 0 0 

Individual 14
1	2	3	4	5	6	7	8	9	10	11	12	13	14	15	16	17	18	19	20	21	22	23	24	25	26	27	28
d1	L	L	-	-	d1	d1	-	-	L	L	L	-	-	L	L	L	L	-	-	d1	d1	d1	d1	-	-	-	-
L	L	L	L	L	-	-	-	-	E	E	E	d2	L	-	-	E	E	d2	d2	-	-	-	E	E	d2	-	-
E	E	d1	d1	d1	-	-	L	L	L	-	-	E	E	L	L	-	-	d1	d1	L	L	L	-	-	-	-	-
-	-	d1	L	L	-	-	-	d1	N	N	-	-	d2	d1	d1	d1	N	-	-	-	L	L	-	-	d1	d2	d2
-	-	-	E	E	-	-	E	N	N	N	N	-	-	E	E	E	L	-	-	E	L	-	-	-	E	E	E
d1	N	-	-	L	L	N	N	-	-	-	-	d1	d1	d1	d1	N	-	-	-	-	d1	d1	d1	L	L	-	-
-	-	d2	N	-	-	-	E	d2	d2	L	-	-	-	-	E	L	-	-	E	N	-	-	d2	d2	N	N	N
d2	d2	d2	d2	d2	-	-	d2	d1	-	-	-	d2	d1	d1	-	-	-	d1	d1	d1	d1	-	-	d2	d2	-	-
d1	d1	d1	d1	d1	-	-	-	-	E	d1	d1	d1	d1	-	-	-	d1	d1	d1	d1	-	-	-	E	E	-	-
-	-	N	N	N	N	N	-	-	d1	d1	L	-	-	d1	d1	L	L	-	-	-	-	-	L	L	L	-	-
d1	d1	N	-	-	d1	d1	N	-	-	-	-	-	-	-	d1	d1	d1	N	N	-	d1	d1	d1	d1	N	-	-
d1	L	L	N	-	-	-	-	-	L	L	-	-	-	d2	N	N	N	-	-	d2	d2	d2	d2	d2	-	-	-
E	E	L	-	-	-	-	E	d1	d1	L	-	-	-	-	-	E	E	E	E	E	-	-	E	E	E	E	E
L	L	L	L	L	-	-	L	L	L	-	-	-	-	L	L	-	-	L	L	L	L	-	-	-	L	L	L
E	E	d2	L	-	-	E	L	-	-	-	E	E	E	E	-	-	d2	L	-	-	-	E	d2	d2	L	-	-
-	-	-	-	L	L	L	L	-	-	d2	N	-	-	d1	d1	d2	d1	d1	-	-	d1	L	N	-	-	d2	d1
d2	d2	d2	d2	d2	-	-	d2	d1	d1	d2	d1	-	-	-	-	d2	d1	d2	-	-	-	-	-	-	E	E	E
d1	d2	d1	N	-	-	-	N	N	N	-	-	-	-	-	-	-	-	E	E	E	E	d2	-	-	E	E	d2
E	L	L	-	-	d1	d2	d2	L	L	-	-	E	d1	d1	d1	d1	-	-	-	-	-	E	L	L	-	-	-
d2	d2	L	-	-	d2	d2	d2	-	-	d2	d2	d2	L	L	-	-	d2	L	-	-	L	L	L	L	-	-	-
d2	L	-	-	E	E	E	E	L	-	-	E	E	-	-	-	-	E	E	-	-	E	E	d2	L	L	-	-
-	-	d2	d1	d2	L	-	-	E	E	d2	-	-	E	E	d2	d2	L	-	-	-	-	d1	d2	d2	N	-	-
d2	d1	d2	d1	d2	-	-	d2	d2	d2	-	-	d2	d1	d1	-	-	E	E	E	-	-	d2	d1	d1	d2	d2	-
E	E	d1	d1	-	-	E	E	E	d1	d1	-	-	-	-	E	E	E	-	-	E	d1	-	-	d1	d1	-	-
-	-	E	d2	d1	-	-	d1	d2	L	-	-	-	-	E	d2	-	-	E	E	d2	L	-	-	E	d2	d2	d2
-	-	d1	d1	d1	d2	N	-	-	-	N	N	-	-	E	E	E	E	d2	-	-	-	-	-	E	d1	d1	d2
-	-	-	d1	d1	d1	L	-	-	d1	d1	d1	L	-	-	L	L	L	L	-	-	-	d1	L	L	L	-	-
d1	d2	N	-	-	d2	N	-	-	E	d1	d2	-	-	d2	d2	d2	d2	d2	-	-	-	d2	d1	N	-	-	-
-	-	L	L	L	-	-	d1	d1	L	L	N	-	-	L	L	L	N	N	-	-	L	N	N	-	-	-	-
-	-	E	E	L	-	-	E	E	E	E	L	-	-	E	E	L	-	-	d2	d2	L	-	-	-	E	E	E
L	L	-	-	d1	d2	d2	-	-	d2	d1	L	-	-	-	-	-	d2	L	-	-	d2	d2	d2	d1	d2	-	-
E	E	E	E	E	-	-	-	E	E	d2	d2	d2	-	-	-	-	d2	d2	L	L	-	-	d2	L	-	-	-
E	E	E	E	-	-	-	-	-	-	E	E	E	-	-	-	E	E	E	E	E	-	-	E	E	E	-	-
E	L	-	-	E	d2	d2	L	-	-	L	L	-	-	-	E	d2	-	-	E	E	E	E	E	-	-	-	-
L	L	L	-	-	E	E	d1	-	-	N	N	-	-	-	-	-	L	L	L	L	L	-	-	E	d1	-	-
E	d2	d1	d2	d1	-	-	L	N	-	-	-	-	-	-	-	-	-	d1	d1	d2	N	-	-	E	d1	L	L
d1	d1	-	-	-	-	E	d1	d2	L	-	-	-	d1	d2	d2	d1	L	-	-	-	E	d1	d2	d2	-	-	-
L	N	-	-	-	-	-	d1	L	L	N	-	-	-	-	d2	d2	d1	d1	d1	-	-	-	-	d1	d2	d1	L
-	-	-	E	E	N	-	-	-	-	E	E	N	-	-	E	E	E	E	-	-	E	E	N	N	-	-	-
d2	d1	-	-	d1	L	-	-	-	-	-	L	L	L	-	-	d2	N	-	-	-	E	E	E	N	N	-	-
Objective 0: 13473
Objective 1: 204
Constr violation: 0
Restrictions violated:
0 0 0 0 0 0 0 0 

Individual 15
1	2	3	4	5	6	7	8	9	10	11	12	13	14	15	16	17	18	19	20	21	22	23	24	25	26	27	28
d1	L	L	-	-	d1	d1	-	-	L	L	L	-	-	L	L	L	L	-	-	d1	d1	d1	d1	-	-	-	-
L	L	L	L	L	-	-	E	d2	-	-	-	E	E	-	-	E	d2	L	-	-	-	-	-	E	E	E	E
E	E	d1	d1	d1	-	-	L	L	L	-	-	E	E	L	L	-	-	d1	d1	L	L	L	-	-	-	-	-
-	-	d1	L	L	-	-	-	d1	N	N	-	-	d2	d1	d1	d1	N	-	-	-	L	L	-	-	d1	d2	d2
L	N	N	-	-	-	E	L	L	L	L	-	-	-	-	E	N	-	-	-	E	E	E	E	E	-	-	-
d1	N	-	-	L	L	N	N	-	-	-	-	d1	d1	d1	d1	N	-	-	-	-	d1	d1	d1	L	L	-	-
-	-	d2	N	-	-	-	E	d2	d2	L	-	-	-	-	E	L	-	-	E	N	-	-	d2	d2	N	N	N
d2	d2	d2	d2	d2	-	-	d2	d1	-	-	-	d2	d1	d1	-	-	-	d1	d1	d1	d1	-	-	d2	d2	-	-
d1	d1	d1	d1	d1	-	-	-	-	E	d1	d1	d1	d1	-	-	-	d1	d1	d1	d1	-	-	-	E	E	-	-
-	-	N	N	N	N	N	-	-	d1	d1	L	-	-	d1	d1	L	L	-	-	-	-	-	L	L	L	-	-
d1	d1	N	-	-	d1	d1	N	-	-	-	-	-	-	-	d1	d1	d1	N	N	-	d1	d1	d1	d1	N	-	-
d1	L	L	N	-	-	-	-	-	L	L	-	-	-	d2	N	N	N	-	-	d2	d2	d2	d2	d2	-	-	-
E	E	L	-	-	-	-	E	d1	d1	L	-	-	-	-	-	E	E	E	E	E	-	-	E	E	E	E	E
L	L	L	L	L	-	-	L	L	L	-	-	-	-	L	L	-	-	L	L	L	L	-	-	-	L	L	L
E	E	d2	L	-	-	E	L	-	-	-	E	E	E	E	-	-	d2	L	-	-	-	E	d2	d2	L	-	-
-	-	-	-	L	L	L	L	-	-	d2	N	-	-	d1	d1	d2	d1	d1	-	-	d1	L	N	-	-	d2	d1
d2	d2	d2	d2	d2	-	-	d2	d1	d1	d2	d1	-	-	-	-	d2	d1	d2	-	-	-	-	-	-	E	E	E
d1	d2	d1	N	-	-	-	N	N	N	-	-	-	-	-	-	-	-	E	E	E	E	d2	-	-	E	E	d2
E	L	L	-	-	d1	d2	d2	L	L	-	-	E	d1	d1	d1	d1	-	-	-	-	-	E	L	L	-	-	-
d2	d2	L	-	-	d2	d2	d2	-	-	d2	d2	d2	L	L	-	-	d2	L	-	-	L	L	L	L	-	-	-
d2	L	-	-	E	d2	d2	L	-	-	L	L	L	L	-	-	d2	d2	L	-	-	E	d2	L	L	L	-	-
-	-	d2	d1	d2	L	-	-	E	E	d2	-	-	E	E	d2	d2	L	-	-	-	-	d1	d2	d2	N	-	-
d2	d1	d2	d1	d2	-	-	d2	d2	d2	-	-	d2	d1	d1	-	-	E	E	E	-	-	d2	d1	d1	d2	d2	-
E	E	d1	d1	-	-	E	E	E	d1	d1	-	-	-	-	E	E	E	-	-	E	d1	-	-	d1	d1	-	-
-	-	E	d2	d1	-	-	d1	d2	L	-	-	-	-	E	d2	-	-	E	E	d2	L	-	-	E	d2	d2	d2
-	-	d1	d1	d1	d2	N	-	-	-	N	N	-	-	E	E	E	E	d2	-	-	-	-	-	E	d1	d1	d2
-	-	-	d1	d1	d1	L	-	-	d1	d1	d1	L	-	-	L	L	L	L	-	-	-	d1	L	L	L	-	-
d1	d2	N	-	-	d2	N	-	-	E	d1	d2	-	-	d2	d2	d2	d2	d2	-	-	-	d2	d1	N	-	-	-
-	-	L	L	L	-	-	d1	d1	L	L	N	-	-	L	L	L	N	N	-	-	L	N	N	-	-	-	-
-	-	E	E	L	-	-	E	E	E	E	L	-	-	E	E	L	-	-	d2	d2	L	-	-	-	E	E	E
L	L	-	-	d1	d2	d2	-	-	d2	d1	L	-	-	-	-	-	d2	L	-	-	d2	d2	d2	d1	d2	-	-
E	E	E	E	E	-	-	-	E	E	d2	d2	d2	-	-	-	-	d2	d2	L	L	-	-	d2	L	-	-	-
E	E	E	E	-	-	-	-	-	-	E	E	E	-	-	-	E	E	E	E	E	-	-	E	E	E	-	-
E	L	-	-	E	d2	d2	L	-	-	L	L	-	-	-	E	d2	-	-	E	E	E	E	E	-	-	-	-
L	L	L	-	-	E	E	d1	-	-	N	N	-	-	-	-	-	L	L	L	L	L	-	-	E	d1	-	-
E	d2	d1	d2	d1	-	-	L	N	-	-	-	-	-	-	-	-	-	d1	d1	d2	N	-	-	E	d1	L	L
d1	d1	-	-	E	E	E	d2	d2	-	-	-	d1	d2	-	-	E	L	-	-	-	d1	d1	L	L	-	-	-
L	N	-	-	-	-	-	d1	L	L	N	-	-	-	-	d2	d2	d1	d1	d1	-	-	-	-	d1	d2	d1	L
-	-	-	E	E	N	-	-	-	-	E	E	N	-	-	E	E	E	E	-	-	E	E	N	N	-	-	-
d2	d1	-	-	d1	L	-	-	-	-	-	L	L	L	-	-	d2	N	-	-	-	E	E	E	N	N	-	-
Objective 0: 13978
Objective 1: 192
Constr violation: 0
Restrictions violated:
0 0 0 0 0 0 0 0 

Individual 16
1	2	3	4	5	6	7	8	9	10	11	12	13	14	15	16	17	18	19	20	21	22	23	24	25	26	27	28
d1	L	L	-	-	d1	d1	-	-	L	L	L	-	-	L	L	L	L	-	-	d1	d1	d1	d1	-	-	-	-
L	L	L	L	L	-	-	-	-	E	E	E	d2	L	-	-	E	E	d2	d2	-	-	-	E	E	d2	-	-
E	E	d1	d1	d1	-	-	L	L	L	-	-	E	E	L	L	-	-	d1	d1	L	L	L	-	-	-	-	-
-	-	d1	L	L	-	-	-	d1	N	N	-	-	d2	d1	d1	d1	N	-	-	-	L	L	-	-	d1	d2	d2
-	-	-	E	E	-	-	E	N	N	N	N	-	-	E	E	E	L	-	-	E	L	-	-	-	E	E	E
d1	N	-	-	L	L	N	N	-	-	-	-	d1	d1	d1	d1	N	-	-	-	-	d1	d1	d1	L	L	-	-
-	-	d2	N	-	-	-	E	d2	d2	L	-	-	-	-	E	L	-	-	E	N	-	-	d2	d2	N	N	N
d2	d2	d2	d2	d2	-	-	d2	d1	-	-	-	d2	d1	d1	-	-	-	d1	d1	d1	d1	-	-	d2	d2	-	-
d1	d1	d1	d1	d1	-	-	-	-	E	d1	d1	d1	d1	-	-	-	d1	d1	d1	d1	-	-	-	E	E	-	-
-	-	N	N	N	N	N	-	-	d1	d1	L	-	-	d1	d1	L	L	-	-	-	-	-	L	L	L	-	-
d1	d1	N	-	-	d1	d1	N	-	-	-	-	-	-	-	d1	d1	d1	N	N	-	d1	d1	d1	d1	N	-	-
d1	L	L	N	-	-	-	-	-	L	L	-	-	-	d2	N	N	N	-	-	d2	d2	d2	d2	d2	-	-	-
E	E	L	-	-	-	-	E	d1	d1	L	-	-	-	-	-	E	E	E	E	E	-	-	E	E	E	E	E
L	L	L	L	L	-	-	L	L	L	-	-	-	-	L	L	-	-	L	L	L	L	-	-	-	L	L	L
E	E	d2	L	-	-	E	L	-	-	-	E	E	E	E	-	-	d2	L	-	-	-	E	d2	d2	L	-	-
-	-	-	-	L	L	L	L	-	-	d2	N	-	-	d1	d1	d2	d1	d1	-	-	d1	L	N	-	-	d2	d1
d2	d2	d2	d2	d2	-	-	d2	d1	d1	d2	d1	-	-	-	-	d2	d1	d2	-	-	-	-	-	-	E	E	E
d1	d2	d1	N	-	-	-	N	N	N	-	-	-	-	-	-	-	-	E	E	E	E	d2	-	-	E	E	d2
E	L	L	-	-	d1	d2	d2	L	L	-	-	E	d1	d1	d1	d1	-	-	-	-	-	E	L	L	-	-	-
d2	d2	L	-	-	d2	d2	d2	-	-	d2	d2	d2	L	L	-	-	d2	L	-	-	L	L	L	L	-	-	-
d2	L	-	-	E	E	E	E	L	-	-	E	E	-	-	-	-	E	E	-	-	E	E	d2	L	L	-	-
-	-	d2	d1	d2	L	-	-	E	E	d2	-	-	E	E	d2	d2	L	-	-	-	-	d1	d2	d2	N	-	-
d2	d1	d2	d1	d2	-	-	d2	d2	d2	-	-	d2	d1	d1	-	-	E	E	E	-	-	d2	d1	d1	d2	d2	-
E	E	d1	d1	-	-	E	E	E	d1	d1	-	-	-	-	E	E	E	-	-	E	d1	-	-	d1	d1	-	-
-	-	E	d2	d1	-	-	d1	d2	L	-	-	-	-	E	d2	-	-	E	E	d2	L	-	-	E	d2	d2	d2
-	-	d1	d1	d1	d2	N	-	-	-	N	N	-	-	E	E	E	E	d2	-	-	-	-	-	E	d1	d1	d2
-	-	-	d1	d1	d1	L	-	-	d1	d1	d1	L	-	-	L	L	L	L	-	-	-	d1	L	L	L	-	-
d1	d2	N	-	-	d2	N	-	-	E	d1	d2	-	-	d2	d2	d2	d2	d2	-	-	-	d2	d1	N	-	-	-
-	-	L	L	L	-	-	d1	d1	L	L	N	-	-	L	L	L	N	N	-	-	L	N	N	-	-	-	-
-	-	E	E	L	-	-	E	E	E	E	L	-	-	E	E	L	-	-	d2	d2	L	-	-	-	E	E	E
L	L	-	-	d1	d2	d2	-	-	d2	d1	L	-	-	-	-	-	d2	L	-	-	d2	d2	-	-	d1	d2	L
E	E	E	E	E	-	-	-	E	E	d2	d2	d2	-	-	-	-	d2	d2	L	L	-	-	d2	L	-	-	-
E	E	E	E	-	-	-	-	-	-	E	E	E	-	-	-	E	E	E	E	E	-	-	E	E	E	-	-
E	L	-	-	E	d2	d2	L	-	-	L	L	-	-	-	E	d2	-	-	E	E	E	E	E	-	-	-	-
L	L	L	-	-	E	E	d1	-	-	N	N	-	-	-	-	-	L	L	L	L	L	-	-	E	d1	-	-
E	d2	d1	d2	d1	-	-	L	N	-	-	-	-	-	-	-	-	-	d1	d1	d2	N	-	-	E	d1	L	L
d1	d1	-	-	-	-	E	d1	d2	L	-	-	-	d1	d2	d2	d1	L	-	-	-	E	d1	d2	d2	-	-	-
L	N	-	-	-	-	-	d1	L	L	N	-	-	-	-	d2	d2	d1	d1	d1	-	-	-	-	d1	d2	d1	L
-	-	-	E	E	N	-	-	-	-	E	E	N	-	-	E	E	E	E	-	-	E	E	N	N	-	-	-
d2	d1	-	-	d1	L	-	-	-	-	-	L	L	L	-	-	d2	N	-	-	-	E	E	E	N	N	-	-
Objective 0: 13271
Objective 1: 205
Constr violation: 0
Restrictions violated:
0 0 0 0 0 0 0 0 

Individual 17
1	2	3	4	5	6	7	8	9	10	11	12	13	14	15	16	17	18	19	20	21	22	23	24	25	26	27	28
d1	L	L	-	-	d1	d1	-	-	L	L	L	-	-	L	L	L	L	-	-	d1	d1	d1	d1	-	-	-	-
L	L	L	L	L	-	-	E	d2	-	-	-	E	E	-	-	E	d2	L	-	-	-	-	-	E	E	E	E
E	E	d1	d1	d1	-	-	L	L	L	-	-	E	E	L	L	-	-	d1	d1	L	L	L	-	-	-	-	-
-	-	d1	L	L	-	-	-	d1	N	N	-	-	d2	d1	d1	d1	N	-	-	-	L	L	-	-	d1	d2	d2
L	N	N	-	-	-	E	L	L	L	L	-	-	-	-	E	N	-	-	-	E	E	E	E	E	-	-	-
d1	N	-	-	L	L	N	N	-	-	-	-	d1	d1	d1	d1	N	-	-	-	-	d1	d1	d1	L	L	-	-
-	-	d2	N	-	-	-	E	d2	d2	L	-	-	-	-	E	L	-	-	E	N	-	-	d2	d2	N	N	N
d2	d2	d2	d2	d2	-	-	d2	d1	-	-	-	d2	d1	d1	-	-	-	d1	d1	d1	d1	-	-	d2	d2	-	-
d1	d1	d1	d1	d1	-	-	-	-	E	d1	d1	d1	d1	-	-	-	d1	d1	d1	d1	-	-	-	E	E	-	-
-	-	N	N	N	N	N	-	-	d1	d1	L	-	-	d1	d1	L	L	-	-	-	-	-	L	L	L	-	-
d1	d1	N	-	-	d1	d1	N	-	-	-	-	-	-	-	d1	d1	d1	N	N	-	d1	d1	d1	d1	N	-	-
d1	L	L	N	-	-	-	-	-	L	L	-	-	-	d2	N	N	N	-	-	d2	d2	d2	d2	d2	-	-	-
E	E	L	-	-	-	-	E	d1	d1	L	-	-	-	-	-	E	E	E	E	E	-	-	E	E	E	E	E
L	L	L	L	L	-	-	L	L	L	-	-	-	-	L	L	-	-	L	L	L	L	-	-	-	L	L	L
E	E	d2	L	-	-	E	L	-	-	-	E	E	E	E	-	-	d2	L	-	-	-	E	d2	d2	L	-	-
-	-	-	-	L	L	L	L	-	-	d2	N	-	-	d1	d1	d2	d1	d1	-	-	d1	L	N	-	-	d2	d1
d2	d2	d2	d2	d2	-	-	d2	d1	d1	d2	d1	-	-	-	-	d2	d1	d2	-	-	-	-	-	-	E	E	E
d1	d2	d1	N	-	-	-	N	N	N	-	-	-	-	-	-	-	-	E	E	E	E	d2	-	-	E	E	d2
E	L	L	-	-	d1	d2	d2	L	L	-	-	E	d1	d1	d1	d1	-	-	-	-	-	E	L	L	-	-	-
d2	d2	L	-	-	d2	d2	d2	-	-	d2	d2	d2	L	L	-	-	d2	L	-	-	L	L	L	L	-	-	-
d2	L	-	-	E	d2	d2	L	-	-	L	L	L	L	-	-	d2	d2	L	-	-	E	d2	L	L	L	-	-
-	-	d2	d1	d2	L	-	-	E	E	d2	-	-	E	E	d2	d2	L	-	-	-	-	d1	d2	d2	N	-	-
d2	d1	d2	d1	d2	-	-	d2	d2	d2	-	-	d2	d1	d1	-	-	E	E	E	-	-	d2	d1	d1	d2	d2	-
E	E	d1	d1	-	-	E	E	E	d1	d1	-	-	-	-	E	E	E	-	-	E	d1	-	-	d1	d1	-	-
-	-	E	d2	d1	-	-	d1	d2	L	-	-	-	-	E	d2	-	-	E	E	d2	L	-	-	E	d2	d2	d2
-	-	d1	d1	d1	d2	N	-	-	-	N	N	-	-	E	E	E	E	d2	-	-	-	-	-	E	d1	d1	d2
-	-	-	d1	d1	d1	L	-	-	d1	d1	d1	L	-	-	L	L	L	L	-	-	-	d1	L	L	L	-	-
d1	d2	N	-	-	d2	N	-	-	E	d1	d2	-	-	d2	d2	d2	d2	d2	-	-	-	d2	d1	N	-	-	-
-	-	L	L	L	-	-	d1	d1	L	L	N	-	-	L	L	L	N	N	-	-	L	N	N	-	-	-	-
-	-	E	E	L	-	-	E	E	E	E	L	-	-	E	E	L	-	-	d2	d2	L	-	-	-	E	E	E
L	L	-	-	d1	d2	d2	-	-	d2	d1	L	-	-	-	-	-	d2	L	-	-	d2	d2	d2	d1	d2	-	-
E	E	E	E	E	-	-	-	E	E	d2	d2	d2	-	-	-	-	d2	d2	L	L	-	-	d2	L	-	-	-
E	E	E	E	E	-	-	-	-	-	E	E	E	E	E	-	-	E	E	-	-	-	-	-	-	E	E	E
E	L	-	-	E	d2	d2	L	-	-	L	L	-	-	-	E	d2	-	-	E	E	E	E	E	-	-	-	-
L	L	L	-	-	E	E	d1	-	-	N	N	-	-	-	-	-	L	L	L	L	L	-	-	E	d1	-	-
E	d2	d1	d2	d1	-	-	L	N	-	-	-	-	-	-	-	-	-	d1	d1	d2	N	-	-	E	d1	L	L
d1	d1	-	-	E	E	E	d2	d2	-	-	-	d1	d2	-	-	E	L	-	-	-	d1	d1	L	L	-	-	-
L	N	-	-	-	-	-	d1	L	L	N	-	-	-	-	d2	d2	d1	d1	d1	-	-	-	-	d1	d2	d1	L
-	-	-	E	E	N	-	-	-	-	E	E	N	-	-	E	E	E	E	-	-	E	E	N	N	-	-	-
d2	d1	-	-	d1	L	-	-	-	-	-	L	L	L	-	-	d2	N	-	-	-	E	E	E	N	N	-	-
Objective 0: 13675
Objective 1: 198
Constr violation: 0
Restrictions violated:
0 0 0 0 0 0 0 0 

Individual 18
1	2	3	4	5	6	7	8	9	10	11	12	13	14	15	16	17	18	19	20	21	22	23	24	25	26	27	28
d1	L	L	-	-	d1	d1	-	-	L	L	L	-	-	L	L	L	L	-	-	d1	d1	d1	d1	-	-	-	-
L	L	L	L	L	-	-	E	d2	-	-	-	E	E	-	-	E	d2	L	-	-	-	-	-	E	E	E	E
E	E	d1	d1	d1	-	-	L	L	L	-	-	E	E	L	L	-	-	d1	d1	L	L	L	-	-	-	-	-
-	-	d1	L	L	-	-	-	d1	N	N	-	-	d2	d1	d1	d1	N	-	-	-	L	L	-	-	d1	d2	d2
L	N	N	-	-	-	E	L	L	L	L	-	-	-	-	E	N	-	-	-	E	E	E	E	E	-	-	-
d1	N	-	-	L	L	N	N	-	-	-	-	d1	d1	d1	d1	N	-	-	-	-	d1	d1	d1	L	L	-	-
-	-	d2	N	-	-	-	E	d2	d2	L	-	-	-	-	E	L	-	-	E	N	-	-	d2	d2	N	N	N
d2	d2	d2	d2	d2	-	-	d2	d1	-	-	-	d2	d1	d1	-	-	-	d1	d1	d1	d1	-	-	d2	d2	-	-
d1	d1	d1	d1	d1	-	-	-	-	E	d1	d1	d1	d1	-	-	-	d1	d1	d1	d1	-	-	-	E	E	-	-
-	-	N	N	N	N	N	-	-	d1	d1	L	-	-	d1	d1	L	L	-	-	-	-	-	L	L	L	-	-
d1	d1	N	-	-	d1	d1	N	-	-	-	-	-	-	-	d1	d1	d1	N	N	-	d1	d1	d1	d1	N	-	-
d1	L	L	N	-	-	-	-	-	L	L	-	-	-	d2	N	N	N	-	-	d2	d2	d2	d2	d2	-	-	-
E	E	L	-	-	-	-	E	d1	d1	L	-	-	-	-	-	E	E	E	E	E	-	-	E	E	E	E	E
L	L	L	L	L	-	-	L	L	L	-	-	-	-	L	L	-	-	L	L	L	L	-	-	-	L	L	L
E	E	d2	L	-	-	E	L	-	-	-	E	E	E	E	-	-	d2	L	-	-	-	E	d2	d2	L	-	-
-	-	-	-	L	L	L	L	-	-	d2	N	-	-	d1	d1	d2	d1	d1	-	-	d1	L	N	-	-	d2	d1
d2	d2	d2	d2	d2	-	-	d2	d1	d1	d2	d1	-	-	-	-	d2	d1	d2	-	-	-	-	-	-	E	E	E
d1	d2	d1	N	-	-	-	N	N	N	-	-	-	-	-	-	-	-	E	E	E	E	d2	-	-	E	E	d2
E	L	L	-	-	d1	d2	d2	L	L	-	-	E	d1	d1	d1	d1	-	-	-	-	-	E	L	L	-	-	-
d2	d2	L	-	-	d2	d2	d2	-	-	d2	d2	d2	L	L	-	-	d2	L	-	-	L	L	L	L	-	-	-
d2	L	-	-	E	d2	d2	L	-	-	L	L	L	L	-	-	d2	d2	L	-	-	E	d2	L	L	L	-	-
-	-	d2	d1	d2	L	-	-	E	E	d2	-	-	E	E	d2	d2	L	-	-	-	-	d1	d2	d2	N	-	-
d2	d1	d2	d1	d2	-	-	d2	d2	d2	-	-	d2	d1	d1	-	-	E	E	E	-	-	d2	d1	d1	d2	d2	-
E	E	d1	d1	-	-	E	E	E	d1	d1	-	-	-	-	E	E	E	-	-	E	d1	-	-	d1	d1	-	-
-	-	E	d2	d1	-	-	d1	d2	L	-	-	-	-	E	d2	-	-	E	E	d2	L	-	-	E	d2	d2	d2
-	-	d1	d1	d1	d2	N	-	-	-	N	N	-	-	E	E	E	E	d2	-	-	-	-	-	E	d1	d1	d2
-	-	-	d1	d1	d1	L	-	-	d1	d1	d1	L	-	-	L	L	L	L	-	-	-	d1	L	L	L	-	-
d1	d2	N	-	-	d2	N	-	-	E	d1	d2	-	-	d2	d2	d2	d2	d2	-	-	-	d2	d1	N	-	-	-
-	-	L	L	L	-	-	d1	d1	L	L	N	-	-	L	L	L	N	N	-	-	L	N	N	-	-	-	-
-	-	E	E	L	-	-	E	E	E	E	L	-	-	E	E	L	-	-	d2	d2	L	-	-	-	E	E	E
L	L	-	-	d1	d2	d2	-	-	d2	d1	L	-	-	-	-	-	d2	L	-	-	d2	d2	d2	d1	d2	-	-
E	E	E	E	E	-	-	-	E	E	d2	d2	d2	-	-	-	-	d2	d2	L	L	-	-	d2	L	-	-	-
E	E	E	E	E	-	-	-	-	-	E	E	E	E	E	-	-	E	E	-	-	-	-	-	-	E	E	E
E	L	-	-	E	d2	d2	L	-	-	L	L	-	-	-	E	d2	-	-	E	E	E	E	E	-	-	-	-
L	L	L	-	-	E	E	d1	-	-	N	N	-	-	-	-	-	L	L	L	L	L	-	-	E	d1	-	-
E	d2	d1	d2	d1	-	-	L	N	-	-	-	-	-	-	-	-	-	d1	d1	d2	N	-	-	E	d1	L	L
d1	d1	-	-	E	E	E	d2	d2	-	-	-	d1	d2	-	-	E	L	-	-	-	d1	d1	L	L	-	-	-
L	N	-	-	-	-	-	d1	L	L	N	-	-	-	-	d2	d2	d1	d1	d1	-	-	-	-	d1	d2	d1	L
-	-	-	E	E	N	-	-	-	-	E	E	N	-	-	E	E	E	E	-	-	E	E	N	N	-	-	-
d2	d1	-	-	d1	L	-	-	-	-	-	L	L	L	-	-	d2	N	-	-	-	E	E	E	N	N	-	-
Objective 0: 13675
Objective 1: 198
Constr violation: 0
Restrictions violated:
0 0 0 0 0 0 0 0 

Individual 19
1	2	3	4	5	6	7	8	9	10	11	12	13	14	15	16	17	18	19	20	21	22	23	24	25	26	27	28
d1	L	L	-	-	d1	d1	-	-	L	L	L	-	-	L	L	L	L	-	-	d1	d1	d1	d1	-	-	-	-
L	L	L	L	L	-	-	E	d2	-	-	-	E	E	-	-	E	d2	L	-	-	-	-	-	E	E	E	E
E	E	d1	d1	d1	-	-	L	L	L	-	-	E	E	L	L	-	-	d1	d1	L	L	L	-	-	-	-	-
-	-	d1	L	L	-	-	-	d1	N	N	-	-	d2	d1	d1	d1	N	-	-	-	L	L	-	-	d1	d2	d2
-	-	-	E	E	-	-	E	N	N	N	N	-	-	E	E	E	L	-	-	E	L	-	-	-	E	E	E
d1	N	-	-	L	L	N	N	-	-	-	-	d1	d1	d1	d1	N	-	-	-	-	d1	d1	d1	L	L	-	-
-	-	d2	N	-	-	-	E	d2	d2	L	-	-	-	-	E	L	-	-	E	N	-	-	d2	d2	N	N	N
d2	d2	d2	d2	d2	-	-	d2	d1	-	-	-	d2	d1	d1	-	-	-	d1	d1	d1	d1	-	-	d2	d2	-	-
d1	d1	d1	d1	d1	-	-	-	-	E	d1	d1	d1	d1	-	-	-	d1	d1	d1	d1	-	-	-	E	E	-	-
-	-	N	N	N	N	N	-	-	d1	d1	L	-	-	d1	d1	L	L	-	-	-	-	-	L	L	L	-	-
d1	d1	N	-	-	d1	d1	N	-	-	-	-	-	-	-	d1	d1	d1	N	N	-	d1	d1	d1	d1	N	-	-
d1	L	L	N	-	-	-	-	-	L	L	-	-	-	d2	N	N	N	-	-	d2	d2	d2	d2	d2	-	-	-
E	E	L	-	-	-	-	E	d1	d1	L	-	-	-	-	-	E	E	E	E	E	-	-	E	E	E	E	E
L	L	L	L	L	-	-	L	L	L	-	-	-	-	L	L	-	-	L	L	L	L	-	-	-	L	L	L
E	E	d2	L	-	-	E	L	-	-	-	E	E	E	E	-	-	d2	L	-	-	-	E	d2	d2	L	-	-
-	-	-	-	L	L	L	L	-	-	d2	N	-	-	d1	d1	d2	d1	d1	-	-	d1	L	N	-	-	d2	d1
d2	d2	d2	d2	d2	-	-	d2	d1	d1	d2	d1	-	-	-	-	d2	d1	d2	-	-	-	-	-	-	E	E	E
d1	d2	d1	N	-	-	-	N	N	N	-	-	-	-	-	-	-	-	E	E	E	E	d2	-	-	E	E	d2
E	L	L	-	-	d1	d2	d2	L	L	-	-	E	d1	d1	d1	d1	-	-	-	-	-	E	L	L	-	-	-
d2	d2	L	-	-	d2	d2	d2	-	-	d2	d2	d2	L	L	-	-	d2	L	-	-	L	L	L	L	-	-	-
d2	L	-	-	E	d2	d2	L	-	-	L	L	L	L	-	-	d2	d2	L	-	-	E	d2	L	L	L	-	-
-	-	d2	d1	d2	L	-	-	E	E	d2	-	-	E	E	d2	d2	L	-	-	-	-	d1	d2	d2	N	-	-
d2	d1	d2	d1	d2	-	-	d2	d2	d2	-	-	d2	d1	d1	-	-	E	E	E	-	-	d2	d1	d1	d2	d2	-
E	E	d1	d1	-	-	E	E	E	d1	d1	-	-	-	-	E	E	E	-	-	E	d1	-	-	d1	d1	-	-
-	-	E	d2	d1	-	-	d1	d2	L	-	-	-	-	E	d2	-	-	E	E	d2	L	-	-	E	d2	d2	d2
-	-	d1	d1	d1	d2	N	-	-	-	N	N	-	-	E	E	E	E	d2	-	-	-	-	-	E	d1	d1	d2
-	-	-	d1	d1	d1	L	-	-	d1	d1	d1	L	-	-	L	L	L	L	-	-	-	d1	L	L	L	-	-
d1	d2	N	-	-	d2	N	-	-	E	d1	d2	-	-	d2	d2	d2	d2	d2	-	-	-	d2	d1	N	-	-	-
-	-	L	L	L	-	-	d1	d1	L	L	N	-	-	L	L	L	N	N	-	-	L	N	N	-	-	-	-
-	-	E	E	L	-	-	E	E	E	E	L	-	-	E	E	L	-	-	d2	d2	L	-	-	-	E	E	E
L	L	-	-	d1	d2	d2	-	-	d2	d1	L	-	-	-	-	-	d2	L	-	-	d2	d2	d2	d1	d2	-	-
E	E	E	E	E	-	-	-	E	E	d2	d2	d2	-	-	-	-	d2	d2	L	L	-	-	d2	L	-	-	-
E	E	E	E	-	-	-	-	-	-	E	E	E	-	-	-	E	E	E	E	E	-	-	E	E	E	-	-
E	L	-	-	E	d2	d2	L	-	-	L	L	-	-	-	E	d2	-	-	E	E	E	E	E	-	-	-	-
L	L	L	-	-	E	E	d1	-	-	N	N	-	-	-	-	-	L	L	L	L	L	-	-	E	d1	-	-
E	d2	d1	d2	d1	-	-	L	N	-	-	-	-	-	-	-	-	-	d1	d1	d2	N	-	-	E	d1	L	L
d1	d1	-	-	-	-	E	d1	d2	L	-	-	-	d1	d2	d2	d1	L	-	-	-	E	d1	d2	d2	-	-	-
L	N	-	-	-	-	-	d1	L	L	N	-	-	-	-	d2	d2	d1	d1	d1	-	-	-	-	d1	d2	d1	L
-	-	-	E	E	N	-	-	-	-	E	E	N	-	-	E	E	E	E	-	-	E	E	N	N	-	-	-
d2	d1	-	-	d1	L	-	-	-	-	-	L	L	L	-	-	d2	N	-	-	-	E	E	E	N	N	-	-
Objective 0: 13777
Objective 1: 195
Constr violation: 0
Restrictions violated:
0 0 0 0 0 0 0 0 

