Individual 0
1	2	3	4	5	6	7	8	9	10	11	12	13	14	15	16	17	18	19	20	21	22	23	24	25	26	27	28
L	L	-	-	d1	L	L	-	-	L	L	L	-	-	d1	d1	L	-	-	d1	d1	d1	d1	d1	-	-	-	-
E	d2	L	L	-	-	-	d2	d2	L	-	-	E	d2	-	-	-	E	E	E	d2	d2	-	-	d2	d2	-	-
E	d1	L	L	L	-	-	L	L	-	-	-	E	L	L	L	-	-	E	E	E	L	L	-	-	-	-	-
d1	d2	d2	d1	N	-	-	-	d1	d2	L	-	-	d2	d2	L	-	-	L	L	-	-	d1	d1	d1	d2	-	-
-	-	E	E	E	E	N	-	-	-	L	N	-	-	E	E	E	-	-	E	L	L	L	N	-	-	-	-
d1	N	-	-	L	N	N	N	N	-	-	-	-	d1	d1	d1	L	L	-	-	-	d1	d1	d1	-	-	-	-
-	-	d2	L	N	-	-	L	N	N	-	-	-	-	E	L	N	-	-	-	E	L	N	-	-	d2	L	L
d2	d2	d2	d1	-	-	-	d2	d2	d1	-	-	d2	d1	-	-	d2	d1	d1	-	-	-	-	-	d1	d1	d1	d1
d1	d1	d1	N	N	-	-	-	-	E	E	E	E	d1	-	-	d1	d1	d1	d1	d1	-	-	-	E	N	-	-
d1	d1	d1	d1	L	-	-	-	L	N	-	-	-	d1	N	-	-	d1	d1	d1	N	-	-	L	L	L	-	-
d1	d1	-	-	d1	d1	d1	d1	-	-	d1	d1	d1	-	-	N	N	N	-	-	-	-	-	d1	N	N	-	-
d2	N	-	-	d2	d1	N	-	-	E	L	-	-	-	d2	d2	N	-	-	d2	d2	d2	d2	d2	-	-	-	-
-	E	E	E	L	-	-	d1	d1	d1	L	-	-	-	L	L	-	-	E	E	E	E	-	-	E	E	d1	L
L	L	L	L	L	-	-	L	L	L	-	-	-	L	L	L	-	-	L	L	L	L	-	-	L	L	-	-
E	E	E	d2	d2	-	-	-	-	-	E	E	E	L	-	-	E	E	d2	-	-	-	E	L	-	-	E	E
-	-	-	L	L	N	-	-	E	E	L	N	-	-	E	d2	L	-	-	d1	d1	d2	d1	N	-	-	-	-
-	-	-	E	d1	L	-	-	E	d2	d1	L	-	-	d2	d2	d2	d2	d1	-	-	-	d1	L	-	-	d1	L
N	N	-	-	-	-	-	E	E	E	-	-	-	-	E	E	E	d2	d1	-	-	E	d2	-	-	d2	N	N
d1	d1	-	-	L	L	-	-	L	N	N	-	-	E	d1	d1	N	-	-	-	-	d1	L	L	L	-	-	-
d2	L	L	-	-	d2	d2	d2	-	-	d2	d2	d2	L	L	-	-	d2	d2	-	-	-	L	L	L	-	-	-
L	L	-	-	E	d2	L	-	-	E	d2	L	L	L	-	-	E	d2	d2	-	-	d2	d2	d2	d2	L	-	-
d2	N	-	-	d2	L	-	-	d2	d1	d2	d2	-	-	-	E	d2	d1	L	-	-	d2	L	-	-	-	E	L
E	E	E	N	-	-	-	E	E	d2	d1	-	-	E	E	d1	N	N	-	-	E	E	-	-	-	-	-	-
E	E	E	E	E	-	-	E	E	E	E	-	-	-	E	E	E	-	-	-	d1	d1	-	-	E	E	-	-
d1	d1	d2	L	-	-	-	-	d2	d1	d1	-	-	d1	L	-	-	E	L	-	-	-	-	E	E	d1	d1	d2
-	-	-	E	E	-	-	d2	d2	d2	d2	d2	-	-	-	E	d2	d2	N	N	-	-	d1	d1	d1	L	-	-
L	L	-	-	L	L	-	-	d1	d1	d1	d1	-	-	-	L	L	L	L	L	-	-	d1	d1	L	-	-	-
d1	d1	d1	d2	-	-	d2	d1	d1	d2	d1	-	-	E	E	-	-	E	E	-	-	E	E	d1	-	-	-	-
E	E	d1	-	-	E	d1	d1	-	-	E	E	-	-	-	-	L	L	L	L	-	-	E	E	E	d1	-	-
-	-	E	E	d2	d2	L	-	-	E	d2	d2	-	-	E	d2	d2	d2	d2	-	-	-	-	-	-	E	E	d2
d1	d2	d2	-	-	d2	d1	d2	-	-	d2	d2	-	-	-	-	d2	L	-	-	-	L	L	-	-	L	L	L
E	L	L	L	L	-	-	-	E	d2	L	L	L	-	-	E	E	E	-	-	d2	L	-	-	-	-	-	-
E	E	E	-	-	-	-	-	-	E	E	E	-	-	-	-	E	E	E	E	E	-	-	E	E	E	E	E
L	L	L	-	-	-	d2	d2	-	-	d2	L	-	-	L	L	L	-	-	E	E	E	E	d2	-	-	-	-
-	-	-	d1	d1	d1	L	N	-	-	E	E	E	-	-	E	L	L	L	-	-	E	E	d1	-	-	-	-
E	d2	L	-	-	-	-	L	L	N	-	-	-	-	-	-	d2	d1	d1	d2	d2	-	-	d2	d1	d1	d1	d1
E	d2	-	-	L	L	-	-	E	d2	d1	d1	-	-	d2	d1	-	-	-	E	E	d2	d2	d2	-	-	-	-
d2	L	L	-	-	d2	d2	d1	-	-	d1	d1	-	-	d1	d2	d1	L	-	-	d1	N	-	-	L	N	-	-
-	-	N	N	-	-	-	E	E	-	-	E	N	-	-	E	E	E	-	-	-	E	E	E	E	E	-	-
-	-	-	d2	d1	-	-	-	-	-	E	E	N	N	N	-	-	d1	N	-	-	-	-	E	d2	d1	d1	d1
Objective 0: 13064
Objective 1: 229
Constr violation: 0
Restrictions violated:
0 0 0 0 0 0 0 0 

Individual 1
1	2	3	4	5	6	7	8	9	10	11	12	13	14	15	16	17	18	19	20	21	22	23	24	25	26	27	28
L	L	-	-	d1	L	L	-	-	L	L	L	-	-	d1	d1	L	-	-	d1	d1	d1	d1	d1	-	-	-	-
E	d2	L	L	-	-	-	d2	d2	L	-	-	E	d2	-	-	-	E	E	E	d2	d2	-	-	d2	d2	-	-
E	d1	L	L	L	-	-	L	L	-	-	-	E	L	L	L	-	-	E	E	E	L	L	-	-	-	-	-
d1	d2	d2	d1	N	-	-	-	d1	d2	L	-	-	d2	d2	L	-	-	L	L	-	-	d1	d1	d1	d2	-	-
-	-	E	E	E	E	N	-	-	-	L	N	-	-	E	E	E	-	-	E	L	L	L	N	-	-	-	-
d1	N	-	-	L	N	N	N	N	-	-	-	-	d1	d1	d1	L	L	-	-	-	d1	d1	d1	-	-	-	-
-	-	d2	L	N	-	-	E	N	-	-	-	E	E	E	-	-	d2	d2	N	-	-	d2	d2	d2	N	-	-
d2	d2	d2	d1	-	-	-	d2	d2	d1	-	-	d2	d1	-	-	d2	d1	d1	-	-	-	-	-	d1	d1	d1	d1
d1	d1	d1	N	N	-	-	-	-	E	E	E	E	d1	-	-	d1	d1	d1	d1	d1	-	-	-	E	N	-	-
d1	d1	d1	d1	L	-	-	-	L	N	-	-	-	d1	N	-	-	d1	d1	d1	N	-	-	L	L	L	-	-
d1	d1	-	-	d1	d1	d1	d1	-	-	d1	d1	d1	-	-	N	N	N	-	-	-	-	-	d1	N	N	-	-
d2	N	-	-	d2	d1	N	-	-	E	L	-	-	-	d2	d2	N	-	-	d2	d2	d2	d2	d2	-	-	-	-
-	E	E	E	L	-	-	d1	d1	d1	L	-	-	-	L	L	-	-	E	E	E	E	-	-	E	E	d1	L
L	L	L	L	L	-	-	L	L	L	-	-	-	L	L	L	-	-	L	L	L	L	-	-	L	L	-	-
E	E	E	d2	d2	-	-	-	-	-	E	E	E	L	-	-	E	E	d2	-	-	-	E	L	-	-	E	E
-	-	-	L	L	N	-	-	E	E	L	N	-	-	E	d2	L	-	-	d1	d1	d2	d1	N	-	-	-	-
-	-	-	E	d1	L	-	-	E	d2	d1	L	-	-	d2	d2	d2	d2	d1	-	-	-	d1	L	-	-	d1	L
N	N	-	-	-	-	-	E	E	E	-	-	-	-	E	E	E	d2	d1	-	-	E	d2	-	-	d2	N	N
d1	d1	-	-	L	L	-	-	L	N	N	-	-	E	d1	d1	N	-	-	-	-	d1	L	L	L	-	-	-
d2	L	L	-	-	d2	d2	d2	-	-	d2	d2	d2	L	L	-	-	d2	d2	-	-	-	L	L	L	-	-	-
L	L	-	-	E	d2	L	-	-	E	d2	L	L	L	-	-	E	d2	d2	-	-	d2	d2	d2	d2	L	-	-
d2	N	-	-	d2	L	-	-	d2	d1	d2	d2	-	-	-	E	d2	d1	L	-	-	d2	L	-	-	-	E	L
E	E	E	N	-	-	-	E	E	d2	d1	-	-	E	E	d1	N	N	-	-	E	E	-	-	-	-	-	-
E	E	E	E	E	-	-	E	E	E	E	-	-	-	E	E	E	-	-	-	d1	d1	-	-	E	E	-	-
d1	d1	d2	L	-	-	-	-	d2	d1	d1	-	-	d1	L	-	-	E	L	-	-	-	-	E	E	d1	d1	d2
-	-	-	E	E	-	-	d2	d2	d2	d2	d2	-	-	-	E	d2	d2	N	N	-	-	d1	d1	d1	L	-	-
L	L	-	-	L	L	-	-	d1	d1	d1	d1	-	-	-	L	L	L	L	L	-	-	d1	d1	L	-	-	-
d1	d1	d1	d2	-	-	d2	d1	d1	d2	d1	-	-	E	E	-	-	E	E	-	-	E	E	d1	-	-	-	-
E	E	d1	-	-	E	d1	d1	-	-	E	E	-	-	-	-	L	L	L	L	-	-	E	E	E	d1	-	-
-	-	E	E	d2	d2	L	-	-	E	d2	d2	-	-	E	d2	d2	d2	d2	-	-	-	-	-	-	E	E	d2
d1	d2	d2	d1	d1	-	-	-	-	-	-	L	L	L	-	-	d2	L	L	-	-	-	-	d1	d1	L	L	L
E	d2	-	-	E	E	-	-	-	E	L	-	-	-	-	E	E	E	d2	-	-	d2	L	L	L	L	-	-
E	E	E	-	-	-	-	-	-	E	E	E	-	-	-	-	E	E	E	E	E	-	-	E	E	E	E	E
L	L	L	-	-	-	d2	d2	-	-	d2	L	-	-	L	L	L	-	-	E	E	E	E	d2	-	-	-	-
-	-	-	d1	d1	d1	L	N	-	-	E	E	E	-	-	E	L	L	L	-	-	E	E	d1	-	-	-	-
E	d2	L	-	-	-	-	L	L	N	-	-	-	-	-	-	d2	d1	d1	d2	d2	-	-	d2	d1	d1	d1	d1
E	d2	-	-	L	L	-	-	E	d2	d1	d1	-	-	d2	d1	-	-	-	E	E	d2	d2	d2	-	-	-	-
d2	L	L	-	-	d2	d2	d1	-	-	d1	d1	-	-	d1	d2	d1	L	-	-	d1	N	-	-	L	N	-	-
-	-	N	N	-	-	-	E	E	-	-	E	N	-	-	E	E	E	-	-	-	E	E	E	E	E	-	-
-	-	-	d2	d1	-	-	-	-	-	E	E	N	N	N	-	-	d1	N	-	-	-	-	E	d2	d1	d1	d1
Objective 0: 13267
Objective 1: 226
Constr violation: 0
Restrictions violated:
0 0 0 0 0 0 0 0 

Individual 2
1	2	3	4	5	6	7	8	9	10	11	12	13	14	15	16	17	18	19	20	21	22	23	24	25	26	27	28
L	L	-	-	d1	L	L	-	-	L	L	L	-	-	d1	d1	L	-	-	d1	d1	d1	d1	d1	-	-	-	-
E	d2	L	L	-	-	-	d2	d2	L	-	-	E	d2	-	-	-	E	E	E	d2	d2	-	-	d2	d2	-	-
E	d1	L	L	L	-	-	L	L	-	-	-	E	L	L	L	-	-	E	E	E	L	L	-	-	-	-	-
d1	d2	d2	d1	N	-	-	-	d1	d2	L	-	-	d2	d2	L	-	-	L	L	-	-	d1	d1	d1	d2	-	-
-	-	E	E	E	E	N	-	-	-	L	N	-	-	E	E	E	-	-	E	L	L	L	N	-	-	-	-
d1	N	-	-	L	N	N	N	N	-	-	-	-	d1	d1	d1	L	L	-	-	-	d1	d1	d1	-	-	-	-
-	-	d2	L	N	-	-	E	N	-	-	-	E	E	E	-	-	d2	d2	N	-	-	d2	d2	d2	N	-	-
d2	d2	d2	d1	-	-	-	d2	d2	d1	-	-	d2	d1	-	-	d2	d1	d1	-	-	-	-	-	d1	d1	d1	d1
d1	d1	d1	N	N	-	-	-	-	E	E	E	E	d1	-	-	d1	d1	d1	d1	d1	-	-	-	E	N	-	-
d1	d1	d1	d1	L	-	-	-	L	N	-	-	-	d1	N	-	-	d1	d1	d1	N	-	-	L	L	L	-	-
d1	d1	-	-	d1	d1	d1	d1	-	-	d1	d1	d1	-	-	N	N	N	-	-	-	-	-	d1	N	N	-	-
d2	N	-	-	d2	d1	N	-	-	E	L	-	-	-	d2	d2	N	-	-	d2	d2	d2	d2	d2	-	-	-	-
-	E	E	E	L	-	-	d1	d1	d1	L	-	-	-	L	L	-	-	E	E	E	E	-	-	E	E	d1	L
L	L	L	L	L	-	-	L	L	L	-	-	-	L	L	L	-	-	L	L	L	L	-	-	L	L	-	-
E	E	E	d2	d2	-	-	-	-	-	E	E	E	L	-	-	E	E	d2	-	-	-	E	L	-	-	E	E
-	-	-	L	L	N	-	-	E	E	L	N	-	-	E	d2	L	-	-	d1	d1	d2	d1	N	-	-	-	-
-	-	-	E	d1	L	-	-	E	d2	d1	L	-	-	d2	d2	d2	d2	d1	-	-	-	d1	L	-	-	d1	L
N	N	-	-	-	-	-	E	E	E	-	-	-	-	E	E	E	d2	d1	-	-	E	d2	-	-	d2	N	N
d1	d1	-	-	L	L	-	-	L	N	N	-	-	E	d1	d1	N	-	-	-	-	d1	L	L	L	-	-	-
d2	L	L	-	-	d2	d2	d2	-	-	d2	d2	d2	L	L	-	-	d2	d2	-	-	-	L	L	L	-	-	-
L	L	-	-	E	d2	L	-	-	E	d2	L	L	L	-	-	E	d2	d2	-	-	d2	d2	d2	d2	L	-	-
d2	N	-	-	d2	L	-	-	d2	d1	d2	d2	-	-	-	E	d2	d1	L	-	-	d2	L	-	-	-	E	L
E	E	E	N	-	-	-	E	E	d2	d1	-	-	E	E	d1	N	N	-	-	E	E	-	-	-	-	-	-
E	E	E	E	E	-	-	E	E	E	E	-	-	-	E	E	E	-	-	-	d1	d1	-	-	E	E	-	-
d1	d1	d2	L	-	-	-	-	d2	d1	d1	-	-	d1	L	-	-	E	L	-	-	-	-	E	E	d1	d1	d2
-	-	-	E	E	-	-	d2	d2	d2	d2	d2	-	-	-	E	d2	d2	N	N	-	-	d1	d1	d1	L	-	-
L	L	-	-	L	L	-	-	d1	d1	d1	d1	-	-	-	L	L	L	L	L	-	-	d1	d1	L	-	-	-
d1	d1	d1	d2	-	-	d2	d1	d1	d2	d1	-	-	E	E	-	-	E	E	-	-	E	E	d1	-	-	-	-
E	E	d1	-	-	E	d1	d1	-	-	E	E	-	-	-	-	L	L	L	L	-	-	E	E	E	d1	-	-
-	-	E	E	d2	d2	L	-	-	E	d2	d2	-	-	E	d2	d2	d2	d2	-	-	-	-	-	-	E	E	d2
d1	d2	d2	d1	d1	-	-	-	-	-	-	L	L	L	-	-	d2	L	L	-	-	-	-	d1	d1	L	L	L
E	d2	-	-	E	E	-	-	-	E	L	-	-	-	-	E	E	E	d2	-	-	d2	L	L	L	L	-	-
E	E	E	-	-	-	-	-	-	E	E	E	-	-	-	-	E	E	E	E	E	-	-	E	E	E	E	E
L	L	L	-	-	-	d2	d2	-	-	d2	L	-	-	L	L	L	-	-	E	E	E	E	d2	-	-	-	-
-	-	-	d1	d1	d1	L	N	-	-	E	E	E	-	-	E	L	L	L	-	-	E	E	d1	-	-	-	-
E	d2	L	-	-	-	-	L	L	N	-	-	-	-	-	-	d2	d1	d1	d2	d2	-	-	d2	d1	d1	d1	d1
E	d2	-	-	L	L	-	-	E	d2	d1	d1	-	-	d2	d1	-	-	-	E	E	d2	d2	d2	-	-	-	-
d2	L	L	-	-	d2	d2	d1	-	-	d1	d1	-	-	d1	d2	d1	L	-	-	d1	N	-	-	L	N	-	-
-	-	N	N	-	-	-	E	E	-	-	E	N	-	-	E	E	E	-	-	-	E	E	E	E	E	-	-
-	-	-	d2	d1	-	-	-	-	-	E	E	N	N	N	-	-	d1	N	-	-	-	-	E	d2	d1	d1	d1
Objective 0: 13267
Objective 1: 226
Constr violation: 0
Restrictions violated:
0 0 0 0 0 0 0 0 

Individual 3
1	2	3	4	5	6	7	8	9	10	11	12	13	14	15	16	17	18	19	20	21	22	23	24	25	26	27	28
L	L	-	-	d1	L	L	-	-	L	L	L	-	-	d1	d1	L	-	-	d1	d1	d1	d1	d1	-	-	-	-
E	d2	L	L	-	-	-	d2	d2	L	-	-	E	d2	-	-	-	E	E	E	d2	d2	-	-	d2	d2	-	-
E	d1	L	L	L	-	-	L	L	-	-	-	E	L	L	L	-	-	E	E	E	L	L	-	-	-	-	-
d1	d2	d2	d1	N	-	-	-	d1	d2	L	-	-	d2	d2	L	-	-	L	L	-	-	d1	d1	d1	d2	-	-
-	-	E	E	E	E	N	-	-	-	L	N	-	-	E	E	E	-	-	E	L	L	L	N	-	-	-	-
d1	N	-	-	L	N	N	N	N	-	-	-	-	d1	d1	d1	L	L	-	-	-	d1	d1	d1	-	-	-	-
-	-	d2	L	N	-	-	E	N	-	-	-	E	E	E	-	-	d2	d2	N	-	-	d2	d2	d2	N	-	-
d2	d2	d2	d1	-	-	-	d2	d2	d1	-	-	d2	d1	-	-	d2	d1	d1	-	-	-	-	-	d1	d1	d1	d1
d1	d1	d1	N	N	-	-	-	-	E	E	E	E	d1	-	-	d1	d1	d1	d1	d1	-	-	-	E	N	-	-
d1	d1	d1	d1	L	-	-	-	L	N	-	-	-	d1	N	-	-	d1	d1	d1	N	-	-	L	L	L	-	-
d1	d1	-	-	d1	d1	d1	d1	-	-	d1	d1	d1	-	-	N	N	N	-	-	-	-	-	d1	N	N	-	-
d2	N	-	-	d2	d1	N	-	-	E	L	-	-	-	d2	d2	N	-	-	d2	d2	d2	d2	d2	-	-	-	-
-	E	E	E	L	-	-	d1	d1	d1	L	-	-	-	L	L	-	-	E	E	E	E	-	-	E	E	d1	L
L	L	L	L	L	-	-	L	L	L	-	-	-	L	L	L	-	-	L	L	L	L	-	-	L	L	-	-
E	E	E	d2	d2	-	-	-	-	-	E	E	E	L	-	-	E	E	d2	-	-	-	E	L	-	-	E	E
-	-	-	L	L	N	-	-	E	E	L	N	-	-	E	d2	L	-	-	d1	d1	d2	d1	N	-	-	-	-
-	-	-	E	d1	L	-	-	E	d2	d1	L	-	-	d2	d2	d2	d2	d1	-	-	-	d1	L	-	-	d1	L
N	N	-	-	-	-	-	E	E	E	-	-	-	-	E	E	E	d2	d1	-	-	E	d2	-	-	d2	N	N
d1	d1	-	-	L	L	-	-	L	N	N	-	-	E	d1	d1	N	-	-	-	-	d1	L	L	L	-	-	-
d2	L	L	-	-	d2	d2	d2	-	-	d2	d2	d2	L	L	-	-	d2	d2	-	-	-	L	L	L	-	-	-
L	L	-	-	E	d2	L	-	-	E	d2	L	L	L	-	-	E	d2	d2	-	-	d2	d2	d2	d2	L	-	-
d2	N	-	-	d2	L	-	-	d2	d1	d2	d2	-	-	-	E	d2	d1	L	-	-	d2	L	-	-	-	E	L
E	E	E	N	-	-	-	E	E	d2	d1	-	-	E	E	d1	N	N	-	-	E	E	-	-	-	-	-	-
E	E	E	E	E	-	-	E	E	E	E	-	-	-	E	E	E	-	-	-	d1	d1	-	-	E	E	-	-
d1	d1	d2	L	-	-	-	-	d2	d1	d1	-	-	d1	L	-	-	E	L	-	-	-	-	E	E	d1	d1	d2
-	-	-	E	E	-	-	d2	d2	d2	d2	d2	-	-	-	E	d2	d2	N	N	-	-	d1	d1	d1	L	-	-
L	L	-	-	L	L	-	-	d1	d1	d1	d1	-	-	-	L	L	L	L	L	-	-	d1	d1	L	-	-	-
d1	d1	d1	d2	-	-	d2	d1	d1	d2	d1	-	-	E	E	-	-	E	E	-	-	E	E	d1	-	-	-	-
E	E	d1	-	-	E	d1	d1	-	-	E	E	-	-	-	-	L	L	L	L	-	-	E	E	E	d1	-	-
-	-	E	E	d2	d2	L	-	-	E	d2	d2	-	-	E	d2	d2	d2	d2	-	-	-	-	-	-	E	E	d2
d1	d2	d2	d1	d1	-	-	-	-	-	-	L	L	L	-	-	d2	L	L	-	-	-	-	d1	d1	L	L	L
E	d2	-	-	E	E	-	-	-	E	L	-	-	-	-	E	E	E	d2	-	-	d2	L	L	L	L	-	-
E	E	E	-	-	-	-	-	-	E	E	E	-	-	-	-	E	E	E	E	E	-	-	E	E	E	E	E
L	L	L	-	-	-	d2	d2	-	-	d2	L	-	-	L	L	L	-	-	E	E	E	E	d2	-	-	-	-
-	-	-	d1	d1	d1	L	N	-	-	E	E	E	-	-	E	L	L	L	-	-	E	E	d1	-	-	-	-
E	d2	L	-	-	-	-	L	L	N	-	-	-	-	-	-	d2	d1	d1	d2	d2	-	-	d2	d1	d1	d1	d1
E	d2	-	-	L	L	-	-	E	d2	d1	d1	-	-	d2	d1	-	-	-	E	E	d2	d2	d2	-	-	-	-
d2	L	L	-	-	d2	d2	d1	-	-	d1	d1	-	-	d1	d2	d1	L	-	-	d1	N	-	-	L	N	-	-
-	-	N	N	-	-	-	E	E	-	-	E	N	-	-	E	E	E	-	-	-	E	E	E	E	E	-	-
E	d1	N	N	-	-	-	-	E	d2	d2	N	-	-	E	E	L	-	-	-	-	E	E	E	E	-	-	-
Objective 0: 13874
Objective 1: 220
Constr violation: 0
Restrictions violated:
0 0 0 0 0 0 0 0 

Individual 4
1	2	3	4	5	6	7	8	9	10	11	12	13	14	15	16	17	18	19	20	21	22	23	24	25	26	27	28
L	L	-	-	d1	L	L	-	-	L	L	L	-	-	d1	d1	L	-	-	d1	d1	d1	d1	d1	-	-	-	-
E	d2	L	L	-	-	-	d2	d2	L	-	-	E	d2	-	-	-	E	E	E	d2	d2	-	-	d2	d2	-	-
E	d1	L	L	L	-	-	L	L	-	-	-	E	L	L	L	-	-	E	E	E	L	L	-	-	-	-	-
d1	d2	d2	d1	N	-	-	-	d1	d2	L	-	-	d2	d2	L	-	-	L	L	-	-	d1	d1	d1	d2	-	-
-	-	E	E	E	E	N	-	-	-	L	N	-	-	E	E	E	-	-	E	L	L	L	N	-	-	-	-
d1	N	-	-	L	N	N	N	N	-	-	-	-	d1	d1	d1	L	L	-	-	-	d1	d1	d1	-	-	-	-
-	-	d2	L	N	-	-	E	N	-	-	-	E	E	E	-	-	d2	d2	N	-	-	d2	d2	d2	N	-	-
d2	d2	d2	d1	-	-	-	d2	d2	d1	-	-	d2	d1	-	-	d2	d1	d1	-	-	-	-	-	d1	d1	d1	d1
d1	d1	d1	N	N	-	-	-	-	E	E	E	E	d1	-	-	d1	d1	d1	d1	d1	-	-	-	E	N	-	-
d1	d1	d1	d1	L	-	-	-	L	N	-	-	-	d1	N	-	-	d1	d1	d1	N	-	-	L	L	L	-	-
d1	d1	-	-	d1	d1	d1	d1	-	-	d1	d1	d1	-	-	N	N	N	-	-	-	-	-	d1	N	N	-	-
d2	N	-	-	d2	d1	N	-	-	E	L	-	-	-	d2	d2	N	-	-	d2	d2	d2	d2	d2	-	-	-	-
-	E	E	E	L	-	-	d1	d1	d1	L	-	-	-	L	L	-	-	E	E	E	E	-	-	E	E	d1	L
L	L	L	L	L	-	-	L	L	L	-	-	-	L	L	L	-	-	L	L	L	L	-	-	L	L	-	-
E	E	E	d2	d2	-	-	-	-	-	E	E	E	L	-	-	E	E	d2	-	-	-	E	L	-	-	E	E
-	-	-	L	L	N	-	-	E	E	L	N	-	-	E	d2	L	-	-	d1	d1	d2	d1	N	-	-	-	-
-	-	-	E	d1	L	-	-	E	d2	d1	L	-	-	d2	d2	d2	d2	d1	-	-	-	d1	L	-	-	d1	L
N	N	-	-	-	-	-	E	E	E	-	-	-	-	E	E	E	d2	d1	-	-	E	d2	-	-	d2	N	N
d1	d1	-	-	L	L	-	-	L	N	N	-	-	E	d1	d1	N	-	-	-	-	d1	L	L	L	-	-	-
d2	L	L	-	-	d2	d2	d2	-	-	d2	d2	d2	L	L	-	-	d2	d2	-	-	-	L	L	L	-	-	-
L	L	-	-	E	d2	L	-	-	E	d2	L	L	L	-	-	E	d2	d2	-	-	d2	d2	d2	d2	L	-	-
d2	N	-	-	d2	L	-	-	d2	d1	d2	d2	-	-	-	E	d2	d1	L	-	-	d2	L	-	-	-	E	L
E	E	E	N	-	-	-	E	E	d2	d1	-	-	E	E	d1	N	N	-	-	E	E	-	-	-	-	-	-
E	E	E	E	E	-	-	E	E	E	E	-	-	-	E	E	E	-	-	-	d1	d1	-	-	E	E	-	-
d1	d1	d2	L	-	-	-	-	d2	d1	d1	-	-	d1	L	-	-	E	L	-	-	-	-	E	E	d1	d1	d2
-	-	-	E	E	-	-	d2	d2	d2	d2	d2	-	-	-	E	d2	d2	N	N	-	-	d1	d1	d1	L	-	-
L	L	-	-	L	L	-	-	d1	d1	d1	d1	-	-	-	L	L	L	L	L	-	-	d1	d1	L	-	-	-
d1	d1	d1	d2	-	-	d2	d1	d1	d2	d1	-	-	E	E	-	-	E	E	-	-	E	E	d1	-	-	-	-
E	E	d1	-	-	E	d1	d1	-	-	E	E	-	-	-	-	L	L	L	L	-	-	E	E	E	d1	-	-
-	-	E	E	d2	d2	L	-	-	E	d2	d2	-	-	E	d2	d2	d2	d2	-	-	-	-	-	-	E	E	d2
d1	d2	d2	d1	d1	-	-	-	-	-	-	L	L	L	-	-	d2	L	L	-	-	-	-	d1	d1	L	L	L
E	d2	-	-	E	E	-	-	-	E	L	-	-	-	-	E	E	E	d2	-	-	d2	L	L	L	L	-	-
E	E	E	-	-	-	-	-	-	E	E	E	-	-	-	-	E	E	E	E	E	-	-	E	E	E	E	E
L	L	L	-	-	-	d2	d2	-	-	d2	L	-	-	L	L	L	-	-	E	E	E	E	d2	-	-	-	-
-	-	-	d1	d1	d1	L	N	-	-	E	E	E	-	-	E	L	L	L	-	-	E	E	d1	-	-	-	-
E	d2	L	-	-	-	-	L	L	N	-	-	-	-	-	-	d2	d1	d1	d2	d2	-	-	d2	d1	d1	d1	d1
E	d2	-	-	L	L	-	-	E	d2	d1	d1	-	-	d2	d1	-	-	-	E	E	d2	d2	d2	-	-	-	-
d2	L	L	-	-	d2	d2	d1	-	-	d1	d1	-	-	d1	d2	d1	L	-	-	d1	N	-	-	L	N	-	-
-	-	N	N	-	-	-	E	E	-	-	E	N	-	-	E	E	E	-	-	-	E	E	E	E	E	-	-
-	-	-	d2	d1	-	-	-	-	-	E	E	N	N	N	-	-	d1	N	-	-	-	-	E	d2	d1	d1	d1
Objective 0: 13267
Objective 1: 226
Constr violation: 0
Restrictions violated:
0 0 0 0 0 0 0 0 

Individual 5
1	2	3	4	5	6	7	8	9	10	11	12	13	14	15	16	17	18	19	20	21	22	23	24	25	26	27	28
L	L	-	-	d1	L	L	-	-	L	L	L	-	-	d1	d1	L	-	-	d1	d1	d1	d1	d1	-	-	-	-
E	d2	L	L	-	-	-	d2	d2	L	-	-	E	d2	-	-	-	E	E	E	d2	d2	-	-	d2	d2	-	-
E	d1	L	L	L	-	-	L	L	-	-	-	E	L	L	L	-	-	E	E	E	L	L	-	-	-	-	-
d1	d2	d2	d1	N	-	-	-	d1	d2	L	-	-	d2	d2	L	-	-	L	L	-	-	d1	d1	d1	d2	-	-
-	-	E	E	E	E	N	-	-	-	L	N	-	-	E	E	E	-	-	E	L	L	L	N	-	-	-	-
d1	N	-	-	L	N	N	N	N	-	-	-	-	d1	d1	d1	L	L	-	-	-	d1	d1	d1	-	-	-	-
-	-	d2	L	N	-	-	L	N	N	-	-	-	-	E	L	N	-	-	-	E	L	N	-	-	d2	L	L
d2	d2	d2	d1	-	-	-	d2	d2	d1	-	-	d2	d1	-	-	d2	d1	d1	-	-	-	-	-	d1	d1	d1	d1
d1	d1	d1	N	N	-	-	-	-	E	E	E	E	d1	-	-	d1	d1	d1	d1	d1	-	-	-	E	N	-	-
d1	d1	d1	d1	L	-	-	-	L	N	-	-	-	d1	N	-	-	d1	d1	d1	N	-	-	L	L	L	-	-
d1	d1	-	-	d1	d1	d1	d1	-	-	d1	d1	d1	-	-	N	N	N	-	-	-	-	-	d1	N	N	-	-
d2	N	-	-	d2	d1	N	-	-	E	L	-	-	-	d2	d2	N	-	-	d2	d2	d2	d2	d2	-	-	-	-
-	E	E	E	L	-	-	d1	d1	d1	L	-	-	-	L	L	-	-	E	E	E	E	-	-	E	E	d1	L
L	L	L	L	L	-	-	L	L	L	-	-	-	L	L	L	-	-	L	L	L	L	-	-	L	L	-	-
E	E	E	d2	d2	-	-	-	-	-	E	E	E	L	-	-	E	E	d2	-	-	-	E	L	-	-	E	E
-	-	-	L	L	N	-	-	E	E	L	N	-	-	E	d2	L	-	-	d1	d1	d2	d1	N	-	-	-	-
-	-	-	E	d1	L	-	-	E	d2	d1	L	-	-	d2	d2	d2	d2	d1	-	-	-	d1	L	-	-	d1	L
N	N	-	-	-	-	-	E	E	E	-	-	-	-	E	E	E	d2	d1	-	-	E	d2	-	-	d2	N	N
d1	d1	-	-	L	L	-	-	L	N	N	-	-	E	d1	d1	N	-	-	-	-	d1	L	L	L	-	-	-
d2	L	L	-	-	d2	d2	d2	-	-	d2	d2	d2	L	L	-	-	d2	d2	-	-	-	L	L	L	-	-	-
L	L	-	-	E	d2	L	-	-	E	d2	L	L	L	-	-	E	d2	d2	-	-	d2	d2	d2	d2	L	-	-
d2	N	-	-	d2	L	-	-	d2	d1	d2	d2	-	-	-	E	d2	d1	L	-	-	d2	L	-	-	-	E	L
E	E	E	N	-	-	-	E	E	d2	d1	-	-	E	E	d1	N	N	-	-	E	E	-	-	-	-	-	-
E	E	E	E	E	-	-	E	E	E	E	-	-	-	E	E	E	-	-	-	d1	d1	-	-	E	E	-	-
d1	d1	d2	L	-	-	-	-	d2	d1	d1	-	-	d1	L	-	-	E	L	-	-	-	-	E	E	d1	d1	d2
-	-	-	E	E	-	-	d2	d2	d2	d2	d2	-	-	-	E	d2	d2	N	N	-	-	d1	d1	d1	L	-	-
L	L	-	-	L	L	-	-	d1	d1	d1	d1	-	-	-	L	L	L	L	L	-	-	d1	d1	L	-	-	-
d1	d1	d1	d2	-	-	d2	d1	d1	d2	d1	-	-	E	E	-	-	E	E	-	-	E	E	d1	-	-	-	-
E	E	d1	-	-	E	d1	d1	-	-	E	E	-	-	-	-	L	L	L	L	-	-	E	E	E	d1	-	-
-	-	E	E	d2	d2	L	-	-	E	d2	d2	-	-	E	d2	d2	d2	d2	-	-	-	-	-	-	E	E	d2
d1	d2	d2	-	-	d2	d1	d2	-	-	d2	d2	-	-	-	-	d2	L	-	-	-	L	L	-	-	L	L	L
E	L	L	L	L	-	-	-	E	d2	L	L	L	-	-	E	E	E	-	-	d2	L	-	-	-	-	-	-
E	E	E	-	-	-	-	-	-	E	E	E	-	-	-	-	E	E	E	E	E	-	-	E	E	E	E	E
L	L	L	-	-	-	d2	d2	-	-	d2	L	-	-	L	L	L	-	-	E	E	E	E	d2	-	-	-	-
-	-	-	d1	d1	d1	L	N	-	-	E	E	E	-	-	E	L	L	L	-	-	E	E	d1	-	-	-	-
E	d2	L	-	-	-	-	L	L	N	-	-	-	-	-	-	d2	d1	d1	d2	d2	-	-	d2	d1	d1	d1	d1
E	d2	-	-	L	L	-	-	E	d2	d1	d1	-	-	d2	d1	-	-	-	E	E	d2	d2	d2	-	-	-	-
d2	L	L	-	-	d2	d2	d1	-	-	d1	d1	-	-	d1	d2	d1	L	-	-	d1	N	-	-	L	N	-	-
-	-	N	N	-	-	-	E	E	-	-	E	N	-	-	E	E	E	-	-	-	E	E	E	E	E	-	-
-	-	-	d2	d1	-	-	-	-	-	E	E	N	N	N	-	-	d1	N	-	-	-	-	E	d2	d1	d1	d1
Objective 0: 13064
Objective 1: 229
Constr violation: 0
Restrictions violated:
0 0 0 0 0 0 0 0 

Individual 6
1	2	3	4	5	6	7	8	9	10	11	12	13	14	15	16	17	18	19	20	21	22	23	24	25	26	27	28
L	L	-	-	d1	L	L	-	-	L	L	L	-	-	d1	d1	L	-	-	d1	d1	d1	d1	d1	-	-	-	-
E	d2	L	L	-	-	-	d2	d2	L	-	-	E	d2	-	-	-	E	E	E	d2	d2	-	-	d2	d2	-	-
E	d1	L	L	L	-	-	L	L	-	-	-	E	L	L	L	-	-	E	E	E	L	L	-	-	-	-	-
d1	d2	d2	d1	N	-	-	-	d1	d2	L	-	-	d2	d2	L	-	-	L	L	-	-	d1	d1	d1	d2	-	-
-	-	E	E	E	E	N	-	-	-	L	N	-	-	E	E	E	-	-	E	L	L	L	N	-	-	-	-
d1	N	-	-	L	N	N	N	N	-	-	-	-	d1	d1	d1	L	L	-	-	-	d1	d1	d1	-	-	-	-
-	-	d2	L	N	-	-	E	N	-	-	-	E	E	E	-	-	d2	d2	N	-	-	d2	d2	d2	N	-	-
d2	d2	d2	d1	-	-	-	d2	d2	d1	-	-	d2	d1	-	-	d2	d1	d1	-	-	-	-	-	d1	d1	d1	d1
d1	d1	d1	N	N	-	-	-	-	E	E	E	E	d1	-	-	d1	d1	d1	d1	d1	-	-	-	E	N	-	-
d1	d1	d1	d1	L	-	-	-	L	N	-	-	-	d1	N	-	-	d1	d1	d1	N	-	-	L	L	L	-	-
d1	d1	-	-	d1	d1	d1	d1	-	-	d1	d1	d1	-	-	N	N	N	-	-	-	-	-	d1	N	N	-	-
d2	N	-	-	d2	d1	N	-	-	E	L	-	-	-	d2	d2	N	-	-	d2	d2	d2	d2	d2	-	-	-	-
-	E	E	E	L	-	-	d1	d1	d1	L	-	-	-	L	L	-	-	E	E	E	E	-	-	E	E	d1	L
L	L	L	L	L	-	-	L	L	L	-	-	-	L	L	L	-	-	L	L	L	L	-	-	L	L	-	-
E	E	E	d2	d2	-	-	-	-	-	E	E	E	L	-	-	E	E	d2	-	-	-	E	L	-	-	E	E
-	-	-	L	L	N	-	-	E	E	L	N	-	-	E	d2	L	-	-	d1	d1	d2	d1	N	-	-	-	-
-	-	-	E	d1	L	-	-	E	d2	d1	L	-	-	d2	d2	d2	d2	d1	-	-	-	d1	L	-	-	d1	L
N	N	-	-	-	-	-	E	E	E	-	-	-	-	E	E	E	d2	d1	-	-	E	d2	-	-	d2	N	N
d1	d1	-	-	L	L	-	-	L	N	N	-	-	E	d1	d1	N	-	-	-	-	d1	L	L	L	-	-	-
d2	L	L	-	-	d2	d2	d2	-	-	d2	d2	d2	L	L	-	-	d2	d2	-	-	-	L	L	L	-	-	-
L	L	-	-	E	d2	L	-	-	E	d2	L	L	L	-	-	E	d2	d2	-	-	d2	d2	d2	d2	L	-	-
d2	N	-	-	d2	L	-	-	d2	d1	d2	d2	-	-	-	E	d2	d1	L	-	-	d2	L	-	-	-	E	L
E	E	E	N	-	-	-	E	E	d2	d1	-	-	E	E	d1	N	N	-	-	E	E	-	-	-	-	-	-
E	E	E	E	E	-	-	E	E	E	E	-	-	-	E	E	E	-	-	-	d1	d1	-	-	E	E	-	-
d1	d1	d2	L	-	-	-	-	d2	d1	d1	-	-	d1	L	-	-	E	L	-	-	-	-	E	E	d1	d1	d2
-	-	-	E	E	-	-	d2	d2	d2	d2	d2	-	-	-	E	d2	d2	N	N	-	-	d1	d1	d1	L	-	-
L	L	-	-	L	L	-	-	d1	d1	d1	d1	-	-	-	L	L	L	L	L	-	-	d1	d1	L	-	-	-
d1	d1	d1	d2	-	-	d2	d1	d1	d2	d1	-	-	E	E	-	-	E	E	-	-	E	E	d1	-	-	-	-
E	E	d1	-	-	E	d1	d1	-	-	E	E	-	-	-	-	L	L	L	L	-	-	E	E	E	d1	-	-
-	-	E	E	d2	d2	L	-	-	E	d2	d2	-	-	E	d2	d2	d2	d2	-	-	-	-	-	-	E	E	d2
d1	d2	d2	-	-	d2	d1	d2	-	-	d2	d2	-	-	-	-	d2	L	-	-	-	L	L	-	-	L	L	L
E	d2	-	-	E	E	-	-	-	E	L	-	-	-	-	E	E	E	d2	-	-	d2	L	L	L	L	-	-
E	E	E	-	-	-	-	-	-	E	E	E	-	-	-	-	E	E	E	E	E	-	-	E	E	E	E	E
L	L	L	-	-	-	d2	d2	-	-	d2	L	-	-	L	L	L	-	-	E	E	E	E	d2	-	-	-	-
-	-	-	d1	d1	d1	L	N	-	-	E	E	E	-	-	E	L	L	L	-	-	E	E	d1	-	-	-	-
E	d2	L	-	-	-	-	L	L	N	-	-	-	-	-	-	d2	d1	d1	d2	d2	-	-	d2	d1	d1	d1	d1
E	d2	-	-	L	L	-	-	E	d2	d1	d1	-	-	d2	d1	-	-	-	E	E	d2	d2	d2	-	-	-	-
d2	L	L	-	-	d2	d2	d1	-	-	d1	d1	-	-	d1	d2	d1	L	-	-	d1	N	-	-	L	N	-	-
-	-	N	N	-	-	-	E	E	-	-	E	N	-	-	E	E	E	-	-	-	E	E	E	E	E	-	-
-	-	-	d2	d1	-	-	-	-	-	E	E	N	N	N	-	-	d1	N	-	-	-	-	E	d2	d1	d1	d1
Objective 0: 13266
Objective 1: 227
Constr violation: 0
Restrictions violated:
0 0 0 0 0 0 0 0 

Individual 7
1	2	3	4	5	6	7	8	9	10	11	12	13	14	15	16	17	18	19	20	21	22	23	24	25	26	27	28
L	L	-	-	d1	L	L	-	-	L	L	L	-	-	d1	d1	L	-	-	d1	d1	d1	d1	d1	-	-	-	-
E	d2	L	L	-	-	-	d2	d2	L	-	-	E	d2	-	-	-	E	E	E	d2	d2	-	-	d2	d2	-	-
E	d1	L	L	L	-	-	L	L	-	-	-	E	L	L	L	-	-	E	E	E	L	L	-	-	-	-	-
d1	d2	d2	d1	N	-	-	-	d1	d2	L	-	-	d2	d2	L	-	-	L	L	-	-	d1	d1	d1	d2	-	-
-	-	E	E	E	E	N	-	-	-	L	N	-	-	E	E	E	-	-	E	L	L	L	N	-	-	-	-
d1	N	-	-	L	N	N	N	N	-	-	-	-	d1	d1	d1	L	L	-	-	-	d1	d1	d1	-	-	-	-
-	-	d2	L	N	-	-	E	N	-	-	-	E	E	E	-	-	d2	d2	N	-	-	d2	d2	d2	N	-	-
d2	d2	d2	d1	-	-	-	d2	d2	d1	-	-	d2	d1	-	-	d2	d1	d1	-	-	-	-	-	d1	d1	d1	d1
d1	d1	d1	N	N	-	-	-	-	E	E	E	E	d1	-	-	d1	d1	d1	d1	d1	-	-	-	E	N	-	-
d1	d1	d1	d1	L	-	-	-	L	N	-	-	-	d1	N	-	-	d1	d1	d1	N	-	-	L	L	L	-	-
d1	d1	-	-	d1	d1	d1	d1	-	-	d1	d1	d1	-	-	N	N	N	-	-	-	-	-	d1	N	N	-	-
d2	N	-	-	d2	d1	N	-	-	E	L	-	-	-	d2	d2	N	-	-	d2	d2	d2	d2	d2	-	-	-	-
-	E	E	E	L	-	-	d1	d1	d1	L	-	-	-	L	L	-	-	E	E	E	E	-	-	E	E	d1	L
L	L	L	L	L	-	-	L	L	L	-	-	-	L	L	L	-	-	L	L	L	L	-	-	L	L	-	-
E	E	E	d2	d2	-	-	-	-	-	E	E	E	L	-	-	E	E	d2	-	-	-	E	L	-	-	E	E
-	-	-	L	L	N	-	-	E	E	L	N	-	-	E	d2	L	-	-	d1	d1	d2	d1	N	-	-	-	-
-	-	-	E	d1	L	-	-	E	d2	d1	L	-	-	d2	d2	d2	d2	d1	-	-	-	d1	L	-	-	d1	L
N	N	-	-	-	-	-	E	E	E	-	-	-	-	E	E	E	d2	d1	-	-	E	d2	-	-	d2	N	N
d1	d1	-	-	L	L	-	-	L	N	N	-	-	E	d1	d1	N	-	-	-	-	d1	L	L	L	-	-	-
d2	L	L	-	-	d2	d2	d2	-	-	d2	d2	d2	L	L	-	-	d2	d2	-	-	-	L	L	L	-	-	-
L	L	-	-	E	d2	L	-	-	E	d2	L	L	L	-	-	E	d2	d2	-	-	d2	d2	d2	d2	L	-	-
d2	N	-	-	d2	L	-	-	d2	d1	d2	d2	-	-	-	E	d2	d1	L	-	-	d2	L	-	-	-	E	L
E	E	E	N	-	-	-	E	E	d2	d1	-	-	E	E	d1	N	N	-	-	E	E	-	-	-	-	-	-
E	E	E	E	E	-	-	E	E	E	E	-	-	-	E	E	E	-	-	-	d1	d1	-	-	E	E	-	-
d1	d1	d2	L	-	-	-	-	d2	d1	d1	-	-	d1	L	-	-	E	L	-	-	-	-	E	E	d1	d1	d2
-	-	-	E	E	-	-	d2	d2	d2	d2	d2	-	-	-	E	d2	d2	N	N	-	-	d1	d1	d1	L	-	-
L	L	-	-	L	L	-	-	d1	d1	d1	d1	-	-	-	L	L	L	L	L	-	-	d1	d1	L	-	-	-
d1	d1	d1	d2	-	-	d2	d1	d1	d2	d1	-	-	E	E	-	-	E	E	-	-	E	E	d1	-	-	-	-
E	E	d1	-	-	E	d1	d1	-	-	E	E	-	-	-	-	L	L	L	L	-	-	E	E	E	d1	-	-
-	-	E	E	d2	d2	L	-	-	E	d2	d2	-	-	E	d2	d2	d2	d2	-	-	-	-	-	-	E	E	d2
d1	d2	d2	d1	d1	-	-	-	-	-	-	L	L	L	-	-	d2	L	L	-	-	-	-	d1	d1	L	L	L
E	d2	-	-	E	E	-	-	-	E	L	-	-	-	-	E	E	E	d2	-	-	d2	L	L	L	L	-	-
E	E	E	-	-	-	-	-	-	E	E	E	-	-	-	-	E	E	E	E	E	-	-	E	E	E	E	E
L	L	L	-	-	-	d2	d2	-	-	d2	L	-	-	L	L	L	-	-	E	E	E	E	d2	-	-	-	-
-	-	-	d1	d1	d1	L	N	-	-	E	E	E	-	-	E	L	L	L	-	-	E	E	d1	-	-	-	-
E	d2	L	-	-	-	-	L	L	N	-	-	-	-	-	-	d2	d1	d1	d2	d2	-	-	d2	d1	d1	d1	d1
E	d2	-	-	L	L	-	-	E	d2	d1	d1	-	-	d2	d1	-	-	-	E	E	d2	d2	d2	-	-	-	-
d2	L	L	-	-	d2	d2	d1	-	-	d1	d1	-	-	d1	d2	d1	L	-	-	d1	N	-	-	L	N	-	-
-	-	N	N	-	-	-	E	E	-	-	E	N	-	-	E	E	E	-	-	-	E	E	E	E	E	-	-
-	-	-	d2	d1	-	-	-	-	-	E	E	N	N	N	-	-	d1	N	-	-	-	-	E	d2	d1	d1	d1
Objective 0: 13267
Objective 1: 226
Constr violation: 0
Restrictions violated:
0 0 0 0 0 0 0 0 

Individual 8
1	2	3	4	5	6	7	8	9	10	11	12	13	14	15	16	17	18	19	20	21	22	23	24	25	26	27	28
L	L	-	-	d1	L	L	-	-	L	L	L	-	-	d1	d1	L	-	-	d1	d1	d1	d1	d1	-	-	-	-
E	d2	L	L	-	-	-	d2	d2	L	-	-	E	d2	-	-	-	E	E	E	d2	d2	-	-	d2	d2	-	-
E	d1	L	L	L	-	-	L	L	-	-	-	E	L	L	L	-	-	E	E	E	L	L	-	-	-	-	-
d1	d2	d2	d1	N	-	-	-	d1	d2	L	-	-	d2	d2	L	-	-	L	L	-	-	d1	d1	d1	d2	-	-
-	-	E	E	E	E	N	-	-	-	L	N	-	-	E	E	E	-	-	E	L	L	L	N	-	-	-	-
d1	N	-	-	L	N	N	N	N	-	-	-	-	d1	d1	d1	L	L	-	-	-	d1	d1	d1	-	-	-	-
-	-	d2	L	N	-	-	E	N	-	-	-	E	E	E	-	-	d2	d2	N	-	-	d2	d2	d2	N	-	-
d2	d2	d2	d1	-	-	-	d2	d2	d1	-	-	d2	d1	-	-	d2	d1	d1	-	-	-	-	-	d1	d1	d1	d1
d1	d1	d1	N	N	-	-	-	-	E	E	E	E	d1	-	-	d1	d1	d1	d1	d1	-	-	-	E	N	-	-
d1	d1	d1	d1	L	-	-	-	L	N	-	-	-	d1	N	-	-	d1	d1	d1	N	-	-	L	L	L	-	-
d1	d1	-	-	d1	d1	d1	d1	-	-	d1	d1	d1	-	-	N	N	N	-	-	-	-	-	d1	N	N	-	-
d2	N	-	-	d2	d1	N	-	-	E	L	-	-	-	d2	d2	N	-	-	d2	d2	d2	d2	d2	-	-	-	-
-	E	E	E	L	-	-	d1	d1	d1	L	-	-	-	L	L	-	-	E	E	E	E	-	-	E	E	d1	L
L	L	L	L	L	-	-	L	L	L	-	-	-	L	L	L	-	-	L	L	L	L	-	-	L	L	-	-
E	E	E	d2	d2	-	-	-	-	-	E	E	E	L	-	-	E	E	d2	-	-	-	E	L	-	-	E	E
-	-	-	L	L	N	-	-	E	E	L	N	-	-	E	d2	L	-	-	d1	d1	d2	d1	N	-	-	-	-
-	-	-	E	d1	L	-	-	E	d2	d1	L	-	-	d2	d2	d2	d2	d1	-	-	-	d1	L	-	-	d1	L
N	N	-	-	-	-	-	E	E	E	-	-	-	-	E	E	E	d2	d1	-	-	E	d2	-	-	d2	N	N
d1	d1	-	-	L	L	-	-	L	N	N	-	-	E	d1	d1	N	-	-	-	-	d1	L	L	L	-	-	-
d2	L	L	-	-	d2	d2	d2	-	-	d2	d2	d2	L	L	-	-	d2	d2	-	-	-	L	L	L	-	-	-
L	L	-	-	E	d2	L	-	-	E	d2	L	L	L	-	-	E	d2	d2	-	-	d2	d2	d2	d2	L	-	-
d2	N	-	-	d2	L	-	-	d2	d1	d2	d2	-	-	-	E	d2	d1	L	-	-	d2	L	-	-	-	E	L
E	E	E	N	-	-	-	E	E	d2	d1	-	-	E	E	d1	N	N	-	-	E	E	-	-	-	-	-	-
E	E	E	E	E	-	-	E	E	E	E	-	-	-	E	E	E	-	-	-	d1	d1	-	-	E	E	-	-
d1	d1	d2	L	-	-	-	-	d2	d1	d1	-	-	d1	L	-	-	E	L	-	-	-	-	E	E	d1	d1	d2
-	-	-	E	E	-	-	d2	d2	d2	d2	d2	-	-	-	E	d2	d2	N	N	-	-	d1	d1	d1	L	-	-
L	L	-	-	L	L	-	-	d1	d1	d1	d1	-	-	-	L	L	L	L	L	-	-	d1	d1	L	-	-	-
d1	d1	d1	d2	-	-	d2	d1	d1	d2	d1	-	-	E	E	-	-	E	E	-	-	E	E	d1	-	-	-	-
E	E	d1	-	-	E	d1	d1	-	-	E	E	-	-	-	-	L	L	L	L	-	-	E	E	E	d1	-	-
-	-	E	E	d2	d2	L	-	-	E	d2	d2	-	-	E	d2	d2	d2	d2	-	-	-	-	-	-	E	E	d2
d1	d2	d2	d1	d1	-	-	-	-	-	-	L	L	L	-	-	d2	L	L	-	-	-	-	d1	d1	L	L	L
E	d2	-	-	E	E	-	-	-	E	L	-	-	-	-	E	E	E	d2	-	-	d2	L	L	L	L	-	-
E	E	E	-	-	-	-	-	-	E	E	E	-	-	-	-	E	E	E	E	E	-	-	E	E	E	E	E
L	L	L	-	-	-	d2	d2	-	-	d2	L	-	-	L	L	L	-	-	E	E	E	E	d2	-	-	-	-
-	-	-	d1	d1	d1	L	N	-	-	E	E	E	-	-	E	L	L	L	-	-	E	E	d1	-	-	-	-
E	d2	L	-	-	-	-	L	L	N	-	-	-	-	-	-	d2	d1	d1	d2	d2	-	-	d2	d1	d1	d1	d1
E	d2	-	-	L	L	-	-	E	d2	d1	d1	-	-	d2	d1	-	-	-	E	E	d2	d2	d2	-	-	-	-
d2	L	L	-	-	d2	d2	d1	-	-	d1	d1	-	-	d1	d2	d1	L	-	-	d1	N	-	-	L	N	-	-
-	-	N	N	-	-	-	E	E	-	-	E	N	-	-	E	E	E	-	-	-	E	E	E	E	E	-	-
-	-	-	d2	d1	-	-	-	-	-	E	E	N	N	N	-	-	d1	N	-	-	-	-	E	d2	d1	d1	d1
Objective 0: 13267
Objective 1: 226
Constr violation: 0
Restrictions violated:
0 0 0 0 0 0 0 0 

Individual 9
1	2	3	4	5	6	7	8	9	10	11	12	13	14	15	16	17	18	19	20	21	22	23	24	25	26	27	28
L	L	-	-	d1	L	L	-	-	L	L	L	-	-	d1	d1	L	-	-	d1	d1	d1	d1	d1	-	-	-	-
E	d2	L	L	-	-	-	d2	d2	L	-	-	E	d2	-	-	-	E	E	E	d2	d2	-	-	d2	d2	-	-
E	d1	L	L	L	-	-	L	L	-	-	-	E	L	L	L	-	-	E	E	E	L	L	-	-	-	-	-
d1	d2	d2	d1	N	-	-	-	d1	d2	L	-	-	d2	d2	L	-	-	L	L	-	-	d1	d1	d1	d2	-	-
-	-	E	E	E	E	N	-	-	-	L	N	-	-	E	E	E	-	-	E	L	L	L	N	-	-	-	-
d1	N	-	-	L	N	N	N	N	-	-	-	-	d1	d1	d1	L	L	-	-	-	d1	d1	d1	-	-	-	-
-	-	d2	L	N	-	-	E	N	-	-	-	E	E	E	-	-	d2	d2	N	-	-	d2	d2	d2	N	-	-
d2	d2	d2	d1	-	-	-	d2	d2	d1	-	-	d2	d1	-	-	d2	d1	d1	-	-	-	-	-	d1	d1	d1	d1
d1	d1	d1	N	N	-	-	-	-	E	E	E	E	d1	-	-	d1	d1	d1	d1	d1	-	-	-	E	N	-	-
d1	d1	d1	d1	L	-	-	-	L	N	-	-	-	d1	N	-	-	d1	d1	d1	N	-	-	L	L	L	-	-
d1	d1	-	-	d1	d1	d1	d1	-	-	d1	d1	d1	-	-	N	N	N	-	-	-	-	-	d1	N	N	-	-
d2	N	-	-	d2	d1	N	-	-	E	L	-	-	-	d2	d2	N	-	-	d2	d2	d2	d2	d2	-	-	-	-
-	E	E	E	L	-	-	d1	d1	d1	L	-	-	-	L	L	-	-	E	E	E	E	-	-	E	E	d1	L
L	L	L	L	L	-	-	L	L	L	-	-	-	L	L	L	-	-	L	L	L	L	-	-	L	L	-	-
E	E	E	d2	d2	-	-	-	-	-	E	E	E	L	-	-	E	E	d2	-	-	-	E	L	-	-	E	E
-	-	-	L	L	N	-	-	E	E	L	N	-	-	E	d2	L	-	-	d1	d1	d2	d1	N	-	-	-	-
-	-	-	E	d1	L	-	-	E	d2	d1	L	-	-	d2	d2	d2	d2	d1	-	-	-	d1	L	-	-	d1	L
N	N	-	-	-	-	-	E	E	E	-	-	-	-	E	E	E	d2	d1	-	-	E	d2	-	-	d2	N	N
d1	d1	-	-	L	L	-	-	L	N	N	-	-	E	d1	d1	N	-	-	-	-	d1	L	L	L	-	-	-
d2	L	L	-	-	d2	d2	d2	-	-	d2	d2	d2	L	L	-	-	d2	d2	-	-	-	L	L	L	-	-	-
L	L	-	-	E	d2	L	-	-	E	d2	L	L	L	-	-	E	d2	d2	-	-	d2	d2	d2	d2	L	-	-
d2	N	-	-	d2	L	-	-	d2	d1	d2	d2	-	-	-	E	d2	d1	L	-	-	d2	L	-	-	-	E	L
E	E	E	N	-	-	-	E	E	d2	d1	-	-	E	E	d1	N	N	-	-	E	E	-	-	-	-	-	-
E	E	E	E	E	-	-	E	E	E	E	-	-	-	E	E	E	-	-	-	d1	d1	-	-	E	E	-	-
d1	d1	d2	L	-	-	-	-	d2	d1	d1	-	-	d1	L	-	-	E	L	-	-	-	-	E	E	d1	d1	d2
-	-	-	E	E	-	-	d2	d2	d2	d2	d2	-	-	-	E	d2	d2	N	N	-	-	d1	d1	d1	L	-	-
L	L	-	-	L	L	-	-	d1	d1	d1	d1	-	-	-	L	L	L	L	L	-	-	d1	d1	L	-	-	-
d1	d1	d1	d2	-	-	d2	d1	d1	d2	d1	-	-	E	E	-	-	E	E	-	-	E	E	d1	-	-	-	-
E	E	d1	-	-	E	d1	d1	-	-	E	E	-	-	-	-	L	L	L	L	-	-	E	E	E	d1	-	-
-	-	E	E	d2	d2	L	-	-	E	d2	d2	-	-	E	d2	d2	d2	d2	-	-	-	-	-	-	E	E	d2
d1	d2	d2	-	-	d2	d1	d2	-	-	d2	d2	-	-	-	-	d2	L	-	-	-	L	L	-	-	L	L	L
E	d2	-	-	E	E	-	-	-	E	L	-	-	-	-	E	E	E	d2	-	-	d2	L	L	L	L	-	-
E	E	E	-	-	-	-	-	-	E	E	E	-	-	-	-	E	E	E	E	E	-	-	E	E	E	E	E
L	L	L	-	-	-	d2	d2	-	-	d2	L	-	-	L	L	L	-	-	E	E	E	E	d2	-	-	-	-
-	-	-	d1	d1	d1	L	N	-	-	E	E	E	-	-	E	L	L	L	-	-	E	E	d1	-	-	-	-
E	d2	L	-	-	-	-	L	L	N	-	-	-	-	-	-	d2	d1	d1	d2	d2	-	-	d2	d1	d1	d1	d1
E	d2	-	-	L	L	-	-	E	d2	d1	d1	-	-	d2	d1	-	-	-	E	E	d2	d2	d2	-	-	-	-
d2	L	L	-	-	d2	d2	d1	-	-	d1	d1	-	-	d1	d2	d1	L	-	-	d1	N	-	-	L	N	-	-
-	-	N	N	-	-	-	E	E	-	-	E	N	-	-	E	E	E	-	-	-	E	E	E	E	E	-	-
-	-	-	d2	d1	-	-	-	-	-	E	E	N	N	N	-	-	d1	N	-	-	-	-	E	d2	d1	d1	d1
Objective 0: 13266
Objective 1: 227
Constr violation: 0
Restrictions violated:
0 0 0 0 0 0 0 0 

Individual 10
1	2	3	4	5	6	7	8	9	10	11	12	13	14	15	16	17	18	19	20	21	22	23	24	25	26	27	28
L	L	-	-	d1	L	L	-	-	L	L	L	-	-	d1	d1	L	-	-	d1	d1	d1	d1	d1	-	-	-	-
E	d2	L	L	-	-	-	d2	d2	L	-	-	E	d2	-	-	-	E	E	E	d2	d2	-	-	d2	d2	-	-
E	d1	L	L	L	-	-	L	L	-	-	-	E	L	L	L	-	-	E	E	E	L	L	-	-	-	-	-
d1	d2	d2	d1	N	-	-	-	d1	d2	L	-	-	d2	d2	L	-	-	L	L	-	-	d1	d1	d1	d2	-	-
-	-	E	E	E	E	N	-	-	-	L	N	-	-	E	E	E	-	-	E	L	L	L	N	-	-	-	-
d1	N	-	-	L	N	N	N	N	-	-	-	-	d1	d1	d1	L	L	-	-	-	d1	d1	d1	-	-	-	-
-	-	d2	L	N	-	-	E	N	-	-	-	E	E	E	-	-	d2	d2	N	-	-	d2	d2	d2	N	-	-
d2	d2	d2	d1	-	-	-	d2	d2	d1	-	-	d2	d1	-	-	d2	d1	d1	-	-	-	-	-	d1	d1	d1	d1
d1	d1	d1	N	N	-	-	-	-	E	E	E	E	d1	-	-	d1	d1	d1	d1	d1	-	-	-	E	N	-	-
d1	d1	d1	d1	L	-	-	-	L	N	-	-	-	d1	N	-	-	d1	d1	d1	N	-	-	L	L	L	-	-
d1	d1	-	-	d1	d1	d1	d1	-	-	d1	d1	d1	-	-	N	N	N	-	-	-	-	-	d1	N	N	-	-
d2	N	-	-	d2	d1	N	-	-	E	L	-	-	-	d2	d2	N	-	-	d2	d2	d2	d2	d2	-	-	-	-
-	E	E	E	L	-	-	d1	d1	d1	L	-	-	-	L	L	-	-	E	E	E	E	-	-	E	E	d1	L
L	L	L	L	L	-	-	L	L	L	-	-	-	L	L	L	-	-	L	L	L	L	-	-	L	L	-	-
E	E	E	d2	d2	-	-	-	-	-	E	E	E	L	-	-	E	E	d2	-	-	-	E	L	-	-	E	E
-	-	-	L	L	N	-	-	E	E	L	N	-	-	E	d2	L	-	-	d1	d1	d2	d1	N	-	-	-	-
-	-	-	E	d1	L	-	-	E	d2	d1	L	-	-	d2	d2	d2	d2	d1	-	-	-	d1	L	-	-	d1	L
N	N	-	-	-	-	-	E	E	E	-	-	-	-	E	E	E	d2	d1	-	-	E	d2	-	-	d2	N	N
d1	d1	-	-	L	L	-	-	L	N	N	-	-	E	d1	d1	N	-	-	-	-	d1	L	L	L	-	-	-
d2	d2	-	-	L	L	L	L	-	-	-	d2	d2	d2	L	-	-	d2	L	-	-	L	L	L	L	-	-	-
L	L	-	-	E	d2	L	-	-	E	d2	L	L	L	-	-	E	d2	d2	-	-	d2	d2	d2	d2	L	-	-
d2	N	-	-	d2	L	-	-	d2	d1	d2	d2	-	-	-	E	d2	d1	L	-	-	d2	L	-	-	-	E	L
E	E	E	N	-	-	-	E	E	d2	d1	-	-	E	E	d1	N	N	-	-	E	E	-	-	-	-	-	-
E	E	E	E	E	-	-	E	E	E	E	-	-	-	E	E	E	-	-	-	d1	d1	-	-	E	E	-	-
d1	d1	d2	L	-	-	-	-	d2	d1	d1	-	-	d1	L	-	-	E	L	-	-	-	-	E	E	d1	d1	d2
-	-	-	E	E	-	-	d2	d2	d2	d2	d2	-	-	-	E	d2	d2	N	N	-	-	d1	d1	d1	L	-	-
L	L	-	-	L	L	-	-	d1	d1	d1	d1	-	-	-	L	L	L	L	L	-	-	d1	d1	L	-	-	-
d1	d1	d1	d2	-	-	d2	d1	d1	d2	d1	-	-	E	E	-	-	E	E	-	-	E	E	d1	-	-	-	-
E	E	d1	-	-	E	d1	d1	-	-	E	E	-	-	-	-	L	L	L	L	-	-	E	E	E	d1	-	-
-	-	E	E	d2	d2	L	-	-	E	d2	d2	-	-	E	d2	d2	d2	d2	-	-	-	-	-	-	E	E	d2
d1	d2	d2	-	-	d2	d1	d2	-	-	d2	d2	-	-	-	-	d2	L	-	-	-	L	L	-	-	L	L	L
E	d2	-	-	E	E	-	-	-	E	L	-	-	-	-	E	E	E	d2	-	-	d2	L	L	L	L	-	-
E	E	E	-	-	-	-	-	-	E	E	E	-	-	-	-	E	E	E	E	E	-	-	E	E	E	E	E
L	L	L	-	-	-	d2	d2	-	-	d2	L	-	-	L	L	L	-	-	E	E	E	E	d2	-	-	-	-
-	-	-	d1	d1	d1	L	N	-	-	E	E	E	-	-	E	L	L	L	-	-	E	E	d1	-	-	-	-
E	d2	L	-	-	-	-	L	L	N	-	-	-	-	-	-	d2	d1	d1	d2	d2	-	-	d2	d1	d1	d1	d1
E	d2	-	-	L	L	-	-	E	d2	d1	d1	-	-	d2	d1	-	-	-	E	E	d2	d2	d2	-	-	-	-
d2	L	L	-	-	d2	d2	d1	-	-	d1	d1	-	-	d1	d2	d1	L	-	-	d1	N	-	-	L	N	-	-
-	-	N	N	-	-	-	E	E	-	-	E	N	-	-	E	E	E	-	-	-	E	E	E	E	E	-	-
E	d1	N	N	-	-	-	-	E	d2	d2	N	-	-	E	E	L	-	-	-	-	E	E	E	E	-	-	-
Objective 0: 13772
Objective 1: 224
Constr violation: 0
Restrictions violated:
0 0 0 0 0 0 0 0 

Individual 11
1	2	3	4	5	6	7	8	9	10	11	12	13	14	15	16	17	18	19	20	21	22	23	24	25	26	27	28
L	L	-	-	d1	L	L	-	-	L	L	L	-	-	d1	d1	L	-	-	d1	d1	d1	d1	d1	-	-	-	-
E	d2	L	L	-	-	-	d2	d2	L	-	-	E	d2	-	-	-	E	E	E	d2	d2	-	-	d2	d2	-	-
E	d1	L	L	L	-	-	L	L	-	-	-	E	L	L	L	-	-	E	E	E	L	L	-	-	-	-	-
d1	d2	d2	d1	N	-	-	-	d1	d2	L	-	-	d2	d2	L	-	-	L	L	-	-	d1	d1	d1	d2	-	-
-	-	E	E	E	E	N	-	-	-	L	N	-	-	E	E	E	-	-	E	L	L	L	N	-	-	-	-
d1	N	-	-	L	N	N	N	N	-	-	-	-	d1	d1	d1	L	L	-	-	-	d1	d1	d1	-	-	-	-
-	-	d2	L	N	-	-	E	N	-	-	-	E	E	E	-	-	d2	d2	N	-	-	d2	d2	d2	N	-	-
d2	d2	d2	d1	-	-	-	d2	d2	d1	-	-	d2	d1	-	-	d2	d1	d1	-	-	-	-	-	d1	d1	d1	d1
d1	d1	d1	N	N	-	-	-	-	E	E	E	E	d1	-	-	d1	d1	d1	d1	d1	-	-	-	E	N	-	-
d1	d1	d1	d1	L	-	-	-	L	N	-	-	-	d1	N	-	-	d1	d1	d1	N	-	-	L	L	L	-	-
d1	d1	-	-	d1	d1	d1	d1	-	-	d1	d1	d1	-	-	N	N	N	-	-	-	-	-	d1	N	N	-	-
d2	N	-	-	d2	d1	N	-	-	E	L	-	-	-	d2	d2	N	-	-	d2	d2	d2	d2	d2	-	-	-	-
-	E	E	E	L	-	-	d1	d1	d1	L	-	-	-	L	L	-	-	E	E	E	E	-	-	E	E	d1	L
L	L	L	L	L	-	-	L	L	L	-	-	-	L	L	L	-	-	L	L	L	L	-	-	L	L	-	-
E	E	E	d2	d2	-	-	-	-	-	E	E	E	L	-	-	E	E	d2	-	-	-	E	L	-	-	E	E
-	-	-	L	L	N	-	-	E	E	L	N	-	-	E	d2	L	-	-	d1	d1	d2	d1	N	-	-	-	-
-	-	-	E	d1	L	-	-	E	d2	d1	L	-	-	d2	d2	d2	d2	d1	-	-	-	d1	L	-	-	d1	L
N	N	-	-	-	-	-	E	E	E	-	-	-	-	E	E	E	d2	d1	-	-	E	d2	-	-	d2	N	N
d1	d1	-	-	L	L	-	-	L	N	N	-	-	E	d1	d1	N	-	-	-	-	d1	L	L	L	-	-	-
d2	L	L	-	-	d2	d2	d2	-	-	d2	d2	d2	L	L	-	-	d2	d2	-	-	-	L	L	L	-	-	-
L	L	-	-	E	d2	L	-	-	E	d2	L	L	L	-	-	E	d2	d2	-	-	d2	d2	d2	d2	L	-	-
d2	N	-	-	d2	L	-	-	d2	d1	d2	d2	-	-	-	E	d2	d1	L	-	-	d2	L	-	-	-	E	L
E	E	E	N	-	-	-	E	E	d2	d1	-	-	E	E	d1	N	N	-	-	E	E	-	-	-	-	-	-
E	E	E	E	E	-	-	E	E	E	E	-	-	-	E	E	E	-	-	-	d1	d1	-	-	E	E	-	-
d1	d1	d2	L	-	-	-	-	d2	d1	d1	-	-	d1	L	-	-	E	L	-	-	-	-	E	E	d1	d1	d2
-	-	-	E	E	-	-	d2	d2	d2	d2	d2	-	-	-	E	d2	d2	N	N	-	-	d1	d1	d1	L	-	-
L	L	-	-	L	L	-	-	d1	d1	d1	d1	-	-	-	L	L	L	L	L	-	-	d1	d1	L	-	-	-
d1	d1	d1	d2	-	-	d2	d1	d1	d2	d1	-	-	E	E	-	-	E	E	-	-	E	E	d1	-	-	-	-
E	E	d1	-	-	E	d1	d1	-	-	E	E	-	-	-	-	L	L	L	L	-	-	E	E	E	d1	-	-
-	-	E	E	d2	d2	L	-	-	E	d2	d2	-	-	d2	L	L	L	-	-	-	-	-	-	L	L	L	L
d1	d2	d2	d1	d1	-	-	-	-	-	-	L	L	L	-	-	d2	L	L	-	-	-	-	d1	d1	L	L	L
E	d2	-	-	E	E	-	-	-	E	L	-	-	-	-	E	E	E	d2	-	-	d2	L	L	L	L	-	-
E	E	E	-	-	-	-	-	-	E	E	E	-	-	-	-	E	E	E	E	E	-	-	E	E	E	E	E
L	L	L	-	-	d2	d2	d2	-	-	d2	L	-	-	d2	d2	-	-	E	d2	-	-	d2	L	L	-	-	-
-	-	-	d1	d1	d1	L	N	-	-	E	E	E	-	-	E	L	L	L	-	-	E	E	d1	-	-	-	-
E	d2	L	-	-	-	-	L	L	N	-	-	-	-	-	-	d2	d1	d1	d2	d2	-	-	d2	d1	d1	d1	d1
E	d2	-	-	L	L	-	-	E	d2	d1	d1	-	-	d2	d1	-	-	-	E	E	d2	d2	d2	-	-	-	-
d2	L	L	-	-	d2	d2	d1	-	-	d1	d1	-	-	d1	d2	d1	L	-	-	d1	N	-	-	L	N	-	-
-	-	N	N	-	-	-	E	E	-	-	E	N	-	-	E	E	E	-	-	-	E	E	E	E	E	-	-
E	d1	N	N	-	-	-	-	E	d2	d2	N	-	-	E	E	L	-	-	-	-	E	E	E	E	-	-	-
Objective 0: 13773
Objective 1: 223
Constr violation: 0
Restrictions violated:
0 0 0 0 0 0 0 0 

Individual 12
1	2	3	4	5	6	7	8	9	10	11	12	13	14	15	16	17	18	19	20	21	22	23	24	25	26	27	28
L	L	-	-	d1	L	L	-	-	L	L	L	-	-	d1	d1	L	-	-	d1	d1	d1	d1	d1	-	-	-	-
E	d2	L	L	-	-	-	d2	d2	L	-	-	E	d2	-	-	-	E	E	E	d2	d2	-	-	d2	d2	-	-
E	d1	L	L	L	-	-	L	L	-	-	-	E	L	L	L	-	-	E	E	E	L	L	-	-	-	-	-
d1	d2	d2	d1	N	-	-	-	d1	d2	L	-	-	d2	d2	L	-	-	L	L	-	-	d1	d1	d1	d2	-	-
-	-	E	E	E	E	N	-	-	-	L	N	-	-	E	E	E	-	-	E	L	L	L	N	-	-	-	-
d1	N	-	-	L	N	N	N	N	-	-	-	-	d1	d1	d1	L	L	-	-	-	d1	d1	d1	-	-	-	-
-	-	d2	L	N	-	-	E	N	-	-	-	E	E	E	-	-	d2	d2	N	-	-	d2	d2	d2	N	-	-
d2	d2	d2	d1	-	-	-	d2	d2	d1	-	-	d2	d1	-	-	d2	d1	d1	-	-	-	-	-	d1	d1	d1	d1
d1	d1	d1	N	N	-	-	-	-	E	E	E	E	d1	-	-	d1	d1	d1	d1	d1	-	-	-	E	N	-	-
d1	d1	d1	d1	L	-	-	-	L	N	-	-	-	d1	N	-	-	d1	d1	d1	N	-	-	L	L	L	-	-
d1	d1	-	-	d1	d1	d1	d1	-	-	d1	d1	d1	-	-	N	N	N	-	-	-	-	-	d1	N	N	-	-
d2	N	-	-	d2	d1	N	-	-	E	L	-	-	-	d2	d2	N	-	-	d2	d2	d2	d2	d2	-	-	-	-
-	E	E	E	L	-	-	d1	d1	d1	L	-	-	-	L	L	-	-	E	E	E	E	-	-	E	E	d1	L
L	L	L	L	L	-	-	L	L	L	-	-	-	L	L	L	-	-	L	L	L	L	-	-	L	L	-	-
E	E	E	d2	d2	-	-	-	-	-	E	E	E	L	-	-	E	E	d2	-	-	-	E	L	-	-	E	E
-	-	-	L	L	N	-	-	E	E	L	N	-	-	E	d2	L	-	-	d1	d1	d2	d1	N	-	-	-	-
-	-	-	E	d1	L	-	-	E	d2	d1	L	-	-	d2	d2	d2	d2	d1	-	-	-	d1	L	-	-	d1	L
N	N	-	-	-	-	-	E	E	E	-	-	-	-	E	E	E	d2	d1	-	-	E	d2	-	-	d2	N	N
d1	d1	-	-	L	L	-	-	L	N	N	-	-	E	d1	d1	N	-	-	-	-	d1	L	L	L	-	-	-
d2	L	L	-	-	d2	d2	d2	-	-	d2	d2	d2	L	L	-	-	d2	d2	-	-	-	L	L	L	-	-	-
L	L	-	-	E	d2	L	-	-	E	d2	L	L	L	-	-	E	d2	d2	-	-	d2	d2	d2	d2	L	-	-
d2	N	-	-	d2	L	-	-	d2	d1	d2	d2	-	-	-	E	d2	d1	L	-	-	d2	L	-	-	-	E	L
E	E	E	N	-	-	-	E	E	d2	d1	-	-	E	E	d1	N	N	-	-	E	E	-	-	-	-	-	-
E	E	E	E	E	-	-	E	E	E	E	-	-	-	E	E	E	-	-	-	d1	d1	-	-	E	E	-	-
d1	d1	d2	L	-	-	-	-	d2	d1	d1	-	-	d1	L	-	-	E	L	-	-	-	-	E	E	d1	d1	d2
-	-	-	E	E	-	-	d2	d2	d2	d2	d2	-	-	-	E	d2	d2	N	N	-	-	d1	d1	d1	L	-	-
L	L	-	-	L	L	-	-	d1	d1	d1	d1	-	-	-	L	L	L	L	L	-	-	d1	d1	L	-	-	-
d1	d1	d1	d2	-	-	d2	d1	d1	d2	d1	-	-	E	E	-	-	E	E	-	-	E	E	d1	-	-	-	-
E	E	d1	-	-	E	d1	d1	-	-	E	E	-	-	-	-	L	L	L	L	-	-	E	E	E	d1	-	-
-	-	E	E	d2	d2	L	-	-	E	d2	d2	-	-	E	d2	d2	d2	d2	-	-	-	-	-	-	E	E	d2
d1	d2	d2	d1	d1	-	-	-	-	-	-	L	L	L	-	-	d2	L	L	-	-	-	-	d1	d1	L	L	L
E	d2	-	-	E	E	-	-	-	E	L	-	-	-	-	E	E	E	d2	-	-	d2	L	L	L	L	-	-
E	E	E	-	-	-	-	-	-	E	E	E	-	-	-	-	E	E	E	E	E	-	-	E	E	E	E	E
L	L	L	-	-	-	d2	d2	-	-	d2	L	-	-	L	L	L	-	-	E	E	E	E	d2	-	-	-	-
-	-	-	d1	d1	d1	L	N	-	-	E	E	E	-	-	E	L	L	L	-	-	E	E	d1	-	-	-	-
E	d2	L	-	-	-	-	L	L	N	-	-	-	-	-	-	d2	d1	d1	d2	d2	-	-	d2	d1	d1	d1	d1
E	d2	-	-	L	L	-	-	E	d2	d1	d1	-	-	d2	d1	-	-	-	E	E	d2	d2	d2	-	-	-	-
d2	L	L	-	-	d2	d2	d1	-	-	d1	d1	-	-	d1	d2	d1	L	-	-	d1	N	-	-	L	N	-	-
-	-	N	N	-	-	-	E	E	-	-	E	N	-	-	E	E	E	-	-	-	E	E	E	E	E	-	-
-	-	-	d2	d1	-	-	-	-	-	E	E	N	N	N	-	-	d1	N	-	-	-	-	E	d2	d1	d1	d1
Objective 0: 13267
Objective 1: 226
Constr violation: 0
Restrictions violated:
0 0 0 0 0 0 0 0 

Individual 13
1	2	3	4	5	6	7	8	9	10	11	12	13	14	15	16	17	18	19	20	21	22	23	24	25	26	27	28
L	L	-	-	d1	L	L	-	-	L	L	L	-	-	d1	d1	L	-	-	d1	d1	d1	d1	d1	-	-	-	-
E	d2	L	L	-	-	-	d2	d2	L	-	-	E	d2	-	-	-	E	E	E	d2	d2	-	-	d2	d2	-	-
E	d1	L	L	L	-	-	L	L	-	-	-	E	L	L	L	-	-	E	E	E	L	L	-	-	-	-	-
d1	d2	d2	d1	N	-	-	-	d1	d2	L	-	-	d2	d2	L	-	-	L	L	-	-	d1	d1	d1	d2	-	-
-	-	E	E	E	E	N	-	-	-	L	N	-	-	E	E	E	-	-	E	L	L	L	N	-	-	-	-
d1	N	-	-	L	N	N	N	N	-	-	-	-	d1	d1	d1	L	L	-	-	-	d1	d1	d1	-	-	-	-
-	-	d2	L	N	-	-	E	N	-	-	-	E	E	E	-	-	d2	d2	N	-	-	d2	d2	d2	N	-	-
d2	d2	d2	d1	-	-	-	d2	d2	d1	-	-	d2	d1	-	-	d2	d1	d1	-	-	-	-	-	d1	d1	d1	d1
d1	d1	d1	N	N	-	-	-	-	E	E	E	E	d1	-	-	d1	d1	d1	d1	d1	-	-	-	E	N	-	-
d1	d1	d1	d1	L	-	-	-	L	N	-	-	-	d1	N	-	-	d1	d1	d1	N	-	-	L	L	L	-	-
d1	d1	-	-	d1	d1	d1	d1	-	-	d1	d1	d1	-	-	N	N	N	-	-	-	-	-	d1	N	N	-	-
d2	N	-	-	d2	d1	N	-	-	E	L	-	-	-	d2	d2	N	-	-	d2	d2	d2	d2	d2	-	-	-	-
-	E	E	E	L	-	-	d1	d1	d1	L	-	-	-	L	L	-	-	E	E	E	E	-	-	E	E	d1	L
L	L	L	L	L	-	-	L	L	L	-	-	-	L	L	L	-	-	L	L	L	L	-	-	L	L	-	-
E	E	E	d2	d2	-	-	-	-	-	E	E	E	L	-	-	E	E	d2	-	-	-	E	L	-	-	E	E
-	-	-	L	L	N	-	-	E	E	L	N	-	-	E	d2	L	-	-	d1	d1	d2	d1	N	-	-	-	-
-	-	-	E	d1	L	-	-	E	d2	d1	L	-	-	d2	d2	d2	d2	d1	-	-	-	d1	L	-	-	d1	L
N	N	-	-	-	-	-	E	E	E	-	-	-	-	E	E	E	d2	d1	-	-	E	d2	-	-	d2	N	N
d1	d1	-	-	L	L	-	-	L	N	N	-	-	E	d1	d1	N	-	-	-	-	d1	L	L	L	-	-	-
d2	L	L	-	-	d2	d2	d2	-	-	d2	d2	d2	L	L	-	-	d2	d2	-	-	-	L	L	L	-	-	-
L	L	-	-	E	d2	L	-	-	E	d2	L	L	L	-	-	E	d2	d2	-	-	d2	d2	d2	d2	L	-	-
d2	N	-	-	d2	L	-	-	d2	d1	d2	d2	-	-	-	E	d2	d1	L	-	-	d2	L	-	-	-	E	L
E	E	E	N	-	-	-	E	E	d2	d1	-	-	E	E	d1	N	N	-	-	E	E	-	-	-	-	-	-
E	E	E	E	E	-	-	E	E	E	E	-	-	-	E	E	E	-	-	-	d1	d1	-	-	E	E	-	-
d1	d1	d2	L	-	-	-	-	d2	d1	d1	-	-	d1	L	-	-	E	L	-	-	-	-	E	E	d1	d1	d2
-	-	-	E	E	-	-	d2	d2	d2	d2	d2	-	-	-	E	d2	d2	N	N	-	-	d1	d1	d1	L	-	-
L	L	-	-	L	L	-	-	d1	d1	d1	d1	-	-	-	L	L	L	L	L	-	-	d1	d1	L	-	-	-
d1	d1	d1	d2	-	-	d2	d1	d1	d2	d1	-	-	E	E	-	-	E	E	-	-	E	E	d1	-	-	-	-
E	E	d1	-	-	E	d1	d1	-	-	E	E	-	-	-	-	L	L	L	L	-	-	E	E	E	d1	-	-
-	-	E	E	d2	d2	L	-	-	E	d2	d2	-	-	E	d2	d2	d2	d2	-	-	-	-	-	-	E	E	d2
d1	d2	d2	d1	d1	-	-	-	-	-	-	L	L	L	-	-	d2	L	L	-	-	-	-	d1	d1	L	L	L
E	d2	-	-	E	E	-	-	-	E	L	-	-	-	-	E	E	E	d2	-	-	d2	L	L	L	L	-	-
E	E	E	-	-	-	-	-	-	E	E	E	-	-	-	-	E	E	E	E	E	-	-	E	E	E	E	E
L	L	L	-	-	-	d2	d2	-	-	d2	L	-	-	L	L	L	-	-	E	E	E	E	d2	-	-	-	-
-	-	-	d1	d1	d1	L	N	-	-	E	E	E	-	-	E	L	L	L	-	-	E	E	d1	-	-	-	-
E	d2	L	-	-	-	-	L	L	N	-	-	-	-	-	-	d2	d1	d1	d2	d2	-	-	d2	d1	d1	d1	d1
E	d2	-	-	L	L	-	-	E	d2	d1	d1	-	-	d2	d1	-	-	-	E	E	d2	d2	d2	-	-	-	-
d2	L	L	-	-	d2	d2	d1	-	-	d1	d1	-	-	d1	d2	d1	L	-	-	d1	N	-	-	L	N	-	-
-	-	N	N	-	-	-	E	E	-	-	E	N	-	-	E	E	E	-	-	-	E	E	E	E	E	-	-
E	d1	N	N	-	-	-	-	E	d2	d2	N	-	-	E	E	L	-	-	-	-	E	E	E	E	-	-	-
Objective 0: 13874
Objective 1: 220
Constr violation: 0
Restrictions violated:
0 0 0 0 0 0 0 0 

Individual 14
1	2	3	4	5	6	7	8	9	10	11	12	13	14	15	16	17	18	19	20	21	22	23	24	25	26	27	28
L	L	-	-	d1	L	L	-	-	L	L	L	-	-	d1	d1	L	-	-	d1	d1	d1	d1	d1	-	-	-	-
E	d2	L	L	-	-	-	d2	d2	L	-	-	E	d2	-	-	-	E	E	E	d2	d2	-	-	d2	d2	-	-
E	d1	L	L	L	-	-	L	L	-	-	-	E	L	L	L	-	-	E	E	E	L	L	-	-	-	-	-
d1	d2	d2	d1	N	-	-	-	d1	d2	L	-	-	d2	d2	L	-	-	L	L	-	-	d1	d1	d1	d2	-	-
-	-	E	E	E	E	N	-	-	-	L	N	-	-	E	E	E	-	-	E	L	L	L	N	-	-	-	-
d1	N	-	-	L	N	N	N	N	-	-	-	-	d1	d1	d1	L	L	-	-	-	d1	d1	d1	-	-	-	-
-	-	d2	L	N	-	-	E	N	-	-	-	E	E	E	-	-	d2	d2	N	-	-	d2	d2	d2	N	-	-
d2	d2	d2	d1	-	-	-	d2	d2	d1	-	-	d2	d1	-	-	d2	d1	d1	-	-	-	-	-	d1	d1	d1	d1
d1	d1	d1	N	N	-	-	-	-	E	E	E	E	d1	-	-	d1	d1	d1	d1	d1	-	-	-	E	N	-	-
d1	d1	d1	d1	L	-	-	-	L	N	-	-	-	d1	N	-	-	d1	d1	d1	N	-	-	L	L	L	-	-
d1	d1	-	-	d1	d1	d1	d1	-	-	d1	d1	d1	-	-	N	N	N	-	-	-	-	-	d1	N	N	-	-
d2	N	-	-	d2	d1	N	-	-	E	L	-	-	-	d2	d2	N	-	-	d2	d2	d2	d2	d2	-	-	-	-
-	E	E	E	L	-	-	d1	d1	d1	L	-	-	-	L	L	-	-	E	E	E	E	-	-	E	E	d1	L
L	L	L	L	L	-	-	L	L	L	-	-	-	L	L	L	-	-	L	L	L	L	-	-	L	L	-	-
E	E	E	d2	d2	-	-	-	-	-	E	E	E	L	-	-	E	E	d2	-	-	-	E	L	-	-	E	E
-	-	-	L	L	N	-	-	E	E	L	N	-	-	E	d2	L	-	-	d1	d1	d2	d1	N	-	-	-	-
-	-	-	E	d1	L	-	-	E	d2	d1	L	-	-	d2	d2	d2	d2	d1	-	-	-	d1	L	-	-	d1	L
N	N	-	-	-	-	-	E	E	E	-	-	-	-	E	E	E	d2	d1	-	-	E	d2	-	-	d2	N	N
d1	d1	-	-	L	L	-	-	L	N	N	-	-	E	d1	d1	N	-	-	-	-	d1	L	L	L	-	-	-
d2	L	L	-	-	d2	d2	d2	-	-	d2	d2	d2	L	L	-	-	d2	d2	-	-	-	L	L	L	-	-	-
L	L	-	-	E	d2	L	-	-	E	d2	L	L	L	-	-	E	d2	d2	-	-	d2	d2	d2	d2	L	-	-
d2	N	-	-	d2	L	-	-	d2	d1	d2	d2	-	-	-	E	d2	d1	L	-	-	d2	L	-	-	-	E	L
E	E	E	N	-	-	-	E	E	d2	d1	-	-	E	E	d1	N	N	-	-	E	E	-	-	-	-	-	-
E	E	E	E	E	-	-	E	E	E	E	-	-	-	E	E	E	-	-	-	d1	d1	-	-	E	E	-	-
d1	d1	d2	L	-	-	-	-	d2	d1	d1	-	-	d1	L	-	-	E	L	-	-	-	-	E	E	d1	d1	d2
-	-	-	E	E	-	-	d2	d2	d2	d2	d2	-	-	-	E	d2	d2	N	N	-	-	d1	d1	d1	L	-	-
L	L	-	-	L	L	-	-	d1	d1	d1	d1	-	-	-	L	L	L	L	L	-	-	d1	d1	L	-	-	-
d1	d1	d1	d2	-	-	d2	d1	d1	d2	d1	-	-	E	E	-	-	E	E	-	-	E	E	d1	-	-	-	-
E	E	d1	-	-	E	d1	d1	-	-	E	E	-	-	-	-	L	L	L	L	-	-	E	E	E	d1	-	-
-	-	E	E	d2	d2	L	-	-	E	d2	d2	-	-	E	d2	d2	d2	d2	-	-	-	-	-	-	E	E	d2
d1	d2	d2	-	-	d2	d1	d2	-	-	d2	d2	-	-	-	-	d2	L	-	-	-	L	L	-	-	L	L	L
E	d2	-	-	E	E	-	-	-	E	L	-	-	-	-	E	E	E	d2	-	-	d2	L	L	L	L	-	-
E	E	E	-	-	-	-	-	-	E	E	E	-	-	-	-	E	E	E	E	E	-	-	E	E	E	E	E
L	L	L	-	-	-	d2	d2	-	-	d2	L	-	-	L	L	L	-	-	E	E	E	E	d2	-	-	-	-
-	-	-	d1	d1	d1	L	N	-	-	E	E	E	-	-	E	L	L	L	-	-	E	E	d1	-	-	-	-
E	d2	L	-	-	-	-	L	L	N	-	-	-	-	-	-	d2	d1	d1	d2	d2	-	-	d2	d1	d1	d1	d1
E	d2	-	-	L	L	-	-	E	d2	d1	d1	-	-	d2	d1	-	-	-	E	E	d2	d2	d2	-	-	-	-
d2	L	L	-	-	d2	d2	d1	-	-	d1	d1	-	-	d1	d2	d1	L	-	-	d1	N	-	-	L	N	-	-
-	-	N	N	-	-	-	E	E	-	-	E	N	-	-	E	E	E	-	-	-	E	E	E	E	E	-	-
-	-	-	d2	d1	-	-	-	-	-	E	E	N	N	N	-	-	d1	N	-	-	-	-	E	d2	d1	d1	d1
Objective 0: 13266
Objective 1: 227
Constr violation: 0
Restrictions violated:
0 0 0 0 0 0 0 0 

Individual 15
1	2	3	4	5	6	7	8	9	10	11	12	13	14	15	16	17	18	19	20	21	22	23	24	25	26	27	28
L	L	-	-	d1	L	L	-	-	L	L	L	-	-	d1	d1	L	-	-	d1	d1	d1	d1	d1	-	-	-	-
E	d2	L	L	-	-	-	d2	d2	L	-	-	E	d2	-	-	-	E	E	E	d2	d2	-	-	d2	d2	-	-
E	d1	L	L	L	-	-	L	L	-	-	-	E	L	L	L	-	-	E	E	E	L	L	-	-	-	-	-
d1	d2	d2	d1	N	-	-	-	d1	d2	L	-	-	d2	d2	L	-	-	L	L	-	-	d1	d1	d1	d2	-	-
-	-	E	E	E	E	N	-	-	-	L	N	-	-	E	E	E	-	-	E	L	L	L	N	-	-	-	-
d1	N	-	-	L	N	N	N	N	-	-	-	-	d1	d1	d1	L	L	-	-	-	d1	d1	d1	-	-	-	-
-	-	d2	L	N	-	-	E	N	-	-	-	E	E	E	-	-	d2	d2	N	-	-	d2	d2	d2	N	-	-
d2	d2	d2	d1	-	-	-	d2	d2	d1	-	-	d2	d1	-	-	d2	d1	d1	-	-	-	-	-	d1	d1	d1	d1
d1	d1	d1	N	N	-	-	-	-	E	E	E	E	d1	-	-	d1	d1	d1	d1	d1	-	-	-	E	N	-	-
d1	d1	d1	d1	L	-	-	-	L	N	-	-	-	d1	N	-	-	d1	d1	d1	N	-	-	L	L	L	-	-
d1	d1	-	-	d1	d1	d1	d1	-	-	d1	d1	d1	-	-	N	N	N	-	-	-	-	-	d1	N	N	-	-
d2	N	-	-	d2	d1	N	-	-	E	L	-	-	-	d2	d2	N	-	-	d2	d2	d2	d2	d2	-	-	-	-
-	E	E	E	L	-	-	d1	d1	d1	L	-	-	-	L	L	-	-	E	E	E	E	-	-	E	E	d1	L
L	L	L	L	L	-	-	L	L	L	-	-	-	L	L	L	-	-	L	L	L	L	-	-	L	L	-	-
E	E	E	d2	d2	-	-	-	-	-	E	E	E	L	-	-	E	E	d2	-	-	-	E	L	-	-	E	E
-	-	-	L	L	N	-	-	E	E	L	N	-	-	E	d2	L	-	-	d1	d1	d2	d1	N	-	-	-	-
-	-	-	E	d1	L	-	-	E	d2	d1	L	-	-	d2	d2	d2	d2	d1	-	-	-	d1	L	-	-	d1	L
N	N	-	-	-	-	-	E	E	E	-	-	-	-	E	E	E	d2	d1	-	-	E	d2	-	-	d2	N	N
d1	d1	-	-	L	L	-	-	L	N	N	-	-	E	d1	d1	N	-	-	-	-	d1	L	L	L	-	-	-
d2	L	L	-	-	d2	d2	d2	-	-	d2	d2	d2	L	L	-	-	d2	d2	-	-	-	L	L	L	-	-	-
L	L	-	-	E	d2	L	-	-	E	d2	L	L	L	-	-	E	d2	d2	-	-	d2	d2	d2	d2	L	-	-
d2	N	-	-	d2	L	-	-	d2	d1	d2	d2	-	-	-	E	d2	d1	L	-	-	d2	L	-	-	-	E	L
E	E	E	N	-	-	-	E	E	d2	d1	-	-	E	E	d1	N	N	-	-	E	E	-	-	-	-	-	-
E	E	E	E	E	-	-	E	E	E	E	-	-	-	E	E	E	-	-	-	d1	d1	-	-	E	E	-	-
d1	d1	d2	L	-	-	-	-	d2	d1	d1	-	-	d1	L	-	-	E	L	-	-	-	-	E	E	d1	d1	d2
-	-	-	E	E	-	-	d2	d2	d2	d2	d2	-	-	-	E	d2	d2	N	N	-	-	d1	d1	d1	L	-	-
L	L	-	-	L	L	-	-	d1	d1	d1	d1	-	-	-	L	L	L	L	L	-	-	d1	d1	L	-	-	-
d1	d1	d1	d2	-	-	d2	d1	d1	d2	d1	-	-	E	E	-	-	E	E	-	-	E	E	d1	-	-	-	-
E	E	d1	-	-	E	d1	d1	-	-	E	E	-	-	-	-	L	L	L	L	-	-	E	E	E	d1	-	-
-	-	E	E	d2	d2	L	-	-	E	d2	d2	-	-	d2	L	L	L	-	-	-	-	-	-	L	L	L	L
d1	d2	d2	d1	d1	-	-	-	-	-	-	L	L	L	-	-	d2	L	L	-	-	-	-	d1	d1	L	L	L
E	d2	-	-	E	E	-	-	-	E	L	-	-	-	-	E	E	E	d2	-	-	d2	L	L	L	L	-	-
E	E	E	-	-	-	-	-	-	E	E	E	-	-	-	-	E	E	E	E	E	-	-	E	E	E	E	E
L	L	L	-	-	d2	d2	d2	-	-	d2	L	-	-	d2	d2	-	-	E	d2	-	-	d2	L	L	-	-	-
-	-	-	d1	d1	d1	L	N	-	-	E	E	E	-	-	E	L	L	L	-	-	E	E	d1	-	-	-	-
E	d2	L	-	-	-	-	L	L	N	-	-	-	-	-	-	d2	d1	d1	d2	d2	-	-	d2	d1	d1	d1	d1
E	d2	-	-	L	L	-	-	E	d2	d1	d1	-	-	d2	d1	-	-	-	E	E	d2	d2	d2	-	-	-	-
d2	L	L	-	-	d2	d2	d1	-	-	d1	d1	-	-	d1	d2	d1	L	-	-	d1	N	-	-	L	N	-	-
-	-	N	N	-	-	-	E	E	-	-	E	N	-	-	E	E	E	-	-	-	E	E	E	E	E	-	-
E	d1	N	N	-	-	-	-	E	d2	d2	N	-	-	E	E	L	-	-	-	-	E	E	E	E	-	-	-
Objective 0: 13773
Objective 1: 223
Constr violation: 0
Restrictions violated:
0 0 0 0 0 0 0 0 

Individual 16
1	2	3	4	5	6	7	8	9	10	11	12	13	14	15	16	17	18	19	20	21	22	23	24	25	26	27	28
L	L	-	-	d1	L	L	-	-	L	L	L	-	-	d1	d1	L	-	-	d1	d1	d1	d1	d1	-	-	-	-
E	d2	L	L	-	-	-	d2	d2	L	-	-	E	d2	-	-	-	E	E	E	d2	d2	-	-	d2	d2	-	-
E	d1	L	L	L	-	-	L	L	-	-	-	E	L	L	L	-	-	E	E	E	L	L	-	-	-	-	-
d1	d2	d2	d1	N	-	-	-	d1	d2	L	-	-	d2	d2	L	-	-	L	L	-	-	d1	d1	d1	d2	-	-
-	-	E	E	E	E	N	-	-	-	L	N	-	-	E	E	E	-	-	E	L	L	L	N	-	-	-	-
d1	N	-	-	L	N	N	N	N	-	-	-	-	d1	d1	d1	L	L	-	-	-	d1	d1	d1	-	-	-	-
-	-	d2	L	N	-	-	E	N	-	-	-	E	E	E	-	-	d2	d2	N	-	-	d2	d2	d2	N	-	-
d2	d2	d2	d1	-	-	-	d2	d2	d1	-	-	d2	d1	-	-	d2	d1	d1	-	-	-	-	-	d1	d1	d1	d1
d1	d1	d1	N	N	-	-	-	-	E	E	E	E	d1	-	-	d1	d1	d1	d1	d1	-	-	-	E	N	-	-
d1	d1	d1	d1	L	-	-	-	L	N	-	-	-	d1	N	-	-	d1	d1	d1	N	-	-	L	L	L	-	-
d1	d1	-	-	d1	d1	d1	d1	-	-	d1	d1	d1	-	-	N	N	N	-	-	-	-	-	d1	N	N	-	-
d2	N	-	-	d2	d1	N	-	-	E	L	-	-	-	d2	d2	N	-	-	d2	d2	d2	d2	d2	-	-	-	-
-	E	E	E	L	-	-	d1	d1	d1	L	-	-	-	L	L	-	-	E	E	E	E	-	-	E	E	d1	L
L	L	L	L	L	-	-	L	L	L	-	-	-	L	L	L	-	-	L	L	L	L	-	-	L	L	-	-
E	E	E	d2	d2	-	-	-	-	-	E	E	E	L	-	-	E	E	d2	-	-	-	E	L	-	-	E	E
-	-	-	L	L	N	-	-	E	E	L	N	-	-	E	d2	L	-	-	d1	d1	d2	d1	N	-	-	-	-
-	-	-	E	d1	L	-	-	E	d2	d1	L	-	-	d2	d2	d2	d2	d1	-	-	-	d1	L	-	-	d1	L
N	N	-	-	-	-	-	E	E	E	-	-	-	-	E	E	E	d2	d1	-	-	E	d2	-	-	d2	N	N
d1	d1	-	-	L	L	-	-	L	N	N	-	-	E	d1	d1	N	-	-	-	-	d1	L	L	L	-	-	-
d2	L	L	-	-	d2	d2	d2	-	-	d2	d2	d2	L	L	-	-	d2	d2	-	-	-	L	L	L	-	-	-
L	L	-	-	E	d2	L	-	-	E	d2	L	L	L	-	-	E	d2	d2	-	-	d2	d2	d2	d2	L	-	-
d2	N	-	-	d2	L	-	-	d2	d1	d2	d2	-	-	-	E	d2	d1	L	-	-	d2	L	-	-	-	E	L
E	E	E	N	-	-	-	E	E	d2	d1	-	-	E	E	d1	N	N	-	-	E	E	-	-	-	-	-	-
E	E	E	E	E	-	-	E	E	E	E	-	-	-	E	E	E	-	-	-	d1	d1	-	-	E	E	-	-
d1	d1	d2	L	-	-	-	-	d2	d1	d1	-	-	d1	L	-	-	E	L	-	-	-	-	E	E	d1	d1	d2
-	-	-	E	E	-	-	d2	d2	d2	d2	d2	-	-	-	E	d2	d2	N	N	-	-	d1	d1	d1	L	-	-
L	L	-	-	L	L	-	-	d1	d1	d1	d1	-	-	-	L	L	L	L	L	-	-	d1	d1	L	-	-	-
d1	d1	d1	d2	-	-	d2	d1	d1	d2	d1	-	-	E	E	-	-	E	E	-	-	E	E	d1	-	-	-	-
E	E	d1	-	-	E	d1	d1	-	-	E	E	-	-	-	-	L	L	L	L	-	-	E	E	E	d1	-	-
-	-	E	E	d2	d2	L	-	-	E	d2	d2	-	-	E	d2	d2	d2	d2	-	-	-	-	-	-	E	E	d2
d1	d2	d2	d1	d1	-	-	-	-	-	-	L	L	L	-	-	d2	L	L	-	-	-	-	d1	d1	L	L	L
E	d2	-	-	E	E	-	-	-	E	L	-	-	-	-	E	E	E	d2	-	-	d2	L	L	L	L	-	-
E	E	E	-	-	-	-	-	-	E	E	E	-	-	-	-	E	E	E	E	E	-	-	E	E	E	E	E
L	L	L	-	-	-	d2	d2	-	-	d2	L	-	-	L	L	L	-	-	E	E	E	E	d2	-	-	-	-
-	-	-	d1	d1	d1	L	N	-	-	E	E	E	-	-	E	L	L	L	-	-	E	E	d1	-	-	-	-
E	d2	L	-	-	-	-	L	L	N	-	-	-	-	-	-	d2	d1	d1	d2	d2	-	-	d2	d1	d1	d1	d1
E	d2	-	-	L	L	-	-	E	d2	d1	d1	-	-	d2	d1	-	-	-	E	E	d2	d2	d2	-	-	-	-
d2	L	L	-	-	d2	d2	d1	-	-	d1	d1	-	-	d1	d2	d1	L	-	-	d1	N	-	-	L	N	-	-
-	-	N	N	-	-	-	E	E	-	-	E	N	-	-	E	E	E	-	-	-	E	E	E	E	E	-	-
-	-	-	d2	d1	-	-	-	-	-	E	E	N	N	N	-	-	d1	N	-	-	-	-	E	d2	d1	d1	d1
Objective 0: 13267
Objective 1: 226
Constr violation: 0
Restrictions violated:
0 0 0 0 0 0 0 0 

Individual 17
1	2	3	4	5	6	7	8	9	10	11	12	13	14	15	16	17	18	19	20	21	22	23	24	25	26	27	28
L	L	-	-	d1	L	L	-	-	L	L	L	-	-	d1	d1	L	-	-	d1	d1	d1	d1	d1	-	-	-	-
E	d2	L	L	-	-	-	d2	d2	L	-	-	E	d2	-	-	-	E	E	E	d2	d2	-	-	d2	d2	-	-
E	d1	L	L	L	-	-	L	L	-	-	-	E	L	L	L	-	-	E	E	E	L	L	-	-	-	-	-
d1	d2	d2	d1	N	-	-	-	d1	d2	L	-	-	d2	d2	L	-	-	L	L	-	-	d1	d1	d1	d2	-	-
-	-	E	E	E	E	N	-	-	-	L	N	-	-	E	E	E	-	-	E	L	L	L	N	-	-	-	-
d1	N	-	-	L	N	N	N	N	-	-	-	-	d1	d1	d1	L	L	-	-	-	d1	d1	d1	-	-	-	-
-	-	d2	L	N	-	-	E	N	-	-	-	E	E	E	-	-	d2	d2	N	-	-	d2	d2	d2	N	-	-
d2	d2	d2	d1	-	-	-	d2	d2	d1	-	-	d2	d1	-	-	d2	d1	d1	-	-	-	-	-	d1	d1	d1	d1
d1	d1	d1	N	N	-	-	-	-	E	E	E	E	d1	-	-	d1	d1	d1	d1	d1	-	-	-	E	N	-	-
d1	d1	d1	d1	L	-	-	-	L	N	-	-	-	d1	N	-	-	d1	d1	d1	N	-	-	L	L	L	-	-
d1	d1	-	-	d1	d1	d1	d1	-	-	d1	d1	d1	-	-	N	N	N	-	-	-	-	-	d1	N	N	-	-
d2	N	-	-	d2	d1	N	-	-	E	L	-	-	-	d2	d2	N	-	-	d2	d2	d2	d2	d2	-	-	-	-
-	E	E	E	L	-	-	d1	d1	d1	L	-	-	-	L	L	-	-	E	E	E	E	-	-	E	E	d1	L
L	L	L	L	L	-	-	L	L	L	-	-	-	L	L	L	-	-	L	L	L	L	-	-	L	L	-	-
E	E	E	d2	d2	-	-	-	-	-	E	E	E	L	-	-	E	E	d2	-	-	-	E	L	-	-	E	E
-	-	-	L	L	N	-	-	E	E	L	N	-	-	E	d2	L	-	-	d1	d1	d2	d1	N	-	-	-	-
-	-	-	E	d1	L	-	-	E	d2	d1	L	-	-	d2	d2	d2	d2	d1	-	-	-	d1	L	-	-	d1	L
N	N	-	-	-	-	-	E	E	E	-	-	-	-	E	E	E	d2	d1	-	-	E	d2	-	-	d2	N	N
d1	d1	-	-	L	L	-	-	L	N	N	-	-	E	d1	d1	N	-	-	-	-	d1	L	L	L	-	-	-
d2	d2	-	-	L	L	L	L	-	-	-	d2	d2	d2	L	-	-	d2	L	-	-	L	L	L	L	-	-	-
L	L	-	-	E	d2	L	-	-	E	d2	L	L	L	-	-	E	d2	d2	-	-	d2	d2	d2	d2	L	-	-
d2	N	-	-	d2	L	-	-	d2	d1	d2	d2	-	-	-	E	d2	d1	L	-	-	d2	L	-	-	-	E	L
E	E	E	N	-	-	-	E	E	d2	d1	-	-	E	E	d1	N	N	-	-	E	E	-	-	-	-	-	-
E	E	E	E	E	-	-	E	E	E	E	-	-	-	E	E	E	-	-	-	d1	d1	-	-	E	E	-	-
d1	d1	d2	L	-	-	-	-	d2	d1	d1	-	-	d1	L	-	-	E	L	-	-	-	-	E	E	d1	d1	d2
-	-	-	E	E	-	-	d2	d2	d2	d2	d2	-	-	-	E	d2	d2	N	N	-	-	d1	d1	d1	L	-	-
L	L	-	-	L	L	-	-	d1	d1	d1	d1	-	-	-	L	L	L	L	L	-	-	d1	d1	L	-	-	-
d1	d1	d1	d2	-	-	d2	d1	d1	d2	d1	-	-	E	E	-	-	E	E	-	-	E	E	d1	-	-	-	-
E	E	d1	-	-	E	d1	d1	-	-	E	E	-	-	-	-	L	L	L	L	-	-	E	E	E	d1	-	-
-	-	E	E	d2	d2	L	-	-	E	d2	d2	-	-	E	d2	d2	d2	d2	-	-	-	-	-	-	E	E	d2
d1	d2	d2	-	-	d2	d1	d2	-	-	d2	d2	-	-	-	-	d2	L	-	-	-	L	L	-	-	L	L	L
E	d2	-	-	E	E	-	-	-	E	L	-	-	-	-	E	E	E	d2	-	-	d2	L	L	L	L	-	-
E	E	E	-	-	-	-	-	-	E	E	E	-	-	-	-	E	E	E	E	E	-	-	E	E	E	E	E
L	L	L	-	-	-	d2	d2	-	-	d2	L	-	-	L	L	L	-	-	E	E	E	E	d2	-	-	-	-
-	-	-	d1	d1	d1	L	N	-	-	E	E	E	-	-	E	L	L	L	-	-	E	E	d1	-	-	-	-
E	d2	L	-	-	-	-	L	L	N	-	-	-	-	-	-	d2	d1	d1	d2	d2	-	-	d2	d1	d1	d1	d1
E	d2	-	-	L	L	-	-	E	d2	d1	d1	-	-	d2	d1	-	-	-	E	E	d2	d2	d2	-	-	-	-
d2	L	L	-	-	d2	d2	d1	-	-	d1	d1	-	-	d1	d2	d1	L	-	-	d1	N	-	-	L	N	-	-
-	-	N	N	-	-	-	E	E	-	-	E	N	-	-	E	E	E	-	-	-	E	E	E	E	E	-	-
E	d1	N	N	-	-	-	-	E	d2	d2	N	-	-	E	E	L	-	-	-	-	E	E	E	E	-	-	-
Objective 0: 13772
Objective 1: 224
Constr violation: 0
Restrictions violated:
0 0 0 0 0 0 0 0 

Individual 18
1	2	3	4	5	6	7	8	9	10	11	12	13	14	15	16	17	18	19	20	21	22	23	24	25	26	27	28
L	L	-	-	d1	L	L	-	-	L	L	L	-	-	d1	d1	L	-	-	d1	d1	d1	d1	d1	-	-	-	-
E	d2	L	L	-	-	-	d2	d2	L	-	-	E	d2	-	-	-	E	E	E	d2	d2	-	-	d2	d2	-	-
E	d1	L	L	L	-	-	L	L	-	-	-	E	L	L	L	-	-	E	E	E	L	L	-	-	-	-	-
d1	d2	d2	d1	N	-	-	-	d1	d2	L	-	-	d2	d2	L	-	-	L	L	-	-	d1	d1	d1	d2	-	-
-	-	E	E	E	E	N	-	-	-	L	N	-	-	E	E	E	-	-	E	L	L	L	N	-	-	-	-
d1	N	-	-	L	N	N	N	N	-	-	-	-	d1	d1	d1	L	L	-	-	-	d1	d1	d1	-	-	-	-
-	-	d2	L	N	-	-	E	N	-	-	-	E	E	E	-	-	d2	d2	N	-	-	d2	d2	d2	N	-	-
d2	d2	d2	d1	-	-	-	d2	d2	d1	-	-	d2	d1	-	-	d2	d1	d1	-	-	-	-	-	d1	d1	d1	d1
d1	d1	d1	N	N	-	-	-	-	E	E	E	E	d1	-	-	d1	d1	d1	d1	d1	-	-	-	E	N	-	-
d1	d1	d1	d1	L	-	-	-	L	N	-	-	-	d1	N	-	-	d1	d1	d1	N	-	-	L	L	L	-	-
d1	d1	-	-	d1	d1	d1	d1	-	-	d1	d1	d1	-	-	N	N	N	-	-	-	-	-	d1	N	N	-	-
d2	N	-	-	d2	d1	N	-	-	E	L	-	-	-	d2	d2	N	-	-	d2	d2	d2	d2	d2	-	-	-	-
-	E	E	E	L	-	-	d1	d1	d1	L	-	-	-	L	L	-	-	E	E	E	E	-	-	E	E	d1	L
L	L	L	L	L	-	-	L	L	L	-	-	-	L	L	L	-	-	L	L	L	L	-	-	L	L	-	-
E	E	E	d2	d2	-	-	-	-	-	E	E	E	L	-	-	E	E	d2	-	-	-	E	L	-	-	E	E
-	-	-	L	L	N	-	-	E	E	L	N	-	-	E	d2	L	-	-	d1	d1	d2	d1	N	-	-	-	-
-	-	-	E	d1	L	-	-	E	d2	d1	L	-	-	d2	d2	d2	d2	d1	-	-	-	d1	L	-	-	d1	L
N	N	-	-	-	-	-	E	E	E	-	-	-	-	E	E	E	d2	d1	-	-	E	d2	-	-	d2	N	N
d1	d1	-	-	L	L	-	-	L	N	N	-	-	E	d1	d1	N	-	-	-	-	d1	L	L	L	-	-	-
d2	L	L	-	-	d2	d2	d2	-	-	d2	d2	d2	L	L	-	-	d2	d2	-	-	-	L	L	L	-	-	-
L	L	-	-	E	d2	L	-	-	E	d2	L	L	L	-	-	E	d2	d2	-	-	d2	d2	d2	d2	L	-	-
d2	N	-	-	d2	L	-	-	d2	d1	d2	d2	-	-	-	E	d2	d1	L	-	-	d2	L	-	-	-	E	L
E	E	E	N	-	-	-	E	E	d2	d1	-	-	E	E	d1	N	N	-	-	E	E	-	-	-	-	-	-
E	E	E	E	E	-	-	E	E	E	E	-	-	-	E	E	E	-	-	-	d1	d1	-	-	E	E	-	-
d1	d1	d2	L	-	-	-	-	d2	d1	d1	-	-	d1	L	-	-	E	L	-	-	-	-	E	E	d1	d1	d2
-	-	-	E	E	-	-	d2	d2	d2	d2	d2	-	-	-	E	d2	d2	N	N	-	-	d1	d1	d1	L	-	-
L	L	-	-	L	L	-	-	d1	d1	d1	d1	-	-	-	L	L	L	L	L	-	-	d1	d1	L	-	-	-
d1	d1	d1	d2	-	-	d2	d1	d1	d2	d1	-	-	E	E	-	-	E	E	-	-	E	E	d1	-	-	-	-
E	E	d1	-	-	E	d1	d1	-	-	E	E	-	-	-	-	L	L	L	L	-	-	E	E	E	d1	-	-
-	-	E	E	d2	d2	L	-	-	E	d2	d2	-	-	E	d2	d2	d2	d2	-	-	-	-	-	-	E	E	d2
d1	d2	d2	d1	d1	-	-	-	-	-	-	L	L	L	-	-	d2	L	L	-	-	-	-	d1	d1	L	L	L
E	d2	-	-	E	E	-	-	-	E	L	-	-	-	-	E	E	E	d2	-	-	d2	L	L	L	L	-	-
E	E	E	-	-	-	-	-	-	E	E	E	-	-	-	-	E	E	E	E	E	-	-	E	E	E	E	E
L	L	L	-	-	-	d2	d2	-	-	d2	L	-	-	L	L	L	-	-	E	E	E	E	d2	-	-	-	-
-	-	-	d1	d1	d1	L	N	-	-	E	E	E	-	-	E	L	L	L	-	-	E	E	d1	-	-	-	-
E	d2	L	-	-	-	-	L	L	N	-	-	-	-	-	-	d2	d1	d1	d2	d2	-	-	d2	d1	d1	d1	d1
E	d2	-	-	L	L	-	-	E	d2	d1	d1	-	-	d2	d1	-	-	-	E	E	d2	d2	d2	-	-	-	-
d2	L	L	-	-	d2	d2	d1	-	-	d1	d1	-	-	d1	d2	d1	L	-	-	d1	N	-	-	L	N	-	-
-	-	N	N	-	-	-	E	E	-	-	E	N	-	-	E	E	E	-	-	-	E	E	E	E	E	-	-
E	d1	N	N	-	-	-	-	E	d2	d2	N	-	-	E	E	L	-	-	-	-	E	E	E	E	-	-	-
Objective 0: 13874
Objective 1: 220
Constr violation: 0
Restrictions violated:
0 0 0 0 0 0 0 0 

Individual 19
1	2	3	4	5	6	7	8	9	10	11	12	13	14	15	16	17	18	19	20	21	22	23	24	25	26	27	28
L	L	-	-	d1	L	L	-	-	L	L	L	-	-	d1	d1	L	-	-	d1	d1	d1	d1	d1	-	-	-	-
E	d2	L	L	-	-	-	d2	d2	L	-	-	E	d2	-	-	-	E	E	E	d2	d2	-	-	d2	d2	-	-
E	d1	L	L	L	-	-	L	L	-	-	-	E	L	L	L	-	-	E	E	E	L	L	-	-	-	-	-
d1	d2	d2	d1	N	-	-	-	d1	d2	L	-	-	d2	d2	L	-	-	L	L	-	-	d1	d1	d1	d2	-	-
-	-	E	E	E	E	N	-	-	-	L	N	-	-	E	E	E	-	-	E	L	L	L	N	-	-	-	-
d1	N	-	-	L	N	N	N	N	-	-	-	-	d1	d1	d1	L	L	-	-	-	d1	d1	d1	-	-	-	-
-	-	d2	L	N	-	-	E	N	-	-	-	E	E	E	-	-	d2	d2	N	-	-	d2	d2	d2	N	-	-
d2	d2	d2	d1	-	-	-	d2	d2	d1	-	-	d2	d1	-	-	d2	d1	d1	-	-	-	-	-	d1	d1	d1	d1
d1	d1	d1	N	N	-	-	-	-	E	E	E	E	d1	-	-	d1	d1	d1	d1	d1	-	-	-	E	N	-	-
d1	d1	d1	d1	L	-	-	-	L	N	-	-	-	d1	N	-	-	d1	d1	d1	N	-	-	L	L	L	-	-
d1	d1	-	-	d1	d1	d1	d1	-	-	d1	d1	d1	-	-	N	N	N	-	-	-	-	-	d1	N	N	-	-
d2	N	-	-	d2	d1	N	-	-	E	L	-	-	-	d2	d2	N	-	-	d2	d2	d2	d2	d2	-	-	-	-
-	E	E	E	L	-	-	d1	d1	d1	L	-	-	-	L	L	-	-	E	E	E	E	-	-	E	E	d1	L
L	L	L	L	L	-	-	L	L	L	-	-	-	L	L	L	-	-	L	L	L	L	-	-	L	L	-	-
E	E	E	d2	d2	-	-	-	-	-	E	E	E	L	-	-	E	E	d2	-	-	-	E	L	-	-	E	E
-	-	-	L	L	N	-	-	E	E	L	N	-	-	E	d2	L	-	-	d1	d1	d2	d1	N	-	-	-	-
-	-	-	E	d1	L	-	-	E	d2	d1	L	-	-	d2	d2	d2	d2	d1	-	-	-	d1	L	-	-	d1	L
N	N	-	-	-	-	-	E	E	E	-	-	-	-	E	E	E	d2	d1	-	-	E	d2	-	-	d2	N	N
d1	d1	-	-	L	L	-	-	L	N	N	-	-	E	d1	d1	N	-	-	-	-	d1	L	L	L	-	-	-
d2	L	L	-	-	d2	d2	d2	-	-	d2	d2	d2	L	L	-	-	d2	d2	-	-	-	L	L	L	-	-	-
L	L	-	-	E	d2	L	-	-	E	d2	L	L	L	-	-	E	d2	d2	-	-	d2	d2	d2	d2	L	-	-
d2	N	-	-	d2	L	-	-	d2	d1	d2	d2	-	-	-	E	d2	d1	L	-	-	d2	L	-	-	-	E	L
E	E	E	N	-	-	-	E	E	d2	d1	-	-	E	E	d1	N	N	-	-	E	E	-	-	-	-	-	-
E	E	E	E	E	-	-	E	E	E	E	-	-	-	E	E	E	-	-	-	d1	d1	-	-	E	E	-	-
d1	d1	d2	L	-	-	-	-	d2	d1	d1	-	-	d1	L	-	-	E	L	-	-	-	-	E	E	d1	d1	d2
-	-	-	E	E	-	-	d2	d2	d2	d2	d2	-	-	-	E	d2	d2	N	N	-	-	d1	d1	d1	L	-	-
L	L	-	-	L	L	-	-	d1	d1	d1	d1	-	-	-	L	L	L	L	L	-	-	d1	d1	L	-	-	-
d1	d1	d1	d2	-	-	d2	d1	d1	d2	d1	-	-	E	E	-	-	E	E	-	-	E	E	d1	-	-	-	-
E	E	d1	-	-	E	d1	d1	-	-	E	E	-	-	-	-	L	L	L	L	-	-	E	E	E	d1	-	-
-	-	E	E	d2	d2	L	-	-	E	d2	d2	-	-	E	d2	d2	d2	d2	-	-	-	-	-	-	E	E	d2
d1	d2	d2	d1	d1	-	-	-	-	-	-	L	L	L	-	-	d2	L	L	-	-	-	-	d1	d1	L	L	L
E	d2	-	-	E	E	-	-	-	E	L	-	-	-	-	E	E	E	d2	-	-	d2	L	L	L	L	-	-
E	E	E	-	-	-	-	-	-	E	E	E	-	-	-	-	E	E	E	E	E	-	-	E	E	E	E	E
L	L	L	-	-	-	d2	d2	-	-	d2	L	-	-	L	L	L	-	-	E	E	E	E	d2	-	-	-	-
-	-	-	d1	d1	d1	L	N	-	-	E	E	E	-	-	E	L	L	L	-	-	E	E	d1	-	-	-	-
E	d2	L	-	-	-	-	L	L	N	-	-	-	-	-	-	d2	d1	d1	d2	d2	-	-	d2	d1	d1	d1	d1
E	d2	-	-	L	L	-	-	E	d2	d1	d1	-	-	d2	d1	-	-	-	E	E	d2	d2	d2	-	-	-	-
d2	L	L	-	-	d2	d2	d1	-	-	d1	d1	-	-	d1	d2	d1	L	-	-	d1	N	-	-	L	N	-	-
-	-	N	N	-	-	-	E	E	-	-	E	N	-	-	E	E	E	-	-	-	E	E	E	E	E	-	-
-	-	-	d2	d1	-	-	-	-	-	E	E	N	N	N	-	-	d1	N	-	-	-	-	E	d2	d1	d1	d1
Objective 0: 13267
Objective 1: 226
Constr violation: 0
Restrictions violated:
0 0 0 0 0 0 0 0 

