Individual 0
1	2	3	4	5	6	7	8	9	10	11	12	13	14	15	16	17	18	19	20	21	22	23	24	25	26	27	28
d1	d1	-	-	-	-	-	-	-	-	L	L	L	L	L	-	-	-	-	d1	d1	d1	d1	L	-	-	-	-
L	L	L	L	-	-	-	d2	d2	L	L	-	-	-	-	-	E	d2	d2	d2	-	-	d2	d2	L	L	L	-
E	E	E	L	-	-	L	L	L	L	L	-	-	E	d1	L	L	L	-	-	-	E	d1	-	-	-	-	-
d1	d1	d2	N	N	-	-	-	-	-	-	-	-	d2	d2	d2	L	N	-	-	-	-	-	d2	d2	d2	d1	d1
N	N	N	N	-	-	-	-	E	L	L	L	-	-	-	-	-	E	E	E	E	L	-	-	E	E	L	L
-	-	-	-	L	L	L	L	L	-	-	-	-	-	-	d1	L	L	L	-	-	-	-	L	L	L	L	L
-	-	-	-	-	E	E	N	N	N	-	-	E	d2	d2	L	L	-	-	-	-	d2	d2	d2	L	L	-	-
-	-	-	-	-	d1	d1	d1	d1	-	-	-	-	d1	d1	d2	d2	d1	-	-	-	d2	d1	d2	d1	d2	-	-
-	-	E	E	E	N	-	-	E	E	E	E	-	-	E	E	d1	d1	d1	-	-	-	-	E	E	d1	d1	-
L	L	L	N	N	-	-	-	-	-	d1	d1	L	N	N	-	-	d1	L	L	L	L	-	-	-	-	-	-
-	-	-	-	-	d1	d1	d1	N	N	-	-	-	-	-	-	-	d1	d1	N	N	-	-	-	-	-	-	-
E	d2	d2	L	L	-	-	-	-	-	-	E	E	L	L	L	-	-	-	-	d1	d2	N	N	N	-	-	-
E	E	d1	-	-	E	L	L	L	-	-	E	L	L	L	L	-	-	-	-	-	E	E	E	E	d1	-	-
L	L	L	L	-	-	-	-	-	-	-	-	-	-	-	L	L	L	L	L	-	-	-	-	-	-	-	-
L	L	L	L	-	-	-	-	-	-	d2	L	-	-	-	E	E	L	L	L	-	-	-	E	E	L	L	L
-	-	-	-	E	d1	d2	L	-	-	d1	L	L	L	N	-	-	d2	d1	-	-	d1	d1	L	L	L	-	-
-	-	-	-	E	E	E	d1	d2	-	-	E	E	E	E	-	-	-	-	-	-	-	-	-	-	-	-	-
d1	d1	d2	d2	-	-	-	E	d1	d1	-	-	d1	d2	d1	d1	d2	-	-	E	E	d1	d1	-	-	-	-	-
d2	d2	N	-	-	-	-	E	L	N	-	-	d2	d2	d1	d1	d1	-	-	d1	d1	d2	L	L	-	-	-	-
-	-	-	d2	d2	d2	d2	d2	-	-	-	-	-	-	-	-	-	-	d2	d2	d2	d2	L	-	-	-	-	-
-	-	-	-	-	d2	L	L	L	L	-	-	-	-	-	E	E	E	E	E	-	-	-	-	-	-	-	-
d2	d2	d1	L	L	-	-	d1	d2	d1	d2	d2	-	-	-	-	-	-	-	-	-	-	-	d2	N	N	N	N
-	-	-	-	E	N	N	N	N	-	-	-	-	-	d2	d2	d2	d2	d1	-	-	E	E	d1	d1	d2	-	-
-	-	-	-	-	E	E	E	E	E	-	-	-	-	-	-	-	-	E	d1	d1	d1	d1	-	-	-	-	-
d2	d2	d2	d1	d2	-	-	E	E	d1	d1	-	-	-	-	-	-	E	E	E	E	L	-	-	E	E	d2	d1
-	-	-	-	-	E	E	d2	d1	d2	-	-	-	-	E	E	N	N	N	-	-	-	-	d2	d2	d1	d1	d1
L	L	L	L	L	-	-	-	-	d1	d1	d1	d1	d1	-	-	d1	L	L	-	-	-	-	d1	d1	d1	d1	L
E	d1	d1	d1	d1	-	-	-	-	E	N	N	N	N	-	-	-	-	d2	d1	d2	d1	d2	-	-	-	-	-
-	E	E	E	E	L	-	-	E	L	L	L	N	-	-	d1	d1	-	-	-	-	E	E	d1	L	N	-	-
-	-	-	-	-	-	-	E	E	E	E	E	-	-	-	E	E	E	E	E	-	-	-	-	-	E	d2	L
d1	d2	d1	d2	d2	-	-	-	-	d1	d2	d2	d1	L	-	-	-	-	-	-	-	-	-	d1	d2	d2	d2	L
E	E	E	E	d2	-	-	-	E	E	d2	d2	d2	-	-	-	-	-	E	L	L	L	L	-	-	-	-	-
E	E	E	-	-	-	-	-	-	-	E	E	E	E	E	-	-	-	E	E	E	E	E	-	-	-	-	-
L	L	L	L	L	-	-	-	-	-	-	-	E	E	E	L	L	-	-	-	E	L	L	L	L	-	-	-
-	-	-	-	E	E	E	E	d1	-	-	-	-	-	E	E	L	L	L	-	-	E	E	L	L	N	-	-
d2	d1	d2	d1	d1	-	-	-	E	d2	d2	d1	d1	-	-	-	-	-	-	d2	d1	N	N	N	-	-	-	-
-	-	-	E	d1	d2	L	L	-	-	-	-	-	E	E	d2	d2	d1	-	-	-	d2	d2	d1	d2	d1	-	-
d2	d2	d1	d1	d1	-	-	-	-	-	d1	d2	d1	d1	L	-	-	d2	d2	d1	d2	L	-	-	-	-	-	-
-	-	E	E	L	N	N	-	-	-	-	-	-	-	E	E	E	E	N	-	-	-	-	-	E	E	E	E
-	-	-	E	d1	d1	d2	-	-	d2	L	L	L	L	-	-	E	E	L	-	-	-	E	E	E	-	-	-
Objective 0: 12611
Objective 1: 197
Constr violation: -13
Restrictions violated:
1 1 0 0 0 0 0 11 

Individual 1
1	2	3	4	5	6	7	8	9	10	11	12	13	14	15	16	17	18	19	20	21	22	23	24	25	26	27	28
d1	d1	-	-	-	-	-	-	-	-	L	L	L	L	L	-	-	-	-	d1	d1	d1	d1	L	-	-	-	-
L	L	L	L	-	-	-	d2	d2	L	L	-	-	-	-	-	E	d2	d2	d2	-	-	d2	d2	L	L	L	-
E	E	E	L	-	-	L	L	L	L	L	-	-	E	d1	L	L	L	-	-	-	E	d1	-	-	-	-	-
d1	d1	d2	N	N	-	-	-	-	-	-	-	-	d2	d2	d2	L	N	-	-	-	-	-	d2	d2	d2	d1	d1
N	N	N	N	-	-	-	-	E	L	L	L	-	-	-	-	-	E	E	E	E	L	-	-	E	E	L	L
-	-	-	-	L	L	L	L	L	-	-	-	-	-	-	d1	L	L	L	-	-	-	-	L	L	L	L	L
-	-	-	-	-	E	E	N	N	N	-	-	E	d2	d2	L	L	-	-	-	-	d2	d2	d2	L	L	-	-
-	-	-	d1	d1	d1	d1	-	-	-	-	-	-	d1	d1	d2	d2	d1	-	-	-	d2	d1	d2	d1	d2	-	-
-	-	E	E	E	N	-	-	E	E	E	E	-	-	E	E	d1	d1	d1	-	-	-	-	E	E	d1	d1	-
L	L	L	N	N	-	-	-	-	-	d1	d1	L	N	N	-	-	d1	L	L	L	L	-	-	-	-	-	-
-	-	-	-	-	d1	d1	d1	N	N	-	-	-	-	-	-	-	d1	d1	N	N	-	-	-	-	-	-	-
E	d2	d2	L	L	-	-	-	-	-	-	E	E	L	L	L	-	-	-	-	d1	d2	N	N	N	-	-	-
E	E	d1	-	-	E	L	L	L	-	-	E	L	L	L	L	-	-	-	-	-	E	E	E	E	d1	-	-
-	-	L	L	L	L	-	-	-	-	-	-	-	-	-	L	L	L	L	L	-	-	-	-	-	-	-	-
L	L	L	L	-	-	-	-	-	-	d2	L	-	-	-	E	E	L	L	L	-	-	-	E	E	L	L	L
-	-	-	-	E	L	N	N	-	-	d1	L	L	L	N	-	-	d2	d1	-	-	d1	d1	L	L	L	-	-
-	-	-	E	E	E	d1	d2	-	-	-	E	L	L	L	L	-	-	-	-	-	-	-	-	-	-	-	-
d1	d1	d2	d2	-	-	-	E	d1	d1	-	-	d1	d2	d1	d1	d2	-	-	E	E	d1	d1	-	-	-	-	-
d2	d2	N	-	-	-	-	E	L	N	-	-	d2	d2	d1	d1	d1	-	-	d1	d1	d2	L	L	-	-	-	-
-	-	-	d2	d2	d2	d2	d2	-	-	-	-	-	-	-	-	-	-	d2	d2	d2	d2	L	-	-	-	-	-
-	-	-	-	-	-	-	-	d2	L	L	L	L	-	-	E	E	E	E	E	-	-	-	-	-	-	-	-
d2	d2	d1	L	L	-	-	d1	d2	d1	d2	d2	-	-	-	-	-	-	-	-	-	-	-	d2	N	N	N	N
-	-	E	N	N	N	N	-	-	-	-	-	-	-	d2	d2	d2	d2	d1	-	-	E	E	d1	d1	d2	-	-
-	-	-	-	-	E	E	E	E	E	-	-	-	-	-	-	-	-	E	d1	d1	d1	d1	-	-	-	-	-
d2	d2	d2	d1	d2	-	-	E	E	d1	d1	-	-	-	-	-	-	E	E	E	E	L	-	-	E	E	d2	d1
-	-	-	-	-	E	E	d2	d1	d2	-	-	-	-	E	E	N	N	N	-	-	-	-	d2	d2	d1	d1	d1
L	L	L	L	L	-	-	-	-	d1	d1	d1	d1	d1	-	-	d1	L	L	-	-	-	-	d1	d1	d1	d1	L
E	d1	d1	d1	d1	-	-	-	-	E	N	N	N	N	-	-	-	-	d2	d1	d2	d1	d2	-	-	-	-	-
-	E	E	E	E	L	-	-	E	L	L	L	N	-	-	d1	d1	-	-	-	-	E	E	d1	L	N	-	-
-	-	-	-	-	-	-	E	E	E	E	E	-	-	-	-	-	-	E	E	E	E	E	-	-	E	d2	L
d1	d2	d1	d2	d2	-	-	-	-	d1	d2	d2	d1	L	-	-	-	-	-	-	-	-	-	d1	d2	d2	d2	L
E	E	E	E	d2	-	-	-	E	E	d2	d2	d2	-	-	-	-	-	d2	d2	d2	d2	L	-	-	-	-	-
E	E	E	-	-	-	-	-	-	-	E	E	E	E	E	-	-	-	E	E	E	E	E	-	-	-	-	-
L	L	L	L	L	-	-	-	-	-	-	-	E	E	E	L	L	-	-	-	E	L	L	L	L	-	-	-
-	-	-	-	E	E	E	E	d1	-	-	-	-	-	E	E	L	L	L	-	-	E	E	L	L	N	-	-
d2	d1	d2	d1	d1	-	-	-	E	d2	d2	d1	d1	-	-	-	-	-	-	d2	d1	N	N	N	-	-	-	-
-	-	-	E	d1	d2	L	L	-	-	-	-	-	E	E	d2	d2	d1	-	-	-	d2	d2	d1	d2	d1	-	-
d2	d2	d1	d1	d1	-	-	-	-	-	d1	d2	d1	d1	L	-	-	d2	d2	d1	d2	L	-	-	-	-	-	-
-	-	E	E	L	N	N	-	-	-	-	-	-	-	E	E	E	E	N	-	-	-	-	-	E	E	E	E
-	-	-	E	d1	d1	d2	-	-	d2	L	L	L	L	-	-	E	E	L	-	-	-	E	E	E	-	-	-
Objective 0: 13824
Objective 1: 158
Constr violation: -13
Restrictions violated:
1 1 0 0 0 0 0 11 

Individual 2
1	2	3	4	5	6	7	8	9	10	11	12	13	14	15	16	17	18	19	20	21	22	23	24	25	26	27	28
d1	d1	-	-	-	-	-	-	-	-	L	L	L	L	L	-	-	-	-	d1	d1	d1	d1	L	-	-	-	-
L	L	L	L	-	-	-	d2	d2	L	L	-	-	-	-	-	E	d2	d2	d2	-	-	d2	d2	L	L	L	-
E	E	E	L	-	-	L	L	L	L	L	-	-	E	d1	L	L	L	-	-	-	E	d1	-	-	-	-	-
d1	d1	d2	N	N	-	-	-	-	-	-	-	-	d2	d2	d2	L	N	-	-	-	-	-	d2	d2	d2	d1	d1
N	N	N	N	-	-	-	-	E	L	L	L	-	-	-	-	-	E	E	E	E	L	-	-	E	E	L	L
-	-	-	-	L	L	L	L	L	-	-	-	-	-	-	d1	L	L	L	-	-	-	-	L	L	L	L	L
-	-	-	-	-	E	E	N	N	N	-	-	E	d2	d2	L	L	-	-	-	-	d2	d2	d2	L	L	-	-
-	-	-	-	-	d1	d1	d1	d1	-	-	-	-	d1	d1	d2	d2	d1	-	-	-	d2	d1	d2	d1	d2	-	-
-	-	E	E	E	N	-	-	E	E	E	E	-	-	E	E	d1	d1	d1	-	-	-	-	E	E	d1	d1	-
L	L	L	N	N	-	-	-	-	-	d1	d1	L	N	N	-	-	d1	L	L	L	L	-	-	-	-	-	-
-	-	-	-	-	d1	d1	d1	N	N	-	-	-	-	-	-	-	d1	d1	N	N	-	-	-	-	-	-	-
E	d2	d2	L	L	-	-	-	-	-	-	E	E	L	L	L	-	-	-	-	d1	d2	N	N	N	-	-	-
E	E	d1	-	-	E	L	L	L	-	-	E	L	L	L	L	-	-	-	-	-	E	E	E	E	d1	-	-
-	-	L	L	L	L	-	-	-	-	-	-	-	-	-	L	L	L	L	L	-	-	-	-	-	-	-	-
L	L	L	L	-	-	-	-	-	-	d2	L	-	-	-	E	E	L	L	L	-	-	-	E	E	L	L	L
-	-	-	-	E	L	N	N	-	-	d1	L	L	L	N	-	-	d2	d1	-	-	d1	d1	L	L	L	-	-
-	-	-	-	E	E	E	d1	d2	-	-	E	E	E	E	-	-	-	-	-	-	-	-	-	-	-	-	-
d1	d1	d2	d2	-	-	-	E	d1	d1	-	-	d1	d2	d1	d1	d2	-	-	E	E	d1	d1	-	-	-	-	-
d2	d2	N	-	-	-	-	E	L	N	-	-	d2	d2	d1	d1	d1	-	-	d1	d1	d2	L	L	-	-	-	-
-	-	-	d2	d2	d2	d2	d2	-	-	-	-	-	-	-	-	-	-	d2	d2	d2	d2	L	-	-	-	-	-
-	-	-	-	-	-	-	-	d2	L	L	L	L	-	-	E	E	E	E	E	-	-	-	-	-	-	-	-
d2	d2	d1	L	L	-	-	d1	d2	d1	d2	d2	-	-	-	-	-	-	-	-	-	-	-	d2	N	N	N	N
-	-	E	N	N	N	N	-	-	-	-	-	-	-	d2	d2	d2	d2	d1	-	-	E	E	d1	d1	d2	-	-
-	-	-	-	-	E	E	E	E	E	-	-	-	-	-	-	-	-	E	d1	d1	d1	d1	-	-	-	-	-
d2	d2	d2	d1	d2	-	-	E	E	d1	d1	-	-	-	-	-	-	E	E	E	E	L	-	-	E	E	d2	d1
-	-	-	-	-	E	E	d2	d1	d2	-	-	-	-	E	E	N	N	N	-	-	-	-	d2	d2	d1	d1	d1
L	L	L	L	L	-	-	-	-	d1	d1	d1	d1	d1	-	-	d1	L	L	-	-	-	-	d1	d1	d1	d1	L
E	d1	d1	d1	d1	-	-	-	-	E	N	N	N	N	-	-	-	-	d2	d1	d2	d1	d2	-	-	-	-	-
-	E	E	E	E	L	-	-	E	L	L	L	N	-	-	d1	d1	-	-	-	-	E	E	d1	L	N	-	-
-	-	-	-	-	-	-	E	E	E	E	E	-	-	-	E	E	E	E	E	-	-	-	-	-	E	d2	L
d1	d2	d1	d2	d2	-	-	-	-	d1	d2	d2	d1	L	-	-	-	-	-	-	-	-	-	d1	d2	d2	d2	L
E	E	E	E	d2	-	-	-	E	E	d2	d2	d2	-	-	-	-	-	d2	d2	d2	d2	L	-	-	-	-	-
E	E	E	-	-	-	-	-	-	-	E	E	E	E	E	-	-	-	E	E	E	E	E	-	-	-	-	-
L	L	L	L	L	-	-	-	-	-	-	-	E	E	E	L	L	-	-	-	E	L	L	L	L	-	-	-
-	-	-	-	E	E	E	E	d1	-	-	-	-	-	E	E	L	L	L	-	-	E	E	L	L	N	-	-
d2	d1	d2	d1	d1	-	-	-	E	d2	d2	d1	d1	-	-	-	-	-	-	d2	d1	N	N	N	-	-	-	-
-	-	-	E	d1	d2	L	L	-	-	-	-	-	E	E	d2	d2	d1	-	-	-	d2	d2	d1	d2	d1	-	-
d2	d2	d1	d1	d1	-	-	-	-	-	d1	d2	d1	d1	L	-	-	d2	d2	d1	d2	L	-	-	-	-	-	-
-	-	E	E	L	N	N	-	-	-	-	-	-	-	E	E	E	E	N	-	-	-	-	-	E	E	E	E
-	-	-	E	d1	d1	d2	-	-	d2	L	L	L	L	-	-	E	E	L	-	-	-	E	E	E	-	-	-
Objective 0: 13318
Objective 1: 172
Constr violation: -13
Restrictions violated:
1 1 0 0 0 0 0 11 

Individual 3
1	2	3	4	5	6	7	8	9	10	11	12	13	14	15	16	17	18	19	20	21	22	23	24	25	26	27	28
d1	d1	-	-	-	-	-	-	-	-	L	L	L	L	L	-	-	-	-	d1	d1	d1	d1	L	-	-	-	-
L	L	L	L	-	-	-	d2	d2	L	L	-	-	-	-	-	E	d2	d2	d2	-	-	d2	d2	L	L	L	-
E	E	E	L	-	-	L	L	L	L	L	-	-	E	d1	L	L	L	-	-	-	E	d1	-	-	-	-	-
d1	d1	d2	N	N	-	-	-	-	-	-	-	-	d2	d2	d2	L	N	-	-	-	-	-	d2	d2	d2	d1	d1
N	N	N	N	-	-	-	-	E	L	L	L	-	-	-	-	-	E	E	E	E	L	-	-	E	E	L	L
-	-	-	-	L	L	L	L	L	-	-	-	-	-	-	d1	L	L	L	-	-	-	-	L	L	L	L	L
-	-	-	-	-	E	E	N	N	N	-	-	E	d2	d2	L	L	-	-	-	-	d2	d2	d2	L	L	-	-
-	-	-	d1	d1	d1	d1	-	-	-	-	-	-	d1	d1	d2	d2	d1	-	-	-	d2	d1	d2	d1	d2	-	-
-	-	E	E	E	N	-	-	E	E	E	E	-	-	E	E	d1	d1	d1	-	-	-	-	E	E	d1	d1	-
L	L	L	N	N	-	-	-	-	-	d1	d1	L	N	N	-	-	d1	L	L	L	L	-	-	-	-	-	-
-	-	-	-	-	d1	d1	d1	N	N	-	-	-	-	-	-	-	d1	d1	N	N	-	-	-	-	-	-	-
E	d2	d2	L	L	-	-	-	-	-	-	E	E	L	L	L	-	-	-	-	d1	d2	N	N	N	-	-	-
E	E	d1	-	-	E	L	L	L	-	-	E	L	L	L	L	-	-	-	-	-	E	E	E	E	d1	-	-
L	L	L	L	-	-	-	-	-	-	-	-	-	-	-	L	L	L	L	L	-	-	-	-	-	-	-	-
L	L	L	L	-	-	-	-	-	-	d2	L	-	-	-	E	E	L	L	L	-	-	-	E	E	L	L	L
-	-	-	-	E	d1	d2	L	-	-	d1	L	L	L	N	-	-	d2	d1	-	-	d1	d1	L	L	L	-	-
-	-	-	-	E	E	E	d1	d2	-	-	E	E	E	E	-	-	-	-	-	-	-	-	-	-	-	-	-
d1	d1	d2	d2	-	-	-	E	d1	d1	-	-	d1	d2	d1	d1	d2	-	-	E	E	d1	d1	-	-	-	-	-
d2	d2	N	-	-	-	-	E	L	N	-	-	d2	d2	d1	d1	d1	-	-	d1	d1	d2	L	L	-	-	-	-
-	-	-	d2	d2	d2	d2	d2	-	-	-	-	-	-	-	-	-	-	d2	d2	d2	d2	L	-	-	-	-	-
-	-	-	-	-	d2	L	L	L	L	-	-	-	-	-	E	E	E	E	E	-	-	-	-	-	-	-	-
d2	d2	d1	L	L	-	-	d1	d2	d1	d2	d2	-	-	-	-	-	-	-	-	-	-	-	d2	N	N	N	N
-	-	-	-	E	N	N	N	N	-	-	-	-	-	d2	d2	d2	d2	d1	-	-	E	E	d1	d1	d2	-	-
-	-	-	-	-	E	E	E	E	E	-	-	-	-	-	-	-	-	E	d1	d1	d1	d1	-	-	-	-	-
d2	d2	d2	d1	d2	-	-	E	E	d1	d1	-	-	-	-	-	-	E	E	E	E	L	-	-	E	E	d2	d1
-	-	-	-	-	E	E	d2	d1	d2	-	-	-	-	E	E	N	N	N	-	-	-	-	d2	d2	d1	d1	d1
L	L	L	L	L	-	-	-	-	d1	d1	d1	d1	d1	-	-	d1	L	L	-	-	-	-	d1	d1	d1	d1	L
E	d1	d1	d1	d1	-	-	-	-	E	N	N	N	N	-	-	-	-	d2	d1	d2	d1	d2	-	-	-	-	-
-	E	E	E	E	L	-	-	E	L	L	L	N	-	-	d1	d1	-	-	-	-	E	E	d1	L	N	-	-
-	-	-	-	-	-	-	E	E	E	E	E	-	-	-	E	E	E	E	E	-	-	-	-	-	E	d2	L
d1	d2	d1	d2	d2	-	-	-	-	d1	d2	d2	d1	L	-	-	-	-	-	-	-	-	-	d1	d2	d2	d2	L
E	E	E	E	d2	-	-	-	E	E	d2	d2	d2	-	-	-	-	-	E	L	L	L	L	-	-	-	-	-
E	E	E	-	-	-	-	-	-	-	E	E	E	E	E	-	-	-	E	E	E	E	E	-	-	-	-	-
L	L	L	L	L	-	-	-	-	-	-	-	E	E	E	L	L	-	-	-	E	L	L	L	L	-	-	-
-	-	-	-	E	E	E	E	d1	-	-	-	-	-	E	E	L	L	L	-	-	E	E	L	L	N	-	-
d2	d1	d2	d1	d1	-	-	-	E	d2	d2	d1	d1	-	-	-	-	-	-	d2	d1	N	N	N	-	-	-	-
-	-	-	E	d1	d2	L	L	-	-	-	-	-	E	E	d2	d2	d1	-	-	-	d2	d2	d1	d2	d1	-	-
d2	d2	d1	d1	d1	-	-	-	-	-	d1	d2	d1	d1	L	-	-	d2	d2	d1	d2	L	-	-	-	-	-	-
-	-	E	E	L	N	N	-	-	-	-	-	-	-	E	E	E	E	N	-	-	-	-	-	E	E	E	E
-	-	-	E	d1	d1	d2	-	-	d2	L	L	L	L	-	-	E	E	L	-	-	-	E	E	E	-	-	-
Objective 0: 12813
Objective 1: 196
Constr violation: -13
Restrictions violated:
1 1 0 0 0 0 0 11 

Individual 4
1	2	3	4	5	6	7	8	9	10	11	12	13	14	15	16	17	18	19	20	21	22	23	24	25	26	27	28
d1	d1	-	-	-	-	-	-	-	-	L	L	L	L	L	-	-	-	-	d1	d1	d1	d1	L	-	-	-	-
L	L	L	L	-	-	-	d2	d2	L	L	-	-	-	-	-	E	d2	d2	d2	-	-	d2	d2	L	L	L	-
E	E	E	L	-	-	L	L	L	L	L	-	-	E	d1	L	L	L	-	-	-	E	d1	-	-	-	-	-
d1	d1	d2	N	N	-	-	-	-	-	-	-	-	d2	d2	d2	L	N	-	-	-	-	-	d2	d2	d2	d1	d1
N	N	N	N	-	-	-	-	E	L	L	L	-	-	-	-	-	E	E	E	E	L	-	-	E	E	L	L
-	-	-	-	L	L	L	L	L	-	-	-	-	-	-	d1	L	L	L	-	-	-	-	L	L	L	L	L
-	-	-	-	-	E	E	N	N	N	-	-	E	d2	d2	L	L	-	-	-	-	d2	d2	d2	L	L	-	-
-	-	-	-	-	d1	d1	d1	d1	-	-	-	-	d1	d1	d2	d2	d1	-	-	-	d2	d1	d2	d1	d2	-	-
-	-	E	E	E	N	-	-	E	E	E	E	-	-	E	E	d1	d1	d1	-	-	-	-	E	E	d1	d1	-
L	L	L	N	N	-	-	-	-	-	d1	d1	L	N	N	-	-	d1	L	L	L	L	-	-	-	-	-	-
-	-	-	-	-	d1	d1	d1	N	N	-	-	-	-	-	-	-	d1	d1	N	N	-	-	-	-	-	-	-
E	d2	d2	L	L	-	-	-	-	-	-	E	E	L	L	L	-	-	-	-	d1	d2	N	N	N	-	-	-
E	E	d1	-	-	E	L	L	L	-	-	E	L	L	L	L	-	-	-	-	-	E	E	E	E	d1	-	-
L	L	L	L	-	-	-	-	-	-	-	-	-	-	-	L	L	L	L	L	-	-	-	-	-	-	-	-
L	L	L	L	-	-	-	-	-	-	d2	L	-	-	-	E	E	L	L	L	-	-	-	E	E	L	L	L
-	-	-	-	E	d1	d2	L	-	-	d1	L	L	L	N	-	-	d2	d1	-	-	d1	d1	L	L	L	-	-
-	-	-	-	E	E	E	d1	d2	-	-	E	E	E	E	-	-	-	-	-	-	-	-	-	-	-	-	-
d1	d1	d2	d2	-	-	-	E	d1	d1	-	-	d1	d2	d1	d1	d2	-	-	E	E	d1	d1	-	-	-	-	-
d2	d2	N	-	-	-	-	E	L	N	-	-	d2	d2	d1	d1	d1	-	-	d1	d1	d2	L	L	-	-	-	-
-	-	-	d2	d2	d2	d2	d2	-	-	-	-	-	-	-	-	-	-	d2	d2	d2	d2	L	-	-	-	-	-
-	-	-	-	-	d2	L	L	L	L	-	-	-	-	-	E	E	E	E	E	-	-	-	-	-	-	-	-
d2	d2	d1	L	L	-	-	d1	d2	d1	d2	d2	-	-	-	-	-	-	-	-	-	-	-	d2	N	N	N	N
-	-	E	N	N	N	N	-	-	-	-	-	-	-	d2	d2	d2	d2	d1	-	-	E	E	d1	d1	d2	-	-
-	-	-	-	-	E	E	E	E	E	-	-	-	-	-	-	-	-	E	d1	d1	d1	d1	-	-	-	-	-
d2	d2	d2	d1	d2	-	-	E	E	d1	d1	-	-	-	-	-	-	E	E	E	E	L	-	-	E	E	d2	d1
-	-	-	-	-	E	E	d2	d1	d2	-	-	-	-	E	E	N	N	N	-	-	-	-	d2	d2	d1	d1	d1
L	L	L	L	L	-	-	-	-	d1	d1	d1	d1	d1	-	-	d1	L	L	-	-	-	-	d1	d1	d1	d1	L
E	d1	d1	d1	d1	-	-	-	-	E	N	N	N	N	-	-	-	-	d2	d1	d2	d1	d2	-	-	-	-	-
-	E	E	E	E	L	-	-	E	L	L	L	N	-	-	d1	d1	-	-	-	-	E	E	d1	L	N	-	-
-	-	-	-	-	-	-	E	E	E	E	E	-	-	-	E	E	E	E	E	-	-	-	-	-	E	d2	L
d1	d2	d1	d2	d2	-	-	-	-	d1	d2	d2	d1	L	-	-	-	-	-	-	-	-	-	d1	d2	d2	d2	L
E	E	E	E	d2	-	-	-	E	E	d2	d2	d2	-	-	-	-	-	E	L	L	L	L	-	-	-	-	-
E	E	E	-	-	-	-	-	-	-	E	E	E	E	E	-	-	-	E	E	E	E	E	-	-	-	-	-
L	L	L	L	L	-	-	-	-	-	-	-	E	E	E	L	L	-	-	-	E	L	L	L	L	-	-	-
-	-	-	-	E	E	E	E	d1	-	-	-	-	-	E	E	L	L	L	-	-	E	E	L	L	N	-	-
d2	d1	d2	d1	d1	-	-	-	E	d2	d2	d1	d1	-	-	-	-	-	-	d2	d1	N	N	N	-	-	-	-
-	-	-	E	d1	d2	L	L	-	-	-	-	-	E	E	d2	d2	d1	-	-	-	d2	d2	d1	d2	d1	-	-
d2	d2	d1	d1	d1	-	-	-	-	-	d1	d2	d1	d1	L	-	-	d2	d2	d1	d2	L	-	-	-	-	-	-
-	-	E	E	L	N	N	-	-	-	-	-	-	-	E	E	E	E	N	-	-	-	-	-	E	E	E	E
-	-	-	E	d1	d1	d2	-	-	d2	L	L	L	L	-	-	E	E	L	-	-	-	E	E	E	-	-	-
Objective 0: 12914
Objective 1: 191
Constr violation: -13
Restrictions violated:
1 1 0 0 0 0 0 11 

Individual 5
1	2	3	4	5	6	7	8	9	10	11	12	13	14	15	16	17	18	19	20	21	22	23	24	25	26	27	28
d1	d1	-	-	-	-	-	-	-	-	L	L	L	L	L	-	-	-	-	d1	d1	d1	d1	L	-	-	-	-
L	L	L	L	-	-	-	d2	d2	L	L	-	-	-	-	-	E	d2	d2	d2	-	-	d2	d2	L	L	L	-
E	E	E	L	-	-	L	L	L	L	L	-	-	E	d1	L	L	L	-	-	-	E	d1	-	-	-	-	-
d1	d1	d2	N	N	-	-	-	-	-	-	-	-	d2	d2	d2	L	N	-	-	-	-	-	d2	d2	d2	d1	d1
N	N	N	N	-	-	-	-	E	L	L	L	-	-	-	-	-	E	E	E	E	L	-	-	E	E	L	L
-	-	-	-	L	L	L	L	L	-	-	-	-	-	-	d1	L	L	L	-	-	-	-	L	L	L	L	L
-	-	-	-	-	E	E	N	N	N	-	-	E	d2	d2	L	L	-	-	-	-	d2	d2	d2	L	L	-	-
-	-	-	d1	d1	d1	d1	-	-	-	-	-	-	d1	d1	d2	d2	d1	-	-	-	d2	d1	d2	d1	d2	-	-
-	-	E	E	E	N	-	-	E	E	E	E	-	-	E	E	d1	d1	d1	-	-	-	-	E	E	d1	d1	-
L	L	L	N	N	-	-	-	-	-	d1	d1	L	N	N	-	-	d1	L	L	L	L	-	-	-	-	-	-
-	-	-	-	-	d1	d1	d1	N	N	-	-	-	-	-	-	-	d1	d1	N	N	-	-	-	-	-	-	-
E	d2	d2	L	L	-	-	-	-	-	-	E	E	L	L	L	-	-	-	-	d1	d2	N	N	N	-	-	-
E	E	d1	-	-	E	L	L	L	-	-	E	L	L	L	L	-	-	-	-	-	E	E	E	E	d1	-	-
L	L	L	L	-	-	-	-	-	-	-	-	-	-	-	L	L	L	L	L	-	-	-	-	-	-	-	-
L	L	L	L	-	-	-	-	-	-	d2	L	-	-	-	E	E	L	L	L	-	-	-	E	E	L	L	L
-	-	-	-	E	L	N	N	-	-	d1	L	L	L	N	-	-	d2	d1	-	-	d1	d1	L	L	L	-	-
-	-	-	E	E	E	d1	d2	-	-	-	E	L	L	L	L	-	-	-	-	-	-	-	-	-	-	-	-
d1	d1	d2	d2	-	-	-	E	d1	d1	-	-	d1	d2	d1	d1	d2	-	-	E	E	d1	d1	-	-	-	-	-
d2	d2	N	-	-	-	-	E	L	N	-	-	d2	d2	d1	d1	d1	-	-	d1	d1	d2	L	L	-	-	-	-
-	-	-	d2	d2	d2	d2	d2	-	-	-	-	-	-	-	-	-	-	d2	d2	d2	d2	L	-	-	-	-	-
-	-	-	-	-	-	-	-	d2	L	L	L	L	-	-	E	E	E	E	E	-	-	-	-	-	-	-	-
d2	d2	d1	L	L	-	-	d1	d2	d1	d2	d2	-	-	-	-	-	-	-	-	-	-	-	d2	N	N	N	N
-	-	E	N	N	N	N	-	-	-	-	-	-	-	d2	d2	d2	d2	d1	-	-	E	E	d1	d1	d2	-	-
-	-	-	-	-	E	E	E	E	E	-	-	-	-	-	-	-	-	E	d1	d1	d1	d1	-	-	-	-	-
d2	d2	d2	d1	d2	-	-	E	E	d1	d1	-	-	-	-	-	-	E	E	E	E	L	-	-	E	E	d2	d1
-	-	-	-	-	E	E	d2	d1	d2	-	-	-	-	E	E	N	N	N	-	-	-	-	d2	d2	d1	d1	d1
L	L	L	L	L	-	-	-	-	d1	d1	d1	d1	d1	-	-	d1	L	L	-	-	-	-	d1	d1	d1	d1	L
E	d1	d1	d1	d1	-	-	-	-	E	N	N	N	N	-	-	-	-	d2	d1	d2	d1	d2	-	-	-	-	-
-	E	E	E	E	L	-	-	E	L	L	L	N	-	-	d1	d1	-	-	-	-	E	E	d1	L	N	-	-
-	-	-	-	-	-	-	E	E	E	E	E	-	-	-	-	-	-	E	E	E	E	E	-	-	E	d2	L
d1	d2	d1	d2	d2	-	-	-	-	d1	d2	d2	d1	L	-	-	-	-	-	-	-	-	-	d1	d2	d2	d2	L
E	E	E	E	d2	-	-	-	E	E	d2	d2	d2	-	-	-	-	-	d2	d2	d2	d2	L	-	-	-	-	-
E	E	E	-	-	-	-	-	-	-	E	E	E	E	E	-	-	-	E	E	E	E	E	-	-	-	-	-
L	L	L	L	L	-	-	-	-	-	-	-	E	E	E	L	L	-	-	-	E	L	L	L	L	-	-	-
-	-	-	-	E	E	E	E	d1	-	-	-	-	-	E	E	L	L	L	-	-	E	E	L	L	N	-	-
d2	d1	d2	d1	d1	-	-	-	E	d2	d2	d1	d1	-	-	-	-	-	-	d2	d1	N	N	N	-	-	-	-
-	-	-	E	d1	d2	L	L	-	-	-	-	-	E	E	d2	d2	d1	-	-	-	d2	d2	d1	d2	d1	-	-
d2	d2	d1	d1	d1	-	-	-	-	-	d1	d2	d1	d1	L	-	-	d2	d2	d1	d2	L	-	-	-	-	-	-
-	-	E	E	L	N	N	-	-	-	-	-	-	-	E	E	E	E	N	-	-	-	-	-	E	E	E	E
-	-	-	E	d1	d1	d2	-	-	d2	L	L	L	L	-	-	E	E	L	-	-	-	E	E	E	-	-	-
Objective 0: 13723
Objective 1: 162
Constr violation: -13
Restrictions violated:
1 1 0 0 0 0 0 11 

Individual 6
1	2	3	4	5	6	7	8	9	10	11	12	13	14	15	16	17	18	19	20	21	22	23	24	25	26	27	28
d1	d1	-	-	-	-	-	-	-	-	L	L	L	L	L	-	-	-	-	d1	d1	d1	d1	L	-	-	-	-
L	L	L	L	-	-	-	d2	d2	L	L	-	-	-	-	-	E	d2	d2	d2	-	-	d2	d2	L	L	L	-
E	E	E	L	-	-	L	L	L	L	L	-	-	E	d1	L	L	L	-	-	-	E	d1	-	-	-	-	-
d1	d1	d2	N	N	-	-	-	-	-	-	-	-	d2	d2	d2	L	N	-	-	-	-	-	d2	d2	d2	d1	d1
N	N	N	N	-	-	-	-	E	L	L	L	-	-	-	-	-	E	E	E	E	L	-	-	E	E	L	L
-	-	-	-	L	L	L	L	L	-	-	-	-	-	-	d1	L	L	L	-	-	-	-	L	L	L	L	L
-	-	-	-	-	E	E	N	N	N	-	-	E	d2	d2	L	L	-	-	-	-	d2	d2	d2	L	L	-	-
-	-	-	-	-	d1	d1	d1	d1	-	-	-	-	d1	d1	d2	d2	d1	-	-	-	d2	d1	d2	d1	d2	-	-
-	-	E	E	E	N	-	-	E	E	E	E	-	-	E	E	d1	d1	d1	-	-	-	-	E	E	d1	d1	-
L	L	L	N	N	-	-	-	-	-	d1	d1	L	N	N	-	-	d1	L	L	L	L	-	-	-	-	-	-
-	-	-	-	-	d1	d1	d1	N	N	-	-	-	-	-	-	-	d1	d1	N	N	-	-	-	-	-	-	-
E	d2	d2	L	L	-	-	-	-	-	-	E	E	L	L	L	-	-	-	-	d1	d2	N	N	N	-	-	-
E	E	d1	-	-	E	L	L	L	-	-	E	L	L	L	L	-	-	-	-	-	E	E	E	E	d1	-	-
-	-	L	L	L	L	-	-	-	-	-	-	-	-	-	L	L	L	L	L	-	-	-	-	-	-	-	-
L	L	L	L	-	-	-	-	-	-	d2	L	-	-	-	E	E	L	L	L	-	-	-	E	E	L	L	L
-	-	-	-	E	L	N	N	-	-	d1	L	L	L	N	-	-	d2	d1	-	-	d1	d1	L	L	L	-	-
-	-	-	-	E	E	E	d1	d2	-	-	E	E	E	E	-	-	-	-	-	-	-	-	-	-	-	-	-
d1	d1	d2	d2	-	-	-	E	d1	d1	-	-	d1	d2	d1	d1	d2	-	-	E	E	d1	d1	-	-	-	-	-
d2	d2	N	-	-	-	-	E	L	N	-	-	d2	d2	d1	d1	d1	-	-	d1	d1	d2	L	L	-	-	-	-
-	-	-	d2	d2	d2	d2	d2	-	-	-	-	-	-	-	-	-	-	d2	d2	d2	d2	L	-	-	-	-	-
-	-	-	-	-	d2	L	L	L	L	-	-	-	-	-	E	E	E	E	E	-	-	-	-	-	-	-	-
d2	d2	d1	L	L	-	-	d1	d2	d1	d2	d2	-	-	-	-	-	-	-	-	-	-	-	d2	N	N	N	N
-	-	-	-	E	N	N	N	N	-	-	-	-	-	d2	d2	d2	d2	d1	-	-	E	E	d1	d1	d2	-	-
-	-	-	-	-	E	E	E	E	E	-	-	-	-	-	-	-	-	E	d1	d1	d1	d1	-	-	-	-	-
d2	d2	d2	d1	d2	-	-	E	E	d1	d1	-	-	-	-	-	-	E	E	E	E	L	-	-	E	E	d2	d1
-	-	-	-	-	E	E	d2	d1	d2	-	-	-	-	E	E	N	N	N	-	-	-	-	d2	d2	d1	d1	d1
L	L	L	L	L	-	-	-	-	d1	d1	d1	d1	d1	-	-	d1	L	L	-	-	-	-	d1	d1	d1	d1	L
E	d1	d1	d1	d1	-	-	-	-	E	N	N	N	N	-	-	-	-	d2	d1	d2	d1	d2	-	-	-	-	-
-	E	E	E	E	L	-	-	E	L	L	L	N	-	-	d1	d1	-	-	-	-	E	E	d1	L	N	-	-
-	-	-	-	-	-	-	E	E	E	E	E	-	-	-	-	-	-	E	E	E	E	E	-	-	E	d2	L
d1	d2	d1	d2	d2	-	-	-	-	d1	d2	d2	d1	L	-	-	-	-	-	-	-	-	-	d1	d2	d2	d2	L
E	E	E	E	d2	-	-	-	E	E	d2	d2	d2	-	-	-	-	-	E	L	L	L	L	-	-	-	-	-
E	E	E	-	-	-	-	-	-	-	E	E	E	E	E	-	-	-	E	E	E	E	E	-	-	-	-	-
L	L	L	L	L	-	-	-	-	-	-	-	E	E	E	L	L	-	-	-	E	L	L	L	L	-	-	-
-	-	-	-	E	E	E	E	d1	-	-	-	-	-	E	E	L	L	L	-	-	E	E	L	L	N	-	-
d2	d1	d2	d1	d1	-	-	-	E	d2	d2	d1	d1	-	-	-	-	-	-	d2	d1	N	N	N	-	-	-	-
-	-	-	E	d1	d2	L	L	-	-	-	-	-	E	E	d2	d2	d1	-	-	-	d2	d2	d1	d2	d1	-	-
d2	d2	d1	d1	d1	-	-	-	-	-	d1	d2	d1	d1	L	-	-	d2	d2	d1	d2	L	-	-	-	-	-	-
-	-	E	E	L	N	N	-	-	-	-	-	-	-	E	E	E	E	N	-	-	-	-	-	E	E	E	E
-	-	-	E	d1	d1	d2	-	-	d2	L	L	L	L	-	-	E	E	L	-	-	-	E	E	E	-	-	-
Objective 0: 13015
Objective 1: 186
Constr violation: -13
Restrictions violated:
1 1 0 0 0 0 0 11 

Individual 7
1	2	3	4	5	6	7	8	9	10	11	12	13	14	15	16	17	18	19	20	21	22	23	24	25	26	27	28
d1	d1	-	-	-	-	-	-	-	-	L	L	L	L	L	-	-	-	-	d1	d1	d1	d1	L	-	-	-	-
L	L	L	L	-	-	-	d2	d2	L	L	-	-	-	-	-	E	d2	d2	d2	-	-	d2	d2	L	L	L	-
E	E	E	L	-	-	L	L	L	L	L	-	-	E	d1	L	L	L	-	-	-	E	d1	-	-	-	-	-
d1	d1	d2	N	N	-	-	-	-	-	-	-	-	d2	d2	d2	L	N	-	-	-	-	-	d2	d2	d2	d1	d1
N	N	N	N	-	-	-	-	E	L	L	L	-	-	-	-	-	E	E	E	E	L	-	-	E	E	L	L
-	-	-	-	L	L	L	L	L	-	-	-	-	-	-	d1	L	L	L	-	-	-	-	L	L	L	L	L
-	-	-	-	-	E	E	N	N	N	-	-	E	d2	d2	L	L	-	-	-	-	d2	d2	d2	L	L	-	-
-	-	-	-	-	d1	d1	d1	d1	-	-	-	-	d1	d1	d2	d2	d1	-	-	-	d2	d1	d2	d1	d2	-	-
-	-	E	E	E	N	-	-	E	E	E	E	-	-	E	E	d1	d1	d1	-	-	-	-	E	E	d1	d1	-
L	L	L	N	N	-	-	-	-	-	d1	d1	L	N	N	-	-	d1	L	L	L	L	-	-	-	-	-	-
-	-	-	-	-	d1	d1	d1	N	N	-	-	-	-	-	-	-	d1	d1	N	N	-	-	-	-	-	-	-
E	d2	d2	L	L	-	-	-	-	-	-	E	E	L	L	L	-	-	-	-	d1	d2	N	N	N	-	-	-
E	E	d1	-	-	E	L	L	L	-	-	E	L	L	L	L	-	-	-	-	-	E	E	E	E	d1	-	-
L	L	L	L	-	-	-	-	-	-	-	-	-	-	-	L	L	L	L	L	-	-	-	-	-	-	-	-
L	L	L	L	-	-	-	-	-	-	d2	L	-	-	-	E	E	L	L	L	-	-	-	E	E	L	L	L
-	-	-	-	E	L	N	N	-	-	d1	L	L	L	N	-	-	d2	d1	-	-	d1	d1	L	L	L	-	-
-	-	-	-	E	E	E	d1	d2	-	-	E	E	E	E	-	-	-	-	-	-	-	-	-	-	-	-	-
d1	d1	d2	d2	-	-	-	E	d1	d1	-	-	d1	d2	d1	d1	d2	-	-	E	E	d1	d1	-	-	-	-	-
d2	d2	N	-	-	-	-	E	L	N	-	-	d2	d2	d1	d1	d1	-	-	d1	d1	d2	L	L	-	-	-	-
-	-	-	d2	d2	d2	d2	d2	-	-	-	-	-	-	-	-	-	-	d2	d2	d2	d2	L	-	-	-	-	-
-	-	-	-	-	d2	L	L	L	L	-	-	-	-	-	E	E	E	E	E	-	-	-	-	-	-	-	-
d2	d2	d1	L	L	-	-	d1	d2	d1	d2	d2	-	-	-	-	-	-	-	-	-	-	-	d2	N	N	N	N
-	-	-	-	E	N	N	N	N	-	-	-	-	-	d2	d2	d2	d2	d1	-	-	E	E	d1	d1	d2	-	-
-	-	-	-	-	E	E	E	E	E	-	-	-	-	-	-	-	-	E	d1	d1	d1	d1	-	-	-	-	-
d2	d2	d2	d1	d2	-	-	E	E	d1	d1	-	-	-	-	-	-	E	E	E	E	L	-	-	E	E	d2	d1
-	-	-	-	-	E	E	d2	d1	d2	-	-	-	-	E	E	N	N	N	-	-	-	-	d2	d2	d1	d1	d1
L	L	L	L	L	-	-	-	-	d1	d1	d1	d1	d1	-	-	d1	L	L	-	-	-	-	d1	d1	d1	d1	L
E	d1	d1	d1	d1	-	-	-	-	E	N	N	N	N	-	-	-	-	d2	d1	d2	d1	d2	-	-	-	-	-
-	E	E	E	E	L	-	-	E	L	L	L	N	-	-	d1	d1	-	-	-	-	E	E	d1	L	N	-	-
-	-	-	-	-	-	-	E	E	E	E	E	-	-	-	E	E	E	E	E	-	-	-	-	-	E	d2	L
d1	d2	d1	d2	d2	-	-	-	-	d1	d2	d2	d1	L	-	-	-	-	-	-	-	-	-	d1	d2	d2	d2	L
E	E	E	E	d2	-	-	-	E	E	d2	d2	d2	-	-	-	-	-	E	L	L	L	L	-	-	-	-	-
E	E	E	-	-	-	-	-	-	-	E	E	E	E	E	-	-	-	E	E	E	E	E	-	-	-	-	-
L	L	L	L	L	-	-	-	-	-	-	-	E	E	E	L	L	-	-	-	E	L	L	L	L	-	-	-
-	-	-	-	E	E	E	E	d1	-	-	-	-	-	E	E	L	L	L	-	-	E	E	L	L	N	-	-
d2	d1	d2	d1	d1	-	-	-	E	d2	d2	d1	d1	-	-	-	-	-	-	d2	d1	N	N	N	-	-	-	-
-	-	-	E	d1	d2	L	L	-	-	-	-	-	E	E	d2	d2	d1	-	-	-	d2	d2	d1	d2	d1	-	-
d2	d2	d1	d1	d1	-	-	-	-	-	d1	d2	d1	d1	L	-	-	d2	d2	d1	d2	L	-	-	-	-	-	-
-	-	E	E	L	N	N	-	-	-	-	-	-	-	E	E	E	E	N	-	-	-	-	-	E	E	E	E
-	-	-	E	d1	d1	d2	-	-	d2	L	L	L	L	-	-	E	E	L	-	-	-	E	E	E	-	-	-
Objective 0: 12712
Objective 1: 196
Constr violation: -13
Restrictions violated:
1 1 0 0 0 0 0 11 

Individual 8
1	2	3	4	5	6	7	8	9	10	11	12	13	14	15	16	17	18	19	20	21	22	23	24	25	26	27	28
d1	d1	-	-	-	-	-	-	-	-	L	L	L	L	L	-	-	-	-	d1	d1	d1	d1	L	-	-	-	-
L	L	L	L	-	-	-	d2	d2	L	L	-	-	-	-	-	E	d2	d2	d2	-	-	d2	d2	L	L	L	-
E	E	E	L	-	-	L	L	L	L	L	-	-	E	d1	L	L	L	-	-	-	E	d1	-	-	-	-	-
d1	d1	d2	N	N	-	-	-	-	-	-	-	-	d2	d2	d2	L	N	-	-	-	-	-	d2	d2	d2	d1	d1
N	N	N	N	-	-	-	-	E	L	L	L	-	-	-	-	-	E	E	E	E	L	-	-	E	E	L	L
-	-	-	-	L	L	L	L	L	-	-	-	-	-	-	d1	L	L	L	-	-	-	-	L	L	L	L	L
-	-	-	-	-	E	E	N	N	N	-	-	E	d2	d2	L	L	-	-	-	-	d2	d2	d2	L	L	-	-
-	-	-	d1	d1	d1	d1	-	-	-	-	-	-	d1	d1	d2	d2	d1	-	-	-	d2	d1	d2	d1	d2	-	-
-	-	E	E	E	N	-	-	E	E	E	E	-	-	E	E	d1	d1	d1	-	-	-	-	E	E	d1	d1	-
L	L	L	N	N	-	-	-	-	-	d1	d1	L	N	N	-	-	d1	L	L	L	L	-	-	-	-	-	-
-	-	-	-	-	d1	d1	d1	N	N	-	-	-	-	-	-	-	d1	d1	N	N	-	-	-	-	-	-	-
E	d2	d2	L	L	-	-	-	-	-	-	E	E	L	L	L	-	-	-	-	d1	d2	N	N	N	-	-	-
E	E	d1	-	-	E	L	L	L	-	-	E	L	L	L	L	-	-	-	-	-	E	E	E	E	d1	-	-
L	L	L	L	-	-	-	-	-	-	-	-	-	-	-	L	L	L	L	L	-	-	-	-	-	-	-	-
L	L	L	L	-	-	-	-	-	-	d2	L	-	-	-	E	E	L	L	L	-	-	-	E	E	L	L	L
-	-	-	-	E	L	N	N	-	-	d1	L	L	L	N	-	-	d2	d1	-	-	d1	d1	L	L	L	-	-
-	-	-	E	E	E	d1	d2	-	-	-	E	L	L	L	L	-	-	-	-	-	-	-	-	-	-	-	-
d1	d1	d2	d2	-	-	-	E	d1	d1	-	-	d1	d2	d1	d1	d2	-	-	E	E	d1	d1	-	-	-	-	-
d2	d2	N	-	-	-	-	E	L	N	-	-	d2	d2	d1	d1	d1	-	-	d1	d1	d2	L	L	-	-	-	-
-	-	-	d2	d2	d2	d2	d2	-	-	-	-	-	-	-	-	-	-	d2	d2	d2	d2	L	-	-	-	-	-
-	-	-	-	-	d2	L	L	L	L	-	-	-	-	-	E	E	E	E	E	-	-	-	-	-	-	-	-
d2	d2	d1	L	L	-	-	d1	d2	d1	d2	d2	-	-	-	-	-	-	-	-	-	-	-	d2	N	N	N	N
-	-	E	N	N	N	N	-	-	-	-	-	-	-	d2	d2	d2	d2	d1	-	-	E	E	d1	d1	d2	-	-
-	-	-	-	-	E	E	E	E	E	-	-	-	-	-	-	-	-	E	d1	d1	d1	d1	-	-	-	-	-
d2	d2	d2	d1	d2	-	-	E	E	d1	d1	-	-	-	-	-	-	E	E	E	E	L	-	-	E	E	d2	d1
-	-	-	-	-	E	E	d2	d1	d2	-	-	-	-	E	E	N	N	N	-	-	-	-	d2	d2	d1	d1	d1
L	L	L	L	L	-	-	-	-	d1	d1	d1	d1	d1	-	-	d1	L	L	-	-	-	-	d1	d1	d1	d1	L
E	d1	d1	d1	d1	-	-	-	-	E	N	N	N	N	-	-	-	-	d2	d1	d2	d1	d2	-	-	-	-	-
-	E	E	E	E	L	-	-	E	L	L	L	N	-	-	d1	d1	-	-	-	-	E	E	d1	L	N	-	-
-	-	-	-	-	-	-	E	E	E	E	E	-	-	-	-	-	-	E	E	E	E	E	-	-	E	d2	L
d1	d2	d1	d2	d2	-	-	-	-	d1	d2	d2	d1	L	-	-	-	-	-	-	-	-	-	d1	d2	d2	d2	L
E	E	E	E	d2	-	-	-	E	E	d2	d2	d2	-	-	-	-	-	E	L	L	L	L	-	-	-	-	-
E	E	E	-	-	-	-	-	-	-	E	E	E	E	E	-	-	-	E	E	E	E	E	-	-	-	-	-
L	L	L	L	L	-	-	-	-	-	-	-	E	E	E	L	L	-	-	-	E	L	L	L	L	-	-	-
-	-	-	-	E	E	E	E	d1	-	-	-	-	-	E	E	L	L	L	-	-	E	E	L	L	N	-	-
d2	d1	d2	d1	d1	-	-	-	E	d2	d2	d1	d1	-	-	-	-	-	-	d2	d1	N	N	N	-	-	-	-
-	-	-	E	d1	d2	L	L	-	-	-	-	-	E	E	d2	d2	d1	-	-	-	d2	d2	d1	d2	d1	-	-
d2	d2	d1	d1	d1	-	-	-	-	-	d1	d2	d1	d1	L	-	-	d2	d2	d1	d2	L	-	-	-	-	-	-
-	-	E	E	L	N	N	-	-	-	-	-	-	-	E	E	E	E	N	-	-	-	-	-	E	E	E	E
-	-	-	E	d1	d1	d2	-	-	d2	L	L	L	L	-	-	E	E	L	-	-	-	E	E	E	-	-	-
Objective 0: 13420
Objective 1: 176
Constr violation: -13
Restrictions violated:
1 1 0 0 0 0 0 11 

Individual 9
1	2	3	4	5	6	7	8	9	10	11	12	13	14	15	16	17	18	19	20	21	22	23	24	25	26	27	28
d1	d1	-	-	-	-	-	-	-	-	L	L	L	L	L	-	-	-	-	d1	d1	d1	d1	L	-	-	-	-
L	L	L	L	-	-	-	d2	d2	L	L	-	-	-	-	-	E	d2	d2	d2	-	-	d2	d2	L	L	L	-
E	E	E	L	-	-	L	L	L	L	L	-	-	E	d1	L	L	L	-	-	-	E	d1	-	-	-	-	-
d1	d1	d2	N	N	-	-	-	-	-	-	-	-	d2	d2	d2	L	N	-	-	-	-	-	d2	d2	d2	d1	d1
N	N	N	N	-	-	-	-	E	L	L	L	-	-	-	-	-	E	E	E	E	L	-	-	E	E	L	L
-	-	-	-	L	L	L	L	L	-	-	-	-	-	-	d1	L	L	L	-	-	-	-	L	L	L	L	L
-	-	-	-	-	E	E	N	N	N	-	-	E	d2	d2	L	L	-	-	-	-	d2	d2	d2	L	L	-	-
-	-	-	-	-	d1	d1	d1	d1	-	-	-	-	d1	d1	d2	d2	d1	-	-	-	d2	d1	d2	d1	d2	-	-
-	-	E	E	E	N	-	-	E	E	E	E	-	-	E	E	d1	d1	d1	-	-	-	-	E	E	d1	d1	-
L	L	L	N	N	-	-	-	-	-	d1	d1	L	N	N	-	-	d1	L	L	L	L	-	-	-	-	-	-
-	-	-	-	-	d1	d1	d1	N	N	-	-	-	-	-	-	-	d1	d1	N	N	-	-	-	-	-	-	-
E	d2	d2	L	L	-	-	-	-	-	-	E	E	L	L	L	-	-	-	-	d1	d2	N	N	N	-	-	-
E	E	d1	-	-	E	L	L	L	-	-	E	L	L	L	L	-	-	-	-	-	E	E	E	E	d1	-	-
-	-	L	L	L	L	-	-	-	-	-	-	-	-	-	L	L	L	L	L	-	-	-	-	-	-	-	-
L	L	L	L	-	-	-	-	-	-	d2	L	-	-	-	E	E	L	L	L	-	-	-	E	E	L	L	L
-	-	-	-	E	L	N	N	-	-	d1	L	L	L	N	-	-	d2	d1	-	-	d1	d1	L	L	L	-	-
-	-	-	E	E	E	d1	d2	-	-	-	E	L	L	L	L	-	-	-	-	-	-	-	-	-	-	-	-
d1	d1	d2	d2	-	-	-	E	d1	d1	-	-	d1	d2	d1	d1	d2	-	-	E	E	d1	d1	-	-	-	-	-
d2	d2	N	-	-	-	-	E	L	N	-	-	d2	d2	d1	d1	d1	-	-	d1	d1	d2	L	L	-	-	-	-
-	-	-	d2	d2	d2	d2	d2	-	-	-	-	-	-	-	-	-	-	d2	d2	d2	d2	L	-	-	-	-	-
-	-	-	-	-	-	-	-	d2	L	L	L	L	-	-	E	E	E	E	E	-	-	-	-	-	-	-	-
d2	d2	d1	L	L	-	-	d1	d2	d1	d2	d2	-	-	-	-	-	-	-	-	-	-	-	d2	N	N	N	N
-	-	E	N	N	N	N	-	-	-	-	-	-	-	d2	d2	d2	d2	d1	-	-	E	E	d1	d1	d2	-	-
-	-	-	-	-	E	E	E	E	E	-	-	-	-	-	-	-	-	E	d1	d1	d1	d1	-	-	-	-	-
d2	d2	d2	d1	d2	-	-	E	E	d1	d1	-	-	-	-	-	-	E	E	E	E	L	-	-	E	E	d2	d1
-	-	-	-	-	E	E	d2	d1	d2	-	-	-	-	E	E	N	N	N	-	-	-	-	d2	d2	d1	d1	d1
L	L	L	L	L	-	-	-	-	d1	d1	d1	d1	d1	-	-	d1	L	L	-	-	-	-	d1	d1	d1	d1	L
E	d1	d1	d1	d1	-	-	-	-	E	N	N	N	N	-	-	-	-	d2	d1	d2	d1	d2	-	-	-	-	-
-	E	E	E	E	L	-	-	E	L	L	L	N	-	-	d1	d1	-	-	-	-	E	E	d1	L	N	-	-
-	-	-	-	-	-	-	E	E	E	E	E	-	-	-	-	-	-	E	E	E	E	E	-	-	E	d2	L
d1	d2	d1	d2	d2	-	-	-	-	d1	d2	d2	d1	L	-	-	-	-	-	-	-	-	-	d1	d2	d2	d2	L
E	E	E	E	d2	-	-	-	E	E	d2	d2	d2	-	-	-	-	-	d2	d2	d2	d2	L	-	-	-	-	-
E	E	E	-	-	-	-	-	-	-	E	E	E	E	E	-	-	-	E	E	E	E	E	-	-	-	-	-
L	L	L	L	L	-	-	-	-	-	-	-	E	E	E	L	L	-	-	-	E	L	L	L	L	-	-	-
-	-	-	-	E	E	E	E	d1	-	-	-	-	-	E	E	L	L	L	-	-	E	E	L	L	N	-	-
d2	d1	d2	d1	d1	-	-	-	E	d2	d2	d1	d1	-	-	-	-	-	-	d2	d1	N	N	N	-	-	-	-
-	-	-	E	d1	d2	L	L	-	-	-	-	-	E	E	d2	d2	d1	-	-	-	d2	d2	d1	d2	d1	-	-
d2	d2	d1	d1	d1	-	-	-	-	-	d1	d2	d1	d1	L	-	-	d2	d2	d1	d2	L	-	-	-	-	-	-
-	-	E	E	L	N	N	-	-	-	-	-	-	-	E	E	E	E	N	-	-	-	-	-	E	E	E	E
-	-	-	E	d1	d1	d2	-	-	d2	L	L	L	L	-	-	E	E	L	-	-	-	E	E	E	-	-	-
Objective 0: 13622
Objective 1: 159
Constr violation: -13
Restrictions violated:
1 1 0 0 0 0 0 11 

Individual 10
1	2	3	4	5	6	7	8	9	10	11	12	13	14	15	16	17	18	19	20	21	22	23	24	25	26	27	28
d1	d1	-	-	-	-	-	-	-	-	L	L	L	L	L	-	-	-	-	d1	d1	d1	d1	L	-	-	-	-
L	L	L	L	-	-	-	d2	d2	L	L	-	-	-	-	-	E	d2	d2	d2	-	-	d2	d2	L	L	L	-
E	E	E	L	-	-	L	L	L	L	L	-	-	E	d1	L	L	L	-	-	-	E	d1	-	-	-	-	-
d1	d1	d2	N	N	-	-	-	-	-	-	-	-	d2	d2	d2	L	N	-	-	-	-	-	d2	d2	d2	d1	d1
N	N	N	N	-	-	-	-	E	L	L	L	-	-	-	-	-	E	E	E	E	L	-	-	E	E	L	L
-	-	-	-	L	L	L	L	L	-	-	-	-	-	-	d1	L	L	L	-	-	-	-	L	L	L	L	L
-	-	-	-	-	E	E	N	N	N	-	-	E	d2	d2	L	L	-	-	-	-	d2	d2	d2	L	L	-	-
-	-	-	d1	d1	d1	d1	-	-	-	-	-	-	d1	d1	d2	d2	d1	-	-	-	d2	d1	d2	d1	d2	-	-
-	-	E	E	E	N	-	-	E	E	E	E	-	-	E	E	d1	d1	d1	-	-	-	-	E	E	d1	d1	-
L	L	L	N	N	-	-	-	-	-	d1	d1	L	N	N	-	-	d1	L	L	L	L	-	-	-	-	-	-
-	-	-	-	-	d1	d1	d1	N	N	-	-	-	-	-	-	-	d1	d1	N	N	-	-	-	-	-	-	-
E	d2	d2	L	L	-	-	-	-	-	-	E	E	L	L	L	-	-	-	-	d1	d2	N	N	N	-	-	-
E	E	d1	-	-	E	L	L	L	-	-	E	L	L	L	L	-	-	-	-	-	E	E	E	E	d1	-	-
L	L	L	L	-	-	-	-	-	-	-	-	-	-	-	L	L	L	L	L	-	-	-	-	-	-	-	-
L	L	L	L	-	-	-	-	-	-	d2	L	-	-	-	E	E	L	L	L	-	-	-	E	E	L	L	L
-	-	-	-	E	L	N	N	-	-	d1	L	L	L	N	-	-	d2	d1	-	-	d1	d1	L	L	L	-	-
-	-	-	E	E	E	d1	d2	-	-	-	E	L	L	L	L	-	-	-	-	-	-	-	-	-	-	-	-
d1	d1	d2	d2	-	-	-	E	d1	d1	-	-	d1	d2	d1	d1	d2	-	-	E	E	d1	d1	-	-	-	-	-
d2	d2	N	-	-	-	-	E	L	N	-	-	d2	d2	d1	d1	d1	-	-	d1	d1	d2	L	L	-	-	-	-
-	-	-	d2	d2	d2	d2	d2	-	-	-	-	-	-	-	-	-	-	d2	d2	d2	d2	L	-	-	-	-	-
-	-	-	-	-	-	-	-	d2	L	L	L	L	-	-	E	E	E	E	E	-	-	-	-	-	-	-	-
d2	d2	d1	L	L	-	-	d1	d2	d1	d2	d2	-	-	-	-	-	-	-	-	-	-	-	d2	N	N	N	N
-	-	E	N	N	N	N	-	-	-	-	-	-	-	d2	d2	d2	d2	d1	-	-	E	E	d1	d1	d2	-	-
-	-	-	-	-	E	E	E	E	E	-	-	-	-	-	-	-	-	E	d1	d1	d1	d1	-	-	-	-	-
d2	d2	d2	d1	d2	-	-	E	E	d1	d1	-	-	-	-	-	-	E	E	E	E	L	-	-	E	E	d2	d1
-	-	-	-	-	E	E	d2	d1	d2	-	-	-	-	E	E	N	N	N	-	-	-	-	d2	d2	d1	d1	d1
L	L	L	L	L	-	-	-	-	d1	d1	d1	d1	d1	-	-	d1	L	L	-	-	-	-	d1	d1	d1	d1	L
E	d1	d1	d1	d1	-	-	-	-	E	N	N	N	N	-	-	-	-	d2	d1	d2	d1	d2	-	-	-	-	-
-	E	E	E	E	L	-	-	E	L	L	L	N	-	-	d1	d1	-	-	-	-	E	E	d1	L	N	-	-
-	-	-	-	-	-	-	E	E	E	E	E	-	-	-	E	E	E	E	E	-	-	-	-	-	E	d2	L
d1	d2	d1	d2	d2	-	-	-	-	d1	d2	d2	d1	L	-	-	-	-	-	-	-	-	-	d1	d2	d2	d2	L
E	E	E	E	d2	-	-	-	E	E	d2	d2	d2	-	-	-	-	-	d2	d2	d2	d2	L	-	-	-	-	-
E	E	E	-	-	-	-	-	-	-	E	E	E	E	E	-	-	-	E	E	E	E	E	-	-	-	-	-
L	L	L	L	L	-	-	-	-	-	-	-	E	E	E	L	L	-	-	-	E	L	L	L	L	-	-	-
-	-	-	-	E	E	E	E	d1	-	-	-	-	-	E	E	L	L	L	-	-	E	E	L	L	N	-	-
d2	d1	d2	d1	d1	-	-	-	E	d2	d2	d1	d1	-	-	-	-	-	-	d2	d1	N	N	N	-	-	-	-
-	-	-	E	d1	d2	L	L	-	-	-	-	-	E	E	d2	d2	d1	-	-	-	d2	d2	d1	d2	d1	-	-
d2	d2	d1	d1	d1	-	-	-	-	-	d1	d2	d1	d1	L	-	-	d2	d2	d1	d2	L	-	-	-	-	-	-
-	-	E	E	L	N	N	-	-	-	-	-	-	-	E	E	E	E	N	-	-	-	-	-	E	E	E	E
-	-	-	E	d1	d1	d2	-	-	d2	L	L	L	L	-	-	E	E	L	-	-	-	E	E	E	-	-	-
Objective 0: 13521
Objective 1: 168
Constr violation: -13
Restrictions violated:
1 1 0 0 0 0 0 11 

Individual 11
1	2	3	4	5	6	7	8	9	10	11	12	13	14	15	16	17	18	19	20	21	22	23	24	25	26	27	28
d1	d1	-	-	-	-	-	-	-	-	L	L	L	L	L	-	-	-	-	d1	d1	d1	d1	L	-	-	-	-
L	L	L	L	-	-	-	d2	d2	L	L	-	-	-	-	-	E	d2	d2	d2	-	-	d2	d2	L	L	L	-
E	E	E	L	-	-	L	L	L	L	L	-	-	E	d1	L	L	L	-	-	-	E	d1	-	-	-	-	-
d1	d1	d2	N	N	-	-	-	-	-	-	-	-	d2	d2	d2	L	N	-	-	-	-	-	d2	d2	d2	d1	d1
N	N	N	N	-	-	-	-	E	L	L	L	-	-	-	-	-	E	E	E	E	L	-	-	E	E	L	L
-	-	-	-	L	L	L	L	L	-	-	-	-	-	-	d1	L	L	L	-	-	-	-	L	L	L	L	L
-	-	-	-	-	E	E	N	N	N	-	-	E	d2	d2	L	L	-	-	-	-	d2	d2	d2	L	L	-	-
-	-	-	-	-	d1	d1	d1	d1	-	-	-	-	d1	d1	d2	d2	d1	-	-	-	d2	d1	d2	d1	d2	-	-
-	-	E	E	E	N	-	-	E	E	E	E	-	-	E	E	d1	d1	d1	-	-	-	-	E	E	d1	d1	-
L	L	L	N	N	-	-	-	-	-	d1	d1	L	N	N	-	-	d1	L	L	L	L	-	-	-	-	-	-
-	-	-	-	-	d1	d1	d1	N	N	-	-	-	-	-	-	-	d1	d1	N	N	-	-	-	-	-	-	-
E	d2	d2	L	L	-	-	-	-	-	-	E	E	L	L	L	-	-	-	-	d1	d2	N	N	N	-	-	-
E	E	d1	-	-	E	L	L	L	-	-	E	L	L	L	L	-	-	-	-	-	E	E	E	E	d1	-	-
L	L	L	L	-	-	-	-	-	-	-	-	-	-	-	L	L	L	L	L	-	-	-	-	-	-	-	-
L	L	L	L	-	-	-	-	-	-	d2	L	-	-	-	E	E	L	L	L	-	-	-	E	E	L	L	L
-	-	-	-	E	L	N	N	-	-	d1	L	L	L	N	-	-	d2	d1	-	-	d1	d1	L	L	L	-	-
-	-	-	E	E	E	d1	d2	-	-	-	E	L	L	L	L	-	-	-	-	-	-	-	-	-	-	-	-
d1	d1	d2	d2	-	-	-	E	d1	d1	-	-	d1	d2	d1	d1	d2	-	-	E	E	d1	d1	-	-	-	-	-
d2	d2	N	-	-	-	-	E	L	N	-	-	d2	d2	d1	d1	d1	-	-	d1	d1	d2	L	L	-	-	-	-
-	-	-	d2	d2	d2	d2	d2	-	-	-	-	-	-	-	-	-	-	d2	d2	d2	d2	L	-	-	-	-	-
-	-	-	-	-	-	-	-	d2	L	L	L	L	-	-	E	E	E	E	E	-	-	-	-	-	-	-	-
d2	d2	d1	L	L	-	-	d1	d2	d1	d2	d2	-	-	-	-	-	-	-	-	-	-	-	d2	N	N	N	N
-	-	-	-	E	N	N	N	N	-	-	-	-	-	d2	d2	d2	d2	d1	-	-	E	E	d1	d1	d2	-	-
-	-	-	-	-	E	E	E	E	E	-	-	-	-	-	-	-	-	E	d1	d1	d1	d1	-	-	-	-	-
d2	d2	d2	d1	d2	-	-	E	E	d1	d1	-	-	-	-	-	-	E	E	E	E	L	-	-	E	E	d2	d1
-	-	-	-	-	E	E	d2	d1	d2	-	-	-	-	E	E	N	N	N	-	-	-	-	d2	d2	d1	d1	d1
L	L	L	L	L	-	-	-	-	d1	d1	d1	d1	d1	-	-	d1	L	L	-	-	-	-	d1	d1	d1	d1	L
E	d1	d1	d1	d1	-	-	-	-	E	N	N	N	N	-	-	-	-	d2	d1	d2	d1	d2	-	-	-	-	-
-	E	E	E	E	L	-	-	E	L	L	L	N	-	-	d1	d1	-	-	-	-	E	E	d1	L	N	-	-
-	-	-	-	-	-	-	E	E	E	E	E	-	-	-	E	E	E	E	E	-	-	-	-	-	E	d2	L
d1	d2	d1	d2	d2	-	-	-	-	d1	d2	d2	d1	L	-	-	-	-	-	-	-	-	-	d1	d2	d2	d2	L
E	E	E	E	d2	-	-	-	E	E	d2	d2	d2	-	-	-	-	-	d2	d2	d2	d2	L	-	-	-	-	-
E	E	E	-	-	-	-	-	-	-	E	E	E	E	E	-	-	-	E	E	E	E	E	-	-	-	-	-
L	L	L	L	L	-	-	-	-	-	-	-	E	E	E	L	L	-	-	-	E	L	L	L	L	-	-	-
-	-	-	-	E	E	E	E	d1	-	-	-	-	-	E	E	L	L	L	-	-	E	E	L	L	N	-	-
d2	d1	d2	d1	d1	-	-	-	E	d2	d2	d1	d1	-	-	-	-	-	-	d2	d1	N	N	N	-	-	-	-
-	-	-	E	d1	d2	L	L	-	-	-	-	-	E	E	d2	d2	d1	-	-	-	d2	d2	d1	d2	d1	-	-
d2	d2	d1	d1	d1	-	-	-	-	-	d1	d2	d1	d1	L	-	-	d2	d2	d1	d2	L	-	-	-	-	-	-
-	-	E	E	L	N	N	-	-	-	-	-	-	-	E	E	E	E	N	-	-	-	-	-	E	E	E	E
-	-	-	E	d1	d1	d2	-	-	d2	L	L	L	L	-	-	E	E	L	-	-	-	E	E	E	-	-	-
Objective 0: 13117
Objective 1: 175
Constr violation: -13
Restrictions violated:
1 1 0 0 0 0 0 11 

Individual 12
1	2	3	4	5	6	7	8	9	10	11	12	13	14	15	16	17	18	19	20	21	22	23	24	25	26	27	28
d1	d1	-	-	-	-	-	-	-	-	L	L	L	L	L	-	-	-	-	d1	d1	d1	d1	L	-	-	-	-
L	L	L	L	-	-	-	d2	d2	L	L	-	-	-	-	-	E	d2	d2	d2	-	-	d2	d2	L	L	L	-
E	E	E	L	-	-	L	L	L	L	L	-	-	E	d1	L	L	L	-	-	-	E	d1	-	-	-	-	-
d1	d1	d2	N	N	-	-	-	-	-	-	-	-	d2	d2	d2	L	N	-	-	-	-	-	d2	d2	d2	d1	d1
N	N	N	N	-	-	-	-	E	L	L	L	-	-	-	-	-	E	E	E	E	L	-	-	E	E	L	L
-	-	-	-	L	L	L	L	L	-	-	-	-	-	-	d1	L	L	L	-	-	-	-	L	L	L	L	L
-	-	-	-	-	E	E	N	N	N	-	-	E	d2	d2	L	L	-	-	-	-	d2	d2	d2	L	L	-	-
-	-	-	d1	d1	d1	d1	-	-	-	-	-	-	d1	d1	d2	d2	d1	-	-	-	d2	d1	d2	d1	d2	-	-
-	-	E	E	E	N	-	-	E	E	E	E	-	-	E	E	d1	d1	d1	-	-	-	-	E	E	d1	d1	-
L	L	L	N	N	-	-	-	-	-	d1	d1	L	N	N	-	-	d1	L	L	L	L	-	-	-	-	-	-
-	-	-	-	-	d1	d1	d1	N	N	-	-	-	-	-	-	-	d1	d1	N	N	-	-	-	-	-	-	-
E	d2	d2	L	L	-	-	-	-	-	-	E	E	L	L	L	-	-	-	-	d1	d2	N	N	N	-	-	-
E	E	d1	-	-	E	L	L	L	-	-	E	L	L	L	L	-	-	-	-	-	E	E	E	E	d1	-	-
-	-	L	L	L	L	-	-	-	-	-	-	-	-	-	L	L	L	L	L	-	-	-	-	-	-	-	-
L	L	L	L	-	-	-	-	-	-	d2	L	-	-	-	E	E	L	L	L	-	-	-	E	E	L	L	L
-	-	-	-	E	L	N	N	-	-	d1	L	L	L	N	-	-	d2	d1	-	-	d1	d1	L	L	L	-	-
-	-	-	E	E	E	d1	d2	-	-	-	E	L	L	L	L	-	-	-	-	-	-	-	-	-	-	-	-
d1	d1	d2	d2	-	-	-	E	d1	d1	-	-	d1	d2	d1	d1	d2	-	-	E	E	d1	d1	-	-	-	-	-
d2	d2	N	-	-	-	-	E	L	N	-	-	d2	d2	d1	d1	d1	-	-	d1	d1	d2	L	L	-	-	-	-
-	-	-	d2	d2	d2	d2	d2	-	-	-	-	-	-	-	-	-	-	d2	d2	d2	d2	L	-	-	-	-	-
-	-	-	-	-	-	-	-	d2	L	L	L	L	-	-	E	E	E	E	E	-	-	-	-	-	-	-	-
d2	d2	d1	L	L	-	-	d1	d2	d1	d2	d2	-	-	-	-	-	-	-	-	-	-	-	d2	N	N	N	N
-	-	E	N	N	N	N	-	-	-	-	-	-	-	d2	d2	d2	d2	d1	-	-	E	E	d1	d1	d2	-	-
-	-	-	-	-	E	E	E	E	E	-	-	-	-	-	-	-	-	E	d1	d1	d1	d1	-	-	-	-	-
d2	d2	d2	d1	d2	-	-	E	E	d1	d1	-	-	-	-	-	-	E	E	E	E	L	-	-	E	E	d2	d1
-	-	-	-	-	E	E	d2	d1	d2	-	-	-	-	E	E	N	N	N	-	-	-	-	d2	d2	d1	d1	d1
L	L	L	L	L	-	-	-	-	d1	d1	d1	d1	d1	-	-	d1	L	L	-	-	-	-	d1	d1	d1	d1	L
E	d1	d1	d1	d1	-	-	-	-	E	N	N	N	N	-	-	-	-	d2	d1	d2	d1	d2	-	-	-	-	-
-	E	E	E	E	L	-	-	E	L	L	L	N	-	-	d1	d1	-	-	-	-	E	E	d1	L	N	-	-
-	-	-	-	-	-	-	E	E	E	E	E	-	-	-	E	E	E	E	E	-	-	-	-	-	E	d2	L
d1	d2	d1	d2	d2	-	-	-	-	d1	d2	d2	d1	L	-	-	-	-	-	-	-	-	-	d1	d2	d2	d2	L
E	E	E	E	d2	-	-	-	E	E	d2	d2	d2	-	-	-	-	-	d2	d2	d2	d2	L	-	-	-	-	-
E	E	E	-	-	-	-	-	-	-	E	E	E	E	E	-	-	-	E	E	E	E	E	-	-	-	-	-
L	L	L	L	L	-	-	-	-	-	-	-	E	E	E	L	L	-	-	-	E	L	L	L	L	-	-	-
-	-	-	-	E	E	E	E	d1	-	-	-	-	-	E	E	L	L	L	-	-	E	E	L	L	N	-	-
d2	d1	d2	d1	d1	-	-	-	E	d2	d2	d1	d1	-	-	-	-	-	-	d2	d1	N	N	N	-	-	-	-
-	-	-	E	d1	d2	L	L	-	-	-	-	-	E	E	d2	d2	d1	-	-	-	d2	d2	d1	d2	d1	-	-
d2	d2	d1	d1	d1	-	-	-	-	-	d1	d2	d1	d1	L	-	-	d2	d2	d1	d2	L	-	-	-	-	-	-
-	-	E	E	L	N	N	-	-	-	-	-	-	-	E	E	E	E	N	-	-	-	-	-	E	E	E	E
-	-	-	E	d1	d1	d2	-	-	d2	L	L	L	L	-	-	E	E	L	-	-	-	E	E	E	-	-	-
Objective 0: 13622
Objective 1: 164
Constr violation: -13
Restrictions violated:
1 1 0 0 0 0 0 11 

Individual 13
1	2	3	4	5	6	7	8	9	10	11	12	13	14	15	16	17	18	19	20	21	22	23	24	25	26	27	28
d1	d1	-	-	-	-	-	-	-	-	L	L	L	L	L	-	-	-	-	d1	d1	d1	d1	L	-	-	-	-
L	L	L	L	-	-	-	d2	d2	L	L	-	-	-	-	-	E	d2	d2	d2	-	-	d2	d2	L	L	L	-
E	E	E	L	-	-	L	L	L	L	L	-	-	E	d1	L	L	L	-	-	-	E	d1	-	-	-	-	-
d1	d1	d2	N	N	-	-	-	-	-	-	-	-	d2	d2	d2	L	N	-	-	-	-	-	d2	d2	d2	d1	d1
N	N	N	N	-	-	-	-	E	L	L	L	-	-	-	-	-	E	E	E	E	L	-	-	E	E	L	L
-	-	-	-	L	L	L	L	L	-	-	-	-	-	-	d1	L	L	L	-	-	-	-	L	L	L	L	L
-	-	-	-	-	E	E	N	N	N	-	-	E	d2	d2	L	L	-	-	-	-	d2	d2	d2	L	L	-	-
-	-	-	d1	d1	d1	d1	-	-	-	-	-	-	d1	d1	d2	d2	d1	-	-	-	d2	d1	d2	d1	d2	-	-
-	-	E	E	E	N	-	-	E	E	E	E	-	-	E	E	d1	d1	d1	-	-	-	-	E	E	d1	d1	-
L	L	L	N	N	-	-	-	-	-	d1	d1	L	N	N	-	-	d1	L	L	L	L	-	-	-	-	-	-
-	-	-	-	-	d1	d1	d1	N	N	-	-	-	-	-	-	-	d1	d1	N	N	-	-	-	-	-	-	-
E	d2	d2	L	L	-	-	-	-	-	-	E	E	L	L	L	-	-	-	-	d1	d2	N	N	N	-	-	-
E	E	d1	-	-	E	L	L	L	-	-	E	L	L	L	L	-	-	-	-	-	E	E	E	E	d1	-	-
L	L	L	L	-	-	-	-	-	-	-	-	-	-	-	L	L	L	L	L	-	-	-	-	-	-	-	-
L	L	L	L	-	-	-	-	-	-	d2	L	-	-	-	E	E	L	L	L	-	-	-	E	E	L	L	L
-	-	-	-	E	d1	d2	L	-	-	d1	L	L	L	N	-	-	d2	d1	-	-	d1	d1	L	L	L	-	-
-	-	-	E	E	E	d1	d2	-	-	-	E	L	L	L	L	-	-	-	-	-	-	-	-	-	-	-	-
d1	d1	d2	d2	-	-	-	E	d1	d1	-	-	d1	d2	d1	d1	d2	-	-	E	E	d1	d1	-	-	-	-	-
d2	d2	N	-	-	-	-	E	L	N	-	-	d2	d2	d1	d1	d1	-	-	d1	d1	d2	L	L	-	-	-	-
-	-	-	d2	d2	d2	d2	d2	-	-	-	-	-	-	-	-	-	-	d2	d2	d2	d2	L	-	-	-	-	-
-	-	-	-	-	d2	L	L	L	L	-	-	-	-	-	E	E	E	E	E	-	-	-	-	-	-	-	-
d2	d2	d1	L	L	-	-	d1	d2	d1	d2	d2	-	-	-	-	-	-	-	-	-	-	-	d2	N	N	N	N
-	-	-	-	E	N	N	N	N	-	-	-	-	-	d2	d2	d2	d2	d1	-	-	E	E	d1	d1	d2	-	-
-	-	-	-	-	E	E	E	E	E	-	-	-	-	-	-	-	-	E	d1	d1	d1	d1	-	-	-	-	-
d2	d2	d2	d1	d2	-	-	E	E	d1	d1	-	-	-	-	-	-	E	E	E	E	L	-	-	E	E	d2	d1
-	-	-	-	-	E	E	d2	d1	d2	-	-	-	-	E	E	N	N	N	-	-	-	-	d2	d2	d1	d1	d1
L	L	L	L	L	-	-	-	-	d1	d1	d1	d1	d1	-	-	d1	L	L	-	-	-	-	d1	d1	d1	d1	L
E	d1	d1	d1	d1	-	-	-	-	E	N	N	N	N	-	-	-	-	d2	d1	d2	d1	d2	-	-	-	-	-
-	E	E	E	E	L	-	-	E	L	L	L	N	-	-	d1	d1	-	-	-	-	E	E	d1	L	N	-	-
-	-	-	-	-	-	-	E	E	E	E	E	-	-	-	E	E	E	E	E	-	-	-	-	-	E	d2	L
d1	d2	d1	d2	d2	-	-	-	-	d1	d2	d2	d1	L	-	-	-	-	-	-	-	-	-	d1	d2	d2	d2	L
E	E	E	E	d2	-	-	-	E	E	d2	d2	d2	-	-	-	-	-	E	L	L	L	L	-	-	-	-	-
E	E	E	-	-	-	-	-	-	-	E	E	E	E	E	-	-	-	E	E	E	E	E	-	-	-	-	-
L	L	L	L	L	-	-	-	-	-	-	-	E	E	E	L	L	-	-	-	E	L	L	L	L	-	-	-
-	-	-	-	E	E	E	E	d1	-	-	-	-	-	E	E	L	L	L	-	-	E	E	L	L	N	-	-
d2	d1	d2	d1	d1	-	-	-	E	d2	d2	d1	d1	-	-	-	-	-	-	d2	d1	N	N	N	-	-	-	-
-	-	-	E	d1	d2	L	L	-	-	-	-	-	E	E	d2	d2	d1	-	-	-	d2	d2	d1	d2	d1	-	-
d2	d2	d1	d1	d1	-	-	-	-	-	d1	d2	d1	d1	L	-	-	d2	d2	d1	d2	L	-	-	-	-	-	-
-	-	E	E	L	N	N	-	-	-	-	-	-	-	E	E	E	E	N	-	-	-	-	-	E	E	E	E
-	-	-	E	d1	d1	d2	-	-	d2	L	L	L	L	-	-	E	E	L	-	-	-	E	E	E	-	-	-
Objective 0: 12915
Objective 1: 189
Constr violation: -13
Restrictions violated:
1 1 0 0 0 0 0 11 

Individual 14
1	2	3	4	5	6	7	8	9	10	11	12	13	14	15	16	17	18	19	20	21	22	23	24	25	26	27	28
d1	d1	-	-	-	-	-	-	-	-	L	L	L	L	L	-	-	-	-	d1	d1	d1	d1	L	-	-	-	-
L	L	L	L	-	-	-	d2	d2	L	L	-	-	-	-	-	E	d2	d2	d2	-	-	d2	d2	L	L	L	-
E	E	E	L	-	-	L	L	L	L	L	-	-	E	d1	L	L	L	-	-	-	E	d1	-	-	-	-	-
d1	d1	d2	N	N	-	-	-	-	-	-	-	-	d2	d2	d2	L	N	-	-	-	-	-	d2	d2	d2	d1	d1
N	N	N	N	-	-	-	-	E	L	L	L	-	-	-	-	-	E	E	E	E	L	-	-	E	E	L	L
-	-	-	-	L	L	L	L	L	-	-	-	-	-	-	d1	L	L	L	-	-	-	-	L	L	L	L	L
-	-	-	-	-	E	E	N	N	N	-	-	E	d2	d2	L	L	-	-	-	-	d2	d2	d2	L	L	-	-
-	-	-	d1	d1	d1	d1	-	-	-	-	-	-	d1	d1	d2	d2	d1	-	-	-	d2	d1	d2	d1	d2	-	-
-	-	E	E	E	N	-	-	E	E	E	E	-	-	E	E	d1	d1	d1	-	-	-	-	E	E	d1	d1	-
L	L	L	N	N	-	-	-	-	-	d1	d1	L	N	N	-	-	d1	L	L	L	L	-	-	-	-	-	-
-	-	-	-	-	d1	d1	d1	N	N	-	-	-	-	-	-	-	d1	d1	N	N	-	-	-	-	-	-	-
E	d2	d2	L	L	-	-	-	-	-	-	E	E	L	L	L	-	-	-	-	d1	d2	N	N	N	-	-	-
E	E	d1	-	-	E	L	L	L	-	-	E	L	L	L	L	-	-	-	-	-	E	E	E	E	d1	-	-
-	-	L	L	L	L	-	-	-	-	-	-	-	-	-	L	L	L	L	L	-	-	-	-	-	-	-	-
L	L	L	L	-	-	-	-	-	-	d2	L	-	-	-	E	E	L	L	L	-	-	-	E	E	L	L	L
-	-	-	-	E	L	N	N	-	-	d1	L	L	L	N	-	-	d2	d1	-	-	d1	d1	L	L	L	-	-
-	-	-	-	E	E	E	d1	d2	-	-	E	E	E	E	-	-	-	-	-	-	-	-	-	-	-	-	-
d1	d1	d2	d2	-	-	-	E	d1	d1	-	-	d1	d2	d1	d1	d2	-	-	E	E	d1	d1	-	-	-	-	-
d2	d2	N	-	-	-	-	E	L	N	-	-	d2	d2	d1	d1	d1	-	-	d1	d1	d2	L	L	-	-	-	-
-	-	-	d2	d2	d2	d2	d2	-	-	-	-	-	-	-	-	-	-	d2	d2	d2	d2	L	-	-	-	-	-
-	-	-	-	-	-	-	-	d2	L	L	L	L	-	-	E	E	E	E	E	-	-	-	-	-	-	-	-
d2	d2	d1	L	L	-	-	d1	d2	d1	d2	d2	-	-	-	-	-	-	-	-	-	-	-	d2	N	N	N	N
-	-	E	N	N	N	N	-	-	-	-	-	-	-	d2	d2	d2	d2	d1	-	-	E	E	d1	d1	d2	-	-
-	-	-	-	-	E	E	E	E	E	-	-	-	-	-	-	-	-	E	d1	d1	d1	d1	-	-	-	-	-
d2	d2	d2	d1	d2	-	-	E	E	d1	d1	-	-	-	-	-	-	E	E	E	E	L	-	-	E	E	d2	d1
-	-	-	-	-	E	E	d2	d1	d2	-	-	-	-	E	E	N	N	N	-	-	-	-	d2	d2	d1	d1	d1
L	L	L	L	L	-	-	-	-	d1	d1	d1	d1	d1	-	-	d1	L	L	-	-	-	-	d1	d1	d1	d1	L
E	d1	d1	d1	d1	-	-	-	-	E	N	N	N	N	-	-	-	-	d2	d1	d2	d1	d2	-	-	-	-	-
-	E	E	E	E	L	-	-	E	L	L	L	N	-	-	d1	d1	-	-	-	-	E	E	d1	L	N	-	-
-	-	-	-	-	-	-	E	E	E	E	E	-	-	-	-	-	-	E	E	E	E	E	-	-	E	d2	L
d1	d2	d1	d2	d2	-	-	-	-	d1	d2	d2	d1	L	-	-	-	-	-	-	-	-	-	d1	d2	d2	d2	L
E	E	E	E	d2	-	-	-	E	E	d2	d2	d2	-	-	-	-	-	d2	d2	d2	d2	L	-	-	-	-	-
E	E	E	-	-	-	-	-	-	-	E	E	E	E	E	-	-	-	E	E	E	E	E	-	-	-	-	-
L	L	L	L	L	-	-	-	-	-	-	-	E	E	E	L	L	-	-	-	E	L	L	L	L	-	-	-
-	-	-	-	E	E	E	E	d1	-	-	-	-	-	E	E	L	L	L	-	-	E	E	L	L	N	-	-
d2	d1	d2	d1	d1	-	-	-	E	d2	d2	d1	d1	-	-	-	-	-	-	d2	d1	N	N	N	-	-	-	-
-	-	-	E	d1	d2	L	L	-	-	-	-	-	E	E	d2	d2	d1	-	-	-	d2	d2	d1	d2	d1	-	-
d2	d2	d1	d1	d1	-	-	-	-	-	d1	d2	d1	d1	L	-	-	d2	d2	d1	d2	L	-	-	-	-	-	-
-	-	E	E	L	N	N	-	-	-	-	-	-	-	E	E	E	E	N	-	-	-	-	-	E	E	E	E
-	-	-	E	d1	d1	d2	-	-	d2	L	L	L	L	-	-	E	E	L	-	-	-	E	E	E	-	-	-
Objective 0: 13722
Objective 1: 165
Constr violation: -13
Restrictions violated:
1 1 0 0 0 0 0 11 

Individual 15
1	2	3	4	5	6	7	8	9	10	11	12	13	14	15	16	17	18	19	20	21	22	23	24	25	26	27	28
d1	d1	-	-	-	-	-	-	-	-	L	L	L	L	L	-	-	-	-	d1	d1	d1	d1	L	-	-	-	-
L	L	L	L	-	-	-	d2	d2	L	L	-	-	-	-	-	E	d2	d2	d2	-	-	d2	d2	L	L	L	-
E	E	E	L	-	-	L	L	L	L	L	-	-	E	d1	L	L	L	-	-	-	E	d1	-	-	-	-	-
d1	d1	d2	N	N	-	-	-	-	-	-	-	-	d2	d2	d2	L	N	-	-	-	-	-	d2	d2	d2	d1	d1
N	N	N	N	-	-	-	-	E	L	L	L	-	-	-	-	-	E	E	E	E	L	-	-	E	E	L	L
-	-	-	-	L	L	L	L	L	-	-	-	-	-	-	d1	L	L	L	-	-	-	-	L	L	L	L	L
-	-	-	-	-	E	E	N	N	N	-	-	E	d2	d2	L	L	-	-	-	-	d2	d2	d2	L	L	-	-
-	-	-	d1	d1	d1	d1	-	-	-	-	-	-	d1	d1	d2	d2	d1	-	-	-	d2	d1	d2	d1	d2	-	-
-	-	E	E	E	N	-	-	E	E	E	E	-	-	E	E	d1	d1	d1	-	-	-	-	E	E	d1	d1	-
L	L	L	N	N	-	-	-	-	-	d1	d1	L	N	N	-	-	d1	L	L	L	L	-	-	-	-	-	-
-	-	-	-	-	d1	d1	d1	N	N	-	-	-	-	-	-	-	d1	d1	N	N	-	-	-	-	-	-	-
E	d2	d2	L	L	-	-	-	-	-	-	E	E	L	L	L	-	-	-	-	d1	d2	N	N	N	-	-	-
E	E	d1	-	-	E	L	L	L	-	-	E	L	L	L	L	-	-	-	-	-	E	E	E	E	d1	-	-
L	L	L	L	-	-	-	-	-	-	-	-	-	-	-	L	L	L	L	L	-	-	-	-	-	-	-	-
L	L	L	L	-	-	-	-	-	-	d2	L	-	-	-	E	E	L	L	L	-	-	-	E	E	L	L	L
-	-	-	-	E	d1	d2	L	-	-	d1	L	L	L	N	-	-	d2	d1	-	-	d1	d1	L	L	L	-	-
-	-	-	-	E	E	E	d1	d2	-	-	E	E	E	E	-	-	-	-	-	-	-	-	-	-	-	-	-
d1	d1	d2	d2	-	-	-	E	d1	d1	-	-	d1	d2	d1	d1	d2	-	-	E	E	d1	d1	-	-	-	-	-
d2	d2	N	-	-	-	-	E	L	N	-	-	d2	d2	d1	d1	d1	-	-	d1	d1	d2	L	L	-	-	-	-
-	-	-	d2	d2	d2	d2	d2	-	-	-	-	-	-	-	-	-	-	d2	d2	d2	d2	L	-	-	-	-	-
-	-	-	-	-	d2	L	L	L	L	-	-	-	-	-	E	E	E	E	E	-	-	-	-	-	-	-	-
d2	d2	d1	L	L	-	-	d1	d2	d1	d2	d2	-	-	-	-	-	-	-	-	-	-	-	d2	N	N	N	N
-	-	E	N	N	N	N	-	-	-	-	-	-	-	d2	d2	d2	d2	d1	-	-	E	E	d1	d1	d2	-	-
-	-	-	-	-	E	E	E	E	E	-	-	-	-	-	-	-	-	E	d1	d1	d1	d1	-	-	-	-	-
d2	d2	d2	d1	d2	-	-	E	E	d1	d1	-	-	-	-	-	-	E	E	E	E	L	-	-	E	E	d2	d1
-	-	-	-	-	E	E	d2	d1	d2	-	-	-	-	E	E	N	N	N	-	-	-	-	d2	d2	d1	d1	d1
L	L	L	L	L	-	-	-	-	d1	d1	d1	d1	d1	-	-	d1	L	L	-	-	-	-	d1	d1	d1	d1	L
E	d1	d1	d1	d1	-	-	-	-	E	N	N	N	N	-	-	-	-	d2	d1	d2	d1	d2	-	-	-	-	-
-	E	E	E	E	L	-	-	E	L	L	L	N	-	-	d1	d1	-	-	-	-	E	E	d1	L	N	-	-
-	-	-	-	-	-	-	E	E	E	E	E	-	-	-	E	E	E	E	E	-	-	-	-	-	E	d2	L
d1	d2	d1	d2	d2	-	-	-	-	d1	d2	d2	d1	L	-	-	-	-	-	-	-	-	-	d1	d2	d2	d2	L
E	E	E	E	d2	-	-	-	E	E	d2	d2	d2	-	-	-	-	-	E	L	L	L	L	-	-	-	-	-
E	E	E	-	-	-	-	-	-	-	E	E	E	E	E	-	-	-	E	E	E	E	E	-	-	-	-	-
L	L	L	L	L	-	-	-	-	-	-	-	E	E	E	L	L	-	-	-	E	L	L	L	L	-	-	-
-	-	-	-	E	E	E	E	d1	-	-	-	-	-	E	E	L	L	L	-	-	E	E	L	L	N	-	-
d2	d1	d2	d1	d1	-	-	-	E	d2	d2	d1	d1	-	-	-	-	-	-	d2	d1	N	N	N	-	-	-	-
-	-	-	E	d1	d2	L	L	-	-	-	-	-	E	E	d2	d2	d1	-	-	-	d2	d2	d1	d2	d1	-	-
d2	d2	d1	d1	d1	-	-	-	-	-	d1	d2	d1	d1	L	-	-	d2	d2	d1	d2	L	-	-	-	-	-	-
-	-	E	E	L	N	N	-	-	-	-	-	-	-	E	E	E	E	N	-	-	-	-	-	E	E	E	E
-	-	-	E	d1	d1	d2	-	-	d2	L	L	L	L	-	-	E	E	L	-	-	-	E	E	E	-	-	-
Objective 0: 13116
Objective 1: 190
Constr violation: -13
Restrictions violated:
1 1 0 0 0 0 0 11 

Individual 16
1	2	3	4	5	6	7	8	9	10	11	12	13	14	15	16	17	18	19	20	21	22	23	24	25	26	27	28
d1	d1	-	-	-	-	-	-	-	-	L	L	L	L	L	-	-	-	-	d1	d1	d1	d1	L	-	-	-	-
L	L	L	L	-	-	-	d2	d2	L	L	-	-	-	-	-	E	d2	d2	d2	-	-	d2	d2	L	L	L	-
E	E	E	L	-	-	L	L	L	L	L	-	-	E	d1	L	L	L	-	-	-	E	d1	-	-	-	-	-
d1	d1	d2	N	N	-	-	-	-	-	-	-	-	d2	d2	d2	L	N	-	-	-	-	-	d2	d2	d2	d1	d1
N	N	N	N	-	-	-	-	E	L	L	L	-	-	-	-	-	E	E	E	E	L	-	-	E	E	L	L
-	-	-	-	L	L	L	L	L	-	-	-	-	-	-	d1	L	L	L	-	-	-	-	L	L	L	L	L
-	-	-	-	-	E	E	N	N	N	-	-	E	d2	d2	L	L	-	-	-	-	d2	d2	d2	L	L	-	-
-	-	-	d1	d1	d1	d1	-	-	-	-	-	-	d1	d1	d2	d2	d1	-	-	-	d2	d1	d2	d1	d2	-	-
-	-	E	E	E	N	-	-	E	E	E	E	-	-	E	E	d1	d1	d1	-	-	-	-	E	E	d1	d1	-
L	L	L	N	N	-	-	-	-	-	d1	d1	L	N	N	-	-	d1	L	L	L	L	-	-	-	-	-	-
-	-	-	-	-	d1	d1	d1	N	N	-	-	-	-	-	-	-	d1	d1	N	N	-	-	-	-	-	-	-
E	d2	d2	L	L	-	-	-	-	-	-	E	E	L	L	L	-	-	-	-	d1	d2	N	N	N	-	-	-
E	E	d1	-	-	E	L	L	L	-	-	E	L	L	L	L	-	-	-	-	-	E	E	E	E	d1	-	-
L	L	L	L	-	-	-	-	-	-	-	-	-	-	-	L	L	L	L	L	-	-	-	-	-	-	-	-
L	L	L	L	-	-	-	-	-	-	d2	L	-	-	-	E	E	L	L	L	-	-	-	E	E	L	L	L
-	-	-	-	E	L	N	N	-	-	d1	L	L	L	N	-	-	d2	d1	-	-	d1	d1	L	L	L	-	-
-	-	-	E	E	E	d1	d2	-	-	-	E	L	L	L	L	-	-	-	-	-	-	-	-	-	-	-	-
d1	d1	d2	d2	-	-	-	E	d1	d1	-	-	d1	d2	d1	d1	d2	-	-	E	E	d1	d1	-	-	-	-	-
d2	d2	N	-	-	-	-	E	L	N	-	-	d2	d2	d1	d1	d1	-	-	d1	d1	d2	L	L	-	-	-	-
-	-	-	d2	d2	d2	d2	d2	-	-	-	-	-	-	-	-	-	-	d2	d2	d2	d2	L	-	-	-	-	-
-	-	-	-	-	-	-	-	d2	L	L	L	L	-	-	E	E	E	E	E	-	-	-	-	-	-	-	-
d2	d2	d1	L	L	-	-	d1	d2	d1	d2	d2	-	-	-	-	-	-	-	-	-	-	-	d2	N	N	N	N
-	-	E	N	N	N	N	-	-	-	-	-	-	-	d2	d2	d2	d2	d1	-	-	E	E	d1	d1	d2	-	-
-	-	-	-	-	E	E	E	E	E	-	-	-	-	-	-	-	-	E	d1	d1	d1	d1	-	-	-	-	-
d2	d2	d2	d1	d2	-	-	E	E	d1	d1	-	-	-	-	-	-	E	E	E	E	L	-	-	E	E	d2	d1
-	-	-	-	-	E	E	d2	d1	d2	-	-	-	-	E	E	N	N	N	-	-	-	-	d2	d2	d1	d1	d1
L	L	L	L	L	-	-	-	-	d1	d1	d1	d1	d1	-	-	d1	L	L	-	-	-	-	d1	d1	d1	d1	L
E	d1	d1	d1	d1	-	-	-	-	E	N	N	N	N	-	-	-	-	d2	d1	d2	d1	d2	-	-	-	-	-
-	E	E	E	E	L	-	-	E	L	L	L	N	-	-	d1	d1	-	-	-	-	E	E	d1	L	N	-	-
-	-	-	-	-	-	-	E	E	E	E	E	-	-	-	E	E	E	E	E	-	-	-	-	-	E	d2	L
d1	d2	d1	d2	d2	-	-	-	-	d1	d2	d2	d1	L	-	-	-	-	-	-	-	-	-	d1	d2	d2	d2	L
E	E	E	E	d2	-	-	-	E	E	d2	d2	d2	-	-	-	-	-	d2	d2	d2	d2	L	-	-	-	-	-
E	E	E	-	-	-	-	-	-	-	E	E	E	E	E	-	-	-	E	E	E	E	E	-	-	-	-	-
L	L	L	L	L	-	-	-	-	-	-	-	E	E	E	L	L	-	-	-	E	L	L	L	L	-	-	-
-	-	-	-	E	E	E	E	d1	-	-	-	-	-	E	E	L	L	L	-	-	E	E	L	L	N	-	-
d2	d1	d2	d1	d1	-	-	-	E	d2	d2	d1	d1	-	-	-	-	-	-	d2	d1	N	N	N	-	-	-	-
-	-	-	E	d1	d2	L	L	-	-	-	-	-	E	E	d2	d2	d1	-	-	-	d2	d2	d1	d2	d1	-	-
d2	d2	d1	d1	d1	-	-	-	-	-	d1	d2	d1	d1	L	-	-	d2	d2	d1	d2	L	-	-	-	-	-	-
-	-	E	E	L	N	N	-	-	-	-	-	-	-	E	E	E	E	N	-	-	-	-	-	E	E	E	E
-	-	-	E	d1	d1	d2	-	-	d2	L	L	L	L	-	-	E	E	L	-	-	-	E	E	E	-	-	-
Objective 0: 13521
Objective 1: 168
Constr violation: -13
Restrictions violated:
1 1 0 0 0 0 0 11 

Individual 17
1	2	3	4	5	6	7	8	9	10	11	12	13	14	15	16	17	18	19	20	21	22	23	24	25	26	27	28
d1	d1	-	-	-	-	-	-	-	-	L	L	L	L	L	-	-	-	-	d1	d1	d1	d1	L	-	-	-	-
L	L	L	L	-	-	-	d2	d2	L	L	-	-	-	-	-	E	d2	d2	d2	-	-	d2	d2	L	L	L	-
E	E	E	L	-	-	L	L	L	L	L	-	-	E	d1	L	L	L	-	-	-	E	d1	-	-	-	-	-
d1	d1	d2	N	N	-	-	-	-	-	-	-	-	d2	d2	d2	L	N	-	-	-	-	-	d2	d2	d2	d1	d1
N	N	N	N	-	-	-	-	E	L	L	L	-	-	-	-	-	E	E	E	E	L	-	-	E	E	L	L
-	-	-	-	L	L	L	L	L	-	-	-	-	-	-	d1	L	L	L	-	-	-	-	L	L	L	L	L
-	-	-	-	-	E	E	N	N	N	-	-	E	d2	d2	L	L	-	-	-	-	d2	d2	d2	L	L	-	-
-	-	-	d1	d1	d1	d1	-	-	-	-	-	-	d1	d1	d2	d2	d1	-	-	-	d2	d1	d2	d1	d2	-	-
-	-	E	E	E	N	-	-	E	E	E	E	-	-	E	E	d1	d1	d1	-	-	-	-	E	E	d1	d1	-
L	L	L	N	N	-	-	-	-	-	d1	d1	L	N	N	-	-	d1	L	L	L	L	-	-	-	-	-	-
-	-	-	-	-	d1	d1	d1	N	N	-	-	-	-	-	-	-	d1	d1	N	N	-	-	-	-	-	-	-
E	d2	d2	L	L	-	-	-	-	-	-	E	E	L	L	L	-	-	-	-	d1	d2	N	N	N	-	-	-
E	E	d1	-	-	E	L	L	L	-	-	E	L	L	L	L	-	-	-	-	-	E	E	E	E	d1	-	-
L	L	L	L	-	-	-	-	-	-	-	-	-	-	-	L	L	L	L	L	-	-	-	-	-	-	-	-
L	L	L	L	-	-	-	-	-	-	d2	L	-	-	-	E	E	L	L	L	-	-	-	E	E	L	L	L
-	-	-	-	E	L	N	N	-	-	d1	L	L	L	N	-	-	d2	d1	-	-	d1	d1	L	L	L	-	-
-	-	-	E	E	E	d1	d2	-	-	-	E	L	L	L	L	-	-	-	-	-	-	-	-	-	-	-	-
d1	d1	d2	d2	-	-	-	E	d1	d1	-	-	d1	d2	d1	d1	d2	-	-	E	E	d1	d1	-	-	-	-	-
d2	d2	N	-	-	-	-	E	L	N	-	-	d2	d2	d1	d1	d1	-	-	d1	d1	d2	L	L	-	-	-	-
-	-	-	d2	d2	d2	d2	d2	-	-	-	-	-	-	-	-	-	-	d2	d2	d2	d2	L	-	-	-	-	-
-	-	-	-	-	d2	L	L	L	L	-	-	-	-	-	E	E	E	E	E	-	-	-	-	-	-	-	-
d2	d2	d1	L	L	-	-	d1	d2	d1	d2	d2	-	-	-	-	-	-	-	-	-	-	-	d2	N	N	N	N
-	-	-	-	E	N	N	N	N	-	-	-	-	-	d2	d2	d2	d2	d1	-	-	E	E	d1	d1	d2	-	-
-	-	-	-	-	E	E	E	E	E	-	-	-	-	-	-	-	-	E	d1	d1	d1	d1	-	-	-	-	-
d2	d2	d2	d1	d2	-	-	E	E	d1	d1	-	-	-	-	-	-	E	E	E	E	L	-	-	E	E	d2	d1
-	-	-	-	-	E	E	d2	d1	d2	-	-	-	-	E	E	N	N	N	-	-	-	-	d2	d2	d1	d1	d1
L	L	L	L	L	-	-	-	-	d1	d1	d1	d1	d1	-	-	d1	L	L	-	-	-	-	d1	d1	d1	d1	L
E	d1	d1	d1	d1	-	-	-	-	E	N	N	N	N	-	-	-	-	d2	d1	d2	d1	d2	-	-	-	-	-
-	E	E	E	E	L	-	-	E	L	L	L	N	-	-	d1	d1	-	-	-	-	E	E	d1	L	N	-	-
-	-	-	-	-	-	-	E	E	E	E	E	-	-	-	E	E	E	E	E	-	-	-	-	-	E	d2	L
d1	d2	d1	d2	d2	-	-	-	-	d1	d2	d2	d1	L	-	-	-	-	-	-	-	-	-	d1	d2	d2	d2	L
E	E	E	E	d2	-	-	-	E	E	d2	d2	d2	-	-	-	-	-	E	L	L	L	L	-	-	-	-	-
E	E	E	-	-	-	-	-	-	-	E	E	E	E	E	-	-	-	E	E	E	E	E	-	-	-	-	-
L	L	L	L	L	-	-	-	-	-	-	-	E	E	E	L	L	-	-	-	E	L	L	L	L	-	-	-
-	-	-	-	E	E	E	E	d1	-	-	-	-	-	E	E	L	L	L	-	-	E	E	L	L	N	-	-
d2	d1	d2	d1	d1	-	-	-	E	d2	d2	d1	d1	-	-	-	-	-	-	d2	d1	N	N	N	-	-	-	-
-	-	-	E	d1	d2	L	L	-	-	-	-	-	E	E	d2	d2	d1	-	-	-	d2	d2	d1	d2	d1	-	-
d2	d2	d1	d1	d1	-	-	-	-	-	d1	d2	d1	d1	L	-	-	d2	d2	d1	d2	L	-	-	-	-	-	-
-	-	E	E	L	N	N	-	-	-	-	-	-	-	E	E	E	E	N	-	-	-	-	-	E	E	E	E
-	-	-	E	d1	d1	d2	-	-	d2	L	L	L	L	-	-	E	E	L	-	-	-	E	E	E	-	-	-
Objective 0: 13016
Objective 1: 188
Constr violation: -13
Restrictions violated:
1 1 0 0 0 0 0 11 

Individual 18
1	2	3	4	5	6	7	8	9	10	11	12	13	14	15	16	17	18	19	20	21	22	23	24	25	26	27	28
d1	d1	-	-	-	-	-	-	-	-	L	L	L	L	L	-	-	-	-	d1	d1	d1	d1	L	-	-	-	-
L	L	L	L	-	-	-	d2	d2	L	L	-	-	-	-	-	E	d2	d2	d2	-	-	d2	d2	L	L	L	-
E	E	E	L	-	-	L	L	L	L	L	-	-	E	d1	L	L	L	-	-	-	E	d1	-	-	-	-	-
d1	d1	d2	N	N	-	-	-	-	-	-	-	-	d2	d2	d2	L	N	-	-	-	-	-	d2	d2	d2	d1	d1
N	N	N	N	-	-	-	-	E	L	L	L	-	-	-	-	-	E	E	E	E	L	-	-	E	E	L	L
-	-	-	-	L	L	L	L	L	-	-	-	-	-	-	d1	L	L	L	-	-	-	-	L	L	L	L	L
-	-	-	-	-	E	E	N	N	N	-	-	E	d2	d2	L	L	-	-	-	-	d2	d2	d2	L	L	-	-
-	-	-	d1	d1	d1	d1	-	-	-	-	-	-	d1	d1	d2	d2	d1	-	-	-	d2	d1	d2	d1	d2	-	-
-	-	E	E	E	N	-	-	E	E	E	E	-	-	E	E	d1	d1	d1	-	-	-	-	E	E	d1	d1	-
L	L	L	N	N	-	-	-	-	-	d1	d1	L	N	N	-	-	d1	L	L	L	L	-	-	-	-	-	-
-	-	-	-	-	d1	d1	d1	N	N	-	-	-	-	-	-	-	d1	d1	N	N	-	-	-	-	-	-	-
E	d2	d2	L	L	-	-	-	-	-	-	E	E	L	L	L	-	-	-	-	d1	d2	N	N	N	-	-	-
E	E	d1	-	-	E	L	L	L	-	-	E	L	L	L	L	-	-	-	-	-	E	E	E	E	d1	-	-
L	L	L	L	-	-	-	-	-	-	-	-	-	-	-	L	L	L	L	L	-	-	-	-	-	-	-	-
L	L	L	L	-	-	-	-	-	-	d2	L	-	-	-	E	E	L	L	L	-	-	-	E	E	L	L	L
-	-	-	-	E	L	N	N	-	-	d1	L	L	L	N	-	-	d2	d1	-	-	d1	d1	L	L	L	-	-
-	-	-	E	E	E	d1	d2	-	-	-	E	L	L	L	L	-	-	-	-	-	-	-	-	-	-	-	-
d1	d1	d2	d2	-	-	-	E	d1	d1	-	-	d1	d2	d1	d1	d2	-	-	E	E	d1	d1	-	-	-	-	-
d2	d2	N	-	-	-	-	E	L	N	-	-	d2	d2	d1	d1	d1	-	-	d1	d1	d2	L	L	-	-	-	-
-	-	-	d2	d2	d2	d2	d2	-	-	-	-	-	-	-	-	-	-	d2	d2	d2	d2	L	-	-	-	-	-
-	-	-	-	-	d2	L	L	L	L	-	-	-	-	-	E	E	E	E	E	-	-	-	-	-	-	-	-
d2	d2	d1	L	L	-	-	d1	d2	d1	d2	d2	-	-	-	-	-	-	-	-	-	-	-	d2	N	N	N	N
-	-	-	-	E	N	N	N	N	-	-	-	-	-	d2	d2	d2	d2	d1	-	-	E	E	d1	d1	d2	-	-
-	-	-	-	-	E	E	E	E	E	-	-	-	-	-	-	-	-	E	d1	d1	d1	d1	-	-	-	-	-
d2	d2	d2	d1	d2	-	-	E	E	d1	d1	-	-	-	-	-	-	E	E	E	E	L	-	-	E	E	d2	d1
-	-	-	-	-	E	E	d2	d1	d2	-	-	-	-	E	E	N	N	N	-	-	-	-	d2	d2	d1	d1	d1
L	L	L	L	L	-	-	-	-	d1	d1	d1	d1	d1	-	-	d1	L	L	-	-	-	-	d1	d1	d1	d1	L
E	d1	d1	d1	d1	-	-	-	-	E	N	N	N	N	-	-	-	-	d2	d1	d2	d1	d2	-	-	-	-	-
-	E	E	E	E	L	-	-	E	L	L	L	N	-	-	d1	d1	-	-	-	-	E	E	d1	L	N	-	-
-	-	-	-	-	-	-	E	E	E	E	E	-	-	-	E	E	E	E	E	-	-	-	-	-	E	d2	L
d1	d2	d1	d2	d2	-	-	-	-	d1	d2	d2	d1	L	-	-	-	-	-	-	-	-	-	d1	d2	d2	d2	L
E	E	E	E	d2	-	-	-	E	E	d2	d2	d2	-	-	-	-	-	d2	d2	d2	d2	L	-	-	-	-	-
E	E	E	-	-	-	-	-	-	-	E	E	E	E	E	-	-	-	E	E	E	E	E	-	-	-	-	-
L	L	L	L	L	-	-	-	-	-	-	-	E	E	E	L	L	-	-	-	E	L	L	L	L	-	-	-
-	-	-	-	E	E	E	E	d1	-	-	-	-	-	E	E	L	L	L	-	-	E	E	L	L	N	-	-
d2	d1	d2	d1	d1	-	-	-	E	d2	d2	d1	d1	-	-	-	-	-	-	d2	d1	N	N	N	-	-	-	-
-	-	-	E	d1	d2	L	L	-	-	-	-	-	E	E	d2	d2	d1	-	-	-	d2	d2	d1	d2	d1	-	-
d2	d2	d1	d1	d1	-	-	-	-	-	d1	d2	d1	d1	L	-	-	d2	d2	d1	d2	L	-	-	-	-	-	-
-	-	E	E	L	N	N	-	-	-	-	-	-	-	E	E	E	E	N	-	-	-	-	-	E	E	E	E
-	-	-	E	d1	d1	d2	-	-	d2	L	L	L	L	-	-	E	E	L	-	-	-	E	E	E	-	-	-
Objective 0: 13117
Objective 1: 180
Constr violation: -13
Restrictions violated:
1 1 0 0 0 0 0 11 

Individual 19
1	2	3	4	5	6	7	8	9	10	11	12	13	14	15	16	17	18	19	20	21	22	23	24	25	26	27	28
d1	d1	-	-	-	-	-	-	-	-	L	L	L	L	L	-	-	-	-	d1	d1	d1	d1	L	-	-	-	-
L	L	L	L	-	-	-	d2	d2	L	L	-	-	-	-	-	E	d2	d2	d2	-	-	d2	d2	L	L	L	-
E	E	E	L	-	-	L	L	L	L	L	-	-	E	d1	L	L	L	-	-	-	E	d1	-	-	-	-	-
d1	d1	d2	N	N	-	-	-	-	-	-	-	-	d2	d2	d2	L	N	-	-	-	-	-	d2	d2	d2	d1	d1
N	N	N	N	-	-	-	-	E	L	L	L	-	-	-	-	-	E	E	E	E	L	-	-	E	E	L	L
-	-	-	-	L	L	L	L	L	-	-	-	-	-	-	d1	L	L	L	-	-	-	-	L	L	L	L	L
-	-	-	-	-	E	E	N	N	N	-	-	E	d2	d2	L	L	-	-	-	-	d2	d2	d2	L	L	-	-
-	-	-	d1	d1	d1	d1	-	-	-	-	-	-	d1	d1	d2	d2	d1	-	-	-	d2	d1	d2	d1	d2	-	-
-	-	E	E	E	N	-	-	E	E	E	E	-	-	E	E	d1	d1	d1	-	-	-	-	E	E	d1	d1	-
L	L	L	N	N	-	-	-	-	-	d1	d1	L	N	N	-	-	d1	L	L	L	L	-	-	-	-	-	-
-	-	-	-	-	d1	d1	d1	N	N	-	-	-	-	-	-	-	d1	d1	N	N	-	-	-	-	-	-	-
E	d2	d2	L	L	-	-	-	-	-	-	E	E	L	L	L	-	-	-	-	d1	d2	N	N	N	-	-	-
E	E	d1	-	-	E	L	L	L	-	-	E	L	L	L	L	-	-	-	-	-	E	E	E	E	d1	-	-
L	L	L	L	-	-	-	-	-	-	-	-	-	-	-	L	L	L	L	L	-	-	-	-	-	-	-	-
L	L	L	L	-	-	-	-	-	-	d2	L	-	-	-	E	E	L	L	L	-	-	-	E	E	L	L	L
-	-	-	-	E	d1	d2	L	-	-	d1	L	L	L	N	-	-	d2	d1	-	-	d1	d1	L	L	L	-	-
-	-	-	-	E	E	E	d1	d2	-	-	E	E	E	E	-	-	-	-	-	-	-	-	-	-	-	-	-
d1	d1	d2	d2	-	-	-	E	d1	d1	-	-	d1	d2	d1	d1	d2	-	-	E	E	d1	d1	-	-	-	-	-
d2	d2	N	-	-	-	-	E	L	N	-	-	d2	d2	d1	d1	d1	-	-	d1	d1	d2	L	L	-	-	-	-
-	-	-	d2	d2	d2	d2	d2	-	-	-	-	-	-	-	-	-	-	d2	d2	d2	d2	L	-	-	-	-	-
-	-	-	-	-	-	-	-	d2	L	L	L	L	-	-	E	E	E	E	E	-	-	-	-	-	-	-	-
d2	d2	d1	L	L	-	-	d1	d2	d1	d2	d2	-	-	-	-	-	-	-	-	-	-	-	d2	N	N	N	N
-	-	E	N	N	N	N	-	-	-	-	-	-	-	d2	d2	d2	d2	d1	-	-	E	E	d1	d1	d2	-	-
-	-	-	-	-	E	E	E	E	E	-	-	-	-	-	-	-	-	E	d1	d1	d1	d1	-	-	-	-	-
d2	d2	d2	d1	d2	-	-	E	E	d1	d1	-	-	-	-	-	-	E	E	E	E	L	-	-	E	E	d2	d1
-	-	-	-	-	E	E	d2	d1	d2	-	-	-	-	E	E	N	N	N	-	-	-	-	d2	d2	d1	d1	d1
L	L	L	L	L	-	-	-	-	d1	d1	d1	d1	d1	-	-	d1	L	L	-	-	-	-	d1	d1	d1	d1	L
E	d1	d1	d1	d1	-	-	-	-	E	N	N	N	N	-	-	-	-	d2	d1	d2	d1	d2	-	-	-	-	-
-	E	E	E	E	L	-	-	E	L	L	L	N	-	-	d1	d1	-	-	-	-	E	E	d1	L	N	-	-
-	-	-	-	-	-	-	E	E	E	E	E	-	-	-	E	E	E	E	E	-	-	-	-	-	E	d2	L
d1	d2	d1	d2	d2	-	-	-	-	d1	d2	d2	d1	L	-	-	-	-	-	-	-	-	-	d1	d2	d2	d2	L
E	E	E	E	d2	-	-	-	E	E	d2	d2	d2	-	-	-	-	-	d2	d2	d2	d2	L	-	-	-	-	-
E	E	E	-	-	-	-	-	-	-	E	E	E	E	E	-	-	-	E	E	E	E	E	-	-	-	-	-
L	L	L	L	L	-	-	-	-	-	-	-	E	E	E	L	L	-	-	-	E	L	L	L	L	-	-	-
-	-	-	-	E	E	E	E	d1	-	-	-	-	-	E	E	L	L	L	-	-	E	E	L	L	N	-	-
d2	d1	d2	d1	d1	-	-	-	E	d2	d2	d1	d1	-	-	-	-	-	-	d2	d1	N	N	N	-	-	-	-
-	-	-	E	d1	d2	L	L	-	-	-	-	-	E	E	d2	d2	d1	-	-	-	d2	d2	d1	d2	d1	-	-
d2	d2	d1	d1	d1	-	-	-	-	-	d1	d2	d1	d1	L	-	-	d2	d2	d1	d2	L	-	-	-	-	-	-
-	-	E	E	L	N	N	-	-	-	-	-	-	-	E	E	E	E	N	-	-	-	-	-	E	E	E	E
-	-	-	E	d1	d1	d2	-	-	d2	L	L	L	L	-	-	E	E	L	-	-	-	E	E	E	-	-	-
Objective 0: 13419
Objective 1: 176
Constr violation: -13
Restrictions violated:
1 1 0 0 0 0 0 11 

