Individual 0
1	2	3	4	5	6	7	8	9	10	11	12	13	14	15	16	17	18	19	20	21	22	23	24	25	26	27	28
d1	d1	-	-	d1	L	-	-	d1	L	L	L	-	-	d1	L	-	-	d1	d1	d1	d1	-	-	d1	d1	-	-
-	-	E	d2	L	-	-	-	d2	d2	d2	d2	-	-	-	-	-	L	L	L	L	L	-	-	E	E	E	L
E	L	L	L	L	-	-	E	d1	L	-	-	E	E	E	-	-	E	d1	d1	L	L	-	-	-	-	-	-
N	N	N	-	-	d1	d1	d2	N	-	-	-	-	-	d2	d2	L	L	L	-	-	-	-	d2	d1	d1	d2	L
-	-	-	E	N	N	-	-	E	L	L	N	-	-	E	E	E	N	-	-	-	-	-	E	E	E	E	L
-	-	-	-	L	L	N	N	N	-	-	d1	d1	d1	L	L	-	-	-	-	-	d1	d1	L	N	N	-	-
-	-	L	L	-	-	E	E	E	E	-	-	-	-	E	E	E	L	L	-	-	-	-	E	L	L	L	L
d1	d1	d1	d1	-	-	-	d2	d2	d1	-	-	-	d1	d2	d1	d1	d1	-	-	-	d2	d1	d2	d1	-	-	-
-	-	E	E	-	-	-	-	E	d1	N	N	-	-	E	d1	N	N	-	-	E	N	-	-	E	d1	d1	d1
L	L	-	-	L	N	-	-	d1	d1	d1	d1	-	-	L	N	-	-	d1	d1	d1	N	-	-	L	L	-	-
d1	d1	-	-	-	d1	d1	-	-	d1	d1	N	-	-	d1	d1	N	N	N	-	-	-	-	d1	d1	N	-	-
d2	d1	d1	d2	-	-	-	-	-	d1	d1	L	N	N	-	-	-	d1	d1	d1	d2	d2	-	-	E	L	-	-
L	L	-	-	-	d1	d1	L	L	L	-	-	-	-	E	L	L	L	-	-	E	d1	d1	d1	L	-	-	-
L	L	L	L	L	-	-	L	L	L	-	-	-	L	L	L	-	-	L	L	L	L	-	-	L	L	-	-
d2	L	L	L	L	-	-	-	-	E	d2	L	-	-	E	d2	d2	-	-	E	d2	L	-	-	E	E	d2	d2
-	-	-	d1	N	N	-	-	d2	d1	d2	d2	-	-	d1	d1	L	-	-	d1	d1	d2	-	-	E	N	-	-
E	E	d2	d2	d2	-	-	-	d1	d2	L	-	-	-	-	-	d2	d2	d2	d2	L	-	-	-	-	E	E	d2
-	-	d1	N	-	-	-	E	E	d1	-	-	-	-	E	d1	N	N	-	-	E	E	E	d2	N	-	-	d1
E	E	-	-	-	-	L	L	L	N	-	-	d1	d1	-	-	E	E	d1	-	-	E	d2	d2	L	N	-	-
d2	d2	L	-	-	d2	L	L	-	-	d2	d2	d2	d2	L	-	-	d2	d2	-	-	L	L	L	L	-	-	-
E	E	-	-	L	L	-	-	-	E	E	L	L	L	-	-	E	d2	-	-	-	E	d2	d2	d2	d2	-	-
-	-	E	L	L	-	-	-	-	L	N	N	-	-	d1	L	L	L	-	-	d2	L	N	-	-	-	d1	L
-	-	E	d1	d2	-	-	E	E	d1	d1	-	-	d1	d1	N	N	-	-	E	E	E	N	-	-	-	-	-
d1	d1	d1	d1	-	-	-	E	E	E	E	E	-	-	E	E	E	E	E	-	-	E	E	-	-	-	-	-
E	d2	d2	d2	d1	-	-	-	d2	d1	L	L	-	-	d1	L	-	-	-	d2	d1	L	-	-	-	d1	d1	d2
-	-	d2	L	L	-	-	N	N	N	N	-	-	-	E	E	d1	L	-	-	E	E	E	d2	-	-	-	-
L	L	L	L	L	-	-	-	d1	d1	d1	d1	L	-	-	d1	L	L	L	L	-	-	d1	d1	-	-	-	-
d2	d2	N	N	-	-	E	d1	d1	d2	-	-	-	-	d1	d2	-	-	d2	d2	d2	d1	N	-	-	-	-	-
-	-	-	E	E	d1	d1	N	-	-	N	N	-	-	-	E	L	L	-	-	E	E	E	N	N	-	-	-
-	-	-	E	d2	d2	d2	d2	-	-	d2	d2	-	-	d2	d2	d2	L	L	-	-	E	L	-	-	-	E	L
d1	L	L	L	-	-	d1	d2	L	-	-	d1	L	-	-	-	d2	L	L	-	-	-	-	d1	d2	d2	-	-
E	E	E	-	-	-	-	-	-	E	L	-	-	-	-	-	E	E	d2	d2	d2	-	-	E	d2	d2	d2	L
E	E	E	E	E	-	-	-	-	E	E	-	-	E	E	E	-	-	E	E	E	-	-	-	E	E	-	-
d2	d2	d2	-	-	E	L	L	-	-	L	L	-	-	-	-	E	E	E	-	-	-	E	d2	L	L	-	-
E	d1	d1	-	-	E	E	d1	L	-	-	-	E	E	-	-	L	L	L	-	-	-	-	E	E	d1	-	-
N	N	N	-	-	d2	d2	-	-	-	E	d1	d2	L	-	-	E	d1	d1	-	-	-	-	E	L	L	-	-
E	L	-	-	d2	d1	d2	d1	-	-	d1	d1	-	-	d2	d2	d1	d2	-	-	-	-	L	L	-	-	E	d1
d1	L	N	-	-	-	-	d2	d1	d1	d1	d2	-	-	-	d2	d1	-	-	d1	d2	N	-	-	-	-	-	N
-	-	-	-	E	E	N	N	N	-	-	E	N	-	-	E	E	E	N	-	-	-	E	E	E	E	-	-
-	-	d2	d2	d2	-	-	-	-	d2	L	L	L	N	-	-	d2	d2	N	-	-	-	E	E	N	-	-	-
Objective 0: 14983
Objective 1: 224
Constr violation: 0
Restrictions violated:
0 0 0 0 0 0 0 0 

Individual 1
1	2	3	4	5	6	7	8	9	10	11	12	13	14	15	16	17	18	19	20	21	22	23	24	25	26	27	28
d1	d1	-	-	d1	L	-	-	d1	L	L	L	-	-	d1	L	-	-	d1	d1	d1	d1	-	-	d1	d1	-	-
-	-	E	d2	L	-	-	-	d2	d2	d2	d2	-	-	-	-	-	L	L	L	L	L	-	-	E	E	E	L
d1	d1	L	-	-	-	-	E	E	L	L	-	-	-	L	L	L	-	-	E	E	E	E	-	-	-	E	d1
N	N	N	-	-	d1	d1	d2	N	-	-	-	-	-	d2	d2	L	L	L	-	-	-	-	d2	d1	d1	d2	L
-	-	-	E	N	N	-	-	E	L	L	N	-	-	E	E	E	N	-	-	-	-	-	E	E	E	E	L
-	-	-	-	L	L	N	N	N	-	-	d1	d1	d1	L	L	-	-	-	-	-	d1	d1	L	N	N	-	-
-	-	L	L	-	-	E	E	E	E	-	-	-	-	E	E	E	L	L	-	-	-	-	E	L	L	L	L
d1	d1	d1	d1	-	-	-	d2	d2	d1	-	-	-	d1	d2	d1	d1	d1	-	-	-	d2	d1	d2	d1	-	-	-
E	E	E	E	d1	-	-	-	-	-	E	E	N	-	-	-	N	N	N	N	-	-	-	E	E	E	-	-
L	L	-	-	L	N	-	-	d1	d1	d1	d1	-	-	L	N	-	-	d1	d1	d1	N	-	-	L	L	-	-
d1	d1	-	-	d1	d1	d1	d1	-	-	d1	N	-	-	-	d1	N	N	-	-	-	-	-	d1	d1	d1	N	N
d2	d1	d1	d2	-	-	-	-	-	d1	d1	L	N	N	-	-	-	d1	d1	d1	d2	d2	-	-	E	L	-	-
L	L	-	-	-	d1	d1	L	L	L	-	-	-	-	E	L	L	L	-	-	E	d1	d1	d1	L	-	-	-
L	L	L	L	L	-	-	L	L	L	-	-	-	L	L	L	-	-	L	L	L	L	-	-	L	L	-	-
d2	L	L	L	L	-	-	-	-	E	d2	L	-	-	E	d2	d2	-	-	E	d2	L	-	-	E	E	d2	d2
-	-	-	d1	N	N	-	-	d2	d1	d2	d2	-	-	d1	d1	L	-	-	d1	d1	d2	-	-	E	N	-	-
E	E	d2	d2	d2	-	-	-	d1	d2	L	-	-	-	-	-	d2	d2	d2	d2	L	-	-	-	-	E	E	d2
E	d1	d1	N	-	-	-	d2	d2	-	-	d2	d1	d2	d2	d1	-	-	-	d2	d2	d2	d1	N	-	-	-	-
E	E	-	-	-	-	L	L	L	N	-	-	d1	d1	-	-	E	E	d1	-	-	E	d2	d2	L	N	-	-
d2	d2	L	-	-	d2	L	L	-	-	d2	d2	d2	d2	L	-	-	d2	d2	-	-	L	L	L	L	-	-	-
E	E	-	-	L	L	-	-	-	E	E	L	L	L	-	-	E	d2	-	-	-	E	d2	d2	d2	d2	-	-
-	-	E	L	L	-	-	-	-	L	N	N	-	-	d1	L	L	L	-	-	d2	L	N	-	-	-	d1	L
-	-	E	d1	d2	-	-	E	E	d1	d1	-	-	d1	d1	N	N	-	-	E	E	E	N	-	-	-	-	-
d1	d1	d1	d1	-	-	-	E	E	E	E	E	-	-	E	E	E	E	E	-	-	E	E	-	-	-	-	-
E	d2	d2	d2	d1	-	-	-	d2	d1	L	L	-	-	d1	L	-	-	-	d2	d1	L	-	-	-	d1	d1	d2
-	-	d2	L	L	-	-	N	N	N	N	-	-	-	E	E	d1	L	-	-	E	E	E	d2	-	-	-	-
L	L	L	L	L	-	-	L	L	L	-	-	-	-	d1	d1	d1	d1	-	-	-	-	L	L	-	-	L	L
d2	d2	N	N	-	-	E	d1	d1	d2	-	-	-	-	d1	d2	-	-	d2	d2	d2	d1	N	-	-	-	-	-
-	-	-	E	E	d1	d1	N	-	-	N	N	-	-	-	E	L	L	-	-	E	E	E	N	N	-	-	-
-	-	-	E	d2	d2	d2	d2	-	-	d2	d2	-	-	d2	d2	d2	L	L	-	-	E	L	-	-	-	E	L
d1	L	L	L	-	-	d1	d2	L	-	-	d1	L	-	-	-	d2	L	L	-	-	-	-	d1	d2	d2	-	-
E	E	E	-	-	-	-	-	-	E	L	-	-	-	-	-	E	E	d2	d2	d2	-	-	E	d2	d2	d2	L
E	E	E	E	E	-	-	-	-	E	E	-	-	E	E	E	-	-	E	E	E	-	-	-	E	E	-	-
d2	d2	d2	-	-	E	L	L	-	-	L	L	-	-	-	-	E	E	E	-	-	-	E	d2	L	L	-	-
E	d1	d1	-	-	E	E	d1	L	-	-	-	E	E	-	-	L	L	L	-	-	-	-	E	E	d1	-	-
N	N	N	-	-	d2	d2	-	-	-	E	d1	d2	L	-	-	E	d1	d1	-	-	-	-	E	L	L	-	-
E	L	-	-	d2	d1	d2	d1	-	-	d1	d1	-	-	d2	d2	d1	d2	-	-	-	-	L	L	-	-	E	d1
d1	L	N	-	-	-	-	-	d1	N	-	-	-	d2	N	-	-	d1	d1	-	-	d1	d1	-	-	d2	d1	N
-	-	-	-	E	E	N	N	N	-	-	E	N	-	-	E	E	E	N	-	-	-	E	E	E	E	-	-
E	d1	d1	N	-	-	-	-	-	-	-	E	E	d1	L	-	-	E	E	-	-	d2	d1	d2	L	-	-	d1
Objective 0: 12863
Objective 1: 263
Constr violation: 0
Restrictions violated:
0 0 0 0 0 0 0 0 

Individual 2
1	2	3	4	5	6	7	8	9	10	11	12	13	14	15	16	17	18	19	20	21	22	23	24	25	26	27	28
d1	d1	-	-	d1	L	-	-	d1	L	L	L	-	-	d1	L	-	-	d1	d1	d1	d1	-	-	d1	d1	-	-
-	-	E	d2	L	-	-	-	d2	d2	d2	d2	-	-	-	-	-	L	L	L	L	L	-	-	E	E	E	L
E	L	L	L	L	-	-	E	d1	L	-	-	E	E	E	-	-	E	d1	d1	L	L	-	-	-	-	-	-
N	N	N	-	-	d1	d1	d2	N	-	-	-	-	-	d2	d2	L	L	L	-	-	-	-	d2	d1	d1	d2	L
-	-	-	E	N	N	-	-	E	L	L	N	-	-	E	E	E	N	-	-	-	-	-	E	E	E	E	L
-	-	-	-	L	L	N	N	N	-	-	d1	d1	d1	L	L	-	-	-	-	-	d1	d1	L	N	N	-	-
-	-	L	L	-	-	E	E	E	E	-	-	-	-	E	E	E	L	L	-	-	-	-	E	L	L	L	L
d1	d1	d1	d1	-	-	-	d2	d2	d1	-	-	-	d1	d2	d1	d1	d1	-	-	-	d2	d1	d2	d1	-	-	-
E	E	E	E	d1	-	-	-	-	-	E	E	N	-	-	-	N	N	N	N	-	-	-	E	E	E	-	-
L	L	-	-	L	N	-	-	d1	d1	d1	d1	-	-	L	N	-	-	d1	d1	d1	N	-	-	L	L	-	-
d1	d1	-	-	d1	d1	d1	d1	-	-	d1	N	-	-	-	d1	N	N	-	-	-	-	-	d1	d1	d1	N	N
d2	d1	d1	d2	-	-	-	-	-	d1	d1	L	N	N	-	-	-	d1	d1	d1	d2	d2	-	-	E	L	-	-
L	L	-	-	-	d1	d1	L	L	L	-	-	-	-	E	L	L	L	-	-	E	d1	d1	d1	L	-	-	-
L	L	L	L	L	-	-	L	L	L	-	-	-	L	L	L	-	-	L	L	L	L	-	-	L	L	-	-
d2	L	L	L	L	-	-	-	-	E	d2	L	-	-	E	d2	d2	-	-	E	d2	L	-	-	E	E	d2	d2
-	-	-	d1	N	N	-	-	d2	d1	d2	d2	-	-	d1	d1	L	-	-	d1	d1	d2	-	-	E	N	-	-
E	E	d2	d2	d2	-	-	-	d1	d2	L	-	-	-	-	-	d2	d2	d2	d2	L	-	-	-	-	E	E	d2
E	d1	d1	N	-	-	-	d2	d2	-	-	d2	d1	d2	d2	d1	-	-	-	d2	d2	d2	d1	N	-	-	-	-
E	E	-	-	-	-	L	L	L	N	-	-	d1	d1	-	-	E	E	d1	-	-	E	d2	d2	L	N	-	-
d2	d2	L	-	-	d2	L	L	-	-	d2	d2	d2	d2	L	-	-	d2	d2	-	-	L	L	L	L	-	-	-
E	E	-	-	L	L	-	-	-	E	E	L	L	L	-	-	E	d2	-	-	-	E	d2	d2	d2	d2	-	-
-	-	E	L	L	-	-	-	-	L	N	N	-	-	d1	L	L	L	-	-	d2	L	N	-	-	-	d1	L
-	-	E	d1	d2	-	-	E	E	d1	d1	-	-	d1	d1	N	N	-	-	E	E	E	N	-	-	-	-	-
d1	d1	d1	d1	-	-	-	E	E	E	E	E	-	-	E	E	E	E	E	-	-	E	E	-	-	-	-	-
E	d2	d2	d2	d1	-	-	-	d2	d1	L	L	-	-	d1	L	-	-	-	d2	d1	L	-	-	-	d1	d1	d2
-	-	d2	L	L	-	-	N	N	N	N	-	-	-	E	E	d1	L	-	-	E	E	E	d2	-	-	-	-
L	L	L	L	L	-	-	-	d1	d1	d1	d1	L	-	-	d1	L	L	L	L	-	-	d1	d1	-	-	-	-
d2	d2	N	N	-	-	E	d1	d1	d2	-	-	-	-	d1	d2	-	-	d2	d2	d2	d1	N	-	-	-	-	-
-	-	-	E	E	d1	d1	N	-	-	N	N	-	-	-	E	L	L	-	-	E	E	E	N	N	-	-	-
-	-	-	E	d2	d2	d2	d2	-	-	d2	d2	-	-	d2	d2	d2	L	L	-	-	E	L	-	-	-	E	L
d1	L	L	L	-	-	d1	d2	L	-	-	d1	L	-	-	-	d2	L	L	-	-	-	-	d1	d2	d2	-	-
E	E	E	-	-	-	-	-	-	E	L	-	-	-	-	-	E	E	d2	d2	d2	-	-	E	d2	d2	d2	L
E	E	E	E	E	-	-	-	-	E	E	-	-	E	E	E	-	-	E	E	E	-	-	-	E	E	-	-
d2	d2	d2	-	-	E	L	L	-	-	L	L	-	-	-	-	E	E	E	-	-	-	E	d2	L	L	-	-
E	d1	d1	-	-	E	E	d1	L	-	-	-	E	E	-	-	L	L	L	-	-	-	-	E	E	d1	-	-
N	N	N	-	-	d2	d2	-	-	-	E	d1	d2	L	-	-	E	d1	d1	-	-	-	-	E	L	L	-	-
E	L	-	-	d2	d1	d2	d1	-	-	d1	d1	-	-	d2	d2	d1	d2	-	-	-	-	L	L	-	-	E	d1
d1	L	N	-	-	-	-	-	d1	N	-	-	-	d2	N	-	-	d1	d1	-	-	d1	d1	-	-	d2	d1	N
-	-	-	-	E	E	N	N	N	-	-	E	N	-	-	E	E	E	N	-	-	-	E	E	E	E	-	-
-	-	d2	d2	d2	-	-	-	-	d2	L	L	L	N	-	-	d2	d2	N	-	-	-	E	E	N	-	-	-
Objective 0: 13570
Objective 1: 237
Constr violation: 0
Restrictions violated:
0 0 0 0 0 0 0 0 

Individual 3
1	2	3	4	5	6	7	8	9	10	11	12	13	14	15	16	17	18	19	20	21	22	23	24	25	26	27	28
d1	d1	-	-	d1	L	-	-	d1	L	L	L	-	-	d1	L	-	-	d1	d1	d1	d1	-	-	d1	d1	-	-
-	-	E	d2	L	-	-	-	d2	d2	d2	d2	-	-	-	-	-	L	L	L	L	L	-	-	E	E	E	L
E	L	L	L	L	-	-	E	d1	L	-	-	E	E	E	-	-	E	d1	d1	L	L	-	-	-	-	-	-
N	N	N	-	-	d1	d1	d2	N	-	-	-	-	-	d2	d2	L	L	L	-	-	-	-	d2	d1	d1	d2	L
-	-	-	E	N	N	-	-	E	L	L	N	-	-	E	E	E	N	-	-	-	-	-	E	E	E	E	L
-	-	-	-	L	L	N	N	N	-	-	d1	d1	d1	L	L	-	-	-	-	-	d1	d1	L	N	N	-	-
-	-	L	L	-	-	E	E	E	E	-	-	-	-	E	E	E	L	L	-	-	-	-	E	L	L	L	L
d1	d1	d1	d1	-	-	-	d2	d2	d1	-	-	-	d1	d2	d1	d1	d1	-	-	-	d2	d1	d2	d1	-	-	-
E	E	E	E	d1	-	-	-	-	-	E	E	N	-	-	-	N	N	N	N	-	-	-	E	E	E	-	-
L	L	-	-	L	N	-	-	d1	d1	d1	d1	-	-	L	N	-	-	d1	d1	d1	N	-	-	L	L	-	-
d1	d1	-	-	d1	d1	d1	d1	-	-	d1	N	-	-	-	d1	N	N	-	-	-	-	-	d1	d1	d1	N	N
d2	d1	d1	d2	-	-	-	-	-	d1	d1	L	N	N	-	-	-	d1	d1	d1	d2	d2	-	-	E	L	-	-
L	L	-	-	-	d1	d1	L	L	L	-	-	-	-	E	L	L	L	-	-	E	d1	d1	d1	L	-	-	-
L	L	L	L	L	-	-	L	L	L	-	-	-	L	L	L	-	-	L	L	L	L	-	-	L	L	-	-
d2	L	L	L	L	-	-	-	-	E	d2	L	-	-	E	d2	d2	-	-	E	d2	L	-	-	E	E	d2	d2
-	-	-	d1	N	N	-	-	d2	d1	d2	d2	-	-	d1	d1	L	-	-	d1	d1	d2	-	-	E	N	-	-
E	E	d2	d2	d2	-	-	-	d1	d2	L	-	-	-	-	-	d2	d2	d2	d2	L	-	-	-	-	E	E	d2
E	d1	d1	N	-	-	-	d2	d2	-	-	d2	d1	d2	d2	d1	-	-	-	d2	d2	d2	d1	N	-	-	-	-
E	E	-	-	-	-	L	L	L	N	-	-	d1	d1	-	-	E	E	d1	-	-	E	d2	d2	L	N	-	-
d2	d2	L	-	-	d2	L	L	-	-	d2	d2	d2	d2	L	-	-	d2	d2	-	-	L	L	L	L	-	-	-
E	E	-	-	L	L	-	-	-	E	E	L	L	L	-	-	E	d2	-	-	-	E	d2	d2	d2	d2	-	-
-	-	E	L	L	-	-	-	-	L	N	N	-	-	d1	L	L	L	-	-	d2	L	N	-	-	-	d1	L
-	-	E	d1	d2	-	-	E	E	d1	d1	-	-	d1	d1	N	N	-	-	E	E	E	N	-	-	-	-	-
d1	d1	d1	d1	-	-	-	E	E	E	E	E	-	-	E	E	E	E	E	-	-	E	E	-	-	-	-	-
E	d2	d2	d2	d1	-	-	-	d2	d1	L	L	-	-	d1	L	-	-	-	d2	d1	L	-	-	-	d1	d1	d2
-	-	d2	L	L	-	-	N	N	N	N	-	-	-	E	E	d1	L	-	-	E	E	E	d2	-	-	-	-
L	L	L	L	L	-	-	L	L	L	-	-	-	-	d1	d1	d1	d1	-	-	-	-	L	L	-	-	L	L
d2	d2	N	N	-	-	E	d1	d1	d2	-	-	-	-	d1	d2	-	-	d2	d2	d2	d1	N	-	-	-	-	-
-	-	-	E	E	d1	d1	N	-	-	N	N	-	-	-	E	L	L	-	-	E	E	E	N	N	-	-	-
-	-	-	E	d2	d2	d2	d2	-	-	d2	d2	-	-	d2	d2	d2	L	L	-	-	E	L	-	-	-	E	L
d1	L	L	L	-	-	d1	d2	L	-	-	d1	L	-	-	-	d2	L	L	-	-	-	-	d1	d2	d2	-	-
E	E	E	-	-	-	-	-	-	E	L	-	-	-	-	-	E	E	d2	d2	d2	-	-	E	d2	d2	d2	L
E	E	E	E	E	-	-	-	-	E	E	-	-	E	E	E	-	-	E	E	E	-	-	-	E	E	-	-
d2	d2	d2	-	-	E	L	L	-	-	L	L	-	-	-	-	E	E	E	-	-	-	E	d2	L	L	-	-
E	d1	d1	-	-	E	E	d1	L	-	-	-	E	E	-	-	L	L	L	-	-	-	-	E	E	d1	-	-
N	N	N	-	-	d2	d2	-	-	-	E	d1	d2	L	-	-	E	d1	d1	-	-	-	-	E	L	L	-	-
E	L	-	-	d2	d1	d2	d1	-	-	d1	d1	-	-	d2	d2	d1	d2	-	-	-	-	L	L	-	-	E	d1
d1	L	N	-	-	-	-	-	d1	N	-	-	-	d2	N	-	-	d1	d1	-	-	d1	d1	-	-	d2	d1	N
-	-	-	-	E	E	N	N	N	-	-	E	N	-	-	E	E	E	N	-	-	-	E	E	E	E	-	-
-	-	d2	d2	d2	-	-	-	-	d2	L	L	L	N	-	-	d2	d2	N	-	-	-	E	E	N	-	-	-
Objective 0: 13468
Objective 1: 246
Constr violation: 0
Restrictions violated:
0 0 0 0 0 0 0 0 

Individual 4
1	2	3	4	5	6	7	8	9	10	11	12	13	14	15	16	17	18	19	20	21	22	23	24	25	26	27	28
d1	d1	-	-	d1	L	-	-	d1	L	L	L	-	-	d1	L	-	-	d1	d1	d1	d1	-	-	d1	d1	-	-
-	-	E	d2	L	-	-	-	d2	d2	d2	d2	-	-	-	-	-	L	L	L	L	L	-	-	E	E	E	L
E	L	L	L	L	-	-	E	d1	L	-	-	E	E	E	-	-	E	d1	d1	L	L	-	-	-	-	-	-
N	N	N	-	-	d1	d1	d2	N	-	-	-	-	-	d2	d2	L	L	L	-	-	-	-	d2	d1	d1	d2	L
-	-	-	E	N	N	-	-	E	L	L	N	-	-	E	E	E	N	-	-	-	-	-	E	E	E	E	L
-	-	-	-	L	L	N	N	N	-	-	d1	d1	d1	L	L	-	-	-	-	-	d1	d1	L	N	N	-	-
-	-	L	L	-	-	E	E	E	E	-	-	-	-	E	E	E	L	L	-	-	-	-	E	L	L	L	L
d1	d1	d1	d1	-	-	-	d2	d2	d1	-	-	-	d1	d2	d1	d1	d1	-	-	-	d2	d1	d2	d1	-	-	-
E	E	E	E	d1	-	-	-	-	-	E	E	N	-	-	-	N	N	N	N	-	-	-	E	E	E	-	-
L	L	-	-	L	N	-	-	d1	d1	d1	d1	-	-	L	N	-	-	d1	d1	d1	N	-	-	L	L	-	-
d1	d1	-	-	d1	d1	d1	d1	-	-	d1	N	-	-	-	d1	N	N	-	-	-	-	-	d1	d1	d1	N	N
d2	d1	d1	d2	-	-	-	-	-	d1	d1	L	N	N	-	-	-	d1	d1	d1	d2	d2	-	-	E	L	-	-
L	L	-	-	-	d1	d1	L	L	L	-	-	-	-	E	L	L	L	-	-	E	d1	d1	d1	L	-	-	-
L	L	L	L	L	-	-	L	L	L	-	-	-	L	L	L	-	-	L	L	L	L	-	-	L	L	-	-
d2	L	L	L	L	-	-	-	-	E	d2	L	-	-	E	d2	d2	-	-	E	d2	L	-	-	E	E	d2	d2
-	-	-	d1	N	N	-	-	d2	d1	d2	d2	-	-	d1	d1	L	-	-	d1	d1	d2	-	-	E	N	-	-
E	E	d2	d2	d2	-	-	-	d1	d2	L	-	-	-	-	-	d2	d2	d2	d2	L	-	-	-	-	E	E	d2
E	d1	d1	N	-	-	-	d2	d2	-	-	d2	d1	d2	d2	d1	-	-	-	d2	d2	d2	d1	N	-	-	-	-
E	E	-	-	-	-	L	L	L	N	-	-	d1	d1	-	-	E	E	d1	-	-	E	d2	d2	L	N	-	-
d2	d2	L	-	-	d2	L	L	-	-	d2	d2	d2	d2	L	-	-	d2	d2	-	-	L	L	L	L	-	-	-
E	E	-	-	L	L	-	-	-	E	E	L	L	L	-	-	E	d2	-	-	-	E	d2	d2	d2	d2	-	-
-	-	E	L	L	-	-	-	-	L	N	N	-	-	d1	L	L	L	-	-	d2	L	N	-	-	-	d1	L
-	-	E	d1	d2	-	-	E	E	d1	d1	-	-	d1	d1	N	N	-	-	E	E	E	N	-	-	-	-	-
d1	d1	d1	d1	-	-	-	E	E	E	E	E	-	-	E	E	E	E	E	-	-	E	E	-	-	-	-	-
E	d2	d2	d2	d1	-	-	-	d2	d1	L	L	-	-	d1	L	-	-	-	d2	d1	L	-	-	-	d1	d1	d2
-	-	d2	L	L	-	-	N	N	N	N	-	-	-	E	E	d1	L	-	-	E	E	E	d2	-	-	-	-
L	L	L	L	L	-	-	L	L	L	-	-	-	-	d1	d1	d1	d1	-	-	-	-	L	L	-	-	L	L
d2	d2	N	N	-	-	E	d1	d1	d2	-	-	-	-	d1	d2	-	-	d2	d2	d2	d1	N	-	-	-	-	-
-	-	-	E	E	d1	d1	N	-	-	N	N	-	-	-	E	L	L	-	-	E	E	E	N	N	-	-	-
-	-	-	E	d2	d2	d2	d2	-	-	d2	d2	-	-	d2	d2	d2	L	L	-	-	E	L	-	-	-	E	L
d1	L	L	L	-	-	d1	d2	L	-	-	d1	L	-	-	-	d2	L	L	-	-	-	-	d1	d2	d2	-	-
E	E	E	-	-	-	-	-	-	E	L	-	-	-	-	-	E	E	d2	d2	d2	-	-	E	d2	d2	d2	L
E	E	E	E	E	-	-	-	-	E	E	-	-	E	E	E	-	-	E	E	E	-	-	-	E	E	-	-
d2	d2	d2	-	-	E	L	L	-	-	L	L	-	-	-	-	E	E	E	-	-	-	E	d2	L	L	-	-
E	d1	d1	-	-	E	E	d1	L	-	-	-	E	E	-	-	L	L	L	-	-	-	-	E	E	d1	-	-
N	N	N	-	-	d2	d2	-	-	-	E	d1	d2	L	-	-	E	d1	d1	-	-	-	-	E	L	L	-	-
E	L	-	-	d2	d1	d2	d1	-	-	d1	d1	-	-	d2	d2	d1	d2	-	-	-	-	L	L	-	-	E	d1
d1	L	N	-	-	-	-	-	d1	N	-	-	-	d2	N	-	-	d1	d1	-	-	d1	d1	-	-	d2	d1	N
-	-	-	-	E	E	N	N	N	-	-	E	N	-	-	E	E	E	N	-	-	-	E	E	E	E	-	-
E	d1	d1	N	-	-	-	-	-	-	-	E	E	d1	L	-	-	E	E	-	-	d2	d1	d2	L	-	-	d1
Objective 0: 13065
Objective 1: 256
Constr violation: 0
Restrictions violated:
0 0 0 0 0 0 0 0 

Individual 5
1	2	3	4	5	6	7	8	9	10	11	12	13	14	15	16	17	18	19	20	21	22	23	24	25	26	27	28
d1	d1	-	-	d1	L	-	-	d1	L	L	L	-	-	d1	L	-	-	d1	d1	d1	d1	-	-	d1	d1	-	-
-	-	E	d2	L	-	-	-	d2	d2	d2	d2	-	-	-	-	-	L	L	L	L	L	-	-	E	E	E	L
E	L	L	L	L	-	-	E	d1	L	-	-	E	E	E	-	-	E	d1	d1	L	L	-	-	-	-	-	-
N	N	N	-	-	d1	d1	d2	N	-	-	-	-	-	d2	d2	L	L	L	-	-	-	-	d2	d1	d1	d2	L
-	-	-	E	N	N	-	-	E	L	L	N	-	-	E	E	E	N	-	-	-	-	-	E	E	E	E	L
-	-	-	-	L	L	N	N	N	-	-	d1	d1	d1	L	L	-	-	-	-	-	d1	d1	L	N	N	-	-
-	-	L	L	-	-	E	E	E	E	-	-	-	-	E	E	E	L	L	-	-	-	-	E	L	L	L	L
d1	d1	d1	d1	-	-	-	d2	d2	d1	-	-	-	d1	d2	d1	d1	d1	-	-	-	d2	d1	d2	d1	-	-	-
E	E	E	E	d1	-	-	-	-	-	E	E	N	-	-	-	N	N	N	N	-	-	-	E	E	E	-	-
L	L	-	-	L	N	-	-	d1	d1	d1	d1	-	-	L	N	-	-	d1	d1	d1	N	-	-	L	L	-	-
d1	d1	-	-	d1	d1	d1	d1	-	-	d1	N	-	-	-	d1	N	N	-	-	-	-	-	d1	d1	d1	N	N
d2	d1	d1	d2	-	-	-	-	-	d1	d1	L	N	N	-	-	-	d1	d1	d1	d2	d2	-	-	E	L	-	-
L	L	-	-	-	d1	d1	L	L	L	-	-	-	-	E	L	L	L	-	-	E	d1	d1	d1	L	-	-	-
L	L	L	L	L	-	-	L	L	L	-	-	-	L	L	L	-	-	L	L	L	L	-	-	L	L	-	-
d2	L	L	L	L	-	-	-	-	E	d2	L	-	-	E	d2	d2	-	-	E	d2	L	-	-	E	E	d2	d2
-	-	-	d1	N	N	-	-	d2	d1	d2	d2	-	-	d1	d1	L	-	-	d1	d1	d2	-	-	E	N	-	-
E	E	d2	d2	d2	-	-	-	d1	d2	L	-	-	-	-	-	d2	d2	d2	d2	L	-	-	-	-	E	E	d2
E	d1	d1	N	-	-	-	d2	d2	-	-	d2	d1	d2	d2	d1	-	-	-	d2	d2	d2	d1	N	-	-	-	-
E	E	-	-	-	-	L	L	L	N	-	-	d1	d1	-	-	E	E	d1	-	-	E	d2	d2	L	N	-	-
d2	d2	L	-	-	d2	L	L	-	-	d2	d2	d2	d2	L	-	-	d2	d2	-	-	L	L	L	L	-	-	-
E	E	-	-	L	L	-	-	-	E	E	L	L	L	-	-	E	d2	-	-	-	E	d2	d2	d2	d2	-	-
-	-	E	L	L	-	-	-	-	L	N	N	-	-	d1	L	L	L	-	-	d2	L	N	-	-	-	d1	L
-	-	E	d1	d2	-	-	E	E	d1	d1	-	-	d1	d1	N	N	-	-	E	E	E	N	-	-	-	-	-
d1	d1	d1	d1	-	-	-	E	E	E	E	E	-	-	E	E	E	E	E	-	-	E	E	-	-	-	-	-
E	d2	d2	d2	d1	-	-	-	d2	d1	L	L	-	-	d1	L	-	-	-	d2	d1	L	-	-	-	d1	d1	d2
-	-	d2	L	L	-	-	N	N	N	N	-	-	-	E	E	d1	L	-	-	E	E	E	d2	-	-	-	-
L	L	L	L	L	-	-	-	d1	d1	d1	d1	L	-	-	d1	L	L	L	L	-	-	d1	d1	-	-	-	-
d2	d2	N	N	-	-	E	d1	d1	d2	-	-	-	-	d1	d2	-	-	d2	d2	d2	d1	N	-	-	-	-	-
-	-	-	E	E	d1	d1	N	-	-	N	N	-	-	-	E	L	L	-	-	E	E	E	N	N	-	-	-
-	-	-	E	d2	d2	d2	d2	-	-	d2	d2	-	-	d2	d2	d2	L	L	-	-	E	L	-	-	-	E	L
d1	L	L	L	-	-	d1	d2	L	-	-	d1	L	-	-	-	d2	L	L	-	-	-	-	d1	d2	d2	-	-
E	E	E	-	-	-	-	-	-	E	L	-	-	-	-	-	E	E	d2	d2	d2	-	-	E	d2	d2	d2	L
E	E	E	E	E	-	-	-	-	E	E	-	-	E	E	E	-	-	E	E	E	-	-	-	E	E	-	-
d2	d2	d2	-	-	E	L	L	-	-	L	L	-	-	-	-	E	E	E	-	-	-	E	d2	L	L	-	-
E	d1	d1	-	-	E	E	d1	L	-	-	-	E	E	-	-	L	L	L	-	-	-	-	E	E	d1	-	-
N	N	N	-	-	d2	d2	-	-	-	E	d1	d2	L	-	-	E	d1	d1	-	-	-	-	E	L	L	-	-
E	L	-	-	d2	d1	d2	d1	-	-	d1	d1	-	-	d2	d2	d1	d2	-	-	-	-	L	L	-	-	E	d1
d1	L	N	-	-	-	-	-	d1	N	-	-	-	d2	N	-	-	d1	d1	-	-	d1	d1	-	-	d2	d1	N
-	-	-	-	E	E	N	N	N	-	-	E	N	-	-	E	E	E	N	-	-	-	E	E	E	E	-	-
E	d1	d1	N	-	-	-	-	-	-	-	E	E	d1	L	-	-	E	E	-	-	d2	d1	d2	L	-	-	d1
Objective 0: 13268
Objective 1: 247
Constr violation: 0
Restrictions violated:
0 0 0 0 0 0 0 0 

Individual 6
1	2	3	4	5	6	7	8	9	10	11	12	13	14	15	16	17	18	19	20	21	22	23	24	25	26	27	28
d1	d1	-	-	d1	L	-	-	d1	L	L	L	-	-	d1	L	-	-	d1	d1	d1	d1	-	-	d1	d1	-	-
-	-	E	d2	L	-	-	-	d2	d2	d2	d2	-	-	-	-	-	L	L	L	L	L	-	-	E	E	E	L
E	L	L	L	L	-	-	E	d1	L	-	-	E	E	E	-	-	E	d1	d1	L	L	-	-	-	-	-	-
N	N	N	-	-	d1	d1	d2	N	-	-	-	-	-	d2	d2	L	L	L	-	-	-	-	d2	d1	d1	d2	L
-	-	-	E	N	N	-	-	E	L	L	N	-	-	E	E	E	N	-	-	-	-	-	E	E	E	E	L
-	-	-	-	L	L	N	N	N	-	-	d1	d1	d1	L	L	-	-	-	-	-	d1	d1	L	N	N	-	-
-	-	L	L	-	-	E	E	E	E	-	-	-	-	E	E	E	L	L	-	-	-	-	E	L	L	L	L
d1	d1	d1	d1	-	-	-	d2	d2	d1	-	-	-	d1	d2	d1	d1	d1	-	-	-	d2	d1	d2	d1	-	-	-
E	E	E	E	d1	-	-	-	-	-	E	E	N	-	-	-	N	N	N	N	-	-	-	E	E	E	-	-
L	L	-	-	L	N	-	-	d1	d1	d1	d1	-	-	L	N	-	-	d1	d1	d1	N	-	-	L	L	-	-
d1	d1	-	-	d1	d1	d1	d1	-	-	d1	N	-	-	-	d1	N	N	-	-	-	-	-	d1	d1	d1	N	N
d2	d1	d1	d2	-	-	-	-	-	d1	d1	L	N	N	-	-	-	d1	d1	d1	d2	d2	-	-	E	L	-	-
L	L	-	-	-	d1	d1	L	L	L	-	-	-	-	E	L	L	L	-	-	E	d1	d1	d1	L	-	-	-
L	L	L	L	L	-	-	L	L	L	-	-	-	L	L	L	-	-	L	L	L	L	-	-	L	L	-	-
d2	L	L	L	L	-	-	-	-	E	d2	L	-	-	E	d2	d2	-	-	E	d2	L	-	-	E	E	d2	d2
-	-	-	d1	N	N	-	-	d2	d1	d2	d2	-	-	d1	d1	L	-	-	d1	d1	d2	-	-	E	N	-	-
E	E	d2	d2	d2	-	-	-	d1	d2	L	-	-	-	-	-	d2	d2	d2	d2	L	-	-	-	-	E	E	d2
E	d1	d1	N	-	-	-	d2	d2	-	-	d2	d1	d2	d2	d1	-	-	-	d2	d2	d2	d1	N	-	-	-	-
E	E	-	-	-	-	L	L	L	N	-	-	d1	d1	-	-	E	E	d1	-	-	E	d2	d2	L	N	-	-
d2	d2	L	-	-	d2	L	L	-	-	d2	d2	d2	d2	L	-	-	d2	d2	-	-	L	L	L	L	-	-	-
E	E	-	-	L	L	-	-	-	E	E	L	L	L	-	-	E	d2	-	-	-	E	d2	d2	d2	d2	-	-
-	-	E	L	L	-	-	-	-	L	N	N	-	-	d1	L	L	L	-	-	d2	L	N	-	-	-	d1	L
-	-	E	d1	d2	-	-	E	E	d1	d1	-	-	d1	d1	N	N	-	-	E	E	E	N	-	-	-	-	-
d1	d1	d1	d1	-	-	-	E	E	E	E	E	-	-	E	E	E	E	E	-	-	E	E	-	-	-	-	-
E	d2	d2	d2	d1	-	-	-	d2	d1	L	L	-	-	d1	L	-	-	-	d2	d1	L	-	-	-	d1	d1	d2
-	-	d2	L	L	-	-	N	N	N	N	-	-	-	E	E	d1	L	-	-	E	E	E	d2	-	-	-	-
L	L	L	L	L	-	-	-	d1	d1	L	L	-	-	-	L	L	L	-	-	-	-	L	L	-	-	d1	d1
d2	d2	N	N	-	-	E	d1	d1	d2	-	-	-	-	d1	d2	-	-	d2	d2	d2	d1	N	-	-	-	-	-
-	-	-	E	E	d1	d1	N	-	-	N	N	-	-	-	E	L	L	-	-	E	E	E	N	N	-	-	-
-	-	-	E	d2	d2	d2	d2	-	-	d2	d2	-	-	d2	d2	d2	L	L	-	-	E	L	-	-	-	E	L
d1	L	L	L	-	-	d1	d2	L	-	-	d1	L	-	-	-	d2	L	L	-	-	-	-	d1	d2	d2	-	-
E	E	E	-	-	-	-	-	-	E	L	-	-	-	-	-	E	E	d2	d2	d2	-	-	E	d2	d2	d2	L
E	E	E	E	E	-	-	-	-	E	E	-	-	E	E	E	-	-	E	E	E	-	-	-	E	E	-	-
d2	d2	d2	-	-	E	L	L	-	-	L	L	-	-	-	-	E	E	E	-	-	-	E	d2	L	L	-	-
E	d1	d1	-	-	E	E	d1	L	-	-	-	E	E	-	-	L	L	L	-	-	-	-	E	E	d1	-	-
N	N	N	-	-	d2	d2	-	-	-	E	d1	d2	L	-	-	E	d1	d1	-	-	-	-	E	L	L	-	-
E	L	-	-	d2	d1	d2	d1	-	-	d1	d1	-	-	d2	d2	d1	d2	-	-	-	-	L	L	-	-	E	d1
d1	L	N	-	-	-	-	-	d1	N	-	-	-	d2	N	-	-	d1	d1	-	-	d1	d1	-	-	d2	d1	N
-	-	-	-	E	E	N	N	N	-	-	E	N	-	-	E	E	E	N	-	-	-	E	E	E	E	-	-
E	d1	d1	N	-	-	-	-	-	-	-	E	E	d1	L	-	-	E	E	-	-	d2	d1	d2	L	-	-	d1
Objective 0: 13267
Objective 1: 253
Constr violation: 0
Restrictions violated:
0 0 0 0 0 0 0 0 

Individual 7
1	2	3	4	5	6	7	8	9	10	11	12	13	14	15	16	17	18	19	20	21	22	23	24	25	26	27	28
d1	d1	-	-	d1	L	-	-	d1	L	L	L	-	-	d1	L	-	-	d1	d1	d1	d1	-	-	d1	d1	-	-
-	-	E	d2	L	-	-	-	d2	d2	d2	d2	-	-	-	-	-	L	L	L	L	L	-	-	E	E	E	L
E	L	L	L	L	-	-	E	d1	L	-	-	E	E	E	-	-	E	d1	d1	L	L	-	-	-	-	-	-
N	N	N	-	-	d1	d1	d2	N	-	-	-	-	-	d2	d2	L	L	L	-	-	-	-	d2	d1	d1	d2	L
-	-	-	E	N	N	-	-	E	L	L	N	-	-	E	E	E	N	-	-	-	-	-	E	E	E	E	L
-	-	-	-	L	L	N	N	N	-	-	d1	d1	d1	L	L	-	-	-	-	-	d1	d1	L	N	N	-	-
-	-	L	L	-	-	E	E	E	E	-	-	-	-	E	E	E	L	L	-	-	-	-	E	L	L	L	L
d1	d1	d1	d1	-	-	-	d2	d2	d1	-	-	-	d1	d2	d1	d1	d1	-	-	-	d2	d1	d2	d1	-	-	-
E	E	E	E	d1	-	-	-	-	-	E	E	N	-	-	-	N	N	N	N	-	-	-	E	E	E	-	-
L	L	-	-	L	N	-	-	d1	d1	d1	d1	-	-	L	N	-	-	d1	d1	d1	N	-	-	L	L	-	-
d1	d1	-	-	-	d1	d1	-	-	d1	d1	N	-	-	d1	d1	N	N	N	-	-	-	-	d1	d1	N	-	-
d2	d1	d1	d2	-	-	-	-	-	d1	d1	L	N	N	-	-	-	d1	d1	d1	d2	d2	-	-	E	L	-	-
L	L	-	-	-	d1	d1	L	L	L	-	-	-	-	E	L	L	L	-	-	E	d1	d1	d1	L	-	-	-
L	L	L	L	L	-	-	L	L	L	-	-	-	L	L	L	-	-	L	L	L	L	-	-	L	L	-	-
d2	L	L	L	L	-	-	-	-	E	d2	L	-	-	E	d2	d2	-	-	E	d2	L	-	-	E	E	d2	d2
-	-	-	d1	N	N	-	-	d2	d1	d2	d2	-	-	d1	d1	L	-	-	d1	d1	d2	-	-	E	N	-	-
E	E	d2	d2	d2	-	-	-	d1	d2	L	-	-	-	-	-	d2	d2	d2	d2	L	-	-	-	-	E	E	d2
-	-	d1	N	-	-	-	E	E	d1	-	-	-	-	E	d1	N	N	-	-	E	E	E	d2	N	-	-	d1
E	E	-	-	-	-	L	L	L	N	-	-	d1	d1	-	-	E	E	d1	-	-	E	d2	d2	L	N	-	-
d2	d2	L	-	-	d2	L	L	-	-	d2	d2	d2	d2	L	-	-	d2	d2	-	-	L	L	L	L	-	-	-
E	E	-	-	L	L	-	-	-	E	E	L	L	L	-	-	E	d2	-	-	-	E	d2	d2	d2	d2	-	-
-	-	E	L	L	-	-	-	-	L	N	N	-	-	d1	L	L	L	-	-	d2	L	N	-	-	-	d1	L
-	-	E	d1	d2	-	-	E	E	d1	d1	-	-	d1	d1	N	N	-	-	E	E	E	N	-	-	-	-	-
d1	d1	d1	d1	-	-	-	E	E	E	E	E	-	-	E	E	E	E	E	-	-	E	E	-	-	-	-	-
E	d2	d2	d2	d1	-	-	-	d2	d1	L	L	-	-	d1	L	-	-	-	d2	d1	L	-	-	-	d1	d1	d2
-	-	d2	L	L	-	-	N	N	N	N	-	-	-	E	E	d1	L	-	-	E	E	E	d2	-	-	-	-
L	L	L	L	L	-	-	-	d1	d1	d1	d1	L	-	-	d1	L	L	L	L	-	-	d1	d1	-	-	-	-
d2	d2	N	N	-	-	E	d1	d1	d2	-	-	-	-	d1	d2	-	-	d2	d2	d2	d1	N	-	-	-	-	-
-	-	-	E	E	d1	d1	N	-	-	N	N	-	-	-	E	L	L	-	-	E	E	E	N	N	-	-	-
-	-	-	E	d2	d2	d2	d2	-	-	d2	d2	-	-	d2	d2	d2	L	L	-	-	E	L	-	-	-	E	L
d1	L	L	L	-	-	d1	d2	L	-	-	d1	L	-	-	-	d2	L	L	-	-	-	-	d1	d2	d2	-	-
E	E	E	-	-	-	-	-	-	E	L	-	-	-	-	-	E	E	d2	d2	d2	-	-	E	d2	d2	d2	L
E	E	E	E	E	-	-	-	-	E	E	-	-	E	E	E	-	-	E	E	E	-	-	-	E	E	-	-
d2	d2	d2	-	-	E	L	L	-	-	L	L	-	-	-	-	E	E	E	-	-	-	E	d2	L	L	-	-
E	d1	d1	-	-	E	E	d1	L	-	-	-	E	E	-	-	L	L	L	-	-	-	-	E	E	d1	-	-
N	N	N	-	-	d2	d2	-	-	-	E	d1	d2	L	-	-	E	d1	d1	-	-	-	-	E	L	L	-	-
E	L	-	-	d2	d1	d2	d1	-	-	d1	d1	-	-	d2	d2	d1	d2	-	-	-	-	L	L	-	-	E	d1
d1	L	N	-	-	-	-	-	d1	N	-	-	-	d2	N	-	-	d1	d1	-	-	d1	d1	-	-	d2	d1	N
-	-	-	-	E	E	N	N	N	-	-	E	N	-	-	E	E	E	N	-	-	-	E	E	E	E	-	-
-	-	d2	d2	d2	-	-	-	-	d2	L	L	L	N	-	-	d2	d2	N	-	-	-	E	E	N	-	-	-
Objective 0: 14578
Objective 1: 227
Constr violation: 0
Restrictions violated:
0 0 0 0 0 0 0 0 

Individual 8
1	2	3	4	5	6	7	8	9	10	11	12	13	14	15	16	17	18	19	20	21	22	23	24	25	26	27	28
d1	d1	-	-	d1	L	-	-	d1	L	L	L	-	-	d1	L	-	-	d1	d1	d1	d1	-	-	d1	d1	-	-
-	-	E	d2	L	-	-	-	d2	d2	d2	d2	-	-	-	-	-	L	L	L	L	L	-	-	E	E	E	L
E	L	L	L	L	-	-	E	d1	L	-	-	E	E	E	-	-	E	d1	d1	L	L	-	-	-	-	-	-
N	N	N	-	-	d1	d1	d2	N	-	-	-	-	-	d2	d2	L	L	L	-	-	-	-	d2	d1	d1	d2	L
-	-	-	E	N	N	-	-	E	L	L	N	-	-	E	E	E	N	-	-	-	-	-	E	E	E	E	L
-	-	-	-	L	L	N	N	N	-	-	d1	d1	d1	L	L	-	-	-	-	-	d1	d1	L	N	N	-	-
-	-	L	L	-	-	E	E	E	E	-	-	-	-	E	E	E	L	L	-	-	-	-	E	L	L	L	L
d1	d1	d1	d1	-	-	-	d2	d2	d1	-	-	-	d1	d2	d1	d1	d1	-	-	-	d2	d1	d2	d1	-	-	-
-	-	E	E	-	-	-	-	E	d1	N	N	-	-	E	d1	N	N	-	-	E	N	-	-	E	d1	d1	d1
L	L	-	-	L	N	-	-	d1	d1	d1	d1	-	-	L	N	-	-	d1	d1	d1	N	-	-	L	L	-	-
d1	d1	-	-	-	d1	d1	-	-	d1	d1	N	-	-	d1	d1	N	N	N	-	-	-	-	d1	d1	N	-	-
d2	d1	d1	d2	-	-	-	-	-	d1	d1	L	N	N	-	-	-	d1	d1	d1	d2	d2	-	-	E	L	-	-
L	L	-	-	-	d1	d1	L	L	L	-	-	-	-	E	L	L	L	-	-	E	d1	d1	d1	L	-	-	-
L	L	L	L	L	-	-	L	L	L	-	-	-	L	L	L	-	-	L	L	L	L	-	-	L	L	-	-
d2	L	L	L	L	-	-	-	-	E	d2	L	-	-	E	d2	d2	-	-	E	d2	L	-	-	E	E	d2	d2
-	-	-	d1	N	N	-	-	d2	d1	d2	d2	-	-	d1	d1	L	-	-	d1	d1	d2	-	-	E	N	-	-
E	E	d2	d2	d2	-	-	-	d1	d2	L	-	-	-	-	-	d2	d2	d2	d2	L	-	-	-	-	E	E	d2
E	d1	d1	N	-	-	-	d2	d2	-	-	d2	d1	d2	d2	d1	-	-	-	d2	d2	d2	d1	N	-	-	-	-
E	E	-	-	-	-	L	L	L	N	-	-	d1	d1	-	-	E	E	d1	-	-	E	d2	d2	L	N	-	-
d2	d2	L	-	-	d2	L	L	-	-	d2	d2	d2	d2	L	-	-	d2	d2	-	-	L	L	L	L	-	-	-
E	E	-	-	L	L	-	-	-	E	E	L	L	L	-	-	E	d2	-	-	-	E	d2	d2	d2	d2	-	-
-	-	E	L	L	-	-	-	-	L	N	N	-	-	d1	L	L	L	-	-	d2	L	N	-	-	-	d1	L
-	-	E	d1	d2	-	-	E	E	d1	d1	-	-	d1	d1	N	N	-	-	E	E	E	N	-	-	-	-	-
d1	d1	d1	d1	-	-	-	E	E	E	E	E	-	-	E	E	E	E	E	-	-	E	E	-	-	-	-	-
E	d2	d2	d2	d1	-	-	-	d2	d1	L	L	-	-	d1	L	-	-	-	d2	d1	L	-	-	-	d1	d1	d2
-	-	d2	L	L	-	-	N	N	N	N	-	-	-	E	E	d1	L	-	-	E	E	E	d2	-	-	-	-
L	L	L	L	L	-	-	-	d1	d1	d1	d1	L	-	-	d1	L	L	L	L	-	-	d1	d1	-	-	-	-
d2	d2	N	N	-	-	E	d1	d1	d2	-	-	-	-	d1	d2	-	-	d2	d2	d2	d1	N	-	-	-	-	-
-	-	-	E	E	d1	d1	N	-	-	N	N	-	-	-	E	L	L	-	-	E	E	E	N	N	-	-	-
-	-	-	E	d2	d2	d2	d2	-	-	d2	d2	-	-	d2	d2	d2	L	L	-	-	E	L	-	-	-	E	L
d1	L	L	L	-	-	d1	d2	L	-	-	d1	L	-	-	-	d2	L	L	-	-	-	-	d1	d2	d2	-	-
E	E	E	-	-	-	-	-	-	E	L	-	-	-	-	-	E	E	d2	d2	d2	-	-	E	d2	d2	d2	L
E	E	E	E	E	-	-	-	-	E	E	-	-	E	E	E	-	-	E	E	E	-	-	-	E	E	-	-
d2	d2	d2	-	-	E	L	L	-	-	L	L	-	-	-	-	E	E	E	-	-	-	E	d2	L	L	-	-
E	d1	d1	-	-	E	E	d1	L	-	-	-	E	E	-	-	L	L	L	-	-	-	-	E	E	d1	-	-
N	N	N	-	-	d2	d2	-	-	-	E	d1	d2	L	-	-	E	d1	d1	-	-	-	-	E	L	L	-	-
E	L	-	-	d2	d1	d2	d1	-	-	d1	d1	-	-	d2	d2	d1	d2	-	-	-	-	L	L	-	-	E	d1
d1	L	N	-	-	-	-	-	d1	N	-	-	-	d2	N	-	-	d1	d1	-	-	d1	d1	-	-	d2	d1	N
-	-	-	-	E	E	N	N	N	-	-	E	N	-	-	E	E	E	N	-	-	-	E	E	E	E	-	-
-	-	d2	d2	d2	-	-	-	-	d2	L	L	L	N	-	-	d2	d2	N	-	-	-	E	E	N	-	-	-
Objective 0: 14075
Objective 1: 233
Constr violation: 0
Restrictions violated:
0 0 0 0 0 0 0 0 

Individual 9
1	2	3	4	5	6	7	8	9	10	11	12	13	14	15	16	17	18	19	20	21	22	23	24	25	26	27	28
d1	d1	-	-	d1	L	-	-	d1	L	L	L	-	-	d1	L	-	-	d1	d1	d1	d1	-	-	d1	d1	-	-
-	-	E	d2	L	-	-	-	d2	d2	d2	d2	-	-	-	-	-	L	L	L	L	L	-	-	E	E	E	L
E	L	L	L	L	-	-	E	d1	L	-	-	E	E	E	-	-	E	d1	d1	L	L	-	-	-	-	-	-
N	N	N	-	-	d1	d1	d2	N	-	-	-	-	-	d2	d2	L	L	L	-	-	-	-	d2	d1	d1	d2	L
-	-	-	E	N	N	-	-	E	L	L	N	-	-	E	E	E	N	-	-	-	-	-	E	E	E	E	L
-	-	-	-	L	L	N	N	N	-	-	d1	d1	d1	L	L	-	-	-	-	-	d1	d1	L	N	N	-	-
-	-	L	L	-	-	E	E	E	E	-	-	-	-	E	E	E	L	L	-	-	-	-	E	L	L	L	L
d1	d1	d1	d1	-	-	-	d2	d2	d1	-	-	-	d1	d2	d1	d1	d1	-	-	-	d2	d1	d2	d1	-	-	-
E	E	E	E	d1	-	-	-	-	-	E	E	N	-	-	-	N	N	N	N	-	-	-	E	E	E	-	-
L	L	-	-	L	N	-	-	d1	d1	d1	d1	-	-	L	N	-	-	d1	d1	d1	N	-	-	L	L	-	-
d1	d1	-	-	-	d1	d1	-	-	d1	d1	N	-	-	d1	d1	N	N	N	-	-	-	-	d1	d1	N	-	-
d2	d1	d1	d2	-	-	-	-	-	d1	d1	L	N	N	-	-	-	d1	d1	d1	d2	d2	-	-	E	L	-	-
L	L	-	-	-	d1	d1	L	L	L	-	-	-	-	E	L	L	L	-	-	E	d1	d1	d1	L	-	-	-
L	L	L	L	L	-	-	L	L	L	-	-	-	L	L	L	-	-	L	L	L	L	-	-	L	L	-	-
d2	L	L	L	L	-	-	-	-	E	d2	L	-	-	E	d2	d2	-	-	E	d2	L	-	-	E	E	d2	d2
-	-	-	d1	N	N	-	-	d2	d1	d2	d2	-	-	d1	d1	L	-	-	d1	d1	d2	-	-	E	N	-	-
E	E	d2	d2	d2	-	-	-	d1	d2	L	-	-	-	-	-	d2	d2	d2	d2	L	-	-	-	-	E	E	d2
-	-	d1	N	-	-	-	E	E	d1	-	-	-	-	E	d1	N	N	-	-	E	E	E	d2	N	-	-	d1
E	E	-	-	-	-	L	L	L	N	-	-	d1	d1	-	-	E	E	d1	-	-	E	d2	d2	L	N	-	-
d2	d2	L	-	-	d2	L	L	-	-	d2	d2	d2	d2	L	-	-	d2	d2	-	-	L	L	L	L	-	-	-
E	E	-	-	L	L	-	-	-	E	E	L	L	L	-	-	E	d2	-	-	-	E	d2	d2	d2	d2	-	-
-	-	E	L	L	-	-	-	-	L	N	N	-	-	d1	L	L	L	-	-	d2	L	N	-	-	-	d1	L
-	-	E	d1	d2	-	-	E	E	d1	d1	-	-	d1	d1	N	N	-	-	E	E	E	N	-	-	-	-	-
d1	d1	d1	d1	-	-	-	E	E	E	E	E	-	-	E	E	E	E	E	-	-	E	E	-	-	-	-	-
E	d2	d2	d2	d1	-	-	-	d2	d1	L	L	-	-	d1	L	-	-	-	d2	d1	L	-	-	-	d1	d1	d2
-	-	d2	L	L	-	-	N	N	N	N	-	-	-	E	E	d1	L	-	-	E	E	E	d2	-	-	-	-
L	L	L	L	L	-	-	-	d1	d1	d1	d1	L	-	-	d1	L	L	L	L	-	-	d1	d1	-	-	-	-
d2	d2	N	N	-	-	E	d1	d1	d2	-	-	-	-	d1	d2	-	-	d2	d2	d2	d1	N	-	-	-	-	-
-	-	-	E	E	d1	d1	N	-	-	N	N	-	-	-	E	L	L	-	-	E	E	E	N	N	-	-	-
-	-	-	E	d2	d2	d2	d2	-	-	d2	d2	-	-	d2	d2	d2	L	L	-	-	E	L	-	-	-	E	L
d1	L	L	L	-	-	d1	d2	L	-	-	d1	L	-	-	-	d2	L	L	-	-	-	-	d1	d2	d2	-	-
E	E	E	-	-	-	-	-	-	E	L	-	-	-	-	-	E	E	d2	d2	d2	-	-	E	d2	d2	d2	L
E	E	E	E	E	-	-	-	-	E	E	-	-	E	E	E	-	-	E	E	E	-	-	-	E	E	-	-
d2	d2	d2	-	-	E	L	L	-	-	L	L	-	-	-	-	E	E	E	-	-	-	E	d2	L	L	-	-
E	d1	d1	-	-	E	E	d1	L	-	-	-	E	E	-	-	L	L	L	-	-	-	-	E	E	d1	-	-
N	N	N	-	-	d2	d2	-	-	-	E	d1	d2	L	-	-	E	d1	d1	-	-	-	-	E	L	L	-	-
E	L	-	-	d2	d1	d2	d1	-	-	d1	d1	-	-	d2	d2	d1	d2	-	-	-	-	L	L	-	-	E	d1
d1	L	N	-	-	-	-	d2	d1	d1	d1	d2	-	-	-	d2	d1	-	-	d1	d2	N	-	-	-	-	-	N
-	-	-	-	E	E	N	N	N	-	-	E	N	-	-	E	E	E	N	-	-	-	E	E	E	E	-	-
-	-	d2	d2	d2	-	-	-	-	d2	L	L	L	N	-	-	d2	d2	N	-	-	-	E	E	N	-	-	-
Objective 0: 14881
Objective 1: 225
Constr violation: 0
Restrictions violated:
0 0 0 0 0 0 0 0 

Individual 10
1	2	3	4	5	6	7	8	9	10	11	12	13	14	15	16	17	18	19	20	21	22	23	24	25	26	27	28
d1	d1	-	-	d1	L	-	-	d1	L	L	L	-	-	d1	L	-	-	d1	d1	d1	d1	-	-	d1	d1	-	-
-	-	E	d2	L	-	-	-	d2	d2	d2	d2	-	-	-	-	-	L	L	L	L	L	-	-	E	E	E	L
E	L	L	L	L	-	-	E	d1	L	-	-	E	E	E	-	-	E	d1	d1	L	L	-	-	-	-	-	-
N	N	N	-	-	d1	d1	d2	N	-	-	-	-	-	d2	d2	L	L	L	-	-	-	-	d2	d1	d1	d2	L
-	-	-	E	N	N	-	-	E	L	L	N	-	-	E	E	E	N	-	-	-	-	-	E	E	E	E	L
-	-	-	-	L	L	N	N	N	-	-	d1	d1	d1	L	L	-	-	-	-	-	d1	d1	L	N	N	-	-
-	-	L	L	-	-	E	E	E	E	-	-	-	-	E	E	E	L	L	-	-	-	-	E	L	L	L	L
d1	d1	d1	d1	-	-	-	d2	d2	d1	-	-	-	d1	d2	d1	d1	d1	-	-	-	d2	d1	d2	d1	-	-	-
-	-	E	E	-	-	-	-	E	d1	N	N	-	-	E	d1	N	N	-	-	E	N	-	-	E	d1	d1	d1
L	L	-	-	L	N	-	-	d1	d1	d1	d1	-	-	L	N	-	-	d1	d1	d1	N	-	-	L	L	-	-
d1	d1	-	-	-	d1	d1	-	-	d1	d1	N	-	-	d1	d1	N	N	N	-	-	-	-	d1	d1	N	-	-
d2	d1	d1	d2	-	-	-	-	-	d1	d1	L	N	N	-	-	-	d1	d1	d1	d2	d2	-	-	E	L	-	-
L	L	-	-	-	d1	d1	L	L	L	-	-	-	-	E	L	L	L	-	-	E	d1	d1	d1	L	-	-	-
L	L	L	L	L	-	-	L	L	L	-	-	-	L	L	L	-	-	L	L	L	L	-	-	L	L	-	-
d2	L	L	L	L	-	-	-	-	E	d2	L	-	-	E	d2	d2	-	-	E	d2	L	-	-	E	E	d2	d2
-	-	-	d1	N	N	-	-	d2	d1	d2	d2	-	-	d1	d1	L	-	-	d1	d1	d2	-	-	E	N	-	-
E	E	d2	d2	d2	-	-	-	d1	d2	L	-	-	-	-	-	d2	d2	d2	d2	L	-	-	-	-	E	E	d2
-	-	d1	N	-	-	-	E	E	d1	-	-	-	-	E	d1	N	N	-	-	E	E	E	d2	N	-	-	d1
E	E	-	-	-	-	L	L	L	N	-	-	d1	d1	-	-	E	E	d1	-	-	E	d2	d2	L	N	-	-
d2	d2	L	-	-	d2	L	L	-	-	d2	d2	d2	d2	L	-	-	d2	d2	-	-	L	L	L	L	-	-	-
E	E	-	-	L	L	-	-	-	E	E	L	L	L	-	-	E	d2	-	-	-	E	d2	d2	d2	d2	-	-
-	-	E	L	L	-	-	-	-	L	N	N	-	-	d1	L	L	L	-	-	d2	L	N	-	-	-	d1	L
-	-	E	d1	d2	-	-	E	E	d1	d1	-	-	d1	d1	N	N	-	-	E	E	E	N	-	-	-	-	-
d1	d1	d1	d1	-	-	-	E	E	E	E	E	-	-	E	E	E	E	E	-	-	E	E	-	-	-	-	-
E	d2	d2	d2	d1	-	-	-	d2	d1	L	L	-	-	d1	L	-	-	-	d2	d1	L	-	-	-	d1	d1	d2
-	-	d2	L	L	-	-	N	N	N	N	-	-	-	E	E	d1	L	-	-	E	E	E	d2	-	-	-	-
L	L	L	L	L	-	-	-	d1	d1	d1	d1	L	-	-	d1	L	L	L	L	-	-	d1	d1	-	-	-	-
d2	d2	N	N	-	-	E	d1	d1	d2	-	-	-	-	d1	d2	-	-	d2	d2	d2	d1	N	-	-	-	-	-
-	-	-	E	E	d1	d1	N	-	-	N	N	-	-	-	E	L	L	-	-	E	E	E	N	N	-	-	-
-	-	-	E	d2	d2	d2	d2	-	-	d2	d2	-	-	d2	d2	d2	L	L	-	-	E	L	-	-	-	E	L
d1	L	L	L	-	-	d1	d2	L	-	-	d1	L	-	-	-	d2	L	L	-	-	-	-	d1	d2	d2	-	-
E	E	E	-	-	-	-	-	-	E	L	-	-	-	-	-	E	E	d2	d2	d2	-	-	E	d2	d2	d2	L
E	E	E	E	E	-	-	-	-	E	E	-	-	E	E	E	-	-	E	E	E	-	-	-	E	E	-	-
d2	d2	d2	-	-	E	L	L	-	-	L	L	-	-	-	-	E	E	E	-	-	-	E	d2	L	L	-	-
E	d1	d1	-	-	E	E	d1	L	-	-	-	E	E	-	-	L	L	L	-	-	-	-	E	E	d1	-	-
N	N	N	-	-	d2	d2	-	-	-	E	d1	d2	L	-	-	E	d1	d1	-	-	-	-	E	L	L	-	-
E	L	-	-	d2	d1	d2	d1	-	-	d1	d1	-	-	d2	d2	d1	d2	-	-	-	-	L	L	-	-	E	d1
d1	L	N	-	-	-	-	-	d1	N	-	-	-	d2	N	-	-	d1	d1	-	-	d1	d1	-	-	d2	d1	N
-	-	-	-	E	E	N	N	N	-	-	E	N	-	-	E	E	E	N	-	-	-	E	E	E	E	-	-
-	-	d2	d2	d2	-	-	-	-	d2	L	L	L	N	-	-	d2	d2	N	-	-	-	E	E	N	-	-	-
Objective 0: 14680
Objective 1: 226
Constr violation: 0
Restrictions violated:
0 0 0 0 0 0 0 0 

Individual 11
1	2	3	4	5	6	7	8	9	10	11	12	13	14	15	16	17	18	19	20	21	22	23	24	25	26	27	28
d1	d1	-	-	d1	L	-	-	d1	L	L	L	-	-	d1	L	-	-	d1	d1	d1	d1	-	-	d1	d1	-	-
-	-	E	d2	L	-	-	-	d2	d2	d2	d2	-	-	-	-	-	L	L	L	L	L	-	-	E	E	E	L
d1	d1	L	-	-	-	-	E	E	L	L	-	-	-	L	L	L	-	-	E	E	E	E	-	-	-	E	d1
N	N	N	-	-	d1	d1	d2	N	-	-	-	-	-	d2	d2	L	L	L	-	-	-	-	d2	d1	d1	d2	L
-	-	-	E	N	N	-	-	E	L	L	N	-	-	E	E	E	N	-	-	-	-	-	E	E	E	E	L
-	-	-	-	L	L	N	N	N	-	-	d1	d1	d1	L	L	-	-	-	-	-	d1	d1	L	N	N	-	-
-	-	L	L	-	-	E	E	E	E	-	-	-	-	E	E	E	L	L	-	-	-	-	E	L	L	L	L
d1	d1	d1	d1	-	-	-	d2	d2	d1	-	-	-	d1	d2	d1	d1	d1	-	-	-	d2	d1	d2	d1	-	-	-
E	E	E	E	d1	-	-	-	-	-	E	E	N	-	-	-	N	N	N	N	-	-	-	E	E	E	-	-
L	L	-	-	L	N	-	-	d1	d1	d1	d1	-	-	L	N	-	-	d1	d1	d1	N	-	-	L	L	-	-
d1	d1	-	-	d1	d1	d1	d1	-	-	d1	N	-	-	-	d1	N	N	-	-	-	-	-	d1	d1	d1	N	N
d2	d1	d1	d2	-	-	-	-	-	d1	d1	L	N	N	-	-	-	d1	d1	d1	d2	d2	-	-	E	L	-	-
L	L	-	-	-	d1	d1	L	L	L	-	-	-	-	E	L	L	L	-	-	E	d1	d1	d1	L	-	-	-
L	L	L	L	L	-	-	L	L	L	-	-	-	L	L	L	-	-	L	L	L	L	-	-	L	L	-	-
d2	L	L	L	L	-	-	-	-	E	d2	L	-	-	E	d2	d2	-	-	E	d2	L	-	-	E	E	d2	d2
-	-	-	d1	N	N	-	-	d2	d1	d2	d2	-	-	d1	d1	L	-	-	d1	d1	d2	-	-	E	N	-	-
E	E	d2	d2	d2	-	-	-	d1	d2	L	-	-	-	-	-	d2	d2	d2	d2	L	-	-	-	-	E	E	d2
E	d1	d1	N	-	-	-	d2	d2	-	-	d2	d1	d2	d2	d1	-	-	-	d2	d2	d2	d1	N	-	-	-	-
E	E	-	-	-	-	L	L	L	N	-	-	d1	d1	-	-	E	E	d1	-	-	E	d2	d2	L	N	-	-
d2	d2	L	-	-	d2	L	L	-	-	d2	d2	d2	d2	L	-	-	d2	d2	-	-	L	L	L	L	-	-	-
E	E	-	-	L	L	-	-	-	E	E	L	L	L	-	-	E	d2	-	-	-	E	d2	d2	d2	d2	-	-
-	-	E	L	L	-	-	-	-	L	N	N	-	-	d1	L	L	L	-	-	d2	L	N	-	-	-	d1	L
-	-	E	d1	d2	-	-	E	E	d1	d1	-	-	d1	d1	N	N	-	-	E	E	E	N	-	-	-	-	-
d1	d1	d1	d1	-	-	-	E	E	E	E	E	-	-	E	E	E	E	E	-	-	E	E	-	-	-	-	-
E	d2	d2	d2	d1	-	-	-	d2	d1	L	L	-	-	d1	L	-	-	-	d2	d1	L	-	-	-	d1	d1	d2
-	-	d2	L	L	-	-	N	N	N	N	-	-	-	E	E	d1	L	-	-	E	E	E	d2	-	-	-	-
L	L	L	L	L	-	-	-	d1	d1	d1	d1	L	-	-	d1	L	L	L	L	-	-	d1	d1	-	-	-	-
d2	d2	N	N	-	-	E	d1	d1	d2	-	-	-	-	d1	d2	-	-	d2	d2	d2	d1	N	-	-	-	-	-
-	-	-	E	E	d1	d1	N	-	-	N	N	-	-	-	E	L	L	-	-	E	E	E	N	N	-	-	-
-	-	-	E	d2	d2	d2	d2	-	-	d2	d2	-	-	d2	d2	d2	L	L	-	-	E	L	-	-	-	E	L
d1	L	L	L	-	-	d1	d2	L	-	-	d1	L	-	-	-	d2	L	L	-	-	-	-	d1	d2	d2	-	-
E	E	E	-	-	-	-	-	-	E	L	-	-	-	-	-	E	E	d2	d2	d2	-	-	E	d2	d2	d2	L
E	E	E	E	E	-	-	-	-	E	E	-	-	E	E	E	-	-	E	E	E	-	-	-	E	E	-	-
d2	d2	d2	-	-	E	L	L	-	-	L	L	-	-	-	-	E	E	E	-	-	-	E	d2	L	L	-	-
E	d1	d1	-	-	E	E	d1	L	-	-	-	E	E	-	-	L	L	L	-	-	-	-	E	E	d1	-	-
N	N	N	-	-	d2	d2	-	-	-	E	d1	d2	L	-	-	E	d1	d1	-	-	-	-	E	L	L	-	-
E	L	-	-	d2	d1	d2	d1	-	-	d1	d1	-	-	d2	d2	d1	d2	-	-	-	-	L	L	-	-	E	d1
d1	L	N	-	-	-	-	-	d1	N	-	-	-	d2	N	-	-	d1	d1	-	-	d1	d1	-	-	d2	d1	N
-	-	-	-	E	E	N	N	N	-	-	E	N	-	-	E	E	E	N	-	-	-	E	E	E	E	-	-
E	d1	d1	N	-	-	-	-	-	-	-	E	E	d1	L	-	-	E	E	-	-	d2	d1	d2	L	-	-	d1
Objective 0: 13167
Objective 1: 254
Constr violation: 0
Restrictions violated:
0 0 0 0 0 0 0 0 

Individual 12
1	2	3	4	5	6	7	8	9	10	11	12	13	14	15	16	17	18	19	20	21	22	23	24	25	26	27	28
d1	d1	-	-	d1	L	-	-	d1	L	L	L	-	-	d1	L	-	-	d1	d1	d1	d1	-	-	d1	d1	-	-
-	-	E	d2	L	-	-	-	d2	d2	d2	d2	-	-	-	-	-	L	L	L	L	L	-	-	E	E	E	L
E	L	L	L	L	-	-	E	d1	L	-	-	E	E	E	-	-	E	d1	d1	L	L	-	-	-	-	-	-
N	N	N	-	-	d1	d1	d2	N	-	-	-	-	-	d2	d2	L	L	L	-	-	-	-	d2	d1	d1	d2	L
-	-	-	E	N	N	-	-	E	L	L	N	-	-	E	E	E	N	-	-	-	-	-	E	E	E	E	L
-	-	-	-	L	L	N	N	N	-	-	d1	d1	d1	L	L	-	-	-	-	-	d1	d1	L	N	N	-	-
-	-	L	L	-	-	E	E	E	E	-	-	-	-	E	E	E	L	L	-	-	-	-	E	L	L	L	L
d1	d1	d1	d1	-	-	-	d2	d2	d1	-	-	-	d1	d2	d1	d1	d1	-	-	-	d2	d1	d2	d1	-	-	-
E	E	E	E	d1	-	-	-	-	-	E	E	N	-	-	-	N	N	N	N	-	-	-	E	E	E	-	-
L	L	-	-	L	N	-	-	d1	d1	d1	d1	-	-	L	N	-	-	d1	d1	d1	N	-	-	L	L	-	-
d1	d1	-	-	-	d1	d1	-	-	d1	d1	N	-	-	d1	d1	N	N	N	-	-	-	-	d1	d1	N	-	-
d2	d1	d1	d2	-	-	-	-	-	d1	d1	L	N	N	-	-	-	d1	d1	d1	d2	d2	-	-	E	L	-	-
L	L	-	-	-	d1	d1	L	L	L	-	-	-	-	E	L	L	L	-	-	E	d1	d1	d1	L	-	-	-
L	L	L	L	L	-	-	L	L	L	-	-	-	L	L	L	-	-	L	L	L	L	-	-	L	L	-	-
d2	L	L	L	L	-	-	-	-	E	d2	L	-	-	E	d2	d2	-	-	E	d2	L	-	-	E	E	d2	d2
-	-	-	d1	N	N	-	-	d2	d1	d2	d2	-	-	d1	d1	L	-	-	d1	d1	d2	-	-	E	N	-	-
E	E	d2	d2	d2	-	-	-	d1	d2	L	-	-	-	-	-	d2	d2	d2	d2	L	-	-	-	-	E	E	d2
E	d1	d1	N	-	-	-	d2	d2	-	-	d2	d1	d2	d2	d1	-	-	-	d2	d2	d2	d1	N	-	-	-	-
E	E	-	-	-	-	L	L	L	N	-	-	d1	d1	-	-	E	E	d1	-	-	E	d2	d2	L	N	-	-
d2	d2	L	-	-	d2	L	L	-	-	d2	d2	d2	d2	L	-	-	d2	d2	-	-	L	L	L	L	-	-	-
E	E	-	-	L	L	-	-	-	E	E	L	L	L	-	-	E	d2	-	-	-	E	d2	d2	d2	d2	-	-
-	-	E	L	L	-	-	-	-	L	N	N	-	-	d1	L	L	L	-	-	d2	L	N	-	-	-	d1	L
-	-	E	d1	d2	-	-	E	E	d1	d1	-	-	d1	d1	N	N	-	-	E	E	E	N	-	-	-	-	-
d1	d1	d1	d1	-	-	-	E	E	E	E	E	-	-	E	E	E	E	E	-	-	E	E	-	-	-	-	-
E	d2	d2	d2	d1	-	-	-	d2	d1	L	L	-	-	d1	L	-	-	-	d2	d1	L	-	-	-	d1	d1	d2
-	-	d2	L	L	-	-	N	N	N	N	-	-	-	E	E	d1	L	-	-	E	E	E	d2	-	-	-	-
L	L	L	L	L	-	-	-	d1	d1	d1	d1	L	-	-	d1	L	L	L	L	-	-	d1	d1	-	-	-	-
d2	d2	N	N	-	-	E	d1	d1	d2	-	-	-	-	d1	d2	-	-	d2	d2	d2	d1	N	-	-	-	-	-
-	-	-	E	E	d1	d1	N	-	-	N	N	-	-	-	E	L	L	-	-	E	E	E	N	N	-	-	-
-	-	-	E	d2	d2	d2	d2	-	-	d2	d2	-	-	d2	d2	d2	L	L	-	-	E	L	-	-	-	E	L
d1	L	L	L	-	-	d1	d2	L	-	-	d1	L	-	-	-	d2	L	L	-	-	-	-	d1	d2	d2	-	-
E	E	E	-	-	-	-	-	-	E	L	-	-	-	-	-	E	E	d2	d2	d2	-	-	E	d2	d2	d2	L
E	E	E	E	E	-	-	-	-	E	E	-	-	E	E	E	-	-	E	E	E	-	-	-	E	E	-	-
d2	d2	d2	-	-	E	L	L	-	-	L	L	-	-	-	-	E	E	E	-	-	-	E	d2	L	L	-	-
E	d1	d1	-	-	E	E	d1	L	-	-	-	E	E	-	-	L	L	L	-	-	-	-	E	E	d1	-	-
N	N	N	-	-	d2	d2	-	-	-	E	d1	d2	L	-	-	E	d1	d1	-	-	-	-	E	L	L	-	-
E	L	-	-	d2	d1	d2	d1	-	-	d1	d1	-	-	d2	d2	d1	d2	-	-	-	-	L	L	-	-	E	d1
d1	L	N	-	-	-	-	-	d1	N	-	-	-	d2	N	-	-	d1	d1	-	-	d1	d1	-	-	d2	d1	N
-	-	-	-	E	E	N	N	N	-	-	E	N	-	-	E	E	E	N	-	-	-	E	E	E	E	-	-
-	-	d2	d2	d2	-	-	-	-	d2	L	L	L	N	-	-	d2	d2	N	-	-	-	E	E	N	-	-	-
Objective 0: 13973
Objective 1: 234
Constr violation: 0
Restrictions violated:
0 0 0 0 0 0 0 0 

Individual 13
1	2	3	4	5	6	7	8	9	10	11	12	13	14	15	16	17	18	19	20	21	22	23	24	25	26	27	28
d1	d1	-	-	d1	L	-	-	d1	L	L	L	-	-	d1	L	-	-	d1	d1	d1	d1	-	-	d1	d1	-	-
-	-	E	d2	L	-	-	-	d2	d2	d2	d2	-	-	-	-	-	L	L	L	L	L	-	-	E	E	E	L
E	L	L	L	L	-	-	E	d1	L	-	-	E	E	E	-	-	E	d1	d1	L	L	-	-	-	-	-	-
N	N	N	-	-	d1	d1	d2	N	-	-	-	-	-	d2	d2	L	L	L	-	-	-	-	d2	d1	d1	d2	L
-	-	-	E	N	N	-	-	E	L	L	N	-	-	E	E	E	N	-	-	-	-	-	E	E	E	E	L
-	-	-	-	L	L	N	N	N	-	-	d1	d1	d1	L	L	-	-	-	-	-	d1	d1	L	N	N	-	-
-	-	L	L	-	-	E	E	E	E	-	-	-	-	E	E	E	L	L	-	-	-	-	E	L	L	L	L
d1	d1	d1	d1	-	-	-	d2	d2	d1	-	-	-	d1	d2	d1	d1	d1	-	-	-	d2	d1	d2	d1	-	-	-
-	-	E	E	-	-	-	-	E	d1	N	N	-	-	E	d1	N	N	-	-	E	N	-	-	E	d1	d1	d1
L	L	-	-	L	N	-	-	d1	d1	d1	d1	-	-	L	N	-	-	d1	d1	d1	N	-	-	L	L	-	-
d1	d1	-	-	d1	d1	d1	d1	-	-	d1	N	-	-	-	d1	N	N	-	-	-	-	-	d1	d1	d1	N	N
d2	d1	d1	d2	-	-	-	-	-	d1	d1	L	N	N	-	-	-	d1	d1	d1	d2	d2	-	-	E	L	-	-
L	L	-	-	-	d1	d1	L	L	L	-	-	-	-	E	L	L	L	-	-	E	d1	d1	d1	L	-	-	-
L	L	L	L	L	-	-	L	L	L	-	-	-	L	L	L	-	-	L	L	L	L	-	-	L	L	-	-
d2	L	L	L	L	-	-	-	-	E	d2	L	-	-	E	d2	d2	-	-	E	d2	L	-	-	E	E	d2	d2
-	-	-	d1	N	N	-	-	d2	d1	d2	d2	-	-	d1	d1	L	-	-	d1	d1	d2	-	-	E	N	-	-
E	E	d2	d2	d2	-	-	-	d1	d2	L	-	-	-	-	-	d2	d2	d2	d2	L	-	-	-	-	E	E	d2
-	-	d1	N	-	-	-	E	E	d1	-	-	-	-	E	d1	N	N	-	-	E	E	E	d2	N	-	-	d1
E	E	-	-	-	-	L	L	L	N	-	-	d1	d1	-	-	E	E	d1	-	-	E	d2	d2	L	N	-	-
d2	d2	L	-	-	d2	L	L	-	-	d2	d2	d2	d2	L	-	-	d2	d2	-	-	L	L	L	L	-	-	-
E	E	-	-	L	L	-	-	-	E	E	L	L	L	-	-	E	d2	-	-	-	E	d2	d2	d2	d2	-	-
-	-	E	L	L	-	-	-	-	L	N	N	-	-	d1	L	L	L	-	-	d2	L	N	-	-	-	d1	L
-	-	E	d1	d2	-	-	E	E	d1	d1	-	-	d1	d1	N	N	-	-	E	E	E	N	-	-	-	-	-
d1	d1	d1	d1	-	-	-	E	E	E	E	E	-	-	E	E	E	E	E	-	-	E	E	-	-	-	-	-
E	d2	d2	d2	d1	-	-	-	d2	d1	L	L	-	-	d1	L	-	-	-	d2	d1	L	-	-	-	d1	d1	d2
-	-	d2	L	L	-	-	N	N	N	N	-	-	-	E	E	d1	L	-	-	E	E	E	d2	-	-	-	-
L	L	L	L	L	-	-	-	d1	d1	d1	d1	L	-	-	d1	L	L	L	L	-	-	d1	d1	-	-	-	-
d2	d2	N	N	-	-	E	d1	d1	d2	-	-	-	-	d1	d2	-	-	d2	d2	d2	d1	N	-	-	-	-	-
-	-	-	E	E	d1	d1	N	-	-	N	N	-	-	-	E	L	L	-	-	E	E	E	N	N	-	-	-
-	-	-	E	d2	d2	d2	d2	-	-	d2	d2	-	-	d2	d2	d2	L	L	-	-	E	L	-	-	-	E	L
d1	L	L	L	-	-	d1	d2	L	-	-	d1	L	-	-	-	d2	L	L	-	-	-	-	d1	d2	d2	-	-
E	E	E	-	-	-	-	-	-	E	L	-	-	-	-	-	E	E	d2	d2	d2	-	-	E	d2	d2	d2	L
E	E	E	E	E	-	-	-	-	E	E	-	-	E	E	E	-	-	E	E	E	-	-	-	E	E	-	-
d2	d2	d2	-	-	E	L	L	-	-	L	L	-	-	-	-	E	E	E	-	-	-	E	d2	L	L	-	-
E	d1	d1	-	-	E	E	d1	L	-	-	-	E	E	-	-	L	L	L	-	-	-	-	E	E	d1	-	-
N	N	N	-	-	d2	d2	-	-	-	E	d1	d2	L	-	-	E	d1	d1	-	-	-	-	E	L	L	-	-
E	L	-	-	d2	d1	d2	d1	-	-	d1	d1	-	-	d2	d2	d1	d2	-	-	-	-	L	L	-	-	E	d1
d1	L	N	-	-	-	-	-	d1	N	-	-	-	d2	N	-	-	d1	d1	-	-	d1	d1	-	-	d2	d1	N
-	-	-	-	E	E	N	N	N	-	-	E	N	-	-	E	E	E	N	-	-	-	E	E	E	E	-	-
-	-	d2	d2	d2	-	-	-	-	d2	L	L	L	N	-	-	d2	d2	N	-	-	-	E	E	N	-	-	-
Objective 0: 14378
Objective 1: 229
Constr violation: 0
Restrictions violated:
0 0 0 0 0 0 0 0 

Individual 14
1	2	3	4	5	6	7	8	9	10	11	12	13	14	15	16	17	18	19	20	21	22	23	24	25	26	27	28
d1	d1	-	-	d1	L	-	-	d1	L	L	L	-	-	d1	L	-	-	d1	d1	d1	d1	-	-	d1	d1	-	-
-	-	E	d2	L	-	-	-	d2	d2	d2	d2	-	-	-	-	-	L	L	L	L	L	-	-	E	E	E	L
E	L	L	L	L	-	-	E	d1	L	-	-	E	E	E	-	-	E	d1	d1	L	L	-	-	-	-	-	-
N	N	N	-	-	d1	d1	d2	N	-	-	-	-	-	d2	d2	L	L	L	-	-	-	-	d2	d1	d1	d2	L
-	-	-	E	N	N	-	-	E	L	L	N	-	-	E	E	E	N	-	-	-	-	-	E	E	E	E	L
-	-	-	-	L	L	N	N	N	-	-	d1	d1	d1	L	L	-	-	-	-	-	d1	d1	L	N	N	-	-
-	-	L	L	-	-	E	E	E	E	-	-	-	-	E	E	E	L	L	-	-	-	-	E	L	L	L	L
d1	d1	d1	d1	-	-	-	d2	d2	d1	-	-	-	d1	d2	d1	d1	d1	-	-	-	d2	d1	d2	d1	-	-	-
-	-	E	E	-	-	-	-	E	d1	N	N	-	-	E	d1	N	N	-	-	E	N	-	-	E	d1	d1	d1
L	L	-	-	L	N	-	-	d1	d1	d1	d1	-	-	L	N	-	-	d1	d1	d1	N	-	-	L	L	-	-
d1	d1	-	-	d1	d1	d1	d1	-	-	d1	N	-	-	-	d1	N	N	-	-	-	-	-	d1	d1	d1	N	N
d2	d1	d1	d2	-	-	-	-	-	d1	d1	L	N	N	-	-	-	d1	d1	d1	d2	d2	-	-	E	L	-	-
L	L	-	-	-	d1	d1	L	L	L	-	-	-	-	E	L	L	L	-	-	E	d1	d1	d1	L	-	-	-
L	L	L	L	L	-	-	L	L	L	-	-	-	L	L	L	-	-	L	L	L	L	-	-	L	L	-	-
d2	L	L	L	L	-	-	-	-	E	d2	L	-	-	E	d2	d2	-	-	E	d2	L	-	-	E	E	d2	d2
-	-	-	d1	N	N	-	-	d2	d1	d2	d2	-	-	d1	d1	L	-	-	d1	d1	d2	-	-	E	N	-	-
E	E	d2	d2	d2	-	-	-	d1	d2	L	-	-	-	-	-	d2	d2	d2	d2	L	-	-	-	-	E	E	d2
E	d1	d1	N	-	-	-	d2	d2	-	-	d2	d1	d2	d2	d1	-	-	-	d2	d2	d2	d1	N	-	-	-	-
E	E	-	-	-	-	L	L	L	N	-	-	d1	d1	-	-	E	E	d1	-	-	E	d2	d2	L	N	-	-
d2	d2	L	-	-	d2	L	L	-	-	d2	d2	d2	d2	L	-	-	d2	d2	-	-	L	L	L	L	-	-	-
E	E	-	-	L	L	-	-	-	E	E	L	L	L	-	-	E	d2	-	-	-	E	d2	d2	d2	d2	-	-
-	-	E	L	L	-	-	-	-	L	N	N	-	-	d1	L	L	L	-	-	d2	L	N	-	-	-	d1	L
-	-	E	d1	d2	-	-	E	E	d1	d1	-	-	d1	d1	N	N	-	-	E	E	E	N	-	-	-	-	-
d1	d1	d1	d1	-	-	-	E	E	E	E	E	-	-	E	E	E	E	E	-	-	E	E	-	-	-	-	-
E	d2	d2	d2	d1	-	-	-	d2	d1	L	L	-	-	d1	L	-	-	-	d2	d1	L	-	-	-	d1	d1	d2
-	-	d2	L	L	-	-	N	N	N	N	-	-	-	E	E	d1	L	-	-	E	E	E	d2	-	-	-	-
L	L	L	L	L	-	-	-	d1	d1	d1	d1	L	-	-	d1	L	L	L	L	-	-	d1	d1	-	-	-	-
d2	d2	N	N	-	-	E	d1	d1	d2	-	-	-	-	d1	d2	-	-	d2	d2	d2	d1	N	-	-	-	-	-
-	-	-	E	E	d1	d1	N	-	-	N	N	-	-	-	E	L	L	-	-	E	E	E	N	N	-	-	-
-	-	-	E	d2	d2	d2	d2	-	-	d2	d2	-	-	d2	d2	d2	L	L	-	-	E	L	-	-	-	E	L
d1	L	L	L	-	-	d1	d2	L	-	-	d1	L	-	-	-	d2	L	L	-	-	-	-	d1	d2	d2	-	-
E	E	E	-	-	-	-	-	-	E	L	-	-	-	-	-	E	E	d2	d2	d2	-	-	E	d2	d2	d2	L
E	E	E	E	E	-	-	-	-	E	E	-	-	E	E	E	-	-	E	E	E	-	-	-	E	E	-	-
d2	d2	d2	-	-	E	L	L	-	-	L	L	-	-	-	-	E	E	E	-	-	-	E	d2	L	L	-	-
E	d1	d1	-	-	E	E	d1	L	-	-	-	E	E	-	-	L	L	L	-	-	-	-	E	E	d1	-	-
N	N	N	-	-	d2	d2	-	-	-	E	d1	d2	L	-	-	E	d1	d1	-	-	-	-	E	L	L	-	-
E	L	-	-	d2	d1	d2	d1	-	-	d1	d1	-	-	d2	d2	d1	d2	-	-	-	-	L	L	-	-	E	d1
d1	L	N	-	-	-	-	-	d1	N	-	-	-	d2	N	-	-	d1	d1	-	-	d1	d1	-	-	d2	d1	N
-	-	-	-	E	E	N	N	N	-	-	E	N	-	-	E	E	E	N	-	-	-	E	E	E	E	-	-
-	-	d2	d2	d2	-	-	-	-	d2	L	L	L	N	-	-	d2	d2	N	-	-	-	E	E	N	-	-	-
Objective 0: 13773
Objective 1: 236
Constr violation: 0
Restrictions violated:
0 0 0 0 0 0 0 0 

Individual 15
1	2	3	4	5	6	7	8	9	10	11	12	13	14	15	16	17	18	19	20	21	22	23	24	25	26	27	28
d1	d1	-	-	d1	L	-	-	d1	L	L	L	-	-	d1	L	-	-	d1	d1	d1	d1	-	-	d1	d1	-	-
-	-	E	d2	L	-	-	-	d2	d2	d2	d2	-	-	-	-	-	L	L	L	L	L	-	-	E	E	E	L
E	L	L	L	L	-	-	E	d1	L	-	-	E	E	E	-	-	E	d1	d1	L	L	-	-	-	-	-	-
N	N	N	-	-	d1	d1	d2	N	-	-	-	-	-	d2	d2	L	L	L	-	-	-	-	d2	d1	d1	d2	L
-	-	-	E	N	N	-	-	E	L	L	N	-	-	E	E	E	N	-	-	-	-	-	E	E	E	E	L
-	-	-	-	L	L	N	N	N	-	-	d1	d1	d1	L	L	-	-	-	-	-	d1	d1	L	N	N	-	-
-	-	L	L	-	-	E	E	E	E	-	-	-	-	E	E	E	L	L	-	-	-	-	E	L	L	L	L
d1	d1	d1	d1	-	-	-	d2	d2	d1	-	-	-	d1	d2	d1	d1	d1	-	-	-	d2	d1	d2	d1	-	-	-
E	E	E	E	d1	-	-	-	-	-	E	E	N	-	-	-	N	N	N	N	-	-	-	E	E	E	-	-
L	L	-	-	L	N	-	-	d1	d1	d1	d1	-	-	L	N	-	-	d1	d1	d1	N	-	-	L	L	-	-
d1	d1	-	-	d1	d1	d1	d1	-	-	d1	N	-	-	-	d1	N	N	-	-	-	-	-	d1	d1	d1	N	N
d2	d1	d1	d2	-	-	-	-	-	d1	d1	L	N	N	-	-	-	d1	d1	d1	d2	d2	-	-	E	L	-	-
L	L	-	-	-	d1	d1	L	L	L	-	-	-	-	E	L	L	L	-	-	E	d1	d1	d1	L	-	-	-
L	L	L	L	L	-	-	L	L	L	-	-	-	L	L	L	-	-	L	L	L	L	-	-	L	L	-	-
d2	L	L	L	L	-	-	-	-	E	d2	L	-	-	E	d2	d2	-	-	E	d2	L	-	-	E	E	d2	d2
-	-	-	d1	N	N	-	-	d2	d1	d2	d2	-	-	d1	d1	L	-	-	d1	d1	d2	-	-	E	N	-	-
E	E	d2	d2	d2	-	-	-	d1	d2	L	-	-	-	-	-	d2	d2	d2	d2	L	-	-	-	-	E	E	d2
-	-	d1	N	-	-	-	E	E	d1	-	-	-	-	E	d1	N	N	-	-	E	E	E	d2	N	-	-	d1
E	E	-	-	-	-	L	L	L	N	-	-	d1	d1	-	-	E	E	d1	-	-	E	d2	d2	L	N	-	-
d2	d2	L	-	-	d2	L	L	-	-	d2	d2	d2	d2	L	-	-	d2	d2	-	-	L	L	L	L	-	-	-
E	E	-	-	L	L	-	-	-	E	E	L	L	L	-	-	E	d2	-	-	-	E	d2	d2	d2	d2	-	-
-	-	E	L	L	-	-	-	-	L	N	N	-	-	d1	L	L	L	-	-	d2	L	N	-	-	-	d1	L
-	-	E	d1	d2	-	-	E	E	d1	d1	-	-	d1	d1	N	N	-	-	E	E	E	N	-	-	-	-	-
d1	d1	d1	d1	-	-	-	E	E	E	E	E	-	-	E	E	E	E	E	-	-	E	E	-	-	-	-	-
E	d2	d2	d2	d1	-	-	-	d2	d1	L	L	-	-	d1	L	-	-	-	d2	d1	L	-	-	-	d1	d1	d2
-	-	d2	L	L	-	-	N	N	N	N	-	-	-	E	E	d1	L	-	-	E	E	E	d2	-	-	-	-
L	L	L	L	L	-	-	-	d1	d1	d1	d1	L	-	-	d1	L	L	L	L	-	-	d1	d1	-	-	-	-
d2	d2	N	N	-	-	E	d1	d1	d2	-	-	-	-	d1	d2	-	-	d2	d2	d2	d1	N	-	-	-	-	-
-	-	-	E	E	d1	d1	N	-	-	N	N	-	-	-	E	L	L	-	-	E	E	E	N	N	-	-	-
-	-	-	E	d2	d2	d2	d2	-	-	d2	d2	-	-	d2	d2	d2	L	L	-	-	E	L	-	-	-	E	L
d1	L	L	L	-	-	d1	d2	L	-	-	d1	L	-	-	-	d2	L	L	-	-	-	-	d1	d2	d2	-	-
E	E	E	-	-	-	-	-	-	E	L	-	-	-	-	-	E	E	d2	d2	d2	-	-	E	d2	d2	d2	L
E	E	E	E	E	-	-	-	-	E	E	-	-	E	E	E	-	-	E	E	E	-	-	-	E	E	-	-
d2	d2	d2	-	-	E	L	L	-	-	L	L	-	-	-	-	E	E	E	-	-	-	E	d2	L	L	-	-
E	d1	d1	-	-	E	E	d1	L	-	-	-	E	E	-	-	L	L	L	-	-	-	-	E	E	d1	-	-
N	N	N	-	-	d2	d2	-	-	-	E	d1	d2	L	-	-	E	d1	d1	-	-	-	-	E	L	L	-	-
E	L	-	-	d2	d1	d2	d1	-	-	d1	d1	-	-	d2	d2	d1	d2	-	-	-	-	L	L	-	-	E	d1
d1	L	N	-	-	-	-	-	d1	N	-	-	-	d2	N	-	-	d1	d1	-	-	d1	d1	-	-	d2	d1	N
-	-	-	-	E	E	N	N	N	-	-	E	N	-	-	E	E	E	N	-	-	-	E	E	E	E	-	-
-	-	d2	d2	d2	-	-	-	-	d2	L	L	L	N	-	-	d2	d2	N	-	-	-	E	E	N	-	-	-
Objective 0: 14175
Objective 1: 230
Constr violation: 0
Restrictions violated:
0 0 0 0 0 0 0 0 

Individual 16
1	2	3	4	5	6	7	8	9	10	11	12	13	14	15	16	17	18	19	20	21	22	23	24	25	26	27	28
d1	d1	-	-	d1	L	-	-	d1	L	L	L	-	-	d1	L	-	-	d1	d1	d1	d1	-	-	d1	d1	-	-
-	-	E	d2	L	-	-	-	d2	d2	d2	d2	-	-	-	-	-	L	L	L	L	L	-	-	E	E	E	L
E	L	L	L	L	-	-	E	d1	L	-	-	E	E	E	-	-	E	d1	d1	L	L	-	-	-	-	-	-
N	N	N	-	-	d1	d1	d2	N	-	-	-	-	-	d2	d2	L	L	L	-	-	-	-	d2	d1	d1	d2	L
-	-	-	E	N	N	-	-	E	L	L	N	-	-	E	E	E	N	-	-	-	-	-	E	E	E	E	L
-	-	-	-	L	L	N	N	N	-	-	d1	d1	d1	L	L	-	-	-	-	-	d1	d1	L	N	N	-	-
-	-	L	L	-	-	E	E	E	E	-	-	-	-	E	E	E	L	L	-	-	-	-	E	L	L	L	L
d1	d1	d1	d1	-	-	-	d2	d2	d1	-	-	-	d1	d2	d1	d1	d1	-	-	-	d2	d1	d2	d1	-	-	-
-	-	E	E	-	-	-	-	E	d1	N	N	-	-	E	d1	N	N	-	-	E	N	-	-	E	d1	d1	d1
L	L	-	-	L	N	-	-	d1	d1	d1	d1	-	-	L	N	-	-	d1	d1	d1	N	-	-	L	L	-	-
d1	d1	-	-	d1	d1	d1	d1	-	-	d1	N	-	-	-	d1	N	N	-	-	-	-	-	d1	d1	d1	N	N
d2	d1	d1	d2	-	-	-	-	-	d1	d1	L	N	N	-	-	-	d1	d1	d1	d2	d2	-	-	E	L	-	-
L	L	-	-	-	d1	d1	L	L	L	-	-	-	-	E	L	L	L	-	-	E	d1	d1	d1	L	-	-	-
L	L	L	L	L	-	-	L	L	L	-	-	-	L	L	L	-	-	L	L	L	L	-	-	L	L	-	-
d2	L	L	L	L	-	-	-	-	E	d2	L	-	-	E	d2	d2	-	-	E	d2	L	-	-	E	E	d2	d2
-	-	-	d1	N	N	-	-	d2	d1	d2	d2	-	-	d1	d1	L	-	-	d1	d1	d2	-	-	E	N	-	-
E	E	d2	d2	d2	-	-	-	d1	d2	L	-	-	-	-	-	d2	d2	d2	d2	L	-	-	-	-	E	E	d2
-	-	d1	N	-	-	-	E	E	d1	-	-	-	-	E	d1	N	N	-	-	E	E	E	d2	N	-	-	d1
E	E	-	-	-	-	L	L	L	N	-	-	d1	d1	-	-	E	E	d1	-	-	E	d2	d2	L	N	-	-
d2	d2	L	-	-	d2	L	L	-	-	d2	d2	d2	d2	L	-	-	d2	d2	-	-	L	L	L	L	-	-	-
E	E	-	-	L	L	-	-	-	E	E	L	L	L	-	-	E	d2	-	-	-	E	d2	d2	d2	d2	-	-
-	-	E	L	L	-	-	-	-	L	N	N	-	-	d1	L	L	L	-	-	d2	L	N	-	-	-	d1	L
-	-	E	d1	d2	-	-	E	E	d1	d1	-	-	d1	d1	N	N	-	-	E	E	E	N	-	-	-	-	-
d1	d1	d1	d1	-	-	-	E	E	E	E	E	-	-	E	E	E	E	E	-	-	E	E	-	-	-	-	-
E	d2	d2	d2	d1	-	-	-	d2	d1	L	L	-	-	d1	L	-	-	-	d2	d1	L	-	-	-	d1	d1	d2
-	-	d2	L	L	-	-	N	N	N	N	-	-	-	E	E	d1	L	-	-	E	E	E	d2	-	-	-	-
L	L	L	L	L	-	-	-	d1	d1	d1	d1	L	-	-	d1	L	L	L	L	-	-	d1	d1	-	-	-	-
d2	d2	N	N	-	-	E	d1	d1	d2	-	-	-	-	d1	d2	-	-	d2	d2	d2	d1	N	-	-	-	-	-
-	-	-	E	E	d1	d1	N	-	-	N	N	-	-	-	E	L	L	-	-	E	E	E	N	N	-	-	-
-	-	-	E	d2	d2	d2	d2	-	-	d2	d2	-	-	d2	d2	d2	L	L	-	-	E	L	-	-	-	E	L
d1	L	L	L	-	-	d1	d2	L	-	-	d1	L	-	-	-	d2	L	L	-	-	-	-	d1	d2	d2	-	-
E	E	E	-	-	-	-	-	-	E	L	-	-	-	-	-	E	E	d2	d2	d2	-	-	E	d2	d2	d2	L
E	E	E	E	E	-	-	-	-	E	E	-	-	E	E	E	-	-	E	E	E	-	-	-	E	E	-	-
d2	d2	d2	-	-	E	L	L	-	-	L	L	-	-	-	-	E	E	E	-	-	-	E	d2	L	L	-	-
E	d1	d1	-	-	E	E	d1	L	-	-	-	E	E	-	-	L	L	L	-	-	-	-	E	E	d1	-	-
N	N	N	-	-	d2	d2	-	-	-	E	d1	d2	L	-	-	E	d1	d1	-	-	-	-	E	L	L	-	-
E	L	-	-	d2	d1	d2	d1	-	-	d1	d1	-	-	d2	d2	d1	d2	-	-	-	-	L	L	-	-	E	d1
d1	L	N	-	-	-	-	-	d1	N	-	-	-	d2	N	-	-	d1	d1	-	-	d1	d1	-	-	d2	d1	N
-	-	-	-	E	E	N	N	N	-	-	E	N	-	-	E	E	E	N	-	-	-	E	E	E	E	-	-
-	-	d2	d2	d2	-	-	-	-	d2	L	L	L	N	-	-	d2	d2	N	-	-	-	E	E	N	-	-	-
Objective 0: 14378
Objective 1: 229
Constr violation: 0
Restrictions violated:
0 0 0 0 0 0 0 0 

Individual 17
1	2	3	4	5	6	7	8	9	10	11	12	13	14	15	16	17	18	19	20	21	22	23	24	25	26	27	28
d1	d1	-	-	d1	L	-	-	d1	L	L	L	-	-	d1	L	-	-	d1	d1	d1	d1	-	-	d1	d1	-	-
-	-	E	d2	L	-	-	-	d2	d2	d2	d2	-	-	-	-	-	L	L	L	L	L	-	-	E	E	E	L
E	L	L	L	L	-	-	E	d1	L	-	-	E	E	E	-	-	E	d1	d1	L	L	-	-	-	-	-	-
N	N	N	-	-	d1	d1	d2	N	-	-	-	-	-	d2	d2	L	L	L	-	-	-	-	d2	d1	d1	d2	L
-	-	-	E	N	N	-	-	E	L	L	N	-	-	E	E	E	N	-	-	-	-	-	E	E	E	E	L
-	-	-	-	L	L	N	N	N	-	-	d1	d1	d1	L	L	-	-	-	-	-	d1	d1	L	N	N	-	-
-	-	L	L	-	-	E	E	E	E	-	-	-	-	E	E	E	L	L	-	-	-	-	E	L	L	L	L
d1	d1	d1	d1	-	-	-	d2	d2	d1	-	-	-	d1	d2	d1	d1	d1	-	-	-	d2	d1	d2	d1	-	-	-
-	-	E	E	-	-	-	-	E	d1	N	N	-	-	E	d1	N	N	-	-	E	N	-	-	E	d1	d1	d1
L	L	-	-	L	N	-	-	d1	d1	d1	d1	-	-	L	N	-	-	d1	d1	d1	N	-	-	L	L	-	-
d1	d1	-	-	d1	d1	d1	d1	-	-	d1	N	-	-	-	d1	N	N	-	-	-	-	-	d1	d1	d1	N	N
d2	d1	d1	d2	-	-	-	-	-	d1	d1	L	N	N	-	-	-	d1	d1	d1	d2	d2	-	-	E	L	-	-
L	L	-	-	-	d1	d1	L	L	L	-	-	-	-	E	L	L	L	-	-	E	d1	d1	d1	L	-	-	-
L	L	L	L	L	-	-	L	L	L	-	-	-	L	L	L	-	-	L	L	L	L	-	-	L	L	-	-
d2	L	L	L	L	-	-	-	-	E	d2	L	-	-	E	d2	d2	-	-	E	d2	L	-	-	E	E	d2	d2
-	-	-	d1	N	N	-	-	d2	d1	d2	d2	-	-	d1	d1	L	-	-	d1	d1	d2	-	-	E	N	-	-
E	E	d2	d2	d2	-	-	-	d1	d2	L	-	-	-	-	-	d2	d2	d2	d2	L	-	-	-	-	E	E	d2
E	d1	d1	N	-	-	-	d2	d2	-	-	d2	d1	d2	d2	d1	-	-	-	d2	d2	d2	d1	N	-	-	-	-
E	E	-	-	-	-	L	L	L	N	-	-	d1	d1	-	-	E	E	d1	-	-	E	d2	d2	L	N	-	-
d2	d2	L	-	-	d2	L	L	-	-	d2	d2	d2	d2	L	-	-	d2	d2	-	-	L	L	L	L	-	-	-
E	E	-	-	L	L	-	-	-	E	E	L	L	L	-	-	E	d2	-	-	-	E	d2	d2	d2	d2	-	-
-	-	E	L	L	-	-	-	-	L	N	N	-	-	d1	L	L	L	-	-	d2	L	N	-	-	-	d1	L
-	-	E	d1	d2	-	-	E	E	d1	d1	-	-	d1	d1	N	N	-	-	E	E	E	N	-	-	-	-	-
d1	d1	d1	d1	-	-	-	E	E	E	E	E	-	-	E	E	E	E	E	-	-	E	E	-	-	-	-	-
E	d2	d2	d2	d1	-	-	-	d2	d1	L	L	-	-	d1	L	-	-	-	d2	d1	L	-	-	-	d1	d1	d2
-	-	d2	L	L	-	-	N	N	N	N	-	-	-	E	E	d1	L	-	-	E	E	E	d2	-	-	-	-
L	L	L	L	L	-	-	-	d1	d1	d1	d1	L	-	-	d1	L	L	L	L	-	-	d1	d1	-	-	-	-
d2	d2	N	N	-	-	E	d1	d1	d2	-	-	-	-	d1	d2	-	-	d2	d2	d2	d1	N	-	-	-	-	-
-	-	-	E	E	d1	d1	N	-	-	N	N	-	-	-	E	L	L	-	-	E	E	E	N	N	-	-	-
-	-	-	E	d2	d2	d2	d2	-	-	d2	d2	-	-	d2	d2	d2	L	L	-	-	E	L	-	-	-	E	L
d1	L	L	L	-	-	d1	d2	L	-	-	d1	L	-	-	-	d2	L	L	-	-	-	-	d1	d2	d2	-	-
E	E	E	-	-	-	-	-	-	E	L	-	-	-	-	-	E	E	d2	d2	d2	-	-	E	d2	d2	d2	L
E	E	E	E	E	-	-	-	-	E	E	-	-	E	E	E	-	-	E	E	E	-	-	-	E	E	-	-
d2	d2	d2	-	-	E	L	L	-	-	L	L	-	-	-	-	E	E	E	-	-	-	E	d2	L	L	-	-
E	d1	d1	-	-	E	E	d1	L	-	-	-	E	E	-	-	L	L	L	-	-	-	-	E	E	d1	-	-
N	N	N	-	-	d2	d2	-	-	-	E	d1	d2	L	-	-	E	d1	d1	-	-	-	-	E	L	L	-	-
E	L	-	-	d2	d1	d2	d1	-	-	d1	d1	-	-	d2	d2	d1	d2	-	-	-	-	L	L	-	-	E	d1
d1	L	N	-	-	-	-	-	d1	N	-	-	-	d2	N	-	-	d1	d1	-	-	d1	d1	-	-	d2	d1	N
-	-	-	-	E	E	N	N	N	-	-	E	N	-	-	E	E	E	N	-	-	-	E	E	E	E	-	-
-	-	d2	d2	d2	-	-	-	-	d2	L	L	L	N	-	-	d2	d2	N	-	-	-	E	E	N	-	-	-
Objective 0: 13773
Objective 1: 236
Constr violation: 0
Restrictions violated:
0 0 0 0 0 0 0 0 

Individual 18
1	2	3	4	5	6	7	8	9	10	11	12	13	14	15	16	17	18	19	20	21	22	23	24	25	26	27	28
d1	d1	-	-	d1	L	-	-	d1	L	L	L	-	-	d1	L	-	-	d1	d1	d1	d1	-	-	d1	d1	-	-
-	-	E	d2	L	-	-	-	d2	d2	d2	d2	-	-	-	-	-	L	L	L	L	L	-	-	E	E	E	L
E	L	L	L	L	-	-	E	d1	L	-	-	E	E	E	-	-	E	d1	d1	L	L	-	-	-	-	-	-
N	N	N	-	-	d1	d1	d2	N	-	-	-	-	-	d2	d2	L	L	L	-	-	-	-	d2	d1	d1	d2	L
-	-	-	E	N	N	-	-	E	L	L	N	-	-	E	E	E	N	-	-	-	-	-	E	E	E	E	L
-	-	-	-	L	L	N	N	N	-	-	d1	d1	d1	L	L	-	-	-	-	-	d1	d1	L	N	N	-	-
-	-	L	L	-	-	E	E	E	E	-	-	-	-	E	E	E	L	L	-	-	-	-	E	L	L	L	L
d1	d1	d1	d1	-	-	-	d2	d2	d1	-	-	-	d1	d2	d1	d1	d1	-	-	-	d2	d1	d2	d1	-	-	-
E	E	E	E	d1	-	-	-	-	-	E	E	N	-	-	-	N	N	N	N	-	-	-	E	E	E	-	-
L	L	-	-	L	N	-	-	d1	d1	d1	d1	-	-	L	N	-	-	d1	d1	d1	N	-	-	L	L	-	-
d1	d1	-	-	d1	d1	d1	d1	-	-	d1	N	-	-	-	d1	N	N	-	-	-	-	-	d1	d1	d1	N	N
d2	d1	d1	d2	-	-	-	-	-	d1	d1	L	N	N	-	-	-	d1	d1	d1	d2	d2	-	-	E	L	-	-
L	L	-	-	-	d1	d1	L	L	L	-	-	-	-	E	L	L	L	-	-	E	d1	d1	d1	L	-	-	-
L	L	L	L	L	-	-	L	L	L	-	-	-	L	L	L	-	-	L	L	L	L	-	-	L	L	-	-
d2	L	L	L	L	-	-	-	-	E	d2	L	-	-	E	d2	d2	-	-	E	d2	L	-	-	E	E	d2	d2
-	-	-	d1	N	N	-	-	d2	d1	d2	d2	-	-	d1	d1	L	-	-	d1	d1	d2	-	-	E	N	-	-
E	E	d2	d2	d2	-	-	-	d1	d2	L	-	-	-	-	-	d2	d2	d2	d2	L	-	-	-	-	E	E	d2
-	-	d1	N	-	-	-	E	E	d1	-	-	-	-	E	d1	N	N	-	-	E	E	E	d2	N	-	-	d1
E	E	-	-	-	-	L	L	L	N	-	-	d1	d1	-	-	E	E	d1	-	-	E	d2	d2	L	N	-	-
d2	d2	L	-	-	d2	L	L	-	-	d2	d2	d2	d2	L	-	-	d2	d2	-	-	L	L	L	L	-	-	-
E	E	-	-	L	L	-	-	-	E	E	L	L	L	-	-	E	d2	-	-	-	E	d2	d2	d2	d2	-	-
-	-	E	L	L	-	-	-	-	L	N	N	-	-	d1	L	L	L	-	-	d2	L	N	-	-	-	d1	L
-	-	E	d1	d2	-	-	E	E	d1	d1	-	-	d1	d1	N	N	-	-	E	E	E	N	-	-	-	-	-
d1	d1	d1	d1	-	-	-	E	E	E	E	E	-	-	E	E	E	E	E	-	-	E	E	-	-	-	-	-
E	d2	d2	d2	d1	-	-	-	d2	d1	L	L	-	-	d1	L	-	-	-	d2	d1	L	-	-	-	d1	d1	d2
-	-	d2	L	L	-	-	N	N	N	N	-	-	-	E	E	d1	L	-	-	E	E	E	d2	-	-	-	-
L	L	L	L	L	-	-	-	d1	d1	d1	d1	L	-	-	d1	L	L	L	L	-	-	d1	d1	-	-	-	-
d2	d2	N	N	-	-	E	d1	d1	d2	-	-	-	-	d1	d2	-	-	d2	d2	d2	d1	N	-	-	-	-	-
-	-	-	E	E	d1	d1	N	-	-	N	N	-	-	-	E	L	L	-	-	E	E	E	N	N	-	-	-
-	-	-	E	d2	d2	d2	d2	-	-	d2	d2	-	-	d2	d2	d2	L	L	-	-	E	L	-	-	-	E	L
d1	L	L	L	-	-	d1	d2	L	-	-	d1	L	-	-	-	d2	L	L	-	-	-	-	d1	d2	d2	-	-
E	E	E	-	-	-	-	-	-	E	L	-	-	-	-	-	E	E	d2	d2	d2	-	-	E	d2	d2	d2	L
E	E	E	E	E	-	-	-	-	E	E	-	-	E	E	E	-	-	E	E	E	-	-	-	E	E	-	-
d2	d2	d2	-	-	E	L	L	-	-	L	L	-	-	-	-	E	E	E	-	-	-	E	d2	L	L	-	-
E	d1	d1	-	-	E	E	d1	L	-	-	-	E	E	-	-	L	L	L	-	-	-	-	E	E	d1	-	-
N	N	N	-	-	d2	d2	-	-	-	E	d1	d2	L	-	-	E	d1	d1	-	-	-	-	E	L	L	-	-
E	L	-	-	d2	d1	d2	d1	-	-	d1	d1	-	-	d2	d2	d1	d2	-	-	-	-	L	L	-	-	E	d1
d1	L	N	-	-	-	-	-	d1	N	-	-	-	d2	N	-	-	d1	d1	-	-	d1	d1	-	-	d2	d1	N
-	-	-	-	E	E	N	N	N	-	-	E	N	-	-	E	E	E	N	-	-	-	E	E	E	E	-	-
-	-	d2	d2	d2	-	-	-	-	d2	L	L	L	N	-	-	d2	d2	N	-	-	-	E	E	N	-	-	-
Objective 0: 14175
Objective 1: 230
Constr violation: 0
Restrictions violated:
0 0 0 0 0 0 0 0 

Individual 19
1	2	3	4	5	6	7	8	9	10	11	12	13	14	15	16	17	18	19	20	21	22	23	24	25	26	27	28
d1	d1	-	-	d1	L	-	-	d1	L	L	L	-	-	d1	L	-	-	d1	d1	d1	d1	-	-	d1	d1	-	-
-	-	E	d2	L	-	-	-	d2	d2	d2	d2	-	-	-	-	-	L	L	L	L	L	-	-	E	E	E	L
E	L	L	L	L	-	-	E	d1	L	-	-	E	E	E	-	-	E	d1	d1	L	L	-	-	-	-	-	-
N	N	N	-	-	d1	d1	d2	N	-	-	-	-	-	d2	d2	L	L	L	-	-	-	-	d2	d1	d1	d2	L
-	-	-	E	N	N	-	-	E	L	L	N	-	-	E	E	E	N	-	-	-	-	-	E	E	E	E	L
-	-	-	-	L	L	N	N	N	-	-	d1	d1	d1	L	L	-	-	-	-	-	d1	d1	L	N	N	-	-
-	-	L	L	-	-	E	E	E	E	-	-	-	-	E	E	E	L	L	-	-	-	-	E	L	L	L	L
d1	d1	d1	d1	-	-	-	d2	d2	d1	-	-	-	d1	d2	d1	d1	d1	-	-	-	d2	d1	d2	d1	-	-	-
E	E	E	E	d1	-	-	-	-	-	E	E	N	-	-	-	N	N	N	N	-	-	-	E	E	E	-	-
L	L	-	-	L	N	-	-	d1	d1	d1	d1	-	-	L	N	-	-	d1	d1	d1	N	-	-	L	L	-	-
d1	d1	-	-	-	d1	d1	-	-	d1	d1	N	-	-	d1	d1	N	N	N	-	-	-	-	d1	d1	N	-	-
d2	d1	d1	d2	-	-	-	-	-	d1	d1	L	N	N	-	-	-	d1	d1	d1	d2	d2	-	-	E	L	-	-
L	L	-	-	-	d1	d1	L	L	L	-	-	-	-	E	L	L	L	-	-	E	d1	d1	d1	L	-	-	-
L	L	L	L	L	-	-	L	L	L	-	-	-	L	L	L	-	-	L	L	L	L	-	-	L	L	-	-
d2	L	L	L	L	-	-	-	-	E	d2	L	-	-	E	d2	d2	-	-	E	d2	L	-	-	E	E	d2	d2
-	-	-	d1	N	N	-	-	d2	d1	d2	d2	-	-	d1	d1	L	-	-	d1	d1	d2	-	-	E	N	-	-
E	E	d2	d2	d2	-	-	-	d1	d2	L	-	-	-	-	-	d2	d2	d2	d2	L	-	-	-	-	E	E	d2
E	d1	d1	N	-	-	-	d2	d2	-	-	d2	d1	d2	d2	d1	-	-	-	d2	d2	d2	d1	N	-	-	-	-
E	E	-	-	-	-	L	L	L	N	-	-	d1	d1	-	-	E	E	d1	-	-	E	d2	d2	L	N	-	-
d2	d2	L	-	-	d2	L	L	-	-	d2	d2	d2	d2	L	-	-	d2	d2	-	-	L	L	L	L	-	-	-
E	E	-	-	L	L	-	-	-	E	E	L	L	L	-	-	E	d2	-	-	-	E	d2	d2	d2	d2	-	-
-	-	E	L	L	-	-	-	-	L	N	N	-	-	d1	L	L	L	-	-	d2	L	N	-	-	-	d1	L
-	-	E	d1	d2	-	-	E	E	d1	d1	-	-	d1	d1	N	N	-	-	E	E	E	N	-	-	-	-	-
d1	d1	d1	d1	-	-	-	E	E	E	E	E	-	-	E	E	E	E	E	-	-	E	E	-	-	-	-	-
E	d2	d2	d2	d1	-	-	-	d2	d1	L	L	-	-	d1	L	-	-	-	d2	d1	L	-	-	-	d1	d1	d2
-	-	d2	L	L	-	-	N	N	N	N	-	-	-	E	E	d1	L	-	-	E	E	E	d2	-	-	-	-
L	L	L	L	L	-	-	-	d1	d1	d1	d1	L	-	-	d1	L	L	L	L	-	-	d1	d1	-	-	-	-
d2	d2	N	N	-	-	E	d1	d1	d2	-	-	-	-	d1	d2	-	-	d2	d2	d2	d1	N	-	-	-	-	-
-	-	-	E	E	d1	d1	N	-	-	N	N	-	-	-	E	L	L	-	-	E	E	E	N	N	-	-	-
-	-	-	E	d2	d2	d2	d2	-	-	d2	d2	-	-	d2	d2	d2	L	L	-	-	E	L	-	-	-	E	L
d1	L	L	L	-	-	d1	d2	L	-	-	d1	L	-	-	-	d2	L	L	-	-	-	-	d1	d2	d2	-	-
E	E	E	-	-	-	-	-	-	E	L	-	-	-	-	-	E	E	d2	d2	d2	-	-	E	d2	d2	d2	L
E	E	E	E	E	-	-	-	-	E	E	-	-	E	E	E	-	-	E	E	E	-	-	-	E	E	-	-
d2	d2	d2	-	-	E	L	L	-	-	L	L	-	-	-	-	E	E	E	-	-	-	E	d2	L	L	-	-
E	d1	d1	-	-	E	E	d1	L	-	-	-	E	E	-	-	L	L	L	-	-	-	-	E	E	d1	-	-
N	N	N	-	-	d2	d2	-	-	-	E	d1	d2	L	-	-	E	d1	d1	-	-	-	-	E	L	L	-	-
E	L	-	-	d2	d1	d2	d1	-	-	d1	d1	-	-	d2	d2	d1	d2	-	-	-	-	L	L	-	-	E	d1
d1	L	N	-	-	-	-	-	d1	N	-	-	-	d2	N	-	-	d1	d1	-	-	d1	d1	-	-	d2	d1	N
-	-	-	-	E	E	N	N	N	-	-	E	N	-	-	E	E	E	N	-	-	-	E	E	E	E	-	-
-	-	d2	d2	d2	-	-	-	-	d2	L	L	L	N	-	-	d2	d2	N	-	-	-	E	E	N	-	-	-
Objective 0: 13973
Objective 1: 234
Constr violation: 0
Restrictions violated:
0 0 0 0 0 0 0 0 

