Individual 0
1	2	3	4	5	6	7	8	9	10	11	12	13	14	15	16	17	18	19	20	21	22	23	24	25	26	27	28
d1	d1	-	-	L	L	L	-	-	L	L	L	-	-	d1	L	L	-	-	L	L	L	L	L	-	-	-	-
E	E	E	-	-	E	L	L	L	-	-	E	d2	L	-	-	d2	L	L	-	-	-	E	E	E	E	-	-
E	d1	d1	L	L	-	-	d1	d1	-	-	d1	L	L	L	-	-	E	E	d1	d1	L	-	-	-	-	-	-
d2	d1	d1	d1	N	-	-	-	d2	d2	-	-	-	-	-	d2	N	N	-	-	d2	d1	d2	d2	-	-	d1	L
E	E	E	N	-	-	-	-	L	L	-	-	-	-	E	L	N	-	-	E	N	N	-	-	E	E	L	L
L	N	-	-	-	-	-	-	d1	d1	N	N	-	-	d1	d1	d1	d1	L	-	-	d1	d1	-	-	L	N	N
-	-	E	d2	L	N	N	-	-	L	N	-	-	-	-	d2	d2	d2	L	-	-	d2	d2	d2	L	-	-	-
d2	d1	d2	-	-	d2	d2	d1	d2	d2	-	-	-	d1	d1	d1	d2	-	-	-	-	-	d1	d2	d2	d1	-	-
-	-	E	E	E	d1	d1	-	-	E	N	N	N	-	-	E	E	d1	N	-	-	-	-	-	d1	d1	-	-
L	L	L	N	N	-	-	N	N	-	-	d1	d1	d1	N	-	-	-	d1	d1	d1	d1	-	-	-	-	-	-
N	N	N	-	-	d1	d1	d1	N	-	-	d1	d1	-	-	d1	d1	N	-	-	-	-	d1	d1	d1	-	-	-
L	L	N	-	-	-	-	-	-	E	d2	N	-	-	d1	d2	d1	-	-	-	d2	N	-	-	E	d1	d1	d2
E	E	L	-	-	E	E	E	E	d1	-	-	-	-	E	E	L	-	-	-	E	E	d1	L	L	-	-	-
-	-	L	L	L	-	-	L	L	L	L	L	-	-	L	L	L	L	-	-	L	L	-	-	L	L	L	L
d2	L	L	L	L	-	-	-	-	E	E	E	d2	d2	-	-	-	E	d2	d2	-	-	d2	d2	d2	-	-	-
-	-	-	-	-	d2	d1	d2	L	N	-	-	d2	N	N	-	-	d1	d2	-	-	d1	L	L	L	N	-	-
E	E	E	E	d1	-	-	d2	d1	-	-	d1	d1	d2	d2	d2	-	-	-	-	-	-	L	L	-	-	L	L
d1	d2	d1	d1	-	-	-	E	E	-	-	-	-	-	d2	d1	N	N	-	-	-	E	d2	d2	N	-	-	d1
E	d2	d1	-	-	-	-	d2	d1	d1	-	-	-	d1	d2	L	L	N	-	-	E	E	E	d1	L	-	-	-
L	L	L	-	-	L	L	L	-	-	d2	d2	L	L	L	-	-	L	L	-	-	d2	L	L	L	L	-	-
-	-	-	d2	d2	-	-	L	L	L	L	L	-	-	-	E	E	L	L	-	-	d2	d2	-	-	E	d2	d2
-	-	d2	L	L	-	-	d2	d1	L	L	-	-	-	E	d2	d1	d1	L	-	-	-	d2	d2	d1	L	-	-
d2	d2	N	-	-	E	E	E	d1	d2	-	-	d2	d1	d2	-	-	E	d2	-	-	E	E	d2	-	-	-	-
E	E	E	d1	d1	-	-	E	d1	-	-	E	E	E	E	E	-	-	E	E	E	-	-	-	E	d1	-	-
d1	d1	d2	d1	L	-	-	d2	d2	d1	-	-	d2	d1	L	-	-	-	E	E	d2	-	-	-	d1	L	-	-
-	-	-	d2	d1	-	-	E	E	N	-	-	-	-	E	N	-	-	d1	d2	d1	-	-	E	E	d1	N	N
d1	L	L	L	-	-	-	-	d1	d1	d1	d1	-	-	L	L	-	-	d1	d1	-	-	d1	L	-	-	d1	d1
d2	d2	-	-	d1	d2	-	-	-	d2	d2	d2	-	-	-	E	d2	d1	d2	-	-	d2	d1	N	N	-	-	d1
d1	L	L	-	-	-	E	E	E	E	d1	-	-	-	E	E	E	E	L	-	-	d1	L	N	-	-	-	-
-	-	d2	d2	d2	-	-	E	E	E	E	L	-	-	d2	d2	L	-	-	d2	L	L	-	-	E	E	E	L
d1	d2	L	-	-	L	L	-	-	d1	d2	d2	-	-	-	-	-	d2	d2	-	-	d2	d1	d2	-	-	d2	d1
E	E	E	E	L	-	-	-	E	L	-	-	-	-	E	E	-	-	-	E	d2	L	L	-	-	E	d2	d2
E	E	E	E	E	-	-	-	-	E	E	E	-	-	-	-	E	E	E	E	-	-	-	E	E	E	E	E
d2	d2	-	-	d2	d2	d2	L	-	-	L	L	-	-	L	L	L	L	-	-	-	E	L	-	-	E	d2	L
-	-	-	L	N	N	-	-	-	E	L	N	-	-	E	E	E	L	L	-	-	E	d1	d1	L	-	-	-
E	N	-	-	E	E	E	N	-	-	d2	d2	L	-	-	-	N	N	-	-	-	-	E	E	d2	N	-	-
E	E	-	-	-	d1	d1	d1	d2	d1	-	-	-	E	d1	d1	d2	d2	-	-	-	-	-	d1	d1	d2	-	-
d1	d2	-	-	d2	d1	d1	d1	-	-	d1	d1	-	-	d1	L	L	-	-	d1	d1	d2	-	-	d1	N	-	-
-	-	E	E	E	N	N	-	-	-	-	E	N	-	-	E	E	E	N	-	-	-	E	E	E	N	-	-
-	-	d1	d1	d2	d2	d1	-	-	d1	d2	d2	L	-	-	-	-	d2	d1	-	-	-	E	E	E	L	-	-
Objective 0: 12871
Objective 1: 252
Constr violation: 0
Restrictions violated:
0 0 0 0 0 0 0 0 

Individual 1
1	2	3	4	5	6	7	8	9	10	11	12	13	14	15	16	17	18	19	20	21	22	23	24	25	26	27	28
d1	d1	-	-	L	L	L	-	-	L	L	L	-	-	d1	d1	d1	d1	L	-	-	d1	d1	-	-	L	L	L
-	-	-	E	E	E	d2	-	-	E	E	L	L	L	-	-	d2	d2	-	-	-	E	E	d2	L	L	-	-
E	d1	d1	L	L	-	-	d1	d1	-	-	d1	L	L	L	-	-	E	E	d1	d1	L	-	-	-	-	-	-
-	-	d1	N	N	N	-	-	-	L	N	-	-	-	d1	d2	d2	d1	L	-	-	-	-	d1	d2	d2	d2	L
E	E	E	N	-	-	-	-	L	L	-	-	-	-	E	L	N	-	-	E	N	N	-	-	E	E	L	L
L	N	-	-	-	-	-	-	d1	d1	N	N	-	-	d1	d1	d1	d1	L	-	-	d1	d1	-	-	L	N	N
-	-	E	d2	L	N	N	-	-	L	N	-	-	-	-	d2	d2	d2	L	-	-	d2	d2	d2	L	-	-	-
d2	d1	d2	-	-	d2	d2	d1	d2	d2	-	-	-	d1	d1	d1	d2	-	-	-	-	-	d1	d2	d2	d1	-	-
-	-	E	E	E	d1	d1	-	-	E	N	N	N	-	-	E	E	d1	N	-	-	-	-	-	d1	d1	-	-
L	L	L	N	N	-	-	N	N	-	-	d1	d1	d1	N	-	-	-	d1	d1	d1	d1	-	-	-	-	-	-
N	N	N	-	-	-	-	d1	d1	d1	d1	-	-	d1	d1	d1	N	-	-	d1	N	-	-	d1	d1	-	-	-
L	L	N	-	-	d1	d2	-	-	-	d1	N	-	-	-	-	E	E	N	-	-	d2	d2	d2	-	-	d1	d2
E	E	L	-	-	E	E	E	E	d1	-	-	-	-	E	E	L	-	-	-	E	E	d1	L	L	-	-	-
-	-	L	L	L	-	-	L	L	L	L	L	-	-	L	L	L	L	-	-	L	L	-	-	L	L	L	L
d2	L	L	L	L	-	-	-	-	E	E	E	d2	d2	-	-	E	d2	-	-	-	d2	d2	-	-	E	E	d2
-	-	-	-	-	d2	d1	d2	L	N	-	-	d2	N	N	-	-	d1	d2	-	-	d1	L	L	L	N	-	-
E	E	E	E	d1	-	-	E	d1	d2	-	-	E	d2	L	L	-	-	E	d1	-	-	E	E	-	-	-	-
d1	d2	d1	d1	-	-	-	E	E	-	-	d2	d2	d1	-	-	E	E	d2	d2	d1	-	-	E	d2	-	-	-
E	d2	d1	-	-	-	-	d2	d1	d1	-	-	-	d1	d2	L	L	N	-	-	E	E	E	d1	L	-	-	-
L	L	L	-	-	L	L	L	-	-	d2	d2	L	L	L	-	-	L	L	-	-	d2	L	L	L	L	-	-
-	-	-	d2	d2	-	-	L	L	L	L	L	-	-	-	E	E	L	L	-	-	d2	d2	-	-	E	d2	d2
-	-	d2	L	L	-	-	d2	d1	L	L	-	-	-	E	d2	d1	d1	L	-	-	-	d2	d2	d1	L	-	-
-	-	d1	d1	N	N	N	-	-	d2	d1	-	-	-	d2	d2	d1	d2	d2	-	-	E	d2	d1	-	-	-	-
E	E	E	d1	d1	-	-	E	E	E	-	-	d1	d1	-	-	-	-	E	E	E	d1	-	-	d1	d1	-	-
d1	d1	d2	d1	L	-	-	d2	d2	d1	-	-	d2	d1	L	-	-	-	E	E	d2	-	-	-	d1	L	-	-
-	-	-	d2	d1	-	-	E	E	N	-	-	-	-	E	N	-	-	d1	d2	d1	-	-	E	E	d1	N	N
d1	L	L	L	-	-	-	-	d1	d1	d1	d1	-	-	L	L	-	-	d1	d1	-	-	d1	L	-	-	d1	d1
E	d1	d1	N	-	-	-	E	E	-	-	E	d1	-	-	d1	d2	d2	d1	-	-	-	N	N	N	-	-	-
d1	L	L	-	-	-	E	E	E	E	d1	-	-	-	E	E	E	E	L	-	-	d1	L	N	-	-	-	-
-	-	d2	d2	d2	-	-	E	E	E	E	L	-	-	d2	d2	L	-	-	d2	L	L	-	-	E	E	E	L
d2	d2	d2	d1	d2	-	-	d2	d2	L	-	-	d2	d2	-	-	L	L	-	-	d1	L	L	-	-	-	-	-
E	E	E	E	L	-	-	-	E	L	-	-	-	-	E	E	-	-	-	E	d2	L	L	-	-	E	d2	d2
E	E	E	E	E	-	-	-	-	E	E	E	-	-	-	-	E	E	E	E	-	-	-	E	E	E	E	E
d2	d2	-	-	d2	d2	d2	L	-	-	L	L	-	-	E	L	-	-	E	E	d2	-	-	d2	d2	-	-	-
-	-	-	L	N	N	-	-	-	E	L	N	-	-	E	E	E	L	L	-	-	E	d1	d1	L	-	-	-
E	N	-	-	E	E	E	N	-	-	d2	d2	L	-	-	-	N	N	-	-	-	-	E	E	d2	N	-	-
E	E	-	-	-	d1	d1	d1	d2	d1	-	-	-	E	d1	d1	d2	d2	-	-	-	-	-	d1	d1	d2	-	-
d1	d2	-	-	d2	d1	d1	d1	-	-	d1	d1	-	-	d1	L	L	-	-	d1	d1	d2	-	-	d1	N	-	-
-	-	E	E	E	N	N	-	-	-	-	E	N	-	-	E	E	E	N	-	-	-	E	E	E	N	-	-
-	-	d1	d1	d2	d2	d1	-	-	d1	d2	d2	L	-	-	-	-	d2	d1	-	-	-	E	E	E	L	-	-
Objective 0: 14081
Objective 1: 215
Constr violation: 0
Restrictions violated:
0 0 0 0 0 0 0 0 

Individual 2
1	2	3	4	5	6	7	8	9	10	11	12	13	14	15	16	17	18	19	20	21	22	23	24	25	26	27	28
d1	d1	-	-	L	L	L	-	-	L	L	L	-	-	d1	L	L	-	-	L	L	L	L	L	-	-	-	-
E	E	E	-	-	E	L	L	L	-	-	E	d2	L	-	-	d2	L	L	-	-	-	E	E	E	E	-	-
E	d1	d1	L	L	-	-	d1	d1	-	-	d1	L	L	L	-	-	E	E	d1	d1	L	-	-	-	-	-	-
d2	d1	d1	d1	N	-	-	-	d2	d2	-	-	-	-	-	d2	N	N	-	-	d2	d1	d2	d2	-	-	d1	L
E	E	E	N	-	-	-	-	L	L	-	-	-	-	E	L	N	-	-	E	N	N	-	-	E	E	L	L
L	N	-	-	-	-	-	-	d1	d1	N	N	-	-	d1	d1	d1	d1	L	-	-	d1	d1	-	-	L	N	N
-	-	E	d2	L	N	N	-	-	L	N	-	-	-	-	d2	d2	d2	L	-	-	d2	d2	d2	L	-	-	-
d2	d1	d2	-	-	d2	d2	d1	d2	d2	-	-	-	d1	d1	d1	d2	-	-	-	-	-	d1	d2	d2	d1	-	-
-	-	E	E	E	d1	d1	-	-	E	N	N	N	-	-	E	E	d1	N	-	-	-	-	-	d1	d1	-	-
L	L	L	N	N	-	-	N	N	-	-	d1	d1	d1	N	-	-	-	d1	d1	d1	d1	-	-	-	-	-	-
N	N	N	-	-	d1	d1	d1	N	-	-	d1	d1	-	-	d1	d1	N	-	-	-	-	d1	d1	d1	-	-	-
L	L	N	-	-	d1	d2	-	-	-	d1	N	-	-	-	-	E	E	N	-	-	d2	d2	d2	-	-	d1	d2
E	E	L	-	-	E	E	E	E	d1	-	-	-	-	E	E	L	-	-	-	E	E	d1	L	L	-	-	-
-	-	L	L	L	-	-	L	L	L	L	L	-	-	L	L	L	L	-	-	L	L	-	-	L	L	L	L
d2	L	L	L	L	-	-	-	-	E	E	E	d2	d2	-	-	E	d2	-	-	-	d2	d2	-	-	E	E	d2
-	-	-	-	-	d2	d1	d2	L	N	-	-	d2	N	N	-	-	d1	d2	-	-	d1	L	L	L	N	-	-
E	E	E	E	d1	-	-	d2	d1	-	-	d1	d1	d2	d2	d2	-	-	-	-	-	-	L	L	-	-	L	L
d1	d2	d1	d1	-	-	-	E	E	-	-	d2	d2	d1	-	-	E	E	d2	d2	d1	-	-	E	d2	-	-	-
E	d2	d1	-	-	-	-	d2	d1	d1	-	-	-	d1	d2	L	L	N	-	-	E	E	E	d1	L	-	-	-
L	L	L	-	-	L	L	L	-	-	d2	d2	L	L	L	-	-	L	L	-	-	d2	L	L	L	L	-	-
-	-	-	d2	d2	-	-	L	L	L	L	L	-	-	-	E	E	L	L	-	-	d2	d2	-	-	E	d2	d2
-	-	d2	L	L	-	-	d2	d1	L	L	-	-	-	E	d2	d1	d1	L	-	-	-	d2	d2	d1	L	-	-
-	-	d1	d1	N	N	N	-	-	d2	d1	-	-	-	d2	d2	d1	d2	d2	-	-	E	d2	d1	-	-	-	-
E	E	E	d1	d1	-	-	E	d1	-	-	E	E	E	E	E	-	-	E	E	E	-	-	-	E	d1	-	-
d1	d1	d2	d1	L	-	-	d2	d2	d1	-	-	d2	d1	L	-	-	-	E	E	d2	-	-	-	d1	L	-	-
-	-	-	d2	d1	-	-	E	E	N	-	-	-	-	E	N	-	-	d1	d2	d1	-	-	E	E	d1	N	N
d1	L	L	L	-	-	-	-	d1	d1	d1	d1	-	-	L	L	-	-	d1	d1	-	-	d1	L	-	-	d1	d1
E	d1	d1	N	-	-	-	E	E	-	-	E	d1	-	-	d1	d2	d2	d1	-	-	-	N	N	N	-	-	-
d1	L	L	-	-	-	E	E	E	E	d1	-	-	-	E	E	E	E	L	-	-	d1	L	N	-	-	-	-
-	-	d2	d2	d2	-	-	E	E	E	E	L	-	-	d2	d2	L	-	-	d2	L	L	-	-	E	E	E	L
d1	d2	L	-	-	L	L	-	-	d1	d2	d2	-	-	-	-	-	d2	d2	-	-	d2	d1	d2	-	-	d2	d1
E	E	E	E	L	-	-	-	E	L	-	-	-	-	E	E	-	-	-	E	d2	L	L	-	-	E	d2	d2
E	E	E	E	E	-	-	-	-	E	E	E	-	-	-	-	E	E	E	E	-	-	-	E	E	E	E	E
d2	d2	-	-	d2	d2	d2	L	-	-	L	L	-	-	E	L	-	-	E	E	d2	-	-	d2	d2	-	-	-
-	-	-	L	N	N	-	-	-	E	L	N	-	-	E	E	E	L	L	-	-	E	d1	d1	L	-	-	-
E	N	-	-	E	E	E	N	-	-	d2	d2	L	-	-	-	N	N	-	-	-	-	E	E	d2	N	-	-
E	E	-	-	-	d1	d1	d1	d2	d1	-	-	-	E	d1	d1	d2	d2	-	-	-	-	-	d1	d1	d2	-	-
d1	d2	-	-	d2	d1	d1	d1	-	-	d1	d1	-	-	d1	L	L	-	-	d1	d1	d2	-	-	d1	N	-	-
-	-	E	E	E	N	N	-	-	-	-	E	N	-	-	E	E	E	N	-	-	-	E	E	E	N	-	-
-	-	d1	d1	d2	d2	d1	-	-	d1	d2	d2	L	-	-	-	-	d2	d1	-	-	-	E	E	E	L	-	-
Objective 0: 13071
Objective 1: 233
Constr violation: 0
Restrictions violated:
0 0 0 0 0 0 0 0 

Individual 3
1	2	3	4	5	6	7	8	9	10	11	12	13	14	15	16	17	18	19	20	21	22	23	24	25	26	27	28
d1	d1	-	-	L	L	L	-	-	L	L	L	-	-	d1	d1	d1	d1	L	-	-	d1	d1	-	-	L	L	L
-	-	-	E	E	E	d2	-	-	E	E	L	L	L	-	-	d2	d2	-	-	-	E	E	d2	L	L	-	-
E	d1	d1	L	L	-	-	d1	d1	-	-	d1	L	L	L	-	-	E	E	d1	d1	L	-	-	-	-	-	-
d2	d1	d1	d1	N	-	-	-	d2	d2	-	-	-	-	-	d2	N	N	-	-	d2	d1	d2	d2	-	-	d1	L
E	E	E	N	-	-	-	-	L	L	-	-	-	-	E	L	N	-	-	E	N	N	-	-	E	E	L	L
L	N	-	-	-	-	-	-	d1	d1	N	N	-	-	d1	d1	d1	d1	L	-	-	d1	d1	-	-	L	N	N
-	-	E	d2	L	N	N	-	-	L	N	-	-	-	-	d2	d2	d2	L	-	-	d2	d2	d2	L	-	-	-
d2	d1	d2	-	-	d2	d2	d1	d2	d2	-	-	-	d1	d1	d1	d2	-	-	-	-	-	d1	d2	d2	d1	-	-
-	-	E	E	E	d1	d1	-	-	E	N	N	N	-	-	E	E	d1	N	-	-	-	-	-	d1	d1	-	-
L	L	L	N	N	-	-	N	N	-	-	d1	d1	d1	N	-	-	-	d1	d1	d1	d1	-	-	-	-	-	-
N	N	N	-	-	d1	d1	d1	N	-	-	d1	d1	-	-	d1	d1	N	-	-	-	-	d1	d1	d1	-	-	-
L	L	N	-	-	d1	d2	-	-	-	d1	N	-	-	-	-	E	E	N	-	-	d2	d2	d2	-	-	d1	d2
E	E	L	-	-	E	E	E	E	d1	-	-	-	-	E	E	L	-	-	-	E	E	d1	L	L	-	-	-
-	-	L	L	L	-	-	L	L	L	L	L	-	-	L	L	L	L	-	-	L	L	-	-	L	L	L	L
d2	L	L	L	L	-	-	-	-	E	E	E	d2	d2	-	-	E	d2	-	-	-	d2	d2	-	-	E	E	d2
-	-	-	-	-	d2	d1	d2	L	N	-	-	d2	N	N	-	-	d1	d2	-	-	d1	L	L	L	N	-	-
E	E	E	E	d1	-	-	E	d1	d2	-	-	E	d2	L	L	-	-	E	d1	-	-	E	E	-	-	-	-
d1	d2	d1	d1	-	-	-	E	E	-	-	d2	d2	d1	-	-	E	E	d2	d2	d1	-	-	E	d2	-	-	-
E	d2	d1	-	-	-	-	d2	d1	d1	-	-	-	d1	d2	L	L	N	-	-	E	E	E	d1	L	-	-	-
L	L	L	-	-	L	L	L	-	-	d2	d2	L	L	L	-	-	L	L	-	-	d2	L	L	L	L	-	-
-	-	-	d2	d2	-	-	L	L	L	L	L	-	-	-	E	E	L	L	-	-	d2	d2	-	-	E	d2	d2
-	-	d2	L	L	-	-	d2	d1	L	L	-	-	-	E	d2	d1	d1	L	-	-	-	d2	d2	d1	L	-	-
-	-	d1	d1	N	N	N	-	-	d2	d1	-	-	-	d2	d2	d1	d2	d2	-	-	E	d2	d1	-	-	-	-
E	E	E	d1	d1	-	-	E	d1	-	-	E	E	E	E	E	-	-	E	E	E	-	-	-	E	d1	-	-
d1	d1	d2	d1	L	-	-	d2	d2	d1	-	-	d2	d1	L	-	-	-	E	E	d2	-	-	-	d1	L	-	-
-	-	-	d2	d1	-	-	E	E	N	-	-	-	-	E	N	-	-	d1	d2	d1	-	-	E	E	d1	N	N
d1	L	L	L	-	-	-	-	d1	d1	d1	d1	-	-	L	L	-	-	d1	d1	-	-	d1	L	-	-	d1	d1
E	d1	d1	N	-	-	-	E	E	-	-	E	d1	-	-	d1	d2	d2	d1	-	-	-	N	N	N	-	-	-
d1	L	L	-	-	-	E	E	E	E	d1	-	-	-	E	E	E	E	L	-	-	d1	L	N	-	-	-	-
-	-	d2	d2	d2	-	-	E	E	E	E	L	-	-	d2	d2	L	-	-	d2	L	L	-	-	E	E	E	L
d2	d2	d2	d1	d2	-	-	d2	d2	L	-	-	d2	d2	-	-	L	L	-	-	d1	L	L	-	-	-	-	-
E	E	E	E	L	-	-	-	E	L	-	-	-	-	E	E	-	-	-	E	d2	L	L	-	-	E	d2	d2
E	E	E	E	E	-	-	-	-	E	E	E	-	-	-	-	E	E	E	E	-	-	-	E	E	E	E	E
d2	d2	-	-	d2	d2	d2	L	-	-	L	L	-	-	E	L	-	-	E	E	d2	-	-	d2	d2	-	-	-
-	-	-	L	N	N	-	-	-	E	L	N	-	-	E	E	E	L	L	-	-	E	d1	d1	L	-	-	-
E	N	-	-	E	E	E	N	-	-	d2	d2	L	-	-	-	N	N	-	-	-	-	E	E	d2	N	-	-
E	E	-	-	-	d1	d1	d1	d2	d1	-	-	-	E	d1	d1	d2	d2	-	-	-	-	-	d1	d1	d2	-	-
d1	d2	-	-	d2	d1	d1	d1	-	-	d1	d1	-	-	d1	L	L	-	-	d1	d1	d2	-	-	d1	N	-	-
-	-	E	E	E	N	N	-	-	-	-	E	N	-	-	E	E	E	N	-	-	-	E	E	E	N	-	-
-	-	d1	d1	d2	d2	d1	-	-	d1	d2	d2	L	-	-	-	-	d2	d1	-	-	-	E	E	E	L	-	-
Objective 0: 13274
Objective 1: 225
Constr violation: 0
Restrictions violated:
0 0 0 0 0 0 0 0 

Individual 4
1	2	3	4	5	6	7	8	9	10	11	12	13	14	15	16	17	18	19	20	21	22	23	24	25	26	27	28
d1	d1	-	-	L	L	L	-	-	L	L	L	-	-	d1	d1	d1	d1	L	-	-	d1	d1	-	-	L	L	L
-	-	-	E	E	E	d2	-	-	E	E	L	L	L	-	-	d2	d2	-	-	-	E	E	d2	L	L	-	-
E	d1	d1	L	L	-	-	d1	d1	-	-	d1	L	L	L	-	-	E	E	d1	d1	L	-	-	-	-	-	-
-	-	d1	N	N	N	-	-	-	L	N	-	-	-	d1	d2	d2	d1	L	-	-	-	-	d1	d2	d2	d2	L
E	E	E	N	-	-	-	-	L	L	-	-	-	-	E	L	N	-	-	E	N	N	-	-	E	E	L	L
L	N	-	-	-	-	-	-	d1	d1	N	N	-	-	d1	d1	d1	d1	L	-	-	d1	d1	-	-	L	N	N
-	-	E	d2	L	N	N	-	-	L	N	-	-	-	-	d2	d2	d2	L	-	-	d2	d2	d2	L	-	-	-
d2	d1	d2	-	-	d2	d2	d1	d2	d2	-	-	-	d1	d1	d1	d2	-	-	-	-	-	d1	d2	d2	d1	-	-
-	-	E	E	E	d1	d1	-	-	E	N	N	N	-	-	E	E	d1	N	-	-	-	-	-	d1	d1	-	-
L	L	L	N	N	-	-	N	N	-	-	d1	d1	d1	N	-	-	-	d1	d1	d1	d1	-	-	-	-	-	-
N	N	N	-	-	-	-	d1	d1	d1	d1	-	-	d1	d1	d1	N	-	-	d1	N	-	-	d1	d1	-	-	-
L	L	N	-	-	d1	d2	-	-	-	d1	N	-	-	-	-	E	E	N	-	-	d2	d2	d2	-	-	d1	d2
E	E	L	-	-	E	E	E	E	d1	-	-	-	-	E	E	L	-	-	-	E	E	d1	L	L	-	-	-
-	-	L	L	L	-	-	L	L	L	L	L	-	-	L	L	L	L	-	-	L	L	-	-	L	L	L	L
d2	L	L	L	L	-	-	-	-	E	E	E	d2	d2	-	-	E	d2	-	-	-	d2	d2	-	-	E	E	d2
-	-	-	-	-	d2	d1	d2	L	N	-	-	d2	N	N	-	-	d1	d2	-	-	d1	L	L	L	N	-	-
E	E	E	E	d1	-	-	E	d1	d2	-	-	E	d2	L	L	-	-	E	d1	-	-	E	E	-	-	-	-
d1	d2	d1	d1	-	-	-	E	E	-	-	d2	d2	d1	-	-	E	E	d2	d2	d1	-	-	E	d2	-	-	-
E	d2	d1	-	-	-	-	d2	d1	d1	-	-	-	d1	d2	L	L	N	-	-	E	E	E	d1	L	-	-	-
L	L	L	-	-	L	L	L	-	-	d2	d2	L	L	L	-	-	L	L	-	-	d2	L	L	L	L	-	-
-	-	-	d2	d2	-	-	L	L	L	L	L	-	-	-	E	E	L	L	-	-	d2	d2	-	-	E	d2	d2
-	-	d2	L	L	-	-	d2	d1	L	L	-	-	-	E	d2	d1	d1	L	-	-	-	d2	d2	d1	L	-	-
-	-	d1	d1	N	N	N	-	-	d2	d1	-	-	-	d2	d2	d1	d2	d2	-	-	E	d2	d1	-	-	-	-
E	E	E	d1	d1	-	-	E	E	E	-	-	d1	d1	-	-	-	-	E	E	E	d1	-	-	d1	d1	-	-
d1	d1	d2	d1	L	-	-	d2	d2	d1	-	-	d2	d1	L	-	-	-	E	E	d2	-	-	-	d1	L	-	-
-	-	-	d2	d1	-	-	E	E	N	-	-	-	-	E	N	-	-	d1	d2	d1	-	-	E	E	d1	N	N
d1	L	L	L	-	-	-	-	d1	d1	d1	d1	-	-	L	L	-	-	d1	d1	-	-	d1	L	-	-	d1	d1
d2	d2	-	-	d1	d2	-	-	-	d2	d2	d2	-	-	-	E	d2	d1	d2	-	-	d2	d1	N	N	-	-	d1
d1	L	L	-	-	-	E	E	E	E	d1	-	-	-	E	E	E	E	L	-	-	d1	L	N	-	-	-	-
-	-	d2	d2	d2	-	-	E	E	E	E	L	-	-	d2	d2	L	-	-	d2	L	L	-	-	E	E	E	L
d2	d2	d2	d1	d2	-	-	d2	d2	L	-	-	d2	d2	-	-	L	L	-	-	d1	L	L	-	-	-	-	-
E	E	E	E	L	-	-	-	E	L	-	-	-	-	E	E	-	-	-	E	d2	L	L	-	-	E	d2	d2
E	E	E	E	E	-	-	-	-	E	E	E	-	-	-	-	E	E	E	E	-	-	-	E	E	E	E	E
d2	d2	-	-	d2	d2	d2	L	-	-	L	L	-	-	E	L	-	-	E	E	d2	-	-	d2	d2	-	-	-
-	-	-	L	N	N	-	-	-	E	L	N	-	-	E	E	E	L	L	-	-	E	d1	d1	L	-	-	-
E	N	-	-	E	E	E	N	-	-	d2	d2	L	-	-	-	N	N	-	-	-	-	E	E	d2	N	-	-
E	E	-	-	-	d1	d1	d1	d2	d1	-	-	-	E	d1	d1	d2	d2	-	-	-	-	-	d1	d1	d2	-	-
d1	d2	-	-	d2	d1	d1	d1	-	-	d1	d1	-	-	d1	L	L	-	-	d1	d1	d2	-	-	d1	N	-	-
-	-	E	E	E	N	N	-	-	-	-	E	N	-	-	E	E	E	N	-	-	-	E	E	E	N	-	-
-	-	d1	d1	d2	d2	d1	-	-	d1	d2	d2	L	-	-	-	-	d2	d1	-	-	-	E	E	E	L	-	-
Objective 0: 13981
Objective 1: 216
Constr violation: 0
Restrictions violated:
0 0 0 0 0 0 0 0 

Individual 5
1	2	3	4	5	6	7	8	9	10	11	12	13	14	15	16	17	18	19	20	21	22	23	24	25	26	27	28
d1	d1	-	-	L	L	L	-	-	L	L	L	-	-	d1	d1	d1	d1	L	-	-	d1	d1	-	-	L	L	L
-	-	-	E	E	E	d2	-	-	E	E	L	L	L	-	-	d2	d2	-	-	-	E	E	d2	L	L	-	-
E	d1	d1	L	L	-	-	d1	d1	-	-	d1	L	L	L	-	-	E	E	d1	d1	L	-	-	-	-	-	-
d2	d1	d1	d1	N	-	-	-	d2	d2	-	-	-	-	-	d2	N	N	-	-	d2	d1	d2	d2	-	-	d1	L
E	E	E	N	-	-	-	-	L	L	-	-	-	-	E	L	N	-	-	E	N	N	-	-	E	E	L	L
L	N	-	-	-	-	-	-	d1	d1	N	N	-	-	d1	d1	d1	d1	L	-	-	d1	d1	-	-	L	N	N
-	-	E	d2	L	N	N	-	-	L	N	-	-	-	-	d2	d2	d2	L	-	-	d2	d2	d2	L	-	-	-
d2	d1	d2	-	-	d2	d2	d1	d2	d2	-	-	-	d1	d1	d1	d2	-	-	-	-	-	d1	d2	d2	d1	-	-
-	-	E	E	E	d1	d1	-	-	E	N	N	N	-	-	E	E	d1	N	-	-	-	-	-	d1	d1	-	-
L	L	L	N	N	-	-	N	N	-	-	d1	d1	d1	N	-	-	-	d1	d1	d1	d1	-	-	-	-	-	-
N	N	N	-	-	-	-	d1	d1	d1	d1	-	-	d1	d1	d1	N	-	-	d1	N	-	-	d1	d1	-	-	-
L	L	N	-	-	d1	d2	-	-	-	d1	N	-	-	-	-	E	E	N	-	-	d2	d2	d2	-	-	d1	d2
E	E	L	-	-	E	E	E	E	d1	-	-	-	-	E	E	L	-	-	-	E	E	d1	L	L	-	-	-
-	-	L	L	L	-	-	L	L	L	L	L	-	-	L	L	L	L	-	-	L	L	-	-	L	L	L	L
d2	L	L	L	L	-	-	-	-	E	E	E	d2	d2	-	-	E	d2	-	-	-	d2	d2	-	-	E	E	d2
-	-	-	-	-	d2	d1	d2	L	N	-	-	d2	N	N	-	-	d1	d2	-	-	d1	L	L	L	N	-	-
E	E	E	E	d1	-	-	E	d1	d2	-	-	E	d2	L	L	-	-	E	d1	-	-	E	E	-	-	-	-
d1	d2	d1	d1	-	-	-	E	E	-	-	d2	d2	d1	-	-	E	E	d2	d2	d1	-	-	E	d2	-	-	-
E	d2	d1	-	-	-	-	d2	d1	d1	-	-	-	d1	d2	L	L	N	-	-	E	E	E	d1	L	-	-	-
L	L	L	-	-	L	L	L	-	-	d2	d2	L	L	L	-	-	L	L	-	-	d2	L	L	L	L	-	-
-	-	-	d2	d2	-	-	L	L	L	L	L	-	-	-	E	E	L	L	-	-	d2	d2	-	-	E	d2	d2
-	-	d2	L	L	-	-	d2	d1	L	L	-	-	-	E	d2	d1	d1	L	-	-	-	d2	d2	d1	L	-	-
-	-	d1	d1	N	N	N	-	-	d2	d1	-	-	-	d2	d2	d1	d2	d2	-	-	E	d2	d1	-	-	-	-
E	E	E	d1	d1	-	-	E	d1	-	-	E	E	E	E	E	-	-	E	E	E	-	-	-	E	d1	-	-
d1	d1	d2	d1	L	-	-	d2	d2	d1	-	-	d2	d1	L	-	-	-	E	E	d2	-	-	-	d1	L	-	-
-	-	-	d2	d1	-	-	E	E	N	-	-	-	-	E	N	-	-	d1	d2	d1	-	-	E	E	d1	N	N
d1	L	L	L	-	-	-	-	d1	d1	d1	d1	-	-	L	L	-	-	d1	d1	-	-	d1	L	-	-	d1	d1
d2	d2	-	-	d1	d2	-	-	-	d2	d2	d2	-	-	-	E	d2	d1	d2	-	-	d2	d1	N	N	-	-	d1
d1	L	L	-	-	-	E	E	E	E	d1	-	-	-	E	E	E	E	L	-	-	d1	L	N	-	-	-	-
-	-	d2	d2	d2	-	-	E	E	E	E	L	-	-	d2	d2	L	-	-	d2	L	L	-	-	E	E	E	L
d2	d2	d2	d1	d2	-	-	d2	d2	L	-	-	d2	d2	-	-	L	L	-	-	d1	L	L	-	-	-	-	-
E	E	E	E	L	-	-	-	E	L	-	-	-	-	E	E	-	-	-	E	d2	L	L	-	-	E	d2	d2
E	E	E	E	E	-	-	-	-	E	E	E	-	-	-	-	E	E	E	E	-	-	-	E	E	E	E	E
d2	d2	-	-	d2	d2	d2	L	-	-	L	L	-	-	E	L	-	-	E	E	d2	-	-	d2	d2	-	-	-
-	-	-	L	N	N	-	-	-	E	L	N	-	-	E	E	E	L	L	-	-	E	d1	d1	L	-	-	-
E	N	-	-	E	E	E	N	-	-	d2	d2	L	-	-	-	N	N	-	-	-	-	E	E	d2	N	-	-
E	E	-	-	-	d1	d1	d1	d2	d1	-	-	-	E	d1	d1	d2	d2	-	-	-	-	-	d1	d1	d2	-	-
d1	d2	-	-	d2	d1	d1	d1	-	-	d1	d1	-	-	d1	L	L	-	-	d1	d1	d2	-	-	d1	N	-	-
-	-	E	E	E	N	N	-	-	-	-	E	N	-	-	E	E	E	N	-	-	-	E	E	E	N	-	-
-	-	d1	d1	d2	d2	d1	-	-	d1	d2	d2	L	-	-	-	-	d2	d1	-	-	-	E	E	E	L	-	-
Objective 0: 13376
Objective 1: 223
Constr violation: 0
Restrictions violated:
0 0 0 0 0 0 0 0 

Individual 6
1	2	3	4	5	6	7	8	9	10	11	12	13	14	15	16	17	18	19	20	21	22	23	24	25	26	27	28
d1	d1	-	-	L	L	L	-	-	L	L	L	-	-	d1	d1	d1	d1	L	-	-	d1	d1	-	-	L	L	L
-	-	-	E	E	E	d2	-	-	E	E	L	L	L	-	-	d2	d2	-	-	-	E	E	d2	L	L	-	-
E	d1	d1	L	L	-	-	d1	d1	-	-	d1	L	L	L	-	-	E	E	d1	d1	L	-	-	-	-	-	-
-	-	d1	N	N	N	-	-	-	L	N	-	-	-	d1	d2	d2	d1	L	-	-	-	-	d1	d2	d2	d2	L
E	E	E	N	-	-	-	-	L	L	-	-	-	-	E	L	N	-	-	E	N	N	-	-	E	E	L	L
L	N	-	-	-	-	-	-	d1	d1	N	N	-	-	d1	d1	d1	d1	L	-	-	d1	d1	-	-	L	N	N
-	-	E	d2	L	N	N	-	-	L	N	-	-	-	-	d2	d2	d2	L	-	-	d2	d2	d2	L	-	-	-
d2	d1	d2	-	-	d2	d2	d1	d2	d2	-	-	-	d1	d1	d1	d2	-	-	-	-	-	d1	d2	d2	d1	-	-
-	-	E	E	E	d1	d1	-	-	E	N	N	N	-	-	E	E	d1	N	-	-	-	-	-	d1	d1	-	-
L	L	L	N	N	-	-	N	N	-	-	d1	d1	d1	N	-	-	-	d1	d1	d1	d1	-	-	-	-	-	-
N	N	N	-	-	d1	d1	d1	N	-	-	d1	d1	-	-	d1	d1	N	-	-	-	-	d1	d1	d1	-	-	-
L	L	N	-	-	d1	d2	-	-	-	d1	N	-	-	-	-	E	E	N	-	-	d2	d2	d2	-	-	d1	d2
E	E	L	-	-	E	E	E	E	d1	-	-	-	-	E	E	L	-	-	-	E	E	d1	L	L	-	-	-
-	-	L	L	L	-	-	L	L	L	L	L	-	-	L	L	L	L	-	-	L	L	-	-	L	L	L	L
d2	L	L	L	L	-	-	-	-	E	E	E	d2	d2	-	-	E	d2	-	-	-	d2	d2	-	-	E	E	d2
-	-	-	-	-	d2	d1	d2	L	N	-	-	d2	N	N	-	-	d1	d2	-	-	d1	L	L	L	N	-	-
E	E	E	E	d1	-	-	E	d1	d2	-	-	E	d2	L	L	-	-	E	d1	-	-	E	E	-	-	-	-
d1	d2	d1	d1	-	-	-	E	E	-	-	d2	d2	d1	-	-	E	E	d2	d2	d1	-	-	E	d2	-	-	-
E	d2	d1	-	-	-	-	d2	d1	d1	-	-	-	d1	d2	L	L	N	-	-	E	E	E	d1	L	-	-	-
L	L	L	-	-	L	L	L	-	-	d2	d2	L	L	L	-	-	L	L	-	-	d2	L	L	L	L	-	-
-	-	-	d2	d2	-	-	L	L	L	L	L	-	-	-	E	E	L	L	-	-	d2	d2	-	-	E	d2	d2
-	-	d2	L	L	-	-	d2	d1	L	L	-	-	-	E	d2	d1	d1	L	-	-	-	d2	d2	d1	L	-	-
-	-	d1	d1	N	N	N	-	-	d2	d1	-	-	-	d2	d2	d1	d2	d2	-	-	E	d2	d1	-	-	-	-
E	E	E	d1	d1	-	-	E	E	E	-	-	d1	d1	-	-	-	-	E	E	E	d1	-	-	d1	d1	-	-
d1	d1	d2	d1	L	-	-	d2	d2	d1	-	-	d2	d1	L	-	-	-	E	E	d2	-	-	-	d1	L	-	-
-	-	-	d2	d1	-	-	E	E	N	-	-	-	-	E	N	-	-	d1	d2	d1	-	-	E	E	d1	N	N
d1	L	L	L	-	-	-	-	d1	d1	d1	d1	-	-	L	L	-	-	d1	d1	-	-	d1	L	-	-	d1	d1
E	d1	d1	N	-	-	-	E	E	-	-	E	d1	-	-	d1	d2	d2	d1	-	-	-	N	N	N	-	-	-
d1	L	L	-	-	-	E	E	E	E	d1	-	-	-	E	E	E	E	L	-	-	d1	L	N	-	-	-	-
-	-	d2	d2	d2	-	-	E	E	E	E	L	-	-	d2	d2	L	-	-	d2	L	L	-	-	E	E	E	L
d2	d2	d2	d1	d2	-	-	d2	d2	L	-	-	d2	d2	-	-	L	L	-	-	d1	L	L	-	-	-	-	-
E	E	E	E	L	-	-	-	E	L	-	-	-	-	E	E	-	-	-	E	d2	L	L	-	-	E	d2	d2
E	E	E	E	E	-	-	-	-	E	E	E	-	-	-	-	E	E	E	E	-	-	-	E	E	E	E	E
d2	d2	-	-	d2	d2	d2	L	-	-	L	L	-	-	E	L	-	-	E	E	d2	-	-	d2	d2	-	-	-
-	-	-	L	N	N	-	-	-	E	L	N	-	-	E	E	E	L	L	-	-	E	d1	d1	L	-	-	-
E	N	-	-	E	E	E	N	-	-	d2	d2	L	-	-	-	N	N	-	-	-	-	E	E	d2	N	-	-
E	E	-	-	-	d1	d1	d1	d2	d1	-	-	-	E	d1	d1	d2	d2	-	-	-	-	-	d1	d1	d2	-	-
d1	d2	-	-	d2	d1	d1	d1	-	-	d1	d1	-	-	d1	L	L	-	-	d1	d1	d2	-	-	d1	N	-	-
-	-	E	E	E	N	N	-	-	-	-	E	N	-	-	E	E	E	N	-	-	-	E	E	E	N	-	-
-	-	d1	d1	d2	d2	d1	-	-	d1	d2	d2	L	-	-	-	-	d2	d1	-	-	-	E	E	E	L	-	-
Objective 0: 13778
Objective 1: 218
Constr violation: 0
Restrictions violated:
0 0 0 0 0 0 0 0 

Individual 7
1	2	3	4	5	6	7	8	9	10	11	12	13	14	15	16	17	18	19	20	21	22	23	24	25	26	27	28
d1	d1	-	-	L	L	L	-	-	L	L	L	-	-	d1	d1	d1	d1	L	-	-	d1	d1	-	-	L	L	L
-	-	-	E	E	E	d2	-	-	E	E	L	L	L	-	-	d2	d2	-	-	-	E	E	d2	L	L	-	-
E	d1	d1	L	L	-	-	d1	d1	-	-	d1	L	L	L	-	-	E	E	d1	d1	L	-	-	-	-	-	-
d2	d1	d1	d1	N	-	-	-	d2	d2	-	-	-	-	-	d2	N	N	-	-	d2	d1	d2	d2	-	-	d1	L
E	E	E	N	-	-	-	-	L	L	-	-	-	-	E	L	N	-	-	E	N	N	-	-	E	E	L	L
L	N	-	-	-	-	-	-	d1	d1	N	N	-	-	d1	d1	d1	d1	L	-	-	d1	d1	-	-	L	N	N
-	-	E	d2	L	N	N	-	-	L	N	-	-	-	-	d2	d2	d2	L	-	-	d2	d2	d2	L	-	-	-
d2	d1	d2	-	-	d2	d2	d1	d2	d2	-	-	-	d1	d1	d1	d2	-	-	-	-	-	d1	d2	d2	d1	-	-
-	-	E	E	E	d1	d1	-	-	E	N	N	N	-	-	E	E	d1	N	-	-	-	-	-	d1	d1	-	-
L	L	L	N	N	-	-	N	N	-	-	d1	d1	d1	N	-	-	-	d1	d1	d1	d1	-	-	-	-	-	-
N	N	N	-	-	d1	d1	d1	N	-	-	d1	d1	-	-	d1	d1	N	-	-	-	-	d1	d1	d1	-	-	-
L	L	N	-	-	d1	d2	-	-	-	d1	N	-	-	-	-	E	E	N	-	-	d2	d2	d2	-	-	d1	d2
E	E	L	-	-	E	E	E	E	d1	-	-	-	-	E	E	L	-	-	-	E	E	d1	L	L	-	-	-
-	-	L	L	L	-	-	L	L	L	L	L	-	-	L	L	L	L	-	-	L	L	-	-	L	L	L	L
d2	L	L	L	L	-	-	-	-	E	E	E	d2	d2	-	-	E	d2	-	-	-	d2	d2	-	-	E	E	d2
-	-	-	-	-	d2	d1	d2	L	N	-	-	d2	N	N	-	-	d1	d2	-	-	d1	L	L	L	N	-	-
E	E	E	E	d1	-	-	E	d1	d2	-	-	E	d2	L	L	-	-	E	d1	-	-	E	E	-	-	-	-
d1	d2	d1	d1	-	-	-	E	E	-	-	d2	d2	d1	-	-	E	E	d2	d2	d1	-	-	E	d2	-	-	-
E	d2	d1	-	-	-	-	d2	d1	d1	-	-	-	d1	d2	L	L	N	-	-	E	E	E	d1	L	-	-	-
L	L	L	-	-	L	L	L	-	-	d2	d2	L	L	L	-	-	L	L	-	-	d2	L	L	L	L	-	-
-	-	-	d2	d2	-	-	L	L	L	L	L	-	-	-	E	E	L	L	-	-	d2	d2	-	-	E	d2	d2
-	-	d2	L	L	-	-	d2	d1	L	L	-	-	-	E	d2	d1	d1	L	-	-	-	d2	d2	d1	L	-	-
-	-	d1	d1	N	N	N	-	-	d2	d1	-	-	-	d2	d2	d1	d2	d2	-	-	E	d2	d1	-	-	-	-
E	E	E	d1	d1	-	-	E	d1	-	-	E	E	E	E	E	-	-	E	E	E	-	-	-	E	d1	-	-
d1	d1	d2	d1	L	-	-	d2	d2	d1	-	-	d2	d1	L	-	-	-	E	E	d2	-	-	-	d1	L	-	-
-	-	-	d2	d1	-	-	E	E	N	-	-	-	-	E	N	-	-	d1	d2	d1	-	-	E	E	d1	N	N
d1	L	L	L	-	-	-	-	d1	d1	d1	d1	-	-	L	L	-	-	d1	d1	-	-	d1	L	-	-	d1	d1
d2	d2	-	-	d1	d2	-	-	-	d2	d2	d2	-	-	-	E	d2	d1	d2	-	-	d2	d1	N	N	-	-	d1
d1	L	L	-	-	-	E	E	E	E	d1	-	-	-	E	E	E	E	L	-	-	d1	L	N	-	-	-	-
-	-	d2	d2	d2	-	-	E	E	E	E	L	-	-	d2	d2	L	-	-	d2	L	L	-	-	E	E	E	L
d2	d2	d2	d1	d2	-	-	d2	d2	L	-	-	d2	d2	-	-	L	L	-	-	d1	L	L	-	-	-	-	-
E	E	E	E	L	-	-	-	E	L	-	-	-	-	E	E	-	-	-	E	d2	L	L	-	-	E	d2	d2
E	E	E	E	E	-	-	-	-	E	E	E	-	-	-	-	E	E	E	E	-	-	-	E	E	E	E	E
d2	d2	-	-	d2	d2	d2	L	-	-	L	L	-	-	E	L	-	-	E	E	d2	-	-	d2	d2	-	-	-
-	-	-	L	N	N	-	-	-	E	L	N	-	-	E	E	E	L	L	-	-	E	d1	d1	L	-	L	-
E	N	-	-	E	E	E	N	-	-	d2	d2	L	-	-	-	N	N	-	-	-	-	E	E	d2	N	-	-
E	E	-	-	-	d1	d1	d1	d2	d1	-	-	-	E	d1	d1	d2	d2	-	-	-	-	-	d1	d1	d2	-	-
d1	d2	-	-	d2	d1	d1	d1	-	-	d1	d1	-	-	d1	L	L	-	-	d1	d1	d2	-	-	d1	N	-	-
-	-	E	E	E	N	N	-	-	-	-	E	N	-	-	E	E	E	N	-	-	-	E	E	E	N	-	-
-	-	d1	d1	d2	d2	d1	-	-	d1	d2	d2	L	-	-	-	-	d2	d1	-	-	-	E	E	E	L	-	-
Objective 0: 13073
Objective 1: 226
Constr violation: 0
Restrictions violated:
0 0 0 0 0 0 0 0 

Individual 8
1	2	3	4	5	6	7	8	9	10	11	12	13	14	15	16	17	18	19	20	21	22	23	24	25	26	27	28
d1	d1	-	-	L	L	L	-	-	L	L	L	-	-	d1	d1	d1	d1	L	-	-	d1	d1	-	-	L	L	L
-	-	-	E	E	E	d2	-	-	E	E	L	L	L	-	-	d2	d2	-	-	-	E	E	d2	L	L	-	-
E	d1	d1	L	L	-	-	d1	d1	-	-	d1	L	L	L	-	-	E	E	d1	d1	L	-	-	-	-	-	-
d2	d1	d1	d1	N	-	-	-	d2	d2	-	-	-	-	-	d2	N	N	-	-	d2	d1	d2	d2	-	-	d1	L
E	E	E	N	-	-	-	-	L	L	-	-	-	-	E	L	N	-	-	E	N	N	-	-	E	E	L	L
L	N	-	-	-	-	-	-	d1	d1	N	N	-	-	d1	d1	d1	d1	L	-	-	d1	d1	-	-	L	N	N
-	-	E	d2	L	N	N	-	-	L	N	-	-	-	-	d2	d2	d2	L	-	-	d2	d2	d2	L	-	-	-
d2	d1	d2	-	-	d2	d2	d1	d2	d2	-	-	-	d1	d1	d1	d2	-	-	-	-	-	d1	d2	d2	d1	-	-
-	-	E	E	E	d1	d1	-	-	E	N	N	N	-	-	E	E	d1	N	-	-	-	-	-	d1	d1	-	-
L	L	L	N	N	-	-	N	N	-	-	d1	d1	d1	N	-	-	-	d1	d1	d1	d1	-	-	-	-	-	-
N	N	N	-	-	-	-	d1	d1	d1	d1	-	-	d1	d1	d1	N	-	-	d1	N	-	-	d1	d1	-	-	-
L	L	N	-	-	d1	d2	-	-	-	d1	N	-	-	-	-	E	E	N	-	-	d2	d2	d2	-	-	d1	d2
E	E	L	-	-	E	E	E	E	d1	-	-	-	-	E	E	L	-	-	-	E	E	d1	L	L	-	-	-
-	-	L	L	L	-	-	L	L	L	L	L	-	-	L	L	L	L	-	-	L	L	-	-	L	L	L	L
d2	L	L	L	L	-	-	-	-	E	E	E	d2	d2	-	-	E	d2	-	-	-	d2	d2	-	-	E	E	d2
-	-	-	-	-	d2	d1	d2	L	N	-	-	d2	N	N	-	-	d1	d2	-	-	d1	L	L	L	N	-	-
E	E	E	E	d1	-	-	E	d1	d2	-	-	E	d2	L	L	-	-	E	d1	-	-	E	E	-	-	-	-
d1	d2	d1	d1	-	-	-	E	E	-	-	d2	d2	d1	-	-	E	E	d2	d2	d1	-	-	E	d2	-	-	-
E	d2	d1	-	-	-	-	d2	d1	d1	-	-	-	d1	d2	L	L	N	-	-	E	E	E	d1	L	-	-	-
L	L	L	-	-	L	L	L	-	-	d2	d2	L	L	L	-	-	L	L	-	-	d2	L	L	L	L	-	-
-	-	-	d2	d2	-	-	L	L	L	L	L	-	-	-	E	E	L	L	-	-	d2	d2	-	-	E	d2	d2
-	-	d2	L	L	-	-	d2	d1	L	L	-	-	-	E	d2	d1	d1	L	-	-	-	d2	d2	d1	L	-	-
-	-	d1	d1	N	N	N	-	-	d2	d1	-	-	-	d2	d2	d1	d2	d2	-	-	E	d2	d1	-	-	-	-
E	E	E	d1	d1	-	-	E	d1	-	-	E	E	E	E	E	-	-	E	E	E	-	-	-	E	d1	-	-
d1	d1	d2	d1	L	-	-	d2	d2	d1	-	-	d2	d1	L	-	-	-	E	E	d2	-	-	-	d1	L	-	-
-	-	-	d2	d1	-	-	E	E	N	-	-	-	-	E	N	-	-	d1	d2	d1	-	-	E	E	d1	N	N
d1	L	L	L	-	-	-	-	d1	d1	d1	d1	-	-	L	L	-	-	d1	d1	-	-	d1	L	-	-	d1	d1
E	d1	d1	N	-	-	-	E	E	-	-	E	d1	-	-	d1	d2	d2	d1	-	-	-	N	N	N	-	-	-
d1	L	L	-	-	-	E	E	E	E	d1	-	-	-	E	E	E	E	L	-	-	d1	L	N	-	-	-	-
-	-	d2	d2	d2	-	-	E	E	E	E	L	-	-	d2	d2	L	-	-	d2	L	L	-	-	E	E	E	L
d2	d2	d2	d1	d2	-	-	d2	d2	L	-	-	d2	d2	-	-	L	L	-	-	d1	L	L	-	-	-	-	-
E	E	E	E	L	-	-	-	E	L	-	-	-	-	E	E	-	-	-	E	d2	L	L	-	-	E	d2	d2
E	E	E	E	E	-	-	-	-	E	E	E	-	-	-	-	E	E	E	E	-	-	-	E	E	E	E	E
d2	d2	-	-	d2	d2	d2	L	-	-	L	L	-	-	E	L	-	-	E	E	d2	-	-	d2	d2	-	-	-
-	-	-	L	N	N	-	-	-	E	L	N	-	-	E	E	E	L	L	-	-	E	d1	d1	L	-	-	-
E	N	-	-	E	E	E	N	-	-	d2	d2	L	-	-	-	N	N	-	-	-	-	E	E	d2	N	-	-
E	E	-	-	-	d1	d1	d1	d2	d1	-	-	-	E	d1	d1	d2	d2	-	-	-	-	-	d1	d1	d2	-	-
d1	d2	-	-	d2	d1	d1	d1	-	-	d1	d1	-	-	d1	L	L	-	-	d1	d1	d2	-	-	d1	N	-	-
-	-	E	E	E	N	N	-	-	-	-	E	N	-	-	E	E	E	N	-	-	-	E	E	E	N	-	-
-	-	d1	d1	d2	d2	d1	-	-	d1	d2	d2	L	-	-	-	-	d2	d1	-	-	-	E	E	E	L	-	-
Objective 0: 13577
Objective 1: 222
Constr violation: 0
Restrictions violated:
0 0 0 0 0 0 0 0 

Individual 9
1	2	3	4	5	6	7	8	9	10	11	12	13	14	15	16	17	18	19	20	21	22	23	24	25	26	27	28
d1	d1	-	-	L	L	L	-	-	L	L	L	-	-	d1	d1	d1	d1	L	-	-	d1	d1	-	-	L	L	L
-	-	-	E	E	E	d2	-	-	E	E	L	L	L	-	-	d2	d2	-	-	-	E	E	d2	L	L	-	-
E	d1	d1	L	L	-	-	d1	d1	-	-	d1	L	L	L	-	-	E	E	d1	d1	L	-	-	-	-	-	-
d2	d1	d1	d1	N	-	-	-	d2	d2	-	-	-	-	-	d2	N	N	-	-	d2	d1	d2	d2	-	-	d1	L
E	E	E	N	-	-	-	-	L	L	-	-	-	-	E	L	N	-	-	E	N	N	-	-	E	E	L	L
L	N	-	-	-	-	-	-	d1	d1	N	N	-	-	d1	d1	d1	d1	L	-	-	d1	d1	-	-	L	N	N
-	-	E	d2	L	N	N	-	-	L	N	-	-	-	-	d2	d2	d2	L	-	-	d2	d2	d2	L	-	-	-
d2	d1	d2	-	-	d2	d2	d1	d2	d2	-	-	-	d1	d1	d1	d2	-	-	-	-	-	d1	d2	d2	d1	-	-
-	-	E	E	E	d1	d1	-	-	E	N	N	N	-	-	E	E	d1	N	-	-	-	-	-	d1	d1	-	-
L	L	L	N	N	-	-	N	N	-	-	d1	d1	d1	N	-	-	-	d1	d1	d1	d1	-	-	-	-	-	-
N	N	N	-	-	d1	d1	d1	N	-	-	d1	d1	-	-	d1	d1	N	-	-	-	-	d1	d1	d1	-	-	-
L	L	N	-	-	d1	d2	-	-	-	d1	N	-	-	-	-	E	E	N	-	-	d2	d2	d2	-	-	d1	d2
E	E	L	-	-	E	E	E	E	d1	-	-	-	-	E	E	L	-	-	-	E	E	d1	L	L	-	-	-
-	-	L	L	L	-	-	L	L	L	L	L	-	-	L	L	L	L	-	-	L	L	-	-	L	L	L	L
d2	L	L	L	L	-	-	-	-	E	E	E	d2	d2	-	-	E	d2	-	-	-	d2	d2	-	-	E	E	d2
-	-	-	-	-	d2	d1	d2	L	N	-	-	d2	N	N	-	-	d1	d2	-	-	d1	L	L	L	N	-	-
E	E	E	E	d1	-	-	E	d1	d2	-	-	E	d2	L	L	-	-	E	d1	-	-	E	E	-	-	-	-
d1	d2	d1	d1	-	-	-	E	E	-	-	d2	d2	d1	-	-	E	E	d2	d2	d1	-	-	E	d2	-	-	-
E	d2	d1	-	-	-	-	d2	d1	d1	-	-	-	d1	d2	L	L	N	-	-	E	E	E	d1	L	-	-	-
L	L	L	-	-	L	L	L	-	-	d2	d2	L	L	L	-	-	L	L	-	-	d2	L	L	L	L	-	-
-	-	-	d2	d2	-	-	L	L	L	L	L	-	-	-	E	E	L	L	-	-	d2	d2	-	-	E	d2	d2
-	-	d2	L	L	-	-	d2	d1	L	L	-	-	-	E	d2	d1	d1	L	-	-	-	d2	d2	d1	L	-	-
-	-	d1	d1	N	N	N	-	-	d2	d1	-	-	-	d2	d2	d1	d2	d2	-	-	E	d2	d1	-	-	-	-
E	E	E	d1	d1	-	-	E	d1	-	-	E	E	E	E	E	-	-	E	E	E	-	-	-	E	d1	-	-
d1	d1	d2	d1	L	-	-	d2	d2	d1	-	-	d2	d1	L	-	-	-	E	E	d2	-	-	-	d1	L	-	-
-	-	-	d2	d1	-	-	E	E	N	-	-	-	-	E	N	-	-	d1	d2	d1	-	-	E	E	d1	N	N
d1	L	L	L	-	-	-	-	d1	d1	d1	d1	-	-	L	L	-	-	d1	d1	-	-	d1	L	-	-	d1	d1
d2	d2	-	-	d1	d2	-	-	-	d2	d2	d2	-	-	-	E	d2	d1	d2	-	-	d2	d1	N	N	-	-	d1
d1	L	L	-	-	-	E	E	E	E	d1	-	-	-	E	E	E	E	L	-	-	d1	L	N	-	-	-	-
-	-	d2	d2	d2	-	-	E	E	E	E	L	-	-	d2	d2	L	-	-	d2	L	L	-	-	E	E	E	L
d2	d2	d2	d1	d2	-	-	d2	d2	L	-	-	d2	d2	-	-	L	L	-	-	d1	L	L	-	-	-	-	-
E	E	E	E	L	-	-	-	E	L	-	-	-	-	E	E	-	-	-	E	d2	L	L	-	-	E	d2	d2
E	E	E	E	E	-	-	-	-	E	E	E	-	-	-	-	E	E	E	E	-	-	-	E	E	E	E	E
d2	d2	-	-	d2	d2	d2	L	-	-	L	L	-	-	E	L	-	-	E	E	d2	-	-	d2	d2	-	-	-
-	-	-	L	N	N	-	-	-	E	L	N	-	-	E	E	E	L	L	-	-	E	d1	d1	L	-	L	-
E	N	-	-	E	E	E	N	-	-	d2	d2	L	-	-	-	N	N	-	-	-	-	E	E	d2	N	-	-
E	E	-	-	-	d1	d1	d1	d2	d1	-	-	-	E	d1	d1	d2	d2	-	-	-	-	-	d1	d1	d2	-	-
d1	d2	-	-	d2	d1	d1	d1	-	-	d1	d1	-	-	d1	L	L	-	-	d1	d1	d2	-	-	d1	N	-	-
-	-	E	E	E	N	N	-	-	-	-	E	N	-	-	E	E	E	N	-	-	-	E	E	E	N	-	-
-	-	d1	d1	d2	d2	d1	-	-	d1	d2	d2	L	-	-	-	-	d2	d1	-	-	-	E	E	E	L	-	-
Objective 0: 13073
Objective 1: 226
Constr violation: 0
Restrictions violated:
0 0 0 0 0 0 0 0 

Individual 10
1	2	3	4	5	6	7	8	9	10	11	12	13	14	15	16	17	18	19	20	21	22	23	24	25	26	27	28
d1	d1	-	-	L	L	L	-	-	L	L	L	-	-	d1	L	L	-	-	L	L	L	L	L	-	-	-	-
E	E	E	-	-	E	L	L	L	-	-	E	d2	L	-	-	d2	L	L	-	-	-	E	E	E	E	-	-
E	d1	d1	L	L	-	-	d1	d1	-	-	d1	L	L	L	-	-	E	E	d1	d1	L	-	-	-	-	-	-
d2	d1	d1	d1	N	-	-	-	d2	d2	-	-	-	-	-	d2	N	N	-	-	d2	d1	d2	d2	-	-	d1	L
E	E	E	N	-	-	-	-	L	L	-	-	-	-	E	L	N	-	-	E	N	N	-	-	E	E	L	L
L	N	-	-	-	-	-	-	d1	d1	N	N	-	-	d1	d1	d1	d1	L	-	-	d1	d1	-	-	L	N	N
-	-	E	d2	L	N	N	-	-	L	N	-	-	-	-	d2	d2	d2	L	-	-	d2	d2	d2	L	-	-	-
d2	d1	d2	-	-	d2	d2	d1	d2	d2	-	-	-	d1	d1	d1	d2	-	-	-	-	-	d1	d2	d2	d1	-	-
-	-	E	E	E	d1	d1	-	-	E	N	N	N	-	-	E	E	d1	N	-	-	-	-	-	d1	d1	-	-
L	L	L	N	N	-	-	N	N	-	-	d1	d1	d1	N	-	-	-	d1	d1	d1	d1	-	-	-	-	-	-
N	N	N	-	-	d1	d1	d1	N	-	-	d1	d1	-	-	d1	d1	N	-	-	-	-	d1	d1	d1	-	-	-
L	L	N	-	-	d1	d2	-	-	-	d1	N	-	-	-	-	E	E	N	-	-	d2	d2	d2	-	-	d1	d2
E	E	L	-	-	E	E	E	E	d1	-	-	-	-	E	E	L	-	-	-	E	E	d1	L	L	-	-	-
-	-	L	L	L	-	-	L	L	L	L	L	-	-	L	L	L	L	-	-	L	L	-	-	L	L	L	L
d2	L	L	L	L	-	-	-	-	E	E	E	d2	d2	-	-	E	d2	-	-	-	d2	d2	-	-	E	E	d2
-	-	-	-	-	d2	d1	d2	L	N	-	-	d2	N	N	-	-	d1	d2	-	-	d1	L	L	L	N	-	-
E	E	E	E	d1	-	-	d2	d1	-	-	d1	d1	d2	d2	d2	-	-	-	-	-	-	L	L	-	-	L	L
d1	d2	d1	d1	-	-	-	E	E	-	-	d2	d2	d1	-	-	E	E	d2	d2	d1	-	-	E	d2	-	-	-
E	d2	d1	-	-	-	-	d2	d1	d1	-	-	-	d1	d2	L	L	N	-	-	E	E	E	d1	L	-	-	-
L	L	L	-	-	L	L	L	-	-	d2	d2	L	L	L	-	-	L	L	-	-	d2	L	L	L	L	-	-
-	-	-	d2	d2	-	-	L	L	L	L	L	-	-	-	E	E	L	L	-	-	d2	d2	-	-	E	d2	d2
-	-	d2	L	L	-	-	d2	d1	L	L	-	-	-	E	d2	d1	d1	L	-	-	-	d2	d2	d1	L	-	-
-	-	d1	d1	N	N	N	-	-	d2	d1	-	-	-	d2	d2	d1	d2	d2	-	-	E	d2	d1	-	-	-	-
E	E	E	d1	d1	-	-	E	d1	-	-	E	E	E	E	E	-	-	E	E	E	-	-	-	E	d1	-	-
d1	d1	d2	d1	L	-	-	d2	d2	d1	-	-	d2	d1	L	-	-	-	E	E	d2	-	-	-	d1	L	-	-
-	-	-	d2	d1	-	-	E	E	N	-	-	-	-	E	N	-	-	d1	d2	d1	-	-	E	E	d1	N	N
d1	L	L	L	-	-	-	-	d1	d1	d1	d1	-	-	L	L	-	-	d1	d1	-	-	d1	L	-	-	d1	d1
E	d1	d1	N	-	-	-	E	E	-	-	E	d1	-	-	d1	d2	d2	d1	-	-	-	N	N	N	-	-	-
d1	L	L	-	-	-	E	E	E	E	d1	-	-	-	E	E	E	E	L	-	-	d1	L	N	-	-	-	-
-	-	d2	d2	d2	-	-	E	E	E	E	L	-	-	d2	d2	L	-	-	d2	L	L	-	-	E	E	E	L
d1	d2	L	-	-	L	L	-	-	d1	d2	d2	-	-	-	-	-	d2	d2	-	-	d2	d1	d2	-	-	d2	d1
E	E	E	E	L	-	-	-	E	L	-	-	-	-	E	E	-	-	-	E	d2	L	L	-	-	E	d2	d2
E	E	E	E	E	-	-	-	-	E	E	E	-	-	-	-	E	E	E	E	-	-	-	E	E	E	E	E
d2	d2	-	-	d2	d2	d2	L	-	-	L	L	-	-	E	L	-	-	E	E	d2	-	-	d2	d2	-	-	-
-	-	-	L	N	N	-	-	-	E	L	N	-	-	E	E	E	L	L	-	-	E	d1	d1	L	-	-	-
E	N	-	-	E	E	E	N	-	-	d2	d2	L	-	-	-	N	N	-	-	-	-	E	E	d2	N	-	-
E	E	-	-	-	d1	d1	d1	d2	d1	-	-	-	E	d1	d1	d2	d2	-	-	-	-	-	d1	d1	d2	-	-
d1	d2	-	-	d2	d1	d1	d1	-	-	d1	d1	-	-	d1	L	L	-	-	d1	d1	d2	-	-	d1	N	-	-
-	-	E	E	E	N	N	-	-	-	-	E	N	-	-	E	E	E	N	-	-	-	E	E	E	N	-	-
-	-	d1	d1	d2	d2	d1	-	-	d1	d2	d2	L	-	-	-	-	d2	d1	-	-	-	E	E	E	L	-	-
Objective 0: 13071
Objective 1: 233
Constr violation: 0
Restrictions violated:
0 0 0 0 0 0 0 0 

Individual 11
1	2	3	4	5	6	7	8	9	10	11	12	13	14	15	16	17	18	19	20	21	22	23	24	25	26	27	28
d1	d1	-	-	L	L	L	-	-	L	L	L	-	-	d1	L	L	-	-	L	L	L	L	L	-	-	-	-
E	E	E	-	-	E	L	L	L	-	-	E	d2	L	-	-	d2	L	L	-	-	-	E	E	E	E	-	-
E	d1	d1	L	L	-	-	d1	d1	-	-	d1	L	L	L	-	-	E	E	d1	d1	L	-	-	-	-	-	-
d2	d1	d1	d1	N	-	-	-	d2	d2	-	-	-	-	-	d2	N	N	-	-	d2	d1	d2	d2	-	-	d1	L
E	E	E	N	-	-	-	-	L	L	-	-	-	-	E	L	N	-	-	E	N	N	-	-	E	E	L	L
L	N	-	-	-	-	-	-	d1	d1	N	N	-	-	d1	d1	d1	d1	L	-	-	d1	d1	-	-	L	N	N
-	-	E	d2	L	N	N	-	-	L	N	-	-	-	-	d2	d2	d2	L	-	-	d2	d2	d2	L	-	-	-
d2	d1	d2	-	-	d2	d2	d1	d2	d2	-	-	-	d1	d1	d1	d2	-	-	-	-	-	d1	d2	d2	d1	-	-
-	-	E	E	E	d1	d1	-	-	E	N	N	N	-	-	E	E	d1	N	-	-	-	-	-	d1	d1	-	-
L	L	L	N	N	-	-	N	N	-	-	d1	d1	d1	N	-	-	-	d1	d1	d1	d1	-	-	-	-	-	-
N	N	N	-	-	d1	d1	d1	N	-	-	d1	d1	-	-	d1	d1	N	-	-	-	-	d1	d1	d1	-	-	-
L	L	N	-	-	-	-	-	-	E	d2	N	-	-	d1	d2	d1	-	-	-	d2	N	-	-	E	d1	d1	d2
E	E	L	-	-	E	E	E	E	d1	-	-	-	-	E	E	L	-	-	-	E	E	d1	L	L	-	-	-
-	-	L	L	L	-	-	L	L	L	L	L	-	-	L	L	L	L	-	-	L	L	-	-	L	L	L	L
d2	L	L	L	L	-	-	-	-	E	E	E	d2	d2	-	-	-	E	d2	d2	-	-	d2	d2	d2	-	-	-
-	-	-	-	-	d2	d1	d2	L	N	-	-	d2	N	N	-	-	d1	d2	-	-	d1	L	L	L	N	-	-
E	E	E	E	d1	-	-	d2	d1	-	-	d1	d1	d2	d2	d2	-	-	-	-	-	-	L	L	-	-	L	L
d1	d2	d1	d1	-	-	-	E	E	-	-	-	-	-	d2	d1	N	N	-	-	-	E	d2	d2	N	-	-	d1
E	d2	d1	-	-	-	-	d2	d1	d1	-	-	-	d1	d2	L	L	N	-	-	E	E	E	d1	L	-	-	-
L	L	L	-	-	L	L	L	-	-	d2	d2	L	L	L	-	-	L	L	-	-	d2	L	L	L	L	-	-
-	-	-	d2	d2	-	-	L	L	L	L	L	-	-	-	E	E	L	L	-	-	d2	d2	-	-	E	d2	d2
-	-	d2	L	L	-	-	d2	d1	L	L	-	-	-	E	d2	d1	d1	L	-	-	-	d2	d2	d1	L	-	-
d2	d2	N	-	-	E	E	E	d1	d2	-	-	d2	d1	d2	-	-	E	d2	-	-	E	E	d2	-	-	-	-
E	E	E	d1	d1	-	-	E	d1	-	-	E	E	E	E	E	-	-	E	E	E	-	-	-	E	d1	-	-
d1	d1	d2	d1	L	-	-	d2	d2	d1	-	-	d2	d1	L	-	-	-	E	E	d2	-	-	-	d1	L	-	-
-	-	-	d2	d1	-	-	E	E	N	-	-	-	-	E	N	-	-	d1	d2	d1	-	-	E	E	d1	N	N
d1	L	L	L	-	-	-	-	d1	d1	d1	d1	-	-	L	L	-	-	d1	d1	-	-	d1	L	-	-	d1	d1
d2	d2	-	-	d1	d2	-	-	-	d2	d2	d2	-	-	-	E	d2	d1	d2	-	-	d2	d1	N	N	-	-	d1
d1	L	L	-	-	-	E	E	E	E	d1	-	-	-	E	E	E	E	L	-	-	d1	L	N	-	-	-	-
-	-	d2	d2	d2	-	-	E	E	E	E	L	-	-	d2	d2	L	-	-	d2	L	L	-	-	E	E	E	L
d1	d2	L	-	-	L	L	-	-	d1	d2	d2	-	-	-	-	-	d2	d2	-	-	d2	d1	d2	-	-	d2	d1
E	E	E	E	L	-	-	-	E	L	-	-	-	-	E	E	-	-	-	E	d2	L	L	-	-	E	d2	d2
E	E	E	E	E	-	-	-	-	E	E	E	-	-	-	-	E	E	E	E	-	-	-	E	E	E	E	E
d2	d2	-	-	d2	d2	d2	L	-	-	L	L	-	-	L	L	L	L	-	-	-	E	L	-	-	E	d2	L
-	-	-	L	N	N	-	-	-	E	L	N	-	-	E	E	E	L	L	-	-	E	d1	d1	L	-	-	-
E	N	-	-	E	E	E	N	-	-	d2	d2	L	-	-	-	N	N	-	-	-	-	E	E	d2	N	-	-
E	E	-	-	-	d1	d1	d1	d2	d1	-	-	-	E	d1	d1	d2	d2	-	-	-	-	-	d1	d1	d2	-	-
d1	d2	-	-	d2	d1	d1	d1	-	-	d1	d1	-	-	d1	L	L	-	-	d1	d1	d2	-	-	d1	N	-	-
-	-	E	E	E	N	N	-	-	-	-	E	N	-	-	E	E	E	N	-	-	-	E	E	E	N	-	-
-	-	d1	d1	d2	d2	d1	-	-	d1	d2	d2	L	-	-	-	-	d2	d1	-	-	-	E	E	E	L	-	-
Objective 0: 12871
Objective 1: 252
Constr violation: 0
Restrictions violated:
0 0 0 0 0 0 0 0 

Individual 12
1	2	3	4	5	6	7	8	9	10	11	12	13	14	15	16	17	18	19	20	21	22	23	24	25	26	27	28
d1	d1	-	-	L	L	L	-	-	L	L	L	-	-	d1	d1	d1	d1	L	-	-	d1	d1	-	-	L	L	L
-	-	-	E	E	E	d2	-	-	E	E	L	L	L	-	-	d2	d2	-	-	-	E	E	d2	L	L	-	-
E	d1	d1	L	L	-	-	d1	d1	-	-	d1	L	L	L	-	-	E	E	d1	d1	L	-	-	-	-	-	-
-	-	d1	N	N	N	-	-	-	L	N	-	-	-	d1	d2	d2	d1	L	-	-	-	-	d1	d2	d2	d2	L
E	E	E	N	-	-	-	-	L	L	-	-	-	-	E	L	N	-	-	E	N	N	-	-	E	E	L	L
L	N	-	-	-	-	-	-	d1	d1	N	N	-	-	d1	d1	d1	d1	L	-	-	d1	d1	-	-	L	N	N
-	-	E	d2	L	N	N	-	-	L	N	-	-	-	-	d2	d2	d2	L	-	-	d2	d2	d2	L	-	-	-
d2	d1	d2	-	-	d2	d2	d1	d2	d2	-	-	-	d1	d1	d1	d2	-	-	-	-	-	d1	d2	d2	d1	-	-
-	-	E	E	E	d1	d1	-	-	E	N	N	N	-	-	E	E	d1	N	-	-	-	-	-	d1	d1	-	-
L	L	L	N	N	-	-	N	N	-	-	d1	d1	d1	N	-	-	-	d1	d1	d1	d1	-	-	-	-	-	-
N	N	N	-	-	d1	d1	d1	N	-	-	d1	d1	-	-	d1	d1	N	-	-	-	-	d1	d1	d1	-	-	-
L	L	N	-	-	d1	d2	-	-	-	d1	N	-	-	-	-	E	E	N	-	-	d2	d2	d2	-	-	d1	d2
E	E	L	-	-	E	E	E	E	d1	-	-	-	-	E	E	L	-	-	-	E	E	d1	L	L	-	-	-
-	-	L	L	L	-	-	L	L	L	L	L	-	-	L	L	L	L	-	-	L	L	-	-	L	L	L	L
d2	L	L	L	L	-	-	-	-	E	E	E	d2	d2	-	-	E	d2	-	-	-	d2	d2	-	-	E	E	d2
-	-	-	-	-	d2	d1	d2	L	N	-	-	d2	N	N	-	-	d1	d2	-	-	d1	L	L	L	N	-	-
E	E	E	E	d1	-	-	E	d1	d2	-	-	E	d2	L	L	-	-	E	d1	-	-	E	E	-	-	-	-
d1	d2	d1	d1	-	-	-	E	E	-	-	d2	d2	d1	-	-	E	E	d2	d2	d1	-	-	E	d2	-	-	-
E	d2	d1	-	-	-	-	d2	d1	d1	-	-	-	d1	d2	L	L	N	-	-	E	E	E	d1	L	-	-	-
L	L	L	-	-	L	L	L	-	-	d2	d2	L	L	L	-	-	L	L	-	-	d2	L	L	L	L	-	-
-	-	-	d2	d2	-	-	L	L	L	L	L	-	-	-	E	E	L	L	-	-	d2	d2	-	-	E	d2	d2
-	-	d2	L	L	-	-	d2	d1	L	L	-	-	-	E	d2	d1	d1	L	-	-	-	d2	d2	d1	L	-	-
-	-	d1	d1	N	N	N	-	-	d2	d1	-	-	-	d2	d2	d1	d2	d2	-	-	E	d2	d1	-	-	-	-
E	E	E	d1	d1	-	-	E	E	E	-	-	d1	d1	-	-	-	-	E	E	E	d1	-	-	d1	d1	-	-
d1	d1	d2	d1	L	-	-	d2	d2	d1	-	-	d2	d1	L	-	-	-	E	E	d2	-	-	-	d1	L	-	-
-	-	-	d2	d1	-	-	E	E	N	-	-	-	-	E	N	-	-	d1	d2	d1	-	-	E	E	d1	N	N
d1	L	L	L	-	-	-	-	d1	d1	d1	d1	-	-	L	L	-	-	d1	d1	-	-	d1	L	-	-	d1	d1
d2	d2	-	-	d1	d2	-	-	-	d2	d2	d2	-	-	-	E	d2	d1	d2	-	-	d2	d1	N	N	-	-	d1
d1	L	L	-	-	-	E	E	E	E	d1	-	-	-	E	E	E	E	L	-	-	d1	L	N	-	-	-	-
-	-	d2	d2	d2	-	-	E	E	E	E	L	-	-	d2	d2	L	-	-	d2	L	L	-	-	E	E	E	L
d2	d2	d2	d1	d2	-	-	d2	d2	L	-	-	d2	d2	-	-	L	L	-	-	d1	L	L	-	-	-	-	-
E	E	E	E	L	-	-	-	E	L	-	-	-	-	E	E	-	-	-	E	d2	L	L	-	-	E	d2	d2
E	E	E	E	E	-	-	-	-	E	E	E	-	-	-	-	E	E	E	E	-	-	-	E	E	E	E	E
d2	d2	-	-	d2	d2	d2	L	-	-	L	L	-	-	E	L	-	-	E	E	d2	-	-	d2	d2	-	-	-
-	-	-	L	N	N	-	-	-	E	L	N	-	-	E	E	E	L	L	-	-	E	d1	d1	L	-	-	-
E	N	-	-	E	E	E	N	-	-	d2	d2	L	-	-	-	N	N	-	-	-	-	E	E	d2	N	-	-
E	E	-	-	-	d1	d1	d1	d2	d1	-	-	-	E	d1	d1	d2	d2	-	-	-	-	-	d1	d1	d2	-	-
d1	d2	-	-	d2	d1	d1	d1	-	-	d1	d1	-	-	d1	L	L	-	-	d1	d1	d2	-	-	d1	N	-	-
-	-	E	E	E	N	N	-	-	-	-	E	N	-	-	E	E	E	N	-	-	-	E	E	E	N	-	-
-	-	d1	d1	d2	d2	d1	-	-	d1	d2	d2	L	-	-	-	-	d2	d1	-	-	-	E	E	E	L	-	-
Objective 0: 13678
Objective 1: 219
Constr violation: 0
Restrictions violated:
0 0 0 0 0 0 0 0 

Individual 13
1	2	3	4	5	6	7	8	9	10	11	12	13	14	15	16	17	18	19	20	21	22	23	24	25	26	27	28
d1	d1	-	-	L	L	L	-	-	L	L	L	-	-	d1	d1	d1	d1	L	-	-	d1	d1	-	-	L	L	L
-	-	-	E	E	E	d2	-	-	E	E	L	L	L	-	-	d2	d2	-	-	-	E	E	d2	L	L	-	-
E	d1	d1	L	L	-	-	d1	d1	-	-	d1	L	L	L	-	-	E	E	d1	d1	L	-	-	-	-	-	-
-	-	d1	N	N	N	-	-	-	L	N	-	-	-	d1	d2	d2	d1	L	-	-	-	-	d1	d2	d2	d2	L
E	E	E	N	-	-	-	-	L	L	-	-	-	-	E	L	N	-	-	E	N	N	-	-	E	E	L	L
L	N	-	-	-	-	-	-	d1	d1	N	N	-	-	d1	d1	d1	d1	L	-	-	d1	d1	-	-	L	N	N
-	-	E	d2	L	N	N	-	-	L	N	-	-	-	-	d2	d2	d2	L	-	-	d2	d2	d2	L	-	-	-
d2	d1	d2	-	-	d2	d2	d1	d2	d2	-	-	-	d1	d1	d1	d2	-	-	-	-	-	d1	d2	d2	d1	-	-
-	-	E	E	E	d1	d1	-	-	E	N	N	N	-	-	E	E	d1	N	-	-	-	-	-	d1	d1	-	-
L	L	L	N	N	-	-	N	N	-	-	d1	d1	d1	N	-	-	-	d1	d1	d1	d1	-	-	-	-	-	-
N	N	N	-	-	d1	d1	d1	N	-	-	d1	d1	-	-	d1	d1	N	-	-	-	-	d1	d1	d1	-	-	-
L	L	N	-	-	d1	d2	-	-	-	d1	N	-	-	-	-	E	E	N	-	-	d2	d2	d2	-	-	d1	d2
E	E	L	-	-	E	E	E	E	d1	-	-	-	-	E	E	L	-	-	-	E	E	d1	L	L	-	-	-
-	-	L	L	L	-	-	L	L	L	L	L	-	-	L	L	L	L	-	-	L	L	-	-	L	L	L	L
d2	L	L	L	L	-	-	-	-	E	E	E	d2	d2	-	-	E	d2	-	-	-	d2	d2	-	-	E	E	d2
-	-	-	-	-	d2	d1	d2	L	N	-	-	d2	N	N	-	-	d1	d2	-	-	d1	L	L	L	N	-	-
E	E	E	E	d1	-	-	E	d1	d2	-	-	E	d2	L	L	-	-	E	d1	-	-	E	E	-	-	-	-
d1	d2	d1	d1	-	-	-	E	E	-	-	d2	d2	d1	-	-	E	E	d2	d2	d1	-	-	E	d2	-	-	-
E	d2	d1	-	-	-	-	d2	d1	d1	-	-	-	d1	d2	L	L	N	-	-	E	E	E	d1	L	-	-	-
L	L	L	-	-	L	L	L	-	-	d2	d2	L	L	L	-	-	L	L	-	-	d2	L	L	L	L	-	-
-	-	-	d2	d2	-	-	L	L	L	L	L	-	-	-	E	E	L	L	-	-	d2	d2	-	-	E	d2	d2
-	-	d2	L	L	-	-	d2	d1	L	L	-	-	-	E	d2	d1	d1	L	-	-	-	d2	d2	d1	L	-	-
-	-	d1	d1	N	N	N	-	-	d2	d1	-	-	-	d2	d2	d1	d2	d2	-	-	E	d2	d1	-	-	-	-
E	E	E	d1	d1	-	-	E	E	E	-	-	d1	d1	-	-	-	-	E	E	E	d1	-	-	d1	d1	-	-
d1	d1	d2	d1	L	-	-	d2	d2	d1	-	-	d2	d1	L	-	-	-	E	E	d2	-	-	-	d1	L	-	-
-	-	-	d2	d1	-	-	E	E	N	-	-	-	-	E	N	-	-	d1	d2	d1	-	-	E	E	d1	N	N
d1	L	L	L	-	-	-	-	d1	d1	d1	d1	-	-	L	L	-	-	d1	d1	-	-	d1	L	-	-	d1	d1
E	d1	d1	N	-	-	-	E	E	-	-	E	d1	-	-	d1	d2	d2	d1	-	-	-	N	N	N	-	-	-
d1	L	L	-	-	-	E	E	E	E	d1	-	-	-	E	E	E	E	L	-	-	d1	L	N	-	-	-	-
-	-	d2	d2	d2	-	-	E	E	E	E	L	-	-	d2	d2	L	-	-	d2	L	L	-	-	E	E	E	L
d2	d2	d2	d1	d2	-	-	d2	d2	L	-	-	d2	d2	-	-	L	L	-	-	d1	L	L	-	-	-	-	-
E	E	E	E	L	-	-	-	E	L	-	-	-	-	E	E	-	-	-	E	d2	L	L	-	-	E	d2	d2
E	E	E	E	E	-	-	-	-	E	E	E	-	-	-	-	E	E	E	E	-	-	-	E	E	E	E	E
d2	d2	-	-	d2	d2	d2	L	-	-	L	L	-	-	E	L	-	-	E	E	d2	-	-	d2	d2	-	-	-
-	-	-	L	N	N	-	-	-	E	L	N	-	-	E	E	E	L	L	-	-	E	d1	d1	L	-	-	-
E	N	-	-	E	E	E	N	-	-	d2	d2	L	-	-	-	N	N	-	-	-	-	E	E	d2	N	-	-
E	E	-	-	-	d1	d1	d1	d2	d1	-	-	-	E	d1	d1	d2	d2	-	-	-	-	-	d1	d1	d2	-	-
d1	d2	-	-	d2	d1	d1	d1	-	-	d1	d1	-	-	d1	L	L	-	-	d1	d1	d2	-	-	d1	N	-	-
-	-	E	E	E	N	N	-	-	-	-	E	N	-	-	E	E	E	N	-	-	-	E	E	E	N	-	-
-	-	d1	d1	d2	d2	d1	-	-	d1	d2	d2	L	-	-	-	-	d2	d1	-	-	-	E	E	E	L	-	-
Objective 0: 13778
Objective 1: 218
Constr violation: 0
Restrictions violated:
0 0 0 0 0 0 0 0 

Individual 14
1	2	3	4	5	6	7	8	9	10	11	12	13	14	15	16	17	18	19	20	21	22	23	24	25	26	27	28
d1	d1	-	-	L	L	L	-	-	L	L	L	-	-	d1	d1	d1	d1	L	-	-	d1	d1	-	-	L	L	L
-	-	-	E	E	E	d2	-	-	E	E	L	L	L	-	-	d2	d2	-	-	-	E	E	d2	L	L	-	-
E	d1	d1	L	L	-	-	d1	d1	-	-	d1	L	L	L	-	-	E	E	d1	d1	L	-	-	-	-	-	-
-	-	d1	N	N	N	-	-	-	L	N	-	-	-	d1	d2	d2	d1	L	-	-	-	-	d1	d2	d2	d2	L
E	E	E	N	-	-	-	-	L	L	-	-	-	-	E	L	N	-	-	E	N	N	-	-	E	E	L	L
L	N	-	-	-	-	-	-	d1	d1	N	N	-	-	d1	d1	d1	d1	L	-	-	d1	d1	-	-	L	N	N
-	-	E	d2	L	N	N	-	-	L	N	-	-	-	-	d2	d2	d2	L	-	-	d2	d2	d2	L	-	-	-
d2	d1	d2	-	-	d2	d2	d1	d2	d2	-	-	-	d1	d1	d1	d2	-	-	-	-	-	d1	d2	d2	d1	-	-
-	-	E	E	E	d1	d1	-	-	E	N	N	N	-	-	E	E	d1	N	-	-	-	-	-	d1	d1	-	-
L	L	L	N	N	-	-	N	N	-	-	d1	d1	d1	N	-	-	-	d1	d1	d1	d1	-	-	-	-	-	-
N	N	N	-	-	d1	d1	d1	N	-	-	d1	d1	-	-	d1	d1	N	-	-	-	-	d1	d1	d1	-	-	-
L	L	N	-	-	d1	d2	-	-	-	d1	N	-	-	-	-	E	E	N	-	-	d2	d2	d2	-	-	d1	d2
E	E	L	-	-	E	E	E	E	d1	-	-	-	-	E	E	L	-	-	-	E	E	d1	L	L	-	-	-
-	-	L	L	L	-	-	L	L	L	L	L	-	-	L	L	L	L	-	-	L	L	-	-	L	L	L	L
d2	L	L	L	L	-	-	-	-	E	E	E	d2	d2	-	-	E	d2	-	-	-	d2	d2	-	-	E	E	d2
-	-	-	-	-	d2	d1	d2	L	N	-	-	d2	N	N	-	-	d1	d2	-	-	d1	L	L	L	N	-	-
E	E	E	E	d1	-	-	E	d1	d2	-	-	E	d2	L	L	-	-	E	d1	-	-	E	E	-	-	-	-
d1	d2	d1	d1	-	-	-	E	E	-	-	d2	d2	d1	-	-	E	E	d2	d2	d1	-	-	E	d2	-	-	-
E	d2	d1	-	-	-	-	d2	d1	d1	-	-	-	d1	d2	L	L	N	-	-	E	E	E	d1	L	-	-	-
L	L	L	-	-	L	L	L	-	-	d2	d2	L	L	L	-	-	L	L	-	-	d2	L	L	L	L	-	-
-	-	-	d2	d2	-	-	L	L	L	L	L	-	-	-	E	E	L	L	-	-	d2	d2	-	-	E	d2	d2
-	-	d2	L	L	-	-	d2	d1	L	L	-	-	-	E	d2	d1	d1	L	-	-	-	d2	d2	d1	L	-	-
-	-	d1	d1	N	N	N	-	-	d2	d1	-	-	-	d2	d2	d1	d2	d2	-	-	E	d2	d1	-	-	-	-
E	E	E	d1	d1	-	-	E	E	E	-	-	d1	d1	-	-	-	-	E	E	E	d1	-	-	d1	d1	-	-
d1	d1	d2	d1	L	-	-	d2	d2	d1	-	-	d2	d1	L	-	-	-	E	E	d2	-	-	-	d1	L	-	-
-	-	-	d2	d1	-	-	E	E	N	-	-	-	-	E	N	-	-	d1	d2	d1	-	-	E	E	d1	N	N
d1	L	L	L	-	-	-	-	d1	d1	d1	d1	-	-	L	L	-	-	d1	d1	-	-	d1	L	-	-	d1	d1
d2	d2	-	-	d1	d2	-	-	-	d2	d2	d2	-	-	-	E	d2	d1	d2	-	-	d2	d1	N	N	-	-	d1
d1	L	L	-	-	-	E	E	E	E	d1	-	-	-	E	E	E	E	L	-	-	d1	L	N	-	-	-	-
-	-	d2	d2	d2	-	-	E	E	E	E	L	-	-	d2	d2	L	-	-	d2	L	L	-	-	E	E	E	L
d2	d2	d2	d1	d2	-	-	d2	d2	L	-	-	d2	d2	-	-	L	L	-	-	d1	L	L	-	-	-	-	-
E	E	E	E	L	-	-	-	E	L	-	-	-	-	E	E	-	-	-	E	d2	L	L	-	-	E	d2	d2
E	E	E	E	E	-	-	-	-	E	E	E	-	-	-	-	E	E	E	E	-	-	-	E	E	E	E	E
d2	d2	-	-	d2	d2	d2	L	-	-	L	L	-	-	E	L	-	-	E	E	d2	-	-	d2	d2	-	-	-
-	-	-	L	N	N	-	-	-	E	L	N	-	-	E	E	E	L	L	-	-	E	d1	d1	L	-	-	-
E	N	-	-	E	E	E	N	-	-	d2	d2	L	-	-	-	N	N	-	-	-	-	E	E	d2	N	-	-
E	E	-	-	-	d1	d1	d1	d2	d1	-	-	-	E	d1	d1	d2	d2	-	-	-	-	-	d1	d1	d2	-	-
d1	d2	-	-	d2	d1	d1	d1	-	-	d1	d1	-	-	d1	L	L	-	-	d1	d1	d2	-	-	d1	N	-	-
-	-	E	E	E	N	N	-	-	-	-	E	N	-	-	E	E	E	N	-	-	-	E	E	E	N	-	-
-	-	d1	d1	d2	d2	d1	-	-	d1	d2	d2	L	-	-	-	-	d2	d1	-	-	-	E	E	E	L	-	-
Objective 0: 13678
Objective 1: 219
Constr violation: 0
Restrictions violated:
0 0 0 0 0 0 0 0 

Individual 15
1	2	3	4	5	6	7	8	9	10	11	12	13	14	15	16	17	18	19	20	21	22	23	24	25	26	27	28
d1	d1	-	-	L	L	L	-	-	L	L	L	-	-	d1	d1	d1	d1	L	-	-	d1	d1	-	-	L	L	L
-	-	-	E	E	E	d2	-	-	E	E	L	L	L	-	-	d2	d2	-	-	-	E	E	d2	L	L	-	-
E	d1	d1	L	L	-	-	d1	d1	-	-	d1	L	L	L	-	-	E	E	d1	d1	L	-	-	-	-	-	-
d2	d1	d1	d1	N	-	-	-	d2	d2	-	-	-	-	-	d2	N	N	-	-	d2	d1	d2	d2	-	-	d1	L
E	E	E	N	-	-	-	-	L	L	-	-	-	-	E	L	N	-	-	E	N	N	-	-	E	E	L	L
L	N	-	-	-	-	-	-	d1	d1	N	N	-	-	d1	d1	d1	d1	L	-	-	d1	d1	-	-	L	N	N
-	-	E	d2	L	N	N	-	-	L	N	-	-	-	-	d2	d2	d2	L	-	-	d2	d2	d2	L	-	-	-
d2	d1	d2	-	-	d2	d2	d1	d2	d2	-	-	-	d1	d1	d1	d2	-	-	-	-	-	d1	d2	d2	d1	-	-
-	-	E	E	E	d1	d1	-	-	E	N	N	N	-	-	E	E	d1	N	-	-	-	-	-	d1	d1	-	-
L	L	L	N	N	-	-	N	N	-	-	d1	d1	d1	N	-	-	-	d1	d1	d1	d1	-	-	-	-	-	-
N	N	N	-	-	-	-	d1	d1	d1	d1	-	-	d1	d1	d1	N	-	-	d1	N	-	-	d1	d1	-	-	-
L	L	N	-	-	d1	d2	-	-	-	d1	N	-	-	-	-	E	E	N	-	-	d2	d2	d2	-	-	d1	d2
E	E	L	-	-	E	E	E	E	d1	-	-	-	-	E	E	L	-	-	-	E	E	d1	L	L	-	-	-
-	-	L	L	L	-	-	L	L	L	L	L	-	-	L	L	L	L	-	-	L	L	-	-	L	L	L	L
d2	L	L	L	L	-	-	-	-	E	E	E	d2	d2	-	-	E	d2	-	-	-	d2	d2	-	-	E	E	d2
-	-	-	-	-	d2	d1	d2	L	N	-	-	d2	N	N	-	-	d1	d2	-	-	d1	L	L	L	N	-	-
E	E	E	E	d1	-	-	E	d1	d2	-	-	E	d2	L	L	-	-	E	d1	-	-	E	E	-	-	-	-
d1	d2	d1	d1	-	-	-	E	E	-	-	d2	d2	d1	-	-	E	E	d2	d2	d1	-	-	E	d2	-	-	-
E	d2	d1	-	-	-	-	d2	d1	d1	-	-	-	d1	d2	L	L	N	-	-	E	E	E	d1	L	-	-	-
L	L	L	-	-	L	L	L	-	-	d2	d2	L	L	L	-	-	L	L	-	-	d2	L	L	L	L	-	-
-	-	-	d2	d2	-	-	L	L	L	L	L	-	-	-	E	E	L	L	-	-	d2	d2	-	-	E	d2	d2
-	-	d2	L	L	-	-	d2	d1	L	L	-	-	-	E	d2	d1	d1	L	-	-	-	d2	d2	d1	L	-	-
-	-	d1	d1	N	N	N	-	-	d2	d1	-	-	-	d2	d2	d1	d2	d2	-	-	E	d2	d1	-	-	-	-
E	E	E	d1	d1	-	-	E	d1	-	-	E	E	E	E	E	-	-	E	E	E	-	-	-	E	d1	-	-
d1	d1	d2	d1	L	-	-	d2	d2	d1	-	-	d2	d1	L	-	-	-	E	E	d2	-	-	-	d1	L	-	-
-	-	-	d2	d1	-	-	E	E	N	-	-	-	-	E	N	-	-	d1	d2	d1	-	-	E	E	d1	N	N
d1	L	L	L	-	-	-	-	d1	d1	d1	d1	-	-	L	L	-	-	d1	d1	-	-	d1	L	-	-	d1	d1
d2	d2	-	-	d1	d2	-	-	-	d2	d2	d2	-	-	-	E	d2	d1	d2	-	-	d2	d1	N	N	-	-	d1
d1	L	L	-	-	-	E	E	E	E	d1	-	-	-	E	E	E	E	L	-	-	d1	L	N	-	-	-	-
-	-	d2	d2	d2	-	-	E	E	E	E	L	-	-	d2	d2	L	-	-	d2	L	L	-	-	E	E	E	L
d2	d2	d2	d1	d2	-	-	d2	d2	L	-	-	d2	d2	-	-	L	L	-	-	d1	L	L	-	-	-	-	-
E	E	E	E	L	-	-	-	E	L	-	-	-	-	E	E	-	-	-	E	d2	L	L	-	-	E	d2	d2
E	E	E	E	E	-	-	-	-	E	E	E	-	-	-	-	E	E	E	E	-	-	-	E	E	E	E	E
d2	d2	-	-	d2	d2	d2	L	-	-	L	L	-	-	E	L	-	-	E	E	d2	-	-	d2	d2	-	-	-
-	-	-	L	N	N	-	-	-	E	L	N	-	-	E	E	E	L	L	-	-	E	d1	d1	L	-	-	-
E	N	-	-	E	E	E	N	-	-	d2	d2	L	-	-	-	N	N	-	-	-	-	E	E	d2	N	-	-
E	E	-	-	-	d1	d1	d1	d2	d1	-	-	-	E	d1	d1	d2	d2	-	-	-	-	-	d1	d1	d2	-	-
d1	d2	-	-	d2	d1	d1	d1	-	-	d1	d1	-	-	d1	L	L	-	-	d1	d1	d2	-	-	d1	N	-	-
-	-	E	E	E	N	N	-	-	-	-	E	N	-	-	E	E	E	N	-	-	-	E	E	E	N	-	-
-	-	d1	d1	d2	d2	d1	-	-	d1	d2	d2	L	-	-	-	-	d2	d1	-	-	-	E	E	E	L	-	-
Objective 0: 13376
Objective 1: 223
Constr violation: 0
Restrictions violated:
0 0 0 0 0 0 0 0 

Individual 16
1	2	3	4	5	6	7	8	9	10	11	12	13	14	15	16	17	18	19	20	21	22	23	24	25	26	27	28
d1	d1	-	-	L	L	L	-	-	L	L	L	-	-	d1	d1	d1	d1	L	-	-	d1	d1	-	-	L	L	L
-	-	-	E	E	E	d2	-	-	E	E	L	L	L	-	-	d2	d2	-	-	-	E	E	d2	L	L	-	-
E	d1	d1	L	L	-	-	d1	d1	-	-	d1	L	L	L	-	-	E	E	d1	d1	L	-	-	-	-	-	-
d2	d1	d1	d1	N	-	-	-	d2	d2	-	-	-	-	-	d2	N	N	-	-	d2	d1	d2	d2	-	-	d1	L
E	E	E	N	-	-	-	-	L	L	-	-	-	-	E	L	N	-	-	E	N	N	-	-	E	E	L	L
L	N	-	-	-	-	-	-	d1	d1	N	N	-	-	d1	d1	d1	d1	L	-	-	d1	d1	-	-	L	N	N
-	-	E	d2	L	N	N	-	-	L	N	-	-	-	-	d2	d2	d2	L	-	-	d2	d2	d2	L	-	-	-
d2	d1	d2	-	-	d2	d2	d1	d2	d2	-	-	-	d1	d1	d1	d2	-	-	-	-	-	d1	d2	d2	d1	-	-
-	-	E	E	E	d1	d1	-	-	E	N	N	N	-	-	E	E	d1	N	-	-	-	-	-	d1	d1	-	-
L	L	L	N	N	-	-	N	N	-	-	d1	d1	d1	N	-	-	-	d1	d1	d1	d1	-	-	-	-	-	-
N	N	N	-	-	-	-	d1	d1	d1	d1	-	-	d1	d1	d1	N	-	-	d1	N	-	-	d1	d1	-	-	-
L	L	N	-	-	d1	d2	-	-	-	d1	N	-	-	-	-	E	E	N	-	-	d2	d2	d2	-	-	d1	d2
E	E	L	-	-	E	E	E	E	d1	-	-	-	-	E	E	L	-	-	-	E	E	d1	L	L	-	-	-
-	-	L	L	L	-	-	L	L	L	L	L	-	-	L	L	L	L	-	-	L	L	-	-	L	L	L	L
d2	L	L	L	L	-	-	-	-	E	E	E	d2	d2	-	-	E	d2	-	-	-	d2	d2	-	-	E	E	d2
-	-	-	-	-	d2	d1	d2	L	N	-	-	d2	N	N	-	-	d1	d2	-	-	d1	L	L	L	N	-	-
E	E	E	E	d1	-	-	E	d1	d2	-	-	E	d2	L	L	-	-	E	d1	-	-	E	E	-	-	-	-
d1	d2	d1	d1	-	-	-	E	E	-	-	d2	d2	d1	-	-	E	E	d2	d2	d1	-	-	E	d2	-	-	-
E	d2	d1	-	-	-	-	d2	d1	d1	-	-	-	d1	d2	L	L	N	-	-	E	E	E	d1	L	-	-	-
L	L	L	-	-	L	L	L	-	-	d2	d2	L	L	L	-	-	L	L	-	-	d2	L	L	L	L	-	-
-	-	-	d2	d2	-	-	L	L	L	L	L	-	-	-	E	E	L	L	-	-	d2	d2	-	-	E	d2	d2
-	-	d2	L	L	-	-	d2	d1	L	L	-	-	-	E	d2	d1	d1	L	-	-	-	d2	d2	d1	L	-	-
-	-	d1	d1	N	N	N	-	-	d2	d1	-	-	-	d2	d2	d1	d2	d2	-	-	E	d2	d1	-	-	-	-
E	E	E	d1	d1	-	-	E	d1	-	-	E	E	E	E	E	-	-	E	E	E	-	-	-	E	d1	-	-
d1	d1	d2	d1	L	-	-	d2	d2	d1	-	-	d2	d1	L	-	-	-	E	E	d2	-	-	-	d1	L	-	-
-	-	-	d2	d1	-	-	E	E	N	-	-	-	-	E	N	-	-	d1	d2	d1	-	-	E	E	d1	N	N
d1	L	L	L	-	-	-	-	d1	d1	d1	d1	-	-	L	L	-	-	d1	d1	-	-	d1	L	-	-	d1	d1
E	d1	d1	N	-	-	-	E	E	-	-	E	d1	-	-	d1	d2	d2	d1	-	-	-	N	N	N	-	-	-
d1	L	L	-	-	-	E	E	E	E	d1	-	-	-	E	E	E	E	L	-	-	d1	L	N	-	-	-	-
-	-	d2	d2	d2	-	-	E	E	E	E	L	-	-	d2	d2	L	-	-	d2	L	L	-	-	E	E	E	L
d2	d2	d2	d1	d2	-	-	d2	d2	L	-	-	d2	d2	-	-	L	L	-	-	d1	L	L	-	-	-	-	-
E	E	E	E	L	-	-	-	E	L	-	-	-	-	E	E	-	-	-	E	d2	L	L	-	-	E	d2	d2
E	E	E	E	E	-	-	-	-	E	E	E	-	-	-	-	E	E	E	E	-	-	-	E	E	E	E	E
d2	d2	-	-	d2	d2	d2	L	-	-	L	L	-	-	E	L	-	-	E	E	d2	-	-	d2	d2	-	-	-
-	-	-	L	N	N	-	-	-	E	L	N	-	-	E	E	E	L	L	-	-	E	d1	d1	L	-	-	-
E	N	-	-	E	E	E	N	-	-	d2	d2	L	-	-	-	N	N	-	-	-	-	E	E	d2	N	-	-
E	E	-	-	-	d1	d1	d1	d2	d1	-	-	-	E	d1	d1	d2	d2	-	-	-	-	-	d1	d1	d2	-	-
d1	d2	-	-	d2	d1	d1	d1	-	-	d1	d1	-	-	d1	L	L	-	-	d1	d1	d2	-	-	d1	N	-	-
-	-	E	E	E	N	N	-	-	-	-	E	N	-	-	E	E	E	N	-	-	-	E	E	E	N	-	-
-	-	d1	d1	d2	d2	d1	-	-	d1	d2	d2	L	-	-	-	-	d2	d1	-	-	-	E	E	E	L	-	-
Objective 0: 13577
Objective 1: 222
Constr violation: 0
Restrictions violated:
0 0 0 0 0 0 0 0 

Individual 17
1	2	3	4	5	6	7	8	9	10	11	12	13	14	15	16	17	18	19	20	21	22	23	24	25	26	27	28
d1	d1	-	-	L	L	L	-	-	L	L	L	-	-	d1	d1	d1	d1	L	-	-	d1	d1	-	-	L	L	L
-	-	-	E	E	E	d2	-	-	E	E	L	L	L	-	-	d2	d2	-	-	-	E	E	d2	L	L	-	-
E	d1	d1	L	L	-	-	d1	d1	-	-	d1	L	L	L	-	-	E	E	d1	d1	L	-	-	-	-	-	-
-	-	d1	N	N	N	-	-	-	L	N	-	-	-	d1	d2	d2	d1	L	-	-	-	-	d1	d2	d2	d2	L
E	E	E	N	-	-	-	-	L	L	-	-	-	-	E	L	N	-	-	E	N	N	-	-	E	E	L	L
L	N	-	-	-	-	-	-	d1	d1	N	N	-	-	d1	d1	d1	d1	L	-	-	d1	d1	-	-	L	N	N
-	-	E	d2	L	N	N	-	-	L	N	-	-	-	-	d2	d2	d2	L	-	-	d2	d2	d2	L	-	-	-
d2	d1	d2	-	-	d2	d2	d1	d2	d2	-	-	-	d1	d1	d1	d2	-	-	-	-	-	d1	d2	d2	d1	-	-
-	-	E	E	E	d1	d1	-	-	E	N	N	N	-	-	E	E	d1	N	-	-	-	-	-	d1	d1	-	-
L	L	L	N	N	-	-	N	N	-	-	d1	d1	d1	N	-	-	-	d1	d1	d1	d1	-	-	-	-	-	-
N	N	N	-	-	-	-	d1	d1	d1	d1	-	-	d1	d1	d1	N	-	-	d1	N	-	-	d1	d1	-	-	-
L	L	N	-	-	d1	d2	-	-	-	d1	N	-	-	-	-	E	E	N	-	-	d2	d2	d2	-	-	d1	d2
E	E	L	-	-	E	E	E	E	d1	-	-	-	-	E	E	L	-	-	-	E	E	d1	L	L	-	-	-
-	-	L	L	L	-	-	L	L	L	L	L	-	-	L	L	L	L	-	-	L	L	-	-	L	L	L	L
d2	L	L	L	L	-	-	-	-	E	E	E	d2	d2	-	-	E	d2	-	-	-	d2	d2	-	-	E	E	d2
-	-	-	-	-	d2	d1	d2	L	N	-	-	d2	N	N	-	-	d1	d2	-	-	d1	L	L	L	N	-	-
E	E	E	E	d1	-	-	E	d1	d2	-	-	E	d2	L	L	-	-	E	d1	-	-	E	E	-	-	-	-
d1	d2	d1	d1	-	-	-	E	E	-	-	d2	d2	d1	-	-	E	E	d2	d2	d1	-	-	E	d2	-	-	-
E	d2	d1	-	-	-	-	d2	d1	d1	-	-	-	d1	d2	L	L	N	-	-	E	E	E	d1	L	-	-	-
L	L	L	-	-	L	L	L	-	-	d2	d2	L	L	L	-	-	L	L	-	-	d2	L	L	L	L	-	-
-	-	-	d2	d2	-	-	L	L	L	L	L	-	-	-	E	E	L	L	-	-	d2	d2	-	-	E	d2	d2
-	-	d2	L	L	-	-	d2	d1	L	L	-	-	-	E	d2	d1	d1	L	-	-	-	d2	d2	d1	L	-	-
-	-	d1	d1	N	N	N	-	-	d2	d1	-	-	-	d2	d2	d1	d2	d2	-	-	E	d2	d1	-	-	-	-
E	E	E	d1	d1	-	-	E	E	E	-	-	d1	d1	-	-	-	-	E	E	E	d1	-	-	d1	d1	-	-
d1	d1	d2	d1	L	-	-	d2	d2	d1	-	-	d2	d1	L	-	-	-	E	E	d2	-	-	-	d1	L	-	-
-	-	-	d2	d1	-	-	E	E	N	-	-	-	-	E	N	-	-	d1	d2	d1	-	-	E	E	d1	N	N
d1	L	L	L	-	-	-	-	d1	d1	d1	d1	-	-	L	L	-	-	d1	d1	-	-	d1	L	-	-	d1	d1
d2	d2	-	-	d1	d2	-	-	-	d2	d2	d2	-	-	-	E	d2	d1	d2	-	-	d2	d1	N	N	-	-	d1
d1	L	L	-	-	-	E	E	E	E	d1	-	-	-	E	E	E	E	L	-	-	d1	L	N	-	-	-	-
-	-	d2	d2	d2	-	-	E	E	E	E	L	-	-	d2	d2	L	-	-	d2	L	L	-	-	E	E	E	L
d2	d2	d2	d1	d2	-	-	d2	d2	L	-	-	d2	d2	-	-	L	L	-	-	d1	L	L	-	-	-	-	-
E	E	E	E	L	-	-	-	E	L	-	-	-	-	E	E	-	-	-	E	d2	L	L	-	-	E	d2	d2
E	E	E	E	E	-	-	-	-	E	E	E	-	-	-	-	E	E	E	E	-	-	-	E	E	E	E	E
d2	d2	-	-	d2	d2	d2	L	-	-	L	L	-	-	E	L	-	-	E	E	d2	-	-	d2	d2	-	-	-
-	-	-	L	N	N	-	-	-	E	L	N	-	-	E	E	E	L	L	-	-	E	d1	d1	L	-	L	-
E	N	-	-	E	E	E	N	-	-	d2	d2	L	-	-	-	N	N	-	-	-	-	E	E	d2	N	-	-
E	E	-	-	-	d1	d1	d1	d2	d1	-	-	-	E	d1	d1	d2	d2	-	-	-	-	-	d1	d1	d2	-	-
d1	d2	-	-	d2	d1	d1	d1	-	-	d1	d1	-	-	d1	L	L	-	-	d1	d1	d2	-	-	d1	N	-	-
-	-	E	E	E	N	N	-	-	-	-	E	N	-	-	E	E	E	N	-	-	-	E	E	E	N	-	-
-	-	d1	d1	d2	d2	d1	-	-	d1	d2	d2	L	-	-	-	-	d2	d1	-	-	-	E	E	E	L	-	-
Objective 0: 13981
Objective 1: 216
Constr violation: 0
Restrictions violated:
0 0 0 0 0 0 0 0 

Individual 18
1	2	3	4	5	6	7	8	9	10	11	12	13	14	15	16	17	18	19	20	21	22	23	24	25	26	27	28
d1	d1	-	-	L	L	L	-	-	L	L	L	-	-	d1	d1	d1	d1	L	-	-	d1	d1	-	-	L	L	L
-	-	-	E	E	E	d2	-	-	E	E	L	L	L	-	-	d2	d2	-	-	-	E	E	d2	L	L	-	-
E	d1	d1	L	L	-	-	d1	d1	-	-	d1	L	L	L	-	-	E	E	d1	d1	L	-	-	-	-	-	-
d2	d1	d1	d1	N	-	-	-	d2	d2	-	-	-	-	-	d2	N	N	-	-	d2	d1	d2	d2	-	-	d1	L
E	E	E	N	-	-	-	-	L	L	-	-	-	-	E	L	N	-	-	E	N	N	-	-	E	E	L	L
L	N	-	-	-	-	-	-	d1	d1	N	N	-	-	d1	d1	d1	d1	L	-	-	d1	d1	-	-	L	N	N
-	-	E	d2	L	N	N	-	-	L	N	-	-	-	-	d2	d2	d2	L	-	-	d2	d2	d2	L	-	-	-
d2	d1	d2	-	-	d2	d2	d1	d2	d2	-	-	-	d1	d1	d1	d2	-	-	-	-	-	d1	d2	d2	d1	-	-
-	-	E	E	E	d1	d1	-	-	E	N	N	N	-	-	E	E	d1	N	-	-	-	-	-	d1	d1	-	-
L	L	L	N	N	-	-	N	N	-	-	d1	d1	d1	N	-	-	-	d1	d1	d1	d1	-	-	-	-	-	-
N	N	N	-	-	-	-	d1	d1	d1	d1	-	-	d1	d1	d1	N	-	-	d1	N	-	-	d1	d1	-	-	-
L	L	N	-	-	d1	d2	-	-	-	d1	N	-	-	-	-	E	E	N	-	-	d2	d2	d2	-	-	d1	d2
E	E	L	-	-	E	E	E	E	d1	-	-	-	-	E	E	L	-	-	-	E	E	d1	L	L	-	-	-
-	-	L	L	L	-	-	L	L	L	L	L	-	-	L	L	L	L	-	-	L	L	-	-	L	L	L	L
d2	L	L	L	L	-	-	-	-	E	E	E	d2	d2	-	-	E	d2	-	-	-	d2	d2	-	-	E	E	d2
-	-	-	-	-	d2	d1	d2	L	N	-	-	d2	N	N	-	-	d1	d2	-	-	d1	L	L	L	N	-	-
E	E	E	E	d1	-	-	E	d1	d2	-	-	E	d2	L	L	-	-	E	d1	-	-	E	E	-	-	-	-
d1	d2	d1	d1	-	-	-	E	E	-	-	d2	d2	d1	-	-	E	E	d2	d2	d1	-	-	E	d2	-	-	-
E	d2	d1	-	-	-	-	d2	d1	d1	-	-	-	d1	d2	L	L	N	-	-	E	E	E	d1	L	-	-	-
L	L	L	-	-	L	L	L	-	-	d2	d2	L	L	L	-	-	L	L	-	-	d2	L	L	L	L	-	-
-	-	-	d2	d2	-	-	L	L	L	L	L	-	-	-	E	E	L	L	-	-	d2	d2	-	-	E	d2	d2
-	-	d2	L	L	-	-	d2	d1	L	L	-	-	-	E	d2	d1	d1	L	-	-	-	d2	d2	d1	L	-	-
-	-	d1	d1	N	N	N	-	-	d2	d1	-	-	-	d2	d2	d1	d2	d2	-	-	E	d2	d1	-	-	-	-
E	E	E	d1	d1	-	-	E	d1	-	-	E	E	E	E	E	-	-	E	E	E	-	-	-	E	d1	-	-
d1	d1	d2	d1	L	-	-	d2	d2	d1	-	-	d2	d1	L	-	-	-	E	E	d2	-	-	-	d1	L	-	-
-	-	-	d2	d1	-	-	E	E	N	-	-	-	-	E	N	-	-	d1	d2	d1	-	-	E	E	d1	N	N
d1	L	L	L	-	-	-	-	d1	d1	d1	d1	-	-	L	L	-	-	d1	d1	-	-	d1	L	-	-	d1	d1
E	d1	d1	N	-	-	-	E	E	-	-	E	d1	-	-	d1	d2	d2	d1	-	-	-	N	N	N	-	-	-
d1	L	L	-	-	-	E	E	E	E	d1	-	-	-	E	E	E	E	L	-	-	d1	L	N	-	-	-	-
-	-	d2	d2	d2	-	-	E	E	E	E	L	-	-	d2	d2	L	-	-	d2	L	L	-	-	E	E	E	L
d2	d2	d2	d1	d2	-	-	d2	d2	L	-	-	d2	d2	-	-	L	L	-	-	d1	L	L	-	-	-	-	-
E	E	E	E	L	-	-	-	E	L	-	-	-	-	E	E	-	-	-	E	d2	L	L	-	-	E	d2	d2
E	E	E	E	E	-	-	-	-	E	E	E	-	-	-	-	E	E	E	E	-	-	-	E	E	E	E	E
d2	d2	-	-	d2	d2	d2	L	-	-	L	L	-	-	E	L	-	-	E	E	d2	-	-	d2	d2	-	-	-
-	-	-	L	N	N	-	-	-	E	L	N	-	-	E	E	E	L	L	-	-	E	d1	d1	L	-	-	-
E	N	-	-	E	E	E	N	-	-	d2	d2	L	-	-	-	N	N	-	-	-	-	E	E	d2	N	-	-
E	E	-	-	-	d1	d1	d1	d2	d1	-	-	-	E	d1	d1	d2	d2	-	-	-	-	-	d1	d1	d2	-	-
d1	d2	-	-	d2	d1	d1	d1	-	-	d1	d1	-	-	d1	L	L	-	-	d1	d1	d2	-	-	d1	N	-	-
-	-	E	E	E	N	N	-	-	-	-	E	N	-	-	E	E	E	N	-	-	-	E	E	E	N	-	-
-	-	d1	d1	d2	d2	d1	-	-	d1	d2	d2	L	-	-	-	-	d2	d1	-	-	-	E	E	E	L	-	-
Objective 0: 13577
Objective 1: 222
Constr violation: 0
Restrictions violated:
0 0 0 0 0 0 0 0 

Individual 19
1	2	3	4	5	6	7	8	9	10	11	12	13	14	15	16	17	18	19	20	21	22	23	24	25	26	27	28
d1	d1	-	-	L	L	L	-	-	L	L	L	-	-	d1	d1	d1	d1	L	-	-	d1	d1	-	-	L	L	L
-	-	-	E	E	E	d2	-	-	E	E	L	L	L	-	-	d2	d2	-	-	-	E	E	d2	L	L	-	-
E	d1	d1	L	L	-	-	d1	d1	-	-	d1	L	L	L	-	-	E	E	d1	d1	L	-	-	-	-	-	-
-	-	d1	N	N	N	-	-	-	L	N	-	-	-	d1	d2	d2	d1	L	-	-	-	-	d1	d2	d2	d2	L
E	E	E	N	-	-	-	-	L	L	-	-	-	-	E	L	N	-	-	E	N	N	-	-	E	E	L	L
L	N	-	-	-	-	-	-	d1	d1	N	N	-	-	d1	d1	d1	d1	L	-	-	d1	d1	-	-	L	N	N
-	-	E	d2	L	N	N	-	-	L	N	-	-	-	-	d2	d2	d2	L	-	-	d2	d2	d2	L	-	-	-
d2	d1	d2	-	-	d2	d2	d1	d2	d2	-	-	-	d1	d1	d1	d2	-	-	-	-	-	d1	d2	d2	d1	-	-
-	-	E	E	E	d1	d1	-	-	E	N	N	N	-	-	E	E	d1	N	-	-	-	-	-	d1	d1	-	-
L	L	L	N	N	-	-	N	N	-	-	d1	d1	d1	N	-	-	-	d1	d1	d1	d1	-	-	-	-	-	-
N	N	N	-	-	-	-	d1	d1	d1	d1	-	-	d1	d1	d1	N	-	-	d1	N	-	-	d1	d1	-	-	-
L	L	N	-	-	d1	d2	-	-	-	d1	N	-	-	-	-	E	E	N	-	-	d2	d2	d2	-	-	d1	d2
E	E	L	-	-	E	E	E	E	d1	-	-	-	-	E	E	L	-	-	-	E	E	d1	L	L	-	-	-
-	-	L	L	L	-	-	L	L	L	L	L	-	-	L	L	L	L	-	-	L	L	-	-	L	L	L	L
d2	L	L	L	L	-	-	-	-	E	E	E	d2	d2	-	-	E	d2	-	-	-	d2	d2	-	-	E	E	d2
-	-	-	-	-	d2	d1	d2	L	N	-	-	d2	N	N	-	-	d1	d2	-	-	d1	L	L	L	N	-	-
E	E	E	E	d1	-	-	E	d1	d2	-	-	E	d2	L	L	-	-	E	d1	-	-	E	E	-	-	-	-
d1	d2	d1	d1	-	-	-	E	E	-	-	d2	d2	d1	-	-	E	E	d2	d2	d1	-	-	E	d2	-	-	-
E	d2	d1	-	-	-	-	d2	d1	d1	-	-	-	d1	d2	L	L	N	-	-	E	E	E	d1	L	-	-	-
L	L	L	-	-	L	L	L	-	-	d2	d2	L	L	L	-	-	L	L	-	-	d2	L	L	L	L	-	-
-	-	-	d2	d2	-	-	L	L	L	L	L	-	-	-	E	E	L	L	-	-	d2	d2	-	-	E	d2	d2
-	-	d2	L	L	-	-	d2	d1	L	L	-	-	-	E	d2	d1	d1	L	-	-	-	d2	d2	d1	L	-	-
-	-	d1	d1	N	N	N	-	-	d2	d1	-	-	-	d2	d2	d1	d2	d2	-	-	E	d2	d1	-	-	-	-
E	E	E	d1	d1	-	-	E	E	E	-	-	d1	d1	-	-	-	-	E	E	E	d1	-	-	d1	d1	-	-
d1	d1	d2	d1	L	-	-	d2	d2	d1	-	-	d2	d1	L	-	-	-	E	E	d2	-	-	-	d1	L	-	-
-	-	-	d2	d1	-	-	E	E	N	-	-	-	-	E	N	-	-	d1	d2	d1	-	-	E	E	d1	N	N
d1	L	L	L	-	-	-	-	d1	d1	d1	d1	-	-	L	L	-	-	d1	d1	-	-	d1	L	-	-	d1	d1
d2	d2	-	-	d1	d2	-	-	-	d2	d2	d2	-	-	-	E	d2	d1	d2	-	-	d2	d1	N	N	-	-	d1
d1	L	L	-	-	-	E	E	E	E	d1	-	-	-	E	E	E	E	L	-	-	d1	L	N	-	-	-	-
-	-	d2	d2	d2	-	-	E	E	E	E	L	-	-	d2	d2	L	-	-	d2	L	L	-	-	E	E	E	L
d2	d2	d2	d1	d2	-	-	d2	d2	L	-	-	d2	d2	-	-	L	L	-	-	d1	L	L	-	-	-	-	-
E	E	E	E	L	-	-	-	E	L	-	-	-	-	E	E	-	-	-	E	d2	L	L	-	-	E	d2	d2
E	E	E	E	E	-	-	-	-	E	E	E	-	-	-	-	E	E	E	E	-	-	-	E	E	E	E	E
d2	d2	-	-	d2	d2	d2	L	-	-	L	L	-	-	E	L	-	-	E	E	d2	-	-	d2	d2	-	-	-
-	-	-	L	N	N	-	-	-	E	L	N	-	-	E	E	E	L	L	-	-	E	d1	d1	L	-	L	-
E	N	-	-	E	E	E	N	-	-	d2	d2	L	-	-	-	N	N	-	-	-	-	E	E	d2	N	-	-
E	E	-	-	-	d1	d1	d1	d2	d1	-	-	-	E	d1	d1	d2	d2	-	-	-	-	-	d1	d1	d2	-	-
d1	d2	-	-	d2	d1	d1	d1	-	-	d1	d1	-	-	d1	L	L	-	-	d1	d1	d2	-	-	d1	N	-	-
-	-	E	E	E	N	N	-	-	-	-	E	N	-	-	E	E	E	N	-	-	-	E	E	E	N	-	-
-	-	d1	d1	d2	d2	d1	-	-	d1	d2	d2	L	-	-	-	-	d2	d1	-	-	-	E	E	E	L	-	-
Objective 0: 13981
Objective 1: 216
Constr violation: 0
Restrictions violated:
0 0 0 0 0 0 0 0 

