12658 220 
14977 195 
13264 210 
13062 214 
12859 217 
12658 220 
12859 217 
14574 196 
13165 213 
13363 209 
13670 204 
13968 201 
13766 202 
14370 198 
14169 199 
13470 207 
13062 214 
14370 198 
13570 205 
13363 209 
13165 213 
13470 207 
13766 202 
14471 197 
14574 196 
14169 199 
14068 200 
14471 197 
13670 204 
14068 200 
13968 201 
13570 205 
13766 202 
13564 206 
13470 207 
14068 200 
14169 199 
13968 201 
13968 201 
14574 196 
13670 204 
13564 206 
14471 197 
14068 200 
14574 196 
13564 206 
14370 198 
14471 197 
14977 195 
14169 199 
13766 202 
13564 206 
14169 199 
13564 206 
13564 206 
14471 197 
14574 196 
14471 197 
14169 199 
14169 199 
14471 197 
14471 197 
13570 205 
14169 199 
13564 206 
14169 199 
13968 201 
14471 197 
14068 200 
14370 198 
13766 202 
14370 198 
14068 200 
14068 200 
14068 200 
13062 214 
13766 202 
13470 207 
13766 202 
14068 200 
13564 206 
14574 196 
14574 196 
14471 197 
14370 198 
13470 207 
14169 199 
14068 200 
14169 199 
14068 200 
14370 198 
14169 199 
14169 199 
14169 199 
13766 202 
13766 202 
14574 196 
14471 197 
14068 200 
14068 200 
