Individual 0
1	2	3	4	5	6	7	8	9	10	11	12	13	14
-	-	-	D	D	D	D	D	-	-	-	-	-	-
D	D	D	D	D	-	-	D	D	D	-	-	-	-
D	D	D	D	D	-	-	-	-	-	D	D	D	D
-	-	-	D	D	-	-	-	-	D	D	D	D	D
D	D	D	-	-	-	-	-	-	-	D	D	D	D
-	D	D	-	-	-	D	D	D	-	-	-	-	-
D	D	D	-	-	-	D	D	D	D	-	-	-	-
-	-	D	D	D	-	-	-	-	D	D	D	D	D
Objective 0: 1803
Objective 1: 17
Constr violation: -3
Restrictions violated:
1 0 0 0 0 0 0 2 

Individual 1
1	2	3	4	5	6	7	8	9	10	11	12	13	14
-	-	D	D	D	D	D	-	-	-	-	-	-	-
D	D	D	D	D	-	-	D	D	D	-	-	-	-
D	D	D	D	D	-	-	-	-	-	D	D	-	-
-	-	-	D	D	-	-	-	-	D	D	D	D	D
D	D	D	-	-	-	-	-	-	-	D	D	D	D
-	D	D	D	D	-	-	-	-	-	-	-	-	-
D	D	D	-	-	-	D	D	D	D	-	-	-	-
-	-	D	D	D	-	-	-	-	D	D	D	D	D
Objective 0: 2406
Objective 1: 10
Constr violation: -3
Restrictions violated:
1 0 0 0 0 0 0 2 

Individual 2
1	2	3	4	5	6	7	8	9	10	11	12	13	14
-	-	-	D	D	D	D	D	-	-	-	-	-	-
D	D	D	D	D	-	-	D	D	D	-	-	-	-
D	D	D	D	D	-	-	-	-	-	D	D	-	-
-	-	-	D	D	-	-	-	-	D	D	D	D	D
D	D	D	-	-	-	-	-	-	-	D	D	D	D
-	D	D	D	D	-	-	-	-	-	-	-	-	-
D	D	D	-	-	-	D	D	D	D	-	-	-	-
-	-	D	D	D	-	-	-	-	D	D	D	D	D
Objective 0: 2305
Objective 1: 12
Constr violation: -3
Restrictions violated:
1 0 0 0 0 0 0 2 

Individual 3
1	2	3	4	5	6	7	8	9	10	11	12	13	14
-	-	-	D	D	D	D	D	-	-	-	-	-	-
D	D	D	D	D	-	-	D	D	D	-	-	-	-
D	D	D	D	D	-	-	-	-	-	D	D	-	-
-	-	-	D	D	-	-	-	-	D	D	D	D	D
D	D	D	-	-	-	-	-	-	-	D	D	D	D
-	D	D	-	-	-	D	D	D	-	-	-	-	-
D	D	D	-	-	-	D	D	D	D	-	-	-	-
-	-	D	D	D	-	-	-	-	D	D	D	D	D
Objective 0: 2003
Objective 1: 15
Constr violation: -3
Restrictions violated:
1 0 0 0 0 0 0 2 

Individual 4
1	2	3	4	5	6	7	8	9	10	11	12	13	14
-	-	D	D	D	D	D	-	-	-	-	-	-	-
D	D	D	D	D	-	-	D	D	D	-	-	-	-
D	D	D	D	D	-	-	-	-	-	D	D	D	D
-	-	-	D	D	-	-	-	-	D	D	D	D	D
D	D	D	-	-	-	-	-	-	-	D	D	D	D
-	D	D	-	-	-	D	D	D	-	-	-	-	-
D	D	D	-	-	-	D	D	D	D	-	-	-	-
-	-	D	D	D	-	-	-	-	D	D	D	D	D
Objective 0: 1904
Objective 1: 15
Constr violation: -3
Restrictions violated:
1 0 0 0 0 0 0 2 

Individual 5
1	2	3	4	5	6	7	8	9	10	11	12	13	14
-	-	-	-	-	-	-	-	-	-	-	-	-	-
D	D	D	D	D	-	-	D	D	D	-	-	-	-
D	D	D	D	D	-	-	-	-	-	D	D	-	-
-	-	-	D	D	-	-	-	-	D	D	D	D	D
D	D	D	-	-	-	-	-	-	-	D	D	D	D
-	D	D	D	D	-	-	-	-	-	-	-	-	-
D	D	D	-	-	-	D	D	D	D	-	-	-	-
-	-	D	D	D	-	-	-	-	D	D	D	D	D
Objective 0: 2603
Objective 1: 14
Constr violation: -3
Restrictions violated:
1 0 0 0 0 0 0 2 

Individual 6
1	2	3	4	5	6	7	8	9	10	11	12	13	14
-	-	D	D	D	D	D	-	-	-	-	-	-	-
D	D	D	D	D	-	-	D	D	D	-	-	-	-
D	D	D	D	D	-	-	-	-	-	D	D	-	-
-	-	-	D	D	-	-	-	-	D	D	D	D	D
D	D	D	-	-	-	-	-	-	-	D	D	D	D
-	D	D	D	D	-	-	-	-	-	-	-	-	-
D	D	D	-	-	-	D	D	D	D	-	-	-	-
-	-	D	D	D	-	-	-	-	D	D	D	D	D
Objective 0: 2406
Objective 1: 10
Constr violation: -3
Restrictions violated:
1 0 0 0 0 0 0 2 

Individual 7
1	2	3	4	5	6	7	8	9	10	11	12	13	14
-	-	D	D	D	D	D	-	-	-	-	-	-	-
D	D	D	D	D	-	-	D	D	D	-	-	-	-
D	D	D	D	D	-	-	-	-	-	D	D	D	D
-	-	-	D	D	-	-	-	-	D	D	D	D	D
D	D	D	-	-	-	-	-	-	-	D	D	D	D
-	D	D	D	D	-	-	-	-	-	-	-	-	-
D	D	D	-	-	-	D	D	D	D	-	-	-	-
-	-	D	D	D	-	-	-	-	D	D	D	D	D
Objective 0: 2206
Objective 1: 12
Constr violation: -3
Restrictions violated:
1 0 0 0 0 0 0 2 

Individual 8
1	2	3	4	5	6	7	8	9	10	11	12	13	14
-	-	D	D	D	D	D	-	-	-	-	-	-	-
D	D	D	D	D	-	-	D	D	D	-	-	-	-
D	D	D	D	D	-	-	-	-	-	D	D	-	-
-	-	-	D	D	-	-	-	-	D	D	D	D	D
D	D	D	-	-	-	-	-	-	-	D	D	D	D
-	D	D	-	-	-	D	D	D	-	-	-	-	-
D	D	D	-	-	-	D	D	D	D	-	-	-	-
-	-	D	D	D	-	-	-	-	D	D	D	D	D
Objective 0: 2104
Objective 1: 13
Constr violation: -3
Restrictions violated:
1 0 0 0 0 0 0 2 

Individual 9
1	2	3	4	5	6	7	8	9	10	11	12	13	14
-	-	-	-	-	-	-	-	-	-	-	-	-	-
D	D	D	D	D	-	-	D	D	D	-	-	-	-
D	D	D	D	D	-	-	-	-	-	D	D	-	-
-	-	-	D	D	-	-	-	-	D	D	D	D	D
D	D	D	-	-	-	-	-	-	-	D	D	D	D
-	D	D	D	D	-	-	-	-	-	-	-	-	-
D	D	D	-	-	-	D	D	D	D	-	-	-	-
-	-	D	D	D	-	-	-	-	D	D	D	D	D
Objective 0: 2603
Objective 1: 14
Constr violation: -3
Restrictions violated:
1 0 0 0 0 0 0 2 

Individual 10
1	2	3	4	5	6	7	8	9	10	11	12	13	14
-	-	D	D	D	D	D	-	-	-	-	-	-	-
D	D	D	D	D	-	-	D	D	D	-	-	-	-
D	D	D	D	D	-	-	-	-	-	D	D	-	-
-	-	-	D	D	-	-	-	-	D	D	D	D	D
D	D	D	-	-	-	-	-	-	-	D	D	D	D
-	D	D	D	D	-	-	-	-	-	-	-	-	-
D	D	D	-	-	-	D	D	D	D	-	-	-	-
-	-	D	D	D	-	-	-	-	D	D	D	D	D
Objective 0: 2406
Objective 1: 10
Constr violation: -3
Restrictions violated:
1 0 0 0 0 0 0 2 

Individual 11
1	2	3	4	5	6	7	8	9	10	11	12	13	14
-	-	-	-	-	-	-	-	-	-	-	-	-	-
D	D	D	D	D	-	-	D	D	D	-	-	-	-
D	D	D	D	D	-	-	-	-	-	D	D	D	D
-	-	-	D	D	-	-	-	-	D	D	D	D	D
D	D	D	-	-	-	-	-	-	-	D	D	D	D
-	D	D	D	D	-	-	-	-	-	-	-	-	-
D	D	D	-	-	-	D	D	D	D	-	-	-	-
-	-	D	D	D	-	-	-	-	D	D	D	D	D
Objective 0: 2403
Objective 1: 16
Constr violation: -3
Restrictions violated:
1 0 0 0 0 0 0 2 

