1203 5 
902 16 
1203 5 
1003 10 
903 13 
1103 8 
1103 8 
1003 10 
902 16 
903 13 
1203 5 
903 13 
1103 8 
1003 10 
1103 8 
1003 10 
903 13 
1103 8 
1103 8 
1103 8 
1203 5 
1203 5 
1103 8 
1103 8 
1103 8 
1103 8 
903 13 
1103 8 
1103 8 
1103 8 
1103 8 
1103 8 
1103 8 
1103 8 
1103 8 
1103 8 
1103 8 
1103 8 
1103 8 
1103 8 
1103 8 
1103 8 
903 13 
1103 8 
1103 8 
1203 5 
1003 10 
903 13 
903 13 
1103 8 
1103 8 
1203 5 
1103 8 
1103 8 
1103 8 
1103 8 
1103 8 
1103 8 
1103 8 
1203 5 
1203 5 
1103 8 
1103 8 
1103 8 
1203 5 
1103 8 
1103 8 
903 13 
1203 5 
1003 10 
1103 8 
1203 5 
1003 10 
1103 8 
1103 8 
1103 8 
1103 8 
1203 5 
1203 5 
1103 8 
903 13 
1203 5 
1103 8 
1203 5 
1203 5 
1103 8 
1203 5 
1203 5 
1103 8 
1103 8 
1203 5 
1103 8 
1103 8 
1203 5 
1103 8 
1103 8 
903 13 
1103 8 
903 13 
1103 8 
