Individual 0
1	2	3	4	5	6	7	8	9	10	11	12	13	14	15	16	17	18	19	20	21	22	23	24	25	26	27	28
D	D	D	D	D	-	-	E	E	E	D	D	-	-	-	-	-	E	E	E	D	-	-	-	E	E	D	D
E	E	E	-	-	-	-	D	D	D	D	-	-	-	-	E	E	E	E	E	-	-	-	E	E	E	E	E
-	-	E	E	D	L	-	-	E	D	-	-	E	D	D	D	L	-	-	-	-	E	D	D	L	L	-	-
-	-	-	-	-	-	-	-	E	E	E	E	E	-	-	-	-	E	E	E	E	-	-	-	-	-	-	-
-	E	L	L	-	-	E	L	L	L	L	-	-	-	-	E	E	E	D	-	-	D	D	L	L	L	-	-
L	L	L	-	-	E	E	E	L	-	-	-	-	-	E	L	L	L	-	-	-	-	-	E	E	E	E	E
-	-	-	-	-	-	-	-	-	-	-	-	-	-	-	-	-	-	-	-	-	-	-	-	-	-	-	-
-	E	E	E	E	-	-	E	E	L	L	-	-	-	-	-	D	D	D	D	D	-	-	-	E	E	L	L
D	D	D	D	-	-	-	D	D	-	-	-	-	E	E	E	E	D	-	-	E	E	E	E	D	-	-	-
D	D	D	D	D	-	-	-	-	-	D	D	L	L	L	-	-	D	D	L	-	-	L	L	L	-	-	-
E	E	D	D	D	-	-	-	-	-	-	E	E	E	D	D	D	-	-	-	E	E	E	E	E	-	-	-
-	-	-	-	D	D	D	L	L	-	-	-	E	E	D	D	L	L	-	-	-	L	L	L	L	L	-	-
E	E	D	-	-	-	E	E	D	D	D	D	-	-	-	E	D	D	D	D	L	-	-	-	E	D	-	-
L	L	L	L	L	-	-	-	-	-	E	E	D	D	D	L	-	-	-	-	E	D	D	D	D	L	-	-
D	D	D	D	D	-	-	-	E	E	E	E	D	D	-	-	-	-	-	-	D	D	D	D	D	D	-	-
-	-	-	-	L	L	L	-	-	-	-	D	D	D	D	D	-	-	-	D	-	-	-	-	-	-	-	-
-	D	D	D	D	D	-	-	-	-	-	-	-	E	D	D	-	-	-	-	-	-	-	-	-	-	-	-
E	L	L	L	L	-	-	-	E	E	E	E	-	-	-	-	-	-	-	-	-	-	-	-	-	-	-	-
-	-	-	-	D	D	D	-	-	-	-	-	-	-	E	D	D	D	D	-	-	-	L	-	-	-	-	-
-	-	-	-	-	-	-	-	D	D	D	D	-	-	-	-	-	-	E	E	E	E	E	-	-	-	-	-
Objective 0: 7024
Objective 1: 39
Constr violation: -2
Restrictions violated:
0 0 0 0 0 0 0 2 

Individual 1
1	2	3	4	5	6	7	8	9	10	11	12	13	14	15	16	17	18	19	20	21	22	23	24	25	26	27	28
D	D	D	D	D	-	-	E	E	E	D	D	-	-	-	-	-	E	E	E	D	-	-	-	E	E	D	D
E	E	E	-	-	-	-	D	D	D	D	-	-	-	-	E	E	E	E	E	-	-	-	E	E	E	E	E
-	-	E	E	D	L	-	-	E	D	-	-	E	D	D	D	L	-	-	-	-	E	D	D	L	L	-	-
-	-	-	-	-	E	E	E	-	-	-	-	-	-	-	-	-	E	E	E	E	-	-	-	-	-	-	-
D	L	-	-	-	E	E	L	L	L	-	-	-	-	-	E	L	L	L	-	-	-	-	D	D	D	D	D
L	L	L	-	-	E	E	E	L	-	-	-	-	-	E	L	L	L	-	-	-	-	-	E	E	E	E	E
E	E	E	E	E	-	-	-	-	-	-	E	E	E	-	-	-	-	-	E	E	E	E	-	-	-	-	-
-	E	E	E	E	-	-	D	D	L	L	-	-	-	-	-	-	D	D	D	D	D	-	-	D	D	L	L
D	D	D	D	-	-	-	D	D	-	-	-	-	E	E	E	E	D	-	-	E	E	E	E	D	-	-	-
D	D	D	D	D	-	-	-	-	-	D	D	L	L	L	-	-	D	D	L	-	-	L	L	L	-	-	-
E	E	D	D	D	-	-	-	-	-	-	E	E	E	D	D	D	-	-	-	E	E	E	E	E	-	-	-
-	-	-	E	E	D	L	L	-	-	-	-	E	E	E	E	E	E	-	-	-	L	L	L	L	L	-	-
E	D	D	-	-	-	D	D	D	D	L	L	-	-	-	D	D	D	D	L	L	-	-	-	E	D	-	-
L	L	L	L	L	-	-	-	-	-	E	E	D	D	D	L	-	-	-	-	-	E	D	D	D	D	L	-
D	D	D	D	D	-	-	-	E	E	D	D	D	D	-	-	-	-	-	-	D	D	D	D	D	D	-	-
-	-	-	-	L	L	L	-	-	-	-	D	D	D	D	D	-	-	-	D	-	-	-	-	-	-	-	-
D	-	-	-	D	D	D	D	D	-	-	-	-	E	D	D	-	-	-	-	-	-	-	-	-	-	-	-
-	-	-	-	-	-	-	-	E	E	E	E	-	-	-	-	-	-	-	E	E	D	D	D	-	-	-	-
-	-	-	-	D	D	D	-	-	-	-	-	-	-	E	D	D	D	D	-	-	-	L	-	-	-	-	-
-	-	-	-	-	-	-	-	D	D	D	D	-	-	-	-	-	-	E	E	E	E	E	-	-	-	-	-
Objective 0: 3903
Objective 1: 81
Constr violation: -2
Restrictions violated:
0 0 0 0 0 0 0 2 

Individual 2
1	2	3	4	5	6	7	8	9	10	11	12	13	14	15	16	17	18	19	20	21	22	23	24	25	26	27	28
D	D	D	D	D	-	-	E	E	E	D	D	-	-	-	-	-	E	E	E	D	-	-	-	E	E	D	D
E	E	E	-	-	-	-	D	D	D	D	-	-	-	-	E	E	E	E	E	-	-	-	E	E	E	E	E
-	-	E	E	D	L	-	-	E	D	-	-	E	D	D	D	L	-	-	-	-	E	D	D	L	L	-	-
-	-	-	-	-	E	E	E	-	-	-	-	-	-	-	-	-	E	E	E	E	-	-	-	-	-	-	-
-	E	L	L	-	-	E	L	L	L	L	-	-	-	-	E	E	E	D	-	-	D	D	L	L	L	-	-
L	L	L	-	-	E	E	E	L	-	-	-	-	-	E	L	L	L	-	-	-	-	-	E	E	E	E	E
E	E	E	E	E	-	-	-	-	-	-	E	E	E	-	-	-	-	-	E	E	E	E	-	-	-	-	-
-	E	E	E	E	-	-	D	D	L	L	-	-	-	-	-	-	D	D	D	D	D	-	-	D	D	L	L
D	D	D	D	-	-	-	D	D	-	-	-	-	E	E	E	E	D	-	-	E	E	E	E	D	-	-	-
D	D	D	D	D	-	-	-	-	-	D	D	L	L	L	-	-	D	D	L	-	-	L	L	L	-	-	-
E	E	D	D	D	-	-	-	-	-	-	E	E	E	D	D	D	-	-	-	E	E	E	E	E	-	-	-
-	-	-	E	E	D	L	L	-	-	-	-	E	E	E	E	E	E	-	-	-	L	L	L	L	L	-	-
E	D	D	-	-	-	D	D	D	D	L	L	-	-	-	D	D	D	D	L	L	-	-	-	E	D	-	-
L	L	L	L	L	-	-	-	-	-	E	E	D	D	D	L	-	-	-	-	-	E	D	D	D	D	L	-
D	D	D	D	D	-	-	-	E	E	E	E	D	D	-	-	-	-	-	-	D	D	D	D	D	D	-	-
-	-	-	-	L	L	L	-	-	-	-	D	D	D	D	D	-	-	-	D	-	-	-	-	-	-	-	-
D	-	-	-	D	D	D	D	D	-	-	-	-	E	D	D	-	-	-	-	-	-	-	-	-	-	-	-
-	-	-	-	-	-	-	-	E	E	E	E	-	-	-	-	-	-	-	E	E	D	D	D	-	-	-	-
-	-	-	-	D	D	D	-	-	-	-	-	-	-	E	D	D	D	D	-	-	-	L	-	-	-	-	-
-	-	-	-	-	-	-	-	D	D	D	D	-	-	-	-	-	-	E	E	E	E	E	-	-	-	-	-
Objective 0: 4611
Objective 1: 71
Constr violation: -2
Restrictions violated:
0 0 0 0 0 0 0 2 

Individual 3
1	2	3	4	5	6	7	8	9	10	11	12	13	14	15	16	17	18	19	20	21	22	23	24	25	26	27	28
D	D	D	D	D	-	-	E	E	E	D	D	-	-	-	-	-	E	E	E	D	-	-	-	E	E	D	D
E	E	E	-	-	-	-	D	D	D	D	-	-	-	-	E	E	E	E	E	-	-	-	E	E	E	E	E
-	-	E	E	D	L	-	-	E	D	-	-	E	D	D	D	L	-	-	-	-	E	D	D	L	L	-	-
-	-	-	-	-	E	E	E	-	-	-	-	-	-	-	-	-	E	E	E	E	-	-	-	-	-	-	-
-	E	L	L	-	-	E	L	L	L	L	-	-	-	-	E	E	E	D	-	-	D	D	L	L	L	-	-
L	L	L	-	-	E	E	E	L	-	-	-	-	-	E	L	L	L	-	-	-	-	-	E	E	E	E	E
-	-	-	-	-	-	-	-	-	-	-	-	-	-	-	-	-	-	-	-	-	-	-	-	-	-	-	-
-	E	E	E	E	-	-	D	D	L	L	-	-	-	-	-	-	D	D	D	D	D	-	-	D	D	L	L
D	D	D	D	-	-	-	D	D	-	-	-	-	E	E	E	E	D	-	-	E	E	E	E	D	-	-	-
D	D	D	D	D	-	-	-	-	-	D	D	L	L	L	-	-	D	D	L	-	-	L	L	L	-	-	-
E	E	D	D	D	-	-	-	-	-	-	E	E	E	D	D	D	-	-	-	E	E	E	E	E	-	-	-
-	-	-	-	D	D	D	L	L	-	-	-	E	E	D	D	L	L	-	-	-	L	L	L	L	L	-	-
E	E	D	-	-	-	E	E	D	D	D	D	-	-	-	E	D	D	D	D	L	-	-	-	E	D	-	-
L	L	L	L	L	-	-	-	-	-	E	E	D	D	D	L	-	-	-	-	E	D	D	D	D	L	-	-
D	D	D	D	D	-	-	-	E	E	E	E	D	D	-	-	-	-	-	-	D	D	D	D	D	D	-	-
-	-	-	-	L	L	L	-	-	-	-	D	D	D	D	D	-	-	-	D	-	-	-	-	-	-	-	-
-	D	D	D	D	D	-	-	-	-	-	-	-	E	D	D	-	-	-	-	-	-	-	-	-	-	-	-
-	-	-	-	-	-	-	-	E	E	E	E	-	-	-	-	-	-	-	E	E	D	D	D	-	-	-	-
-	-	-	-	D	D	D	-	-	-	-	-	-	-	E	D	D	D	D	-	-	-	L	-	-	-	-	-
-	-	-	-	-	-	-	-	D	D	D	D	-	-	-	-	-	-	E	E	E	E	E	-	-	-	-	-
Objective 0: 6416
Objective 1: 56
Constr violation: -2
Restrictions violated:
0 0 0 0 0 0 0 2 

Individual 4
1	2	3	4	5	6	7	8	9	10	11	12	13	14	15	16	17	18	19	20	21	22	23	24	25	26	27	28
D	D	D	D	D	-	-	E	E	E	D	D	-	-	-	-	-	E	E	E	D	-	-	-	E	E	D	D
E	E	E	-	-	-	-	D	D	D	D	-	-	-	-	E	E	E	E	E	-	-	-	E	E	E	E	E
-	-	E	E	D	L	-	-	E	D	-	-	E	D	D	D	L	-	-	-	-	E	D	D	L	L	-	-
-	-	-	-	-	-	-	-	E	E	E	E	E	-	-	-	-	E	E	E	E	-	-	-	-	-	-	-
-	E	L	L	-	-	E	L	L	L	L	-	-	-	-	E	E	E	D	-	-	D	D	L	L	L	-	-
L	L	L	-	-	E	E	E	L	-	-	-	-	-	E	L	L	L	-	-	-	-	-	E	E	E	E	E
E	E	E	E	E	-	-	-	-	-	-	E	E	E	-	-	-	-	-	E	E	E	E	-	-	-	-	-
-	E	E	E	E	-	-	D	D	L	L	-	-	-	-	-	-	D	D	D	D	D	-	-	D	D	L	L
D	D	D	D	-	-	-	D	D	-	-	-	-	E	E	E	E	D	-	-	E	E	E	E	D	-	-	-
D	D	D	D	D	-	-	-	-	-	D	D	L	L	L	-	-	D	D	L	-	-	L	L	L	-	-	-
E	E	D	D	D	-	-	-	-	-	-	E	E	E	D	D	D	-	-	-	E	E	E	E	E	-	-	-
-	-	-	-	D	D	D	L	L	-	-	-	E	E	D	D	L	L	-	-	-	L	L	L	L	L	-	-
E	E	D	-	-	-	E	E	D	D	D	D	-	-	-	E	D	D	D	D	L	-	-	-	E	D	-	-
L	L	L	L	L	-	-	-	-	-	E	E	D	D	D	L	-	-	-	-	E	D	D	D	D	L	-	-
D	D	D	D	D	-	-	-	E	E	E	E	D	D	-	-	-	-	-	-	D	D	D	D	D	D	-	-
-	-	-	-	L	L	L	-	-	-	-	D	D	D	D	D	-	-	-	D	-	-	-	-	-	-	-	-
-	D	D	D	D	D	-	-	-	-	-	-	-	E	D	D	-	-	-	-	-	-	-	-	-	-	-	-
-	-	-	-	-	-	-	-	E	E	E	E	-	-	-	-	-	-	-	E	E	D	D	D	-	-	-	-
-	-	-	-	D	D	D	-	-	-	-	-	-	-	E	D	D	D	D	-	-	-	L	-	-	-	-	-
-	-	-	-	-	-	-	-	D	D	D	D	-	-	-	-	-	-	E	E	E	E	E	-	-	-	-	-
Objective 0: 5622
Objective 1: 51
Constr violation: -2
Restrictions violated:
0 0 0 0 0 0 0 2 

Individual 5
1	2	3	4	5	6	7	8	9	10	11	12	13	14	15	16	17	18	19	20	21	22	23	24	25	26	27	28
D	D	D	D	D	-	-	E	E	E	D	D	-	-	-	-	-	E	E	E	D	-	-	-	E	E	D	D
E	E	E	-	-	-	-	D	D	D	D	-	-	-	-	E	E	E	E	E	-	-	-	E	E	E	E	E
-	-	E	E	D	L	-	-	E	D	-	-	E	D	D	D	L	-	-	-	-	E	D	D	L	L	-	-
-	-	-	-	-	E	E	E	-	-	-	-	-	-	-	-	-	E	E	E	E	-	-	-	-	-	-	-
D	L	-	-	-	E	E	L	L	L	-	-	-	-	-	E	L	L	L	-	-	-	-	D	D	D	D	D
L	L	L	-	-	E	E	E	L	-	-	-	-	-	E	L	L	L	-	-	-	-	-	E	E	E	E	E
-	-	-	-	-	-	-	-	-	-	-	-	-	-	-	-	-	-	-	-	-	-	-	-	-	-	-	-
-	E	E	E	E	-	-	D	D	L	L	-	-	-	-	-	-	D	D	D	D	D	-	-	D	D	L	L
D	D	D	D	-	-	-	D	D	-	-	-	-	E	E	E	E	D	-	-	E	E	E	E	D	-	-	-
D	D	D	D	D	-	-	-	-	-	D	D	L	L	L	-	-	D	D	L	-	-	L	L	L	-	-	-
E	E	D	D	D	-	-	-	-	-	-	E	E	E	D	D	D	-	-	-	E	E	E	E	E	-	-	-
-	-	-	-	D	D	D	L	L	-	-	-	E	E	D	D	L	L	-	-	-	L	L	L	L	L	-	-
E	D	D	-	-	-	D	D	D	D	L	L	-	-	-	D	D	D	D	L	L	-	-	-	E	D	-	-
L	L	L	L	L	-	-	-	-	-	E	E	D	D	D	L	-	-	-	-	-	E	D	D	D	D	L	-
D	D	D	D	D	-	-	-	E	E	E	E	D	D	-	-	-	-	-	-	D	D	D	D	D	D	-	-
-	-	-	-	L	L	L	-	-	-	-	D	D	D	D	D	-	-	-	D	-	-	-	-	-	-	-	-
-	D	D	D	D	D	-	-	-	-	-	-	-	E	D	D	-	-	-	-	-	-	-	-	-	-	-	-
-	-	-	-	-	-	-	-	E	E	E	E	-	-	-	-	-	-	-	E	E	D	D	D	-	-	-	-
-	-	-	-	D	D	D	-	-	-	-	-	-	-	E	D	D	D	D	-	-	-	L	-	-	-	-	-
-	-	-	-	-	-	-	-	D	D	D	D	-	-	-	-	-	-	E	E	E	E	E	-	-	-	-	-
Objective 0: 6112
Objective 1: 62
Constr violation: -2
Restrictions violated:
0 0 0 0 0 0 0 2 

Individual 6
1	2	3	4	5	6	7	8	9	10	11	12	13	14	15	16	17	18	19	20	21	22	23	24	25	26	27	28
D	D	D	D	D	-	-	E	E	E	D	D	-	-	-	-	-	E	E	E	D	-	-	-	E	E	D	D
E	E	E	-	-	-	-	D	D	D	D	-	-	-	-	E	E	E	E	E	-	-	-	E	E	E	E	E
-	-	E	E	D	L	-	-	E	D	-	-	E	D	D	D	L	-	-	-	-	E	D	D	L	L	-	-
-	-	-	-	-	E	E	E	-	-	-	-	-	-	-	-	-	E	E	E	E	-	-	-	-	-	-	-
-	E	L	L	-	-	E	L	L	L	L	-	-	-	-	E	E	E	D	-	-	D	D	L	L	L	-	-
L	L	L	-	-	E	E	E	L	-	-	-	-	-	E	L	L	L	-	-	-	-	-	E	E	E	E	E
E	E	E	E	E	-	-	-	-	-	-	E	E	E	-	-	-	-	-	E	E	E	E	-	-	-	-	-
-	E	E	E	E	-	-	E	E	L	L	-	-	-	-	-	D	D	D	D	D	-	-	-	E	E	L	L
D	D	D	D	-	-	-	D	D	-	-	-	-	E	E	E	E	D	-	-	E	E	E	E	D	-	-	-
D	D	D	D	D	-	-	-	-	-	D	D	L	L	L	-	-	D	D	L	-	-	L	L	L	-	-	-
E	E	D	D	D	-	-	-	-	-	-	E	E	E	D	D	D	-	-	-	E	E	E	E	E	-	-	-
-	-	-	-	D	D	D	L	L	-	-	-	E	E	D	D	L	L	-	-	-	L	L	L	L	L	-	-
E	E	D	-	-	-	E	E	D	D	D	D	-	-	-	E	D	D	D	D	L	-	-	-	E	D	-	-
L	L	L	L	L	-	-	-	-	-	E	E	D	D	D	L	-	-	-	-	-	E	D	D	D	D	L	-
D	D	D	D	D	-	-	-	E	E	E	E	D	D	-	-	-	-	-	-	D	D	D	D	D	D	-	-
-	-	-	-	L	L	L	-	-	-	-	D	D	D	D	D	-	-	-	D	-	-	-	-	-	-	-	-
-	D	D	D	D	D	-	-	-	-	-	-	-	E	D	D	-	-	-	-	-	-	-	-	-	-	-	-
-	-	-	-	-	-	-	-	E	E	E	E	-	-	-	-	-	-	-	E	E	D	D	D	-	-	-	-
-	-	-	-	D	D	D	-	-	-	-	-	-	-	E	D	D	D	D	-	-	-	L	-	-	-	-	-
-	-	-	-	-	-	-	-	D	D	D	D	-	-	-	-	-	-	E	E	E	E	E	-	-	-	-	-
Objective 0: 5418
Objective 1: 59
Constr violation: -2
Restrictions violated:
0 0 0 0 0 0 0 2 

Individual 7
1	2	3	4	5	6	7	8	9	10	11	12	13	14	15	16	17	18	19	20	21	22	23	24	25	26	27	28
D	D	D	D	D	-	-	E	E	E	D	D	-	-	-	-	-	E	E	E	D	-	-	-	E	E	D	D
E	E	E	-	-	-	-	D	D	D	D	-	-	-	-	E	E	E	E	E	-	-	-	E	E	E	E	E
-	-	E	E	D	L	-	-	E	D	-	-	E	D	D	D	L	-	-	-	-	E	D	D	L	L	-	-
-	-	-	-	-	E	E	E	-	-	-	-	-	-	-	-	-	E	E	E	E	-	-	-	-	-	-	-
-	E	L	L	-	-	E	L	L	L	L	-	-	-	-	E	E	E	D	-	-	D	D	L	L	L	-	-
L	L	L	-	-	E	E	E	L	-	-	-	-	-	E	L	L	L	-	-	-	-	-	E	E	E	E	E
-	-	-	-	-	-	-	-	-	-	-	-	-	-	-	-	-	-	-	-	-	-	-	-	-	-	-	-
-	E	E	E	E	-	-	D	D	L	L	-	-	-	-	-	-	D	D	D	D	D	-	-	D	D	L	L
D	D	D	D	-	-	-	D	D	-	-	-	-	E	E	E	E	D	-	-	E	E	E	E	D	-	-	-
D	D	D	D	D	-	-	-	-	-	D	D	L	L	L	-	-	D	D	L	-	-	L	L	L	-	-	-
E	E	D	D	D	-	-	-	-	-	-	E	E	E	D	D	D	-	-	-	E	E	E	E	E	-	-	-
-	-	-	-	D	D	D	L	L	-	-	-	E	E	D	D	L	L	-	-	-	L	L	L	L	L	-	-
E	E	D	-	-	-	E	E	D	D	D	D	-	-	-	E	D	D	D	D	L	-	-	-	E	D	-	-
L	L	L	L	L	-	-	-	-	-	E	E	D	D	D	L	-	-	-	-	E	D	D	D	D	L	-	-
D	D	D	D	D	-	-	-	E	E	E	E	D	D	-	-	-	-	-	-	D	D	D	D	D	D	-	-
-	-	-	-	L	L	L	-	-	-	-	D	D	D	D	D	-	-	-	D	-	-	-	-	-	-	-	-
-	D	D	D	D	D	-	-	-	-	-	-	-	E	D	D	-	-	-	-	-	-	-	-	-	-	-	-
E	L	L	L	L	-	-	-	E	E	E	E	-	-	-	-	-	-	-	-	-	-	-	-	-	-	-	-
-	-	-	-	D	D	D	-	-	-	-	-	-	-	E	D	D	D	D	-	-	-	L	-	-	-	-	-
-	-	-	-	-	-	-	-	D	D	D	D	-	-	-	-	-	-	E	E	E	E	E	-	-	-	-	-
Objective 0: 6719
Objective 1: 49
Constr violation: -2
Restrictions violated:
0 0 0 0 0 0 0 2 

Individual 8
1	2	3	4	5	6	7	8	9	10	11	12	13	14	15	16	17	18	19	20	21	22	23	24	25	26	27	28
D	D	D	D	D	-	-	E	E	E	D	D	-	-	-	-	-	E	E	E	D	-	-	-	E	E	D	D
E	E	E	-	-	-	-	D	D	D	D	-	-	-	-	E	E	E	E	E	-	-	-	E	E	E	E	E
-	-	E	E	D	L	-	-	E	D	-	-	E	D	D	D	L	-	-	-	-	E	D	D	L	L	-	-
-	-	-	-	-	-	-	-	E	E	E	E	E	-	-	-	-	E	E	E	E	-	-	-	-	-	-	-
-	E	L	L	-	-	E	L	L	L	L	-	-	-	-	E	E	E	D	-	-	D	D	L	L	L	-	-
L	L	L	-	-	E	E	E	L	-	-	-	-	-	E	L	L	L	-	-	-	-	-	E	E	E	E	E
-	-	-	-	-	-	-	-	-	-	-	-	-	-	-	-	-	-	-	-	-	-	-	-	-	-	-	-
-	E	E	E	E	-	-	E	E	L	L	-	-	-	-	-	D	D	D	D	D	-	-	-	E	E	L	L
D	D	D	D	-	-	-	D	D	-	-	-	-	E	E	E	E	D	-	-	E	E	E	E	D	-	-	-
D	D	D	D	D	-	-	-	-	-	D	D	L	L	L	-	-	D	D	L	-	-	L	L	L	-	-	-
E	E	D	D	D	-	-	-	-	-	-	E	E	E	D	D	D	-	-	-	E	E	E	E	E	-	-	-
-	-	-	-	D	D	D	L	L	-	-	-	E	E	D	D	L	L	-	-	-	L	L	L	L	L	-	-
E	E	D	-	-	-	E	E	D	D	D	D	-	-	-	E	D	D	D	D	L	-	-	-	E	D	-	-
L	L	L	L	L	-	-	-	-	-	E	E	D	D	D	L	-	-	-	-	E	D	D	D	D	L	-	-
D	D	D	D	D	-	-	-	E	E	E	E	D	D	-	-	-	-	-	-	D	D	D	D	D	D	-	-
-	-	-	-	L	L	L	-	-	-	-	D	D	D	D	D	-	-	-	D	-	-	-	-	-	-	-	-
-	D	D	D	D	D	-	-	-	-	-	-	-	E	D	D	-	-	-	-	-	-	-	-	-	-	-	-
E	L	L	L	L	-	-	-	E	E	E	E	-	-	-	-	-	-	-	-	-	-	-	-	-	-	-	-
-	-	-	-	D	D	D	-	-	-	-	-	-	-	E	D	D	D	D	-	-	-	L	-	-	-	-	-
-	-	-	-	-	-	-	-	D	D	D	D	-	-	-	-	-	-	E	E	E	E	E	-	-	-	-	-
Objective 0: 7024
Objective 1: 39
Constr violation: -2
Restrictions violated:
0 0 0 0 0 0 0 2 

Individual 9
1	2	3	4	5	6	7	8	9	10	11	12	13	14	15	16	17	18	19	20	21	22	23	24	25	26	27	28
D	D	D	D	D	-	-	E	E	E	D	D	-	-	-	-	-	E	E	E	D	-	-	-	E	E	D	D
E	E	E	-	-	-	-	D	D	D	D	-	-	-	-	E	E	E	E	E	-	-	-	E	E	E	E	E
-	-	E	E	D	L	-	-	E	D	-	-	E	D	D	D	L	-	-	-	-	E	D	D	L	L	-	-
-	-	-	-	-	-	-	-	E	E	E	E	E	-	-	-	-	E	E	E	E	-	-	-	-	-	-	-
-	E	L	L	-	-	E	L	L	L	L	-	-	-	-	E	E	E	D	-	-	D	D	L	L	L	-	-
L	L	L	-	-	E	E	E	L	-	-	-	-	-	E	L	L	L	-	-	-	-	-	E	E	E	E	E
E	E	E	E	E	-	-	-	-	-	-	E	E	E	-	-	-	-	-	E	E	E	E	-	-	-	-	-
-	E	E	E	E	-	-	D	D	L	L	-	-	-	-	-	-	D	D	D	D	D	-	-	D	D	L	L
D	D	D	D	-	-	-	D	D	-	-	-	-	E	E	E	E	D	-	-	E	E	E	E	D	-	-	-
D	D	D	D	D	-	-	-	-	-	D	D	L	L	L	-	-	D	D	L	-	-	L	L	L	-	-	-
E	E	D	D	D	-	-	-	-	-	-	E	E	E	D	D	D	-	-	-	E	E	E	E	E	-	-	-
-	-	-	-	D	D	D	L	L	-	-	-	E	E	D	D	L	L	-	-	-	L	L	L	L	L	-	-
E	E	D	-	-	-	E	E	D	D	D	D	-	-	-	E	D	D	D	D	L	-	-	-	E	D	-	-
L	L	L	L	L	-	-	-	-	-	E	E	D	D	D	L	-	-	-	-	E	D	D	D	D	L	-	-
D	D	D	D	D	-	-	-	E	E	E	E	D	D	-	-	-	-	-	-	D	D	D	D	D	D	-	-
-	-	-	-	L	L	L	-	-	-	-	D	D	D	D	D	-	-	-	D	-	-	-	-	-	-	-	-
-	D	D	D	D	D	-	-	-	-	-	-	-	E	D	D	-	-	-	-	-	-	-	-	-	-	-	-
E	L	L	L	L	-	-	-	E	E	E	E	-	-	-	-	-	-	-	-	-	-	-	-	-	-	-	-
-	-	-	-	D	D	D	-	-	-	-	-	-	-	E	D	D	D	D	-	-	-	L	-	-	-	-	-
-	-	-	-	-	-	-	-	D	D	D	D	-	-	-	-	-	-	E	E	E	E	E	-	-	-	-	-
Objective 0: 5925
Objective 1: 44
Constr violation: -2
Restrictions violated:
0 0 0 0 0 0 0 2 

Individual 10
1	2	3	4	5	6	7	8	9	10	11	12	13	14	15	16	17	18	19	20	21	22	23	24	25	26	27	28
D	D	D	D	D	-	-	E	E	E	D	D	-	-	-	-	-	E	E	E	D	-	-	-	E	E	D	D
E	E	E	-	-	-	-	D	D	D	D	-	-	-	-	E	E	E	E	E	-	-	-	E	E	E	E	E
-	-	E	E	D	L	-	-	E	D	-	-	E	D	D	D	L	-	-	-	-	E	D	D	L	L	-	-
-	-	-	-	-	E	E	E	-	-	-	-	-	-	-	-	-	E	E	E	E	-	-	-	-	-	-	-
D	L	-	-	-	E	E	L	L	L	-	-	-	-	-	E	L	L	L	-	-	-	-	D	D	D	D	D
L	L	L	-	-	E	E	E	L	-	-	-	-	-	E	L	L	L	-	-	-	-	-	E	E	E	E	E
E	E	E	E	E	-	-	-	-	-	-	E	E	E	-	-	-	-	-	E	E	E	E	-	-	-	-	-
-	E	E	E	E	-	-	D	D	L	L	-	-	-	-	-	-	D	D	D	D	D	-	-	D	D	L	L
D	D	D	D	-	-	-	D	D	-	-	-	-	E	E	E	E	D	-	-	E	E	E	E	D	-	-	-
D	D	D	D	D	-	-	-	-	-	D	D	L	L	L	-	-	D	D	L	-	-	L	L	L	-	-	-
E	E	D	D	D	-	-	-	-	-	-	E	E	E	D	D	D	-	-	-	E	E	E	E	E	-	-	-
-	-	-	-	D	D	D	L	L	-	-	-	E	E	D	D	L	L	-	-	-	L	L	L	L	L	-	-
E	E	D	-	-	-	E	E	D	D	D	D	-	-	-	E	D	D	D	D	L	-	-	-	E	D	-	-
L	L	L	L	L	-	-	-	-	-	E	E	D	D	D	L	-	-	-	-	E	D	D	D	D	L	-	-
D	D	D	D	D	-	-	-	E	E	E	E	D	D	-	-	-	-	-	-	D	D	D	D	D	D	-	-
-	-	-	-	L	L	L	-	-	-	-	D	D	D	D	D	-	-	-	D	-	-	-	-	-	-	-	-
-	D	D	D	D	D	-	-	-	-	-	-	-	E	D	D	-	-	-	-	-	-	-	-	-	-	-	-
-	-	-	-	-	-	-	-	E	E	E	E	-	-	-	-	-	-	-	E	E	D	D	D	-	-	-	-
-	-	-	-	D	D	D	-	-	-	-	-	-	-	E	D	D	D	D	-	-	-	L	-	-	-	-	-
-	-	-	-	-	-	-	-	D	D	D	D	-	-	-	-	-	-	E	E	E	E	E	-	-	-	-	-
Objective 0: 5215
Objective 1: 64
Constr violation: -2
Restrictions violated:
0 0 0 0 0 0 0 2 

Individual 11
1	2	3	4	5	6	7	8	9	10	11	12	13	14	15	16	17	18	19	20	21	22	23	24	25	26	27	28
D	D	D	D	D	-	-	E	E	E	D	D	-	-	-	-	-	E	E	E	D	-	-	-	E	E	D	D
E	E	E	-	-	-	-	D	D	D	D	-	-	-	-	E	E	E	E	E	-	-	-	E	E	E	E	E
-	-	E	E	D	L	-	-	E	D	-	-	E	D	D	D	L	-	-	-	-	E	D	D	L	L	-	-
-	-	-	-	-	E	E	E	-	-	-	-	-	-	-	-	-	E	E	E	E	-	-	-	-	-	-	-
-	E	L	L	-	-	E	L	L	L	L	-	-	-	-	E	E	E	D	-	-	D	D	L	L	L	-	-
L	L	L	-	-	E	E	E	L	-	-	-	-	-	E	L	L	L	-	-	-	-	-	E	E	E	E	E
E	E	E	E	E	-	-	-	-	-	-	E	E	E	-	-	-	-	-	E	E	E	E	-	-	-	-	-
-	E	E	E	E	-	-	D	D	L	L	-	-	-	-	-	-	D	D	D	D	D	-	-	D	D	L	L
D	D	D	D	-	-	-	D	D	-	-	-	-	E	E	E	E	D	-	-	E	E	E	E	D	-	-	-
D	D	D	D	D	-	-	-	-	-	D	D	L	L	L	-	-	D	D	L	-	-	L	L	L	-	-	-
E	E	D	D	D	-	-	-	-	-	-	E	E	E	D	D	D	-	-	-	E	E	E	E	E	-	-	-
-	-	-	E	E	D	L	L	-	-	-	-	E	E	E	E	E	E	-	-	-	L	L	L	L	L	-	-
E	D	D	-	-	-	D	D	D	D	L	L	-	-	-	D	D	D	D	L	L	-	-	-	E	D	-	-
L	L	L	L	L	-	-	-	-	-	E	E	D	D	D	L	-	-	-	-	-	E	D	D	D	D	L	-
D	D	D	D	D	-	-	-	E	E	D	D	D	D	-	-	-	-	-	-	D	D	D	D	D	D	-	-
-	-	-	-	L	L	L	-	-	-	-	D	D	D	D	D	-	-	-	D	-	-	-	-	-	-	-	-
D	-	-	-	D	D	D	D	D	-	-	-	-	E	D	D	-	-	-	-	-	-	-	-	-	-	-	-
-	-	-	-	-	-	-	-	E	E	E	E	-	-	-	-	-	-	-	E	E	D	D	D	-	-	-	-
-	-	-	-	D	D	D	-	-	-	-	-	-	-	E	D	D	D	D	-	-	-	L	-	-	-	-	-
-	-	-	-	-	-	-	-	D	D	D	D	-	-	-	-	-	-	E	E	E	E	E	-	-	-	-	-
Objective 0: 4510
Objective 1: 77
Constr violation: -2
Restrictions violated:
0 0 0 0 0 0 0 2 

