Individual 0
1	2	3	4	5	6	7	8	9	10	11	12	13	14	15	16	17	18	19	20	21	22	23	24	25	26	27	28
D	D	D	D	D	-	-	E	E	-	-	-	-	-	-	-	-	E	E	D	D	-	-	E	E	E	E	D
-	-	E	E	D	-	-	D	D	D	D	D	-	E	E	E	E	-	-	E	E	D	D	D	-	-	-	-
-	-	D	D	D	-	E	D	D	D	D	-	-	D	D	D	L	-	-	-	-	E	E	E	E	E	-	-
E	E	E	E	E	-	-	E	E	E	-	-	-	E	E	-	-	E	E	E	E	L	-	-	E	E	-	-
-	E	L	L	-	-	-	L	L	L	L	L	-	-	-	E	E	D	D	D	-	-	-	D	D	D	L	L
L	L	-	-	E	E	L	L	L	E	E	E	E	-	-	L	L	L	L	-	-	E	E	E	-	-	-	-
-	-	-	E	E	E	E	-	-	E	E	E	-	-	E	E	E	E	-	-	E	E	E	E	E	-	-	-
E	E	E	-	-	-	-	E	E	D	D	D	-	-	-	E	D	-	-	D	L	L	L	L	-	D	L	L
D	D	D	-	-	D	D	D	D	D	-	-	-	-	D	D	D	-	-	E	E	E	E	D	-	-	-	-
D	D	D	D	D	-	-	E	D	D	D	D	-	-	-	-	-	D	L	L	L	-	-	-	-	E	E	D
E	E	E	E	D	-	-	-	-	-	-	E	E	E	E	D	D	-	-	-	E	E	E	E	E	D	-	-
D	D	-	-	-	E	E	E	E	L	L	-	-	-	E	D	L	L	-	-	-	E	L	L	L	L	-	-
E	D	-	-	-	E	D	D	D	D	D	-	-	-	-	D	D	D	D	-	-	-	D	L	L	L	-	-
D	L	L	L	L	L	-	-	-	-	E	E	E	E	L	L	-	-	D	L	-	D	D	L	L	-	-	-
D	D	D	D	D	D	-	D	-	E	E	E	-	-	-	D	D	D	-	-	-	-	E	D	D	D	D	D
-	-	-	-	-	L	-	-	-	-	-	D	D	D	D	-	-	-	D	D	D	D	D	-	-	-	-	-
-	-	D	D	D	D	-	-	-	-	-	-	-	-	D	-	-	-	D	D	D	-	-	-	-	D	D	D
-	-	-	-	L	L	L	L	-	-	-	E	E	E	D	-	-	-	-	D	-	-	D	-	-	-	-	-
L	-	-	-	-	-	E	-	-	-	-	-	-	-	-	-	-	D	D	D	D	-	-	D	D	D	-	-
-	-	-	-	E	D	D	D	D	-	-	-	-	E	-	-	-	E	E	E	-	-	-	-	-	-	-	-
Objective 0: 3612
Objective 1: 80
Constr violation: 0
Restrictions violated:
0 0 0 0 0 0 0 0 

Individual 1
1	2	3	4	5	6	7	8	9	10	11	12	13	14	15	16	17	18	19	20	21	22	23	24	25	26	27	28
D	D	D	D	D	-	-	E	E	-	-	-	-	-	-	-	-	E	E	D	D	-	-	E	E	E	E	D
-	-	E	E	D	-	-	D	D	D	D	D	-	E	E	E	E	-	-	E	E	D	D	D	-	-	-	-
-	-	D	D	D	-	E	D	D	D	D	-	-	D	D	D	L	-	-	-	-	E	E	E	E	E	-	-
E	E	E	E	E	-	-	E	E	E	E	E	-	-	-	-	E	E	E	E	E	L	L	-	E	E	-	-
-	E	L	L	-	-	-	L	L	L	L	L	-	-	-	E	E	D	D	D	-	-	D	D	D	L	L	-
L	L	-	-	E	E	L	L	L	E	E	E	E	-	-	L	L	L	L	-	-	E	E	E	-	-	-	-
-	-	-	E	E	E	E	-	-	E	E	E	-	-	E	E	E	E	-	-	E	E	E	E	E	-	-	-
E	E	E	-	-	-	-	E	E	D	D	D	-	-	-	E	D	-	-	D	L	L	L	L	-	D	L	L
D	D	D	-	-	D	D	D	D	D	-	-	-	-	D	D	D	-	-	E	E	E	E	D	-	-	-	-
D	D	D	D	D	-	-	E	D	D	D	D	-	-	-	-	-	D	L	L	L	-	-	-	-	E	E	D
E	E	E	E	D	-	-	-	-	-	-	E	E	E	E	D	D	-	-	-	E	E	E	E	E	D	-	-
D	D	-	-	-	E	D	D	L	L	L	-	-	-	E	D	D	L	-	-	-	L	L	L	L	L	-	-
E	D	-	-	-	E	D	D	D	D	D	-	-	-	-	D	D	D	D	-	-	-	D	L	L	L	-	-
D	L	L	L	L	L	-	-	-	-	E	E	E	E	L	L	-	-	D	L	-	D	D	L	L	-	-	-
D	D	D	D	D	D	-	-	-	E	E	E	-	-	-	-	E	D	L	-	-	E	D	D	D	D	D	-
-	-	-	-	-	L	-	-	-	-	-	D	D	D	D	-	-	-	D	D	D	D	D	-	-	-	-	-
-	-	D	D	D	D	-	-	-	-	-	-	-	-	D	-	-	-	D	D	D	-	-	-	-	D	D	D
-	L	L	L	L	-	-	-	E	E	E	D	-	-	-	-	-	-	-	-	-	-	D	-	-	-	-	-
-	-	D	L	-	-	D	-	-	-	-	-	-	-	-	D	D	D	D	-	-	-	-	D	D	D	-	-
-	-	-	-	-	-	E	E	D	D	D	-	-	E	-	-	-	E	E	E	-	-	-	-	-	D	-	-
Objective 0: 5026
Objective 1: 47
Constr violation: 0
Restrictions violated:
0 0 0 0 0 0 0 0 

Individual 2
1	2	3	4	5	6	7	8	9	10	11	12	13	14	15	16	17	18	19	20	21	22	23	24	25	26	27	28
D	D	D	D	D	-	-	E	E	-	-	-	-	-	-	-	-	E	E	D	D	-	-	E	E	E	E	D
-	-	E	E	D	-	-	D	D	D	D	D	-	E	E	E	E	-	-	E	E	D	D	D	-	-	-	-
-	-	D	D	D	-	E	D	D	D	D	-	-	D	D	D	L	-	-	-	-	E	E	E	E	E	-	-
E	E	E	E	E	-	-	E	E	E	E	-	-	E	E	-	-	E	E	E	E	L	-	-	E	E	-	-
-	E	L	L	-	-	-	L	L	L	L	L	-	-	-	E	E	D	D	D	-	-	-	D	D	D	L	L
L	L	-	-	E	E	L	L	L	E	E	E	E	-	-	L	L	L	L	-	-	E	E	E	-	-	-	-
-	-	-	E	E	E	E	-	-	E	E	E	-	-	E	E	E	E	-	-	E	E	E	E	E	-	-	-
E	E	E	-	-	-	-	E	E	D	D	D	-	-	-	E	D	-	-	E	E	E	L	L	-	D	L	L
D	D	D	-	-	D	D	D	D	D	-	-	-	-	D	D	D	-	-	E	E	E	E	D	-	-	-	-
D	D	D	D	D	-	-	E	D	D	D	D	-	-	-	-	-	D	L	L	L	-	-	-	-	E	E	D
E	E	E	E	D	-	-	-	-	-	-	E	E	E	E	D	D	-	-	-	E	E	E	E	E	D	-	-
D	D	-	-	-	E	D	D	L	L	L	-	-	-	E	D	D	L	-	-	-	L	L	L	L	L	-	-
E	D	-	-	-	E	D	D	D	D	D	-	-	-	-	D	D	D	D	-	-	-	D	L	L	L	-	-
D	L	L	L	L	L	-	-	-	-	E	E	E	E	L	L	-	-	D	L	-	D	D	L	L	-	-	-
D	D	D	D	D	D	-	D	-	E	E	E	-	-	-	D	D	D	-	-	-	-	E	D	D	D	D	D
-	-	-	-	-	L	-	-	-	-	-	D	D	D	D	-	-	-	D	D	D	D	D	-	-	-	-	-
-	-	D	D	D	D	-	-	-	-	-	-	-	-	D	-	-	-	D	D	D	-	-	-	-	D	D	D
-	-	-	-	L	L	L	L	-	-	-	E	E	E	D	-	-	-	-	D	-	-	D	-	-	-	-	-
-	-	D	L	-	-	D	-	-	-	-	-	-	-	-	D	D	D	D	-	-	-	-	D	D	D	-	-
-	-	-	-	-	-	E	E	D	D	D	-	-	E	-	-	-	E	E	E	-	-	-	-	-	D	-	-
Objective 0: 4118
Objective 1: 62
Constr violation: 0
Restrictions violated:
0 0 0 0 0 0 0 0 

Individual 3
1	2	3	4	5	6	7	8	9	10	11	12	13	14	15	16	17	18	19	20	21	22	23	24	25	26	27	28
D	D	D	D	D	-	-	E	E	-	-	-	-	-	-	-	-	E	E	D	D	-	-	E	E	E	E	D
-	-	E	E	D	-	-	D	D	D	D	D	-	E	E	E	E	-	-	E	E	D	D	D	-	-	-	-
-	-	D	D	D	-	E	D	D	D	D	-	-	D	D	D	L	-	-	-	-	E	E	E	E	E	-	-
E	E	E	E	E	-	-	E	E	E	-	-	-	E	E	-	-	E	E	E	E	L	-	-	E	E	-	-
-	E	L	L	-	-	-	L	L	L	L	L	-	-	-	E	E	D	D	D	-	-	-	D	D	D	L	L
L	L	-	-	E	E	L	L	L	E	E	E	E	-	-	L	L	L	L	-	-	E	E	E	-	-	-	-
-	-	-	E	E	E	E	-	-	E	E	E	-	-	E	E	E	E	-	-	E	E	E	E	E	-	-	-
E	E	E	-	-	-	-	E	E	D	D	D	-	-	-	E	D	-	-	E	E	E	L	L	-	D	L	L
D	D	D	-	-	D	D	D	D	D	-	-	-	-	D	D	D	-	-	E	E	E	E	D	-	-	-	-
D	D	D	D	D	-	-	E	D	D	D	D	-	-	-	-	-	D	L	L	L	-	-	-	-	E	E	D
E	E	E	E	D	-	-	-	-	-	-	E	E	E	E	D	D	-	-	-	E	E	E	E	E	D	-	-
D	D	-	-	-	E	D	D	L	L	L	-	-	-	E	D	D	L	-	-	-	L	L	L	L	L	-	-
E	D	-	-	-	E	D	D	D	D	D	-	-	-	-	D	D	D	D	-	-	-	D	L	L	L	-	-
D	L	L	L	L	L	-	-	-	-	E	E	E	E	L	L	-	-	D	L	-	D	D	L	L	-	-	-
D	D	D	D	D	D	-	D	-	E	E	E	-	-	-	D	D	D	-	-	-	-	E	D	D	D	D	D
-	-	-	-	-	L	-	-	-	-	-	D	D	D	D	-	-	-	D	D	D	D	D	-	-	-	-	-
-	-	D	D	D	D	-	-	-	-	-	-	-	-	D	-	-	-	D	D	D	-	-	-	-	D	D	D
-	-	-	-	L	L	L	L	-	-	-	E	E	E	D	-	-	-	-	D	-	-	D	-	-	-	-	-
L	-	-	-	-	-	E	-	-	-	-	-	-	-	-	-	-	D	D	D	D	-	-	D	D	D	-	-
-	-	-	-	-	-	E	E	D	D	D	-	-	E	-	-	-	E	E	E	-	-	-	-	-	D	-	-
Objective 0: 3814
Objective 1: 70
Constr violation: 0
Restrictions violated:
0 0 0 0 0 0 0 0 

Individual 4
1	2	3	4	5	6	7	8	9	10	11	12	13	14	15	16	17	18	19	20	21	22	23	24	25	26	27	28
D	D	D	D	D	-	-	E	E	-	-	-	-	-	-	-	-	E	E	D	D	-	-	E	E	E	E	D
-	-	E	E	D	-	-	D	D	D	D	D	-	E	E	E	E	-	-	E	E	D	D	D	-	-	-	-
-	-	D	D	D	-	E	D	D	D	D	-	-	D	D	D	L	-	-	-	-	E	E	E	E	E	-	-
E	E	E	E	E	-	-	E	E	E	E	-	-	E	E	-	-	E	E	E	E	L	-	-	E	E	-	-
-	E	L	L	-	-	-	L	L	L	L	L	-	-	-	E	E	D	D	D	-	-	-	D	D	D	L	L
L	L	-	-	E	E	L	L	L	E	E	E	E	-	-	L	L	L	L	-	-	E	E	E	-	-	-	-
-	-	-	E	E	E	E	-	-	E	E	E	-	-	E	E	E	E	-	-	E	E	E	E	E	-	-	-
E	E	E	-	-	-	-	E	E	D	D	D	-	-	-	E	D	-	-	D	L	L	L	L	-	D	L	L
D	D	D	-	-	D	D	D	D	D	-	-	-	-	D	D	D	-	-	E	E	E	E	D	-	-	-	-
D	D	D	D	D	-	-	E	D	D	D	D	-	-	-	-	-	D	L	L	L	-	-	-	-	E	E	D
E	E	E	E	D	-	-	-	-	-	-	E	E	E	E	D	D	-	-	-	E	E	E	E	E	D	-	-
D	D	-	-	-	E	D	D	L	L	L	-	-	-	E	D	D	L	-	-	-	L	L	L	L	L	-	-
E	D	-	-	-	E	D	D	D	D	D	-	-	-	-	D	D	D	D	-	-	-	D	L	L	L	-	-
D	L	L	L	L	L	-	-	-	-	E	E	E	E	L	L	-	-	D	L	-	D	D	L	L	-	-	-
D	D	D	D	D	D	-	D	-	E	E	E	-	-	-	D	D	D	-	-	-	-	E	D	D	D	D	D
-	-	-	-	-	L	-	-	-	-	-	D	D	D	D	-	-	-	D	D	D	D	D	-	-	-	-	-
-	-	D	D	D	D	-	-	-	-	-	-	-	-	D	-	-	-	D	D	D	-	-	-	-	D	D	D
-	L	L	L	L	-	-	-	E	E	E	D	-	-	-	-	-	-	-	-	-	-	D	-	-	-	-	-
L	-	-	-	-	-	E	-	-	-	-	-	-	-	-	-	-	D	D	D	D	-	-	D	D	D	-	-
-	-	-	-	-	-	E	E	D	D	D	-	-	E	-	-	-	E	E	E	-	-	-	-	-	D	-	-
Objective 0: 4421
Objective 1: 54
Constr violation: 0
Restrictions violated:
0 0 0 0 0 0 0 0 

Individual 5
1	2	3	4	5	6	7	8	9	10	11	12	13	14	15	16	17	18	19	20	21	22	23	24	25	26	27	28
D	D	D	D	D	-	-	E	E	-	-	-	-	-	-	-	-	E	E	D	D	-	-	E	E	E	E	D
-	-	E	E	D	-	-	D	D	D	D	D	-	E	E	E	E	-	-	E	E	D	D	D	-	-	-	-
-	-	D	D	D	-	E	D	D	D	D	-	-	D	D	D	L	-	-	-	-	E	E	E	E	E	-	-
E	E	E	E	E	-	-	E	E	E	E	-	-	E	E	-	-	E	E	E	E	L	-	-	E	E	-	-
-	E	L	L	-	-	-	L	L	L	L	L	-	-	-	E	E	D	D	D	-	-	-	D	D	D	L	L
L	L	-	-	E	E	L	L	L	E	E	E	E	-	-	L	L	L	L	-	-	E	E	E	-	-	-	-
-	-	-	E	E	E	E	-	-	E	E	E	-	-	E	E	E	E	-	-	E	E	E	E	E	-	-	-
E	E	E	-	-	-	-	E	E	D	D	D	-	-	-	E	D	-	-	D	L	L	L	L	-	D	L	L
D	D	D	-	-	D	D	D	D	D	-	-	-	-	D	D	D	-	-	E	E	E	E	D	-	-	-	-
D	D	D	D	D	-	-	E	D	D	D	D	-	-	-	-	-	D	L	L	L	-	-	-	-	E	E	D
E	E	E	E	D	-	-	-	-	-	-	E	E	E	E	D	D	-	-	-	E	E	E	E	E	D	-	-
D	D	-	-	-	E	D	D	L	L	L	-	-	-	E	D	D	L	-	-	-	L	L	L	L	L	-	-
E	D	-	-	-	E	D	D	D	D	D	-	-	-	-	D	D	D	D	-	-	-	D	L	L	L	-	-
D	L	L	L	L	L	-	-	-	-	E	E	E	E	L	L	-	-	D	L	-	D	D	L	L	-	-	-
D	D	D	D	D	D	-	D	-	E	E	E	-	-	-	D	D	D	-	-	-	-	E	D	D	D	D	D
-	-	-	-	-	L	-	-	-	-	-	D	D	D	D	-	-	-	D	D	D	D	D	-	-	-	-	-
-	-	D	D	D	D	-	-	-	-	-	-	-	-	D	-	-	-	D	D	D	-	-	-	-	D	D	D
-	L	L	L	L	-	-	-	E	E	E	D	-	-	-	-	-	-	-	-	-	-	D	-	-	-	-	-
-	-	D	L	-	-	D	-	-	-	-	-	-	-	-	D	D	D	D	-	-	-	-	D	D	D	-	-
-	-	-	-	-	-	E	E	D	D	D	-	-	E	-	-	-	E	E	E	-	-	-	-	-	D	-	-
Objective 0: 4724
Objective 1: 49
Constr violation: 0
Restrictions violated:
0 0 0 0 0 0 0 0 

Individual 6
1	2	3	4	5	6	7	8	9	10	11	12	13	14	15	16	17	18	19	20	21	22	23	24	25	26	27	28
D	D	D	D	D	-	-	E	E	-	-	-	-	-	-	-	-	E	E	D	D	-	-	E	E	E	E	D
-	-	E	E	D	-	-	D	D	D	D	D	-	E	E	E	E	-	-	E	E	D	D	D	-	-	-	-
-	-	D	D	D	-	E	D	D	D	D	-	-	D	D	D	L	-	-	-	-	E	E	E	E	E	-	-
E	E	E	E	E	-	-	E	E	E	E	-	-	E	E	-	-	E	E	E	E	L	-	-	E	E	-	-
-	E	L	L	-	-	-	L	L	L	L	L	-	-	-	E	E	D	D	D	-	-	-	D	D	D	L	L
L	L	-	-	E	E	L	L	L	E	E	E	E	-	-	L	L	L	L	-	-	E	E	E	-	-	-	-
-	-	-	E	E	E	E	-	-	E	E	E	-	-	E	E	E	E	-	-	E	E	E	E	E	-	-	-
E	E	E	-	-	-	-	E	E	D	D	D	-	-	-	E	D	-	-	E	E	E	L	L	-	D	L	L
D	D	D	-	-	D	D	D	D	D	-	-	-	-	D	D	D	-	-	E	E	E	E	D	-	-	-	-
D	D	D	D	D	-	-	E	D	D	D	D	-	-	-	-	-	D	L	L	L	-	-	-	-	E	E	D
E	E	E	E	D	-	-	-	-	-	-	E	E	E	E	D	D	-	-	-	E	E	E	E	E	D	-	-
D	D	-	-	-	E	D	D	L	L	L	-	-	-	E	D	D	L	-	-	-	L	L	L	L	L	-	-
E	D	-	-	-	E	D	D	D	D	D	-	-	-	-	D	D	D	D	-	-	-	D	L	L	L	-	-
D	L	L	L	L	L	-	-	-	-	E	E	E	E	L	L	-	-	D	L	-	D	D	L	L	-	-	-
D	D	D	D	D	D	-	D	-	E	E	E	-	-	-	D	D	D	-	-	-	-	E	D	D	D	D	D
-	-	-	-	-	L	-	-	-	-	-	D	D	D	D	-	-	-	D	D	D	D	D	-	-	-	-	-
-	-	D	D	D	D	-	-	-	-	-	-	-	-	D	-	-	-	D	D	D	-	-	-	-	D	D	D
-	L	L	L	L	-	-	-	E	E	E	D	-	-	-	-	-	-	-	-	-	-	D	-	-	-	-	-
-	-	D	L	-	-	D	-	-	-	-	-	-	-	-	D	D	D	D	-	-	-	-	D	D	D	-	-
-	-	-	-	-	-	E	E	D	D	D	-	-	E	-	-	-	E	E	E	-	-	-	-	-	D	-	-
Objective 0: 4623
Objective 1: 50
Constr violation: 0
Restrictions violated:
0 0 0 0 0 0 0 0 

Individual 7
1	2	3	4	5	6	7	8	9	10	11	12	13	14	15	16	17	18	19	20	21	22	23	24	25	26	27	28
D	D	D	D	D	-	-	E	E	-	-	-	-	-	-	-	-	E	E	D	D	-	-	E	E	E	E	D
-	-	E	E	D	-	-	D	D	D	D	D	-	E	E	E	E	-	-	E	E	D	D	D	-	-	-	-
-	-	D	D	D	-	E	D	D	D	D	-	-	D	D	D	L	-	-	-	-	E	E	E	E	E	-	-
E	E	E	E	E	-	-	E	E	E	-	-	-	E	E	-	-	E	E	E	E	L	-	-	E	E	-	-
-	E	L	L	-	-	-	L	L	L	L	L	-	-	-	E	E	D	D	D	-	-	-	D	D	D	L	L
L	L	-	-	E	E	L	L	L	E	E	E	E	-	-	L	L	L	L	-	-	E	E	E	-	-	-	-
-	-	-	E	E	E	E	-	-	E	E	E	-	-	E	E	E	E	-	-	E	E	E	E	E	-	-	-
E	E	E	-	-	-	-	E	E	D	D	D	-	-	-	E	D	-	-	E	E	E	L	L	-	D	L	L
D	D	D	-	-	D	D	D	D	D	-	-	-	-	D	D	D	-	-	E	E	E	E	D	-	-	-	-
D	D	D	D	D	-	-	E	D	D	D	D	-	-	-	-	-	D	L	L	L	-	-	-	-	E	E	D
E	E	E	E	D	-	-	-	-	-	-	E	E	E	E	D	D	-	-	-	E	E	E	E	E	D	-	-
D	D	-	-	-	E	D	D	L	L	L	-	-	-	E	D	D	L	-	-	-	L	L	L	L	L	-	-
E	D	-	-	-	E	D	D	D	D	D	-	-	-	-	D	D	D	D	-	-	-	D	L	L	L	-	-
D	L	L	L	L	L	-	-	-	-	E	E	E	E	L	L	-	-	D	L	-	D	D	L	L	-	-	-
D	D	D	D	D	D	-	D	-	E	E	E	-	-	-	D	D	D	-	-	-	-	E	D	D	D	D	D
-	-	-	-	-	L	-	-	-	-	-	D	D	D	D	-	-	-	D	D	D	D	D	-	-	-	-	-
-	-	D	D	D	D	-	-	-	-	-	-	-	-	D	-	-	-	D	D	D	-	-	-	-	D	D	D
-	-	-	-	L	L	L	L	-	-	-	E	E	E	D	-	-	-	-	D	-	-	D	-	-	-	-	-
-	-	D	L	-	-	D	-	-	-	-	-	-	-	-	D	D	D	D	-	-	-	-	D	D	D	-	-
-	-	-	-	-	-	E	E	D	D	D	-	-	E	-	-	-	E	E	E	-	-	-	-	-	D	-	-
Objective 0: 4117
Objective 1: 65
Constr violation: 0
Restrictions violated:
0 0 0 0 0 0 0 0 

Individual 8
1	2	3	4	5	6	7	8	9	10	11	12	13	14	15	16	17	18	19	20	21	22	23	24	25	26	27	28
D	D	D	D	D	-	-	E	E	-	-	-	-	-	-	-	-	E	E	D	D	-	-	E	E	E	E	D
-	-	E	E	D	-	-	D	D	D	D	D	-	E	E	E	E	-	-	E	E	D	D	D	-	-	-	-
-	-	D	D	D	-	E	D	D	D	D	-	-	D	D	D	L	-	-	-	-	E	E	E	E	E	-	-
E	E	E	E	E	-	-	E	E	E	E	-	-	E	E	-	-	E	E	E	E	L	-	-	E	E	-	-
-	E	L	L	-	-	-	L	L	L	L	L	-	-	-	E	E	D	D	D	-	-	-	D	D	D	L	L
L	L	-	-	E	E	L	L	L	E	E	E	E	-	-	L	L	L	L	-	-	E	E	E	-	-	-	-
-	-	-	E	E	E	E	-	-	E	E	E	-	-	E	E	E	E	-	-	E	E	E	E	E	-	-	-
E	E	E	-	-	-	-	E	E	D	D	D	-	-	-	E	D	-	-	D	L	L	L	L	-	D	L	L
D	D	D	-	-	D	D	D	D	D	-	-	-	-	D	D	D	-	-	E	E	E	E	D	-	-	-	-
D	D	D	D	D	-	-	E	D	D	D	D	-	-	-	-	-	D	L	L	L	-	-	-	-	E	E	D
E	E	E	E	D	-	-	-	-	-	-	E	E	E	E	D	D	-	-	-	E	E	E	E	E	D	-	-
D	D	-	-	-	E	D	D	L	L	L	-	-	-	E	D	D	L	-	-	-	L	L	L	L	L	-	-
E	D	-	-	-	E	D	D	D	D	D	-	-	-	-	D	D	D	D	-	-	-	D	L	L	L	-	-
D	L	L	L	L	L	-	-	-	-	E	E	E	E	L	L	-	-	D	L	-	D	D	L	L	-	-	-
D	D	D	D	D	D	-	D	-	E	E	E	-	-	-	D	D	D	-	-	-	-	E	D	D	D	D	D
-	-	-	-	-	L	-	-	-	-	-	D	D	D	D	-	-	-	D	D	D	D	D	-	-	-	-	-
-	-	D	D	D	D	-	-	-	-	-	-	-	-	D	-	-	-	D	D	D	-	-	-	-	D	D	D
-	L	L	L	L	-	-	-	E	E	E	D	-	-	-	-	-	-	-	-	-	-	D	-	-	-	-	-
L	-	-	-	-	-	E	-	-	-	-	-	-	-	-	-	-	D	D	D	D	-	-	D	D	D	-	-
-	-	-	-	-	-	E	E	D	D	D	-	-	E	-	-	-	E	E	E	-	-	-	-	-	D	-	-
Objective 0: 4421
Objective 1: 54
Constr violation: 0
Restrictions violated:
0 0 0 0 0 0 0 0 

Individual 9
1	2	3	4	5	6	7	8	9	10	11	12	13	14	15	16	17	18	19	20	21	22	23	24	25	26	27	28
D	D	D	D	D	-	-	E	E	-	-	-	-	-	-	-	-	E	E	D	D	-	-	E	E	E	E	D
-	-	E	E	D	-	-	D	D	D	D	D	-	E	E	E	E	-	-	E	E	D	D	D	-	-	-	-
-	-	D	D	D	-	E	D	D	D	D	-	-	D	D	D	L	-	-	-	-	E	E	E	E	E	-	-
E	E	E	E	E	-	-	E	E	E	E	-	-	E	E	-	-	E	E	E	E	L	-	-	E	E	-	-
-	E	L	L	-	-	-	L	L	L	L	L	-	-	-	E	E	D	D	D	-	-	-	D	D	D	L	L
L	L	-	-	E	E	L	L	L	E	E	E	E	-	-	L	L	L	L	-	-	E	E	E	-	-	-	-
-	-	-	E	E	E	E	-	-	E	E	E	-	-	E	E	E	E	-	-	E	E	E	E	E	-	-	-
E	E	E	-	-	-	-	E	E	D	D	D	-	-	-	E	D	-	-	D	L	L	L	L	-	D	L	L
D	D	D	-	-	D	D	D	D	D	-	-	-	-	D	D	D	-	-	E	E	E	E	D	-	-	-	-
D	D	D	D	D	-	-	E	D	D	D	D	-	-	-	-	-	D	L	L	L	-	-	-	-	E	E	D
E	E	E	E	D	-	-	-	-	-	-	E	E	E	E	D	D	-	-	-	E	E	E	E	E	D	-	-
D	D	-	-	-	E	E	E	E	L	L	-	-	-	E	D	L	L	-	-	-	E	L	L	L	L	-	-
E	D	-	-	-	E	D	D	D	D	D	-	-	-	-	D	D	D	D	-	-	-	D	L	L	L	-	-
D	L	L	L	L	L	-	-	-	-	E	E	E	E	L	L	-	-	D	L	-	D	D	L	L	-	-	-
D	D	D	D	D	D	-	D	-	E	E	E	-	-	-	D	D	D	-	-	-	-	E	D	D	D	D	D
-	-	-	-	-	L	-	-	-	-	-	D	D	D	D	-	-	-	D	D	D	D	D	-	-	-	-	-
-	-	D	D	D	D	-	-	-	-	-	-	-	-	D	-	-	-	D	D	D	-	-	-	-	D	D	D
-	-	-	-	L	L	L	L	-	-	-	E	E	E	D	-	-	-	-	D	-	-	D	-	-	-	-	-
L	-	-	-	-	-	E	-	-	-	-	-	-	-	-	-	-	D	D	D	D	-	-	D	D	D	-	-
-	-	-	-	E	D	D	D	D	-	-	-	-	E	-	-	-	E	E	E	-	-	-	-	-	-	-	-
Objective 0: 3613
Objective 1: 77
Constr violation: 0
Restrictions violated:
0 0 0 0 0 0 0 0 

Individual 10
1	2	3	4	5	6	7	8	9	10	11	12	13	14	15	16	17	18	19	20	21	22	23	24	25	26	27	28
D	D	D	D	D	-	-	E	E	-	-	-	-	-	-	-	-	E	E	D	D	-	-	E	E	E	E	D
-	-	E	E	D	-	-	D	D	D	D	D	-	E	E	E	E	-	-	E	E	D	D	D	-	-	-	-
-	-	D	D	D	-	E	D	D	D	D	-	-	D	D	D	L	-	-	-	-	E	E	E	E	E	-	-
E	E	E	E	E	-	-	E	E	E	E	-	-	E	E	-	-	E	E	E	E	L	-	-	E	E	-	-
-	E	L	L	-	-	-	L	L	L	L	L	-	-	-	E	E	D	D	D	-	-	-	D	D	D	L	L
L	L	-	-	E	E	L	L	L	E	E	E	E	-	-	L	L	L	L	-	-	E	E	E	-	-	-	-
-	-	-	E	E	E	E	-	-	E	E	E	-	-	E	E	E	E	-	-	E	E	E	E	E	-	-	-
E	E	E	-	-	-	-	E	E	D	D	D	-	-	-	E	D	-	-	D	L	L	L	L	-	D	L	L
D	D	D	-	-	D	D	D	D	D	-	-	-	-	D	D	D	-	-	E	E	E	E	D	-	-	-	-
D	D	D	D	D	-	-	E	D	D	D	D	-	-	-	-	-	D	L	L	L	-	-	-	-	E	E	D
E	E	E	E	D	-	-	-	-	-	-	E	E	E	E	D	D	-	-	-	E	E	E	E	E	D	-	-
D	D	-	-	-	E	D	D	L	L	L	-	-	-	E	D	D	L	-	-	-	L	L	L	L	L	-	-
E	D	-	-	-	E	D	D	D	D	D	-	-	-	-	D	D	D	D	-	-	-	D	L	L	L	-	-
D	L	L	L	L	L	-	-	-	-	E	E	E	E	L	L	-	-	D	L	-	D	D	L	L	-	-	-
D	D	D	D	D	D	-	D	-	E	E	E	-	-	-	D	D	D	-	-	-	-	E	D	D	D	D	D
-	-	-	-	-	L	-	-	-	-	-	D	D	D	D	-	-	-	D	D	D	D	D	-	-	-	-	-
-	-	D	D	D	D	-	-	-	-	-	-	-	-	D	-	-	-	D	D	D	-	-	-	-	D	D	D
-	-	-	-	L	L	L	L	-	-	-	E	E	E	D	-	-	-	-	D	-	-	D	-	-	-	-	-
L	-	-	-	-	-	E	-	-	-	-	-	-	-	-	-	-	D	D	D	D	-	-	D	D	D	-	-
-	-	-	-	-	-	E	E	D	D	D	-	-	E	-	-	-	E	E	E	-	-	-	-	-	D	-	-
Objective 0: 3916
Objective 1: 66
Constr violation: 0
Restrictions violated:
0 0 0 0 0 0 0 0 

Individual 11
1	2	3	4	5	6	7	8	9	10	11	12	13	14	15	16	17	18	19	20	21	22	23	24	25	26	27	28
D	D	D	D	D	-	-	E	E	-	-	-	-	-	-	-	-	E	E	D	D	-	-	E	E	E	E	D
-	-	E	E	D	-	-	D	D	D	D	D	-	E	E	E	E	-	-	E	E	D	D	D	-	-	-	-
-	-	D	D	D	-	E	D	D	D	D	-	-	D	D	D	L	-	-	-	-	E	E	E	E	E	-	-
E	E	E	E	E	-	-	E	E	E	E	-	-	E	E	-	-	E	E	E	E	L	-	-	E	E	-	-
-	E	L	L	-	-	-	L	L	L	L	L	-	-	-	E	E	D	D	D	-	-	-	D	D	D	L	L
L	L	-	-	E	E	L	L	L	E	E	E	E	-	-	L	L	L	L	-	-	E	E	E	-	-	-	-
-	-	-	E	E	E	E	-	-	E	E	E	-	-	E	E	E	E	-	-	E	E	E	E	E	-	-	-
E	E	E	-	-	-	-	E	E	D	D	D	-	-	-	E	D	-	-	D	L	L	L	L	-	D	L	L
D	D	D	-	-	D	D	D	D	D	-	-	-	-	D	D	D	-	-	E	E	E	E	D	-	-	-	-
D	D	D	D	D	-	-	E	D	D	D	D	-	-	-	-	-	D	L	L	L	-	-	-	-	E	E	D
E	E	E	E	D	-	-	-	-	-	-	E	E	E	E	D	D	-	-	-	E	E	E	E	E	D	-	-
D	D	-	-	-	E	D	D	L	L	L	-	-	-	E	D	D	L	-	-	-	L	L	L	L	L	-	-
E	D	-	-	-	E	D	D	D	D	D	-	-	-	-	D	D	D	D	-	-	-	D	L	L	L	-	-
D	L	L	L	L	L	-	-	-	-	E	E	E	E	L	L	-	-	D	L	-	D	D	L	L	-	-	-
D	D	D	D	D	D	-	D	-	E	E	E	-	-	-	D	D	D	-	-	-	-	E	D	D	D	D	D
-	-	-	-	-	L	-	-	-	-	-	D	D	D	D	-	-	-	D	D	D	D	D	-	-	-	-	-
-	-	D	D	D	D	-	-	-	-	-	-	-	-	D	-	-	-	D	D	D	-	-	-	-	D	D	D
-	-	-	-	L	L	L	L	-	-	-	E	E	E	D	-	-	-	-	D	-	-	D	-	-	-	-	-
L	-	-	-	-	-	E	-	-	-	-	-	-	-	-	-	-	D	D	D	D	-	-	D	D	D	-	-
-	-	-	-	-	-	E	E	D	D	D	-	-	E	-	-	-	E	E	E	-	-	-	-	-	D	-	-
Objective 0: 3916
Objective 1: 66
Constr violation: 0
Restrictions violated:
0 0 0 0 0 0 0 0 

