Individual 0
1	2	3	4	5	6	7	8	9	10	11	12	13	14	15	16	17	18	19	20	21	22	23	24	25	26	27	28
D	D	D	D	D	-	-	D	D	D	D	-	-	E	D	-	-	-	-	-	-	-	-	E	E	E	E	D
-	-	E	E	E	E	D	-	-	-	-	-	-	-	-	-	-	-	-	-	-	-	-	-	-	-	-	-
-	E	E	E	L	-	-	E	E	-	-	D	D	D	D	D	-	-	-	-	E	E	L	L	L	-	-	-
E	E	E	E	E	-	-	-	E	E	E	E	E	-	-	-	-	E	E	E	E	-	-	-	E	E	-	-
D	D	L	-	-	D	D	L	L	L	-	-	-	-	-	E	E	E	E	L	-	-	L	L	L	L	-	-
L	L	-	-	-	-	E	L	L	-	-	-	-	-	-	-	-	-	-	-	-	E	L	-	-	-	-	-
-	-	-	-	-	-	-	-	-	-	-	E	E	E	-	-	-	-	-	-	-	-	-	-	-	-	-	-
E	E	E	D	D	-	-	D	D	D	L	-	-	-	-	-	E	D	D	D	L	-	-	-	D	D	D	D
D	D	D	-	-	-	-	D	D	D	D	-	-	E	E	D	D	D	-	-	E	E	E	E	D	-	-	-
D	D	D	D	D	-	-	-	-	E	D	D	L	L	-	-	D	D	D	-	-	-	-	E	E	E	E	E
E	D	D	D	D	-	-	-	-	-	L	L	L	L	L	L	-	-	-	-	E	E	E	E	E	-	-	-
-	-	-	-	-	E	D	D	L	L	L	-	-	-	D	D	D	L	-	-	-	D	D	L	L	L	L	-
E	D	L	-	-	-	-	E	E	E	E	E	L	-	-	-	E	D	D	L	-	-	-	D	D	L	-	-
L	L	L	L	L	L	-	-	-	-	E	E	E	D	D	D	-	-	-	-	-	E	D	L	L	L	-	-
-	E	D	D	D	-	-	-	-	E	E	E	D	D	D	-	-	-	-	-	E	E	D	D	D	D	-	-
-	-	-	D	L	L	L	-	-	-	-	-	-	-	-	-	-	-	-	D	D	D	D	L	-	-	-	-
-	D	D	D	D	D	-	-	-	-	-	-	-	-	-	-	-	-	-	-	-	-	-	-	E	E	D	D
D	L	L	L	L	-	-	-	-	E	E	-	-	-	-	-	-	-	-	-	-	-	D	-	-	-	-	-
D	D	D	-	-	-	-	-	-	-	-	-	-	-	-	D	D	D	D	D	-	-	-	-	-	-	-	-
-	-	-	-	-	D	D	D	D	-	-	E	E	E	E	D	-	-	-	-	-	-	-	-	-	-	-	-
Objective 0: 8426
Objective 1: 38
Constr violation: -4
Restrictions violated:
1 0 0 0 0 0 0 3 

Individual 1
1	2	3	4	5	6	7	8	9	10	11	12	13	14	15	16	17	18	19	20	21	22	23	24	25	26	27	28
E	E	E	E	E	-	-	E	E	E	D	-	-	E	D	-	-	-	-	E	D	D	D	D	-	-	-	-
-	-	-	-	-	E	E	E	E	D	-	-	-	-	-	-	-	-	D	D	D	D	D	-	-	-	-	-
-	E	E	E	L	-	-	E	E	-	-	D	D	D	D	D	-	-	-	-	E	E	L	L	L	-	-	-
E	E	E	E	E	-	-	-	E	E	E	E	E	-	-	-	-	E	E	E	E	-	-	-	E	E	-	-
D	D	L	-	-	D	D	L	L	L	-	-	-	-	-	E	E	E	E	L	-	-	L	L	L	L	-	-
-	-	-	-	-	E	E	L	-	-	-	-	-	-	E	E	E	E	L	-	-	-	-	-	E	E	E	L
-	-	-	-	-	-	-	-	-	-	-	E	E	E	E	E	-	-	E	E	E	E	E	-	-	-	-	-
E	E	E	D	D	-	-	D	D	D	L	-	-	-	-	-	E	D	D	D	L	-	-	-	D	D	D	D
D	D	D	-	-	-	-	D	D	D	D	-	-	E	E	D	D	D	-	-	E	E	E	E	D	-	-	-
D	D	D	D	D	-	-	-	-	E	D	D	L	L	-	-	D	D	D	-	-	-	-	E	E	E	E	E
E	D	D	D	D	-	-	-	-	-	L	L	L	L	L	L	-	-	-	-	E	E	E	E	E	-	-	-
-	-	-	-	D	D	D	D	L	L	-	-	-	-	E	E	L	L	-	-	-	-	E	E	E	E	L	L
D	D	D	-	-	-	D	D	D	D	D	D	-	-	-	L	L	L	L	-	-	-	-	D	D	D	D	D
L	L	L	L	-	-	-	-	-	-	E	E	E	D	D	D	-	-	-	-	-	E	D	D	D	D	L	-
-	E	D	D	D	-	-	-	-	-	D	D	D	D	D	D	-	-	-	-	E	E	D	D	D	D	-	-
-	-	-	D	L	L	L	-	-	-	-	-	-	-	-	-	-	-	-	D	D	D	D	L	-	-	-	-
D	D	D	D	D	-	-	E	D	-	-	-	-	-	-	-	-	-	-	-	-	-	-	D	-	-	-	-
-	-	-	E	D	L	L	-	-	-	-	E	D	D	-	-	-	E	E	-	-	-	-	-	-	-	-	-
L	-	-	-	E	D	-	-	-	-	-	-	-	E	D	D	D	D	-	-	-	-	-	-	-	D	-	-
-	-	-	-	-	D	D	D	D	-	-	E	E	E	E	D	-	-	-	-	-	-	-	-	-	-	-	-
Objective 0: 4102
Objective 1: 117
Constr violation: -4
Restrictions violated:
1 0 0 0 0 0 0 3 

Individual 2
1	2	3	4	5	6	7	8	9	10	11	12	13	14	15	16	17	18	19	20	21	22	23	24	25	26	27	28
D	D	D	D	D	-	-	D	D	D	D	-	-	E	D	-	-	-	-	-	-	-	-	E	E	E	E	D
-	-	-	-	-	E	E	E	E	D	-	-	-	-	-	-	-	-	D	D	D	D	D	-	-	-	-	-
-	E	E	E	L	-	-	E	E	-	-	D	D	D	D	D	-	-	-	-	E	E	L	L	L	-	-	-
E	E	E	E	E	-	-	-	E	E	E	E	E	-	-	-	-	E	E	E	E	-	-	-	E	E	-	-
D	D	L	-	-	D	D	L	L	L	-	-	-	-	-	E	E	E	E	L	-	-	L	L	L	L	-	-
L	L	-	-	-	-	E	L	L	-	-	-	-	-	-	-	-	-	-	-	-	E	L	-	-	-	-	-
-	-	-	-	-	-	-	-	-	-	-	E	E	E	E	E	-	-	E	E	E	E	E	-	-	-	-	-
E	E	E	D	D	-	-	D	D	D	L	-	-	-	-	-	E	D	D	D	L	-	-	-	D	D	D	D
D	D	D	-	-	-	-	D	D	D	D	-	-	E	E	D	D	D	-	-	E	E	E	E	D	-	-	-
D	D	D	D	D	-	-	-	-	E	D	D	L	L	-	-	D	D	D	-	-	-	-	E	E	E	E	E
E	D	D	D	D	-	-	-	-	-	L	L	L	L	L	L	-	-	-	-	E	E	E	E	E	-	-	-
-	-	-	-	-	E	D	D	L	L	L	-	-	-	D	D	D	L	-	-	-	D	D	L	L	L	L	-
D	D	D	-	-	-	D	D	D	D	D	D	-	-	-	L	L	L	L	-	-	-	-	D	D	D	D	D
L	L	L	L	-	-	-	-	-	-	E	E	E	D	D	D	-	-	-	-	-	E	D	D	D	D	L	-
-	E	D	D	D	-	-	-	-	-	D	D	D	D	D	D	-	-	-	-	E	E	D	D	D	D	-	-
-	-	-	D	L	L	L	-	-	-	-	-	-	-	-	-	-	-	-	D	D	D	D	L	-	-	-	-
-	D	D	D	D	D	-	-	-	-	-	-	-	-	-	-	-	-	-	-	-	-	-	-	E	E	D	D
D	L	L	L	L	-	-	-	-	E	E	-	-	-	-	-	-	-	-	-	-	-	D	-	-	-	-	-
L	-	-	-	E	D	-	-	-	-	-	-	-	E	D	D	D	D	-	-	-	-	-	-	-	D	-	-
-	-	-	-	-	D	D	D	D	-	-	E	E	E	E	D	-	-	-	-	-	-	-	-	-	-	-	-
Objective 0: 6521
Objective 1: 75
Constr violation: -4
Restrictions violated:
1 0 0 0 0 0 0 3 

Individual 3
1	2	3	4	5	6	7	8	9	10	11	12	13	14	15	16	17	18	19	20	21	22	23	24	25	26	27	28
D	D	D	D	D	-	-	D	D	D	D	-	-	E	D	-	-	-	-	-	-	-	-	E	E	E	E	D
-	-	-	-	-	E	E	E	E	D	-	-	-	-	-	-	-	-	D	D	D	D	D	-	-	-	-	-
-	E	E	E	L	-	-	E	E	-	-	D	D	D	D	D	-	-	-	-	E	E	L	L	L	-	-	-
E	E	E	E	E	-	-	-	E	E	E	E	E	-	-	-	-	E	E	E	E	-	-	-	E	E	-	-
D	D	L	-	-	D	D	L	L	L	-	-	-	-	-	E	E	E	E	L	-	-	L	L	L	L	-	-
L	L	-	-	-	-	E	L	L	-	-	-	-	-	-	-	-	-	-	-	-	E	L	-	-	-	-	-
-	-	-	-	-	-	-	-	-	-	-	E	E	E	E	E	-	-	E	E	E	E	E	-	-	-	-	-
E	E	E	D	D	-	-	D	D	D	L	-	-	-	-	-	E	D	D	D	L	-	-	-	D	D	D	D
D	D	D	-	-	-	-	D	D	D	D	-	-	E	E	D	D	D	-	-	E	E	E	E	D	-	-	-
D	D	D	D	D	-	-	-	-	E	D	D	L	L	-	-	D	D	D	-	-	-	-	E	E	E	E	E
E	D	D	D	D	-	-	-	-	-	L	L	L	L	L	L	-	-	-	-	E	E	E	E	E	-	-	-
-	-	-	-	D	D	D	D	L	L	-	-	-	-	E	E	L	L	-	-	-	-	E	E	E	E	L	L
D	D	D	-	-	-	D	D	D	D	D	D	-	-	-	L	L	L	L	-	-	-	-	D	D	D	D	D
L	L	L	L	-	-	-	-	-	-	E	E	E	D	D	D	-	-	-	-	-	E	D	D	D	D	L	-
-	E	D	D	D	-	-	-	-	E	E	E	D	D	D	-	-	-	-	-	E	E	D	D	D	D	-	-
-	-	-	D	L	L	L	-	-	-	-	-	-	-	-	-	-	-	-	D	D	D	D	L	-	-	-	-
D	D	D	D	D	-	-	E	D	-	-	-	-	-	-	-	-	-	-	-	-	-	-	D	-	-	-	-
-	-	-	E	D	L	L	-	-	-	-	E	D	D	-	-	-	E	E	-	-	-	-	-	-	-	-	-
L	-	-	-	E	D	-	-	-	-	-	-	-	E	D	D	D	D	-	-	-	-	-	-	-	D	-	-
-	-	-	-	-	D	D	D	D	-	-	E	E	E	E	D	-	-	-	-	-	-	-	-	-	-	-	-
Objective 0: 5612
Objective 1: 93
Constr violation: -4
Restrictions violated:
1 0 0 0 0 0 0 3 

Individual 4
1	2	3	4	5	6	7	8	9	10	11	12	13	14	15	16	17	18	19	20	21	22	23	24	25	26	27	28
D	D	D	D	D	-	-	D	D	D	D	-	-	E	D	-	-	-	-	-	-	-	-	E	E	E	E	D
-	-	E	E	E	E	D	-	-	-	-	-	-	-	-	-	-	-	-	-	-	-	-	-	-	-	-	-
-	E	E	E	L	-	-	E	E	-	-	D	D	D	D	D	-	-	-	-	E	E	L	L	L	-	-	-
E	E	E	E	E	-	-	-	E	E	E	E	E	-	-	-	-	E	E	E	E	-	-	-	E	E	-	-
D	D	L	-	-	D	D	L	L	L	-	-	-	-	-	E	E	E	E	L	-	-	L	L	L	L	-	-
L	L	-	-	-	-	E	L	L	-	-	-	-	-	-	-	-	-	-	-	-	E	L	-	-	-	-	-
-	-	-	-	-	-	-	-	-	-	-	E	E	E	-	-	-	-	-	-	-	-	-	-	-	-	-	-
E	E	E	D	D	-	-	D	D	D	L	-	-	-	-	-	E	D	D	D	L	-	-	-	D	D	D	D
D	D	D	-	-	-	-	D	D	D	D	-	-	E	E	D	D	D	-	-	E	E	E	E	D	-	-	-
D	D	D	D	D	-	-	-	-	E	D	D	L	L	-	-	D	D	D	-	-	-	-	E	E	E	E	E
E	D	D	D	D	-	-	-	-	-	L	L	L	L	L	L	-	-	-	-	E	E	E	E	E	-	-	-
-	-	-	-	-	E	D	D	L	L	L	-	-	-	D	D	D	L	-	-	-	D	D	L	L	L	L	-
D	D	D	-	-	-	D	D	D	D	D	D	-	-	-	L	L	L	L	-	-	-	-	D	D	D	D	D
L	L	L	L	L	L	-	-	-	-	E	E	E	D	D	D	-	-	-	-	-	E	D	L	L	L	-	-
-	E	D	D	D	-	-	-	-	-	D	D	D	D	D	D	-	-	-	-	E	E	D	D	D	D	-	-
-	-	-	D	L	L	L	-	-	-	-	-	-	-	-	-	-	-	-	D	D	D	D	L	-	-	-	-
D	D	D	D	D	-	-	E	D	-	-	-	-	-	-	-	-	-	-	-	-	-	-	D	-	-	-	-
-	-	-	E	D	L	L	-	-	-	-	E	D	D	-	-	-	E	E	-	-	-	-	-	-	-	-	-
L	-	-	-	E	D	-	-	-	-	-	-	-	E	D	D	D	D	-	-	-	-	-	-	-	D	-	-
-	-	-	-	-	D	D	D	D	-	-	E	E	E	E	D	-	-	-	-	-	-	-	-	-	-	-	-
Objective 0: 7116
Objective 1: 78
Constr violation: -4
Restrictions violated:
1 0 0 0 0 0 0 3 

Individual 5
1	2	3	4	5	6	7	8	9	10	11	12	13	14	15	16	17	18	19	20	21	22	23	24	25	26	27	28
E	E	E	E	E	-	-	E	E	E	D	-	-	E	D	-	-	-	-	E	D	D	D	D	-	-	-	-
-	-	-	-	-	E	E	E	E	D	-	-	-	-	-	-	-	-	D	D	D	D	D	-	-	-	-	-
-	E	E	E	L	-	-	E	E	-	-	D	D	D	D	D	-	-	-	-	E	E	L	L	L	-	-	-
E	E	E	E	E	-	-	-	E	E	E	E	E	-	-	-	-	E	E	E	E	-	-	-	E	E	-	-
D	D	L	-	-	D	D	L	L	L	-	-	-	-	-	E	E	E	E	L	-	-	L	L	L	L	-	-
L	L	-	-	-	-	E	L	L	-	-	-	-	-	-	-	-	-	-	-	-	E	L	-	-	-	-	-
-	-	-	-	-	-	-	-	-	-	-	E	E	E	E	E	-	-	E	E	E	E	E	-	-	-	-	-
E	E	E	D	D	-	-	D	D	D	L	-	-	-	-	-	E	D	D	D	L	-	-	-	D	D	D	D
D	D	D	-	-	-	-	D	D	D	D	-	-	E	E	D	D	D	-	-	E	E	E	E	D	-	-	-
D	D	D	D	D	-	-	-	-	E	D	D	L	L	-	-	D	D	D	-	-	-	-	E	E	E	E	E
E	D	D	D	D	-	-	-	-	-	L	L	L	L	L	L	-	-	-	-	E	E	E	E	E	-	-	-
-	-	-	-	D	D	D	D	L	L	-	-	-	-	E	E	L	L	-	-	-	-	E	E	E	E	L	L
D	D	D	-	-	-	D	D	D	D	D	D	-	-	-	L	L	L	L	-	-	-	-	D	D	D	D	D
L	L	L	L	-	-	-	-	-	-	E	E	E	D	D	D	-	-	-	-	-	E	D	D	D	D	L	-
-	E	D	D	D	-	-	-	-	-	D	D	D	D	D	D	-	-	-	-	E	E	D	D	D	D	-	-
-	-	-	D	L	L	L	-	-	-	-	-	-	-	-	-	-	-	-	D	D	D	D	L	-	-	-	-
D	D	D	D	D	-	-	E	D	-	-	-	-	-	-	-	-	-	-	-	-	-	-	D	-	-	-	-
-	-	-	E	D	L	L	-	-	-	-	E	D	D	-	-	-	E	E	-	-	-	-	-	-	-	-	-
L	-	-	-	E	D	-	-	-	-	-	-	-	E	D	D	D	D	-	-	-	-	-	-	-	D	-	-
-	-	-	-	-	D	D	D	D	-	-	E	E	E	E	D	-	-	-	-	-	-	-	-	-	-	-	-
Objective 0: 4905
Objective 1: 109
Constr violation: -4
Restrictions violated:
1 0 0 0 0 0 0 3 

Individual 6
1	2	3	4	5	6	7	8	9	10	11	12	13	14	15	16	17	18	19	20	21	22	23	24	25	26	27	28
E	E	E	E	E	-	-	E	E	E	D	-	-	E	D	-	-	-	-	E	D	D	D	D	-	-	-	-
-	-	-	-	-	E	E	E	E	D	-	-	-	-	-	-	-	-	D	D	D	D	D	-	-	-	-	-
-	E	E	E	L	-	-	E	E	-	-	D	D	D	D	D	-	-	-	-	E	E	L	L	L	-	-	-
E	E	E	E	E	-	-	-	E	E	E	E	E	-	-	-	-	E	E	E	E	-	-	-	E	E	-	-
D	D	L	-	-	D	D	L	L	L	-	-	-	-	-	E	E	E	E	L	-	-	L	L	L	L	-	-
-	-	-	-	-	E	E	L	-	-	-	-	-	-	E	E	E	E	L	-	-	-	-	-	E	E	E	L
-	-	-	-	-	-	-	-	-	-	-	E	E	E	E	E	-	-	E	E	E	E	E	-	-	-	-	-
E	E	E	D	D	-	-	D	D	D	L	-	-	-	-	-	E	D	D	D	L	-	-	-	D	D	D	D
D	D	D	-	-	-	-	D	D	D	D	-	-	E	E	D	D	D	-	-	E	E	E	E	D	-	-	-
D	D	D	D	D	-	-	-	-	E	D	D	L	L	-	-	D	D	D	-	-	-	-	E	E	E	E	E
E	D	D	D	D	-	-	-	-	-	L	L	L	L	L	L	-	-	-	-	E	E	E	E	E	-	-	-
-	-	-	-	D	D	D	D	L	L	-	-	-	-	E	E	L	L	-	-	-	-	E	E	E	E	L	L
D	D	D	-	-	-	D	D	D	D	D	D	-	-	-	L	L	L	L	-	-	-	-	D	D	D	D	D
L	L	L	L	-	-	-	-	-	-	E	E	E	D	D	D	-	-	-	-	-	E	D	D	D	D	L	-
-	E	D	D	D	-	-	-	-	-	D	D	D	D	D	D	-	-	-	-	E	E	D	D	D	D	-	-
-	-	-	D	L	L	L	-	-	-	-	-	-	-	-	-	-	-	-	D	D	D	D	L	-	-	-	-
-	D	D	D	D	D	-	-	-	-	-	-	-	-	-	-	-	-	-	-	-	-	-	-	E	E	D	D
D	L	L	L	L	-	-	-	-	E	E	-	-	-	-	-	-	-	-	-	-	-	D	-	-	-	-	-
L	-	-	-	E	D	-	-	-	-	-	-	-	E	D	D	D	D	-	-	-	-	-	-	-	D	-	-
-	-	-	-	-	D	D	D	D	-	-	E	E	E	E	D	-	-	-	-	-	-	-	-	-	-	-	-
Objective 0: 5213
Objective 1: 99
Constr violation: -4
Restrictions violated:
1 0 0 0 0 0 0 3 

Individual 7
1	2	3	4	5	6	7	8	9	10	11	12	13	14	15	16	17	18	19	20	21	22	23	24	25	26	27	28
D	D	D	D	D	-	-	D	D	D	D	-	-	E	D	-	-	-	-	-	-	-	-	E	E	E	E	D
-	-	E	E	E	E	D	-	-	-	-	-	-	-	-	-	-	-	-	-	-	-	-	-	-	-	-	-
-	E	E	E	L	-	-	E	E	-	-	D	D	D	D	D	-	-	-	-	E	E	L	L	L	-	-	-
E	E	E	E	E	-	-	-	E	E	E	E	E	-	-	-	-	E	E	E	E	-	-	-	E	E	-	-
D	D	L	-	-	D	D	L	L	L	-	-	-	-	-	E	E	E	E	L	-	-	L	L	L	L	-	-
L	L	-	-	-	-	E	L	L	-	-	-	-	-	-	-	-	-	-	-	-	E	L	-	-	-	-	-
-	-	-	-	-	-	-	-	-	-	-	E	E	E	-	-	-	-	-	-	-	-	-	-	-	-	-	-
E	E	E	D	D	-	-	D	D	D	L	-	-	-	-	-	E	D	D	D	L	-	-	-	D	D	D	D
D	D	D	-	-	-	-	D	D	D	D	-	-	E	E	D	D	D	-	-	E	E	E	E	D	-	-	-
D	D	D	D	D	-	-	-	-	E	D	D	L	L	-	-	D	D	D	-	-	-	-	E	E	E	E	E
E	D	D	D	D	-	-	-	-	-	L	L	L	L	L	L	-	-	-	-	E	E	E	E	E	-	-	-
-	-	-	-	-	E	D	D	L	L	L	-	-	-	D	D	D	L	-	-	-	D	D	L	L	L	L	-
D	D	D	-	-	-	D	D	D	D	D	D	-	-	-	L	L	L	L	-	-	-	-	D	D	D	D	D
L	L	L	L	L	L	-	-	-	-	E	E	E	D	D	D	-	-	-	-	-	E	D	L	L	L	-	-
-	E	D	D	D	-	-	-	-	E	E	E	D	D	D	-	-	-	-	-	E	E	D	D	D	D	-	-
-	-	-	D	L	L	L	-	-	-	-	-	-	-	-	-	-	-	-	D	D	D	D	L	-	-	-	-
-	D	D	D	D	D	-	-	-	-	-	-	-	-	-	-	-	-	-	-	-	-	-	-	E	E	D	D
D	L	L	L	L	-	-	-	-	E	E	-	-	-	-	-	-	-	-	-	-	-	D	-	-	-	-	-
D	D	D	-	-	-	-	-	-	-	-	-	-	-	-	D	D	D	D	D	-	-	-	-	-	-	-	-
-	-	-	-	-	D	D	D	D	-	-	E	E	E	E	D	-	-	-	-	-	-	-	-	-	-	-	-
Objective 0: 8125
Objective 1: 47
Constr violation: -4
Restrictions violated:
1 0 0 0 0 0 0 3 

Individual 8
1	2	3	4	5	6	7	8	9	10	11	12	13	14	15	16	17	18	19	20	21	22	23	24	25	26	27	28
E	E	E	E	E	-	-	E	E	E	D	-	-	E	D	-	-	-	-	E	D	D	D	D	-	-	-	-
-	-	-	-	-	E	E	E	E	D	-	-	-	-	-	-	-	-	D	D	D	D	D	-	-	-	-	-
-	E	E	E	L	-	-	E	E	-	-	D	D	D	D	D	-	-	-	-	E	E	L	L	L	-	-	-
E	E	E	E	E	-	-	-	E	E	E	E	E	-	-	-	-	E	E	E	E	-	-	-	E	E	-	-
D	D	L	-	-	D	D	L	L	L	-	-	-	-	-	E	E	E	E	L	-	-	L	L	L	L	-	-
-	-	-	-	-	E	E	L	-	-	-	-	-	-	E	E	E	E	L	-	-	-	-	-	E	E	E	L
-	-	-	-	-	-	-	-	-	-	-	E	E	E	E	E	-	-	E	E	E	E	E	-	-	-	-	-
E	E	E	D	D	-	-	D	D	D	L	-	-	-	-	-	E	D	D	D	L	-	-	-	D	D	D	D
D	D	D	-	-	-	-	D	D	D	D	-	-	E	E	D	D	D	-	-	E	E	E	E	D	-	-	-
D	D	D	D	D	-	-	-	-	E	D	D	L	L	-	-	D	D	D	-	-	-	-	E	E	E	E	E
E	D	D	D	D	-	-	-	-	-	L	L	L	L	L	L	-	-	-	-	E	E	E	E	E	-	-	-
-	-	-	-	D	D	D	D	L	L	-	-	-	-	E	E	L	L	-	-	-	-	E	E	E	E	L	L
D	D	D	-	-	-	D	D	D	D	D	D	-	-	-	L	L	L	L	-	-	-	-	D	D	D	D	D
L	L	L	L	-	-	-	-	-	-	E	E	E	D	D	D	-	-	-	-	-	E	D	D	D	D	L	-
-	E	D	D	D	-	-	-	-	-	D	D	D	D	D	D	-	-	-	-	E	E	D	D	D	D	-	-
-	-	-	D	L	L	L	-	-	-	-	-	-	-	-	-	-	-	-	D	D	D	D	L	-	-	-	-
-	D	D	D	D	D	-	-	-	-	-	-	-	-	-	-	-	-	-	-	-	-	-	-	E	E	D	D
-	-	-	E	D	L	L	-	-	-	-	E	D	D	-	-	-	E	E	-	-	-	-	-	-	-	-	-
L	-	-	-	E	D	-	-	-	-	-	-	-	E	D	D	D	D	-	-	-	-	-	-	-	D	-	-
-	-	-	-	-	D	D	D	D	-	-	E	E	E	E	D	-	-	-	-	-	-	-	-	-	-	-	-
Objective 0: 4406
Objective 1: 114
Constr violation: -4
Restrictions violated:
1 0 0 0 0 0 0 3 

Individual 9
1	2	3	4	5	6	7	8	9	10	11	12	13	14	15	16	17	18	19	20	21	22	23	24	25	26	27	28
E	E	E	E	E	-	-	E	E	E	D	-	-	E	D	-	-	-	-	E	D	D	D	D	-	-	-	-
-	-	-	-	-	E	E	E	E	D	-	-	-	-	-	-	-	-	D	D	D	D	D	-	-	-	-	-
-	E	E	E	L	-	-	E	E	-	-	D	D	D	D	D	-	-	-	-	E	E	L	L	L	-	-	-
E	E	E	E	E	-	-	-	E	E	E	E	E	-	-	-	-	E	E	E	E	-	-	-	E	E	-	-
D	D	L	-	-	D	D	L	L	L	-	-	-	-	-	E	E	E	E	L	-	-	L	L	L	L	-	-
L	L	-	-	-	-	E	L	L	-	-	-	-	-	-	-	-	-	-	-	-	E	L	-	-	-	-	-
-	-	-	-	-	-	-	-	-	-	-	E	E	E	-	-	-	-	-	-	-	-	-	-	-	-	-	-
E	E	E	D	D	-	-	D	D	D	L	-	-	-	-	-	E	D	D	D	L	-	-	-	D	D	D	D
D	D	D	-	-	-	-	D	D	D	D	-	-	E	E	D	D	D	-	-	E	E	E	E	D	-	-	-
D	D	D	D	D	-	-	-	-	E	D	D	L	L	-	-	D	D	D	-	-	-	-	E	E	E	E	E
E	D	D	D	D	-	-	-	-	-	L	L	L	L	L	L	-	-	-	-	E	E	E	E	E	-	-	-
-	-	-	-	-	E	D	D	L	L	L	-	-	-	D	D	D	L	-	-	-	D	D	L	L	L	L	-
D	D	D	-	-	-	D	D	D	D	D	D	-	-	-	L	L	L	L	-	-	-	-	D	D	D	D	D
L	L	L	L	-	-	-	-	-	-	E	E	E	D	D	D	-	-	-	-	-	E	D	D	D	D	L	-
-	E	D	D	D	-	-	-	-	E	E	E	D	D	D	-	-	-	-	-	E	E	D	D	D	D	-	-
-	-	-	D	L	L	L	-	-	-	-	-	-	-	-	-	-	-	-	D	D	D	D	L	-	-	-	-
D	D	D	D	D	-	-	E	D	-	-	-	-	-	-	-	-	-	-	-	-	-	-	D	-	-	-	-
D	L	L	L	L	-	-	-	-	E	E	-	-	-	-	-	-	-	-	-	-	-	D	-	-	-	-	-
D	D	D	-	-	-	-	-	-	-	-	-	-	-	-	D	D	D	D	D	-	-	-	-	-	-	-	-
-	-	-	-	-	D	D	D	D	-	-	E	E	E	E	D	-	-	-	-	-	-	-	-	-	-	-	-
Objective 0: 7421
Objective 1: 66
Constr violation: -4
Restrictions violated:
1 0 0 0 0 0 0 3 

Individual 10
1	2	3	4	5	6	7	8	9	10	11	12	13	14	15	16	17	18	19	20	21	22	23	24	25	26	27	28
D	D	D	D	D	-	-	D	D	D	D	-	-	E	D	-	-	-	-	-	-	-	-	E	E	E	E	D
-	-	-	-	-	E	E	E	E	D	-	-	-	-	-	-	-	-	D	D	D	D	D	-	-	-	-	-
-	E	E	E	L	-	-	E	E	-	-	D	D	D	D	D	-	-	-	-	E	E	L	L	L	-	-	-
E	E	E	E	E	-	-	-	E	E	E	E	E	-	-	-	-	E	E	E	E	-	-	-	E	E	-	-
D	D	L	-	-	D	D	L	L	L	-	-	-	-	-	E	E	E	E	L	-	-	L	L	L	L	-	-
L	L	-	-	-	-	E	L	L	-	-	-	-	-	-	-	-	-	-	-	-	E	L	-	-	-	-	-
-	-	-	-	-	-	-	-	-	-	-	E	E	E	-	-	-	-	-	-	-	-	-	-	-	-	-	-
E	E	E	D	D	-	-	D	D	D	L	-	-	-	-	-	E	D	D	D	L	-	-	-	D	D	D	D
D	D	D	-	-	-	-	D	D	D	D	-	-	E	E	D	D	D	-	-	E	E	E	E	D	-	-	-
D	D	D	D	D	-	-	-	-	E	D	D	L	L	-	-	D	D	D	-	-	-	-	E	E	E	E	E
E	D	D	D	D	-	-	-	-	-	L	L	L	L	L	L	-	-	-	-	E	E	E	E	E	-	-	-
-	-	-	-	-	E	D	D	L	L	L	-	-	-	D	D	D	L	-	-	-	D	D	L	L	L	L	-
D	D	D	-	-	-	D	D	D	D	D	D	-	-	-	L	L	L	L	-	-	-	-	D	D	D	D	D
L	L	L	L	-	-	-	-	-	-	E	E	E	D	D	D	-	-	-	-	-	E	D	D	D	D	L	-
-	E	D	D	D	-	-	-	-	E	E	E	D	D	D	-	-	-	-	-	E	E	D	D	D	D	-	-
-	-	-	D	L	L	L	-	-	-	-	-	-	-	-	-	-	-	-	D	D	D	D	L	-	-	-	-
-	D	D	D	D	D	-	-	-	-	-	-	-	-	-	-	-	-	-	-	-	-	-	-	E	E	D	D
D	L	L	L	L	-	-	-	-	E	E	-	-	-	-	-	-	-	-	-	-	-	D	-	-	-	-	-
L	-	-	-	E	D	-	-	-	-	-	-	-	E	D	D	D	D	-	-	-	-	-	-	-	D	-	-
-	-	-	-	-	D	D	D	D	-	-	E	E	E	E	D	-	-	-	-	-	-	-	-	-	-	-	-
Objective 0: 7221
Objective 1: 60
Constr violation: -4
Restrictions violated:
1 0 0 0 0 0 0 3 

Individual 11
1	2	3	4	5	6	7	8	9	10	11	12	13	14	15	16	17	18	19	20	21	22	23	24	25	26	27	28
D	D	D	D	D	-	-	D	D	D	D	-	-	E	D	-	-	-	-	-	-	-	-	E	E	E	E	D
-	-	-	-	-	E	E	E	E	D	-	-	-	-	-	-	-	-	D	D	D	D	D	-	-	-	-	-
-	E	E	E	L	-	-	E	E	-	-	D	D	D	D	D	-	-	-	-	E	E	L	L	L	-	-	-
E	E	E	E	E	-	-	-	E	E	E	E	E	-	-	-	-	E	E	E	E	-	-	-	E	E	-	-
D	D	L	-	-	D	D	L	L	L	-	-	-	-	-	E	E	E	E	L	-	-	L	L	L	L	-	-
L	L	-	-	-	-	E	L	L	-	-	-	-	-	-	-	-	-	-	-	-	E	L	-	-	-	-	-
-	-	-	-	-	-	-	-	-	-	-	E	E	E	-	-	-	-	-	-	-	-	-	-	-	-	-	-
E	E	E	D	D	-	-	D	D	D	L	-	-	-	-	-	E	D	D	D	L	-	-	-	D	D	D	D
D	D	D	-	-	-	-	D	D	D	D	-	-	E	E	D	D	D	-	-	E	E	E	E	D	-	-	-
D	D	D	D	D	-	-	-	-	E	D	D	L	L	-	-	D	D	D	-	-	-	-	E	E	E	E	E
E	D	D	D	D	-	-	-	-	-	L	L	L	L	L	L	-	-	-	-	E	E	E	E	E	-	-	-
-	-	-	-	-	E	D	D	L	L	L	-	-	-	D	D	D	L	-	-	-	D	D	L	L	L	L	-
D	D	D	-	-	-	D	D	D	D	D	D	-	-	-	L	L	L	L	-	-	-	-	D	D	D	D	D
L	L	L	L	-	-	-	-	-	-	E	E	E	D	D	D	-	-	-	-	-	E	D	D	D	D	L	-
-	E	D	D	D	-	-	-	-	E	E	E	D	D	D	-	-	-	-	-	E	E	D	D	D	D	-	-
-	-	-	D	L	L	L	-	-	-	-	-	-	-	-	-	-	-	-	D	D	D	D	L	-	-	-	-
-	D	D	D	D	D	-	-	-	-	-	-	-	-	-	-	-	-	-	-	-	-	-	-	E	E	D	D
D	L	L	L	L	-	-	-	-	E	E	-	-	-	-	-	-	-	-	-	-	-	D	-	-	-	-	-
D	D	D	-	-	-	-	-	-	-	-	-	-	-	-	D	D	D	D	D	-	-	-	-	-	-	-	-
-	-	-	-	-	D	D	D	D	-	-	E	E	E	E	D	-	-	-	-	-	-	-	-	-	-	-	-
Objective 0: 7523
Objective 1: 56
Constr violation: -4
Restrictions violated:
1 0 0 0 0 0 0 3 

