Individual 0
1	2	3	4	5	6	7	8	9	10	11	12	13	14	15	16	17	18	19	20	21	22	23	24	25	26	27	28
D	D	D	D	D	-	-	E	E	E	D	D	-	-	-	-	-	E	D	D	-	-	E	E	E	E	E	-
E	E	E	E	D	-	-	D	D	D	-	-	-	-	-	-	E	E	E	E	D	-	-	-	D	D	D	D
-	-	-	-	-	-	-	-	-	-	-	E	D	D	D	D	-	-	E	E	E	E	L	-	-	-	-	-
E	E	E	E	-	-	E	E	E	E	E	-	-	-	-	-	E	E	E	E	E	-	-	-	E	E	-	-
L	L	L	-	-	D	L	L	L	L	-	-	-	-	-	E	E	E	D	L	-	-	D	D	D	L	-	-
E	L	-	-	-	E	L	L	L	-	-	-	-	-	-	-	-	-	E	E	E	-	-	-	-	-	-	-
-	-	-	-	-	-	-	-	-	-	-	-	-	-	-	-	-	-	-	-	-	E	E	E	E	E	-	-
E	E	E	E	D	-	-	E	E	E	L	-	-	-	-	E	E	D	D	L	-	-	-	-	E	D	L	L
E	E	E	D	D	-	-	D	D	D	D	-	-	-	-	-	-	-	-	E	E	E	D	D	-	-	E	D
D	D	D	D	D	-	-	-	E	E	D	D	-	-	-	-	-	D	D	D	D	-	-	E	D	D	D	D
E	E	E	D	D	D	-	-	-	-	-	E	E	E	E	L	L	-	-	-	-	E	E	D	L	-	-	-
D	D	D	L	-	-	-	E	E	L	L	L	L	-	-	-	-	-	-	-	D	D	L	L	L	L	-	-
E	D	-	-	-	-	-	-	E	D	D	D	-	-	-	D	D	D	D	-	-	-	D	L	L	L	L	L
L	L	L	L	L	L	-	-	-	-	E	E	E	E	E	E	-	-	-	-	-	E	D	L	L	-	-	-
-	D	D	D	D	D	-	-	-	E	E	E	D	D	D	-	-	-	-	-	-	E	E	E	D	D	-	-
-	-	L	L	L	-	-	-	-	-	-	D	D	D	D	D	-	-	-	-	-	-	-	-	-	-	-	-
-	D	D	D	D	D	-	-	-	-	-	-	-	E	E	E	-	-	-	-	-	-	-	-	-	-	-	-
-	-	-	-	-	-	-	-	-	-	-	-	-	-	E	D	D	-	-	E	E	D	D	-	-	-	-	-
-	-	-	-	-	E	E	E	E	-	-	-	-	-	D	D	D	D	D	-	-	-	-	-	-	-	-	-
-	-	-	-	-	-	-	D	D	D	D	-	-	-	-	E	E	D	D	-	-	-	-	-	-	-	-	-
Objective 0: 7726
Objective 1: 62
Constr violation: -3
Restrictions violated:
0 0 0 0 0 0 0 3 

Individual 1
1	2	3	4	5	6	7	8	9	10	11	12	13	14	15	16	17	18	19	20	21	22	23	24	25	26	27	28
D	D	D	D	D	-	-	E	E	E	D	D	-	-	-	-	-	E	D	D	-	-	E	E	E	E	E	-
E	E	E	E	D	-	-	E	D	D	D	-	-	-	-	-	E	D	D	D	D	-	-	-	D	D	D	D
-	-	-	-	-	-	-	-	-	-	-	E	D	D	D	D	-	-	E	E	E	E	L	-	-	-	-	-
E	E	E	E	-	-	E	E	E	E	E	-	-	-	-	-	E	E	E	E	E	-	-	-	E	E	-	-
L	L	L	-	-	D	L	L	L	L	-	-	-	-	-	E	E	E	D	L	-	-	D	D	D	L	-	-
-	E	L	-	-	E	L	L	L	-	-	-	-	-	-	-	-	-	E	E	E	L	L	-	-	-	-	-
-	-	E	E	E	E	E	-	-	-	-	-	-	E	E	E	-	-	-	-	-	E	E	E	E	E	-	-
D	D	D	D	D	-	-	-	D	D	L	L	-	-	-	E	L	L	L	L	-	-	-	-	E	D	L	L
E	E	E	D	D	-	-	D	D	D	D	-	-	-	-	-	-	-	-	E	E	E	D	D	-	-	E	D
D	D	D	D	D	-	-	-	E	E	D	D	-	-	-	-	-	D	D	D	D	-	-	E	D	D	D	D
-	-	E	E	E	D	D	D	-	-	-	E	E	E	E	L	L	-	-	-	-	E	E	D	L	-	-	-
D	D	D	L	-	-	-	E	E	L	L	L	L	-	-	-	-	-	-	-	D	D	L	L	L	L	-	-
D	D	-	-	-	E	D	D	D	D	L	-	-	-	D	D	D	D	-	-	-	-	E	E	D	D	L	L
L	L	L	L	L	L	-	-	-	-	E	E	E	E	E	E	-	-	-	-	-	E	D	L	L	-	-	-
D	D	D	D	D	-	-	-	-	-	-	E	E	E	E	D	-	-	-	-	E	D	D	D	D	D	-	-
-	-	D	-	-	-	-	-	-	-	-	D	D	D	D	D	-	-	-	-	-	D	L	L	-	-	-	-
-	-	-	-	E	D	D	D	-	-	-	E	E	D	D	-	-	-	-	-	-	-	-	D	-	-	-	-
-	-	-	-	-	-	-	-	-	-	-	D	L	L	L	-	-	E	E	E	E	-	-	-	-	-	-	D
-	-	-	-	-	E	D	D	-	-	-	-	-	-	E	D	D	L	L	-	-	-	-	-	-	-	-	-
-	-	-	-	-	D	D	D	D	-	-	-	-	-	D	D	D	D	D	-	-	-	-	-	-	-	-	-
Objective 0: 4107
Objective 1: 128
Constr violation: -3
Restrictions violated:
0 0 0 0 0 0 0 3 

Individual 2
1	2	3	4	5	6	7	8	9	10	11	12	13	14	15	16	17	18	19	20	21	22	23	24	25	26	27	28
D	D	D	D	D	-	-	E	E	E	D	D	-	-	-	-	-	E	D	D	-	-	E	E	E	E	E	-
E	E	E	E	D	-	-	D	D	D	-	-	-	-	-	-	E	E	E	E	D	-	-	-	D	D	D	D
-	-	-	-	-	-	-	-	-	-	-	E	D	D	D	D	-	-	E	E	E	E	L	-	-	-	-	-
E	E	E	E	-	-	E	E	E	E	E	-	-	-	-	-	E	E	E	E	E	-	-	-	E	E	-	-
L	L	L	-	-	D	L	L	L	L	-	-	-	-	-	E	E	E	D	L	-	-	D	D	D	L	-	-
-	E	L	-	-	E	L	L	L	-	-	-	-	-	-	-	-	-	E	E	E	L	L	-	-	-	-	-
-	-	-	-	-	-	-	-	-	-	-	-	-	-	-	-	-	-	-	-	-	E	E	E	E	E	-	-
D	D	D	D	D	-	-	-	D	D	L	L	-	-	-	E	L	L	L	L	-	-	-	-	E	D	L	L
E	E	E	D	D	-	-	D	D	D	D	-	-	-	-	-	-	-	-	E	E	E	D	D	-	-	E	D
D	D	D	D	D	-	-	-	E	E	D	D	-	-	-	-	-	D	D	D	D	-	-	E	D	D	D	D
E	E	E	D	D	D	-	-	-	-	-	E	E	E	E	L	L	-	-	-	-	E	E	D	L	-	-	-
D	D	D	L	-	-	-	E	E	L	L	L	L	-	-	-	-	-	-	-	D	D	L	L	L	L	-	-
D	D	-	-	-	E	D	D	D	D	L	-	-	-	D	D	D	D	-	-	-	-	E	E	D	D	L	L
L	L	L	L	L	L	-	-	-	-	E	E	E	E	E	E	-	-	-	-	-	E	D	L	L	-	-	-
D	D	D	D	D	-	-	-	-	-	-	E	E	E	E	D	-	-	-	-	E	D	D	D	D	D	-	-
-	-	L	L	L	-	-	-	-	-	-	D	D	D	D	D	-	-	-	-	-	-	-	-	-	-	-	-
-	-	-	-	E	D	D	D	-	-	-	E	E	D	D	-	-	-	-	-	-	-	-	D	-	-	-	-
-	-	-	-	-	-	-	-	-	-	-	-	-	-	E	D	D	-	-	E	E	D	D	-	-	-	-	-
-	-	-	-	-	E	E	E	E	-	-	-	-	-	D	D	D	D	D	-	-	-	-	-	-	-	-	-
-	-	-	-	-	D	D	D	D	-	-	-	-	-	D	D	D	D	D	-	-	-	-	-	-	-	-	-
Objective 0: 5813
Objective 1: 100
Constr violation: -3
Restrictions violated:
0 0 0 0 0 0 0 3 

Individual 3
1	2	3	4	5	6	7	8	9	10	11	12	13	14	15	16	17	18	19	20	21	22	23	24	25	26	27	28
D	D	D	D	D	-	-	E	E	E	D	D	-	-	-	-	-	E	D	D	-	-	E	E	E	E	E	-
E	E	E	E	D	-	-	E	D	D	D	-	-	-	-	-	E	D	D	D	D	-	-	-	D	D	D	D
-	-	-	-	-	-	-	-	-	-	-	E	D	D	D	D	-	-	E	E	E	E	L	-	-	-	-	-
E	E	E	E	-	-	E	E	E	E	E	-	-	-	-	-	E	E	E	E	E	-	-	-	E	E	-	-
L	L	L	-	-	D	L	L	L	L	-	-	-	-	-	E	E	E	D	L	-	-	D	D	D	L	-	-
-	E	L	-	-	E	L	L	L	-	-	-	-	-	-	-	-	-	E	E	E	L	L	-	-	-	-	-
-	-	-	-	-	-	-	-	-	-	-	-	-	-	-	-	-	-	-	-	-	E	E	E	E	E	-	-
D	D	D	D	D	-	-	-	D	D	L	L	-	-	-	E	L	L	L	L	-	-	-	-	E	D	L	L
E	E	E	D	D	-	-	D	D	D	D	-	-	-	-	-	-	-	-	E	E	E	D	D	-	-	E	D
D	D	D	D	D	-	-	-	E	E	D	D	-	-	-	-	-	D	D	D	D	-	-	E	D	D	D	D
-	-	E	E	E	D	D	D	-	-	-	E	E	E	E	L	L	-	-	-	-	E	E	D	L	-	-	-
D	D	D	L	-	-	-	E	E	L	L	L	L	-	-	-	-	-	-	-	D	D	L	L	L	L	-	-
D	D	-	-	-	E	D	D	D	D	L	-	-	-	D	D	D	D	-	-	-	-	E	E	D	D	L	L
L	L	L	L	L	L	-	-	-	-	E	E	E	E	E	E	-	-	-	-	-	E	D	L	L	-	-	-
D	D	D	D	D	-	-	-	-	-	-	E	E	E	E	D	-	-	-	-	E	D	D	D	D	D	-	-
-	-	D	-	-	-	-	-	-	-	-	D	D	D	D	D	-	-	-	-	-	D	L	L	-	-	-	-
-	-	-	-	E	D	D	D	-	-	-	E	E	D	D	-	-	-	-	-	-	-	-	D	-	-	-	-
-	-	-	-	-	-	-	-	-	-	-	D	L	L	L	-	-	E	E	E	E	-	-	-	-	-	-	D
-	-	-	-	-	E	D	D	-	-	-	-	-	-	E	D	D	L	L	-	-	-	-	-	-	-	-	-
-	-	-	-	-	-	-	D	D	D	D	-	-	-	-	E	E	D	D	-	-	-	-	-	-	-	-	-
Objective 0: 5108
Objective 1: 114
Constr violation: -3
Restrictions violated:
0 0 0 0 0 0 0 3 

Individual 4
1	2	3	4	5	6	7	8	9	10	11	12	13	14	15	16	17	18	19	20	21	22	23	24	25	26	27	28
D	D	D	D	D	-	-	E	E	E	D	D	-	-	-	-	-	E	D	D	-	-	E	E	E	E	E	-
E	E	E	E	D	-	-	D	D	D	-	-	-	-	-	-	E	E	E	E	D	-	-	-	D	D	D	D
-	-	-	-	-	-	-	-	-	-	-	E	D	D	D	D	-	-	E	E	E	E	L	-	-	-	-	-
E	E	E	E	-	-	E	E	E	E	E	-	-	-	-	-	E	E	E	E	E	-	-	-	E	E	-	-
L	L	L	-	-	D	L	L	L	L	-	-	-	-	-	E	E	E	D	L	-	-	D	D	D	L	-	-
-	E	L	-	-	E	L	L	L	-	-	-	-	-	-	-	-	-	E	E	E	L	L	-	-	-	-	-
-	-	E	E	E	E	E	-	-	-	-	-	-	E	E	E	-	-	-	-	-	E	E	E	E	E	-	-
D	D	D	D	D	-	-	-	D	D	L	L	-	-	-	E	L	L	L	L	-	-	-	-	E	D	L	L
E	E	E	D	D	-	-	D	D	D	D	-	-	-	-	-	-	-	-	E	E	E	D	D	-	-	E	D
D	D	D	D	D	-	-	-	E	E	D	D	-	-	-	-	-	D	D	D	D	-	-	E	D	D	D	D
-	-	E	E	E	D	D	D	-	-	-	E	E	E	E	L	L	-	-	-	-	E	E	D	L	-	-	-
D	D	D	L	-	-	-	E	E	L	L	L	L	-	-	-	-	-	-	-	D	D	L	L	L	L	-	-
D	D	-	-	-	E	D	D	D	D	L	-	-	-	D	D	D	D	-	-	-	-	E	E	D	D	L	L
L	L	L	L	L	L	-	-	-	-	E	E	E	E	E	E	-	-	-	-	-	E	D	L	L	-	-	-
D	D	D	D	D	-	-	-	-	-	-	E	E	E	E	D	-	-	-	-	E	D	D	D	D	D	-	-
-	-	L	L	L	-	-	-	-	-	-	D	D	D	D	D	-	-	-	-	-	-	-	-	-	-	-	-
-	-	-	-	E	D	D	D	-	-	-	E	E	D	D	-	-	-	-	-	-	-	-	D	-	-	-	-
-	-	-	-	-	-	-	-	-	-	-	D	L	L	L	-	-	E	E	E	E	-	-	-	-	-	-	D
-	-	-	-	-	E	D	D	-	-	-	-	-	-	E	D	D	L	L	-	-	-	-	-	-	-	-	-
-	-	-	-	-	D	D	D	D	-	-	-	-	-	D	D	D	D	D	-	-	-	-	-	-	-	-	-
Objective 0: 4812
Objective 1: 118
Constr violation: -3
Restrictions violated:
0 0 0 0 0 0 0 3 

Individual 5
1	2	3	4	5	6	7	8	9	10	11	12	13	14	15	16	17	18	19	20	21	22	23	24	25	26	27	28
D	D	D	D	D	-	-	E	E	E	D	D	-	-	-	-	-	E	D	D	-	-	E	E	E	E	E	-
E	E	E	E	D	-	-	E	D	D	D	-	-	-	-	-	E	D	D	D	D	-	-	-	D	D	D	D
-	-	-	-	-	-	-	-	-	-	-	E	D	D	D	D	-	-	E	E	E	E	L	-	-	-	-	-
E	E	E	E	-	-	E	E	E	E	E	-	-	-	-	-	E	E	E	E	E	-	-	-	E	E	-	-
L	L	L	-	-	D	L	L	L	L	-	-	-	-	-	E	E	E	D	L	-	-	D	D	D	L	-	-
-	E	L	-	-	E	L	L	L	-	-	-	-	-	-	-	-	-	E	E	E	L	L	-	-	-	-	-
-	-	E	E	E	E	E	-	-	-	-	-	-	E	E	E	-	-	-	-	-	E	E	E	E	E	-	-
D	D	D	D	D	-	-	-	D	D	L	L	-	-	-	E	L	L	L	L	-	-	-	-	E	D	L	L
E	E	E	D	D	-	-	D	D	D	D	-	-	-	-	-	-	-	-	E	E	E	D	D	-	-	E	D
D	D	D	D	D	-	-	-	E	E	D	D	-	-	-	-	-	D	D	D	D	-	-	E	D	D	D	D
-	-	E	E	E	D	D	D	-	-	-	E	E	E	E	L	L	-	-	-	-	E	E	D	L	-	-	-
D	D	D	L	-	-	-	E	E	L	L	L	L	-	-	-	-	-	-	-	D	D	L	L	L	L	-	-
D	D	-	-	-	E	D	D	D	D	L	-	-	-	D	D	D	D	-	-	-	-	E	E	D	D	L	L
L	L	L	L	L	L	-	-	-	-	E	E	E	E	E	E	-	-	-	-	-	E	D	L	L	-	-	-
D	D	D	D	D	-	-	-	-	-	-	E	E	E	E	D	-	-	-	-	E	D	D	D	D	D	-	-
-	-	D	-	-	-	-	-	-	-	-	D	D	D	D	D	-	-	-	-	-	D	L	L	-	-	-	-
-	-	-	-	E	D	D	D	-	-	-	E	E	D	D	-	-	-	-	-	-	-	-	D	-	-	-	-
-	-	-	-	-	-	-	-	-	-	-	D	L	L	L	-	-	E	E	E	E	-	-	-	-	-	-	D
-	-	-	-	-	E	D	D	-	-	-	-	-	-	E	D	D	L	L	-	-	-	-	-	-	-	-	-
-	-	-	-	-	D	D	D	D	-	-	-	-	-	D	D	D	D	D	-	-	-	-	-	-	-	-	-
Objective 0: 4107
Objective 1: 128
Constr violation: -3
Restrictions violated:
0 0 0 0 0 0 0 3 

Individual 6
1	2	3	4	5	6	7	8	9	10	11	12	13	14	15	16	17	18	19	20	21	22	23	24	25	26	27	28
D	D	D	D	D	-	-	E	E	E	D	D	-	-	-	-	-	E	D	D	-	-	E	E	E	E	E	-
E	E	E	E	D	-	-	D	D	D	-	-	-	-	-	-	E	E	E	E	D	-	-	-	D	D	D	D
-	-	-	-	-	-	-	-	-	-	-	E	D	D	D	D	-	-	E	E	E	E	L	-	-	-	-	-
E	E	E	E	-	-	E	E	E	E	E	-	-	-	-	-	E	E	E	E	E	-	-	-	E	E	-	-
L	L	L	-	-	D	L	L	L	L	-	-	-	-	-	E	E	E	D	L	-	-	D	D	D	L	-	-
E	L	-	-	-	E	L	L	L	-	-	-	-	-	-	-	-	-	E	E	E	-	-	-	-	-	-	-
-	-	-	-	-	-	-	-	-	-	-	-	-	-	-	-	-	-	-	-	-	E	E	E	E	E	-	-
E	E	E	E	D	-	-	E	E	E	L	-	-	-	-	E	E	D	D	L	-	-	-	-	E	D	L	L
E	E	E	D	D	-	-	D	D	D	D	-	-	-	-	-	-	-	-	E	E	E	D	D	-	-	E	D
D	D	D	D	D	-	-	-	E	E	D	D	-	-	-	-	-	D	D	D	D	-	-	E	D	D	D	D
E	E	E	D	D	D	-	-	-	-	-	E	E	E	E	L	L	-	-	-	-	E	E	D	L	-	-	-
D	D	D	L	-	-	-	E	E	L	L	L	L	-	-	-	-	-	-	-	D	D	L	L	L	L	-	-
D	D	-	-	-	E	D	D	D	D	L	-	-	-	D	D	D	D	-	-	-	-	E	E	D	D	L	L
L	L	L	L	L	L	-	-	-	-	E	E	E	E	E	E	-	-	-	-	-	E	D	L	L	-	-	-
-	D	D	D	D	D	-	-	-	E	E	E	D	D	D	-	-	-	-	-	-	E	E	E	D	D	-	-
-	-	L	L	L	-	-	-	-	-	-	D	D	D	D	D	-	-	-	-	-	-	-	-	-	-	-	-
-	-	-	-	E	D	D	D	-	-	-	E	E	D	D	-	-	-	-	-	-	-	-	D	-	-	-	-
-	-	-	-	-	-	-	-	-	-	-	-	-	-	E	D	D	-	-	E	E	D	D	-	-	-	-	-
-	-	-	-	-	E	D	D	-	-	-	-	-	-	E	D	D	L	L	-	-	-	-	-	-	-	-	-
-	-	-	-	-	D	D	D	D	-	-	-	-	-	D	D	D	D	D	-	-	-	-	-	-	-	-	-
Objective 0: 6921
Objective 1: 87
Constr violation: -3
Restrictions violated:
0 0 0 0 0 0 0 3 

Individual 7
1	2	3	4	5	6	7	8	9	10	11	12	13	14	15	16	17	18	19	20	21	22	23	24	25	26	27	28
D	D	D	D	D	-	-	E	E	E	D	D	-	-	-	-	-	E	D	D	-	-	E	E	E	E	E	-
E	E	E	E	D	-	-	D	D	D	-	-	-	-	-	-	E	E	E	E	D	-	-	-	D	D	D	D
-	-	-	-	-	-	-	-	-	-	-	E	D	D	D	D	-	-	E	E	E	E	L	-	-	-	-	-
E	E	E	E	-	-	E	E	E	E	E	-	-	-	-	-	E	E	E	E	E	-	-	-	E	E	-	-
L	L	L	-	-	D	L	L	L	L	-	-	-	-	-	E	E	E	D	L	-	-	D	D	D	L	-	-
E	L	-	-	-	E	L	L	L	-	-	-	-	-	-	-	-	-	E	E	E	-	-	-	-	-	-	-
-	-	-	-	-	-	-	-	-	-	-	-	-	-	-	-	-	-	-	-	-	E	E	E	E	E	-	-
D	D	D	D	D	-	-	-	D	D	L	L	-	-	-	E	L	L	L	L	-	-	-	-	E	D	L	L
E	E	E	D	D	-	-	D	D	D	D	-	-	-	-	-	-	-	-	E	E	E	D	D	-	-	E	D
D	D	D	D	D	-	-	-	E	E	D	D	-	-	-	-	-	D	D	D	D	-	-	E	D	D	D	D
E	E	E	D	D	D	-	-	-	-	-	E	E	E	E	L	L	-	-	-	-	E	E	D	L	-	-	-
D	D	D	L	-	-	-	E	E	L	L	L	L	-	-	-	-	-	-	-	D	D	L	L	L	L	-	-
E	D	-	-	-	-	-	-	E	D	D	D	-	-	-	D	D	D	D	-	-	-	D	L	L	L	L	L
L	L	L	L	L	L	-	-	-	-	E	E	E	E	E	E	-	-	-	-	-	E	D	L	L	-	-	-
D	D	D	D	D	-	-	-	-	-	-	E	E	E	E	D	-	-	-	-	E	D	D	D	D	D	-	-
-	-	L	L	L	-	-	-	-	-	-	D	D	D	D	D	-	-	-	-	-	-	-	-	-	-	-	-
-	D	D	D	D	D	-	-	-	-	-	-	-	E	E	E	-	-	-	-	-	-	-	-	-	-	-	-
-	-	-	-	-	-	-	-	-	-	-	-	-	-	E	D	D	-	-	E	E	D	D	-	-	-	-	-
-	-	-	-	-	E	E	E	E	-	-	-	-	-	D	D	D	D	D	-	-	-	-	-	-	-	-	-
-	-	-	-	-	-	-	D	D	D	D	-	-	-	-	E	E	D	D	-	-	-	-	-	-	-	-	-
Objective 0: 7221
Objective 1: 76
Constr violation: -3
Restrictions violated:
0 0 0 0 0 0 0 3 

Individual 8
1	2	3	4	5	6	7	8	9	10	11	12	13	14	15	16	17	18	19	20	21	22	23	24	25	26	27	28
D	D	D	D	D	-	-	E	E	E	D	D	-	-	-	-	-	E	D	D	-	-	E	E	E	E	E	-
E	E	E	E	D	-	-	D	D	D	-	-	-	-	-	-	E	E	E	E	D	-	-	-	D	D	D	D
-	-	-	-	-	-	-	-	-	-	-	E	D	D	D	D	-	-	E	E	E	E	L	-	-	-	-	-
E	E	E	E	-	-	E	E	E	E	E	-	-	-	-	-	E	E	E	E	E	-	-	-	E	E	-	-
L	L	L	-	-	D	L	L	L	L	-	-	-	-	-	E	E	E	D	L	-	-	D	D	D	L	-	-
E	L	-	-	-	E	L	L	L	-	-	-	-	-	-	-	-	-	E	E	E	-	-	-	-	-	-	-
-	-	-	-	-	-	-	-	-	-	-	-	-	-	-	-	-	-	-	-	-	E	E	E	E	E	-	-
E	E	E	E	D	-	-	E	E	E	L	-	-	-	-	E	E	D	D	L	-	-	-	-	E	D	L	L
E	E	E	D	D	-	-	D	D	D	D	-	-	-	-	-	-	-	-	E	E	E	D	D	-	-	E	D
D	D	D	D	D	-	-	-	E	E	D	D	-	-	-	-	-	D	D	D	D	-	-	E	D	D	D	D
-	-	E	E	E	D	D	D	-	-	-	E	E	E	E	L	L	-	-	-	-	E	E	D	L	-	-	-
D	D	D	L	-	-	-	E	E	L	L	L	L	-	-	-	-	-	-	-	D	D	L	L	L	L	-	-
D	D	-	-	-	E	D	D	D	D	L	-	-	-	D	D	D	D	-	-	-	-	E	E	D	D	L	L
L	L	L	L	L	L	-	-	-	-	E	E	E	E	E	E	-	-	-	-	-	E	D	L	L	-	-	-
-	D	D	D	D	D	-	-	-	E	E	E	D	D	D	-	-	-	-	-	-	E	E	E	D	D	-	-
-	-	L	L	L	-	-	-	-	-	-	D	D	D	D	D	-	-	-	-	-	-	-	-	-	-	-	-
-	-	-	-	E	D	D	D	-	-	-	E	E	D	D	-	-	-	-	-	-	-	-	D	-	-	-	-
-	-	-	-	-	-	-	-	-	-	-	D	L	L	L	-	-	E	E	E	E	-	-	-	-	-	-	D
-	-	-	-	-	E	D	D	-	-	-	-	-	-	E	D	D	L	L	-	-	-	-	-	-	-	-	-
-	-	-	-	-	D	D	D	D	-	-	-	-	-	D	D	D	D	D	-	-	-	-	-	-	-	-	-
Objective 0: 6721
Objective 1: 93
Constr violation: -3
Restrictions violated:
0 0 0 0 0 0 0 3 

Individual 9
1	2	3	4	5	6	7	8	9	10	11	12	13	14	15	16	17	18	19	20	21	22	23	24	25	26	27	28
D	D	D	D	D	-	-	E	E	E	D	D	-	-	-	-	-	E	D	D	-	-	E	E	E	E	E	-
E	E	E	E	D	-	-	D	D	D	-	-	-	-	-	-	E	E	E	E	D	-	-	-	D	D	D	D
-	-	-	-	-	-	-	-	-	-	-	E	D	D	D	D	-	-	E	E	E	E	L	-	-	-	-	-
E	E	E	E	-	-	E	E	E	E	E	-	-	-	-	-	E	E	E	E	E	-	-	-	E	E	-	-
L	L	L	-	-	D	L	L	L	L	-	-	-	-	-	E	E	E	D	L	-	-	D	D	D	L	-	-
-	E	L	-	-	E	L	L	L	-	-	-	-	-	-	-	-	-	E	E	E	L	L	-	-	-	-	-
-	-	-	-	-	-	-	-	-	-	-	-	-	-	-	-	-	-	-	-	-	E	E	E	E	E	-	-
D	D	D	D	D	-	-	-	D	D	L	L	-	-	-	E	L	L	L	L	-	-	-	-	E	D	L	L
E	E	E	D	D	-	-	D	D	D	D	-	-	-	-	-	-	-	-	E	E	E	D	D	-	-	E	D
D	D	D	D	D	-	-	-	E	E	D	D	-	-	-	-	-	D	D	D	D	-	-	E	D	D	D	D
E	E	E	D	D	D	-	-	-	-	-	E	E	E	E	L	L	-	-	-	-	E	E	D	L	-	-	-
D	D	D	L	-	-	-	E	E	L	L	L	L	-	-	-	-	-	-	-	D	D	L	L	L	L	-	-
E	D	-	-	-	-	-	-	E	D	D	D	-	-	-	D	D	D	D	-	-	-	D	L	L	L	L	L
L	L	L	L	L	L	-	-	-	-	E	E	E	E	E	E	-	-	-	-	-	E	D	L	L	-	-	-
D	D	D	D	D	-	-	-	-	-	-	E	E	E	E	D	-	-	-	-	E	D	D	D	D	D	-	-
-	-	L	L	L	-	-	-	-	-	-	D	D	D	D	D	-	-	-	-	-	-	-	-	-	-	-	-
-	D	D	D	D	D	-	-	-	-	-	-	-	E	E	E	-	-	-	-	-	-	-	-	-	-	-	-
-	-	-	-	-	-	-	-	-	-	-	-	-	-	E	D	D	-	-	E	E	D	D	-	-	-	-	-
-	-	-	-	-	E	E	E	E	-	-	-	-	-	D	D	D	D	D	-	-	-	-	-	-	-	-	-
-	-	-	-	-	-	-	D	D	D	D	-	-	-	-	E	E	D	D	-	-	-	-	-	-	-	-	-
Objective 0: 7021
Objective 1: 79
Constr violation: -3
Restrictions violated:
0 0 0 0 0 0 0 3 

Individual 10
1	2	3	4	5	6	7	8	9	10	11	12	13	14	15	16	17	18	19	20	21	22	23	24	25	26	27	28
D	D	D	D	D	-	-	E	E	E	D	D	-	-	-	-	-	E	D	D	-	-	E	E	E	E	E	-
E	E	E	E	D	-	-	D	D	D	-	-	-	-	-	-	E	E	E	E	D	-	-	-	D	D	D	D
-	-	-	-	-	-	-	-	-	-	-	E	D	D	D	D	-	-	E	E	E	E	L	-	-	-	-	-
E	E	E	E	-	-	E	E	E	E	E	-	-	-	-	-	E	E	E	E	E	-	-	-	E	E	-	-
L	L	L	-	-	D	L	L	L	L	-	-	-	-	-	E	E	E	D	L	-	-	D	D	D	L	-	-
E	L	-	-	-	E	L	L	L	-	-	-	-	-	-	-	-	-	E	E	E	-	-	-	-	-	-	-
-	-	-	-	-	-	-	-	-	-	-	-	-	-	-	-	-	-	-	-	-	E	E	E	E	E	-	-
E	E	E	E	D	-	-	E	E	E	L	-	-	-	-	E	E	D	D	L	-	-	-	-	E	D	L	L
E	E	E	D	D	-	-	D	D	D	D	-	-	-	-	-	-	-	-	E	E	E	D	D	-	-	E	D
D	D	D	D	D	-	-	-	E	E	D	D	-	-	-	-	-	D	D	D	D	-	-	E	D	D	D	D
E	E	E	D	D	D	-	-	-	-	-	E	E	E	E	L	L	-	-	-	-	E	E	D	L	-	-	-
D	D	D	L	-	-	-	E	E	L	L	L	L	-	-	-	-	-	-	-	D	D	L	L	L	L	-	-
E	D	-	-	-	-	-	-	E	D	D	D	-	-	-	D	D	D	D	-	-	-	D	L	L	L	L	L
L	L	L	L	L	L	-	-	-	-	E	E	E	E	E	E	-	-	-	-	-	E	D	L	L	-	-	-
-	D	D	D	D	D	-	-	-	E	E	E	D	D	D	-	-	-	-	-	-	E	E	E	D	D	-	-
-	-	L	L	L	-	-	-	-	-	-	D	D	D	D	D	-	-	-	-	-	-	-	-	-	-	-	-
-	D	D	D	D	D	-	-	-	-	-	-	-	E	E	E	-	-	-	-	-	-	-	-	-	-	-	-
-	-	-	-	-	-	-	-	-	-	-	-	-	-	E	D	D	-	-	E	E	D	D	-	-	-	-	-
-	-	-	-	-	E	E	E	E	-	-	-	-	-	D	D	D	D	D	-	-	-	-	-	-	-	-	-
-	-	-	-	-	-	-	D	D	D	D	-	-	-	-	E	E	D	D	-	-	-	-	-	-	-	-	-
Objective 0: 7726
Objective 1: 62
Constr violation: -3
Restrictions violated:
0 0 0 0 0 0 0 3 

Individual 11
1	2	3	4	5	6	7	8	9	10	11	12	13	14	15	16	17	18	19	20	21	22	23	24	25	26	27	28
D	D	D	D	D	-	-	E	E	E	D	D	-	-	-	-	-	E	D	D	-	-	E	E	E	E	E	-
E	E	E	E	D	-	-	D	D	D	-	-	-	-	-	-	E	E	E	E	D	-	-	-	D	D	D	D
-	-	-	-	-	-	-	-	-	-	-	E	D	D	D	D	-	-	E	E	E	E	L	-	-	-	-	-
E	E	E	E	-	-	E	E	E	E	E	-	-	-	-	-	E	E	E	E	E	-	-	-	E	E	-	-
L	L	L	-	-	D	L	L	L	L	-	-	-	-	-	E	E	E	D	L	-	-	D	D	D	L	-	-
E	L	-	-	-	E	L	L	L	-	-	-	-	-	-	-	-	-	E	E	E	-	-	-	-	-	-	-
-	-	-	-	-	-	-	-	-	-	-	-	-	-	-	-	-	-	-	-	-	E	E	E	E	E	-	-
D	D	D	D	D	-	-	-	D	D	L	L	-	-	-	E	L	L	L	L	-	-	-	-	E	D	L	L
E	E	E	D	D	-	-	D	D	D	D	-	-	-	-	-	-	-	-	E	E	E	D	D	-	-	E	D
D	D	D	D	D	-	-	-	E	E	D	D	-	-	-	-	-	D	D	D	D	-	-	E	D	D	D	D
E	E	E	D	D	D	-	-	-	-	-	E	E	E	E	L	L	-	-	-	-	E	E	D	L	-	-	-
D	D	D	L	-	-	-	E	E	L	L	L	L	-	-	-	-	-	-	-	D	D	L	L	L	L	-	-
E	D	-	-	-	-	-	-	E	D	D	D	-	-	-	D	D	D	D	-	-	-	D	L	L	L	L	L
L	L	L	L	L	L	-	-	-	-	E	E	E	E	E	E	-	-	-	-	-	E	D	L	L	-	-	-
D	D	D	D	D	-	-	-	-	-	-	E	E	E	E	D	-	-	-	-	E	D	D	D	D	D	-	-
-	-	L	L	L	-	-	-	-	-	-	D	D	D	D	D	-	-	-	-	-	-	-	-	-	-	-	-
-	D	D	D	D	D	-	-	-	-	-	-	-	E	E	E	-	-	-	-	-	-	-	-	-	-	-	-
-	-	-	-	-	-	-	-	-	-	-	-	-	-	E	D	D	-	-	E	E	D	D	-	-	-	-	-
-	-	-	-	-	E	E	E	E	-	-	-	-	-	D	D	D	D	D	-	-	-	-	-	-	-	-	-
-	-	-	-	-	-	-	D	D	D	D	-	-	-	-	E	E	D	D	-	-	-	-	-	-	-	-	-
Objective 0: 7221
Objective 1: 76
Constr violation: -3
Restrictions violated:
0 0 0 0 0 0 0 3 

