Individual 0
1	2	3	4	5	6	7	8	9	10	11	12	13	14	15	16	17	18	19	20	21	22	23	24	25	26	27	28
E	D	D	D	-	-	D	D	D	D	D	-	-	D	D	-	-	E	E	-	-	-	E	E	E	E	-	-
E	E	E	E	D	-	-	D	D	D	D	-	-	-	-	E	E	-	-	E	D	-	-	-	E	E	D	D
-	-	-	D	L	-	-	E	E	D	D	D	-	-	D	D	L	L	L	-	-	D	D	L	L	L	-	-
E	E	E	E	-	-	-	E	E	E	E	E	-	-	E	E	-	-	E	E	E	E	E	-	E	E	E	E
D	D	-	-	E	E	E	L	-	-	D	D	L	L	L	-	E	E	L	-	-	D	D	L	L	L	-	-
L	L	L	-	-	E	L	L	L	-	-	E	E	E	L	-	-	E	E	-	-	-	E	L	L	-	-	-
-	-	E	E	E	E	E	-	-	-	E	E	E	E	-	-	E	E	E	-	-	E	E	E	E	-	-	-
D	D	D	L	-	-	-	D	D	D	D	D	-	-	-	-	E	E	D	D	L	-	-	-	-	-	E	E
-	-	E	E	D	D	-	-	E	D	D	D	D	D	D	D	D	D	-	-	-	E	E	E	E	D	-	-
E	E	E	D	D	-	-	-	-	-	-	E	E	E	D	-	-	D	D	-	-	D	L	-	-	D	D	D
E	E	E	D	D	-	-	-	-	-	D	D	L	L	L	-	-	-	-	E	E	E	E	D	D	-	-	-
E	E	D	-	-	-	-	-	L	L	L	L	-	-	-	D	D	L	-	-	-	-	E	D	D	L	L	L
E	D	-	-	-	-	E	E	E	E	E	-	-	-	E	D	D	D	D	-	-	-	-	E	E	E	D	D
E	E	D	L	L	-	-	-	-	-	E	E	D	D	D	D	-	-	-	-	D	D	D	D	D	-	-	-
E	E	D	D	D	-	-	-	-	E	E	E	E	E	E	-	-	-	-	E	E	E	D	D	-	-	-	-
-	-	L	-	-	L	-	-	-	-	L	-	-	-	-	-	L	-	-	D	-	-	D	D	D	D	-	-
D	D	-	-	-	E	D	D	D	-	-	-	-	-	-	-	-	E	D	-	-	-	-	-	-	D	-	-
D	L	-	-	D	-	-	-	-	E	-	-	-	-	-	-	-	-	-	E	E	-	-	-	D	D	L	-
-	-	-	-	E	D	D	-	-	-	-	-	-	L	-	-	-	D	D	-	-	L	-	-	-	-	-	-
-	-	-	-	-	-	-	E	D	D	D	D	-	-	E	-	-	-	-	E	E	E	-	-	-	-	-	-
Objective 0: 5631
Objective 1: 129
Constr violation: 0
Restrictions violated:
0 0 0 0 0 0 0 0 

Individual 1
1	2	3	4	5	6	7	8	9	10	11	12	13	14	15	16	17	18	19	20	21	22	23	24	25	26	27	28
E	D	D	D	-	-	D	D	D	D	D	-	-	D	D	-	-	E	E	-	-	-	E	E	E	E	-	-
E	E	E	E	D	-	-	D	D	D	D	-	-	-	-	E	E	-	-	E	D	-	-	-	E	E	D	D
-	-	-	D	L	-	-	E	E	D	D	D	-	-	D	D	L	L	L	-	-	D	D	L	L	L	-	-
E	E	E	E	-	-	-	E	E	E	E	E	-	-	E	E	-	-	E	E	E	E	E	-	-	-	E	E
E	L	L	L	-	-	D	L	L	L	-	-	-	-	-	E	D	D	D	D	-	-	D	L	L	-	-	-
L	L	L	-	-	E	L	L	L	-	-	-	E	E	L	-	-	E	E	-	-	-	E	E	E	E	-	-
E	E	-	-	E	E	E	-	-	-	E	E	E	E	-	-	E	E	-	-	-	E	E	E	E	E	-	-
E	E	D	D	D	-	-	D	D	-	-	E	E	L	-	-	D	D	D	D	D	-	-	-	D	L	-	-
E	D	D	D	-	-	-	-	E	D	D	-	-	E	D	-	-	E	E	-	-	E	E	E	-	-	E	D
E	E	E	D	D	-	-	-	-	-	-	E	E	E	D	-	-	D	D	-	-	D	L	-	-	D	D	D
E	E	E	D	D	-	-	-	-	-	D	D	L	L	L	-	-	-	-	E	E	E	E	D	D	-	-	-
E	E	D	-	-	-	-	-	L	L	L	L	-	-	-	D	D	L	-	-	-	-	E	D	D	L	L	L
E	D	-	-	-	-	E	E	E	E	E	-	-	-	E	D	D	D	D	-	-	-	-	E	E	E	D	D
E	E	D	L	L	-	-	-	-	-	E	E	D	D	D	D	-	-	-	-	D	D	D	D	D	-	-	-
E	E	D	D	D	-	-	-	-	E	E	E	E	E	E	-	-	-	-	E	E	E	D	D	-	-	-	-
-	-	L	-	-	L	-	-	-	-	L	-	-	-	-	-	L	-	-	D	-	-	D	D	D	D	-	-
D	D	-	-	-	E	D	D	D	-	-	-	-	-	-	-	-	-	-	-	-	-	-	-	-	D	-	-
D	L	L	-	-	L	-	-	-	-	E	L	-	-	-	-	-	-	-	-	-	E	E	-	-	-	-	E
-	-	-	-	E	D	D	-	-	-	-	-	-	L	-	-	-	D	D	-	-	L	-	-	-	-	-	-
-	-	-	-	-	-	-	E	D	D	D	D	-	-	E	-	-	-	-	E	E	E	-	-	-	-	-	-
Objective 0: 6940
Objective 1: 99
Constr violation: 0
Restrictions violated:
0 0 0 0 0 0 0 0 

Individual 2
1	2	3	4	5	6	7	8	9	10	11	12	13	14	15	16	17	18	19	20	21	22	23	24	25	26	27	28
E	D	D	D	-	-	D	D	D	D	D	-	-	D	D	-	-	E	E	-	-	-	E	E	E	E	-	-
E	E	E	E	D	-	-	D	D	D	D	-	-	-	-	E	E	-	-	E	D	-	-	-	E	E	D	D
-	-	-	D	L	-	-	E	E	D	D	D	-	-	D	D	L	L	L	-	-	D	D	L	L	L	-	-
E	E	E	E	-	-	-	E	E	E	E	E	-	-	E	E	-	-	E	E	E	E	E	-	-	-	E	E
D	D	-	-	E	E	E	L	-	-	D	D	L	L	L	-	E	E	L	-	-	D	D	L	L	L	-	-
L	L	L	-	-	E	L	L	L	-	-	E	E	E	L	-	-	E	E	-	-	-	E	L	L	-	-	-
E	E	-	-	E	E	E	-	-	-	E	E	E	E	-	-	E	E	-	-	-	E	E	E	E	E	-	-
D	D	D	L	-	-	-	D	D	D	D	D	-	-	-	-	E	E	D	D	L	-	-	-	-	-	E	E
-	-	E	E	D	D	-	-	E	D	D	D	D	D	D	D	D	D	-	-	-	E	E	E	E	D	-	-
E	E	E	D	D	-	-	-	-	-	-	E	E	E	D	-	-	D	D	-	-	D	L	-	-	D	D	D
E	E	E	D	D	-	-	-	-	-	D	D	L	L	L	-	-	-	-	E	E	E	E	D	D	-	-	-
E	E	D	-	-	-	-	-	L	L	L	L	-	-	-	D	D	L	-	-	-	-	E	D	D	L	L	L
E	D	-	-	-	-	E	E	E	E	E	-	-	-	E	D	D	D	D	-	-	-	-	E	E	E	D	D
E	E	D	L	L	-	-	-	-	-	E	E	D	D	D	D	-	-	-	-	D	D	D	D	D	-	-	-
E	E	D	D	D	-	-	-	-	E	E	E	E	E	E	-	-	-	-	E	E	E	D	D	-	-	-	-
-	-	L	-	-	L	-	-	-	-	L	-	-	-	-	-	L	-	-	D	-	-	D	D	D	D	-	-
D	D	-	-	-	E	D	D	D	-	-	-	-	-	-	-	-	E	D	-	-	-	-	-	-	D	-	-
D	L	-	-	D	-	-	-	-	E	-	-	-	-	-	-	-	-	-	E	E	-	-	-	D	D	L	-
-	-	-	-	E	D	D	-	-	-	-	-	-	L	-	-	-	D	D	-	-	L	-	-	-	-	-	-
-	-	-	-	-	-	-	E	D	D	D	D	-	-	E	-	-	-	-	E	E	E	-	-	-	-	-	-
Objective 0: 5831
Objective 1: 123
Constr violation: 0
Restrictions violated:
0 0 0 0 0 0 0 0 

Individual 3
1	2	3	4	5	6	7	8	9	10	11	12	13	14	15	16	17	18	19	20	21	22	23	24	25	26	27	28
E	D	D	D	-	-	D	D	D	D	D	-	-	D	D	-	-	E	E	-	-	-	E	E	E	E	-	-
E	E	E	E	D	-	-	D	D	D	D	-	-	-	-	E	E	-	-	E	D	-	-	-	E	E	D	D
-	-	-	D	L	-	-	E	E	D	D	D	-	-	D	D	L	L	L	-	-	D	D	L	L	L	-	-
E	E	E	E	-	-	-	E	E	E	E	E	-	-	E	E	-	-	E	E	E	E	E	-	-	-	E	E
E	L	L	L	-	-	D	L	L	L	-	-	-	-	-	E	D	D	D	D	-	-	D	L	L	-	-	-
L	L	L	-	-	E	L	L	L	-	-	-	E	E	L	-	-	E	E	-	-	-	E	E	E	E	-	-
E	E	-	-	E	E	E	-	-	-	E	E	E	E	-	-	E	E	-	-	-	E	E	E	E	E	-	-
E	E	D	D	D	-	-	D	D	-	-	E	E	L	-	-	D	D	D	D	D	-	-	-	D	L	-	-
E	D	D	D	-	-	-	-	E	D	D	-	-	E	D	-	-	E	E	-	-	E	E	E	-	-	E	D
E	E	E	D	D	-	-	-	-	-	-	E	E	E	D	-	-	D	D	-	-	D	L	-	-	D	D	D
E	E	E	D	D	-	-	-	-	-	D	D	L	L	L	-	-	-	-	E	E	E	E	D	D	-	-	-
E	E	D	-	-	-	-	-	L	L	L	L	-	-	-	D	D	L	-	-	-	-	E	D	D	L	L	L
E	D	-	-	-	-	E	E	E	E	E	-	-	-	E	D	D	D	D	-	-	-	-	E	E	E	D	D
E	E	D	L	L	-	-	-	-	-	E	E	D	D	D	D	-	-	-	-	D	D	D	D	D	-	-	-
E	E	D	D	D	-	-	-	-	E	E	E	E	E	E	-	-	-	-	E	E	E	D	D	-	-	-	-
-	-	L	-	-	L	-	-	-	-	L	-	-	-	-	-	L	-	-	D	-	-	D	D	D	D	-	-
D	D	-	-	-	E	D	D	D	-	-	-	-	-	-	-	-	-	-	-	-	-	-	-	-	D	-	-
D	L	-	-	D	-	-	-	-	E	-	-	-	-	-	-	-	-	-	E	E	-	-	-	D	D	L	-
-	-	-	-	E	D	D	-	-	-	-	-	-	L	-	-	-	D	D	-	-	L	-	-	-	-	-	-
-	-	-	-	-	-	-	E	D	D	D	D	-	-	E	-	-	-	-	E	E	E	-	-	-	-	-	-
Objective 0: 6737
Objective 1: 101
Constr violation: 0
Restrictions violated:
0 0 0 0 0 0 0 0 

Individual 4
1	2	3	4	5	6	7	8	9	10	11	12	13	14	15	16	17	18	19	20	21	22	23	24	25	26	27	28
E	D	D	D	-	-	D	D	D	D	D	-	-	D	D	-	-	E	E	-	-	-	E	E	E	E	-	-
E	E	E	E	D	-	-	D	D	D	D	-	-	-	-	E	E	-	-	E	D	-	-	-	E	E	D	D
-	-	-	D	L	-	-	E	E	D	D	D	-	-	D	D	L	L	L	-	-	D	D	L	L	L	-	-
E	E	E	E	-	-	-	E	E	E	E	E	-	-	E	E	-	-	E	E	E	E	E	-	-	-	E	E
E	L	L	L	-	-	D	L	L	L	-	-	-	-	-	E	D	D	D	D	-	-	D	L	L	-	-	-
L	L	L	-	-	E	L	L	L	-	-	-	E	E	L	-	-	E	E	-	-	-	E	E	E	E	-	-
E	E	-	-	E	E	E	-	-	-	E	E	E	E	-	-	E	E	-	-	-	E	E	E	E	E	-	-
D	D	D	L	-	-	-	D	D	D	D	D	-	-	-	-	E	E	D	D	L	-	-	-	-	-	E	E
E	D	D	D	-	-	-	-	E	D	D	-	-	E	D	-	-	E	E	-	-	E	E	E	-	-	E	D
E	E	E	D	D	-	-	-	-	-	-	E	E	E	D	-	-	D	D	-	-	D	L	-	-	D	D	D
E	E	E	D	D	-	-	-	-	-	D	D	L	L	L	-	-	-	-	E	E	E	E	D	D	-	-	-
E	E	D	-	-	-	-	-	L	L	L	L	-	-	-	D	D	L	-	-	-	-	E	D	D	L	L	L
E	D	-	-	-	-	E	E	E	E	E	-	-	-	E	D	D	D	D	-	-	-	-	E	E	E	D	D
E	E	D	L	L	-	-	-	-	-	E	E	D	D	D	D	-	-	-	-	D	D	D	D	D	-	-	-
E	E	D	D	D	-	-	-	-	E	E	E	E	E	E	-	-	-	-	E	E	E	D	D	-	-	-	-
-	-	L	-	-	L	-	-	-	-	L	-	-	-	-	-	L	-	-	D	-	-	D	D	D	D	-	-
D	D	-	-	-	E	D	D	D	-	-	-	-	-	-	-	-	-	-	-	-	-	-	-	-	D	-	-
D	L	-	-	D	-	-	-	-	E	-	-	-	-	-	-	-	-	-	E	E	-	-	-	D	D	L	-
-	-	-	-	E	D	D	-	-	-	-	-	-	L	-	-	-	D	D	-	-	L	-	-	-	-	-	-
-	-	-	-	-	-	-	E	D	D	D	D	-	-	E	-	-	-	-	E	E	E	-	-	-	-	-	-
Objective 0: 6635
Objective 1: 105
Constr violation: 0
Restrictions violated:
0 0 0 0 0 0 0 0 

Individual 5
1	2	3	4	5	6	7	8	9	10	11	12	13	14	15	16	17	18	19	20	21	22	23	24	25	26	27	28
E	D	D	D	-	-	D	D	D	D	D	-	-	D	D	-	-	E	E	-	-	-	E	E	E	E	-	-
E	E	E	E	D	-	-	D	D	D	D	-	-	-	-	E	E	-	-	E	D	-	-	-	E	E	D	D
-	-	-	D	L	-	-	E	E	D	D	D	-	-	D	D	L	L	L	-	-	D	D	L	L	L	-	-
E	E	E	E	-	-	-	E	E	E	E	E	-	-	E	E	-	-	E	E	E	E	E	-	-	-	E	E
E	L	L	L	-	-	D	L	L	L	-	-	-	-	-	E	D	D	D	D	-	-	D	L	L	-	-	-
L	L	L	-	-	E	L	L	L	-	-	-	E	E	L	-	-	E	E	-	-	-	E	E	E	E	-	-
E	E	-	-	E	E	E	-	-	-	E	E	E	E	-	-	E	E	-	-	-	E	E	E	E	E	-	-
D	D	D	L	-	-	-	D	D	D	D	D	-	-	-	-	E	E	D	D	L	-	-	-	-	-	E	E
-	-	E	E	D	D	-	-	E	D	D	D	D	D	D	D	D	D	-	-	-	E	E	E	E	D	-	-
E	E	E	D	D	-	-	-	-	-	-	E	E	E	D	-	-	D	D	-	-	D	L	-	-	D	D	D
E	E	E	D	D	-	-	-	-	-	D	D	L	L	L	-	-	-	-	E	E	E	E	D	D	-	-	-
E	E	D	-	-	-	-	-	L	L	L	L	-	-	-	D	D	L	-	-	-	-	E	D	D	L	L	L
E	D	-	-	-	-	E	E	E	E	E	-	-	-	E	D	D	D	D	-	-	-	-	E	E	E	D	D
E	E	D	L	L	-	-	-	-	-	E	E	D	D	D	D	-	-	-	-	D	D	D	D	D	-	-	-
E	E	D	D	D	-	-	-	-	E	E	E	E	E	E	-	-	-	-	E	E	E	D	D	-	-	-	-
-	-	L	-	-	L	-	-	-	-	L	-	-	-	-	-	L	-	-	D	-	-	D	D	D	D	-	-
D	D	-	-	-	E	D	D	D	-	-	-	-	-	-	-	-	-	-	-	-	-	-	-	-	D	-	-
D	L	-	-	D	-	-	-	-	E	-	-	-	-	-	-	-	-	-	E	E	-	-	-	D	D	L	-
-	-	-	-	E	D	D	-	-	-	-	-	-	L	-	-	-	D	D	-	-	L	-	-	-	-	-	-
-	-	-	-	-	-	-	E	D	D	D	D	-	-	E	-	-	-	-	E	E	E	-	-	-	-	-	-
Objective 0: 6434
Objective 1: 106
Constr violation: 0
Restrictions violated:
0 0 0 0 0 0 0 0 

Individual 6
1	2	3	4	5	6	7	8	9	10	11	12	13	14	15	16	17	18	19	20	21	22	23	24	25	26	27	28
E	D	D	D	-	-	D	D	D	D	D	-	-	D	D	-	-	E	E	-	-	-	E	E	E	E	-	-
E	E	E	E	D	-	-	D	D	D	D	-	-	-	-	E	E	-	-	E	D	-	-	-	E	E	D	D
-	-	-	D	L	-	-	E	E	D	D	D	-	-	D	D	L	L	L	-	-	D	D	L	L	L	-	-
E	E	E	E	-	-	-	E	E	E	E	E	-	-	E	E	-	-	E	E	E	E	E	-	E	E	E	E
E	L	L	L	-	-	D	L	L	L	-	-	-	-	-	E	D	D	D	D	-	-	D	L	L	-	-	-
L	L	L	-	-	E	L	L	L	-	-	E	E	E	L	-	-	E	E	-	-	-	E	L	L	-	-	-
-	-	E	E	E	E	E	-	-	-	E	E	E	E	-	-	E	E	E	-	-	E	E	E	E	-	-	-
D	D	D	L	-	-	-	D	D	D	D	D	-	-	-	-	E	E	D	D	L	-	-	-	-	-	E	E
-	-	E	E	D	D	-	-	E	D	D	D	D	D	D	D	D	D	-	-	-	E	E	E	E	D	-	-
E	E	E	D	D	-	-	-	-	-	-	E	E	E	D	-	-	D	D	-	-	D	L	-	-	D	D	D
E	E	E	D	D	-	-	-	-	-	D	D	L	L	L	-	-	-	-	E	E	E	E	D	D	-	-	-
E	E	D	-	-	-	-	-	L	L	L	L	-	-	-	D	D	L	-	-	-	-	E	D	D	L	L	L
E	D	-	-	-	-	E	E	E	E	E	-	-	-	E	D	D	D	D	-	-	-	-	E	E	E	D	D
E	E	D	L	L	-	-	-	-	-	E	E	D	D	D	D	-	-	-	-	D	D	D	D	D	-	-	-
E	E	D	D	D	-	-	-	-	E	E	E	E	E	E	-	-	-	-	E	E	E	D	D	-	-	-	-
-	-	L	-	-	L	-	-	-	-	L	-	-	-	-	-	L	-	-	D	-	-	D	D	D	D	-	-
D	D	-	-	-	E	D	D	D	-	-	-	-	-	-	-	-	-	-	-	-	-	-	-	-	D	-	-
D	L	-	-	D	-	-	-	-	E	-	-	-	-	-	-	-	-	-	E	E	-	-	-	D	D	L	-
-	-	-	-	E	D	D	-	-	-	-	-	-	L	-	-	-	D	D	-	-	L	-	-	-	-	-	-
-	-	-	-	-	-	-	E	D	D	D	D	-	-	E	-	-	-	-	E	E	E	-	-	-	-	-	-
Objective 0: 5931
Objective 1: 118
Constr violation: 0
Restrictions violated:
0 0 0 0 0 0 0 0 

Individual 7
1	2	3	4	5	6	7	8	9	10	11	12	13	14	15	16	17	18	19	20	21	22	23	24	25	26	27	28
E	D	D	D	-	-	D	D	D	D	D	-	-	D	D	-	-	E	E	-	-	-	E	E	E	E	-	-
E	E	E	E	D	-	-	D	D	D	D	-	-	-	-	E	E	-	-	E	D	-	-	-	E	E	D	D
-	-	-	D	L	-	-	E	E	D	D	D	-	-	D	D	L	L	L	-	-	D	D	L	L	L	-	-
E	E	E	E	-	-	-	E	E	E	E	E	-	-	E	E	-	-	E	E	E	E	E	-	E	E	E	E
E	L	L	L	-	-	D	L	L	L	-	-	-	-	-	E	D	D	D	D	-	-	D	L	L	-	-	-
L	L	L	-	-	E	L	L	L	-	-	E	E	E	L	-	-	E	E	-	-	-	E	L	L	-	-	-
-	-	E	E	E	E	E	-	-	-	E	E	E	E	-	-	E	E	E	-	-	E	E	E	E	-	-	-
D	D	D	L	-	-	-	D	D	D	D	D	-	-	-	-	E	E	D	D	L	-	-	-	-	-	E	E
-	-	E	E	D	D	-	-	E	D	D	D	D	D	D	D	D	D	-	-	-	E	E	E	E	D	-	-
E	E	E	D	D	-	-	-	-	-	-	E	E	E	D	-	-	D	D	-	-	D	L	-	-	D	D	D
E	E	E	D	D	-	-	-	-	-	D	D	L	L	L	-	-	-	-	E	E	E	E	D	D	-	-	-
E	E	D	-	-	-	-	-	L	L	L	L	-	-	-	D	D	L	-	-	-	-	E	D	D	L	L	L
E	D	-	-	-	-	E	E	E	E	E	-	-	-	E	D	D	D	D	-	-	-	-	E	E	E	D	D
E	E	D	L	L	-	-	-	-	-	E	E	D	D	D	D	-	-	-	-	D	D	D	D	D	-	-	-
E	E	D	D	D	-	-	-	-	E	E	E	E	E	E	-	-	-	-	E	E	E	D	D	-	-	-	-
-	-	L	-	-	L	-	-	-	-	L	-	-	-	-	-	L	-	-	D	-	-	D	D	D	D	-	-
D	D	-	-	-	E	D	D	D	-	-	-	-	-	-	-	-	-	-	-	-	-	-	-	-	D	-	-
D	L	-	-	D	-	-	-	-	E	-	-	-	-	-	-	-	-	-	E	E	-	-	-	D	D	L	-
-	-	-	-	E	D	D	-	-	-	-	-	-	L	-	-	-	D	D	-	-	L	-	-	-	-	-	-
-	-	-	-	-	-	-	E	D	D	D	D	-	-	E	-	-	-	-	E	E	E	-	-	-	-	-	-
Objective 0: 5931
Objective 1: 118
Constr violation: 0
Restrictions violated:
0 0 0 0 0 0 0 0 

Individual 8
1	2	3	4	5	6	7	8	9	10	11	12	13	14	15	16	17	18	19	20	21	22	23	24	25	26	27	28
E	D	D	D	-	-	D	D	D	D	D	-	-	D	D	-	-	E	E	-	-	-	E	E	E	E	-	-
E	E	E	E	D	-	-	D	D	D	D	-	-	-	-	E	E	-	-	E	D	-	-	-	E	E	D	D
-	-	-	D	L	-	-	E	E	D	D	D	-	-	D	D	L	L	L	-	-	D	D	L	L	L	-	-
E	E	E	E	-	-	-	E	E	E	E	E	-	-	E	E	-	-	E	E	E	E	E	-	-	-	E	E
E	L	L	L	-	-	D	L	L	L	-	-	-	-	-	E	D	D	D	D	-	-	D	L	L	-	-	-
L	L	L	-	-	E	L	L	L	-	-	E	E	E	L	-	-	E	E	-	-	-	E	L	L	-	-	-
E	E	-	-	E	E	E	-	-	-	E	E	E	E	-	-	E	E	-	-	-	E	E	E	E	E	-	-
D	D	D	L	-	-	-	D	D	D	D	D	-	-	-	-	E	E	D	D	L	-	-	-	-	-	E	E
-	-	E	E	D	D	-	-	E	D	D	D	D	D	D	D	D	D	-	-	-	E	E	E	E	D	-	-
E	E	E	D	D	-	-	-	-	-	-	E	E	E	D	-	-	D	D	-	-	D	L	-	-	D	D	D
E	E	E	D	D	-	-	-	-	-	D	D	L	L	L	-	-	-	-	E	E	E	E	D	D	-	-	-
E	E	D	-	-	-	-	-	L	L	L	L	-	-	-	D	D	L	-	-	-	-	E	D	D	L	L	L
E	D	-	-	-	-	E	E	E	E	E	-	-	-	E	D	D	D	D	-	-	-	-	E	E	E	D	D
E	E	D	L	L	-	-	-	-	-	E	E	D	D	D	D	-	-	-	-	D	D	D	D	D	-	-	-
E	E	D	D	D	-	-	-	-	E	E	E	E	E	E	-	-	-	-	E	E	E	D	D	-	-	-	-
-	-	L	-	-	L	-	-	-	-	L	-	-	-	-	-	L	-	-	D	-	-	D	D	D	D	-	-
D	D	-	-	-	E	D	D	D	-	-	-	-	-	-	-	-	-	-	-	-	-	-	-	-	D	-	-
D	L	-	-	D	-	-	-	-	E	-	-	-	-	-	-	-	-	-	E	E	-	-	-	D	D	L	-
-	-	-	-	E	D	D	-	-	-	-	-	-	L	-	-	-	D	D	-	-	L	-	-	-	-	-	-
-	-	-	-	-	-	-	E	D	D	D	D	-	-	E	-	-	-	-	E	E	E	-	-	-	-	-	-
Objective 0: 6131
Objective 1: 112
Constr violation: 0
Restrictions violated:
0 0 0 0 0 0 0 0 

Individual 9
1	2	3	4	5	6	7	8	9	10	11	12	13	14	15	16	17	18	19	20	21	22	23	24	25	26	27	28
E	D	D	D	-	-	D	D	D	D	D	-	-	D	D	-	-	E	E	-	-	-	E	E	E	E	-	-
E	E	E	E	D	-	-	D	D	D	D	-	-	-	-	E	E	-	-	E	D	-	-	-	E	E	D	D
-	-	-	D	L	-	-	E	E	D	D	D	-	-	D	D	L	L	L	-	-	D	D	L	L	L	-	-
E	E	E	E	-	-	-	E	E	E	E	E	-	-	E	E	-	-	E	E	E	E	E	-	-	-	E	E
E	L	L	L	-	-	D	L	L	L	-	-	-	-	-	E	D	D	D	D	-	-	D	L	L	-	-	-
L	L	L	-	-	E	L	L	L	-	-	E	E	E	L	-	-	E	E	-	-	-	E	L	L	-	-	-
E	E	-	-	E	E	E	-	-	-	E	E	E	E	-	-	E	E	-	-	-	E	E	E	E	E	-	-
D	D	D	L	-	-	-	D	D	D	D	D	-	-	-	-	E	E	D	D	L	-	-	-	-	-	E	E
-	-	E	E	D	D	-	-	E	D	D	D	D	D	D	D	D	D	-	-	-	E	E	E	E	D	-	-
E	E	E	D	D	-	-	-	-	-	-	E	E	E	D	-	-	D	D	-	-	D	L	-	-	D	D	D
E	E	E	D	D	-	-	-	-	-	D	D	L	L	L	-	-	-	-	E	E	E	E	D	D	-	-	-
E	E	D	-	-	-	-	-	L	L	L	L	-	-	-	D	D	L	-	-	-	-	E	D	D	L	L	L
E	D	-	-	-	-	E	E	E	E	E	-	-	-	E	D	D	D	D	-	-	-	-	E	E	E	D	D
E	E	D	L	L	-	-	-	-	-	E	E	D	D	D	D	-	-	-	-	D	D	D	D	D	-	-	-
E	E	D	D	D	-	-	-	-	E	E	E	E	E	E	-	-	-	-	E	E	E	D	D	-	-	-	-
-	-	L	-	-	L	-	-	-	-	L	-	-	-	-	-	L	-	-	D	-	-	D	D	D	D	-	-
D	D	-	-	-	E	D	D	D	-	-	-	-	-	-	-	-	-	-	-	-	-	-	-	-	D	-	-
D	L	L	-	-	L	-	-	-	-	E	L	-	-	-	-	-	-	-	-	-	E	E	-	-	-	-	E
-	-	-	-	E	D	D	-	-	-	-	-	-	L	-	-	-	D	D	-	-	L	-	-	-	-	-	-
-	-	-	-	-	-	-	E	D	D	D	D	-	-	E	-	-	-	-	E	E	E	-	-	-	-	-	-
Objective 0: 6334
Objective 1: 110
Constr violation: 0
Restrictions violated:
0 0 0 0 0 0 0 0 

Individual 10
1	2	3	4	5	6	7	8	9	10	11	12	13	14	15	16	17	18	19	20	21	22	23	24	25	26	27	28
E	D	D	D	-	-	D	D	D	D	D	-	-	D	D	-	-	E	E	-	-	-	E	E	E	E	-	-
E	E	E	E	D	-	-	D	D	D	D	-	-	-	-	E	E	-	-	E	D	-	-	-	E	E	D	D
-	-	-	D	L	-	-	E	E	D	D	D	-	-	D	D	L	L	L	-	-	D	D	L	L	L	-	-
E	E	E	E	-	-	-	E	E	E	E	E	-	-	E	E	-	-	E	E	E	E	E	-	-	-	E	E
E	L	L	L	-	-	D	L	L	L	-	-	-	-	-	E	D	D	D	D	-	-	D	L	L	-	-	-
L	L	L	-	-	E	L	L	L	-	-	E	E	E	L	-	-	E	E	-	-	-	E	L	L	-	-	-
E	E	-	-	E	E	E	-	-	-	E	E	E	E	-	-	E	E	-	-	-	E	E	E	E	E	-	-
D	D	D	L	-	-	-	D	D	D	D	D	-	-	-	-	E	E	D	D	L	-	-	-	-	-	E	E
-	-	E	E	D	D	-	-	E	D	D	D	D	D	D	D	D	D	-	-	-	E	E	E	E	D	-	-
E	E	E	D	D	-	-	-	-	-	-	E	E	E	D	-	-	D	D	-	-	D	L	-	-	D	D	D
E	E	E	D	D	-	-	-	-	-	D	D	L	L	L	-	-	-	-	E	E	E	E	D	D	-	-	-
E	E	D	-	-	-	-	-	L	L	L	L	-	-	-	D	D	L	-	-	-	-	E	D	D	L	L	L
E	D	-	-	-	-	E	E	E	E	E	-	-	-	E	D	D	D	D	-	-	-	-	E	E	E	D	D
E	E	D	L	L	-	-	-	-	-	E	E	D	D	D	D	-	-	-	-	D	D	D	D	D	-	-	-
E	E	D	D	D	-	-	-	-	E	E	E	E	E	E	-	-	-	-	E	E	E	D	D	-	-	-	-
-	-	L	-	-	L	-	-	-	-	L	-	-	-	-	-	L	-	-	D	-	-	D	D	D	D	-	-
D	D	-	-	-	E	D	D	D	-	-	-	-	-	-	-	-	-	-	-	-	-	-	-	-	D	-	-
D	L	L	-	-	L	-	-	-	-	E	L	-	-	-	-	-	-	-	-	-	E	E	-	-	-	-	E
-	-	-	-	E	D	D	-	-	-	-	-	-	L	-	-	-	D	D	-	-	L	-	-	-	-	-	-
-	-	-	-	-	-	-	E	D	D	D	D	-	-	E	-	-	-	-	E	E	E	-	-	-	-	-	-
Objective 0: 6334
Objective 1: 110
Constr violation: 0
Restrictions violated:
0 0 0 0 0 0 0 0 

Individual 11
1	2	3	4	5	6	7	8	9	10	11	12	13	14	15	16	17	18	19	20	21	22	23	24	25	26	27	28
E	D	D	D	-	-	D	D	D	D	D	-	-	D	D	-	-	E	E	-	-	-	E	E	E	E	-	-
E	E	E	E	D	-	-	D	D	D	D	-	-	-	-	E	E	-	-	E	D	-	-	-	E	E	D	D
-	-	-	D	L	-	-	E	E	D	D	D	-	-	D	D	L	L	L	-	-	D	D	L	L	L	-	-
E	E	E	E	-	-	-	E	E	E	E	E	-	-	E	E	-	-	E	E	E	E	E	-	-	-	E	E
E	L	L	L	-	-	D	L	L	L	-	-	-	-	-	E	D	D	D	D	-	-	D	L	L	-	-	-
L	L	L	-	-	E	L	L	L	-	-	E	E	E	L	-	-	E	E	-	-	-	E	L	L	-	-	-
E	E	-	-	E	E	E	-	-	-	E	E	E	E	-	-	E	E	-	-	-	E	E	E	E	E	-	-
D	D	D	L	-	-	-	D	D	D	D	D	-	-	-	-	E	E	D	D	L	-	-	-	-	-	E	E
-	-	E	E	D	D	-	-	E	D	D	D	D	D	D	D	D	D	-	-	-	E	E	E	E	D	-	-
E	E	E	D	D	-	-	-	-	-	-	E	E	E	D	-	-	D	D	-	-	D	L	-	-	D	D	D
E	E	E	D	D	-	-	-	-	-	D	D	L	L	L	-	-	-	-	E	E	E	E	D	D	-	-	-
E	E	D	-	-	-	-	-	L	L	L	L	-	-	-	D	D	L	-	-	-	-	E	D	D	L	L	L
E	D	-	-	-	-	E	E	E	E	E	-	-	-	E	D	D	D	D	-	-	-	-	E	E	E	D	D
E	E	D	L	L	-	-	-	-	-	E	E	D	D	D	D	-	-	-	-	D	D	D	D	D	-	-	-
E	E	D	D	D	-	-	-	-	E	E	E	E	E	E	-	-	-	-	E	E	E	D	D	-	-	-	-
-	-	L	-	-	L	-	-	-	-	L	-	-	-	-	-	L	-	-	D	-	-	D	D	D	D	-	-
D	D	-	-	-	E	D	D	D	-	-	-	-	-	-	-	-	-	-	-	-	-	-	-	-	D	-	-
D	L	-	-	D	-	-	-	-	E	-	-	-	-	-	-	-	-	-	E	E	-	-	-	D	D	L	-
-	-	-	-	E	D	D	-	-	-	-	-	-	L	-	-	-	D	D	-	-	L	-	-	-	-	-	-
-	-	-	-	-	-	-	E	D	D	D	D	-	-	E	-	-	-	-	E	E	E	-	-	-	-	-	-
Objective 0: 6131
Objective 1: 112
Constr violation: 0
Restrictions violated:
0 0 0 0 0 0 0 0 

