Individual 0
1	2	3	4	5	6	7	8	9	10	11	12	13	14	15	16	17	18	19	20	21	22	23	24	25	26	27	28
E	E	E	E	E	-	-	D	D	-	-	E	D	D	D	-	-	-	-	E	E	D	D	D	-	-	-	-
D	-	-	D	D	-	-	E	D	D	D	-	-	-	E	E	-	-	E	E	E	E	-	-	E	D	D	D
-	-	D	D	-	-	-	E	L	L	L	-	-	-	D	D	L	L	-	-	E	E	E	E	-	-	E	E
E	E	E	E	-	-	-	-	E	E	E	E	-	-	E	E	-	-	E	E	E	-	-	-	E	E	E	E
D	-	-	E	D	D	L	-	-	D	D	D	D	-	-	E	E	D	D	-	-	-	E	E	L	L	-	-
E	L	-	-	E	E	E	L	-	-	-	E	L	-	-	-	L	L	L	-	-	E	E	E	E	E	-	-
E	E	E	E	E	-	-	-	-	-	E	E	E	E	-	-	-	E	E	E	E	E	-	-	E	E	-	-
E	E	E	D	L	-	-	E	E	D	L	L	-	-	-	-	E	D	D	L	L	-	-	-	E	E	-	-
E	D	D	D	D	-	-	E	E	E	D	-	-	-	-	D	D	-	-	-	E	E	E	E	D	-	-	-
L	L	L	L	-	-	-	-	E	E	E	L	-	-	-	-	-	-	D	D	L	L	L	-	-	E	E	D
L	L	-	-	-	E	E	D	L	-	-	-	E	E	E	E	L	L	-	-	-	E	E	D	D	-	-	-
D	D	-	-	-	-	D	D	D	L	L	-	-	-	E	E	D	L	-	-	-	-	-	L	L	L	L	L
E	E	L	-	-	-	-	-	E	E	E	E	L	L	-	-	-	D	D	-	-	-	D	D	D	D	D	D
D	L	L	L	-	-	-	D	D	L	L	-	-	-	D	L	L	-	-	-	-	-	-	D	D	D	L	L
D	D	D	D	D	D	-	-	-	E	E	E	E	-	-	-	D	D	-	-	-	E	E	D	D	-	-	-
-	-	-	-	-	D	L	-	-	-	-	-	L	L	-	-	-	-	D	D	D	D	L	-	-	-	-	-
D	D	D	-	-	E	-	-	D	D	-	-	-	E	E	-	-	-	-	-	-	-	-	-	-	-	-	-
-	-	-	-	-	-	-	-	-	E	E	D	D	-	-	E	E	-	-	-	-	-	D	D	-	-	-	-
-	-	D	-	-	E	E	-	-	E	-	-	-	-	-	-	-	D	D	-	-	E	E	-	-	-	-	-
E	D	-	-	-	-	-	-	D	D	D	-	-	E	D	-	-	-	E	D	-	-	-	-	-	-	-	-
Objective 0: 6839
Objective 1: 118
Constr violation: 0
Restrictions violated:
0 0 0 0 0 0 0 0 

Individual 1
1	2	3	4	5	6	7	8	9	10	11	12	13	14	15	16	17	18	19	20	21	22	23	24	25	26	27	28
E	E	E	E	E	-	-	D	D	-	-	E	D	D	D	-	-	-	-	E	E	D	D	D	-	-	-	-
D	-	-	D	D	-	-	E	D	D	D	-	-	-	E	E	-	-	E	E	E	E	-	-	E	D	D	D
-	-	D	D	-	-	-	L	L	L	L	L	-	-	D	D	L	L	-	-	E	E	E	E	-	-	E	E
E	E	E	E	-	-	-	-	E	E	E	E	-	-	E	E	-	-	E	E	E	-	-	-	E	E	E	E
D	-	-	E	D	D	L	-	-	D	D	D	D	-	-	E	E	D	D	-	-	-	E	E	L	L	-	-
E	E	E	L	L	-	-	E	E	-	-	E	E	E	L	-	-	E	E	L	L	-	-	E	E	-	-	-
E	E	E	E	E	-	-	-	-	-	E	E	E	E	-	-	-	E	E	E	E	E	-	-	E	E	-	-
E	E	E	D	L	-	-	E	E	D	L	L	-	-	-	-	E	D	D	L	L	-	-	-	E	E	-	-
E	D	D	D	D	-	-	E	E	E	D	-	-	-	-	D	D	-	-	-	E	E	E	E	D	-	-	-
E	E	D	D	D	-	-	-	-	E	E	D	D	D	-	-	-	D	L	-	-	L	L	-	-	E	E	E
L	L	-	-	-	E	E	D	L	-	-	-	E	E	E	E	L	L	-	-	-	E	E	D	D	-	-	-
D	D	-	-	-	-	D	D	D	L	L	-	-	-	E	E	D	L	-	-	-	-	-	L	L	L	L	L
E	E	L	-	-	-	-	-	E	E	E	E	L	L	-	-	-	D	D	-	-	-	D	D	D	D	D	D
D	L	L	L	-	-	-	D	D	L	L	-	-	-	D	L	L	-	-	-	-	-	-	D	D	D	L	L
D	D	D	D	D	D	-	-	-	E	E	E	E	-	-	-	D	D	-	-	-	E	E	D	D	-	-	-
-	-	-	-	-	D	L	-	-	-	-	-	L	L	-	-	-	-	D	D	D	D	L	-	-	-	-	-
D	D	D	-	-	E	-	-	D	D	-	-	-	E	E	-	-	-	-	-	-	-	-	-	-	-	-	-
-	-	-	-	D	L	L	-	-	-	-	-	-	-	D	D	-	-	D	D	D	D	-	-	-	-	-	-
-	D	D	-	-	-	-	-	-	D	D	D	L	-	-	-	-	E	D	-	-	D	-	-	-	-	-	-
E	D	-	-	-	-	-	-	D	D	D	-	-	E	D	-	-	-	E	D	-	-	-	-	-	-	-	-
Objective 0: 5732
Objective 1: 131
Constr violation: 0
Restrictions violated:
0 0 0 0 0 0 0 0 

Individual 2
1	2	3	4	5	6	7	8	9	10	11	12	13	14	15	16	17	18	19	20	21	22	23	24	25	26	27	28
E	E	E	E	E	-	-	D	D	-	-	E	D	D	D	-	-	-	-	E	E	D	D	D	-	-	-	-
D	-	-	D	D	-	-	E	D	D	D	-	-	-	E	E	-	-	E	E	E	E	-	-	E	D	D	D
-	-	D	D	-	-	-	E	L	L	L	-	-	-	D	D	L	L	-	-	E	E	E	E	-	-	E	E
E	E	E	E	-	-	-	-	E	E	E	E	-	-	E	E	-	-	E	E	E	-	-	-	E	E	E	E
D	-	-	E	D	D	L	-	-	D	D	D	D	-	-	E	E	D	D	-	-	-	E	E	L	L	-	-
E	L	-	-	E	E	E	L	-	-	-	E	L	-	-	-	L	L	L	-	-	E	E	E	E	E	-	-
E	E	E	E	E	-	-	-	-	-	E	E	E	E	-	-	-	E	E	E	E	E	-	-	E	E	-	-
E	E	E	D	L	-	-	E	E	D	L	L	-	-	-	-	E	D	D	L	L	-	-	-	E	E	-	-
E	D	D	D	D	-	-	E	E	E	D	-	-	-	-	D	D	-	-	-	E	E	E	E	D	-	-	-
E	E	D	D	D	-	-	-	-	E	E	D	D	D	-	-	-	D	L	-	-	L	L	-	-	E	E	E
L	L	-	-	-	E	E	D	L	-	-	-	E	E	E	E	L	L	-	-	-	E	E	D	D	-	-	-
D	D	-	-	-	-	D	D	D	L	L	-	-	-	E	E	D	L	-	-	-	-	-	L	L	L	L	L
E	E	L	-	-	-	-	-	E	E	E	E	L	L	-	-	-	D	D	-	-	-	D	D	D	D	D	D
D	L	L	L	-	-	-	D	D	L	L	-	-	-	D	L	L	-	-	-	-	-	-	D	D	D	L	L
D	D	D	D	D	D	-	-	-	E	E	E	E	-	-	-	D	D	-	-	-	E	E	D	D	-	-	-
-	-	-	-	-	D	L	-	-	-	-	-	L	L	-	-	-	-	D	D	D	D	L	-	-	-	-	-
D	D	D	-	-	E	-	-	D	D	-	-	-	E	E	-	-	-	-	-	-	-	-	-	-	-	-	-
-	-	-	-	D	L	L	-	-	-	-	-	-	-	D	D	-	-	D	D	D	D	-	-	-	-	-	-
-	D	D	-	-	-	-	-	-	D	D	D	L	-	-	-	-	E	D	-	-	D	-	-	-	-	-	-
E	D	-	-	-	-	-	-	D	D	D	-	-	E	D	-	-	-	E	D	-	-	-	-	-	-	-	-
Objective 0: 6033
Objective 1: 128
Constr violation: 0
Restrictions violated:
0 0 0 0 0 0 0 0 

Individual 3
1	2	3	4	5	6	7	8	9	10	11	12	13	14	15	16	17	18	19	20	21	22	23	24	25	26	27	28
E	E	E	E	E	-	-	D	D	-	-	E	D	D	D	-	-	-	-	E	E	D	D	D	-	-	-	-
D	-	-	D	D	-	-	E	D	D	D	-	-	-	E	E	-	-	E	E	E	E	-	-	E	D	D	D
-	-	D	D	-	-	-	L	L	L	L	L	-	-	D	D	L	L	-	-	E	E	E	E	-	-	E	E
E	E	E	E	-	-	-	-	E	E	E	E	-	-	E	E	-	-	E	E	E	-	-	-	E	E	E	E
D	-	-	E	D	D	L	-	-	D	D	D	D	-	-	E	E	D	D	-	-	-	E	E	L	L	-	-
E	E	E	L	L	-	-	E	E	-	-	E	E	E	L	-	-	E	E	L	L	-	-	E	E	-	-	-
E	E	E	E	E	-	-	-	-	-	E	E	E	E	-	-	-	E	E	E	E	E	-	-	E	E	-	-
E	E	E	D	L	-	-	E	E	D	L	L	-	-	-	-	E	D	D	L	L	-	-	-	E	E	-	-
E	D	D	D	D	-	-	E	E	E	D	-	-	-	-	D	D	-	-	-	E	E	E	E	D	-	-	-
E	E	D	D	D	-	-	-	-	E	E	D	D	D	-	-	-	D	L	-	-	L	L	-	-	E	E	E
L	L	-	-	-	E	E	D	L	-	-	-	E	E	E	E	L	L	-	-	-	E	E	D	D	-	-	-
D	D	-	-	-	-	D	D	D	L	L	-	-	-	E	E	D	L	-	-	-	-	-	L	L	L	L	L
E	E	L	-	-	-	-	-	E	E	E	E	L	L	-	-	-	D	D	-	-	-	D	D	D	D	D	D
D	L	L	L	-	-	-	D	D	L	L	-	-	-	D	L	L	-	-	-	-	-	-	D	D	D	L	L
D	D	D	D	D	D	-	-	-	E	E	E	E	-	-	-	D	D	-	-	-	E	E	D	D	-	-	-
-	-	-	-	-	D	L	-	-	-	-	-	L	L	-	-	-	-	D	D	D	D	L	-	-	-	-	-
D	D	D	-	-	E	-	-	D	D	-	-	-	E	E	-	-	-	-	-	-	-	-	-	-	-	-	-
-	-	-	-	-	-	-	-	-	E	E	D	D	-	-	E	E	-	-	-	-	-	D	D	-	-	-	-
-	D	D	-	-	-	-	-	-	D	D	D	L	-	-	-	-	E	D	-	-	D	-	-	-	-	-	-
E	D	-	-	-	-	-	-	D	D	D	-	-	E	D	-	-	-	E	D	-	-	-	-	-	-	-	-
Objective 0: 6135
Objective 1: 124
Constr violation: 0
Restrictions violated:
0 0 0 0 0 0 0 0 

Individual 4
1	2	3	4	5	6	7	8	9	10	11	12	13	14	15	16	17	18	19	20	21	22	23	24	25	26	27	28
E	E	E	E	E	-	-	D	D	-	-	E	D	D	D	-	-	-	-	E	E	D	D	D	-	-	-	-
D	-	-	D	D	-	-	E	D	D	D	-	-	-	E	E	-	-	E	E	E	E	-	-	E	D	D	D
-	-	D	D	-	-	-	L	L	L	L	L	-	-	D	D	L	L	-	-	E	E	E	E	-	-	E	E
E	E	E	E	-	-	-	-	E	E	E	E	-	-	E	E	-	-	E	E	E	-	-	-	E	E	E	E
D	-	-	E	D	D	L	-	-	D	D	D	D	-	-	E	E	D	D	-	-	-	E	E	L	L	-	-
E	E	E	L	L	-	-	E	E	-	-	E	E	E	L	-	-	E	E	L	L	-	-	E	E	-	-	-
E	E	E	E	E	-	-	-	-	-	E	E	E	E	-	-	-	E	E	E	E	E	-	-	E	E	-	-
E	E	E	D	L	-	-	E	E	D	L	L	-	-	-	-	E	D	D	L	L	-	-	-	E	E	-	-
E	D	D	D	D	-	-	E	E	E	D	-	-	-	-	D	D	-	-	-	E	E	E	E	D	-	-	-
E	E	D	D	D	-	-	-	-	E	E	D	D	D	-	-	-	D	L	-	-	L	L	-	-	E	E	E
L	L	-	-	-	E	E	D	L	-	-	-	E	E	E	E	L	L	-	-	-	E	E	D	D	-	-	-
D	D	-	-	-	-	D	D	D	L	L	-	-	-	E	E	D	L	-	-	-	-	-	L	L	L	L	L
E	E	L	-	-	-	-	-	E	E	E	E	L	L	-	-	-	D	D	-	-	-	D	D	D	D	D	D
D	L	L	L	-	-	-	D	D	L	L	-	-	-	D	L	L	-	-	-	-	-	-	D	D	D	L	L
D	D	D	D	D	D	-	-	-	E	E	E	E	-	-	-	D	D	-	-	-	E	E	D	D	-	-	-
-	-	-	-	-	D	L	-	-	-	-	-	L	L	-	-	-	-	D	D	D	D	L	-	-	-	-	-
D	D	D	-	-	E	-	-	D	D	-	-	-	E	E	-	-	-	-	-	-	-	-	-	-	-	-	-
-	-	-	-	D	L	L	-	-	-	-	-	-	-	D	D	-	-	D	D	D	D	-	-	-	-	-	-
-	-	D	-	-	E	E	-	-	E	-	-	-	-	-	-	-	D	D	-	-	E	E	-	-	-	-	-
E	D	-	-	-	-	-	-	D	D	D	-	-	E	D	-	-	-	E	D	-	-	-	-	-	-	-	-
Objective 0: 5934
Objective 1: 130
Constr violation: 0
Restrictions violated:
0 0 0 0 0 0 0 0 

Individual 5
1	2	3	4	5	6	7	8	9	10	11	12	13	14	15	16	17	18	19	20	21	22	23	24	25	26	27	28
E	E	E	E	E	-	-	D	D	-	-	E	D	D	D	-	-	-	-	E	E	D	D	D	-	-	-	-
D	-	-	D	D	-	-	E	D	D	D	-	-	-	E	E	-	-	E	E	E	E	-	-	E	D	D	D
-	-	D	D	-	-	-	E	L	L	L	-	-	-	D	D	L	L	-	-	E	E	E	E	-	-	E	E
E	E	E	E	-	-	-	-	E	E	E	E	-	-	E	E	-	-	E	E	E	-	-	-	E	E	E	E
D	-	-	E	D	D	L	-	-	D	D	D	D	-	-	E	E	D	D	-	-	-	E	E	L	L	-	-
E	L	-	-	E	E	E	L	-	-	-	E	L	-	-	-	L	L	L	-	-	E	E	E	E	E	-	-
E	E	E	E	E	-	-	-	-	-	E	E	E	E	-	-	-	E	E	E	E	E	-	-	E	E	-	-
E	E	E	D	L	-	-	E	E	D	L	L	-	-	-	-	E	D	D	L	L	-	-	-	E	E	-	-
E	D	D	D	D	-	-	E	E	E	D	-	-	-	-	D	D	-	-	-	E	E	E	E	D	-	-	-
E	E	D	D	D	-	-	-	-	E	E	D	D	D	-	-	-	D	L	-	-	L	L	-	-	E	E	E
L	L	-	-	-	E	E	D	L	-	-	-	E	E	E	E	L	L	-	-	-	E	E	D	D	-	-	-
D	D	-	-	-	-	D	D	D	L	L	-	-	-	E	E	D	L	-	-	-	-	-	L	L	L	L	L
E	E	L	-	-	-	-	-	E	E	E	E	L	L	-	-	-	D	D	-	-	-	D	D	D	D	D	D
D	L	L	L	-	-	-	D	D	L	L	-	-	-	D	L	L	-	-	-	-	-	-	D	D	D	L	L
D	D	D	D	D	D	-	-	-	E	E	E	E	-	-	-	D	D	-	-	-	E	E	D	D	-	-	-
-	-	-	-	-	D	L	-	-	-	-	-	L	L	-	-	-	-	D	D	D	D	L	-	-	-	-	-
D	D	D	-	-	E	-	-	D	D	-	-	-	E	E	-	-	-	-	-	-	-	-	-	-	-	-	-
-	-	-	-	-	-	-	-	-	E	E	D	D	-	-	E	E	-	-	-	-	-	D	D	-	-	-	-
-	D	D	-	-	-	-	-	-	D	D	D	L	-	-	-	-	E	D	-	-	D	-	-	-	-	-	-
E	D	-	-	-	-	-	-	D	D	D	-	-	E	D	-	-	-	E	D	-	-	-	-	-	-	-	-
Objective 0: 6436
Objective 1: 121
Constr violation: 0
Restrictions violated:
0 0 0 0 0 0 0 0 

Individual 6
1	2	3	4	5	6	7	8	9	10	11	12	13	14	15	16	17	18	19	20	21	22	23	24	25	26	27	28
E	E	E	E	E	-	-	D	D	-	-	E	D	D	D	-	-	-	-	E	E	D	D	D	-	-	-	-
D	-	-	D	D	-	-	E	D	D	D	-	-	-	E	E	-	-	E	E	E	E	-	-	E	D	D	D
-	-	D	D	-	-	-	L	L	L	L	L	-	-	D	D	L	L	-	-	E	E	E	E	-	-	E	E
E	E	E	E	-	-	-	-	E	E	E	E	-	-	E	E	-	-	E	E	E	-	-	-	E	E	E	E
D	-	-	E	D	D	L	-	-	D	D	D	D	-	-	E	E	D	D	-	-	-	E	E	L	L	-	-
E	E	E	L	L	-	-	E	E	-	-	E	E	E	L	-	-	E	E	L	L	-	-	E	E	-	-	-
E	E	E	E	E	-	-	-	-	-	E	E	E	E	-	-	-	E	E	E	E	E	-	-	E	E	-	-
E	E	E	D	L	-	-	E	E	D	L	L	-	-	-	-	E	D	D	L	L	-	-	-	E	E	-	-
E	D	D	D	D	-	-	E	E	E	D	-	-	-	-	D	D	-	-	-	E	E	E	E	D	-	-	-
E	E	D	D	D	-	-	-	-	E	E	D	D	D	-	-	-	D	L	-	-	L	L	-	-	E	E	E
L	L	-	-	-	E	E	D	L	-	-	-	E	E	E	E	L	L	-	-	-	E	E	D	D	-	-	-
D	D	-	-	-	-	D	D	D	L	L	-	-	-	E	E	D	L	-	-	-	-	-	L	L	L	L	L
E	E	L	-	-	-	-	-	E	E	E	E	L	L	-	-	-	D	D	-	-	-	D	D	D	D	D	D
D	L	L	L	-	-	-	D	D	L	L	-	-	-	D	L	L	-	-	-	-	-	-	D	D	D	L	L
D	D	D	D	D	D	-	-	-	E	E	E	E	-	-	-	D	D	-	-	-	E	E	D	D	-	-	-
-	-	-	-	-	D	L	-	-	-	-	-	L	L	-	-	-	-	D	D	D	D	L	-	-	-	-	-
D	D	D	-	-	E	-	-	D	D	-	-	-	E	E	-	-	-	-	-	-	-	-	-	-	-	-	-
-	-	-	-	-	-	-	-	-	E	E	D	D	-	-	E	E	-	-	-	-	-	D	D	-	-	-	-
-	D	D	-	-	-	-	-	-	D	D	D	L	-	-	-	-	E	D	-	-	D	-	-	-	-	-	-
E	D	-	-	-	-	-	-	D	D	D	-	-	E	D	-	-	-	E	D	-	-	-	-	-	-	-	-
Objective 0: 6135
Objective 1: 124
Constr violation: 0
Restrictions violated:
0 0 0 0 0 0 0 0 

Individual 7
1	2	3	4	5	6	7	8	9	10	11	12	13	14	15	16	17	18	19	20	21	22	23	24	25	26	27	28
E	E	E	E	E	-	-	D	D	-	-	E	D	D	D	-	-	-	-	E	E	D	D	D	-	-	-	-
D	-	-	D	D	-	-	E	D	D	D	-	-	-	E	E	-	-	E	E	E	E	-	-	E	D	D	D
-	-	D	D	-	-	-	L	L	L	L	L	-	-	D	D	L	L	-	-	E	E	E	E	-	-	E	E
E	E	E	E	-	-	-	-	E	E	E	E	-	-	E	E	-	-	E	E	E	-	-	-	E	E	E	E
D	-	-	E	D	D	L	-	-	D	D	D	D	-	-	E	E	D	D	-	-	-	E	E	L	L	-	-
E	E	E	L	L	-	-	E	E	-	-	E	E	E	L	-	-	E	E	L	L	-	-	E	E	-	-	-
E	E	E	E	E	-	-	-	-	-	E	E	E	E	-	-	-	E	E	E	E	E	-	-	E	E	-	-
E	E	E	D	L	-	-	E	E	D	L	L	-	-	-	-	E	D	D	L	L	-	-	-	E	E	-	-
E	D	D	D	D	-	-	E	E	E	D	-	-	-	-	D	D	-	-	-	E	E	E	E	D	-	-	-
E	E	D	D	D	-	-	-	-	E	E	D	D	D	-	-	-	D	L	-	-	L	L	-	-	E	E	E
L	L	-	-	-	E	E	D	L	-	-	-	E	E	E	E	L	L	-	-	-	E	E	D	D	-	-	-
D	D	-	-	-	-	D	D	D	L	L	-	-	-	E	E	D	L	-	-	-	-	-	L	L	L	L	L
E	E	L	-	-	-	-	-	E	E	E	E	L	L	-	-	-	D	D	-	-	-	D	D	D	D	D	D
D	L	L	L	-	-	-	D	D	L	L	-	-	-	D	L	L	-	-	-	-	-	-	D	D	D	L	L
D	D	D	D	D	D	-	-	-	E	E	E	E	-	-	-	D	D	-	-	-	E	E	D	D	-	-	-
-	-	-	-	-	D	L	-	-	-	-	-	L	L	-	-	-	-	D	D	D	D	L	-	-	-	-	-
D	D	D	-	-	E	-	-	D	D	-	-	-	E	E	-	-	-	-	-	-	-	-	-	-	-	-	-
-	-	-	-	D	L	L	-	-	-	-	-	-	-	D	D	-	-	D	D	D	D	-	-	-	-	-	-
-	D	D	-	-	-	-	-	-	D	D	D	L	-	-	-	-	E	D	-	-	D	-	-	-	-	-	-
E	D	-	-	-	-	-	-	D	D	D	-	-	E	D	-	-	-	E	D	-	-	-	-	-	-	-	-
Objective 0: 5732
Objective 1: 131
Constr violation: 0
Restrictions violated:
0 0 0 0 0 0 0 0 

Individual 8
1	2	3	4	5	6	7	8	9	10	11	12	13	14	15	16	17	18	19	20	21	22	23	24	25	26	27	28
E	E	E	E	E	-	-	D	D	-	-	E	D	D	D	-	-	-	-	E	E	D	D	D	-	-	-	-
D	-	-	D	D	-	-	E	D	D	D	-	-	-	E	E	-	-	E	E	E	E	-	-	E	D	D	D
-	-	D	D	-	-	-	E	L	L	L	-	-	-	D	D	L	L	-	-	E	E	E	E	-	-	E	E
E	E	E	E	-	-	-	-	E	E	E	E	-	-	E	E	-	-	E	E	E	-	-	-	E	E	E	E
D	-	-	E	D	D	L	-	-	D	D	D	D	-	-	E	E	D	D	-	-	-	E	E	L	L	-	-
E	L	-	-	E	E	E	L	-	-	-	E	L	-	-	-	L	L	L	-	-	E	E	E	E	E	-	-
E	E	E	E	E	-	-	-	-	-	E	E	E	E	-	-	-	E	E	E	E	E	-	-	E	E	-	-
E	E	E	D	L	-	-	E	E	D	L	L	-	-	-	-	E	D	D	L	L	-	-	-	E	E	-	-
E	D	D	D	D	-	-	E	E	E	D	-	-	-	-	D	D	-	-	-	E	E	E	E	D	-	-	-
L	L	L	L	-	-	-	-	E	E	E	L	-	-	-	-	-	-	D	D	L	L	L	-	-	E	E	D
L	L	-	-	-	E	E	D	L	-	-	-	E	E	E	E	L	L	-	-	-	E	E	D	D	-	-	-
D	D	-	-	-	-	D	D	D	L	L	-	-	-	E	E	D	L	-	-	-	-	-	L	L	L	L	L
E	E	L	-	-	-	-	-	E	E	E	E	L	L	-	-	-	D	D	-	-	-	D	D	D	D	D	D
D	L	L	L	-	-	-	D	D	L	L	-	-	-	D	L	L	-	-	-	-	-	-	D	D	D	L	L
D	D	D	D	D	D	-	-	-	E	E	E	E	-	-	-	D	D	-	-	-	E	E	D	D	-	-	-
-	-	-	-	-	D	L	-	-	-	-	-	L	L	-	-	-	-	D	D	D	D	L	-	-	-	-	-
D	D	D	-	-	E	-	-	D	D	-	-	-	E	E	-	-	-	-	-	-	-	-	-	-	-	-	-
-	-	-	-	-	-	-	-	-	E	E	D	D	-	-	E	E	-	-	-	-	-	D	D	-	-	-	-
-	D	D	-	-	-	-	-	-	D	D	D	L	-	-	-	-	E	D	-	-	D	-	-	-	-	-	-
E	D	-	-	-	-	-	-	D	D	D	-	-	E	D	-	-	-	E	D	-	-	-	-	-	-	-	-
Objective 0: 6637
Objective 1: 119
Constr violation: 0
Restrictions violated:
0 0 0 0 0 0 0 0 

Individual 9
1	2	3	4	5	6	7	8	9	10	11	12	13	14	15	16	17	18	19	20	21	22	23	24	25	26	27	28
E	E	E	E	E	-	-	D	D	-	-	E	D	D	D	-	-	-	-	E	E	D	D	D	-	-	-	-
D	-	-	D	D	-	-	E	D	D	D	-	-	-	E	E	-	-	E	E	E	E	-	-	E	D	D	D
-	-	D	D	-	-	-	E	L	L	L	-	-	-	D	D	L	L	-	-	E	E	E	E	-	-	E	E
E	E	E	E	-	-	-	-	E	E	E	E	-	-	E	E	-	-	E	E	E	-	-	-	E	E	E	E
D	-	-	E	D	D	L	-	-	D	D	D	D	-	-	E	E	D	D	-	-	-	E	E	L	L	-	-
E	L	-	-	E	E	E	L	-	-	-	E	L	-	-	-	L	L	L	-	-	E	E	E	E	E	-	-
E	E	E	E	E	-	-	-	-	-	E	E	E	E	-	-	-	E	E	E	E	E	-	-	E	E	-	-
E	E	E	D	L	-	-	E	E	D	L	L	-	-	-	-	E	D	D	L	L	-	-	-	E	E	-	-
E	D	D	D	D	-	-	E	E	E	D	-	-	-	-	D	D	-	-	-	E	E	E	E	D	-	-	-
E	E	D	D	D	-	-	-	-	E	E	D	D	D	-	-	-	D	L	-	-	L	L	-	-	E	E	E
L	L	-	-	-	E	E	D	L	-	-	-	E	E	E	E	L	L	-	-	-	E	E	D	D	-	-	-
D	D	-	-	-	-	D	D	D	L	L	-	-	-	E	E	D	L	-	-	-	-	-	L	L	L	L	L
E	E	L	-	-	-	-	-	E	E	E	E	L	L	-	-	-	D	D	-	-	-	D	D	D	D	D	D
D	L	L	L	-	-	-	D	D	L	L	-	-	-	D	L	L	-	-	-	-	-	-	D	D	D	L	L
D	D	D	D	D	D	-	-	-	E	E	E	E	-	-	-	D	D	-	-	-	E	E	D	D	-	-	-
-	-	-	-	-	D	L	-	-	-	-	-	L	L	-	-	-	-	D	D	D	D	L	-	-	-	-	-
D	D	D	-	-	E	-	-	D	D	-	-	-	E	E	-	-	-	-	-	-	-	-	-	-	-	-	-
-	-	-	-	-	-	-	-	-	E	E	D	D	-	-	E	E	-	-	-	-	-	D	D	-	-	-	-
-	D	D	-	-	-	-	-	-	D	D	D	L	-	-	-	-	E	D	-	-	D	-	-	-	-	-	-
E	D	-	-	-	-	-	-	D	D	D	-	-	E	D	-	-	-	E	D	-	-	-	-	-	-	-	-
Objective 0: 6436
Objective 1: 121
Constr violation: 0
Restrictions violated:
0 0 0 0 0 0 0 0 

Individual 10
1	2	3	4	5	6	7	8	9	10	11	12	13	14	15	16	17	18	19	20	21	22	23	24	25	26	27	28
E	E	E	E	E	-	-	D	D	-	-	E	D	D	D	-	-	-	-	E	E	D	D	D	-	-	-	-
D	-	-	D	D	-	-	E	D	D	D	-	-	-	E	E	-	-	E	E	E	E	-	-	E	D	D	D
-	-	D	D	-	-	-	E	L	L	L	-	-	-	D	D	L	L	-	-	E	E	E	E	-	-	E	E
E	E	E	E	-	-	-	-	E	E	E	E	-	-	E	E	-	-	E	E	E	-	-	-	E	E	E	E
D	-	-	E	D	D	L	-	-	D	D	D	D	-	-	E	E	D	D	-	-	-	E	E	L	L	-	-
E	L	-	-	E	E	E	L	-	-	-	E	L	-	-	-	L	L	L	-	-	E	E	E	E	E	-	-
E	E	E	E	E	-	-	-	-	-	E	E	E	E	-	-	-	E	E	E	E	E	-	-	E	E	-	-
E	E	E	D	L	-	-	E	E	D	L	L	-	-	-	-	E	D	D	L	L	-	-	-	E	E	-	-
E	D	D	D	D	-	-	E	E	E	D	-	-	-	-	D	D	-	-	-	E	E	E	E	D	-	-	-
L	L	L	L	-	-	-	-	E	E	E	L	-	-	-	-	-	-	D	D	L	L	L	-	-	E	E	D
L	L	-	-	-	E	E	D	L	-	-	-	E	E	E	E	L	L	-	-	-	E	E	D	D	-	-	-
D	D	-	-	-	-	D	D	D	L	L	-	-	-	E	E	D	L	-	-	-	-	-	L	L	L	L	L
E	E	L	-	-	-	-	-	E	E	E	E	L	L	-	-	-	D	D	-	-	-	D	D	D	D	D	D
D	L	L	L	-	-	-	D	D	L	L	-	-	-	D	L	L	-	-	-	-	-	-	D	D	D	L	L
D	D	D	D	D	D	-	-	-	E	E	E	E	-	-	-	D	D	-	-	-	E	E	D	D	-	-	-
-	-	-	-	-	D	L	-	-	-	-	-	L	L	-	-	-	-	D	D	D	D	L	-	-	-	-	-
D	D	D	-	-	E	-	-	D	D	-	-	-	E	E	-	-	-	-	-	-	-	-	-	-	-	-	-
-	-	-	-	-	-	-	-	-	E	E	D	D	-	-	E	E	-	-	-	-	-	D	D	-	-	-	-
-	D	D	-	-	-	-	-	-	D	D	D	L	-	-	-	-	E	D	-	-	D	-	-	-	-	-	-
E	D	-	-	-	-	-	-	D	D	D	-	-	E	D	-	-	-	E	D	-	-	-	-	-	-	-	-
Objective 0: 6637
Objective 1: 119
Constr violation: 0
Restrictions violated:
0 0 0 0 0 0 0 0 

Individual 11
1	2	3	4	5	6	7	8	9	10	11	12	13	14	15	16	17	18	19	20	21	22	23	24	25	26	27	28
E	E	E	E	E	-	-	D	D	-	-	E	D	D	D	-	-	-	-	E	E	D	D	D	-	-	-	-
D	-	-	D	D	-	-	E	D	D	D	-	-	-	E	E	-	-	E	E	E	E	-	-	E	D	D	D
-	-	D	D	-	-	-	E	L	L	L	-	-	-	D	D	L	L	-	-	E	E	E	E	-	-	E	E
E	E	E	E	-	-	-	-	E	E	E	E	-	-	E	E	-	-	E	E	E	-	-	-	E	E	E	E
D	-	-	E	D	D	L	-	-	D	D	D	D	-	-	E	E	D	D	-	-	-	E	E	L	L	-	-
E	L	-	-	E	E	E	L	-	-	-	E	L	-	-	-	L	L	L	-	-	E	E	E	E	E	-	-
E	E	E	E	E	-	-	-	-	-	E	E	E	E	-	-	-	E	E	E	E	E	-	-	E	E	-	-
E	E	E	D	L	-	-	E	E	D	L	L	-	-	-	-	E	D	D	L	L	-	-	-	E	E	-	-
E	D	D	D	D	-	-	E	E	E	D	-	-	-	-	D	D	-	-	-	E	E	E	E	D	-	-	-
L	L	L	L	-	-	-	-	E	E	E	L	-	-	-	-	-	-	D	D	L	L	L	-	-	E	E	D
L	L	-	-	-	E	E	D	L	-	-	-	E	E	E	E	L	L	-	-	-	E	E	D	D	-	-	-
D	D	-	-	-	-	D	D	D	L	L	-	-	-	E	E	D	L	-	-	-	-	-	L	L	L	L	L
E	E	L	-	-	-	-	-	E	E	E	E	L	L	-	-	-	D	D	-	-	-	D	D	D	D	D	D
D	L	L	L	-	-	-	D	D	L	L	-	-	-	D	L	L	-	-	-	-	-	-	D	D	D	L	L
D	D	D	D	D	D	-	-	-	E	E	E	E	-	-	-	D	D	-	-	-	E	E	D	D	-	-	-
-	-	-	-	-	D	L	-	-	-	-	-	L	L	-	-	-	-	D	D	D	D	L	-	-	-	-	-
D	D	D	-	-	E	-	-	D	D	-	-	-	E	E	-	-	-	-	-	-	-	-	-	-	-	-	-
-	-	-	-	-	-	-	-	-	E	E	D	D	-	-	E	E	-	-	-	-	-	D	D	-	-	-	-
-	D	D	-	-	-	-	-	-	D	D	D	L	-	-	-	-	E	D	-	-	D	-	-	-	-	-	-
E	D	-	-	-	-	-	-	D	D	D	-	-	E	D	-	-	-	E	D	-	-	-	-	-	-	-	-
Objective 0: 6637
Objective 1: 119
Constr violation: 0
Restrictions violated:
0 0 0 0 0 0 0 0 

