Individual 0
1	2	3	4	5	6	7	8	9	10	11	12	13	14	15	16	17	18	19	20	21	22	23	24	25	26	27	28
-	-	E	E	D	-	-	D	D	-	-	D	D	D	D	-	-	E	E	E	D	D	-	-	E	E	-	-
E	E	E	E	D	-	-	E	E	D	-	-	-	-	E	D	-	-	D	D	-	-	E	D	D	-	-	E
-	-	D	L	L	-	-	E	E	D	L	-	-	E	D	D	D	D	-	-	-	-	L	L	-	-	E	E
E	E	E	E	-	-	-	-	E	E	E	E	-	-	E	E	-	-	E	E	E	-	-	-	E	E	E	E
-	-	D	D	D	-	-	D	L	L	L	-	-	-	-	D	L	-	-	E	E	D	-	-	L	L	L	L
E	L	L	L	-	-	-	E	E	-	-	E	L	-	-	L	L	L	L	-	-	E	E	E	E	E	-	-
E	E	E	-	-	E	E	E	-	-	-	E	E	E	-	-	-	E	E	-	-	E	E	E	E	E	-	-
D	D	-	-	E	E	L	-	-	-	E	D	-	-	-	E	E	D	L	-	-	E	D	-	-	E	L	L
E	D	D	D	D	-	-	D	D	D	D	-	-	-	E	D	-	-	-	E	E	-	-	E	E	E	-	-
E	D	D	D	D	-	-	-	D	D	-	-	E	E	D	-	-	E	L	L	L	-	-	-	L	L	-	-
D	D	D	D	D	D	-	-	-	-	E	E	L	L	L	L	-	-	-	-	-	E	D	D	L	-	-	-
L	L	-	-	-	E	E	E	L	L	L	-	-	-	E	E	E	D	-	-	-	-	-	-	D	D	D	L
E	E	-	-	-	E	E	E	D	D	D	-	-	-	-	-	D	D	L	-	-	-	D	D	D	D	D	L
E	L	L	L	L	L	-	-	-	E	D	L	-	-	-	E	E	L	-	-	-	E	D	L	-	-	-	E
E	D	D	D	D	D	-	-	-	-	E	E	E	E	E	D	-	-	-	-	-	E	E	D	D	-	-	-
-	D	D	L	L	L	-	-	D	-	-	-	-	-	-	-	-	-	-	-	-	D	D	L	-	-	-	-
D	-	-	-	E	D	D	D	-	-	-	E	E	E	-	-	-	-	-	-	-	-	-	-	-	-	-	-
-	-	-	-	E	D	-	-	-	E	-	-	-	-	-	D	-	-	-	D	L	L	L	-	-	-	-	-
L	-	-	D	D	-	-	-	-	-	-	-	-	E	D	-	-	E	-	-	D	-	-	-	-	-	L	-
D	-	-	-	-	-	E	D	D	-	-	-	-	-	-	-	-	-	E	E	E	E	-	-	-	-	-	-
Objective 0: 5826
Objective 1: 140
Constr violation: 0
Restrictions violated:
0 0 0 0 0 0 0 0 

Individual 1
1	2	3	4	5	6	7	8	9	10	11	12	13	14	15	16	17	18	19	20	21	22	23	24	25	26	27	28
-	-	E	E	D	-	-	D	D	-	-	D	D	D	D	-	-	E	E	E	D	D	-	-	E	E	-	-
E	E	E	E	D	-	-	E	E	D	-	-	-	-	E	D	-	-	D	D	-	-	E	D	D	-	-	E
-	-	D	L	L	-	-	E	E	D	L	-	-	E	D	D	D	D	-	-	-	-	L	L	-	-	E	E
E	E	E	E	-	-	-	-	E	E	E	E	-	-	E	E	-	-	E	E	E	-	-	-	E	E	E	E
E	E	E	E	E	-	-	L	L	L	-	-	-	-	-	E	E	-	-	D	L	L	L	-	-	-	D	L
L	L	-	-	E	E	E	E	L	-	-	L	L	-	-	L	L	L	L	-	-	E	E	E	E	-	-	-
E	E	E	-	-	E	E	E	-	-	-	E	E	E	-	-	-	E	E	-	-	E	E	E	E	E	-	-
D	D	-	-	D	L	-	-	E	E	E	L	-	-	-	E	D	D	L	-	-	E	E	-	-	D	D	D
E	E	D	D	-	-	-	D	D	D	D	-	-	-	D	D	D	-	-	E	E	E	E	E	-	-	-	D
E	D	D	D	D	-	-	-	-	-	D	D	L	L	-	-	E	L	L	-	-	L	L	L	L	L	-	-
D	D	D	D	-	-	-	L	L	-	-	-	E	D	D	L	-	-	-	E	E	E	E	E	E	-	-	-
L	L	-	-	-	E	E	E	L	L	L	-	-	-	E	E	E	D	-	-	-	-	-	-	D	D	D	L
E	E	-	-	-	E	E	E	D	D	D	-	-	-	E	E	D	D	D	-	-	-	E	E	E	-	-	-
E	L	L	L	L	L	-	-	-	E	D	L	-	-	-	E	E	L	-	-	-	E	D	L	-	-	-	E
E	D	D	D	D	D	-	-	-	-	E	E	E	E	E	D	-	-	-	-	-	E	E	D	D	-	-	-
-	D	D	L	L	L	-	-	D	-	-	-	-	-	-	-	-	-	-	-	-	D	D	L	-	-	-	-
D	-	-	-	D	D	D	D	-	-	-	E	E	-	-	-	-	-	-	-	-	-	-	-	-	-	-	-
-	-	-	D	L	-	-	-	-	-	E	D	-	-	E	D	-	-	-	-	L	-	-	-	-	-	-	-
L	-	-	D	D	-	-	-	-	-	-	-	-	E	D	-	-	E	-	-	D	-	-	-	-	-	L	-
D	-	-	D	D	-	-	-	D	D	-	-	-	D	-	-	-	E	-	-	-	-	-	-	-	-	-	-
Objective 0: 7441
Objective 1: 107
Constr violation: 0
Restrictions violated:
0 0 0 0 0 0 0 0 

Individual 2
1	2	3	4	5	6	7	8	9	10	11	12	13	14	15	16	17	18	19	20	21	22	23	24	25	26	27	28
-	-	E	E	D	-	-	D	D	-	-	D	D	D	D	-	-	E	E	E	D	D	-	-	E	E	-	-
E	E	E	E	D	-	-	E	E	D	-	-	-	-	E	D	-	-	D	D	-	-	E	D	D	-	-	E
-	-	D	L	L	-	-	E	E	D	L	-	-	E	D	D	D	D	-	-	-	-	L	L	-	-	E	E
E	E	E	E	-	-	-	-	E	E	E	E	-	-	E	E	-	-	E	E	E	-	-	-	E	E	E	E
-	-	D	D	D	-	-	D	L	L	L	-	-	-	-	D	L	-	-	E	E	D	-	-	L	L	L	L
E	L	L	L	-	-	-	E	E	-	-	E	L	-	-	L	L	L	L	-	-	E	E	E	E	E	-	-
E	E	E	-	-	E	E	E	-	-	-	E	E	E	-	-	-	E	E	-	-	E	E	E	E	E	-	-
D	D	-	-	E	E	L	-	-	-	E	D	-	-	-	E	E	D	L	-	-	E	D	-	-	E	L	L
E	E	D	D	-	-	-	D	D	D	D	-	-	-	D	D	D	-	-	E	E	E	E	E	-	-	-	D
E	D	D	D	D	-	-	-	D	D	-	-	E	E	D	-	-	E	L	L	L	-	-	-	L	L	-	-
D	D	D	D	D	D	-	-	-	-	E	E	L	L	L	L	-	-	-	-	-	E	D	D	L	-	-	-
L	L	-	-	-	E	E	E	L	L	L	-	-	-	E	E	E	D	-	-	-	-	-	-	D	D	D	L
E	E	-	-	-	E	E	E	D	D	D	-	-	-	-	-	D	D	L	-	-	-	D	D	D	D	D	L
E	L	L	L	L	L	-	-	-	E	D	L	-	-	-	E	E	L	-	-	-	E	D	L	-	-	-	E
E	D	D	D	D	D	-	-	-	-	E	E	E	E	E	D	-	-	-	-	-	E	E	D	D	-	-	-
-	D	D	L	L	L	-	-	D	-	-	-	-	-	-	-	-	-	-	-	-	D	D	L	-	-	-	-
D	-	-	-	E	D	D	D	-	-	-	E	E	E	-	-	-	-	-	-	-	-	-	-	-	-	-	-
-	-	-	-	E	D	-	-	-	E	-	-	-	-	-	D	-	-	-	D	L	L	L	-	-	-	-	-
L	-	-	D	D	-	-	-	-	-	-	-	-	E	D	-	-	E	-	-	D	-	-	-	-	-	L	-
D	-	-	-	-	-	E	D	D	-	-	-	-	-	-	-	-	-	E	E	E	E	-	-	-	-	-	-
Objective 0: 5827
Objective 1: 136
Constr violation: 0
Restrictions violated:
0 0 0 0 0 0 0 0 

Individual 3
1	2	3	4	5	6	7	8	9	10	11	12	13	14	15	16	17	18	19	20	21	22	23	24	25	26	27	28
-	-	E	E	D	-	-	D	D	-	-	D	D	D	D	-	-	E	E	E	D	D	-	-	E	E	-	-
E	E	E	E	D	-	-	E	E	D	-	-	-	-	E	D	-	-	D	D	-	-	E	D	D	-	-	E
-	-	D	L	L	-	-	E	E	D	L	-	-	E	D	D	D	D	-	-	-	-	L	L	-	-	E	E
E	E	E	E	-	-	-	-	E	E	E	E	-	-	E	E	-	-	E	E	E	-	-	-	E	E	E	E
-	-	D	D	D	-	-	D	L	L	L	-	-	-	-	D	L	-	-	E	E	D	-	-	L	L	L	L
L	L	-	-	E	E	E	E	L	-	-	L	L	-	-	L	L	L	L	-	-	E	E	E	E	-	-	-
E	E	E	-	-	E	E	E	-	-	-	E	E	E	-	-	-	E	E	-	-	E	E	E	E	E	-	-
D	D	-	-	E	E	L	-	-	-	E	D	-	-	-	E	E	D	L	-	-	E	D	-	-	E	L	L
E	E	D	D	-	-	-	D	D	D	D	-	-	-	D	D	D	-	-	E	E	E	E	E	-	-	-	D
E	D	D	D	D	-	-	-	D	D	-	-	E	E	D	-	-	E	L	L	L	-	-	-	L	L	-	-
D	D	D	D	D	D	-	-	-	-	E	E	L	L	L	L	-	-	-	-	-	E	D	D	L	-	-	-
L	L	-	-	-	E	E	E	L	L	L	-	-	-	E	E	E	D	-	-	-	-	-	-	D	D	D	L
E	E	-	-	-	E	E	E	D	D	D	-	-	-	E	E	D	D	D	-	-	-	E	E	E	-	-	-
E	L	L	L	L	L	-	-	-	E	D	L	-	-	-	E	E	L	-	-	-	E	D	L	-	-	-	E
E	D	D	D	D	D	-	-	-	-	E	E	E	E	E	D	-	-	-	-	-	E	E	D	D	-	-	-
-	D	D	L	L	L	-	-	D	-	-	-	-	-	-	-	-	-	-	-	-	D	D	L	-	-	-	-
D	-	-	-	E	D	D	D	-	-	-	E	E	E	-	-	-	-	-	-	-	-	-	-	-	-	-	-
-	-	-	-	E	D	-	-	-	E	-	-	-	-	-	D	-	-	-	D	L	L	L	-	-	-	-	-
L	-	-	D	D	-	-	-	-	-	-	-	-	E	D	-	-	E	-	-	D	-	-	-	-	-	L	-
D	-	-	-	-	-	E	D	D	-	-	-	-	-	-	-	-	-	E	E	E	E	-	-	-	-	-	-
Objective 0: 6129
Objective 1: 128
Constr violation: 0
Restrictions violated:
0 0 0 0 0 0 0 0 

Individual 4
1	2	3	4	5	6	7	8	9	10	11	12	13	14	15	16	17	18	19	20	21	22	23	24	25	26	27	28
-	-	E	E	D	-	-	D	D	-	-	D	D	D	D	-	-	E	E	E	D	D	-	-	E	E	-	-
E	E	E	E	D	-	-	E	E	D	-	-	-	-	E	D	-	-	D	D	-	-	E	D	D	-	-	E
-	-	D	L	L	-	-	E	E	D	L	-	-	E	D	D	D	D	-	-	-	-	L	L	-	-	E	E
E	E	E	E	-	-	-	-	E	E	E	E	-	-	E	E	-	-	E	E	E	-	-	-	E	E	E	E
E	E	E	E	E	-	-	L	L	L	-	-	-	-	-	E	E	-	-	D	L	L	L	-	-	-	D	L
L	L	-	-	E	E	E	E	L	-	-	L	L	-	-	L	L	L	L	-	-	E	E	E	E	-	-	-
E	E	E	-	-	E	E	E	-	-	-	E	E	E	-	-	-	E	E	-	-	E	E	E	E	E	-	-
D	D	-	-	D	L	-	-	D	L	L	-	-	-	-	E	D	D	L	-	-	E	E	-	-	D	D	D
E	E	D	D	-	-	-	D	D	D	D	-	-	-	D	D	D	-	-	E	E	E	E	E	-	-	-	D
E	D	D	D	D	-	-	-	-	-	D	D	L	L	-	-	E	L	L	-	-	L	L	L	L	L	-	-
D	D	D	D	-	-	-	L	L	-	-	-	E	D	D	L	-	-	-	E	E	E	E	E	E	-	-	-
L	L	-	-	-	E	E	E	L	L	L	-	-	-	E	E	E	D	-	-	-	-	-	-	D	D	D	L
E	E	-	-	-	E	E	E	D	D	D	-	-	-	E	E	D	D	D	-	-	-	-	-	-	E	E	E
E	L	L	L	L	L	-	-	-	E	D	L	-	-	-	E	E	L	-	-	-	E	D	L	-	-	-	E
E	D	D	D	D	D	-	-	-	-	E	E	E	E	E	D	-	-	-	-	-	E	E	D	D	-	-	-
-	D	D	L	L	L	-	-	D	-	-	-	-	-	-	-	-	-	-	-	-	D	D	L	-	-	-	-
D	-	-	-	D	D	D	D	-	-	-	E	E	-	-	-	-	-	-	-	-	-	-	-	-	-	-	-
-	-	-	-	E	D	-	-	-	E	-	-	-	-	-	D	-	-	-	D	L	L	L	-	-	-	-	-
L	-	-	D	D	-	-	-	-	-	-	-	-	E	D	-	-	E	-	-	D	-	-	-	-	-	L	-
D	-	-	D	D	-	-	-	D	D	-	-	-	D	-	-	-	E	-	-	-	-	-	-	-	-	-	-
Objective 0: 6936
Objective 1: 109
Constr violation: 0
Restrictions violated:
0 0 0 0 0 0 0 0 

Individual 5
1	2	3	4	5	6	7	8	9	10	11	12	13	14	15	16	17	18	19	20	21	22	23	24	25	26	27	28
-	-	E	E	D	-	-	D	D	-	-	D	D	D	D	-	-	E	E	E	D	D	-	-	E	E	-	-
E	E	E	E	D	-	-	E	E	D	-	-	-	-	E	D	-	-	D	D	-	-	E	D	D	-	-	E
-	-	D	L	L	-	-	E	E	D	L	-	-	E	D	D	D	D	-	-	-	-	L	L	-	-	E	E
E	E	E	E	-	-	-	-	E	E	E	E	-	-	E	E	-	-	E	E	E	-	-	-	E	E	E	E
-	-	D	D	D	-	-	D	L	L	L	-	-	-	-	D	L	-	-	E	E	D	-	-	L	L	L	L
L	L	-	-	E	E	E	E	L	-	-	L	L	-	-	L	L	L	L	-	-	E	E	E	E	-	-	-
E	E	E	-	-	E	E	E	-	-	-	E	E	E	-	-	-	E	E	-	-	E	E	E	E	E	-	-
D	D	-	-	D	L	-	-	D	L	L	-	-	-	-	E	D	D	L	-	-	E	E	-	-	D	D	D
E	D	D	D	D	-	-	D	D	D	D	-	-	-	E	D	-	-	-	E	E	-	-	E	E	E	-	-
E	D	D	D	D	-	-	-	-	-	D	D	L	L	-	-	E	L	L	-	-	L	L	L	L	L	-	-
D	D	D	D	-	-	-	L	L	-	-	-	E	D	D	L	-	-	-	E	E	E	E	E	E	-	-	-
L	L	-	-	-	E	E	E	L	L	L	-	-	-	E	E	E	D	-	-	-	-	-	-	D	D	D	L
E	E	-	-	-	E	E	E	D	D	D	-	-	-	-	-	D	D	L	-	-	-	D	D	D	D	D	L
E	L	L	L	L	L	-	-	-	E	D	L	-	-	-	E	E	L	-	-	-	E	D	L	-	-	-	E
E	D	D	D	D	D	-	-	-	-	E	E	E	E	E	D	-	-	-	-	-	E	E	D	D	-	-	-
-	D	D	L	L	L	-	-	D	-	-	-	-	-	-	-	-	-	-	-	-	D	D	L	-	-	-	-
D	-	-	-	E	D	D	D	-	-	-	E	E	E	-	-	-	-	-	-	-	-	-	-	-	-	-	-
-	-	-	-	E	D	-	-	-	E	-	-	-	-	-	D	-	-	-	D	L	L	L	-	-	-	-	-
L	-	-	D	D	-	-	-	-	-	-	-	-	E	D	-	-	E	-	-	D	-	-	-	-	-	L	-
D	-	-	-	-	-	E	D	D	-	-	-	-	-	-	-	-	-	E	E	E	E	-	-	-	-	-	-
Objective 0: 6130
Objective 1: 125
Constr violation: 0
Restrictions violated:
0 0 0 0 0 0 0 0 

Individual 6
1	2	3	4	5	6	7	8	9	10	11	12	13	14	15	16	17	18	19	20	21	22	23	24	25	26	27	28
-	-	E	E	D	-	-	D	D	-	-	D	D	D	D	-	-	E	E	E	D	D	-	-	E	E	-	-
E	E	E	E	D	-	-	E	E	D	-	-	-	-	E	D	-	-	D	D	-	-	E	D	D	-	-	E
-	-	D	L	L	-	-	E	E	D	L	-	-	E	D	D	D	D	-	-	-	-	L	L	-	-	E	E
E	E	E	E	-	-	-	-	E	E	E	E	-	-	E	E	-	-	E	E	E	-	-	-	E	E	E	E
-	-	D	D	D	-	-	D	L	L	L	-	-	-	-	D	L	-	-	E	E	D	-	-	L	L	L	L
L	L	-	-	E	E	E	E	L	-	-	L	L	-	-	L	L	L	L	-	-	E	E	E	E	-	-	-
E	E	E	-	-	E	E	E	-	-	-	E	E	E	-	-	-	E	E	-	-	E	E	E	E	E	-	-
D	D	-	-	D	L	-	-	D	L	L	-	-	-	-	E	D	D	L	-	-	E	E	-	-	D	D	D
E	E	D	D	-	-	-	D	D	D	D	-	-	-	D	D	D	-	-	E	E	E	E	E	-	-	-	D
E	D	D	D	D	-	-	-	-	-	D	D	L	L	-	-	E	L	L	-	-	L	L	L	L	L	-	-
D	D	D	D	-	-	-	L	L	-	-	-	E	D	D	L	-	-	-	E	E	E	E	E	E	-	-	-
L	L	-	-	-	E	E	E	L	L	L	-	-	-	E	E	E	D	-	-	-	-	-	-	D	D	D	L
E	E	-	-	-	E	E	E	D	D	D	-	-	-	E	E	D	D	D	-	-	-	-	-	-	E	E	E
E	L	L	L	L	L	-	-	-	E	D	L	-	-	-	E	E	L	-	-	-	E	D	L	-	-	-	E
E	D	D	D	D	D	-	-	-	-	E	E	E	E	E	D	-	-	-	-	-	E	E	D	D	-	-	-
-	D	D	L	L	L	-	-	D	-	-	-	-	-	-	-	-	-	-	-	-	D	D	L	-	-	-	-
D	-	-	-	E	D	D	D	-	-	-	E	E	E	-	-	-	-	-	-	-	-	-	-	-	-	-	-
-	-	-	-	E	D	-	-	-	E	-	-	-	-	-	D	-	-	-	D	L	L	L	-	-	-	-	-
L	-	-	D	D	-	-	-	-	-	-	-	-	E	D	-	-	E	-	-	D	-	-	-	-	-	L	-
D	-	-	-	-	-	E	D	D	-	-	-	-	-	-	-	-	-	E	E	E	E	-	-	-	-	-	-
Objective 0: 6231
Objective 1: 118
Constr violation: 0
Restrictions violated:
0 0 0 0 0 0 0 0 

Individual 7
1	2	3	4	5	6	7	8	9	10	11	12	13	14	15	16	17	18	19	20	21	22	23	24	25	26	27	28
-	-	E	E	D	-	-	D	D	-	-	D	D	D	D	-	-	E	E	E	D	D	-	-	E	E	-	-
E	E	E	E	D	-	-	E	E	D	-	-	-	-	E	D	-	-	D	D	-	-	E	D	D	-	-	E
-	-	D	L	L	-	-	E	E	D	L	-	-	E	D	D	D	D	-	-	-	-	L	L	-	-	E	E
E	E	E	E	-	-	-	-	E	E	E	E	-	-	E	E	-	-	E	E	E	-	-	-	E	E	E	E
-	-	D	D	D	-	-	D	L	L	L	-	-	-	-	D	L	-	-	E	E	D	-	-	L	L	L	L
L	L	-	-	E	E	E	E	L	-	-	L	L	-	-	L	L	L	L	-	-	E	E	E	E	-	-	-
E	E	E	-	-	E	E	E	-	-	-	E	E	E	-	-	-	E	E	-	-	E	E	E	E	E	-	-
D	D	-	-	D	L	-	-	D	L	L	-	-	-	-	E	D	D	L	-	-	E	E	-	-	D	D	D
E	E	D	D	-	-	-	D	D	D	D	-	-	-	D	D	D	-	-	E	E	E	E	E	-	-	-	D
E	D	D	D	D	-	-	-	-	-	D	D	L	L	-	-	E	L	L	-	-	L	L	L	L	L	-	-
D	D	D	D	-	-	-	L	L	-	-	-	E	D	D	L	-	-	-	E	E	E	E	E	E	-	-	-
L	L	-	-	-	E	E	E	L	L	L	-	-	-	E	E	E	D	-	-	-	-	-	-	D	D	D	L
E	E	-	-	-	E	E	E	D	D	D	-	-	-	E	E	D	D	D	-	-	-	-	-	-	E	E	E
E	L	L	L	L	L	-	-	-	E	D	L	-	-	-	E	E	L	-	-	-	E	D	L	-	-	-	E
E	D	D	D	D	D	-	-	-	-	E	E	E	E	E	D	-	-	-	-	-	E	E	D	D	-	-	-
-	D	D	L	L	L	-	-	D	-	-	-	-	-	-	-	-	-	-	-	-	D	D	L	-	-	-	-
D	-	-	-	D	D	D	D	-	-	-	E	E	-	-	-	-	-	-	-	-	-	-	-	-	-	-	-
-	-	-	-	E	D	-	-	-	E	-	-	-	-	-	D	-	-	-	D	L	L	L	-	-	-	-	-
L	-	-	D	D	-	-	-	-	-	-	-	-	E	D	-	-	E	-	-	D	-	-	-	-	-	L	-
D	-	-	D	D	-	-	-	D	D	-	-	-	D	-	-	-	E	-	-	-	-	-	-	-	-	-	-
Objective 0: 6633
Objective 1: 113
Constr violation: 0
Restrictions violated:
0 0 0 0 0 0 0 0 

Individual 8
1	2	3	4	5	6	7	8	9	10	11	12	13	14	15	16	17	18	19	20	21	22	23	24	25	26	27	28
-	-	E	E	D	-	-	D	D	-	-	D	D	D	D	-	-	E	E	E	D	D	-	-	E	E	-	-
E	E	E	E	D	-	-	E	E	D	-	-	-	-	E	D	-	-	D	D	-	-	E	D	D	-	-	E
-	-	D	L	L	-	-	E	E	D	L	-	-	E	D	D	D	D	-	-	-	-	L	L	-	-	E	E
E	E	E	E	-	-	-	-	E	E	E	E	-	-	E	E	-	-	E	E	E	-	-	-	E	E	E	E
-	-	D	D	D	-	-	D	L	L	L	-	-	-	-	D	L	-	-	E	E	D	-	-	L	L	L	L
L	L	-	-	E	E	E	E	L	-	-	L	L	-	-	L	L	L	L	-	-	E	E	E	E	-	-	-
E	E	E	-	-	E	E	E	-	-	-	E	E	E	-	-	-	E	E	-	-	E	E	E	E	E	-	-
D	D	-	-	D	L	-	-	D	L	L	-	-	-	-	E	D	D	L	-	-	E	E	-	-	D	D	D
E	E	D	D	-	-	-	D	D	D	D	-	-	-	D	D	D	-	-	E	E	E	E	E	-	-	-	D
E	D	D	D	D	-	-	-	-	-	D	D	L	L	-	-	E	L	L	-	-	L	L	L	L	L	-	-
D	D	D	D	-	-	-	L	L	-	-	-	E	D	D	L	-	-	-	E	E	E	E	E	E	-	-	-
L	L	-	-	-	E	E	E	L	L	L	-	-	-	E	E	E	D	-	-	-	-	-	-	D	D	D	L
E	E	-	-	-	E	E	E	D	D	D	-	-	-	E	E	D	D	D	-	-	-	-	-	-	E	E	E
E	L	L	L	L	L	-	-	-	E	D	L	-	-	-	E	E	L	-	-	-	E	D	L	-	-	-	E
E	D	D	D	D	D	-	-	-	-	E	E	E	E	E	D	-	-	-	-	-	E	E	D	D	-	-	-
-	D	D	L	L	L	-	-	D	-	-	-	-	-	-	-	-	-	-	-	-	D	D	L	-	-	-	-
D	-	-	-	D	D	D	D	-	-	-	E	E	-	-	-	-	-	-	-	-	-	-	-	-	-	-	-
-	-	-	-	E	D	-	-	-	E	-	-	-	-	-	D	-	-	-	D	L	L	L	-	-	-	-	-
L	-	-	D	D	-	-	-	-	-	-	-	-	E	D	-	-	E	-	-	D	-	-	-	-	-	L	-
D	-	-	D	D	-	-	-	D	D	-	-	-	D	-	-	-	E	-	-	-	-	-	-	-	-	-	-
Objective 0: 6633
Objective 1: 113
Constr violation: 0
Restrictions violated:
0 0 0 0 0 0 0 0 

Individual 9
1	2	3	4	5	6	7	8	9	10	11	12	13	14	15	16	17	18	19	20	21	22	23	24	25	26	27	28
-	-	E	E	D	-	-	D	D	-	-	D	D	D	D	-	-	E	E	E	D	D	-	-	E	E	-	-
E	E	E	E	D	-	-	E	E	D	-	-	-	-	E	D	-	-	D	D	-	-	E	D	D	-	-	E
-	-	D	L	L	-	-	E	E	D	L	-	-	E	D	D	D	D	-	-	-	-	L	L	-	-	E	E
E	E	E	E	-	-	-	-	E	E	E	E	-	-	E	E	-	-	E	E	E	-	-	-	E	E	E	E
-	-	D	D	D	-	-	D	L	L	L	-	-	-	-	D	L	-	-	E	E	D	-	-	L	L	L	L
L	L	-	-	E	E	E	E	L	-	-	L	L	-	-	L	L	L	L	-	-	E	E	E	E	-	-	-
E	E	E	-	-	E	E	E	-	-	-	E	E	E	-	-	-	E	E	-	-	E	E	E	E	E	-	-
D	D	-	-	D	L	-	-	D	L	L	-	-	-	-	E	D	D	L	-	-	E	E	-	-	D	D	D
E	E	D	D	-	-	-	D	D	D	D	-	-	-	D	D	D	-	-	E	E	E	E	E	-	-	-	D
E	D	D	D	D	-	-	-	-	-	D	D	L	L	-	-	E	L	L	-	-	L	L	L	L	L	-	-
D	D	D	D	-	-	-	L	L	-	-	-	E	D	D	L	-	-	-	E	E	E	E	E	E	-	-	-
L	L	-	-	-	E	E	E	L	L	L	-	-	-	E	E	E	D	-	-	-	-	-	-	D	D	D	L
E	E	-	-	-	E	E	E	D	D	D	-	-	-	E	E	D	D	D	-	-	-	-	-	-	E	E	E
E	L	L	L	L	L	-	-	-	E	D	L	-	-	-	E	E	L	-	-	-	E	D	L	-	-	-	E
E	D	D	D	D	D	-	-	-	-	E	E	E	E	E	D	-	-	-	-	-	E	E	D	D	-	-	-
-	D	D	L	L	L	-	-	D	-	-	-	-	-	-	-	-	-	-	-	-	D	D	L	-	-	-	-
D	-	-	-	E	D	D	D	-	-	-	E	E	E	-	-	-	-	-	-	-	-	-	-	-	-	-	-
-	-	-	-	E	D	-	-	-	E	-	-	-	-	-	D	-	-	-	D	L	L	L	-	-	-	-	-
L	-	-	D	D	-	-	-	-	-	-	-	-	E	D	-	-	E	-	-	D	-	-	-	-	-	L	-
D	-	-	D	D	-	-	-	D	D	-	-	-	D	-	-	-	E	-	-	-	-	-	-	-	-	-	-
Objective 0: 6432
Objective 1: 115
Constr violation: 0
Restrictions violated:
0 0 0 0 0 0 0 0 

Individual 10
1	2	3	4	5	6	7	8	9	10	11	12	13	14	15	16	17	18	19	20	21	22	23	24	25	26	27	28
-	-	E	E	D	-	-	D	D	-	-	D	D	D	D	-	-	E	E	E	D	D	-	-	E	E	-	-
E	E	E	E	D	-	-	E	E	D	-	-	-	-	E	D	-	-	D	D	-	-	E	D	D	-	-	E
-	-	D	L	L	-	-	E	E	D	L	-	-	E	D	D	D	D	-	-	-	-	L	L	-	-	E	E
E	E	E	E	-	-	-	-	E	E	E	E	-	-	E	E	-	-	E	E	E	-	-	-	E	E	E	E
E	E	E	E	E	-	-	L	L	L	-	-	-	-	-	E	E	-	-	D	L	L	L	-	-	-	D	L
L	L	-	-	E	E	E	E	L	-	-	L	L	-	-	L	L	L	L	-	-	E	E	E	E	-	-	-
E	E	E	-	-	E	E	E	-	-	-	E	E	E	-	-	-	E	E	-	-	E	E	E	E	E	-	-
D	D	-	-	D	L	-	-	D	L	L	-	-	-	-	E	D	D	L	-	-	E	E	-	-	D	D	D
E	E	D	D	-	-	-	D	D	D	D	-	-	-	D	D	D	-	-	E	E	E	E	E	-	-	-	D
E	D	D	D	D	-	-	-	-	-	D	D	L	L	-	-	E	L	L	-	-	L	L	L	L	L	-	-
D	D	D	D	-	-	-	L	L	-	-	-	E	D	D	L	-	-	-	E	E	E	E	E	E	-	-	-
L	L	-	-	-	E	E	E	L	L	L	-	-	-	E	E	E	D	-	-	-	-	-	-	D	D	D	L
E	E	-	-	-	E	E	E	D	D	D	-	-	-	E	E	D	D	D	-	-	-	-	-	-	E	E	E
E	L	L	L	L	L	-	-	-	E	D	L	-	-	-	E	E	L	-	-	-	E	D	L	-	-	-	E
E	D	D	D	D	D	-	-	-	-	E	E	E	E	E	D	-	-	-	-	-	E	E	D	D	-	-	-
-	D	D	L	L	L	-	-	D	-	-	-	-	-	-	-	-	-	-	-	-	D	D	L	-	-	-	-
D	-	-	-	D	D	D	D	-	-	-	E	E	-	-	-	-	-	-	-	-	-	-	-	-	-	-	-
-	-	-	-	E	D	-	-	-	E	-	-	-	-	-	D	-	-	-	D	L	L	L	-	-	-	-	-
L	-	-	D	D	-	-	-	-	-	-	-	-	E	D	-	-	E	-	-	D	-	-	-	-	-	L	-
D	-	-	D	D	-	-	-	D	D	-	-	-	D	-	-	-	E	-	-	-	-	-	-	-	-	-	-
Objective 0: 6936
Objective 1: 109
Constr violation: 0
Restrictions violated:
0 0 0 0 0 0 0 0 

Individual 11
1	2	3	4	5	6	7	8	9	10	11	12	13	14	15	16	17	18	19	20	21	22	23	24	25	26	27	28
-	-	E	E	D	-	-	D	D	-	-	D	D	D	D	-	-	E	E	E	D	D	-	-	E	E	-	-
E	E	E	E	D	-	-	E	E	D	-	-	-	-	E	D	-	-	D	D	-	-	E	D	D	-	-	E
-	-	D	L	L	-	-	E	E	D	L	-	-	E	D	D	D	D	-	-	-	-	L	L	-	-	E	E
E	E	E	E	-	-	-	-	E	E	E	E	-	-	E	E	-	-	E	E	E	-	-	-	E	E	E	E
-	-	D	D	D	-	-	D	L	L	L	-	-	-	-	D	L	-	-	E	E	D	-	-	L	L	L	L
L	L	-	-	E	E	E	E	L	-	-	L	L	-	-	L	L	L	L	-	-	E	E	E	E	-	-	-
E	E	E	-	-	E	E	E	-	-	-	E	E	E	-	-	-	E	E	-	-	E	E	E	E	E	-	-
D	D	-	-	D	L	-	-	D	L	L	-	-	-	-	E	D	D	L	-	-	E	E	-	-	D	D	D
E	E	D	D	-	-	-	D	D	D	D	-	-	-	D	D	D	-	-	E	E	E	E	E	-	-	-	D
E	D	D	D	D	-	-	-	-	-	D	D	L	L	-	-	E	L	L	-	-	L	L	L	L	L	-	-
D	D	D	D	-	-	-	L	L	-	-	-	E	D	D	L	-	-	-	E	E	E	E	E	E	-	-	-
L	L	-	-	-	E	E	E	L	L	L	-	-	-	E	E	E	D	-	-	-	-	-	-	D	D	D	L
E	E	-	-	-	E	E	E	D	D	D	-	-	-	E	E	D	D	D	-	-	-	-	-	-	E	E	E
E	L	L	L	L	L	-	-	-	E	D	L	-	-	-	E	E	L	-	-	-	E	D	L	-	-	-	E
E	D	D	D	D	D	-	-	-	-	E	E	E	E	E	D	-	-	-	-	-	E	E	D	D	-	-	-
-	D	D	L	L	L	-	-	D	-	-	-	-	-	-	-	-	-	-	-	-	D	D	L	-	-	-	-
D	-	-	-	E	D	D	D	-	-	-	E	E	E	-	-	-	-	-	-	-	-	-	-	-	-	-	-
-	-	-	-	E	D	-	-	-	E	-	-	-	-	-	D	-	-	-	D	L	L	L	-	-	-	-	-
L	-	-	D	D	-	-	-	-	-	-	-	-	E	D	-	-	E	-	-	D	-	-	-	-	-	L	-
D	-	-	D	D	-	-	-	D	D	-	-	-	D	-	-	-	E	-	-	-	-	-	-	-	-	-	-
Objective 0: 6432
Objective 1: 115
Constr violation: 0
Restrictions violated:
0 0 0 0 0 0 0 0 

