Individual 0
1	2	3	4	5	6	7	8	9	10	11	12	13	14	15	16	17	18	19	20	21	22	23	24	25	26	27	28
E	E	E	E	E	-	-	D	D	-	-	-	D	D	D	-	-	E	E	E	D	-	-	E	E	-	-	-
-	-	E	E	E	D	-	-	D	D	D	-	-	-	E	E	E	E	D	-	-	-	E	D	D	-	-	D
-	-	E	E	D	-	-	E	E	L	L	-	-	E	D	D	D	-	-	-	E	D	D	L	L	-	-	-
E	E	E	E	-	-	-	-	E	E	E	E	-	-	E	E	-	-	E	E	E	-	-	-	E	E	E	E
D	D	D	L	L	-	-	-	E	D	D	-	-	-	-	-	-	D	D	L	-	-	-	E	D	D	D	D
E	L	L	-	-	-	-	E	L	-	-	L	L	L	L	-	-	E	E	L	-	-	E	E	E	L	-	-
E	E	-	-	E	E	E	E	E	-	-	E	E	E	-	-	E	E	-	-	-	E	E	E	E	E	-	-
-	-	E	L	L	-	-	E	L	L	L	-	-	-	-	D	L	-	-	E	E	D	-	-	E	E	E	E
D	D	D	D	D	-	-	E	E	D	D	-	-	-	-	-	-	-	E	E	E	E	E	-	-	E	E	E
E	D	D	D	D	-	-	-	E	E	-	-	E	E	D	-	-	D	L	-	-	E	E	D	L	L	-	-
D	L	L	L	-	-	-	L	L	-	-	-	E	E	E	E	E	L	-	-	-	E	E	D	-	-	-	E
D	D	-	-	-	E	D	D	L	L	L	-	-	-	L	L	-	-	-	-	-	-	D	D	L	L	L	L
L	L	L	-	-	-	-	D	D	D	D	-	-	-	-	D	D	D	D	D	-	-	-	-	E	D	D	D
D	L	L	-	-	-	D	D	D	L	L	-	-	-	E	D	L	L	-	-	-	L	L	L	-	-	-	D
E	E	D	D	D	D	-	-	-	E	E	E	-	-	-	D	D	D	-	-	-	-	-	-	D	D	D	D
-	-	-	-	-	L	L	L	-	-	-	-	D	D	D	-	-	-	-	D	D	D	D	-	-	-	-	-
-	-	D	D	D	-	-	-	-	-	-	-	-	-	E	E	-	-	-	-	-	-	D	D	D	D	-	-
D	-	-	D	-	-	L	-	-	E	-	-	-	-	-	-	-	-	-	-	E	D	D	-	D	D	-	-
-	D	D	D	-	L	-	-	-	-	-	-	-	E	-	-	-	D	D	D	D	D	-	-	-	-	-	-
-	-	-	-	D	D	-	-	-	-	-	-	-	D	D	D	-	-	-	E	E	E	E	-	-	-	-	-
Objective 0: 5730
Objective 1: 128
Constr violation: 0
Restrictions violated:
0 0 0 0 0 0 0 0 

Individual 1
1	2	3	4	5	6	7	8	9	10	11	12	13	14	15	16	17	18	19	20	21	22	23	24	25	26	27	28
E	E	E	E	E	-	-	D	D	-	-	E	D	D	D	-	-	E	D	-	-	-	-	E	E	E	E	E
-	-	E	E	E	D	-	-	D	D	D	-	-	-	E	E	E	E	D	-	-	-	E	D	D	-	-	D
-	-	E	E	D	-	-	E	E	L	L	-	-	E	D	D	D	-	-	-	E	D	D	L	L	-	-	-
E	E	E	E	-	-	-	-	E	E	E	E	-	-	E	E	-	-	E	E	E	-	-	-	E	E	E	E
D	D	D	L	L	-	-	-	L	L	L	L	-	-	-	E	E	-	-	E	L	-	-	D	L	L	-	-
E	L	L	-	-	-	-	E	L	-	-	L	L	L	L	-	-	E	E	L	-	-	E	E	E	L	-	-
E	E	-	-	E	E	E	E	E	-	-	E	E	E	-	-	E	E	-	-	-	E	E	E	E	E	-	-
L	L	-	-	L	L	-	-	E	E	E	L	-	-	-	D	D	D	-	-	-	D	D	-	-	E	E	D
D	D	D	D	D	-	-	E	E	D	D	-	-	-	-	-	-	-	E	E	E	E	E	-	-	E	E	E
E	D	D	D	D	-	-	-	E	E	-	-	E	E	D	-	-	D	L	-	-	E	E	D	L	L	-	-
D	L	L	L	-	-	-	L	L	-	-	-	E	E	E	E	E	L	-	-	-	E	E	D	-	-	-	E
D	D	-	-	-	E	D	D	L	L	L	-	-	-	L	L	-	-	-	-	-	-	D	D	L	L	L	L
L	L	L	-	-	-	-	D	D	D	D	-	-	-	-	D	D	D	D	D	-	-	-	-	E	D	D	D
D	L	L	-	-	-	D	D	D	L	L	-	-	-	E	D	L	L	-	-	-	L	L	L	-	-	-	D
E	E	D	D	D	D	-	-	-	E	E	E	-	-	-	D	D	D	-	-	-	-	-	-	D	D	D	D
-	-	-	-	-	L	L	L	-	-	-	-	D	D	D	-	-	-	-	D	D	D	D	-	-	-	-	-
-	-	D	D	D	-	-	-	-	-	-	-	-	-	E	E	-	-	-	-	-	-	D	D	D	D	-	-
D	-	-	D	-	-	L	-	-	E	-	-	-	-	-	-	-	-	-	-	E	D	D	-	D	D	-	-
-	D	D	D	-	L	-	-	-	-	-	-	-	E	-	-	-	D	D	D	D	D	-	-	-	-	-	-
-	-	-	-	-	-	-	-	D	D	D	-	-	-	D	D	-	-	-	E	E	E	E	-	-	-	-	-
Objective 0: 6439
Objective 1: 103
Constr violation: 0
Restrictions violated:
0 0 0 0 0 0 0 0 

Individual 2
1	2	3	4	5	6	7	8	9	10	11	12	13	14	15	16	17	18	19	20	21	22	23	24	25	26	27	28
E	E	E	E	E	-	-	D	D	-	-	-	D	D	D	-	-	E	E	E	D	-	-	E	E	-	-	-
-	-	E	E	E	D	-	-	D	D	D	-	-	-	E	E	E	E	D	-	-	-	E	D	D	-	-	D
-	-	E	E	D	-	-	E	E	L	L	-	-	E	D	D	D	-	-	-	E	D	D	L	L	-	-	-
E	E	E	E	-	-	-	-	E	E	E	E	-	-	E	E	-	-	E	E	E	-	-	-	E	E	E	E
D	D	L	L	-	-	-	-	D	L	L	L	L	-	-	E	D	-	-	E	E	D	L	L	-	-	-	-
E	L	L	-	-	-	-	E	L	-	-	L	L	L	L	-	-	E	E	L	-	-	E	E	E	L	-	-
E	E	-	-	E	E	E	E	E	-	-	E	E	E	-	-	E	E	-	-	-	E	E	E	E	E	-	-
L	L	-	-	L	L	-	-	E	E	E	L	-	-	-	D	D	D	-	-	-	D	D	-	-	E	E	D
D	D	D	D	D	-	-	E	E	D	D	-	-	-	-	-	-	-	E	E	E	E	E	-	-	E	E	E
E	D	D	D	D	-	-	-	E	E	-	-	E	E	D	-	-	D	L	-	-	E	E	D	L	L	-	-
D	L	L	L	-	-	-	L	L	-	-	-	E	E	E	E	E	L	-	-	-	E	E	D	-	-	-	E
D	D	-	-	-	E	D	D	L	L	L	-	-	-	L	L	-	-	-	-	-	-	D	D	L	L	L	L
L	L	L	-	-	-	-	D	D	D	D	-	-	-	-	D	D	D	D	D	-	-	-	-	E	D	D	D
D	L	L	-	-	-	D	D	D	L	L	-	-	-	E	D	L	L	-	-	-	L	L	L	-	-	-	D
E	E	D	D	D	D	-	-	-	E	E	E	-	-	-	D	D	D	-	-	-	-	-	-	D	D	D	D
-	-	-	-	-	L	L	L	-	-	-	-	D	D	D	-	-	-	-	D	D	D	D	-	-	-	-	-
-	-	D	D	D	-	-	-	-	-	-	-	-	-	E	E	-	-	-	-	-	-	D	D	D	D	-	-
D	-	-	D	-	-	L	-	-	E	-	-	-	-	-	-	-	-	-	-	E	D	D	-	D	D	-	-
-	D	D	D	-	L	-	-	-	-	-	-	-	E	-	-	-	D	D	D	D	D	-	-	-	-	-	-
-	-	-	-	-	-	-	-	D	D	D	-	-	-	D	D	-	-	-	E	E	E	E	-	-	-	-	-
Objective 0: 6235
Objective 1: 109
Constr violation: 0
Restrictions violated:
0 0 0 0 0 0 0 0 

Individual 3
1	2	3	4	5	6	7	8	9	10	11	12	13	14	15	16	17	18	19	20	21	22	23	24	25	26	27	28
E	E	E	E	E	-	-	D	D	-	-	E	D	D	D	-	-	E	D	-	-	-	-	E	E	E	E	E
-	-	E	E	E	D	-	-	D	D	D	-	-	-	E	E	E	E	D	-	-	-	E	D	D	-	-	D
-	-	E	E	D	-	-	E	E	L	L	-	-	E	D	D	D	-	-	-	E	D	D	L	L	-	-	-
E	E	E	E	-	-	-	-	E	E	E	E	-	-	E	E	-	-	E	E	E	-	-	-	E	E	E	E
D	D	D	L	L	-	-	-	E	D	D	-	-	-	-	-	-	D	D	L	-	-	-	E	D	D	D	D
E	L	L	-	-	-	-	E	L	-	-	L	L	L	L	-	-	E	E	L	-	-	E	E	E	L	-	-
E	E	-	-	E	E	E	E	E	-	-	E	E	E	-	-	E	E	-	-	-	E	E	E	E	E	-	-
-	-	E	L	L	-	-	E	L	L	L	-	-	-	-	D	L	-	-	E	E	D	-	-	E	E	E	E
D	D	D	D	D	-	-	E	E	D	D	-	-	-	-	-	-	-	E	E	E	E	E	-	-	E	E	E
E	D	D	D	D	-	-	-	E	E	-	-	E	E	D	-	-	D	L	-	-	E	E	D	L	L	-	-
D	L	L	L	-	-	-	L	L	-	-	-	E	E	E	E	E	L	-	-	-	E	E	D	-	-	-	E
D	D	-	-	-	E	D	D	L	L	L	-	-	-	L	L	-	-	-	-	-	-	D	D	L	L	L	L
L	L	L	-	-	-	-	D	D	D	D	-	-	-	-	D	D	D	D	D	-	-	-	-	E	D	D	D
D	L	L	-	-	-	D	D	D	L	L	-	-	-	E	D	L	L	-	-	-	L	L	L	-	-	-	D
E	E	D	D	D	D	-	-	-	E	E	E	-	-	-	D	D	D	-	-	-	-	-	-	D	D	D	D
-	-	-	-	-	L	L	L	-	-	-	-	D	D	D	-	-	-	-	D	D	D	D	-	-	-	-	-
-	-	D	D	D	-	-	-	-	-	-	-	-	-	E	E	-	-	-	-	-	-	D	D	D	D	-	-
D	-	-	D	-	-	L	-	-	E	-	-	-	-	-	-	-	-	-	-	E	D	D	-	D	D	-	-
-	D	D	D	-	L	-	-	-	-	-	-	-	E	-	-	-	D	D	D	D	D	-	-	-	-	-	-
-	-	-	-	D	D	-	-	-	-	-	-	-	D	D	D	-	-	-	E	E	E	E	-	-	-	-	-
Objective 0: 5732
Objective 1: 125
Constr violation: 0
Restrictions violated:
0 0 0 0 0 0 0 0 

Individual 4
1	2	3	4	5	6	7	8	9	10	11	12	13	14	15	16	17	18	19	20	21	22	23	24	25	26	27	28
E	E	E	E	E	-	-	D	D	-	-	E	D	D	D	-	-	E	D	-	-	-	-	E	E	E	E	E
-	-	E	E	E	D	-	-	D	D	D	-	-	-	E	E	E	E	D	-	-	-	E	D	D	-	-	D
-	-	E	E	D	-	-	E	E	L	L	-	-	E	D	D	D	-	-	-	E	D	D	L	L	-	-	-
E	E	E	E	-	-	-	-	E	E	E	E	-	-	E	E	-	-	E	E	E	-	-	-	E	E	E	E
D	D	L	L	-	-	-	-	D	L	L	L	L	-	-	E	D	-	-	E	E	D	L	L	-	-	-	-
E	L	L	-	-	-	-	E	L	-	-	L	L	L	L	-	-	E	E	L	-	-	E	E	E	L	-	-
E	E	-	-	E	E	E	E	E	-	-	E	E	E	-	-	E	E	-	-	-	E	E	E	E	E	-	-
L	L	-	-	L	L	-	-	E	E	E	L	-	-	-	D	D	D	-	-	-	D	D	-	-	E	E	D
D	D	D	D	D	-	-	E	E	D	D	-	-	-	-	-	-	-	E	E	E	E	E	-	-	E	E	E
E	D	D	D	D	-	-	-	E	E	-	-	E	E	D	-	-	D	L	-	-	E	E	D	L	L	-	-
D	L	L	L	-	-	-	L	L	-	-	-	E	E	E	E	E	L	-	-	-	E	E	D	-	-	-	E
D	D	-	-	-	E	D	D	L	L	L	-	-	-	L	L	-	-	-	-	-	-	D	D	L	L	L	L
L	L	L	-	-	-	-	D	D	D	D	-	-	-	-	D	D	D	D	D	-	-	-	-	E	D	D	D
D	L	L	-	-	-	D	D	D	L	L	-	-	-	E	D	L	L	-	-	-	L	L	L	-	-	-	D
E	E	D	D	D	D	-	-	-	E	E	E	-	-	-	D	D	D	-	-	-	-	-	-	D	D	D	D
-	-	-	-	-	L	L	L	-	-	-	-	D	D	D	-	-	-	-	D	D	D	D	-	-	-	-	-
-	-	D	D	D	-	-	-	-	-	-	-	-	-	E	E	-	-	-	-	-	-	D	D	D	D	-	-
D	-	-	D	-	-	L	-	-	E	-	-	-	-	-	-	-	-	-	-	E	D	D	-	D	D	-	-
-	D	D	D	-	L	-	-	-	-	-	-	-	E	-	-	-	D	D	D	D	D	-	-	-	-	-	-
-	-	-	-	-	-	-	-	D	D	D	-	-	-	D	D	-	-	-	E	E	E	E	-	-	-	-	-
Objective 0: 6237
Objective 1: 106
Constr violation: 0
Restrictions violated:
0 0 0 0 0 0 0 0 

Individual 5
1	2	3	4	5	6	7	8	9	10	11	12	13	14	15	16	17	18	19	20	21	22	23	24	25	26	27	28
E	E	E	E	E	-	-	D	D	-	-	E	D	D	D	-	-	E	D	-	-	-	-	E	E	E	E	E
-	-	E	E	E	D	-	-	D	D	D	-	-	-	E	E	E	E	D	-	-	-	E	D	D	-	-	D
-	-	E	E	D	-	-	E	E	L	L	-	-	E	D	D	D	-	-	-	E	D	D	L	L	-	-	-
E	E	E	E	-	-	-	-	E	E	E	E	-	-	E	E	-	-	E	E	E	-	-	-	E	E	E	E
D	D	D	L	L	-	-	-	E	D	D	-	-	-	-	-	-	D	D	L	-	-	-	E	D	D	D	D
E	L	L	-	-	-	-	E	L	-	-	L	L	L	L	-	-	E	E	L	-	-	E	E	E	L	-	-
E	E	-	-	E	E	E	E	E	-	-	E	E	E	-	-	E	E	-	-	-	E	E	E	E	E	-	-
L	L	-	-	L	L	-	-	E	E	E	L	-	-	-	D	D	D	-	-	-	D	D	-	-	E	E	D
D	D	D	D	D	-	-	E	E	D	D	-	-	-	-	-	-	-	E	E	E	E	E	-	-	E	E	E
E	D	D	D	D	-	-	-	E	E	-	-	E	E	D	-	-	D	L	-	-	E	E	D	L	L	-	-
D	L	L	L	-	-	-	L	L	-	-	-	E	E	E	E	E	L	-	-	-	E	E	D	-	-	-	E
D	D	-	-	-	E	D	D	L	L	L	-	-	-	L	L	-	-	-	-	-	-	D	D	L	L	L	L
L	L	L	-	-	-	-	D	D	D	D	-	-	-	-	D	D	D	D	D	-	-	-	-	E	D	D	D
D	L	L	-	-	-	D	D	D	L	L	-	-	-	E	D	L	L	-	-	-	L	L	L	-	-	-	D
E	E	D	D	D	D	-	-	-	E	E	E	-	-	-	D	D	D	-	-	-	-	-	-	D	D	D	D
-	-	-	-	-	L	L	L	-	-	-	-	D	D	D	-	-	-	-	D	D	D	D	-	-	-	-	-
-	-	D	D	D	-	-	-	-	-	-	-	-	-	E	E	-	-	-	-	-	-	D	D	D	D	-	-
D	-	-	D	-	-	L	-	-	E	-	-	-	-	-	-	-	-	-	-	E	D	D	-	D	D	-	-
-	D	D	D	-	L	-	-	-	-	-	-	-	E	-	-	-	D	D	D	D	D	-	-	-	-	-	-
-	-	-	-	-	-	-	-	D	D	D	-	-	-	D	D	-	-	-	E	E	E	E	-	-	-	-	-
Objective 0: 5934
Objective 1: 114
Constr violation: 0
Restrictions violated:
0 0 0 0 0 0 0 0 

Individual 6
1	2	3	4	5	6	7	8	9	10	11	12	13	14	15	16	17	18	19	20	21	22	23	24	25	26	27	28
E	E	E	E	E	-	-	D	D	-	-	-	D	D	D	-	-	E	E	E	D	-	-	E	E	-	-	-
-	-	E	E	E	D	-	-	D	D	D	-	-	-	E	E	E	E	D	-	-	-	E	D	D	-	-	D
-	-	E	E	D	-	-	E	E	L	L	-	-	E	D	D	D	-	-	-	E	D	D	L	L	-	-	-
E	E	E	E	-	-	-	-	E	E	E	E	-	-	E	E	-	-	E	E	E	-	-	-	E	E	E	E
D	D	D	L	L	-	-	-	E	D	D	-	-	-	-	-	-	D	D	L	-	-	-	E	D	D	D	D
E	L	L	-	-	-	-	E	L	-	-	L	L	L	L	-	-	E	E	L	-	-	E	E	E	L	-	-
E	E	-	-	E	E	E	E	E	-	-	E	E	E	-	-	E	E	-	-	-	E	E	E	E	E	-	-
-	-	E	L	L	-	-	E	L	L	L	-	-	-	-	D	L	-	-	E	E	D	-	-	E	E	E	E
D	D	D	D	D	-	-	E	E	D	D	-	-	-	-	-	-	-	E	E	E	E	E	-	-	E	E	E
E	D	D	D	D	-	-	-	E	E	-	-	E	E	D	-	-	D	L	-	-	E	E	D	L	L	-	-
D	L	L	L	-	-	-	L	L	-	-	-	E	E	E	E	E	L	-	-	-	E	E	D	-	-	-	E
D	D	-	-	-	E	D	D	L	L	L	-	-	-	L	L	-	-	-	-	-	-	D	D	L	L	L	L
L	L	L	-	-	-	-	D	D	D	D	-	-	-	-	D	D	D	D	D	-	-	-	-	E	D	D	D
D	L	L	-	-	-	D	D	D	L	L	-	-	-	E	D	L	L	-	-	-	L	L	L	-	-	-	D
E	E	D	D	D	D	-	-	-	E	E	E	-	-	-	D	D	D	-	-	-	-	-	-	D	D	D	D
-	-	-	-	-	L	L	L	-	-	-	-	D	D	D	-	-	-	-	D	D	D	D	-	-	-	-	-
-	-	D	D	D	-	-	-	-	-	-	-	-	-	E	E	-	-	-	-	-	-	D	D	D	D	-	-
D	-	-	D	-	-	L	-	-	E	-	-	-	-	-	-	-	-	-	-	E	D	D	-	D	D	-	-
-	D	D	D	-	L	-	-	-	-	-	-	-	E	-	-	-	D	D	D	D	D	-	-	-	-	-	-
-	-	-	-	-	-	-	-	D	D	D	-	-	-	D	D	-	-	-	E	E	E	E	-	-	-	-	-
Objective 0: 5831
Objective 1: 119
Constr violation: 0
Restrictions violated:
0 0 0 0 0 0 0 0 

Individual 7
1	2	3	4	5	6	7	8	9	10	11	12	13	14	15	16	17	18	19	20	21	22	23	24	25	26	27	28
E	E	E	E	E	-	-	D	D	-	-	E	D	D	D	-	-	E	D	-	-	-	-	E	E	E	E	E
-	-	E	E	E	D	-	-	D	D	D	-	-	-	E	E	E	E	D	-	-	-	E	D	D	-	-	D
-	-	E	E	D	-	-	E	E	L	L	-	-	E	D	D	D	-	-	-	E	D	D	L	L	-	-	-
E	E	E	E	-	-	-	-	E	E	E	E	-	-	E	E	-	-	E	E	E	-	-	-	E	E	E	E
D	D	D	L	L	-	-	-	L	L	L	L	-	-	-	E	E	-	-	E	L	-	-	D	L	L	-	-
E	L	L	-	-	-	-	E	L	-	-	L	L	L	L	-	-	E	E	L	-	-	E	E	E	L	-	-
E	E	-	-	E	E	E	E	E	-	-	E	E	E	-	-	E	E	-	-	-	E	E	E	E	E	-	-
L	L	-	-	L	L	-	-	E	E	E	L	-	-	-	D	D	D	-	-	-	D	D	-	-	E	E	D
D	D	D	D	D	-	-	E	E	D	D	-	-	-	-	-	-	-	E	E	E	E	-	-	-	E	E	E
E	D	D	D	D	-	-	-	E	E	-	-	E	E	D	-	-	D	L	-	-	E	E	D	L	L	-	-
D	L	L	L	-	-	-	L	L	-	-	-	E	E	E	E	E	L	-	-	-	E	E	D	-	-	-	E
D	D	-	-	-	E	D	D	L	L	L	-	-	-	L	L	-	-	-	-	-	-	D	D	L	L	L	L
L	L	L	-	-	-	-	D	D	D	D	-	-	-	-	D	D	D	D	D	-	-	-	-	E	D	D	D
D	L	L	-	-	-	D	D	D	L	L	-	-	-	E	D	L	L	-	-	-	L	L	L	-	-	-	D
E	E	D	D	D	D	-	-	-	E	E	E	-	-	-	D	D	D	-	-	-	-	-	-	D	D	D	D
-	-	-	-	-	L	L	L	-	-	-	-	D	D	D	-	-	-	-	D	D	D	D	-	-	-	-	-
-	-	D	D	D	-	-	-	-	-	-	-	-	-	E	E	-	-	-	-	-	-	D	D	D	D	-	-
D	-	-	D	-	-	L	-	-	E	-	-	-	-	-	-	-	-	-	-	E	D	D	-	D	D	-	-
-	D	D	D	-	L	-	-	-	-	-	-	-	E	-	-	-	D	D	D	D	D	-	-	-	-	-	-
-	-	-	-	-	-	-	-	D	D	D	-	-	-	D	D	-	-	-	E	E	E	E	-	-	-	-	-
Objective 0: 6438
Objective 1: 105
Constr violation: 0
Restrictions violated:
0 0 0 0 0 0 0 0 

Individual 8
1	2	3	4	5	6	7	8	9	10	11	12	13	14	15	16	17	18	19	20	21	22	23	24	25	26	27	28
E	E	E	E	E	-	-	D	D	-	-	E	D	D	D	-	-	E	D	-	-	-	-	E	E	E	E	E
-	-	E	E	E	D	-	-	D	D	D	-	-	-	E	E	E	E	D	-	-	-	E	D	D	-	-	D
-	-	E	E	D	-	-	E	E	L	L	-	-	E	D	D	D	-	-	-	E	D	D	L	L	-	-	-
E	E	E	E	-	-	-	-	E	E	E	E	-	-	E	E	-	-	E	E	E	-	-	-	E	E	E	E
D	D	D	L	L	-	-	-	E	D	D	-	-	-	-	-	-	D	D	L	-	-	-	E	D	D	D	D
E	L	L	-	-	-	-	E	L	-	-	L	L	L	L	-	-	E	E	L	-	-	E	E	E	L	-	-
E	E	-	-	E	E	E	E	E	-	-	E	E	E	-	-	E	E	-	-	-	E	E	E	E	E	-	-
-	-	E	L	L	-	-	E	L	L	L	-	-	-	-	D	L	-	-	E	E	D	-	-	E	E	E	E
D	D	D	D	D	-	-	E	E	D	D	-	-	-	-	-	-	-	E	E	E	E	E	-	-	E	E	E
E	D	D	D	D	-	-	-	E	E	-	-	E	E	D	-	-	D	L	-	-	E	E	D	L	L	-	-
D	L	L	L	-	-	-	L	L	-	-	-	E	E	E	E	E	L	-	-	-	E	E	D	-	-	-	E
D	D	-	-	-	E	D	D	L	L	L	-	-	-	L	L	-	-	-	-	-	-	D	D	L	L	L	L
L	L	L	-	-	-	-	D	D	D	D	-	-	-	-	D	D	D	D	D	-	-	-	-	E	D	D	D
D	L	L	-	-	-	D	D	D	L	L	-	-	-	E	D	L	L	-	-	-	L	L	L	-	-	-	D
E	E	D	D	D	D	-	-	-	E	E	E	-	-	-	D	D	D	-	-	-	-	-	-	D	D	D	D
-	-	-	-	-	L	L	L	-	-	-	-	D	D	D	-	-	-	-	D	D	D	D	-	-	-	-	-
-	-	D	D	D	-	-	-	-	-	-	-	-	-	E	E	-	-	-	-	-	-	D	D	D	D	-	-
D	-	-	D	-	-	L	-	-	E	-	-	-	-	-	-	-	-	-	-	E	D	D	-	D	D	-	-
-	D	D	D	-	L	-	-	-	-	-	-	-	E	-	-	-	D	D	D	D	D	-	-	-	-	-	-
-	-	-	-	-	-	-	-	D	D	D	-	-	-	D	D	-	-	-	E	E	E	E	-	-	-	-	-
Objective 0: 5833
Objective 1: 116
Constr violation: 0
Restrictions violated:
0 0 0 0 0 0 0 0 

Individual 9
1	2	3	4	5	6	7	8	9	10	11	12	13	14	15	16	17	18	19	20	21	22	23	24	25	26	27	28
E	E	E	E	E	-	-	D	D	-	-	-	D	D	D	-	-	E	E	E	D	-	-	E	E	-	-	-
-	-	E	E	E	D	-	-	D	D	D	-	-	-	E	E	E	E	D	-	-	-	E	D	D	-	-	D
-	-	E	E	D	-	-	E	E	L	L	-	-	E	D	D	D	-	-	-	E	D	D	L	L	-	-	-
E	E	E	E	-	-	-	-	E	E	E	E	-	-	E	E	-	-	E	E	E	-	-	-	E	E	E	E
D	D	L	L	-	-	-	-	D	L	L	L	L	-	-	E	D	-	-	E	E	D	L	L	-	-	-	-
E	L	L	-	-	-	-	E	L	-	-	L	L	L	L	-	-	E	E	L	-	-	E	E	E	L	-	-
E	E	-	-	E	E	E	E	E	-	-	E	E	E	-	-	E	E	-	-	-	E	E	E	E	E	-	-
L	L	-	-	L	L	-	-	E	E	E	L	-	-	-	D	D	D	-	-	-	D	D	-	-	E	E	D
D	D	D	D	D	-	-	E	E	D	D	-	-	-	-	-	-	-	E	E	E	E	E	-	-	E	E	E
E	D	D	D	D	-	-	-	E	E	-	-	E	E	D	-	-	D	L	-	-	E	E	D	L	L	-	-
D	L	L	L	-	-	-	L	L	-	-	-	E	E	E	E	E	L	-	-	-	E	E	D	-	-	-	E
D	D	-	-	-	E	D	D	L	L	L	-	-	-	L	L	-	-	-	-	-	-	D	D	L	L	L	L
L	L	L	-	-	-	-	D	D	D	D	-	-	-	-	D	D	D	D	D	-	-	-	-	E	D	D	D
D	L	L	-	-	-	D	D	D	L	L	-	-	-	E	D	L	L	-	-	-	L	L	L	-	-	-	D
E	E	D	D	D	D	-	-	-	E	E	E	-	-	-	D	D	D	-	-	-	-	-	-	D	D	D	D
-	-	-	-	-	L	L	L	-	-	-	-	D	D	D	-	-	-	-	D	D	D	D	-	-	-	-	-
-	-	D	D	D	-	-	-	-	-	-	-	-	-	E	E	-	-	-	-	-	-	D	D	D	D	-	-
D	-	-	D	-	-	L	-	-	E	-	-	-	-	-	-	-	-	-	-	E	D	D	-	D	D	-	-
-	D	D	D	-	L	-	-	-	-	-	-	-	E	-	-	-	D	D	D	D	D	-	-	-	-	-	-
-	-	-	-	-	-	-	-	D	D	D	-	-	-	D	D	-	-	-	E	E	E	E	-	-	-	-	-
Objective 0: 6235
Objective 1: 109
Constr violation: 0
Restrictions violated:
0 0 0 0 0 0 0 0 

Individual 10
1	2	3	4	5	6	7	8	9	10	11	12	13	14	15	16	17	18	19	20	21	22	23	24	25	26	27	28
E	E	E	E	E	-	-	D	D	-	-	E	D	D	D	-	-	E	D	-	-	-	-	E	E	E	E	E
-	-	E	E	E	D	-	-	D	D	D	-	-	-	E	E	E	E	D	-	-	-	E	D	D	-	-	D
-	-	E	E	D	-	-	E	E	L	L	-	-	E	D	D	D	-	-	-	E	D	D	L	L	-	-	-
E	E	E	E	-	-	-	-	E	E	E	E	-	-	E	E	-	-	E	E	E	-	-	-	E	E	E	E
D	D	D	L	L	-	-	-	E	D	D	-	-	-	-	-	-	D	D	L	-	-	-	E	D	D	D	D
E	L	L	-	-	-	-	E	L	-	-	L	L	L	L	-	-	E	E	L	-	-	E	E	E	L	-	-
E	E	-	-	E	E	E	E	E	-	-	E	E	E	-	-	E	E	-	-	-	E	E	E	E	E	-	-
L	L	-	-	L	L	-	-	E	E	E	L	-	-	-	D	D	D	-	-	-	D	D	-	-	E	E	D
D	D	D	D	D	-	-	E	E	D	D	-	-	-	-	-	-	-	E	E	E	E	E	-	-	E	E	E
E	D	D	D	D	-	-	-	E	E	-	-	E	E	D	-	-	D	L	-	-	E	E	D	L	L	-	-
D	L	L	L	-	-	-	L	L	-	-	-	E	E	E	E	E	L	-	-	-	E	E	D	-	-	-	E
D	D	-	-	-	E	D	D	L	L	L	-	-	-	L	L	-	-	-	-	-	-	D	D	L	L	L	L
L	L	L	-	-	-	-	D	D	D	D	-	-	-	-	D	D	D	D	D	-	-	-	-	E	D	D	D
D	L	L	-	-	-	D	D	D	L	L	-	-	-	E	D	L	L	-	-	-	L	L	L	-	-	-	D
E	E	D	D	D	D	-	-	-	E	E	E	-	-	-	D	D	D	-	-	-	-	-	-	D	D	D	D
-	-	-	-	-	L	L	L	-	-	-	-	D	D	D	-	-	-	-	D	D	D	D	-	-	-	-	-
-	-	D	D	D	-	-	-	-	-	-	-	-	-	E	E	-	-	-	-	-	-	D	D	D	D	-	-
D	-	-	D	-	-	L	-	-	E	-	-	-	-	-	-	-	-	-	-	E	D	D	-	D	D	-	-
-	D	D	D	-	L	-	-	-	-	-	-	-	E	-	-	-	D	D	D	D	D	-	-	-	-	-	-
-	-	-	-	-	-	-	-	D	D	D	-	-	-	D	D	-	-	-	E	E	E	E	-	-	-	-	-
Objective 0: 5934
Objective 1: 114
Constr violation: 0
Restrictions violated:
0 0 0 0 0 0 0 0 

Individual 11
1	2	3	4	5	6	7	8	9	10	11	12	13	14	15	16	17	18	19	20	21	22	23	24	25	26	27	28
E	E	E	E	E	-	-	D	D	-	-	E	D	D	D	-	-	E	D	-	-	-	-	E	E	E	E	E
-	-	E	E	E	D	-	-	D	D	D	-	-	-	E	E	E	E	D	-	-	-	E	D	D	-	-	D
-	-	E	E	D	-	-	E	E	L	L	-	-	E	D	D	D	-	-	-	E	D	D	L	L	-	-	-
E	E	E	E	-	-	-	-	E	E	E	E	-	-	E	E	-	-	E	E	E	-	-	-	E	E	E	E
D	D	D	L	L	-	-	-	E	D	D	-	-	-	-	-	-	D	D	L	-	-	-	E	D	D	D	D
E	L	L	-	-	-	-	E	L	-	-	L	L	L	L	-	-	E	E	L	-	-	E	E	E	L	-	-
E	E	-	-	E	E	E	E	E	-	-	E	E	E	-	-	E	E	-	-	-	E	E	E	E	E	-	-
L	L	-	-	L	L	-	-	E	E	E	L	-	-	-	D	D	D	-	-	-	D	D	-	-	E	E	D
D	D	D	D	D	-	-	E	E	D	D	-	-	-	-	-	-	-	E	E	E	E	E	-	-	E	E	E
E	D	D	D	D	-	-	-	E	E	-	-	E	E	D	-	-	D	L	-	-	E	E	D	L	L	-	-
D	L	L	L	-	-	-	L	L	-	-	-	E	E	E	E	E	L	-	-	-	E	E	D	-	-	-	E
D	D	-	-	-	E	D	D	L	L	L	-	-	-	L	L	-	-	-	-	-	-	D	D	L	L	L	L
L	L	L	-	-	-	-	D	D	D	D	-	-	-	-	D	D	D	D	D	-	-	-	-	E	D	D	D
D	L	L	-	-	-	D	D	D	L	L	-	-	-	E	D	L	L	-	-	-	L	L	L	-	-	-	D
E	E	D	D	D	D	-	-	-	E	E	E	-	-	-	D	D	D	-	-	-	-	-	-	D	D	D	D
-	-	-	-	-	L	L	L	-	-	-	-	D	D	D	-	-	-	-	D	D	D	D	-	-	-	-	-
-	-	D	D	D	-	-	-	-	-	-	-	-	-	E	E	-	-	-	-	-	-	D	D	D	D	-	-
D	-	-	D	-	-	L	-	-	E	-	-	-	-	-	-	-	-	-	-	E	D	D	-	D	D	-	-
-	D	D	D	-	L	-	-	-	-	-	-	-	E	-	-	-	D	D	D	D	D	-	-	-	-	-	-
-	-	-	-	-	-	-	-	D	D	D	-	-	-	D	D	-	-	-	E	E	E	E	-	-	-	-	-
Objective 0: 5934
Objective 1: 114
Constr violation: 0
Restrictions violated:
0 0 0 0 0 0 0 0 

