Individual 0
1	2	3	4	5	6	7	8	9	10	11	12	13	14	15	16	17	18	19	20	21	22	23	24	25	26	27	28
E	E	E	E	D	-	-	E	D	D	-	-	D	D	D	-	-	E	D	-	-	-	-	-	E	E	E	E
D	D	-	-	E	D	D	D	D	-	-	-	-	-	-	E	E	D	D	-	-	-	-	E	E	E	E	E
-	-	L	L	L	-	-	-	D	L	L	-	-	D	D	D	L	L	-	-	-	L	L	-	-	D	D	D
E	E	-	-	-	-	-	E	E	E	E	E	-	-	E	E	-	-	E	E	E	-	-	-	E	E	E	E
E	E	-	-	-	D	L	L	L	-	-	E	D	-	-	E	D	L	-	-	-	E	E	L	L	L	-	-
L	L	-	-	L	L	L	L	L	-	-	E	L	-	-	E	E	E	E	-	-	-	E	E	E	-	-	-
E	E	E	E	E	-	-	-	-	-	E	E	E	E	-	-	E	E	E	E	E	-	-	E	E	-	-	-
E	L	L	L	L	-	-	E	L	-	-	-	-	-	-	-	E	D	D	D	L	-	-	-	E	D	D	L
E	D	D	D	D	-	-	D	D	D	D	-	-	-	D	D	-	-	-	E	E	E	E	-	-	-	-	E
E	D	L	L	-	-	-	-	E	D	D	D	-	-	-	-	-	D	D	L	L	-	-	-	E	D	D	D
E	E	E	D	-	-	-	L	L	-	-	-	E	E	E	E	L	-	-	-	E	E	E	E	D	-	-	-
E	D	D	L	-	-	-	D	L	-	-	-	D	D	D	D	D	D	-	-	-	E	E	L	L	-	-	-
D	D	D	-	-	-	-	-	E	D	-	-	-	-	E	E	D	D	L	-	-	-	D	D	D	D	L	L
E	D	D	L	L	L	-	-	-	E	D	L	-	-	-	D	L	-	-	-	E	E	E	D	D	L	-	-
E	E	E	D	D	-	-	-	-	-	E	E	E	E	E	E	-	-	-	E	D	D	D	D	-	-	-	-
-	-	-	D	-	-	-	-	D	L	-	-	-	-	D	L	-	-	-	D	D	D	D	-	-	-	-	-
-	E	D	D	-	-	-	-	-	-	-	-	-	-	E	D	-	-	-	-	-	D	D	-	-	-	-	-
-	-	E	L	-	-	-	-	-	E	-	-	-	-	-	-	-	-	E	E	E	-	-	-	-	D	L	L
E	L	-	-	E	D	-	-	-	-	-	-	-	-	-	D	D	D	L	-	-	-	-	-	-	-	-	-
D	-	-	-	E	-	-	E	E	D	D	D	-	-	-	-	-	-	-	-	E	-	-	-	-	-	-	-
Objective 0: 7644
Objective 1: 113
Constr violation: 0
Restrictions violated:
0 0 0 0 0 0 0 0 

Individual 1
1	2	3	4	5	6	7	8	9	10	11	12	13	14	15	16	17	18	19	20	21	22	23	24	25	26	27	28
-	-	E	D	D	-	-	E	D	D	D	D	-	-	-	-	-	-	D	D	D	D	-	-	D	D	D	D
D	D	-	-	E	D	D	D	D	-	-	-	-	-	-	E	E	D	D	-	-	-	-	E	E	E	E	E
-	-	L	L	L	-	-	-	D	L	L	-	-	D	D	D	L	L	-	-	-	L	L	-	-	D	D	D
E	E	E	E	-	-	-	E	E	E	-	-	E	E	E	-	-	E	E	E	-	-	-	E	E	E	-	-
E	D	D	L	-	-	L	L	L	L	L	-	-	-	-	D	D	L	L	L	-	-	D	D	-	-	-	-
E	E	L	-	-	E	E	E	E	-	-	E	L	L	L	L	-	-	-	-	-	-	L	L	L	L	-	-
E	E	E	E	E	-	-	-	-	-	E	E	E	E	-	-	E	E	E	E	E	-	-	E	E	-	-	-
E	L	L	L	L	-	-	E	L	-	-	D	D	D	-	-	E	E	L	-	-	E	E	-	-	-	-	D
D	D	D	D	-	-	-	D	D	D	D	-	-	E	E	-	-	D	D	-	-	E	E	E	-	-	E	E
E	D	L	L	-	-	-	-	E	D	D	D	-	-	-	-	-	D	D	L	L	-	-	-	E	D	D	D
-	-	-	E	D	D	D	D	D	-	-	-	E	E	E	E	E	E	-	-	-	E	E	D	D	-	-	-
E	D	D	L	-	-	-	D	L	-	-	-	D	D	D	D	D	D	-	-	-	E	E	L	L	-	-	-
D	D	D	-	-	-	-	-	E	D	-	-	-	-	E	E	D	D	L	-	-	-	D	D	D	D	L	L
E	D	D	L	L	L	-	-	-	E	D	L	-	-	-	D	L	-	-	-	E	E	E	D	D	L	-	-
E	E	E	D	D	-	-	-	-	-	E	E	E	E	E	E	-	-	-	E	D	D	D	D	-	-	-	-
-	-	-	D	-	-	-	-	D	L	-	-	-	-	D	L	-	-	-	D	D	D	D	-	-	-	-	-
-	E	D	D	-	-	-	-	-	-	-	-	-	-	E	D	-	-	-	-	-	D	D	-	-	-	-	-
-	-	E	L	-	-	-	-	-	E	-	-	-	-	-	-	-	-	E	E	E	-	-	-	-	D	L	L
-	-	-	-	D	D	D	L	-	-	-	-	-	-	-	D	-	-	-	L	L	-	-	-	-	-	-	-
D	-	-	-	E	D	D	D	-	-	D	D	-	-	-	-	-	-	-	-	E	-	-	-	E	-	-	-
Objective 0: 5725
Objective 1: 160
Constr violation: 0
Restrictions violated:
0 0 0 0 0 0 0 0 

Individual 2
1	2	3	4	5	6	7	8	9	10	11	12	13	14	15	16	17	18	19	20	21	22	23	24	25	26	27	28
-	-	E	D	D	-	-	E	D	D	D	D	-	-	-	-	-	-	D	D	D	D	-	-	D	D	D	D
D	D	-	-	E	D	D	D	D	-	-	-	-	-	-	E	E	D	D	-	-	-	-	E	E	E	E	E
-	-	L	L	L	-	-	-	D	L	L	-	-	D	D	D	L	L	-	-	-	L	L	-	-	D	D	D
E	E	-	-	-	-	-	E	E	E	E	E	-	-	E	E	-	-	E	E	E	-	-	-	E	E	E	E
E	E	-	-	-	D	L	L	L	-	-	E	D	-	-	E	D	L	-	-	-	E	E	L	L	L	-	-
E	E	L	-	-	E	E	E	E	-	-	E	L	L	L	L	-	-	-	-	-	-	L	L	L	L	-	-
E	E	E	E	E	-	-	-	-	-	E	E	E	E	-	-	E	E	E	E	E	-	-	E	E	-	-	-
E	L	L	L	L	-	-	E	L	-	-	D	D	D	-	-	E	E	L	-	-	E	E	-	-	-	-	D
E	D	D	D	D	-	-	D	D	D	D	-	-	-	D	D	-	-	-	E	E	E	E	-	-	-	-	E
E	D	L	L	-	-	-	-	E	D	D	D	-	-	-	-	-	D	D	L	L	-	-	-	E	D	D	D
-	-	-	E	D	D	D	D	D	-	-	-	E	E	E	E	E	E	-	-	-	E	E	D	D	-	-	-
E	D	D	L	-	-	-	D	L	-	-	-	D	D	D	D	D	D	-	-	-	E	E	L	L	-	-	-
D	D	D	-	-	-	-	-	E	D	-	-	-	-	E	E	D	D	L	-	-	-	D	D	D	D	L	L
E	D	D	L	L	L	-	-	-	E	D	L	-	-	-	D	L	-	-	-	E	E	E	D	D	L	-	-
E	E	E	D	D	-	-	-	-	-	E	E	E	E	E	E	-	-	-	E	D	D	D	D	-	-	-	-
-	-	-	D	-	-	-	-	D	L	-	-	-	-	D	L	-	-	-	D	D	D	D	-	-	-	-	-
-	E	D	D	-	-	-	-	-	-	-	-	-	-	E	D	-	-	-	-	-	D	D	-	-	-	-	-
-	-	E	L	-	-	-	-	-	E	-	-	-	-	-	-	-	-	E	E	E	-	-	-	-	D	L	L
E	L	-	-	E	D	-	-	-	-	-	-	-	-	-	D	D	D	L	-	-	-	-	-	-	-	-	-
D	-	-	-	E	D	D	D	-	-	D	D	-	-	-	-	-	-	-	-	E	-	-	-	E	-	-	-
Objective 0: 6331
Objective 1: 143
Constr violation: 0
Restrictions violated:
0 0 0 0 0 0 0 0 

Individual 3
1	2	3	4	5	6	7	8	9	10	11	12	13	14	15	16	17	18	19	20	21	22	23	24	25	26	27	28
-	-	E	D	D	-	-	E	D	D	D	D	-	-	-	-	-	-	D	D	D	D	-	-	D	D	D	D
D	D	-	-	E	D	D	D	D	-	-	-	-	-	-	E	E	D	D	-	-	-	-	E	E	E	E	E
-	-	L	L	L	-	-	-	D	L	L	-	-	D	D	D	L	L	-	-	-	L	L	-	-	D	D	D
E	E	-	-	-	-	-	E	E	E	E	E	-	-	E	E	-	-	E	E	E	-	-	-	E	E	E	E
E	E	-	-	-	D	L	L	L	-	-	E	D	-	-	E	D	L	-	-	-	E	E	L	L	L	-	-
E	E	L	-	-	E	E	E	E	-	-	E	L	L	L	L	-	-	-	-	-	-	L	L	L	L	-	-
E	E	E	E	E	-	-	-	-	-	E	E	E	E	-	-	E	E	E	E	E	-	-	E	E	-	-	-
E	L	L	L	L	-	-	E	L	-	-	D	D	D	-	-	E	E	L	-	-	E	E	-	-	-	-	D
E	D	D	D	D	-	-	D	D	D	D	-	-	-	D	D	-	-	-	E	E	E	E	-	-	-	-	E
E	D	L	L	-	-	-	-	E	D	D	D	-	-	-	-	-	D	D	L	L	-	-	-	E	D	D	D
-	-	-	E	D	D	D	D	D	-	-	-	E	E	E	E	E	E	-	-	-	E	E	D	D	-	-	-
E	D	D	L	-	-	-	D	L	-	-	-	D	D	D	D	D	D	-	-	-	E	E	L	L	-	-	-
D	D	D	-	-	-	-	-	E	D	-	-	-	-	E	E	D	D	L	-	-	-	D	D	D	D	L	L
E	D	D	L	L	L	-	-	-	E	D	L	-	-	-	D	L	-	-	-	E	E	E	D	D	L	-	-
E	E	E	D	D	-	-	-	-	-	E	E	E	E	E	E	-	-	-	E	D	D	D	D	-	-	-	-
-	-	-	D	-	-	-	-	D	L	-	-	-	-	D	L	-	-	-	D	D	D	D	-	-	-	-	-
-	E	D	D	-	-	-	-	-	-	-	-	-	-	E	D	-	-	-	-	-	D	D	-	-	-	-	-
-	-	E	L	-	-	-	-	-	E	-	-	-	-	-	-	-	-	E	E	E	-	-	-	-	D	L	L
-	-	-	-	D	D	D	L	-	-	-	-	-	-	-	D	-	-	-	L	L	-	-	-	-	-	-	-
D	-	-	-	E	D	D	D	-	-	D	D	-	-	-	-	-	-	-	-	E	-	-	-	E	-	-	-
Objective 0: 6027
Objective 1: 147
Constr violation: 0
Restrictions violated:
0 0 0 0 0 0 0 0 

Individual 4
1	2	3	4	5	6	7	8	9	10	11	12	13	14	15	16	17	18	19	20	21	22	23	24	25	26	27	28
-	-	E	D	D	-	-	E	D	D	D	D	-	-	-	-	-	-	D	D	D	D	-	-	D	D	D	D
D	D	-	-	E	D	D	D	D	-	-	-	-	-	-	E	E	D	D	-	-	-	-	E	E	E	E	E
-	-	L	L	L	-	-	-	D	L	L	-	-	D	D	D	L	L	-	-	-	L	L	-	-	D	D	D
E	E	-	-	-	-	-	E	E	E	E	E	-	-	E	E	-	-	E	E	E	-	-	-	E	E	E	E
E	E	-	-	-	D	L	L	L	-	-	E	D	-	-	E	D	L	-	-	-	E	E	L	L	L	-	-
L	L	-	-	L	L	L	L	L	-	-	E	L	-	-	E	E	E	E	-	-	-	E	E	E	-	-	-
E	E	E	E	E	-	-	-	-	-	E	E	E	E	-	-	E	E	E	E	E	-	-	E	E	-	-	-
E	L	L	L	L	-	-	E	L	-	-	D	D	D	-	-	E	E	L	-	-	E	E	-	-	-	-	D
E	D	D	D	D	-	-	D	D	D	D	-	-	-	D	D	-	-	-	E	E	E	E	-	-	-	-	E
E	D	L	L	-	-	-	-	E	D	D	D	-	-	-	-	-	D	D	L	L	-	-	-	E	D	D	D
-	-	-	E	D	D	D	D	D	-	-	-	E	E	E	E	E	E	-	-	-	E	E	D	D	-	-	-
E	D	D	L	-	-	-	D	L	-	-	-	D	D	D	D	D	D	-	-	-	E	E	L	L	-	-	-
D	D	D	-	-	-	-	-	E	D	-	-	-	-	E	E	D	D	L	-	-	-	D	D	D	D	L	L
E	D	D	L	L	L	-	-	-	E	D	L	-	-	-	D	L	-	-	-	E	E	E	D	D	L	-	-
E	E	E	D	D	-	-	-	-	-	E	E	E	E	E	E	-	-	-	E	D	D	D	D	-	-	-	-
-	-	-	D	-	-	-	-	D	L	-	-	-	-	D	L	-	-	-	D	D	D	D	-	-	-	-	-
-	E	D	D	-	-	-	-	-	-	-	-	-	-	E	D	-	-	-	-	-	D	D	-	-	-	-	-
-	-	E	L	-	-	-	-	-	E	-	-	-	-	-	-	-	-	E	E	E	-	-	-	-	D	L	L
-	-	-	-	D	D	D	L	-	-	-	-	-	-	-	D	-	-	-	L	L	-	-	-	-	-	-	-
D	-	-	-	E	-	-	E	E	D	D	D	-	-	-	-	-	-	-	-	E	-	-	-	-	-	-	-
Objective 0: 6430
Objective 1: 130
Constr violation: 0
Restrictions violated:
0 0 0 0 0 0 0 0 

Individual 5
1	2	3	4	5	6	7	8	9	10	11	12	13	14	15	16	17	18	19	20	21	22	23	24	25	26	27	28
-	-	E	D	D	-	-	E	D	D	D	D	-	-	-	-	-	-	D	D	D	D	-	-	D	D	D	D
D	D	-	-	E	D	D	D	D	-	-	-	-	-	-	E	E	D	D	-	-	-	-	E	E	E	E	E
-	-	L	L	L	-	-	-	D	L	L	-	-	D	D	D	L	L	-	-	-	L	L	-	-	D	D	D
E	E	-	-	-	-	-	E	E	E	E	E	-	-	E	E	-	-	E	E	E	-	-	-	E	E	E	E
E	D	D	L	-	-	L	L	L	L	L	-	-	-	-	D	D	L	L	L	-	-	D	D	-	-	-	-
E	E	L	-	-	E	E	E	E	-	-	E	L	L	L	L	-	-	-	-	-	-	L	L	L	L	-	-
E	E	E	E	E	-	-	-	-	-	E	E	E	E	-	-	E	E	E	E	E	-	-	E	E	-	-	-
E	L	L	L	L	-	-	E	L	-	-	D	D	D	-	-	E	E	L	-	-	E	E	-	-	-	-	D
D	D	D	D	-	-	-	D	D	D	D	-	-	E	E	-	-	D	D	-	-	E	E	E	-	-	E	E
E	D	L	L	-	-	-	-	E	D	D	D	-	-	-	-	-	D	D	L	L	-	-	-	E	D	D	D
-	-	-	E	D	D	D	D	D	-	-	-	E	E	E	E	E	E	-	-	-	E	E	D	D	-	-	-
E	D	D	L	-	-	-	D	L	-	-	-	D	D	D	D	D	D	-	-	-	E	E	L	L	-	-	-
D	D	D	-	-	-	-	-	E	D	-	-	-	-	E	E	D	D	L	-	-	-	D	D	D	D	L	L
E	D	D	L	L	L	-	-	-	E	D	L	-	-	-	D	L	-	-	-	E	E	E	D	D	L	-	-
E	E	E	D	D	-	-	-	-	-	E	E	E	E	E	E	-	-	-	E	D	D	D	D	-	-	-	-
-	-	-	D	-	-	-	-	D	L	-	-	-	-	D	L	-	-	-	D	D	D	D	-	-	-	-	-
-	E	D	D	-	-	-	-	-	-	-	-	-	-	E	D	-	-	-	-	-	D	D	-	-	-	-	-
-	-	E	L	-	-	-	-	-	E	-	-	-	-	-	-	-	-	E	E	E	-	-	-	-	D	L	L
-	-	-	-	D	D	D	L	-	-	-	-	-	-	-	D	-	-	-	L	L	-	-	-	-	-	-	-
D	-	-	-	E	D	D	D	-	-	D	D	-	-	-	-	-	-	-	-	E	-	-	-	E	-	-	-
Objective 0: 5927
Objective 1: 153
Constr violation: 0
Restrictions violated:
0 0 0 0 0 0 0 0 

Individual 6
1	2	3	4	5	6	7	8	9	10	11	12	13	14	15	16	17	18	19	20	21	22	23	24	25	26	27	28
E	E	E	E	D	-	-	E	D	D	-	-	D	D	D	-	-	E	D	-	-	-	-	-	E	E	E	E
D	D	-	-	E	D	D	D	D	-	-	-	-	-	-	E	E	D	D	-	-	-	-	E	E	E	E	E
-	-	L	L	L	-	-	-	D	L	L	-	-	D	D	D	L	L	-	-	-	L	L	-	-	D	D	D
E	E	-	-	-	-	-	E	E	E	E	E	-	-	E	E	-	-	E	E	E	-	-	-	E	E	E	E
E	E	-	-	-	D	L	L	L	-	-	E	D	-	-	E	D	L	-	-	-	E	E	L	L	L	-	-
L	L	-	-	L	L	L	L	L	-	-	E	L	-	-	E	E	E	E	-	-	-	E	E	E	-	-	-
E	E	E	E	E	-	-	-	-	-	E	E	E	E	-	-	E	E	E	E	E	-	-	E	E	-	-	-
E	L	L	L	L	-	-	E	L	-	-	-	-	-	-	-	E	D	D	D	L	-	-	-	E	D	D	L
E	D	D	D	D	-	-	D	D	D	D	-	-	-	D	D	-	-	-	E	E	E	E	-	-	-	-	E
E	D	L	L	-	-	-	-	E	D	D	D	-	-	-	-	-	D	D	L	L	-	-	-	E	D	D	D
-	-	-	E	D	D	D	D	D	-	-	-	E	E	E	E	E	E	-	-	-	E	E	D	D	-	-	-
E	D	D	L	-	-	-	D	L	-	-	-	D	D	D	D	D	D	-	-	-	E	E	L	L	-	-	-
D	D	D	-	-	-	-	-	E	D	-	-	-	-	E	E	D	D	L	-	-	-	D	D	D	D	L	L
E	D	D	L	L	L	-	-	-	E	D	L	-	-	-	D	L	-	-	-	E	E	E	D	D	L	-	-
E	E	E	D	D	-	-	-	-	-	E	E	E	E	E	E	-	-	-	E	D	D	D	D	-	-	-	-
-	-	-	D	-	-	-	-	D	L	-	-	-	-	D	L	-	-	-	D	D	D	D	-	-	-	-	-
-	E	D	D	-	-	-	-	-	-	-	-	-	-	E	D	-	-	-	-	-	D	D	-	-	-	-	-
-	-	E	L	-	-	-	-	-	E	-	-	-	-	-	-	-	-	E	E	E	-	-	-	-	D	L	L
E	L	-	-	E	D	-	-	-	-	-	-	-	-	-	D	D	D	L	-	-	-	-	-	-	-	-	-
D	-	-	-	E	-	-	E	E	D	D	D	-	-	-	-	-	-	-	-	E	-	-	-	-	-	-	-
Objective 0: 7038
Objective 1: 121
Constr violation: 0
Restrictions violated:
0 0 0 0 0 0 0 0 

Individual 7
1	2	3	4	5	6	7	8	9	10	11	12	13	14	15	16	17	18	19	20	21	22	23	24	25	26	27	28
-	-	E	D	D	-	-	E	D	D	D	D	-	-	-	-	-	-	D	D	D	D	-	-	D	D	D	D
D	D	-	-	E	D	D	D	D	-	-	-	-	-	-	E	E	D	D	-	-	-	-	E	E	E	E	E
-	-	L	L	L	-	-	-	D	L	L	-	-	D	D	D	L	L	-	-	-	L	L	-	-	D	D	D
E	E	-	-	-	-	-	E	E	E	E	E	-	-	E	E	-	-	E	E	E	-	-	-	E	E	E	E
E	E	-	-	-	D	L	L	L	-	-	E	D	-	-	E	D	L	-	-	-	E	E	L	L	L	-	-
L	L	-	-	L	L	L	L	L	-	-	E	L	-	-	E	E	E	E	-	-	-	E	E	E	-	-	-
E	E	E	E	E	-	-	-	-	-	E	E	E	E	-	-	E	E	E	E	E	-	-	E	E	-	-	-
E	L	L	L	L	-	-	E	L	-	-	D	D	D	-	-	E	E	L	-	-	E	E	-	-	-	-	D
E	D	D	D	D	-	-	D	D	D	D	-	-	-	D	D	-	-	-	E	E	E	E	-	-	-	-	E
E	D	L	L	-	-	-	-	E	D	D	D	-	-	-	-	-	D	D	L	L	-	-	-	E	D	D	D
E	E	E	D	-	-	-	L	L	-	-	-	E	E	E	E	L	-	-	-	E	E	E	E	D	-	-	-
E	D	D	L	-	-	-	D	L	-	-	-	D	D	D	D	D	D	-	-	-	E	E	L	L	-	-	-
D	D	D	-	-	-	-	-	E	D	-	-	-	-	E	E	D	D	L	-	-	-	D	D	D	D	L	L
E	D	D	L	L	L	-	-	-	E	D	L	-	-	-	D	L	-	-	-	E	E	E	D	D	L	-	-
E	E	E	D	D	-	-	-	-	-	E	E	E	E	E	E	-	-	-	E	D	D	D	D	-	-	-	-
-	-	-	D	-	-	-	-	D	L	-	-	-	-	D	L	-	-	-	D	D	D	D	-	-	-	-	-
-	E	D	D	-	-	-	-	-	-	-	-	-	-	E	D	-	-	-	-	-	D	D	-	-	-	-	-
-	-	E	L	-	-	-	-	-	E	-	-	-	-	-	-	-	-	E	E	E	-	-	-	-	D	L	L
E	L	-	-	E	D	-	-	-	-	-	-	-	-	-	D	D	D	L	-	-	-	-	-	-	-	-	-
D	-	-	-	E	-	-	E	E	D	D	D	-	-	-	-	-	-	-	-	E	-	-	-	-	-	-	-
Objective 0: 7340
Objective 1: 118
Constr violation: 0
Restrictions violated:
0 0 0 0 0 0 0 0 

Individual 8
1	2	3	4	5	6	7	8	9	10	11	12	13	14	15	16	17	18	19	20	21	22	23	24	25	26	27	28
E	E	E	E	D	-	-	E	D	D	-	-	D	D	D	-	-	E	D	-	-	-	-	-	E	E	E	E
D	D	-	-	E	D	D	D	D	-	-	-	-	-	-	E	E	D	D	-	-	-	-	E	E	E	E	E
-	-	L	L	L	-	-	-	D	L	L	-	-	D	D	D	L	L	-	-	-	L	L	-	-	D	D	D
E	E	-	-	-	-	-	E	E	E	E	E	-	-	E	E	-	-	E	E	E	-	-	-	E	E	E	E
E	E	-	-	-	D	L	L	L	-	-	E	D	-	-	E	D	L	-	-	-	E	E	L	L	L	-	-
L	L	-	-	L	L	L	L	L	-	-	E	L	-	-	E	E	E	E	-	-	-	E	E	E	-	-	-
E	E	E	E	E	-	-	-	-	-	E	E	E	E	-	-	E	E	E	E	E	-	-	E	E	-	-	-
E	L	L	L	L	-	-	E	L	-	-	D	D	D	-	-	E	E	L	-	-	E	E	-	-	-	-	D
E	D	D	D	D	-	-	D	D	D	D	-	-	-	D	D	-	-	-	E	E	E	E	-	-	-	-	E
E	D	L	L	-	-	-	-	E	D	D	D	-	-	-	-	-	D	D	L	L	-	-	-	E	D	D	D
E	E	E	D	-	-	-	L	L	-	-	-	E	E	E	E	L	-	-	-	E	E	E	E	D	-	-	-
E	D	D	L	-	-	-	D	L	-	-	-	D	D	D	D	D	D	-	-	-	E	E	L	L	-	-	-
D	D	D	-	-	-	-	-	E	D	-	-	-	-	E	E	D	D	L	-	-	-	D	D	D	D	L	L
E	D	D	L	L	L	-	-	-	E	D	L	-	-	-	D	L	-	-	-	E	E	E	D	D	L	-	-
E	E	E	D	D	-	-	-	-	-	E	E	E	E	E	E	-	-	-	E	D	D	D	D	-	-	-	-
-	-	-	D	-	-	-	-	D	L	-	-	-	-	D	L	-	-	-	D	D	D	D	-	-	-	-	-
-	E	D	D	-	-	-	-	-	-	-	-	-	-	E	D	-	-	-	-	-	D	D	-	-	-	-	-
-	-	E	L	-	-	-	-	-	E	-	-	-	-	-	-	-	-	E	E	E	-	-	-	-	D	L	L
E	L	-	-	E	D	-	-	-	-	-	-	-	-	-	D	D	D	L	-	-	-	-	-	-	-	-	-
D	-	-	-	E	-	-	E	E	D	D	D	-	-	-	-	-	-	-	-	E	-	-	-	-	-	-	-
Objective 0: 7442
Objective 1: 116
Constr violation: 0
Restrictions violated:
0 0 0 0 0 0 0 0 

Individual 9
1	2	3	4	5	6	7	8	9	10	11	12	13	14	15	16	17	18	19	20	21	22	23	24	25	26	27	28
-	-	E	D	D	-	-	E	D	D	D	D	-	-	-	-	-	-	D	D	D	D	-	-	D	D	D	D
D	D	-	-	E	D	D	D	D	-	-	-	-	-	-	E	E	D	D	-	-	-	-	E	E	E	E	E
-	-	L	L	L	-	-	-	D	L	L	-	-	D	D	D	L	L	-	-	-	L	L	-	-	D	D	D
E	E	E	E	-	-	-	E	E	E	-	-	E	E	E	-	-	E	E	E	-	-	-	E	E	E	-	-
E	E	-	-	-	D	L	L	L	-	-	E	D	-	-	E	D	L	-	-	-	E	E	L	L	L	-	-
E	E	L	-	-	E	E	E	E	-	-	E	L	L	L	L	-	-	-	-	-	-	L	L	L	L	-	-
E	E	E	E	E	-	-	-	-	-	E	E	E	E	-	-	E	E	E	E	E	-	-	E	E	-	-	-
E	L	L	L	L	-	-	E	L	-	-	D	D	D	-	-	E	E	L	-	-	E	E	-	-	-	-	D
D	D	D	D	-	-	-	D	D	D	D	-	-	E	E	-	-	D	D	-	-	E	E	E	-	-	E	E
E	D	L	L	-	-	-	-	E	D	D	D	-	-	-	-	-	D	D	L	L	-	-	-	E	D	D	D
-	-	-	E	D	D	D	D	D	-	-	-	E	E	E	E	E	E	-	-	-	E	E	D	D	-	-	-
E	D	D	L	-	-	-	D	L	-	-	-	D	D	D	D	D	D	-	-	-	E	E	L	L	-	-	-
D	D	D	-	-	-	-	-	E	D	-	-	-	-	E	E	D	D	L	-	-	-	D	D	D	D	L	L
E	D	D	L	L	L	-	-	-	E	D	L	-	-	-	D	L	-	-	-	E	E	E	D	D	L	-	-
E	E	E	D	D	-	-	-	-	-	E	E	E	E	E	E	-	-	-	E	D	D	D	D	-	-	-	-
-	-	-	D	-	-	-	-	D	L	-	-	-	-	D	L	-	-	-	D	D	D	D	-	-	-	-	-
-	E	D	D	-	-	-	-	-	-	-	-	-	-	E	D	-	-	-	-	-	D	D	-	-	-	-	-
-	-	E	L	-	-	-	-	-	E	-	-	-	-	-	-	-	-	E	E	E	-	-	-	-	D	L	L
-	-	-	-	D	D	D	L	-	-	-	-	-	-	-	D	-	-	-	L	L	-	-	-	-	-	-	-
D	-	-	-	E	D	D	D	-	-	D	D	-	-	-	-	-	-	-	-	E	-	-	-	E	-	-	-
Objective 0: 5826
Objective 1: 158
Constr violation: 0
Restrictions violated:
0 0 0 0 0 0 0 0 

Individual 10
1	2	3	4	5	6	7	8	9	10	11	12	13	14	15	16	17	18	19	20	21	22	23	24	25	26	27	28
-	-	E	D	D	-	-	E	D	D	D	D	-	-	-	-	-	-	D	D	D	D	-	-	D	D	D	D
D	D	-	-	E	D	D	D	D	-	-	-	-	-	-	E	E	D	D	-	-	-	-	E	E	E	E	E
-	-	L	L	L	-	-	-	D	L	L	-	-	D	D	D	L	L	-	-	-	L	L	-	-	D	D	D
E	E	-	-	-	-	-	E	E	E	E	E	-	-	E	E	-	-	E	E	E	-	-	-	E	E	E	E
E	E	-	-	-	D	L	L	L	-	-	E	D	-	-	E	D	L	-	-	-	E	E	L	L	L	-	-
L	L	-	-	L	L	L	L	L	-	-	E	L	-	-	E	E	E	E	-	-	-	E	E	E	-	-	-
E	E	E	E	E	-	-	-	-	-	E	E	E	E	-	-	E	E	E	E	E	-	-	E	E	-	-	-
E	L	L	L	L	-	-	E	L	-	-	D	D	D	-	-	E	E	L	-	-	E	E	-	-	-	-	D
E	D	D	D	D	-	-	D	D	D	D	-	-	-	D	D	-	-	-	E	E	E	E	-	-	-	-	E
E	D	L	L	-	-	-	-	E	D	D	D	-	-	-	-	-	D	D	L	L	-	-	-	E	D	D	D
-	-	-	E	D	D	D	D	D	-	-	-	E	E	E	E	E	E	-	-	-	E	E	D	D	-	-	-
E	D	D	L	-	-	-	D	L	-	-	-	D	D	D	D	D	D	-	-	-	E	E	L	L	-	-	-
D	D	D	-	-	-	-	-	E	D	-	-	-	-	E	E	D	D	L	-	-	-	D	D	D	D	L	L
E	D	D	L	L	L	-	-	-	E	D	L	-	-	-	D	L	-	-	-	E	E	E	D	D	L	-	-
E	E	E	D	D	-	-	-	-	-	E	E	E	E	E	E	-	-	-	E	D	D	D	D	-	-	-	-
-	-	-	D	-	-	-	-	D	L	-	-	-	-	D	L	-	-	-	D	D	D	D	-	-	-	-	-
-	E	D	D	-	-	-	-	-	-	-	-	-	-	E	D	-	-	-	-	-	D	D	-	-	-	-	-
-	-	E	L	-	-	-	-	-	E	-	-	-	-	-	-	-	-	E	E	E	-	-	-	-	D	L	L
E	L	-	-	E	D	-	-	-	-	-	-	-	-	-	D	D	D	L	-	-	-	-	-	-	-	-	-
D	-	-	-	E	-	-	E	E	D	D	D	-	-	-	-	-	-	-	-	E	-	-	-	-	-	-	-
Objective 0: 6633
Objective 1: 126
Constr violation: 0
Restrictions violated:
0 0 0 0 0 0 0 0 

Individual 11
1	2	3	4	5	6	7	8	9	10	11	12	13	14	15	16	17	18	19	20	21	22	23	24	25	26	27	28
E	E	E	E	D	-	-	E	D	D	-	-	D	D	D	-	-	E	D	-	-	-	-	-	E	E	E	E
D	D	-	-	E	D	D	D	D	-	-	-	-	-	-	E	E	D	D	-	-	-	-	E	E	E	E	E
-	-	L	L	L	-	-	-	D	L	L	-	-	D	D	D	L	L	-	-	-	L	L	-	-	D	D	D
E	E	-	-	-	-	-	E	E	E	E	E	-	-	E	E	-	-	E	E	E	-	-	-	E	E	E	E
E	E	-	-	-	D	L	L	L	-	-	E	D	-	-	E	D	L	-	-	-	E	E	L	L	L	-	-
L	L	-	-	L	L	L	L	L	-	-	E	L	-	-	E	E	E	E	-	-	-	E	E	E	-	-	-
E	E	E	E	E	-	-	-	-	-	E	E	E	E	-	-	E	E	E	E	E	-	-	E	E	-	-	-
E	L	L	L	L	-	-	E	L	-	-	D	D	D	-	-	E	E	L	-	-	E	E	-	-	-	-	D
E	D	D	D	D	-	-	D	D	D	D	-	-	-	D	D	-	-	-	E	E	E	E	-	-	-	-	E
E	D	L	L	-	-	-	-	E	D	D	D	-	-	-	-	-	D	D	L	L	-	-	-	E	D	D	D
-	-	-	E	D	D	D	D	D	-	-	-	E	E	E	E	E	E	-	-	-	E	E	D	D	-	-	-
E	D	D	L	-	-	-	D	L	-	-	-	D	D	D	D	D	D	-	-	-	E	E	L	L	-	-	-
D	D	D	-	-	-	-	-	E	D	-	-	-	-	E	E	D	D	L	-	-	-	D	D	D	D	L	L
E	D	D	L	L	L	-	-	-	E	D	L	-	-	-	D	L	-	-	-	E	E	E	D	D	L	-	-
E	E	E	D	D	-	-	-	-	-	E	E	E	E	E	E	-	-	-	E	D	D	D	D	-	-	-	-
-	-	-	D	-	-	-	-	D	L	-	-	-	-	D	L	-	-	-	D	D	D	D	-	-	-	-	-
-	E	D	D	-	-	-	-	-	-	-	-	-	-	E	D	-	-	-	-	-	D	D	-	-	-	-	-
-	-	E	L	-	-	-	-	-	E	-	-	-	-	-	-	-	-	E	E	E	-	-	-	-	D	L	L
E	L	-	-	E	D	-	-	-	-	-	-	-	-	-	D	D	D	L	-	-	-	-	-	-	-	-	-
D	-	-	-	E	-	-	E	E	D	D	D	-	-	-	-	-	-	-	-	E	-	-	-	-	-	-	-
Objective 0: 6937
Objective 1: 124
Constr violation: 0
Restrictions violated:
0 0 0 0 0 0 0 0 

