7344 105 
5528 139 
5528 139 
6839 109 
5627 132 
6537 110 
7139 107 
6839 109 
5729 127 
7141 106 
7344 105 
5830 122 
5731 126 
5629 130 
6439 112 
6235 113 
5629 130 
5830 122 
6535 111 
5627 132 
7139 107 
6136 115 
6136 115 
5832 121 
6034 117 
6235 113 
5934 119 
6136 115 
6034 117 
5934 119 
5832 121 
6235 113 
6136 115 
5627 132 
5731 126 
5934 119 
6032 118 
6439 112 
6032 118 
5832 121 
6032 118 
5729 127 
6535 111 
6537 110 
5934 119 
7141 106 
6839 109 
6439 112 
6235 113 
6439 112 
6034 117 
5731 126 
6535 111 
6537 110 
5731 126 
5729 127 
7141 106 
6034 117 
5832 121 
5832 121 
5729 127 
5934 119 
5832 121 
6034 117 
6136 115 
5729 127 
5731 126 
6439 112 
6032 118 
6034 117 
5934 119 
6136 115 
5830 122 
5731 126 
6136 115 
6034 117 
6136 115 
5934 119 
5729 127 
5629 130 
5934 119 
6136 115 
5729 127 
6136 115 
5934 119 
7139 107 
5830 122 
5934 119 
6136 115 
5832 121 
5934 119 
6136 115 
6034 117 
5832 121 
6136 115 
5830 122 
5629 130 
5832 121 
6032 118 
5934 119 
